StandardGSGP,b7f00625-ad34-11ef-9efe-e4a8dfc2a9a8,diabetes,28,0,0.26345565915107727,0.15295696258544922,3706.0,0.229654923081398,5,1
StandardGSGP,b7f00625-ad34-11ef-9efe-e4a8dfc2a9a8,diabetes,28,1,0.19442138075828552,0.05800986289978027,1624.0,0.18441200256347656,13,1
StandardGSGP,b7f00625-ad34-11ef-9efe-e4a8dfc2a9a8,diabetes,28,2,0.19224928319454193,0.056765079498291016,2324.0,0.18509064614772797,19,1
StandardGSGP,b7f00625-ad34-11ef-9efe-e4a8dfc2a9a8,diabetes,28,3,0.1892682909965515,0.05682802200317383,2918.0,0.1803499162197113,33,1
StandardGSGP,b7f00625-ad34-11ef-9efe-e4a8dfc2a9a8,diabetes,28,4,0.1892682909965515,0.0584564208984375,3700.0,0.1803499162197113,33,1
StandardGSGP,b7f00625-ad34-11ef-9efe-e4a8dfc2a9a8,diabetes,28,5,0.1892682909965515,0.05969715118408203,4516.0,0.1803499162197113,33,1
StandardGSGP,b7f00625-ad34-11ef-9efe-e4a8dfc2a9a8,diabetes,28,6,0.1892682909965515,0.06706690788269043,5396.0,0.1803499162197113,33,1
StandardGSGP,b7f00625-ad34-11ef-9efe-e4a8dfc2a9a8,diabetes,28,7,0.18752612173557281,0.07112288475036621,6464.0,0.18121802806854248,57,1
StandardGSGP,b7f00625-ad34-11ef-9efe-e4a8dfc2a9a8,diabetes,28,8,0.18752612173557281,0.06751132011413574,7290.0,0.18121802806854248,57,1
StandardGSGP,b7f00625-ad34-11ef-9efe-e4a8dfc2a9a8,diabetes,28,9,0.185514897108078,0.0575106143951416,8216.0,0.19274717569351196,65,1
StandardGSGP,b7f00625-ad34-11ef-9efe-e4a8dfc2a9a8,diabetes,28,10,0.185514897108078,0.0586848258972168,8936.0,0.19274717569351196,65,1
StandardGSGP,b7f00625-ad34-11ef-9efe-e4a8dfc2a9a8,diabetes,28,11,0.18365934491157532,0.06363177299499512,9376.0,0.1870085597038269,85,1
StandardGSGP,b7f00625-ad34-11ef-9efe-e4a8dfc2a9a8,diabetes,28,12,0.18213871121406555,0.05801963806152344,9678.0,0.18557700514793396,97,1
StandardGSGP,b7f00625-ad34-11ef-9efe-e4a8dfc2a9a8,diabetes,28,13,0.18213871121406555,0.06050610542297363,10170.0,0.18557700514793396,97,1
StandardGSGP,b7f00625-ad34-11ef-9efe-e4a8dfc2a9a8,diabetes,28,14,0.18213871121406555,0.13918733596801758,11022.0,0.18557700514793396,97,1
StandardGSGP,b7f00625-ad34-11ef-9efe-e4a8dfc2a9a8,diabetes,28,15,0.1821383684873581,0.05751180648803711,11760.0,0.18568477034568787,103,1
StandardGSGP,b7f00625-ad34-11ef-9efe-e4a8dfc2a9a8,diabetes,28,16,0.1821383684873581,0.058510541915893555,12712.0,0.18568477034568787,103,1
StandardGSGP,b7f00625-ad34-11ef-9efe-e4a8dfc2a9a8,diabetes,28,17,0.17891524732112885,0.0579991340637207,13350.0,0.18481037020683289,121,1
StandardGSGP,b7f00625-ad34-11ef-9efe-e4a8dfc2a9a8,diabetes,28,18,0.17891524732112885,0.05751156806945801,13830.0,0.18481037020683289,121,1
StandardGSGP,b7f00625-ad34-11ef-9efe-e4a8dfc2a9a8,diabetes,28,19,0.1778266876935959,0.060884714126586914,14282.0,0.1781644970178604,129,1
StandardGSGP,b7f00625-ad34-11ef-9efe-e4a8dfc2a9a8,diabetes,28,20,0.17650076746940613,0.05762624740600586,15022.0,0.18509575724601746,163,1
StandardGSGP,b7f00625-ad34-11ef-9efe-e4a8dfc2a9a8,diabetes,28,21,0.17613041400909424,0.05850982666015625,15700.0,0.18536801636219025,139,1
StandardGSGP,b7f00625-ad34-11ef-9efe-e4a8dfc2a9a8,diabetes,28,22,0.17613041400909424,0.055999755859375,16442.0,0.18536801636219025,139,1
StandardGSGP,b7f00625-ad34-11ef-9efe-e4a8dfc2a9a8,diabetes,28,23,0.17594316601753235,0.0575101375579834,17562.0,0.174370676279068,157,1
StandardGSGP,b7f00625-ad34-11ef-9efe-e4a8dfc2a9a8,diabetes,28,24,0.17470404505729675,0.05731058120727539,17904.0,0.18192194402217865,157,1
StandardGSGP,b7f00625-ad34-11ef-9efe-e4a8dfc2a9a8,diabetes,28,25,0.17449592053890228,0.05610251426696777,17984.0,0.18666191399097443,155,1
StandardGSGP,b7f00625-ad34-11ef-9efe-e4a8dfc2a9a8,diabetes,28,26,0.1742061823606491,0.05650949478149414,18496.0,0.18627314269542694,163,1
StandardGSGP,b7f00625-ad34-11ef-9efe-e4a8dfc2a9a8,diabetes,28,27,0.1742061823606491,0.055999040603637695,19242.0,0.18627314269542694,163,1
StandardGSGP,b7f00625-ad34-11ef-9efe-e4a8dfc2a9a8,diabetes,28,28,0.1742061823606491,0.0575103759765625,19194.0,0.18627314269542694,163,1
StandardGSGP,b7f00625-ad34-11ef-9efe-e4a8dfc2a9a8,diabetes,28,29,0.1742061823606491,0.057122230529785156,19740.0,0.18627314269542694,163,1
StandardGSGP,b7f00625-ad34-11ef-9efe-e4a8dfc2a9a8,diabetes,28,30,0.1742061823606491,0.06107163429260254,20296.0,0.18627314269542694,163,1
StandardGSGP,b7f00625-ad34-11ef-9efe-e4a8dfc2a9a8,diabetes,28,31,0.17370344698429108,0.05950927734375,21148.0,0.1843729019165039,169,1
StandardGSGP,b7f00625-ad34-11ef-9efe-e4a8dfc2a9a8,diabetes,28,32,0.17370344698429108,0.05799984931945801,21708.0,0.1843729019165039,169,1
StandardGSGP,b7f00625-ad34-11ef-9efe-e4a8dfc2a9a8,diabetes,28,33,0.17370344698429108,0.060509681701660156,22372.0,0.1843729019165039,169,1
StandardGSGP,b7f00625-ad34-11ef-9efe-e4a8dfc2a9a8,diabetes,28,34,0.17370344698429108,0.057999610900878906,22000.0,0.1843729019165039,169,1
StandardGSGP,b7f00625-ad34-11ef-9efe-e4a8dfc2a9a8,diabetes,28,35,0.17370344698429108,0.05950140953063965,21834.0,0.1843729019165039,169,1
StandardGSGP,b7f00625-ad34-11ef-9efe-e4a8dfc2a9a8,diabetes,28,36,0.17370344698429108,0.057512521743774414,21704.0,0.1843729019165039,169,1
StandardGSGP,b7f00625-ad34-11ef-9efe-e4a8dfc2a9a8,diabetes,28,37,0.17370344698429108,0.05997037887573242,22008.0,0.1843729019165039,169,1
StandardGSGP,b7f00625-ad34-11ef-9efe-e4a8dfc2a9a8,diabetes,28,38,0.17370344698429108,0.060044288635253906,22880.0,0.1843729019165039,169,1
StandardGSGP,b7f00625-ad34-11ef-9efe-e4a8dfc2a9a8,diabetes,28,39,0.17368026077747345,0.051998138427734375,23932.0,0.18909938633441925,189,1
StandardGSGP,b7f00625-ad34-11ef-9efe-e4a8dfc2a9a8,diabetes,28,40,0.17368026077747345,0.05751180648803711,24200.0,0.18909938633441925,189,1
StandardGSGP,b7f00625-ad34-11ef-9efe-e4a8dfc2a9a8,diabetes,28,41,0.17368026077747345,0.05600333213806152,25022.0,0.18909938633441925,189,1
StandardGSGP,b7f00625-ad34-11ef-9efe-e4a8dfc2a9a8,diabetes,28,42,0.17368026077747345,0.05700373649597168,25682.0,0.18909938633441925,189,1
StandardGSGP,b7f00625-ad34-11ef-9efe-e4a8dfc2a9a8,diabetes,28,43,0.17230811715126038,0.05861234664916992,25570.0,0.18785460293293,207,1
StandardGSGP,b7f00625-ad34-11ef-9efe-e4a8dfc2a9a8,diabetes,28,44,0.1710338294506073,0.0559992790222168,25706.0,0.18072953820228577,213,1
StandardGSGP,b7f00625-ad34-11ef-9efe-e4a8dfc2a9a8,diabetes,28,45,0.1710338294506073,0.05550980567932129,25370.0,0.18072953820228577,213,1
StandardGSGP,b7f00625-ad34-11ef-9efe-e4a8dfc2a9a8,diabetes,28,46,0.17070512473583221,0.05600404739379883,25458.0,0.17644131183624268,219,1
StandardGSGP,b7f00625-ad34-11ef-9efe-e4a8dfc2a9a8,diabetes,28,47,0.17070512473583221,0.05750775337219238,25482.0,0.17644131183624268,219,1
StandardGSGP,b7f00625-ad34-11ef-9efe-e4a8dfc2a9a8,diabetes,28,48,0.17070512473583221,0.06158781051635742,25664.0,0.17644131183624268,219,1
StandardGSGP,b7f00625-ad34-11ef-9efe-e4a8dfc2a9a8,diabetes,28,49,0.17070512473583221,0.058001041412353516,25998.0,0.17644131183624268,219,1
StandardGSGP,b7f00625-ad34-11ef-9efe-e4a8dfc2a9a8,diabetes,28,50,0.17070512473583221,0.06064796447753906,26470.0,0.17644131183624268,219,1
StandardGSGP,b7f00625-ad34-11ef-9efe-e4a8dfc2a9a8,diabetes,28,51,0.17070512473583221,0.05757713317871094,27184.0,0.17644131183624268,219,1
StandardGSGP,b7f00625-ad34-11ef-9efe-e4a8dfc2a9a8,diabetes,28,52,0.17070512473583221,0.06063246726989746,27094.0,0.17644131183624268,219,1
StandardGSGP,b7f00625-ad34-11ef-9efe-e4a8dfc2a9a8,diabetes,28,53,0.17062222957611084,0.0625143051147461,27286.0,0.17840610444545746,307,1
StandardGSGP,b7f00625-ad34-11ef-9efe-e4a8dfc2a9a8,diabetes,28,54,0.1699942946434021,0.056993722915649414,28118.0,0.17740724980831146,243,1
StandardGSGP,b7f00625-ad34-11ef-9efe-e4a8dfc2a9a8,diabetes,28,55,0.1699942946434021,0.062363386154174805,28854.0,0.17740724980831146,243,1
StandardGSGP,b7f00625-ad34-11ef-9efe-e4a8dfc2a9a8,diabetes,28,56,0.1699942946434021,0.06233525276184082,29696.0,0.17740724980831146,243,1
StandardGSGP,b7f00625-ad34-11ef-9efe-e4a8dfc2a9a8,diabetes,28,57,0.1699942946434021,0.0573580265045166,29494.0,0.17740724980831146,243,1
StandardGSGP,b7f00625-ad34-11ef-9efe-e4a8dfc2a9a8,diabetes,28,58,0.16992272436618805,0.058663368225097656,30676.0,0.175028994679451,255,1
StandardGSGP,b7f00625-ad34-11ef-9efe-e4a8dfc2a9a8,diabetes,28,59,0.16992272436618805,0.0579988956451416,30394.0,0.175028994679451,255,1
StandardGSGP,b7f00625-ad34-11ef-9efe-e4a8dfc2a9a8,diabetes,28,60,0.16991965472698212,0.06251335144042969,30712.0,0.1849038153886795,321,1
StandardGSGP,b7f00625-ad34-11ef-9efe-e4a8dfc2a9a8,diabetes,28,61,0.16970457136631012,0.05851244926452637,31326.0,0.18498429656028748,331,1
StandardGSGP,b7f00625-ad34-11ef-9efe-e4a8dfc2a9a8,diabetes,28,62,0.16970457136631012,0.056998252868652344,31878.0,0.18498429656028748,331,1
StandardGSGP,b7f00625-ad34-11ef-9efe-e4a8dfc2a9a8,diabetes,28,63,0.16970457136631012,0.05851125717163086,32314.0,0.18498429656028748,331,1
StandardGSGP,b7f00625-ad34-11ef-9efe-e4a8dfc2a9a8,diabetes,28,64,0.1694771647453308,0.05704188346862793,32866.0,0.18115723133087158,343,1
StandardGSGP,b7f00625-ad34-11ef-9efe-e4a8dfc2a9a8,diabetes,28,65,0.1692425012588501,0.06052112579345703,33710.0,0.18184107542037964,353,1
StandardGSGP,b7f00625-ad34-11ef-9efe-e4a8dfc2a9a8,diabetes,28,66,0.1692425012588501,0.05978989601135254,33678.0,0.18184107542037964,353,1
StandardGSGP,b7f00625-ad34-11ef-9efe-e4a8dfc2a9a8,diabetes,28,67,0.1692425012588501,0.05841851234436035,34692.0,0.18184107542037964,353,1
StandardGSGP,b7f00625-ad34-11ef-9efe-e4a8dfc2a9a8,diabetes,28,68,0.16920985281467438,0.05764651298522949,34900.0,0.1824125498533249,363,1
StandardGSGP,b7f00625-ad34-11ef-9efe-e4a8dfc2a9a8,diabetes,28,69,0.16920985281467438,0.06000375747680664,35864.0,0.1824125498533249,363,1
StandardGSGP,b7f00625-ad34-11ef-9efe-e4a8dfc2a9a8,diabetes,28,70,0.16920985281467438,0.05750751495361328,36262.0,0.1824125498533249,363,1
StandardGSGP,b7f00625-ad34-11ef-9efe-e4a8dfc2a9a8,diabetes,28,71,0.16920985281467438,0.05751848220825195,37326.0,0.1824125498533249,363,1
StandardGSGP,b7f00625-ad34-11ef-9efe-e4a8dfc2a9a8,diabetes,28,72,0.16920985281467438,0.14235329627990723,38240.0,0.1824125498533249,363,1
StandardGSGP,b7f00625-ad34-11ef-9efe-e4a8dfc2a9a8,diabetes,28,73,0.16920985281467438,0.05563640594482422,38828.0,0.1824125498533249,363,1
StandardGSGP,b7f00625-ad34-11ef-9efe-e4a8dfc2a9a8,diabetes,28,74,0.16920985281467438,0.057554006576538086,39210.0,0.1824125498533249,363,1
StandardGSGP,b7f00625-ad34-11ef-9efe-e4a8dfc2a9a8,diabetes,28,75,0.16920985281467438,0.057373046875,39446.0,0.1824125498533249,363,1
StandardGSGP,b7f00625-ad34-11ef-9efe-e4a8dfc2a9a8,diabetes,28,76,0.16920985281467438,0.056000471115112305,39976.0,0.1824125498533249,363,1
StandardGSGP,b7f00625-ad34-11ef-9efe-e4a8dfc2a9a8,diabetes,28,77,0.1692090630531311,0.06051135063171387,40608.0,0.18215854465961456,371,1
StandardGSGP,b7f00625-ad34-11ef-9efe-e4a8dfc2a9a8,diabetes,28,78,0.16857001185417175,0.060511112213134766,40900.0,0.18122988939285278,377,1
StandardGSGP,b7f00625-ad34-11ef-9efe-e4a8dfc2a9a8,diabetes,28,79,0.16857001185417175,0.05499911308288574,41184.0,0.18122988939285278,377,1
StandardGSGP,b7f00625-ad34-11ef-9efe-e4a8dfc2a9a8,diabetes,28,80,0.16857001185417175,0.060509681701660156,41726.0,0.18122988939285278,377,1
StandardGSGP,b7f00625-ad34-11ef-9efe-e4a8dfc2a9a8,diabetes,28,81,0.16857001185417175,0.053999900817871094,42304.0,0.18122988939285278,377,1
StandardGSGP,b7f00625-ad34-11ef-9efe-e4a8dfc2a9a8,diabetes,28,82,0.16857001185417175,0.05676579475402832,43286.0,0.18122988939285278,377,1
StandardGSGP,b7f00625-ad34-11ef-9efe-e4a8dfc2a9a8,diabetes,28,83,0.16857001185417175,0.05400204658508301,43892.0,0.18122988939285278,377,1
StandardGSGP,b7f00625-ad34-11ef-9efe-e4a8dfc2a9a8,diabetes,28,84,0.16857001185417175,0.05850720405578613,44676.0,0.18122988939285278,377,1
StandardGSGP,b7f00625-ad34-11ef-9efe-e4a8dfc2a9a8,diabetes,28,85,0.16857001185417175,0.05651426315307617,44766.0,0.18122988939285278,377,1
StandardGSGP,b7f00625-ad34-11ef-9efe-e4a8dfc2a9a8,diabetes,28,86,0.16857001185417175,0.05699896812438965,45174.0,0.18122988939285278,377,1
StandardGSGP,b7f00625-ad34-11ef-9efe-e4a8dfc2a9a8,diabetes,28,87,0.16857001185417175,0.05751538276672363,43582.0,0.18122988939285278,377,1
StandardGSGP,b7f00625-ad34-11ef-9efe-e4a8dfc2a9a8,diabetes,28,88,0.16857001185417175,0.05600285530090332,44306.0,0.18122988939285278,377,1
StandardGSGP,b7f00625-ad34-11ef-9efe-e4a8dfc2a9a8,diabetes,28,89,0.16856257617473602,0.06268429756164551,43876.0,0.17854274809360504,383,1
StandardGSGP,b7f00625-ad34-11ef-9efe-e4a8dfc2a9a8,diabetes,28,90,0.16856257617473602,0.05518031120300293,44070.0,0.17854274809360504,383,1
StandardGSGP,b7f00625-ad34-11ef-9efe-e4a8dfc2a9a8,diabetes,28,91,0.16856257617473602,0.0559995174407959,44924.0,0.17854274809360504,383,1
StandardGSGP,b7f00625-ad34-11ef-9efe-e4a8dfc2a9a8,diabetes,28,92,0.16856257617473602,0.05801725387573242,45330.0,0.17854274809360504,383,1
StandardGSGP,b7f00625-ad34-11ef-9efe-e4a8dfc2a9a8,diabetes,28,93,0.16856257617473602,0.060002803802490234,45620.0,0.17854274809360504,383,1
StandardGSGP,b7f00625-ad34-11ef-9efe-e4a8dfc2a9a8,diabetes,28,94,0.16856257617473602,0.054139137268066406,45210.0,0.17854274809360504,383,1
StandardGSGP,b7f00625-ad34-11ef-9efe-e4a8dfc2a9a8,diabetes,28,95,0.16856257617473602,0.055512189865112305,45078.0,0.17854274809360504,383,1
StandardGSGP,b7f00625-ad34-11ef-9efe-e4a8dfc2a9a8,diabetes,28,96,0.16856257617473602,0.05515313148498535,45262.0,0.17854274809360504,383,1
StandardGSGP,b7f00625-ad34-11ef-9efe-e4a8dfc2a9a8,diabetes,28,97,0.16856257617473602,0.05778670310974121,45698.0,0.17854274809360504,383,1
StandardGSGP,b7f00625-ad34-11ef-9efe-e4a8dfc2a9a8,diabetes,28,98,0.16856257617473602,0.06119966506958008,45044.0,0.17854274809360504,383,1
StandardGSGP,b7f00625-ad34-11ef-9efe-e4a8dfc2a9a8,diabetes,28,99,0.16856257617473602,0.05550098419189453,44926.0,0.17854274809360504,383,1
StandardGSGP,b7f00625-ad34-11ef-9efe-e4a8dfc2a9a8,diabetes,28,100,0.16856257617473602,0.06050848960876465,44302.0,0.17854274809360504,383,1
StandardGSGP,2beb97d1-ad35-11ef-9efe-e4a8dfc2a9a8,diabetes,28,0,167.2594451904297,0.14325642585754395,3706.0,154.0052032470703,7,1
StandardGSGP,2beb97d1-ad35-11ef-9efe-e4a8dfc2a9a8,diabetes,28,1,167.240478515625,0.06351804733276367,2082.0,153.9966583251953,17,1
StandardGSGP,2beb97d1-ad35-11ef-9efe-e4a8dfc2a9a8,diabetes,28,2,166.91152954101562,0.06451153755187988,2430.0,153.6540069580078,35,1
StandardGSGP,2beb97d1-ad35-11ef-9efe-e4a8dfc2a9a8,diabetes,28,3,166.8140106201172,0.06000638008117676,3140.0,153.5670928955078,31,1
StandardGSGP,2beb97d1-ad35-11ef-9efe-e4a8dfc2a9a8,diabetes,28,4,166.51803588867188,0.06163978576660156,4020.0,153.23976135253906,43,1
StandardGSGP,2beb97d1-ad35-11ef-9efe-e4a8dfc2a9a8,diabetes,28,5,166.1934356689453,0.05837130546569824,5068.0,152.91822814941406,49,1
StandardGSGP,2beb97d1-ad35-11ef-9efe-e4a8dfc2a9a8,diabetes,28,6,166.04116821289062,0.06252360343933105,6012.0,152.766357421875,55,1
StandardGSGP,2beb97d1-ad35-11ef-9efe-e4a8dfc2a9a8,diabetes,28,7,165.9739227294922,0.06626486778259277,6770.0,152.66917419433594,65,1
StandardGSGP,2beb97d1-ad35-11ef-9efe-e4a8dfc2a9a8,diabetes,28,8,165.414794921875,0.057866573333740234,7390.0,152.1793670654297,77,1
StandardGSGP,2beb97d1-ad35-11ef-9efe-e4a8dfc2a9a8,diabetes,28,9,165.2388153076172,0.06343841552734375,8302.0,152.0050048828125,85,1
StandardGSGP,2beb97d1-ad35-11ef-9efe-e4a8dfc2a9a8,diabetes,28,10,165.14283752441406,0.14151406288146973,9372.0,151.92543029785156,101,1
StandardGSGP,2beb97d1-ad35-11ef-9efe-e4a8dfc2a9a8,diabetes,28,11,165.0245819091797,0.06167149543762207,10478.0,151.76559448242188,105,1
StandardGSGP,2beb97d1-ad35-11ef-9efe-e4a8dfc2a9a8,diabetes,28,12,164.78382873535156,0.058470964431762695,11430.0,151.5491180419922,115,1
StandardGSGP,2beb97d1-ad35-11ef-9efe-e4a8dfc2a9a8,diabetes,28,13,164.42474365234375,0.06555652618408203,12294.0,151.23828125,117,1
StandardGSGP,2beb97d1-ad35-11ef-9efe-e4a8dfc2a9a8,diabetes,28,14,164.15060424804688,0.06387615203857422,13068.0,150.9698028564453,129,1
StandardGSGP,2beb97d1-ad35-11ef-9efe-e4a8dfc2a9a8,diabetes,28,15,163.8841094970703,0.06050252914428711,13662.0,150.70042419433594,137,1
StandardGSGP,2beb97d1-ad35-11ef-9efe-e4a8dfc2a9a8,diabetes,28,16,163.79676818847656,0.05699920654296875,14294.0,150.60765075683594,139,1
StandardGSGP,2beb97d1-ad35-11ef-9efe-e4a8dfc2a9a8,diabetes,28,17,163.49008178710938,0.060515642166137695,14994.0,150.31411743164062,143,1
StandardGSGP,2beb97d1-ad35-11ef-9efe-e4a8dfc2a9a8,diabetes,28,18,163.20997619628906,0.05299830436706543,15880.0,150.1204071044922,167,1
StandardGSGP,2beb97d1-ad35-11ef-9efe-e4a8dfc2a9a8,diabetes,28,19,162.75457763671875,0.06150698661804199,16662.0,149.66860961914062,175,1
StandardGSGP,2beb97d1-ad35-11ef-9efe-e4a8dfc2a9a8,diabetes,28,20,162.7052459716797,0.0556032657623291,17586.0,149.63938903808594,183,1
StandardGSGP,2beb97d1-ad35-11ef-9efe-e4a8dfc2a9a8,diabetes,28,21,162.35494995117188,0.05735015869140625,18594.0,149.27392578125,183,1
StandardGSGP,2beb97d1-ad35-11ef-9efe-e4a8dfc2a9a8,diabetes,28,22,162.14804077148438,0.0565493106842041,19566.0,149.08969116210938,193,1
StandardGSGP,2beb97d1-ad35-11ef-9efe-e4a8dfc2a9a8,diabetes,28,23,162.11500549316406,0.05876421928405762,20620.0,149.08572387695312,199,1
StandardGSGP,2beb97d1-ad35-11ef-9efe-e4a8dfc2a9a8,diabetes,28,24,161.7876739501953,0.06051898002624512,21152.0,148.59124755859375,207,1
StandardGSGP,2beb97d1-ad35-11ef-9efe-e4a8dfc2a9a8,diabetes,28,25,161.6475830078125,0.05953383445739746,21680.0,148.4697723388672,213,1
StandardGSGP,2beb97d1-ad35-11ef-9efe-e4a8dfc2a9a8,diabetes,28,26,161.47483825683594,0.05900716781616211,22402.0,148.44906616210938,227,1
StandardGSGP,2beb97d1-ad35-11ef-9efe-e4a8dfc2a9a8,diabetes,28,27,161.20396423339844,0.05872082710266113,23392.0,148.19735717773438,247,1
StandardGSGP,2beb97d1-ad35-11ef-9efe-e4a8dfc2a9a8,diabetes,28,28,161.08401489257812,0.061711788177490234,24214.0,147.91195678710938,249,1
StandardGSGP,2beb97d1-ad35-11ef-9efe-e4a8dfc2a9a8,diabetes,28,29,160.93365478515625,0.058038949966430664,25440.0,147.75686645507812,257,1
StandardGSGP,2beb97d1-ad35-11ef-9efe-e4a8dfc2a9a8,diabetes,28,30,160.6299591064453,0.06375837326049805,26378.0,147.4569854736328,243,1
StandardGSGP,2beb97d1-ad35-11ef-9efe-e4a8dfc2a9a8,diabetes,28,31,160.31993103027344,0.0599970817565918,27448.0,147.15655517578125,255,1
StandardGSGP,2beb97d1-ad35-11ef-9efe-e4a8dfc2a9a8,diabetes,28,32,160.31993103027344,0.06151270866394043,28380.0,147.15655517578125,255,1
StandardGSGP,2beb97d1-ad35-11ef-9efe-e4a8dfc2a9a8,diabetes,28,33,160.07191467285156,0.06197786331176758,28658.0,146.9007568359375,287,1
StandardGSGP,2beb97d1-ad35-11ef-9efe-e4a8dfc2a9a8,diabetes,28,34,159.7350311279297,0.06308674812316895,29278.0,146.5668487548828,301,1
StandardGSGP,2beb97d1-ad35-11ef-9efe-e4a8dfc2a9a8,diabetes,28,35,159.5740966796875,0.05793190002441406,29680.0,146.40420532226562,313,1
StandardGSGP,2beb97d1-ad35-11ef-9efe-e4a8dfc2a9a8,diabetes,28,36,159.45057678222656,0.05934953689575195,31102.0,146.29507446289062,303,1
StandardGSGP,2beb97d1-ad35-11ef-9efe-e4a8dfc2a9a8,diabetes,28,37,159.20730590820312,0.06479835510253906,32306.0,146.04188537597656,319,1
StandardGSGP,2beb97d1-ad35-11ef-9efe-e4a8dfc2a9a8,diabetes,28,38,158.88916015625,0.06151127815246582,33206.0,145.72767639160156,335,1
StandardGSGP,2beb97d1-ad35-11ef-9efe-e4a8dfc2a9a8,diabetes,28,39,158.8081512451172,0.05401277542114258,34098.0,145.723876953125,331,1
StandardGSGP,2beb97d1-ad35-11ef-9efe-e4a8dfc2a9a8,diabetes,28,40,158.52252197265625,0.05851149559020996,34704.0,145.4986572265625,349,1
StandardGSGP,2beb97d1-ad35-11ef-9efe-e4a8dfc2a9a8,diabetes,28,41,158.26593017578125,0.055649518966674805,35444.0,145.1114501953125,357,1
StandardGSGP,2beb97d1-ad35-11ef-9efe-e4a8dfc2a9a8,diabetes,28,42,158.21958923339844,0.05775594711303711,36354.0,145.08636474609375,367,1
StandardGSGP,2beb97d1-ad35-11ef-9efe-e4a8dfc2a9a8,diabetes,28,43,157.9678955078125,0.062530517578125,37268.0,144.81231689453125,369,1
StandardGSGP,2beb97d1-ad35-11ef-9efe-e4a8dfc2a9a8,diabetes,28,44,157.6568145751953,0.0619969367980957,38160.0,144.4823455810547,395,1
StandardGSGP,2beb97d1-ad35-11ef-9efe-e4a8dfc2a9a8,diabetes,28,45,157.656005859375,0.05849957466125488,39024.0,144.4818572998047,403,1
StandardGSGP,2beb97d1-ad35-11ef-9efe-e4a8dfc2a9a8,diabetes,28,46,157.47335815429688,0.06881976127624512,39802.0,144.3415985107422,391,1
StandardGSGP,2beb97d1-ad35-11ef-9efe-e4a8dfc2a9a8,diabetes,28,47,157.19876098632812,0.06165289878845215,40756.0,144.1132049560547,397,1
StandardGSGP,2beb97d1-ad35-11ef-9efe-e4a8dfc2a9a8,diabetes,28,48,156.87734985351562,0.062368154525756836,41728.0,143.75912475585938,423,1
StandardGSGP,2beb97d1-ad35-11ef-9efe-e4a8dfc2a9a8,diabetes,28,49,156.6708526611328,0.05975174903869629,42762.0,143.52191162109375,443,1
StandardGSGP,2beb97d1-ad35-11ef-9efe-e4a8dfc2a9a8,diabetes,28,50,156.41976928710938,0.0618436336517334,43792.0,143.3543701171875,455,1
StandardGSGP,2beb97d1-ad35-11ef-9efe-e4a8dfc2a9a8,diabetes,28,51,156.2769012451172,0.05865120887756348,45258.0,143.21963500976562,469,1
StandardGSGP,2beb97d1-ad35-11ef-9efe-e4a8dfc2a9a8,diabetes,28,52,156.07778930664062,0.06054234504699707,46616.0,143.035888671875,475,1
StandardGSGP,2beb97d1-ad35-11ef-9efe-e4a8dfc2a9a8,diabetes,28,53,155.79861450195312,0.06071615219116211,47552.0,142.66722106933594,471,1
StandardGSGP,2beb97d1-ad35-11ef-9efe-e4a8dfc2a9a8,diabetes,28,54,155.6133270263672,0.0606379508972168,48514.0,142.4846649169922,477,1
StandardGSGP,2beb97d1-ad35-11ef-9efe-e4a8dfc2a9a8,diabetes,28,55,155.49057006835938,0.062470197677612305,49342.0,142.3717803955078,481,1
StandardGSGP,2beb97d1-ad35-11ef-9efe-e4a8dfc2a9a8,diabetes,28,56,155.32872009277344,0.06087160110473633,50014.0,142.21197509765625,487,1
StandardGSGP,2beb97d1-ad35-11ef-9efe-e4a8dfc2a9a8,diabetes,28,57,155.02291870117188,0.06200051307678223,50400.0,141.91261291503906,499,1
StandardGSGP,2beb97d1-ad35-11ef-9efe-e4a8dfc2a9a8,diabetes,28,58,155.01654052734375,0.05650639533996582,50908.0,141.9063720703125,505,1
StandardGSGP,2beb97d1-ad35-11ef-9efe-e4a8dfc2a9a8,diabetes,28,59,154.7537078857422,0.05751395225524902,51572.0,141.63916015625,529,1
StandardGSGP,2beb97d1-ad35-11ef-9efe-e4a8dfc2a9a8,diabetes,28,60,154.4653778076172,0.062000274658203125,52438.0,141.35459899902344,535,1
StandardGSGP,2beb97d1-ad35-11ef-9efe-e4a8dfc2a9a8,diabetes,28,61,154.360595703125,0.05975508689880371,53322.0,141.25584411621094,533,1
StandardGSGP,2beb97d1-ad35-11ef-9efe-e4a8dfc2a9a8,diabetes,28,62,154.0845489501953,0.05600738525390625,54214.0,141.06077575683594,549,1
StandardGSGP,2beb97d1-ad35-11ef-9efe-e4a8dfc2a9a8,diabetes,28,63,153.9402313232422,0.1380159854888916,55174.0,140.92018127441406,561,1
StandardGSGP,2beb97d1-ad35-11ef-9efe-e4a8dfc2a9a8,diabetes,28,64,153.66961669921875,0.05800223350524902,56212.0,140.65249633789062,563,1
StandardGSGP,2beb97d1-ad35-11ef-9efe-e4a8dfc2a9a8,diabetes,28,65,153.5896759033203,0.06026101112365723,57066.0,140.56973266601562,571,1
StandardGSGP,2beb97d1-ad35-11ef-9efe-e4a8dfc2a9a8,diabetes,28,66,153.4812774658203,0.05798768997192383,57918.0,140.4763946533203,575,1
StandardGSGP,2beb97d1-ad35-11ef-9efe-e4a8dfc2a9a8,diabetes,28,67,153.1693878173828,0.05800008773803711,58714.0,140.18153381347656,589,1
StandardGSGP,2beb97d1-ad35-11ef-9efe-e4a8dfc2a9a8,diabetes,28,68,152.89698791503906,0.06184053421020508,59668.0,139.9124298095703,597,1
StandardGSGP,2beb97d1-ad35-11ef-9efe-e4a8dfc2a9a8,diabetes,28,69,152.86427307128906,0.05816245079040527,60658.0,139.91673278808594,597,1
StandardGSGP,2beb97d1-ad35-11ef-9efe-e4a8dfc2a9a8,diabetes,28,70,152.639892578125,0.056507110595703125,61334.0,139.69454956054688,603,1
StandardGSGP,2beb97d1-ad35-11ef-9efe-e4a8dfc2a9a8,diabetes,28,71,152.31092834472656,0.05767416954040527,61942.0,139.2687225341797,633,1
StandardGSGP,2beb97d1-ad35-11ef-9efe-e4a8dfc2a9a8,diabetes,28,72,152.0437469482422,0.056108713150024414,62854.0,139.0047607421875,639,1
StandardGSGP,2beb97d1-ad35-11ef-9efe-e4a8dfc2a9a8,diabetes,28,73,151.6962432861328,0.063507080078125,64022.0,138.64515686035156,647,1
StandardGSGP,2beb97d1-ad35-11ef-9efe-e4a8dfc2a9a8,diabetes,28,74,151.64891052246094,0.05919599533081055,64976.0,138.76943969726562,657,1
StandardGSGP,2beb97d1-ad35-11ef-9efe-e4a8dfc2a9a8,diabetes,28,75,151.33551025390625,0.0751802921295166,66204.0,138.490478515625,667,1
StandardGSGP,2beb97d1-ad35-11ef-9efe-e4a8dfc2a9a8,diabetes,28,76,151.10459899902344,0.05862617492675781,67416.0,138.08604431152344,665,1
StandardGSGP,2beb97d1-ad35-11ef-9efe-e4a8dfc2a9a8,diabetes,28,77,150.73866271972656,0.05975198745727539,68588.0,137.7267608642578,673,1
StandardGSGP,2beb97d1-ad35-11ef-9efe-e4a8dfc2a9a8,diabetes,28,78,150.4376983642578,0.05950665473937988,69590.0,137.41543579101562,717,1
StandardGSGP,2beb97d1-ad35-11ef-9efe-e4a8dfc2a9a8,diabetes,28,79,150.29534912109375,0.05563807487487793,70282.0,137.27545166015625,723,1
StandardGSGP,2beb97d1-ad35-11ef-9efe-e4a8dfc2a9a8,diabetes,28,80,150.1144561767578,0.05700063705444336,71428.0,137.09327697753906,743,1
StandardGSGP,2beb97d1-ad35-11ef-9efe-e4a8dfc2a9a8,diabetes,28,81,149.80374145507812,0.05651402473449707,73596.0,136.78131103515625,749,1
StandardGSGP,2beb97d1-ad35-11ef-9efe-e4a8dfc2a9a8,diabetes,28,82,149.40097045898438,0.05600285530090332,74860.0,136.38319396972656,757,1
StandardGSGP,2beb97d1-ad35-11ef-9efe-e4a8dfc2a9a8,diabetes,28,83,149.26902770996094,0.0587766170501709,75436.0,136.25567626953125,765,1
StandardGSGP,2beb97d1-ad35-11ef-9efe-e4a8dfc2a9a8,diabetes,28,84,149.0830841064453,0.05921530723571777,76658.0,136.0791015625,757,1
StandardGSGP,2beb97d1-ad35-11ef-9efe-e4a8dfc2a9a8,diabetes,28,85,148.67318725585938,0.060161590576171875,77662.0,135.666015625,777,1
StandardGSGP,2beb97d1-ad35-11ef-9efe-e4a8dfc2a9a8,diabetes,28,86,148.58761596679688,0.05268287658691406,78108.0,135.58482360839844,785,1
StandardGSGP,2beb97d1-ad35-11ef-9efe-e4a8dfc2a9a8,diabetes,28,87,148.32992553710938,0.056214094161987305,78714.0,135.3782501220703,789,1
StandardGSGP,2beb97d1-ad35-11ef-9efe-e4a8dfc2a9a8,diabetes,28,88,148.10125732421875,0.057037353515625,79784.0,135.23114013671875,803,1
StandardGSGP,2beb97d1-ad35-11ef-9efe-e4a8dfc2a9a8,diabetes,28,89,147.78929138183594,0.059832096099853516,81010.0,134.92559814453125,821,1
StandardGSGP,2beb97d1-ad35-11ef-9efe-e4a8dfc2a9a8,diabetes,28,90,147.67930603027344,0.05699729919433594,82224.0,134.81837463378906,831,1
StandardGSGP,2beb97d1-ad35-11ef-9efe-e4a8dfc2a9a8,diabetes,28,91,147.2171630859375,0.05851030349731445,83138.0,134.28599548339844,827,1
StandardGSGP,2beb97d1-ad35-11ef-9efe-e4a8dfc2a9a8,diabetes,28,92,147.046142578125,0.05899930000305176,83972.0,134.11776733398438,837,1
StandardGSGP,2beb97d1-ad35-11ef-9efe-e4a8dfc2a9a8,diabetes,28,93,146.867919921875,0.06338357925415039,84768.0,133.94168090820312,847,1
StandardGSGP,2beb97d1-ad35-11ef-9efe-e4a8dfc2a9a8,diabetes,28,94,146.62059020996094,0.05450892448425293,85576.0,133.68109130859375,861,1
StandardGSGP,2beb97d1-ad35-11ef-9efe-e4a8dfc2a9a8,diabetes,28,95,146.32415771484375,0.056999921798706055,86646.0,133.42132568359375,867,1
StandardGSGP,2beb97d1-ad35-11ef-9efe-e4a8dfc2a9a8,diabetes,28,96,146.24021911621094,0.056960344314575195,87354.0,133.34417724609375,877,1
StandardGSGP,2beb97d1-ad35-11ef-9efe-e4a8dfc2a9a8,diabetes,28,97,146.06129455566406,0.05705904960632324,88314.0,133.16290283203125,873,1
StandardGSGP,2beb97d1-ad35-11ef-9efe-e4a8dfc2a9a8,diabetes,28,98,145.7882843017578,0.05813264846801758,89222.0,132.8986053466797,903,1
StandardGSGP,2beb97d1-ad35-11ef-9efe-e4a8dfc2a9a8,diabetes,28,99,145.6908416748047,0.056466102600097656,89978.0,132.80282592773438,909,1
StandardGSGP,2beb97d1-ad35-11ef-9efe-e4a8dfc2a9a8,diabetes,28,100,145.66012573242188,0.06255841255187988,90688.0,132.78887939453125,917,1
