StandardGSGP,723fd768-ad34-11ef-997c-e4a8dfc2a9a8,diabetes,10,0,0.26154354214668274,0.1385211944580078,3720.0,0.24389854073524475,3,1
StandardGSGP,723fd768-ad34-11ef-997c-e4a8dfc2a9a8,diabetes,10,1,0.22535426914691925,0.06051445007324219,1732.0,0.21639050543308258,19,1
StandardGSGP,723fd768-ad34-11ef-997c-e4a8dfc2a9a8,diabetes,10,2,0.21354933083057404,0.05728411674499512,2154.0,0.19761501252651215,9,1
StandardGSGP,723fd768-ad34-11ef-997c-e4a8dfc2a9a8,diabetes,10,3,0.20738095045089722,0.06334257125854492,2918.0,0.19834432005882263,25,1
StandardGSGP,723fd768-ad34-11ef-997c-e4a8dfc2a9a8,diabetes,10,4,0.20315790176391602,0.06166720390319824,3452.0,0.20372043550014496,23,1
StandardGSGP,723fd768-ad34-11ef-997c-e4a8dfc2a9a8,diabetes,10,5,0.1973988115787506,0.06198859214782715,4352.0,0.20337262749671936,45,1
StandardGSGP,723fd768-ad34-11ef-997c-e4a8dfc2a9a8,diabetes,10,6,0.19014576077461243,0.060506343841552734,4920.0,0.18207159638404846,43,1
StandardGSGP,723fd768-ad34-11ef-997c-e4a8dfc2a9a8,diabetes,10,7,0.19014576077461243,0.05751180648803711,5572.0,0.18207159638404846,43,1
StandardGSGP,723fd768-ad34-11ef-997c-e4a8dfc2a9a8,diabetes,10,8,0.19014576077461243,0.05499696731567383,6114.0,0.18207159638404846,43,1
StandardGSGP,723fd768-ad34-11ef-997c-e4a8dfc2a9a8,diabetes,10,9,0.18540938198566437,0.060543060302734375,6784.0,0.1917741894721985,67,1
StandardGSGP,723fd768-ad34-11ef-997c-e4a8dfc2a9a8,diabetes,10,10,0.18540938198566437,0.0643310546875,7486.0,0.1917741894721985,67,1
StandardGSGP,723fd768-ad34-11ef-997c-e4a8dfc2a9a8,diabetes,10,11,0.18540938198566437,0.05837106704711914,8192.0,0.1917741894721985,67,1
StandardGSGP,723fd768-ad34-11ef-997c-e4a8dfc2a9a8,diabetes,10,12,0.18540938198566437,0.05899643898010254,9120.0,0.1917741894721985,67,1
StandardGSGP,723fd768-ad34-11ef-997c-e4a8dfc2a9a8,diabetes,10,13,0.18222376704216003,0.05699968338012695,9702.0,0.18381823599338531,103,1
StandardGSGP,723fd768-ad34-11ef-997c-e4a8dfc2a9a8,diabetes,10,14,0.18222376704216003,0.05568504333496094,10382.0,0.18381823599338531,103,1
StandardGSGP,723fd768-ad34-11ef-997c-e4a8dfc2a9a8,diabetes,10,15,0.1807762086391449,0.05771303176879883,11156.0,0.1846483051776886,115,1
StandardGSGP,723fd768-ad34-11ef-997c-e4a8dfc2a9a8,diabetes,10,16,0.1807762086391449,0.05765891075134277,11916.0,0.1846483051776886,115,1
StandardGSGP,723fd768-ad34-11ef-997c-e4a8dfc2a9a8,diabetes,10,17,0.1807762086391449,0.05861020088195801,12810.0,0.1846483051776886,115,1
StandardGSGP,723fd768-ad34-11ef-997c-e4a8dfc2a9a8,diabetes,10,18,0.1807762086391449,0.06718111038208008,13804.0,0.1846483051776886,115,1
StandardGSGP,723fd768-ad34-11ef-997c-e4a8dfc2a9a8,diabetes,10,19,0.1805214285850525,0.061145782470703125,14454.0,0.18188804388046265,145,1
StandardGSGP,723fd768-ad34-11ef-997c-e4a8dfc2a9a8,diabetes,10,20,0.1805214285850525,0.0607297420501709,15132.0,0.18188804388046265,145,1
StandardGSGP,723fd768-ad34-11ef-997c-e4a8dfc2a9a8,diabetes,10,21,0.18034103512763977,0.05888795852661133,15744.0,0.18168099224567413,157,1
StandardGSGP,723fd768-ad34-11ef-997c-e4a8dfc2a9a8,diabetes,10,22,0.18021535873413086,0.06084394454956055,16448.0,0.18094147741794586,151,1
StandardGSGP,723fd768-ad34-11ef-997c-e4a8dfc2a9a8,diabetes,10,23,0.1778155118227005,0.060166120529174805,17216.0,0.17412632703781128,177,1
StandardGSGP,723fd768-ad34-11ef-997c-e4a8dfc2a9a8,diabetes,10,24,0.1778155118227005,0.07352757453918457,17674.0,0.17412632703781128,177,1
StandardGSGP,723fd768-ad34-11ef-997c-e4a8dfc2a9a8,diabetes,10,25,0.17760100960731506,0.06222414970397949,18232.0,0.17888383567333221,177,1
StandardGSGP,723fd768-ad34-11ef-997c-e4a8dfc2a9a8,diabetes,10,26,0.1776009500026703,0.05600237846374512,19038.0,0.17890098690986633,189,1
StandardGSGP,723fd768-ad34-11ef-997c-e4a8dfc2a9a8,diabetes,10,27,0.1776009500026703,0.05881810188293457,19548.0,0.17890098690986633,189,1
StandardGSGP,723fd768-ad34-11ef-997c-e4a8dfc2a9a8,diabetes,10,28,0.1776009500026703,0.0575103759765625,20218.0,0.17890098690986633,189,1
StandardGSGP,723fd768-ad34-11ef-997c-e4a8dfc2a9a8,diabetes,10,29,0.1776009500026703,0.0570223331451416,20774.0,0.17890098690986633,189,1
StandardGSGP,723fd768-ad34-11ef-997c-e4a8dfc2a9a8,diabetes,10,30,0.1776009500026703,0.061510562896728516,21464.0,0.17890098690986633,189,1
StandardGSGP,723fd768-ad34-11ef-997c-e4a8dfc2a9a8,diabetes,10,31,0.1776009500026703,0.05499839782714844,22128.0,0.17890098690986633,189,1
StandardGSGP,723fd768-ad34-11ef-997c-e4a8dfc2a9a8,diabetes,10,32,0.1776009500026703,0.05650782585144043,22758.0,0.17890098690986633,189,1
StandardGSGP,723fd768-ad34-11ef-997c-e4a8dfc2a9a8,diabetes,10,33,0.1776009500026703,0.055526018142700195,23462.0,0.17890098690986633,189,1
StandardGSGP,723fd768-ad34-11ef-997c-e4a8dfc2a9a8,diabetes,10,34,0.1776009500026703,0.059154510498046875,24212.0,0.17890098690986633,189,1
StandardGSGP,723fd768-ad34-11ef-997c-e4a8dfc2a9a8,diabetes,10,35,0.1776009500026703,0.05807781219482422,24928.0,0.17890098690986633,189,1
StandardGSGP,723fd768-ad34-11ef-997c-e4a8dfc2a9a8,diabetes,10,36,0.17757052183151245,0.062105417251586914,25584.0,0.17521969974040985,207,1
StandardGSGP,723fd768-ad34-11ef-997c-e4a8dfc2a9a8,diabetes,10,37,0.17721988260746002,0.06166577339172363,25740.0,0.17468580603599548,223,1
StandardGSGP,723fd768-ad34-11ef-997c-e4a8dfc2a9a8,diabetes,10,38,0.1768697053194046,0.057828664779663086,26258.0,0.18075355887413025,243,1
StandardGSGP,723fd768-ad34-11ef-997c-e4a8dfc2a9a8,diabetes,10,39,0.1768697053194046,0.06920838356018066,26840.0,0.18075355887413025,243,1
StandardGSGP,723fd768-ad34-11ef-997c-e4a8dfc2a9a8,diabetes,10,40,0.1768697053194046,0.06305885314941406,27380.0,0.18075355887413025,243,1
StandardGSGP,723fd768-ad34-11ef-997c-e4a8dfc2a9a8,diabetes,10,41,0.1768697053194046,0.06151628494262695,27106.0,0.18075355887413025,243,1
StandardGSGP,723fd768-ad34-11ef-997c-e4a8dfc2a9a8,diabetes,10,42,0.1768697053194046,0.06599879264831543,27168.0,0.18075355887413025,243,1
StandardGSGP,723fd768-ad34-11ef-997c-e4a8dfc2a9a8,diabetes,10,43,0.1768697053194046,0.05882740020751953,28136.0,0.18075355887413025,243,1
StandardGSGP,723fd768-ad34-11ef-997c-e4a8dfc2a9a8,diabetes,10,44,0.1768697053194046,0.06650137901306152,28778.0,0.18075355887413025,243,1
StandardGSGP,723fd768-ad34-11ef-997c-e4a8dfc2a9a8,diabetes,10,45,0.17632021009922028,0.06777763366699219,29624.0,0.17745745182037354,309,1
StandardGSGP,723fd768-ad34-11ef-997c-e4a8dfc2a9a8,diabetes,10,46,0.17625874280929565,0.06010746955871582,30766.0,0.17734934389591217,319,1
StandardGSGP,723fd768-ad34-11ef-997c-e4a8dfc2a9a8,diabetes,10,47,0.17625874280929565,0.05960988998413086,31450.0,0.17734934389591217,319,1
StandardGSGP,723fd768-ad34-11ef-997c-e4a8dfc2a9a8,diabetes,10,48,0.17625874280929565,0.06526780128479004,32186.0,0.17734934389591217,319,1
StandardGSGP,723fd768-ad34-11ef-997c-e4a8dfc2a9a8,diabetes,10,49,0.1760725975036621,0.05894780158996582,33084.0,0.17753279209136963,325,1
StandardGSGP,723fd768-ad34-11ef-997c-e4a8dfc2a9a8,diabetes,10,50,0.1760725975036621,0.06200218200683594,33892.0,0.17753279209136963,325,1
StandardGSGP,723fd768-ad34-11ef-997c-e4a8dfc2a9a8,diabetes,10,51,0.1760725975036621,0.06931614875793457,34288.0,0.17753279209136963,325,1
StandardGSGP,723fd768-ad34-11ef-997c-e4a8dfc2a9a8,diabetes,10,52,0.17590901255607605,0.062252044677734375,34610.0,0.17723387479782104,335,1
StandardGSGP,723fd768-ad34-11ef-997c-e4a8dfc2a9a8,diabetes,10,53,0.17590901255607605,0.06299853324890137,35070.0,0.17723387479782104,335,1
StandardGSGP,723fd768-ad34-11ef-997c-e4a8dfc2a9a8,diabetes,10,54,0.17590901255607605,0.06647396087646484,35708.0,0.17723387479782104,335,1
StandardGSGP,723fd768-ad34-11ef-997c-e4a8dfc2a9a8,diabetes,10,55,0.17590901255607605,0.07950091361999512,36024.0,0.17723387479782104,335,1
StandardGSGP,723fd768-ad34-11ef-997c-e4a8dfc2a9a8,diabetes,10,56,0.17555680871009827,0.07103466987609863,36662.0,0.1749417930841446,365,1
StandardGSGP,723fd768-ad34-11ef-997c-e4a8dfc2a9a8,diabetes,10,57,0.17555680871009827,0.062015533447265625,37304.0,0.1749417930841446,365,1
StandardGSGP,723fd768-ad34-11ef-997c-e4a8dfc2a9a8,diabetes,10,58,0.17555680871009827,0.06714320182800293,37804.0,0.1749417930841446,365,1
StandardGSGP,723fd768-ad34-11ef-997c-e4a8dfc2a9a8,diabetes,10,59,0.17555680871009827,0.07251977920532227,38652.0,0.1749417930841446,365,1
StandardGSGP,723fd768-ad34-11ef-997c-e4a8dfc2a9a8,diabetes,10,60,0.17466166615486145,0.061165571212768555,39308.0,0.174390509724617,379,1
StandardGSGP,723fd768-ad34-11ef-997c-e4a8dfc2a9a8,diabetes,10,61,0.17450903356075287,0.06051301956176758,39858.0,0.1735914945602417,387,1
StandardGSGP,723fd768-ad34-11ef-997c-e4a8dfc2a9a8,diabetes,10,62,0.17450903356075287,0.07458853721618652,40694.0,0.1735914945602417,387,1
StandardGSGP,723fd768-ad34-11ef-997c-e4a8dfc2a9a8,diabetes,10,63,0.17450903356075287,0.07380294799804688,41620.0,0.1735914945602417,387,1
StandardGSGP,723fd768-ad34-11ef-997c-e4a8dfc2a9a8,diabetes,10,64,0.17413648962974548,0.15204310417175293,42496.0,0.17361918091773987,403,1
StandardGSGP,723fd768-ad34-11ef-997c-e4a8dfc2a9a8,diabetes,10,65,0.17413648962974548,0.07061386108398438,42974.0,0.17361918091773987,403,1
StandardGSGP,723fd768-ad34-11ef-997c-e4a8dfc2a9a8,diabetes,10,66,0.17413648962974548,0.06351685523986816,43876.0,0.17361918091773987,403,1
StandardGSGP,723fd768-ad34-11ef-997c-e4a8dfc2a9a8,diabetes,10,67,0.17413648962974548,0.0675044059753418,44080.0,0.17361918091773987,403,1
StandardGSGP,723fd768-ad34-11ef-997c-e4a8dfc2a9a8,diabetes,10,68,0.17413648962974548,0.06451225280761719,44672.0,0.17361918091773987,403,1
StandardGSGP,723fd768-ad34-11ef-997c-e4a8dfc2a9a8,diabetes,10,69,0.17413648962974548,0.05946516990661621,45426.0,0.17361918091773987,403,1
StandardGSGP,723fd768-ad34-11ef-997c-e4a8dfc2a9a8,diabetes,10,70,0.17413648962974548,0.0576324462890625,45646.0,0.17361918091773987,403,1
StandardGSGP,723fd768-ad34-11ef-997c-e4a8dfc2a9a8,diabetes,10,71,0.17413648962974548,0.060518503189086914,45474.0,0.17361918091773987,403,1
StandardGSGP,723fd768-ad34-11ef-997c-e4a8dfc2a9a8,diabetes,10,72,0.17413648962974548,0.06627917289733887,46004.0,0.17361918091773987,403,1
StandardGSGP,723fd768-ad34-11ef-997c-e4a8dfc2a9a8,diabetes,10,73,0.17413648962974548,0.05924534797668457,46568.0,0.17361918091773987,403,1
StandardGSGP,723fd768-ad34-11ef-997c-e4a8dfc2a9a8,diabetes,10,74,0.17413648962974548,0.0570065975189209,46610.0,0.17361918091773987,403,1
StandardGSGP,723fd768-ad34-11ef-997c-e4a8dfc2a9a8,diabetes,10,75,0.17232085764408112,0.058064937591552734,46660.0,0.18285776674747467,417,1
StandardGSGP,723fd768-ad34-11ef-997c-e4a8dfc2a9a8,diabetes,10,76,0.17232085764408112,0.06449174880981445,46838.0,0.18285776674747467,417,1
StandardGSGP,723fd768-ad34-11ef-997c-e4a8dfc2a9a8,diabetes,10,77,0.17232085764408112,0.05927538871765137,46244.0,0.18285776674747467,417,1
StandardGSGP,723fd768-ad34-11ef-997c-e4a8dfc2a9a8,diabetes,10,78,0.17232085764408112,0.057474374771118164,46112.0,0.18285776674747467,417,1
StandardGSGP,723fd768-ad34-11ef-997c-e4a8dfc2a9a8,diabetes,10,79,0.17232085764408112,0.05798768997192383,46894.0,0.18285776674747467,417,1
StandardGSGP,723fd768-ad34-11ef-997c-e4a8dfc2a9a8,diabetes,10,80,0.17232085764408112,0.06038165092468262,46988.0,0.18285776674747467,417,1
StandardGSGP,723fd768-ad34-11ef-997c-e4a8dfc2a9a8,diabetes,10,81,0.17200016975402832,0.05550789833068848,47188.0,0.1819760948419571,425,1
StandardGSGP,723fd768-ad34-11ef-997c-e4a8dfc2a9a8,diabetes,10,82,0.1719648241996765,0.05899763107299805,47096.0,0.18179570138454437,433,1
StandardGSGP,723fd768-ad34-11ef-997c-e4a8dfc2a9a8,diabetes,10,83,0.1716589778661728,0.05651116371154785,46986.0,0.17950157821178436,441,1
StandardGSGP,723fd768-ad34-11ef-997c-e4a8dfc2a9a8,diabetes,10,84,0.171648308634758,0.05500292778015137,47120.0,0.17915086448192596,451,1
StandardGSGP,723fd768-ad34-11ef-997c-e4a8dfc2a9a8,diabetes,10,85,0.171648308634758,0.05850529670715332,47442.0,0.17915086448192596,451,1
StandardGSGP,723fd768-ad34-11ef-997c-e4a8dfc2a9a8,diabetes,10,86,0.17035263776779175,0.0638728141784668,47670.0,0.17759913206100464,461,1
StandardGSGP,723fd768-ad34-11ef-997c-e4a8dfc2a9a8,diabetes,10,87,0.17035263776779175,0.06224203109741211,48590.0,0.17759913206100464,461,1
StandardGSGP,723fd768-ad34-11ef-997c-e4a8dfc2a9a8,diabetes,10,88,0.17035263776779175,0.05752277374267578,49604.0,0.17759913206100464,461,1
StandardGSGP,723fd768-ad34-11ef-997c-e4a8dfc2a9a8,diabetes,10,89,0.17035263776779175,0.06562089920043945,50620.0,0.17759913206100464,461,1
StandardGSGP,723fd768-ad34-11ef-997c-e4a8dfc2a9a8,diabetes,10,90,0.17035263776779175,0.06416440010070801,51898.0,0.17759913206100464,461,1
StandardGSGP,723fd768-ad34-11ef-997c-e4a8dfc2a9a8,diabetes,10,91,0.17035263776779175,0.06391620635986328,52730.0,0.17759913206100464,461,1
StandardGSGP,723fd768-ad34-11ef-997c-e4a8dfc2a9a8,diabetes,10,92,0.17035263776779175,0.05711817741394043,52114.0,0.17759913206100464,461,1
StandardGSGP,723fd768-ad34-11ef-997c-e4a8dfc2a9a8,diabetes,10,93,0.17035263776779175,0.05601859092712402,53058.0,0.17759913206100464,461,1
StandardGSGP,723fd768-ad34-11ef-997c-e4a8dfc2a9a8,diabetes,10,94,0.17035263776779175,0.05850720405578613,52892.0,0.17759913206100464,461,1
StandardGSGP,723fd768-ad34-11ef-997c-e4a8dfc2a9a8,diabetes,10,95,0.17035263776779175,0.05625510215759277,53258.0,0.17759913206100464,461,1
StandardGSGP,723fd768-ad34-11ef-997c-e4a8dfc2a9a8,diabetes,10,96,0.17005252838134766,0.05817389488220215,52686.0,0.17599773406982422,469,1
StandardGSGP,723fd768-ad34-11ef-997c-e4a8dfc2a9a8,diabetes,10,97,0.16995351016521454,0.058083295822143555,53408.0,0.17718380689620972,471,1
StandardGSGP,723fd768-ad34-11ef-997c-e4a8dfc2a9a8,diabetes,10,98,0.16995351016521454,0.06696605682373047,54476.0,0.17718380689620972,471,1
StandardGSGP,723fd768-ad34-11ef-997c-e4a8dfc2a9a8,diabetes,10,99,0.16995351016521454,0.058510780334472656,54214.0,0.17718380689620972,471,1
StandardGSGP,723fd768-ad34-11ef-997c-e4a8dfc2a9a8,diabetes,10,100,0.16995351016521454,0.06630730628967285,54242.0,0.17718380689620972,471,1
StandardGSGP,e6d0fd6a-ad34-11ef-997c-e4a8dfc2a9a8,diabetes,10,0,163.90736389160156,0.15220332145690918,3720.0,159.25979614257812,3,1
StandardGSGP,e6d0fd6a-ad34-11ef-997c-e4a8dfc2a9a8,diabetes,10,1,163.65858459472656,0.058846473693847656,1732.0,159.0087127685547,9,1
StandardGSGP,e6d0fd6a-ad34-11ef-997c-e4a8dfc2a9a8,diabetes,10,2,163.63790893554688,0.07947421073913574,2550.0,158.9556884765625,17,1
StandardGSGP,e6d0fd6a-ad34-11ef-997c-e4a8dfc2a9a8,diabetes,10,3,163.34678649902344,0.07074522972106934,3512.0,158.69839477539062,21,1
StandardGSGP,e6d0fd6a-ad34-11ef-997c-e4a8dfc2a9a8,diabetes,10,4,163.32427978515625,0.07598376274108887,3330.0,158.6407470703125,29,1
StandardGSGP,e6d0fd6a-ad34-11ef-997c-e4a8dfc2a9a8,diabetes,10,5,162.80091857910156,0.08100414276123047,4044.0,158.1511993408203,37,1
StandardGSGP,e6d0fd6a-ad34-11ef-997c-e4a8dfc2a9a8,diabetes,10,6,162.73800659179688,0.06965398788452148,4784.0,158.0875701904297,47,1
StandardGSGP,e6d0fd6a-ad34-11ef-997c-e4a8dfc2a9a8,diabetes,10,7,162.6212158203125,0.06435084342956543,5304.0,157.96926879882812,43,1
StandardGSGP,e6d0fd6a-ad34-11ef-997c-e4a8dfc2a9a8,diabetes,10,8,162.4644317626953,0.061517953872680664,6082.0,157.79600524902344,65,1
StandardGSGP,e6d0fd6a-ad34-11ef-997c-e4a8dfc2a9a8,diabetes,10,9,162.28677368164062,0.06499814987182617,6960.0,157.645263671875,59,1
StandardGSGP,e6d0fd6a-ad34-11ef-997c-e4a8dfc2a9a8,diabetes,10,10,161.97511291503906,0.05950474739074707,7674.0,157.31858825683594,81,1
StandardGSGP,e6d0fd6a-ad34-11ef-997c-e4a8dfc2a9a8,diabetes,10,11,161.6768798828125,0.07670974731445312,8498.0,157.01499938964844,87,1
StandardGSGP,e6d0fd6a-ad34-11ef-997c-e4a8dfc2a9a8,diabetes,10,12,161.58148193359375,0.06959891319274902,9562.0,156.91604614257812,87,1
StandardGSGP,e6d0fd6a-ad34-11ef-997c-e4a8dfc2a9a8,diabetes,10,13,161.49063110351562,0.06152033805847168,10400.0,156.82994079589844,109,1
StandardGSGP,e6d0fd6a-ad34-11ef-997c-e4a8dfc2a9a8,diabetes,10,14,161.05540466308594,0.05851173400878906,11060.0,156.40626525878906,121,1
StandardGSGP,e6d0fd6a-ad34-11ef-997c-e4a8dfc2a9a8,diabetes,10,15,160.99452209472656,0.05599546432495117,11952.0,156.34434509277344,127,1
StandardGSGP,e6d0fd6a-ad34-11ef-997c-e4a8dfc2a9a8,diabetes,10,16,160.65084838867188,0.06678152084350586,13274.0,155.9921417236328,133,1
StandardGSGP,e6d0fd6a-ad34-11ef-997c-e4a8dfc2a9a8,diabetes,10,17,160.4529266357422,0.062369585037231445,14474.0,155.79180908203125,141,1
StandardGSGP,e6d0fd6a-ad34-11ef-997c-e4a8dfc2a9a8,diabetes,10,18,160.25975036621094,0.05851888656616211,15216.0,155.5953369140625,151,1
StandardGSGP,e6d0fd6a-ad34-11ef-997c-e4a8dfc2a9a8,diabetes,10,19,160.1261444091797,0.05480074882507324,16066.0,155.4498291015625,163,1
StandardGSGP,e6d0fd6a-ad34-11ef-997c-e4a8dfc2a9a8,diabetes,10,20,159.90464782714844,0.05993223190307617,16906.0,155.22607421875,173,1
StandardGSGP,e6d0fd6a-ad34-11ef-997c-e4a8dfc2a9a8,diabetes,10,21,159.57835388183594,0.061319828033447266,17962.0,154.90045166015625,167,1
StandardGSGP,e6d0fd6a-ad34-11ef-997c-e4a8dfc2a9a8,diabetes,10,22,159.2678985595703,0.055283546447753906,18640.0,154.5853729248047,173,1
StandardGSGP,e6d0fd6a-ad34-11ef-997c-e4a8dfc2a9a8,diabetes,10,23,158.86354064941406,0.055693864822387695,19172.0,154.17453002929688,179,1
StandardGSGP,e6d0fd6a-ad34-11ef-997c-e4a8dfc2a9a8,diabetes,10,24,158.78274536132812,0.05634021759033203,19544.0,154.0923614501953,185,1
StandardGSGP,e6d0fd6a-ad34-11ef-997c-e4a8dfc2a9a8,diabetes,10,25,158.06414794921875,0.05699896812438965,20416.0,153.3216094970703,197,1
StandardGSGP,e6d0fd6a-ad34-11ef-997c-e4a8dfc2a9a8,diabetes,10,26,157.9989013671875,0.05738544464111328,21052.0,153.2485809326172,203,1
StandardGSGP,e6d0fd6a-ad34-11ef-997c-e4a8dfc2a9a8,diabetes,10,27,157.58575439453125,0.05853271484375,21738.0,152.86326599121094,209,1
StandardGSGP,e6d0fd6a-ad34-11ef-997c-e4a8dfc2a9a8,diabetes,10,28,157.548095703125,0.058876752853393555,22582.0,152.8402557373047,233,1
StandardGSGP,e6d0fd6a-ad34-11ef-997c-e4a8dfc2a9a8,diabetes,10,29,157.38255310058594,0.06592464447021484,23232.0,152.65652465820312,215,1
StandardGSGP,e6d0fd6a-ad34-11ef-997c-e4a8dfc2a9a8,diabetes,10,30,157.12998962402344,0.06517720222473145,24056.0,152.40399169921875,223,1
StandardGSGP,e6d0fd6a-ad34-11ef-997c-e4a8dfc2a9a8,diabetes,10,31,157.0740509033203,0.05752706527709961,24428.0,152.32742309570312,223,1
StandardGSGP,e6d0fd6a-ad34-11ef-997c-e4a8dfc2a9a8,diabetes,10,32,156.86810302734375,0.05751442909240723,24878.0,152.13687133789062,237,1
StandardGSGP,e6d0fd6a-ad34-11ef-997c-e4a8dfc2a9a8,diabetes,10,33,156.5323944091797,0.0579991340637207,25592.0,151.791748046875,233,1
StandardGSGP,e6d0fd6a-ad34-11ef-997c-e4a8dfc2a9a8,diabetes,10,34,156.4711151123047,0.05939507484436035,26424.0,151.77285766601562,255,1
StandardGSGP,e6d0fd6a-ad34-11ef-997c-e4a8dfc2a9a8,diabetes,10,35,156.1816864013672,0.058234453201293945,27100.0,151.4051513671875,289,1
StandardGSGP,e6d0fd6a-ad34-11ef-997c-e4a8dfc2a9a8,diabetes,10,36,155.77626037597656,0.06050848960876465,27226.0,151.02322387695312,261,1
StandardGSGP,e6d0fd6a-ad34-11ef-997c-e4a8dfc2a9a8,diabetes,10,37,155.77444458007812,0.06051230430603027,28356.0,151.0219268798828,267,1
StandardGSGP,e6d0fd6a-ad34-11ef-997c-e4a8dfc2a9a8,diabetes,10,38,155.48605346679688,0.0579988956451416,29916.0,150.72389221191406,267,1
StandardGSGP,e6d0fd6a-ad34-11ef-997c-e4a8dfc2a9a8,diabetes,10,39,155.1991424560547,0.06750893592834473,31046.0,150.4039306640625,321,1
StandardGSGP,e6d0fd6a-ad34-11ef-997c-e4a8dfc2a9a8,diabetes,10,40,155.13510131835938,0.05800318717956543,31882.0,150.34573364257812,329,1
StandardGSGP,e6d0fd6a-ad34-11ef-997c-e4a8dfc2a9a8,diabetes,10,41,154.93310546875,0.05890798568725586,32912.0,150.15402221679688,337,1
StandardGSGP,e6d0fd6a-ad34-11ef-997c-e4a8dfc2a9a8,diabetes,10,42,154.62635803222656,0.06263256072998047,33298.0,149.80784606933594,335,1
StandardGSGP,e6d0fd6a-ad34-11ef-997c-e4a8dfc2a9a8,diabetes,10,43,154.24365234375,0.05606222152709961,34640.0,149.4192657470703,341,1
StandardGSGP,e6d0fd6a-ad34-11ef-997c-e4a8dfc2a9a8,diabetes,10,44,154.23741149902344,0.055979251861572266,35510.0,149.41322326660156,347,1
StandardGSGP,e6d0fd6a-ad34-11ef-997c-e4a8dfc2a9a8,diabetes,10,45,153.83001708984375,0.06192183494567871,36208.0,149.03614807128906,355,1
StandardGSGP,e6d0fd6a-ad34-11ef-997c-e4a8dfc2a9a8,diabetes,10,46,153.83001708984375,0.058507680892944336,36668.0,149.03614807128906,355,1
StandardGSGP,e6d0fd6a-ad34-11ef-997c-e4a8dfc2a9a8,diabetes,10,47,153.66578674316406,0.05806255340576172,37304.0,148.8712158203125,367,1
StandardGSGP,e6d0fd6a-ad34-11ef-997c-e4a8dfc2a9a8,diabetes,10,48,153.0522003173828,0.05800366401672363,37790.0,148.2140655517578,377,1
StandardGSGP,e6d0fd6a-ad34-11ef-997c-e4a8dfc2a9a8,diabetes,10,49,153.0499267578125,0.0598301887512207,38726.0,148.2111358642578,383,1
StandardGSGP,e6d0fd6a-ad34-11ef-997c-e4a8dfc2a9a8,diabetes,10,50,152.8004608154297,0.06148219108581543,39556.0,147.94940185546875,393,1
StandardGSGP,e6d0fd6a-ad34-11ef-997c-e4a8dfc2a9a8,diabetes,10,51,152.65870666503906,0.05699920654296875,40258.0,147.88198852539062,403,1
StandardGSGP,e6d0fd6a-ad34-11ef-997c-e4a8dfc2a9a8,diabetes,10,52,152.47129821777344,0.05550980567932129,40802.0,147.63922119140625,413,1
StandardGSGP,e6d0fd6a-ad34-11ef-997c-e4a8dfc2a9a8,diabetes,10,53,152.30067443847656,0.05500006675720215,41706.0,147.51657104492188,415,1
StandardGSGP,e6d0fd6a-ad34-11ef-997c-e4a8dfc2a9a8,diabetes,10,54,151.95651245117188,0.061263084411621094,42556.0,147.16607666015625,421,1
StandardGSGP,e6d0fd6a-ad34-11ef-997c-e4a8dfc2a9a8,diabetes,10,55,151.8046112060547,0.06026101112365723,43284.0,147.01123046875,435,1
StandardGSGP,e6d0fd6a-ad34-11ef-997c-e4a8dfc2a9a8,diabetes,10,56,151.6243438720703,0.13465499877929688,44122.0,146.8166961669922,459,1
StandardGSGP,e6d0fd6a-ad34-11ef-997c-e4a8dfc2a9a8,diabetes,10,57,151.30462646484375,0.06424355506896973,44910.0,146.4547882080078,447,1
StandardGSGP,e6d0fd6a-ad34-11ef-997c-e4a8dfc2a9a8,diabetes,10,58,151.2305908203125,0.05950760841369629,46156.0,146.38485717773438,481,1
StandardGSGP,e6d0fd6a-ad34-11ef-997c-e4a8dfc2a9a8,diabetes,10,59,150.9287567138672,0.05953717231750488,47314.0,146.05502319335938,463,1
StandardGSGP,e6d0fd6a-ad34-11ef-997c-e4a8dfc2a9a8,diabetes,10,60,150.88157653808594,0.05699920654296875,47966.0,146.028564453125,481,1
StandardGSGP,e6d0fd6a-ad34-11ef-997c-e4a8dfc2a9a8,diabetes,10,61,150.5546112060547,0.06051206588745117,48700.0,145.6630096435547,477,1
StandardGSGP,e6d0fd6a-ad34-11ef-997c-e4a8dfc2a9a8,diabetes,10,62,150.3872833251953,0.05702328681945801,49304.0,145.54229736328125,489,1
StandardGSGP,e6d0fd6a-ad34-11ef-997c-e4a8dfc2a9a8,diabetes,10,63,150.29713439941406,0.05535745620727539,49970.0,145.4503173828125,497,1
StandardGSGP,e6d0fd6a-ad34-11ef-997c-e4a8dfc2a9a8,diabetes,10,64,150.25425720214844,0.06548094749450684,50334.0,145.38119506835938,491,1
StandardGSGP,e6d0fd6a-ad34-11ef-997c-e4a8dfc2a9a8,diabetes,10,65,149.87078857421875,0.056769609451293945,50874.0,144.9898223876953,503,1
StandardGSGP,e6d0fd6a-ad34-11ef-997c-e4a8dfc2a9a8,diabetes,10,66,149.74948120117188,0.05659222602844238,51730.0,144.8611297607422,519,1
StandardGSGP,e6d0fd6a-ad34-11ef-997c-e4a8dfc2a9a8,diabetes,10,67,149.5330047607422,0.059041500091552734,52626.0,144.64405822753906,521,1
StandardGSGP,e6d0fd6a-ad34-11ef-997c-e4a8dfc2a9a8,diabetes,10,68,149.13328552246094,0.059508562088012695,53150.0,144.23880004882812,527,1
StandardGSGP,e6d0fd6a-ad34-11ef-997c-e4a8dfc2a9a8,diabetes,10,69,148.8092041015625,0.057448625564575195,53680.0,143.9075927734375,533,1
StandardGSGP,e6d0fd6a-ad34-11ef-997c-e4a8dfc2a9a8,diabetes,10,70,148.5828094482422,0.062001705169677734,54586.0,143.67218017578125,539,1
StandardGSGP,e6d0fd6a-ad34-11ef-997c-e4a8dfc2a9a8,diabetes,10,71,148.22557067871094,0.060926198959350586,55248.0,143.30691528320312,555,1
StandardGSGP,e6d0fd6a-ad34-11ef-997c-e4a8dfc2a9a8,diabetes,10,72,148.20608520507812,0.06085467338562012,55918.0,143.25421142578125,565,1
StandardGSGP,e6d0fd6a-ad34-11ef-997c-e4a8dfc2a9a8,diabetes,10,73,147.9235076904297,0.0599980354309082,56690.0,143.01531982421875,561,1
StandardGSGP,e6d0fd6a-ad34-11ef-997c-e4a8dfc2a9a8,diabetes,10,74,147.673828125,0.05751514434814453,57292.0,142.7564697265625,567,1
StandardGSGP,e6d0fd6a-ad34-11ef-997c-e4a8dfc2a9a8,diabetes,10,75,147.5513458251953,0.05399942398071289,58004.0,142.63558959960938,567,1
StandardGSGP,e6d0fd6a-ad34-11ef-997c-e4a8dfc2a9a8,diabetes,10,76,147.46986389160156,0.05450248718261719,58380.0,142.56594848632812,581,1
StandardGSGP,e6d0fd6a-ad34-11ef-997c-e4a8dfc2a9a8,diabetes,10,77,147.17599487304688,0.057003021240234375,58934.0,142.24746704101562,589,1
StandardGSGP,e6d0fd6a-ad34-11ef-997c-e4a8dfc2a9a8,diabetes,10,78,147.0845489501953,0.058998823165893555,59674.0,142.20680236816406,587,1
StandardGSGP,e6d0fd6a-ad34-11ef-997c-e4a8dfc2a9a8,diabetes,10,79,146.93325805664062,0.05890679359436035,60460.0,142.0565185546875,605,1
StandardGSGP,e6d0fd6a-ad34-11ef-997c-e4a8dfc2a9a8,diabetes,10,80,146.56353759765625,0.05899810791015625,61162.0,141.6228485107422,619,1
StandardGSGP,e6d0fd6a-ad34-11ef-997c-e4a8dfc2a9a8,diabetes,10,81,146.42015075683594,0.055510520935058594,61908.0,141.47634887695312,625,1
StandardGSGP,e6d0fd6a-ad34-11ef-997c-e4a8dfc2a9a8,diabetes,10,82,146.28530883789062,0.06398177146911621,62894.0,141.33851623535156,637,1
StandardGSGP,e6d0fd6a-ad34-11ef-997c-e4a8dfc2a9a8,diabetes,10,83,145.93563842773438,0.056366682052612305,63976.0,141.00758361816406,641,1
StandardGSGP,e6d0fd6a-ad34-11ef-997c-e4a8dfc2a9a8,diabetes,10,84,145.6778106689453,0.05584073066711426,64906.0,140.70289611816406,647,1
StandardGSGP,e6d0fd6a-ad34-11ef-997c-e4a8dfc2a9a8,diabetes,10,85,145.5576934814453,0.05789327621459961,65812.0,140.6215362548828,657,1
StandardGSGP,e6d0fd6a-ad34-11ef-997c-e4a8dfc2a9a8,diabetes,10,86,145.3506622314453,0.058496713638305664,66628.0,140.3641815185547,693,1
StandardGSGP,e6d0fd6a-ad34-11ef-997c-e4a8dfc2a9a8,diabetes,10,87,145.0444793701172,0.06455731391906738,67618.0,140.06419372558594,707,1
StandardGSGP,e6d0fd6a-ad34-11ef-997c-e4a8dfc2a9a8,diabetes,10,88,144.88099670410156,0.060564517974853516,68876.0,139.91323852539062,717,1
StandardGSGP,e6d0fd6a-ad34-11ef-997c-e4a8dfc2a9a8,diabetes,10,89,144.79586791992188,0.06051802635192871,70798.0,139.86013793945312,699,1
StandardGSGP,e6d0fd6a-ad34-11ef-997c-e4a8dfc2a9a8,diabetes,10,90,144.6020050048828,0.06305909156799316,72766.0,139.5653533935547,725,1
StandardGSGP,e6d0fd6a-ad34-11ef-997c-e4a8dfc2a9a8,diabetes,10,91,144.4920654296875,0.06446981430053711,73830.0,139.49484252929688,739,1
StandardGSGP,e6d0fd6a-ad34-11ef-997c-e4a8dfc2a9a8,diabetes,10,92,144.2888641357422,0.057796478271484375,74658.0,139.26202392578125,763,1
StandardGSGP,e6d0fd6a-ad34-11ef-997c-e4a8dfc2a9a8,diabetes,10,93,143.89480590820312,0.0579986572265625,75726.0,138.85997009277344,773,1
StandardGSGP,e6d0fd6a-ad34-11ef-997c-e4a8dfc2a9a8,diabetes,10,94,143.6671600341797,0.06351161003112793,76680.0,138.69479370117188,773,1
StandardGSGP,e6d0fd6a-ad34-11ef-997c-e4a8dfc2a9a8,diabetes,10,95,143.66119384765625,0.061514854431152344,77964.0,138.62127685546875,779,1
StandardGSGP,e6d0fd6a-ad34-11ef-997c-e4a8dfc2a9a8,diabetes,10,96,143.18798828125,0.06100010871887207,78860.0,138.20455932617188,789,1
StandardGSGP,e6d0fd6a-ad34-11ef-997c-e4a8dfc2a9a8,diabetes,10,97,143.18798828125,0.055509090423583984,79746.0,138.20455932617188,789,1
StandardGSGP,e6d0fd6a-ad34-11ef-997c-e4a8dfc2a9a8,diabetes,10,98,142.6768341064453,0.05599665641784668,80328.0,137.68215942382812,807,1
StandardGSGP,e6d0fd6a-ad34-11ef-997c-e4a8dfc2a9a8,diabetes,10,99,142.29693603515625,0.05451703071594238,81090.0,137.29135131835938,817,1
StandardGSGP,e6d0fd6a-ad34-11ef-997c-e4a8dfc2a9a8,diabetes,10,100,142.28732299804688,0.0597081184387207,81952.0,137.27769470214844,827,1
