StandardGSGP,857be80d-ad34-11ef-abc6-e4a8dfc2a9a8,diabetes,15,0,0.27655208110809326,0.14002275466918945,3750.0,0.2677974998950958,7,1
StandardGSGP,857be80d-ad34-11ef-abc6-e4a8dfc2a9a8,diabetes,15,1,0.25801312923431396,0.061003684997558594,1828.0,0.2489219605922699,11,1
StandardGSGP,857be80d-ad34-11ef-abc6-e4a8dfc2a9a8,diabetes,15,2,0.2429048866033554,0.05952119827270508,2454.0,0.23041950166225433,17,1
StandardGSGP,857be80d-ad34-11ef-abc6-e4a8dfc2a9a8,diabetes,15,3,0.2429048866033554,0.0595090389251709,3098.0,0.23041950166225433,17,1
StandardGSGP,857be80d-ad34-11ef-abc6-e4a8dfc2a9a8,diabetes,15,4,0.23783613741397858,0.05798983573913574,3708.0,0.21385891735553741,33,1
StandardGSGP,857be80d-ad34-11ef-abc6-e4a8dfc2a9a8,diabetes,15,5,0.22610272467136383,0.05851459503173828,4318.0,0.22059383988380432,45,1
StandardGSGP,857be80d-ad34-11ef-abc6-e4a8dfc2a9a8,diabetes,15,6,0.22282017767429352,0.055002689361572266,4934.0,0.23140890896320343,53,1
StandardGSGP,857be80d-ad34-11ef-abc6-e4a8dfc2a9a8,diabetes,15,7,0.206368088722229,0.05750703811645508,5906.0,0.21062660217285156,67,1
StandardGSGP,857be80d-ad34-11ef-abc6-e4a8dfc2a9a8,diabetes,15,8,0.206368088722229,0.0563504695892334,6862.0,0.21062660217285156,67,1
StandardGSGP,857be80d-ad34-11ef-abc6-e4a8dfc2a9a8,diabetes,15,9,0.206368088722229,0.05799984931945801,7746.0,0.21062660217285156,67,1
StandardGSGP,857be80d-ad34-11ef-abc6-e4a8dfc2a9a8,diabetes,15,10,0.206368088722229,0.052541255950927734,8406.0,0.21062660217285156,67,1
StandardGSGP,857be80d-ad34-11ef-abc6-e4a8dfc2a9a8,diabetes,15,11,0.206368088722229,0.05771756172180176,9048.0,0.21062660217285156,67,1
StandardGSGP,857be80d-ad34-11ef-abc6-e4a8dfc2a9a8,diabetes,15,12,0.206368088722229,0.05650734901428223,9658.0,0.21062660217285156,67,1
StandardGSGP,857be80d-ad34-11ef-abc6-e4a8dfc2a9a8,diabetes,15,13,0.206368088722229,0.05501103401184082,10268.0,0.21062660217285156,67,1
StandardGSGP,857be80d-ad34-11ef-abc6-e4a8dfc2a9a8,diabetes,15,14,0.1908217966556549,0.05800056457519531,10716.0,0.18912114202976227,91,1
StandardGSGP,857be80d-ad34-11ef-abc6-e4a8dfc2a9a8,diabetes,15,15,0.185603529214859,0.06381464004516602,11130.0,0.18530023097991943,101,1
StandardGSGP,857be80d-ad34-11ef-abc6-e4a8dfc2a9a8,diabetes,15,16,0.185603529214859,0.06303191184997559,11188.0,0.18530023097991943,101,1
StandardGSGP,857be80d-ad34-11ef-abc6-e4a8dfc2a9a8,diabetes,15,17,0.185603529214859,0.05550742149353027,11540.0,0.18530023097991943,101,1
StandardGSGP,857be80d-ad34-11ef-abc6-e4a8dfc2a9a8,diabetes,15,18,0.185603529214859,0.05817580223083496,12160.0,0.18530023097991943,101,1
StandardGSGP,857be80d-ad34-11ef-abc6-e4a8dfc2a9a8,diabetes,15,19,0.185603529214859,0.059998273849487305,12914.0,0.18530023097991943,101,1
StandardGSGP,857be80d-ad34-11ef-abc6-e4a8dfc2a9a8,diabetes,15,20,0.185603529214859,0.05551719665527344,13784.0,0.18530023097991943,101,1
StandardGSGP,857be80d-ad34-11ef-abc6-e4a8dfc2a9a8,diabetes,15,21,0.18246102333068848,0.055811166763305664,13908.0,0.18352019786834717,141,1
StandardGSGP,857be80d-ad34-11ef-abc6-e4a8dfc2a9a8,diabetes,15,22,0.18246102333068848,0.05544090270996094,14654.0,0.18352019786834717,141,1
StandardGSGP,857be80d-ad34-11ef-abc6-e4a8dfc2a9a8,diabetes,15,23,0.18213678896427155,0.06162261962890625,15300.0,0.18346822261810303,147,1
StandardGSGP,857be80d-ad34-11ef-abc6-e4a8dfc2a9a8,diabetes,15,24,0.179781973361969,0.05904746055603027,16002.0,0.17962728440761566,159,1
StandardGSGP,857be80d-ad34-11ef-abc6-e4a8dfc2a9a8,diabetes,15,25,0.1795094907283783,0.06035161018371582,16854.0,0.179758220911026,159,1
StandardGSGP,857be80d-ad34-11ef-abc6-e4a8dfc2a9a8,diabetes,15,26,0.17929498851299286,0.05664992332458496,17634.0,0.17521125078201294,167,1
StandardGSGP,857be80d-ad34-11ef-abc6-e4a8dfc2a9a8,diabetes,15,27,0.17929498851299286,0.061511993408203125,18600.0,0.17521125078201294,167,1
StandardGSGP,857be80d-ad34-11ef-abc6-e4a8dfc2a9a8,diabetes,15,28,0.1792646050453186,0.061934709548950195,19372.0,0.1750698834657669,187,1
StandardGSGP,857be80d-ad34-11ef-abc6-e4a8dfc2a9a8,diabetes,15,29,0.1792646050453186,0.05988168716430664,20044.0,0.1750698834657669,187,1
StandardGSGP,857be80d-ad34-11ef-abc6-e4a8dfc2a9a8,diabetes,15,30,0.1792646050453186,0.057511091232299805,20566.0,0.1750698834657669,187,1
StandardGSGP,857be80d-ad34-11ef-abc6-e4a8dfc2a9a8,diabetes,15,31,0.1792646050453186,0.059450387954711914,21106.0,0.1750698834657669,187,1
StandardGSGP,857be80d-ad34-11ef-abc6-e4a8dfc2a9a8,diabetes,15,32,0.1792646050453186,0.055832624435424805,21754.0,0.1750698834657669,187,1
StandardGSGP,857be80d-ad34-11ef-abc6-e4a8dfc2a9a8,diabetes,15,33,0.1792646050453186,0.06175827980041504,22294.0,0.1750698834657669,187,1
StandardGSGP,857be80d-ad34-11ef-abc6-e4a8dfc2a9a8,diabetes,15,34,0.17925989627838135,0.06051325798034668,22940.0,0.17476585507392883,195,1
StandardGSGP,857be80d-ad34-11ef-abc6-e4a8dfc2a9a8,diabetes,15,35,0.17910867929458618,0.058326005935668945,22918.0,0.17785131931304932,201,1
StandardGSGP,857be80d-ad34-11ef-abc6-e4a8dfc2a9a8,diabetes,15,36,0.17910867929458618,0.05851936340332031,23522.0,0.17785131931304932,201,1
StandardGSGP,857be80d-ad34-11ef-abc6-e4a8dfc2a9a8,diabetes,15,37,0.17910867929458618,0.0615839958190918,24104.0,0.17785131931304932,201,1
StandardGSGP,857be80d-ad34-11ef-abc6-e4a8dfc2a9a8,diabetes,15,38,0.17910867929458618,0.0575103759765625,24406.0,0.17785131931304932,201,1
StandardGSGP,857be80d-ad34-11ef-abc6-e4a8dfc2a9a8,diabetes,15,39,0.17910867929458618,0.05699920654296875,24802.0,0.17785131931304932,201,1
StandardGSGP,857be80d-ad34-11ef-abc6-e4a8dfc2a9a8,diabetes,15,40,0.1776045858860016,0.05751204490661621,25330.0,0.18205754458904266,207,1
StandardGSGP,857be80d-ad34-11ef-abc6-e4a8dfc2a9a8,diabetes,15,41,0.1776045858860016,0.058275461196899414,25436.0,0.18205754458904266,207,1
StandardGSGP,857be80d-ad34-11ef-abc6-e4a8dfc2a9a8,diabetes,15,42,0.1776045858860016,0.13806843757629395,26350.0,0.18205754458904266,207,1
StandardGSGP,857be80d-ad34-11ef-abc6-e4a8dfc2a9a8,diabetes,15,43,0.17709584534168243,0.058290719985961914,25976.0,0.1804925948381424,225,1
StandardGSGP,857be80d-ad34-11ef-abc6-e4a8dfc2a9a8,diabetes,15,44,0.17709584534168243,0.05785727500915527,26346.0,0.1804925948381424,225,1
StandardGSGP,857be80d-ad34-11ef-abc6-e4a8dfc2a9a8,diabetes,15,45,0.17709584534168243,0.05988907814025879,26582.0,0.1804925948381424,225,1
StandardGSGP,857be80d-ad34-11ef-abc6-e4a8dfc2a9a8,diabetes,15,46,0.17709584534168243,0.05870938301086426,26542.0,0.1804925948381424,225,1
StandardGSGP,857be80d-ad34-11ef-abc6-e4a8dfc2a9a8,diabetes,15,47,0.17709584534168243,0.0565640926361084,27780.0,0.1804925948381424,225,1
StandardGSGP,857be80d-ad34-11ef-abc6-e4a8dfc2a9a8,diabetes,15,48,0.17709584534168243,0.05907702445983887,27740.0,0.1804925948381424,225,1
StandardGSGP,857be80d-ad34-11ef-abc6-e4a8dfc2a9a8,diabetes,15,49,0.17709584534168243,0.05454111099243164,27832.0,0.1804925948381424,225,1
StandardGSGP,857be80d-ad34-11ef-abc6-e4a8dfc2a9a8,diabetes,15,50,0.17709584534168243,0.0614018440246582,28908.0,0.1804925948381424,225,1
StandardGSGP,857be80d-ad34-11ef-abc6-e4a8dfc2a9a8,diabetes,15,51,0.17709584534168243,0.0559992790222168,29854.0,0.1804925948381424,225,1
StandardGSGP,857be80d-ad34-11ef-abc6-e4a8dfc2a9a8,diabetes,15,52,0.17709584534168243,0.060513973236083984,30070.0,0.1804925948381424,225,1
StandardGSGP,857be80d-ad34-11ef-abc6-e4a8dfc2a9a8,diabetes,15,53,0.17698471248149872,0.05700325965881348,30040.0,0.17733432352542877,237,1
StandardGSGP,857be80d-ad34-11ef-abc6-e4a8dfc2a9a8,diabetes,15,54,0.1754085123538971,0.05658388137817383,29482.0,0.17982466518878937,235,1
StandardGSGP,857be80d-ad34-11ef-abc6-e4a8dfc2a9a8,diabetes,15,55,0.1754085123538971,0.05551648139953613,29142.0,0.17982466518878937,235,1
StandardGSGP,857be80d-ad34-11ef-abc6-e4a8dfc2a9a8,diabetes,15,56,0.1754085123538971,0.053998708724975586,29204.0,0.17982466518878937,235,1
StandardGSGP,857be80d-ad34-11ef-abc6-e4a8dfc2a9a8,diabetes,15,57,0.1754085123538971,0.05553722381591797,28364.0,0.17982466518878937,235,1
StandardGSGP,857be80d-ad34-11ef-abc6-e4a8dfc2a9a8,diabetes,15,58,0.1754085123538971,0.07100796699523926,29006.0,0.17982466518878937,235,1
StandardGSGP,857be80d-ad34-11ef-abc6-e4a8dfc2a9a8,diabetes,15,59,0.1754085123538971,0.06493997573852539,29018.0,0.17982466518878937,235,1
StandardGSGP,857be80d-ad34-11ef-abc6-e4a8dfc2a9a8,diabetes,15,60,0.1754085123538971,0.059207916259765625,28424.0,0.17982466518878937,235,1
StandardGSGP,857be80d-ad34-11ef-abc6-e4a8dfc2a9a8,diabetes,15,61,0.1754085123538971,0.06430983543395996,28272.0,0.17982466518878937,235,1
StandardGSGP,857be80d-ad34-11ef-abc6-e4a8dfc2a9a8,diabetes,15,62,0.17454245686531067,0.05913996696472168,28134.0,0.17907896637916565,261,1
StandardGSGP,857be80d-ad34-11ef-abc6-e4a8dfc2a9a8,diabetes,15,63,0.17454245686531067,0.05636334419250488,29006.0,0.17907896637916565,261,1
StandardGSGP,857be80d-ad34-11ef-abc6-e4a8dfc2a9a8,diabetes,15,64,0.17454245686531067,0.06113481521606445,29304.0,0.17907896637916565,261,1
StandardGSGP,857be80d-ad34-11ef-abc6-e4a8dfc2a9a8,diabetes,15,65,0.17454245686531067,0.05751633644104004,29150.0,0.17907896637916565,261,1
StandardGSGP,857be80d-ad34-11ef-abc6-e4a8dfc2a9a8,diabetes,15,66,0.17431281507015228,0.05499768257141113,29064.0,0.17660653591156006,277,1
StandardGSGP,857be80d-ad34-11ef-abc6-e4a8dfc2a9a8,diabetes,15,67,0.1738264411687851,0.05650973320007324,29294.0,0.17611952126026154,293,1
StandardGSGP,857be80d-ad34-11ef-abc6-e4a8dfc2a9a8,diabetes,15,68,0.1738264411687851,0.05651378631591797,29600.0,0.17611952126026154,293,1
StandardGSGP,857be80d-ad34-11ef-abc6-e4a8dfc2a9a8,diabetes,15,69,0.1738264411687851,0.0559995174407959,30294.0,0.17611952126026154,293,1
StandardGSGP,857be80d-ad34-11ef-abc6-e4a8dfc2a9a8,diabetes,15,70,0.17375421524047852,0.05651235580444336,31062.0,0.17610812187194824,299,1
StandardGSGP,857be80d-ad34-11ef-abc6-e4a8dfc2a9a8,diabetes,15,71,0.17375421524047852,0.054998159408569336,31660.0,0.17610812187194824,299,1
StandardGSGP,857be80d-ad34-11ef-abc6-e4a8dfc2a9a8,diabetes,15,72,0.17361052334308624,0.0638883113861084,32624.0,0.17631033062934875,305,1
StandardGSGP,857be80d-ad34-11ef-abc6-e4a8dfc2a9a8,diabetes,15,73,0.17331290245056152,0.05599522590637207,33024.0,0.17595532536506653,315,1
StandardGSGP,857be80d-ad34-11ef-abc6-e4a8dfc2a9a8,diabetes,15,74,0.17331290245056152,0.05851125717163086,33586.0,0.17595532536506653,315,1
StandardGSGP,857be80d-ad34-11ef-abc6-e4a8dfc2a9a8,diabetes,15,75,0.17331290245056152,0.05745267868041992,34010.0,0.17595532536506653,315,1
StandardGSGP,857be80d-ad34-11ef-abc6-e4a8dfc2a9a8,diabetes,15,76,0.17331290245056152,0.0565488338470459,34748.0,0.17595532536506653,315,1
StandardGSGP,857be80d-ad34-11ef-abc6-e4a8dfc2a9a8,diabetes,15,77,0.17331290245056152,0.05861496925354004,35022.0,0.17595532536506653,315,1
StandardGSGP,857be80d-ad34-11ef-abc6-e4a8dfc2a9a8,diabetes,15,78,0.17331290245056152,0.056003570556640625,35712.0,0.17595532536506653,315,1
StandardGSGP,857be80d-ad34-11ef-abc6-e4a8dfc2a9a8,diabetes,15,79,0.17331290245056152,0.057506561279296875,36254.0,0.17595532536506653,315,1
StandardGSGP,857be80d-ad34-11ef-abc6-e4a8dfc2a9a8,diabetes,15,80,0.17331290245056152,0.05751204490661621,36870.0,0.17595532536506653,315,1
StandardGSGP,857be80d-ad34-11ef-abc6-e4a8dfc2a9a8,diabetes,15,81,0.17331290245056152,0.07752513885498047,36776.0,0.17595532536506653,315,1
StandardGSGP,857be80d-ad34-11ef-abc6-e4a8dfc2a9a8,diabetes,15,82,0.17331290245056152,0.05994248390197754,37070.0,0.17595532536506653,315,1
StandardGSGP,857be80d-ad34-11ef-abc6-e4a8dfc2a9a8,diabetes,15,83,0.17331290245056152,0.056038618087768555,37046.0,0.17595532536506653,315,1
StandardGSGP,857be80d-ad34-11ef-abc6-e4a8dfc2a9a8,diabetes,15,84,0.17331290245056152,0.05800032615661621,37950.0,0.17595532536506653,315,1
StandardGSGP,857be80d-ad34-11ef-abc6-e4a8dfc2a9a8,diabetes,15,85,0.17331290245056152,0.05727863311767578,37432.0,0.17595532536506653,315,1
StandardGSGP,857be80d-ad34-11ef-abc6-e4a8dfc2a9a8,diabetes,15,86,0.17331290245056152,0.059000492095947266,37546.0,0.17595532536506653,315,1
StandardGSGP,857be80d-ad34-11ef-abc6-e4a8dfc2a9a8,diabetes,15,87,0.17331290245056152,0.055507659912109375,37098.0,0.17595532536506653,315,1
StandardGSGP,857be80d-ad34-11ef-abc6-e4a8dfc2a9a8,diabetes,15,88,0.17331290245056152,0.058508872985839844,37066.0,0.17595532536506653,315,1
StandardGSGP,857be80d-ad34-11ef-abc6-e4a8dfc2a9a8,diabetes,15,89,0.17331290245056152,0.05620074272155762,37814.0,0.17595532536506653,315,1
StandardGSGP,857be80d-ad34-11ef-abc6-e4a8dfc2a9a8,diabetes,15,90,0.17241960763931274,0.05702400207519531,38774.0,0.17872783541679382,327,1
StandardGSGP,857be80d-ad34-11ef-abc6-e4a8dfc2a9a8,diabetes,15,91,0.17237748205661774,0.05921816825866699,38946.0,0.17800135910511017,333,1
StandardGSGP,857be80d-ad34-11ef-abc6-e4a8dfc2a9a8,diabetes,15,92,0.17237748205661774,0.05692625045776367,39200.0,0.17800135910511017,333,1
StandardGSGP,857be80d-ad34-11ef-abc6-e4a8dfc2a9a8,diabetes,15,93,0.1720750778913498,0.0586240291595459,39270.0,0.17932087182998657,361,1
StandardGSGP,857be80d-ad34-11ef-abc6-e4a8dfc2a9a8,diabetes,15,94,0.1720750778913498,0.059499502182006836,38664.0,0.17932087182998657,361,1
StandardGSGP,857be80d-ad34-11ef-abc6-e4a8dfc2a9a8,diabetes,15,95,0.1720750778913498,0.05657672882080078,38596.0,0.17932087182998657,361,1
StandardGSGP,857be80d-ad34-11ef-abc6-e4a8dfc2a9a8,diabetes,15,96,0.1720750778913498,0.058533668518066406,39072.0,0.17932087182998657,361,1
StandardGSGP,857be80d-ad34-11ef-abc6-e4a8dfc2a9a8,diabetes,15,97,0.1720750778913498,0.05550956726074219,39712.0,0.17932087182998657,361,1
StandardGSGP,857be80d-ad34-11ef-abc6-e4a8dfc2a9a8,diabetes,15,98,0.17196130752563477,0.06034135818481445,39712.0,0.17973245680332184,371,1
StandardGSGP,857be80d-ad34-11ef-abc6-e4a8dfc2a9a8,diabetes,15,99,0.17196130752563477,0.05751967430114746,39848.0,0.17973245680332184,371,1
StandardGSGP,857be80d-ad34-11ef-abc6-e4a8dfc2a9a8,diabetes,15,100,0.17196130752563477,0.0606989860534668,40212.0,0.17973245680332184,371,1
StandardGSGP,fa2d89e1-ad34-11ef-abc6-e4a8dfc2a9a8,diabetes,15,0,142.44024658203125,0.14339017868041992,3750.0,147.5314483642578,127,1
StandardGSGP,fa2d89e1-ad34-11ef-abc6-e4a8dfc2a9a8,diabetes,15,1,142.2322540283203,0.05672645568847656,2856.0,147.31988525390625,133,1
StandardGSGP,fa2d89e1-ad34-11ef-abc6-e4a8dfc2a9a8,diabetes,15,2,142.1439971923828,0.06100344657897949,6030.0,147.23086547851562,143,1
StandardGSGP,fa2d89e1-ad34-11ef-abc6-e4a8dfc2a9a8,diabetes,15,3,141.92344665527344,0.05599832534790039,12626.0,147.01992797851562,153,1
StandardGSGP,fa2d89e1-ad34-11ef-abc6-e4a8dfc2a9a8,diabetes,15,4,141.76698303222656,0.05950784683227539,15956.0,146.8631591796875,163,1
StandardGSGP,fa2d89e1-ad34-11ef-abc6-e4a8dfc2a9a8,diabetes,15,5,141.5371551513672,0.05899953842163086,16916.0,146.63076782226562,167,1
StandardGSGP,fa2d89e1-ad34-11ef-abc6-e4a8dfc2a9a8,diabetes,15,6,141.41705322265625,0.05650830268859863,17712.0,146.5079345703125,165,1
StandardGSGP,fa2d89e1-ad34-11ef-abc6-e4a8dfc2a9a8,diabetes,15,7,141.2679901123047,0.05800437927246094,18350.0,146.35455322265625,173,1
StandardGSGP,fa2d89e1-ad34-11ef-abc6-e4a8dfc2a9a8,diabetes,15,8,141.12498474121094,0.0595090389251709,18948.0,146.21463012695312,185,1
StandardGSGP,fa2d89e1-ad34-11ef-abc6-e4a8dfc2a9a8,diabetes,15,9,140.9611358642578,0.059551239013671875,19668.0,146.0496063232422,203,1
StandardGSGP,fa2d89e1-ad34-11ef-abc6-e4a8dfc2a9a8,diabetes,15,10,140.62646484375,0.05500054359436035,20486.0,145.7109375,215,1
StandardGSGP,fa2d89e1-ad34-11ef-abc6-e4a8dfc2a9a8,diabetes,15,11,140.5288848876953,0.05513763427734375,21382.0,145.6072540283203,201,1
StandardGSGP,fa2d89e1-ad34-11ef-abc6-e4a8dfc2a9a8,diabetes,15,12,140.398681640625,0.061002254486083984,22610.0,145.48045349121094,223,1
StandardGSGP,fa2d89e1-ad34-11ef-abc6-e4a8dfc2a9a8,diabetes,15,13,140.18557739257812,0.06000518798828125,23694.0,145.2707977294922,237,1
StandardGSGP,fa2d89e1-ad34-11ef-abc6-e4a8dfc2a9a8,diabetes,15,14,139.94180297851562,0.06048893928527832,24270.0,145.01626586914062,241,1
StandardGSGP,fa2d89e1-ad34-11ef-abc6-e4a8dfc2a9a8,diabetes,15,15,139.81044006347656,0.06200003623962402,24858.0,144.89344787597656,251,1
StandardGSGP,fa2d89e1-ad34-11ef-abc6-e4a8dfc2a9a8,diabetes,15,16,139.38148498535156,0.06081414222717285,25922.0,144.45901489257812,261,1
StandardGSGP,fa2d89e1-ad34-11ef-abc6-e4a8dfc2a9a8,diabetes,15,17,139.38148498535156,0.055002450942993164,26816.0,144.45901489257812,261,1
StandardGSGP,fa2d89e1-ad34-11ef-abc6-e4a8dfc2a9a8,diabetes,15,18,138.97669982910156,0.06050872802734375,27610.0,144.04893493652344,279,1
StandardGSGP,fa2d89e1-ad34-11ef-abc6-e4a8dfc2a9a8,diabetes,15,19,138.9161376953125,0.05856037139892578,28546.0,143.96844482421875,285,1
StandardGSGP,fa2d89e1-ad34-11ef-abc6-e4a8dfc2a9a8,diabetes,15,20,138.6646728515625,0.05799722671508789,29574.0,143.73391723632812,295,1
StandardGSGP,fa2d89e1-ad34-11ef-abc6-e4a8dfc2a9a8,diabetes,15,21,138.4034423828125,0.07590222358703613,30628.0,143.46868896484375,307,1
StandardGSGP,fa2d89e1-ad34-11ef-abc6-e4a8dfc2a9a8,diabetes,15,22,138.16851806640625,0.05859780311584473,31450.0,143.2304229736328,313,1
StandardGSGP,fa2d89e1-ad34-11ef-abc6-e4a8dfc2a9a8,diabetes,15,23,138.14324951171875,0.05699920654296875,32248.0,143.20436096191406,321,1
StandardGSGP,fa2d89e1-ad34-11ef-abc6-e4a8dfc2a9a8,diabetes,15,24,137.88922119140625,0.057511329650878906,33138.0,142.88352966308594,329,1
StandardGSGP,fa2d89e1-ad34-11ef-abc6-e4a8dfc2a9a8,diabetes,15,25,137.808349609375,0.05600285530090332,33882.0,142.84359741210938,339,1
StandardGSGP,fa2d89e1-ad34-11ef-abc6-e4a8dfc2a9a8,diabetes,15,26,137.3111572265625,0.05550527572631836,34660.0,142.33920288085938,349,1
StandardGSGP,fa2d89e1-ad34-11ef-abc6-e4a8dfc2a9a8,diabetes,15,27,137.05958557128906,0.05902981758117676,35462.0,142.0854034423828,361,1
StandardGSGP,fa2d89e1-ad34-11ef-abc6-e4a8dfc2a9a8,diabetes,15,28,136.6969451904297,0.06241273880004883,36488.0,141.71661376953125,361,1
StandardGSGP,fa2d89e1-ad34-11ef-abc6-e4a8dfc2a9a8,diabetes,15,29,136.6969451904297,0.058510541915893555,37666.0,141.71661376953125,361,1
StandardGSGP,fa2d89e1-ad34-11ef-abc6-e4a8dfc2a9a8,diabetes,15,30,136.69459533691406,0.057630300521850586,38428.0,141.715576171875,367,1
StandardGSGP,fa2d89e1-ad34-11ef-abc6-e4a8dfc2a9a8,diabetes,15,31,136.46148681640625,0.0568239688873291,38818.0,141.4875946044922,381,1
StandardGSGP,fa2d89e1-ad34-11ef-abc6-e4a8dfc2a9a8,diabetes,15,32,136.3213348388672,0.057788848876953125,38988.0,141.35691833496094,391,1
StandardGSGP,fa2d89e1-ad34-11ef-abc6-e4a8dfc2a9a8,diabetes,15,33,136.07260131835938,0.060997724533081055,39424.0,141.028564453125,403,1
StandardGSGP,fa2d89e1-ad34-11ef-abc6-e4a8dfc2a9a8,diabetes,15,34,135.90859985351562,0.0625143051147461,40422.0,140.92457580566406,409,1
StandardGSGP,fa2d89e1-ad34-11ef-abc6-e4a8dfc2a9a8,diabetes,15,35,135.83810424804688,0.06450843811035156,41470.0,140.85382080078125,415,1
StandardGSGP,fa2d89e1-ad34-11ef-abc6-e4a8dfc2a9a8,diabetes,15,36,135.77334594726562,0.06263160705566406,42402.0,140.77072143554688,411,1
StandardGSGP,fa2d89e1-ad34-11ef-abc6-e4a8dfc2a9a8,diabetes,15,37,135.55029296875,0.057509660720825195,43136.0,140.55149841308594,429,1
StandardGSGP,fa2d89e1-ad34-11ef-abc6-e4a8dfc2a9a8,diabetes,15,38,135.5100555419922,0.05786585807800293,43806.0,140.51988220214844,441,1
StandardGSGP,fa2d89e1-ad34-11ef-abc6-e4a8dfc2a9a8,diabetes,15,39,135.18638610839844,0.05703592300415039,44594.0,140.18460083007812,441,1
StandardGSGP,fa2d89e1-ad34-11ef-abc6-e4a8dfc2a9a8,diabetes,15,40,135.00250244140625,0.06351017951965332,45312.0,139.99893188476562,447,1
StandardGSGP,fa2d89e1-ad34-11ef-abc6-e4a8dfc2a9a8,diabetes,15,41,134.90255737304688,0.06114792823791504,45992.0,139.9143829345703,467,1
StandardGSGP,fa2d89e1-ad34-11ef-abc6-e4a8dfc2a9a8,diabetes,15,42,134.81683349609375,0.06358766555786133,46704.0,139.8273468017578,473,1
StandardGSGP,fa2d89e1-ad34-11ef-abc6-e4a8dfc2a9a8,diabetes,15,43,134.66558837890625,0.059014320373535156,47470.0,139.6742401123047,491,1
StandardGSGP,fa2d89e1-ad34-11ef-abc6-e4a8dfc2a9a8,diabetes,15,44,134.59104919433594,0.05924630165100098,48576.0,139.59669494628906,501,1
StandardGSGP,fa2d89e1-ad34-11ef-abc6-e4a8dfc2a9a8,diabetes,15,45,134.09521484375,0.06552410125732422,49638.0,139.09548950195312,501,1
StandardGSGP,fa2d89e1-ad34-11ef-abc6-e4a8dfc2a9a8,diabetes,15,46,134.09521484375,0.05989718437194824,50872.0,139.09548950195312,501,1
StandardGSGP,fa2d89e1-ad34-11ef-abc6-e4a8dfc2a9a8,diabetes,15,47,133.80665588378906,0.06051373481750488,51436.0,138.80201721191406,511,1
StandardGSGP,fa2d89e1-ad34-11ef-abc6-e4a8dfc2a9a8,diabetes,15,48,133.66917419433594,0.05942392349243164,52300.0,138.66177368164062,517,1
StandardGSGP,fa2d89e1-ad34-11ef-abc6-e4a8dfc2a9a8,diabetes,15,49,133.53562927246094,0.05611705780029297,52812.0,138.54197692871094,527,1
StandardGSGP,fa2d89e1-ad34-11ef-abc6-e4a8dfc2a9a8,diabetes,15,50,133.43849182128906,0.05850958824157715,53432.0,138.4178924560547,539,1
StandardGSGP,fa2d89e1-ad34-11ef-abc6-e4a8dfc2a9a8,diabetes,15,51,133.20523071289062,0.06301641464233398,54056.0,138.1732940673828,535,1
StandardGSGP,fa2d89e1-ad34-11ef-abc6-e4a8dfc2a9a8,diabetes,15,52,132.94805908203125,0.06105303764343262,55032.0,137.91407775878906,541,1
StandardGSGP,fa2d89e1-ad34-11ef-abc6-e4a8dfc2a9a8,diabetes,15,53,132.83090209960938,0.05766582489013672,55714.0,137.79505920410156,547,1
StandardGSGP,fa2d89e1-ad34-11ef-abc6-e4a8dfc2a9a8,diabetes,15,54,132.53854370117188,0.05922842025756836,56508.0,137.49493408203125,575,1
StandardGSGP,fa2d89e1-ad34-11ef-abc6-e4a8dfc2a9a8,diabetes,15,55,132.16094970703125,0.05509233474731445,57184.0,137.13345336914062,571,1
StandardGSGP,fa2d89e1-ad34-11ef-abc6-e4a8dfc2a9a8,diabetes,15,56,131.8826141357422,0.053980112075805664,57742.0,136.83164978027344,565,1
StandardGSGP,fa2d89e1-ad34-11ef-abc6-e4a8dfc2a9a8,diabetes,15,57,131.85670471191406,0.05350661277770996,58556.0,136.82533264160156,583,1
StandardGSGP,fa2d89e1-ad34-11ef-abc6-e4a8dfc2a9a8,diabetes,15,58,131.75917053222656,0.06151700019836426,59508.0,136.71676635742188,591,1
StandardGSGP,fa2d89e1-ad34-11ef-abc6-e4a8dfc2a9a8,diabetes,15,59,131.59072875976562,0.05799984931945801,60402.0,136.49534606933594,609,1
StandardGSGP,fa2d89e1-ad34-11ef-abc6-e4a8dfc2a9a8,diabetes,15,60,131.45741271972656,0.05951118469238281,60894.0,136.3641815185547,619,1
StandardGSGP,fa2d89e1-ad34-11ef-abc6-e4a8dfc2a9a8,diabetes,15,61,131.0342254638672,0.05916023254394531,62088.0,135.9261474609375,631,1
StandardGSGP,fa2d89e1-ad34-11ef-abc6-e4a8dfc2a9a8,diabetes,15,62,131.00648498535156,0.1322336196899414,63090.0,135.9031524658203,653,1
StandardGSGP,fa2d89e1-ad34-11ef-abc6-e4a8dfc2a9a8,diabetes,15,63,130.75999450683594,0.05706286430358887,64302.0,135.65255737304688,663,1
StandardGSGP,fa2d89e1-ad34-11ef-abc6-e4a8dfc2a9a8,diabetes,15,64,130.64883422851562,0.05951237678527832,65566.0,135.53848266601562,673,1
StandardGSGP,fa2d89e1-ad34-11ef-abc6-e4a8dfc2a9a8,diabetes,15,65,130.60055541992188,0.05999875068664551,66722.0,135.52430725097656,677,1
StandardGSGP,fa2d89e1-ad34-11ef-abc6-e4a8dfc2a9a8,diabetes,15,66,130.36924743652344,0.0564732551574707,67986.0,135.26153564453125,695,1
StandardGSGP,fa2d89e1-ad34-11ef-abc6-e4a8dfc2a9a8,diabetes,15,67,130.1776580810547,0.05594277381896973,68946.0,135.0660400390625,703,1
StandardGSGP,fa2d89e1-ad34-11ef-abc6-e4a8dfc2a9a8,diabetes,15,68,130.04542541503906,0.06130695343017578,69884.0,134.91220092773438,713,1
StandardGSGP,fa2d89e1-ad34-11ef-abc6-e4a8dfc2a9a8,diabetes,15,69,129.72427368164062,0.06102728843688965,71220.0,134.614501953125,727,1
StandardGSGP,fa2d89e1-ad34-11ef-abc6-e4a8dfc2a9a8,diabetes,15,70,129.55206298828125,0.05854320526123047,72516.0,134.43968200683594,735,1
StandardGSGP,fa2d89e1-ad34-11ef-abc6-e4a8dfc2a9a8,diabetes,15,71,129.51222229003906,0.06050896644592285,73580.0,134.39877319335938,735,1
StandardGSGP,fa2d89e1-ad34-11ef-abc6-e4a8dfc2a9a8,diabetes,15,72,129.4180145263672,0.06451082229614258,74584.0,134.303955078125,747,1
StandardGSGP,fa2d89e1-ad34-11ef-abc6-e4a8dfc2a9a8,diabetes,15,73,129.22349548339844,0.05577898025512695,75376.0,134.10205078125,749,1
StandardGSGP,fa2d89e1-ad34-11ef-abc6-e4a8dfc2a9a8,diabetes,15,74,128.9239044189453,0.055505990982055664,76268.0,133.80044555664062,749,1
StandardGSGP,fa2d89e1-ad34-11ef-abc6-e4a8dfc2a9a8,diabetes,15,75,128.87167358398438,0.059627532958984375,76928.0,133.78018188476562,755,1
StandardGSGP,fa2d89e1-ad34-11ef-abc6-e4a8dfc2a9a8,diabetes,15,76,128.69589233398438,0.05620002746582031,77128.0,133.56919860839844,763,1
StandardGSGP,fa2d89e1-ad34-11ef-abc6-e4a8dfc2a9a8,diabetes,15,77,128.57948303222656,0.058510780334472656,77430.0,133.4673614501953,783,1
StandardGSGP,fa2d89e1-ad34-11ef-abc6-e4a8dfc2a9a8,diabetes,15,78,128.38320922851562,0.054999351501464844,78310.0,133.244140625,779,1
StandardGSGP,fa2d89e1-ad34-11ef-abc6-e4a8dfc2a9a8,diabetes,15,79,128.33209228515625,0.05974626541137695,79530.0,133.19894409179688,797,1
StandardGSGP,fa2d89e1-ad34-11ef-abc6-e4a8dfc2a9a8,diabetes,15,80,128.30726623535156,0.05851268768310547,80286.0,133.12612915039062,793,1
StandardGSGP,fa2d89e1-ad34-11ef-abc6-e4a8dfc2a9a8,diabetes,15,81,128.12222290039062,0.060625314712524414,81034.0,132.99755859375,803,1
StandardGSGP,fa2d89e1-ad34-11ef-abc6-e4a8dfc2a9a8,diabetes,15,82,127.83683776855469,0.060534000396728516,81496.0,132.7082061767578,809,1
StandardGSGP,fa2d89e1-ad34-11ef-abc6-e4a8dfc2a9a8,diabetes,15,83,127.68694305419922,0.05700373649597168,82136.0,132.47805786132812,827,1
StandardGSGP,fa2d89e1-ad34-11ef-abc6-e4a8dfc2a9a8,diabetes,15,84,127.59396362304688,0.05851030349731445,83124.0,132.3828887939453,833,1
StandardGSGP,fa2d89e1-ad34-11ef-abc6-e4a8dfc2a9a8,diabetes,15,85,127.37789154052734,0.058844804763793945,83988.0,132.16355895996094,839,1
StandardGSGP,fa2d89e1-ad34-11ef-abc6-e4a8dfc2a9a8,diabetes,15,86,127.18704223632812,0.05913257598876953,84960.0,131.9248504638672,845,1
StandardGSGP,fa2d89e1-ad34-11ef-abc6-e4a8dfc2a9a8,diabetes,15,87,127.10505676269531,0.0645132064819336,85622.0,131.86749267578125,857,1
StandardGSGP,fa2d89e1-ad34-11ef-abc6-e4a8dfc2a9a8,diabetes,15,88,126.87979888916016,0.0650017261505127,86328.0,131.6554412841797,863,1
StandardGSGP,fa2d89e1-ad34-11ef-abc6-e4a8dfc2a9a8,diabetes,15,89,126.6466293334961,0.05699944496154785,87158.0,131.41651916503906,875,1
StandardGSGP,fa2d89e1-ad34-11ef-abc6-e4a8dfc2a9a8,diabetes,15,90,126.3595962524414,0.0651397705078125,87856.0,131.12646484375,875,1
StandardGSGP,fa2d89e1-ad34-11ef-abc6-e4a8dfc2a9a8,diabetes,15,91,126.23330688476562,0.05740952491760254,88770.0,130.99761962890625,881,1
StandardGSGP,fa2d89e1-ad34-11ef-abc6-e4a8dfc2a9a8,diabetes,15,92,126.09223175048828,0.059503793716430664,89472.0,130.853515625,883,1
StandardGSGP,fa2d89e1-ad34-11ef-abc6-e4a8dfc2a9a8,diabetes,15,93,126.08179473876953,0.0653693675994873,90148.0,130.84054565429688,891,1
StandardGSGP,fa2d89e1-ad34-11ef-abc6-e4a8dfc2a9a8,diabetes,15,94,125.7752914428711,0.0599367618560791,90762.0,130.52919006347656,897,1
StandardGSGP,fa2d89e1-ad34-11ef-abc6-e4a8dfc2a9a8,diabetes,15,95,125.58032989501953,0.060949087142944336,91288.0,130.32948303222656,903,1
StandardGSGP,fa2d89e1-ad34-11ef-abc6-e4a8dfc2a9a8,diabetes,15,96,125.39987182617188,0.05940437316894531,91890.0,130.1450958251953,909,1
StandardGSGP,fa2d89e1-ad34-11ef-abc6-e4a8dfc2a9a8,diabetes,15,97,125.36612701416016,0.05651354789733887,92374.0,130.11187744140625,917,1
StandardGSGP,fa2d89e1-ad34-11ef-abc6-e4a8dfc2a9a8,diabetes,15,98,125.13810729980469,0.057753562927246094,93130.0,129.87448120117188,927,1
StandardGSGP,fa2d89e1-ad34-11ef-abc6-e4a8dfc2a9a8,diabetes,15,99,125.10374450683594,0.0560002326965332,94020.0,129.84786987304688,931,1
StandardGSGP,fa2d89e1-ad34-11ef-abc6-e4a8dfc2a9a8,diabetes,15,100,124.82401275634766,0.05984163284301758,94666.0,129.50079345703125,941,1
