StandardGSGP,81ae1c3d-ad34-11ef-981f-e4a8dfc2a9a8,diabetes,14,0,0.26446065306663513,0.14481234550476074,3706.0,0.2372172623872757,15,1
StandardGSGP,81ae1c3d-ad34-11ef-981f-e4a8dfc2a9a8,diabetes,14,1,0.2142942100763321,0.055389404296875,1706.0,0.20132037997245789,13,1
StandardGSGP,81ae1c3d-ad34-11ef-981f-e4a8dfc2a9a8,diabetes,14,2,0.19537797570228577,0.06399774551391602,2430.0,0.18577517569065094,19,1
StandardGSGP,81ae1c3d-ad34-11ef-981f-e4a8dfc2a9a8,diabetes,14,3,0.18604032695293427,0.055727243423461914,3224.0,0.18794934451580048,25,1
StandardGSGP,81ae1c3d-ad34-11ef-981f-e4a8dfc2a9a8,diabetes,14,4,0.18604032695293427,0.06122446060180664,3956.0,0.18794934451580048,25,1
StandardGSGP,81ae1c3d-ad34-11ef-981f-e4a8dfc2a9a8,diabetes,14,5,0.18604032695293427,0.05812335014343262,4638.0,0.18794934451580048,25,1
StandardGSGP,81ae1c3d-ad34-11ef-981f-e4a8dfc2a9a8,diabetes,14,6,0.18604032695293427,0.057506561279296875,5332.0,0.18794934451580048,25,1
StandardGSGP,81ae1c3d-ad34-11ef-981f-e4a8dfc2a9a8,diabetes,14,7,0.18604032695293427,0.06200003623962402,6346.0,0.18794934451580048,25,1
StandardGSGP,81ae1c3d-ad34-11ef-981f-e4a8dfc2a9a8,diabetes,14,8,0.18604032695293427,0.05750727653503418,7012.0,0.18794934451580048,25,1
StandardGSGP,81ae1c3d-ad34-11ef-981f-e4a8dfc2a9a8,diabetes,14,9,0.18604032695293427,0.06627988815307617,7590.0,0.18794934451580048,25,1
StandardGSGP,81ae1c3d-ad34-11ef-981f-e4a8dfc2a9a8,diabetes,14,10,0.18478646874427795,0.0627889633178711,8248.0,0.18564942479133606,35,1
StandardGSGP,81ae1c3d-ad34-11ef-981f-e4a8dfc2a9a8,diabetes,14,11,0.18478646874427795,0.05750536918640137,8200.0,0.18564942479133606,35,1
StandardGSGP,81ae1c3d-ad34-11ef-981f-e4a8dfc2a9a8,diabetes,14,12,0.18478646874427795,0.05900287628173828,8244.0,0.18564942479133606,35,1
StandardGSGP,81ae1c3d-ad34-11ef-981f-e4a8dfc2a9a8,diabetes,14,13,0.18478646874427795,0.05650782585144043,8168.0,0.18564942479133606,35,1
StandardGSGP,81ae1c3d-ad34-11ef-981f-e4a8dfc2a9a8,diabetes,14,14,0.18478646874427795,0.06204032897949219,8122.0,0.18564942479133606,35,1
StandardGSGP,81ae1c3d-ad34-11ef-981f-e4a8dfc2a9a8,diabetes,14,15,0.18343684077262878,0.06625652313232422,8146.0,0.1888866275548935,81,1
StandardGSGP,81ae1c3d-ad34-11ef-981f-e4a8dfc2a9a8,diabetes,14,16,0.18343684077262878,0.06508779525756836,9620.0,0.1888866275548935,81,1
StandardGSGP,81ae1c3d-ad34-11ef-981f-e4a8dfc2a9a8,diabetes,14,17,0.18343684077262878,0.06400513648986816,10564.0,0.1888866275548935,81,1
StandardGSGP,81ae1c3d-ad34-11ef-981f-e4a8dfc2a9a8,diabetes,14,18,0.18343684077262878,0.059999942779541016,11180.0,0.1888866275548935,81,1
StandardGSGP,81ae1c3d-ad34-11ef-981f-e4a8dfc2a9a8,diabetes,14,19,0.18343684077262878,0.05557084083557129,11552.0,0.1888866275548935,81,1
StandardGSGP,81ae1c3d-ad34-11ef-981f-e4a8dfc2a9a8,diabetes,14,20,0.18312521278858185,0.05630207061767578,11736.0,0.19110091030597687,95,1
StandardGSGP,81ae1c3d-ad34-11ef-981f-e4a8dfc2a9a8,diabetes,14,21,0.18312521278858185,0.06083393096923828,12094.0,0.19110091030597687,95,1
StandardGSGP,81ae1c3d-ad34-11ef-981f-e4a8dfc2a9a8,diabetes,14,22,0.18310149013996124,0.05775284767150879,12744.0,0.19591303169727325,109,1
StandardGSGP,81ae1c3d-ad34-11ef-981f-e4a8dfc2a9a8,diabetes,14,23,0.18147854506969452,0.05598568916320801,13792.0,0.19181881844997406,115,1
StandardGSGP,81ae1c3d-ad34-11ef-981f-e4a8dfc2a9a8,diabetes,14,24,0.18097935616970062,0.05950450897216797,14644.0,0.1883152723312378,115,1
StandardGSGP,81ae1c3d-ad34-11ef-981f-e4a8dfc2a9a8,diabetes,14,25,0.18097935616970062,0.05764889717102051,15202.0,0.1883152723312378,115,1
StandardGSGP,81ae1c3d-ad34-11ef-981f-e4a8dfc2a9a8,diabetes,14,26,0.18097935616970062,0.12906861305236816,16334.0,0.1883152723312378,115,1
StandardGSGP,81ae1c3d-ad34-11ef-981f-e4a8dfc2a9a8,diabetes,14,27,0.18097935616970062,0.06021618843078613,17190.0,0.1883152723312378,115,1
StandardGSGP,81ae1c3d-ad34-11ef-981f-e4a8dfc2a9a8,diabetes,14,28,0.18097935616970062,0.06380152702331543,17418.0,0.1883152723312378,115,1
StandardGSGP,81ae1c3d-ad34-11ef-981f-e4a8dfc2a9a8,diabetes,14,29,0.18097935616970062,0.058229684829711914,17498.0,0.1883152723312378,115,1
StandardGSGP,81ae1c3d-ad34-11ef-981f-e4a8dfc2a9a8,diabetes,14,30,0.180021733045578,0.057483673095703125,16964.0,0.18470272421836853,147,1
StandardGSGP,81ae1c3d-ad34-11ef-981f-e4a8dfc2a9a8,diabetes,14,31,0.17885662615299225,0.06832170486450195,17494.0,0.18366588652133942,217,1
StandardGSGP,81ae1c3d-ad34-11ef-981f-e4a8dfc2a9a8,diabetes,14,32,0.17885662615299225,0.05728507041931152,18144.0,0.18366588652133942,217,1
StandardGSGP,81ae1c3d-ad34-11ef-981f-e4a8dfc2a9a8,diabetes,14,33,0.17885662615299225,0.05641984939575195,18838.0,0.18366588652133942,217,1
StandardGSGP,81ae1c3d-ad34-11ef-981f-e4a8dfc2a9a8,diabetes,14,34,0.17880861461162567,0.05690622329711914,19294.0,0.1837914139032364,223,1
StandardGSGP,81ae1c3d-ad34-11ef-981f-e4a8dfc2a9a8,diabetes,14,35,0.1778416782617569,0.05630183219909668,20824.0,0.18639975786209106,235,1
StandardGSGP,81ae1c3d-ad34-11ef-981f-e4a8dfc2a9a8,diabetes,14,36,0.1778416782617569,0.05701589584350586,21832.0,0.18639975786209106,235,1
StandardGSGP,81ae1c3d-ad34-11ef-981f-e4a8dfc2a9a8,diabetes,14,37,0.17772530019283295,0.05343985557556152,22668.0,0.18379807472229004,241,1
StandardGSGP,81ae1c3d-ad34-11ef-981f-e4a8dfc2a9a8,diabetes,14,38,0.1776006519794464,0.0615086555480957,23792.0,0.18457624316215515,271,1
StandardGSGP,81ae1c3d-ad34-11ef-981f-e4a8dfc2a9a8,diabetes,14,39,0.1776006519794464,0.05850934982299805,25318.0,0.18457624316215515,271,1
StandardGSGP,81ae1c3d-ad34-11ef-981f-e4a8dfc2a9a8,diabetes,14,40,0.17737458646297455,0.05622696876525879,26740.0,0.18308806419372559,257,1
StandardGSGP,81ae1c3d-ad34-11ef-981f-e4a8dfc2a9a8,diabetes,14,41,0.17737458646297455,0.06008267402648926,27824.0,0.18308806419372559,257,1
StandardGSGP,81ae1c3d-ad34-11ef-981f-e4a8dfc2a9a8,diabetes,14,42,0.17737458646297455,0.05699944496154785,28638.0,0.18308806419372559,257,1
StandardGSGP,81ae1c3d-ad34-11ef-981f-e4a8dfc2a9a8,diabetes,14,43,0.17737458646297455,0.054506540298461914,29382.0,0.18308806419372559,257,1
StandardGSGP,81ae1c3d-ad34-11ef-981f-e4a8dfc2a9a8,diabetes,14,44,0.17737458646297455,0.056550025939941406,29890.0,0.18308806419372559,257,1
StandardGSGP,81ae1c3d-ad34-11ef-981f-e4a8dfc2a9a8,diabetes,14,45,0.17737458646297455,0.057962894439697266,30380.0,0.18308806419372559,257,1
StandardGSGP,81ae1c3d-ad34-11ef-981f-e4a8dfc2a9a8,diabetes,14,46,0.17737458646297455,0.05640864372253418,31160.0,0.18308806419372559,257,1
StandardGSGP,81ae1c3d-ad34-11ef-981f-e4a8dfc2a9a8,diabetes,14,47,0.17737458646297455,0.05865025520324707,31868.0,0.18308806419372559,257,1
StandardGSGP,81ae1c3d-ad34-11ef-981f-e4a8dfc2a9a8,diabetes,14,48,0.17737458646297455,0.05601620674133301,32660.0,0.18308806419372559,257,1
StandardGSGP,81ae1c3d-ad34-11ef-981f-e4a8dfc2a9a8,diabetes,14,49,0.17737458646297455,0.05800151824951172,32688.0,0.18308806419372559,257,1
StandardGSGP,81ae1c3d-ad34-11ef-981f-e4a8dfc2a9a8,diabetes,14,50,0.17737458646297455,0.05750608444213867,33020.0,0.18308806419372559,257,1
StandardGSGP,81ae1c3d-ad34-11ef-981f-e4a8dfc2a9a8,diabetes,14,51,0.17717954516410828,0.05851030349731445,33188.0,0.1848577857017517,269,1
StandardGSGP,81ae1c3d-ad34-11ef-981f-e4a8dfc2a9a8,diabetes,14,52,0.17717954516410828,0.05899977684020996,33348.0,0.1848577857017517,269,1
StandardGSGP,81ae1c3d-ad34-11ef-981f-e4a8dfc2a9a8,diabetes,14,53,0.17717954516410828,0.05850934982299805,33440.0,0.1848577857017517,269,1
StandardGSGP,81ae1c3d-ad34-11ef-981f-e4a8dfc2a9a8,diabetes,14,54,0.17717954516410828,0.05600309371948242,33480.0,0.1848577857017517,269,1
StandardGSGP,81ae1c3d-ad34-11ef-981f-e4a8dfc2a9a8,diabetes,14,55,0.17717954516410828,0.05775880813598633,35008.0,0.1848577857017517,269,1
StandardGSGP,81ae1c3d-ad34-11ef-981f-e4a8dfc2a9a8,diabetes,14,56,0.17717954516410828,0.0595095157623291,36194.0,0.1848577857017517,269,1
StandardGSGP,81ae1c3d-ad34-11ef-981f-e4a8dfc2a9a8,diabetes,14,57,0.17717954516410828,0.05599403381347656,36780.0,0.1848577857017517,269,1
StandardGSGP,81ae1c3d-ad34-11ef-981f-e4a8dfc2a9a8,diabetes,14,58,0.17717954516410828,0.05940389633178711,36900.0,0.1848577857017517,269,1
StandardGSGP,81ae1c3d-ad34-11ef-981f-e4a8dfc2a9a8,diabetes,14,59,0.17717954516410828,0.0559992790222168,36910.0,0.1848577857017517,269,1
StandardGSGP,81ae1c3d-ad34-11ef-981f-e4a8dfc2a9a8,diabetes,14,60,0.17717954516410828,0.0585172176361084,34164.0,0.1848577857017517,269,1
StandardGSGP,81ae1c3d-ad34-11ef-981f-e4a8dfc2a9a8,diabetes,14,61,0.17717954516410828,0.05913567543029785,35844.0,0.1848577857017517,269,1
StandardGSGP,81ae1c3d-ad34-11ef-981f-e4a8dfc2a9a8,diabetes,14,62,0.1771629899740219,0.057332515716552734,36394.0,0.18513798713684082,277,1
StandardGSGP,81ae1c3d-ad34-11ef-981f-e4a8dfc2a9a8,diabetes,14,63,0.1771629899740219,0.057726383209228516,35494.0,0.18513798713684082,277,1
StandardGSGP,81ae1c3d-ad34-11ef-981f-e4a8dfc2a9a8,diabetes,14,64,0.1771629899740219,0.06138277053833008,34228.0,0.18513798713684082,277,1
StandardGSGP,81ae1c3d-ad34-11ef-981f-e4a8dfc2a9a8,diabetes,14,65,0.1771629899740219,0.05973339080810547,33748.0,0.18513798713684082,277,1
StandardGSGP,81ae1c3d-ad34-11ef-981f-e4a8dfc2a9a8,diabetes,14,66,0.1768249124288559,0.05972909927368164,33398.0,0.18897025287151337,307,1
StandardGSGP,81ae1c3d-ad34-11ef-981f-e4a8dfc2a9a8,diabetes,14,67,0.17545370757579803,0.05602288246154785,32860.0,0.1854812353849411,315,1
StandardGSGP,81ae1c3d-ad34-11ef-981f-e4a8dfc2a9a8,diabetes,14,68,0.17545370757579803,0.06251072883605957,33564.0,0.1854812353849411,315,1
StandardGSGP,81ae1c3d-ad34-11ef-981f-e4a8dfc2a9a8,diabetes,14,69,0.17545370757579803,0.058561086654663086,33978.0,0.1854812353849411,315,1
StandardGSGP,81ae1c3d-ad34-11ef-981f-e4a8dfc2a9a8,diabetes,14,70,0.17545370757579803,0.062183380126953125,34804.0,0.1854812353849411,315,1
StandardGSGP,81ae1c3d-ad34-11ef-981f-e4a8dfc2a9a8,diabetes,14,71,0.17545370757579803,0.06151223182678223,34980.0,0.1854812353849411,315,1
StandardGSGP,81ae1c3d-ad34-11ef-981f-e4a8dfc2a9a8,diabetes,14,72,0.17545370757579803,0.05843997001647949,35720.0,0.1854812353849411,315,1
StandardGSGP,81ae1c3d-ad34-11ef-981f-e4a8dfc2a9a8,diabetes,14,73,0.17545370757579803,0.0638580322265625,36418.0,0.1854812353849411,315,1
StandardGSGP,81ae1c3d-ad34-11ef-981f-e4a8dfc2a9a8,diabetes,14,74,0.17545370757579803,0.061229705810546875,37082.0,0.1854812353849411,315,1
StandardGSGP,81ae1c3d-ad34-11ef-981f-e4a8dfc2a9a8,diabetes,14,75,0.17545370757579803,0.058592796325683594,37272.0,0.1854812353849411,315,1
StandardGSGP,81ae1c3d-ad34-11ef-981f-e4a8dfc2a9a8,diabetes,14,76,0.17545370757579803,0.055287837982177734,37824.0,0.1854812353849411,315,1
StandardGSGP,81ae1c3d-ad34-11ef-981f-e4a8dfc2a9a8,diabetes,14,77,0.17545370757579803,0.05600690841674805,37594.0,0.1854812353849411,315,1
StandardGSGP,81ae1c3d-ad34-11ef-981f-e4a8dfc2a9a8,diabetes,14,78,0.17545370757579803,0.06078958511352539,37784.0,0.1854812353849411,315,1
StandardGSGP,81ae1c3d-ad34-11ef-981f-e4a8dfc2a9a8,diabetes,14,79,0.17545370757579803,0.0669550895690918,37870.0,0.1854812353849411,315,1
StandardGSGP,81ae1c3d-ad34-11ef-981f-e4a8dfc2a9a8,diabetes,14,80,0.17545370757579803,0.05527496337890625,38210.0,0.1854812353849411,315,1
StandardGSGP,81ae1c3d-ad34-11ef-981f-e4a8dfc2a9a8,diabetes,14,81,0.17545370757579803,0.05930948257446289,38030.0,0.1854812353849411,315,1
StandardGSGP,81ae1c3d-ad34-11ef-981f-e4a8dfc2a9a8,diabetes,14,82,0.1754090040922165,0.06139421463012695,37698.0,0.18135102093219757,321,1
StandardGSGP,81ae1c3d-ad34-11ef-981f-e4a8dfc2a9a8,diabetes,14,83,0.1754090040922165,0.05551719665527344,37918.0,0.18135102093219757,321,1
StandardGSGP,81ae1c3d-ad34-11ef-981f-e4a8dfc2a9a8,diabetes,14,84,0.1754090040922165,0.05651521682739258,38284.0,0.18135102093219757,321,1
StandardGSGP,81ae1c3d-ad34-11ef-981f-e4a8dfc2a9a8,diabetes,14,85,0.1754090040922165,0.05899977684020996,37018.0,0.18135102093219757,321,1
StandardGSGP,81ae1c3d-ad34-11ef-981f-e4a8dfc2a9a8,diabetes,14,86,0.1754090040922165,0.0605161190032959,37646.0,0.18135102093219757,321,1
StandardGSGP,81ae1c3d-ad34-11ef-981f-e4a8dfc2a9a8,diabetes,14,87,0.1750592738389969,0.058003902435302734,37594.0,0.1829124242067337,333,1
StandardGSGP,81ae1c3d-ad34-11ef-981f-e4a8dfc2a9a8,diabetes,14,88,0.1750592738389969,0.1367342472076416,37282.0,0.1829124242067337,333,1
StandardGSGP,81ae1c3d-ad34-11ef-981f-e4a8dfc2a9a8,diabetes,14,89,0.1750592738389969,0.05854320526123047,38218.0,0.1829124242067337,333,1
StandardGSGP,81ae1c3d-ad34-11ef-981f-e4a8dfc2a9a8,diabetes,14,90,0.1750592738389969,0.06050682067871094,38120.0,0.1829124242067337,333,1
StandardGSGP,81ae1c3d-ad34-11ef-981f-e4a8dfc2a9a8,diabetes,14,91,0.1750592738389969,0.061643362045288086,38104.0,0.1829124242067337,333,1
StandardGSGP,81ae1c3d-ad34-11ef-981f-e4a8dfc2a9a8,diabetes,14,92,0.17500357329845428,0.06500029563903809,37986.0,0.1841387301683426,339,1
StandardGSGP,81ae1c3d-ad34-11ef-981f-e4a8dfc2a9a8,diabetes,14,93,0.17495791614055634,0.06051445007324219,37612.0,0.18353639543056488,347,1
StandardGSGP,81ae1c3d-ad34-11ef-981f-e4a8dfc2a9a8,diabetes,14,94,0.17495791614055634,0.076202392578125,38458.0,0.18353639543056488,347,1
StandardGSGP,81ae1c3d-ad34-11ef-981f-e4a8dfc2a9a8,diabetes,14,95,0.17495791614055634,0.0592496395111084,38254.0,0.18353639543056488,347,1
StandardGSGP,81ae1c3d-ad34-11ef-981f-e4a8dfc2a9a8,diabetes,14,96,0.17495791614055634,0.05627012252807617,38624.0,0.18353639543056488,347,1
StandardGSGP,81ae1c3d-ad34-11ef-981f-e4a8dfc2a9a8,diabetes,14,97,0.17495791614055634,0.05787920951843262,39286.0,0.18353639543056488,347,1
StandardGSGP,81ae1c3d-ad34-11ef-981f-e4a8dfc2a9a8,diabetes,14,98,0.17495791614055634,0.05894637107849121,39424.0,0.18353639543056488,347,1
StandardGSGP,81ae1c3d-ad34-11ef-981f-e4a8dfc2a9a8,diabetes,14,99,0.17495791614055634,0.05502200126647949,39830.0,0.18353639543056488,347,1
StandardGSGP,81ae1c3d-ad34-11ef-981f-e4a8dfc2a9a8,diabetes,14,100,0.17492105066776276,0.05700087547302246,39942.0,0.18534702062606812,363,1
StandardGSGP,f65a9096-ad34-11ef-981f-e4a8dfc2a9a8,diabetes,14,0,171.21514892578125,0.1512928009033203,3706.0,153.29385375976562,3,1
StandardGSGP,f65a9096-ad34-11ef-981f-e4a8dfc2a9a8,diabetes,14,1,170.9500732421875,0.05538058280944824,1716.0,153.03118896484375,9,1
StandardGSGP,f65a9096-ad34-11ef-981f-e4a8dfc2a9a8,diabetes,14,2,170.8606719970703,0.06076478958129883,2388.0,152.9437713623047,17,1
StandardGSGP,f65a9096-ad34-11ef-981f-e4a8dfc2a9a8,diabetes,14,3,170.6836395263672,0.05351066589355469,2766.0,152.7735595703125,25,1
StandardGSGP,f65a9096-ad34-11ef-981f-e4a8dfc2a9a8,diabetes,14,4,170.48464965820312,0.06025385856628418,3382.0,152.58706665039062,35,1
StandardGSGP,f65a9096-ad34-11ef-981f-e4a8dfc2a9a8,diabetes,14,5,170.33334350585938,0.06499147415161133,4322.0,152.44973754882812,47,1
StandardGSGP,f65a9096-ad34-11ef-981f-e4a8dfc2a9a8,diabetes,14,6,170.02793884277344,0.05441594123840332,5206.0,152.1542205810547,53,1
StandardGSGP,f65a9096-ad34-11ef-981f-e4a8dfc2a9a8,diabetes,14,7,169.9871826171875,0.060622215270996094,6076.0,152.0970916748047,57,1
StandardGSGP,f65a9096-ad34-11ef-981f-e4a8dfc2a9a8,diabetes,14,8,169.59532165527344,0.055539846420288086,6718.0,151.74102783203125,75,1
StandardGSGP,f65a9096-ad34-11ef-981f-e4a8dfc2a9a8,diabetes,14,9,169.2237091064453,0.059507131576538086,7456.0,151.3834991455078,71,1
StandardGSGP,f65a9096-ad34-11ef-981f-e4a8dfc2a9a8,diabetes,14,10,168.9584197998047,0.05700039863586426,8258.0,151.1265411376953,77,1
StandardGSGP,f65a9096-ad34-11ef-981f-e4a8dfc2a9a8,diabetes,14,11,168.77398681640625,0.05650687217712402,9428.0,150.95095825195312,85,1
StandardGSGP,f65a9096-ad34-11ef-981f-e4a8dfc2a9a8,diabetes,14,12,168.6289520263672,0.06589889526367188,10088.0,150.8097686767578,103,1
StandardGSGP,f65a9096-ad34-11ef-981f-e4a8dfc2a9a8,diabetes,14,13,168.30038452148438,0.06225752830505371,10566.0,150.4860076904297,119,1
StandardGSGP,f65a9096-ad34-11ef-981f-e4a8dfc2a9a8,diabetes,14,14,167.98721313476562,0.05734682083129883,11322.0,150.18312072753906,131,1
StandardGSGP,f65a9096-ad34-11ef-981f-e4a8dfc2a9a8,diabetes,14,15,167.97865295410156,0.057512521743774414,12676.0,150.1580047607422,139,1
StandardGSGP,f65a9096-ad34-11ef-981f-e4a8dfc2a9a8,diabetes,14,16,167.836669921875,0.05651092529296875,14310.0,150.04640197753906,157,1
StandardGSGP,f65a9096-ad34-11ef-981f-e4a8dfc2a9a8,diabetes,14,17,167.50112915039062,0.06050539016723633,15540.0,149.7151336669922,143,1
StandardGSGP,f65a9096-ad34-11ef-981f-e4a8dfc2a9a8,diabetes,14,18,167.47325134277344,0.0579981803894043,16472.0,149.7384033203125,149,1
StandardGSGP,f65a9096-ad34-11ef-981f-e4a8dfc2a9a8,diabetes,14,19,167.2095489501953,0.05650973320007324,16940.0,149.4962158203125,159,1
StandardGSGP,f65a9096-ad34-11ef-981f-e4a8dfc2a9a8,diabetes,14,20,167.0541229248047,0.056999921798706055,17468.0,149.2865753173828,161,1
StandardGSGP,f65a9096-ad34-11ef-981f-e4a8dfc2a9a8,diabetes,14,21,166.823486328125,0.05672621726989746,18296.0,149.14471435546875,181,1
StandardGSGP,f65a9096-ad34-11ef-981f-e4a8dfc2a9a8,diabetes,14,22,166.367919921875,0.05693507194519043,19324.0,148.63941955566406,197,1
StandardGSGP,f65a9096-ad34-11ef-981f-e4a8dfc2a9a8,diabetes,14,23,166.0670928955078,0.05750679969787598,19880.0,148.3853302001953,205,1
StandardGSGP,f65a9096-ad34-11ef-981f-e4a8dfc2a9a8,diabetes,14,24,165.7418975830078,0.0575103759765625,20964.0,148.0724639892578,217,1
StandardGSGP,f65a9096-ad34-11ef-981f-e4a8dfc2a9a8,diabetes,14,25,165.57029724121094,0.055072784423828125,22358.0,147.9144744873047,223,1
StandardGSGP,f65a9096-ad34-11ef-981f-e4a8dfc2a9a8,diabetes,14,26,165.28890991210938,0.05651140213012695,23178.0,147.64321899414062,231,1
StandardGSGP,f65a9096-ad34-11ef-981f-e4a8dfc2a9a8,diabetes,14,27,164.74386596679688,0.0560002326965332,24024.0,147.11990356445312,239,1
StandardGSGP,f65a9096-ad34-11ef-981f-e4a8dfc2a9a8,diabetes,14,28,164.2108612060547,0.05904197692871094,24748.0,146.61996459960938,259,1
StandardGSGP,f65a9096-ad34-11ef-981f-e4a8dfc2a9a8,diabetes,14,29,164.14788818359375,0.05713772773742676,25614.0,146.5478973388672,257,1
StandardGSGP,f65a9096-ad34-11ef-981f-e4a8dfc2a9a8,diabetes,14,30,163.90101623535156,0.05305957794189453,26648.0,146.4084014892578,283,1
StandardGSGP,f65a9096-ad34-11ef-981f-e4a8dfc2a9a8,diabetes,14,31,163.132080078125,0.05701947212219238,28026.0,145.6110076904297,289,1
StandardGSGP,f65a9096-ad34-11ef-981f-e4a8dfc2a9a8,diabetes,14,32,163.132080078125,0.0540008544921875,29274.0,145.6110076904297,289,1
StandardGSGP,f65a9096-ad34-11ef-981f-e4a8dfc2a9a8,diabetes,14,33,162.8456573486328,0.05498003959655762,30326.0,145.30642700195312,295,1
StandardGSGP,f65a9096-ad34-11ef-981f-e4a8dfc2a9a8,diabetes,14,34,162.76344299316406,0.058003902435302734,31156.0,145.27305603027344,307,1
StandardGSGP,f65a9096-ad34-11ef-981f-e4a8dfc2a9a8,diabetes,14,35,162.55450439453125,0.13604211807250977,31706.0,145.0834503173828,317,1
StandardGSGP,f65a9096-ad34-11ef-981f-e4a8dfc2a9a8,diabetes,14,36,162.41433715820312,0.059464454650878906,32442.0,144.95709228515625,329,1
StandardGSGP,f65a9096-ad34-11ef-981f-e4a8dfc2a9a8,diabetes,14,37,162.0355987548828,0.05813908576965332,33186.0,144.5944366455078,341,1
StandardGSGP,f65a9096-ad34-11ef-981f-e4a8dfc2a9a8,diabetes,14,38,161.85923767089844,0.06750988960266113,34294.0,144.42147827148438,337,1
StandardGSGP,f65a9096-ad34-11ef-981f-e4a8dfc2a9a8,diabetes,14,39,161.58985900878906,0.0610811710357666,35026.0,144.16000366210938,363,1
StandardGSGP,f65a9096-ad34-11ef-981f-e4a8dfc2a9a8,diabetes,14,40,161.5892791748047,0.055872201919555664,35962.0,144.1597442626953,369,1
StandardGSGP,f65a9096-ad34-11ef-981f-e4a8dfc2a9a8,diabetes,14,41,161.3119659423828,0.06000256538391113,36940.0,143.89927673339844,371,1
StandardGSGP,f65a9096-ad34-11ef-981f-e4a8dfc2a9a8,diabetes,14,42,160.7770233154297,0.06075572967529297,37616.0,143.37681579589844,377,1
StandardGSGP,f65a9096-ad34-11ef-981f-e4a8dfc2a9a8,diabetes,14,43,160.73338317871094,0.06863856315612793,38596.0,143.33212280273438,383,1
StandardGSGP,f65a9096-ad34-11ef-981f-e4a8dfc2a9a8,diabetes,14,44,160.3347625732422,0.06329822540283203,39184.0,143.0022430419922,391,1
StandardGSGP,f65a9096-ad34-11ef-981f-e4a8dfc2a9a8,diabetes,14,45,160.3347625732422,0.06950759887695312,39698.0,143.0022430419922,391,1
StandardGSGP,f65a9096-ad34-11ef-981f-e4a8dfc2a9a8,diabetes,14,46,160.05514526367188,0.054346323013305664,40522.0,142.72401428222656,401,1
StandardGSGP,f65a9096-ad34-11ef-981f-e4a8dfc2a9a8,diabetes,14,47,159.70570373535156,0.06400370597839355,41486.0,142.3572235107422,409,1
StandardGSGP,f65a9096-ad34-11ef-981f-e4a8dfc2a9a8,diabetes,14,48,159.58836364746094,0.05550861358642578,42314.0,142.2457275390625,415,1
StandardGSGP,f65a9096-ad34-11ef-981f-e4a8dfc2a9a8,diabetes,14,49,159.1505126953125,0.059107065200805664,43034.0,141.82696533203125,425,1
StandardGSGP,f65a9096-ad34-11ef-981f-e4a8dfc2a9a8,diabetes,14,50,159.13372802734375,0.057005882263183594,43574.0,141.8317413330078,431,1
StandardGSGP,f65a9096-ad34-11ef-981f-e4a8dfc2a9a8,diabetes,14,51,159.0531005859375,0.057090044021606445,44240.0,141.75209045410156,439,1
StandardGSGP,f65a9096-ad34-11ef-981f-e4a8dfc2a9a8,diabetes,14,52,158.48731994628906,0.06233024597167969,44874.0,141.21014404296875,449,1
StandardGSGP,f65a9096-ad34-11ef-981f-e4a8dfc2a9a8,diabetes,14,53,158.45062255859375,0.06022071838378906,45766.0,141.17503356933594,461,1
StandardGSGP,f65a9096-ad34-11ef-981f-e4a8dfc2a9a8,diabetes,14,54,158.0257568359375,0.060866355895996094,46684.0,140.77059936523438,475,1
StandardGSGP,f65a9096-ad34-11ef-981f-e4a8dfc2a9a8,diabetes,14,55,157.8584442138672,0.05824780464172363,47654.0,140.61062622070312,481,1
StandardGSGP,f65a9096-ad34-11ef-981f-e4a8dfc2a9a8,diabetes,14,56,157.4381103515625,0.057050228118896484,48442.0,140.20956420898438,493,1
StandardGSGP,f65a9096-ad34-11ef-981f-e4a8dfc2a9a8,diabetes,14,57,157.38218688964844,0.06100606918334961,49472.0,140.16290283203125,503,1
StandardGSGP,f65a9096-ad34-11ef-981f-e4a8dfc2a9a8,diabetes,14,58,157.12330627441406,0.06004071235656738,50760.0,139.909423828125,507,1
StandardGSGP,f65a9096-ad34-11ef-981f-e4a8dfc2a9a8,diabetes,14,59,156.8921661376953,0.06184196472167969,51820.0,139.6920623779297,515,1
StandardGSGP,f65a9096-ad34-11ef-981f-e4a8dfc2a9a8,diabetes,14,60,156.4588165283203,0.05700063705444336,52794.0,139.2686309814453,533,1
StandardGSGP,f65a9096-ad34-11ef-981f-e4a8dfc2a9a8,diabetes,14,61,156.26016235351562,0.06051945686340332,53490.0,139.1513671875,549,1
StandardGSGP,f65a9096-ad34-11ef-981f-e4a8dfc2a9a8,diabetes,14,62,156.05905151367188,0.06000328063964844,54288.0,138.95782470703125,555,1
StandardGSGP,f65a9096-ad34-11ef-981f-e4a8dfc2a9a8,diabetes,14,63,156.05088806152344,0.0638580322265625,55102.0,138.94898986816406,563,1
StandardGSGP,f65a9096-ad34-11ef-981f-e4a8dfc2a9a8,diabetes,14,64,155.81106567382812,0.059510231018066406,56388.0,138.73089599609375,551,1
StandardGSGP,f65a9096-ad34-11ef-981f-e4a8dfc2a9a8,diabetes,14,65,155.32244873046875,0.058998823165893555,57438.0,138.2936553955078,571,1
StandardGSGP,f65a9096-ad34-11ef-981f-e4a8dfc2a9a8,diabetes,14,66,154.99281311035156,0.0575103759765625,58350.0,137.97994995117188,583,1
StandardGSGP,f65a9096-ad34-11ef-981f-e4a8dfc2a9a8,diabetes,14,67,154.83859252929688,0.05755281448364258,58892.0,137.83322143554688,589,1
StandardGSGP,f65a9096-ad34-11ef-981f-e4a8dfc2a9a8,diabetes,14,68,154.7724151611328,0.06600427627563477,59724.0,137.770263671875,597,1
StandardGSGP,f65a9096-ad34-11ef-981f-e4a8dfc2a9a8,diabetes,14,69,154.55999755859375,0.062713623046875,60708.0,137.56698608398438,603,1
StandardGSGP,f65a9096-ad34-11ef-981f-e4a8dfc2a9a8,diabetes,14,70,154.4244842529297,0.05722784996032715,61442.0,137.4861297607422,611,1
StandardGSGP,f65a9096-ad34-11ef-981f-e4a8dfc2a9a8,diabetes,14,71,154.16464233398438,0.06112384796142578,62452.0,137.1725616455078,631,1
StandardGSGP,f65a9096-ad34-11ef-981f-e4a8dfc2a9a8,diabetes,14,72,154.1536407470703,0.057532310485839844,63160.0,137.18246459960938,639,1
StandardGSGP,f65a9096-ad34-11ef-981f-e4a8dfc2a9a8,diabetes,14,73,153.83160400390625,0.06499934196472168,64104.0,136.87872314453125,645,1
StandardGSGP,f65a9096-ad34-11ef-981f-e4a8dfc2a9a8,diabetes,14,74,153.3957977294922,0.06045341491699219,65676.0,136.46432495117188,651,1
StandardGSGP,f65a9096-ad34-11ef-981f-e4a8dfc2a9a8,diabetes,14,75,153.39468383789062,0.05751609802246094,66738.0,136.4632568359375,661,1
StandardGSGP,f65a9096-ad34-11ef-981f-e4a8dfc2a9a8,diabetes,14,76,153.0915985107422,0.06065773963928223,67698.0,136.22422790527344,667,1
StandardGSGP,f65a9096-ad34-11ef-981f-e4a8dfc2a9a8,diabetes,14,77,152.71583557128906,0.05756735801696777,68080.0,135.78372192382812,679,1
StandardGSGP,f65a9096-ad34-11ef-981f-e4a8dfc2a9a8,diabetes,14,78,152.7054901123047,0.06376838684082031,68466.0,135.77964782714844,689,1
StandardGSGP,f65a9096-ad34-11ef-981f-e4a8dfc2a9a8,diabetes,14,79,152.49606323242188,0.06358146667480469,69460.0,135.58949279785156,699,1
StandardGSGP,f65a9096-ad34-11ef-981f-e4a8dfc2a9a8,diabetes,14,80,152.33740234375,0.06120896339416504,70542.0,135.42816162109375,703,1
StandardGSGP,f65a9096-ad34-11ef-981f-e4a8dfc2a9a8,diabetes,14,81,151.8992462158203,0.06099963188171387,71696.0,135.03683471679688,721,1
StandardGSGP,f65a9096-ad34-11ef-981f-e4a8dfc2a9a8,diabetes,14,82,151.8990020751953,0.05950593948364258,72658.0,135.03671264648438,727,1
StandardGSGP,f65a9096-ad34-11ef-981f-e4a8dfc2a9a8,diabetes,14,83,151.66664123535156,0.05700397491455078,73344.0,134.92303466796875,761,1
StandardGSGP,f65a9096-ad34-11ef-981f-e4a8dfc2a9a8,diabetes,14,84,151.4880828857422,0.057988643646240234,74452.0,134.66017150878906,735,1
StandardGSGP,f65a9096-ad34-11ef-981f-e4a8dfc2a9a8,diabetes,14,85,151.18223571777344,0.0608975887298584,75528.0,134.36842346191406,747,1
StandardGSGP,f65a9096-ad34-11ef-981f-e4a8dfc2a9a8,diabetes,14,86,151.05491638183594,0.05900716781616211,76032.0,134.3306884765625,753,1
StandardGSGP,f65a9096-ad34-11ef-981f-e4a8dfc2a9a8,diabetes,14,87,150.724609375,0.0595240592956543,76480.0,133.95550537109375,753,1
StandardGSGP,f65a9096-ad34-11ef-981f-e4a8dfc2a9a8,diabetes,14,88,150.2891387939453,0.06070685386657715,77150.0,133.543212890625,763,1
StandardGSGP,f65a9096-ad34-11ef-981f-e4a8dfc2a9a8,diabetes,14,89,150.27719116210938,0.059098005294799805,78100.0,133.53172302246094,775,1
StandardGSGP,f65a9096-ad34-11ef-981f-e4a8dfc2a9a8,diabetes,14,90,150.07273864746094,0.06493830680847168,78556.0,133.33474731445312,783,1
StandardGSGP,f65a9096-ad34-11ef-981f-e4a8dfc2a9a8,diabetes,14,91,149.85694885253906,0.06078815460205078,79118.0,133.15721130371094,791,1
StandardGSGP,f65a9096-ad34-11ef-981f-e4a8dfc2a9a8,diabetes,14,92,149.765869140625,0.06202864646911621,79880.0,133.0094757080078,801,1
StandardGSGP,f65a9096-ad34-11ef-981f-e4a8dfc2a9a8,diabetes,14,93,149.48585510253906,0.06484246253967285,80838.0,132.786865234375,801,1
StandardGSGP,f65a9096-ad34-11ef-981f-e4a8dfc2a9a8,diabetes,14,94,149.4517822265625,0.05900287628173828,81872.0,132.77069091796875,825,1
StandardGSGP,f65a9096-ad34-11ef-981f-e4a8dfc2a9a8,diabetes,14,95,149.21649169921875,0.06629538536071777,82604.0,132.54754638671875,815,1
StandardGSGP,f65a9096-ad34-11ef-981f-e4a8dfc2a9a8,diabetes,14,96,148.84523010253906,0.05950784683227539,83230.0,132.19485473632812,827,1
StandardGSGP,f65a9096-ad34-11ef-981f-e4a8dfc2a9a8,diabetes,14,97,148.7642364501953,0.056761741638183594,84008.0,132.21141052246094,851,1
StandardGSGP,f65a9096-ad34-11ef-981f-e4a8dfc2a9a8,diabetes,14,98,148.5955047607422,0.05451369285583496,84768.0,132.05288696289062,859,1
StandardGSGP,f65a9096-ad34-11ef-981f-e4a8dfc2a9a8,diabetes,14,99,148.37937927246094,0.13165044784545898,85626.0,131.7738494873047,855,1
StandardGSGP,f65a9096-ad34-11ef-981f-e4a8dfc2a9a8,diabetes,14,100,148.29727172851562,0.053508758544921875,86494.0,131.69619750976562,861,1
