StandardGP,21aac30b-add2-11ef-8dc3-e4a8dfc2a9a8,airfoil,0,0,0.434572696685791,0.07629203796386719,1438.0,0.4303445518016815,3,1
StandardGP,21aac30b-add2-11ef-8dc3-e4a8dfc2a9a8,airfoil,0,1,0.40624716877937317,0.04997682571411133,1056.0,0.40362489223480225,5,1
StandardGP,21aac30b-add2-11ef-8dc3-e4a8dfc2a9a8,airfoil,0,2,0.20870330929756165,0.05041623115539551,1162.0,0.1966657191514969,9,1
StandardGP,21aac30b-add2-11ef-8dc3-e4a8dfc2a9a8,airfoil,0,3,0.20870330929756165,0.035004615783691406,1084.0,0.1966657191514969,9,1
StandardGP,21aac30b-add2-11ef-8dc3-e4a8dfc2a9a8,airfoil,0,4,0.20870330929756165,0.047682762145996094,1452.0,0.1966657191514969,9,1
StandardGP,21aac30b-add2-11ef-8dc3-e4a8dfc2a9a8,airfoil,0,5,0.20870330929756165,0.05581045150756836,1860.0,0.1966657191514969,9,1
StandardGP,21aac30b-add2-11ef-8dc3-e4a8dfc2a9a8,airfoil,0,6,0.20870330929756165,0.08117055892944336,3024.0,0.1966657191514969,9,1
StandardGP,21aac30b-add2-11ef-8dc3-e4a8dfc2a9a8,airfoil,0,7,0.20870330929756165,0.07198596000671387,3692.0,0.1966657191514969,9,1
StandardGP,21aac30b-add2-11ef-8dc3-e4a8dfc2a9a8,airfoil,0,8,0.20870330929756165,0.08730006217956543,3970.0,0.1966657191514969,9,1
StandardGP,21aac30b-add2-11ef-8dc3-e4a8dfc2a9a8,airfoil,0,9,0.20870330929756165,0.09599423408508301,5076.0,0.1966657191514969,9,1
StandardGP,21aac30b-add2-11ef-8dc3-e4a8dfc2a9a8,airfoil,0,10,0.20870330929756165,0.11571264266967773,6292.0,0.1966657191514969,9,1
StandardGP,21aac30b-add2-11ef-8dc3-e4a8dfc2a9a8,airfoil,0,11,0.20870330929756165,0.16546416282653809,8994.0,0.1966657191514969,9,1
StandardGP,21aac30b-add2-11ef-8dc3-e4a8dfc2a9a8,airfoil,0,12,0.20870330929756165,0.2235703468322754,11892.0,0.1966657191514969,9,1
StandardGP,21aac30b-add2-11ef-8dc3-e4a8dfc2a9a8,airfoil,0,13,0.20870330929756165,0.2957637310028076,15794.0,0.1966657191514969,9,1
StandardGP,21aac30b-add2-11ef-8dc3-e4a8dfc2a9a8,airfoil,0,14,0.20870330929756165,0.2511868476867676,15290.0,0.1966657191514969,9,1
StandardGP,21aac30b-add2-11ef-8dc3-e4a8dfc2a9a8,airfoil,0,15,0.20870330929756165,0.2805511951446533,16904.0,0.1966657191514969,9,1
StandardGP,21aac30b-add2-11ef-8dc3-e4a8dfc2a9a8,airfoil,0,16,0.20870330929756165,0.31613826751708984,18616.0,0.1966657191514969,9,1
StandardGP,21aac30b-add2-11ef-8dc3-e4a8dfc2a9a8,airfoil,0,17,0.20870330929756165,0.4116547107696533,24592.0,0.1966657191514969,9,1
StandardGP,21aac30b-add2-11ef-8dc3-e4a8dfc2a9a8,airfoil,0,18,0.20870330929756165,0.4979665279388428,30562.0,0.1966657191514969,9,1
StandardGP,21aac30b-add2-11ef-8dc3-e4a8dfc2a9a8,airfoil,0,19,0.20870330929756165,0.6130733489990234,36554.0,0.1966657191514969,9,1
StandardGP,21aac30b-add2-11ef-8dc3-e4a8dfc2a9a8,airfoil,0,20,0.20870330929756165,0.7784607410430908,45000.0,0.1966657191514969,9,1
StandardGP,21aac30b-add2-11ef-8dc3-e4a8dfc2a9a8,airfoil,0,21,0.20870330929756165,1.0400002002716064,51194.0,0.1966657191514969,9,1
StandardGP,21aac30b-add2-11ef-8dc3-e4a8dfc2a9a8,airfoil,0,22,0.20870330929756165,0.9519314765930176,52866.0,0.1966657191514969,9,1
StandardGP,21aac30b-add2-11ef-8dc3-e4a8dfc2a9a8,airfoil,0,23,0.20870330929756165,1.1043951511383057,64708.0,0.1966657191514969,9,1
StandardGP,21aac30b-add2-11ef-8dc3-e4a8dfc2a9a8,airfoil,0,24,0.20870330929756165,1.3203439712524414,72132.0,0.1966657191514969,9,1
StandardGP,21aac30b-add2-11ef-8dc3-e4a8dfc2a9a8,airfoil,0,25,0.20870330929756165,1.5996994972229004,82864.0,0.1966657191514969,9,1
StandardGP,21aac30b-add2-11ef-8dc3-e4a8dfc2a9a8,airfoil,0,26,0.20870330929756165,1.5269551277160645,69644.0,0.1966657191514969,9,1
StandardGP,21aac30b-add2-11ef-8dc3-e4a8dfc2a9a8,airfoil,0,27,0.20870330929756165,1.2743327617645264,72782.0,0.1966657191514969,9,1
StandardGP,21aac30b-add2-11ef-8dc3-e4a8dfc2a9a8,airfoil,0,28,0.20870330929756165,1.371037483215332,75302.0,0.1966657191514969,9,1
StandardGP,21aac30b-add2-11ef-8dc3-e4a8dfc2a9a8,airfoil,0,29,0.20870330929756165,1.0572600364685059,58624.0,0.1966657191514969,9,1
StandardGP,21aac30b-add2-11ef-8dc3-e4a8dfc2a9a8,airfoil,0,30,0.20483361184597015,1.0259370803833008,53564.0,0.20612084865570068,1113,1
StandardGP,21aac30b-add2-11ef-8dc3-e4a8dfc2a9a8,airfoil,0,31,0.20483361184597015,0.9180393218994141,47200.0,0.20612084865570068,1113,1
StandardGP,21aac30b-add2-11ef-8dc3-e4a8dfc2a9a8,airfoil,0,32,0.20483361184597015,1.0163328647613525,55858.0,0.20612084865570068,1113,1
StandardGP,21aac30b-add2-11ef-8dc3-e4a8dfc2a9a8,airfoil,0,33,0.20483361184597015,0.9467406272888184,51932.0,0.20612084865570068,1113,1
StandardGP,21aac30b-add2-11ef-8dc3-e4a8dfc2a9a8,airfoil,0,34,0.20483361184597015,0.944594144821167,54984.0,0.20612084865570068,1113,1
StandardGP,21aac30b-add2-11ef-8dc3-e4a8dfc2a9a8,airfoil,0,35,0.20483361184597015,1.1270253658294678,62816.0,0.20612084865570068,1113,1
StandardGP,21aac30b-add2-11ef-8dc3-e4a8dfc2a9a8,airfoil,0,36,0.20483361184597015,1.3486096858978271,71288.0,0.20612084865570068,1113,1
StandardGP,21aac30b-add2-11ef-8dc3-e4a8dfc2a9a8,airfoil,0,37,0.20483361184597015,1.5262691974639893,74930.0,0.20612084865570068,1113,1
StandardGP,21aac30b-add2-11ef-8dc3-e4a8dfc2a9a8,airfoil,0,38,0.20483361184597015,1.830392599105835,90930.0,0.20612084865570068,1113,1
StandardGP,21aac30b-add2-11ef-8dc3-e4a8dfc2a9a8,airfoil,0,39,0.20483361184597015,1.9186484813690186,99686.0,0.20612084865570068,1113,1
StandardGP,21aac30b-add2-11ef-8dc3-e4a8dfc2a9a8,airfoil,0,40,0.20483361184597015,2.2362751960754395,100134.0,0.20612084865570068,1113,1
StandardGP,21aac30b-add2-11ef-8dc3-e4a8dfc2a9a8,airfoil,0,41,0.20483361184597015,2.017137050628662,101314.0,0.20612084865570068,1113,1
StandardGP,21aac30b-add2-11ef-8dc3-e4a8dfc2a9a8,airfoil,0,42,0.20483361184597015,1.8266518115997314,91518.0,0.20612084865570068,1113,1
StandardGP,21aac30b-add2-11ef-8dc3-e4a8dfc2a9a8,airfoil,0,43,0.20483361184597015,1.8567984104156494,92498.0,0.20612084865570068,1113,1
StandardGP,21aac30b-add2-11ef-8dc3-e4a8dfc2a9a8,airfoil,0,44,0.20483361184597015,1.924081563949585,90636.0,0.20612084865570068,1113,1
StandardGP,21aac30b-add2-11ef-8dc3-e4a8dfc2a9a8,airfoil,0,45,0.20483361184597015,1.8052411079406738,96478.0,0.20612084865570068,1113,1
StandardGP,21aac30b-add2-11ef-8dc3-e4a8dfc2a9a8,airfoil,0,46,0.20483361184597015,1.7918667793273926,93634.0,0.20612084865570068,1113,1
StandardGP,21aac30b-add2-11ef-8dc3-e4a8dfc2a9a8,airfoil,0,47,0.20483361184597015,1.770002841949463,88374.0,0.20612084865570068,1113,1
StandardGP,21aac30b-add2-11ef-8dc3-e4a8dfc2a9a8,airfoil,0,48,0.18572339415550232,1.6323204040527344,81748.0,0.175789937376976,1035,1
StandardGP,21aac30b-add2-11ef-8dc3-e4a8dfc2a9a8,airfoil,0,49,0.18572339415550232,1.513967752456665,78756.0,0.175789937376976,1035,1
StandardGP,21aac30b-add2-11ef-8dc3-e4a8dfc2a9a8,airfoil,0,50,0.18572339415550232,1.370758056640625,74898.0,0.175789937376976,1035,1
StandardGP,21aac30b-add2-11ef-8dc3-e4a8dfc2a9a8,airfoil,0,51,0.18572339415550232,1.2446625232696533,71208.0,0.175789937376976,1035,1
StandardGP,21aac30b-add2-11ef-8dc3-e4a8dfc2a9a8,airfoil,0,52,0.18572339415550232,1.301408052444458,67252.0,0.175789937376976,1035,1
StandardGP,21aac30b-add2-11ef-8dc3-e4a8dfc2a9a8,airfoil,0,53,0.18572339415550232,1.3348643779754639,64978.0,0.175789937376976,1035,1
StandardGP,21aac30b-add2-11ef-8dc3-e4a8dfc2a9a8,airfoil,0,54,0.18572339415550232,1.26279878616333,66132.0,0.175789937376976,1035,1
StandardGP,21aac30b-add2-11ef-8dc3-e4a8dfc2a9a8,airfoil,0,55,0.18572339415550232,1.1320974826812744,59320.0,0.175789937376976,1035,1
StandardGP,55b16314-add3-11ef-8bf3-e4a8dfc2a9a8,airfoil,0,0,0.2664278447628021,0.05652952194213867,1544.0,0.2605375647544861,7,1
StandardGP,55b16314-add3-11ef-8bf3-e4a8dfc2a9a8,airfoil,0,1,0.2664278447628021,0.02658843994140625,1038.0,0.2605375647544861,7,1
StandardGP,55b16314-add3-11ef-8bf3-e4a8dfc2a9a8,airfoil,0,2,0.2664278447628021,0.02594757080078125,1042.0,0.2605375647544861,7,1
StandardGP,55b16314-add3-11ef-8bf3-e4a8dfc2a9a8,airfoil,0,3,0.2664278447628021,0.025107622146606445,1062.0,0.2605375647544861,7,1
StandardGP,55b16314-add3-11ef-8bf3-e4a8dfc2a9a8,airfoil,0,4,0.2664278447628021,0.03573942184448242,1364.0,0.2605375647544861,7,1
StandardGP,55b16314-add3-11ef-8bf3-e4a8dfc2a9a8,airfoil,0,5,0.2664278447628021,0.03236079216003418,1368.0,0.2605375647544861,7,1
StandardGP,55b16314-add3-11ef-8bf3-e4a8dfc2a9a8,airfoil,0,6,0.2664278447628021,0.03280949592590332,1486.0,0.2605375647544861,7,1
StandardGP,55b16314-add3-11ef-8bf3-e4a8dfc2a9a8,airfoil,0,7,0.2664278447628021,0.04033708572387695,2074.0,0.2605375647544861,7,1
StandardGP,55b16314-add3-11ef-8bf3-e4a8dfc2a9a8,airfoil,0,8,0.2664278447628021,0.03600144386291504,1832.0,0.2605375647544861,7,1
StandardGP,55b16314-add3-11ef-8bf3-e4a8dfc2a9a8,airfoil,0,9,0.2508039176464081,0.043608903884887695,2496.0,0.2363286316394806,55,1
StandardGP,55b16314-add3-11ef-8bf3-e4a8dfc2a9a8,airfoil,0,10,0.2508039176464081,0.05303621292114258,3388.0,0.2363286316394806,55,1
StandardGP,55b16314-add3-11ef-8bf3-e4a8dfc2a9a8,airfoil,0,11,0.2508039176464081,0.0595705509185791,3898.0,0.2363286316394806,55,1
StandardGP,55b16314-add3-11ef-8bf3-e4a8dfc2a9a8,airfoil,0,12,0.2508039176464081,0.06256747245788574,3862.0,0.2363286316394806,55,1
StandardGP,55b16314-add3-11ef-8bf3-e4a8dfc2a9a8,airfoil,0,13,0.24315272271633148,0.07541489601135254,4450.0,0.2443515807390213,55,1
StandardGP,55b16314-add3-11ef-8bf3-e4a8dfc2a9a8,airfoil,0,14,0.22337763011455536,0.09337544441223145,6066.0,0.2224285751581192,55,1
StandardGP,55b16314-add3-11ef-8bf3-e4a8dfc2a9a8,airfoil,0,15,0.22337763011455536,0.16393041610717773,11312.0,0.2224285751581192,55,1
StandardGP,55b16314-add3-11ef-8bf3-e4a8dfc2a9a8,airfoil,0,16,0.2153465449810028,0.153914213180542,10834.0,0.2147909700870514,295,1
StandardGP,55b16314-add3-11ef-8bf3-e4a8dfc2a9a8,airfoil,0,17,0.2153465449810028,0.22249197959899902,15306.0,0.2147909700870514,295,1
StandardGP,55b16314-add3-11ef-8bf3-e4a8dfc2a9a8,airfoil,0,18,0.20898406207561493,0.2632169723510742,17046.0,0.20626944303512573,399,1
StandardGP,55b16314-add3-11ef-8bf3-e4a8dfc2a9a8,airfoil,0,19,0.20898406207561493,0.34224843978881836,21754.0,0.20626944303512573,399,1
StandardGP,55b16314-add3-11ef-8bf3-e4a8dfc2a9a8,airfoil,0,20,0.20695073902606964,0.38153076171875,25900.0,0.20551200211048126,435,1
StandardGP,55b16314-add3-11ef-8bf3-e4a8dfc2a9a8,airfoil,0,21,0.20695073902606964,0.46935081481933594,30802.0,0.20551200211048126,435,1
StandardGP,55b16314-add3-11ef-8bf3-e4a8dfc2a9a8,airfoil,0,22,0.20695073902606964,0.5134091377258301,34980.0,0.20551200211048126,435,1
StandardGP,55b16314-add3-11ef-8bf3-e4a8dfc2a9a8,airfoil,0,23,0.20695073902606964,0.5809800624847412,37194.0,0.20551200211048126,435,1
StandardGP,55b16314-add3-11ef-8bf3-e4a8dfc2a9a8,airfoil,0,24,0.20695073902606964,0.5761218070983887,37338.0,0.20551200211048126,435,1
StandardGP,55b16314-add3-11ef-8bf3-e4a8dfc2a9a8,airfoil,0,25,0.1951061338186264,0.6385571956634521,41498.0,0.1860823780298233,811,1
StandardGP,55b16314-add3-11ef-8bf3-e4a8dfc2a9a8,airfoil,0,26,0.1951061338186264,0.8172562122344971,44694.0,0.1860823780298233,811,1
StandardGP,55b16314-add3-11ef-8bf3-e4a8dfc2a9a8,airfoil,0,27,0.1951061338186264,0.7197668552398682,44246.0,0.1860823780298233,811,1
StandardGP,55b16314-add3-11ef-8bf3-e4a8dfc2a9a8,airfoil,0,28,0.18560448288917542,0.7637636661529541,48358.0,0.17616957426071167,385,1
StandardGP,55b16314-add3-11ef-8bf3-e4a8dfc2a9a8,airfoil,0,29,0.18385255336761475,0.6933650970458984,45132.0,0.17429479956626892,193,1
StandardGP,55b16314-add3-11ef-8bf3-e4a8dfc2a9a8,airfoil,0,30,0.18385255336761475,0.8243143558502197,54584.0,0.17429479956626892,193,1
StandardGP,55b16314-add3-11ef-8bf3-e4a8dfc2a9a8,airfoil,0,31,0.18385255336761475,1.0878832340240479,68822.0,0.17429479956626892,193,1
StandardGP,55b16314-add3-11ef-8bf3-e4a8dfc2a9a8,airfoil,0,32,0.18189603090286255,1.1255109310150146,64958.0,0.16926591098308563,1195,1
StandardGP,55b16314-add3-11ef-8bf3-e4a8dfc2a9a8,airfoil,0,33,0.18189603090286255,1.2903382778167725,81828.0,0.16926591098308563,1195,1
StandardGP,55b16314-add3-11ef-8bf3-e4a8dfc2a9a8,airfoil,0,34,0.17832700908184052,1.2974283695220947,85362.0,0.17074473202228546,283,1
