StandardGSGP,9760ebf0-aced-11ef-a0ee-8863df8a28b9,airfoil,25,0,0.4311637580394745,0.33013343811035156,6376.0,0.4383930563926697,3,1
StandardGSGP,9760ebf0-aced-11ef-a0ee-8863df8a28b9,airfoil,25,1,0.2732206881046295,0.10300803184509277,2198.0,0.26958855986595154,11,1
StandardGSGP,9760ebf0-aced-11ef-a0ee-8863df8a28b9,airfoil,25,2,0.22330212593078613,0.08785343170166016,2674.0,0.2388523668050766,17,1
StandardGSGP,9760ebf0-aced-11ef-a0ee-8863df8a28b9,airfoil,25,3,0.2190445363521576,0.09568548202514648,3548.0,0.2162887156009674,35,1
StandardGSGP,9760ebf0-aced-11ef-a0ee-8863df8a28b9,airfoil,25,4,0.20251025259494781,0.0857696533203125,4366.0,0.1989542692899704,59,1
StandardGSGP,9760ebf0-aced-11ef-a0ee-8863df8a28b9,airfoil,25,5,0.19530203938484192,0.0857696533203125,5390.0,0.1915668249130249,35,1
StandardGSGP,9760ebf0-aced-11ef-a0ee-8863df8a28b9,airfoil,25,6,0.18226566910743713,0.0857706069946289,6096.0,0.18884168565273285,73,1
StandardGSGP,9760ebf0-aced-11ef-a0ee-8863df8a28b9,airfoil,25,7,0.17446225881576538,0.08975696563720703,7034.0,0.17364831268787384,89,1
StandardGSGP,9760ebf0-aced-11ef-a0ee-8863df8a28b9,airfoil,25,8,0.17446225881576538,0.09674215316772461,8344.0,0.17364831268787384,89,1
StandardGSGP,9760ebf0-aced-11ef-a0ee-8863df8a28b9,airfoil,25,9,0.16782982647418976,0.09075522422790527,9216.0,0.16800931096076965,89,1
StandardGSGP,9760ebf0-aced-11ef-a0ee-8863df8a28b9,airfoil,25,10,0.16782982647418976,0.08776426315307617,10286.0,0.16800931096076965,89,1
StandardGSGP,9760ebf0-aced-11ef-a0ee-8863df8a28b9,airfoil,25,11,0.16090065240859985,0.09275412559509277,11266.0,0.16291698813438416,137,1
StandardGSGP,9760ebf0-aced-11ef-a0ee-8863df8a28b9,airfoil,25,12,0.16090065240859985,0.08876204490661621,12272.0,0.16291698813438416,137,1
StandardGSGP,9760ebf0-aced-11ef-a0ee-8863df8a28b9,airfoil,25,13,0.15951935946941376,0.09075546264648438,13584.0,0.16343910992145538,133,1
StandardGSGP,9760ebf0-aced-11ef-a0ee-8863df8a28b9,airfoil,25,14,0.15951935946941376,0.09773397445678711,14544.0,0.16343910992145538,133,1
StandardGSGP,9760ebf0-aced-11ef-a0ee-8863df8a28b9,airfoil,25,15,0.1572277545928955,0.08676385879516602,15302.0,0.15782277286052704,143,1
StandardGSGP,9760ebf0-aced-11ef-a0ee-8863df8a28b9,airfoil,25,16,0.1572277545928955,0.18650150299072266,16328.0,0.15782277286052704,143,1
StandardGSGP,9760ebf0-aced-11ef-a0ee-8863df8a28b9,airfoil,25,17,0.1572277545928955,0.08876299858093262,17518.0,0.15782277286052704,143,1
StandardGSGP,9760ebf0-aced-11ef-a0ee-8863df8a28b9,airfoil,25,18,0.15599983930587769,0.08776354789733887,18022.0,0.16287368535995483,185,1
StandardGSGP,9760ebf0-aced-11ef-a0ee-8863df8a28b9,airfoil,25,19,0.15591523051261902,0.08976221084594727,18866.0,0.1629246175289154,193,1
StandardGSGP,9760ebf0-aced-11ef-a0ee-8863df8a28b9,airfoil,25,20,0.15510085225105286,0.08975911140441895,20048.0,0.1596570909023285,207,1
StandardGSGP,9760ebf0-aced-11ef-a0ee-8863df8a28b9,airfoil,25,21,0.15510085225105286,0.09075593948364258,21230.0,0.1596570909023285,207,1
StandardGSGP,9760ebf0-aced-11ef-a0ee-8863df8a28b9,airfoil,25,22,0.15303461253643036,0.09275197982788086,22306.0,0.15695255994796753,215,1
StandardGSGP,9760ebf0-aced-11ef-a0ee-8863df8a28b9,airfoil,25,23,0.15303461253643036,0.0987393856048584,22834.0,0.15695255994796753,215,1
StandardGSGP,9760ebf0-aced-11ef-a0ee-8863df8a28b9,airfoil,25,24,0.15303461253643036,0.09773778915405273,23640.0,0.15695255994796753,215,1
StandardGSGP,9760ebf0-aced-11ef-a0ee-8863df8a28b9,airfoil,25,25,0.15280327200889587,0.09674263000488281,24354.0,0.15661561489105225,239,1
StandardGSGP,9760ebf0-aced-11ef-a0ee-8863df8a28b9,airfoil,25,26,0.149850532412529,0.10073208808898926,25324.0,0.15419280529022217,261,1
StandardGSGP,9760ebf0-aced-11ef-a0ee-8863df8a28b9,airfoil,25,27,0.149850532412529,0.08676815032958984,26092.0,0.15419280529022217,261,1
StandardGSGP,9760ebf0-aced-11ef-a0ee-8863df8a28b9,airfoil,25,28,0.149850532412529,0.09175419807434082,26928.0,0.15419280529022217,261,1
StandardGSGP,9760ebf0-aced-11ef-a0ee-8863df8a28b9,airfoil,25,29,0.14855517446994781,0.0827789306640625,27916.0,0.15190976858139038,267,1
StandardGSGP,9760ebf0-aced-11ef-a0ee-8863df8a28b9,airfoil,25,30,0.14855517446994781,0.09574604034423828,28414.0,0.15190976858139038,267,1
StandardGSGP,9760ebf0-aced-11ef-a0ee-8863df8a28b9,airfoil,25,31,0.14799439907073975,0.08577132225036621,28798.0,0.15155436098575592,273,1
StandardGSGP,9760ebf0-aced-11ef-a0ee-8863df8a28b9,airfoil,25,32,0.14799439907073975,0.09175348281860352,29146.0,0.15155436098575592,273,1
StandardGSGP,9760ebf0-aced-11ef-a0ee-8863df8a28b9,airfoil,25,33,0.14799439907073975,0.08576726913452148,29912.0,0.15155436098575592,273,1
StandardGSGP,9760ebf0-aced-11ef-a0ee-8863df8a28b9,airfoil,25,34,0.14761002361774445,0.09175395965576172,30876.0,0.1503921002149582,291,1
StandardGSGP,9760ebf0-aced-11ef-a0ee-8863df8a28b9,airfoil,25,35,0.14761002361774445,0.08875703811645508,31964.0,0.1503921002149582,291,1
StandardGSGP,9760ebf0-aced-11ef-a0ee-8863df8a28b9,airfoil,25,36,0.14761002361774445,0.09474611282348633,32842.0,0.1503921002149582,291,1
StandardGSGP,9760ebf0-aced-11ef-a0ee-8863df8a28b9,airfoil,25,37,0.14761002361774445,0.08975815773010254,33682.0,0.1503921002149582,291,1
StandardGSGP,9760ebf0-aced-11ef-a0ee-8863df8a28b9,airfoil,25,38,0.14761002361774445,0.08676624298095703,33906.0,0.1503921002149582,291,1
StandardGSGP,9760ebf0-aced-11ef-a0ee-8863df8a28b9,airfoil,25,39,0.14761002361774445,0.0937490463256836,34380.0,0.1503921002149582,291,1
StandardGSGP,9760ebf0-aced-11ef-a0ee-8863df8a28b9,airfoil,25,40,0.14761002361774445,0.0887606143951416,34950.0,0.1503921002149582,291,1
StandardGSGP,9760ebf0-aced-11ef-a0ee-8863df8a28b9,airfoil,25,41,0.14761002361774445,0.08477282524108887,35442.0,0.1503921002149582,291,1
StandardGSGP,9760ebf0-aced-11ef-a0ee-8863df8a28b9,airfoil,25,42,0.14761002361774445,0.08777022361755371,35732.0,0.1503921002149582,291,1
StandardGSGP,9760ebf0-aced-11ef-a0ee-8863df8a28b9,airfoil,25,43,0.14761002361774445,0.09375190734863281,36382.0,0.1503921002149582,291,1
StandardGSGP,9760ebf0-aced-11ef-a0ee-8863df8a28b9,airfoil,25,44,0.14761002361774445,0.09175324440002441,37416.0,0.1503921002149582,291,1
StandardGSGP,9760ebf0-aced-11ef-a0ee-8863df8a28b9,airfoil,25,45,0.14761002361774445,0.08972811698913574,38484.0,0.1503921002149582,291,1
StandardGSGP,9760ebf0-aced-11ef-a0ee-8863df8a28b9,airfoil,25,46,0.14761002361774445,0.09699892997741699,38848.0,0.1503921002149582,291,1
StandardGSGP,9760ebf0-aced-11ef-a0ee-8863df8a28b9,airfoil,25,47,0.14761002361774445,0.0964803695678711,38508.0,0.1503921002149582,291,1
StandardGSGP,9760ebf0-aced-11ef-a0ee-8863df8a28b9,airfoil,25,48,0.14247849583625793,0.09206581115722656,38554.0,0.14967478811740875,297,1
StandardGSGP,9760ebf0-aced-11ef-a0ee-8863df8a28b9,airfoil,25,49,0.14247849583625793,0.09226870536804199,38912.0,0.14967478811740875,297,1
StandardGSGP,9760ebf0-aced-11ef-a0ee-8863df8a28b9,airfoil,25,50,0.14247849583625793,0.09135866165161133,39382.0,0.14967478811740875,297,1
StandardGSGP,9760ebf0-aced-11ef-a0ee-8863df8a28b9,airfoil,25,51,0.14237166941165924,0.09079837799072266,39826.0,0.14960020780563354,311,1
StandardGSGP,9760ebf0-aced-11ef-a0ee-8863df8a28b9,airfoil,25,52,0.14237166941165924,0.0917506217956543,38884.0,0.14960020780563354,311,1
StandardGSGP,9760ebf0-aced-11ef-a0ee-8863df8a28b9,airfoil,25,53,0.14237166941165924,0.0888528823852539,38516.0,0.14960020780563354,311,1
StandardGSGP,9760ebf0-aced-11ef-a0ee-8863df8a28b9,airfoil,25,54,0.14206291735172272,0.0947408676147461,38460.0,0.14917288720607758,317,1
StandardGSGP,9760ebf0-aced-11ef-a0ee-8863df8a28b9,airfoil,25,55,0.14203672111034393,0.0941929817199707,37760.0,0.14941607415676117,317,1
StandardGSGP,9760ebf0-aced-11ef-a0ee-8863df8a28b9,airfoil,25,56,0.14203672111034393,0.09192728996276855,37652.0,0.14941607415676117,317,1
StandardGSGP,9760ebf0-aced-11ef-a0ee-8863df8a28b9,airfoil,25,57,0.14151109755039215,0.08660292625427246,36916.0,0.14808671176433563,327,1
StandardGSGP,9760ebf0-aced-11ef-a0ee-8863df8a28b9,airfoil,25,58,0.1409856379032135,0.08523130416870117,37326.0,0.1472240388393402,341,1
StandardGSGP,9760ebf0-aced-11ef-a0ee-8863df8a28b9,airfoil,25,59,0.1409856379032135,0.08480691909790039,37830.0,0.1472240388393402,341,1
StandardGSGP,9760ebf0-aced-11ef-a0ee-8863df8a28b9,airfoil,25,60,0.1409856379032135,0.08400249481201172,38464.0,0.1472240388393402,341,1
StandardGSGP,9760ebf0-aced-11ef-a0ee-8863df8a28b9,airfoil,25,61,0.1409856379032135,0.09281325340270996,39232.0,0.1472240388393402,341,1
StandardGSGP,9760ebf0-aced-11ef-a0ee-8863df8a28b9,airfoil,25,62,0.1409856379032135,0.09324240684509277,40334.0,0.1472240388393402,341,1
StandardGSGP,9760ebf0-aced-11ef-a0ee-8863df8a28b9,airfoil,25,63,0.1409856379032135,0.09911513328552246,40966.0,0.1472240388393402,341,1
StandardGSGP,9760ebf0-aced-11ef-a0ee-8863df8a28b9,airfoil,25,64,0.1409856379032135,0.08992385864257812,41898.0,0.1472240388393402,341,1
StandardGSGP,9760ebf0-aced-11ef-a0ee-8863df8a28b9,airfoil,25,65,0.1409856379032135,0.09392261505126953,42792.0,0.1472240388393402,341,1
StandardGSGP,9760ebf0-aced-11ef-a0ee-8863df8a28b9,airfoil,25,66,0.1409856379032135,0.09589099884033203,42818.0,0.1472240388393402,341,1
StandardGSGP,9760ebf0-aced-11ef-a0ee-8863df8a28b9,airfoil,25,67,0.1409856379032135,0.08776545524597168,43558.0,0.1472240388393402,341,1
StandardGSGP,9760ebf0-aced-11ef-a0ee-8863df8a28b9,airfoil,25,68,0.1409856379032135,0.09174895286560059,44660.0,0.1472240388393402,341,1
StandardGSGP,9760ebf0-aced-11ef-a0ee-8863df8a28b9,airfoil,25,69,0.1409856379032135,0.09175252914428711,44988.0,0.1472240388393402,341,1
StandardGSGP,9760ebf0-aced-11ef-a0ee-8863df8a28b9,airfoil,25,70,0.14097726345062256,0.09075641632080078,44080.0,0.14725060760974884,369,1
StandardGSGP,9760ebf0-aced-11ef-a0ee-8863df8a28b9,airfoil,25,71,0.14097726345062256,0.0877683162689209,43708.0,0.14725060760974884,369,1
StandardGSGP,9760ebf0-aced-11ef-a0ee-8863df8a28b9,airfoil,25,72,0.14097726345062256,0.08676838874816895,42734.0,0.14725060760974884,369,1
StandardGSGP,9760ebf0-aced-11ef-a0ee-8863df8a28b9,airfoil,25,73,0.14097726345062256,0.09275126457214355,43060.0,0.14725060760974884,369,1
StandardGSGP,9760ebf0-aced-11ef-a0ee-8863df8a28b9,airfoil,25,74,0.14097726345062256,0.09275126457214355,43982.0,0.14725060760974884,369,1
StandardGSGP,9760ebf0-aced-11ef-a0ee-8863df8a28b9,airfoil,25,75,0.14097726345062256,0.08776593208312988,46318.0,0.14725060760974884,369,1
StandardGSGP,9760ebf0-aced-11ef-a0ee-8863df8a28b9,airfoil,25,76,0.14097726345062256,0.08575940132141113,45636.0,0.14725060760974884,369,1
StandardGSGP,9760ebf0-aced-11ef-a0ee-8863df8a28b9,airfoil,25,77,0.14097726345062256,0.08676600456237793,46144.0,0.14725060760974884,369,1
StandardGSGP,9760ebf0-aced-11ef-a0ee-8863df8a28b9,airfoil,25,78,0.14097726345062256,0.0937507152557373,46652.0,0.14725060760974884,369,1
StandardGSGP,9760ebf0-aced-11ef-a0ee-8863df8a28b9,airfoil,25,79,0.14097726345062256,0.09374856948852539,47086.0,0.14725060760974884,369,1
StandardGSGP,9760ebf0-aced-11ef-a0ee-8863df8a28b9,airfoil,25,80,0.14097726345062256,0.09673857688903809,47636.0,0.14725060760974884,369,1
StandardGSGP,9760ebf0-aced-11ef-a0ee-8863df8a28b9,airfoil,25,81,0.14097726345062256,0.17054033279418945,48474.0,0.14725060760974884,369,1
StandardGSGP,9760ebf0-aced-11ef-a0ee-8863df8a28b9,airfoil,25,82,0.1402437686920166,0.0877680778503418,48908.0,0.14531846344470978,377,1
StandardGSGP,9760ebf0-aced-11ef-a0ee-8863df8a28b9,airfoil,25,83,0.1402437686920166,0.08676767349243164,48408.0,0.14531846344470978,377,1
StandardGSGP,9760ebf0-aced-11ef-a0ee-8863df8a28b9,airfoil,25,84,0.1402437686920166,0.09175372123718262,46516.0,0.14531846344470978,377,1
StandardGSGP,9760ebf0-aced-11ef-a0ee-8863df8a28b9,airfoil,25,85,0.1402437686920166,0.09275150299072266,46728.0,0.14531846344470978,377,1
StandardGSGP,9760ebf0-aced-11ef-a0ee-8863df8a28b9,airfoil,25,86,0.1402437686920166,0.08875727653503418,45676.0,0.14531846344470978,377,1
StandardGSGP,9760ebf0-aced-11ef-a0ee-8863df8a28b9,airfoil,25,87,0.1402437686920166,0.09873414039611816,45308.0,0.14531846344470978,377,1
StandardGSGP,9760ebf0-aced-11ef-a0ee-8863df8a28b9,airfoil,25,88,0.1402437686920166,0.08676719665527344,45442.0,0.14531846344470978,377,1
StandardGSGP,9760ebf0-aced-11ef-a0ee-8863df8a28b9,airfoil,25,89,0.1390215903520584,0.09873366355895996,43906.0,0.1438455432653427,401,1
StandardGSGP,9760ebf0-aced-11ef-a0ee-8863df8a28b9,airfoil,25,90,0.1376638561487198,0.09474802017211914,44622.0,0.1422356218099594,411,1
StandardGSGP,9760ebf0-aced-11ef-a0ee-8863df8a28b9,airfoil,25,91,0.137456476688385,0.09075760841369629,44978.0,0.14194118976593018,419,1
StandardGSGP,9760ebf0-aced-11ef-a0ee-8863df8a28b9,airfoil,25,92,0.137456476688385,0.08178257942199707,46214.0,0.14194118976593018,419,1
StandardGSGP,9760ebf0-aced-11ef-a0ee-8863df8a28b9,airfoil,25,93,0.137456476688385,0.0887608528137207,47076.0,0.14194118976593018,419,1
StandardGSGP,9760ebf0-aced-11ef-a0ee-8863df8a28b9,airfoil,25,94,0.137456476688385,0.09175443649291992,48080.0,0.14194118976593018,419,1
StandardGSGP,9760ebf0-aced-11ef-a0ee-8863df8a28b9,airfoil,25,95,0.137456476688385,0.08776497840881348,48988.0,0.14194118976593018,419,1
StandardGSGP,9760ebf0-aced-11ef-a0ee-8863df8a28b9,airfoil,25,96,0.137456476688385,0.09673690795898438,48742.0,0.14194118976593018,419,1
StandardGSGP,9760ebf0-aced-11ef-a0ee-8863df8a28b9,airfoil,25,97,0.137456476688385,0.0937507152557373,49590.0,0.14194118976593018,419,1
StandardGSGP,9760ebf0-aced-11ef-a0ee-8863df8a28b9,airfoil,25,98,0.137456476688385,0.09075760841369629,49524.0,0.14194118976593018,419,1
StandardGSGP,9760ebf0-aced-11ef-a0ee-8863df8a28b9,airfoil,25,99,0.13695812225341797,0.09075617790222168,49850.0,0.14115184545516968,443,1
StandardGSGP,9760ebf0-aced-11ef-a0ee-8863df8a28b9,airfoil,25,100,0.13695812225341797,0.0807802677154541,50208.0,0.14115184545516968,443,1
