StandardGSGP,25d3b228-aced-11ef-8d5f-8863df8a28b9,airfoil,6,0,0.40411025285720825,0.34009242057800293,6338.0,0.4128582179546356,5,1
StandardGSGP,25d3b228-aced-11ef-8d5f-8863df8a28b9,airfoil,6,1,0.32619142532348633,0.08975815773010254,3106.0,0.3164055645465851,15,1
StandardGSGP,25d3b228-aced-11ef-8d5f-8863df8a28b9,airfoil,6,2,0.27382153272628784,0.10073089599609375,4858.0,0.28797823190689087,29,1
StandardGSGP,25d3b228-aced-11ef-8d5f-8863df8a28b9,airfoil,6,3,0.262185662984848,0.09275007247924805,5544.0,0.2792239785194397,103,1
StandardGSGP,25d3b228-aced-11ef-8d5f-8863df8a28b9,airfoil,6,4,0.2198963463306427,0.09873628616333008,7906.0,0.22117853164672852,101,1
StandardGSGP,25d3b228-aced-11ef-8d5f-8863df8a28b9,airfoil,6,5,0.20536711812019348,0.09175610542297363,12432.0,0.20759885013103485,109,1
StandardGSGP,25d3b228-aced-11ef-8d5f-8863df8a28b9,airfoil,6,6,0.19714103639125824,0.09574317932128906,15368.0,0.19692175090312958,129,1
StandardGSGP,25d3b228-aced-11ef-8d5f-8863df8a28b9,airfoil,6,7,0.17768388986587524,0.09574365615844727,19018.0,0.17654067277908325,121,1
StandardGSGP,25d3b228-aced-11ef-8d5f-8863df8a28b9,airfoil,6,8,0.17762231826782227,0.11087608337402344,19034.0,0.18430927395820618,149,1
StandardGSGP,25d3b228-aced-11ef-8d5f-8863df8a28b9,airfoil,6,9,0.17762231826782227,0.0857691764831543,20882.0,0.18430927395820618,149,1
StandardGSGP,25d3b228-aced-11ef-8d5f-8863df8a28b9,airfoil,6,10,0.17762231826782227,0.08676600456237793,21972.0,0.18430927395820618,149,1
StandardGSGP,25d3b228-aced-11ef-8d5f-8863df8a28b9,airfoil,6,11,0.17739446461200714,0.09175467491149902,22610.0,0.1860101968050003,187,1
StandardGSGP,25d3b228-aced-11ef-8d5f-8863df8a28b9,airfoil,6,12,0.17493067681789398,0.09474873542785645,23416.0,0.18158678710460663,155,1
StandardGSGP,25d3b228-aced-11ef-8d5f-8863df8a28b9,airfoil,6,13,0.16162030398845673,0.0857706069946289,23468.0,0.1686021387577057,187,1
StandardGSGP,25d3b228-aced-11ef-8d5f-8863df8a28b9,airfoil,6,14,0.15973474085330963,0.08377790451049805,25580.0,0.16665516793727875,199,1
StandardGSGP,25d3b228-aced-11ef-8d5f-8863df8a28b9,airfoil,6,15,0.15896496176719666,0.09274840354919434,26046.0,0.1657271385192871,227,1
StandardGSGP,25d3b228-aced-11ef-8d5f-8863df8a28b9,airfoil,6,16,0.14764642715454102,0.09474587440490723,28064.0,0.16264981031417847,243,1
StandardGSGP,25d3b228-aced-11ef-8d5f-8863df8a28b9,airfoil,6,17,0.14764642715454102,0.09674072265625,28292.0,0.16264981031417847,243,1
StandardGSGP,25d3b228-aced-11ef-8d5f-8863df8a28b9,airfoil,6,18,0.14764642715454102,0.09474611282348633,28338.0,0.16264981031417847,243,1
StandardGSGP,25d3b228-aced-11ef-8d5f-8863df8a28b9,airfoil,6,19,0.14764642715454102,0.0857694149017334,28040.0,0.16264981031417847,243,1
StandardGSGP,25d3b228-aced-11ef-8d5f-8863df8a28b9,airfoil,6,20,0.14764642715454102,0.09075736999511719,27496.0,0.16264981031417847,243,1
StandardGSGP,25d3b228-aced-11ef-8d5f-8863df8a28b9,airfoil,6,21,0.14694266021251678,0.0837717056274414,28350.0,0.1600262075662613,315,1
StandardGSGP,25d3b228-aced-11ef-8d5f-8863df8a28b9,airfoil,6,22,0.14694266021251678,0.08776259422302246,28510.0,0.1600262075662613,315,1
StandardGSGP,25d3b228-aced-11ef-8d5f-8863df8a28b9,airfoil,6,23,0.14694266021251678,0.10671448707580566,29956.0,0.1600262075662613,315,1
StandardGSGP,25d3b228-aced-11ef-8d5f-8863df8a28b9,airfoil,6,24,0.14560559391975403,0.09175395965576172,30872.0,0.16136875748634338,277,1
StandardGSGP,25d3b228-aced-11ef-8d5f-8863df8a28b9,airfoil,6,25,0.14223524928092957,0.08576393127441406,31560.0,0.15745909512043,281,1
StandardGSGP,25d3b228-aced-11ef-8d5f-8863df8a28b9,airfoil,6,26,0.14223524928092957,0.08776402473449707,32094.0,0.15745909512043,281,1
StandardGSGP,25d3b228-aced-11ef-8d5f-8863df8a28b9,airfoil,6,27,0.1420499086380005,0.09275341033935547,32510.0,0.15588191151618958,293,1
StandardGSGP,25d3b228-aced-11ef-8d5f-8863df8a28b9,airfoil,6,28,0.1397397816181183,0.08576846122741699,32234.0,0.15369565784931183,287,1
StandardGSGP,25d3b228-aced-11ef-8d5f-8863df8a28b9,airfoil,6,29,0.13905735313892365,0.08893537521362305,32812.0,0.15377841889858246,293,1
StandardGSGP,25d3b228-aced-11ef-8d5f-8863df8a28b9,airfoil,6,30,0.13905735313892365,0.08876299858093262,33184.0,0.15377841889858246,293,1
StandardGSGP,25d3b228-aced-11ef-8d5f-8863df8a28b9,airfoil,6,31,0.13905735313892365,0.08776426315307617,33902.0,0.15377841889858246,293,1
StandardGSGP,25d3b228-aced-11ef-8d5f-8863df8a28b9,airfoil,6,32,0.13905735313892365,0.08975720405578613,35212.0,0.15377841889858246,293,1
StandardGSGP,25d3b228-aced-11ef-8d5f-8863df8a28b9,airfoil,6,33,0.13905735313892365,0.08377480506896973,36346.0,0.15377841889858246,293,1
StandardGSGP,25d3b228-aced-11ef-8d5f-8863df8a28b9,airfoil,6,34,0.13905735313892365,0.09275126457214355,37678.0,0.15377841889858246,293,1
StandardGSGP,25d3b228-aced-11ef-8d5f-8863df8a28b9,airfoil,6,35,0.13905735313892365,0.09075689315795898,38592.0,0.15377841889858246,293,1
StandardGSGP,25d3b228-aced-11ef-8d5f-8863df8a28b9,airfoil,6,36,0.13905735313892365,0.08676409721374512,39252.0,0.15377841889858246,293,1
StandardGSGP,25d3b228-aced-11ef-8d5f-8863df8a28b9,airfoil,6,37,0.13905735313892365,0.09275269508361816,40116.0,0.15377841889858246,293,1
StandardGSGP,25d3b228-aced-11ef-8d5f-8863df8a28b9,airfoil,6,38,0.13905735313892365,0.09574484825134277,40190.0,0.15377841889858246,293,1
StandardGSGP,25d3b228-aced-11ef-8d5f-8863df8a28b9,airfoil,6,39,0.13905735313892365,0.0887613296508789,40380.0,0.15377841889858246,293,1
StandardGSGP,25d3b228-aced-11ef-8d5f-8863df8a28b9,airfoil,6,40,0.13905735313892365,0.08676791191101074,39090.0,0.15377841889858246,293,1
StandardGSGP,25d3b228-aced-11ef-8d5f-8863df8a28b9,airfoil,6,41,0.13905735313892365,0.08875846862792969,38516.0,0.15377841889858246,293,1
StandardGSGP,25d3b228-aced-11ef-8d5f-8863df8a28b9,airfoil,6,42,0.13905735313892365,0.0857706069946289,39490.0,0.15377841889858246,293,1
StandardGSGP,25d3b228-aced-11ef-8d5f-8863df8a28b9,airfoil,6,43,0.13702599704265594,0.08676528930664062,38712.0,0.14967870712280273,301,1
StandardGSGP,25d3b228-aced-11ef-8d5f-8863df8a28b9,airfoil,6,44,0.13702599704265594,0.09474658966064453,38542.0,0.14967870712280273,301,1
StandardGSGP,25d3b228-aced-11ef-8d5f-8863df8a28b9,airfoil,6,45,0.13702599704265594,0.09474682807922363,38858.0,0.14967870712280273,301,1
StandardGSGP,25d3b228-aced-11ef-8d5f-8863df8a28b9,airfoil,6,46,0.13702599704265594,0.0917520523071289,37334.0,0.14967870712280273,301,1
StandardGSGP,25d3b228-aced-11ef-8d5f-8863df8a28b9,airfoil,6,47,0.133949413895607,0.0887598991394043,36662.0,0.14583468437194824,331,1
StandardGSGP,25d3b228-aced-11ef-8d5f-8863df8a28b9,airfoil,6,48,0.13291531801223755,0.0917520523071289,36390.0,0.14404800534248352,337,1
StandardGSGP,25d3b228-aced-11ef-8d5f-8863df8a28b9,airfoil,6,49,0.13291531801223755,0.09275054931640625,36988.0,0.14404800534248352,337,1
StandardGSGP,25d3b228-aced-11ef-8d5f-8863df8a28b9,airfoil,6,50,0.13291531801223755,0.08676505088806152,38104.0,0.14404800534248352,337,1
StandardGSGP,25d3b228-aced-11ef-8d5f-8863df8a28b9,airfoil,6,51,0.13291531801223755,0.08795475959777832,38440.0,0.14404800534248352,337,1
StandardGSGP,25d3b228-aced-11ef-8d5f-8863df8a28b9,airfoil,6,52,0.13291531801223755,0.08665585517883301,39354.0,0.14404800534248352,337,1
StandardGSGP,25d3b228-aced-11ef-8d5f-8863df8a28b9,airfoil,6,53,0.13191989064216614,0.09015035629272461,39360.0,0.14348416030406952,353,1
StandardGSGP,25d3b228-aced-11ef-8d5f-8863df8a28b9,airfoil,6,54,0.13191989064216614,0.09101271629333496,39750.0,0.14348416030406952,353,1
StandardGSGP,25d3b228-aced-11ef-8d5f-8863df8a28b9,airfoil,6,55,0.13191989064216614,0.09044957160949707,39658.0,0.14348416030406952,353,1
StandardGSGP,25d3b228-aced-11ef-8d5f-8863df8a28b9,airfoil,6,56,0.1312551349401474,0.09314298629760742,39872.0,0.14270396530628204,371,1
StandardGSGP,25d3b228-aced-11ef-8d5f-8863df8a28b9,airfoil,6,57,0.1312551349401474,0.09221172332763672,40342.0,0.14270396530628204,371,1
StandardGSGP,25d3b228-aced-11ef-8d5f-8863df8a28b9,airfoil,6,58,0.1312551349401474,0.09888458251953125,40646.0,0.14270396530628204,371,1
StandardGSGP,25d3b228-aced-11ef-8d5f-8863df8a28b9,airfoil,6,59,0.1312551349401474,0.08407330513000488,41224.0,0.14270396530628204,371,1
StandardGSGP,25d3b228-aced-11ef-8d5f-8863df8a28b9,airfoil,6,60,0.1312551349401474,0.17850708961486816,42272.0,0.14270396530628204,371,1
StandardGSGP,25d3b228-aced-11ef-8d5f-8863df8a28b9,airfoil,6,61,0.1312551349401474,0.08897256851196289,42796.0,0.14270396530628204,371,1
StandardGSGP,25d3b228-aced-11ef-8d5f-8863df8a28b9,airfoil,6,62,0.1312551349401474,0.08603787422180176,43374.0,0.14270396530628204,371,1
StandardGSGP,25d3b228-aced-11ef-8d5f-8863df8a28b9,airfoil,6,63,0.13084544241428375,0.0955040454864502,44022.0,0.14209416508674622,379,1
StandardGSGP,25d3b228-aced-11ef-8d5f-8863df8a28b9,airfoil,6,64,0.13084544241428375,0.08376312255859375,43850.0,0.14209416508674622,379,1
StandardGSGP,25d3b228-aced-11ef-8d5f-8863df8a28b9,airfoil,6,65,0.13084544241428375,0.18982982635498047,44260.0,0.14209416508674622,379,1
StandardGSGP,25d3b228-aced-11ef-8d5f-8863df8a28b9,airfoil,6,66,0.13084544241428375,0.08664345741271973,44596.0,0.14209416508674622,379,1
StandardGSGP,25d3b228-aced-11ef-8d5f-8863df8a28b9,airfoil,6,67,0.13084544241428375,0.09218430519104004,44890.0,0.14209416508674622,379,1
StandardGSGP,25d3b228-aced-11ef-8d5f-8863df8a28b9,airfoil,6,68,0.13084544241428375,0.08807945251464844,44966.0,0.14209416508674622,379,1
StandardGSGP,25d3b228-aced-11ef-8d5f-8863df8a28b9,airfoil,6,69,0.13084544241428375,0.09569692611694336,45644.0,0.14209416508674622,379,1
StandardGSGP,25d3b228-aced-11ef-8d5f-8863df8a28b9,airfoil,6,70,0.1303124725818634,0.1030418872833252,45722.0,0.14134487509727478,397,1
StandardGSGP,25d3b228-aced-11ef-8d5f-8863df8a28b9,airfoil,6,71,0.1303124725818634,0.0876622200012207,45744.0,0.14134487509727478,397,1
StandardGSGP,25d3b228-aced-11ef-8d5f-8863df8a28b9,airfoil,6,72,0.1303124725818634,0.08617019653320312,43710.0,0.14134487509727478,397,1
StandardGSGP,25d3b228-aced-11ef-8d5f-8863df8a28b9,airfoil,6,73,0.1303124725818634,0.0954430103302002,44222.0,0.14134487509727478,397,1
StandardGSGP,25d3b228-aced-11ef-8d5f-8863df8a28b9,airfoil,6,74,0.1303124725818634,0.08323884010314941,45044.0,0.14134487509727478,397,1
StandardGSGP,25d3b228-aced-11ef-8d5f-8863df8a28b9,airfoil,6,75,0.1303124725818634,0.08981633186340332,45886.0,0.14134487509727478,397,1
StandardGSGP,25d3b228-aced-11ef-8d5f-8863df8a28b9,airfoil,6,76,0.1303124725818634,0.08784914016723633,46422.0,0.14134487509727478,397,1
StandardGSGP,25d3b228-aced-11ef-8d5f-8863df8a28b9,airfoil,6,77,0.1303124725818634,0.09613466262817383,47520.0,0.14134487509727478,397,1
StandardGSGP,25d3b228-aced-11ef-8d5f-8863df8a28b9,airfoil,6,78,0.1303124725818634,0.09360790252685547,47856.0,0.14134487509727478,397,1
StandardGSGP,25d3b228-aced-11ef-8d5f-8863df8a28b9,airfoil,6,79,0.1303124725818634,0.09219169616699219,48262.0,0.14134487509727478,397,1
StandardGSGP,25d3b228-aced-11ef-8d5f-8863df8a28b9,airfoil,6,80,0.1303124725818634,0.08960294723510742,47870.0,0.14134487509727478,397,1
StandardGSGP,25d3b228-aced-11ef-8d5f-8863df8a28b9,airfoil,6,81,0.1303124725818634,0.09746932983398438,48606.0,0.14134487509727478,397,1
StandardGSGP,25d3b228-aced-11ef-8d5f-8863df8a28b9,airfoil,6,82,0.1303124725818634,0.09562873840332031,49472.0,0.14134487509727478,397,1
StandardGSGP,25d3b228-aced-11ef-8d5f-8863df8a28b9,airfoil,6,83,0.1303124725818634,0.09014272689819336,49676.0,0.14134487509727478,397,1
StandardGSGP,25d3b228-aced-11ef-8d5f-8863df8a28b9,airfoil,6,84,0.1303124725818634,0.09918928146362305,49956.0,0.14134487509727478,397,1
StandardGSGP,25d3b228-aced-11ef-8d5f-8863df8a28b9,airfoil,6,85,0.1303124725818634,0.0908210277557373,49662.0,0.14134487509727478,397,1
StandardGSGP,25d3b228-aced-11ef-8d5f-8863df8a28b9,airfoil,6,86,0.1303124725818634,0.09699440002441406,50454.0,0.14134487509727478,397,1
StandardGSGP,25d3b228-aced-11ef-8d5f-8863df8a28b9,airfoil,6,87,0.1303124725818634,0.09055304527282715,51258.0,0.14134487509727478,397,1
StandardGSGP,25d3b228-aced-11ef-8d5f-8863df8a28b9,airfoil,6,88,0.1303124725818634,0.08812642097473145,52166.0,0.14134487509727478,397,1
StandardGSGP,25d3b228-aced-11ef-8d5f-8863df8a28b9,airfoil,6,89,0.1303124725818634,0.09700322151184082,52858.0,0.14134487509727478,397,1
StandardGSGP,25d3b228-aced-11ef-8d5f-8863df8a28b9,airfoil,6,90,0.1303124725818634,0.09868073463439941,54696.0,0.14134487509727478,397,1
StandardGSGP,25d3b228-aced-11ef-8d5f-8863df8a28b9,airfoil,6,91,0.1303124725818634,0.0871133804321289,56628.0,0.14134487509727478,397,1
StandardGSGP,25d3b228-aced-11ef-8d5f-8863df8a28b9,airfoil,6,92,0.1303124725818634,0.09208846092224121,56444.0,0.14134487509727478,397,1
StandardGSGP,25d3b228-aced-11ef-8d5f-8863df8a28b9,airfoil,6,93,0.13030773401260376,0.09275341033935547,57670.0,0.14110419154167175,419,1
StandardGSGP,25d3b228-aced-11ef-8d5f-8863df8a28b9,airfoil,6,94,0.13030773401260376,0.09175395965576172,56354.0,0.14110419154167175,419,1
StandardGSGP,25d3b228-aced-11ef-8d5f-8863df8a28b9,airfoil,6,95,0.12993155419826508,0.0797879695892334,55468.0,0.14104269444942474,411,1
StandardGSGP,25d3b228-aced-11ef-8d5f-8863df8a28b9,airfoil,6,96,0.12993155419826508,0.0887613296508789,52754.0,0.14104269444942474,411,1
StandardGSGP,25d3b228-aced-11ef-8d5f-8863df8a28b9,airfoil,6,97,0.12993155419826508,0.09075593948364258,51146.0,0.14104269444942474,411,1
StandardGSGP,25d3b228-aced-11ef-8d5f-8863df8a28b9,airfoil,6,98,0.12993155419826508,0.09574413299560547,51008.0,0.14104269444942474,411,1
StandardGSGP,25d3b228-aced-11ef-8d5f-8863df8a28b9,airfoil,6,99,0.12993155419826508,0.08975720405578613,51580.0,0.14104269444942474,411,1
StandardGSGP,25d3b228-aced-11ef-8d5f-8863df8a28b9,airfoil,6,100,0.12993155419826508,0.09075760841369629,52330.0,0.14104269444942474,411,1
StandardGSGP,e0971137-aced-11ef-93af-8863df8a28b9,airfoil,6,0,69.57931518554688,1.7403442859649658,32974.0,69.39942932128906,7,1
StandardGSGP,e0971137-aced-11ef-93af-8863df8a28b9,airfoil,6,1,69.2862548828125,0.10371947288513184,2762.0,69.10765838623047,13,1
StandardGSGP,e0971137-aced-11ef-93af-8863df8a28b9,airfoil,6,2,68.68164825439453,0.09375166893005371,2734.0,68.50244903564453,19,1
StandardGSGP,e0971137-aced-11ef-93af-8863df8a28b9,airfoil,6,3,68.18083953857422,0.10172629356384277,3954.0,68.00231170654297,31,1
StandardGSGP,e0971137-aced-11ef-93af-8863df8a28b9,airfoil,6,4,67.6464614868164,0.09973502159118652,5216.0,67.44585418701172,59,1
StandardGSGP,e0971137-aced-11ef-93af-8863df8a28b9,airfoil,6,5,67.23445892333984,0.10072660446166992,6196.0,67.03445434570312,67,1
StandardGSGP,e0971137-aced-11ef-93af-8863df8a28b9,airfoil,6,6,66.67102813720703,0.10272383689880371,7736.0,66.47187042236328,95,1
StandardGSGP,e0971137-aced-11ef-93af-8863df8a28b9,airfoil,6,7,66.13263702392578,0.0967404842376709,9196.0,65.9324951171875,81,1
StandardGSGP,e0971137-aced-11ef-93af-8863df8a28b9,airfoil,6,8,65.74861907958984,0.09175276756286621,10460.0,65.51838684082031,105,1
StandardGSGP,e0971137-aced-11ef-93af-8863df8a28b9,airfoil,6,9,64.84667205810547,0.09773707389831543,11710.0,64.61787414550781,117,1
StandardGSGP,e0971137-aced-11ef-93af-8863df8a28b9,airfoil,6,10,64.7025375366211,0.10771322250366211,13312.0,64.47929382324219,163,1
StandardGSGP,e0971137-aced-11ef-93af-8863df8a28b9,airfoil,6,11,64.45561218261719,0.10272550582885742,14748.0,64.2322998046875,145,1
StandardGSGP,e0971137-aced-11ef-93af-8863df8a28b9,airfoil,6,12,63.93561935424805,0.0997304916381836,15186.0,63.71372985839844,137,1
StandardGSGP,e0971137-aced-11ef-93af-8863df8a28b9,airfoil,6,13,63.26145553588867,0.08975911140441895,15342.0,63.040374755859375,147,1
StandardGSGP,e0971137-aced-11ef-93af-8863df8a28b9,airfoil,6,14,62.6194953918457,0.09973454475402832,16788.0,62.387638092041016,153,1
StandardGSGP,e0971137-aced-11ef-93af-8863df8a28b9,airfoil,6,15,62.46228790283203,0.10172748565673828,17522.0,62.23448181152344,161,1
StandardGSGP,e0971137-aced-11ef-93af-8863df8a28b9,airfoil,6,16,61.712684631347656,0.10471892356872559,18118.0,61.486289978027344,175,1
StandardGSGP,e0971137-aced-11ef-93af-8863df8a28b9,airfoil,6,17,61.260433197021484,0.09674072265625,18650.0,61.03493118286133,193,1
StandardGSGP,e0971137-aced-11ef-93af-8863df8a28b9,airfoil,6,18,60.94593048095703,0.09574317932128906,19858.0,60.72623825073242,193,1
StandardGSGP,e0971137-aced-11ef-93af-8863df8a28b9,airfoil,6,19,60.76113510131836,0.1017310619354248,20958.0,60.55247116088867,213,1
StandardGSGP,e0971137-aced-11ef-93af-8863df8a28b9,airfoil,6,20,59.96818542480469,0.10189485549926758,22226.0,59.72786331176758,223,1
StandardGSGP,e0971137-aced-11ef-93af-8863df8a28b9,airfoil,6,21,59.63172149658203,0.09409308433532715,23358.0,59.39429473876953,233,1
StandardGSGP,e0971137-aced-11ef-93af-8863df8a28b9,airfoil,6,22,58.899173736572266,0.10719704627990723,24324.0,58.66517639160156,249,1
StandardGSGP,e0971137-aced-11ef-93af-8863df8a28b9,airfoil,6,23,58.88478088378906,0.09691452980041504,25262.0,58.648563385009766,267,1
StandardGSGP,e0971137-aced-11ef-93af-8863df8a28b9,airfoil,6,24,58.3333625793457,0.0967106819152832,26370.0,58.1165885925293,265,1
StandardGSGP,e0971137-aced-11ef-93af-8863df8a28b9,airfoil,6,25,57.96797561645508,0.09290313720703125,27462.0,57.73345947265625,275,1
StandardGSGP,e0971137-aced-11ef-93af-8863df8a28b9,airfoil,6,26,57.256263732910156,0.09689521789550781,28586.0,57.04206085205078,279,1
StandardGSGP,e0971137-aced-11ef-93af-8863df8a28b9,airfoil,6,27,56.82920837402344,0.09971022605895996,29676.0,56.61594009399414,287,1
StandardGSGP,e0971137-aced-11ef-93af-8863df8a28b9,airfoil,6,28,56.77050018310547,0.09492897987365723,30344.0,56.557369232177734,311,1
StandardGSGP,e0971137-aced-11ef-93af-8863df8a28b9,airfoil,6,29,56.17436218261719,0.10604095458984375,31122.0,55.97104263305664,313,1
StandardGSGP,e0971137-aced-11ef-93af-8863df8a28b9,airfoil,6,30,55.433475494384766,0.11301565170288086,32308.0,55.224037170410156,335,1
StandardGSGP,e0971137-aced-11ef-93af-8863df8a28b9,airfoil,6,31,54.834659576416016,0.09095621109008789,33506.0,54.625099182128906,351,1
StandardGSGP,e0971137-aced-11ef-93af-8863df8a28b9,airfoil,6,32,54.26585006713867,0.1030130386352539,35120.0,54.057716369628906,357,1
StandardGSGP,e0971137-aced-11ef-93af-8863df8a28b9,airfoil,6,33,54.06605911254883,0.09691572189331055,36630.0,53.86046600341797,363,1
StandardGSGP,e0971137-aced-11ef-93af-8863df8a28b9,airfoil,6,34,53.733402252197266,0.09097504615783691,37956.0,53.527042388916016,367,1
StandardGSGP,e0971137-aced-11ef-93af-8863df8a28b9,airfoil,6,35,53.437217712402344,0.10257363319396973,38994.0,53.22882843017578,383,1
StandardGSGP,e0971137-aced-11ef-93af-8863df8a28b9,airfoil,6,36,52.66819763183594,0.09699320793151855,40086.0,52.47016143798828,421,1
StandardGSGP,e0971137-aced-11ef-93af-8863df8a28b9,airfoil,6,37,52.52679443359375,0.09627056121826172,41232.0,52.32685852050781,451,1
StandardGSGP,e0971137-aced-11ef-93af-8863df8a28b9,airfoil,6,38,52.16898727416992,0.09212350845336914,42782.0,51.96294403076172,461,1
StandardGSGP,e0971137-aced-11ef-93af-8863df8a28b9,airfoil,6,39,51.981746673583984,0.09073138236999512,43970.0,51.77882766723633,467,1
StandardGSGP,e0971137-aced-11ef-93af-8863df8a28b9,airfoil,6,40,51.5679931640625,0.09820771217346191,45566.0,51.369136810302734,485,1
StandardGSGP,e0971137-aced-11ef-93af-8863df8a28b9,airfoil,6,41,51.224632263183594,0.09375405311584473,47984.0,51.024959564208984,503,1
StandardGSGP,e0971137-aced-11ef-93af-8863df8a28b9,airfoil,6,42,50.816307067871094,0.09873461723327637,49068.0,50.611236572265625,495,1
StandardGSGP,e0971137-aced-11ef-93af-8863df8a28b9,airfoil,6,43,50.34832000732422,0.10172295570373535,49646.0,50.14176940917969,515,1
StandardGSGP,e0971137-aced-11ef-93af-8863df8a28b9,airfoil,6,44,49.98088836669922,0.08377242088317871,51542.0,49.77064514160156,533,1
StandardGSGP,e0971137-aced-11ef-93af-8863df8a28b9,airfoil,6,45,49.182594299316406,0.09773659706115723,53272.0,48.96663284301758,529,1
StandardGSGP,e0971137-aced-11ef-93af-8863df8a28b9,airfoil,6,46,49.15397644042969,0.09773874282836914,54572.0,48.93804931640625,535,1
StandardGSGP,e0971137-aced-11ef-93af-8863df8a28b9,airfoil,6,47,48.79423904418945,0.10671281814575195,55880.0,48.57859420776367,553,1
StandardGSGP,e0971137-aced-11ef-93af-8863df8a28b9,airfoil,6,48,48.09627914428711,0.10471773147583008,56984.0,47.88563919067383,559,1
StandardGSGP,e0971137-aced-11ef-93af-8863df8a28b9,airfoil,6,49,47.60576248168945,0.09374880790710449,57984.0,47.39363479614258,585,1
StandardGSGP,e0971137-aced-11ef-93af-8863df8a28b9,airfoil,6,50,47.257415771484375,0.10172772407531738,58754.0,47.03466796875,611,1
StandardGSGP,e0971137-aced-11ef-93af-8863df8a28b9,airfoil,6,51,46.88945388793945,0.10472226142883301,59816.0,46.684696197509766,637,1
StandardGSGP,e0971137-aced-11ef-93af-8863df8a28b9,airfoil,6,52,46.441612243652344,0.09574484825134277,61986.0,46.23175048828125,645,1
StandardGSGP,e0971137-aced-11ef-93af-8863df8a28b9,airfoil,6,53,45.98086166381836,0.0937497615814209,64348.0,45.7514762878418,643,1
StandardGSGP,e0971137-aced-11ef-93af-8863df8a28b9,airfoil,6,54,45.63191223144531,0.09175491333007812,66014.0,45.432247161865234,665,1
StandardGSGP,e0971137-aced-11ef-93af-8863df8a28b9,airfoil,6,55,45.224090576171875,0.10073137283325195,67318.0,45.001712799072266,695,1
StandardGSGP,e0971137-aced-11ef-93af-8863df8a28b9,airfoil,6,56,44.5062255859375,0.09574317932128906,68856.0,44.28715133666992,703,1
StandardGSGP,e0971137-aced-11ef-93af-8863df8a28b9,airfoil,6,57,44.44966506958008,0.0997307300567627,70542.0,44.21882629394531,747,1
StandardGSGP,e0971137-aced-11ef-93af-8863df8a28b9,airfoil,6,58,43.96635437011719,0.09075689315795898,71876.0,43.749794006347656,721,1
StandardGSGP,e0971137-aced-11ef-93af-8863df8a28b9,airfoil,6,59,43.72002029418945,0.10072875022888184,73586.0,43.49290466308594,761,1
StandardGSGP,e0971137-aced-11ef-93af-8863df8a28b9,airfoil,6,60,43.24663162231445,0.10268306732177734,74838.0,43.022010803222656,765,1
StandardGSGP,e0971137-aced-11ef-93af-8863df8a28b9,airfoil,6,61,42.85060119628906,0.09904980659484863,76518.0,42.63642120361328,741,1
StandardGSGP,e0971137-aced-11ef-93af-8863df8a28b9,airfoil,6,62,42.36766815185547,0.0969700813293457,76966.0,42.1680908203125,753,1
StandardGSGP,e0971137-aced-11ef-93af-8863df8a28b9,airfoil,6,63,42.01572799682617,0.08872222900390625,77180.0,41.79816818237305,789,1
StandardGSGP,e0971137-aced-11ef-93af-8863df8a28b9,airfoil,6,64,41.48106002807617,0.09261584281921387,77932.0,41.25339126586914,805,1
StandardGSGP,e0971137-aced-11ef-93af-8863df8a28b9,airfoil,6,65,41.134944915771484,0.09828448295593262,79538.0,40.90879440307617,811,1
StandardGSGP,e0971137-aced-11ef-93af-8863df8a28b9,airfoil,6,66,40.7487907409668,0.09869146347045898,81800.0,40.50333786010742,831,1
StandardGSGP,e0971137-aced-11ef-93af-8863df8a28b9,airfoil,6,67,40.43779373168945,0.28119874000549316,83368.0,40.19361114501953,837,1
StandardGSGP,e0971137-aced-11ef-93af-8863df8a28b9,airfoil,6,68,39.798431396484375,0.10971927642822266,85122.0,39.5581169128418,849,1
StandardGSGP,e0971137-aced-11ef-93af-8863df8a28b9,airfoil,6,69,38.98426055908203,0.09417963027954102,86306.0,38.74976348876953,855,1
StandardGSGP,e0971137-aced-11ef-93af-8863df8a28b9,airfoil,6,70,38.9434928894043,0.106781005859375,86808.0,38.70988845825195,873,1
StandardGSGP,e0971137-aced-11ef-93af-8863df8a28b9,airfoil,6,71,38.545230865478516,0.09780645370483398,87690.0,38.314353942871094,869,1
StandardGSGP,e0971137-aced-11ef-93af-8863df8a28b9,airfoil,6,72,38.100074768066406,0.10304760932922363,88988.0,37.88397216796875,899,1
StandardGSGP,e0971137-aced-11ef-93af-8863df8a28b9,airfoil,6,73,37.49540328979492,0.09827375411987305,90526.0,37.28076171875,915,1
StandardGSGP,e0971137-aced-11ef-93af-8863df8a28b9,airfoil,6,74,37.01881408691406,0.11281585693359375,91848.0,36.78876495361328,939,1
StandardGSGP,e0971137-aced-11ef-93af-8863df8a28b9,airfoil,6,75,36.73206329345703,0.097564697265625,93724.0,36.52666473388672,953,1
StandardGSGP,e0971137-aced-11ef-93af-8863df8a28b9,airfoil,6,76,36.438541412353516,0.09893226623535156,95664.0,36.220794677734375,963,1
StandardGSGP,e0971137-aced-11ef-93af-8863df8a28b9,airfoil,6,77,35.876224517822266,0.10247325897216797,97262.0,35.656612396240234,969,1
StandardGSGP,e0971137-aced-11ef-93af-8863df8a28b9,airfoil,6,78,35.357357025146484,0.09690213203430176,97862.0,35.14718246459961,951,1
StandardGSGP,e0971137-aced-11ef-93af-8863df8a28b9,airfoil,6,79,35.09575271606445,0.09574127197265625,99154.0,34.88302993774414,957,1
StandardGSGP,e0971137-aced-11ef-93af-8863df8a28b9,airfoil,6,80,34.647403717041016,0.09375,99554.0,34.43852615356445,1001,1
StandardGSGP,e0971137-aced-11ef-93af-8863df8a28b9,airfoil,6,81,33.957176208496094,0.09574651718139648,100004.0,33.75597381591797,1013,1
StandardGSGP,e0971137-aced-11ef-93af-8863df8a28b9,airfoil,6,82,33.6347770690918,0.09275102615356445,101724.0,33.433895111083984,1019,1
StandardGSGP,e0971137-aced-11ef-93af-8863df8a28b9,airfoil,6,83,33.50429153442383,0.1027214527130127,103830.0,33.323429107666016,999,1
StandardGSGP,e0971137-aced-11ef-93af-8863df8a28b9,airfoil,6,84,33.14596939086914,0.11170148849487305,104676.0,32.91026306152344,1089,1
StandardGSGP,e0971137-aced-11ef-93af-8863df8a28b9,airfoil,6,85,32.6597900390625,0.12167525291442871,105758.0,32.45048904418945,1065,1
StandardGSGP,e0971137-aced-11ef-93af-8863df8a28b9,airfoil,6,86,32.23583221435547,0.11768555641174316,106932.0,32.045719146728516,1073,1
StandardGSGP,e0971137-aced-11ef-93af-8863df8a28b9,airfoil,6,87,31.98516845703125,0.09574365615844727,108626.0,31.78661346435547,1099,1
StandardGSGP,e0971137-aced-11ef-93af-8863df8a28b9,airfoil,6,88,31.84908103942871,0.09574365615844727,109404.0,31.653818130493164,1089,1
StandardGSGP,e0971137-aced-11ef-93af-8863df8a28b9,airfoil,6,89,31.363826751708984,0.09873485565185547,110782.0,31.16493797302246,1105,1
StandardGSGP,e0971137-aced-11ef-93af-8863df8a28b9,airfoil,6,90,30.954011917114258,0.10073494911193848,112562.0,30.778854370117188,1117,1
StandardGSGP,e0971137-aced-11ef-93af-8863df8a28b9,airfoil,6,91,30.770366668701172,0.10970473289489746,114402.0,30.59809112548828,1127,1
StandardGSGP,e0971137-aced-11ef-93af-8863df8a28b9,airfoil,6,92,30.521745681762695,0.09474468231201172,114818.0,30.34511947631836,1175,1
StandardGSGP,e0971137-aced-11ef-93af-8863df8a28b9,airfoil,6,93,30.186595916748047,0.1087033748626709,116558.0,30.01510238647461,1183,1
StandardGSGP,e0971137-aced-11ef-93af-8863df8a28b9,airfoil,6,94,29.8345890045166,0.08477067947387695,117778.0,29.669010162353516,1193,1
StandardGSGP,e0971137-aced-11ef-93af-8863df8a28b9,airfoil,6,95,29.62327003479004,0.10072946548461914,118854.0,29.475927352905273,1213,1
StandardGSGP,e0971137-aced-11ef-93af-8863df8a28b9,airfoil,6,96,29.219064712524414,0.10471963882446289,120336.0,29.06609535217285,1173,1
StandardGSGP,e0971137-aced-11ef-93af-8863df8a28b9,airfoil,6,97,29.013254165649414,0.10471701622009277,121622.0,28.868127822875977,1231,1
StandardGSGP,e0971137-aced-11ef-93af-8863df8a28b9,airfoil,6,98,28.760879516601562,0.09275269508361816,122420.0,28.623485565185547,1217,1
StandardGSGP,e0971137-aced-11ef-93af-8863df8a28b9,airfoil,6,99,28.26715850830078,0.10371828079223633,123578.0,28.14360237121582,1255,1
StandardGSGP,e0971137-aced-11ef-93af-8863df8a28b9,airfoil,6,100,27.690542221069336,0.09673857688903809,124808.0,27.57838249206543,1269,1
StandardGSGP,3a17793e-ad26-11ef-8e7b-e4a8dfc2a9a8,airfoil,6,0,0.41293027997016907,0.038999080657958984,906.0,0.411668062210083,3,1
StandardGSGP,3a17793e-ad26-11ef-8e7b-e4a8dfc2a9a8,airfoil,6,1,0.3596816956996918,0.06486034393310547,1744.0,0.3461209535598755,13,1
StandardGSGP,3a17793e-ad26-11ef-8e7b-e4a8dfc2a9a8,airfoil,6,2,0.25195521116256714,0.06866931915283203,2740.0,0.2673293948173523,27,1
StandardGSGP,3a17793e-ad26-11ef-8e7b-e4a8dfc2a9a8,airfoil,6,3,0.25195521116256714,0.0656735897064209,3808.0,0.2673293948173523,27,1
StandardGSGP,3a17793e-ad26-11ef-8e7b-e4a8dfc2a9a8,airfoil,6,4,0.24504727125167847,0.0665128231048584,4590.0,0.25844311714172363,35,1
StandardGSGP,3a17793e-ad26-11ef-8e7b-e4a8dfc2a9a8,airfoil,6,5,0.24504727125167847,0.07026219367980957,5680.0,0.25844311714172363,35,1
StandardGSGP,3a17793e-ad26-11ef-8e7b-e4a8dfc2a9a8,airfoil,6,6,0.23981589078903198,0.07299995422363281,6768.0,0.2506409287452698,63,1
StandardGSGP,3a17793e-ad26-11ef-8e7b-e4a8dfc2a9a8,airfoil,6,7,0.23981589078903198,0.06450843811035156,7730.0,0.2506409287452698,63,1
StandardGSGP,3a17793e-ad26-11ef-8e7b-e4a8dfc2a9a8,airfoil,6,8,0.22647057473659515,0.06573748588562012,8812.0,0.23425444960594177,91,1
StandardGSGP,3a17793e-ad26-11ef-8e7b-e4a8dfc2a9a8,airfoil,6,9,0.22647057473659515,0.0660099983215332,10164.0,0.23425444960594177,91,1
StandardGSGP,3a17793e-ad26-11ef-8e7b-e4a8dfc2a9a8,airfoil,6,10,0.22399252653121948,0.06551408767700195,11148.0,0.2324109524488449,99,1
StandardGSGP,3a17793e-ad26-11ef-8e7b-e4a8dfc2a9a8,airfoil,6,11,0.22399252653121948,0.06890106201171875,12208.0,0.2324109524488449,99,1
StandardGSGP,3a17793e-ad26-11ef-8e7b-e4a8dfc2a9a8,airfoil,6,12,0.22399252653121948,0.07299995422363281,13092.0,0.2324109524488449,99,1
StandardGSGP,3a17793e-ad26-11ef-8e7b-e4a8dfc2a9a8,airfoil,6,13,0.22085291147232056,0.06450581550598145,13584.0,0.2338075339794159,123,1
StandardGSGP,3a17793e-ad26-11ef-8e7b-e4a8dfc2a9a8,airfoil,6,14,0.22085291147232056,0.06850862503051758,14610.0,0.2338075339794159,123,1
StandardGSGP,3a17793e-ad26-11ef-8e7b-e4a8dfc2a9a8,airfoil,6,15,0.21223494410514832,0.07500195503234863,15190.0,0.22358928620815277,129,1
StandardGSGP,3a17793e-ad26-11ef-8e7b-e4a8dfc2a9a8,airfoil,6,16,0.21223494410514832,0.06299996376037598,15696.0,0.22358928620815277,129,1
StandardGSGP,3a17793e-ad26-11ef-8e7b-e4a8dfc2a9a8,airfoil,6,17,0.20714698731899261,0.13820624351501465,16204.0,0.21617873013019562,135,1
StandardGSGP,3a17793e-ad26-11ef-8e7b-e4a8dfc2a9a8,airfoil,6,18,0.20659714937210083,0.06412553787231445,17054.0,0.2164214700460434,143,1
StandardGSGP,3a17793e-ad26-11ef-8e7b-e4a8dfc2a9a8,airfoil,6,19,0.20659714937210083,0.07351064682006836,17794.0,0.2164214700460434,143,1
StandardGSGP,3a17793e-ad26-11ef-8e7b-e4a8dfc2a9a8,airfoil,6,20,0.20659714937210083,0.0725100040435791,18728.0,0.2164214700460434,143,1
StandardGSGP,3a17793e-ad26-11ef-8e7b-e4a8dfc2a9a8,airfoil,6,21,0.20659714937210083,0.06800055503845215,19742.0,0.2164214700460434,143,1
StandardGSGP,3a17793e-ad26-11ef-8e7b-e4a8dfc2a9a8,airfoil,6,22,0.2063421607017517,0.06890082359313965,20772.0,0.21611063182353973,155,1
StandardGSGP,3a17793e-ad26-11ef-8e7b-e4a8dfc2a9a8,airfoil,6,23,0.2063421607017517,0.07355093955993652,21458.0,0.21611063182353973,155,1
StandardGSGP,3a17793e-ad26-11ef-8e7b-e4a8dfc2a9a8,airfoil,6,24,0.2063421607017517,0.06648993492126465,22258.0,0.21611063182353973,155,1
StandardGSGP,3a17793e-ad26-11ef-8e7b-e4a8dfc2a9a8,airfoil,6,25,0.20386601984500885,0.06700396537780762,22406.0,0.2103712558746338,167,1
StandardGSGP,3a17793e-ad26-11ef-8e7b-e4a8dfc2a9a8,airfoil,6,26,0.20386601984500885,0.06753301620483398,22072.0,0.2103712558746338,167,1
StandardGSGP,3a17793e-ad26-11ef-8e7b-e4a8dfc2a9a8,airfoil,6,27,0.19345130026340485,0.07507705688476562,23150.0,0.19784846901893616,195,1
StandardGSGP,3a17793e-ad26-11ef-8e7b-e4a8dfc2a9a8,airfoil,6,28,0.19232989847660065,0.0702669620513916,23502.0,0.19776760041713715,209,1
StandardGSGP,3a17793e-ad26-11ef-8e7b-e4a8dfc2a9a8,airfoil,6,29,0.19232989847660065,0.06601119041442871,23744.0,0.19776760041713715,209,1
StandardGSGP,3a17793e-ad26-11ef-8e7b-e4a8dfc2a9a8,airfoil,6,30,0.18597963452339172,0.0634615421295166,24492.0,0.18758134543895721,213,1
StandardGSGP,3a17793e-ad26-11ef-8e7b-e4a8dfc2a9a8,airfoil,6,31,0.18597963452339172,0.07350802421569824,25444.0,0.18758134543895721,213,1
StandardGSGP,3a17793e-ad26-11ef-8e7b-e4a8dfc2a9a8,airfoil,6,32,0.18597963452339172,0.06757164001464844,26284.0,0.18758134543895721,213,1
StandardGSGP,3a17793e-ad26-11ef-8e7b-e4a8dfc2a9a8,airfoil,6,33,0.18124641478061676,0.06374406814575195,27034.0,0.1880597621202469,231,1
StandardGSGP,3a17793e-ad26-11ef-8e7b-e4a8dfc2a9a8,airfoil,6,34,0.18124641478061676,0.07486224174499512,27894.0,0.1880597621202469,231,1
StandardGSGP,3a17793e-ad26-11ef-8e7b-e4a8dfc2a9a8,airfoil,6,35,0.18040093779563904,0.06799697875976562,27962.0,0.18712058663368225,239,1
StandardGSGP,3a17793e-ad26-11ef-8e7b-e4a8dfc2a9a8,airfoil,6,36,0.18040093779563904,0.06350517272949219,29158.0,0.18712058663368225,239,1
StandardGSGP,3a17793e-ad26-11ef-8e7b-e4a8dfc2a9a8,airfoil,6,37,0.17729440331459045,0.06851315498352051,29768.0,0.18339969217777252,247,1
StandardGSGP,3a17793e-ad26-11ef-8e7b-e4a8dfc2a9a8,airfoil,6,38,0.17729440331459045,0.061995744705200195,30136.0,0.18339969217777252,247,1
StandardGSGP,3a17793e-ad26-11ef-8e7b-e4a8dfc2a9a8,airfoil,6,39,0.17729440331459045,0.0688321590423584,30878.0,0.18339969217777252,247,1
StandardGSGP,3a17793e-ad26-11ef-8e7b-e4a8dfc2a9a8,airfoil,6,40,0.17729440331459045,0.06666207313537598,31622.0,0.18339969217777252,247,1
StandardGSGP,3a17793e-ad26-11ef-8e7b-e4a8dfc2a9a8,airfoil,6,41,0.17729440331459045,0.06800150871276855,32428.0,0.18339969217777252,247,1
StandardGSGP,3a17793e-ad26-11ef-8e7b-e4a8dfc2a9a8,airfoil,6,42,0.17376179993152618,0.06928777694702148,32952.0,0.17613773047924042,259,1
StandardGSGP,3a17793e-ad26-11ef-8e7b-e4a8dfc2a9a8,airfoil,6,43,0.17376179993152618,0.06752204895019531,33478.0,0.17613773047924042,259,1
StandardGSGP,3a17793e-ad26-11ef-8e7b-e4a8dfc2a9a8,airfoil,6,44,0.17137131094932556,0.06853008270263672,33886.0,0.1738690584897995,265,1
StandardGSGP,3a17793e-ad26-11ef-8e7b-e4a8dfc2a9a8,airfoil,6,45,0.17137131094932556,0.06799674034118652,34860.0,0.1738690584897995,265,1
StandardGSGP,3a17793e-ad26-11ef-8e7b-e4a8dfc2a9a8,airfoil,6,46,0.17137131094932556,0.07146167755126953,35118.0,0.1738690584897995,265,1
StandardGSGP,3a17793e-ad26-11ef-8e7b-e4a8dfc2a9a8,airfoil,6,47,0.17137131094932556,0.07301473617553711,35728.0,0.1738690584897995,265,1
StandardGSGP,3a17793e-ad26-11ef-8e7b-e4a8dfc2a9a8,airfoil,6,48,0.17035453021526337,0.08329892158508301,36772.0,0.18444697558879852,321,1
StandardGSGP,3a17793e-ad26-11ef-8e7b-e4a8dfc2a9a8,airfoil,6,49,0.17035453021526337,0.07766413688659668,37610.0,0.18444697558879852,321,1
StandardGSGP,3a17793e-ad26-11ef-8e7b-e4a8dfc2a9a8,airfoil,6,50,0.15142221748828888,0.07499861717224121,37224.0,0.1564367413520813,301,1
StandardGSGP,3a17793e-ad26-11ef-8e7b-e4a8dfc2a9a8,airfoil,6,51,0.15142221748828888,0.07050752639770508,37162.0,0.1564367413520813,301,1
StandardGSGP,3a17793e-ad26-11ef-8e7b-e4a8dfc2a9a8,airfoil,6,52,0.15142221748828888,0.07160806655883789,36584.0,0.1564367413520813,301,1
StandardGSGP,3a17793e-ad26-11ef-8e7b-e4a8dfc2a9a8,airfoil,6,53,0.15142221748828888,0.07506918907165527,37030.0,0.1564367413520813,301,1
StandardGSGP,3a17793e-ad26-11ef-8e7b-e4a8dfc2a9a8,airfoil,6,54,0.15142221748828888,0.07495522499084473,37418.0,0.1564367413520813,301,1
StandardGSGP,3a17793e-ad26-11ef-8e7b-e4a8dfc2a9a8,airfoil,6,55,0.15142221748828888,0.07050752639770508,37472.0,0.1564367413520813,301,1
StandardGSGP,3a17793e-ad26-11ef-8e7b-e4a8dfc2a9a8,airfoil,6,56,0.15142221748828888,0.07202005386352539,38150.0,0.1564367413520813,301,1
StandardGSGP,3a17793e-ad26-11ef-8e7b-e4a8dfc2a9a8,airfoil,6,57,0.15142221748828888,0.07155179977416992,38858.0,0.1564367413520813,301,1
StandardGSGP,3a17793e-ad26-11ef-8e7b-e4a8dfc2a9a8,airfoil,6,58,0.1508210152387619,0.06850671768188477,39618.0,0.15571047365665436,307,1
StandardGSGP,3a17793e-ad26-11ef-8e7b-e4a8dfc2a9a8,airfoil,6,59,0.1508210152387619,0.07097792625427246,40218.0,0.15571047365665436,307,1
StandardGSGP,3a17793e-ad26-11ef-8e7b-e4a8dfc2a9a8,airfoil,6,60,0.15034036338329315,0.07240819931030273,39402.0,0.15550923347473145,323,1
StandardGSGP,3a17793e-ad26-11ef-8e7b-e4a8dfc2a9a8,airfoil,6,61,0.15033511817455292,0.07800173759460449,39412.0,0.15495392680168152,325,1
StandardGSGP,3a17793e-ad26-11ef-8e7b-e4a8dfc2a9a8,airfoil,6,62,0.15020053088665009,0.08082914352416992,39414.0,0.154855415225029,335,1
StandardGSGP,3a17793e-ad26-11ef-8e7b-e4a8dfc2a9a8,airfoil,6,63,0.1484750211238861,0.08087491989135742,40128.0,0.15342961251735687,349,1
StandardGSGP,3a17793e-ad26-11ef-8e7b-e4a8dfc2a9a8,airfoil,6,64,0.1484750211238861,0.06950855255126953,40476.0,0.15342961251735687,349,1
StandardGSGP,3a17793e-ad26-11ef-8e7b-e4a8dfc2a9a8,airfoil,6,65,0.1484750211238861,0.07203912734985352,41224.0,0.15342961251735687,349,1
StandardGSGP,3a17793e-ad26-11ef-8e7b-e4a8dfc2a9a8,airfoil,6,66,0.1484750211238861,0.08201265335083008,42064.0,0.15342961251735687,349,1
StandardGSGP,3a17793e-ad26-11ef-8e7b-e4a8dfc2a9a8,airfoil,6,67,0.1484750211238861,0.07474780082702637,42276.0,0.15342961251735687,349,1
StandardGSGP,3a17793e-ad26-11ef-8e7b-e4a8dfc2a9a8,airfoil,6,68,0.1484750211238861,0.06650924682617188,42166.0,0.15342961251735687,349,1
StandardGSGP,3a17793e-ad26-11ef-8e7b-e4a8dfc2a9a8,airfoil,6,69,0.1484750211238861,0.13950824737548828,41778.0,0.15342961251735687,349,1
StandardGSGP,3a17793e-ad26-11ef-8e7b-e4a8dfc2a9a8,airfoil,6,70,0.1484750211238861,0.06911849975585938,41742.0,0.15342961251735687,349,1
StandardGSGP,3a17793e-ad26-11ef-8e7b-e4a8dfc2a9a8,airfoil,6,71,0.1484750211238861,0.06751418113708496,42322.0,0.15342961251735687,349,1
StandardGSGP,3a17793e-ad26-11ef-8e7b-e4a8dfc2a9a8,airfoil,6,72,0.1484750211238861,0.06700253486633301,42592.0,0.15342961251735687,349,1
StandardGSGP,3a17793e-ad26-11ef-8e7b-e4a8dfc2a9a8,airfoil,6,73,0.1484750211238861,0.06385660171508789,43468.0,0.15342961251735687,349,1
StandardGSGP,3a17793e-ad26-11ef-8e7b-e4a8dfc2a9a8,airfoil,6,74,0.1484750211238861,0.05950760841369629,44158.0,0.15342961251735687,349,1
StandardGSGP,3a17793e-ad26-11ef-8e7b-e4a8dfc2a9a8,airfoil,6,75,0.1484750211238861,0.06413054466247559,44486.0,0.15342961251735687,349,1
StandardGSGP,3a17793e-ad26-11ef-8e7b-e4a8dfc2a9a8,airfoil,6,76,0.1484750211238861,0.06958985328674316,45082.0,0.15342961251735687,349,1
StandardGSGP,3a17793e-ad26-11ef-8e7b-e4a8dfc2a9a8,airfoil,6,77,0.1484750211238861,0.07231736183166504,45518.0,0.15342961251735687,349,1
StandardGSGP,3a17793e-ad26-11ef-8e7b-e4a8dfc2a9a8,airfoil,6,78,0.1484750211238861,0.07242178916931152,45598.0,0.15342961251735687,349,1
StandardGSGP,3a17793e-ad26-11ef-8e7b-e4a8dfc2a9a8,airfoil,6,79,0.1484750211238861,0.06450963020324707,45942.0,0.15342961251735687,349,1
StandardGSGP,3a17793e-ad26-11ef-8e7b-e4a8dfc2a9a8,airfoil,6,80,0.1484750211238861,0.07251214981079102,45738.0,0.15342961251735687,349,1
StandardGSGP,3a17793e-ad26-11ef-8e7b-e4a8dfc2a9a8,airfoil,6,81,0.1484750211238861,0.06550931930541992,46166.0,0.15342961251735687,349,1
StandardGSGP,3a17793e-ad26-11ef-8e7b-e4a8dfc2a9a8,airfoil,6,82,0.1484750211238861,0.06862378120422363,45862.0,0.15342961251735687,349,1
StandardGSGP,3a17793e-ad26-11ef-8e7b-e4a8dfc2a9a8,airfoil,6,83,0.1484750211238861,0.07509517669677734,45836.0,0.15342961251735687,349,1
StandardGSGP,3a17793e-ad26-11ef-8e7b-e4a8dfc2a9a8,airfoil,6,84,0.1484750211238861,0.06504201889038086,45764.0,0.15342961251735687,349,1
StandardGSGP,3a17793e-ad26-11ef-8e7b-e4a8dfc2a9a8,airfoil,6,85,0.1484750211238861,0.06386160850524902,45638.0,0.15342961251735687,349,1
StandardGSGP,3a17793e-ad26-11ef-8e7b-e4a8dfc2a9a8,airfoil,6,86,0.1484750211238861,0.07146167755126953,45374.0,0.15342961251735687,349,1
StandardGSGP,3a17793e-ad26-11ef-8e7b-e4a8dfc2a9a8,airfoil,6,87,0.14839795231819153,0.06951332092285156,45188.0,0.15463773906230927,359,1
StandardGSGP,3a17793e-ad26-11ef-8e7b-e4a8dfc2a9a8,airfoil,6,88,0.14839795231819153,0.06900453567504883,45068.0,0.15463773906230927,359,1
StandardGSGP,3a17793e-ad26-11ef-8e7b-e4a8dfc2a9a8,airfoil,6,89,0.14839795231819153,0.0685110092163086,44562.0,0.15463773906230927,359,1
StandardGSGP,3a17793e-ad26-11ef-8e7b-e4a8dfc2a9a8,airfoil,6,90,0.14839795231819153,0.06691479682922363,45314.0,0.15463773906230927,359,1
StandardGSGP,3a17793e-ad26-11ef-8e7b-e4a8dfc2a9a8,airfoil,6,91,0.14839795231819153,0.06650876998901367,46610.0,0.15463773906230927,359,1
StandardGSGP,3a17793e-ad26-11ef-8e7b-e4a8dfc2a9a8,airfoil,6,92,0.14839795231819153,0.06716108322143555,46768.0,0.15463773906230927,359,1
StandardGSGP,3a17793e-ad26-11ef-8e7b-e4a8dfc2a9a8,airfoil,6,93,0.14839795231819153,0.0648336410522461,46416.0,0.15463773906230927,359,1
StandardGSGP,3a17793e-ad26-11ef-8e7b-e4a8dfc2a9a8,airfoil,6,94,0.14839795231819153,0.0705103874206543,47242.0,0.15463773906230927,359,1
StandardGSGP,3a17793e-ad26-11ef-8e7b-e4a8dfc2a9a8,airfoil,6,95,0.14839795231819153,0.07243800163269043,46708.0,0.15463773906230927,359,1
StandardGSGP,3a17793e-ad26-11ef-8e7b-e4a8dfc2a9a8,airfoil,6,96,0.14839795231819153,0.06446361541748047,46010.0,0.15463773906230927,359,1
StandardGSGP,3a17793e-ad26-11ef-8e7b-e4a8dfc2a9a8,airfoil,6,97,0.14839795231819153,0.0655052661895752,46288.0,0.15463773906230927,359,1
StandardGSGP,3a17793e-ad26-11ef-8e7b-e4a8dfc2a9a8,airfoil,6,98,0.14839795231819153,0.06472015380859375,46720.0,0.15463773906230927,359,1
StandardGSGP,3a17793e-ad26-11ef-8e7b-e4a8dfc2a9a8,airfoil,6,99,0.14839795231819153,0.06810522079467773,47706.0,0.15463773906230927,359,1
StandardGSGP,3a17793e-ad26-11ef-8e7b-e4a8dfc2a9a8,airfoil,6,100,0.14839795231819153,0.06779336929321289,49046.0,0.15463773906230927,359,1
StandardGSGP,bee37d2c-ad26-11ef-8e7b-e4a8dfc2a9a8,airfoil,6,0,53.34422302246094,0.04513859748840332,906.0,52.117149353027344,15,1
StandardGSGP,bee37d2c-ad26-11ef-8e7b-e4a8dfc2a9a8,airfoil,6,1,53.31586837768555,0.07041621208190918,1632.0,52.08137893676758,21,1
StandardGSGP,bee37d2c-ad26-11ef-8e7b-e4a8dfc2a9a8,airfoil,6,2,53.29800796508789,0.0724637508392334,2648.0,52.063236236572266,31,1
StandardGSGP,bee37d2c-ad26-11ef-8e7b-e4a8dfc2a9a8,airfoil,6,3,53.23664855957031,0.07340669631958008,3642.0,51.991249084472656,45,1
StandardGSGP,bee37d2c-ad26-11ef-8e7b-e4a8dfc2a9a8,airfoil,6,4,53.20963668823242,0.0741422176361084,4594.0,51.97124481201172,53,1
StandardGSGP,bee37d2c-ad26-11ef-8e7b-e4a8dfc2a9a8,airfoil,6,5,53.20524978637695,0.07665801048278809,5682.0,51.9692497253418,63,1
StandardGSGP,bee37d2c-ad26-11ef-8e7b-e4a8dfc2a9a8,airfoil,6,6,53.1951904296875,0.0745079517364502,6874.0,51.959083557128906,73,1
StandardGSGP,bee37d2c-ad26-11ef-8e7b-e4a8dfc2a9a8,airfoil,6,7,53.1951904296875,0.08174300193786621,7986.0,51.959083557128906,73,1
StandardGSGP,bee37d2c-ad26-11ef-8e7b-e4a8dfc2a9a8,airfoil,6,8,53.151737213134766,0.07151508331298828,8976.0,51.9112548828125,81,1
StandardGSGP,bee37d2c-ad26-11ef-8e7b-e4a8dfc2a9a8,airfoil,6,9,53.151737213134766,0.0754251480102539,10126.0,51.9112548828125,81,1
StandardGSGP,bee37d2c-ad26-11ef-8e7b-e4a8dfc2a9a8,airfoil,6,10,53.098289489746094,0.06990671157836914,11128.0,51.85121536254883,101,1
StandardGSGP,bee37d2c-ad26-11ef-8e7b-e4a8dfc2a9a8,airfoil,6,11,53.09468460083008,0.07141256332397461,11914.0,51.84672546386719,117,1
StandardGSGP,bee37d2c-ad26-11ef-8e7b-e4a8dfc2a9a8,airfoil,6,12,53.0750732421875,0.0735924243927002,12884.0,51.8402099609375,127,1
StandardGSGP,bee37d2c-ad26-11ef-8e7b-e4a8dfc2a9a8,airfoil,6,13,53.010704040527344,0.07242369651794434,13560.0,51.76518630981445,149,1
StandardGSGP,bee37d2c-ad26-11ef-8e7b-e4a8dfc2a9a8,airfoil,6,14,53.00492477416992,0.07651209831237793,14406.0,51.75121307373047,163,1
StandardGSGP,bee37d2c-ad26-11ef-8e7b-e4a8dfc2a9a8,airfoil,6,15,52.98869705200195,0.07052159309387207,15216.0,51.737762451171875,155,1
StandardGSGP,bee37d2c-ad26-11ef-8e7b-e4a8dfc2a9a8,airfoil,6,16,52.98869705200195,0.06952476501464844,16414.0,51.737762451171875,155,1
StandardGSGP,bee37d2c-ad26-11ef-8e7b-e4a8dfc2a9a8,airfoil,6,17,52.868690490722656,0.07813191413879395,17392.0,51.608131408691406,183,1
StandardGSGP,bee37d2c-ad26-11ef-8e7b-e4a8dfc2a9a8,airfoil,6,18,52.847816467285156,0.07950544357299805,18750.0,51.585723876953125,191,1
StandardGSGP,bee37d2c-ad26-11ef-8e7b-e4a8dfc2a9a8,airfoil,6,19,52.846519470214844,0.07450580596923828,20062.0,51.58205032348633,199,1
StandardGSGP,bee37d2c-ad26-11ef-8e7b-e4a8dfc2a9a8,airfoil,6,20,52.84303665161133,0.07751059532165527,21710.0,51.57876205444336,205,1
StandardGSGP,bee37d2c-ad26-11ef-8e7b-e4a8dfc2a9a8,airfoil,6,21,52.839561462402344,0.0745093822479248,22716.0,51.57461166381836,211,1
StandardGSGP,bee37d2c-ad26-11ef-8e7b-e4a8dfc2a9a8,airfoil,6,22,52.77556228637695,0.07638788223266602,23524.0,51.4394645690918,255,1
StandardGSGP,bee37d2c-ad26-11ef-8e7b-e4a8dfc2a9a8,airfoil,6,23,52.751888275146484,0.07692193984985352,24438.0,51.48049545288086,225,1
StandardGSGP,bee37d2c-ad26-11ef-8e7b-e4a8dfc2a9a8,airfoil,6,24,52.739837646484375,0.06833314895629883,25300.0,51.46752166748047,231,1
StandardGSGP,bee37d2c-ad26-11ef-8e7b-e4a8dfc2a9a8,airfoil,6,25,52.71682357788086,0.07174229621887207,26176.0,51.440185546875,251,1
StandardGSGP,bee37d2c-ad26-11ef-8e7b-e4a8dfc2a9a8,airfoil,6,26,52.70231246948242,0.07084774971008301,27002.0,51.42278289794922,267,1
StandardGSGP,bee37d2c-ad26-11ef-8e7b-e4a8dfc2a9a8,airfoil,6,27,52.69104766845703,0.0743868350982666,27908.0,51.41036605834961,257,1
StandardGSGP,bee37d2c-ad26-11ef-8e7b-e4a8dfc2a9a8,airfoil,6,28,52.67074966430664,0.08051085472106934,29204.0,51.37697219848633,265,1
StandardGSGP,bee37d2c-ad26-11ef-8e7b-e4a8dfc2a9a8,airfoil,6,29,52.64433288574219,0.07856583595275879,29938.0,51.28104782104492,327,1
StandardGSGP,bee37d2c-ad26-11ef-8e7b-e4a8dfc2a9a8,airfoil,6,30,52.63697052001953,0.07342815399169922,30588.0,51.26810836791992,339,1
StandardGSGP,bee37d2c-ad26-11ef-8e7b-e4a8dfc2a9a8,airfoil,6,31,52.621192932128906,0.08232235908508301,31682.0,51.331932067871094,313,1
StandardGSGP,bee37d2c-ad26-11ef-8e7b-e4a8dfc2a9a8,airfoil,6,32,52.58869171142578,0.07326769828796387,32252.0,51.21800994873047,357,1
StandardGSGP,bee37d2c-ad26-11ef-8e7b-e4a8dfc2a9a8,airfoil,6,33,52.5580940246582,0.06929659843444824,33318.0,51.27360916137695,315,1
StandardGSGP,bee37d2c-ad26-11ef-8e7b-e4a8dfc2a9a8,airfoil,6,34,52.5580940246582,0.07399225234985352,34908.0,51.27360916137695,315,1
StandardGSGP,bee37d2c-ad26-11ef-8e7b-e4a8dfc2a9a8,airfoil,6,35,52.50773620605469,0.07175278663635254,36788.0,51.209136962890625,321,1
StandardGSGP,bee37d2c-ad26-11ef-8e7b-e4a8dfc2a9a8,airfoil,6,36,52.387569427490234,0.06750750541687012,38084.0,50.98836135864258,393,1
StandardGSGP,bee37d2c-ad26-11ef-8e7b-e4a8dfc2a9a8,airfoil,6,37,52.387569427490234,0.08268594741821289,39042.0,50.98836135864258,393,1
StandardGSGP,bee37d2c-ad26-11ef-8e7b-e4a8dfc2a9a8,airfoil,6,38,52.387569427490234,0.06692862510681152,40272.0,50.98836135864258,393,1
StandardGSGP,bee37d2c-ad26-11ef-8e7b-e4a8dfc2a9a8,airfoil,6,39,52.3271369934082,0.07404518127441406,41658.0,50.92182922363281,401,1
StandardGSGP,bee37d2c-ad26-11ef-8e7b-e4a8dfc2a9a8,airfoil,6,40,52.325828552246094,0.07569098472595215,42978.0,50.91484451293945,421,1
StandardGSGP,bee37d2c-ad26-11ef-8e7b-e4a8dfc2a9a8,airfoil,6,41,52.27813720703125,0.07552123069763184,43610.0,50.85643005371094,431,1
StandardGSGP,bee37d2c-ad26-11ef-8e7b-e4a8dfc2a9a8,airfoil,6,42,52.236793518066406,0.07173967361450195,44510.0,50.80787658691406,449,1
StandardGSGP,bee37d2c-ad26-11ef-8e7b-e4a8dfc2a9a8,airfoil,6,43,52.21358871459961,0.07394766807556152,45402.0,50.782859802246094,463,1
StandardGSGP,bee37d2c-ad26-11ef-8e7b-e4a8dfc2a9a8,airfoil,6,44,52.20038604736328,0.07652068138122559,46632.0,50.767578125,477,1
StandardGSGP,bee37d2c-ad26-11ef-8e7b-e4a8dfc2a9a8,airfoil,6,45,52.16053771972656,0.07650470733642578,47414.0,50.71307373046875,497,1
StandardGSGP,bee37d2c-ad26-11ef-8e7b-e4a8dfc2a9a8,airfoil,6,46,52.16053771972656,0.0724787712097168,48462.0,50.71307373046875,497,1
StandardGSGP,bee37d2c-ad26-11ef-8e7b-e4a8dfc2a9a8,airfoil,6,47,52.143646240234375,0.07337832450866699,49708.0,50.6979866027832,499,1
StandardGSGP,bee37d2c-ad26-11ef-8e7b-e4a8dfc2a9a8,airfoil,6,48,52.09596252441406,0.07191109657287598,50942.0,50.639949798583984,505,1
StandardGSGP,bee37d2c-ad26-11ef-8e7b-e4a8dfc2a9a8,airfoil,6,49,52.06455993652344,0.06687474250793457,52208.0,50.59901428222656,539,1
StandardGSGP,bee37d2c-ad26-11ef-8e7b-e4a8dfc2a9a8,airfoil,6,50,52.06455993652344,0.14406466484069824,53216.0,50.59901428222656,539,1
StandardGSGP,bee37d2c-ad26-11ef-8e7b-e4a8dfc2a9a8,airfoil,6,51,52.05961608886719,0.0709235668182373,54396.0,50.5934944152832,551,1
StandardGSGP,bee37d2c-ad26-11ef-8e7b-e4a8dfc2a9a8,airfoil,6,52,52.025787353515625,0.07548856735229492,55236.0,50.554344177246094,555,1
StandardGSGP,bee37d2c-ad26-11ef-8e7b-e4a8dfc2a9a8,airfoil,6,53,52.024662017822266,0.07732796669006348,56300.0,50.55384826660156,565,1
StandardGSGP,bee37d2c-ad26-11ef-8e7b-e4a8dfc2a9a8,airfoil,6,54,51.97340774536133,0.0731041431427002,57440.0,50.47968673706055,569,1
StandardGSGP,bee37d2c-ad26-11ef-8e7b-e4a8dfc2a9a8,airfoil,6,55,51.93562698364258,0.06950974464416504,58174.0,50.45101547241211,595,1
StandardGSGP,bee37d2c-ad26-11ef-8e7b-e4a8dfc2a9a8,airfoil,6,56,51.93562698364258,0.0706324577331543,59008.0,50.45101547241211,595,1
StandardGSGP,bee37d2c-ad26-11ef-8e7b-e4a8dfc2a9a8,airfoil,6,57,51.928104400634766,0.07650113105773926,60144.0,50.44523239135742,607,1
StandardGSGP,bee37d2c-ad26-11ef-8e7b-e4a8dfc2a9a8,airfoil,6,58,51.91698455810547,0.0933990478515625,61176.0,50.4273796081543,619,1
StandardGSGP,bee37d2c-ad26-11ef-8e7b-e4a8dfc2a9a8,airfoil,6,59,51.87833023071289,0.07834792137145996,62288.0,50.392608642578125,649,1
StandardGSGP,bee37d2c-ad26-11ef-8e7b-e4a8dfc2a9a8,airfoil,6,60,51.87833023071289,0.07891273498535156,63666.0,50.392608642578125,649,1
StandardGSGP,bee37d2c-ad26-11ef-8e7b-e4a8dfc2a9a8,airfoil,6,61,51.86053466796875,0.07878708839416504,64702.0,50.35960006713867,649,1
StandardGSGP,bee37d2c-ad26-11ef-8e7b-e4a8dfc2a9a8,airfoil,6,62,51.85599899291992,0.07874846458435059,65642.0,50.366519927978516,649,1
StandardGSGP,bee37d2c-ad26-11ef-8e7b-e4a8dfc2a9a8,airfoil,6,63,51.72969055175781,0.07465076446533203,66858.0,50.22426986694336,649,1
StandardGSGP,bee37d2c-ad26-11ef-8e7b-e4a8dfc2a9a8,airfoil,6,64,51.72969055175781,0.07650923728942871,67852.0,50.22426986694336,649,1
StandardGSGP,bee37d2c-ad26-11ef-8e7b-e4a8dfc2a9a8,airfoil,6,65,51.723392486572266,0.08139944076538086,68288.0,50.217750549316406,663,1
StandardGSGP,bee37d2c-ad26-11ef-8e7b-e4a8dfc2a9a8,airfoil,6,66,51.72288131713867,0.07959723472595215,69014.0,50.210182189941406,681,1
StandardGSGP,bee37d2c-ad26-11ef-8e7b-e4a8dfc2a9a8,airfoil,6,67,51.7026481628418,0.07854247093200684,69904.0,50.19404602050781,685,1
StandardGSGP,bee37d2c-ad26-11ef-8e7b-e4a8dfc2a9a8,airfoil,6,68,51.67996597290039,0.08900260925292969,70626.0,50.167381286621094,697,1
StandardGSGP,bee37d2c-ad26-11ef-8e7b-e4a8dfc2a9a8,airfoil,6,69,51.64548110961914,0.08070683479309082,71470.0,50.1259651184082,713,1
StandardGSGP,bee37d2c-ad26-11ef-8e7b-e4a8dfc2a9a8,airfoil,6,70,51.633216857910156,0.09041452407836914,72134.0,50.10831069946289,733,1
StandardGSGP,bee37d2c-ad26-11ef-8e7b-e4a8dfc2a9a8,airfoil,6,71,51.61967468261719,0.08002614974975586,73498.0,50.09208297729492,747,1
StandardGSGP,bee37d2c-ad26-11ef-8e7b-e4a8dfc2a9a8,airfoil,6,72,51.60665512084961,0.07627224922180176,74412.0,50.082157135009766,741,1
StandardGSGP,bee37d2c-ad26-11ef-8e7b-e4a8dfc2a9a8,airfoil,6,73,51.6065673828125,0.0756676197052002,75178.0,50.08210372924805,755,1
StandardGSGP,bee37d2c-ad26-11ef-8e7b-e4a8dfc2a9a8,airfoil,6,74,51.584739685058594,0.0693364143371582,75794.0,50.05732345581055,767,1
StandardGSGP,bee37d2c-ad26-11ef-8e7b-e4a8dfc2a9a8,airfoil,6,75,51.54286575317383,0.07974529266357422,76894.0,49.99459457397461,751,1
StandardGSGP,bee37d2c-ad26-11ef-8e7b-e4a8dfc2a9a8,airfoil,6,76,51.54286575317383,0.10215473175048828,78168.0,49.99459457397461,751,1
StandardGSGP,bee37d2c-ad26-11ef-8e7b-e4a8dfc2a9a8,airfoil,6,77,51.52745056152344,0.09736800193786621,79378.0,49.99435806274414,809,1
StandardGSGP,bee37d2c-ad26-11ef-8e7b-e4a8dfc2a9a8,airfoil,6,78,51.514286041259766,0.09250926971435547,80560.0,49.980560302734375,831,1
StandardGSGP,bee37d2c-ad26-11ef-8e7b-e4a8dfc2a9a8,airfoil,6,79,51.5052490234375,0.08316254615783691,81822.0,49.972503662109375,841,1
StandardGSGP,bee37d2c-ad26-11ef-8e7b-e4a8dfc2a9a8,airfoil,6,80,51.49142837524414,0.07766461372375488,82862.0,49.961002349853516,811,1
StandardGSGP,bee37d2c-ad26-11ef-8e7b-e4a8dfc2a9a8,airfoil,6,81,51.46876907348633,0.08717656135559082,84142.0,49.93538284301758,827,1
StandardGSGP,bee37d2c-ad26-11ef-8e7b-e4a8dfc2a9a8,airfoil,6,82,51.46876907348633,0.08106088638305664,85218.0,49.93538284301758,827,1
StandardGSGP,bee37d2c-ad26-11ef-8e7b-e4a8dfc2a9a8,airfoil,6,83,51.40885543823242,0.08274197578430176,86220.0,49.833438873291016,811,1
StandardGSGP,bee37d2c-ad26-11ef-8e7b-e4a8dfc2a9a8,airfoil,6,84,51.359249114990234,0.07809877395629883,86682.0,49.8177490234375,859,1
StandardGSGP,bee37d2c-ad26-11ef-8e7b-e4a8dfc2a9a8,airfoil,6,85,51.34049987792969,0.07478594779968262,87152.0,49.793697357177734,869,1
StandardGSGP,bee37d2c-ad26-11ef-8e7b-e4a8dfc2a9a8,airfoil,6,86,51.3129997253418,0.07100939750671387,87774.0,49.70118713378906,851,1
StandardGSGP,bee37d2c-ad26-11ef-8e7b-e4a8dfc2a9a8,airfoil,6,87,51.276634216308594,0.0757591724395752,87926.0,49.721988677978516,877,1
StandardGSGP,bee37d2c-ad26-11ef-8e7b-e4a8dfc2a9a8,airfoil,6,88,51.19734573364258,0.07827210426330566,88508.0,49.61430358886719,883,1
StandardGSGP,bee37d2c-ad26-11ef-8e7b-e4a8dfc2a9a8,airfoil,6,89,51.18243408203125,0.0736379623413086,89672.0,49.60810470581055,893,1
StandardGSGP,bee37d2c-ad26-11ef-8e7b-e4a8dfc2a9a8,airfoil,6,90,51.18243408203125,0.07516908645629883,91130.0,49.60810470581055,893,1
StandardGSGP,bee37d2c-ad26-11ef-8e7b-e4a8dfc2a9a8,airfoil,6,91,51.18243408203125,0.07571196556091309,91948.0,49.60810470581055,893,1
StandardGSGP,bee37d2c-ad26-11ef-8e7b-e4a8dfc2a9a8,airfoil,6,92,51.18243408203125,0.07600283622741699,92362.0,49.60810470581055,893,1
StandardGSGP,bee37d2c-ad26-11ef-8e7b-e4a8dfc2a9a8,airfoil,6,93,51.09872817993164,0.07571911811828613,92492.0,49.514198303222656,907,1
StandardGSGP,bee37d2c-ad26-11ef-8e7b-e4a8dfc2a9a8,airfoil,6,94,51.085235595703125,0.07251143455505371,93376.0,49.497337341308594,917,1
StandardGSGP,bee37d2c-ad26-11ef-8e7b-e4a8dfc2a9a8,airfoil,6,95,50.989559173583984,0.07490968704223633,94462.0,49.39325714111328,929,1
StandardGSGP,bee37d2c-ad26-11ef-8e7b-e4a8dfc2a9a8,airfoil,6,96,50.989559173583984,0.07900357246398926,94960.0,49.39325714111328,929,1
StandardGSGP,bee37d2c-ad26-11ef-8e7b-e4a8dfc2a9a8,airfoil,6,97,50.958133697509766,0.07880783081054688,95220.0,49.35673904418945,945,1
StandardGSGP,bee37d2c-ad26-11ef-8e7b-e4a8dfc2a9a8,airfoil,6,98,50.958133697509766,0.06993246078491211,95728.0,49.35673904418945,945,1
StandardGSGP,bee37d2c-ad26-11ef-8e7b-e4a8dfc2a9a8,airfoil,6,99,50.94660568237305,0.0743563175201416,96804.0,49.34418487548828,959,1
StandardGSGP,bee37d2c-ad26-11ef-8e7b-e4a8dfc2a9a8,airfoil,6,100,50.88125991821289,0.06900358200073242,97584.0,49.25278091430664,971,1
