StandardGSGP,9d408192-aced-11ef-a3da-8863df8a28b9,airfoil,26,0,0.4005896747112274,0.32213783264160156,6294.0,0.4104163348674774,3,1
StandardGSGP,9d408192-aced-11ef-a3da-8863df8a28b9,airfoil,26,1,0.27966630458831787,0.08676385879516602,1618.0,0.2696201205253601,23,1
StandardGSGP,9d408192-aced-11ef-a3da-8863df8a28b9,airfoil,26,2,0.21931932866573334,0.08776450157165527,2582.0,0.22902238368988037,33,1
StandardGSGP,9d408192-aced-11ef-a3da-8863df8a28b9,airfoil,26,3,0.2163289487361908,0.08377504348754883,3754.0,0.22337156534194946,43,1
StandardGSGP,9d408192-aced-11ef-a3da-8863df8a28b9,airfoil,26,4,0.1813611537218094,0.08477306365966797,4792.0,0.1936994194984436,37,1
StandardGSGP,9d408192-aced-11ef-a3da-8863df8a28b9,airfoil,26,5,0.1813611537218094,0.20444965362548828,6198.0,0.1936994194984436,37,1
StandardGSGP,9d408192-aced-11ef-a3da-8863df8a28b9,airfoil,26,6,0.16932538151741028,0.08377742767333984,7166.0,0.1833801418542862,81,1
StandardGSGP,9d408192-aced-11ef-a3da-8863df8a28b9,airfoil,26,7,0.16932538151741028,0.09972739219665527,8114.0,0.1833801418542862,81,1
StandardGSGP,9d408192-aced-11ef-a3da-8863df8a28b9,airfoil,26,8,0.16932538151741028,0.09574723243713379,9276.0,0.1833801418542862,81,1
StandardGSGP,9d408192-aced-11ef-a3da-8863df8a28b9,airfoil,26,9,0.16393253207206726,0.08676671981811523,10090.0,0.1798958033323288,107,1
StandardGSGP,9d408192-aced-11ef-a3da-8863df8a28b9,airfoil,26,10,0.16393253207206726,0.08676743507385254,11058.0,0.1798958033323288,107,1
StandardGSGP,9d408192-aced-11ef-a3da-8863df8a28b9,airfoil,26,11,0.15762214362621307,0.09175539016723633,11900.0,0.17347931861877441,115,1
StandardGSGP,9d408192-aced-11ef-a3da-8863df8a28b9,airfoil,26,12,0.14973843097686768,0.09674191474914551,12986.0,0.14962445199489594,163,1
StandardGSGP,9d408192-aced-11ef-a3da-8863df8a28b9,airfoil,26,13,0.14905011653900146,0.09474945068359375,14162.0,0.1547318696975708,131,1
StandardGSGP,9d408192-aced-11ef-a3da-8863df8a28b9,airfoil,26,14,0.14556923508644104,0.09873414039611816,15406.0,0.14897513389587402,141,1
StandardGSGP,9d408192-aced-11ef-a3da-8863df8a28b9,airfoil,26,15,0.14556923508644104,0.0857689380645752,15940.0,0.14897513389587402,141,1
StandardGSGP,9d408192-aced-11ef-a3da-8863df8a28b9,airfoil,26,16,0.14556923508644104,0.09275341033935547,16626.0,0.14897513389587402,141,1
StandardGSGP,9d408192-aced-11ef-a3da-8863df8a28b9,airfoil,26,17,0.14556923508644104,0.09075760841369629,17536.0,0.14897513389587402,141,1
StandardGSGP,9d408192-aced-11ef-a3da-8863df8a28b9,airfoil,26,18,0.14416411519050598,0.09275317192077637,18674.0,0.15655842423439026,183,1
StandardGSGP,9d408192-aced-11ef-a3da-8863df8a28b9,airfoil,26,19,0.14416411519050598,0.0937504768371582,19900.0,0.15655842423439026,183,1
StandardGSGP,9d408192-aced-11ef-a3da-8863df8a28b9,airfoil,26,20,0.14416411519050598,0.08876252174377441,20532.0,0.15655842423439026,183,1
StandardGSGP,9d408192-aced-11ef-a3da-8863df8a28b9,airfoil,26,21,0.14088034629821777,0.09075665473937988,21078.0,0.1478547304868698,171,1
StandardGSGP,9d408192-aced-11ef-a3da-8863df8a28b9,airfoil,26,22,0.14088034629821777,0.09175443649291992,21300.0,0.1478547304868698,171,1
StandardGSGP,9d408192-aced-11ef-a3da-8863df8a28b9,airfoil,26,23,0.1402393877506256,0.09075641632080078,21898.0,0.14805097877979279,181,1
StandardGSGP,9d408192-aced-11ef-a3da-8863df8a28b9,airfoil,26,24,0.13939866423606873,0.0937492847442627,22574.0,0.14727631211280823,211,1
StandardGSGP,9d408192-aced-11ef-a3da-8863df8a28b9,airfoil,26,25,0.13796474039554596,0.09441590309143066,23720.0,0.14453758299350739,187,1
StandardGSGP,9d408192-aced-11ef-a3da-8863df8a28b9,airfoil,26,26,0.13796474039554596,0.08466315269470215,24250.0,0.14453758299350739,187,1
StandardGSGP,9d408192-aced-11ef-a3da-8863df8a28b9,airfoil,26,27,0.13796474039554596,0.09278011322021484,24454.0,0.14453758299350739,187,1
StandardGSGP,9d408192-aced-11ef-a3da-8863df8a28b9,airfoil,26,28,0.13796474039554596,0.1013021469116211,25400.0,0.14453758299350739,187,1
StandardGSGP,9d408192-aced-11ef-a3da-8863df8a28b9,airfoil,26,29,0.13785779476165771,0.08851361274719238,26514.0,0.14476890861988068,193,1
StandardGSGP,9d408192-aced-11ef-a3da-8863df8a28b9,airfoil,26,30,0.1363859474658966,0.0828857421875,26794.0,0.1407189965248108,197,1
StandardGSGP,9d408192-aced-11ef-a3da-8863df8a28b9,airfoil,26,31,0.1363859474658966,0.09625029563903809,27160.0,0.1407189965248108,197,1
StandardGSGP,9d408192-aced-11ef-a3da-8863df8a28b9,airfoil,26,32,0.13335232436656952,0.08483123779296875,26078.0,0.14640051126480103,205,1
StandardGSGP,9d408192-aced-11ef-a3da-8863df8a28b9,airfoil,26,33,0.13335232436656952,0.09010028839111328,27174.0,0.14640051126480103,205,1
StandardGSGP,9d408192-aced-11ef-a3da-8863df8a28b9,airfoil,26,34,0.13335232436656952,0.0987246036529541,27672.0,0.14640051126480103,205,1
StandardGSGP,9d408192-aced-11ef-a3da-8863df8a28b9,airfoil,26,35,0.13335232436656952,0.08809542655944824,28044.0,0.14640051126480103,205,1
StandardGSGP,9d408192-aced-11ef-a3da-8863df8a28b9,airfoil,26,36,0.13335232436656952,0.09654450416564941,28106.0,0.14640051126480103,205,1
StandardGSGP,9d408192-aced-11ef-a3da-8863df8a28b9,airfoil,26,37,0.13314208388328552,0.08532905578613281,28086.0,0.14538249373435974,225,1
StandardGSGP,9d408192-aced-11ef-a3da-8863df8a28b9,airfoil,26,38,0.13314208388328552,0.08924627304077148,28824.0,0.14538249373435974,225,1
StandardGSGP,9d408192-aced-11ef-a3da-8863df8a28b9,airfoil,26,39,0.13314208388328552,0.09056210517883301,29044.0,0.14538249373435974,225,1
StandardGSGP,9d408192-aced-11ef-a3da-8863df8a28b9,airfoil,26,40,0.1326211839914322,0.08297514915466309,27982.0,0.14475414156913757,237,1
StandardGSGP,9d408192-aced-11ef-a3da-8863df8a28b9,airfoil,26,41,0.1326211839914322,0.09675908088684082,27898.0,0.14475414156913757,237,1
StandardGSGP,9d408192-aced-11ef-a3da-8863df8a28b9,airfoil,26,42,0.1326211839914322,0.08303165435791016,29562.0,0.14475414156913757,237,1
StandardGSGP,9d408192-aced-11ef-a3da-8863df8a28b9,airfoil,26,43,0.12738314270973206,0.10482406616210938,30288.0,0.13541726768016815,259,1
StandardGSGP,9d408192-aced-11ef-a3da-8863df8a28b9,airfoil,26,44,0.12630553543567657,0.08768105506896973,31528.0,0.13323993980884552,267,1
StandardGSGP,9d408192-aced-11ef-a3da-8863df8a28b9,airfoil,26,45,0.12541420757770538,0.0946652889251709,30678.0,0.13269031047821045,273,1
StandardGSGP,9d408192-aced-11ef-a3da-8863df8a28b9,airfoil,26,46,0.12541420757770538,0.0985417366027832,31032.0,0.13269031047821045,273,1
StandardGSGP,9d408192-aced-11ef-a3da-8863df8a28b9,airfoil,26,47,0.12541420757770538,0.09075665473937988,30726.0,0.13269031047821045,273,1
StandardGSGP,9d408192-aced-11ef-a3da-8863df8a28b9,airfoil,26,48,0.12541420757770538,0.08975934982299805,31554.0,0.13269031047821045,273,1
StandardGSGP,9d408192-aced-11ef-a3da-8863df8a28b9,airfoil,26,49,0.12541420757770538,0.08976030349731445,32520.0,0.13269031047821045,273,1
StandardGSGP,9d408192-aced-11ef-a3da-8863df8a28b9,airfoil,26,50,0.12414058297872543,0.09175419807434082,33342.0,0.1333848088979721,349,1
StandardGSGP,9d408192-aced-11ef-a3da-8863df8a28b9,airfoil,26,51,0.12082050740718842,0.08776569366455078,33746.0,0.12639357149600983,295,1
StandardGSGP,9d408192-aced-11ef-a3da-8863df8a28b9,airfoil,26,52,0.12082050740718842,0.08876252174377441,35184.0,0.12639357149600983,295,1
StandardGSGP,9d408192-aced-11ef-a3da-8863df8a28b9,airfoil,26,53,0.12082050740718842,0.0937507152557373,35968.0,0.12639357149600983,295,1
StandardGSGP,9d408192-aced-11ef-a3da-8863df8a28b9,airfoil,26,54,0.12082050740718842,0.09175419807434082,36994.0,0.12639357149600983,295,1
StandardGSGP,9d408192-aced-11ef-a3da-8863df8a28b9,airfoil,26,55,0.12082050740718842,0.09175324440002441,37756.0,0.12639357149600983,295,1
StandardGSGP,9d408192-aced-11ef-a3da-8863df8a28b9,airfoil,26,56,0.12082050740718842,0.08776259422302246,38570.0,0.12639357149600983,295,1
StandardGSGP,9d408192-aced-11ef-a3da-8863df8a28b9,airfoil,26,57,0.12082050740718842,0.08876252174377441,39010.0,0.12639357149600983,295,1
StandardGSGP,9d408192-aced-11ef-a3da-8863df8a28b9,airfoil,26,58,0.12082050740718842,0.09075713157653809,39006.0,0.12639357149600983,295,1
StandardGSGP,9d408192-aced-11ef-a3da-8863df8a28b9,airfoil,26,59,0.12082050740718842,0.09972953796386719,39870.0,0.12639357149600983,295,1
StandardGSGP,9d408192-aced-11ef-a3da-8863df8a28b9,airfoil,26,60,0.12082050740718842,0.09075546264648438,40592.0,0.12639357149600983,295,1
StandardGSGP,9d408192-aced-11ef-a3da-8863df8a28b9,airfoil,26,61,0.12082050740718842,0.09574484825134277,40800.0,0.12639357149600983,295,1
StandardGSGP,9d408192-aced-11ef-a3da-8863df8a28b9,airfoil,26,62,0.12082050740718842,0.08975911140441895,40808.0,0.12639357149600983,295,1
StandardGSGP,9d408192-aced-11ef-a3da-8863df8a28b9,airfoil,26,63,0.12076898664236069,0.0827796459197998,41168.0,0.12632785737514496,303,1
StandardGSGP,9d408192-aced-11ef-a3da-8863df8a28b9,airfoil,26,64,0.12076898664236069,0.09374833106994629,41550.0,0.12632785737514496,303,1
StandardGSGP,9d408192-aced-11ef-a3da-8863df8a28b9,airfoil,26,65,0.12076898664236069,0.08876252174377441,40726.0,0.12632785737514496,303,1
StandardGSGP,9d408192-aced-11ef-a3da-8863df8a28b9,airfoil,26,66,0.12076898664236069,0.09973740577697754,41456.0,0.12632785737514496,303,1
StandardGSGP,9d408192-aced-11ef-a3da-8863df8a28b9,airfoil,26,67,0.12076898664236069,0.10132217407226562,41922.0,0.12632785737514496,303,1
StandardGSGP,9d408192-aced-11ef-a3da-8863df8a28b9,airfoil,26,68,0.12076898664236069,0.08766484260559082,42980.0,0.12632785737514496,303,1
StandardGSGP,9d408192-aced-11ef-a3da-8863df8a28b9,airfoil,26,69,0.12076898664236069,0.08402490615844727,43052.0,0.12632785737514496,303,1
StandardGSGP,9d408192-aced-11ef-a3da-8863df8a28b9,airfoil,26,70,0.12076898664236069,0.08912539482116699,41010.0,0.12632785737514496,303,1
StandardGSGP,9d408192-aced-11ef-a3da-8863df8a28b9,airfoil,26,71,0.12076898664236069,0.09464502334594727,39462.0,0.12632785737514496,303,1
StandardGSGP,9d408192-aced-11ef-a3da-8863df8a28b9,airfoil,26,72,0.12076898664236069,0.08747625350952148,37766.0,0.12632785737514496,303,1
StandardGSGP,9d408192-aced-11ef-a3da-8863df8a28b9,airfoil,26,73,0.12076898664236069,0.09228730201721191,38442.0,0.12632785737514496,303,1
StandardGSGP,9d408192-aced-11ef-a3da-8863df8a28b9,airfoil,26,74,0.12076898664236069,0.09683895111083984,38818.0,0.12632785737514496,303,1
StandardGSGP,9d408192-aced-11ef-a3da-8863df8a28b9,airfoil,26,75,0.12076898664236069,0.08767533302307129,38488.0,0.12632785737514496,303,1
StandardGSGP,9d408192-aced-11ef-a3da-8863df8a28b9,airfoil,26,76,0.12076898664236069,0.085296630859375,39288.0,0.12632785737514496,303,1
StandardGSGP,9d408192-aced-11ef-a3da-8863df8a28b9,airfoil,26,77,0.12057144194841385,0.09359288215637207,40356.0,0.1264212280511856,313,1
StandardGSGP,9d408192-aced-11ef-a3da-8863df8a28b9,airfoil,26,78,0.12039310485124588,0.0871579647064209,40664.0,0.12699240446090698,319,1
StandardGSGP,9d408192-aced-11ef-a3da-8863df8a28b9,airfoil,26,79,0.12039310485124588,0.09465408325195312,38802.0,0.12699240446090698,319,1
StandardGSGP,9d408192-aced-11ef-a3da-8863df8a28b9,airfoil,26,80,0.12039310485124588,0.09099650382995605,39330.0,0.12699240446090698,319,1
StandardGSGP,9d408192-aced-11ef-a3da-8863df8a28b9,airfoil,26,81,0.12039310485124588,0.09473514556884766,39430.0,0.12699240446090698,319,1
StandardGSGP,9d408192-aced-11ef-a3da-8863df8a28b9,airfoil,26,82,0.12004096806049347,0.09312939643859863,39742.0,0.12710869312286377,329,1
StandardGSGP,9d408192-aced-11ef-a3da-8863df8a28b9,airfoil,26,83,0.12004096806049347,0.09808492660522461,40302.0,0.12710869312286377,329,1
StandardGSGP,9d408192-aced-11ef-a3da-8863df8a28b9,airfoil,26,84,0.12004096806049347,0.08301401138305664,39874.0,0.12710869312286377,329,1
StandardGSGP,9d408192-aced-11ef-a3da-8863df8a28b9,airfoil,26,85,0.12004096806049347,0.09090542793273926,40162.0,0.12710869312286377,329,1
StandardGSGP,9d408192-aced-11ef-a3da-8863df8a28b9,airfoil,26,86,0.12004096806049347,0.09345746040344238,40786.0,0.12710869312286377,329,1
StandardGSGP,9d408192-aced-11ef-a3da-8863df8a28b9,airfoil,26,87,0.12004096806049347,0.09137487411499023,41618.0,0.12710869312286377,329,1
StandardGSGP,9d408192-aced-11ef-a3da-8863df8a28b9,airfoil,26,88,0.12004096806049347,0.0908823013305664,43468.0,0.12710869312286377,329,1
StandardGSGP,9d408192-aced-11ef-a3da-8863df8a28b9,airfoil,26,89,0.12004096806049347,0.09545636177062988,44484.0,0.12710869312286377,329,1
StandardGSGP,9d408192-aced-11ef-a3da-8863df8a28b9,airfoil,26,90,0.12004096806049347,0.10254383087158203,45784.0,0.12710869312286377,329,1
StandardGSGP,9d408192-aced-11ef-a3da-8863df8a28b9,airfoil,26,91,0.12004096806049347,0.09680771827697754,46356.0,0.12710869312286377,329,1
StandardGSGP,9d408192-aced-11ef-a3da-8863df8a28b9,airfoil,26,92,0.12004096806049347,0.08963394165039062,46778.0,0.12710869312286377,329,1
StandardGSGP,9d408192-aced-11ef-a3da-8863df8a28b9,airfoil,26,93,0.12004096806049347,0.19461894035339355,46472.0,0.12710869312286377,329,1
StandardGSGP,9d408192-aced-11ef-a3da-8863df8a28b9,airfoil,26,94,0.12004096806049347,0.08820891380310059,45638.0,0.12710869312286377,329,1
StandardGSGP,9d408192-aced-11ef-a3da-8863df8a28b9,airfoil,26,95,0.12004096806049347,0.0855560302734375,47100.0,0.12710869312286377,329,1
StandardGSGP,9d408192-aced-11ef-a3da-8863df8a28b9,airfoil,26,96,0.12004096806049347,0.08831334114074707,45396.0,0.12710869312286377,329,1
StandardGSGP,9d408192-aced-11ef-a3da-8863df8a28b9,airfoil,26,97,0.11939677596092224,0.09455585479736328,44880.0,0.12753677368164062,335,1
StandardGSGP,9d408192-aced-11ef-a3da-8863df8a28b9,airfoil,26,98,0.11908458918333054,0.08527469635009766,44492.0,0.12751346826553345,341,1
StandardGSGP,9d408192-aced-11ef-a3da-8863df8a28b9,airfoil,26,99,0.11908458918333054,0.0909879207611084,43844.0,0.12751346826553345,341,1
StandardGSGP,9d408192-aced-11ef-a3da-8863df8a28b9,airfoil,26,100,0.11900991946458817,0.09598088264465332,43354.0,0.1274619698524475,353,1
StandardGSGP,90784635-ad26-11ef-9c5c-e4a8dfc2a9a8,airfoil,26,0,0.4207288920879364,0.0410006046295166,916.0,0.4232400059700012,5,1
StandardGSGP,90784635-ad26-11ef-9c5c-e4a8dfc2a9a8,airfoil,26,1,0.3906131088733673,0.06670713424682617,1698.0,0.3618704378604889,11,1
StandardGSGP,90784635-ad26-11ef-9c5c-e4a8dfc2a9a8,airfoil,26,2,0.2584119737148285,0.07161307334899902,2390.0,0.2420448660850525,21,1
StandardGSGP,90784635-ad26-11ef-9c5c-e4a8dfc2a9a8,airfoil,26,3,0.2584119737148285,0.06470203399658203,3182.0,0.2420448660850525,21,1
StandardGSGP,90784635-ad26-11ef-9c5c-e4a8dfc2a9a8,airfoil,26,4,0.2584119737148285,0.061530113220214844,4028.0,0.2420448660850525,21,1
StandardGSGP,90784635-ad26-11ef-9c5c-e4a8dfc2a9a8,airfoil,26,5,0.22110144793987274,0.06616353988647461,5022.0,0.21953949332237244,53,1
StandardGSGP,90784635-ad26-11ef-9c5c-e4a8dfc2a9a8,airfoil,26,6,0.18825632333755493,0.07000374794006348,6050.0,0.18504445254802704,57,1
StandardGSGP,90784635-ad26-11ef-9c5c-e4a8dfc2a9a8,airfoil,26,7,0.18825632333755493,0.06951117515563965,7160.0,0.18504445254802704,57,1
StandardGSGP,90784635-ad26-11ef-9c5c-e4a8dfc2a9a8,airfoil,26,8,0.18825632333755493,0.07334518432617188,8292.0,0.18504445254802704,57,1
StandardGSGP,90784635-ad26-11ef-9c5c-e4a8dfc2a9a8,airfoil,26,9,0.18473930656909943,0.07273316383361816,9074.0,0.1809118390083313,65,1
StandardGSGP,90784635-ad26-11ef-9c5c-e4a8dfc2a9a8,airfoil,26,10,0.18473930656909943,0.06425309181213379,9826.0,0.1809118390083313,65,1
StandardGSGP,90784635-ad26-11ef-9c5c-e4a8dfc2a9a8,airfoil,26,11,0.18473930656909943,0.06314730644226074,10786.0,0.1809118390083313,65,1
StandardGSGP,90784635-ad26-11ef-9c5c-e4a8dfc2a9a8,airfoil,26,12,0.18473930656909943,0.06719374656677246,11496.0,0.1809118390083313,65,1
StandardGSGP,90784635-ad26-11ef-9c5c-e4a8dfc2a9a8,airfoil,26,13,0.17749406397342682,0.06559944152832031,12378.0,0.17216172814369202,71,1
StandardGSGP,90784635-ad26-11ef-9c5c-e4a8dfc2a9a8,airfoil,26,14,0.17749406397342682,0.07184839248657227,12888.0,0.17216172814369202,71,1
StandardGSGP,90784635-ad26-11ef-9c5c-e4a8dfc2a9a8,airfoil,26,15,0.17749406397342682,0.09598374366760254,13716.0,0.17216172814369202,71,1
StandardGSGP,90784635-ad26-11ef-9c5c-e4a8dfc2a9a8,airfoil,26,16,0.17749406397342682,0.0696258544921875,14712.0,0.17216172814369202,71,1
StandardGSGP,90784635-ad26-11ef-9c5c-e4a8dfc2a9a8,airfoil,26,17,0.17477688193321228,0.06762123107910156,14872.0,0.17289912700653076,93,1
StandardGSGP,90784635-ad26-11ef-9c5c-e4a8dfc2a9a8,airfoil,26,18,0.17477688193321228,0.06635165214538574,15278.0,0.17289912700653076,93,1
StandardGSGP,90784635-ad26-11ef-9c5c-e4a8dfc2a9a8,airfoil,26,19,0.17477688193321228,0.0657644271850586,15762.0,0.17289912700653076,93,1
StandardGSGP,90784635-ad26-11ef-9c5c-e4a8dfc2a9a8,airfoil,26,20,0.17477688193321228,0.06457042694091797,16436.0,0.17289912700653076,93,1
StandardGSGP,90784635-ad26-11ef-9c5c-e4a8dfc2a9a8,airfoil,26,21,0.17477688193321228,0.06714749336242676,16890.0,0.17289912700653076,93,1
StandardGSGP,90784635-ad26-11ef-9c5c-e4a8dfc2a9a8,airfoil,26,22,0.17477688193321228,0.07037234306335449,17854.0,0.17289912700653076,93,1
StandardGSGP,90784635-ad26-11ef-9c5c-e4a8dfc2a9a8,airfoil,26,23,0.17477688193321228,0.0715184211730957,18208.0,0.17289912700653076,93,1
StandardGSGP,90784635-ad26-11ef-9c5c-e4a8dfc2a9a8,airfoil,26,24,0.17477688193321228,0.06922459602355957,18436.0,0.17289912700653076,93,1
StandardGSGP,90784635-ad26-11ef-9c5c-e4a8dfc2a9a8,airfoil,26,25,0.17302370071411133,0.06450676918029785,18328.0,0.17291145026683807,99,1
StandardGSGP,90784635-ad26-11ef-9c5c-e4a8dfc2a9a8,airfoil,26,26,0.17302370071411133,0.06658291816711426,17800.0,0.17291145026683807,99,1
StandardGSGP,90784635-ad26-11ef-9c5c-e4a8dfc2a9a8,airfoil,26,27,0.15681765973567963,0.06563782691955566,18458.0,0.16231536865234375,117,1
StandardGSGP,90784635-ad26-11ef-9c5c-e4a8dfc2a9a8,airfoil,26,28,0.15681765973567963,0.06783795356750488,18256.0,0.16231536865234375,117,1
StandardGSGP,90784635-ad26-11ef-9c5c-e4a8dfc2a9a8,airfoil,26,29,0.15681765973567963,0.06763601303100586,18498.0,0.16231536865234375,117,1
StandardGSGP,90784635-ad26-11ef-9c5c-e4a8dfc2a9a8,airfoil,26,30,0.15501318871974945,0.0650022029876709,17912.0,0.1608118712902069,123,1
StandardGSGP,90784635-ad26-11ef-9c5c-e4a8dfc2a9a8,airfoil,26,31,0.14853353798389435,0.06661677360534668,18054.0,0.15465009212493896,123,1
StandardGSGP,90784635-ad26-11ef-9c5c-e4a8dfc2a9a8,airfoil,26,32,0.14634546637535095,0.06530642509460449,18532.0,0.1517137736082077,137,1
StandardGSGP,90784635-ad26-11ef-9c5c-e4a8dfc2a9a8,airfoil,26,33,0.1445266157388687,0.06636953353881836,19210.0,0.15204879641532898,147,1
StandardGSGP,90784635-ad26-11ef-9c5c-e4a8dfc2a9a8,airfoil,26,34,0.1445266157388687,0.06225991249084473,19706.0,0.15204879641532898,147,1
StandardGSGP,90784635-ad26-11ef-9c5c-e4a8dfc2a9a8,airfoil,26,35,0.1445266157388687,0.06152963638305664,20090.0,0.15204879641532898,147,1
StandardGSGP,90784635-ad26-11ef-9c5c-e4a8dfc2a9a8,airfoil,26,36,0.1445266157388687,0.06709098815917969,20710.0,0.15204879641532898,147,1
StandardGSGP,90784635-ad26-11ef-9c5c-e4a8dfc2a9a8,airfoil,26,37,0.1445266157388687,0.06442832946777344,21446.0,0.15204879641532898,147,1
StandardGSGP,90784635-ad26-11ef-9c5c-e4a8dfc2a9a8,airfoil,26,38,0.1445266157388687,0.06504464149475098,21508.0,0.15204879641532898,147,1
StandardGSGP,90784635-ad26-11ef-9c5c-e4a8dfc2a9a8,airfoil,26,39,0.1395154595375061,0.06599831581115723,22280.0,0.14784975349903107,179,1
StandardGSGP,90784635-ad26-11ef-9c5c-e4a8dfc2a9a8,airfoil,26,40,0.1395154595375061,0.063507080078125,22776.0,0.14784975349903107,179,1
StandardGSGP,90784635-ad26-11ef-9c5c-e4a8dfc2a9a8,airfoil,26,41,0.13874097168445587,0.06660985946655273,23492.0,0.14982175827026367,197,1
StandardGSGP,90784635-ad26-11ef-9c5c-e4a8dfc2a9a8,airfoil,26,42,0.13874097168445587,0.06517529487609863,24118.0,0.14982175827026367,197,1
StandardGSGP,90784635-ad26-11ef-9c5c-e4a8dfc2a9a8,airfoil,26,43,0.13288651406764984,0.06451821327209473,23896.0,0.1448129564523697,205,1
StandardGSGP,90784635-ad26-11ef-9c5c-e4a8dfc2a9a8,airfoil,26,44,0.13288651406764984,0.06861376762390137,24096.0,0.1448129564523697,205,1
StandardGSGP,90784635-ad26-11ef-9c5c-e4a8dfc2a9a8,airfoil,26,45,0.1311129480600357,0.06696271896362305,24158.0,0.13981421291828156,227,1
StandardGSGP,90784635-ad26-11ef-9c5c-e4a8dfc2a9a8,airfoil,26,46,0.1311129480600357,0.06499958038330078,24980.0,0.13981421291828156,227,1
StandardGSGP,90784635-ad26-11ef-9c5c-e4a8dfc2a9a8,airfoil,26,47,0.1308281421661377,0.06292009353637695,25446.0,0.14186401665210724,243,1
StandardGSGP,90784635-ad26-11ef-9c5c-e4a8dfc2a9a8,airfoil,26,48,0.1308281421661377,0.06751132011413574,26306.0,0.14186401665210724,243,1
StandardGSGP,90784635-ad26-11ef-9c5c-e4a8dfc2a9a8,airfoil,26,49,0.13057568669319153,0.06807684898376465,26990.0,0.1413298398256302,259,1
StandardGSGP,90784635-ad26-11ef-9c5c-e4a8dfc2a9a8,airfoil,26,50,0.13057568669319153,0.06751894950866699,27952.0,0.1413298398256302,259,1
StandardGSGP,90784635-ad26-11ef-9c5c-e4a8dfc2a9a8,airfoil,26,51,0.13057568669319153,0.07199215888977051,28378.0,0.1413298398256302,259,1
StandardGSGP,90784635-ad26-11ef-9c5c-e4a8dfc2a9a8,airfoil,26,52,0.13057568669319153,0.07036042213439941,29244.0,0.1413298398256302,259,1
StandardGSGP,90784635-ad26-11ef-9c5c-e4a8dfc2a9a8,airfoil,26,53,0.13057568669319153,0.06966876983642578,29942.0,0.1413298398256302,259,1
StandardGSGP,90784635-ad26-11ef-9c5c-e4a8dfc2a9a8,airfoil,26,54,0.13057568669319153,0.0677647590637207,30626.0,0.1413298398256302,259,1
StandardGSGP,90784635-ad26-11ef-9c5c-e4a8dfc2a9a8,airfoil,26,55,0.13057568669319153,0.14259815216064453,31394.0,0.1413298398256302,259,1
StandardGSGP,90784635-ad26-11ef-9c5c-e4a8dfc2a9a8,airfoil,26,56,0.13057568669319153,0.07155275344848633,31860.0,0.1413298398256302,259,1
StandardGSGP,90784635-ad26-11ef-9c5c-e4a8dfc2a9a8,airfoil,26,57,0.13057568669319153,0.07522988319396973,32746.0,0.1413298398256302,259,1
StandardGSGP,90784635-ad26-11ef-9c5c-e4a8dfc2a9a8,airfoil,26,58,0.13057568669319153,0.07363176345825195,33274.0,0.1413298398256302,259,1
StandardGSGP,90784635-ad26-11ef-9c5c-e4a8dfc2a9a8,airfoil,26,59,0.13057568669319153,0.06671309471130371,34160.0,0.1413298398256302,259,1
StandardGSGP,90784635-ad26-11ef-9c5c-e4a8dfc2a9a8,airfoil,26,60,0.13057568669319153,0.06452298164367676,34634.0,0.1413298398256302,259,1
StandardGSGP,90784635-ad26-11ef-9c5c-e4a8dfc2a9a8,airfoil,26,61,0.13057568669319153,0.06699752807617188,35322.0,0.1413298398256302,259,1
StandardGSGP,90784635-ad26-11ef-9c5c-e4a8dfc2a9a8,airfoil,26,62,0.13057568669319153,0.06599879264831543,35684.0,0.1413298398256302,259,1
StandardGSGP,90784635-ad26-11ef-9c5c-e4a8dfc2a9a8,airfoil,26,63,0.13057568669319153,0.07150745391845703,36536.0,0.1413298398256302,259,1
StandardGSGP,90784635-ad26-11ef-9c5c-e4a8dfc2a9a8,airfoil,26,64,0.13057568669319153,0.0701761245727539,36640.0,0.1413298398256302,259,1
StandardGSGP,90784635-ad26-11ef-9c5c-e4a8dfc2a9a8,airfoil,26,65,0.13057568669319153,0.06899595260620117,37080.0,0.1413298398256302,259,1
StandardGSGP,90784635-ad26-11ef-9c5c-e4a8dfc2a9a8,airfoil,26,66,0.1305491328239441,0.06566190719604492,37644.0,0.1413079798221588,269,1
StandardGSGP,90784635-ad26-11ef-9c5c-e4a8dfc2a9a8,airfoil,26,67,0.13006062805652618,0.0685262680053711,37904.0,0.14061346650123596,269,1
StandardGSGP,90784635-ad26-11ef-9c5c-e4a8dfc2a9a8,airfoil,26,68,0.13006062805652618,0.0720052719116211,39356.0,0.14061346650123596,269,1
StandardGSGP,90784635-ad26-11ef-9c5c-e4a8dfc2a9a8,airfoil,26,69,0.13006062805652618,0.07179784774780273,39988.0,0.14061346650123596,269,1
StandardGSGP,90784635-ad26-11ef-9c5c-e4a8dfc2a9a8,airfoil,26,70,0.13006062805652618,0.0698096752166748,38920.0,0.14061346650123596,269,1
StandardGSGP,90784635-ad26-11ef-9c5c-e4a8dfc2a9a8,airfoil,26,71,0.12925952672958374,0.07010674476623535,39876.0,0.13976265490055084,299,1
StandardGSGP,90784635-ad26-11ef-9c5c-e4a8dfc2a9a8,airfoil,26,72,0.12925952672958374,0.06499719619750977,38958.0,0.13976265490055084,299,1
StandardGSGP,90784635-ad26-11ef-9c5c-e4a8dfc2a9a8,airfoil,26,73,0.12925952672958374,0.06251168251037598,38364.0,0.13976265490055084,299,1
StandardGSGP,90784635-ad26-11ef-9c5c-e4a8dfc2a9a8,airfoil,26,74,0.12925952672958374,0.06450939178466797,37962.0,0.13976265490055084,299,1
StandardGSGP,90784635-ad26-11ef-9c5c-e4a8dfc2a9a8,airfoil,26,75,0.12925952672958374,0.06644892692565918,37122.0,0.13976265490055084,299,1
StandardGSGP,90784635-ad26-11ef-9c5c-e4a8dfc2a9a8,airfoil,26,76,0.12925952672958374,0.06689953804016113,38028.0,0.13976265490055084,299,1
StandardGSGP,90784635-ad26-11ef-9c5c-e4a8dfc2a9a8,airfoil,26,77,0.12891902029514313,0.062157392501831055,38698.0,0.1393468827009201,305,1
StandardGSGP,90784635-ad26-11ef-9c5c-e4a8dfc2a9a8,airfoil,26,78,0.12891902029514313,0.06999588012695312,39232.0,0.1393468827009201,305,1
StandardGSGP,90784635-ad26-11ef-9c5c-e4a8dfc2a9a8,airfoil,26,79,0.12891902029514313,0.06508064270019531,39748.0,0.1393468827009201,305,1
StandardGSGP,90784635-ad26-11ef-9c5c-e4a8dfc2a9a8,airfoil,26,80,0.12891902029514313,0.0666041374206543,40784.0,0.1393468827009201,305,1
StandardGSGP,90784635-ad26-11ef-9c5c-e4a8dfc2a9a8,airfoil,26,81,0.12891902029514313,0.06736612319946289,40498.0,0.1393468827009201,305,1
StandardGSGP,90784635-ad26-11ef-9c5c-e4a8dfc2a9a8,airfoil,26,82,0.12891902029514313,0.06551003456115723,40208.0,0.1393468827009201,305,1
StandardGSGP,90784635-ad26-11ef-9c5c-e4a8dfc2a9a8,airfoil,26,83,0.12891902029514313,0.06135821342468262,40296.0,0.1393468827009201,305,1
StandardGSGP,90784635-ad26-11ef-9c5c-e4a8dfc2a9a8,airfoil,26,84,0.12891902029514313,0.06814122200012207,40428.0,0.1393468827009201,305,1
StandardGSGP,90784635-ad26-11ef-9c5c-e4a8dfc2a9a8,airfoil,26,85,0.12891902029514313,0.06851768493652344,40366.0,0.1393468827009201,305,1
StandardGSGP,90784635-ad26-11ef-9c5c-e4a8dfc2a9a8,airfoil,26,86,0.12891902029514313,0.0632178783416748,40044.0,0.1393468827009201,305,1
StandardGSGP,90784635-ad26-11ef-9c5c-e4a8dfc2a9a8,airfoil,26,87,0.12891902029514313,0.06658315658569336,40462.0,0.1393468827009201,305,1
StandardGSGP,90784635-ad26-11ef-9c5c-e4a8dfc2a9a8,airfoil,26,88,0.12891902029514313,0.06508636474609375,40220.0,0.1393468827009201,305,1
StandardGSGP,90784635-ad26-11ef-9c5c-e4a8dfc2a9a8,airfoil,26,89,0.12891902029514313,0.06456565856933594,40622.0,0.1393468827009201,305,1
StandardGSGP,90784635-ad26-11ef-9c5c-e4a8dfc2a9a8,airfoil,26,90,0.12891902029514313,0.06755900382995605,40936.0,0.1393468827009201,305,1
StandardGSGP,90784635-ad26-11ef-9c5c-e4a8dfc2a9a8,airfoil,26,91,0.12891902029514313,0.06390881538391113,41258.0,0.1393468827009201,305,1
StandardGSGP,90784635-ad26-11ef-9c5c-e4a8dfc2a9a8,airfoil,26,92,0.1281484216451645,0.07177066802978516,41912.0,0.14077742397785187,317,1
StandardGSGP,90784635-ad26-11ef-9c5c-e4a8dfc2a9a8,airfoil,26,93,0.12756593525409698,0.06499719619750977,42174.0,0.1398993879556656,327,1
StandardGSGP,90784635-ad26-11ef-9c5c-e4a8dfc2a9a8,airfoil,26,94,0.12756593525409698,0.06859397888183594,41916.0,0.1398993879556656,327,1
StandardGSGP,90784635-ad26-11ef-9c5c-e4a8dfc2a9a8,airfoil,26,95,0.12756593525409698,0.07502460479736328,42104.0,0.1398993879556656,327,1
StandardGSGP,90784635-ad26-11ef-9c5c-e4a8dfc2a9a8,airfoil,26,96,0.12756593525409698,0.07853984832763672,43006.0,0.1398993879556656,327,1
StandardGSGP,90784635-ad26-11ef-9c5c-e4a8dfc2a9a8,airfoil,26,97,0.12756593525409698,0.06555795669555664,43940.0,0.1398993879556656,327,1
StandardGSGP,90784635-ad26-11ef-9c5c-e4a8dfc2a9a8,airfoil,26,98,0.12756593525409698,0.06299853324890137,45016.0,0.1398993879556656,327,1
StandardGSGP,90784635-ad26-11ef-9c5c-e4a8dfc2a9a8,airfoil,26,99,0.12756593525409698,0.06725692749023438,46144.0,0.1398993879556656,327,1
StandardGSGP,90784635-ad26-11ef-9c5c-e4a8dfc2a9a8,airfoil,26,100,0.12756593525409698,0.06930017471313477,46666.0,0.1398993879556656,327,1
StandardGSGP,1cce5b89-ad27-11ef-9c5c-e4a8dfc2a9a8,airfoil,26,0,38.07765197753906,0.04408884048461914,916.0,40.19331359863281,11,1
StandardGSGP,1cce5b89-ad27-11ef-9c5c-e4a8dfc2a9a8,airfoil,26,1,38.07765197753906,0.06978416442871094,1824.0,40.19331359863281,11,1
StandardGSGP,1cce5b89-ad27-11ef-9c5c-e4a8dfc2a9a8,airfoil,26,2,37.88263702392578,0.07100152969360352,2706.0,39.96900939941406,17,1
StandardGSGP,1cce5b89-ad27-11ef-9c5c-e4a8dfc2a9a8,airfoil,26,3,37.7590217590332,0.07050728797912598,3608.0,39.826202392578125,23,1
StandardGSGP,1cce5b89-ad27-11ef-9c5c-e4a8dfc2a9a8,airfoil,26,4,37.50513458251953,0.06877493858337402,4438.0,39.53220748901367,31,1
StandardGSGP,1cce5b89-ad27-11ef-9c5c-e4a8dfc2a9a8,airfoil,26,5,37.382606506347656,0.07050848007202148,5352.0,39.346519470214844,51,1
StandardGSGP,1cce5b89-ad27-11ef-9c5c-e4a8dfc2a9a8,airfoil,26,6,37.377769470214844,0.07652950286865234,6196.0,39.34250259399414,63,1
StandardGSGP,1cce5b89-ad27-11ef-9c5c-e4a8dfc2a9a8,airfoil,26,7,37.26877212524414,0.07314109802246094,7178.0,39.28437805175781,67,1
StandardGSGP,1cce5b89-ad27-11ef-9c5c-e4a8dfc2a9a8,airfoil,26,8,37.01919174194336,0.07258486747741699,8236.0,38.89618682861328,71,1
StandardGSGP,1cce5b89-ad27-11ef-9c5c-e4a8dfc2a9a8,airfoil,26,9,36.811771392822266,0.0823056697845459,8834.0,38.64079666137695,81,1
StandardGSGP,1cce5b89-ad27-11ef-9c5c-e4a8dfc2a9a8,airfoil,26,10,36.618568420410156,0.07432842254638672,9424.0,38.47852325439453,91,1
StandardGSGP,1cce5b89-ad27-11ef-9c5c-e4a8dfc2a9a8,airfoil,26,11,36.42686462402344,0.06946015357971191,10330.0,38.255165100097656,95,1
StandardGSGP,1cce5b89-ad27-11ef-9c5c-e4a8dfc2a9a8,airfoil,26,12,36.38978576660156,0.07410168647766113,11098.0,38.16720962524414,135,1
StandardGSGP,1cce5b89-ad27-11ef-9c5c-e4a8dfc2a9a8,airfoil,26,13,36.171234130859375,0.07334399223327637,11936.0,37.940059661865234,117,1
StandardGSGP,1cce5b89-ad27-11ef-9c5c-e4a8dfc2a9a8,airfoil,26,14,36.171234130859375,0.07104611396789551,12734.0,37.940059661865234,117,1
StandardGSGP,1cce5b89-ad27-11ef-9c5c-e4a8dfc2a9a8,airfoil,26,15,36.074039459228516,0.07450556755065918,13942.0,37.82796096801758,129,1
StandardGSGP,1cce5b89-ad27-11ef-9c5c-e4a8dfc2a9a8,airfoil,26,16,35.821929931640625,0.07763862609863281,15032.0,37.4533576965332,139,1
StandardGSGP,1cce5b89-ad27-11ef-9c5c-e4a8dfc2a9a8,airfoil,26,17,35.7520866394043,0.07468104362487793,15640.0,37.44026184082031,143,1
StandardGSGP,1cce5b89-ad27-11ef-9c5c-e4a8dfc2a9a8,airfoil,26,18,35.691349029541016,0.07508516311645508,16990.0,37.369140625,151,1
StandardGSGP,1cce5b89-ad27-11ef-9c5c-e4a8dfc2a9a8,airfoil,26,19,35.47817611694336,0.07204604148864746,17962.0,37.03303527832031,185,1
StandardGSGP,1cce5b89-ad27-11ef-9c5c-e4a8dfc2a9a8,airfoil,26,20,35.220279693603516,0.07486248016357422,18832.0,36.7755241394043,181,1
StandardGSGP,1cce5b89-ad27-11ef-9c5c-e4a8dfc2a9a8,airfoil,26,21,35.14765548706055,0.0703740119934082,19320.0,36.71453857421875,193,1
StandardGSGP,1cce5b89-ad27-11ef-9c5c-e4a8dfc2a9a8,airfoil,26,22,34.93181228637695,0.07300233840942383,20176.0,36.36475372314453,201,1
StandardGSGP,1cce5b89-ad27-11ef-9c5c-e4a8dfc2a9a8,airfoil,26,23,34.93181228637695,0.07100415229797363,21368.0,36.36475372314453,201,1
StandardGSGP,1cce5b89-ad27-11ef-9c5c-e4a8dfc2a9a8,airfoil,26,24,34.912353515625,0.07798385620117188,22016.0,36.45618438720703,217,1
StandardGSGP,1cce5b89-ad27-11ef-9c5c-e4a8dfc2a9a8,airfoil,26,25,34.62456512451172,0.07400703430175781,22822.0,35.97763442993164,219,1
StandardGSGP,1cce5b89-ad27-11ef-9c5c-e4a8dfc2a9a8,airfoil,26,26,34.427146911621094,0.07251667976379395,23360.0,35.71346664428711,229,1
StandardGSGP,1cce5b89-ad27-11ef-9c5c-e4a8dfc2a9a8,airfoil,26,27,34.427146911621094,0.07099628448486328,24356.0,35.71346664428711,229,1
StandardGSGP,1cce5b89-ad27-11ef-9c5c-e4a8dfc2a9a8,airfoil,26,28,34.381996154785156,0.07184529304504395,25292.0,35.66965866088867,249,1
StandardGSGP,1cce5b89-ad27-11ef-9c5c-e4a8dfc2a9a8,airfoil,26,29,34.2205696105957,0.07402586936950684,26474.0,35.46031188964844,267,1
StandardGSGP,1cce5b89-ad27-11ef-9c5c-e4a8dfc2a9a8,airfoil,26,30,34.1525993347168,0.07040095329284668,27232.0,35.402400970458984,277,1
StandardGSGP,1cce5b89-ad27-11ef-9c5c-e4a8dfc2a9a8,airfoil,26,31,34.038909912109375,0.06951236724853516,27952.0,35.198486328125,271,1
StandardGSGP,1cce5b89-ad27-11ef-9c5c-e4a8dfc2a9a8,airfoil,26,32,33.8343505859375,0.0686488151550293,28318.0,34.877174377441406,277,1
StandardGSGP,1cce5b89-ad27-11ef-9c5c-e4a8dfc2a9a8,airfoil,26,33,33.709808349609375,0.06951022148132324,29252.0,34.76042938232422,281,1
StandardGSGP,1cce5b89-ad27-11ef-9c5c-e4a8dfc2a9a8,airfoil,26,34,33.430870056152344,0.06920647621154785,30240.0,34.39685821533203,295,1
StandardGSGP,1cce5b89-ad27-11ef-9c5c-e4a8dfc2a9a8,airfoil,26,35,33.430870056152344,0.06513786315917969,30666.0,34.39685821533203,295,1
StandardGSGP,1cce5b89-ad27-11ef-9c5c-e4a8dfc2a9a8,airfoil,26,36,33.251625061035156,0.07250308990478516,31454.0,34.17598342895508,315,1
StandardGSGP,1cce5b89-ad27-11ef-9c5c-e4a8dfc2a9a8,airfoil,26,37,33.251625061035156,0.07000041007995605,32198.0,34.17598342895508,315,1
StandardGSGP,1cce5b89-ad27-11ef-9c5c-e4a8dfc2a9a8,airfoil,26,38,33.1478271484375,0.07049274444580078,33194.0,34.02824020385742,321,1
StandardGSGP,1cce5b89-ad27-11ef-9c5c-e4a8dfc2a9a8,airfoil,26,39,33.06295394897461,0.07256817817687988,34184.0,33.914894104003906,331,1
StandardGSGP,1cce5b89-ad27-11ef-9c5c-e4a8dfc2a9a8,airfoil,26,40,32.992733001708984,0.0716712474822998,35144.0,33.76439666748047,365,1
StandardGSGP,1cce5b89-ad27-11ef-9c5c-e4a8dfc2a9a8,airfoil,26,41,32.933406829833984,0.0695955753326416,35764.0,33.70110321044922,375,1
StandardGSGP,1cce5b89-ad27-11ef-9c5c-e4a8dfc2a9a8,airfoil,26,42,32.79051971435547,0.07187700271606445,36968.0,33.52245330810547,357,1
StandardGSGP,1cce5b89-ad27-11ef-9c5c-e4a8dfc2a9a8,airfoil,26,43,32.6881103515625,0.07072639465332031,37862.0,33.35983657836914,363,1
StandardGSGP,1cce5b89-ad27-11ef-9c5c-e4a8dfc2a9a8,airfoil,26,44,32.57477951049805,0.07131576538085938,39084.0,33.20622634887695,367,1
StandardGSGP,1cce5b89-ad27-11ef-9c5c-e4a8dfc2a9a8,airfoil,26,45,32.49308776855469,0.07233691215515137,40202.0,33.10538101196289,423,1
StandardGSGP,1cce5b89-ad27-11ef-9c5c-e4a8dfc2a9a8,airfoil,26,46,32.44852828979492,0.0712900161743164,40968.0,33.019527435302734,429,1
StandardGSGP,1cce5b89-ad27-11ef-9c5c-e4a8dfc2a9a8,airfoil,26,47,32.36381530761719,0.06907486915588379,41892.0,32.93366241455078,447,1
StandardGSGP,1cce5b89-ad27-11ef-9c5c-e4a8dfc2a9a8,airfoil,26,48,32.20845413208008,0.07099771499633789,42900.0,32.69068145751953,465,1
StandardGSGP,1cce5b89-ad27-11ef-9c5c-e4a8dfc2a9a8,airfoil,26,49,32.20717239379883,0.06962180137634277,43994.0,32.689483642578125,475,1
StandardGSGP,1cce5b89-ad27-11ef-9c5c-e4a8dfc2a9a8,airfoil,26,50,32.16067886352539,0.1440281867980957,45190.0,32.60301208496094,461,1
StandardGSGP,1cce5b89-ad27-11ef-9c5c-e4a8dfc2a9a8,airfoil,26,51,32.07402801513672,0.07141923904418945,46394.0,32.43158721923828,487,1
StandardGSGP,1cce5b89-ad27-11ef-9c5c-e4a8dfc2a9a8,airfoil,26,52,32.040916442871094,0.07622766494750977,47176.0,32.391178131103516,435,1
StandardGSGP,1cce5b89-ad27-11ef-9c5c-e4a8dfc2a9a8,airfoil,26,53,31.992061614990234,0.07574105262756348,48340.0,32.27610397338867,499,1
StandardGSGP,1cce5b89-ad27-11ef-9c5c-e4a8dfc2a9a8,airfoil,26,54,31.935379028320312,0.08501529693603516,49816.0,32.26197052001953,513,1
StandardGSGP,1cce5b89-ad27-11ef-9c5c-e4a8dfc2a9a8,airfoil,26,55,31.935379028320312,0.07727861404418945,51790.0,32.26197052001953,513,1
StandardGSGP,1cce5b89-ad27-11ef-9c5c-e4a8dfc2a9a8,airfoil,26,56,31.818262100219727,0.08167243003845215,53088.0,32.03301239013672,555,1
StandardGSGP,1cce5b89-ad27-11ef-9c5c-e4a8dfc2a9a8,airfoil,26,57,31.712440490722656,0.07406854629516602,54290.0,31.798429489135742,571,1
StandardGSGP,1cce5b89-ad27-11ef-9c5c-e4a8dfc2a9a8,airfoil,26,58,31.661434173583984,0.07288551330566406,55000.0,31.643285751342773,563,1
StandardGSGP,1cce5b89-ad27-11ef-9c5c-e4a8dfc2a9a8,airfoil,26,59,31.656164169311523,0.07671451568603516,56246.0,31.672531127929688,611,1
StandardGSGP,1cce5b89-ad27-11ef-9c5c-e4a8dfc2a9a8,airfoil,26,60,31.619712829589844,0.07286739349365234,57702.0,31.599946975708008,619,1
StandardGSGP,1cce5b89-ad27-11ef-9c5c-e4a8dfc2a9a8,airfoil,26,61,31.555524826049805,0.09251189231872559,58848.0,31.544946670532227,627,1
StandardGSGP,1cce5b89-ad27-11ef-9c5c-e4a8dfc2a9a8,airfoil,26,62,31.528114318847656,0.06924295425415039,59948.0,31.34283447265625,595,1
StandardGSGP,1cce5b89-ad27-11ef-9c5c-e4a8dfc2a9a8,airfoil,26,63,31.488658905029297,0.0715477466583252,60872.0,31.361770629882812,641,1
StandardGSGP,1cce5b89-ad27-11ef-9c5c-e4a8dfc2a9a8,airfoil,26,64,31.47047233581543,0.07250690460205078,61906.0,31.142993927001953,607,1
StandardGSGP,1cce5b89-ad27-11ef-9c5c-e4a8dfc2a9a8,airfoil,26,65,31.434598922729492,0.07224059104919434,63212.0,31.06599998474121,631,1
StandardGSGP,1cce5b89-ad27-11ef-9c5c-e4a8dfc2a9a8,airfoil,26,66,31.401330947875977,0.07682108879089355,64444.0,31.171907424926758,659,1
StandardGSGP,1cce5b89-ad27-11ef-9c5c-e4a8dfc2a9a8,airfoil,26,67,31.319583892822266,0.07150411605834961,65144.0,31.043790817260742,685,1
StandardGSGP,1cce5b89-ad27-11ef-9c5c-e4a8dfc2a9a8,airfoil,26,68,31.31798553466797,0.08554530143737793,65488.0,31.04142189025879,703,1
StandardGSGP,1cce5b89-ad27-11ef-9c5c-e4a8dfc2a9a8,airfoil,26,69,31.26572036743164,0.07652568817138672,67252.0,30.858800888061523,717,1
StandardGSGP,1cce5b89-ad27-11ef-9c5c-e4a8dfc2a9a8,airfoil,26,70,31.26572036743164,0.07399725914001465,69344.0,30.858800888061523,717,1
StandardGSGP,1cce5b89-ad27-11ef-9c5c-e4a8dfc2a9a8,airfoil,26,71,31.25856590270996,0.07450628280639648,70964.0,30.857004165649414,723,1
StandardGSGP,1cce5b89-ad27-11ef-9c5c-e4a8dfc2a9a8,airfoil,26,72,31.243432998657227,0.08151125907897949,72550.0,30.806991577148438,731,1
StandardGSGP,1cce5b89-ad27-11ef-9c5c-e4a8dfc2a9a8,airfoil,26,73,31.23562240600586,0.0725092887878418,74314.0,30.797197341918945,761,1
StandardGSGP,1cce5b89-ad27-11ef-9c5c-e4a8dfc2a9a8,airfoil,26,74,31.209436416625977,0.07199788093566895,75720.0,30.77295684814453,747,1
StandardGSGP,1cce5b89-ad27-11ef-9c5c-e4a8dfc2a9a8,airfoil,26,75,31.209436416625977,0.07100415229797363,77036.0,30.77295684814453,747,1
StandardGSGP,1cce5b89-ad27-11ef-9c5c-e4a8dfc2a9a8,airfoil,26,76,31.192413330078125,0.0737919807434082,77920.0,30.746816635131836,785,1
StandardGSGP,1cce5b89-ad27-11ef-9c5c-e4a8dfc2a9a8,airfoil,26,77,31.1408748626709,0.07422375679016113,78848.0,30.7199649810791,803,1
StandardGSGP,1cce5b89-ad27-11ef-9c5c-e4a8dfc2a9a8,airfoil,26,78,31.1408748626709,0.07825255393981934,79644.0,30.7199649810791,803,1
StandardGSGP,1cce5b89-ad27-11ef-9c5c-e4a8dfc2a9a8,airfoil,26,79,31.10301399230957,0.0736544132232666,80640.0,30.637449264526367,809,1
StandardGSGP,1cce5b89-ad27-11ef-9c5c-e4a8dfc2a9a8,airfoil,26,80,31.10301399230957,0.0789034366607666,81834.0,30.637449264526367,809,1
StandardGSGP,1cce5b89-ad27-11ef-9c5c-e4a8dfc2a9a8,airfoil,26,81,31.10301399230957,0.08523011207580566,82910.0,30.637449264526367,809,1
StandardGSGP,1cce5b89-ad27-11ef-9c5c-e4a8dfc2a9a8,airfoil,26,82,31.09444236755371,0.07264137268066406,83840.0,30.5690975189209,819,1
StandardGSGP,1cce5b89-ad27-11ef-9c5c-e4a8dfc2a9a8,airfoil,26,83,31.081260681152344,0.07459306716918945,84596.0,30.544963836669922,835,1
StandardGSGP,1cce5b89-ad27-11ef-9c5c-e4a8dfc2a9a8,airfoil,26,84,31.075706481933594,0.08974885940551758,85274.0,30.63709259033203,831,1
StandardGSGP,1cce5b89-ad27-11ef-9c5c-e4a8dfc2a9a8,airfoil,26,85,31.057844161987305,0.07650637626647949,85814.0,30.550579071044922,871,1
StandardGSGP,1cce5b89-ad27-11ef-9c5c-e4a8dfc2a9a8,airfoil,26,86,31.054712295532227,0.07284283638000488,86258.0,30.567304611206055,847,1
StandardGSGP,1cce5b89-ad27-11ef-9c5c-e4a8dfc2a9a8,airfoil,26,87,31.049339294433594,0.07476544380187988,87182.0,30.59341049194336,857,1
StandardGSGP,1cce5b89-ad27-11ef-9c5c-e4a8dfc2a9a8,airfoil,26,88,31.041269302368164,0.07639813423156738,88154.0,30.510299682617188,903,1
StandardGSGP,1cce5b89-ad27-11ef-9c5c-e4a8dfc2a9a8,airfoil,26,89,31.009078979492188,0.07350707054138184,89412.0,30.516550064086914,877,1
StandardGSGP,1cce5b89-ad27-11ef-9c5c-e4a8dfc2a9a8,airfoil,26,90,31.003358840942383,0.07944202423095703,90502.0,30.529211044311523,891,1
StandardGSGP,1cce5b89-ad27-11ef-9c5c-e4a8dfc2a9a8,airfoil,26,91,31.003358840942383,0.07701754570007324,91386.0,30.529211044311523,891,1
StandardGSGP,1cce5b89-ad27-11ef-9c5c-e4a8dfc2a9a8,airfoil,26,92,30.997392654418945,0.0743417739868164,92144.0,30.52079963684082,909,1
StandardGSGP,1cce5b89-ad27-11ef-9c5c-e4a8dfc2a9a8,airfoil,26,93,30.986351013183594,0.07074451446533203,92610.0,30.516202926635742,923,1
StandardGSGP,1cce5b89-ad27-11ef-9c5c-e4a8dfc2a9a8,airfoil,26,94,30.964895248413086,0.07153511047363281,93042.0,30.537918090820312,909,1
StandardGSGP,1cce5b89-ad27-11ef-9c5c-e4a8dfc2a9a8,airfoil,26,95,30.941648483276367,0.07312488555908203,93404.0,30.483797073364258,943,1
StandardGSGP,1cce5b89-ad27-11ef-9c5c-e4a8dfc2a9a8,airfoil,26,96,30.93697166442871,0.07645511627197266,94986.0,30.4779052734375,953,1
StandardGSGP,1cce5b89-ad27-11ef-9c5c-e4a8dfc2a9a8,airfoil,26,97,30.93697166442871,0.06895756721496582,95716.0,30.4779052734375,953,1
StandardGSGP,1cce5b89-ad27-11ef-9c5c-e4a8dfc2a9a8,airfoil,26,98,30.917600631713867,0.0697793960571289,96610.0,30.44763946533203,975,1
StandardGSGP,1cce5b89-ad27-11ef-9c5c-e4a8dfc2a9a8,airfoil,26,99,30.873754501342773,0.07651400566101074,97654.0,30.44303321838379,965,1
StandardGSGP,1cce5b89-ad27-11ef-9c5c-e4a8dfc2a9a8,airfoil,26,100,30.873754501342773,0.0745093822479248,98892.0,30.44303321838379,965,1
