StandardGSGP,3792e271-aced-11ef-9bfe-8863df8a28b9,airfoil,9,0,0.19132186472415924,0.3361053466796875,6348.0,0.1994025707244873,3,1
StandardGSGP,3792e271-aced-11ef-9bfe-8863df8a28b9,airfoil,9,1,0.18483808636665344,0.08975982666015625,2544.0,0.1954718828201294,9,1
StandardGSGP,3792e271-aced-11ef-9bfe-8863df8a28b9,airfoil,9,2,0.17792294919490814,0.08876419067382812,2636.0,0.18746265769004822,19,1
StandardGSGP,3792e271-aced-11ef-9bfe-8863df8a28b9,airfoil,9,3,0.17792294919490814,0.08676838874816895,3550.0,0.18746265769004822,19,1
StandardGSGP,3792e271-aced-11ef-9bfe-8863df8a28b9,airfoil,9,4,0.17657507956027985,0.08676791191101074,4026.0,0.18610869348049164,43,1
StandardGSGP,3792e271-aced-11ef-9bfe-8863df8a28b9,airfoil,9,5,0.17097394168376923,0.08975553512573242,4580.0,0.1802702695131302,45,1
StandardGSGP,3792e271-aced-11ef-9bfe-8863df8a28b9,airfoil,9,6,0.1706427037715912,0.0907585620880127,5378.0,0.18114987015724182,49,1
StandardGSGP,3792e271-aced-11ef-9bfe-8863df8a28b9,airfoil,9,7,0.1622457504272461,0.09574222564697266,6172.0,0.16813179850578308,55,1
StandardGSGP,3792e271-aced-11ef-9bfe-8863df8a28b9,airfoil,9,8,0.1622457504272461,0.09973478317260742,6818.0,0.16813179850578308,55,1
StandardGSGP,3792e271-aced-11ef-9bfe-8863df8a28b9,airfoil,9,9,0.15654604136943817,0.09175419807434082,7546.0,0.15782448649406433,87,1
StandardGSGP,3792e271-aced-11ef-9bfe-8863df8a28b9,airfoil,9,10,0.15654604136943817,0.09773755073547363,8654.0,0.15782448649406433,87,1
StandardGSGP,3792e271-aced-11ef-9bfe-8863df8a28b9,airfoil,9,11,0.15637120604515076,0.08797526359558105,9682.0,0.15725024044513702,71,1
StandardGSGP,3792e271-aced-11ef-9bfe-8863df8a28b9,airfoil,9,12,0.15483799576759338,0.09099316596984863,10282.0,0.15901096165180206,97,1
StandardGSGP,3792e271-aced-11ef-9bfe-8863df8a28b9,airfoil,9,13,0.15483799576759338,0.09082603454589844,11404.0,0.15901096165180206,97,1
StandardGSGP,3792e271-aced-11ef-9bfe-8863df8a28b9,airfoil,9,14,0.15483799576759338,0.08393025398254395,12698.0,0.15901096165180206,97,1
StandardGSGP,3792e271-aced-11ef-9bfe-8863df8a28b9,airfoil,9,15,0.15483799576759338,0.09698748588562012,14126.0,0.15901096165180206,97,1
StandardGSGP,3792e271-aced-11ef-9bfe-8863df8a28b9,airfoil,9,16,0.1459752321243286,0.09699177742004395,15196.0,0.15076327323913574,133,1
StandardGSGP,3792e271-aced-11ef-9bfe-8863df8a28b9,airfoil,9,17,0.1459752321243286,0.09656810760498047,16420.0,0.15076327323913574,133,1
StandardGSGP,3792e271-aced-11ef-9bfe-8863df8a28b9,airfoil,9,18,0.1459752321243286,0.0908815860748291,16864.0,0.15076327323913574,133,1
StandardGSGP,3792e271-aced-11ef-9bfe-8863df8a28b9,airfoil,9,19,0.1459631323814392,0.08493256568908691,17604.0,0.15087303519248962,141,1
StandardGSGP,3792e271-aced-11ef-9bfe-8863df8a28b9,airfoil,9,20,0.14409701526165009,0.08999133110046387,18160.0,0.15099874138832092,151,1
StandardGSGP,3792e271-aced-11ef-9bfe-8863df8a28b9,airfoil,9,21,0.14409701526165009,0.08880257606506348,18784.0,0.15099874138832092,151,1
StandardGSGP,3792e271-aced-11ef-9bfe-8863df8a28b9,airfoil,9,22,0.1434805691242218,0.09616994857788086,19672.0,0.14908035099506378,173,1
StandardGSGP,3792e271-aced-11ef-9bfe-8863df8a28b9,airfoil,9,23,0.1434718817472458,0.08578252792358398,20020.0,0.1492675393819809,181,1
StandardGSGP,3792e271-aced-11ef-9bfe-8863df8a28b9,airfoil,9,24,0.14322231709957123,0.08919930458068848,20204.0,0.14976753294467926,189,1
StandardGSGP,3792e271-aced-11ef-9bfe-8863df8a28b9,airfoil,9,25,0.14322231709957123,0.09052181243896484,20354.0,0.14976753294467926,189,1
StandardGSGP,3792e271-aced-11ef-9bfe-8863df8a28b9,airfoil,9,26,0.14280684292316437,0.08914041519165039,20790.0,0.14956684410572052,195,1
StandardGSGP,3792e271-aced-11ef-9bfe-8863df8a28b9,airfoil,9,27,0.14280684292316437,0.11770129203796387,21412.0,0.14956684410572052,195,1
StandardGSGP,3792e271-aced-11ef-9bfe-8863df8a28b9,airfoil,9,28,0.14166058599948883,0.0930471420288086,21896.0,0.14992618560791016,233,1
StandardGSGP,3792e271-aced-11ef-9bfe-8863df8a28b9,airfoil,9,29,0.13967812061309814,0.18416190147399902,22766.0,0.14735174179077148,229,1
StandardGSGP,3792e271-aced-11ef-9bfe-8863df8a28b9,airfoil,9,30,0.13967812061309814,0.09096193313598633,23614.0,0.14735174179077148,229,1
StandardGSGP,3792e271-aced-11ef-9bfe-8863df8a28b9,airfoil,9,31,0.13967812061309814,0.08860158920288086,24494.0,0.14735174179077148,229,1
StandardGSGP,3792e271-aced-11ef-9bfe-8863df8a28b9,airfoil,9,32,0.13967812061309814,0.08472537994384766,25454.0,0.14735174179077148,229,1
StandardGSGP,3792e271-aced-11ef-9bfe-8863df8a28b9,airfoil,9,33,0.13967812061309814,0.10259032249450684,26538.0,0.14735174179077148,229,1
StandardGSGP,3792e271-aced-11ef-9bfe-8863df8a28b9,airfoil,9,34,0.13967812061309814,0.07877659797668457,27188.0,0.14735174179077148,229,1
StandardGSGP,3792e271-aced-11ef-9bfe-8863df8a28b9,airfoil,9,35,0.13967812061309814,0.08845305442810059,27734.0,0.14735174179077148,229,1
StandardGSGP,3792e271-aced-11ef-9bfe-8863df8a28b9,airfoil,9,36,0.13967812061309814,0.09434771537780762,27982.0,0.14735174179077148,229,1
StandardGSGP,3792e271-aced-11ef-9bfe-8863df8a28b9,airfoil,9,37,0.13588470220565796,0.0898129940032959,28476.0,0.14111195504665375,271,1
StandardGSGP,3792e271-aced-11ef-9bfe-8863df8a28b9,airfoil,9,38,0.13442490994930267,0.09697580337524414,28794.0,0.128622367978096,281,1
StandardGSGP,3792e271-aced-11ef-9bfe-8863df8a28b9,airfoil,9,39,0.13442490994930267,0.08534860610961914,28958.0,0.128622367978096,281,1
StandardGSGP,3792e271-aced-11ef-9bfe-8863df8a28b9,airfoil,9,40,0.13442490994930267,0.09007596969604492,29612.0,0.128622367978096,281,1
StandardGSGP,3792e271-aced-11ef-9bfe-8863df8a28b9,airfoil,9,41,0.13442490994930267,0.09942197799682617,30514.0,0.128622367978096,281,1
StandardGSGP,3792e271-aced-11ef-9bfe-8863df8a28b9,airfoil,9,42,0.13147330284118652,0.1006021499633789,30984.0,0.13033393025398254,321,1
StandardGSGP,3792e271-aced-11ef-9bfe-8863df8a28b9,airfoil,9,43,0.13147330284118652,0.09161663055419922,31838.0,0.13033393025398254,321,1
StandardGSGP,3792e271-aced-11ef-9bfe-8863df8a28b9,airfoil,9,44,0.13147330284118652,0.08818244934082031,32520.0,0.13033393025398254,321,1
StandardGSGP,3792e271-aced-11ef-9bfe-8863df8a28b9,airfoil,9,45,0.13147330284118652,0.09088015556335449,33704.0,0.13033393025398254,321,1
StandardGSGP,3792e271-aced-11ef-9bfe-8863df8a28b9,airfoil,9,46,0.13147330284118652,0.08452415466308594,34656.0,0.13033393025398254,321,1
StandardGSGP,3792e271-aced-11ef-9bfe-8863df8a28b9,airfoil,9,47,0.12950924038887024,0.0892937183380127,35284.0,0.12873278558254242,327,1
StandardGSGP,3792e271-aced-11ef-9bfe-8863df8a28b9,airfoil,9,48,0.12950924038887024,0.09062671661376953,35660.0,0.12873278558254242,327,1
StandardGSGP,3792e271-aced-11ef-9bfe-8863df8a28b9,airfoil,9,49,0.12950924038887024,0.08693766593933105,36432.0,0.12873278558254242,327,1
StandardGSGP,3792e271-aced-11ef-9bfe-8863df8a28b9,airfoil,9,50,0.1283053308725357,0.09560441970825195,37086.0,0.12646031379699707,333,1
StandardGSGP,3792e271-aced-11ef-9bfe-8863df8a28b9,airfoil,9,51,0.1283053308725357,0.09070253372192383,37802.0,0.12646031379699707,333,1
StandardGSGP,3792e271-aced-11ef-9bfe-8863df8a28b9,airfoil,9,52,0.1283053308725357,0.09698987007141113,38670.0,0.12646031379699707,333,1
StandardGSGP,3792e271-aced-11ef-9bfe-8863df8a28b9,airfoil,9,53,0.1283053308725357,0.09271788597106934,39202.0,0.12646031379699707,333,1
StandardGSGP,3792e271-aced-11ef-9bfe-8863df8a28b9,airfoil,9,54,0.1283053308725357,0.09796619415283203,39724.0,0.12646031379699707,333,1
StandardGSGP,3792e271-aced-11ef-9bfe-8863df8a28b9,airfoil,9,55,0.1283053308725357,0.0963892936706543,41128.0,0.12646031379699707,333,1
StandardGSGP,3792e271-aced-11ef-9bfe-8863df8a28b9,airfoil,9,56,0.1283053308725357,0.08787679672241211,41244.0,0.12646031379699707,333,1
StandardGSGP,3792e271-aced-11ef-9bfe-8863df8a28b9,airfoil,9,57,0.1283053308725357,0.08714985847473145,41926.0,0.12646031379699707,333,1
StandardGSGP,3792e271-aced-11ef-9bfe-8863df8a28b9,airfoil,9,58,0.1283053308725357,0.09321212768554688,42488.0,0.12646031379699707,333,1
StandardGSGP,3792e271-aced-11ef-9bfe-8863df8a28b9,airfoil,9,59,0.1283053308725357,0.08432865142822266,43652.0,0.12646031379699707,333,1
StandardGSGP,3792e271-aced-11ef-9bfe-8863df8a28b9,airfoil,9,60,0.1283053308725357,0.08960199356079102,43782.0,0.12646031379699707,333,1
StandardGSGP,3792e271-aced-11ef-9bfe-8863df8a28b9,airfoil,9,61,0.1283053308725357,0.09083843231201172,45096.0,0.12646031379699707,333,1
StandardGSGP,3792e271-aced-11ef-9bfe-8863df8a28b9,airfoil,9,62,0.1283053308725357,0.09086990356445312,46148.0,0.12646031379699707,333,1
StandardGSGP,3792e271-aced-11ef-9bfe-8863df8a28b9,airfoil,9,63,0.1283053308725357,0.0969698429107666,46810.0,0.12646031379699707,333,1
StandardGSGP,3792e271-aced-11ef-9bfe-8863df8a28b9,airfoil,9,64,0.1283053308725357,0.0917043685913086,47750.0,0.12646031379699707,333,1
StandardGSGP,3792e271-aced-11ef-9bfe-8863df8a28b9,airfoil,9,65,0.1283053308725357,0.09988021850585938,48186.0,0.12646031379699707,333,1
StandardGSGP,3792e271-aced-11ef-9bfe-8863df8a28b9,airfoil,9,66,0.1283053308725357,0.09080147743225098,49170.0,0.12646031379699707,333,1
StandardGSGP,3792e271-aced-11ef-9bfe-8863df8a28b9,airfoil,9,67,0.1283053308725357,0.08965802192687988,47576.0,0.12646031379699707,333,1
StandardGSGP,3792e271-aced-11ef-9bfe-8863df8a28b9,airfoil,9,68,0.1283053308725357,0.09097456932067871,44916.0,0.12646031379699707,333,1
StandardGSGP,3792e271-aced-11ef-9bfe-8863df8a28b9,airfoil,9,69,0.1283053308725357,0.09786319732666016,42734.0,0.12646031379699707,333,1
StandardGSGP,3792e271-aced-11ef-9bfe-8863df8a28b9,airfoil,9,70,0.1283053308725357,0.09335017204284668,40866.0,0.12646031379699707,333,1
StandardGSGP,3792e271-aced-11ef-9bfe-8863df8a28b9,airfoil,9,71,0.1283053308725357,0.09517550468444824,40584.0,0.12646031379699707,333,1
StandardGSGP,3792e271-aced-11ef-9bfe-8863df8a28b9,airfoil,9,72,0.1283053308725357,0.09182190895080566,39632.0,0.12646031379699707,333,1
StandardGSGP,3792e271-aced-11ef-9bfe-8863df8a28b9,airfoil,9,73,0.1283053308725357,0.0877833366394043,39846.0,0.12646031379699707,333,1
StandardGSGP,3792e271-aced-11ef-9bfe-8863df8a28b9,airfoil,9,74,0.1283053308725357,0.08807992935180664,39572.0,0.12646031379699707,333,1
StandardGSGP,3792e271-aced-11ef-9bfe-8863df8a28b9,airfoil,9,75,0.1283053308725357,0.09702563285827637,39558.0,0.12646031379699707,333,1
StandardGSGP,3792e271-aced-11ef-9bfe-8863df8a28b9,airfoil,9,76,0.1283053308725357,0.09168314933776855,40556.0,0.12646031379699707,333,1
StandardGSGP,3792e271-aced-11ef-9bfe-8863df8a28b9,airfoil,9,77,0.12829093635082245,0.08910250663757324,40454.0,0.12596771121025085,339,1
StandardGSGP,3792e271-aced-11ef-9bfe-8863df8a28b9,airfoil,9,78,0.12829093635082245,0.09184932708740234,41182.0,0.12596771121025085,339,1
StandardGSGP,3792e271-aced-11ef-9bfe-8863df8a28b9,airfoil,9,79,0.12829093635082245,0.08814811706542969,41852.0,0.12596771121025085,339,1
StandardGSGP,3792e271-aced-11ef-9bfe-8863df8a28b9,airfoil,9,80,0.12829093635082245,0.09164094924926758,42552.0,0.12596771121025085,339,1
StandardGSGP,3792e271-aced-11ef-9bfe-8863df8a28b9,airfoil,9,81,0.12829093635082245,0.08763504028320312,42352.0,0.12596771121025085,339,1
StandardGSGP,3792e271-aced-11ef-9bfe-8863df8a28b9,airfoil,9,82,0.12829093635082245,0.09522151947021484,43138.0,0.12596771121025085,339,1
StandardGSGP,3792e271-aced-11ef-9bfe-8863df8a28b9,airfoil,9,83,0.12829093635082245,0.10145735740661621,43904.0,0.12596771121025085,339,1
StandardGSGP,3792e271-aced-11ef-9bfe-8863df8a28b9,airfoil,9,84,0.12829093635082245,0.0930945873260498,45006.0,0.12596771121025085,339,1
StandardGSGP,3792e271-aced-11ef-9bfe-8863df8a28b9,airfoil,9,85,0.12829093635082245,0.0866696834564209,46010.0,0.12596771121025085,339,1
StandardGSGP,3792e271-aced-11ef-9bfe-8863df8a28b9,airfoil,9,86,0.12829093635082245,0.09091949462890625,46020.0,0.12596771121025085,339,1
StandardGSGP,3792e271-aced-11ef-9bfe-8863df8a28b9,airfoil,9,87,0.12829093635082245,0.0918436050415039,45778.0,0.12596771121025085,339,1
StandardGSGP,3792e271-aced-11ef-9bfe-8863df8a28b9,airfoil,9,88,0.12829093635082245,0.08618402481079102,45894.0,0.12596771121025085,339,1
StandardGSGP,3792e271-aced-11ef-9bfe-8863df8a28b9,airfoil,9,89,0.12829093635082245,0.0884251594543457,46980.0,0.12596771121025085,339,1
StandardGSGP,3792e271-aced-11ef-9bfe-8863df8a28b9,airfoil,9,90,0.12821459770202637,0.08958721160888672,47370.0,0.12602634727954865,347,1
StandardGSGP,3792e271-aced-11ef-9bfe-8863df8a28b9,airfoil,9,91,0.12821459770202637,0.16310667991638184,48304.0,0.12602634727954865,347,1
StandardGSGP,3792e271-aced-11ef-9bfe-8863df8a28b9,airfoil,9,92,0.12821459770202637,0.20137548446655273,49112.0,0.12602634727954865,347,1
StandardGSGP,3792e271-aced-11ef-9bfe-8863df8a28b9,airfoil,9,93,0.12821459770202637,0.09470915794372559,48824.0,0.12602634727954865,347,1
StandardGSGP,3792e271-aced-11ef-9bfe-8863df8a28b9,airfoil,9,94,0.12821459770202637,0.09075307846069336,47030.0,0.12602634727954865,347,1
StandardGSGP,3792e271-aced-11ef-9bfe-8863df8a28b9,airfoil,9,95,0.12821459770202637,0.08976054191589355,47384.0,0.12602634727954865,347,1
StandardGSGP,3792e271-aced-11ef-9bfe-8863df8a28b9,airfoil,9,96,0.12821459770202637,0.09374690055847168,47526.0,0.12602634727954865,347,1
StandardGSGP,3792e271-aced-11ef-9bfe-8863df8a28b9,airfoil,9,97,0.12821459770202637,0.09175419807434082,46534.0,0.12602634727954865,347,1
StandardGSGP,3792e271-aced-11ef-9bfe-8863df8a28b9,airfoil,9,98,0.12821459770202637,0.09474611282348633,48142.0,0.12602634727954865,347,1
StandardGSGP,3792e271-aced-11ef-9bfe-8863df8a28b9,airfoil,9,99,0.12821459770202637,0.09574174880981445,47888.0,0.12602634727954865,347,1
StandardGSGP,3792e271-aced-11ef-9bfe-8863df8a28b9,airfoil,9,100,0.12821459770202637,0.0937490463256836,46242.0,0.12602634727954865,347,1
StandardGSGP,f60fbd19-aced-11ef-97ec-8863df8a28b9,airfoil,9,0,54.16246032714844,1.7234935760498047,32996.0,54.897830963134766,3,1
StandardGSGP,f60fbd19-aced-11ef-97ec-8863df8a28b9,airfoil,9,1,54.16246032714844,0.10172796249389648,10426.0,54.897830963134766,3,1
StandardGSGP,f60fbd19-aced-11ef-97ec-8863df8a28b9,airfoil,9,2,54.0334358215332,0.09773778915405273,3918.0,54.76301956176758,9,1
StandardGSGP,f60fbd19-aced-11ef-97ec-8863df8a28b9,airfoil,9,3,53.69098663330078,0.0977332592010498,4436.0,54.426368713378906,51,1
StandardGSGP,f60fbd19-aced-11ef-97ec-8863df8a28b9,airfoil,9,4,53.566463470458984,0.0967414379119873,4022.0,54.29616165161133,61,1
StandardGSGP,f60fbd19-aced-11ef-97ec-8863df8a28b9,airfoil,9,5,53.163570404052734,0.09774065017700195,5048.0,53.88258361816406,73,1
StandardGSGP,f60fbd19-aced-11ef-97ec-8863df8a28b9,airfoil,9,6,53.14775848388672,0.10173177719116211,6216.0,53.86063003540039,93,1
StandardGSGP,f60fbd19-aced-11ef-97ec-8863df8a28b9,airfoil,9,7,52.95927810668945,0.10372138023376465,7796.0,53.676109313964844,57,1
StandardGSGP,f60fbd19-aced-11ef-97ec-8863df8a28b9,airfoil,9,8,52.56011199951172,0.09175682067871094,8914.0,53.257347106933594,73,1
StandardGSGP,f60fbd19-aced-11ef-97ec-8863df8a28b9,airfoil,9,9,52.433040618896484,0.10471844673156738,9744.0,53.096763610839844,99,1
StandardGSGP,f60fbd19-aced-11ef-97ec-8863df8a28b9,airfoil,9,10,52.20241165161133,0.09873270988464355,10106.0,52.86937713623047,115,1
StandardGSGP,f60fbd19-aced-11ef-97ec-8863df8a28b9,airfoil,9,11,51.964908599853516,0.10471963882446289,11598.0,52.62098693847656,123,1
StandardGSGP,f60fbd19-aced-11ef-97ec-8863df8a28b9,airfoil,9,12,51.76931381225586,0.10172867774963379,13356.0,52.38935470581055,137,1
StandardGSGP,f60fbd19-aced-11ef-97ec-8863df8a28b9,airfoil,9,13,51.66352462768555,0.08876442909240723,14162.0,52.27800369262695,149,1
StandardGSGP,f60fbd19-aced-11ef-97ec-8863df8a28b9,airfoil,9,14,51.3579216003418,0.10671377182006836,15248.0,51.99852752685547,127,1
StandardGSGP,f60fbd19-aced-11ef-97ec-8863df8a28b9,airfoil,9,15,51.24574279785156,0.09973406791687012,16668.0,51.9044075012207,175,1
StandardGSGP,f60fbd19-aced-11ef-97ec-8863df8a28b9,airfoil,9,16,50.99895095825195,0.10371947288513184,17378.0,51.64968490600586,183,1
StandardGSGP,f60fbd19-aced-11ef-97ec-8863df8a28b9,airfoil,9,17,50.876182556152344,0.09274864196777344,17784.0,51.52738952636719,189,1
StandardGSGP,f60fbd19-aced-11ef-97ec-8863df8a28b9,airfoil,9,18,50.48872375488281,0.0967416763305664,18990.0,51.11749267578125,197,1
StandardGSGP,f60fbd19-aced-11ef-97ec-8863df8a28b9,airfoil,9,19,50.40386962890625,0.0967409610748291,20082.0,51.02743911743164,225,1
StandardGSGP,f60fbd19-aced-11ef-97ec-8863df8a28b9,airfoil,9,20,50.23523712158203,0.09824919700622559,22020.0,50.847679138183594,227,1
StandardGSGP,f60fbd19-aced-11ef-97ec-8863df8a28b9,airfoil,9,21,50.03702163696289,0.10888242721557617,23420.0,50.64013671875,233,1
StandardGSGP,f60fbd19-aced-11ef-97ec-8863df8a28b9,airfoil,9,22,49.857765197753906,0.09491920471191406,24172.0,50.448829650878906,239,1
StandardGSGP,f60fbd19-aced-11ef-97ec-8863df8a28b9,airfoil,9,23,49.847679138183594,0.09519028663635254,25554.0,50.433895111083984,251,1
StandardGSGP,f60fbd19-aced-11ef-97ec-8863df8a28b9,airfoil,9,24,49.70000457763672,0.0969243049621582,27212.0,50.27595138549805,259,1
StandardGSGP,f60fbd19-aced-11ef-97ec-8863df8a28b9,airfoil,9,25,49.37660598754883,0.10175371170043945,28448.0,49.94379425048828,305,1
StandardGSGP,f60fbd19-aced-11ef-97ec-8863df8a28b9,airfoil,9,26,49.137935638427734,0.08417987823486328,29248.0,49.68674850463867,313,1
StandardGSGP,f60fbd19-aced-11ef-97ec-8863df8a28b9,airfoil,9,27,49.09654235839844,0.11936783790588379,30432.0,49.66616439819336,319,1
StandardGSGP,f60fbd19-aced-11ef-97ec-8863df8a28b9,airfoil,9,28,48.89146041870117,0.10282158851623535,31636.0,49.42021179199219,335,1
StandardGSGP,f60fbd19-aced-11ef-97ec-8863df8a28b9,airfoil,9,29,48.61874771118164,0.09702229499816895,33322.0,49.14957809448242,343,1
StandardGSGP,f60fbd19-aced-11ef-97ec-8863df8a28b9,airfoil,9,30,48.5636100769043,0.10297441482543945,34794.0,49.06362533569336,359,1
StandardGSGP,f60fbd19-aced-11ef-97ec-8863df8a28b9,airfoil,9,31,48.33406448364258,0.0969839096069336,36796.0,48.8392333984375,357,1
StandardGSGP,f60fbd19-aced-11ef-97ec-8863df8a28b9,airfoil,9,32,48.26713562011719,0.10381293296813965,37844.0,48.765926361083984,363,1
StandardGSGP,f60fbd19-aced-11ef-97ec-8863df8a28b9,airfoil,9,33,48.05304718017578,0.1911604404449463,38780.0,48.5306396484375,371,1
StandardGSGP,f60fbd19-aced-11ef-97ec-8863df8a28b9,airfoil,9,34,47.961002349853516,0.10197067260742188,39286.0,48.46952438354492,381,1
StandardGSGP,f60fbd19-aced-11ef-97ec-8863df8a28b9,airfoil,9,35,47.739559173583984,0.08910512924194336,40008.0,48.22492599487305,395,1
StandardGSGP,f60fbd19-aced-11ef-97ec-8863df8a28b9,airfoil,9,36,47.667503356933594,0.09701395034790039,40616.0,48.14491653442383,401,1
StandardGSGP,f60fbd19-aced-11ef-97ec-8863df8a28b9,airfoil,9,37,47.596031188964844,0.096923828125,41610.0,48.05095672607422,423,1
StandardGSGP,f60fbd19-aced-11ef-97ec-8863df8a28b9,airfoil,9,38,47.50908279418945,0.0974421501159668,42454.0,47.96803665161133,415,1
StandardGSGP,f60fbd19-aced-11ef-97ec-8863df8a28b9,airfoil,9,39,47.4265022277832,0.0984647274017334,43206.0,47.90474319458008,427,1
StandardGSGP,f60fbd19-aced-11ef-97ec-8863df8a28b9,airfoil,9,40,47.352073669433594,0.09474658966064453,44078.0,47.79120635986328,429,1
StandardGSGP,f60fbd19-aced-11ef-97ec-8863df8a28b9,airfoil,9,41,47.192588806152344,0.09375166893005371,45198.0,47.6063117980957,477,1
StandardGSGP,f60fbd19-aced-11ef-97ec-8863df8a28b9,airfoil,9,42,47.10972595214844,0.09773874282836914,46410.0,47.551761627197266,457,1
StandardGSGP,f60fbd19-aced-11ef-97ec-8863df8a28b9,airfoil,9,43,47.03156661987305,0.0937507152557373,48462.0,47.48383331298828,465,1
StandardGSGP,f60fbd19-aced-11ef-97ec-8863df8a28b9,airfoil,9,44,46.956172943115234,0.09374475479125977,49416.0,47.38386917114258,505,1
StandardGSGP,f60fbd19-aced-11ef-97ec-8863df8a28b9,airfoil,9,45,46.873470306396484,0.10072922706604004,50670.0,47.30467224121094,481,1
StandardGSGP,f60fbd19-aced-11ef-97ec-8863df8a28b9,airfoil,9,46,46.80475616455078,0.0997321605682373,51810.0,47.20704650878906,533,1
StandardGSGP,f60fbd19-aced-11ef-97ec-8863df8a28b9,airfoil,9,47,46.76029586791992,0.0907597541809082,53206.0,47.155853271484375,543,1
StandardGSGP,f60fbd19-aced-11ef-97ec-8863df8a28b9,airfoil,9,48,46.66738510131836,0.09175395965576172,54646.0,47.116004943847656,547,1
StandardGSGP,f60fbd19-aced-11ef-97ec-8863df8a28b9,airfoil,9,49,46.568294525146484,0.09275269508361816,55900.0,46.99700927734375,555,1
StandardGSGP,f60fbd19-aced-11ef-97ec-8863df8a28b9,airfoil,9,50,46.4619026184082,0.09873390197753906,56780.0,46.86526870727539,561,1
StandardGSGP,f60fbd19-aced-11ef-97ec-8863df8a28b9,airfoil,9,51,46.42338562011719,0.09773635864257812,58108.0,46.83540725708008,577,1
StandardGSGP,f60fbd19-aced-11ef-97ec-8863df8a28b9,airfoil,9,52,46.38057327270508,0.10172796249389648,58866.0,46.77539825439453,579,1
StandardGSGP,f60fbd19-aced-11ef-97ec-8863df8a28b9,airfoil,9,53,46.35460662841797,0.0947408676147461,59800.0,46.76427459716797,595,1
StandardGSGP,f60fbd19-aced-11ef-97ec-8863df8a28b9,airfoil,9,54,46.30896759033203,0.10471725463867188,61202.0,46.676979064941406,609,1
StandardGSGP,f60fbd19-aced-11ef-97ec-8863df8a28b9,airfoil,9,55,46.29726028442383,0.09873509407043457,61986.0,46.68388748168945,613,1
StandardGSGP,f60fbd19-aced-11ef-97ec-8863df8a28b9,airfoil,9,56,46.27732849121094,0.09673905372619629,62824.0,46.66588592529297,623,1
StandardGSGP,f60fbd19-aced-11ef-97ec-8863df8a28b9,airfoil,9,57,46.25236129760742,0.1705460548400879,63958.0,46.62704849243164,635,1
StandardGSGP,f60fbd19-aced-11ef-97ec-8863df8a28b9,airfoil,9,58,46.225887298583984,0.09069442749023438,64930.0,46.550506591796875,651,1
StandardGSGP,f60fbd19-aced-11ef-97ec-8863df8a28b9,airfoil,9,59,46.21475601196289,0.09929966926574707,65792.0,46.54456329345703,681,1
StandardGSGP,f60fbd19-aced-11ef-97ec-8863df8a28b9,airfoil,9,60,46.20164489746094,0.09637117385864258,66798.0,46.5614128112793,655,1
StandardGSGP,f60fbd19-aced-11ef-97ec-8863df8a28b9,airfoil,9,61,46.187591552734375,0.10352873802185059,68088.0,46.52126693725586,667,1
StandardGSGP,f60fbd19-aced-11ef-97ec-8863df8a28b9,airfoil,9,62,46.172576904296875,0.0887765884399414,69558.0,46.485355377197266,757,1
StandardGSGP,f60fbd19-aced-11ef-97ec-8863df8a28b9,airfoil,9,63,46.15969467163086,0.10929441452026367,71286.0,46.452545166015625,769,1
StandardGSGP,f60fbd19-aced-11ef-97ec-8863df8a28b9,airfoil,9,64,46.15273666381836,0.08863401412963867,73268.0,46.44132614135742,777,1
StandardGSGP,f60fbd19-aced-11ef-97ec-8863df8a28b9,airfoil,9,65,46.11769104003906,0.0960850715637207,77248.0,46.43144989013672,721,1
StandardGSGP,f60fbd19-aced-11ef-97ec-8863df8a28b9,airfoil,9,66,46.11632537841797,0.09652376174926758,78818.0,46.426246643066406,727,1
StandardGSGP,f60fbd19-aced-11ef-97ec-8863df8a28b9,airfoil,9,67,46.096195220947266,0.10307645797729492,79508.0,46.37428283691406,813,1
StandardGSGP,f60fbd19-aced-11ef-97ec-8863df8a28b9,airfoil,9,68,46.0903205871582,0.09649872779846191,80168.0,46.410369873046875,827,1
StandardGSGP,f60fbd19-aced-11ef-97ec-8863df8a28b9,airfoil,9,69,46.05979537963867,0.09514451026916504,80534.0,46.382041931152344,843,1
StandardGSGP,f60fbd19-aced-11ef-97ec-8863df8a28b9,airfoil,9,70,46.05967712402344,0.09652829170227051,84042.0,46.369937896728516,843,1
StandardGSGP,f60fbd19-aced-11ef-97ec-8863df8a28b9,airfoil,9,71,46.04165267944336,0.09755778312683105,85674.0,46.29887008666992,855,1
StandardGSGP,f60fbd19-aced-11ef-97ec-8863df8a28b9,airfoil,9,72,46.01437759399414,0.10242700576782227,87132.0,46.307212829589844,879,1
StandardGSGP,f60fbd19-aced-11ef-97ec-8863df8a28b9,airfoil,9,73,45.98672866821289,0.09747910499572754,87860.0,46.26946258544922,887,1
StandardGSGP,f60fbd19-aced-11ef-97ec-8863df8a28b9,airfoil,9,74,45.98275375366211,0.09973430633544922,88910.0,46.276851654052734,901,1
StandardGSGP,f60fbd19-aced-11ef-97ec-8863df8a28b9,airfoil,9,75,45.96098327636719,0.09748673439025879,90184.0,46.25144958496094,911,1
StandardGSGP,f60fbd19-aced-11ef-97ec-8863df8a28b9,airfoil,9,76,45.93950271606445,0.09633564949035645,91834.0,46.23720169067383,929,1
StandardGSGP,f60fbd19-aced-11ef-97ec-8863df8a28b9,airfoil,9,77,45.937774658203125,0.10349297523498535,93270.0,46.25200271606445,935,1
StandardGSGP,f60fbd19-aced-11ef-97ec-8863df8a28b9,airfoil,9,78,45.922298431396484,0.10511302947998047,94622.0,46.20954895019531,959,1
StandardGSGP,f60fbd19-aced-11ef-97ec-8863df8a28b9,airfoil,9,79,45.91260528564453,0.09773874282836914,96048.0,46.2160758972168,991,1
StandardGSGP,f60fbd19-aced-11ef-97ec-8863df8a28b9,airfoil,9,80,45.90810775756836,0.09773683547973633,97910.0,46.18916702270508,975,1
StandardGSGP,f60fbd19-aced-11ef-97ec-8863df8a28b9,airfoil,9,81,45.90801239013672,0.09973669052124023,99278.0,46.1893196105957,985,1
StandardGSGP,f60fbd19-aced-11ef-97ec-8863df8a28b9,airfoil,9,82,45.86248779296875,0.09474802017211914,100448.0,46.16225814819336,1027,1
StandardGSGP,f60fbd19-aced-11ef-97ec-8863df8a28b9,airfoil,9,83,45.8441276550293,0.09674263000488281,101498.0,46.1369514465332,1037,1
StandardGSGP,f60fbd19-aced-11ef-97ec-8863df8a28b9,airfoil,9,84,45.83582305908203,0.09773755073547363,103042.0,46.13470458984375,1049,1
StandardGSGP,f60fbd19-aced-11ef-97ec-8863df8a28b9,airfoil,9,85,45.83286666870117,0.10272479057312012,104794.0,46.107208251953125,1053,1
StandardGSGP,f60fbd19-aced-11ef-97ec-8863df8a28b9,airfoil,9,86,45.762489318847656,0.10372352600097656,106610.0,46.02465057373047,1075,1
StandardGSGP,f60fbd19-aced-11ef-97ec-8863df8a28b9,airfoil,9,87,45.76161193847656,0.0937497615814209,108030.0,46.020633697509766,1081,1
StandardGSGP,f60fbd19-aced-11ef-97ec-8863df8a28b9,airfoil,9,88,45.74738693237305,0.09075760841369629,109216.0,45.99347686767578,1087,1
StandardGSGP,f60fbd19-aced-11ef-97ec-8863df8a28b9,airfoil,9,89,45.74061584472656,0.09773778915405273,110428.0,45.998714447021484,1101,1
StandardGSGP,f60fbd19-aced-11ef-97ec-8863df8a28b9,airfoil,9,90,45.73058319091797,0.09773588180541992,111240.0,45.94695281982422,1129,1
StandardGSGP,f60fbd19-aced-11ef-97ec-8863df8a28b9,airfoil,9,91,45.72502517700195,0.08876466751098633,112186.0,45.9709587097168,1137,1
StandardGSGP,f60fbd19-aced-11ef-97ec-8863df8a28b9,airfoil,9,92,45.71623229980469,0.0967400074005127,112936.0,45.97317123413086,1107,1
StandardGSGP,f60fbd19-aced-11ef-97ec-8863df8a28b9,airfoil,9,93,45.708560943603516,0.09275150299072266,114446.0,45.9291877746582,1149,1
StandardGSGP,f60fbd19-aced-11ef-97ec-8863df8a28b9,airfoil,9,94,45.702598571777344,0.09474682807922363,115718.0,45.95741653442383,1173,1
StandardGSGP,f60fbd19-aced-11ef-97ec-8863df8a28b9,airfoil,9,95,45.68449020385742,0.10471987724304199,116408.0,45.93234634399414,1179,1
StandardGSGP,f60fbd19-aced-11ef-97ec-8863df8a28b9,airfoil,9,96,45.660072326660156,0.10372257232666016,117896.0,45.92878723144531,1195,1
StandardGSGP,f60fbd19-aced-11ef-97ec-8863df8a28b9,airfoil,9,97,45.65876770019531,0.09474706649780273,119240.0,45.9202880859375,1201,1
StandardGSGP,f60fbd19-aced-11ef-97ec-8863df8a28b9,airfoil,9,98,45.64212417602539,0.09839844703674316,120348.0,45.908897399902344,1227,1
StandardGSGP,f60fbd19-aced-11ef-97ec-8863df8a28b9,airfoil,9,99,45.61426544189453,0.10350418090820312,122328.0,45.84598159790039,1249,1
StandardGSGP,f60fbd19-aced-11ef-97ec-8863df8a28b9,airfoil,9,100,45.61426544189453,0.10477280616760254,123932.0,45.84598159790039,1249,1
