StandardGSGP,1fe7729e-aced-11ef-9f6f-8863df8a28b9,airfoil,5,0,0.44851067662239075,0.4131286144256592,6322.0,0.46479156613349915,5,1
StandardGSGP,1fe7729e-aced-11ef-9f6f-8863df8a28b9,airfoil,5,1,0.2864941656589508,0.10376834869384766,2222.0,0.2898293435573578,17,1
StandardGSGP,1fe7729e-aced-11ef-9f6f-8863df8a28b9,airfoil,5,2,0.2864941656589508,0.08818697929382324,2610.0,0.2898293435573578,17,1
StandardGSGP,1fe7729e-aced-11ef-9f6f-8863df8a28b9,airfoil,5,3,0.27440860867500305,0.09772396087646484,3622.0,0.2730690836906433,37,1
StandardGSGP,1fe7729e-aced-11ef-9f6f-8863df8a28b9,airfoil,5,4,0.26672518253326416,0.08813977241516113,4732.0,0.26565617322921753,47,1
StandardGSGP,1fe7729e-aced-11ef-9f6f-8863df8a28b9,airfoil,5,5,0.17361654341220856,0.09109854698181152,5728.0,0.18056952953338623,41,1
StandardGSGP,1fe7729e-aced-11ef-9f6f-8863df8a28b9,airfoil,5,6,0.17361654341220856,0.09696722030639648,6738.0,0.18056952953338623,41,1
StandardGSGP,1fe7729e-aced-11ef-9f6f-8863df8a28b9,airfoil,5,7,0.17183540761470795,0.09794402122497559,7514.0,0.1790584772825241,51,1
StandardGSGP,1fe7729e-aced-11ef-9f6f-8863df8a28b9,airfoil,5,8,0.16033613681793213,0.09075713157653809,8174.0,0.16735397279262543,53,1
StandardGSGP,1fe7729e-aced-11ef-9f6f-8863df8a28b9,airfoil,5,9,0.16033613681793213,0.09374856948852539,8716.0,0.16735397279262543,53,1
StandardGSGP,1fe7729e-aced-11ef-9f6f-8863df8a28b9,airfoil,5,10,0.16033613681793213,0.09075736999511719,9536.0,0.16735397279262543,53,1
StandardGSGP,1fe7729e-aced-11ef-9f6f-8863df8a28b9,airfoil,5,11,0.15679652988910675,0.09275317192077637,9848.0,0.1644577533006668,59,1
StandardGSGP,1fe7729e-aced-11ef-9f6f-8863df8a28b9,airfoil,5,12,0.15679652988910675,0.09275150299072266,9436.0,0.1644577533006668,59,1
StandardGSGP,1fe7729e-aced-11ef-9f6f-8863df8a28b9,airfoil,5,13,0.15679652988910675,0.09274959564208984,9948.0,0.1644577533006668,59,1
StandardGSGP,1fe7729e-aced-11ef-9f6f-8863df8a28b9,airfoil,5,14,0.15530405938625336,0.08377456665039062,10822.0,0.1670621931552887,97,1
StandardGSGP,1fe7729e-aced-11ef-9f6f-8863df8a28b9,airfoil,5,15,0.1508416086435318,0.08876180648803711,11276.0,0.1658267378807068,107,1
StandardGSGP,1fe7729e-aced-11ef-9f6f-8863df8a28b9,airfoil,5,16,0.1508416086435318,0.08776378631591797,12610.0,0.1658267378807068,107,1
StandardGSGP,1fe7729e-aced-11ef-9f6f-8863df8a28b9,airfoil,5,17,0.14349867403507233,0.08676695823669434,13204.0,0.16519421339035034,133,1
StandardGSGP,1fe7729e-aced-11ef-9f6f-8863df8a28b9,airfoil,5,18,0.14349867403507233,0.09274983406066895,13844.0,0.16519421339035034,133,1
StandardGSGP,1fe7729e-aced-11ef-9f6f-8863df8a28b9,airfoil,5,19,0.14349867403507233,0.08278131484985352,14554.0,0.16519421339035034,133,1
StandardGSGP,1fe7729e-aced-11ef-9f6f-8863df8a28b9,airfoil,5,20,0.14332035183906555,0.09375,15098.0,0.16337528824806213,157,1
StandardGSGP,1fe7729e-aced-11ef-9f6f-8863df8a28b9,airfoil,5,21,0.14332035183906555,0.09773826599121094,15884.0,0.16337528824806213,157,1
StandardGSGP,1fe7729e-aced-11ef-9f6f-8863df8a28b9,airfoil,5,22,0.14332035183906555,0.1027231216430664,17050.0,0.16337528824806213,157,1
StandardGSGP,1fe7729e-aced-11ef-9f6f-8863df8a28b9,airfoil,5,23,0.14332035183906555,0.09674334526062012,17934.0,0.16337528824806213,157,1
StandardGSGP,1fe7729e-aced-11ef-9f6f-8863df8a28b9,airfoil,5,24,0.14332035183906555,0.0967416763305664,18890.0,0.16337528824806213,157,1
StandardGSGP,1fe7729e-aced-11ef-9f6f-8863df8a28b9,airfoil,5,25,0.14332035183906555,0.0857703685760498,19610.0,0.16337528824806213,157,1
StandardGSGP,1fe7729e-aced-11ef-9f6f-8863df8a28b9,airfoil,5,26,0.13769850134849548,0.09275174140930176,20268.0,0.15075907111167908,217,1
StandardGSGP,1fe7729e-aced-11ef-9f6f-8863df8a28b9,airfoil,5,27,0.13769850134849548,0.08776378631591797,21202.0,0.15075907111167908,217,1
StandardGSGP,1fe7729e-aced-11ef-9f6f-8863df8a28b9,airfoil,5,28,0.13769850134849548,0.0904684066772461,22050.0,0.15075907111167908,217,1
StandardGSGP,1fe7729e-aced-11ef-9f6f-8863df8a28b9,airfoil,5,29,0.13769850134849548,0.09738421440124512,22944.0,0.15075907111167908,217,1
StandardGSGP,1fe7729e-aced-11ef-9f6f-8863df8a28b9,airfoil,5,30,0.13761979341506958,0.09666061401367188,24080.0,0.15167136490345,229,1
StandardGSGP,1fe7729e-aced-11ef-9f6f-8863df8a28b9,airfoil,5,31,0.13761979341506958,0.09517097473144531,25252.0,0.15167136490345,229,1
StandardGSGP,1fe7729e-aced-11ef-9f6f-8863df8a28b9,airfoil,5,32,0.13761979341506958,0.09097146987915039,26556.0,0.15167136490345,229,1
StandardGSGP,1fe7729e-aced-11ef-9f6f-8863df8a28b9,airfoil,5,33,0.13761979341506958,0.08848953247070312,27406.0,0.15167136490345,229,1
StandardGSGP,1fe7729e-aced-11ef-9f6f-8863df8a28b9,airfoil,5,34,0.13761979341506958,0.09099459648132324,28094.0,0.15167136490345,229,1
StandardGSGP,1fe7729e-aced-11ef-9f6f-8863df8a28b9,airfoil,5,35,0.13761979341506958,0.09271240234375,28508.0,0.15167136490345,229,1
StandardGSGP,1fe7729e-aced-11ef-9f6f-8863df8a28b9,airfoil,5,36,0.13761979341506958,0.09399914741516113,29928.0,0.15167136490345,229,1
StandardGSGP,1fe7729e-aced-11ef-9f6f-8863df8a28b9,airfoil,5,37,0.13761979341506958,0.08803582191467285,30656.0,0.15167136490345,229,1
StandardGSGP,1fe7729e-aced-11ef-9f6f-8863df8a28b9,airfoil,5,38,0.13761979341506958,0.08778047561645508,30322.0,0.15167136490345,229,1
StandardGSGP,1fe7729e-aced-11ef-9f6f-8863df8a28b9,airfoil,5,39,0.13761979341506958,0.0979299545288086,31392.0,0.15167136490345,229,1
StandardGSGP,1fe7729e-aced-11ef-9f6f-8863df8a28b9,airfoil,5,40,0.13719947636127472,0.0868825912475586,30852.0,0.1516493856906891,237,1
StandardGSGP,1fe7729e-aced-11ef-9f6f-8863df8a28b9,airfoil,5,41,0.13624705374240875,0.09371113777160645,30648.0,0.14622211456298828,257,1
StandardGSGP,1fe7729e-aced-11ef-9f6f-8863df8a28b9,airfoil,5,42,0.13596320152282715,0.08609986305236816,31620.0,0.14597459137439728,263,1
StandardGSGP,1fe7729e-aced-11ef-9f6f-8863df8a28b9,airfoil,5,43,0.13596320152282715,0.09211039543151855,31784.0,0.14597459137439728,263,1
StandardGSGP,1fe7729e-aced-11ef-9f6f-8863df8a28b9,airfoil,5,44,0.13596320152282715,0.09089231491088867,31526.0,0.14597459137439728,263,1
StandardGSGP,1fe7729e-aced-11ef-9f6f-8863df8a28b9,airfoil,5,45,0.13577818870544434,0.0908653736114502,31254.0,0.1462884247303009,271,1
StandardGSGP,1fe7729e-aced-11ef-9f6f-8863df8a28b9,airfoil,5,46,0.135609433054924,0.08428525924682617,31594.0,0.14759205281734467,283,1
StandardGSGP,1fe7729e-aced-11ef-9f6f-8863df8a28b9,airfoil,5,47,0.13485464453697205,0.09696650505065918,32902.0,0.15891745686531067,325,1
StandardGSGP,1fe7729e-aced-11ef-9f6f-8863df8a28b9,airfoil,5,48,0.13485464453697205,0.08571577072143555,33148.0,0.15891745686531067,325,1
StandardGSGP,1fe7729e-aced-11ef-9f6f-8863df8a28b9,airfoil,5,49,0.13485464453697205,0.10030388832092285,33886.0,0.15891745686531067,325,1
StandardGSGP,1fe7729e-aced-11ef-9f6f-8863df8a28b9,airfoil,5,50,0.13485464453697205,0.0908668041229248,34542.0,0.15891745686531067,325,1
StandardGSGP,1fe7729e-aced-11ef-9f6f-8863df8a28b9,airfoil,5,51,0.13485464453697205,0.08484649658203125,35676.0,0.15891745686531067,325,1
StandardGSGP,1fe7729e-aced-11ef-9f6f-8863df8a28b9,airfoil,5,52,0.13485464453697205,0.09562182426452637,36912.0,0.15891745686531067,325,1
StandardGSGP,1fe7729e-aced-11ef-9f6f-8863df8a28b9,airfoil,5,53,0.1342732161283493,0.08525681495666504,38640.0,0.15659844875335693,331,1
StandardGSGP,1fe7729e-aced-11ef-9f6f-8863df8a28b9,airfoil,5,54,0.1342732161283493,0.09653472900390625,40168.0,0.15659844875335693,331,1
StandardGSGP,1fe7729e-aced-11ef-9f6f-8863df8a28b9,airfoil,5,55,0.1342732161283493,0.08678030967712402,40730.0,0.15659844875335693,331,1
StandardGSGP,1fe7729e-aced-11ef-9f6f-8863df8a28b9,airfoil,5,56,0.13376636803150177,0.0904231071472168,40206.0,0.15499183535575867,343,1
StandardGSGP,1fe7729e-aced-11ef-9f6f-8863df8a28b9,airfoil,5,57,0.13376636803150177,0.0891425609588623,40352.0,0.15499183535575867,343,1
StandardGSGP,1fe7729e-aced-11ef-9f6f-8863df8a28b9,airfoil,5,58,0.13376636803150177,0.09872174263000488,40802.0,0.15499183535575867,343,1
StandardGSGP,1fe7729e-aced-11ef-9f6f-8863df8a28b9,airfoil,5,59,0.13376636803150177,0.09498977661132812,41042.0,0.15499183535575867,343,1
StandardGSGP,1fe7729e-aced-11ef-9f6f-8863df8a28b9,airfoil,5,60,0.13376636803150177,0.08990335464477539,41684.0,0.15499183535575867,343,1
StandardGSGP,1fe7729e-aced-11ef-9f6f-8863df8a28b9,airfoil,5,61,0.13376636803150177,0.08870744705200195,42558.0,0.15499183535575867,343,1
StandardGSGP,1fe7729e-aced-11ef-9f6f-8863df8a28b9,airfoil,5,62,0.13376636803150177,0.08813190460205078,41710.0,0.15499183535575867,343,1
StandardGSGP,1fe7729e-aced-11ef-9f6f-8863df8a28b9,airfoil,5,63,0.13376636803150177,0.08765482902526855,42416.0,0.15499183535575867,343,1
StandardGSGP,1fe7729e-aced-11ef-9f6f-8863df8a28b9,airfoil,5,64,0.13275720179080963,0.09215927124023438,42432.0,0.15467846393585205,349,1
StandardGSGP,1fe7729e-aced-11ef-9f6f-8863df8a28b9,airfoil,5,65,0.13244491815567017,0.08765625953674316,42620.0,0.15095576643943787,365,1
StandardGSGP,1fe7729e-aced-11ef-9f6f-8863df8a28b9,airfoil,5,66,0.13244491815567017,0.09705686569213867,42778.0,0.15095576643943787,365,1
StandardGSGP,1fe7729e-aced-11ef-9f6f-8863df8a28b9,airfoil,5,67,0.13244491815567017,0.09156584739685059,43684.0,0.15095576643943787,365,1
StandardGSGP,1fe7729e-aced-11ef-9f6f-8863df8a28b9,airfoil,5,68,0.13244491815567017,0.10400605201721191,43104.0,0.15095576643943787,365,1
StandardGSGP,1fe7729e-aced-11ef-9f6f-8863df8a28b9,airfoil,5,69,0.13244491815567017,0.08570098876953125,44094.0,0.15095576643943787,365,1
StandardGSGP,1fe7729e-aced-11ef-9f6f-8863df8a28b9,airfoil,5,70,0.13244491815567017,0.10406804084777832,44066.0,0.15095576643943787,365,1
StandardGSGP,1fe7729e-aced-11ef-9f6f-8863df8a28b9,airfoil,5,71,0.13244491815567017,0.08976054191589355,44198.0,0.15095576643943787,365,1
StandardGSGP,1fe7729e-aced-11ef-9f6f-8863df8a28b9,airfoil,5,72,0.13244491815567017,0.09275555610656738,44638.0,0.15095576643943787,365,1
StandardGSGP,1fe7729e-aced-11ef-9f6f-8863df8a28b9,airfoil,5,73,0.13244491815567017,0.09076046943664551,44356.0,0.15095576643943787,365,1
StandardGSGP,1fe7729e-aced-11ef-9f6f-8863df8a28b9,airfoil,5,74,0.13244491815567017,0.08477258682250977,43804.0,0.15095576643943787,365,1
StandardGSGP,1fe7729e-aced-11ef-9f6f-8863df8a28b9,airfoil,5,75,0.13244491815567017,0.1904923915863037,43804.0,0.15095576643943787,365,1
StandardGSGP,1fe7729e-aced-11ef-9f6f-8863df8a28b9,airfoil,5,76,0.13244491815567017,0.09574389457702637,44256.0,0.15095576643943787,365,1
StandardGSGP,1fe7729e-aced-11ef-9f6f-8863df8a28b9,airfoil,5,77,0.13092516362667084,0.09075713157653809,45064.0,0.1515854150056839,377,1
StandardGSGP,1fe7729e-aced-11ef-9f6f-8863df8a28b9,airfoil,5,78,0.13092516362667084,0.09474420547485352,44484.0,0.1515854150056839,377,1
StandardGSGP,1fe7729e-aced-11ef-9f6f-8863df8a28b9,airfoil,5,79,0.13092516362667084,0.0917513370513916,44102.0,0.1515854150056839,377,1
StandardGSGP,1fe7729e-aced-11ef-9f6f-8863df8a28b9,airfoil,5,80,0.13092516362667084,0.08377408981323242,44416.0,0.1515854150056839,377,1
StandardGSGP,1fe7729e-aced-11ef-9f6f-8863df8a28b9,airfoil,5,81,0.13076171278953552,0.08976030349731445,44994.0,0.15220503509044647,395,1
StandardGSGP,1fe7729e-aced-11ef-9f6f-8863df8a28b9,airfoil,5,82,0.13076171278953552,0.08975744247436523,45694.0,0.15220503509044647,395,1
StandardGSGP,1fe7729e-aced-11ef-9f6f-8863df8a28b9,airfoil,5,83,0.13076171278953552,0.09274864196777344,45876.0,0.15220503509044647,395,1
StandardGSGP,1fe7729e-aced-11ef-9f6f-8863df8a28b9,airfoil,5,84,0.13076171278953552,0.09574127197265625,46548.0,0.15220503509044647,395,1
StandardGSGP,1fe7729e-aced-11ef-9f6f-8863df8a28b9,airfoil,5,85,0.13076171278953552,0.0937490463256836,47066.0,0.15220503509044647,395,1
StandardGSGP,1fe7729e-aced-11ef-9f6f-8863df8a28b9,airfoil,5,86,0.13076171278953552,0.10073256492614746,48652.0,0.15220503509044647,395,1
StandardGSGP,1fe7729e-aced-11ef-9f6f-8863df8a28b9,airfoil,5,87,0.13076171278953552,0.08577084541320801,49758.0,0.15220503509044647,395,1
StandardGSGP,1fe7729e-aced-11ef-9f6f-8863df8a28b9,airfoil,5,88,0.13076171278953552,0.08677244186401367,50044.0,0.15220503509044647,395,1
StandardGSGP,1fe7729e-aced-11ef-9f6f-8863df8a28b9,airfoil,5,89,0.13076171278953552,0.08875894546508789,49274.0,0.15220503509044647,395,1
StandardGSGP,1fe7729e-aced-11ef-9f6f-8863df8a28b9,airfoil,5,90,0.13076171278953552,0.08676743507385254,49436.0,0.15220503509044647,395,1
StandardGSGP,1fe7729e-aced-11ef-9f6f-8863df8a28b9,airfoil,5,91,0.130617156624794,0.08894705772399902,48686.0,0.1519419252872467,421,1
StandardGSGP,1fe7729e-aced-11ef-9f6f-8863df8a28b9,airfoil,5,92,0.130617156624794,0.08676815032958984,48048.0,0.1519419252872467,421,1
StandardGSGP,1fe7729e-aced-11ef-9f6f-8863df8a28b9,airfoil,5,93,0.130617156624794,0.08477354049682617,47694.0,0.1519419252872467,421,1
StandardGSGP,1fe7729e-aced-11ef-9f6f-8863df8a28b9,airfoil,5,94,0.130617156624794,0.09075665473937988,46650.0,0.1519419252872467,421,1
StandardGSGP,1fe7729e-aced-11ef-9f6f-8863df8a28b9,airfoil,5,95,0.12976987659931183,0.09375,47838.0,0.1513592153787613,435,1
StandardGSGP,1fe7729e-aced-11ef-9f6f-8863df8a28b9,airfoil,5,96,0.12929077446460724,0.0887613296508789,48690.0,0.14980123937129974,447,1
StandardGSGP,1fe7729e-aced-11ef-9f6f-8863df8a28b9,airfoil,5,97,0.12929077446460724,0.0937492847442627,49294.0,0.14980123937129974,447,1
StandardGSGP,1fe7729e-aced-11ef-9f6f-8863df8a28b9,airfoil,5,98,0.12929077446460724,0.09773683547973633,49166.0,0.14980123937129974,447,1
StandardGSGP,1fe7729e-aced-11ef-9f6f-8863df8a28b9,airfoil,5,99,0.12789463996887207,0.08875703811645508,49114.0,0.14957667887210846,473,1
StandardGSGP,1fe7729e-aced-11ef-9f6f-8863df8a28b9,airfoil,5,100,0.12789463996887207,0.0967409610748291,49784.0,0.14957667887210846,473,1
StandardGSGP,d9355d5e-aced-11ef-bce3-8863df8a28b9,airfoil,5,0,75.55821228027344,1.8760986328125,33014.0,76.7549819946289,11,1
StandardGSGP,d9355d5e-aced-11ef-bce3-8863df8a28b9,airfoil,5,1,75.07005310058594,0.10671257972717285,4814.0,76.26642608642578,11,1
StandardGSGP,d9355d5e-aced-11ef-bce3-8863df8a28b9,airfoil,5,2,74.1011962890625,0.1107025146484375,3136.0,75.2977523803711,17,1
StandardGSGP,d9355d5e-aced-11ef-bce3-8863df8a28b9,airfoil,5,3,73.61469268798828,0.1031193733215332,3996.0,74.81098175048828,33,1
StandardGSGP,d9355d5e-aced-11ef-bce3-8863df8a28b9,airfoil,5,4,73.25477600097656,0.11138415336608887,4664.0,74.45097351074219,41,1
StandardGSGP,d9355d5e-aced-11ef-bce3-8863df8a28b9,airfoil,5,5,72.80076599121094,0.1033027172088623,5700.0,73.99720764160156,53,1
StandardGSGP,d9355d5e-aced-11ef-bce3-8863df8a28b9,airfoil,5,6,72.19695281982422,0.10280632972717285,6716.0,73.39179229736328,83,1
StandardGSGP,d9355d5e-aced-11ef-bce3-8863df8a28b9,airfoil,5,7,71.72276306152344,0.24989676475524902,7636.0,72.92406463623047,71,1
StandardGSGP,d9355d5e-aced-11ef-bce3-8863df8a28b9,airfoil,5,8,71.3633041381836,0.10014581680297852,8862.0,72.5646743774414,81,1
StandardGSGP,d9355d5e-aced-11ef-bce3-8863df8a28b9,airfoil,5,9,71.35396575927734,0.11358475685119629,9740.0,72.55534362792969,89,1
StandardGSGP,d9355d5e-aced-11ef-bce3-8863df8a28b9,airfoil,5,10,70.93440246582031,0.1023094654083252,10652.0,72.12950897216797,139,1
StandardGSGP,d9355d5e-aced-11ef-bce3-8863df8a28b9,airfoil,5,11,70.60123443603516,0.10374903678894043,11506.0,71.80265045166016,93,1
StandardGSGP,d9355d5e-aced-11ef-bce3-8863df8a28b9,airfoil,5,12,70.23585510253906,0.10304522514343262,12616.0,71.43878173828125,121,1
StandardGSGP,d9355d5e-aced-11ef-bce3-8863df8a28b9,airfoil,5,13,69.5317153930664,0.1029813289642334,13706.0,70.77855682373047,131,1
StandardGSGP,d9355d5e-aced-11ef-bce3-8863df8a28b9,airfoil,5,14,68.91327667236328,0.11860275268554688,14394.0,70.16233825683594,139,1
StandardGSGP,d9355d5e-aced-11ef-bce3-8863df8a28b9,airfoil,5,15,68.5140151977539,0.08749914169311523,16020.0,69.7691879272461,151,1
StandardGSGP,d9355d5e-aced-11ef-bce3-8863df8a28b9,airfoil,5,16,68.10304260253906,0.11504006385803223,16878.0,69.35527801513672,157,1
StandardGSGP,d9355d5e-aced-11ef-bce3-8863df8a28b9,airfoil,5,17,67.7234878540039,0.11866354942321777,17408.0,68.9730453491211,173,1
StandardGSGP,d9355d5e-aced-11ef-bce3-8863df8a28b9,airfoil,5,18,67.28968048095703,0.1181020736694336,18828.0,68.57454681396484,227,1
StandardGSGP,d9355d5e-aced-11ef-bce3-8863df8a28b9,airfoil,5,19,66.9416275024414,0.11375832557678223,20568.0,68.22669219970703,249,1
StandardGSGP,d9355d5e-aced-11ef-bce3-8863df8a28b9,airfoil,5,20,66.67987060546875,0.11580610275268555,22276.0,67.96488952636719,245,1
StandardGSGP,d9355d5e-aced-11ef-bce3-8863df8a28b9,airfoil,5,21,66.1667709350586,0.11170125007629395,24604.0,67.45182800292969,261,1
StandardGSGP,d9355d5e-aced-11ef-bce3-8863df8a28b9,airfoil,5,22,65.72569274902344,0.0937490463256836,26566.0,67.01028442382812,263,1
StandardGSGP,d9355d5e-aced-11ef-bce3-8863df8a28b9,airfoil,5,23,64.90138244628906,0.0857691764831543,27860.0,66.18572998046875,281,1
StandardGSGP,d9355d5e-aced-11ef-bce3-8863df8a28b9,airfoil,5,24,64.52294921875,0.09574341773986816,28888.0,65.80731964111328,289,1
StandardGSGP,d9355d5e-aced-11ef-bce3-8863df8a28b9,airfoil,5,25,64.09318542480469,0.09275460243225098,30082.0,65.3808822631836,341,1
StandardGSGP,d9355d5e-aced-11ef-bce3-8863df8a28b9,airfoil,5,26,63.706363677978516,0.09574246406555176,32048.0,64.99293518066406,307,1
StandardGSGP,d9355d5e-aced-11ef-bce3-8863df8a28b9,airfoil,5,27,63.44630813598633,0.0967400074005127,33896.0,64.72681427001953,341,1
StandardGSGP,d9355d5e-aced-11ef-bce3-8863df8a28b9,airfoil,5,28,62.87548828125,0.09374856948852539,34664.0,64.16189575195312,319,1
StandardGSGP,d9355d5e-aced-11ef-bce3-8863df8a28b9,airfoil,5,29,62.313236236572266,0.09574413299560547,35556.0,63.59555435180664,331,1
StandardGSGP,d9355d5e-aced-11ef-bce3-8863df8a28b9,airfoil,5,30,62.11347198486328,0.09574437141418457,36382.0,63.39889144897461,399,1
StandardGSGP,d9355d5e-aced-11ef-bce3-8863df8a28b9,airfoil,5,31,61.35615158081055,0.09773921966552734,37454.0,62.64011764526367,341,1
StandardGSGP,d9355d5e-aced-11ef-bce3-8863df8a28b9,airfoil,5,32,60.94287872314453,0.08776521682739258,39378.0,62.226905822753906,349,1
StandardGSGP,d9355d5e-aced-11ef-bce3-8863df8a28b9,airfoil,5,33,60.437103271484375,0.09175395965576172,40222.0,61.72017288208008,355,1
StandardGSGP,d9355d5e-aced-11ef-bce3-8863df8a28b9,airfoil,5,34,60.012977600097656,0.10172319412231445,40446.0,61.29602813720703,433,1
StandardGSGP,d9355d5e-aced-11ef-bce3-8863df8a28b9,airfoil,5,35,59.561927795410156,0.10172367095947266,42782.0,60.8470458984375,441,1
StandardGSGP,d9355d5e-aced-11ef-bce3-8863df8a28b9,airfoil,5,36,59.14162826538086,0.09374809265136719,44152.0,60.42676544189453,461,1
StandardGSGP,d9355d5e-aced-11ef-bce3-8863df8a28b9,airfoil,5,37,58.797332763671875,0.1057131290435791,45766.0,60.04254150390625,393,1
StandardGSGP,d9355d5e-aced-11ef-bce3-8863df8a28b9,airfoil,5,38,58.017723083496094,0.10172772407531738,47340.0,59.302703857421875,477,1
StandardGSGP,d9355d5e-aced-11ef-bce3-8863df8a28b9,airfoil,5,39,57.89567947387695,0.0937495231628418,47366.0,59.173770904541016,505,1
StandardGSGP,d9355d5e-aced-11ef-bce3-8863df8a28b9,airfoil,5,40,57.28584671020508,0.09773826599121094,48442.0,58.5173454284668,427,1
StandardGSGP,d9355d5e-aced-11ef-bce3-8863df8a28b9,airfoil,5,41,57.094818115234375,0.09474802017211914,50344.0,58.37953186035156,509,1
StandardGSGP,d9355d5e-aced-11ef-bce3-8863df8a28b9,airfoil,5,42,56.2198371887207,0.09374570846557617,50692.0,57.50739669799805,519,1
StandardGSGP,d9355d5e-aced-11ef-bce3-8863df8a28b9,airfoil,5,43,55.73502731323242,0.09972810745239258,51510.0,57.02009963989258,539,1
StandardGSGP,d9355d5e-aced-11ef-bce3-8863df8a28b9,airfoil,5,44,55.40591812133789,0.09474468231201172,52008.0,56.69089126586914,547,1
StandardGSGP,d9355d5e-aced-11ef-bce3-8863df8a28b9,airfoil,5,45,55.04911804199219,0.09973359107971191,54220.0,56.337745666503906,591,1
StandardGSGP,d9355d5e-aced-11ef-bce3-8863df8a28b9,airfoil,5,46,54.49132537841797,0.09574580192565918,56722.0,55.77671813964844,601,1
StandardGSGP,d9355d5e-aced-11ef-bce3-8863df8a28b9,airfoil,5,47,53.99936294555664,0.10073256492614746,58730.0,55.28864288330078,633,1
StandardGSGP,d9355d5e-aced-11ef-bce3-8863df8a28b9,airfoil,5,48,53.66613006591797,0.09973573684692383,59972.0,54.928985595703125,605,1
StandardGSGP,d9355d5e-aced-11ef-bce3-8863df8a28b9,airfoil,5,49,53.034629821777344,0.0967402458190918,62164.0,54.32343673706055,647,1
StandardGSGP,d9355d5e-aced-11ef-bce3-8863df8a28b9,airfoil,5,50,52.58449935913086,0.09973549842834473,64318.0,53.872493743896484,653,1
StandardGSGP,d9355d5e-aced-11ef-bce3-8863df8a28b9,airfoil,5,51,52.285274505615234,0.09873437881469727,66322.0,53.56874465942383,667,1
StandardGSGP,d9355d5e-aced-11ef-bce3-8863df8a28b9,airfoil,5,52,51.61127853393555,0.09773802757263184,67288.0,52.89461898803711,647,1
StandardGSGP,d9355d5e-aced-11ef-bce3-8863df8a28b9,airfoil,5,53,51.205101013183594,0.08876395225524902,67804.0,52.49197006225586,691,1
StandardGSGP,d9355d5e-aced-11ef-bce3-8863df8a28b9,airfoil,5,54,50.65285110473633,0.09375,68796.0,51.93929672241211,711,1
StandardGSGP,d9355d5e-aced-11ef-bce3-8863df8a28b9,airfoil,5,55,50.52995300292969,0.09275078773498535,70194.0,51.82296371459961,709,1
StandardGSGP,d9355d5e-aced-11ef-bce3-8863df8a28b9,airfoil,5,56,49.812232971191406,0.0967404842376709,71908.0,51.09243392944336,723,1
StandardGSGP,d9355d5e-aced-11ef-bce3-8863df8a28b9,airfoil,5,57,49.64104461669922,0.10073208808898926,73960.0,50.91999053955078,733,1
StandardGSGP,d9355d5e-aced-11ef-bce3-8863df8a28b9,airfoil,5,58,48.98563003540039,0.09574413299560547,74846.0,50.27467727661133,749,1
StandardGSGP,d9355d5e-aced-11ef-bce3-8863df8a28b9,airfoil,5,59,48.35102462768555,0.09773850440979004,76034.0,49.62882614135742,755,1
StandardGSGP,d9355d5e-aced-11ef-bce3-8863df8a28b9,airfoil,5,60,47.92582702636719,0.09873270988464355,77314.0,49.20416259765625,763,1
StandardGSGP,d9355d5e-aced-11ef-bce3-8863df8a28b9,airfoil,5,61,47.65949249267578,0.10372233390808105,77736.0,48.935829162597656,793,1
StandardGSGP,d9355d5e-aced-11ef-bce3-8863df8a28b9,airfoil,5,62,47.02375030517578,0.09773540496826172,78448.0,48.3167839050293,789,1
StandardGSGP,d9355d5e-aced-11ef-bce3-8863df8a28b9,airfoil,5,63,46.49964141845703,0.10172581672668457,80056.0,47.791908264160156,805,1
StandardGSGP,d9355d5e-aced-11ef-bce3-8863df8a28b9,airfoil,5,64,46.140602111816406,0.09773778915405273,81364.0,47.414955139160156,821,1
StandardGSGP,d9355d5e-aced-11ef-bce3-8863df8a28b9,airfoil,5,65,45.304893493652344,0.10172820091247559,82412.0,46.5954704284668,815,1
StandardGSGP,d9355d5e-aced-11ef-bce3-8863df8a28b9,airfoil,5,66,44.91705322265625,0.10272550582885742,83342.0,46.20648193359375,829,1
StandardGSGP,d9355d5e-aced-11ef-bce3-8863df8a28b9,airfoil,5,67,44.558441162109375,0.10272574424743652,84164.0,45.847591400146484,853,1
StandardGSGP,d9355d5e-aced-11ef-bce3-8863df8a28b9,airfoil,5,68,44.46510314941406,0.10172533988952637,85166.0,45.75210952758789,867,1
StandardGSGP,d9355d5e-aced-11ef-bce3-8863df8a28b9,airfoil,5,69,43.5836067199707,0.10072851181030273,86776.0,44.86906051635742,877,1
StandardGSGP,d9355d5e-aced-11ef-bce3-8863df8a28b9,airfoil,5,70,43.17366409301758,0.09274983406066895,88364.0,44.45751953125,885,1
StandardGSGP,d9355d5e-aced-11ef-bce3-8863df8a28b9,airfoil,5,71,42.97429656982422,0.09574413299560547,89678.0,44.25859832763672,895,1
StandardGSGP,d9355d5e-aced-11ef-bce3-8863df8a28b9,airfoil,5,72,42.17448043823242,0.10072708129882812,90942.0,43.458045959472656,911,1
StandardGSGP,d9355d5e-aced-11ef-bce3-8863df8a28b9,airfoil,5,73,41.78956985473633,0.10870695114135742,91880.0,43.0701904296875,933,1
StandardGSGP,d9355d5e-aced-11ef-bce3-8863df8a28b9,airfoil,5,74,41.073760986328125,0.09374880790710449,93214.0,42.35249710083008,959,1
StandardGSGP,d9355d5e-aced-11ef-bce3-8863df8a28b9,airfoil,5,75,40.802791595458984,0.0967402458190918,94608.0,42.078433990478516,949,1
StandardGSGP,d9355d5e-aced-11ef-bce3-8863df8a28b9,airfoil,5,76,40.54532241821289,0.09973454475402832,96158.0,41.82987976074219,955,1
StandardGSGP,d9355d5e-aced-11ef-bce3-8863df8a28b9,airfoil,5,77,39.97026443481445,0.09075570106506348,97144.0,41.25324249267578,961,1
StandardGSGP,d9355d5e-aced-11ef-bce3-8863df8a28b9,airfoil,5,78,39.65769577026367,0.09474682807922363,97946.0,40.93865966796875,981,1
StandardGSGP,d9355d5e-aced-11ef-bce3-8863df8a28b9,airfoil,5,79,39.495670318603516,0.2028355598449707,99180.0,40.77579116821289,993,1
StandardGSGP,d9355d5e-aced-11ef-bce3-8863df8a28b9,airfoil,5,80,38.80769348144531,0.09969544410705566,100010.0,40.08717727661133,995,1
StandardGSGP,d9355d5e-aced-11ef-bce3-8863df8a28b9,airfoil,5,81,38.38984298706055,0.0860748291015625,101244.0,39.66130447387695,1017,1
StandardGSGP,d9355d5e-aced-11ef-bce3-8863df8a28b9,airfoil,5,82,38.213836669921875,0.10667800903320312,102348.0,39.49231719970703,1009,1
StandardGSGP,d9355d5e-aced-11ef-bce3-8863df8a28b9,airfoil,5,83,37.751983642578125,0.10527443885803223,103242.0,39.02873992919922,1023,1
StandardGSGP,d9355d5e-aced-11ef-bce3-8863df8a28b9,airfoil,5,84,37.3580436706543,0.10198402404785156,104430.0,38.62400436401367,1047,1
StandardGSGP,d9355d5e-aced-11ef-bce3-8863df8a28b9,airfoil,5,85,36.67410659790039,0.09790897369384766,105768.0,37.927677154541016,1063,1
StandardGSGP,d9355d5e-aced-11ef-bce3-8863df8a28b9,airfoil,5,86,36.4022102355957,0.09948945045471191,107074.0,37.650306701660156,1077,1
StandardGSGP,d9355d5e-aced-11ef-bce3-8863df8a28b9,airfoil,5,87,35.99174499511719,0.10577535629272461,108210.0,37.23798751831055,1085,1
StandardGSGP,d9355d5e-aced-11ef-bce3-8863df8a28b9,airfoil,5,88,35.59252166748047,0.10349416732788086,109774.0,36.83481216430664,1091,1
StandardGSGP,d9355d5e-aced-11ef-bce3-8863df8a28b9,airfoil,5,89,35.02553939819336,0.09306025505065918,110792.0,36.26520919799805,1103,1
StandardGSGP,d9355d5e-aced-11ef-bce3-8863df8a28b9,airfoil,5,90,34.664306640625,0.09683752059936523,111854.0,35.89437484741211,1129,1
StandardGSGP,d9355d5e-aced-11ef-bce3-8863df8a28b9,airfoil,5,91,34.21685028076172,0.10306668281555176,112824.0,35.45165252685547,1117,1
StandardGSGP,d9355d5e-aced-11ef-bce3-8863df8a28b9,airfoil,5,92,33.36931228637695,0.08563852310180664,113604.0,34.598880767822266,1129,1
StandardGSGP,d9355d5e-aced-11ef-bce3-8863df8a28b9,airfoil,5,93,33.02418518066406,0.10092639923095703,114442.0,34.25252914428711,1137,1
StandardGSGP,d9355d5e-aced-11ef-bce3-8863df8a28b9,airfoil,5,94,32.38587188720703,0.09049582481384277,115036.0,33.61847686767578,1165,1
StandardGSGP,d9355d5e-aced-11ef-bce3-8863df8a28b9,airfoil,5,95,32.18526840209961,0.09898853302001953,116162.0,33.41611862182617,1171,1
StandardGSGP,d9355d5e-aced-11ef-bce3-8863df8a28b9,airfoil,5,96,31.867677688598633,0.10411810874938965,117014.0,33.09689712524414,1187,1
StandardGSGP,d9355d5e-aced-11ef-bce3-8863df8a28b9,airfoil,5,97,31.408226013183594,0.10075712203979492,118656.0,32.624755859375,1189,1
StandardGSGP,d9355d5e-aced-11ef-bce3-8863df8a28b9,airfoil,5,98,30.733203887939453,0.1097257137298584,121222.0,31.95500946044922,1245,1
StandardGSGP,d9355d5e-aced-11ef-bce3-8863df8a28b9,airfoil,5,99,30.403470993041992,0.09075665473937988,123078.0,31.618419647216797,1257,1
StandardGSGP,d9355d5e-aced-11ef-bce3-8863df8a28b9,airfoil,5,100,30.194881439208984,0.10072779655456543,124964.0,31.406063079833984,1255,1
StandardGSGP,35e40b7b-ad26-11ef-9fee-e4a8dfc2a9a8,airfoil,5,0,0.41010919213294983,0.04477667808532715,900.0,0.4073787331581116,3,1
StandardGSGP,35e40b7b-ad26-11ef-9fee-e4a8dfc2a9a8,airfoil,5,1,0.2801101505756378,0.06300044059753418,1714.0,0.27910760045051575,15,1
StandardGSGP,35e40b7b-ad26-11ef-9fee-e4a8dfc2a9a8,airfoil,5,2,0.2165260910987854,0.07723093032836914,2682.0,0.21262826025485992,15,1
StandardGSGP,35e40b7b-ad26-11ef-9fee-e4a8dfc2a9a8,airfoil,5,3,0.19964748620986938,0.06966495513916016,3556.0,0.20061209797859192,41,1
StandardGSGP,35e40b7b-ad26-11ef-9fee-e4a8dfc2a9a8,airfoil,5,4,0.19806359708309174,0.06483340263366699,4464.0,0.1991792470216751,29,1
StandardGSGP,35e40b7b-ad26-11ef-9fee-e4a8dfc2a9a8,airfoil,5,5,0.19157376885414124,0.06595778465270996,5652.0,0.19365587830543518,33,1
StandardGSGP,35e40b7b-ad26-11ef-9fee-e4a8dfc2a9a8,airfoil,5,6,0.19157376885414124,0.06890678405761719,6502.0,0.19365587830543518,33,1
StandardGSGP,35e40b7b-ad26-11ef-9fee-e4a8dfc2a9a8,airfoil,5,7,0.19157376885414124,0.07150864601135254,7516.0,0.19365587830543518,33,1
StandardGSGP,35e40b7b-ad26-11ef-9fee-e4a8dfc2a9a8,airfoil,5,8,0.19157376885414124,0.06782817840576172,8484.0,0.19365587830543518,33,1
StandardGSGP,35e40b7b-ad26-11ef-9fee-e4a8dfc2a9a8,airfoil,5,9,0.19157376885414124,0.06906461715698242,9388.0,0.19365587830543518,33,1
StandardGSGP,35e40b7b-ad26-11ef-9fee-e4a8dfc2a9a8,airfoil,5,10,0.18320034444332123,0.06750774383544922,9928.0,0.18682117760181427,45,1
StandardGSGP,35e40b7b-ad26-11ef-9fee-e4a8dfc2a9a8,airfoil,5,11,0.18320034444332123,0.07475972175598145,10790.0,0.18682117760181427,45,1
StandardGSGP,35e40b7b-ad26-11ef-9fee-e4a8dfc2a9a8,airfoil,5,12,0.1820644736289978,0.06852078437805176,11144.0,0.18527771532535553,59,1
StandardGSGP,35e40b7b-ad26-11ef-9fee-e4a8dfc2a9a8,airfoil,5,13,0.1820644736289978,0.0697624683380127,12126.0,0.18527771532535553,59,1
StandardGSGP,35e40b7b-ad26-11ef-9fee-e4a8dfc2a9a8,airfoil,5,14,0.17471548914909363,0.06856894493103027,12044.0,0.17648185789585114,65,1
StandardGSGP,35e40b7b-ad26-11ef-9fee-e4a8dfc2a9a8,airfoil,5,15,0.1725294440984726,0.06669807434082031,13254.0,0.17457015812397003,75,1
StandardGSGP,35e40b7b-ad26-11ef-9fee-e4a8dfc2a9a8,airfoil,5,16,0.1725294440984726,0.0665130615234375,14156.0,0.17457015812397003,75,1
StandardGSGP,35e40b7b-ad26-11ef-9fee-e4a8dfc2a9a8,airfoil,5,17,0.1725294440984726,0.06658601760864258,13916.0,0.17457015812397003,75,1
StandardGSGP,35e40b7b-ad26-11ef-9fee-e4a8dfc2a9a8,airfoil,5,18,0.1725294440984726,0.06528830528259277,14378.0,0.17457015812397003,75,1
StandardGSGP,35e40b7b-ad26-11ef-9fee-e4a8dfc2a9a8,airfoil,5,19,0.1725294440984726,0.06371688842773438,15132.0,0.17457015812397003,75,1
StandardGSGP,35e40b7b-ad26-11ef-9fee-e4a8dfc2a9a8,airfoil,5,20,0.14801989495754242,0.06521177291870117,15274.0,0.1528550088405609,89,1
StandardGSGP,35e40b7b-ad26-11ef-9fee-e4a8dfc2a9a8,airfoil,5,21,0.14801989495754242,0.0630030632019043,16092.0,0.1528550088405609,89,1
StandardGSGP,35e40b7b-ad26-11ef-9fee-e4a8dfc2a9a8,airfoil,5,22,0.14588211476802826,0.07523679733276367,16584.0,0.15076372027397156,95,1
StandardGSGP,35e40b7b-ad26-11ef-9fee-e4a8dfc2a9a8,airfoil,5,23,0.14588211476802826,0.07285046577453613,16552.0,0.15076372027397156,95,1
StandardGSGP,35e40b7b-ad26-11ef-9fee-e4a8dfc2a9a8,airfoil,5,24,0.14588211476802826,0.06784200668334961,16742.0,0.15076372027397156,95,1
StandardGSGP,35e40b7b-ad26-11ef-9fee-e4a8dfc2a9a8,airfoil,5,25,0.14588211476802826,0.06830501556396484,17674.0,0.15076372027397156,95,1
StandardGSGP,35e40b7b-ad26-11ef-9fee-e4a8dfc2a9a8,airfoil,5,26,0.14588211476802826,0.06828165054321289,17680.0,0.15076372027397156,95,1
StandardGSGP,35e40b7b-ad26-11ef-9fee-e4a8dfc2a9a8,airfoil,5,27,0.14588211476802826,0.07541918754577637,17944.0,0.15076372027397156,95,1
StandardGSGP,35e40b7b-ad26-11ef-9fee-e4a8dfc2a9a8,airfoil,5,28,0.14588211476802826,0.0793156623840332,18774.0,0.15076372027397156,95,1
StandardGSGP,35e40b7b-ad26-11ef-9fee-e4a8dfc2a9a8,airfoil,5,29,0.14133460819721222,0.06987237930297852,18284.0,0.144216850399971,141,1
StandardGSGP,35e40b7b-ad26-11ef-9fee-e4a8dfc2a9a8,airfoil,5,30,0.14133460819721222,0.0722513198852539,17982.0,0.144216850399971,141,1
StandardGSGP,35e40b7b-ad26-11ef-9fee-e4a8dfc2a9a8,airfoil,5,31,0.14133460819721222,0.06945252418518066,18254.0,0.144216850399971,141,1
StandardGSGP,35e40b7b-ad26-11ef-9fee-e4a8dfc2a9a8,airfoil,5,32,0.14133460819721222,0.0687720775604248,19186.0,0.144216850399971,141,1
StandardGSGP,35e40b7b-ad26-11ef-9fee-e4a8dfc2a9a8,airfoil,5,33,0.14133460819721222,0.06396293640136719,19884.0,0.144216850399971,141,1
StandardGSGP,35e40b7b-ad26-11ef-9fee-e4a8dfc2a9a8,airfoil,5,34,0.14133460819721222,0.06750798225402832,19906.0,0.144216850399971,141,1
StandardGSGP,35e40b7b-ad26-11ef-9fee-e4a8dfc2a9a8,airfoil,5,35,0.14133460819721222,0.06499981880187988,20440.0,0.144216850399971,141,1
StandardGSGP,35e40b7b-ad26-11ef-9fee-e4a8dfc2a9a8,airfoil,5,36,0.14107733964920044,0.06450676918029785,21274.0,0.14419087767601013,147,1
StandardGSGP,35e40b7b-ad26-11ef-9fee-e4a8dfc2a9a8,airfoil,5,37,0.14107733964920044,0.0713045597076416,22534.0,0.14419087767601013,147,1
StandardGSGP,35e40b7b-ad26-11ef-9fee-e4a8dfc2a9a8,airfoil,5,38,0.14107733964920044,0.06410455703735352,22898.0,0.14419087767601013,147,1
StandardGSGP,35e40b7b-ad26-11ef-9fee-e4a8dfc2a9a8,airfoil,5,39,0.13871411979198456,0.0644066333770752,23768.0,0.14317485690116882,153,1
StandardGSGP,35e40b7b-ad26-11ef-9fee-e4a8dfc2a9a8,airfoil,5,40,0.13871411979198456,0.0656442642211914,23722.0,0.14317485690116882,153,1
StandardGSGP,35e40b7b-ad26-11ef-9fee-e4a8dfc2a9a8,airfoil,5,41,0.13871411979198456,0.0663607120513916,23878.0,0.14317485690116882,153,1
StandardGSGP,35e40b7b-ad26-11ef-9fee-e4a8dfc2a9a8,airfoil,5,42,0.13871411979198456,0.06461668014526367,23868.0,0.14317485690116882,153,1
StandardGSGP,35e40b7b-ad26-11ef-9fee-e4a8dfc2a9a8,airfoil,5,43,0.13871411979198456,0.06602787971496582,24212.0,0.14317485690116882,153,1
StandardGSGP,35e40b7b-ad26-11ef-9fee-e4a8dfc2a9a8,airfoil,5,44,0.13871411979198456,0.06525731086730957,24540.0,0.14317485690116882,153,1
StandardGSGP,35e40b7b-ad26-11ef-9fee-e4a8dfc2a9a8,airfoil,5,45,0.13871411979198456,0.06535148620605469,24832.0,0.14317485690116882,153,1
StandardGSGP,35e40b7b-ad26-11ef-9fee-e4a8dfc2a9a8,airfoil,5,46,0.13730254769325256,0.0667872428894043,25450.0,0.1420089155435562,161,1
StandardGSGP,35e40b7b-ad26-11ef-9fee-e4a8dfc2a9a8,airfoil,5,47,0.13595125079154968,0.06122541427612305,25558.0,0.14074717462062836,167,1
StandardGSGP,35e40b7b-ad26-11ef-9fee-e4a8dfc2a9a8,airfoil,5,48,0.13595125079154968,0.06368660926818848,26346.0,0.14074717462062836,167,1
StandardGSGP,35e40b7b-ad26-11ef-9fee-e4a8dfc2a9a8,airfoil,5,49,0.13595125079154968,0.07020330429077148,26894.0,0.14074717462062836,167,1
StandardGSGP,35e40b7b-ad26-11ef-9fee-e4a8dfc2a9a8,airfoil,5,50,0.13595125079154968,0.07519245147705078,26638.0,0.14074717462062836,167,1
StandardGSGP,35e40b7b-ad26-11ef-9fee-e4a8dfc2a9a8,airfoil,5,51,0.13595125079154968,0.06739354133605957,27174.0,0.14074717462062836,167,1
StandardGSGP,35e40b7b-ad26-11ef-9fee-e4a8dfc2a9a8,airfoil,5,52,0.13595125079154968,0.06559562683105469,27084.0,0.14074717462062836,167,1
StandardGSGP,35e40b7b-ad26-11ef-9fee-e4a8dfc2a9a8,airfoil,5,53,0.13595125079154968,0.06620144844055176,28016.0,0.14074717462062836,167,1
StandardGSGP,35e40b7b-ad26-11ef-9fee-e4a8dfc2a9a8,airfoil,5,54,0.13595125079154968,0.06509637832641602,28924.0,0.14074717462062836,167,1
StandardGSGP,35e40b7b-ad26-11ef-9fee-e4a8dfc2a9a8,airfoil,5,55,0.13595125079154968,0.0664064884185791,28854.0,0.14074717462062836,167,1
StandardGSGP,35e40b7b-ad26-11ef-9fee-e4a8dfc2a9a8,airfoil,5,56,0.13595125079154968,0.06451082229614258,29394.0,0.14074717462062836,167,1
StandardGSGP,35e40b7b-ad26-11ef-9fee-e4a8dfc2a9a8,airfoil,5,57,0.13595125079154968,0.1405959129333496,29810.0,0.14074717462062836,167,1
StandardGSGP,35e40b7b-ad26-11ef-9fee-e4a8dfc2a9a8,airfoil,5,58,0.13595125079154968,0.06350946426391602,29624.0,0.14074717462062836,167,1
StandardGSGP,35e40b7b-ad26-11ef-9fee-e4a8dfc2a9a8,airfoil,5,59,0.13595125079154968,0.06305623054504395,30706.0,0.14074717462062836,167,1
StandardGSGP,35e40b7b-ad26-11ef-9fee-e4a8dfc2a9a8,airfoil,5,60,0.13595125079154968,0.06475329399108887,30374.0,0.14074717462062836,167,1
StandardGSGP,35e40b7b-ad26-11ef-9fee-e4a8dfc2a9a8,airfoil,5,61,0.13595125079154968,0.07099032402038574,30640.0,0.14074717462062836,167,1
StandardGSGP,35e40b7b-ad26-11ef-9fee-e4a8dfc2a9a8,airfoil,5,62,0.13595125079154968,0.06600594520568848,29976.0,0.14074717462062836,167,1
StandardGSGP,35e40b7b-ad26-11ef-9fee-e4a8dfc2a9a8,airfoil,5,63,0.13595125079154968,0.06927847862243652,29614.0,0.14074717462062836,167,1
StandardGSGP,35e40b7b-ad26-11ef-9fee-e4a8dfc2a9a8,airfoil,5,64,0.13595125079154968,0.0649423599243164,28736.0,0.14074717462062836,167,1
StandardGSGP,35e40b7b-ad26-11ef-9fee-e4a8dfc2a9a8,airfoil,5,65,0.13595125079154968,0.0658872127532959,28368.0,0.14074717462062836,167,1
StandardGSGP,35e40b7b-ad26-11ef-9fee-e4a8dfc2a9a8,airfoil,5,66,0.13595125079154968,0.07299947738647461,28444.0,0.14074717462062836,167,1
StandardGSGP,35e40b7b-ad26-11ef-9fee-e4a8dfc2a9a8,airfoil,5,67,0.13595125079154968,0.06655073165893555,28938.0,0.14074717462062836,167,1
StandardGSGP,35e40b7b-ad26-11ef-9fee-e4a8dfc2a9a8,airfoil,5,68,0.13595125079154968,0.07175827026367188,29924.0,0.14074717462062836,167,1
StandardGSGP,35e40b7b-ad26-11ef-9fee-e4a8dfc2a9a8,airfoil,5,69,0.1328849047422409,0.06618881225585938,29552.0,0.1405424326658249,201,1
StandardGSGP,35e40b7b-ad26-11ef-9fee-e4a8dfc2a9a8,airfoil,5,70,0.1328849047422409,0.06783008575439453,30288.0,0.1405424326658249,201,1
StandardGSGP,35e40b7b-ad26-11ef-9fee-e4a8dfc2a9a8,airfoil,5,71,0.1328849047422409,0.06192779541015625,30102.0,0.1405424326658249,201,1
StandardGSGP,35e40b7b-ad26-11ef-9fee-e4a8dfc2a9a8,airfoil,5,72,0.1328849047422409,0.06773757934570312,29824.0,0.1405424326658249,201,1
StandardGSGP,35e40b7b-ad26-11ef-9fee-e4a8dfc2a9a8,airfoil,5,73,0.12944342195987701,0.06413626670837402,30236.0,0.13872799277305603,223,1
StandardGSGP,35e40b7b-ad26-11ef-9fee-e4a8dfc2a9a8,airfoil,5,74,0.12944342195987701,0.06851053237915039,31356.0,0.13872799277305603,223,1
StandardGSGP,35e40b7b-ad26-11ef-9fee-e4a8dfc2a9a8,airfoil,5,75,0.12944342195987701,0.07550859451293945,31962.0,0.13872799277305603,223,1
StandardGSGP,35e40b7b-ad26-11ef-9fee-e4a8dfc2a9a8,airfoil,5,76,0.12944342195987701,0.06199908256530762,31878.0,0.13872799277305603,223,1
StandardGSGP,35e40b7b-ad26-11ef-9fee-e4a8dfc2a9a8,airfoil,5,77,0.12944342195987701,0.061511993408203125,31228.0,0.13872799277305603,223,1
StandardGSGP,35e40b7b-ad26-11ef-9fee-e4a8dfc2a9a8,airfoil,5,78,0.12944342195987701,0.06918811798095703,30486.0,0.13872799277305603,223,1
StandardGSGP,35e40b7b-ad26-11ef-9fee-e4a8dfc2a9a8,airfoil,5,79,0.12944342195987701,0.06600713729858398,31372.0,0.13872799277305603,223,1
StandardGSGP,35e40b7b-ad26-11ef-9fee-e4a8dfc2a9a8,airfoil,5,80,0.12944342195987701,0.06551098823547363,32418.0,0.13872799277305603,223,1
StandardGSGP,35e40b7b-ad26-11ef-9fee-e4a8dfc2a9a8,airfoil,5,81,0.12944342195987701,0.07050681114196777,33370.0,0.13872799277305603,223,1
StandardGSGP,35e40b7b-ad26-11ef-9fee-e4a8dfc2a9a8,airfoil,5,82,0.12944342195987701,0.06499433517456055,34918.0,0.13872799277305603,223,1
StandardGSGP,35e40b7b-ad26-11ef-9fee-e4a8dfc2a9a8,airfoil,5,83,0.12944342195987701,0.06467247009277344,36164.0,0.13872799277305603,223,1
StandardGSGP,35e40b7b-ad26-11ef-9fee-e4a8dfc2a9a8,airfoil,5,84,0.12944342195987701,0.0685122013092041,35808.0,0.13872799277305603,223,1
StandardGSGP,35e40b7b-ad26-11ef-9fee-e4a8dfc2a9a8,airfoil,5,85,0.12944342195987701,0.06766676902770996,35568.0,0.13872799277305603,223,1
StandardGSGP,35e40b7b-ad26-11ef-9fee-e4a8dfc2a9a8,airfoil,5,86,0.12944342195987701,0.06552934646606445,36970.0,0.13872799277305603,223,1
StandardGSGP,35e40b7b-ad26-11ef-9fee-e4a8dfc2a9a8,airfoil,5,87,0.12941774725914001,0.0647275447845459,35796.0,0.13835181295871735,231,1
StandardGSGP,35e40b7b-ad26-11ef-9fee-e4a8dfc2a9a8,airfoil,5,88,0.12941774725914001,0.06927061080932617,33572.0,0.13835181295871735,231,1
StandardGSGP,35e40b7b-ad26-11ef-9fee-e4a8dfc2a9a8,airfoil,5,89,0.12941774725914001,0.07564258575439453,31372.0,0.13835181295871735,231,1
StandardGSGP,35e40b7b-ad26-11ef-9fee-e4a8dfc2a9a8,airfoil,5,90,0.12941774725914001,0.06150627136230469,32298.0,0.13835181295871735,231,1
StandardGSGP,35e40b7b-ad26-11ef-9fee-e4a8dfc2a9a8,airfoil,5,91,0.12941774725914001,0.07150435447692871,33492.0,0.13835181295871735,231,1
StandardGSGP,35e40b7b-ad26-11ef-9fee-e4a8dfc2a9a8,airfoil,5,92,0.12941774725914001,0.06899571418762207,35350.0,0.13835181295871735,231,1
StandardGSGP,35e40b7b-ad26-11ef-9fee-e4a8dfc2a9a8,airfoil,5,93,0.12941774725914001,0.06350970268249512,35808.0,0.13835181295871735,231,1
StandardGSGP,35e40b7b-ad26-11ef-9fee-e4a8dfc2a9a8,airfoil,5,94,0.12941774725914001,0.06550955772399902,36370.0,0.13835181295871735,231,1
StandardGSGP,35e40b7b-ad26-11ef-9fee-e4a8dfc2a9a8,airfoil,5,95,0.12941774725914001,0.06399941444396973,36516.0,0.13835181295871735,231,1
StandardGSGP,35e40b7b-ad26-11ef-9fee-e4a8dfc2a9a8,airfoil,5,96,0.12941774725914001,0.06589865684509277,36470.0,0.13835181295871735,231,1
StandardGSGP,35e40b7b-ad26-11ef-9fee-e4a8dfc2a9a8,airfoil,5,97,0.12941774725914001,0.06551170349121094,35546.0,0.13835181295871735,231,1
StandardGSGP,35e40b7b-ad26-11ef-9fee-e4a8dfc2a9a8,airfoil,5,98,0.1285119503736496,0.0683448314666748,35588.0,0.13740043342113495,259,1
StandardGSGP,35e40b7b-ad26-11ef-9fee-e4a8dfc2a9a8,airfoil,5,99,0.1285119503736496,0.06665635108947754,35944.0,0.13740043342113495,259,1
StandardGSGP,35e40b7b-ad26-11ef-9fee-e4a8dfc2a9a8,airfoil,5,100,0.1285119503736496,0.061510562896728516,36602.0,0.13740043342113495,259,1
StandardGSGP,ba474686-ad26-11ef-9fee-e4a8dfc2a9a8,airfoil,5,0,69.61058044433594,0.04099535942077637,900.0,69.39102935791016,3,1
StandardGSGP,ba474686-ad26-11ef-9fee-e4a8dfc2a9a8,airfoil,5,1,69.61058044433594,0.06952500343322754,1794.0,69.39102935791016,3,1
StandardGSGP,ba474686-ad26-11ef-9fee-e4a8dfc2a9a8,airfoil,5,2,69.45186614990234,0.07652544975280762,2790.0,69.23076629638672,19,1
StandardGSGP,ba474686-ad26-11ef-9fee-e4a8dfc2a9a8,airfoil,5,3,69.45186614990234,0.07218623161315918,3892.0,69.23076629638672,19,1
StandardGSGP,ba474686-ad26-11ef-9fee-e4a8dfc2a9a8,airfoil,5,4,69.12450408935547,0.07451701164245605,4610.0,68.89257049560547,37,1
StandardGSGP,ba474686-ad26-11ef-9fee-e4a8dfc2a9a8,airfoil,5,5,68.85586547851562,0.07552051544189453,5436.0,68.634521484375,51,1
StandardGSGP,ba474686-ad26-11ef-9fee-e4a8dfc2a9a8,airfoil,5,6,68.61846923828125,0.07008790969848633,5926.0,68.39540100097656,47,1
StandardGSGP,ba474686-ad26-11ef-9fee-e4a8dfc2a9a8,airfoil,5,7,67.92024993896484,0.07200431823730469,6798.0,67.69688415527344,55,1
StandardGSGP,ba474686-ad26-11ef-9fee-e4a8dfc2a9a8,airfoil,5,8,67.46692657470703,0.07105255126953125,7556.0,67.24335479736328,65,1
StandardGSGP,ba474686-ad26-11ef-9fee-e4a8dfc2a9a8,airfoil,5,9,67.24280548095703,0.07388496398925781,8406.0,67.01789093017578,71,1
StandardGSGP,ba474686-ad26-11ef-9fee-e4a8dfc2a9a8,airfoil,5,10,66.9447250366211,0.0757741928100586,9204.0,66.70687866210938,85,1
StandardGSGP,ba474686-ad26-11ef-9fee-e4a8dfc2a9a8,airfoil,5,11,66.55339050292969,0.07100224494934082,10008.0,66.32431030273438,89,1
StandardGSGP,ba474686-ad26-11ef-9fee-e4a8dfc2a9a8,airfoil,5,12,65.96543884277344,0.07367634773254395,10744.0,65.72086334228516,107,1
StandardGSGP,ba474686-ad26-11ef-9fee-e4a8dfc2a9a8,airfoil,5,13,65.79629516601562,0.08072161674499512,11426.0,65.55720520019531,115,1
StandardGSGP,ba474686-ad26-11ef-9fee-e4a8dfc2a9a8,airfoil,5,14,64.99712371826172,0.08200669288635254,12196.0,64.76522827148438,129,1
StandardGSGP,ba474686-ad26-11ef-9fee-e4a8dfc2a9a8,airfoil,5,15,64.51420593261719,0.09383320808410645,13252.0,64.26091003417969,135,1
StandardGSGP,ba474686-ad26-11ef-9fee-e4a8dfc2a9a8,airfoil,5,16,64.51420593261719,0.0792236328125,14228.0,64.26091003417969,135,1
StandardGSGP,ba474686-ad26-11ef-9fee-e4a8dfc2a9a8,airfoil,5,17,63.62900161743164,0.07616448402404785,15180.0,63.36019515991211,155,1
StandardGSGP,ba474686-ad26-11ef-9fee-e4a8dfc2a9a8,airfoil,5,18,63.62900161743164,0.08350372314453125,16160.0,63.36019515991211,155,1
StandardGSGP,ba474686-ad26-11ef-9fee-e4a8dfc2a9a8,airfoil,5,19,63.62900161743164,0.07650876045227051,16902.0,63.36019515991211,155,1
StandardGSGP,ba474686-ad26-11ef-9fee-e4a8dfc2a9a8,airfoil,5,20,63.41435241699219,0.0725100040435791,18034.0,63.15991973876953,183,1
StandardGSGP,ba474686-ad26-11ef-9fee-e4a8dfc2a9a8,airfoil,5,21,63.20352554321289,0.06582236289978027,18978.0,62.945011138916016,173,1
StandardGSGP,ba474686-ad26-11ef-9fee-e4a8dfc2a9a8,airfoil,5,22,63.172035217285156,0.06701207160949707,19794.0,62.901641845703125,191,1
StandardGSGP,ba474686-ad26-11ef-9fee-e4a8dfc2a9a8,airfoil,5,23,63.07757568359375,0.08050942420959473,20458.0,62.83988571166992,189,1
StandardGSGP,ba474686-ad26-11ef-9fee-e4a8dfc2a9a8,airfoil,5,24,62.745323181152344,0.07421565055847168,21372.0,62.47807312011719,207,1
StandardGSGP,ba474686-ad26-11ef-9fee-e4a8dfc2a9a8,airfoil,5,25,62.23939514160156,0.07363319396972656,22216.0,61.96663284301758,229,1
StandardGSGP,ba474686-ad26-11ef-9fee-e4a8dfc2a9a8,airfoil,5,26,61.80224609375,0.07036519050598145,23108.0,61.5106315612793,225,1
StandardGSGP,ba474686-ad26-11ef-9fee-e4a8dfc2a9a8,airfoil,5,27,61.61693572998047,0.07750844955444336,24238.0,61.342445373535156,251,1
StandardGSGP,ba474686-ad26-11ef-9fee-e4a8dfc2a9a8,airfoil,5,28,61.338783264160156,0.0814809799194336,25334.0,61.058719635009766,265,1
StandardGSGP,ba474686-ad26-11ef-9fee-e4a8dfc2a9a8,airfoil,5,29,61.14750289916992,0.07116270065307617,26178.0,60.859657287597656,275,1
StandardGSGP,ba474686-ad26-11ef-9fee-e4a8dfc2a9a8,airfoil,5,30,60.96868133544922,0.06963729858398438,27392.0,60.676307678222656,275,1
StandardGSGP,ba474686-ad26-11ef-9fee-e4a8dfc2a9a8,airfoil,5,31,60.702003479003906,0.07132601737976074,28582.0,60.40542984008789,293,1
StandardGSGP,ba474686-ad26-11ef-9fee-e4a8dfc2a9a8,airfoil,5,32,60.06867218017578,0.07180929183959961,29384.0,59.775657653808594,291,1
StandardGSGP,ba474686-ad26-11ef-9fee-e4a8dfc2a9a8,airfoil,5,33,60.020660400390625,0.14705181121826172,30454.0,59.72676467895508,289,1
StandardGSGP,ba474686-ad26-11ef-9fee-e4a8dfc2a9a8,airfoil,5,34,59.648983001708984,0.07283854484558105,31592.0,59.367469787597656,299,1
StandardGSGP,ba474686-ad26-11ef-9fee-e4a8dfc2a9a8,airfoil,5,35,59.36294174194336,0.07372832298278809,32430.0,59.06794357299805,343,1
StandardGSGP,ba474686-ad26-11ef-9fee-e4a8dfc2a9a8,airfoil,5,36,59.129180908203125,0.07300233840942383,33064.0,58.8319091796875,331,1
StandardGSGP,ba474686-ad26-11ef-9fee-e4a8dfc2a9a8,airfoil,5,37,59.02042770385742,0.07251119613647461,33810.0,58.707950592041016,351,1
StandardGSGP,ba474686-ad26-11ef-9fee-e4a8dfc2a9a8,airfoil,5,38,58.574363708496094,0.06650996208190918,34734.0,58.26923751831055,321,1
StandardGSGP,ba474686-ad26-11ef-9fee-e4a8dfc2a9a8,airfoil,5,39,58.34312438964844,0.06950950622558594,36040.0,58.038169860839844,331,1
StandardGSGP,ba474686-ad26-11ef-9fee-e4a8dfc2a9a8,airfoil,5,40,58.17176818847656,0.06799793243408203,36990.0,57.84375,331,1
StandardGSGP,ba474686-ad26-11ef-9fee-e4a8dfc2a9a8,airfoil,5,41,57.71413040161133,0.0734858512878418,37544.0,57.38562774658203,339,1
StandardGSGP,ba474686-ad26-11ef-9fee-e4a8dfc2a9a8,airfoil,5,42,57.6766471862793,0.07051324844360352,37964.0,57.309417724609375,359,1
StandardGSGP,ba474686-ad26-11ef-9fee-e4a8dfc2a9a8,airfoil,5,43,57.381629943847656,0.07251191139221191,37890.0,57.05198669433594,355,1
StandardGSGP,ba474686-ad26-11ef-9fee-e4a8dfc2a9a8,airfoil,5,44,57.05572509765625,0.06999707221984863,38246.0,56.71201705932617,369,1
StandardGSGP,ba474686-ad26-11ef-9fee-e4a8dfc2a9a8,airfoil,5,45,56.63580322265625,0.07352685928344727,39058.0,56.305328369140625,363,1
StandardGSGP,ba474686-ad26-11ef-9fee-e4a8dfc2a9a8,airfoil,5,46,56.27222442626953,0.08067584037780762,39722.0,55.93993377685547,377,1
StandardGSGP,ba474686-ad26-11ef-9fee-e4a8dfc2a9a8,airfoil,5,47,56.132347106933594,0.07251644134521484,40506.0,55.799930572509766,387,1
StandardGSGP,ba474686-ad26-11ef-9fee-e4a8dfc2a9a8,airfoil,5,48,55.90967559814453,0.06999921798706055,41112.0,55.570316314697266,389,1
StandardGSGP,ba474686-ad26-11ef-9fee-e4a8dfc2a9a8,airfoil,5,49,55.350982666015625,0.07156252861022949,41890.0,55.04567337036133,451,1
StandardGSGP,ba474686-ad26-11ef-9fee-e4a8dfc2a9a8,airfoil,5,50,54.97659683227539,0.07398486137390137,42694.0,54.67189025878906,457,1
StandardGSGP,ba474686-ad26-11ef-9fee-e4a8dfc2a9a8,airfoil,5,51,54.97659683227539,0.07351088523864746,43316.0,54.67189025878906,457,1
StandardGSGP,ba474686-ad26-11ef-9fee-e4a8dfc2a9a8,airfoil,5,52,54.6733283996582,0.06799721717834473,44168.0,54.310482025146484,459,1
StandardGSGP,ba474686-ad26-11ef-9fee-e4a8dfc2a9a8,airfoil,5,53,54.13888168334961,0.07618141174316406,45942.0,53.78601837158203,463,1
StandardGSGP,ba474686-ad26-11ef-9fee-e4a8dfc2a9a8,airfoil,5,54,53.94527053833008,0.07269930839538574,47252.0,53.587982177734375,479,1
StandardGSGP,ba474686-ad26-11ef-9fee-e4a8dfc2a9a8,airfoil,5,55,53.461456298828125,0.0755612850189209,48468.0,53.10906219482422,491,1
StandardGSGP,ba474686-ad26-11ef-9fee-e4a8dfc2a9a8,airfoil,5,56,53.41029357910156,0.07699799537658691,49616.0,53.05738830566406,479,1
StandardGSGP,ba474686-ad26-11ef-9fee-e4a8dfc2a9a8,airfoil,5,57,53.11988067626953,0.07240915298461914,50922.0,52.814918518066406,525,1
StandardGSGP,ba474686-ad26-11ef-9fee-e4a8dfc2a9a8,airfoil,5,58,52.960323333740234,0.06930780410766602,52154.0,52.54332733154297,529,1
StandardGSGP,ba474686-ad26-11ef-9fee-e4a8dfc2a9a8,airfoil,5,59,52.62397003173828,0.06915831565856934,53096.0,52.314144134521484,545,1
StandardGSGP,ba474686-ad26-11ef-9fee-e4a8dfc2a9a8,airfoil,5,60,52.62397003173828,0.0734701156616211,54302.0,52.314144134521484,545,1
StandardGSGP,ba474686-ad26-11ef-9fee-e4a8dfc2a9a8,airfoil,5,61,52.31498718261719,0.07429385185241699,55540.0,52.01158905029297,575,1
StandardGSGP,ba474686-ad26-11ef-9fee-e4a8dfc2a9a8,airfoil,5,62,52.23346710205078,0.07056856155395508,56254.0,51.92580795288086,563,1
StandardGSGP,ba474686-ad26-11ef-9fee-e4a8dfc2a9a8,airfoil,5,63,51.90150451660156,0.07257747650146484,57034.0,51.60757827758789,589,1
StandardGSGP,ba474686-ad26-11ef-9fee-e4a8dfc2a9a8,airfoil,5,64,51.8520393371582,0.06999063491821289,57852.0,51.56496047973633,605,1
StandardGSGP,ba474686-ad26-11ef-9fee-e4a8dfc2a9a8,airfoil,5,65,51.45977020263672,0.07840275764465332,58782.0,51.18740463256836,613,1
StandardGSGP,ba474686-ad26-11ef-9fee-e4a8dfc2a9a8,airfoil,5,66,51.280357360839844,0.08950972557067871,59958.0,50.927757263183594,591,1
StandardGSGP,ba474686-ad26-11ef-9fee-e4a8dfc2a9a8,airfoil,5,67,51.00141525268555,0.08142614364624023,60932.0,50.669105529785156,613,1
StandardGSGP,ba474686-ad26-11ef-9fee-e4a8dfc2a9a8,airfoil,5,68,50.60456085205078,0.07451772689819336,62114.0,50.27882766723633,603,1
StandardGSGP,ba474686-ad26-11ef-9fee-e4a8dfc2a9a8,airfoil,5,69,50.465274810791016,0.06899595260620117,63146.0,50.143226623535156,639,1
StandardGSGP,ba474686-ad26-11ef-9fee-e4a8dfc2a9a8,airfoil,5,70,50.37040710449219,0.07895708084106445,64530.0,50.03767013549805,627,1
StandardGSGP,ba474686-ad26-11ef-9fee-e4a8dfc2a9a8,airfoil,5,71,49.78007125854492,0.06789350509643555,65416.0,49.453338623046875,665,1
StandardGSGP,ba474686-ad26-11ef-9fee-e4a8dfc2a9a8,airfoil,5,72,49.44221115112305,0.06884455680847168,66218.0,49.108455657958984,677,1
StandardGSGP,ba474686-ad26-11ef-9fee-e4a8dfc2a9a8,airfoil,5,73,48.96101760864258,0.07045483589172363,67480.0,48.62660598754883,685,1
StandardGSGP,ba474686-ad26-11ef-9fee-e4a8dfc2a9a8,airfoil,5,74,48.96101760864258,0.0705103874206543,68480.0,48.62660598754883,685,1
StandardGSGP,ba474686-ad26-11ef-9fee-e4a8dfc2a9a8,airfoil,5,75,48.48954772949219,0.07151150703430176,69566.0,48.214298248291016,729,1
StandardGSGP,ba474686-ad26-11ef-9fee-e4a8dfc2a9a8,airfoil,5,76,47.95029830932617,0.06812047958374023,70878.0,47.59877014160156,715,1
StandardGSGP,ba474686-ad26-11ef-9fee-e4a8dfc2a9a8,airfoil,5,77,47.485931396484375,0.06755971908569336,71894.0,47.131126403808594,723,1
StandardGSGP,ba474686-ad26-11ef-9fee-e4a8dfc2a9a8,airfoil,5,78,47.062225341796875,0.07746577262878418,73210.0,46.70672607421875,733,1
StandardGSGP,ba474686-ad26-11ef-9fee-e4a8dfc2a9a8,airfoil,5,79,46.794036865234375,0.07363343238830566,74664.0,46.44765853881836,749,1
StandardGSGP,ba474686-ad26-11ef-9fee-e4a8dfc2a9a8,airfoil,5,80,46.345909118652344,0.0713033676147461,75756.0,45.99880599975586,759,1
StandardGSGP,ba474686-ad26-11ef-9fee-e4a8dfc2a9a8,airfoil,5,81,46.23747634887695,0.07626008987426758,76952.0,45.877689361572266,759,1
StandardGSGP,ba474686-ad26-11ef-9fee-e4a8dfc2a9a8,airfoil,5,82,45.74888610839844,0.0702669620513916,77654.0,45.36857604980469,771,1
StandardGSGP,ba474686-ad26-11ef-9fee-e4a8dfc2a9a8,airfoil,5,83,45.59465408325195,0.07011556625366211,78424.0,45.22264862060547,775,1
StandardGSGP,ba474686-ad26-11ef-9fee-e4a8dfc2a9a8,airfoil,5,84,45.470096588134766,0.07300019264221191,79292.0,45.08956527709961,777,1
StandardGSGP,ba474686-ad26-11ef-9fee-e4a8dfc2a9a8,airfoil,5,85,45.00606918334961,0.0685122013092041,80190.0,44.65074157714844,797,1
StandardGSGP,ba474686-ad26-11ef-9fee-e4a8dfc2a9a8,airfoil,5,86,45.00606918334961,0.0786733627319336,81284.0,44.65074157714844,797,1
StandardGSGP,ba474686-ad26-11ef-9fee-e4a8dfc2a9a8,airfoil,5,87,44.68827819824219,0.0745086669921875,82092.0,44.29678726196289,823,1
StandardGSGP,ba474686-ad26-11ef-9fee-e4a8dfc2a9a8,airfoil,5,88,44.49796676635742,0.07599925994873047,83044.0,44.10500717163086,831,1
StandardGSGP,ba474686-ad26-11ef-9fee-e4a8dfc2a9a8,airfoil,5,89,44.18730545043945,0.07251524925231934,83852.0,43.8306999206543,821,1
StandardGSGP,ba474686-ad26-11ef-9fee-e4a8dfc2a9a8,airfoil,5,90,44.04514694213867,0.06951665878295898,84508.0,43.6517448425293,855,1
StandardGSGP,ba474686-ad26-11ef-9fee-e4a8dfc2a9a8,airfoil,5,91,43.503074645996094,0.07583189010620117,85536.0,43.14509582519531,841,1
StandardGSGP,ba474686-ad26-11ef-9fee-e4a8dfc2a9a8,airfoil,5,92,43.20130920410156,0.07460546493530273,86706.0,42.8427734375,845,1
StandardGSGP,ba474686-ad26-11ef-9fee-e4a8dfc2a9a8,airfoil,5,93,42.833534240722656,0.14311599731445312,87244.0,42.46381378173828,867,1
StandardGSGP,ba474686-ad26-11ef-9fee-e4a8dfc2a9a8,airfoil,5,94,42.82710647583008,0.0685117244720459,87916.0,42.47793197631836,873,1
StandardGSGP,ba474686-ad26-11ef-9fee-e4a8dfc2a9a8,airfoil,5,95,42.159080505371094,0.06834173202514648,88474.0,41.773193359375,875,1
StandardGSGP,ba474686-ad26-11ef-9fee-e4a8dfc2a9a8,airfoil,5,96,42.159080505371094,0.07080292701721191,88950.0,41.773193359375,875,1
StandardGSGP,ba474686-ad26-11ef-9fee-e4a8dfc2a9a8,airfoil,5,97,41.889984130859375,0.07144331932067871,89814.0,41.50690841674805,897,1
StandardGSGP,ba474686-ad26-11ef-9fee-e4a8dfc2a9a8,airfoil,5,98,41.47020721435547,0.07099747657775879,90812.0,41.08203125,919,1
StandardGSGP,ba474686-ad26-11ef-9fee-e4a8dfc2a9a8,airfoil,5,99,41.153385162353516,0.0748598575592041,91850.0,40.748687744140625,935,1
StandardGSGP,ba474686-ad26-11ef-9fee-e4a8dfc2a9a8,airfoil,5,100,40.67243194580078,0.06925654411315918,92862.0,40.25474548339844,941,1
