StandardGSGP,55149fae-aced-11ef-a387-8863df8a28b9,airfoil,14,0,0.4333193898200989,0.33440399169921875,6304.0,0.43159401416778564,7,1
StandardGSGP,55149fae-aced-11ef-a387-8863df8a28b9,airfoil,14,1,0.28583666682243347,0.09009814262390137,3054.0,0.26472967863082886,9,1
StandardGSGP,55149fae-aced-11ef-a387-8863df8a28b9,airfoil,14,2,0.2668144702911377,0.09126591682434082,3084.0,0.2706294357776642,27,1
StandardGSGP,55149fae-aced-11ef-a387-8863df8a28b9,airfoil,14,3,0.23722580075263977,0.0964655876159668,4762.0,0.23011672496795654,63,1
StandardGSGP,55149fae-aced-11ef-a387-8863df8a28b9,airfoil,14,4,0.21767352521419525,0.09053206443786621,6036.0,0.19343125820159912,73,1
StandardGSGP,55149fae-aced-11ef-a387-8863df8a28b9,airfoil,14,5,0.1900966912508011,0.09414529800415039,6926.0,0.19017748534679413,63,1
StandardGSGP,55149fae-aced-11ef-a387-8863df8a28b9,airfoil,14,6,0.1900966912508011,0.08524942398071289,7622.0,0.19017748534679413,63,1
StandardGSGP,55149fae-aced-11ef-a387-8863df8a28b9,airfoil,14,7,0.1900966912508011,0.08774900436401367,8656.0,0.19017748534679413,63,1
StandardGSGP,55149fae-aced-11ef-a387-8863df8a28b9,airfoil,14,8,0.1900966912508011,0.09668946266174316,9700.0,0.19017748534679413,63,1
StandardGSGP,55149fae-aced-11ef-a387-8863df8a28b9,airfoil,14,9,0.18159297108650208,0.08961319923400879,11314.0,0.17395935952663422,101,1
StandardGSGP,55149fae-aced-11ef-a387-8863df8a28b9,airfoil,14,10,0.1811133772134781,0.09218215942382812,12574.0,0.18351371586322784,117,1
StandardGSGP,55149fae-aced-11ef-a387-8863df8a28b9,airfoil,14,11,0.1811133772134781,0.08868050575256348,13350.0,0.18351371586322784,117,1
StandardGSGP,55149fae-aced-11ef-a387-8863df8a28b9,airfoil,14,12,0.17245864868164062,0.08910083770751953,13858.0,0.1699090451002121,131,1
StandardGSGP,55149fae-aced-11ef-a387-8863df8a28b9,airfoil,14,13,0.166824609041214,0.0909574031829834,14446.0,0.15943822264671326,123,1
StandardGSGP,55149fae-aced-11ef-a387-8863df8a28b9,airfoil,14,14,0.16637295484542847,0.07917118072509766,15150.0,0.16594122350215912,153,1
StandardGSGP,55149fae-aced-11ef-a387-8863df8a28b9,airfoil,14,15,0.16275884211063385,0.09486746788024902,16108.0,0.16707903146743774,161,1
StandardGSGP,55149fae-aced-11ef-a387-8863df8a28b9,airfoil,14,16,0.16166149079799652,0.08692049980163574,17086.0,0.16350418329238892,167,1
StandardGSGP,55149fae-aced-11ef-a387-8863df8a28b9,airfoil,14,17,0.16166149079799652,0.08776497840881348,17816.0,0.16350418329238892,167,1
StandardGSGP,55149fae-aced-11ef-a387-8863df8a28b9,airfoil,14,18,0.16166149079799652,0.07978415489196777,18158.0,0.16350418329238892,167,1
StandardGSGP,55149fae-aced-11ef-a387-8863df8a28b9,airfoil,14,19,0.1592479795217514,0.08676910400390625,19422.0,0.158675417304039,201,1
StandardGSGP,55149fae-aced-11ef-a387-8863df8a28b9,airfoil,14,20,0.1592479795217514,0.09075689315795898,20116.0,0.158675417304039,201,1
StandardGSGP,55149fae-aced-11ef-a387-8863df8a28b9,airfoil,14,21,0.1590174287557602,0.0937502384185791,21064.0,0.16115015745162964,233,1
StandardGSGP,55149fae-aced-11ef-a387-8863df8a28b9,airfoil,14,22,0.15571002662181854,0.09075498580932617,22388.0,0.1631661355495453,245,1
StandardGSGP,55149fae-aced-11ef-a387-8863df8a28b9,airfoil,14,23,0.15537172555923462,0.08377456665039062,23148.0,0.16380290687084198,251,1
StandardGSGP,55149fae-aced-11ef-a387-8863df8a28b9,airfoil,14,24,0.15537172555923462,0.09075546264648438,23874.0,0.16380290687084198,251,1
StandardGSGP,55149fae-aced-11ef-a387-8863df8a28b9,airfoil,14,25,0.15537172555923462,0.09075736999511719,24886.0,0.16380290687084198,251,1
StandardGSGP,55149fae-aced-11ef-a387-8863df8a28b9,airfoil,14,26,0.15423351526260376,0.08676767349243164,26052.0,0.15906842052936554,281,1
StandardGSGP,55149fae-aced-11ef-a387-8863df8a28b9,airfoil,14,27,0.14726610481739044,0.08676481246948242,27064.0,0.15079163014888763,257,1
StandardGSGP,55149fae-aced-11ef-a387-8863df8a28b9,airfoil,14,28,0.14693064987659454,0.08477187156677246,28096.0,0.14866656064987183,263,1
StandardGSGP,55149fae-aced-11ef-a387-8863df8a28b9,airfoil,14,29,0.1469092071056366,0.08776497840881348,29122.0,0.15165546536445618,275,1
StandardGSGP,55149fae-aced-11ef-a387-8863df8a28b9,airfoil,14,30,0.1469092071056366,0.0997312068939209,30068.0,0.15165546536445618,275,1
StandardGSGP,55149fae-aced-11ef-a387-8863df8a28b9,airfoil,14,31,0.1469092071056366,0.0867612361907959,30844.0,0.15165546536445618,275,1
StandardGSGP,55149fae-aced-11ef-a387-8863df8a28b9,airfoil,14,32,0.1469092071056366,0.09175562858581543,31604.0,0.15165546536445618,275,1
StandardGSGP,55149fae-aced-11ef-a387-8863df8a28b9,airfoil,14,33,0.1469092071056366,0.09075593948364258,32214.0,0.15165546536445618,275,1
StandardGSGP,55149fae-aced-11ef-a387-8863df8a28b9,airfoil,14,34,0.1469092071056366,0.10671401023864746,32602.0,0.15165546536445618,275,1
StandardGSGP,55149fae-aced-11ef-a387-8863df8a28b9,airfoil,14,35,0.1469092071056366,0.09574365615844727,33964.0,0.15165546536445618,275,1
StandardGSGP,55149fae-aced-11ef-a387-8863df8a28b9,airfoil,14,36,0.1469092071056366,0.08975958824157715,34674.0,0.15165546536445618,275,1
StandardGSGP,55149fae-aced-11ef-a387-8863df8a28b9,airfoil,14,37,0.14413098990917206,0.0907595157623291,35338.0,0.14677828550338745,307,1
StandardGSGP,55149fae-aced-11ef-a387-8863df8a28b9,airfoil,14,38,0.14413098990917206,0.08776545524597168,35388.0,0.14677828550338745,307,1
StandardGSGP,55149fae-aced-11ef-a387-8863df8a28b9,airfoil,14,39,0.14413098990917206,0.09274792671203613,34838.0,0.14677828550338745,307,1
StandardGSGP,55149fae-aced-11ef-a387-8863df8a28b9,airfoil,14,40,0.14406056702136993,0.08477091789245605,35114.0,0.148559108376503,315,1
StandardGSGP,55149fae-aced-11ef-a387-8863df8a28b9,airfoil,14,41,0.14406056702136993,0.09175300598144531,36062.0,0.148559108376503,315,1
StandardGSGP,55149fae-aced-11ef-a387-8863df8a28b9,airfoil,14,42,0.14406056702136993,0.09075665473937988,36870.0,0.148559108376503,315,1
StandardGSGP,55149fae-aced-11ef-a387-8863df8a28b9,airfoil,14,43,0.14406056702136993,0.0907597541809082,38244.0,0.148559108376503,315,1
StandardGSGP,55149fae-aced-11ef-a387-8863df8a28b9,airfoil,14,44,0.14406056702136993,0.09175276756286621,38586.0,0.148559108376503,315,1
StandardGSGP,55149fae-aced-11ef-a387-8863df8a28b9,airfoil,14,45,0.14383532106876373,0.08676934242248535,38766.0,0.1481969654560089,333,1
StandardGSGP,55149fae-aced-11ef-a387-8863df8a28b9,airfoil,14,46,0.14206825196743011,0.0857706069946289,38618.0,0.14638590812683105,331,1
StandardGSGP,55149fae-aced-11ef-a387-8863df8a28b9,airfoil,14,47,0.14191536605358124,0.0967416763305664,38634.0,0.1454562544822693,341,1
StandardGSGP,55149fae-aced-11ef-a387-8863df8a28b9,airfoil,14,48,0.14172738790512085,0.09274649620056152,38518.0,0.13562458753585815,355,1
StandardGSGP,55149fae-aced-11ef-a387-8863df8a28b9,airfoil,14,49,0.14172738790512085,0.08975934982299805,39476.0,0.13562458753585815,355,1
StandardGSGP,55149fae-aced-11ef-a387-8863df8a28b9,airfoil,14,50,0.14172738790512085,0.08676433563232422,40174.0,0.13562458753585815,355,1
StandardGSGP,55149fae-aced-11ef-a387-8863df8a28b9,airfoil,14,51,0.14172738790512085,0.08976316452026367,41736.0,0.13562458753585815,355,1
StandardGSGP,55149fae-aced-11ef-a387-8863df8a28b9,airfoil,14,52,0.14172738790512085,0.09274768829345703,42220.0,0.13562458753585815,355,1
StandardGSGP,55149fae-aced-11ef-a387-8863df8a28b9,airfoil,14,53,0.14172738790512085,0.08876156806945801,42530.0,0.13562458753585815,355,1
StandardGSGP,55149fae-aced-11ef-a387-8863df8a28b9,airfoil,14,54,0.14172738790512085,0.08976316452026367,43554.0,0.13562458753585815,355,1
StandardGSGP,55149fae-aced-11ef-a387-8863df8a28b9,airfoil,14,55,0.14172738790512085,0.08975791931152344,43898.0,0.13562458753585815,355,1
StandardGSGP,55149fae-aced-11ef-a387-8863df8a28b9,airfoil,14,56,0.14172738790512085,0.09773898124694824,44726.0,0.13562458753585815,355,1
StandardGSGP,55149fae-aced-11ef-a387-8863df8a28b9,airfoil,14,57,0.14172738790512085,0.08875727653503418,44456.0,0.13562458753585815,355,1
StandardGSGP,55149fae-aced-11ef-a387-8863df8a28b9,airfoil,14,58,0.14169736206531525,0.19473791122436523,43920.0,0.13561579585075378,361,1
StandardGSGP,55149fae-aced-11ef-a387-8863df8a28b9,airfoil,14,59,0.14169736206531525,0.09083771705627441,43448.0,0.13561579585075378,361,1
StandardGSGP,55149fae-aced-11ef-a387-8863df8a28b9,airfoil,14,60,0.14169736206531525,0.08618712425231934,43990.0,0.13561579585075378,361,1
StandardGSGP,55149fae-aced-11ef-a387-8863df8a28b9,airfoil,14,61,0.14078162610530853,0.09943652153015137,44730.0,0.13605643808841705,371,1
StandardGSGP,55149fae-aced-11ef-a387-8863df8a28b9,airfoil,14,62,0.14078162610530853,0.09508013725280762,44328.0,0.13605643808841705,371,1
StandardGSGP,55149fae-aced-11ef-a387-8863df8a28b9,airfoil,14,63,0.14036855101585388,0.09124302864074707,44844.0,0.14157052338123322,389,1
StandardGSGP,55149fae-aced-11ef-a387-8863df8a28b9,airfoil,14,64,0.14036855101585388,0.09652972221374512,44522.0,0.14157052338123322,389,1
StandardGSGP,55149fae-aced-11ef-a387-8863df8a28b9,airfoil,14,65,0.14028260111808777,0.09089493751525879,43874.0,0.1413746029138565,397,1
StandardGSGP,55149fae-aced-11ef-a387-8863df8a28b9,airfoil,14,66,0.14028260111808777,0.08479046821594238,44250.0,0.1413746029138565,397,1
StandardGSGP,55149fae-aced-11ef-a387-8863df8a28b9,airfoil,14,67,0.14028260111808777,0.09107112884521484,44534.0,0.1413746029138565,397,1
StandardGSGP,55149fae-aced-11ef-a387-8863df8a28b9,airfoil,14,68,0.14028260111808777,0.09093809127807617,45116.0,0.1413746029138565,397,1
StandardGSGP,55149fae-aced-11ef-a387-8863df8a28b9,airfoil,14,69,0.14028260111808777,0.07877278327941895,45922.0,0.1413746029138565,397,1
StandardGSGP,55149fae-aced-11ef-a387-8863df8a28b9,airfoil,14,70,0.14028260111808777,0.09395766258239746,46812.0,0.1413746029138565,397,1
StandardGSGP,55149fae-aced-11ef-a387-8863df8a28b9,airfoil,14,71,0.14028260111808777,0.08729290962219238,47828.0,0.1413746029138565,397,1
StandardGSGP,55149fae-aced-11ef-a387-8863df8a28b9,airfoil,14,72,0.14028260111808777,0.08800363540649414,48144.0,0.1413746029138565,397,1
StandardGSGP,55149fae-aced-11ef-a387-8863df8a28b9,airfoil,14,73,0.14028260111808777,0.09920263290405273,48350.0,0.1413746029138565,397,1
StandardGSGP,55149fae-aced-11ef-a387-8863df8a28b9,airfoil,14,74,0.14028260111808777,0.08993411064147949,47904.0,0.1413746029138565,397,1
StandardGSGP,55149fae-aced-11ef-a387-8863df8a28b9,airfoil,14,75,0.14028260111808777,0.0888833999633789,47978.0,0.1413746029138565,397,1
StandardGSGP,55149fae-aced-11ef-a387-8863df8a28b9,airfoil,14,76,0.14028260111808777,0.0861063003540039,48842.0,0.1413746029138565,397,1
StandardGSGP,55149fae-aced-11ef-a387-8863df8a28b9,airfoil,14,77,0.14028260111808777,0.09652042388916016,50392.0,0.1413746029138565,397,1
StandardGSGP,55149fae-aced-11ef-a387-8863df8a28b9,airfoil,14,78,0.13844884932041168,0.08680415153503418,51036.0,0.13749435544013977,411,1
StandardGSGP,55149fae-aced-11ef-a387-8863df8a28b9,airfoil,14,79,0.13844884932041168,0.09647536277770996,51478.0,0.13749435544013977,411,1
StandardGSGP,55149fae-aced-11ef-a387-8863df8a28b9,airfoil,14,80,0.13844884932041168,0.08489298820495605,51468.0,0.13749435544013977,411,1
StandardGSGP,55149fae-aced-11ef-a387-8863df8a28b9,airfoil,14,81,0.13844884932041168,0.08477282524108887,51982.0,0.13749435544013977,411,1
StandardGSGP,55149fae-aced-11ef-a387-8863df8a28b9,airfoil,14,82,0.13844485580921173,0.09175920486450195,51176.0,0.13745906949043274,417,1
StandardGSGP,55149fae-aced-11ef-a387-8863df8a28b9,airfoil,14,83,0.13843683898448944,0.08876442909240723,50832.0,0.13738809525966644,441,1
StandardGSGP,55149fae-aced-11ef-a387-8863df8a28b9,airfoil,14,84,0.13843683898448944,0.09274959564208984,49950.0,0.13738809525966644,441,1
StandardGSGP,55149fae-aced-11ef-a387-8863df8a28b9,airfoil,14,85,0.13843683898448944,0.08975625038146973,48942.0,0.13738809525966644,441,1
StandardGSGP,55149fae-aced-11ef-a387-8863df8a28b9,airfoil,14,86,0.13843683898448944,0.09075617790222168,49324.0,0.13738809525966644,441,1
StandardGSGP,55149fae-aced-11ef-a387-8863df8a28b9,airfoil,14,87,0.13843683898448944,0.09275364875793457,50950.0,0.13738809525966644,441,1
StandardGSGP,55149fae-aced-11ef-a387-8863df8a28b9,airfoil,14,88,0.13843683898448944,0.09075689315795898,52118.0,0.13738809525966644,441,1
StandardGSGP,55149fae-aced-11ef-a387-8863df8a28b9,airfoil,14,89,0.13843683898448944,0.08477377891540527,52346.0,0.13738809525966644,441,1
StandardGSGP,55149fae-aced-11ef-a387-8863df8a28b9,airfoil,14,90,0.13843683898448944,0.09075736999511719,52118.0,0.13738809525966644,441,1
StandardGSGP,55149fae-aced-11ef-a387-8863df8a28b9,airfoil,14,91,0.13843683898448944,0.08776640892028809,52036.0,0.13738809525966644,441,1
StandardGSGP,55149fae-aced-11ef-a387-8863df8a28b9,airfoil,14,92,0.13843683898448944,0.1685497760772705,52438.0,0.13738809525966644,441,1
StandardGSGP,55149fae-aced-11ef-a387-8863df8a28b9,airfoil,14,93,0.13843683898448944,0.09175300598144531,52304.0,0.13738809525966644,441,1
StandardGSGP,55149fae-aced-11ef-a387-8863df8a28b9,airfoil,14,94,0.13843683898448944,0.08676671981811523,53596.0,0.13738809525966644,441,1
StandardGSGP,55149fae-aced-11ef-a387-8863df8a28b9,airfoil,14,95,0.13843683898448944,0.09075760841369629,53734.0,0.13738809525966644,441,1
StandardGSGP,55149fae-aced-11ef-a387-8863df8a28b9,airfoil,14,96,0.13843683898448944,0.08477139472961426,54184.0,0.13738809525966644,441,1
StandardGSGP,55149fae-aced-11ef-a387-8863df8a28b9,airfoil,14,97,0.13843683898448944,0.09075593948364258,54364.0,0.13738809525966644,441,1
StandardGSGP,55149fae-aced-11ef-a387-8863df8a28b9,airfoil,14,98,0.13843683898448944,0.09175443649291992,54514.0,0.13738809525966644,441,1
StandardGSGP,55149fae-aced-11ef-a387-8863df8a28b9,airfoil,14,99,0.13843683898448944,0.08876252174377441,54362.0,0.13738809525966644,441,1
StandardGSGP,55149fae-aced-11ef-a387-8863df8a28b9,airfoil,14,100,0.13843683898448944,0.09375119209289551,55242.0,0.13738809525966644,441,1
StandardGSGP,1a0f007b-acee-11ef-80ca-8863df8a28b9,airfoil,14,0,74.92875671386719,1.9619805812835693,32952.0,74.73633575439453,3,1
StandardGSGP,1a0f007b-acee-11ef-80ca-8863df8a28b9,airfoil,14,1,74.44319152832031,0.1466069221496582,5554.0,74.25000762939453,13,1
StandardGSGP,1a0f007b-acee-11ef-80ca-8863df8a28b9,airfoil,14,2,73.79508209228516,0.12865638732910156,3462.0,73.59112548828125,21,1
StandardGSGP,1a0f007b-acee-11ef-80ca-8863df8a28b9,airfoil,14,3,73.61397552490234,0.118682861328125,3548.0,73.40963745117188,29,1
StandardGSGP,1a0f007b-acee-11ef-80ca-8863df8a28b9,airfoil,14,4,72.71522521972656,0.12067675590515137,4518.0,72.51390838623047,37,1
StandardGSGP,1a0f007b-acee-11ef-80ca-8863df8a28b9,airfoil,14,5,72.09814453125,0.23636388778686523,5334.0,71.89210510253906,51,1
StandardGSGP,1a0f007b-acee-11ef-80ca-8863df8a28b9,airfoil,14,6,71.91608428955078,0.2044522762298584,6318.0,71.69703674316406,85,1
StandardGSGP,1a0f007b-acee-11ef-80ca-8863df8a28b9,airfoil,14,7,71.52604675292969,0.13165044784545898,7054.0,71.32276916503906,77,1
StandardGSGP,1a0f007b-acee-11ef-80ca-8863df8a28b9,airfoil,14,8,71.24080657958984,0.1216733455657959,7690.0,71.02859497070312,61,1
StandardGSGP,1a0f007b-acee-11ef-80ca-8863df8a28b9,airfoil,14,9,70.65199279785156,0.11768221855163574,8842.0,70.42432403564453,79,1
StandardGSGP,1a0f007b-acee-11ef-80ca-8863df8a28b9,airfoil,14,10,70.31597137451172,0.12267446517944336,10274.0,70.08529663085938,125,1
StandardGSGP,1a0f007b-acee-11ef-80ca-8863df8a28b9,airfoil,14,11,69.92263793945312,0.11569023132324219,11606.0,69.68854522705078,131,1
StandardGSGP,1a0f007b-acee-11ef-80ca-8863df8a28b9,airfoil,14,12,69.26852416992188,0.12067580223083496,12538.0,69.02757263183594,95,1
StandardGSGP,1a0f007b-acee-11ef-80ca-8863df8a28b9,airfoil,14,13,68.57068634033203,0.13164663314819336,12860.0,68.29105377197266,155,1
StandardGSGP,1a0f007b-acee-11ef-80ca-8863df8a28b9,airfoil,14,14,68.19701385498047,0.11269879341125488,13518.0,67.91175842285156,165,1
StandardGSGP,1a0f007b-acee-11ef-80ca-8863df8a28b9,airfoil,14,15,67.47078704833984,0.09275245666503906,15818.0,67.18399047851562,175,1
StandardGSGP,1a0f007b-acee-11ef-80ca-8863df8a28b9,airfoil,14,16,67.23280334472656,0.148604154586792,18032.0,66.95065307617188,183,1
StandardGSGP,1a0f007b-acee-11ef-80ca-8863df8a28b9,airfoil,14,17,66.68126678466797,0.10771036148071289,19448.0,66.39274597167969,189,1
StandardGSGP,1a0f007b-acee-11ef-80ca-8863df8a28b9,airfoil,14,18,66.38642883300781,0.10671186447143555,20820.0,66.09443664550781,197,1
StandardGSGP,1a0f007b-acee-11ef-80ca-8863df8a28b9,airfoil,14,19,65.84272003173828,0.08876180648803711,21642.0,65.53839874267578,209,1
StandardGSGP,1a0f007b-acee-11ef-80ca-8863df8a28b9,airfoil,14,20,65.4194564819336,0.13164782524108887,22634.0,65.08779907226562,249,1
StandardGSGP,1a0f007b-acee-11ef-80ca-8863df8a28b9,airfoil,14,21,65.23474884033203,0.12666082382202148,24242.0,64.9073257446289,253,1
StandardGSGP,1a0f007b-acee-11ef-80ca-8863df8a28b9,airfoil,14,22,64.64180755615234,0.15358924865722656,25830.0,64.29928588867188,271,1
StandardGSGP,1a0f007b-acee-11ef-80ca-8863df8a28b9,airfoil,14,23,63.764286041259766,0.13463997840881348,26824.0,63.41838455200195,277,1
StandardGSGP,1a0f007b-acee-11ef-80ca-8863df8a28b9,airfoil,14,24,63.03445053100586,0.16455912590026855,28400.0,62.67172622680664,289,1
StandardGSGP,1a0f007b-acee-11ef-80ca-8863df8a28b9,airfoil,14,25,63.03445053100586,0.09529280662536621,29596.0,62.67172622680664,289,1
StandardGSGP,1a0f007b-acee-11ef-80ca-8863df8a28b9,airfoil,14,26,62.8940315246582,0.14076590538024902,30764.0,62.53092956542969,313,1
StandardGSGP,1a0f007b-acee-11ef-80ca-8863df8a28b9,airfoil,14,27,62.521915435791016,0.11573934555053711,31836.0,62.16482925415039,329,1
StandardGSGP,1a0f007b-acee-11ef-80ca-8863df8a28b9,airfoil,14,28,61.915103912353516,0.18162894248962402,33136.0,61.547088623046875,339,1
StandardGSGP,1a0f007b-acee-11ef-80ca-8863df8a28b9,airfoil,14,29,61.41066360473633,0.14331960678100586,34394.0,61.05705642700195,347,1
StandardGSGP,1a0f007b-acee-11ef-80ca-8863df8a28b9,airfoil,14,30,61.28957748413086,0.16449832916259766,36082.0,60.94713592529297,353,1
StandardGSGP,1a0f007b-acee-11ef-80ca-8863df8a28b9,airfoil,14,31,60.68737030029297,0.16357636451721191,37314.0,60.310523986816406,383,1
StandardGSGP,1a0f007b-acee-11ef-80ca-8863df8a28b9,airfoil,14,32,60.44944381713867,0.1719987392425537,38178.0,60.07139205932617,383,1
StandardGSGP,1a0f007b-acee-11ef-80ca-8863df8a28b9,airfoil,14,33,59.961875915527344,0.16808176040649414,39320.0,59.58926773071289,387,1
StandardGSGP,1a0f007b-acee-11ef-80ca-8863df8a28b9,airfoil,14,34,59.61610794067383,0.1221160888671875,40444.0,59.230934143066406,397,1
StandardGSGP,1a0f007b-acee-11ef-80ca-8863df8a28b9,airfoil,14,35,59.22020721435547,0.16147208213806152,41174.0,58.845401763916016,405,1
StandardGSGP,1a0f007b-acee-11ef-80ca-8863df8a28b9,airfoil,14,36,58.976741790771484,0.1790175437927246,42058.0,58.584171295166016,417,1
StandardGSGP,1a0f007b-acee-11ef-80ca-8863df8a28b9,airfoil,14,37,58.48393249511719,0.1374223232269287,42972.0,58.10129165649414,425,1
StandardGSGP,1a0f007b-acee-11ef-80ca-8863df8a28b9,airfoil,14,38,57.869876861572266,0.15767931938171387,44146.0,57.444175720214844,435,1
StandardGSGP,1a0f007b-acee-11ef-80ca-8863df8a28b9,airfoil,14,39,57.139530181884766,0.18051624298095703,45322.0,56.7342529296875,453,1
StandardGSGP,1a0f007b-acee-11ef-80ca-8863df8a28b9,airfoil,14,40,57.092376708984375,0.16655397415161133,46232.0,56.6651611328125,467,1
StandardGSGP,1a0f007b-acee-11ef-80ca-8863df8a28b9,airfoil,14,41,56.38758087158203,0.1825106143951416,47306.0,55.945350646972656,503,1
StandardGSGP,1a0f007b-acee-11ef-80ca-8863df8a28b9,airfoil,14,42,55.99098205566406,0.2044534683227539,48500.0,55.54893112182617,485,1
StandardGSGP,1a0f007b-acee-11ef-80ca-8863df8a28b9,airfoil,14,43,55.69846725463867,0.13663482666015625,49744.0,55.266605377197266,489,1
StandardGSGP,1a0f007b-acee-11ef-80ca-8863df8a28b9,airfoil,14,44,55.32926940917969,0.11568927764892578,51098.0,54.87588882446289,507,1
StandardGSGP,1a0f007b-acee-11ef-80ca-8863df8a28b9,airfoil,14,45,54.65315628051758,0.11469197273254395,52434.0,54.213958740234375,527,1
StandardGSGP,1a0f007b-acee-11ef-80ca-8863df8a28b9,airfoil,14,46,54.15056610107422,0.1186823844909668,53490.0,53.70103454589844,529,1
StandardGSGP,1a0f007b-acee-11ef-80ca-8863df8a28b9,airfoil,14,47,53.72514724731445,0.11269807815551758,54464.0,53.27397537231445,545,1
StandardGSGP,1a0f007b-acee-11ef-80ca-8863df8a28b9,airfoil,14,48,53.38946533203125,0.22539591789245605,55604.0,52.94938278198242,557,1
StandardGSGP,1a0f007b-acee-11ef-80ca-8863df8a28b9,airfoil,14,49,53.033714294433594,0.1186819076538086,56514.0,52.57258605957031,569,1
StandardGSGP,1a0f007b-acee-11ef-80ca-8863df8a28b9,airfoil,14,50,52.70511245727539,0.13264727592468262,57862.0,52.257545471191406,583,1
StandardGSGP,1a0f007b-acee-11ef-80ca-8863df8a28b9,airfoil,14,51,52.286766052246094,0.12575459480285645,58912.0,51.79335021972656,607,1
StandardGSGP,1a0f007b-acee-11ef-80ca-8863df8a28b9,airfoil,14,52,51.873695373535156,0.11469316482543945,60122.0,51.404415130615234,625,1
StandardGSGP,1a0f007b-acee-11ef-80ca-8863df8a28b9,airfoil,14,53,51.35555648803711,0.1216745376586914,61782.0,50.85890579223633,645,1
StandardGSGP,1a0f007b-acee-11ef-80ca-8863df8a28b9,airfoil,14,54,51.169700622558594,0.12366700172424316,63892.0,50.704193115234375,633,1
StandardGSGP,1a0f007b-acee-11ef-80ca-8863df8a28b9,airfoil,14,55,50.80847930908203,0.10372018814086914,65496.0,50.28700256347656,651,1
StandardGSGP,1a0f007b-acee-11ef-80ca-8863df8a28b9,airfoil,14,56,49.887447357177734,0.09973406791687012,66686.0,49.361663818359375,659,1
StandardGSGP,1a0f007b-acee-11ef-80ca-8863df8a28b9,airfoil,14,57,49.38011169433594,0.14262008666992188,67660.0,48.89867401123047,667,1
StandardGSGP,1a0f007b-acee-11ef-80ca-8863df8a28b9,airfoil,14,58,49.2812385559082,0.13862824440002441,68432.0,48.799434661865234,673,1
StandardGSGP,1a0f007b-acee-11ef-80ca-8863df8a28b9,airfoil,14,59,48.354454040527344,0.1685500144958496,69262.0,47.86825942993164,679,1
StandardGSGP,1a0f007b-acee-11ef-80ca-8863df8a28b9,airfoil,14,60,48.20735549926758,0.10771036148071289,70578.0,47.71812438964844,691,1
StandardGSGP,1a0f007b-acee-11ef-80ca-8863df8a28b9,airfoil,14,61,47.845340728759766,0.1077115535736084,71414.0,47.35001754760742,717,1
StandardGSGP,1a0f007b-acee-11ef-80ca-8863df8a28b9,airfoil,14,62,47.35718536376953,0.09773564338684082,72224.0,46.84455871582031,719,1
StandardGSGP,1a0f007b-acee-11ef-80ca-8863df8a28b9,airfoil,14,63,46.948341369628906,0.0877680778503418,73542.0,46.41142272949219,761,1
StandardGSGP,1a0f007b-acee-11ef-80ca-8863df8a28b9,airfoil,14,64,46.28084182739258,0.1964719295501709,74408.0,45.77171325683594,743,1
