StandardGSGP,c842b44e-ad3b-11ef-b196-e4a8dfc2a9a8,forest_fires,25,0,0.2565116286277771,0.04155683517456055,848.0,0.24958257377147675,5,1
StandardGSGP,c842b44e-ad3b-11ef-b196-e4a8dfc2a9a8,forest_fires,25,1,0.21638883650302887,0.04950690269470215,1284.0,0.21950572729110718,9,1
StandardGSGP,c842b44e-ad3b-11ef-b196-e4a8dfc2a9a8,forest_fires,25,2,0.21543997526168823,0.05100250244140625,1934.0,0.21809495985507965,15,1
StandardGSGP,c842b44e-ad3b-11ef-b196-e4a8dfc2a9a8,forest_fires,25,3,0.20253847539424896,0.12902307510375977,2576.0,0.22090555727481842,25,1
StandardGSGP,c842b44e-ad3b-11ef-b196-e4a8dfc2a9a8,forest_fires,25,4,0.20253847539424896,0.04999876022338867,3152.0,0.22090555727481842,25,1
StandardGSGP,c842b44e-ad3b-11ef-b196-e4a8dfc2a9a8,forest_fires,25,5,0.20189513266086578,0.05388951301574707,3664.0,0.2154817432165146,31,1
StandardGSGP,c842b44e-ad3b-11ef-b196-e4a8dfc2a9a8,forest_fires,25,6,0.20189513266086578,0.0510716438293457,4346.0,0.2154817432165146,31,1
StandardGSGP,c842b44e-ad3b-11ef-b196-e4a8dfc2a9a8,forest_fires,25,7,0.20186057686805725,0.05400395393371582,4964.0,0.22043201327323914,45,1
StandardGSGP,c842b44e-ad3b-11ef-b196-e4a8dfc2a9a8,forest_fires,25,8,0.20186057686805725,0.04925870895385742,5524.0,0.22043201327323914,45,1
StandardGSGP,c842b44e-ad3b-11ef-b196-e4a8dfc2a9a8,forest_fires,25,9,0.20186057686805725,0.05099964141845703,6120.0,0.22043201327323914,45,1
StandardGSGP,c842b44e-ad3b-11ef-b196-e4a8dfc2a9a8,forest_fires,25,10,0.20186057686805725,0.05051302909851074,6820.0,0.22043201327323914,45,1
StandardGSGP,c842b44e-ad3b-11ef-b196-e4a8dfc2a9a8,forest_fires,25,11,0.20186057686805725,0.05099844932556152,7392.0,0.22043201327323914,45,1
StandardGSGP,c842b44e-ad3b-11ef-b196-e4a8dfc2a9a8,forest_fires,25,12,0.20186057686805725,0.0495295524597168,8172.0,0.22043201327323914,45,1
StandardGSGP,c842b44e-ad3b-11ef-b196-e4a8dfc2a9a8,forest_fires,25,13,0.20163418352603912,0.05207085609436035,8660.0,0.21986600756645203,51,1
StandardGSGP,c842b44e-ad3b-11ef-b196-e4a8dfc2a9a8,forest_fires,25,14,0.20163418352603912,0.05135822296142578,8902.0,0.21986600756645203,51,1
StandardGSGP,c842b44e-ad3b-11ef-b196-e4a8dfc2a9a8,forest_fires,25,15,0.20163418352603912,0.04999852180480957,9258.0,0.21986600756645203,51,1
StandardGSGP,c842b44e-ad3b-11ef-b196-e4a8dfc2a9a8,forest_fires,25,16,0.20163418352603912,0.04951143264770508,9664.0,0.21986600756645203,51,1
StandardGSGP,c842b44e-ad3b-11ef-b196-e4a8dfc2a9a8,forest_fires,25,17,0.2014087289571762,0.052000999450683594,9942.0,0.21720342338085175,57,1
StandardGSGP,c842b44e-ad3b-11ef-b196-e4a8dfc2a9a8,forest_fires,25,18,0.20136331021785736,0.05574226379394531,9786.0,0.21710170805454254,63,1
StandardGSGP,c842b44e-ad3b-11ef-b196-e4a8dfc2a9a8,forest_fires,25,19,0.20136331021785736,0.054290771484375,9614.0,0.21710170805454254,63,1
StandardGSGP,c842b44e-ad3b-11ef-b196-e4a8dfc2a9a8,forest_fires,25,20,0.20136331021785736,0.05250740051269531,9654.0,0.21710170805454254,63,1
StandardGSGP,c842b44e-ad3b-11ef-b196-e4a8dfc2a9a8,forest_fires,25,21,0.2012736052274704,0.052004098892211914,9480.0,0.21825459599494934,69,1
StandardGSGP,c842b44e-ad3b-11ef-b196-e4a8dfc2a9a8,forest_fires,25,22,0.2012736052274704,0.05450844764709473,9788.0,0.21825459599494934,69,1
StandardGSGP,c842b44e-ad3b-11ef-b196-e4a8dfc2a9a8,forest_fires,25,23,0.20101375877857208,0.05252265930175781,10040.0,0.2155844271183014,75,1
StandardGSGP,c842b44e-ad3b-11ef-b196-e4a8dfc2a9a8,forest_fires,25,24,0.20101375877857208,0.04916977882385254,10536.0,0.2155844271183014,75,1
StandardGSGP,c842b44e-ad3b-11ef-b196-e4a8dfc2a9a8,forest_fires,25,25,0.20100103318691254,0.0558626651763916,10766.0,0.21533295512199402,81,1
StandardGSGP,c842b44e-ad3b-11ef-b196-e4a8dfc2a9a8,forest_fires,25,26,0.20092016458511353,0.05300426483154297,10724.0,0.21595409512519836,87,1
StandardGSGP,c842b44e-ad3b-11ef-b196-e4a8dfc2a9a8,forest_fires,25,27,0.20073696970939636,0.054520368576049805,10960.0,0.2161599099636078,87,1
StandardGSGP,c842b44e-ad3b-11ef-b196-e4a8dfc2a9a8,forest_fires,25,28,0.20073696970939636,0.049880027770996094,11222.0,0.2161599099636078,87,1
StandardGSGP,c842b44e-ad3b-11ef-b196-e4a8dfc2a9a8,forest_fires,25,29,0.20073696970939636,0.051511526107788086,11620.0,0.2161599099636078,87,1
StandardGSGP,c842b44e-ad3b-11ef-b196-e4a8dfc2a9a8,forest_fires,25,30,0.20073696970939636,0.04900050163269043,12374.0,0.2161599099636078,87,1
StandardGSGP,c842b44e-ad3b-11ef-b196-e4a8dfc2a9a8,forest_fires,25,31,0.20073696970939636,0.050676584243774414,12412.0,0.2161599099636078,87,1
StandardGSGP,c842b44e-ad3b-11ef-b196-e4a8dfc2a9a8,forest_fires,25,32,0.20067894458770752,0.05142021179199219,12286.0,0.21651239693164825,93,1
StandardGSGP,c842b44e-ad3b-11ef-b196-e4a8dfc2a9a8,forest_fires,25,33,0.20043592154979706,0.05132317543029785,12374.0,0.21858927607536316,99,1
StandardGSGP,c842b44e-ad3b-11ef-b196-e4a8dfc2a9a8,forest_fires,25,34,0.20043592154979706,0.05200314521789551,12840.0,0.21858927607536316,99,1
StandardGSGP,c842b44e-ad3b-11ef-b196-e4a8dfc2a9a8,forest_fires,25,35,0.19991713762283325,0.051506996154785156,13188.0,0.21738585829734802,111,1
StandardGSGP,c842b44e-ad3b-11ef-b196-e4a8dfc2a9a8,forest_fires,25,36,0.19991713762283325,0.053003787994384766,13606.0,0.21738585829734802,111,1
StandardGSGP,c842b44e-ad3b-11ef-b196-e4a8dfc2a9a8,forest_fires,25,37,0.19991713762283325,0.05651211738586426,14236.0,0.21738585829734802,111,1
StandardGSGP,c842b44e-ad3b-11ef-b196-e4a8dfc2a9a8,forest_fires,25,38,0.19991713762283325,0.05243706703186035,14636.0,0.21738585829734802,111,1
StandardGSGP,c842b44e-ad3b-11ef-b196-e4a8dfc2a9a8,forest_fires,25,39,0.19991713762283325,0.051999568939208984,15044.0,0.21738585829734802,111,1
StandardGSGP,c842b44e-ad3b-11ef-b196-e4a8dfc2a9a8,forest_fires,25,40,0.19991713762283325,0.05474257469177246,15492.0,0.21738585829734802,111,1
StandardGSGP,c842b44e-ad3b-11ef-b196-e4a8dfc2a9a8,forest_fires,25,41,0.1996096521615982,0.05917716026306152,15480.0,0.215790793299675,117,1
StandardGSGP,c842b44e-ad3b-11ef-b196-e4a8dfc2a9a8,forest_fires,25,42,0.1996096521615982,0.050798654556274414,14962.0,0.215790793299675,117,1
StandardGSGP,c842b44e-ad3b-11ef-b196-e4a8dfc2a9a8,forest_fires,25,43,0.19958454370498657,0.05956220626831055,14948.0,0.2118939310312271,123,1
StandardGSGP,c842b44e-ad3b-11ef-b196-e4a8dfc2a9a8,forest_fires,25,44,0.19958454370498657,0.05876731872558594,15148.0,0.2118939310312271,123,1
StandardGSGP,c842b44e-ad3b-11ef-b196-e4a8dfc2a9a8,forest_fires,25,45,0.19958454370498657,0.05527997016906738,15396.0,0.2118939310312271,123,1
StandardGSGP,c842b44e-ad3b-11ef-b196-e4a8dfc2a9a8,forest_fires,25,46,0.19958454370498657,0.04996967315673828,15714.0,0.2118939310312271,123,1
StandardGSGP,c842b44e-ad3b-11ef-b196-e4a8dfc2a9a8,forest_fires,25,47,0.19958454370498657,0.05051255226135254,16052.0,0.2118939310312271,123,1
StandardGSGP,c842b44e-ad3b-11ef-b196-e4a8dfc2a9a8,forest_fires,25,48,0.19958454370498657,0.058004140853881836,16650.0,0.2118939310312271,123,1
StandardGSGP,c842b44e-ad3b-11ef-b196-e4a8dfc2a9a8,forest_fires,25,49,0.1992928683757782,0.056056976318359375,16902.0,0.22077788412570953,159,1
StandardGSGP,c842b44e-ad3b-11ef-b196-e4a8dfc2a9a8,forest_fires,25,50,0.1992928683757782,0.052994489669799805,17270.0,0.22077788412570953,159,1
StandardGSGP,c842b44e-ad3b-11ef-b196-e4a8dfc2a9a8,forest_fires,25,51,0.1992928683757782,0.0515139102935791,17596.0,0.22077788412570953,159,1
StandardGSGP,c842b44e-ad3b-11ef-b196-e4a8dfc2a9a8,forest_fires,25,52,0.1992928683757782,0.04900240898132324,17924.0,0.22077788412570953,159,1
StandardGSGP,c842b44e-ad3b-11ef-b196-e4a8dfc2a9a8,forest_fires,25,53,0.19895312190055847,0.05150771141052246,18164.0,0.22090882062911987,167,1
StandardGSGP,c842b44e-ad3b-11ef-b196-e4a8dfc2a9a8,forest_fires,25,54,0.19895312190055847,0.05022883415222168,18544.0,0.22090882062911987,167,1
StandardGSGP,c842b44e-ad3b-11ef-b196-e4a8dfc2a9a8,forest_fires,25,55,0.19895312190055847,0.05150628089904785,19026.0,0.22090882062911987,167,1
StandardGSGP,c842b44e-ad3b-11ef-b196-e4a8dfc2a9a8,forest_fires,25,56,0.19895312190055847,0.0555264949798584,19088.0,0.22090882062911987,167,1
StandardGSGP,c842b44e-ad3b-11ef-b196-e4a8dfc2a9a8,forest_fires,25,57,0.19895312190055847,0.057220458984375,19494.0,0.22090882062911987,167,1
StandardGSGP,c842b44e-ad3b-11ef-b196-e4a8dfc2a9a8,forest_fires,25,58,0.19895312190055847,0.06253314018249512,19914.0,0.22090882062911987,167,1
StandardGSGP,c842b44e-ad3b-11ef-b196-e4a8dfc2a9a8,forest_fires,25,59,0.19895312190055847,0.055005550384521484,20430.0,0.22090882062911987,167,1
StandardGSGP,c842b44e-ad3b-11ef-b196-e4a8dfc2a9a8,forest_fires,25,60,0.19895312190055847,0.055529117584228516,21074.0,0.22090882062911987,167,1
StandardGSGP,c842b44e-ad3b-11ef-b196-e4a8dfc2a9a8,forest_fires,25,61,0.19895312190055847,0.05959200859069824,21842.0,0.22090882062911987,167,1
StandardGSGP,c842b44e-ad3b-11ef-b196-e4a8dfc2a9a8,forest_fires,25,62,0.19895312190055847,0.05699896812438965,22404.0,0.22090882062911987,167,1
StandardGSGP,c842b44e-ad3b-11ef-b196-e4a8dfc2a9a8,forest_fires,25,63,0.19895312190055847,0.13951468467712402,22460.0,0.22090882062911987,167,1
StandardGSGP,c842b44e-ad3b-11ef-b196-e4a8dfc2a9a8,forest_fires,25,64,0.19895312190055847,0.06061697006225586,22424.0,0.22090882062911987,167,1
StandardGSGP,c842b44e-ad3b-11ef-b196-e4a8dfc2a9a8,forest_fires,25,65,0.19885851442813873,0.05265545845031738,22616.0,0.2209160327911377,175,1
StandardGSGP,c842b44e-ad3b-11ef-b196-e4a8dfc2a9a8,forest_fires,25,66,0.19885851442813873,0.05350947380065918,22610.0,0.2209160327911377,175,1
StandardGSGP,c842b44e-ad3b-11ef-b196-e4a8dfc2a9a8,forest_fires,25,67,0.19885851442813873,0.059732913970947266,23474.0,0.2209160327911377,175,1
StandardGSGP,c842b44e-ad3b-11ef-b196-e4a8dfc2a9a8,forest_fires,25,68,0.19885851442813873,0.054021358489990234,24738.0,0.2209160327911377,175,1
StandardGSGP,c842b44e-ad3b-11ef-b196-e4a8dfc2a9a8,forest_fires,25,69,0.19885851442813873,0.05628323554992676,24914.0,0.2209160327911377,175,1
StandardGSGP,c842b44e-ad3b-11ef-b196-e4a8dfc2a9a8,forest_fires,25,70,0.19885851442813873,0.0588994026184082,24584.0,0.2209160327911377,175,1
StandardGSGP,c842b44e-ad3b-11ef-b196-e4a8dfc2a9a8,forest_fires,25,71,0.19868341088294983,0.06050276756286621,23550.0,0.2221001833677292,181,1
StandardGSGP,c842b44e-ad3b-11ef-b196-e4a8dfc2a9a8,forest_fires,25,72,0.19868341088294983,0.053511619567871094,24106.0,0.2221001833677292,181,1
StandardGSGP,c842b44e-ad3b-11ef-b196-e4a8dfc2a9a8,forest_fires,25,73,0.1982063502073288,0.053000450134277344,23928.0,0.21909095346927643,193,1
StandardGSGP,c842b44e-ad3b-11ef-b196-e4a8dfc2a9a8,forest_fires,25,74,0.1982063502073288,0.05375981330871582,23418.0,0.21909095346927643,193,1
StandardGSGP,c842b44e-ad3b-11ef-b196-e4a8dfc2a9a8,forest_fires,25,75,0.1982063502073288,0.06892776489257812,23484.0,0.21909095346927643,193,1
StandardGSGP,c842b44e-ad3b-11ef-b196-e4a8dfc2a9a8,forest_fires,25,76,0.1982063502073288,0.05555129051208496,23328.0,0.21909095346927643,193,1
StandardGSGP,c842b44e-ad3b-11ef-b196-e4a8dfc2a9a8,forest_fires,25,77,0.1982063502073288,0.057720184326171875,22786.0,0.21909095346927643,193,1
StandardGSGP,c842b44e-ad3b-11ef-b196-e4a8dfc2a9a8,forest_fires,25,78,0.1982063502073288,0.05916786193847656,23184.0,0.21909095346927643,193,1
StandardGSGP,c842b44e-ad3b-11ef-b196-e4a8dfc2a9a8,forest_fires,25,79,0.1982063502073288,0.06023049354553223,23706.0,0.21909095346927643,193,1
StandardGSGP,c842b44e-ad3b-11ef-b196-e4a8dfc2a9a8,forest_fires,25,80,0.19789953529834747,0.054003000259399414,24142.0,0.22518832981586456,209,1
StandardGSGP,c842b44e-ad3b-11ef-b196-e4a8dfc2a9a8,forest_fires,25,81,0.19789953529834747,0.0562136173248291,24276.0,0.22518832981586456,209,1
StandardGSGP,c842b44e-ad3b-11ef-b196-e4a8dfc2a9a8,forest_fires,25,82,0.19789953529834747,0.06551313400268555,24854.0,0.22518832981586456,209,1
StandardGSGP,c842b44e-ad3b-11ef-b196-e4a8dfc2a9a8,forest_fires,25,83,0.19789953529834747,0.07746577262878418,25186.0,0.22518832981586456,209,1
StandardGSGP,c842b44e-ad3b-11ef-b196-e4a8dfc2a9a8,forest_fires,25,84,0.19789953529834747,0.07820916175842285,25654.0,0.22518832981586456,209,1
StandardGSGP,c842b44e-ad3b-11ef-b196-e4a8dfc2a9a8,forest_fires,25,85,0.19789953529834747,0.057512521743774414,25658.0,0.22518832981586456,209,1
StandardGSGP,c842b44e-ad3b-11ef-b196-e4a8dfc2a9a8,forest_fires,25,86,0.19789953529834747,0.054877281188964844,25270.0,0.22518832981586456,209,1
StandardGSGP,c842b44e-ad3b-11ef-b196-e4a8dfc2a9a8,forest_fires,25,87,0.19789953529834747,0.0557703971862793,25872.0,0.22518832981586456,209,1
StandardGSGP,c842b44e-ad3b-11ef-b196-e4a8dfc2a9a8,forest_fires,25,88,0.19789953529834747,0.05402517318725586,25988.0,0.22518832981586456,209,1
StandardGSGP,c842b44e-ad3b-11ef-b196-e4a8dfc2a9a8,forest_fires,25,89,0.19789953529834747,0.05745267868041992,26226.0,0.22518832981586456,209,1
StandardGSGP,c842b44e-ad3b-11ef-b196-e4a8dfc2a9a8,forest_fires,25,90,0.19789953529834747,0.057507991790771484,26902.0,0.22518832981586456,209,1
StandardGSGP,c842b44e-ad3b-11ef-b196-e4a8dfc2a9a8,forest_fires,25,91,0.19789953529834747,0.05299997329711914,26376.0,0.22518832981586456,209,1
StandardGSGP,c842b44e-ad3b-11ef-b196-e4a8dfc2a9a8,forest_fires,25,92,0.19784903526306152,0.053511857986450195,27140.0,0.22463102638721466,215,1
StandardGSGP,c842b44e-ad3b-11ef-b196-e4a8dfc2a9a8,forest_fires,25,93,0.19784332811832428,0.05676865577697754,26904.0,0.22443325817584991,221,1
StandardGSGP,c842b44e-ad3b-11ef-b196-e4a8dfc2a9a8,forest_fires,25,94,0.19784332811832428,0.051897525787353516,26242.0,0.22443325817584991,221,1
StandardGSGP,c842b44e-ad3b-11ef-b196-e4a8dfc2a9a8,forest_fires,25,95,0.19784332811832428,0.05350899696350098,26204.0,0.22443325817584991,221,1
StandardGSGP,c842b44e-ad3b-11ef-b196-e4a8dfc2a9a8,forest_fires,25,96,0.19784332811832428,0.05299878120422363,25920.0,0.22443325817584991,221,1
StandardGSGP,c842b44e-ad3b-11ef-b196-e4a8dfc2a9a8,forest_fires,25,97,0.19784332811832428,0.054733991622924805,25916.0,0.22443325817584991,221,1
StandardGSGP,c842b44e-ad3b-11ef-b196-e4a8dfc2a9a8,forest_fires,25,98,0.19784332811832428,0.05444908142089844,26570.0,0.22443325817584991,221,1
StandardGSGP,c842b44e-ad3b-11ef-b196-e4a8dfc2a9a8,forest_fires,25,99,0.19784332811832428,0.05399155616760254,26666.0,0.22443325817584991,221,1
StandardGSGP,c842b44e-ad3b-11ef-b196-e4a8dfc2a9a8,forest_fires,25,100,0.19784332811832428,0.06841564178466797,26532.0,0.22443325817584991,221,1
StandardGSGP,2e0a1296-ad3c-11ef-b196-e4a8dfc2a9a8,forest_fires,25,0,1.399068832397461,0.04174351692199707,848.0,1.4030429124832153,7,1
StandardGSGP,2e0a1296-ad3c-11ef-b196-e4a8dfc2a9a8,forest_fires,25,1,1.3907933235168457,0.05299830436706543,1296.0,1.405824899673462,37,1
StandardGSGP,2e0a1296-ad3c-11ef-b196-e4a8dfc2a9a8,forest_fires,25,2,1.3869596719741821,0.05250716209411621,2336.0,1.3998496532440186,13,1
StandardGSGP,2e0a1296-ad3c-11ef-b196-e4a8dfc2a9a8,forest_fires,25,3,1.3805124759674072,0.051003217697143555,3194.0,1.4063260555267334,29,1
StandardGSGP,2e0a1296-ad3c-11ef-b196-e4a8dfc2a9a8,forest_fires,25,4,1.3735642433166504,0.05150651931762695,3956.0,1.4100370407104492,35,1
StandardGSGP,2e0a1296-ad3c-11ef-b196-e4a8dfc2a9a8,forest_fires,25,5,1.3727580308914185,0.04900240898132324,4336.0,1.4087610244750977,43,1
StandardGSGP,2e0a1296-ad3c-11ef-b196-e4a8dfc2a9a8,forest_fires,25,6,1.3699136972427368,0.05207085609436035,4902.0,1.408026099205017,49,1
StandardGSGP,2e0a1296-ad3c-11ef-b196-e4a8dfc2a9a8,forest_fires,25,7,1.3697903156280518,0.05316424369812012,5330.0,1.416757345199585,57,1
StandardGSGP,2e0a1296-ad3c-11ef-b196-e4a8dfc2a9a8,forest_fires,25,8,1.366091251373291,0.051908016204833984,5946.0,1.4338865280151367,61,1
StandardGSGP,2e0a1296-ad3c-11ef-b196-e4a8dfc2a9a8,forest_fires,25,9,1.364093542098999,0.04983210563659668,6642.0,1.4150744676589966,67,1
StandardGSGP,2e0a1296-ad3c-11ef-b196-e4a8dfc2a9a8,forest_fires,25,10,1.3626126050949097,0.04999971389770508,7276.0,1.4146374464035034,73,1
StandardGSGP,2e0a1296-ad3c-11ef-b196-e4a8dfc2a9a8,forest_fires,25,11,1.3610073328018188,0.05102276802062988,7930.0,1.4166580438613892,81,1
StandardGSGP,2e0a1296-ad3c-11ef-b196-e4a8dfc2a9a8,forest_fires,25,12,1.3610073328018188,0.05861806869506836,8622.0,1.4166580438613892,81,1
StandardGSGP,2e0a1296-ad3c-11ef-b196-e4a8dfc2a9a8,forest_fires,25,13,1.3600070476531982,0.060620784759521484,9258.0,1.4128551483154297,87,1
StandardGSGP,2e0a1296-ad3c-11ef-b196-e4a8dfc2a9a8,forest_fires,25,14,1.359333872795105,0.05044746398925781,9846.0,1.4135277271270752,93,1
StandardGSGP,2e0a1296-ad3c-11ef-b196-e4a8dfc2a9a8,forest_fires,25,15,1.356879472732544,0.050508737564086914,10328.0,1.3870049715042114,107,1
StandardGSGP,2e0a1296-ad3c-11ef-b196-e4a8dfc2a9a8,forest_fires,25,16,1.356879472732544,0.05100297927856445,11056.0,1.3870049715042114,107,1
StandardGSGP,2e0a1296-ad3c-11ef-b196-e4a8dfc2a9a8,forest_fires,25,17,1.3553426265716553,0.05350637435913086,11664.0,1.3966500759124756,123,1
StandardGSGP,2e0a1296-ad3c-11ef-b196-e4a8dfc2a9a8,forest_fires,25,18,1.3537828922271729,0.0564577579498291,12422.0,1.4173979759216309,117,1
StandardGSGP,2e0a1296-ad3c-11ef-b196-e4a8dfc2a9a8,forest_fires,25,19,1.3496973514556885,0.0732734203338623,12968.0,1.4331965446472168,119,1
StandardGSGP,2e0a1296-ad3c-11ef-b196-e4a8dfc2a9a8,forest_fires,25,20,1.3496973514556885,0.05171608924865723,13624.0,1.4331965446472168,119,1
StandardGSGP,2e0a1296-ad3c-11ef-b196-e4a8dfc2a9a8,forest_fires,25,21,1.3468748331069946,0.05061793327331543,14176.0,1.4211275577545166,139,1
StandardGSGP,2e0a1296-ad3c-11ef-b196-e4a8dfc2a9a8,forest_fires,25,22,1.343124270439148,0.051508426666259766,14768.0,1.438468098640442,147,1
StandardGSGP,2e0a1296-ad3c-11ef-b196-e4a8dfc2a9a8,forest_fires,25,23,1.3429620265960693,0.052002668380737305,15214.0,1.4386125802993774,153,1
StandardGSGP,2e0a1296-ad3c-11ef-b196-e4a8dfc2a9a8,forest_fires,25,24,1.3429620265960693,0.050679922103881836,15758.0,1.4386125802993774,153,1
StandardGSGP,2e0a1296-ad3c-11ef-b196-e4a8dfc2a9a8,forest_fires,25,25,1.342719554901123,0.05131888389587402,16418.0,1.4382740259170532,159,1
StandardGSGP,2e0a1296-ad3c-11ef-b196-e4a8dfc2a9a8,forest_fires,25,26,1.3403326272964478,0.051506996154785156,17086.0,1.4348376989364624,161,1
StandardGSGP,2e0a1296-ad3c-11ef-b196-e4a8dfc2a9a8,forest_fires,25,27,1.3403326272964478,0.0505063533782959,17672.0,1.4348376989364624,161,1
StandardGSGP,2e0a1296-ad3c-11ef-b196-e4a8dfc2a9a8,forest_fires,25,28,1.3403326272964478,0.053177595138549805,18052.0,1.4348376989364624,161,1
StandardGSGP,2e0a1296-ad3c-11ef-b196-e4a8dfc2a9a8,forest_fires,25,29,1.340177297592163,0.0521085262298584,18566.0,1.4279422760009766,167,1
StandardGSGP,2e0a1296-ad3c-11ef-b196-e4a8dfc2a9a8,forest_fires,25,30,1.338608741760254,0.05499839782714844,19098.0,1.4275084733963013,185,1
StandardGSGP,2e0a1296-ad3c-11ef-b196-e4a8dfc2a9a8,forest_fires,25,31,1.338608741760254,0.05192232131958008,19514.0,1.4275084733963013,185,1
StandardGSGP,2e0a1296-ad3c-11ef-b196-e4a8dfc2a9a8,forest_fires,25,32,1.334963083267212,0.053299665451049805,19964.0,1.4279327392578125,191,1
StandardGSGP,2e0a1296-ad3c-11ef-b196-e4a8dfc2a9a8,forest_fires,25,33,1.3330533504486084,0.052510976791381836,20146.0,1.4310764074325562,197,1
StandardGSGP,2e0a1296-ad3c-11ef-b196-e4a8dfc2a9a8,forest_fires,25,34,1.3328074216842651,0.054000139236450195,20532.0,1.4333242177963257,203,1
StandardGSGP,2e0a1296-ad3c-11ef-b196-e4a8dfc2a9a8,forest_fires,25,35,1.3315585851669312,0.052510976791381836,20814.0,1.4328982830047607,219,1
StandardGSGP,2e0a1296-ad3c-11ef-b196-e4a8dfc2a9a8,forest_fires,25,36,1.3315585851669312,0.053003549575805664,21442.0,1.4328982830047607,219,1
StandardGSGP,2e0a1296-ad3c-11ef-b196-e4a8dfc2a9a8,forest_fires,25,37,1.3306429386138916,0.05251622200012207,22174.0,1.4248875379562378,215,1
StandardGSGP,2e0a1296-ad3c-11ef-b196-e4a8dfc2a9a8,forest_fires,25,38,1.3305957317352295,0.05411481857299805,22898.0,1.4244205951690674,223,1
StandardGSGP,2e0a1296-ad3c-11ef-b196-e4a8dfc2a9a8,forest_fires,25,39,1.3290239572525024,0.05200338363647461,23434.0,1.4289121627807617,221,1
StandardGSGP,2e0a1296-ad3c-11ef-b196-e4a8dfc2a9a8,forest_fires,25,40,1.3290239572525024,0.04993152618408203,23910.0,1.4289121627807617,221,1
StandardGSGP,2e0a1296-ad3c-11ef-b196-e4a8dfc2a9a8,forest_fires,25,41,1.3290239572525024,0.05226278305053711,24492.0,1.4289121627807617,221,1
StandardGSGP,2e0a1296-ad3c-11ef-b196-e4a8dfc2a9a8,forest_fires,25,42,1.32733952999115,0.04951167106628418,24950.0,1.4401729106903076,233,1
StandardGSGP,2e0a1296-ad3c-11ef-b196-e4a8dfc2a9a8,forest_fires,25,43,1.3265786170959473,0.057999372482299805,25486.0,1.4433460235595703,241,1
StandardGSGP,2e0a1296-ad3c-11ef-b196-e4a8dfc2a9a8,forest_fires,25,44,1.3265786170959473,0.06123828887939453,25926.0,1.4433460235595703,241,1
StandardGSGP,2e0a1296-ad3c-11ef-b196-e4a8dfc2a9a8,forest_fires,25,45,1.3259607553482056,0.05000424385070801,26326.0,1.4429593086242676,249,1
StandardGSGP,2e0a1296-ad3c-11ef-b196-e4a8dfc2a9a8,forest_fires,25,46,1.3259607553482056,0.05461549758911133,26694.0,1.4429593086242676,249,1
StandardGSGP,2e0a1296-ad3c-11ef-b196-e4a8dfc2a9a8,forest_fires,25,47,1.3259607553482056,0.05205655097961426,27146.0,1.4429593086242676,249,1
StandardGSGP,2e0a1296-ad3c-11ef-b196-e4a8dfc2a9a8,forest_fires,25,48,1.3259607553482056,0.053005218505859375,27582.0,1.4429593086242676,249,1
StandardGSGP,2e0a1296-ad3c-11ef-b196-e4a8dfc2a9a8,forest_fires,25,49,1.325326919555664,0.0536954402923584,27968.0,1.4323762655258179,279,1
StandardGSGP,2e0a1296-ad3c-11ef-b196-e4a8dfc2a9a8,forest_fires,25,50,1.3248955011367798,0.055696964263916016,28248.0,1.4431097507476807,281,1
StandardGSGP,2e0a1296-ad3c-11ef-b196-e4a8dfc2a9a8,forest_fires,25,51,1.3248955011367798,0.052518367767333984,28610.0,1.4431097507476807,281,1
StandardGSGP,2e0a1296-ad3c-11ef-b196-e4a8dfc2a9a8,forest_fires,25,52,1.324378490447998,0.05599403381347656,29078.0,1.4447121620178223,273,1
StandardGSGP,2e0a1296-ad3c-11ef-b196-e4a8dfc2a9a8,forest_fires,25,53,1.324378490447998,0.051122188568115234,29672.0,1.4447121620178223,273,1
StandardGSGP,2e0a1296-ad3c-11ef-b196-e4a8dfc2a9a8,forest_fires,25,54,1.324019193649292,0.05116772651672363,29926.0,1.446843147277832,287,1
StandardGSGP,2e0a1296-ad3c-11ef-b196-e4a8dfc2a9a8,forest_fires,25,55,1.3236061334609985,0.05091524124145508,30434.0,1.4427087306976318,291,1
StandardGSGP,2e0a1296-ad3c-11ef-b196-e4a8dfc2a9a8,forest_fires,25,56,1.3236061334609985,0.050998687744140625,30650.0,1.4427087306976318,291,1
StandardGSGP,2e0a1296-ad3c-11ef-b196-e4a8dfc2a9a8,forest_fires,25,57,1.3236061334609985,0.05051064491271973,31000.0,1.4427087306976318,291,1
StandardGSGP,2e0a1296-ad3c-11ef-b196-e4a8dfc2a9a8,forest_fires,25,58,1.3236061334609985,0.13821673393249512,31510.0,1.4427087306976318,291,1
StandardGSGP,2e0a1296-ad3c-11ef-b196-e4a8dfc2a9a8,forest_fires,25,59,1.3236061334609985,0.05250906944274902,32160.0,1.4427087306976318,291,1
StandardGSGP,2e0a1296-ad3c-11ef-b196-e4a8dfc2a9a8,forest_fires,25,60,1.323548674583435,0.05520462989807129,32630.0,1.4398772716522217,305,1
StandardGSGP,2e0a1296-ad3c-11ef-b196-e4a8dfc2a9a8,forest_fires,25,61,1.323548674583435,0.050478219985961914,33166.0,1.4398772716522217,305,1
StandardGSGP,2e0a1296-ad3c-11ef-b196-e4a8dfc2a9a8,forest_fires,25,62,1.3232141733169556,0.05088376998901367,33726.0,1.4362471103668213,311,1
StandardGSGP,2e0a1296-ad3c-11ef-b196-e4a8dfc2a9a8,forest_fires,25,63,1.323180913925171,0.051508426666259766,33806.0,1.4387768507003784,319,1
StandardGSGP,2e0a1296-ad3c-11ef-b196-e4a8dfc2a9a8,forest_fires,25,64,1.323180913925171,0.053002357482910156,34130.0,1.4387768507003784,319,1
StandardGSGP,2e0a1296-ad3c-11ef-b196-e4a8dfc2a9a8,forest_fires,25,65,1.3223545551300049,0.05200362205505371,35068.0,1.4359126091003418,325,1
StandardGSGP,2e0a1296-ad3c-11ef-b196-e4a8dfc2a9a8,forest_fires,25,66,1.3223545551300049,0.0521085262298584,35424.0,1.4359126091003418,325,1
StandardGSGP,2e0a1296-ad3c-11ef-b196-e4a8dfc2a9a8,forest_fires,25,67,1.3223545551300049,0.05199885368347168,36140.0,1.4359126091003418,325,1
StandardGSGP,2e0a1296-ad3c-11ef-b196-e4a8dfc2a9a8,forest_fires,25,68,1.3223545551300049,0.05321693420410156,37198.0,1.4359126091003418,325,1
StandardGSGP,2e0a1296-ad3c-11ef-b196-e4a8dfc2a9a8,forest_fires,25,69,1.3219748735427856,0.05733609199523926,37782.0,1.4342814683914185,331,1
StandardGSGP,2e0a1296-ad3c-11ef-b196-e4a8dfc2a9a8,forest_fires,25,70,1.3216862678527832,0.05451083183288574,37872.0,1.4321873188018799,337,1
StandardGSGP,2e0a1296-ad3c-11ef-b196-e4a8dfc2a9a8,forest_fires,25,71,1.3216862678527832,0.05200028419494629,37612.0,1.4321873188018799,337,1
StandardGSGP,2e0a1296-ad3c-11ef-b196-e4a8dfc2a9a8,forest_fires,25,72,1.320967674255371,0.05271601676940918,37618.0,1.4303096532821655,349,1
StandardGSGP,2e0a1296-ad3c-11ef-b196-e4a8dfc2a9a8,forest_fires,25,73,1.3207839727401733,0.05099844932556152,37366.0,1.4316638708114624,355,1
StandardGSGP,2e0a1296-ad3c-11ef-b196-e4a8dfc2a9a8,forest_fires,25,74,1.3203816413879395,0.052278995513916016,37278.0,1.4370135068893433,363,1
StandardGSGP,2e0a1296-ad3c-11ef-b196-e4a8dfc2a9a8,forest_fires,25,75,1.3203816413879395,0.05099987983703613,37320.0,1.4370135068893433,363,1
StandardGSGP,2e0a1296-ad3c-11ef-b196-e4a8dfc2a9a8,forest_fires,25,76,1.320007562637329,0.051217079162597656,37784.0,1.4259271621704102,375,1
StandardGSGP,2e0a1296-ad3c-11ef-b196-e4a8dfc2a9a8,forest_fires,25,77,1.320007562637329,0.05106496810913086,38236.0,1.4259271621704102,375,1
StandardGSGP,2e0a1296-ad3c-11ef-b196-e4a8dfc2a9a8,forest_fires,25,78,1.3190968036651611,0.05199742317199707,38714.0,1.4372426271438599,383,1
StandardGSGP,2e0a1296-ad3c-11ef-b196-e4a8dfc2a9a8,forest_fires,25,79,1.3182121515274048,0.04951024055480957,39380.0,1.4301276206970215,395,1
StandardGSGP,2e0a1296-ad3c-11ef-b196-e4a8dfc2a9a8,forest_fires,25,80,1.3182121515274048,0.051720619201660156,40018.0,1.4301276206970215,395,1
StandardGSGP,2e0a1296-ad3c-11ef-b196-e4a8dfc2a9a8,forest_fires,25,81,1.3182121515274048,0.05291938781738281,40666.0,1.4301276206970215,395,1
StandardGSGP,2e0a1296-ad3c-11ef-b196-e4a8dfc2a9a8,forest_fires,25,82,1.3182121515274048,0.05599832534790039,41232.0,1.4301276206970215,395,1
StandardGSGP,2e0a1296-ad3c-11ef-b196-e4a8dfc2a9a8,forest_fires,25,83,1.3180968761444092,0.05051016807556152,41786.0,1.4295505285263062,403,1
StandardGSGP,2e0a1296-ad3c-11ef-b196-e4a8dfc2a9a8,forest_fires,25,84,1.3176727294921875,0.0522310733795166,42220.0,1.428220510482788,407,1
StandardGSGP,2e0a1296-ad3c-11ef-b196-e4a8dfc2a9a8,forest_fires,25,85,1.3172637224197388,0.05200386047363281,42624.0,1.4282267093658447,415,1
StandardGSGP,2e0a1296-ad3c-11ef-b196-e4a8dfc2a9a8,forest_fires,25,86,1.3172637224197388,0.05199623107910156,42934.0,1.4282267093658447,415,1
StandardGSGP,2e0a1296-ad3c-11ef-b196-e4a8dfc2a9a8,forest_fires,25,87,1.316848635673523,0.050638675689697266,43512.0,1.4306684732437134,433,1
StandardGSGP,2e0a1296-ad3c-11ef-b196-e4a8dfc2a9a8,forest_fires,25,88,1.316848635673523,0.05100393295288086,43870.0,1.4306684732437134,433,1
StandardGSGP,2e0a1296-ad3c-11ef-b196-e4a8dfc2a9a8,forest_fires,25,89,1.316848635673523,0.05395030975341797,44384.0,1.4306684732437134,433,1
StandardGSGP,2e0a1296-ad3c-11ef-b196-e4a8dfc2a9a8,forest_fires,25,90,1.3166701793670654,0.05100297927856445,45012.0,1.4253469705581665,459,1
StandardGSGP,2e0a1296-ad3c-11ef-b196-e4a8dfc2a9a8,forest_fires,25,91,1.3158588409423828,0.0549159049987793,45506.0,1.428483486175537,465,1
StandardGSGP,2e0a1296-ad3c-11ef-b196-e4a8dfc2a9a8,forest_fires,25,92,1.3143481016159058,0.050591230392456055,46024.0,1.4248024225234985,473,1
StandardGSGP,2e0a1296-ad3c-11ef-b196-e4a8dfc2a9a8,forest_fires,25,93,1.314272165298462,0.04999899864196777,46674.0,1.4240739345550537,479,1
StandardGSGP,2e0a1296-ad3c-11ef-b196-e4a8dfc2a9a8,forest_fires,25,94,1.3141295909881592,0.052509307861328125,47628.0,1.4248024225234985,479,1
StandardGSGP,2e0a1296-ad3c-11ef-b196-e4a8dfc2a9a8,forest_fires,25,95,1.3141295909881592,0.04999852180480957,48472.0,1.4248024225234985,479,1
StandardGSGP,2e0a1296-ad3c-11ef-b196-e4a8dfc2a9a8,forest_fires,25,96,1.313512921333313,0.051186561584472656,49232.0,1.4248560667037964,493,1
StandardGSGP,2e0a1296-ad3c-11ef-b196-e4a8dfc2a9a8,forest_fires,25,97,1.313512921333313,0.055457353591918945,50022.0,1.4248560667037964,493,1
StandardGSGP,2e0a1296-ad3c-11ef-b196-e4a8dfc2a9a8,forest_fires,25,98,1.3131358623504639,0.05351591110229492,50726.0,1.4276806116104126,499,1
StandardGSGP,2e0a1296-ad3c-11ef-b196-e4a8dfc2a9a8,forest_fires,25,99,1.3130791187286377,0.05153203010559082,51288.0,1.4276707172393799,509,1
StandardGSGP,2e0a1296-ad3c-11ef-b196-e4a8dfc2a9a8,forest_fires,25,100,1.313015341758728,0.05251193046569824,51722.0,1.4333139657974243,505,1
