StandardGSGP,cbc2f941-ad3b-11ef-be4a-e4a8dfc2a9a8,forest_fires,26,0,0.2715578079223633,0.0410001277923584,842.0,0.26272109150886536,3,1
StandardGSGP,cbc2f941-ad3b-11ef-be4a-e4a8dfc2a9a8,forest_fires,26,1,0.26598644256591797,0.05251455307006836,1320.0,0.2665707767009735,13,1
StandardGSGP,cbc2f941-ad3b-11ef-be4a-e4a8dfc2a9a8,forest_fires,26,2,0.24981650710105896,0.05825018882751465,1910.0,0.25601449608802795,17,1
StandardGSGP,cbc2f941-ad3b-11ef-be4a-e4a8dfc2a9a8,forest_fires,26,3,0.24981650710105896,0.061360836029052734,2380.0,0.25601449608802795,17,1
StandardGSGP,cbc2f941-ad3b-11ef-be4a-e4a8dfc2a9a8,forest_fires,26,4,0.24864454567432404,0.05400395393371582,3092.0,0.2541307806968689,25,1
StandardGSGP,cbc2f941-ad3b-11ef-be4a-e4a8dfc2a9a8,forest_fires,26,5,0.24864454567432404,0.05231881141662598,3684.0,0.2541307806968689,25,1
StandardGSGP,cbc2f941-ad3b-11ef-be4a-e4a8dfc2a9a8,forest_fires,26,6,0.24864454567432404,0.052098989486694336,4314.0,0.2541307806968689,25,1
StandardGSGP,cbc2f941-ad3b-11ef-be4a-e4a8dfc2a9a8,forest_fires,26,7,0.24864454567432404,0.05399966239929199,4750.0,0.2541307806968689,25,1
StandardGSGP,cbc2f941-ad3b-11ef-be4a-e4a8dfc2a9a8,forest_fires,26,8,0.24864454567432404,0.05454897880554199,5386.0,0.2541307806968689,25,1
StandardGSGP,cbc2f941-ad3b-11ef-be4a-e4a8dfc2a9a8,forest_fires,26,9,0.24864454567432404,0.06121373176574707,5934.0,0.2541307806968689,25,1
StandardGSGP,cbc2f941-ad3b-11ef-be4a-e4a8dfc2a9a8,forest_fires,26,10,0.24864454567432404,0.06282567977905273,6268.0,0.2541307806968689,25,1
StandardGSGP,cbc2f941-ad3b-11ef-be4a-e4a8dfc2a9a8,forest_fires,26,11,0.24780809879302979,0.0822610855102539,6864.0,0.26228269934654236,73,1
StandardGSGP,cbc2f941-ad3b-11ef-be4a-e4a8dfc2a9a8,forest_fires,26,12,0.24780809879302979,0.05600571632385254,7290.0,0.26228269934654236,73,1
StandardGSGP,cbc2f941-ad3b-11ef-be4a-e4a8dfc2a9a8,forest_fires,26,13,0.24775956571102142,0.055707454681396484,8204.0,0.26191940903663635,79,1
StandardGSGP,cbc2f941-ad3b-11ef-be4a-e4a8dfc2a9a8,forest_fires,26,14,0.24775956571102142,0.0591282844543457,8544.0,0.26191940903663635,79,1
StandardGSGP,cbc2f941-ad3b-11ef-be4a-e4a8dfc2a9a8,forest_fires,26,15,0.24775956571102142,0.05646514892578125,9486.0,0.26191940903663635,79,1
StandardGSGP,cbc2f941-ad3b-11ef-be4a-e4a8dfc2a9a8,forest_fires,26,16,0.24775956571102142,0.055188894271850586,9736.0,0.26191940903663635,79,1
StandardGSGP,cbc2f941-ad3b-11ef-be4a-e4a8dfc2a9a8,forest_fires,26,17,0.24775956571102142,0.08331751823425293,10246.0,0.26191940903663635,79,1
StandardGSGP,cbc2f941-ad3b-11ef-be4a-e4a8dfc2a9a8,forest_fires,26,18,0.24775956571102142,0.061173200607299805,10688.0,0.26191940903663635,79,1
StandardGSGP,cbc2f941-ad3b-11ef-be4a-e4a8dfc2a9a8,forest_fires,26,19,0.24775956571102142,0.05607104301452637,10996.0,0.26191940903663635,79,1
StandardGSGP,cbc2f941-ad3b-11ef-be4a-e4a8dfc2a9a8,forest_fires,26,20,0.24775956571102142,0.05500364303588867,11494.0,0.26191940903663635,79,1
StandardGSGP,cbc2f941-ad3b-11ef-be4a-e4a8dfc2a9a8,forest_fires,26,21,0.24775956571102142,0.06526327133178711,11772.0,0.26191940903663635,79,1
StandardGSGP,cbc2f941-ad3b-11ef-be4a-e4a8dfc2a9a8,forest_fires,26,22,0.24775956571102142,0.06651115417480469,12100.0,0.26191940903663635,79,1
StandardGSGP,cbc2f941-ad3b-11ef-be4a-e4a8dfc2a9a8,forest_fires,26,23,0.24775956571102142,0.14638257026672363,12642.0,0.26191940903663635,79,1
StandardGSGP,cbc2f941-ad3b-11ef-be4a-e4a8dfc2a9a8,forest_fires,26,24,0.24775956571102142,0.06752395629882812,13056.0,0.26191940903663635,79,1
StandardGSGP,cbc2f941-ad3b-11ef-be4a-e4a8dfc2a9a8,forest_fires,26,25,0.24775956571102142,0.061354875564575195,13694.0,0.26191940903663635,79,1
StandardGSGP,cbc2f941-ad3b-11ef-be4a-e4a8dfc2a9a8,forest_fires,26,26,0.24775956571102142,0.05617976188659668,14078.0,0.26191940903663635,79,1
StandardGSGP,cbc2f941-ad3b-11ef-be4a-e4a8dfc2a9a8,forest_fires,26,27,0.24775956571102142,0.05600881576538086,14292.0,0.26191940903663635,79,1
StandardGSGP,cbc2f941-ad3b-11ef-be4a-e4a8dfc2a9a8,forest_fires,26,28,0.2476404458284378,0.05440497398376465,14236.0,0.2619761824607849,85,1
StandardGSGP,cbc2f941-ad3b-11ef-be4a-e4a8dfc2a9a8,forest_fires,26,29,0.2476404458284378,0.05459094047546387,14246.0,0.2619761824607849,85,1
StandardGSGP,cbc2f941-ad3b-11ef-be4a-e4a8dfc2a9a8,forest_fires,26,30,0.2476404458284378,0.05566596984863281,13906.0,0.2619761824607849,85,1
StandardGSGP,cbc2f941-ad3b-11ef-be4a-e4a8dfc2a9a8,forest_fires,26,31,0.2476404458284378,0.05278420448303223,13186.0,0.2619761824607849,85,1
StandardGSGP,cbc2f941-ad3b-11ef-be4a-e4a8dfc2a9a8,forest_fires,26,32,0.24612565338611603,0.05509781837463379,13168.0,0.26223358511924744,131,1
StandardGSGP,cbc2f941-ad3b-11ef-be4a-e4a8dfc2a9a8,forest_fires,26,33,0.24612565338611603,0.04999947547912598,13106.0,0.26223358511924744,131,1
StandardGSGP,cbc2f941-ad3b-11ef-be4a-e4a8dfc2a9a8,forest_fires,26,34,0.24612565338611603,0.050508737564086914,13026.0,0.26223358511924744,131,1
StandardGSGP,cbc2f941-ad3b-11ef-be4a-e4a8dfc2a9a8,forest_fires,26,35,0.24575820565223694,0.0540003776550293,13472.0,0.26126721501350403,137,1
StandardGSGP,cbc2f941-ad3b-11ef-be4a-e4a8dfc2a9a8,forest_fires,26,36,0.24574555456638336,0.05008220672607422,13462.0,0.2634851634502411,137,1
StandardGSGP,cbc2f941-ad3b-11ef-be4a-e4a8dfc2a9a8,forest_fires,26,37,0.24534094333648682,0.0554811954498291,14048.0,0.2633516490459442,143,1
StandardGSGP,cbc2f941-ad3b-11ef-be4a-e4a8dfc2a9a8,forest_fires,26,38,0.24534094333648682,0.04950976371765137,14992.0,0.2633516490459442,143,1
StandardGSGP,cbc2f941-ad3b-11ef-be4a-e4a8dfc2a9a8,forest_fires,26,39,0.24534094333648682,0.05099821090698242,15900.0,0.2633516490459442,143,1
StandardGSGP,cbc2f941-ad3b-11ef-be4a-e4a8dfc2a9a8,forest_fires,26,40,0.24534094333648682,0.048511505126953125,16568.0,0.2633516490459442,143,1
StandardGSGP,cbc2f941-ad3b-11ef-be4a-e4a8dfc2a9a8,forest_fires,26,41,0.24534094333648682,0.04900169372558594,17032.0,0.2633516490459442,143,1
StandardGSGP,cbc2f941-ad3b-11ef-be4a-e4a8dfc2a9a8,forest_fires,26,42,0.24534094333648682,0.05050826072692871,16904.0,0.2633516490459442,143,1
StandardGSGP,cbc2f941-ad3b-11ef-be4a-e4a8dfc2a9a8,forest_fires,26,43,0.24513086676597595,0.049999237060546875,17462.0,0.26343488693237305,149,1
StandardGSGP,cbc2f941-ad3b-11ef-be4a-e4a8dfc2a9a8,forest_fires,26,44,0.24513086676597595,0.04901766777038574,17780.0,0.26343488693237305,149,1
StandardGSGP,cbc2f941-ad3b-11ef-be4a-e4a8dfc2a9a8,forest_fires,26,45,0.24513086676597595,0.04999876022338867,18446.0,0.26343488693237305,149,1
StandardGSGP,cbc2f941-ad3b-11ef-be4a-e4a8dfc2a9a8,forest_fires,26,46,0.24505431950092316,0.05058574676513672,18862.0,0.26273709535598755,157,1
StandardGSGP,cbc2f941-ad3b-11ef-be4a-e4a8dfc2a9a8,forest_fires,26,47,0.24505431950092316,0.05031561851501465,18864.0,0.26273709535598755,157,1
StandardGSGP,cbc2f941-ad3b-11ef-be4a-e4a8dfc2a9a8,forest_fires,26,48,0.24505431950092316,0.056476593017578125,18884.0,0.26273709535598755,157,1
StandardGSGP,cbc2f941-ad3b-11ef-be4a-e4a8dfc2a9a8,forest_fires,26,49,0.24505431950092316,0.05995965003967285,18912.0,0.26273709535598755,157,1
StandardGSGP,cbc2f941-ad3b-11ef-be4a-e4a8dfc2a9a8,forest_fires,26,50,0.24505431950092316,0.05271291732788086,19338.0,0.26273709535598755,157,1
StandardGSGP,cbc2f941-ad3b-11ef-be4a-e4a8dfc2a9a8,forest_fires,26,51,0.24505431950092316,0.052613019943237305,19418.0,0.26273709535598755,157,1
StandardGSGP,cbc2f941-ad3b-11ef-be4a-e4a8dfc2a9a8,forest_fires,26,52,0.24505431950092316,0.05215024948120117,19864.0,0.26273709535598755,157,1
StandardGSGP,cbc2f941-ad3b-11ef-be4a-e4a8dfc2a9a8,forest_fires,26,53,0.24505431950092316,0.049509525299072266,19902.0,0.26273709535598755,157,1
StandardGSGP,cbc2f941-ad3b-11ef-be4a-e4a8dfc2a9a8,forest_fires,26,54,0.24505431950092316,0.050998687744140625,20350.0,0.26273709535598755,157,1
StandardGSGP,cbc2f941-ad3b-11ef-be4a-e4a8dfc2a9a8,forest_fires,26,55,0.24505431950092316,0.053508758544921875,20978.0,0.26273709535598755,157,1
StandardGSGP,cbc2f941-ad3b-11ef-be4a-e4a8dfc2a9a8,forest_fires,26,56,0.24499842524528503,0.04899954795837402,21614.0,0.2627803683280945,163,1
StandardGSGP,cbc2f941-ad3b-11ef-be4a-e4a8dfc2a9a8,forest_fires,26,57,0.24499842524528503,0.05090665817260742,22266.0,0.2627803683280945,163,1
StandardGSGP,cbc2f941-ad3b-11ef-be4a-e4a8dfc2a9a8,forest_fires,26,58,0.24469374120235443,0.053939104080200195,22538.0,0.2602347135543823,169,1
StandardGSGP,cbc2f941-ad3b-11ef-be4a-e4a8dfc2a9a8,forest_fires,26,59,0.24463357031345367,0.05150723457336426,22906.0,0.26097235083580017,175,1
StandardGSGP,cbc2f941-ad3b-11ef-be4a-e4a8dfc2a9a8,forest_fires,26,60,0.24393576383590698,0.051580190658569336,22620.0,0.26057177782058716,181,1
StandardGSGP,cbc2f941-ad3b-11ef-be4a-e4a8dfc2a9a8,forest_fires,26,61,0.24393576383590698,0.055895328521728516,22272.0,0.26057177782058716,181,1
StandardGSGP,cbc2f941-ad3b-11ef-be4a-e4a8dfc2a9a8,forest_fires,26,62,0.24393576383590698,0.05564403533935547,21670.0,0.26057177782058716,181,1
StandardGSGP,cbc2f941-ad3b-11ef-be4a-e4a8dfc2a9a8,forest_fires,26,63,0.24393576383590698,0.05402398109436035,21258.0,0.26057177782058716,181,1
StandardGSGP,cbc2f941-ad3b-11ef-be4a-e4a8dfc2a9a8,forest_fires,26,64,0.24349664151668549,0.0496523380279541,21612.0,0.2597824037075043,187,1
StandardGSGP,cbc2f941-ad3b-11ef-be4a-e4a8dfc2a9a8,forest_fires,26,65,0.24349664151668549,0.05599665641784668,22332.0,0.2597824037075043,187,1
StandardGSGP,cbc2f941-ad3b-11ef-be4a-e4a8dfc2a9a8,forest_fires,26,66,0.24349664151668549,0.05589413642883301,23102.0,0.2597824037075043,187,1
StandardGSGP,cbc2f941-ad3b-11ef-be4a-e4a8dfc2a9a8,forest_fires,26,67,0.24349664151668549,0.05561089515686035,23856.0,0.2597824037075043,187,1
StandardGSGP,cbc2f941-ad3b-11ef-be4a-e4a8dfc2a9a8,forest_fires,26,68,0.24349664151668549,0.051499366760253906,24616.0,0.2597824037075043,187,1
StandardGSGP,cbc2f941-ad3b-11ef-be4a-e4a8dfc2a9a8,forest_fires,26,69,0.24349664151668549,0.050634145736694336,24650.0,0.2597824037075043,187,1
StandardGSGP,cbc2f941-ad3b-11ef-be4a-e4a8dfc2a9a8,forest_fires,26,70,0.24349664151668549,0.05402040481567383,25190.0,0.2597824037075043,187,1
StandardGSGP,cbc2f941-ad3b-11ef-be4a-e4a8dfc2a9a8,forest_fires,26,71,0.24349664151668549,0.05030179023742676,26312.0,0.2597824037075043,187,1
StandardGSGP,cbc2f941-ad3b-11ef-be4a-e4a8dfc2a9a8,forest_fires,26,72,0.24349664151668549,0.05100059509277344,27388.0,0.2597824037075043,187,1
StandardGSGP,cbc2f941-ad3b-11ef-be4a-e4a8dfc2a9a8,forest_fires,26,73,0.2425110638141632,0.05050826072692871,27518.0,0.2581300735473633,193,1
StandardGSGP,cbc2f941-ad3b-11ef-be4a-e4a8dfc2a9a8,forest_fires,26,74,0.2425110638141632,0.051809072494506836,27226.0,0.2581300735473633,193,1
StandardGSGP,cbc2f941-ad3b-11ef-be4a-e4a8dfc2a9a8,forest_fires,26,75,0.24232548475265503,0.051244258880615234,27210.0,0.2595233619213104,209,1
StandardGSGP,cbc2f941-ad3b-11ef-be4a-e4a8dfc2a9a8,forest_fires,26,76,0.24198096990585327,0.0499727725982666,25884.0,0.2592546045780182,215,1
StandardGSGP,cbc2f941-ad3b-11ef-be4a-e4a8dfc2a9a8,forest_fires,26,77,0.24198096990585327,0.05050802230834961,26206.0,0.2592546045780182,215,1
StandardGSGP,cbc2f941-ad3b-11ef-be4a-e4a8dfc2a9a8,forest_fires,26,78,0.24198096990585327,0.049999237060546875,26364.0,0.2592546045780182,215,1
StandardGSGP,cbc2f941-ad3b-11ef-be4a-e4a8dfc2a9a8,forest_fires,26,79,0.24198096990585327,0.05450725555419922,25624.0,0.2592546045780182,215,1
StandardGSGP,cbc2f941-ad3b-11ef-be4a-e4a8dfc2a9a8,forest_fires,26,80,0.24198096990585327,0.05099797248840332,24542.0,0.2592546045780182,215,1
StandardGSGP,cbc2f941-ad3b-11ef-be4a-e4a8dfc2a9a8,forest_fires,26,81,0.24198096990585327,0.054511070251464844,24910.0,0.2592546045780182,215,1
StandardGSGP,cbc2f941-ad3b-11ef-be4a-e4a8dfc2a9a8,forest_fires,26,82,0.24198096990585327,0.05300760269165039,25850.0,0.2592546045780182,215,1
StandardGSGP,cbc2f941-ad3b-11ef-be4a-e4a8dfc2a9a8,forest_fires,26,83,0.24198096990585327,0.05159783363342285,25782.0,0.2592546045780182,215,1
StandardGSGP,cbc2f941-ad3b-11ef-be4a-e4a8dfc2a9a8,forest_fires,26,84,0.24198096990585327,0.054848670959472656,26270.0,0.2592546045780182,215,1
StandardGSGP,cbc2f941-ad3b-11ef-be4a-e4a8dfc2a9a8,forest_fires,26,85,0.2419619858264923,0.05330801010131836,26490.0,0.2592650055885315,221,1
StandardGSGP,cbc2f941-ad3b-11ef-be4a-e4a8dfc2a9a8,forest_fires,26,86,0.24191859364509583,0.05187392234802246,26322.0,0.2591736316680908,227,1
StandardGSGP,cbc2f941-ad3b-11ef-be4a-e4a8dfc2a9a8,forest_fires,26,87,0.24191859364509583,0.12554359436035156,26064.0,0.2591736316680908,227,1
StandardGSGP,cbc2f941-ad3b-11ef-be4a-e4a8dfc2a9a8,forest_fires,26,88,0.24190443754196167,0.052004098892211914,26046.0,0.2602640986442566,233,1
StandardGSGP,cbc2f941-ad3b-11ef-be4a-e4a8dfc2a9a8,forest_fires,26,89,0.24190443754196167,0.050501108169555664,25770.0,0.2602640986442566,233,1
StandardGSGP,cbc2f941-ad3b-11ef-be4a-e4a8dfc2a9a8,forest_fires,26,90,0.24179884791374207,0.05631375312805176,26310.0,0.26178494095802307,239,1
StandardGSGP,cbc2f941-ad3b-11ef-be4a-e4a8dfc2a9a8,forest_fires,26,91,0.24179884791374207,0.059866905212402344,26386.0,0.26178494095802307,239,1
StandardGSGP,cbc2f941-ad3b-11ef-be4a-e4a8dfc2a9a8,forest_fires,26,92,0.24179884791374207,0.0531466007232666,27224.0,0.26178494095802307,239,1
StandardGSGP,cbc2f941-ad3b-11ef-be4a-e4a8dfc2a9a8,forest_fires,26,93,0.24179884791374207,0.05808591842651367,27654.0,0.26178494095802307,239,1
StandardGSGP,cbc2f941-ad3b-11ef-be4a-e4a8dfc2a9a8,forest_fires,26,94,0.24179884791374207,0.05051255226135254,27944.0,0.26178494095802307,239,1
StandardGSGP,cbc2f941-ad3b-11ef-be4a-e4a8dfc2a9a8,forest_fires,26,95,0.2416764795780182,0.051998138427734375,28240.0,0.25766849517822266,251,1
StandardGSGP,cbc2f941-ad3b-11ef-be4a-e4a8dfc2a9a8,forest_fires,26,96,0.2416764795780182,0.056421518325805664,27846.0,0.25766849517822266,251,1
StandardGSGP,cbc2f941-ad3b-11ef-be4a-e4a8dfc2a9a8,forest_fires,26,97,0.2416764795780182,0.04923224449157715,28126.0,0.25766849517822266,251,1
StandardGSGP,cbc2f941-ad3b-11ef-be4a-e4a8dfc2a9a8,forest_fires,26,98,0.2416764795780182,0.049849510192871094,28618.0,0.25766849517822266,251,1
StandardGSGP,cbc2f941-ad3b-11ef-be4a-e4a8dfc2a9a8,forest_fires,26,99,0.2416764795780182,0.05043387413024902,29380.0,0.25766849517822266,251,1
StandardGSGP,cbc2f941-ad3b-11ef-be4a-e4a8dfc2a9a8,forest_fires,26,100,0.2416764795780182,0.050507307052612305,30090.0,0.25766849517822266,251,1
StandardGSGP,315af82a-ad3c-11ef-be4a-e4a8dfc2a9a8,forest_fires,26,0,1.39850914478302,0.04150748252868652,842.0,1.426912546157837,3,1
StandardGSGP,315af82a-ad3c-11ef-be4a-e4a8dfc2a9a8,forest_fires,26,1,1.39850914478302,0.05051231384277344,1210.0,1.426912546157837,3,1
StandardGSGP,315af82a-ad3c-11ef-be4a-e4a8dfc2a9a8,forest_fires,26,2,1.391078233718872,0.05300092697143555,1664.0,1.4350035190582275,9,1
StandardGSGP,315af82a-ad3c-11ef-be4a-e4a8dfc2a9a8,forest_fires,26,3,1.3885043859481812,0.051512718200683594,2194.0,1.4335845708847046,15,1
StandardGSGP,315af82a-ad3c-11ef-be4a-e4a8dfc2a9a8,forest_fires,26,4,1.388209342956543,0.055510759353637695,2778.0,1.4320250749588013,17,1
StandardGSGP,315af82a-ad3c-11ef-be4a-e4a8dfc2a9a8,forest_fires,26,5,1.3826504945755005,0.05511951446533203,3314.0,1.4246609210968018,27,1
StandardGSGP,315af82a-ad3c-11ef-be4a-e4a8dfc2a9a8,forest_fires,26,6,1.3826504945755005,0.05276131629943848,3980.0,1.4246609210968018,27,1
StandardGSGP,315af82a-ad3c-11ef-be4a-e4a8dfc2a9a8,forest_fires,26,7,1.3817023038864136,0.05672478675842285,4350.0,1.4304749965667725,37,1
StandardGSGP,315af82a-ad3c-11ef-be4a-e4a8dfc2a9a8,forest_fires,26,8,1.3786466121673584,0.0512850284576416,4890.0,1.4331402778625488,43,1
StandardGSGP,315af82a-ad3c-11ef-be4a-e4a8dfc2a9a8,forest_fires,26,9,1.3786323070526123,0.05502128601074219,5416.0,1.4201860427856445,51,1
StandardGSGP,315af82a-ad3c-11ef-be4a-e4a8dfc2a9a8,forest_fires,26,10,1.3768293857574463,0.0525057315826416,5884.0,1.4351170063018799,55,1
StandardGSGP,315af82a-ad3c-11ef-be4a-e4a8dfc2a9a8,forest_fires,26,11,1.3742910623550415,0.053278207778930664,6518.0,1.4237593412399292,63,1
StandardGSGP,315af82a-ad3c-11ef-be4a-e4a8dfc2a9a8,forest_fires,26,12,1.3730465173721313,0.05250668525695801,7086.0,1.4178221225738525,67,1
StandardGSGP,315af82a-ad3c-11ef-be4a-e4a8dfc2a9a8,forest_fires,26,13,1.371898889541626,0.0500035285949707,7712.0,1.4231234788894653,77,1
StandardGSGP,315af82a-ad3c-11ef-be4a-e4a8dfc2a9a8,forest_fires,26,14,1.3689427375793457,0.05100417137145996,8270.0,1.4255260229110718,83,1
StandardGSGP,315af82a-ad3c-11ef-be4a-e4a8dfc2a9a8,forest_fires,26,15,1.3689427375793457,0.04788708686828613,8774.0,1.4255260229110718,83,1
StandardGSGP,315af82a-ad3c-11ef-be4a-e4a8dfc2a9a8,forest_fires,26,16,1.3689427375793457,0.054010629653930664,9322.0,1.4255260229110718,83,1
StandardGSGP,315af82a-ad3c-11ef-be4a-e4a8dfc2a9a8,forest_fires,26,17,1.367321252822876,0.050516605377197266,9854.0,1.423822283744812,89,1
StandardGSGP,315af82a-ad3c-11ef-be4a-e4a8dfc2a9a8,forest_fires,26,18,1.3673171997070312,0.05499386787414551,10436.0,1.4263805150985718,107,1
StandardGSGP,315af82a-ad3c-11ef-be4a-e4a8dfc2a9a8,forest_fires,26,19,1.3649156093597412,0.05451345443725586,10998.0,1.4195833206176758,113,1
StandardGSGP,315af82a-ad3c-11ef-be4a-e4a8dfc2a9a8,forest_fires,26,20,1.3629329204559326,0.05312013626098633,11676.0,1.4136238098144531,121,1
StandardGSGP,315af82a-ad3c-11ef-be4a-e4a8dfc2a9a8,forest_fires,26,21,1.3629329204559326,0.05150651931762695,12374.0,1.4136238098144531,121,1
StandardGSGP,315af82a-ad3c-11ef-be4a-e4a8dfc2a9a8,forest_fires,26,22,1.3623640537261963,0.051999807357788086,13102.0,1.4124765396118164,135,1
StandardGSGP,315af82a-ad3c-11ef-be4a-e4a8dfc2a9a8,forest_fires,26,23,1.3612310886383057,0.05193281173706055,13870.0,1.4138202667236328,127,1
StandardGSGP,315af82a-ad3c-11ef-be4a-e4a8dfc2a9a8,forest_fires,26,24,1.360813856124878,0.05001211166381836,14588.0,1.4215010404586792,149,1
StandardGSGP,315af82a-ad3c-11ef-be4a-e4a8dfc2a9a8,forest_fires,26,25,1.3599952459335327,0.1270160675048828,15302.0,1.4093632698059082,141,1
StandardGSGP,315af82a-ad3c-11ef-be4a-e4a8dfc2a9a8,forest_fires,26,26,1.3542773723602295,0.05099987983703613,15902.0,1.3936676979064941,165,1
StandardGSGP,315af82a-ad3c-11ef-be4a-e4a8dfc2a9a8,forest_fires,26,27,1.3520853519439697,0.049508094787597656,16566.0,1.395691156387329,171,1
StandardGSGP,315af82a-ad3c-11ef-be4a-e4a8dfc2a9a8,forest_fires,26,28,1.3520853519439697,0.05099940299987793,17092.0,1.395691156387329,171,1
StandardGSGP,315af82a-ad3c-11ef-be4a-e4a8dfc2a9a8,forest_fires,26,29,1.3520853519439697,0.05739569664001465,17784.0,1.395691156387329,171,1
StandardGSGP,315af82a-ad3c-11ef-be4a-e4a8dfc2a9a8,forest_fires,26,30,1.349765419960022,0.058110952377319336,18294.0,1.4087650775909424,185,1
StandardGSGP,315af82a-ad3c-11ef-be4a-e4a8dfc2a9a8,forest_fires,26,31,1.349765419960022,0.05150485038757324,19074.0,1.4087650775909424,185,1
StandardGSGP,315af82a-ad3c-11ef-be4a-e4a8dfc2a9a8,forest_fires,26,32,1.3493444919586182,0.052153825759887695,19824.0,1.4089184999465942,197,1
StandardGSGP,315af82a-ad3c-11ef-be4a-e4a8dfc2a9a8,forest_fires,26,33,1.3493444919586182,0.05400443077087402,20352.0,1.4089184999465942,197,1
StandardGSGP,315af82a-ad3c-11ef-be4a-e4a8dfc2a9a8,forest_fires,26,34,1.3480072021484375,0.05027484893798828,20864.0,1.411304235458374,197,1
StandardGSGP,315af82a-ad3c-11ef-be4a-e4a8dfc2a9a8,forest_fires,26,35,1.3428877592086792,0.05561494827270508,21336.0,1.3958216905593872,205,1
StandardGSGP,315af82a-ad3c-11ef-be4a-e4a8dfc2a9a8,forest_fires,26,36,1.3428877592086792,0.049509286880493164,21958.0,1.3958216905593872,205,1
StandardGSGP,315af82a-ad3c-11ef-be4a-e4a8dfc2a9a8,forest_fires,26,37,1.341820240020752,0.053998470306396484,22602.0,1.4070897102355957,217,1
StandardGSGP,315af82a-ad3c-11ef-be4a-e4a8dfc2a9a8,forest_fires,26,38,1.341820240020752,0.05050778388977051,22944.0,1.4070897102355957,217,1
StandardGSGP,315af82a-ad3c-11ef-be4a-e4a8dfc2a9a8,forest_fires,26,39,1.341820240020752,0.05110430717468262,23392.0,1.4070897102355957,217,1
StandardGSGP,315af82a-ad3c-11ef-be4a-e4a8dfc2a9a8,forest_fires,26,40,1.341820240020752,0.04951024055480957,23970.0,1.4070897102355957,217,1
StandardGSGP,315af82a-ad3c-11ef-be4a-e4a8dfc2a9a8,forest_fires,26,41,1.3409334421157837,0.051000356674194336,24296.0,1.408628225326538,223,1
StandardGSGP,315af82a-ad3c-11ef-be4a-e4a8dfc2a9a8,forest_fires,26,42,1.3397716283798218,0.055509090423583984,24544.0,1.4046648740768433,235,1
StandardGSGP,315af82a-ad3c-11ef-be4a-e4a8dfc2a9a8,forest_fires,26,43,1.3397716283798218,0.053536176681518555,24598.0,1.4046648740768433,235,1
StandardGSGP,315af82a-ad3c-11ef-be4a-e4a8dfc2a9a8,forest_fires,26,44,1.3397716283798218,0.051512718200683594,24988.0,1.4046648740768433,235,1
StandardGSGP,315af82a-ad3c-11ef-be4a-e4a8dfc2a9a8,forest_fires,26,45,1.3396847248077393,0.04900360107421875,25348.0,1.3974577188491821,259,1
StandardGSGP,315af82a-ad3c-11ef-be4a-e4a8dfc2a9a8,forest_fires,26,46,1.3374584913253784,0.04951214790344238,25868.0,1.397088646888733,251,1
StandardGSGP,315af82a-ad3c-11ef-be4a-e4a8dfc2a9a8,forest_fires,26,47,1.335313081741333,0.05000162124633789,26418.0,1.4131505489349365,261,1
StandardGSGP,315af82a-ad3c-11ef-be4a-e4a8dfc2a9a8,forest_fires,26,48,1.3341712951660156,0.0500035285949707,26976.0,1.4100855588912964,267,1
StandardGSGP,315af82a-ad3c-11ef-be4a-e4a8dfc2a9a8,forest_fires,26,49,1.3341712951660156,0.05051064491271973,27468.0,1.4100855588912964,267,1
StandardGSGP,315af82a-ad3c-11ef-be4a-e4a8dfc2a9a8,forest_fires,26,50,1.3310683965682983,0.0540003776550293,28276.0,1.4094496965408325,279,1
StandardGSGP,315af82a-ad3c-11ef-be4a-e4a8dfc2a9a8,forest_fires,26,51,1.3310683965682983,0.05266547203063965,29114.0,1.4094496965408325,279,1
StandardGSGP,315af82a-ad3c-11ef-be4a-e4a8dfc2a9a8,forest_fires,26,52,1.3295379877090454,0.0601649284362793,29594.0,1.4139084815979004,297,1
StandardGSGP,315af82a-ad3c-11ef-be4a-e4a8dfc2a9a8,forest_fires,26,53,1.3277519941329956,0.05023026466369629,30074.0,1.4077130556106567,285,1
StandardGSGP,315af82a-ad3c-11ef-be4a-e4a8dfc2a9a8,forest_fires,26,54,1.3274482488632202,0.052999258041381836,30588.0,1.4091984033584595,291,1
StandardGSGP,315af82a-ad3c-11ef-be4a-e4a8dfc2a9a8,forest_fires,26,55,1.3269619941711426,0.05150890350341797,31094.0,1.4077825546264648,299,1
StandardGSGP,315af82a-ad3c-11ef-be4a-e4a8dfc2a9a8,forest_fires,26,56,1.326905608177185,0.052004337310791016,31726.0,1.40763521194458,297,1
StandardGSGP,315af82a-ad3c-11ef-be4a-e4a8dfc2a9a8,forest_fires,26,57,1.326905608177185,0.052573442459106445,32188.0,1.40763521194458,297,1
StandardGSGP,315af82a-ad3c-11ef-be4a-e4a8dfc2a9a8,forest_fires,26,58,1.3266421556472778,0.052937984466552734,32822.0,1.4022164344787598,317,1
StandardGSGP,315af82a-ad3c-11ef-be4a-e4a8dfc2a9a8,forest_fires,26,59,1.3258579969406128,0.05150723457336426,33436.0,1.4025553464889526,325,1
StandardGSGP,315af82a-ad3c-11ef-be4a-e4a8dfc2a9a8,forest_fires,26,60,1.325685739517212,0.05250835418701172,33776.0,1.3995091915130615,331,1
StandardGSGP,315af82a-ad3c-11ef-be4a-e4a8dfc2a9a8,forest_fires,26,61,1.324097752571106,0.05432248115539551,34144.0,1.4004944562911987,349,1
StandardGSGP,315af82a-ad3c-11ef-be4a-e4a8dfc2a9a8,forest_fires,26,62,1.322772741317749,0.05153083801269531,34652.0,1.4006810188293457,345,1
StandardGSGP,315af82a-ad3c-11ef-be4a-e4a8dfc2a9a8,forest_fires,26,63,1.322772741317749,0.050559043884277344,35284.0,1.4006810188293457,345,1
StandardGSGP,315af82a-ad3c-11ef-be4a-e4a8dfc2a9a8,forest_fires,26,64,1.322772741317749,0.05014324188232422,36176.0,1.4006810188293457,345,1
StandardGSGP,315af82a-ad3c-11ef-be4a-e4a8dfc2a9a8,forest_fires,26,65,1.321569561958313,0.049001455307006836,36784.0,1.403328776359558,357,1
StandardGSGP,315af82a-ad3c-11ef-be4a-e4a8dfc2a9a8,forest_fires,26,66,1.321569561958313,0.05120730400085449,37224.0,1.403328776359558,357,1
StandardGSGP,315af82a-ad3c-11ef-be4a-e4a8dfc2a9a8,forest_fires,26,67,1.321569561958313,0.052985191345214844,37644.0,1.403328776359558,357,1
StandardGSGP,315af82a-ad3c-11ef-be4a-e4a8dfc2a9a8,forest_fires,26,68,1.3207440376281738,0.05127716064453125,38134.0,1.4033763408660889,371,1
StandardGSGP,315af82a-ad3c-11ef-be4a-e4a8dfc2a9a8,forest_fires,26,69,1.3207440376281738,0.0568690299987793,38612.0,1.4033763408660889,371,1
StandardGSGP,315af82a-ad3c-11ef-be4a-e4a8dfc2a9a8,forest_fires,26,70,1.3207440376281738,0.054473161697387695,39252.0,1.4033763408660889,371,1
StandardGSGP,315af82a-ad3c-11ef-be4a-e4a8dfc2a9a8,forest_fires,26,71,1.319958209991455,0.05569338798522949,39714.0,1.4029773473739624,377,1
StandardGSGP,315af82a-ad3c-11ef-be4a-e4a8dfc2a9a8,forest_fires,26,72,1.319958209991455,0.05299997329711914,40468.0,1.4029773473739624,377,1
StandardGSGP,315af82a-ad3c-11ef-be4a-e4a8dfc2a9a8,forest_fires,26,73,1.318560004234314,0.05150914192199707,41126.0,1.4040367603302002,391,1
StandardGSGP,315af82a-ad3c-11ef-be4a-e4a8dfc2a9a8,forest_fires,26,74,1.318560004234314,0.05399966239929199,41514.0,1.4040367603302002,391,1
StandardGSGP,315af82a-ad3c-11ef-be4a-e4a8dfc2a9a8,forest_fires,26,75,1.3184103965759277,0.053519487380981445,42124.0,1.4174901247024536,403,1
StandardGSGP,315af82a-ad3c-11ef-be4a-e4a8dfc2a9a8,forest_fires,26,76,1.3176770210266113,0.051999807357788086,42862.0,1.4027866125106812,437,1
StandardGSGP,315af82a-ad3c-11ef-be4a-e4a8dfc2a9a8,forest_fires,26,77,1.3169269561767578,0.051712751388549805,43818.0,1.4121522903442383,447,1
StandardGSGP,315af82a-ad3c-11ef-be4a-e4a8dfc2a9a8,forest_fires,26,78,1.3169269561767578,0.0559389591217041,44630.0,1.4121522903442383,447,1
StandardGSGP,315af82a-ad3c-11ef-be4a-e4a8dfc2a9a8,forest_fires,26,79,1.3165509700775146,0.05228471755981445,45408.0,1.4111731052398682,451,1
StandardGSGP,315af82a-ad3c-11ef-be4a-e4a8dfc2a9a8,forest_fires,26,80,1.3146716356277466,0.05597710609436035,45932.0,1.4106441736221313,455,1
StandardGSGP,315af82a-ad3c-11ef-be4a-e4a8dfc2a9a8,forest_fires,26,81,1.3146716356277466,0.05250811576843262,46622.0,1.4106441736221313,455,1
StandardGSGP,315af82a-ad3c-11ef-be4a-e4a8dfc2a9a8,forest_fires,26,82,1.3146716356277466,0.050505876541137695,47276.0,1.4106441736221313,455,1
StandardGSGP,315af82a-ad3c-11ef-be4a-e4a8dfc2a9a8,forest_fires,26,83,1.314437985420227,0.05624890327453613,47782.0,1.4132370948791504,467,1
StandardGSGP,315af82a-ad3c-11ef-be4a-e4a8dfc2a9a8,forest_fires,26,84,1.314437985420227,0.05651426315307617,48216.0,1.4132370948791504,467,1
StandardGSGP,315af82a-ad3c-11ef-be4a-e4a8dfc2a9a8,forest_fires,26,85,1.3144322633743286,0.058458566665649414,48618.0,1.4132810831069946,473,1
StandardGSGP,315af82a-ad3c-11ef-be4a-e4a8dfc2a9a8,forest_fires,26,86,1.3136117458343506,0.056088924407958984,48906.0,1.425037145614624,473,1
StandardGSGP,315af82a-ad3c-11ef-be4a-e4a8dfc2a9a8,forest_fires,26,87,1.3133659362792969,0.1278064250946045,48972.0,1.4125828742980957,491,1
StandardGSGP,315af82a-ad3c-11ef-be4a-e4a8dfc2a9a8,forest_fires,26,88,1.3120659589767456,0.051514625549316406,49334.0,1.4239894151687622,489,1
StandardGSGP,315af82a-ad3c-11ef-be4a-e4a8dfc2a9a8,forest_fires,26,89,1.3110522031784058,0.05202937126159668,49732.0,1.4369735717773438,495,1
StandardGSGP,315af82a-ad3c-11ef-be4a-e4a8dfc2a9a8,forest_fires,26,90,1.310261845588684,0.051508426666259766,50256.0,1.4129012823104858,501,1
StandardGSGP,315af82a-ad3c-11ef-be4a-e4a8dfc2a9a8,forest_fires,26,91,1.3087106943130493,0.054003000259399414,50896.0,1.4255504608154297,509,1
StandardGSGP,315af82a-ad3c-11ef-be4a-e4a8dfc2a9a8,forest_fires,26,92,1.307323932647705,0.05152010917663574,51534.0,1.4243675470352173,515,1
StandardGSGP,315af82a-ad3c-11ef-be4a-e4a8dfc2a9a8,forest_fires,26,93,1.3062115907669067,0.052384138107299805,52102.0,1.4231727123260498,523,1
StandardGSGP,315af82a-ad3c-11ef-be4a-e4a8dfc2a9a8,forest_fires,26,94,1.3059091567993164,0.05051755905151367,52670.0,1.4233241081237793,531,1
StandardGSGP,315af82a-ad3c-11ef-be4a-e4a8dfc2a9a8,forest_fires,26,95,1.3058993816375732,0.051003456115722656,53312.0,1.4201538562774658,527,1
StandardGSGP,315af82a-ad3c-11ef-be4a-e4a8dfc2a9a8,forest_fires,26,96,1.3058993816375732,0.054506778717041016,53836.0,1.4201538562774658,527,1
StandardGSGP,315af82a-ad3c-11ef-be4a-e4a8dfc2a9a8,forest_fires,26,97,1.3052265644073486,0.054511070251464844,54408.0,1.4187211990356445,541,1
StandardGSGP,315af82a-ad3c-11ef-be4a-e4a8dfc2a9a8,forest_fires,26,98,1.3052265644073486,0.052002906799316406,54992.0,1.4187211990356445,541,1
StandardGSGP,315af82a-ad3c-11ef-be4a-e4a8dfc2a9a8,forest_fires,26,99,1.305133581161499,0.05499911308288574,55704.0,1.421971321105957,557,1
StandardGSGP,315af82a-ad3c-11ef-be4a-e4a8dfc2a9a8,forest_fires,26,100,1.3041183948516846,0.052353858947753906,56358.0,1.4228776693344116,565,1
