StandardGSGP,a948317e-ad3b-11ef-aee7-e4a8dfc2a9a8,forest_fires,16,0,0.2539057731628418,0.04309678077697754,854.0,0.2378878891468048,3,1
StandardGSGP,a948317e-ad3b-11ef-aee7-e4a8dfc2a9a8,forest_fires,16,1,0.21526293456554413,0.057297468185424805,1178.0,0.20425476133823395,13,1
StandardGSGP,a948317e-ad3b-11ef-aee7-e4a8dfc2a9a8,forest_fires,16,2,0.2131510227918625,0.049999237060546875,1754.0,0.194158136844635,17,1
StandardGSGP,a948317e-ad3b-11ef-aee7-e4a8dfc2a9a8,forest_fires,16,3,0.21016612648963928,0.05451226234436035,2370.0,0.20002296566963196,19,1
StandardGSGP,a948317e-ad3b-11ef-aee7-e4a8dfc2a9a8,forest_fires,16,4,0.21016612648963928,0.04899764060974121,3028.0,0.20002296566963196,19,1
StandardGSGP,a948317e-ad3b-11ef-aee7-e4a8dfc2a9a8,forest_fires,16,5,0.21016612648963928,0.05151033401489258,3620.0,0.20002296566963196,19,1
StandardGSGP,a948317e-ad3b-11ef-aee7-e4a8dfc2a9a8,forest_fires,16,6,0.209330216050148,0.05051016807556152,4160.0,0.20019948482513428,25,1
StandardGSGP,a948317e-ad3b-11ef-aee7-e4a8dfc2a9a8,forest_fires,16,7,0.209330216050148,0.05150938034057617,4520.0,0.20019948482513428,25,1
StandardGSGP,a948317e-ad3b-11ef-aee7-e4a8dfc2a9a8,forest_fires,16,8,0.20914635062217712,0.04812431335449219,4910.0,0.20174816250801086,37,1
StandardGSGP,a948317e-ad3b-11ef-aee7-e4a8dfc2a9a8,forest_fires,16,9,0.20914635062217712,0.05453896522521973,5298.0,0.20174816250801086,37,1
StandardGSGP,a948317e-ad3b-11ef-aee7-e4a8dfc2a9a8,forest_fires,16,10,0.20914635062217712,0.05152297019958496,5960.0,0.20174816250801086,37,1
StandardGSGP,a948317e-ad3b-11ef-aee7-e4a8dfc2a9a8,forest_fires,16,11,0.20914635062217712,0.054998159408569336,6616.0,0.20174816250801086,37,1
StandardGSGP,a948317e-ad3b-11ef-aee7-e4a8dfc2a9a8,forest_fires,16,12,0.20842427015304565,0.05780744552612305,6982.0,0.20100316405296326,43,1
StandardGSGP,a948317e-ad3b-11ef-aee7-e4a8dfc2a9a8,forest_fires,16,13,0.20842427015304565,0.05271196365356445,7370.0,0.20100316405296326,43,1
StandardGSGP,a948317e-ad3b-11ef-aee7-e4a8dfc2a9a8,forest_fires,16,14,0.20842427015304565,0.05061841011047363,7678.0,0.20100316405296326,43,1
StandardGSGP,a948317e-ad3b-11ef-aee7-e4a8dfc2a9a8,forest_fires,16,15,0.20842427015304565,0.05147862434387207,8066.0,0.20100316405296326,43,1
StandardGSGP,a948317e-ad3b-11ef-aee7-e4a8dfc2a9a8,forest_fires,16,16,0.20823171734809875,0.05233931541442871,8500.0,0.20069248974323273,49,1
StandardGSGP,a948317e-ad3b-11ef-aee7-e4a8dfc2a9a8,forest_fires,16,17,0.20823171734809875,0.0544133186340332,8946.0,0.20069248974323273,49,1
StandardGSGP,a948317e-ad3b-11ef-aee7-e4a8dfc2a9a8,forest_fires,16,18,0.20821169018745422,0.05461621284484863,8408.0,0.20069248974323273,57,1
StandardGSGP,a948317e-ad3b-11ef-aee7-e4a8dfc2a9a8,forest_fires,16,19,0.20821169018745422,0.056581735610961914,8362.0,0.20069248974323273,57,1
StandardGSGP,a948317e-ad3b-11ef-aee7-e4a8dfc2a9a8,forest_fires,16,20,0.20821169018745422,0.05050945281982422,8312.0,0.20069248974323273,57,1
StandardGSGP,a948317e-ad3b-11ef-aee7-e4a8dfc2a9a8,forest_fires,16,21,0.20821169018745422,0.05745816230773926,8992.0,0.20069248974323273,57,1
StandardGSGP,a948317e-ad3b-11ef-aee7-e4a8dfc2a9a8,forest_fires,16,22,0.20821169018745422,0.07449746131896973,9536.0,0.20069248974323273,57,1
StandardGSGP,a948317e-ad3b-11ef-aee7-e4a8dfc2a9a8,forest_fires,16,23,0.20821169018745422,0.05944013595581055,9896.0,0.20069248974323273,57,1
StandardGSGP,a948317e-ad3b-11ef-aee7-e4a8dfc2a9a8,forest_fires,16,24,0.20821169018745422,0.057509422302246094,9988.0,0.20069248974323273,57,1
StandardGSGP,a948317e-ad3b-11ef-aee7-e4a8dfc2a9a8,forest_fires,16,25,0.20818272233009338,0.055999755859375,10122.0,0.2012711465358734,63,1
StandardGSGP,a948317e-ad3b-11ef-aee7-e4a8dfc2a9a8,forest_fires,16,26,0.20818272233009338,0.05850958824157715,10662.0,0.2012711465358734,63,1
StandardGSGP,a948317e-ad3b-11ef-aee7-e4a8dfc2a9a8,forest_fires,16,27,0.20786474645137787,0.05100250244140625,10676.0,0.20148782432079315,69,1
StandardGSGP,a948317e-ad3b-11ef-aee7-e4a8dfc2a9a8,forest_fires,16,28,0.2072513848543167,0.0505068302154541,11152.0,0.1994781494140625,71,1
StandardGSGP,a948317e-ad3b-11ef-aee7-e4a8dfc2a9a8,forest_fires,16,29,0.20595434308052063,0.05400371551513672,11338.0,0.19720704853534698,77,1
StandardGSGP,a948317e-ad3b-11ef-aee7-e4a8dfc2a9a8,forest_fires,16,30,0.20577912032604218,0.049508094787597656,11498.0,0.1965140998363495,83,1
StandardGSGP,a948317e-ad3b-11ef-aee7-e4a8dfc2a9a8,forest_fires,16,31,0.20577912032604218,0.0514223575592041,12100.0,0.1965140998363495,83,1
StandardGSGP,a948317e-ad3b-11ef-aee7-e4a8dfc2a9a8,forest_fires,16,32,0.20577912032604218,0.05121970176696777,12970.0,0.1965140998363495,83,1
StandardGSGP,a948317e-ad3b-11ef-aee7-e4a8dfc2a9a8,forest_fires,16,33,0.20577912032604218,0.055333852767944336,12912.0,0.1965140998363495,83,1
StandardGSGP,a948317e-ad3b-11ef-aee7-e4a8dfc2a9a8,forest_fires,16,34,0.20577912032604218,0.05771684646606445,12906.0,0.1965140998363495,83,1
StandardGSGP,a948317e-ad3b-11ef-aee7-e4a8dfc2a9a8,forest_fires,16,35,0.20577912032604218,0.05450797080993652,13148.0,0.1965140998363495,83,1
StandardGSGP,a948317e-ad3b-11ef-aee7-e4a8dfc2a9a8,forest_fires,16,36,0.20577912032604218,0.04956221580505371,13192.0,0.1965140998363495,83,1
StandardGSGP,a948317e-ad3b-11ef-aee7-e4a8dfc2a9a8,forest_fires,16,37,0.20577912032604218,0.05078768730163574,13708.0,0.1965140998363495,83,1
StandardGSGP,a948317e-ad3b-11ef-aee7-e4a8dfc2a9a8,forest_fires,16,38,0.20577912032604218,0.050928354263305664,13600.0,0.1965140998363495,83,1
StandardGSGP,a948317e-ad3b-11ef-aee7-e4a8dfc2a9a8,forest_fires,16,39,0.20577912032604218,0.05106973648071289,14120.0,0.1965140998363495,83,1
StandardGSGP,a948317e-ad3b-11ef-aee7-e4a8dfc2a9a8,forest_fires,16,40,0.20577912032604218,0.05001235008239746,14404.0,0.1965140998363495,83,1
StandardGSGP,a948317e-ad3b-11ef-aee7-e4a8dfc2a9a8,forest_fires,16,41,0.20577912032604218,0.05299186706542969,15036.0,0.1965140998363495,83,1
StandardGSGP,a948317e-ad3b-11ef-aee7-e4a8dfc2a9a8,forest_fires,16,42,0.20577912032604218,0.052275896072387695,15264.0,0.1965140998363495,83,1
StandardGSGP,a948317e-ad3b-11ef-aee7-e4a8dfc2a9a8,forest_fires,16,43,0.20577912032604218,0.05514121055603027,15648.0,0.1965140998363495,83,1
StandardGSGP,a948317e-ad3b-11ef-aee7-e4a8dfc2a9a8,forest_fires,16,44,0.20577912032604218,0.05208706855773926,15024.0,0.1965140998363495,83,1
StandardGSGP,a948317e-ad3b-11ef-aee7-e4a8dfc2a9a8,forest_fires,16,45,0.20577912032604218,0.052004098892211914,13792.0,0.1965140998363495,83,1
StandardGSGP,a948317e-ad3b-11ef-aee7-e4a8dfc2a9a8,forest_fires,16,46,0.2047017216682434,0.05051589012145996,13830.0,0.19587299227714539,103,1
StandardGSGP,a948317e-ad3b-11ef-aee7-e4a8dfc2a9a8,forest_fires,16,47,0.2047017216682434,0.052449703216552734,13902.0,0.19587299227714539,103,1
StandardGSGP,a948317e-ad3b-11ef-aee7-e4a8dfc2a9a8,forest_fires,16,48,0.2047017216682434,0.05324673652648926,13966.0,0.19587299227714539,103,1
StandardGSGP,a948317e-ad3b-11ef-aee7-e4a8dfc2a9a8,forest_fires,16,49,0.20465289056301117,0.05116009712219238,13754.0,0.1958027184009552,109,1
StandardGSGP,a948317e-ad3b-11ef-aee7-e4a8dfc2a9a8,forest_fires,16,50,0.2046077996492386,0.05148792266845703,14134.0,0.1959826946258545,111,1
StandardGSGP,a948317e-ad3b-11ef-aee7-e4a8dfc2a9a8,forest_fires,16,51,0.2046077996492386,0.05133199691772461,14280.0,0.1959826946258545,111,1
StandardGSGP,a948317e-ad3b-11ef-aee7-e4a8dfc2a9a8,forest_fires,16,52,0.2035636007785797,0.0505070686340332,14690.0,0.1941956877708435,145,1
StandardGSGP,a948317e-ad3b-11ef-aee7-e4a8dfc2a9a8,forest_fires,16,53,0.20355850458145142,0.051999807357788086,14754.0,0.19425655901432037,151,1
StandardGSGP,a948317e-ad3b-11ef-aee7-e4a8dfc2a9a8,forest_fires,16,54,0.20355850458145142,0.12512445449829102,14688.0,0.19425655901432037,151,1
StandardGSGP,a948317e-ad3b-11ef-aee7-e4a8dfc2a9a8,forest_fires,16,55,0.20355850458145142,0.053375959396362305,15358.0,0.19425655901432037,151,1
StandardGSGP,a948317e-ad3b-11ef-aee7-e4a8dfc2a9a8,forest_fires,16,56,0.20355850458145142,0.05050802230834961,15894.0,0.19425655901432037,151,1
StandardGSGP,a948317e-ad3b-11ef-aee7-e4a8dfc2a9a8,forest_fires,16,57,0.20355850458145142,0.05401253700256348,16408.0,0.19425655901432037,151,1
StandardGSGP,a948317e-ad3b-11ef-aee7-e4a8dfc2a9a8,forest_fires,16,58,0.20355850458145142,0.052664995193481445,16882.0,0.19425655901432037,151,1
StandardGSGP,a948317e-ad3b-11ef-aee7-e4a8dfc2a9a8,forest_fires,16,59,0.20355850458145142,0.05556631088256836,17286.0,0.19425655901432037,151,1
StandardGSGP,a948317e-ad3b-11ef-aee7-e4a8dfc2a9a8,forest_fires,16,60,0.20355850458145142,0.05487346649169922,17584.0,0.19425655901432037,151,1
StandardGSGP,a948317e-ad3b-11ef-aee7-e4a8dfc2a9a8,forest_fires,16,61,0.20341640710830688,0.05256509780883789,17994.0,0.19173191487789154,171,1
StandardGSGP,a948317e-ad3b-11ef-aee7-e4a8dfc2a9a8,forest_fires,16,62,0.20341640710830688,0.05611443519592285,18558.0,0.19173191487789154,171,1
StandardGSGP,a948317e-ad3b-11ef-aee7-e4a8dfc2a9a8,forest_fires,16,63,0.20337067544460297,0.05455517768859863,19136.0,0.19162675738334656,177,1
StandardGSGP,a948317e-ad3b-11ef-aee7-e4a8dfc2a9a8,forest_fires,16,64,0.20337067544460297,0.05388593673706055,19782.0,0.19162675738334656,177,1
StandardGSGP,a948317e-ad3b-11ef-aee7-e4a8dfc2a9a8,forest_fires,16,65,0.20337067544460297,0.052298545837402344,20012.0,0.19162675738334656,177,1
StandardGSGP,a948317e-ad3b-11ef-aee7-e4a8dfc2a9a8,forest_fires,16,66,0.2027827650308609,0.05534529685974121,20380.0,0.1900426298379898,189,1
StandardGSGP,a948317e-ad3b-11ef-aee7-e4a8dfc2a9a8,forest_fires,16,67,0.2023424655199051,0.058991193771362305,20638.0,0.19080060720443726,195,1
StandardGSGP,a948317e-ad3b-11ef-aee7-e4a8dfc2a9a8,forest_fires,16,68,0.2021414190530777,0.05038261413574219,20776.0,0.1883181631565094,197,1
StandardGSGP,a948317e-ad3b-11ef-aee7-e4a8dfc2a9a8,forest_fires,16,69,0.2021414190530777,0.05022144317626953,21238.0,0.1883181631565094,197,1
StandardGSGP,a948317e-ad3b-11ef-aee7-e4a8dfc2a9a8,forest_fires,16,70,0.2021414190530777,0.05099940299987793,22028.0,0.1883181631565094,197,1
StandardGSGP,a948317e-ad3b-11ef-aee7-e4a8dfc2a9a8,forest_fires,16,71,0.2021414190530777,0.053479671478271484,22840.0,0.1883181631565094,197,1
StandardGSGP,a948317e-ad3b-11ef-aee7-e4a8dfc2a9a8,forest_fires,16,72,0.2021414190530777,0.06324386596679688,23794.0,0.1883181631565094,197,1
StandardGSGP,a948317e-ad3b-11ef-aee7-e4a8dfc2a9a8,forest_fires,16,73,0.2021414190530777,0.05299687385559082,24446.0,0.1883181631565094,197,1
StandardGSGP,a948317e-ad3b-11ef-aee7-e4a8dfc2a9a8,forest_fires,16,74,0.2021414190530777,0.050904035568237305,24868.0,0.1883181631565094,197,1
StandardGSGP,a948317e-ad3b-11ef-aee7-e4a8dfc2a9a8,forest_fires,16,75,0.2021414190530777,0.051197052001953125,25748.0,0.1883181631565094,197,1
StandardGSGP,a948317e-ad3b-11ef-aee7-e4a8dfc2a9a8,forest_fires,16,76,0.2021414190530777,0.05250716209411621,26634.0,0.1883181631565094,197,1
StandardGSGP,a948317e-ad3b-11ef-aee7-e4a8dfc2a9a8,forest_fires,16,77,0.2021414190530777,0.0544741153717041,26872.0,0.1883181631565094,197,1
StandardGSGP,a948317e-ad3b-11ef-aee7-e4a8dfc2a9a8,forest_fires,16,78,0.2021414190530777,0.05251026153564453,27810.0,0.1883181631565094,197,1
StandardGSGP,a948317e-ad3b-11ef-aee7-e4a8dfc2a9a8,forest_fires,16,79,0.2021414190530777,0.051998138427734375,28352.0,0.1883181631565094,197,1
StandardGSGP,a948317e-ad3b-11ef-aee7-e4a8dfc2a9a8,forest_fires,16,80,0.20204603672027588,0.05260062217712402,28512.0,0.18937577307224274,203,1
StandardGSGP,a948317e-ad3b-11ef-aee7-e4a8dfc2a9a8,forest_fires,16,81,0.20204603672027588,0.05407238006591797,29620.0,0.18937577307224274,203,1
StandardGSGP,a948317e-ad3b-11ef-aee7-e4a8dfc2a9a8,forest_fires,16,82,0.20204603672027588,0.057251930236816406,30232.0,0.18937577307224274,203,1
StandardGSGP,a948317e-ad3b-11ef-aee7-e4a8dfc2a9a8,forest_fires,16,83,0.20196238160133362,0.05052447319030762,30404.0,0.18908707797527313,209,1
StandardGSGP,a948317e-ad3b-11ef-aee7-e4a8dfc2a9a8,forest_fires,16,84,0.20196238160133362,0.05299568176269531,30398.0,0.18908707797527313,209,1
StandardGSGP,a948317e-ad3b-11ef-aee7-e4a8dfc2a9a8,forest_fires,16,85,0.20196238160133362,0.0525209903717041,29582.0,0.18908707797527313,209,1
StandardGSGP,a948317e-ad3b-11ef-aee7-e4a8dfc2a9a8,forest_fires,16,86,0.20196238160133362,0.052999019622802734,29118.0,0.18908707797527313,209,1
StandardGSGP,a948317e-ad3b-11ef-aee7-e4a8dfc2a9a8,forest_fires,16,87,0.20196238160133362,0.05371999740600586,27344.0,0.18908707797527313,209,1
StandardGSGP,a948317e-ad3b-11ef-aee7-e4a8dfc2a9a8,forest_fires,16,88,0.20184272527694702,0.05200004577636719,25840.0,0.18917173147201538,215,1
StandardGSGP,a948317e-ad3b-11ef-aee7-e4a8dfc2a9a8,forest_fires,16,89,0.20184272527694702,0.05198979377746582,25980.0,0.18917173147201538,215,1
StandardGSGP,a948317e-ad3b-11ef-aee7-e4a8dfc2a9a8,forest_fires,16,90,0.20184272527694702,0.05328106880187988,25146.0,0.18917173147201538,215,1
StandardGSGP,a948317e-ad3b-11ef-aee7-e4a8dfc2a9a8,forest_fires,16,91,0.20184272527694702,0.051506996154785156,25556.0,0.18917173147201538,215,1
StandardGSGP,a948317e-ad3b-11ef-aee7-e4a8dfc2a9a8,forest_fires,16,92,0.20184272527694702,0.05400204658508301,25994.0,0.18917173147201538,215,1
StandardGSGP,a948317e-ad3b-11ef-aee7-e4a8dfc2a9a8,forest_fires,16,93,0.20184272527694702,0.04969382286071777,26882.0,0.18917173147201538,215,1
StandardGSGP,a948317e-ad3b-11ef-aee7-e4a8dfc2a9a8,forest_fires,16,94,0.2016359120607376,0.05300283432006836,26212.0,0.1866997480392456,221,1
StandardGSGP,a948317e-ad3b-11ef-aee7-e4a8dfc2a9a8,forest_fires,16,95,0.2016359120607376,0.05150723457336426,26564.0,0.1866997480392456,221,1
StandardGSGP,a948317e-ad3b-11ef-aee7-e4a8dfc2a9a8,forest_fires,16,96,0.2016359120607376,0.05571722984313965,26916.0,0.1866997480392456,221,1
StandardGSGP,a948317e-ad3b-11ef-aee7-e4a8dfc2a9a8,forest_fires,16,97,0.2016359120607376,0.05099844932556152,27168.0,0.1866997480392456,221,1
StandardGSGP,a948317e-ad3b-11ef-aee7-e4a8dfc2a9a8,forest_fires,16,98,0.2016359120607376,0.05250859260559082,27260.0,0.1866997480392456,221,1
StandardGSGP,a948317e-ad3b-11ef-aee7-e4a8dfc2a9a8,forest_fires,16,99,0.2016359120607376,0.05800056457519531,26942.0,0.1866997480392456,221,1
StandardGSGP,a948317e-ad3b-11ef-aee7-e4a8dfc2a9a8,forest_fires,16,100,0.2016359120607376,0.05451655387878418,26564.0,0.1866997480392456,221,1
StandardGSGP,0f6689dd-ad3c-11ef-aee7-e4a8dfc2a9a8,forest_fires,16,0,1.4337127208709717,0.04599905014038086,854.0,1.315497636795044,3,1
StandardGSGP,0f6689dd-ad3c-11ef-aee7-e4a8dfc2a9a8,forest_fires,16,1,1.432220697402954,0.05851006507873535,1542.0,1.315416693687439,37,1
StandardGSGP,0f6689dd-ad3c-11ef-aee7-e4a8dfc2a9a8,forest_fires,16,2,1.4243327379226685,0.05099606513977051,2442.0,1.3172041177749634,43,1
StandardGSGP,0f6689dd-ad3c-11ef-aee7-e4a8dfc2a9a8,forest_fires,16,3,1.4237174987792969,0.04950571060180664,3756.0,1.3158622980117798,51,1
StandardGSGP,0f6689dd-ad3c-11ef-aee7-e4a8dfc2a9a8,forest_fires,16,4,1.422469973564148,0.05100584030151367,4822.0,1.31741201877594,59,1
StandardGSGP,0f6689dd-ad3c-11ef-aee7-e4a8dfc2a9a8,forest_fires,16,5,1.422469973564148,0.052504539489746094,5746.0,1.31741201877594,59,1
StandardGSGP,0f6689dd-ad3c-11ef-aee7-e4a8dfc2a9a8,forest_fires,16,6,1.4197767972946167,0.05340456962585449,6444.0,1.3205698728561401,73,1
StandardGSGP,0f6689dd-ad3c-11ef-aee7-e4a8dfc2a9a8,forest_fires,16,7,1.4189492464065552,0.05152106285095215,7192.0,1.3227643966674805,73,1
StandardGSGP,0f6689dd-ad3c-11ef-aee7-e4a8dfc2a9a8,forest_fires,16,8,1.4155256748199463,0.04851031303405762,7862.0,1.3132270574569702,77,1
StandardGSGP,0f6689dd-ad3c-11ef-aee7-e4a8dfc2a9a8,forest_fires,16,9,1.4155256748199463,0.05199861526489258,8596.0,1.3132270574569702,77,1
StandardGSGP,0f6689dd-ad3c-11ef-aee7-e4a8dfc2a9a8,forest_fires,16,10,1.4155256748199463,0.05050992965698242,9236.0,1.3132270574569702,77,1
StandardGSGP,0f6689dd-ad3c-11ef-aee7-e4a8dfc2a9a8,forest_fires,16,11,1.4154458045959473,0.051010847091674805,9856.0,1.317133903503418,89,1
StandardGSGP,0f6689dd-ad3c-11ef-aee7-e4a8dfc2a9a8,forest_fires,16,12,1.4125006198883057,0.050757408142089844,10418.0,1.3063734769821167,101,1
StandardGSGP,0f6689dd-ad3c-11ef-aee7-e4a8dfc2a9a8,forest_fires,16,13,1.4125006198883057,0.05055117607116699,10886.0,1.3063734769821167,101,1
StandardGSGP,0f6689dd-ad3c-11ef-aee7-e4a8dfc2a9a8,forest_fires,16,14,1.411524772644043,0.05150866508483887,11272.0,1.3151570558547974,109,1
StandardGSGP,0f6689dd-ad3c-11ef-aee7-e4a8dfc2a9a8,forest_fires,16,15,1.4107340574264526,0.05165553092956543,11902.0,1.2947877645492554,107,1
StandardGSGP,0f6689dd-ad3c-11ef-aee7-e4a8dfc2a9a8,forest_fires,16,16,1.4107340574264526,0.05051231384277344,12472.0,1.2947877645492554,107,1
StandardGSGP,0f6689dd-ad3c-11ef-aee7-e4a8dfc2a9a8,forest_fires,16,17,1.407853126525879,0.04999899864196777,12680.0,1.307618498802185,127,1
StandardGSGP,0f6689dd-ad3c-11ef-aee7-e4a8dfc2a9a8,forest_fires,16,18,1.4076107740402222,0.051148176193237305,12908.0,1.3066115379333496,135,1
StandardGSGP,0f6689dd-ad3c-11ef-aee7-e4a8dfc2a9a8,forest_fires,16,19,1.4042538404464722,0.05424356460571289,13380.0,1.3068134784698486,139,1
StandardGSGP,0f6689dd-ad3c-11ef-aee7-e4a8dfc2a9a8,forest_fires,16,20,1.4012657403945923,0.05001664161682129,13872.0,1.302416205406189,145,1
StandardGSGP,0f6689dd-ad3c-11ef-aee7-e4a8dfc2a9a8,forest_fires,16,21,1.4003759622573853,0.05200338363647461,14610.0,1.3017456531524658,151,1
StandardGSGP,0f6689dd-ad3c-11ef-aee7-e4a8dfc2a9a8,forest_fires,16,22,1.4003759622573853,0.05050539970397949,15292.0,1.3017456531524658,151,1
StandardGSGP,0f6689dd-ad3c-11ef-aee7-e4a8dfc2a9a8,forest_fires,16,23,1.4001588821411133,0.050003767013549805,16032.0,1.2988084554672241,157,1
StandardGSGP,0f6689dd-ad3c-11ef-aee7-e4a8dfc2a9a8,forest_fires,16,24,1.4001413583755493,0.050507545471191406,16630.0,1.298482894897461,163,1
StandardGSGP,0f6689dd-ad3c-11ef-aee7-e4a8dfc2a9a8,forest_fires,16,25,1.399387001991272,0.050508975982666016,17364.0,1.296740174293518,177,1
StandardGSGP,0f6689dd-ad3c-11ef-aee7-e4a8dfc2a9a8,forest_fires,16,26,1.3984800577163696,0.05300140380859375,17932.0,1.3028525114059448,163,1
StandardGSGP,0f6689dd-ad3c-11ef-aee7-e4a8dfc2a9a8,forest_fires,16,27,1.3982775211334229,0.05150890350341797,18552.0,1.3003255128860474,193,1
StandardGSGP,0f6689dd-ad3c-11ef-aee7-e4a8dfc2a9a8,forest_fires,16,28,1.3939491510391235,0.051000118255615234,19114.0,1.293654203414917,171,1
StandardGSGP,0f6689dd-ad3c-11ef-aee7-e4a8dfc2a9a8,forest_fires,16,29,1.3939491510391235,0.05151700973510742,19722.0,1.293654203414917,171,1
StandardGSGP,0f6689dd-ad3c-11ef-aee7-e4a8dfc2a9a8,forest_fires,16,30,1.3939491510391235,0.05477547645568848,20214.0,1.293654203414917,171,1
StandardGSGP,0f6689dd-ad3c-11ef-aee7-e4a8dfc2a9a8,forest_fires,16,31,1.3933578729629517,0.05234336853027344,20646.0,1.2781636714935303,191,1
StandardGSGP,0f6689dd-ad3c-11ef-aee7-e4a8dfc2a9a8,forest_fires,16,32,1.3928577899932861,0.05313849449157715,21122.0,1.2950892448425293,197,1
StandardGSGP,0f6689dd-ad3c-11ef-aee7-e4a8dfc2a9a8,forest_fires,16,33,1.3924649953842163,0.0529327392578125,21412.0,1.2923357486724854,189,1
StandardGSGP,0f6689dd-ad3c-11ef-aee7-e4a8dfc2a9a8,forest_fires,16,34,1.3920836448669434,0.13407325744628906,21466.0,1.2956666946411133,221,1
StandardGSGP,0f6689dd-ad3c-11ef-aee7-e4a8dfc2a9a8,forest_fires,16,35,1.3914934396743774,0.049776315689086914,21928.0,1.296574592590332,213,1
StandardGSGP,0f6689dd-ad3c-11ef-aee7-e4a8dfc2a9a8,forest_fires,16,36,1.3902546167373657,0.0516657829284668,22484.0,1.277692198753357,229,1
StandardGSGP,0f6689dd-ad3c-11ef-aee7-e4a8dfc2a9a8,forest_fires,16,37,1.3902546167373657,0.05051445960998535,23106.0,1.277692198753357,229,1
StandardGSGP,0f6689dd-ad3c-11ef-aee7-e4a8dfc2a9a8,forest_fires,16,38,1.3902546167373657,0.05066347122192383,23592.0,1.277692198753357,229,1
StandardGSGP,0f6689dd-ad3c-11ef-aee7-e4a8dfc2a9a8,forest_fires,16,39,1.3902546167373657,0.05126476287841797,24228.0,1.277692198753357,229,1
StandardGSGP,0f6689dd-ad3c-11ef-aee7-e4a8dfc2a9a8,forest_fires,16,40,1.3902546167373657,0.05100226402282715,24730.0,1.277692198753357,229,1
StandardGSGP,0f6689dd-ad3c-11ef-aee7-e4a8dfc2a9a8,forest_fires,16,41,1.3901015520095825,0.05150604248046875,25338.0,1.2777687311172485,235,1
StandardGSGP,0f6689dd-ad3c-11ef-aee7-e4a8dfc2a9a8,forest_fires,16,42,1.3859156370162964,0.05200386047363281,25874.0,1.2748830318450928,241,1
StandardGSGP,0f6689dd-ad3c-11ef-aee7-e4a8dfc2a9a8,forest_fires,16,43,1.3859156370162964,0.05000448226928711,26322.0,1.2748830318450928,241,1
StandardGSGP,0f6689dd-ad3c-11ef-aee7-e4a8dfc2a9a8,forest_fires,16,44,1.3852338790893555,0.05150938034057617,26678.0,1.2775877714157104,253,1
StandardGSGP,0f6689dd-ad3c-11ef-aee7-e4a8dfc2a9a8,forest_fires,16,45,1.3852338790893555,0.051000118255615234,26848.0,1.2775877714157104,253,1
StandardGSGP,0f6689dd-ad3c-11ef-aee7-e4a8dfc2a9a8,forest_fires,16,46,1.383941411972046,0.05250859260559082,27538.0,1.2783681154251099,265,1
StandardGSGP,0f6689dd-ad3c-11ef-aee7-e4a8dfc2a9a8,forest_fires,16,47,1.3838584423065186,0.049999237060546875,28100.0,1.2784978151321411,273,1
StandardGSGP,0f6689dd-ad3c-11ef-aee7-e4a8dfc2a9a8,forest_fires,16,48,1.3820443153381348,0.05251336097717285,28516.0,1.2795159816741943,279,1
StandardGSGP,0f6689dd-ad3c-11ef-aee7-e4a8dfc2a9a8,forest_fires,16,49,1.3820443153381348,0.05200934410095215,28958.0,1.2795159816741943,279,1
StandardGSGP,0f6689dd-ad3c-11ef-aee7-e4a8dfc2a9a8,forest_fires,16,50,1.3820443153381348,0.053371429443359375,29320.0,1.2795159816741943,279,1
StandardGSGP,0f6689dd-ad3c-11ef-aee7-e4a8dfc2a9a8,forest_fires,16,51,1.3809900283813477,0.05228900909423828,29952.0,1.279869556427002,299,1
StandardGSGP,0f6689dd-ad3c-11ef-aee7-e4a8dfc2a9a8,forest_fires,16,52,1.380951166152954,0.0495142936706543,30442.0,1.2928844690322876,307,1
StandardGSGP,0f6689dd-ad3c-11ef-aee7-e4a8dfc2a9a8,forest_fires,16,53,1.380951166152954,0.04999804496765137,30834.0,1.2928844690322876,307,1
StandardGSGP,0f6689dd-ad3c-11ef-aee7-e4a8dfc2a9a8,forest_fires,16,54,1.380951166152954,0.05050921440124512,31312.0,1.2928844690322876,307,1
StandardGSGP,0f6689dd-ad3c-11ef-aee7-e4a8dfc2a9a8,forest_fires,16,55,1.3807750940322876,0.05356884002685547,31994.0,1.2830315828323364,321,1
StandardGSGP,0f6689dd-ad3c-11ef-aee7-e4a8dfc2a9a8,forest_fires,16,56,1.380507230758667,0.05106759071350098,32532.0,1.2843213081359863,327,1
StandardGSGP,0f6689dd-ad3c-11ef-aee7-e4a8dfc2a9a8,forest_fires,16,57,1.38003671169281,0.05099987983703613,33074.0,1.2886857986450195,325,1
StandardGSGP,0f6689dd-ad3c-11ef-aee7-e4a8dfc2a9a8,forest_fires,16,58,1.379609227180481,0.050293922424316406,33704.0,1.2897982597351074,333,1
StandardGSGP,0f6689dd-ad3c-11ef-aee7-e4a8dfc2a9a8,forest_fires,16,59,1.3794702291488647,0.051058053970336914,34390.0,1.2891371250152588,333,1
StandardGSGP,0f6689dd-ad3c-11ef-aee7-e4a8dfc2a9a8,forest_fires,16,60,1.3793530464172363,0.05399274826049805,34998.0,1.287258267402649,339,1
StandardGSGP,0f6689dd-ad3c-11ef-aee7-e4a8dfc2a9a8,forest_fires,16,61,1.3787169456481934,0.051506757736206055,35482.0,1.2886830568313599,347,1
StandardGSGP,0f6689dd-ad3c-11ef-aee7-e4a8dfc2a9a8,forest_fires,16,62,1.3787169456481934,0.05299878120422363,36114.0,1.2886830568313599,347,1
StandardGSGP,0f6689dd-ad3c-11ef-aee7-e4a8dfc2a9a8,forest_fires,16,63,1.3783878087997437,0.051520347595214844,36524.0,1.2927755117416382,359,1
StandardGSGP,0f6689dd-ad3c-11ef-aee7-e4a8dfc2a9a8,forest_fires,16,64,1.3781009912490845,0.05195879936218262,37124.0,1.2856491804122925,359,1
StandardGSGP,0f6689dd-ad3c-11ef-aee7-e4a8dfc2a9a8,forest_fires,16,65,1.3775761127471924,0.05370974540710449,37554.0,1.2951829433441162,377,1
StandardGSGP,0f6689dd-ad3c-11ef-aee7-e4a8dfc2a9a8,forest_fires,16,66,1.3775761127471924,0.05229377746582031,38106.0,1.2951829433441162,377,1
StandardGSGP,0f6689dd-ad3c-11ef-aee7-e4a8dfc2a9a8,forest_fires,16,67,1.375959873199463,0.05150747299194336,38354.0,1.2853264808654785,373,1
StandardGSGP,0f6689dd-ad3c-11ef-aee7-e4a8dfc2a9a8,forest_fires,16,68,1.375959873199463,0.053385019302368164,38736.0,1.2853264808654785,373,1
StandardGSGP,0f6689dd-ad3c-11ef-aee7-e4a8dfc2a9a8,forest_fires,16,69,1.375959873199463,0.05050325393676758,39198.0,1.2853264808654785,373,1
StandardGSGP,0f6689dd-ad3c-11ef-aee7-e4a8dfc2a9a8,forest_fires,16,70,1.375959873199463,0.05100297927856445,39862.0,1.2853264808654785,373,1
StandardGSGP,0f6689dd-ad3c-11ef-aee7-e4a8dfc2a9a8,forest_fires,16,71,1.375959873199463,0.0505061149597168,40408.0,1.2853264808654785,373,1
StandardGSGP,0f6689dd-ad3c-11ef-aee7-e4a8dfc2a9a8,forest_fires,16,72,1.3755797147750854,0.052002906799316406,40934.0,1.2831414937973022,397,1
StandardGSGP,0f6689dd-ad3c-11ef-aee7-e4a8dfc2a9a8,forest_fires,16,73,1.3755797147750854,0.04989266395568848,41276.0,1.2831414937973022,397,1
StandardGSGP,0f6689dd-ad3c-11ef-aee7-e4a8dfc2a9a8,forest_fires,16,74,1.3745613098144531,0.0505061149597168,41930.0,1.2765347957611084,413,1
StandardGSGP,0f6689dd-ad3c-11ef-aee7-e4a8dfc2a9a8,forest_fires,16,75,1.3745613098144531,0.04999995231628418,42522.0,1.2765347957611084,413,1
StandardGSGP,0f6689dd-ad3c-11ef-aee7-e4a8dfc2a9a8,forest_fires,16,76,1.3734649419784546,0.050508975982666016,43220.0,1.274552345275879,427,1
StandardGSGP,0f6689dd-ad3c-11ef-aee7-e4a8dfc2a9a8,forest_fires,16,77,1.3732037544250488,0.04999876022338867,43880.0,1.2773680686950684,419,1
StandardGSGP,0f6689dd-ad3c-11ef-aee7-e4a8dfc2a9a8,forest_fires,16,78,1.3708202838897705,0.05250954627990723,44476.0,1.27051842212677,439,1
StandardGSGP,0f6689dd-ad3c-11ef-aee7-e4a8dfc2a9a8,forest_fires,16,79,1.3708202838897705,0.05119633674621582,45068.0,1.27051842212677,439,1
StandardGSGP,0f6689dd-ad3c-11ef-aee7-e4a8dfc2a9a8,forest_fires,16,80,1.3701238632202148,0.05150914192199707,45672.0,1.2669533491134644,451,1
StandardGSGP,0f6689dd-ad3c-11ef-aee7-e4a8dfc2a9a8,forest_fires,16,81,1.3701238632202148,0.050449371337890625,46056.0,1.2669533491134644,451,1
StandardGSGP,0f6689dd-ad3c-11ef-aee7-e4a8dfc2a9a8,forest_fires,16,82,1.3701238632202148,0.05344390869140625,46678.0,1.2669533491134644,451,1
StandardGSGP,0f6689dd-ad3c-11ef-aee7-e4a8dfc2a9a8,forest_fires,16,83,1.3697794675827026,0.05091714859008789,47224.0,1.2680877447128296,469,1
StandardGSGP,0f6689dd-ad3c-11ef-aee7-e4a8dfc2a9a8,forest_fires,16,84,1.3694725036621094,0.05151176452636719,47696.0,1.2676745653152466,457,1
StandardGSGP,0f6689dd-ad3c-11ef-aee7-e4a8dfc2a9a8,forest_fires,16,85,1.3682619333267212,0.051001787185668945,48402.0,1.2656559944152832,481,1
StandardGSGP,0f6689dd-ad3c-11ef-aee7-e4a8dfc2a9a8,forest_fires,16,86,1.3682292699813843,0.05317211151123047,49054.0,1.2657783031463623,487,1
StandardGSGP,0f6689dd-ad3c-11ef-aee7-e4a8dfc2a9a8,forest_fires,16,87,1.3681849241256714,0.0520024299621582,49364.0,1.265756607055664,495,1
StandardGSGP,0f6689dd-ad3c-11ef-aee7-e4a8dfc2a9a8,forest_fires,16,88,1.3674647808074951,0.055199623107910156,49680.0,1.270607352256775,479,1
StandardGSGP,0f6689dd-ad3c-11ef-aee7-e4a8dfc2a9a8,forest_fires,16,89,1.3672300577163696,0.054024457931518555,50340.0,1.2762492895126343,485,1
StandardGSGP,0f6689dd-ad3c-11ef-aee7-e4a8dfc2a9a8,forest_fires,16,90,1.3659509420394897,0.05508780479431152,51058.0,1.2774335145950317,493,1
StandardGSGP,0f6689dd-ad3c-11ef-aee7-e4a8dfc2a9a8,forest_fires,16,91,1.3659509420394897,0.05099987983703613,51576.0,1.2774335145950317,493,1
StandardGSGP,0f6689dd-ad3c-11ef-aee7-e4a8dfc2a9a8,forest_fires,16,92,1.3659509420394897,0.056006431579589844,51972.0,1.2774335145950317,493,1
StandardGSGP,0f6689dd-ad3c-11ef-aee7-e4a8dfc2a9a8,forest_fires,16,93,1.3646631240844727,0.051177978515625,52380.0,1.2768288850784302,519,1
StandardGSGP,0f6689dd-ad3c-11ef-aee7-e4a8dfc2a9a8,forest_fires,16,94,1.3630768060684204,0.05456995964050293,52928.0,1.2776894569396973,529,1
StandardGSGP,0f6689dd-ad3c-11ef-aee7-e4a8dfc2a9a8,forest_fires,16,95,1.3630768060684204,0.05280017852783203,53660.0,1.2776894569396973,529,1
StandardGSGP,0f6689dd-ad3c-11ef-aee7-e4a8dfc2a9a8,forest_fires,16,96,1.3630768060684204,0.05499386787414551,54280.0,1.2776894569396973,529,1
StandardGSGP,0f6689dd-ad3c-11ef-aee7-e4a8dfc2a9a8,forest_fires,16,97,1.3621788024902344,0.05069470405578613,54712.0,1.2818480730056763,537,1
StandardGSGP,0f6689dd-ad3c-11ef-aee7-e4a8dfc2a9a8,forest_fires,16,98,1.362091064453125,0.05106759071350098,55102.0,1.2874122858047485,543,1
StandardGSGP,0f6689dd-ad3c-11ef-aee7-e4a8dfc2a9a8,forest_fires,16,99,1.362091064453125,0.051631927490234375,55544.0,1.2874122858047485,543,1
StandardGSGP,0f6689dd-ad3c-11ef-aee7-e4a8dfc2a9a8,forest_fires,16,100,1.3613115549087524,0.05051565170288086,55942.0,1.284347653388977,551,1
