StandardGSGP,7a306eca-ad3b-11ef-b892-e4a8dfc2a9a8,forest_fires,2,0,0.2164180427789688,0.03792905807495117,836.0,0.22931870818138123,3,1
StandardGSGP,7a306eca-ad3b-11ef-b892-e4a8dfc2a9a8,forest_fires,2,1,0.20744866132736206,0.0524139404296875,1352.0,0.22531001269817352,11,1
StandardGSGP,7a306eca-ad3b-11ef-b892-e4a8dfc2a9a8,forest_fires,2,2,0.2023242563009262,0.049509286880493164,1910.0,0.2164156585931778,15,1
StandardGSGP,7a306eca-ad3b-11ef-b892-e4a8dfc2a9a8,forest_fires,2,3,0.2023242563009262,0.04999709129333496,2680.0,0.2164156585931778,15,1
StandardGSGP,7a306eca-ad3b-11ef-b892-e4a8dfc2a9a8,forest_fires,2,4,0.2023242563009262,0.05151009559631348,3304.0,0.2164156585931778,15,1
StandardGSGP,7a306eca-ad3b-11ef-b892-e4a8dfc2a9a8,forest_fires,2,5,0.2023242563009262,0.05122566223144531,3868.0,0.2164156585931778,15,1
StandardGSGP,7a306eca-ad3b-11ef-b892-e4a8dfc2a9a8,forest_fires,2,6,0.20214752852916718,0.051007747650146484,4470.0,0.21628615260124207,21,1
StandardGSGP,7a306eca-ad3b-11ef-b892-e4a8dfc2a9a8,forest_fires,2,7,0.2019631713628769,0.05302309989929199,5032.0,0.22729048132896423,55,1
StandardGSGP,7a306eca-ad3b-11ef-b892-e4a8dfc2a9a8,forest_fires,2,8,0.20027253031730652,0.050508975982666016,5288.0,0.22542902827262878,61,1
StandardGSGP,7a306eca-ad3b-11ef-b892-e4a8dfc2a9a8,forest_fires,2,9,0.1992434561252594,0.06005978584289551,5090.0,0.22297416627407074,35,1
StandardGSGP,7a306eca-ad3b-11ef-b892-e4a8dfc2a9a8,forest_fires,2,10,0.1992434561252594,0.051999568939208984,5260.0,0.22297416627407074,35,1
StandardGSGP,7a306eca-ad3b-11ef-b892-e4a8dfc2a9a8,forest_fires,2,11,0.1988278478384018,0.05123138427734375,5460.0,0.22242681682109833,49,1
StandardGSGP,7a306eca-ad3b-11ef-b892-e4a8dfc2a9a8,forest_fires,2,12,0.19864442944526672,0.059508323669433594,5960.0,0.22534961998462677,57,1
StandardGSGP,7a306eca-ad3b-11ef-b892-e4a8dfc2a9a8,forest_fires,2,13,0.19864442944526672,0.054033756256103516,6432.0,0.22534961998462677,57,1
StandardGSGP,7a306eca-ad3b-11ef-b892-e4a8dfc2a9a8,forest_fires,2,14,0.197418212890625,0.05297279357910156,6940.0,0.2232096940279007,63,1
StandardGSGP,7a306eca-ad3b-11ef-b892-e4a8dfc2a9a8,forest_fires,2,15,0.197418212890625,0.053037166595458984,7602.0,0.2232096940279007,63,1
StandardGSGP,7a306eca-ad3b-11ef-b892-e4a8dfc2a9a8,forest_fires,2,16,0.197418212890625,0.05354166030883789,8260.0,0.2232096940279007,63,1
StandardGSGP,7a306eca-ad3b-11ef-b892-e4a8dfc2a9a8,forest_fires,2,17,0.19732360541820526,0.05051898956298828,8632.0,0.22318145632743835,69,1
StandardGSGP,7a306eca-ad3b-11ef-b892-e4a8dfc2a9a8,forest_fires,2,18,0.19732360541820526,0.05185270309448242,9070.0,0.22318145632743835,69,1
StandardGSGP,7a306eca-ad3b-11ef-b892-e4a8dfc2a9a8,forest_fires,2,19,0.19732360541820526,0.0582888126373291,9528.0,0.22318145632743835,69,1
StandardGSGP,7a306eca-ad3b-11ef-b892-e4a8dfc2a9a8,forest_fires,2,20,0.19732360541820526,0.05182909965515137,9872.0,0.22318145632743835,69,1
StandardGSGP,7a306eca-ad3b-11ef-b892-e4a8dfc2a9a8,forest_fires,2,21,0.19732360541820526,0.05356240272521973,10312.0,0.22318145632743835,69,1
StandardGSGP,7a306eca-ad3b-11ef-b892-e4a8dfc2a9a8,forest_fires,2,22,0.19695645570755005,0.05150771141052246,10594.0,0.22042715549468994,75,1
StandardGSGP,7a306eca-ad3b-11ef-b892-e4a8dfc2a9a8,forest_fires,2,23,0.19695645570755005,0.050000667572021484,11124.0,0.22042715549468994,75,1
StandardGSGP,7a306eca-ad3b-11ef-b892-e4a8dfc2a9a8,forest_fires,2,24,0.19695645570755005,0.050989627838134766,11480.0,0.22042715549468994,75,1
StandardGSGP,7a306eca-ad3b-11ef-b892-e4a8dfc2a9a8,forest_fires,2,25,0.19695645570755005,0.05208563804626465,11426.0,0.22042715549468994,75,1
StandardGSGP,7a306eca-ad3b-11ef-b892-e4a8dfc2a9a8,forest_fires,2,26,0.19695645570755005,0.056314945220947266,11632.0,0.22042715549468994,75,1
StandardGSGP,7a306eca-ad3b-11ef-b892-e4a8dfc2a9a8,forest_fires,2,27,0.19692322611808777,0.051917076110839844,11786.0,0.22038131952285767,81,1
StandardGSGP,7a306eca-ad3b-11ef-b892-e4a8dfc2a9a8,forest_fires,2,28,0.19692322611808777,0.051514387130737305,12058.0,0.22038131952285767,81,1
StandardGSGP,7a306eca-ad3b-11ef-b892-e4a8dfc2a9a8,forest_fires,2,29,0.19692322611808777,0.12740135192871094,12464.0,0.22038131952285767,81,1
StandardGSGP,7a306eca-ad3b-11ef-b892-e4a8dfc2a9a8,forest_fires,2,30,0.19686612486839294,0.05150151252746582,12660.0,0.2202475368976593,87,1
StandardGSGP,7a306eca-ad3b-11ef-b892-e4a8dfc2a9a8,forest_fires,2,31,0.19686612486839294,0.050543785095214844,12888.0,0.2202475368976593,87,1
StandardGSGP,7a306eca-ad3b-11ef-b892-e4a8dfc2a9a8,forest_fires,2,32,0.19686612486839294,0.05158734321594238,12580.0,0.2202475368976593,87,1
StandardGSGP,7a306eca-ad3b-11ef-b892-e4a8dfc2a9a8,forest_fires,2,33,0.19686612486839294,0.05299711227416992,12414.0,0.2202475368976593,87,1
StandardGSGP,7a306eca-ad3b-11ef-b892-e4a8dfc2a9a8,forest_fires,2,34,0.19686612486839294,0.05050921440124512,12446.0,0.2202475368976593,87,1
StandardGSGP,7a306eca-ad3b-11ef-b892-e4a8dfc2a9a8,forest_fires,2,35,0.19686612486839294,0.05351710319519043,12832.0,0.2202475368976593,87,1
StandardGSGP,7a306eca-ad3b-11ef-b892-e4a8dfc2a9a8,forest_fires,2,36,0.19686612486839294,0.050830841064453125,13236.0,0.2202475368976593,87,1
StandardGSGP,7a306eca-ad3b-11ef-b892-e4a8dfc2a9a8,forest_fires,2,37,0.19686612486839294,0.051468610763549805,13582.0,0.2202475368976593,87,1
StandardGSGP,7a306eca-ad3b-11ef-b892-e4a8dfc2a9a8,forest_fires,2,38,0.19686612486839294,0.05432462692260742,13422.0,0.2202475368976593,87,1
StandardGSGP,7a306eca-ad3b-11ef-b892-e4a8dfc2a9a8,forest_fires,2,39,0.19686612486839294,0.05683255195617676,13716.0,0.2202475368976593,87,1
StandardGSGP,7a306eca-ad3b-11ef-b892-e4a8dfc2a9a8,forest_fires,2,40,0.19686612486839294,0.05056166648864746,13740.0,0.2202475368976593,87,1
StandardGSGP,7a306eca-ad3b-11ef-b892-e4a8dfc2a9a8,forest_fires,2,41,0.19637583196163177,0.0513608455657959,13404.0,0.21978186070919037,93,1
StandardGSGP,7a306eca-ad3b-11ef-b892-e4a8dfc2a9a8,forest_fires,2,42,0.19637583196163177,0.05081629753112793,13490.0,0.21978186070919037,93,1
StandardGSGP,7a306eca-ad3b-11ef-b892-e4a8dfc2a9a8,forest_fires,2,43,0.19637583196163177,0.0506443977355957,13750.0,0.21978186070919037,93,1
StandardGSGP,7a306eca-ad3b-11ef-b892-e4a8dfc2a9a8,forest_fires,2,44,0.19633641839027405,0.05119657516479492,13452.0,0.22173428535461426,99,1
StandardGSGP,7a306eca-ad3b-11ef-b892-e4a8dfc2a9a8,forest_fires,2,45,0.19622577726840973,0.051511526107788086,13298.0,0.23009587824344635,105,1
StandardGSGP,7a306eca-ad3b-11ef-b892-e4a8dfc2a9a8,forest_fires,2,46,0.19584308564662933,0.05014801025390625,13250.0,0.22580811381340027,111,1
StandardGSGP,7a306eca-ad3b-11ef-b892-e4a8dfc2a9a8,forest_fires,2,47,0.1955893337726593,0.051756858825683594,13460.0,0.22933629155158997,111,1
StandardGSGP,7a306eca-ad3b-11ef-b892-e4a8dfc2a9a8,forest_fires,2,48,0.19538514316082,0.05199766159057617,13130.0,0.2270573526620865,117,1
StandardGSGP,7a306eca-ad3b-11ef-b892-e4a8dfc2a9a8,forest_fires,2,49,0.19538514316082,0.05251193046569824,13478.0,0.2270573526620865,117,1
StandardGSGP,7a306eca-ad3b-11ef-b892-e4a8dfc2a9a8,forest_fires,2,50,0.19490179419517517,0.05299997329711914,14034.0,0.23036590218544006,133,1
StandardGSGP,7a306eca-ad3b-11ef-b892-e4a8dfc2a9a8,forest_fires,2,51,0.19490179419517517,0.055118560791015625,14508.0,0.23036590218544006,133,1
StandardGSGP,7a306eca-ad3b-11ef-b892-e4a8dfc2a9a8,forest_fires,2,52,0.19490179419517517,0.05265307426452637,15026.0,0.23036590218544006,133,1
StandardGSGP,7a306eca-ad3b-11ef-b892-e4a8dfc2a9a8,forest_fires,2,53,0.19490179419517517,0.05329251289367676,15496.0,0.23036590218544006,133,1
StandardGSGP,7a306eca-ad3b-11ef-b892-e4a8dfc2a9a8,forest_fires,2,54,0.19490179419517517,0.04995155334472656,16048.0,0.23036590218544006,133,1
StandardGSGP,7a306eca-ad3b-11ef-b892-e4a8dfc2a9a8,forest_fires,2,55,0.19490179419517517,0.05650949478149414,16410.0,0.23036590218544006,133,1
StandardGSGP,7a306eca-ad3b-11ef-b892-e4a8dfc2a9a8,forest_fires,2,56,0.19490179419517517,0.053507328033447266,16742.0,0.23036590218544006,133,1
StandardGSGP,7a306eca-ad3b-11ef-b892-e4a8dfc2a9a8,forest_fires,2,57,0.19452238082885742,0.05199885368347168,17184.0,0.22909727692604065,145,1
StandardGSGP,7a306eca-ad3b-11ef-b892-e4a8dfc2a9a8,forest_fires,2,58,0.19452238082885742,0.05151033401489258,17706.0,0.22909727692604065,145,1
StandardGSGP,7a306eca-ad3b-11ef-b892-e4a8dfc2a9a8,forest_fires,2,59,0.19452238082885742,0.05326962471008301,18030.0,0.22909727692604065,145,1
StandardGSGP,7a306eca-ad3b-11ef-b892-e4a8dfc2a9a8,forest_fires,2,60,0.19452238082885742,0.05105876922607422,18772.0,0.22909727692604065,145,1
StandardGSGP,7a306eca-ad3b-11ef-b892-e4a8dfc2a9a8,forest_fires,2,61,0.19452238082885742,0.05299639701843262,19208.0,0.22909727692604065,145,1
StandardGSGP,7a306eca-ad3b-11ef-b892-e4a8dfc2a9a8,forest_fires,2,62,0.19452238082885742,0.055513858795166016,19880.0,0.22909727692604065,145,1
StandardGSGP,7a306eca-ad3b-11ef-b892-e4a8dfc2a9a8,forest_fires,2,63,0.19452238082885742,0.051001787185668945,19484.0,0.22909727692604065,145,1
StandardGSGP,7a306eca-ad3b-11ef-b892-e4a8dfc2a9a8,forest_fires,2,64,0.19427445530891418,0.05190753936767578,19620.0,0.22877725958824158,151,1
StandardGSGP,7a306eca-ad3b-11ef-b892-e4a8dfc2a9a8,forest_fires,2,65,0.19407936930656433,0.05281233787536621,19518.0,0.22842176258563995,157,1
StandardGSGP,7a306eca-ad3b-11ef-b892-e4a8dfc2a9a8,forest_fires,2,66,0.19407936930656433,0.052513837814331055,20340.0,0.22842176258563995,157,1
StandardGSGP,7a306eca-ad3b-11ef-b892-e4a8dfc2a9a8,forest_fires,2,67,0.19407936930656433,0.05252504348754883,20286.0,0.22842176258563995,157,1
StandardGSGP,7a306eca-ad3b-11ef-b892-e4a8dfc2a9a8,forest_fires,2,68,0.19407936930656433,0.05535268783569336,20134.0,0.22842176258563995,157,1
StandardGSGP,7a306eca-ad3b-11ef-b892-e4a8dfc2a9a8,forest_fires,2,69,0.19407936930656433,0.051506996154785156,19114.0,0.22842176258563995,157,1
StandardGSGP,7a306eca-ad3b-11ef-b892-e4a8dfc2a9a8,forest_fires,2,70,0.19407936930656433,0.052243709564208984,19070.0,0.22842176258563995,157,1
StandardGSGP,7a306eca-ad3b-11ef-b892-e4a8dfc2a9a8,forest_fires,2,71,0.19407936930656433,0.054566383361816406,19274.0,0.22842176258563995,157,1
StandardGSGP,7a306eca-ad3b-11ef-b892-e4a8dfc2a9a8,forest_fires,2,72,0.1940678209066391,0.0522305965423584,19272.0,0.22740942239761353,169,1
StandardGSGP,7a306eca-ad3b-11ef-b892-e4a8dfc2a9a8,forest_fires,2,73,0.1940678209066391,0.05343127250671387,19122.0,0.22740942239761353,169,1
StandardGSGP,7a306eca-ad3b-11ef-b892-e4a8dfc2a9a8,forest_fires,2,74,0.1940678209066391,0.05199909210205078,19706.0,0.22740942239761353,169,1
StandardGSGP,7a306eca-ad3b-11ef-b892-e4a8dfc2a9a8,forest_fires,2,75,0.1940678209066391,0.0523686408996582,19618.0,0.22740942239761353,169,1
StandardGSGP,7a306eca-ad3b-11ef-b892-e4a8dfc2a9a8,forest_fires,2,76,0.1940678209066391,0.051592111587524414,19680.0,0.22740942239761353,169,1
StandardGSGP,7a306eca-ad3b-11ef-b892-e4a8dfc2a9a8,forest_fires,2,77,0.19388379156589508,0.054488420486450195,19870.0,0.2273106724023819,181,1
StandardGSGP,7a306eca-ad3b-11ef-b892-e4a8dfc2a9a8,forest_fires,2,78,0.19388379156589508,0.05033397674560547,20298.0,0.2273106724023819,181,1
StandardGSGP,7a306eca-ad3b-11ef-b892-e4a8dfc2a9a8,forest_fires,2,79,0.19276660680770874,0.05339312553405762,21088.0,0.22480428218841553,189,1
StandardGSGP,7a306eca-ad3b-11ef-b892-e4a8dfc2a9a8,forest_fires,2,80,0.19250677525997162,0.05153822898864746,21294.0,0.22448381781578064,195,1
StandardGSGP,7a306eca-ad3b-11ef-b892-e4a8dfc2a9a8,forest_fires,2,81,0.19250677525997162,0.05599689483642578,21718.0,0.22448381781578064,195,1
StandardGSGP,7a306eca-ad3b-11ef-b892-e4a8dfc2a9a8,forest_fires,2,82,0.19250677525997162,0.05051445960998535,21876.0,0.22448381781578064,195,1
StandardGSGP,7a306eca-ad3b-11ef-b892-e4a8dfc2a9a8,forest_fires,2,83,0.19250677525997162,0.05099916458129883,22282.0,0.22448381781578064,195,1
StandardGSGP,7a306eca-ad3b-11ef-b892-e4a8dfc2a9a8,forest_fires,2,84,0.19250677525997162,0.05209088325500488,22384.0,0.22448381781578064,195,1
StandardGSGP,7a306eca-ad3b-11ef-b892-e4a8dfc2a9a8,forest_fires,2,85,0.19250677525997162,0.05361008644104004,22660.0,0.22448381781578064,195,1
StandardGSGP,7a306eca-ad3b-11ef-b892-e4a8dfc2a9a8,forest_fires,2,86,0.19250677525997162,0.0555109977722168,23110.0,0.22448381781578064,195,1
StandardGSGP,7a306eca-ad3b-11ef-b892-e4a8dfc2a9a8,forest_fires,2,87,0.19250677525997162,0.05200648307800293,23754.0,0.22448381781578064,195,1
StandardGSGP,7a306eca-ad3b-11ef-b892-e4a8dfc2a9a8,forest_fires,2,88,0.19250677525997162,0.05057883262634277,24026.0,0.22448381781578064,195,1
StandardGSGP,7a306eca-ad3b-11ef-b892-e4a8dfc2a9a8,forest_fires,2,89,0.19249564409255981,0.05100274085998535,23788.0,0.2244834005832672,201,1
StandardGSGP,7a306eca-ad3b-11ef-b892-e4a8dfc2a9a8,forest_fires,2,90,0.1918051838874817,0.04850506782531738,23404.0,0.2275281697511673,205,1
StandardGSGP,7a306eca-ad3b-11ef-b892-e4a8dfc2a9a8,forest_fires,2,91,0.1918051838874817,0.05000710487365723,23314.0,0.2275281697511673,205,1
StandardGSGP,7a306eca-ad3b-11ef-b892-e4a8dfc2a9a8,forest_fires,2,92,0.1918051838874817,0.04950571060180664,23812.0,0.2275281697511673,205,1
StandardGSGP,7a306eca-ad3b-11ef-b892-e4a8dfc2a9a8,forest_fires,2,93,0.1918051838874817,0.05100274085998535,23974.0,0.2275281697511673,205,1
StandardGSGP,7a306eca-ad3b-11ef-b892-e4a8dfc2a9a8,forest_fires,2,94,0.1918051838874817,0.05500435829162598,23748.0,0.2275281697511673,205,1
StandardGSGP,7a306eca-ad3b-11ef-b892-e4a8dfc2a9a8,forest_fires,2,95,0.1918051838874817,0.12608623504638672,23920.0,0.2275281697511673,205,1
StandardGSGP,7a306eca-ad3b-11ef-b892-e4a8dfc2a9a8,forest_fires,2,96,0.1918051838874817,0.05215191841125488,24562.0,0.2275281697511673,205,1
StandardGSGP,7a306eca-ad3b-11ef-b892-e4a8dfc2a9a8,forest_fires,2,97,0.1918051838874817,0.05452275276184082,25236.0,0.2275281697511673,205,1
StandardGSGP,7a306eca-ad3b-11ef-b892-e4a8dfc2a9a8,forest_fires,2,98,0.1918051838874817,0.05043601989746094,25840.0,0.2275281697511673,205,1
StandardGSGP,7a306eca-ad3b-11ef-b892-e4a8dfc2a9a8,forest_fires,2,99,0.1918051838874817,0.049629926681518555,26348.0,0.2275281697511673,205,1
StandardGSGP,7a306eca-ad3b-11ef-b892-e4a8dfc2a9a8,forest_fires,2,100,0.1918051838874817,0.053505897521972656,26382.0,0.2275281697511673,205,1
StandardGSGP,dff1a2f7-ad3b-11ef-b892-e4a8dfc2a9a8,forest_fires,2,0,1.371588110923767,0.03897547721862793,836.0,1.484795093536377,3,1
StandardGSGP,dff1a2f7-ad3b-11ef-b892-e4a8dfc2a9a8,forest_fires,2,1,1.3647955656051636,0.05178570747375488,1382.0,1.4755257368087769,11,1
StandardGSGP,dff1a2f7-ad3b-11ef-b892-e4a8dfc2a9a8,forest_fires,2,2,1.3593339920043945,0.04944562911987305,1806.0,1.4659043550491333,19,1
StandardGSGP,dff1a2f7-ad3b-11ef-b892-e4a8dfc2a9a8,forest_fires,2,3,1.3559906482696533,0.05199766159057617,2416.0,1.4632319211959839,21,1
StandardGSGP,dff1a2f7-ad3b-11ef-b892-e4a8dfc2a9a8,forest_fires,2,4,1.3549519777297974,0.05251002311706543,2992.0,1.4498392343521118,27,1
StandardGSGP,dff1a2f7-ad3b-11ef-b892-e4a8dfc2a9a8,forest_fires,2,5,1.3549519777297974,0.04999947547912598,3610.0,1.4498392343521118,27,1
StandardGSGP,dff1a2f7-ad3b-11ef-b892-e4a8dfc2a9a8,forest_fires,2,6,1.3532048463821411,0.050508737564086914,4186.0,1.4591257572174072,47,1
StandardGSGP,dff1a2f7-ad3b-11ef-b892-e4a8dfc2a9a8,forest_fires,2,7,1.352829933166504,0.052016258239746094,4812.0,1.45518159866333,33,1
StandardGSGP,dff1a2f7-ad3b-11ef-b892-e4a8dfc2a9a8,forest_fires,2,8,1.3517991304397583,0.050077199935913086,5314.0,1.4588444232940674,39,1
StandardGSGP,dff1a2f7-ad3b-11ef-b892-e4a8dfc2a9a8,forest_fires,2,9,1.3515160083770752,0.05150794982910156,5786.0,1.458225965499878,45,1
StandardGSGP,dff1a2f7-ad3b-11ef-b892-e4a8dfc2a9a8,forest_fires,2,10,1.3493690490722656,0.05151844024658203,6350.0,1.4511182308197021,51,1
StandardGSGP,dff1a2f7-ad3b-11ef-b892-e4a8dfc2a9a8,forest_fires,2,11,1.3449528217315674,0.05400419235229492,6854.0,1.4624711275100708,57,1
StandardGSGP,dff1a2f7-ad3b-11ef-b892-e4a8dfc2a9a8,forest_fires,2,12,1.3449528217315674,0.05151033401489258,7602.0,1.4624711275100708,57,1
StandardGSGP,dff1a2f7-ad3b-11ef-b892-e4a8dfc2a9a8,forest_fires,2,13,1.3442689180374146,0.051018714904785156,8310.0,1.4528263807296753,89,1
StandardGSGP,dff1a2f7-ad3b-11ef-b892-e4a8dfc2a9a8,forest_fires,2,14,1.3400667905807495,0.05032801628112793,9004.0,1.4557164907455444,63,1
StandardGSGP,dff1a2f7-ad3b-11ef-b892-e4a8dfc2a9a8,forest_fires,2,15,1.3400667905807495,0.12793540954589844,9534.0,1.4557164907455444,63,1
StandardGSGP,dff1a2f7-ad3b-11ef-b892-e4a8dfc2a9a8,forest_fires,2,16,1.3400667905807495,0.05376315116882324,9674.0,1.4557164907455444,63,1
StandardGSGP,dff1a2f7-ad3b-11ef-b892-e4a8dfc2a9a8,forest_fires,2,17,1.3352549076080322,0.05343127250671387,9910.0,1.4625325202941895,85,1
StandardGSGP,dff1a2f7-ad3b-11ef-b892-e4a8dfc2a9a8,forest_fires,2,18,1.3352549076080322,0.07232522964477539,10302.0,1.4625325202941895,85,1
StandardGSGP,dff1a2f7-ad3b-11ef-b892-e4a8dfc2a9a8,forest_fires,2,19,1.334886908531189,0.05207562446594238,10550.0,1.4618743658065796,103,1
StandardGSGP,dff1a2f7-ad3b-11ef-b892-e4a8dfc2a9a8,forest_fires,2,20,1.3339120149612427,0.04899907112121582,10848.0,1.4624135494232178,91,1
StandardGSGP,dff1a2f7-ad3b-11ef-b892-e4a8dfc2a9a8,forest_fires,2,21,1.331079363822937,0.05150628089904785,10954.0,1.4632610082626343,97,1
StandardGSGP,dff1a2f7-ad3b-11ef-b892-e4a8dfc2a9a8,forest_fires,2,22,1.331079363822937,0.049868106842041016,11492.0,1.4632610082626343,97,1
StandardGSGP,dff1a2f7-ad3b-11ef-b892-e4a8dfc2a9a8,forest_fires,2,23,1.3298993110656738,0.052939653396606445,11748.0,1.4672528505325317,109,1
StandardGSGP,dff1a2f7-ad3b-11ef-b892-e4a8dfc2a9a8,forest_fires,2,24,1.3298993110656738,0.05343747138977051,12248.0,1.4672528505325317,109,1
StandardGSGP,dff1a2f7-ad3b-11ef-b892-e4a8dfc2a9a8,forest_fires,2,25,1.3298993110656738,0.054834842681884766,12814.0,1.4672528505325317,109,1
StandardGSGP,dff1a2f7-ad3b-11ef-b892-e4a8dfc2a9a8,forest_fires,2,26,1.327413558959961,0.0540003776550293,13066.0,1.4647809267044067,115,1
StandardGSGP,dff1a2f7-ad3b-11ef-b892-e4a8dfc2a9a8,forest_fires,2,27,1.327413558959961,0.05350518226623535,13432.0,1.4647809267044067,115,1
StandardGSGP,dff1a2f7-ad3b-11ef-b892-e4a8dfc2a9a8,forest_fires,2,28,1.3270515203475952,0.05389213562011719,14022.0,1.4691808223724365,121,1
StandardGSGP,dff1a2f7-ad3b-11ef-b892-e4a8dfc2a9a8,forest_fires,2,29,1.3270515203475952,0.060518503189086914,14524.0,1.4691808223724365,121,1
StandardGSGP,dff1a2f7-ad3b-11ef-b892-e4a8dfc2a9a8,forest_fires,2,30,1.3270515203475952,0.05452132225036621,15190.0,1.4691808223724365,121,1
StandardGSGP,dff1a2f7-ad3b-11ef-b892-e4a8dfc2a9a8,forest_fires,2,31,1.3270515203475952,0.05999279022216797,15596.0,1.4691808223724365,121,1
StandardGSGP,dff1a2f7-ad3b-11ef-b892-e4a8dfc2a9a8,forest_fires,2,32,1.326966643333435,0.05157899856567383,15716.0,1.4643994569778442,129,1
StandardGSGP,dff1a2f7-ad3b-11ef-b892-e4a8dfc2a9a8,forest_fires,2,33,1.3245078325271606,0.054001808166503906,15774.0,1.4629278182983398,135,1
StandardGSGP,dff1a2f7-ad3b-11ef-b892-e4a8dfc2a9a8,forest_fires,2,34,1.3245078325271606,0.049509286880493164,16044.0,1.4629278182983398,135,1
StandardGSGP,dff1a2f7-ad3b-11ef-b892-e4a8dfc2a9a8,forest_fires,2,35,1.3245078325271606,0.051668405532836914,16260.0,1.4629278182983398,135,1
StandardGSGP,dff1a2f7-ad3b-11ef-b892-e4a8dfc2a9a8,forest_fires,2,36,1.3245078325271606,0.05718040466308594,16718.0,1.4629278182983398,135,1
StandardGSGP,dff1a2f7-ad3b-11ef-b892-e4a8dfc2a9a8,forest_fires,2,37,1.3242419958114624,0.05351376533508301,17012.0,1.460613489151001,141,1
StandardGSGP,dff1a2f7-ad3b-11ef-b892-e4a8dfc2a9a8,forest_fires,2,38,1.3242419958114624,0.05026888847351074,17402.0,1.460613489151001,141,1
StandardGSGP,dff1a2f7-ad3b-11ef-b892-e4a8dfc2a9a8,forest_fires,2,39,1.322532296180725,0.051725149154663086,17654.0,1.4655823707580566,153,1
StandardGSGP,dff1a2f7-ad3b-11ef-b892-e4a8dfc2a9a8,forest_fires,2,40,1.322532296180725,0.05423116683959961,18066.0,1.4655823707580566,153,1
StandardGSGP,dff1a2f7-ad3b-11ef-b892-e4a8dfc2a9a8,forest_fires,2,41,1.321076512336731,0.055707454681396484,17808.0,1.4597631692886353,165,1
StandardGSGP,dff1a2f7-ad3b-11ef-b892-e4a8dfc2a9a8,forest_fires,2,42,1.321076512336731,0.049886226654052734,17678.0,1.4597631692886353,165,1
StandardGSGP,dff1a2f7-ad3b-11ef-b892-e4a8dfc2a9a8,forest_fires,2,43,1.3190832138061523,0.05350923538208008,17952.0,1.465076208114624,177,1
StandardGSGP,dff1a2f7-ad3b-11ef-b892-e4a8dfc2a9a8,forest_fires,2,44,1.3152848482131958,0.05500435829162598,18352.0,1.4693340063095093,183,1
StandardGSGP,dff1a2f7-ad3b-11ef-b892-e4a8dfc2a9a8,forest_fires,2,45,1.3152848482131958,0.054640769958496094,18922.0,1.4693340063095093,183,1
StandardGSGP,dff1a2f7-ad3b-11ef-b892-e4a8dfc2a9a8,forest_fires,2,46,1.3152848482131958,0.05239391326904297,19446.0,1.4693340063095093,183,1
StandardGSGP,dff1a2f7-ad3b-11ef-b892-e4a8dfc2a9a8,forest_fires,2,47,1.3145883083343506,0.050505876541137695,19978.0,1.4641252756118774,203,1
StandardGSGP,dff1a2f7-ad3b-11ef-b892-e4a8dfc2a9a8,forest_fires,2,48,1.3117928504943848,0.0500030517578125,20550.0,1.45607328414917,195,1
StandardGSGP,dff1a2f7-ad3b-11ef-b892-e4a8dfc2a9a8,forest_fires,2,49,1.310759425163269,0.05328679084777832,21134.0,1.4568120241165161,201,1
StandardGSGP,dff1a2f7-ad3b-11ef-b892-e4a8dfc2a9a8,forest_fires,2,50,1.3093279600143433,0.052433013916015625,21696.0,1.4588847160339355,207,1
StandardGSGP,dff1a2f7-ad3b-11ef-b892-e4a8dfc2a9a8,forest_fires,2,51,1.3093279600143433,0.05320167541503906,22142.0,1.4588847160339355,207,1
StandardGSGP,dff1a2f7-ad3b-11ef-b892-e4a8dfc2a9a8,forest_fires,2,52,1.309025526046753,0.0497736930847168,22628.0,1.464187502861023,219,1
StandardGSGP,dff1a2f7-ad3b-11ef-b892-e4a8dfc2a9a8,forest_fires,2,53,1.3087983131408691,0.0505063533782959,23178.0,1.4664843082427979,227,1
StandardGSGP,dff1a2f7-ad3b-11ef-b892-e4a8dfc2a9a8,forest_fires,2,54,1.308048963546753,0.05050921440124512,23754.0,1.4663159847259521,233,1
StandardGSGP,dff1a2f7-ad3b-11ef-b892-e4a8dfc2a9a8,forest_fires,2,55,1.3080159425735474,0.04999947547912598,24064.0,1.4664950370788574,239,1
StandardGSGP,dff1a2f7-ad3b-11ef-b892-e4a8dfc2a9a8,forest_fires,2,56,1.3080159425735474,0.05451035499572754,24512.0,1.4664950370788574,239,1
StandardGSGP,dff1a2f7-ad3b-11ef-b892-e4a8dfc2a9a8,forest_fires,2,57,1.3070729970932007,0.0520014762878418,25114.0,1.457776665687561,245,1
StandardGSGP,dff1a2f7-ad3b-11ef-b892-e4a8dfc2a9a8,forest_fires,2,58,1.3070112466812134,0.051352500915527344,25742.0,1.4708380699157715,253,1
StandardGSGP,dff1a2f7-ad3b-11ef-b892-e4a8dfc2a9a8,forest_fires,2,59,1.3065423965454102,0.053000450134277344,26084.0,1.462782859802246,259,1
StandardGSGP,dff1a2f7-ad3b-11ef-b892-e4a8dfc2a9a8,forest_fires,2,60,1.3058613538742065,0.04999089241027832,26746.0,1.472816824913025,271,1
StandardGSGP,dff1a2f7-ad3b-11ef-b892-e4a8dfc2a9a8,forest_fires,2,61,1.3058613538742065,0.051178932189941406,27304.0,1.472816824913025,271,1
StandardGSGP,dff1a2f7-ad3b-11ef-b892-e4a8dfc2a9a8,forest_fires,2,62,1.3053666353225708,0.054222822189331055,28000.0,1.4733957052230835,277,1
StandardGSGP,dff1a2f7-ad3b-11ef-b892-e4a8dfc2a9a8,forest_fires,2,63,1.3053606748580933,0.05100369453430176,28504.0,1.4731734991073608,283,1
StandardGSGP,dff1a2f7-ad3b-11ef-b892-e4a8dfc2a9a8,forest_fires,2,64,1.3051669597625732,0.05100393295288086,29128.0,1.4742072820663452,289,1
StandardGSGP,dff1a2f7-ad3b-11ef-b892-e4a8dfc2a9a8,forest_fires,2,65,1.3050211668014526,0.05070996284484863,29698.0,1.4731087684631348,289,1
StandardGSGP,dff1a2f7-ad3b-11ef-b892-e4a8dfc2a9a8,forest_fires,2,66,1.3050211668014526,0.055391788482666016,30264.0,1.4731087684631348,289,1
StandardGSGP,dff1a2f7-ad3b-11ef-b892-e4a8dfc2a9a8,forest_fires,2,67,1.3029892444610596,0.05424785614013672,30822.0,1.470176100730896,307,1
StandardGSGP,dff1a2f7-ad3b-11ef-b892-e4a8dfc2a9a8,forest_fires,2,68,1.302418828010559,0.05713701248168945,31414.0,1.4740636348724365,331,1
StandardGSGP,dff1a2f7-ad3b-11ef-b892-e4a8dfc2a9a8,forest_fires,2,69,1.300824761390686,0.05151629447937012,31836.0,1.4693759679794312,325,1
StandardGSGP,dff1a2f7-ad3b-11ef-b892-e4a8dfc2a9a8,forest_fires,2,70,1.300824761390686,0.05399966239929199,32486.0,1.4693759679794312,325,1
StandardGSGP,dff1a2f7-ad3b-11ef-b892-e4a8dfc2a9a8,forest_fires,2,71,1.300628423690796,0.05330634117126465,33108.0,1.4729546308517456,337,1
StandardGSGP,dff1a2f7-ad3b-11ef-b892-e4a8dfc2a9a8,forest_fires,2,72,1.3005867004394531,0.059012651443481445,33644.0,1.4692052602767944,337,1
StandardGSGP,dff1a2f7-ad3b-11ef-b892-e4a8dfc2a9a8,forest_fires,2,73,1.299104928970337,0.05283927917480469,34142.0,1.474741816520691,343,1
StandardGSGP,dff1a2f7-ad3b-11ef-b892-e4a8dfc2a9a8,forest_fires,2,74,1.299104928970337,0.05723214149475098,34982.0,1.474741816520691,343,1
StandardGSGP,dff1a2f7-ad3b-11ef-b892-e4a8dfc2a9a8,forest_fires,2,75,1.299104928970337,0.05099916458129883,35570.0,1.474741816520691,343,1
StandardGSGP,dff1a2f7-ad3b-11ef-b892-e4a8dfc2a9a8,forest_fires,2,76,1.299015760421753,0.05151247978210449,36128.0,1.4754375219345093,349,1
StandardGSGP,dff1a2f7-ad3b-11ef-b892-e4a8dfc2a9a8,forest_fires,2,77,1.2987987995147705,0.12855005264282227,36614.0,1.4804545640945435,355,1
StandardGSGP,dff1a2f7-ad3b-11ef-b892-e4a8dfc2a9a8,forest_fires,2,78,1.2987987995147705,0.05441737174987793,37196.0,1.4804545640945435,355,1
StandardGSGP,dff1a2f7-ad3b-11ef-b892-e4a8dfc2a9a8,forest_fires,2,79,1.2987183332443237,0.05157947540283203,37732.0,1.4783897399902344,369,1
StandardGSGP,dff1a2f7-ad3b-11ef-b892-e4a8dfc2a9a8,forest_fires,2,80,1.2986005544662476,0.05351686477661133,38080.0,1.478938341140747,369,1
StandardGSGP,dff1a2f7-ad3b-11ef-b892-e4a8dfc2a9a8,forest_fires,2,81,1.2986005544662476,0.05299878120422363,38404.0,1.478938341140747,369,1
StandardGSGP,dff1a2f7-ad3b-11ef-b892-e4a8dfc2a9a8,forest_fires,2,82,1.2980811595916748,0.05450844764709473,38822.0,1.4796934127807617,389,1
StandardGSGP,dff1a2f7-ad3b-11ef-b892-e4a8dfc2a9a8,forest_fires,2,83,1.2968409061431885,0.057997941970825195,39638.0,1.4851012229919434,399,1
StandardGSGP,dff1a2f7-ad3b-11ef-b892-e4a8dfc2a9a8,forest_fires,2,84,1.2968409061431885,0.05452370643615723,40146.0,1.4851012229919434,399,1
StandardGSGP,dff1a2f7-ad3b-11ef-b892-e4a8dfc2a9a8,forest_fires,2,85,1.2962911128997803,0.05334353446960449,40738.0,1.4878573417663574,415,1
StandardGSGP,dff1a2f7-ad3b-11ef-b892-e4a8dfc2a9a8,forest_fires,2,86,1.296005129814148,0.05125164985656738,41626.0,1.479716420173645,421,1
StandardGSGP,dff1a2f7-ad3b-11ef-b892-e4a8dfc2a9a8,forest_fires,2,87,1.295089602470398,0.04900240898132324,42150.0,1.4795674085617065,427,1
StandardGSGP,dff1a2f7-ad3b-11ef-b892-e4a8dfc2a9a8,forest_fires,2,88,1.293432593345642,0.05150723457336426,42828.0,1.4955434799194336,431,1
StandardGSGP,dff1a2f7-ad3b-11ef-b892-e4a8dfc2a9a8,forest_fires,2,89,1.293432593345642,0.054685354232788086,43624.0,1.4955434799194336,431,1
StandardGSGP,dff1a2f7-ad3b-11ef-b892-e4a8dfc2a9a8,forest_fires,2,90,1.2926886081695557,0.05405092239379883,44304.0,1.502240538597107,439,1
StandardGSGP,dff1a2f7-ad3b-11ef-b892-e4a8dfc2a9a8,forest_fires,2,91,1.2926886081695557,0.05744814872741699,44810.0,1.502240538597107,439,1
StandardGSGP,dff1a2f7-ad3b-11ef-b892-e4a8dfc2a9a8,forest_fires,2,92,1.2921949625015259,0.050133466720581055,45428.0,1.495365023612976,445,1
StandardGSGP,dff1a2f7-ad3b-11ef-b892-e4a8dfc2a9a8,forest_fires,2,93,1.2921949625015259,0.05350852012634277,46152.0,1.495365023612976,445,1
StandardGSGP,dff1a2f7-ad3b-11ef-b892-e4a8dfc2a9a8,forest_fires,2,94,1.2916834354400635,0.05236172676086426,46700.0,1.4941586256027222,457,1
StandardGSGP,dff1a2f7-ad3b-11ef-b892-e4a8dfc2a9a8,forest_fires,2,95,1.2916834354400635,0.05199742317199707,47092.0,1.4941586256027222,457,1
StandardGSGP,dff1a2f7-ad3b-11ef-b892-e4a8dfc2a9a8,forest_fires,2,96,1.2916834354400635,0.05000138282775879,47484.0,1.4941586256027222,457,1
StandardGSGP,dff1a2f7-ad3b-11ef-b892-e4a8dfc2a9a8,forest_fires,2,97,1.2916834354400635,0.05450606346130371,48154.0,1.4941586256027222,457,1
StandardGSGP,dff1a2f7-ad3b-11ef-b892-e4a8dfc2a9a8,forest_fires,2,98,1.2916834354400635,0.05379033088684082,48728.0,1.4941586256027222,457,1
StandardGSGP,dff1a2f7-ad3b-11ef-b892-e4a8dfc2a9a8,forest_fires,2,99,1.2916834354400635,0.05062365531921387,49142.0,1.4941586256027222,457,1
StandardGSGP,dff1a2f7-ad3b-11ef-b892-e4a8dfc2a9a8,forest_fires,2,100,1.2906957864761353,0.05276322364807129,49808.0,1.491037130355835,509,1
