StandardGSGP,b05778ac-ad3b-11ef-ae4f-e4a8dfc2a9a8,forest_fires,18,0,0.24521857500076294,0.03844022750854492,838.0,0.20973627269268036,31,1
StandardGSGP,b05778ac-ad3b-11ef-ae4f-e4a8dfc2a9a8,forest_fires,18,1,0.2258942723274231,0.061517953872680664,1250.0,0.20939001441001892,9,1
StandardGSGP,b05778ac-ad3b-11ef-ae4f-e4a8dfc2a9a8,forest_fires,18,2,0.20977109670639038,0.056255340576171875,1758.0,0.1905050277709961,15,1
StandardGSGP,b05778ac-ad3b-11ef-ae4f-e4a8dfc2a9a8,forest_fires,18,3,0.20719359815120697,0.06499004364013672,2596.0,0.18070131540298462,21,1
StandardGSGP,b05778ac-ad3b-11ef-ae4f-e4a8dfc2a9a8,forest_fires,18,4,0.20719359815120697,0.057684898376464844,3256.0,0.18070131540298462,21,1
StandardGSGP,b05778ac-ad3b-11ef-ae4f-e4a8dfc2a9a8,forest_fires,18,5,0.2064952552318573,0.0573422908782959,3772.0,0.18084542453289032,27,1
StandardGSGP,b05778ac-ad3b-11ef-ae4f-e4a8dfc2a9a8,forest_fires,18,6,0.2064952552318573,0.055170536041259766,4422.0,0.18084542453289032,27,1
StandardGSGP,b05778ac-ad3b-11ef-ae4f-e4a8dfc2a9a8,forest_fires,18,7,0.2064952552318573,0.054945945739746094,4900.0,0.18084542453289032,27,1
StandardGSGP,b05778ac-ad3b-11ef-ae4f-e4a8dfc2a9a8,forest_fires,18,8,0.2064952552318573,0.05393481254577637,5428.0,0.18084542453289032,27,1
StandardGSGP,b05778ac-ad3b-11ef-ae4f-e4a8dfc2a9a8,forest_fires,18,9,0.2064952552318573,0.05678749084472656,5896.0,0.18084542453289032,27,1
StandardGSGP,b05778ac-ad3b-11ef-ae4f-e4a8dfc2a9a8,forest_fires,18,10,0.2064952552318573,0.06416726112365723,6410.0,0.18084542453289032,27,1
StandardGSGP,b05778ac-ad3b-11ef-ae4f-e4a8dfc2a9a8,forest_fires,18,11,0.20642149448394775,0.06422972679138184,6764.0,0.1810886412858963,39,1
StandardGSGP,b05778ac-ad3b-11ef-ae4f-e4a8dfc2a9a8,forest_fires,18,12,0.20642149448394775,0.0555272102355957,7018.0,0.1810886412858963,39,1
StandardGSGP,b05778ac-ad3b-11ef-ae4f-e4a8dfc2a9a8,forest_fires,18,13,0.20642149448394775,0.059900760650634766,6884.0,0.1810886412858963,39,1
StandardGSGP,b05778ac-ad3b-11ef-ae4f-e4a8dfc2a9a8,forest_fires,18,14,0.20642149448394775,0.05311393737792969,7108.0,0.1810886412858963,39,1
StandardGSGP,b05778ac-ad3b-11ef-ae4f-e4a8dfc2a9a8,forest_fires,18,15,0.20642149448394775,0.05546140670776367,6950.0,0.1810886412858963,39,1
StandardGSGP,b05778ac-ad3b-11ef-ae4f-e4a8dfc2a9a8,forest_fires,18,16,0.20642149448394775,0.05551743507385254,7010.0,0.1810886412858963,39,1
StandardGSGP,b05778ac-ad3b-11ef-ae4f-e4a8dfc2a9a8,forest_fires,18,17,0.20642149448394775,0.05732536315917969,7410.0,0.1810886412858963,39,1
StandardGSGP,b05778ac-ad3b-11ef-ae4f-e4a8dfc2a9a8,forest_fires,18,18,0.20642149448394775,0.05228829383850098,7750.0,0.1810886412858963,39,1
StandardGSGP,b05778ac-ad3b-11ef-ae4f-e4a8dfc2a9a8,forest_fires,18,19,0.20642149448394775,0.06905627250671387,8056.0,0.1810886412858963,39,1
StandardGSGP,b05778ac-ad3b-11ef-ae4f-e4a8dfc2a9a8,forest_fires,18,20,0.20642149448394775,0.05600380897521973,8232.0,0.1810886412858963,39,1
StandardGSGP,b05778ac-ad3b-11ef-ae4f-e4a8dfc2a9a8,forest_fires,18,21,0.20642149448394775,0.06329011917114258,8672.0,0.1810886412858963,39,1
StandardGSGP,b05778ac-ad3b-11ef-ae4f-e4a8dfc2a9a8,forest_fires,18,22,0.20642149448394775,0.06464242935180664,9052.0,0.1810886412858963,39,1
StandardGSGP,b05778ac-ad3b-11ef-ae4f-e4a8dfc2a9a8,forest_fires,18,23,0.20642149448394775,0.06229662895202637,9788.0,0.1810886412858963,39,1
StandardGSGP,b05778ac-ad3b-11ef-ae4f-e4a8dfc2a9a8,forest_fires,18,24,0.20642149448394775,0.05950808525085449,9672.0,0.1810886412858963,39,1
StandardGSGP,b05778ac-ad3b-11ef-ae4f-e4a8dfc2a9a8,forest_fires,18,25,0.20616713166236877,0.06453418731689453,9626.0,0.179873526096344,45,1
StandardGSGP,b05778ac-ad3b-11ef-ae4f-e4a8dfc2a9a8,forest_fires,18,26,0.20616713166236877,0.059580326080322266,8982.0,0.179873526096344,45,1
StandardGSGP,b05778ac-ad3b-11ef-ae4f-e4a8dfc2a9a8,forest_fires,18,27,0.20616713166236877,0.05931425094604492,8790.0,0.179873526096344,45,1
StandardGSGP,b05778ac-ad3b-11ef-ae4f-e4a8dfc2a9a8,forest_fires,18,28,0.20616713166236877,0.0566864013671875,8964.0,0.179873526096344,45,1
StandardGSGP,b05778ac-ad3b-11ef-ae4f-e4a8dfc2a9a8,forest_fires,18,29,0.20616713166236877,0.06647634506225586,9012.0,0.179873526096344,45,1
StandardGSGP,b05778ac-ad3b-11ef-ae4f-e4a8dfc2a9a8,forest_fires,18,30,0.20616713166236877,0.05415940284729004,8912.0,0.179873526096344,45,1
StandardGSGP,b05778ac-ad3b-11ef-ae4f-e4a8dfc2a9a8,forest_fires,18,31,0.20616713166236877,0.056507110595703125,8016.0,0.179873526096344,45,1
StandardGSGP,b05778ac-ad3b-11ef-ae4f-e4a8dfc2a9a8,forest_fires,18,32,0.20616713166236877,0.0535128116607666,8114.0,0.179873526096344,45,1
StandardGSGP,b05778ac-ad3b-11ef-ae4f-e4a8dfc2a9a8,forest_fires,18,33,0.20616713166236877,0.05423378944396973,8520.0,0.179873526096344,45,1
StandardGSGP,b05778ac-ad3b-11ef-ae4f-e4a8dfc2a9a8,forest_fires,18,34,0.20616713166236877,0.06270146369934082,8798.0,0.179873526096344,45,1
StandardGSGP,b05778ac-ad3b-11ef-ae4f-e4a8dfc2a9a8,forest_fires,18,35,0.20616713166236877,0.05220985412597656,9232.0,0.179873526096344,45,1
StandardGSGP,b05778ac-ad3b-11ef-ae4f-e4a8dfc2a9a8,forest_fires,18,36,0.20616713166236877,0.05078744888305664,9306.0,0.179873526096344,45,1
StandardGSGP,b05778ac-ad3b-11ef-ae4f-e4a8dfc2a9a8,forest_fires,18,37,0.20616713166236877,0.052510738372802734,9662.0,0.179873526096344,45,1
StandardGSGP,b05778ac-ad3b-11ef-ae4f-e4a8dfc2a9a8,forest_fires,18,38,0.20616713166236877,0.05399966239929199,9746.0,0.179873526096344,45,1
StandardGSGP,b05778ac-ad3b-11ef-ae4f-e4a8dfc2a9a8,forest_fires,18,39,0.20560044050216675,0.05651116371154785,10026.0,0.1805068403482437,61,1
StandardGSGP,b05778ac-ad3b-11ef-ae4f-e4a8dfc2a9a8,forest_fires,18,40,0.20560044050216675,0.05502510070800781,10710.0,0.1805068403482437,61,1
StandardGSGP,b05778ac-ad3b-11ef-ae4f-e4a8dfc2a9a8,forest_fires,18,41,0.20560044050216675,0.05407857894897461,10532.0,0.1805068403482437,61,1
StandardGSGP,b05778ac-ad3b-11ef-ae4f-e4a8dfc2a9a8,forest_fires,18,42,0.20560044050216675,0.05453634262084961,10306.0,0.1805068403482437,61,1
StandardGSGP,b05778ac-ad3b-11ef-ae4f-e4a8dfc2a9a8,forest_fires,18,43,0.20560044050216675,0.05374860763549805,10550.0,0.1805068403482437,61,1
StandardGSGP,b05778ac-ad3b-11ef-ae4f-e4a8dfc2a9a8,forest_fires,18,44,0.20560044050216675,0.052739620208740234,10892.0,0.1805068403482437,61,1
StandardGSGP,b05778ac-ad3b-11ef-ae4f-e4a8dfc2a9a8,forest_fires,18,45,0.20560044050216675,0.05500006675720215,11206.0,0.1805068403482437,61,1
StandardGSGP,b05778ac-ad3b-11ef-ae4f-e4a8dfc2a9a8,forest_fires,18,46,0.20534849166870117,0.059739112854003906,11152.0,0.18662434816360474,87,1
StandardGSGP,b05778ac-ad3b-11ef-ae4f-e4a8dfc2a9a8,forest_fires,18,47,0.20534849166870117,0.058783531188964844,11914.0,0.18662434816360474,87,1
StandardGSGP,b05778ac-ad3b-11ef-ae4f-e4a8dfc2a9a8,forest_fires,18,48,0.2053338587284088,0.06151270866394043,11878.0,0.18661053478717804,95,1
StandardGSGP,b05778ac-ad3b-11ef-ae4f-e4a8dfc2a9a8,forest_fires,18,49,0.2048431783914566,0.14372587203979492,12210.0,0.18179385364055634,105,1
StandardGSGP,b05778ac-ad3b-11ef-ae4f-e4a8dfc2a9a8,forest_fires,18,50,0.2048431783914566,0.05881047248840332,12514.0,0.18179385364055634,105,1
StandardGSGP,b05778ac-ad3b-11ef-ae4f-e4a8dfc2a9a8,forest_fires,18,51,0.2044358253479004,0.05822634696960449,12830.0,0.18087032437324524,111,1
StandardGSGP,b05778ac-ad3b-11ef-ae4f-e4a8dfc2a9a8,forest_fires,18,52,0.2044358253479004,0.0585176944732666,13034.0,0.18087032437324524,111,1
StandardGSGP,b05778ac-ad3b-11ef-ae4f-e4a8dfc2a9a8,forest_fires,18,53,0.2044358253479004,0.05433464050292969,13620.0,0.18087032437324524,111,1
StandardGSGP,b05778ac-ad3b-11ef-ae4f-e4a8dfc2a9a8,forest_fires,18,54,0.2044358253479004,0.05290031433105469,13702.0,0.18087032437324524,111,1
StandardGSGP,b05778ac-ad3b-11ef-ae4f-e4a8dfc2a9a8,forest_fires,18,55,0.2044358253479004,0.05551314353942871,14046.0,0.18087032437324524,111,1
StandardGSGP,b05778ac-ad3b-11ef-ae4f-e4a8dfc2a9a8,forest_fires,18,56,0.2044358253479004,0.0530550479888916,14420.0,0.18087032437324524,111,1
StandardGSGP,b05778ac-ad3b-11ef-ae4f-e4a8dfc2a9a8,forest_fires,18,57,0.2044358253479004,0.053501129150390625,14712.0,0.18087032437324524,111,1
StandardGSGP,b05778ac-ad3b-11ef-ae4f-e4a8dfc2a9a8,forest_fires,18,58,0.2044358253479004,0.04900217056274414,15120.0,0.18087032437324524,111,1
StandardGSGP,b05778ac-ad3b-11ef-ae4f-e4a8dfc2a9a8,forest_fires,18,59,0.2041226327419281,0.05355191230773926,15172.0,0.18050900101661682,117,1
StandardGSGP,b05778ac-ad3b-11ef-ae4f-e4a8dfc2a9a8,forest_fires,18,60,0.20407100021839142,0.05446195602416992,15768.0,0.18008118867874146,123,1
StandardGSGP,b05778ac-ad3b-11ef-ae4f-e4a8dfc2a9a8,forest_fires,18,61,0.20380578935146332,0.05399799346923828,16134.0,0.18364012241363525,125,1
StandardGSGP,b05778ac-ad3b-11ef-ae4f-e4a8dfc2a9a8,forest_fires,18,62,0.20256276428699493,0.056395530700683594,16254.0,0.1840578019618988,131,1
StandardGSGP,b05778ac-ad3b-11ef-ae4f-e4a8dfc2a9a8,forest_fires,18,63,0.20256276428699493,0.05159950256347656,15950.0,0.1840578019618988,131,1
StandardGSGP,b05778ac-ad3b-11ef-ae4f-e4a8dfc2a9a8,forest_fires,18,64,0.20256276428699493,0.04980754852294922,15906.0,0.1840578019618988,131,1
StandardGSGP,b05778ac-ad3b-11ef-ae4f-e4a8dfc2a9a8,forest_fires,18,65,0.20156802237033844,0.051998138427734375,16108.0,0.1797269582748413,143,1
StandardGSGP,b05778ac-ad3b-11ef-ae4f-e4a8dfc2a9a8,forest_fires,18,66,0.20136432349681854,0.05151200294494629,15822.0,0.18051239848136902,137,1
StandardGSGP,b05778ac-ad3b-11ef-ae4f-e4a8dfc2a9a8,forest_fires,18,67,0.20136432349681854,0.055674076080322266,16002.0,0.18051239848136902,137,1
StandardGSGP,b05778ac-ad3b-11ef-ae4f-e4a8dfc2a9a8,forest_fires,18,68,0.20136432349681854,0.05250692367553711,16480.0,0.18051239848136902,137,1
StandardGSGP,b05778ac-ad3b-11ef-ae4f-e4a8dfc2a9a8,forest_fires,18,69,0.20136432349681854,0.053705453872680664,16832.0,0.18051239848136902,137,1
StandardGSGP,b05778ac-ad3b-11ef-ae4f-e4a8dfc2a9a8,forest_fires,18,70,0.2013288140296936,0.050997018814086914,17368.0,0.18235094845294952,143,1
StandardGSGP,b05778ac-ad3b-11ef-ae4f-e4a8dfc2a9a8,forest_fires,18,71,0.19870036840438843,0.05650949478149414,17750.0,0.18538683652877808,165,1
StandardGSGP,b05778ac-ad3b-11ef-ae4f-e4a8dfc2a9a8,forest_fires,18,72,0.19870036840438843,0.056311845779418945,18118.0,0.18538683652877808,165,1
StandardGSGP,b05778ac-ad3b-11ef-ae4f-e4a8dfc2a9a8,forest_fires,18,73,0.19870036840438843,0.0508267879486084,18294.0,0.18538683652877808,165,1
StandardGSGP,b05778ac-ad3b-11ef-ae4f-e4a8dfc2a9a8,forest_fires,18,74,0.19870036840438843,0.05122065544128418,18720.0,0.18538683652877808,165,1
StandardGSGP,b05778ac-ad3b-11ef-ae4f-e4a8dfc2a9a8,forest_fires,18,75,0.19870036840438843,0.04951834678649902,19378.0,0.18538683652877808,165,1
StandardGSGP,b05778ac-ad3b-11ef-ae4f-e4a8dfc2a9a8,forest_fires,18,76,0.19870036840438843,0.050574541091918945,19822.0,0.18538683652877808,165,1
StandardGSGP,b05778ac-ad3b-11ef-ae4f-e4a8dfc2a9a8,forest_fires,18,77,0.19870036840438843,0.051509857177734375,20124.0,0.18538683652877808,165,1
StandardGSGP,b05778ac-ad3b-11ef-ae4f-e4a8dfc2a9a8,forest_fires,18,78,0.19870036840438843,0.05081057548522949,20342.0,0.18538683652877808,165,1
StandardGSGP,b05778ac-ad3b-11ef-ae4f-e4a8dfc2a9a8,forest_fires,18,79,0.19870036840438843,0.05326366424560547,20720.0,0.18538683652877808,165,1
StandardGSGP,b05778ac-ad3b-11ef-ae4f-e4a8dfc2a9a8,forest_fires,18,80,0.19772717356681824,0.04986906051635742,20882.0,0.18273577094078064,177,1
StandardGSGP,b05778ac-ad3b-11ef-ae4f-e4a8dfc2a9a8,forest_fires,18,81,0.19772717356681824,0.05703401565551758,20828.0,0.18273577094078064,177,1
StandardGSGP,b05778ac-ad3b-11ef-ae4f-e4a8dfc2a9a8,forest_fires,18,82,0.1975001096725464,0.05150771141052246,20760.0,0.1808767169713974,191,1
StandardGSGP,b05778ac-ad3b-11ef-ae4f-e4a8dfc2a9a8,forest_fires,18,83,0.1975001096725464,0.05102372169494629,21436.0,0.1808767169713974,191,1
StandardGSGP,b05778ac-ad3b-11ef-ae4f-e4a8dfc2a9a8,forest_fires,18,84,0.1975001096725464,0.05193924903869629,21994.0,0.1808767169713974,191,1
StandardGSGP,b05778ac-ad3b-11ef-ae4f-e4a8dfc2a9a8,forest_fires,18,85,0.1975001096725464,0.0520787239074707,22636.0,0.1808767169713974,191,1
StandardGSGP,b05778ac-ad3b-11ef-ae4f-e4a8dfc2a9a8,forest_fires,18,86,0.1975001096725464,0.05023503303527832,23128.0,0.1808767169713974,191,1
StandardGSGP,b05778ac-ad3b-11ef-ae4f-e4a8dfc2a9a8,forest_fires,18,87,0.19745221734046936,0.05039095878601074,23470.0,0.1811230629682541,197,1
StandardGSGP,b05778ac-ad3b-11ef-ae4f-e4a8dfc2a9a8,forest_fires,18,88,0.19745221734046936,0.05031418800354004,24322.0,0.1811230629682541,197,1
StandardGSGP,b05778ac-ad3b-11ef-ae4f-e4a8dfc2a9a8,forest_fires,18,89,0.19745221734046936,0.05573534965515137,24022.0,0.1811230629682541,197,1
StandardGSGP,b05778ac-ad3b-11ef-ae4f-e4a8dfc2a9a8,forest_fires,18,90,0.19745221734046936,0.05301833152770996,24050.0,0.1811230629682541,197,1
StandardGSGP,b05778ac-ad3b-11ef-ae4f-e4a8dfc2a9a8,forest_fires,18,91,0.19741283357143402,0.055057525634765625,23958.0,0.1808655858039856,203,1
StandardGSGP,b05778ac-ad3b-11ef-ae4f-e4a8dfc2a9a8,forest_fires,18,92,0.19741283357143402,0.0482172966003418,23642.0,0.1808655858039856,203,1
StandardGSGP,b05778ac-ad3b-11ef-ae4f-e4a8dfc2a9a8,forest_fires,18,93,0.19741283357143402,0.050002336502075195,23716.0,0.1808655858039856,203,1
StandardGSGP,b05778ac-ad3b-11ef-ae4f-e4a8dfc2a9a8,forest_fires,18,94,0.19741283357143402,0.05283546447753906,23704.0,0.1808655858039856,203,1
StandardGSGP,b05778ac-ad3b-11ef-ae4f-e4a8dfc2a9a8,forest_fires,18,95,0.19741283357143402,0.05499076843261719,23936.0,0.1808655858039856,203,1
StandardGSGP,b05778ac-ad3b-11ef-ae4f-e4a8dfc2a9a8,forest_fires,18,96,0.19741283357143402,0.05199933052062988,24358.0,0.1808655858039856,203,1
StandardGSGP,b05778ac-ad3b-11ef-ae4f-e4a8dfc2a9a8,forest_fires,18,97,0.19741283357143402,0.06652259826660156,24662.0,0.1808655858039856,203,1
StandardGSGP,b05778ac-ad3b-11ef-ae4f-e4a8dfc2a9a8,forest_fires,18,98,0.19741283357143402,0.05299878120422363,24878.0,0.1808655858039856,203,1
StandardGSGP,b05778ac-ad3b-11ef-ae4f-e4a8dfc2a9a8,forest_fires,18,99,0.19673381745815277,0.04993605613708496,25646.0,0.18012429773807526,209,1
StandardGSGP,b05778ac-ad3b-11ef-ae4f-e4a8dfc2a9a8,forest_fires,18,100,0.19673381745815277,0.052657127380371094,25384.0,0.18012429773807526,209,1
StandardGSGP,164b0063-ad3c-11ef-ae4f-e4a8dfc2a9a8,forest_fires,18,0,1.4587643146514893,0.043526411056518555,838.0,1.2542364597320557,3,1
StandardGSGP,164b0063-ad3c-11ef-ae4f-e4a8dfc2a9a8,forest_fires,18,1,1.4562628269195557,0.05242037773132324,1380.0,1.260753870010376,11,1
StandardGSGP,164b0063-ad3c-11ef-ae4f-e4a8dfc2a9a8,forest_fires,18,2,1.4491232633590698,0.05018973350524902,2096.0,1.257548213005066,9,1
StandardGSGP,164b0063-ad3c-11ef-ae4f-e4a8dfc2a9a8,forest_fires,18,3,1.4460140466690063,0.052802085876464844,2500.0,1.2729742527008057,29,1
StandardGSGP,164b0063-ad3c-11ef-ae4f-e4a8dfc2a9a8,forest_fires,18,4,1.4460140466690063,0.05051541328430176,3042.0,1.2729742527008057,29,1
StandardGSGP,164b0063-ad3c-11ef-ae4f-e4a8dfc2a9a8,forest_fires,18,5,1.4374608993530273,0.05601644515991211,3636.0,1.2772899866104126,39,1
StandardGSGP,164b0063-ad3c-11ef-ae4f-e4a8dfc2a9a8,forest_fires,18,6,1.4374608993530273,0.05250883102416992,4214.0,1.2772899866104126,39,1
StandardGSGP,164b0063-ad3c-11ef-ae4f-e4a8dfc2a9a8,forest_fires,18,7,1.4374608993530273,0.052510976791381836,4872.0,1.2772899866104126,39,1
StandardGSGP,164b0063-ad3c-11ef-ae4f-e4a8dfc2a9a8,forest_fires,18,8,1.4346771240234375,0.052999019622802734,5676.0,1.2825195789337158,45,1
StandardGSGP,164b0063-ad3c-11ef-ae4f-e4a8dfc2a9a8,forest_fires,18,9,1.4346771240234375,0.055510759353637695,6252.0,1.2825195789337158,45,1
StandardGSGP,164b0063-ad3c-11ef-ae4f-e4a8dfc2a9a8,forest_fires,18,10,1.432144045829773,0.05327606201171875,6786.0,1.260011076927185,55,1
StandardGSGP,164b0063-ad3c-11ef-ae4f-e4a8dfc2a9a8,forest_fires,18,11,1.4246461391448975,0.05163860321044922,7212.0,1.2823187112808228,51,1
StandardGSGP,164b0063-ad3c-11ef-ae4f-e4a8dfc2a9a8,forest_fires,18,12,1.4242777824401855,0.05099916458129883,7260.0,1.28697669506073,57,1
StandardGSGP,164b0063-ad3c-11ef-ae4f-e4a8dfc2a9a8,forest_fires,18,13,1.4186029434204102,0.05048227310180664,7276.0,1.2621328830718994,65,1
StandardGSGP,164b0063-ad3c-11ef-ae4f-e4a8dfc2a9a8,forest_fires,18,14,1.4186029434204102,0.04999589920043945,7418.0,1.2621328830718994,65,1
StandardGSGP,164b0063-ad3c-11ef-ae4f-e4a8dfc2a9a8,forest_fires,18,15,1.4176506996154785,0.05751156806945801,7818.0,1.2812265157699585,77,1
StandardGSGP,164b0063-ad3c-11ef-ae4f-e4a8dfc2a9a8,forest_fires,18,16,1.4173907041549683,0.05891847610473633,8260.0,1.2660508155822754,77,1
StandardGSGP,164b0063-ad3c-11ef-ae4f-e4a8dfc2a9a8,forest_fires,18,17,1.4136496782302856,0.05829977989196777,8862.0,1.271240472793579,85,1
StandardGSGP,164b0063-ad3c-11ef-ae4f-e4a8dfc2a9a8,forest_fires,18,18,1.4136327505111694,0.05354118347167969,9414.0,1.2643619775772095,91,1
StandardGSGP,164b0063-ad3c-11ef-ae4f-e4a8dfc2a9a8,forest_fires,18,19,1.4136327505111694,0.05521082878112793,9950.0,1.2643619775772095,91,1
StandardGSGP,164b0063-ad3c-11ef-ae4f-e4a8dfc2a9a8,forest_fires,18,20,1.4122947454452515,0.05150938034057617,10402.0,1.2739322185516357,97,1
StandardGSGP,164b0063-ad3c-11ef-ae4f-e4a8dfc2a9a8,forest_fires,18,21,1.4120835065841675,0.051000356674194336,10962.0,1.2719355821609497,113,1
StandardGSGP,164b0063-ad3c-11ef-ae4f-e4a8dfc2a9a8,forest_fires,18,22,1.4089856147766113,0.052245140075683594,11634.0,1.2652592658996582,103,1
StandardGSGP,164b0063-ad3c-11ef-ae4f-e4a8dfc2a9a8,forest_fires,18,23,1.4087693691253662,0.05399799346923828,12176.0,1.263410210609436,113,1
StandardGSGP,164b0063-ad3c-11ef-ae4f-e4a8dfc2a9a8,forest_fires,18,24,1.4077743291854858,0.05505514144897461,12598.0,1.2587162256240845,139,1
StandardGSGP,164b0063-ad3c-11ef-ae4f-e4a8dfc2a9a8,forest_fires,18,25,1.4045493602752686,0.05058765411376953,13208.0,1.256891131401062,147,1
StandardGSGP,164b0063-ad3c-11ef-ae4f-e4a8dfc2a9a8,forest_fires,18,26,1.4038960933685303,0.05079531669616699,13826.0,1.255012035369873,153,1
StandardGSGP,164b0063-ad3c-11ef-ae4f-e4a8dfc2a9a8,forest_fires,18,27,1.4038960933685303,0.05128073692321777,14980.0,1.255012035369873,153,1
StandardGSGP,164b0063-ad3c-11ef-ae4f-e4a8dfc2a9a8,forest_fires,18,28,1.4038729667663574,0.05736804008483887,15910.0,1.2666212320327759,165,1
StandardGSGP,164b0063-ad3c-11ef-ae4f-e4a8dfc2a9a8,forest_fires,18,29,1.4028970003128052,0.051690101623535156,16582.0,1.257082223892212,173,1
StandardGSGP,164b0063-ad3c-11ef-ae4f-e4a8dfc2a9a8,forest_fires,18,30,1.401796817779541,0.051424503326416016,17182.0,1.2552106380462646,177,1
StandardGSGP,164b0063-ad3c-11ef-ae4f-e4a8dfc2a9a8,forest_fires,18,31,1.401333212852478,0.05150961875915527,17952.0,1.2597382068634033,183,1
StandardGSGP,164b0063-ad3c-11ef-ae4f-e4a8dfc2a9a8,forest_fires,18,32,1.401333212852478,0.05099296569824219,18688.0,1.2597382068634033,183,1
StandardGSGP,164b0063-ad3c-11ef-ae4f-e4a8dfc2a9a8,forest_fires,18,33,1.4006774425506592,0.05076766014099121,19242.0,1.2540109157562256,195,1
StandardGSGP,164b0063-ad3c-11ef-ae4f-e4a8dfc2a9a8,forest_fires,18,34,1.4005428552627563,0.055998802185058594,19950.0,1.2616300582885742,199,1
StandardGSGP,164b0063-ad3c-11ef-ae4f-e4a8dfc2a9a8,forest_fires,18,35,1.4004367589950562,0.05328679084777832,20592.0,1.259677529335022,205,1
StandardGSGP,164b0063-ad3c-11ef-ae4f-e4a8dfc2a9a8,forest_fires,18,36,1.3984678983688354,0.051439523696899414,21168.0,1.259355902671814,211,1
StandardGSGP,164b0063-ad3c-11ef-ae4f-e4a8dfc2a9a8,forest_fires,18,37,1.3976187705993652,0.0517427921295166,21742.0,1.2480051517486572,219,1
StandardGSGP,164b0063-ad3c-11ef-ae4f-e4a8dfc2a9a8,forest_fires,18,38,1.3961342573165894,0.05011868476867676,22362.0,1.2526280879974365,225,1
StandardGSGP,164b0063-ad3c-11ef-ae4f-e4a8dfc2a9a8,forest_fires,18,39,1.3960572481155396,0.129256010055542,22930.0,1.2533752918243408,231,1
StandardGSGP,164b0063-ad3c-11ef-ae4f-e4a8dfc2a9a8,forest_fires,18,40,1.3957184553146362,0.05498933792114258,23544.0,1.2517337799072266,237,1
StandardGSGP,164b0063-ad3c-11ef-ae4f-e4a8dfc2a9a8,forest_fires,18,41,1.3957184553146362,0.05513310432434082,24034.0,1.2517337799072266,237,1
StandardGSGP,164b0063-ad3c-11ef-ae4f-e4a8dfc2a9a8,forest_fires,18,42,1.3952724933624268,0.05595254898071289,24604.0,1.2628798484802246,253,1
StandardGSGP,164b0063-ad3c-11ef-ae4f-e4a8dfc2a9a8,forest_fires,18,43,1.3952724933624268,0.05151224136352539,25300.0,1.2628798484802246,253,1
StandardGSGP,164b0063-ad3c-11ef-ae4f-e4a8dfc2a9a8,forest_fires,18,44,1.3952724933624268,0.04900193214416504,25994.0,1.2628798484802246,253,1
StandardGSGP,164b0063-ad3c-11ef-ae4f-e4a8dfc2a9a8,forest_fires,18,45,1.3945355415344238,0.05536150932312012,26626.0,1.2581521272659302,255,1
StandardGSGP,164b0063-ad3c-11ef-ae4f-e4a8dfc2a9a8,forest_fires,18,46,1.3934812545776367,0.0545046329498291,27160.0,1.2950290441513062,271,1
StandardGSGP,164b0063-ad3c-11ef-ae4f-e4a8dfc2a9a8,forest_fires,18,47,1.3924986124038696,0.06521797180175781,27858.0,1.2904850244522095,277,1
StandardGSGP,164b0063-ad3c-11ef-ae4f-e4a8dfc2a9a8,forest_fires,18,48,1.3924986124038696,0.06434774398803711,28652.0,1.2904850244522095,277,1
StandardGSGP,164b0063-ad3c-11ef-ae4f-e4a8dfc2a9a8,forest_fires,18,49,1.3900150060653687,0.06283164024353027,29246.0,1.2656910419464111,299,1
StandardGSGP,164b0063-ad3c-11ef-ae4f-e4a8dfc2a9a8,forest_fires,18,50,1.3895049095153809,0.05199933052062988,29716.0,1.2620869874954224,289,1
StandardGSGP,164b0063-ad3c-11ef-ae4f-e4a8dfc2a9a8,forest_fires,18,51,1.389431118965149,0.052518606185913086,30310.0,1.2625465393066406,295,1
StandardGSGP,164b0063-ad3c-11ef-ae4f-e4a8dfc2a9a8,forest_fires,18,52,1.389431118965149,0.05200958251953125,30668.0,1.2625465393066406,295,1
StandardGSGP,164b0063-ad3c-11ef-ae4f-e4a8dfc2a9a8,forest_fires,18,53,1.3889590501785278,0.049408674240112305,31196.0,1.2772079706192017,303,1
StandardGSGP,164b0063-ad3c-11ef-ae4f-e4a8dfc2a9a8,forest_fires,18,54,1.3889590501785278,0.05299997329711914,31468.0,1.2772079706192017,303,1
StandardGSGP,164b0063-ad3c-11ef-ae4f-e4a8dfc2a9a8,forest_fires,18,55,1.3882120847702026,0.054509878158569336,31834.0,1.272847056388855,321,1
StandardGSGP,164b0063-ad3c-11ef-ae4f-e4a8dfc2a9a8,forest_fires,18,56,1.3876969814300537,0.05187392234802246,32454.0,1.266045093536377,321,1
StandardGSGP,164b0063-ad3c-11ef-ae4f-e4a8dfc2a9a8,forest_fires,18,57,1.3876969814300537,0.052053213119506836,33106.0,1.266045093536377,321,1
StandardGSGP,164b0063-ad3c-11ef-ae4f-e4a8dfc2a9a8,forest_fires,18,58,1.3876969814300537,0.049738168716430664,33668.0,1.266045093536377,321,1
StandardGSGP,164b0063-ad3c-11ef-ae4f-e4a8dfc2a9a8,forest_fires,18,59,1.38457190990448,0.05450725555419922,34274.0,1.2657630443572998,327,1
StandardGSGP,164b0063-ad3c-11ef-ae4f-e4a8dfc2a9a8,forest_fires,18,60,1.38457190990448,0.05765843391418457,34808.0,1.2657630443572998,327,1
StandardGSGP,164b0063-ad3c-11ef-ae4f-e4a8dfc2a9a8,forest_fires,18,61,1.383313775062561,0.05499124526977539,35318.0,1.2628828287124634,333,1
StandardGSGP,164b0063-ad3c-11ef-ae4f-e4a8dfc2a9a8,forest_fires,18,62,1.3832350969314575,0.051708221435546875,35496.0,1.2633178234100342,347,1
StandardGSGP,164b0063-ad3c-11ef-ae4f-e4a8dfc2a9a8,forest_fires,18,63,1.3831787109375,0.05389904975891113,35852.0,1.2625551223754883,353,1
StandardGSGP,164b0063-ad3c-11ef-ae4f-e4a8dfc2a9a8,forest_fires,18,64,1.3827980756759644,0.06124138832092285,36370.0,1.2565813064575195,345,1
StandardGSGP,164b0063-ad3c-11ef-ae4f-e4a8dfc2a9a8,forest_fires,18,65,1.3827377557754517,0.05872845649719238,36658.0,1.2842172384262085,359,1
StandardGSGP,164b0063-ad3c-11ef-ae4f-e4a8dfc2a9a8,forest_fires,18,66,1.3819345235824585,0.05556535720825195,36842.0,1.2900209426879883,365,1
StandardGSGP,164b0063-ad3c-11ef-ae4f-e4a8dfc2a9a8,forest_fires,18,67,1.3807098865509033,0.05136394500732422,37096.0,1.2689764499664307,363,1
StandardGSGP,164b0063-ad3c-11ef-ae4f-e4a8dfc2a9a8,forest_fires,18,68,1.38052499294281,0.0503385066986084,37698.0,1.2736320495605469,371,1
StandardGSGP,164b0063-ad3c-11ef-ae4f-e4a8dfc2a9a8,forest_fires,18,69,1.377685785293579,0.048508405685424805,38102.0,1.2746679782867432,377,1
StandardGSGP,164b0063-ad3c-11ef-ae4f-e4a8dfc2a9a8,forest_fires,18,70,1.377685785293579,0.0515141487121582,38726.0,1.2746679782867432,377,1
StandardGSGP,164b0063-ad3c-11ef-ae4f-e4a8dfc2a9a8,forest_fires,18,71,1.3772004842758179,0.05208444595336914,39300.0,1.2739726305007935,383,1
StandardGSGP,164b0063-ad3c-11ef-ae4f-e4a8dfc2a9a8,forest_fires,18,72,1.3766858577728271,0.05099940299987793,39798.0,1.279508352279663,391,1
StandardGSGP,164b0063-ad3c-11ef-ae4f-e4a8dfc2a9a8,forest_fires,18,73,1.3762280941009521,0.05350852012634277,40206.0,1.2693697214126587,397,1
StandardGSGP,164b0063-ad3c-11ef-ae4f-e4a8dfc2a9a8,forest_fires,18,74,1.375020146369934,0.05199933052062988,40494.0,1.2774736881256104,405,1
StandardGSGP,164b0063-ad3c-11ef-ae4f-e4a8dfc2a9a8,forest_fires,18,75,1.375020146369934,0.05050849914550781,40822.0,1.2774736881256104,405,1
StandardGSGP,164b0063-ad3c-11ef-ae4f-e4a8dfc2a9a8,forest_fires,18,76,1.375020146369934,0.04999828338623047,41528.0,1.2774736881256104,405,1
StandardGSGP,164b0063-ad3c-11ef-ae4f-e4a8dfc2a9a8,forest_fires,18,77,1.374714970588684,0.05150794982910156,42178.0,1.2747573852539062,411,1
StandardGSGP,164b0063-ad3c-11ef-ae4f-e4a8dfc2a9a8,forest_fires,18,78,1.374714970588684,0.05130338668823242,42790.0,1.2747573852539062,411,1
StandardGSGP,164b0063-ad3c-11ef-ae4f-e4a8dfc2a9a8,forest_fires,18,79,1.3729413747787476,0.05455422401428223,43306.0,1.2622026205062866,417,1
StandardGSGP,164b0063-ad3c-11ef-ae4f-e4a8dfc2a9a8,forest_fires,18,80,1.3717561960220337,0.05075860023498535,43844.0,1.2767390012741089,423,1
StandardGSGP,164b0063-ad3c-11ef-ae4f-e4a8dfc2a9a8,forest_fires,18,81,1.3717561960220337,0.05145525932312012,44302.0,1.2767390012741089,423,1
StandardGSGP,164b0063-ad3c-11ef-ae4f-e4a8dfc2a9a8,forest_fires,18,82,1.3717561960220337,0.05124640464782715,44646.0,1.2767390012741089,423,1
StandardGSGP,164b0063-ad3c-11ef-ae4f-e4a8dfc2a9a8,forest_fires,18,83,1.371476173400879,0.05105996131896973,45112.0,1.2828408479690552,441,1
StandardGSGP,164b0063-ad3c-11ef-ae4f-e4a8dfc2a9a8,forest_fires,18,84,1.371476173400879,0.052878618240356445,45452.0,1.2828408479690552,441,1
StandardGSGP,164b0063-ad3c-11ef-ae4f-e4a8dfc2a9a8,forest_fires,18,85,1.3711614608764648,0.05008673667907715,45734.0,1.2788846492767334,457,1
StandardGSGP,164b0063-ad3c-11ef-ae4f-e4a8dfc2a9a8,forest_fires,18,86,1.3700209856033325,0.04901719093322754,46180.0,1.2710922956466675,459,1
StandardGSGP,164b0063-ad3c-11ef-ae4f-e4a8dfc2a9a8,forest_fires,18,87,1.3700209856033325,0.05100059509277344,46738.0,1.2710922956466675,459,1
StandardGSGP,164b0063-ad3c-11ef-ae4f-e4a8dfc2a9a8,forest_fires,18,88,1.3700209856033325,0.052507877349853516,47184.0,1.2710922956466675,459,1
StandardGSGP,164b0063-ad3c-11ef-ae4f-e4a8dfc2a9a8,forest_fires,18,89,1.3694826364517212,0.056997060775756836,47842.0,1.261950969696045,465,1
StandardGSGP,164b0063-ad3c-11ef-ae4f-e4a8dfc2a9a8,forest_fires,18,90,1.3694826364517212,0.05267906188964844,48278.0,1.261950969696045,465,1
StandardGSGP,164b0063-ad3c-11ef-ae4f-e4a8dfc2a9a8,forest_fires,18,91,1.3683403730392456,0.05330681800842285,48668.0,1.2617383003234863,477,1
StandardGSGP,164b0063-ad3c-11ef-ae4f-e4a8dfc2a9a8,forest_fires,18,92,1.3681204319000244,0.05159568786621094,49154.0,1.2646844387054443,471,1
StandardGSGP,164b0063-ad3c-11ef-ae4f-e4a8dfc2a9a8,forest_fires,18,93,1.367627501487732,0.05000162124633789,49500.0,1.2643523216247559,477,1
StandardGSGP,164b0063-ad3c-11ef-ae4f-e4a8dfc2a9a8,forest_fires,18,94,1.3666688203811646,0.05150580406188965,49874.0,1.253725528717041,495,1
StandardGSGP,164b0063-ad3c-11ef-ae4f-e4a8dfc2a9a8,forest_fires,18,95,1.3652771711349487,0.05100417137145996,50342.0,1.269261360168457,501,1
StandardGSGP,164b0063-ad3c-11ef-ae4f-e4a8dfc2a9a8,forest_fires,18,96,1.3652771711349487,0.05018424987792969,50848.0,1.269261360168457,501,1
StandardGSGP,164b0063-ad3c-11ef-ae4f-e4a8dfc2a9a8,forest_fires,18,97,1.361812710762024,0.05203413963317871,51456.0,1.2648481130599976,509,1
StandardGSGP,164b0063-ad3c-11ef-ae4f-e4a8dfc2a9a8,forest_fires,18,98,1.361812710762024,0.04999995231628418,51952.0,1.2648481130599976,509,1
StandardGSGP,164b0063-ad3c-11ef-ae4f-e4a8dfc2a9a8,forest_fires,18,99,1.361756443977356,0.050510406494140625,52540.0,1.2615575790405273,515,1
StandardGSGP,164b0063-ad3c-11ef-ae4f-e4a8dfc2a9a8,forest_fires,18,100,1.361628532409668,0.0531926155090332,52978.0,1.2592511177062988,521,1
