StandardGSGP,9f076921-ad3b-11ef-984e-e4a8dfc2a9a8,forest_fires,13,0,0.2711571753025055,0.03814816474914551,838.0,0.266870379447937,3,1
StandardGSGP,9f076921-ad3b-11ef-984e-e4a8dfc2a9a8,forest_fires,13,1,0.23001103103160858,0.050508975982666016,1282.0,0.21764366328716278,9,1
StandardGSGP,9f076921-ad3b-11ef-984e-e4a8dfc2a9a8,forest_fires,13,2,0.21346811950206757,0.05001235008239746,1920.0,0.21030595898628235,15,1
StandardGSGP,9f076921-ad3b-11ef-984e-e4a8dfc2a9a8,forest_fires,13,3,0.21346811950206757,0.05419516563415527,2370.0,0.21030595898628235,15,1
StandardGSGP,9f076921-ad3b-11ef-984e-e4a8dfc2a9a8,forest_fires,13,4,0.2120528668165207,0.051999807357788086,2860.0,0.20925366878509521,21,1
StandardGSGP,9f076921-ad3b-11ef-984e-e4a8dfc2a9a8,forest_fires,13,5,0.2120528668165207,0.052765607833862305,3498.0,0.20925366878509521,21,1
StandardGSGP,9f076921-ad3b-11ef-984e-e4a8dfc2a9a8,forest_fires,13,6,0.2120528668165207,0.0515139102935791,4026.0,0.20925366878509521,21,1
StandardGSGP,9f076921-ad3b-11ef-984e-e4a8dfc2a9a8,forest_fires,13,7,0.2120528668165207,0.05538368225097656,4530.0,0.20925366878509521,21,1
StandardGSGP,9f076921-ad3b-11ef-984e-e4a8dfc2a9a8,forest_fires,13,8,0.2120528668165207,0.05400252342224121,4848.0,0.20925366878509521,21,1
StandardGSGP,9f076921-ad3b-11ef-984e-e4a8dfc2a9a8,forest_fires,13,9,0.2120528668165207,0.050908803939819336,5162.0,0.20925366878509521,21,1
StandardGSGP,9f076921-ad3b-11ef-984e-e4a8dfc2a9a8,forest_fires,13,10,0.2105020135641098,0.05065321922302246,5096.0,0.2111642062664032,27,1
StandardGSGP,9f076921-ad3b-11ef-984e-e4a8dfc2a9a8,forest_fires,13,11,0.20970922708511353,0.04999995231628418,5510.0,0.20935961604118347,33,1
StandardGSGP,9f076921-ad3b-11ef-984e-e4a8dfc2a9a8,forest_fires,13,12,0.20970922708511353,0.05152130126953125,6196.0,0.20935961604118347,33,1
StandardGSGP,9f076921-ad3b-11ef-984e-e4a8dfc2a9a8,forest_fires,13,13,0.20970922708511353,0.049387216567993164,6754.0,0.20935961604118347,33,1
StandardGSGP,9f076921-ad3b-11ef-984e-e4a8dfc2a9a8,forest_fires,13,14,0.20970922708511353,0.053682565689086914,7374.0,0.20935961604118347,33,1
StandardGSGP,9f076921-ad3b-11ef-984e-e4a8dfc2a9a8,forest_fires,13,15,0.2089187055826187,0.05099844932556152,7850.0,0.20801882445812225,39,1
StandardGSGP,9f076921-ad3b-11ef-984e-e4a8dfc2a9a8,forest_fires,13,16,0.2089187055826187,0.05471158027648926,8250.0,0.20801882445812225,39,1
StandardGSGP,9f076921-ad3b-11ef-984e-e4a8dfc2a9a8,forest_fires,13,17,0.2089187055826187,0.05324888229370117,9010.0,0.20801882445812225,39,1
StandardGSGP,9f076921-ad3b-11ef-984e-e4a8dfc2a9a8,forest_fires,13,18,0.2089187055826187,0.05599403381347656,8868.0,0.20801882445812225,39,1
StandardGSGP,9f076921-ad3b-11ef-984e-e4a8dfc2a9a8,forest_fires,13,19,0.2089187055826187,0.055663108825683594,8484.0,0.20801882445812225,39,1
StandardGSGP,9f076921-ad3b-11ef-984e-e4a8dfc2a9a8,forest_fires,13,20,0.2089187055826187,0.05200004577636719,8142.0,0.20801882445812225,39,1
StandardGSGP,9f076921-ad3b-11ef-984e-e4a8dfc2a9a8,forest_fires,13,21,0.2089187055826187,0.04950904846191406,8184.0,0.20801882445812225,39,1
StandardGSGP,9f076921-ad3b-11ef-984e-e4a8dfc2a9a8,forest_fires,13,22,0.2089187055826187,0.05099940299987793,8366.0,0.20801882445812225,39,1
StandardGSGP,9f076921-ad3b-11ef-984e-e4a8dfc2a9a8,forest_fires,13,23,0.2089187055826187,0.05055713653564453,8890.0,0.20801882445812225,39,1
StandardGSGP,9f076921-ad3b-11ef-984e-e4a8dfc2a9a8,forest_fires,13,24,0.20785881578922272,0.05200004577636719,8816.0,0.20647738873958588,45,1
StandardGSGP,9f076921-ad3b-11ef-984e-e4a8dfc2a9a8,forest_fires,13,25,0.20785881578922272,0.05652165412902832,9324.0,0.20647738873958588,45,1
StandardGSGP,9f076921-ad3b-11ef-984e-e4a8dfc2a9a8,forest_fires,13,26,0.20785881578922272,0.05200004577636719,9966.0,0.20647738873958588,45,1
StandardGSGP,9f076921-ad3b-11ef-984e-e4a8dfc2a9a8,forest_fires,13,27,0.20785881578922272,0.0535125732421875,9740.0,0.20647738873958588,45,1
StandardGSGP,9f076921-ad3b-11ef-984e-e4a8dfc2a9a8,forest_fires,13,28,0.20785881578922272,0.05400204658508301,9906.0,0.20647738873958588,45,1
StandardGSGP,9f076921-ad3b-11ef-984e-e4a8dfc2a9a8,forest_fires,13,29,0.20785881578922272,0.051712989807128906,9568.0,0.20647738873958588,45,1
StandardGSGP,9f076921-ad3b-11ef-984e-e4a8dfc2a9a8,forest_fires,13,30,0.20741356909275055,0.05378556251525879,10470.0,0.2056865245103836,53,1
StandardGSGP,9f076921-ad3b-11ef-984e-e4a8dfc2a9a8,forest_fires,13,31,0.20741356909275055,0.052590131759643555,9824.0,0.2056865245103836,53,1
StandardGSGP,9f076921-ad3b-11ef-984e-e4a8dfc2a9a8,forest_fires,13,32,0.20741356909275055,0.13174104690551758,8756.0,0.2056865245103836,53,1
StandardGSGP,9f076921-ad3b-11ef-984e-e4a8dfc2a9a8,forest_fires,13,33,0.20741356909275055,0.05707263946533203,7912.0,0.2056865245103836,53,1
StandardGSGP,9f076921-ad3b-11ef-984e-e4a8dfc2a9a8,forest_fires,13,34,0.20736634731292725,0.05478501319885254,8434.0,0.20593136548995972,65,1
StandardGSGP,9f076921-ad3b-11ef-984e-e4a8dfc2a9a8,forest_fires,13,35,0.20736634731292725,0.050806522369384766,8430.0,0.20593136548995972,65,1
StandardGSGP,9f076921-ad3b-11ef-984e-e4a8dfc2a9a8,forest_fires,13,36,0.20736634731292725,0.05290985107421875,8700.0,0.20593136548995972,65,1
StandardGSGP,9f076921-ad3b-11ef-984e-e4a8dfc2a9a8,forest_fires,13,37,0.20736634731292725,0.05236053466796875,8956.0,0.20593136548995972,65,1
StandardGSGP,9f076921-ad3b-11ef-984e-e4a8dfc2a9a8,forest_fires,13,38,0.20736634731292725,0.05378556251525879,9370.0,0.20593136548995972,65,1
StandardGSGP,9f076921-ad3b-11ef-984e-e4a8dfc2a9a8,forest_fires,13,39,0.20736634731292725,0.054000139236450195,9750.0,0.20593136548995972,65,1
StandardGSGP,9f076921-ad3b-11ef-984e-e4a8dfc2a9a8,forest_fires,13,40,0.20736634731292725,0.05081748962402344,10202.0,0.20593136548995972,65,1
StandardGSGP,9f076921-ad3b-11ef-984e-e4a8dfc2a9a8,forest_fires,13,41,0.20736634731292725,0.04868602752685547,10450.0,0.20593136548995972,65,1
StandardGSGP,9f076921-ad3b-11ef-984e-e4a8dfc2a9a8,forest_fires,13,42,0.20736634731292725,0.05101966857910156,10362.0,0.20593136548995972,65,1
StandardGSGP,9f076921-ad3b-11ef-984e-e4a8dfc2a9a8,forest_fires,13,43,0.20736634731292725,0.051999807357788086,10568.0,0.20593136548995972,65,1
StandardGSGP,9f076921-ad3b-11ef-984e-e4a8dfc2a9a8,forest_fires,13,44,0.20736634731292725,0.050909996032714844,10930.0,0.20593136548995972,65,1
StandardGSGP,9f076921-ad3b-11ef-984e-e4a8dfc2a9a8,forest_fires,13,45,0.2073652297258377,0.0540013313293457,11154.0,0.20591966807842255,71,1
StandardGSGP,9f076921-ad3b-11ef-984e-e4a8dfc2a9a8,forest_fires,13,46,0.20712698996067047,0.051595211029052734,11360.0,0.204695463180542,71,1
StandardGSGP,9f076921-ad3b-11ef-984e-e4a8dfc2a9a8,forest_fires,13,47,0.20712698996067047,0.05400395393371582,11588.0,0.204695463180542,71,1
StandardGSGP,9f076921-ad3b-11ef-984e-e4a8dfc2a9a8,forest_fires,13,48,0.20712698996067047,0.052509307861328125,10946.0,0.204695463180542,71,1
StandardGSGP,9f076921-ad3b-11ef-984e-e4a8dfc2a9a8,forest_fires,13,49,0.20712698996067047,0.0500028133392334,10674.0,0.204695463180542,71,1
StandardGSGP,9f076921-ad3b-11ef-984e-e4a8dfc2a9a8,forest_fires,13,50,0.20712698996067047,0.05250740051269531,10064.0,0.204695463180542,71,1
StandardGSGP,9f076921-ad3b-11ef-984e-e4a8dfc2a9a8,forest_fires,13,51,0.20712698996067047,0.05050992965698242,10526.0,0.204695463180542,71,1
StandardGSGP,9f076921-ad3b-11ef-984e-e4a8dfc2a9a8,forest_fires,13,52,0.20712698996067047,0.04999494552612305,10940.0,0.204695463180542,71,1
StandardGSGP,9f076921-ad3b-11ef-984e-e4a8dfc2a9a8,forest_fires,13,53,0.20712698996067047,0.055521488189697266,11898.0,0.204695463180542,71,1
StandardGSGP,9f076921-ad3b-11ef-984e-e4a8dfc2a9a8,forest_fires,13,54,0.20712698996067047,0.053006649017333984,12224.0,0.204695463180542,71,1
StandardGSGP,9f076921-ad3b-11ef-984e-e4a8dfc2a9a8,forest_fires,13,55,0.20712698996067047,0.05027508735656738,12880.0,0.204695463180542,71,1
StandardGSGP,9f076921-ad3b-11ef-984e-e4a8dfc2a9a8,forest_fires,13,56,0.20712698996067047,0.05199909210205078,13146.0,0.204695463180542,71,1
StandardGSGP,9f076921-ad3b-11ef-984e-e4a8dfc2a9a8,forest_fires,13,57,0.2070923149585724,0.049506187438964844,13712.0,0.2046191543340683,77,1
StandardGSGP,9f076921-ad3b-11ef-984e-e4a8dfc2a9a8,forest_fires,13,58,0.2070923149585724,0.05200004577636719,14228.0,0.2046191543340683,77,1
StandardGSGP,9f076921-ad3b-11ef-984e-e4a8dfc2a9a8,forest_fires,13,59,0.2070923149585724,0.05051088333129883,14340.0,0.2046191543340683,77,1
StandardGSGP,9f076921-ad3b-11ef-984e-e4a8dfc2a9a8,forest_fires,13,60,0.2070923149585724,0.05099987983703613,13368.0,0.2046191543340683,77,1
StandardGSGP,9f076921-ad3b-11ef-984e-e4a8dfc2a9a8,forest_fires,13,61,0.2070923149585724,0.049569129943847656,13522.0,0.2046191543340683,77,1
StandardGSGP,9f076921-ad3b-11ef-984e-e4a8dfc2a9a8,forest_fires,13,62,0.2070923149585724,0.05099773406982422,13248.0,0.2046191543340683,77,1
StandardGSGP,9f076921-ad3b-11ef-984e-e4a8dfc2a9a8,forest_fires,13,63,0.2070923149585724,0.05173778533935547,12408.0,0.2046191543340683,77,1
StandardGSGP,9f076921-ad3b-11ef-984e-e4a8dfc2a9a8,forest_fires,13,64,0.2070923149585724,0.05045270919799805,12332.0,0.2046191543340683,77,1
StandardGSGP,9f076921-ad3b-11ef-984e-e4a8dfc2a9a8,forest_fires,13,65,0.2070923149585724,0.05151557922363281,12320.0,0.2046191543340683,77,1
StandardGSGP,9f076921-ad3b-11ef-984e-e4a8dfc2a9a8,forest_fires,13,66,0.2070923149585724,0.053005218505859375,12798.0,0.2046191543340683,77,1
StandardGSGP,9f076921-ad3b-11ef-984e-e4a8dfc2a9a8,forest_fires,13,67,0.2070923149585724,0.049996137619018555,12786.0,0.2046191543340683,77,1
StandardGSGP,9f076921-ad3b-11ef-984e-e4a8dfc2a9a8,forest_fires,13,68,0.2070923149585724,0.05251193046569824,12414.0,0.2046191543340683,77,1
StandardGSGP,9f076921-ad3b-11ef-984e-e4a8dfc2a9a8,forest_fires,13,69,0.2070923149585724,0.05056285858154297,12086.0,0.2046191543340683,77,1
StandardGSGP,9f076921-ad3b-11ef-984e-e4a8dfc2a9a8,forest_fires,13,70,0.2070923149585724,0.05151176452636719,12492.0,0.2046191543340683,77,1
StandardGSGP,9f076921-ad3b-11ef-984e-e4a8dfc2a9a8,forest_fires,13,71,0.2070923149585724,0.05299878120422363,12982.0,0.2046191543340683,77,1
StandardGSGP,9f076921-ad3b-11ef-984e-e4a8dfc2a9a8,forest_fires,13,72,0.2070923149585724,0.05051088333129883,13732.0,0.2046191543340683,77,1
StandardGSGP,9f076921-ad3b-11ef-984e-e4a8dfc2a9a8,forest_fires,13,73,0.2070923149585724,0.051999568939208984,14046.0,0.2046191543340683,77,1
StandardGSGP,9f076921-ad3b-11ef-984e-e4a8dfc2a9a8,forest_fires,13,74,0.2070923149585724,0.055510759353637695,14242.0,0.2046191543340683,77,1
StandardGSGP,9f076921-ad3b-11ef-984e-e4a8dfc2a9a8,forest_fires,13,75,0.2070923149585724,0.05051851272583008,15306.0,0.2046191543340683,77,1
StandardGSGP,9f076921-ad3b-11ef-984e-e4a8dfc2a9a8,forest_fires,13,76,0.2070923149585724,0.0522313117980957,15932.0,0.2046191543340683,77,1
StandardGSGP,9f076921-ad3b-11ef-984e-e4a8dfc2a9a8,forest_fires,13,77,0.2070923149585724,0.05000162124633789,15696.0,0.2046191543340683,77,1
StandardGSGP,9f076921-ad3b-11ef-984e-e4a8dfc2a9a8,forest_fires,13,78,0.2070923149585724,0.0505068302154541,15536.0,0.2046191543340683,77,1
StandardGSGP,9f076921-ad3b-11ef-984e-e4a8dfc2a9a8,forest_fires,13,79,0.20690777897834778,0.04999971389770508,16546.0,0.2042621672153473,83,1
StandardGSGP,9f076921-ad3b-11ef-984e-e4a8dfc2a9a8,forest_fires,13,80,0.20690777897834778,0.05264401435852051,15088.0,0.2042621672153473,83,1
StandardGSGP,9f076921-ad3b-11ef-984e-e4a8dfc2a9a8,forest_fires,13,81,0.20690777897834778,0.05032777786254883,14674.0,0.2042621672153473,83,1
StandardGSGP,9f076921-ad3b-11ef-984e-e4a8dfc2a9a8,forest_fires,13,82,0.20690777897834778,0.051511526107788086,14372.0,0.2042621672153473,83,1
StandardGSGP,9f076921-ad3b-11ef-984e-e4a8dfc2a9a8,forest_fires,13,83,0.20690777897834778,0.0511167049407959,13952.0,0.2042621672153473,83,1
StandardGSGP,9f076921-ad3b-11ef-984e-e4a8dfc2a9a8,forest_fires,13,84,0.20690777897834778,0.05299878120422363,14116.0,0.2042621672153473,83,1
StandardGSGP,9f076921-ad3b-11ef-984e-e4a8dfc2a9a8,forest_fires,13,85,0.20674043893814087,0.051511287689208984,13036.0,0.2047865390777588,91,1
StandardGSGP,9f076921-ad3b-11ef-984e-e4a8dfc2a9a8,forest_fires,13,86,0.20673617720603943,0.050836801528930664,13134.0,0.2047933042049408,97,1
StandardGSGP,9f076921-ad3b-11ef-984e-e4a8dfc2a9a8,forest_fires,13,87,0.20673617720603943,0.051560163497924805,13694.0,0.2047933042049408,97,1
StandardGSGP,9f076921-ad3b-11ef-984e-e4a8dfc2a9a8,forest_fires,13,88,0.20673617720603943,0.0513002872467041,13640.0,0.2047933042049408,97,1
StandardGSGP,9f076921-ad3b-11ef-984e-e4a8dfc2a9a8,forest_fires,13,89,0.20673617720603943,0.05160784721374512,13932.0,0.2047933042049408,97,1
StandardGSGP,9f076921-ad3b-11ef-984e-e4a8dfc2a9a8,forest_fires,13,90,0.20673617720603943,0.05599856376647949,13796.0,0.2047933042049408,97,1
StandardGSGP,9f076921-ad3b-11ef-984e-e4a8dfc2a9a8,forest_fires,13,91,0.20673617720603943,0.05171847343444824,14068.0,0.2047933042049408,97,1
StandardGSGP,9f076921-ad3b-11ef-984e-e4a8dfc2a9a8,forest_fires,13,92,0.20673617720603943,0.05132555961608887,14740.0,0.2047933042049408,97,1
StandardGSGP,9f076921-ad3b-11ef-984e-e4a8dfc2a9a8,forest_fires,13,93,0.2065487951040268,0.05101585388183594,14684.0,0.2047933042049408,103,1
StandardGSGP,9f076921-ad3b-11ef-984e-e4a8dfc2a9a8,forest_fires,13,94,0.2065487951040268,0.12417197227478027,14828.0,0.2047933042049408,103,1
StandardGSGP,9f076921-ad3b-11ef-984e-e4a8dfc2a9a8,forest_fires,13,95,0.20647811889648438,0.059510231018066406,15130.0,0.204279825091362,117,1
StandardGSGP,9f076921-ad3b-11ef-984e-e4a8dfc2a9a8,forest_fires,13,96,0.20647811889648438,0.05200004577636719,15110.0,0.204279825091362,117,1
StandardGSGP,9f076921-ad3b-11ef-984e-e4a8dfc2a9a8,forest_fires,13,97,0.20647811889648438,0.048509836196899414,15180.0,0.204279825091362,117,1
StandardGSGP,9f076921-ad3b-11ef-984e-e4a8dfc2a9a8,forest_fires,13,98,0.20647811889648438,0.050000667572021484,15350.0,0.204279825091362,117,1
StandardGSGP,9f076921-ad3b-11ef-984e-e4a8dfc2a9a8,forest_fires,13,99,0.20646677911281586,0.04851078987121582,15496.0,0.20415931940078735,123,1
StandardGSGP,9f076921-ad3b-11ef-984e-e4a8dfc2a9a8,forest_fires,13,100,0.20646677911281586,0.05093860626220703,16036.0,0.20415931940078735,123,1
StandardGSGP,050f2836-ad3c-11ef-984e-e4a8dfc2a9a8,forest_fires,13,0,1.4057179689407349,0.041764020919799805,838.0,1.3870635032653809,3,1
StandardGSGP,050f2836-ad3c-11ef-984e-e4a8dfc2a9a8,forest_fires,13,1,1.4057179689407349,0.053429365158081055,1220.0,1.3870635032653809,3,1
StandardGSGP,050f2836-ad3c-11ef-984e-e4a8dfc2a9a8,forest_fires,13,2,1.3981136083602905,0.05247616767883301,1886.0,1.4013595581054688,27,1
StandardGSGP,050f2836-ad3c-11ef-984e-e4a8dfc2a9a8,forest_fires,13,3,1.3961522579193115,0.061402320861816406,2510.0,1.3745150566101074,17,1
StandardGSGP,050f2836-ad3c-11ef-984e-e4a8dfc2a9a8,forest_fires,13,4,1.3936660289764404,0.07166337966918945,3188.0,1.3715465068817139,23,1
StandardGSGP,050f2836-ad3c-11ef-984e-e4a8dfc2a9a8,forest_fires,13,5,1.392656683921814,0.07142353057861328,3866.0,1.3692487478256226,29,1
StandardGSGP,050f2836-ad3c-11ef-984e-e4a8dfc2a9a8,forest_fires,13,6,1.3887203931808472,0.05405735969543457,4406.0,1.3647559881210327,35,1
StandardGSGP,050f2836-ad3c-11ef-984e-e4a8dfc2a9a8,forest_fires,13,7,1.3871546983718872,0.05621457099914551,4782.0,1.3704466819763184,41,1
StandardGSGP,050f2836-ad3c-11ef-984e-e4a8dfc2a9a8,forest_fires,13,8,1.3871546983718872,0.06250834465026855,5348.0,1.3704466819763184,41,1
StandardGSGP,050f2836-ad3c-11ef-984e-e4a8dfc2a9a8,forest_fires,13,9,1.384628176689148,0.060233116149902344,5778.0,1.3911758661270142,61,1
StandardGSGP,050f2836-ad3c-11ef-984e-e4a8dfc2a9a8,forest_fires,13,10,1.384628176689148,0.052506208419799805,6100.0,1.3911758661270142,61,1
StandardGSGP,050f2836-ad3c-11ef-984e-e4a8dfc2a9a8,forest_fires,13,11,1.3832263946533203,0.08198428153991699,6652.0,1.3663904666900635,65,1
StandardGSGP,050f2836-ad3c-11ef-984e-e4a8dfc2a9a8,forest_fires,13,12,1.3783645629882812,0.05500316619873047,7244.0,1.3477733135223389,69,1
StandardGSGP,050f2836-ad3c-11ef-984e-e4a8dfc2a9a8,forest_fires,13,13,1.3781825304031372,0.05882096290588379,7888.0,1.3596757650375366,83,1
StandardGSGP,050f2836-ad3c-11ef-984e-e4a8dfc2a9a8,forest_fires,13,14,1.3781825304031372,0.052643775939941406,8532.0,1.3596757650375366,83,1
StandardGSGP,050f2836-ad3c-11ef-984e-e4a8dfc2a9a8,forest_fires,13,15,1.3775489330291748,0.05699968338012695,9178.0,1.3679472208023071,95,1
StandardGSGP,050f2836-ad3c-11ef-984e-e4a8dfc2a9a8,forest_fires,13,16,1.3766785860061646,0.05750322341918945,9764.0,1.3674267530441284,101,1
StandardGSGP,050f2836-ad3c-11ef-984e-e4a8dfc2a9a8,forest_fires,13,17,1.3753539323806763,0.05924177169799805,10466.0,1.3706434965133667,109,1
StandardGSGP,050f2836-ad3c-11ef-984e-e4a8dfc2a9a8,forest_fires,13,18,1.37334406375885,0.05350136756896973,11026.0,1.3777681589126587,115,1
StandardGSGP,050f2836-ad3c-11ef-984e-e4a8dfc2a9a8,forest_fires,13,19,1.365101933479309,0.05400729179382324,11634.0,1.355789065361023,121,1
StandardGSGP,050f2836-ad3c-11ef-984e-e4a8dfc2a9a8,forest_fires,13,20,1.36378014087677,0.05884504318237305,12336.0,1.3528190851211548,127,1
StandardGSGP,050f2836-ad3c-11ef-984e-e4a8dfc2a9a8,forest_fires,13,21,1.36378014087677,0.14118552207946777,13048.0,1.3528190851211548,127,1
StandardGSGP,050f2836-ad3c-11ef-984e-e4a8dfc2a9a8,forest_fires,13,22,1.36378014087677,0.06151986122131348,13808.0,1.3528190851211548,127,1
StandardGSGP,050f2836-ad3c-11ef-984e-e4a8dfc2a9a8,forest_fires,13,23,1.36378014087677,0.061701297760009766,14486.0,1.3528190851211548,127,1
StandardGSGP,050f2836-ad3c-11ef-984e-e4a8dfc2a9a8,forest_fires,13,24,1.36378014087677,0.06281661987304688,15042.0,1.3528190851211548,127,1
StandardGSGP,050f2836-ad3c-11ef-984e-e4a8dfc2a9a8,forest_fires,13,25,1.36378014087677,0.05557751655578613,15448.0,1.3528190851211548,127,1
StandardGSGP,050f2836-ad3c-11ef-984e-e4a8dfc2a9a8,forest_fires,13,26,1.36378014087677,0.05854082107543945,15884.0,1.3528190851211548,127,1
StandardGSGP,050f2836-ad3c-11ef-984e-e4a8dfc2a9a8,forest_fires,13,27,1.3628512620925903,0.07371783256530762,15932.0,1.3711458444595337,157,1
StandardGSGP,050f2836-ad3c-11ef-984e-e4a8dfc2a9a8,forest_fires,13,28,1.3618806600570679,0.06587338447570801,16182.0,1.371999979019165,161,1
StandardGSGP,050f2836-ad3c-11ef-984e-e4a8dfc2a9a8,forest_fires,13,29,1.3618621826171875,0.06406307220458984,16618.0,1.3731454610824585,167,1
StandardGSGP,050f2836-ad3c-11ef-984e-e4a8dfc2a9a8,forest_fires,13,30,1.3604835271835327,0.06123828887939453,17272.0,1.3684550523757935,173,1
StandardGSGP,050f2836-ad3c-11ef-984e-e4a8dfc2a9a8,forest_fires,13,31,1.3589494228363037,0.06951355934143066,17826.0,1.3719022274017334,173,1
StandardGSGP,050f2836-ad3c-11ef-984e-e4a8dfc2a9a8,forest_fires,13,32,1.3589494228363037,0.060775041580200195,18148.0,1.3719022274017334,173,1
StandardGSGP,050f2836-ad3c-11ef-984e-e4a8dfc2a9a8,forest_fires,13,33,1.3589307069778442,0.054320335388183594,18552.0,1.3718267679214478,179,1
StandardGSGP,050f2836-ad3c-11ef-984e-e4a8dfc2a9a8,forest_fires,13,34,1.3588507175445557,0.05751657485961914,19170.0,1.371873140335083,191,1
StandardGSGP,050f2836-ad3c-11ef-984e-e4a8dfc2a9a8,forest_fires,13,35,1.3571127653121948,0.057973384857177734,19764.0,1.3829373121261597,191,1
StandardGSGP,050f2836-ad3c-11ef-984e-e4a8dfc2a9a8,forest_fires,13,36,1.355861783027649,0.0535128116607666,20332.0,1.3666951656341553,191,1
StandardGSGP,050f2836-ad3c-11ef-984e-e4a8dfc2a9a8,forest_fires,13,37,1.3551579713821411,0.055010318756103516,20822.0,1.367160677909851,197,1
StandardGSGP,050f2836-ad3c-11ef-984e-e4a8dfc2a9a8,forest_fires,13,38,1.354677438735962,0.05350685119628906,21202.0,1.3651899099349976,203,1
StandardGSGP,050f2836-ad3c-11ef-984e-e4a8dfc2a9a8,forest_fires,13,39,1.3541256189346313,0.05550670623779297,21716.0,1.3652863502502441,209,1
StandardGSGP,050f2836-ad3c-11ef-984e-e4a8dfc2a9a8,forest_fires,13,40,1.3537569046020508,0.052001237869262695,22088.0,1.3701399564743042,215,1
StandardGSGP,050f2836-ad3c-11ef-984e-e4a8dfc2a9a8,forest_fires,13,41,1.3537335395812988,0.048717498779296875,22440.0,1.3701714277267456,221,1
StandardGSGP,050f2836-ad3c-11ef-984e-e4a8dfc2a9a8,forest_fires,13,42,1.3533293008804321,0.05057883262634277,22934.0,1.3670822381973267,221,1
StandardGSGP,050f2836-ad3c-11ef-984e-e4a8dfc2a9a8,forest_fires,13,43,1.352919578552246,0.05738949775695801,23468.0,1.3705418109893799,227,1
StandardGSGP,050f2836-ad3c-11ef-984e-e4a8dfc2a9a8,forest_fires,13,44,1.3527389764785767,0.05289626121520996,24012.0,1.3589720726013184,233,1
StandardGSGP,050f2836-ad3c-11ef-984e-e4a8dfc2a9a8,forest_fires,13,45,1.3521218299865723,0.05134272575378418,24392.0,1.3645747900009155,239,1
StandardGSGP,050f2836-ad3c-11ef-984e-e4a8dfc2a9a8,forest_fires,13,46,1.3521218299865723,0.0501861572265625,24910.0,1.3645747900009155,239,1
StandardGSGP,050f2836-ad3c-11ef-984e-e4a8dfc2a9a8,forest_fires,13,47,1.3503423929214478,0.05278348922729492,25430.0,1.366340160369873,245,1
StandardGSGP,050f2836-ad3c-11ef-984e-e4a8dfc2a9a8,forest_fires,13,48,1.3502846956253052,0.051512956619262695,25786.0,1.3641490936279297,247,1
StandardGSGP,050f2836-ad3c-11ef-984e-e4a8dfc2a9a8,forest_fires,13,49,1.3502846956253052,0.049509286880493164,26322.0,1.3641490936279297,247,1
StandardGSGP,050f2836-ad3c-11ef-984e-e4a8dfc2a9a8,forest_fires,13,50,1.3502846956253052,0.056542396545410156,26780.0,1.3641490936279297,247,1
StandardGSGP,050f2836-ad3c-11ef-984e-e4a8dfc2a9a8,forest_fires,13,51,1.3495229482650757,0.055506229400634766,27298.0,1.360253095626831,265,1
StandardGSGP,050f2836-ad3c-11ef-984e-e4a8dfc2a9a8,forest_fires,13,52,1.3495229482650757,0.05100536346435547,27970.0,1.360253095626831,265,1
StandardGSGP,050f2836-ad3c-11ef-984e-e4a8dfc2a9a8,forest_fires,13,53,1.3485612869262695,0.052550315856933594,28646.0,1.3600746393203735,271,1
StandardGSGP,050f2836-ad3c-11ef-984e-e4a8dfc2a9a8,forest_fires,13,54,1.3484958410263062,0.050506591796875,29092.0,1.3764088153839111,287,1
StandardGSGP,050f2836-ad3c-11ef-984e-e4a8dfc2a9a8,forest_fires,13,55,1.3469761610031128,0.050002336502075195,29622.0,1.3708540201187134,283,1
StandardGSGP,050f2836-ad3c-11ef-984e-e4a8dfc2a9a8,forest_fires,13,56,1.3459484577178955,0.05050921440124512,29978.0,1.3563761711120605,291,1
StandardGSGP,050f2836-ad3c-11ef-984e-e4a8dfc2a9a8,forest_fires,13,57,1.3452813625335693,0.054416656494140625,30466.0,1.354811429977417,297,1
StandardGSGP,050f2836-ad3c-11ef-984e-e4a8dfc2a9a8,forest_fires,13,58,1.3452701568603516,0.049811363220214844,31028.0,1.3548215627670288,305,1
StandardGSGP,050f2836-ad3c-11ef-984e-e4a8dfc2a9a8,forest_fires,13,59,1.3450599908828735,0.05199909210205078,31358.0,1.3698570728302002,315,1
StandardGSGP,050f2836-ad3c-11ef-984e-e4a8dfc2a9a8,forest_fires,13,60,1.3439977169036865,0.05051136016845703,31908.0,1.3570504188537598,315,1
StandardGSGP,050f2836-ad3c-11ef-984e-e4a8dfc2a9a8,forest_fires,13,61,1.3433942794799805,0.05200004577636719,32402.0,1.3545751571655273,321,1
StandardGSGP,050f2836-ad3c-11ef-984e-e4a8dfc2a9a8,forest_fires,13,62,1.3428980112075806,0.05208539962768555,32976.0,1.3704254627227783,327,1
StandardGSGP,050f2836-ad3c-11ef-984e-e4a8dfc2a9a8,forest_fires,13,63,1.3426433801651,0.052999019622802734,33496.0,1.3530997037887573,329,1
StandardGSGP,050f2836-ad3c-11ef-984e-e4a8dfc2a9a8,forest_fires,13,64,1.3424822092056274,0.050508975982666016,34040.0,1.3546348810195923,347,1
StandardGSGP,050f2836-ad3c-11ef-984e-e4a8dfc2a9a8,forest_fires,13,65,1.341697335243225,0.05415630340576172,34656.0,1.3683991432189941,347,1
StandardGSGP,050f2836-ad3c-11ef-984e-e4a8dfc2a9a8,forest_fires,13,66,1.341697335243225,0.052074432373046875,35250.0,1.3683991432189941,347,1
StandardGSGP,050f2836-ad3c-11ef-984e-e4a8dfc2a9a8,forest_fires,13,67,1.341697335243225,0.053595781326293945,35794.0,1.3683991432189941,347,1
StandardGSGP,050f2836-ad3c-11ef-984e-e4a8dfc2a9a8,forest_fires,13,68,1.3412843942642212,0.050841569900512695,36452.0,1.3534266948699951,355,1
StandardGSGP,050f2836-ad3c-11ef-984e-e4a8dfc2a9a8,forest_fires,13,69,1.3412789106369019,0.053075551986694336,37084.0,1.3568347692489624,363,1
StandardGSGP,050f2836-ad3c-11ef-984e-e4a8dfc2a9a8,forest_fires,13,70,1.3412789106369019,0.05200052261352539,37666.0,1.3568347692489624,363,1
StandardGSGP,050f2836-ad3c-11ef-984e-e4a8dfc2a9a8,forest_fires,13,71,1.3412789106369019,0.0515139102935791,38322.0,1.3568347692489624,363,1
StandardGSGP,050f2836-ad3c-11ef-984e-e4a8dfc2a9a8,forest_fires,13,72,1.3402369022369385,0.05899763107299805,38812.0,1.3539141416549683,373,1
StandardGSGP,050f2836-ad3c-11ef-984e-e4a8dfc2a9a8,forest_fires,13,73,1.3401777744293213,0.06075906753540039,39412.0,1.354073405265808,383,1
StandardGSGP,050f2836-ad3c-11ef-984e-e4a8dfc2a9a8,forest_fires,13,74,1.339884638786316,0.05631065368652344,40088.0,1.377386450767517,419,1
StandardGSGP,050f2836-ad3c-11ef-984e-e4a8dfc2a9a8,forest_fires,13,75,1.3394557237625122,0.05141758918762207,40946.0,1.3776426315307617,425,1
StandardGSGP,050f2836-ad3c-11ef-984e-e4a8dfc2a9a8,forest_fires,13,76,1.3364814519882202,0.04932117462158203,41586.0,1.3725273609161377,431,1
StandardGSGP,050f2836-ad3c-11ef-984e-e4a8dfc2a9a8,forest_fires,13,77,1.3364814519882202,0.053009748458862305,42454.0,1.3725273609161377,431,1
StandardGSGP,050f2836-ad3c-11ef-984e-e4a8dfc2a9a8,forest_fires,13,78,1.3364814519882202,0.05109214782714844,43514.0,1.3725273609161377,431,1
StandardGSGP,050f2836-ad3c-11ef-984e-e4a8dfc2a9a8,forest_fires,13,79,1.3362181186676025,0.05199909210205078,44398.0,1.3730558156967163,437,1
StandardGSGP,050f2836-ad3c-11ef-984e-e4a8dfc2a9a8,forest_fires,13,80,1.3349082469940186,0.053519487380981445,45056.0,1.3807193040847778,445,1
StandardGSGP,050f2836-ad3c-11ef-984e-e4a8dfc2a9a8,forest_fires,13,81,1.3336181640625,0.05824542045593262,45702.0,1.371699571609497,465,1
StandardGSGP,050f2836-ad3c-11ef-984e-e4a8dfc2a9a8,forest_fires,13,82,1.3333770036697388,0.051537275314331055,46210.0,1.371771216392517,471,1
StandardGSGP,050f2836-ad3c-11ef-984e-e4a8dfc2a9a8,forest_fires,13,83,1.3311387300491333,0.05299687385559082,46930.0,1.3745903968811035,481,1
StandardGSGP,050f2836-ad3c-11ef-984e-e4a8dfc2a9a8,forest_fires,13,84,1.3311387300491333,0.05651593208312988,47656.0,1.3745903968811035,481,1
StandardGSGP,050f2836-ad3c-11ef-984e-e4a8dfc2a9a8,forest_fires,13,85,1.3311387300491333,0.05302071571350098,48328.0,1.3745903968811035,481,1
StandardGSGP,050f2836-ad3c-11ef-984e-e4a8dfc2a9a8,forest_fires,13,86,1.3311387300491333,0.048529863357543945,49064.0,1.3745903968811035,481,1
StandardGSGP,050f2836-ad3c-11ef-984e-e4a8dfc2a9a8,forest_fires,13,87,1.3311387300491333,0.051003217697143555,49736.0,1.3745903968811035,481,1
StandardGSGP,050f2836-ad3c-11ef-984e-e4a8dfc2a9a8,forest_fires,13,88,1.3311387300491333,0.05022573471069336,50458.0,1.3745903968811035,481,1
StandardGSGP,050f2836-ad3c-11ef-984e-e4a8dfc2a9a8,forest_fires,13,89,1.3305840492248535,0.05051088333129883,50956.0,1.366547703742981,513,1
StandardGSGP,050f2836-ad3c-11ef-984e-e4a8dfc2a9a8,forest_fires,13,90,1.330405354499817,0.053998708724975586,51564.0,1.358965516090393,515,1
StandardGSGP,050f2836-ad3c-11ef-984e-e4a8dfc2a9a8,forest_fires,13,91,1.330405354499817,0.12529492378234863,52126.0,1.358965516090393,515,1
StandardGSGP,050f2836-ad3c-11ef-984e-e4a8dfc2a9a8,forest_fires,13,92,1.329857349395752,0.04972481727600098,52592.0,1.3652210235595703,523,1
StandardGSGP,050f2836-ad3c-11ef-984e-e4a8dfc2a9a8,forest_fires,13,93,1.3295563459396362,0.05000162124633789,53348.0,1.3576958179473877,533,1
StandardGSGP,050f2836-ad3c-11ef-984e-e4a8dfc2a9a8,forest_fires,13,94,1.3295563459396362,0.05428576469421387,53968.0,1.3576958179473877,533,1
StandardGSGP,050f2836-ad3c-11ef-984e-e4a8dfc2a9a8,forest_fires,13,95,1.329493522644043,0.05263066291809082,54502.0,1.3635389804840088,541,1
StandardGSGP,050f2836-ad3c-11ef-984e-e4a8dfc2a9a8,forest_fires,13,96,1.3293005228042603,0.05150747299194336,54976.0,1.3628417253494263,549,1
StandardGSGP,050f2836-ad3c-11ef-984e-e4a8dfc2a9a8,forest_fires,13,97,1.3288390636444092,0.04700016975402832,55522.0,1.3642456531524658,555,1
StandardGSGP,050f2836-ad3c-11ef-984e-e4a8dfc2a9a8,forest_fires,13,98,1.3287643194198608,0.04951071739196777,55964.0,1.364190697669983,563,1
StandardGSGP,050f2836-ad3c-11ef-984e-e4a8dfc2a9a8,forest_fires,13,99,1.3270210027694702,0.05528545379638672,56770.0,1.359476089477539,567,1
StandardGSGP,050f2836-ad3c-11ef-984e-e4a8dfc2a9a8,forest_fires,13,100,1.3264796733856201,0.05199933052062988,57510.0,1.3683884143829346,573,1
