StandardGSGP,8aed674f-ad3b-11ef-9ae8-e4a8dfc2a9a8,forest_fires,7,0,0.22474467754364014,0.04371762275695801,846.0,0.21452553570270538,3,1
StandardGSGP,8aed674f-ad3b-11ef-9ae8-e4a8dfc2a9a8,forest_fires,7,1,0.21150003373622894,0.05049872398376465,1484.0,0.19483086466789246,13,1
StandardGSGP,8aed674f-ad3b-11ef-9ae8-e4a8dfc2a9a8,forest_fires,7,2,0.21150003373622894,0.051807403564453125,2226.0,0.19483086466789246,13,1
StandardGSGP,8aed674f-ad3b-11ef-9ae8-e4a8dfc2a9a8,forest_fires,7,3,0.2094038724899292,0.05125260353088379,2856.0,0.17868201434612274,25,1
StandardGSGP,8aed674f-ad3b-11ef-9ae8-e4a8dfc2a9a8,forest_fires,7,4,0.20892365276813507,0.05099606513977051,3202.0,0.18602785468101501,31,1
StandardGSGP,8aed674f-ad3b-11ef-9ae8-e4a8dfc2a9a8,forest_fires,7,5,0.2068098932504654,0.054509878158569336,3780.0,0.18573805689811707,39,1
StandardGSGP,8aed674f-ad3b-11ef-9ae8-e4a8dfc2a9a8,forest_fires,7,6,0.2068098932504654,0.04928016662597656,4306.0,0.18573805689811707,39,1
StandardGSGP,8aed674f-ad3b-11ef-9ae8-e4a8dfc2a9a8,forest_fires,7,7,0.2064710259437561,0.049805402755737305,5036.0,0.1878584325313568,45,1
StandardGSGP,8aed674f-ad3b-11ef-9ae8-e4a8dfc2a9a8,forest_fires,7,8,0.2064710259437561,0.055643320083618164,5636.0,0.1878584325313568,45,1
StandardGSGP,8aed674f-ad3b-11ef-9ae8-e4a8dfc2a9a8,forest_fires,7,9,0.2064710259437561,0.05450773239135742,6274.0,0.1878584325313568,45,1
StandardGSGP,8aed674f-ad3b-11ef-9ae8-e4a8dfc2a9a8,forest_fires,7,10,0.20639564096927643,0.05375361442565918,6890.0,0.18756642937660217,53,1
StandardGSGP,8aed674f-ad3b-11ef-9ae8-e4a8dfc2a9a8,forest_fires,7,11,0.2040419727563858,0.056241512298583984,7450.0,0.18662232160568237,71,1
StandardGSGP,8aed674f-ad3b-11ef-9ae8-e4a8dfc2a9a8,forest_fires,7,12,0.2040419727563858,0.05550837516784668,7968.0,0.18662232160568237,71,1
StandardGSGP,8aed674f-ad3b-11ef-9ae8-e4a8dfc2a9a8,forest_fires,7,13,0.20397856831550598,0.05748152732849121,8452.0,0.1868719756603241,81,1
StandardGSGP,8aed674f-ad3b-11ef-9ae8-e4a8dfc2a9a8,forest_fires,7,14,0.20397856831550598,0.05690813064575195,9142.0,0.1868719756603241,81,1
StandardGSGP,8aed674f-ad3b-11ef-9ae8-e4a8dfc2a9a8,forest_fires,7,15,0.2039266973733902,0.058800458908081055,9660.0,0.1866641640663147,87,1
StandardGSGP,8aed674f-ad3b-11ef-9ae8-e4a8dfc2a9a8,forest_fires,7,16,0.2033403515815735,0.05070304870605469,10014.0,0.18706761300563812,93,1
StandardGSGP,8aed674f-ad3b-11ef-9ae8-e4a8dfc2a9a8,forest_fires,7,17,0.2033403515815735,0.059719085693359375,10538.0,0.18706761300563812,93,1
StandardGSGP,8aed674f-ad3b-11ef-9ae8-e4a8dfc2a9a8,forest_fires,7,18,0.2033403515815735,0.05759286880493164,11316.0,0.18706761300563812,93,1
StandardGSGP,8aed674f-ad3b-11ef-9ae8-e4a8dfc2a9a8,forest_fires,7,19,0.2033403515815735,0.05350852012634277,11856.0,0.18706761300563812,93,1
StandardGSGP,8aed674f-ad3b-11ef-9ae8-e4a8dfc2a9a8,forest_fires,7,20,0.2033403515815735,0.05199861526489258,12578.0,0.18706761300563812,93,1
StandardGSGP,8aed674f-ad3b-11ef-9ae8-e4a8dfc2a9a8,forest_fires,7,21,0.2033403515815735,0.05051159858703613,13132.0,0.18706761300563812,93,1
StandardGSGP,8aed674f-ad3b-11ef-9ae8-e4a8dfc2a9a8,forest_fires,7,22,0.2033403515815735,0.051999568939208984,13650.0,0.18706761300563812,93,1
StandardGSGP,8aed674f-ad3b-11ef-9ae8-e4a8dfc2a9a8,forest_fires,7,23,0.2033403515815735,0.0525057315826416,14030.0,0.18706761300563812,93,1
StandardGSGP,8aed674f-ad3b-11ef-9ae8-e4a8dfc2a9a8,forest_fires,7,24,0.2033403515815735,0.054003000259399414,14006.0,0.18706761300563812,93,1
StandardGSGP,8aed674f-ad3b-11ef-9ae8-e4a8dfc2a9a8,forest_fires,7,25,0.2033403515815735,0.05350852012634277,13894.0,0.18706761300563812,93,1
StandardGSGP,8aed674f-ad3b-11ef-9ae8-e4a8dfc2a9a8,forest_fires,7,26,0.2025556117296219,0.05152273178100586,13718.0,0.1876278817653656,107,1
StandardGSGP,8aed674f-ad3b-11ef-9ae8-e4a8dfc2a9a8,forest_fires,7,27,0.2025556117296219,0.05199861526489258,13330.0,0.1876278817653656,107,1
StandardGSGP,8aed674f-ad3b-11ef-9ae8-e4a8dfc2a9a8,forest_fires,7,28,0.2022401988506317,0.05251264572143555,12880.0,0.19597312808036804,111,1
StandardGSGP,8aed674f-ad3b-11ef-9ae8-e4a8dfc2a9a8,forest_fires,7,29,0.20162053406238556,0.05131030082702637,12782.0,0.1934627890586853,119,1
StandardGSGP,8aed674f-ad3b-11ef-9ae8-e4a8dfc2a9a8,forest_fires,7,30,0.20162053406238556,0.05391049385070801,12958.0,0.1934627890586853,119,1
StandardGSGP,8aed674f-ad3b-11ef-9ae8-e4a8dfc2a9a8,forest_fires,7,31,0.20162053406238556,0.05250263214111328,13272.0,0.1934627890586853,119,1
StandardGSGP,8aed674f-ad3b-11ef-9ae8-e4a8dfc2a9a8,forest_fires,7,32,0.20162053406238556,0.05361318588256836,13752.0,0.1934627890586853,119,1
StandardGSGP,8aed674f-ad3b-11ef-9ae8-e4a8dfc2a9a8,forest_fires,7,33,0.20156778395175934,0.05104804039001465,14174.0,0.19408190250396729,127,1
StandardGSGP,8aed674f-ad3b-11ef-9ae8-e4a8dfc2a9a8,forest_fires,7,34,0.20156778395175934,0.05329418182373047,14582.0,0.19408190250396729,127,1
StandardGSGP,8aed674f-ad3b-11ef-9ae8-e4a8dfc2a9a8,forest_fires,7,35,0.20156778395175934,0.05700993537902832,15154.0,0.19408190250396729,127,1
StandardGSGP,8aed674f-ad3b-11ef-9ae8-e4a8dfc2a9a8,forest_fires,7,36,0.20156778395175934,0.05496835708618164,15614.0,0.19408190250396729,127,1
StandardGSGP,8aed674f-ad3b-11ef-9ae8-e4a8dfc2a9a8,forest_fires,7,37,0.20156778395175934,0.05051779747009277,16186.0,0.19408190250396729,127,1
StandardGSGP,8aed674f-ad3b-11ef-9ae8-e4a8dfc2a9a8,forest_fires,7,38,0.20156778395175934,0.05701494216918945,16848.0,0.19408190250396729,127,1
StandardGSGP,8aed674f-ad3b-11ef-9ae8-e4a8dfc2a9a8,forest_fires,7,39,0.20156778395175934,0.05153393745422363,17476.0,0.19408190250396729,127,1
StandardGSGP,8aed674f-ad3b-11ef-9ae8-e4a8dfc2a9a8,forest_fires,7,40,0.2015056163072586,0.05085015296936035,17798.0,0.1943463832139969,133,1
StandardGSGP,8aed674f-ad3b-11ef-9ae8-e4a8dfc2a9a8,forest_fires,7,41,0.20136334002017975,0.05109858512878418,17396.0,0.19401775300502777,139,1
StandardGSGP,8aed674f-ad3b-11ef-9ae8-e4a8dfc2a9a8,forest_fires,7,42,0.20136334002017975,0.05300569534301758,17160.0,0.19401775300502777,139,1
StandardGSGP,8aed674f-ad3b-11ef-9ae8-e4a8dfc2a9a8,forest_fires,7,43,0.20136334002017975,0.05736875534057617,17632.0,0.19401775300502777,139,1
StandardGSGP,8aed674f-ad3b-11ef-9ae8-e4a8dfc2a9a8,forest_fires,7,44,0.20136334002017975,0.05150771141052246,17866.0,0.19401775300502777,139,1
StandardGSGP,8aed674f-ad3b-11ef-9ae8-e4a8dfc2a9a8,forest_fires,7,45,0.20136334002017975,0.051516056060791016,17784.0,0.19401775300502777,139,1
StandardGSGP,8aed674f-ad3b-11ef-9ae8-e4a8dfc2a9a8,forest_fires,7,46,0.20136334002017975,0.0520014762878418,17966.0,0.19401775300502777,139,1
StandardGSGP,8aed674f-ad3b-11ef-9ae8-e4a8dfc2a9a8,forest_fires,7,47,0.20136334002017975,0.054062604904174805,17812.0,0.19401775300502777,139,1
StandardGSGP,8aed674f-ad3b-11ef-9ae8-e4a8dfc2a9a8,forest_fires,7,48,0.20136334002017975,0.0500035285949707,18390.0,0.19401775300502777,139,1
StandardGSGP,8aed674f-ad3b-11ef-9ae8-e4a8dfc2a9a8,forest_fires,7,49,0.20136334002017975,0.05150890350341797,19116.0,0.19401775300502777,139,1
StandardGSGP,8aed674f-ad3b-11ef-9ae8-e4a8dfc2a9a8,forest_fires,7,50,0.20136334002017975,0.050513267517089844,19860.0,0.19401775300502777,139,1
StandardGSGP,8aed674f-ad3b-11ef-9ae8-e4a8dfc2a9a8,forest_fires,7,51,0.20136334002017975,0.051000118255615234,19990.0,0.19401775300502777,139,1
StandardGSGP,8aed674f-ad3b-11ef-9ae8-e4a8dfc2a9a8,forest_fires,7,52,0.20136334002017975,0.12350940704345703,19352.0,0.19401775300502777,139,1
StandardGSGP,8aed674f-ad3b-11ef-9ae8-e4a8dfc2a9a8,forest_fires,7,53,0.20136334002017975,0.05050945281982422,19552.0,0.19401775300502777,139,1
StandardGSGP,8aed674f-ad3b-11ef-9ae8-e4a8dfc2a9a8,forest_fires,7,54,0.20136334002017975,0.050546884536743164,19828.0,0.19401775300502777,139,1
StandardGSGP,8aed674f-ad3b-11ef-9ae8-e4a8dfc2a9a8,forest_fires,7,55,0.20081715285778046,0.05075836181640625,19418.0,0.19524416327476501,149,1
StandardGSGP,8aed674f-ad3b-11ef-9ae8-e4a8dfc2a9a8,forest_fires,7,56,0.20081715285778046,0.05200052261352539,18782.0,0.19524416327476501,149,1
StandardGSGP,8aed674f-ad3b-11ef-9ae8-e4a8dfc2a9a8,forest_fires,7,57,0.20081715285778046,0.051508188247680664,18548.0,0.19524416327476501,149,1
StandardGSGP,8aed674f-ad3b-11ef-9ae8-e4a8dfc2a9a8,forest_fires,7,58,0.20081715285778046,0.05066728591918945,18534.0,0.19524416327476501,149,1
StandardGSGP,8aed674f-ad3b-11ef-9ae8-e4a8dfc2a9a8,forest_fires,7,59,0.20081715285778046,0.05050849914550781,18190.0,0.19524416327476501,149,1
StandardGSGP,8aed674f-ad3b-11ef-9ae8-e4a8dfc2a9a8,forest_fires,7,60,0.20081715285778046,0.05951094627380371,18218.0,0.19524416327476501,149,1
StandardGSGP,8aed674f-ad3b-11ef-9ae8-e4a8dfc2a9a8,forest_fires,7,61,0.20081715285778046,0.058084964752197266,18516.0,0.19524416327476501,149,1
StandardGSGP,8aed674f-ad3b-11ef-9ae8-e4a8dfc2a9a8,forest_fires,7,62,0.20081715285778046,0.051517486572265625,18786.0,0.19524416327476501,149,1
StandardGSGP,8aed674f-ad3b-11ef-9ae8-e4a8dfc2a9a8,forest_fires,7,63,0.20081715285778046,0.05399751663208008,19000.0,0.19524416327476501,149,1
StandardGSGP,8aed674f-ad3b-11ef-9ae8-e4a8dfc2a9a8,forest_fires,7,64,0.20069609582424164,0.05170559883117676,19812.0,0.1959778368473053,155,1
StandardGSGP,8aed674f-ad3b-11ef-9ae8-e4a8dfc2a9a8,forest_fires,7,65,0.20069609582424164,0.04799914360046387,20300.0,0.1959778368473053,155,1
StandardGSGP,8aed674f-ad3b-11ef-9ae8-e4a8dfc2a9a8,forest_fires,7,66,0.20037496089935303,0.05170273780822754,20802.0,0.19356870651245117,167,1
StandardGSGP,8aed674f-ad3b-11ef-9ae8-e4a8dfc2a9a8,forest_fires,7,67,0.2001596838235855,0.0520014762878418,21452.0,0.19456203281879425,173,1
StandardGSGP,8aed674f-ad3b-11ef-9ae8-e4a8dfc2a9a8,forest_fires,7,68,0.2001596838235855,0.05352163314819336,21314.0,0.19456203281879425,173,1
StandardGSGP,8aed674f-ad3b-11ef-9ae8-e4a8dfc2a9a8,forest_fires,7,69,0.2001596838235855,0.055135250091552734,21198.0,0.19456203281879425,173,1
StandardGSGP,8aed674f-ad3b-11ef-9ae8-e4a8dfc2a9a8,forest_fires,7,70,0.2001596838235855,0.05188417434692383,21388.0,0.19456203281879425,173,1
StandardGSGP,8aed674f-ad3b-11ef-9ae8-e4a8dfc2a9a8,forest_fires,7,71,0.2001596838235855,0.05351066589355469,21478.0,0.19456203281879425,173,1
StandardGSGP,8aed674f-ad3b-11ef-9ae8-e4a8dfc2a9a8,forest_fires,7,72,0.2001596838235855,0.05100822448730469,21702.0,0.19456203281879425,173,1
StandardGSGP,8aed674f-ad3b-11ef-9ae8-e4a8dfc2a9a8,forest_fires,7,73,0.19999046623706818,0.05050945281982422,22210.0,0.19368724524974823,179,1
StandardGSGP,8aed674f-ad3b-11ef-9ae8-e4a8dfc2a9a8,forest_fires,7,74,0.19999046623706818,0.05099892616271973,22802.0,0.19368724524974823,179,1
StandardGSGP,8aed674f-ad3b-11ef-9ae8-e4a8dfc2a9a8,forest_fires,7,75,0.19999046623706818,0.05464887619018555,22862.0,0.19368724524974823,179,1
StandardGSGP,8aed674f-ad3b-11ef-9ae8-e4a8dfc2a9a8,forest_fires,7,76,0.19996851682662964,0.0503077507019043,23208.0,0.19360992312431335,191,1
StandardGSGP,8aed674f-ad3b-11ef-9ae8-e4a8dfc2a9a8,forest_fires,7,77,0.19996851682662964,0.04898643493652344,23928.0,0.19360992312431335,191,1
StandardGSGP,8aed674f-ad3b-11ef-9ae8-e4a8dfc2a9a8,forest_fires,7,78,0.19996851682662964,0.05166792869567871,23482.0,0.19360992312431335,191,1
StandardGSGP,8aed674f-ad3b-11ef-9ae8-e4a8dfc2a9a8,forest_fires,7,79,0.19996851682662964,0.05489230155944824,23684.0,0.19360992312431335,191,1
StandardGSGP,8aed674f-ad3b-11ef-9ae8-e4a8dfc2a9a8,forest_fires,7,80,0.19996851682662964,0.04836606979370117,23588.0,0.19360992312431335,191,1
StandardGSGP,8aed674f-ad3b-11ef-9ae8-e4a8dfc2a9a8,forest_fires,7,81,0.19996851682662964,0.049504995346069336,23570.0,0.19360992312431335,191,1
StandardGSGP,8aed674f-ad3b-11ef-9ae8-e4a8dfc2a9a8,forest_fires,7,82,0.19996851682662964,0.0540921688079834,23566.0,0.19360992312431335,191,1
StandardGSGP,8aed674f-ad3b-11ef-9ae8-e4a8dfc2a9a8,forest_fires,7,83,0.19996851682662964,0.051325082778930664,23482.0,0.19360992312431335,191,1
StandardGSGP,8aed674f-ad3b-11ef-9ae8-e4a8dfc2a9a8,forest_fires,7,84,0.19996851682662964,0.05205869674682617,23302.0,0.19360992312431335,191,1
StandardGSGP,8aed674f-ad3b-11ef-9ae8-e4a8dfc2a9a8,forest_fires,7,85,0.19996851682662964,0.0538477897644043,23320.0,0.19360992312431335,191,1
StandardGSGP,8aed674f-ad3b-11ef-9ae8-e4a8dfc2a9a8,forest_fires,7,86,0.19996851682662964,0.05152463912963867,23336.0,0.19360992312431335,191,1
StandardGSGP,8aed674f-ad3b-11ef-9ae8-e4a8dfc2a9a8,forest_fires,7,87,0.19996851682662964,0.04929351806640625,23808.0,0.19360992312431335,191,1
StandardGSGP,8aed674f-ad3b-11ef-9ae8-e4a8dfc2a9a8,forest_fires,7,88,0.19996851682662964,0.05234360694885254,24344.0,0.19360992312431335,191,1
StandardGSGP,8aed674f-ad3b-11ef-9ae8-e4a8dfc2a9a8,forest_fires,7,89,0.19996851682662964,0.052785634994506836,24748.0,0.19360992312431335,191,1
StandardGSGP,8aed674f-ad3b-11ef-9ae8-e4a8dfc2a9a8,forest_fires,7,90,0.19996851682662964,0.05116391181945801,25094.0,0.19360992312431335,191,1
StandardGSGP,8aed674f-ad3b-11ef-9ae8-e4a8dfc2a9a8,forest_fires,7,91,0.19996851682662964,0.05100131034851074,25608.0,0.19360992312431335,191,1
StandardGSGP,8aed674f-ad3b-11ef-9ae8-e4a8dfc2a9a8,forest_fires,7,92,0.19996851682662964,0.05051255226135254,25496.0,0.19360992312431335,191,1
StandardGSGP,8aed674f-ad3b-11ef-9ae8-e4a8dfc2a9a8,forest_fires,7,93,0.19996851682662964,0.05026364326477051,25550.0,0.19360992312431335,191,1
StandardGSGP,8aed674f-ad3b-11ef-9ae8-e4a8dfc2a9a8,forest_fires,7,94,0.19996851682662964,0.051511526107788086,26026.0,0.19360992312431335,191,1
StandardGSGP,8aed674f-ad3b-11ef-9ae8-e4a8dfc2a9a8,forest_fires,7,95,0.1999083161354065,0.05227375030517578,25652.0,0.19349129498004913,197,1
StandardGSGP,8aed674f-ad3b-11ef-9ae8-e4a8dfc2a9a8,forest_fires,7,96,0.19973310828208923,0.05450749397277832,25290.0,0.19730721414089203,203,1
StandardGSGP,8aed674f-ad3b-11ef-9ae8-e4a8dfc2a9a8,forest_fires,7,97,0.19973310828208923,0.05032515525817871,24738.0,0.19730721414089203,203,1
StandardGSGP,8aed674f-ad3b-11ef-9ae8-e4a8dfc2a9a8,forest_fires,7,98,0.19973310828208923,0.05150580406188965,25216.0,0.19730721414089203,203,1
StandardGSGP,8aed674f-ad3b-11ef-9ae8-e4a8dfc2a9a8,forest_fires,7,99,0.1997249722480774,0.049002647399902344,24854.0,0.1972755789756775,209,1
StandardGSGP,8aed674f-ad3b-11ef-9ae8-e4a8dfc2a9a8,forest_fires,7,100,0.19969969987869263,0.05700421333312988,24612.0,0.1972755789756775,215,1
StandardGSGP,f0e8361b-ad3b-11ef-9ae8-e4a8dfc2a9a8,forest_fires,7,0,1.4589343070983887,0.0446016788482666,846.0,1.3006619215011597,3,1
StandardGSGP,f0e8361b-ad3b-11ef-9ae8-e4a8dfc2a9a8,forest_fires,7,1,1.4478535652160645,0.05405831336975098,1462.0,1.2674795389175415,9,1
StandardGSGP,f0e8361b-ad3b-11ef-9ae8-e4a8dfc2a9a8,forest_fires,7,2,1.4478529691696167,0.05478096008300781,2038.0,1.2674895524978638,17,1
StandardGSGP,f0e8361b-ad3b-11ef-9ae8-e4a8dfc2a9a8,forest_fires,7,3,1.4478529691696167,0.053627967834472656,2556.0,1.2674895524978638,17,1
StandardGSGP,f0e8361b-ad3b-11ef-9ae8-e4a8dfc2a9a8,forest_fires,7,4,1.4478529691696167,0.05493950843811035,2852.0,1.2674895524978638,17,1
StandardGSGP,f0e8361b-ad3b-11ef-9ae8-e4a8dfc2a9a8,forest_fires,7,5,1.4457311630249023,0.05385899543762207,3478.0,1.2526922225952148,35,1
StandardGSGP,f0e8361b-ad3b-11ef-9ae8-e4a8dfc2a9a8,forest_fires,7,6,1.4457311630249023,0.05156731605529785,4152.0,1.2526922225952148,35,1
StandardGSGP,f0e8361b-ad3b-11ef-9ae8-e4a8dfc2a9a8,forest_fires,7,7,1.4437448978424072,0.0535130500793457,4748.0,1.2802220582962036,51,1
StandardGSGP,f0e8361b-ad3b-11ef-9ae8-e4a8dfc2a9a8,forest_fires,7,8,1.4437448978424072,0.052002906799316406,5386.0,1.2802220582962036,51,1
StandardGSGP,f0e8361b-ad3b-11ef-9ae8-e4a8dfc2a9a8,forest_fires,7,9,1.4413230419158936,0.0554051399230957,5868.0,1.3047893047332764,57,1
StandardGSGP,f0e8361b-ad3b-11ef-9ae8-e4a8dfc2a9a8,forest_fires,7,10,1.4409078359603882,0.05650901794433594,6500.0,1.3024101257324219,63,1
StandardGSGP,f0e8361b-ad3b-11ef-9ae8-e4a8dfc2a9a8,forest_fires,7,11,1.435702919960022,0.05099081993103027,7250.0,1.2567671537399292,65,1
StandardGSGP,f0e8361b-ad3b-11ef-9ae8-e4a8dfc2a9a8,forest_fires,7,12,1.432726263999939,0.05051302909851074,7894.0,1.2825689315795898,71,1
StandardGSGP,f0e8361b-ad3b-11ef-9ae8-e4a8dfc2a9a8,forest_fires,7,13,1.4320424795150757,0.04999852180480957,8412.0,1.2548408508300781,77,1
StandardGSGP,f0e8361b-ad3b-11ef-9ae8-e4a8dfc2a9a8,forest_fires,7,14,1.4296706914901733,0.052512407302856445,8798.0,1.2636027336120605,85,1
StandardGSGP,f0e8361b-ad3b-11ef-9ae8-e4a8dfc2a9a8,forest_fires,7,15,1.4286738634109497,0.05399894714355469,9190.0,1.2575068473815918,91,1
StandardGSGP,f0e8361b-ad3b-11ef-9ae8-e4a8dfc2a9a8,forest_fires,7,16,1.4286482334136963,0.05179452896118164,9558.0,1.253477692604065,99,1
StandardGSGP,f0e8361b-ad3b-11ef-9ae8-e4a8dfc2a9a8,forest_fires,7,17,1.4286482334136963,0.05209970474243164,10240.0,1.253477692604065,99,1
StandardGSGP,f0e8361b-ad3b-11ef-9ae8-e4a8dfc2a9a8,forest_fires,7,18,1.4242295026779175,0.054967403411865234,10838.0,1.2478324174880981,107,1
StandardGSGP,f0e8361b-ad3b-11ef-9ae8-e4a8dfc2a9a8,forest_fires,7,19,1.4214818477630615,0.06168508529663086,11420.0,1.260000228881836,113,1
StandardGSGP,f0e8361b-ad3b-11ef-9ae8-e4a8dfc2a9a8,forest_fires,7,20,1.4207162857055664,0.05254006385803223,12086.0,1.2609713077545166,121,1
StandardGSGP,f0e8361b-ad3b-11ef-9ae8-e4a8dfc2a9a8,forest_fires,7,21,1.4192432165145874,0.05351424217224121,12800.0,1.252618432044983,119,1
StandardGSGP,f0e8361b-ad3b-11ef-9ae8-e4a8dfc2a9a8,forest_fires,7,22,1.4192432165145874,0.0550074577331543,13452.0,1.252618432044983,119,1
StandardGSGP,f0e8361b-ad3b-11ef-9ae8-e4a8dfc2a9a8,forest_fires,7,23,1.4162309169769287,0.07160472869873047,14016.0,1.2508809566497803,125,1
StandardGSGP,f0e8361b-ad3b-11ef-9ae8-e4a8dfc2a9a8,forest_fires,7,24,1.4162309169769287,0.05041146278381348,14480.0,1.2508809566497803,125,1
StandardGSGP,f0e8361b-ad3b-11ef-9ae8-e4a8dfc2a9a8,forest_fires,7,25,1.4162248373031616,0.051505088806152344,14924.0,1.2509353160858154,133,1
StandardGSGP,f0e8361b-ad3b-11ef-9ae8-e4a8dfc2a9a8,forest_fires,7,26,1.4144189357757568,0.05156087875366211,15452.0,1.2626574039459229,145,1
StandardGSGP,f0e8361b-ad3b-11ef-9ae8-e4a8dfc2a9a8,forest_fires,7,27,1.4127233028411865,0.05131268501281738,15562.0,1.2724907398223877,151,1
StandardGSGP,f0e8361b-ad3b-11ef-9ae8-e4a8dfc2a9a8,forest_fires,7,28,1.4121812582015991,0.05007457733154297,15632.0,1.24471116065979,149,1
StandardGSGP,f0e8361b-ad3b-11ef-9ae8-e4a8dfc2a9a8,forest_fires,7,29,1.409460425376892,0.04999804496765137,15818.0,1.2528932094573975,155,1
StandardGSGP,f0e8361b-ad3b-11ef-9ae8-e4a8dfc2a9a8,forest_fires,7,30,1.409460425376892,0.049509286880493164,16296.0,1.2528932094573975,155,1
StandardGSGP,f0e8361b-ad3b-11ef-9ae8-e4a8dfc2a9a8,forest_fires,7,31,1.407812476158142,0.05144977569580078,16846.0,1.2531341314315796,161,1
StandardGSGP,f0e8361b-ad3b-11ef-9ae8-e4a8dfc2a9a8,forest_fires,7,32,1.404280185699463,0.05264115333557129,17428.0,1.2568107843399048,167,1
StandardGSGP,f0e8361b-ad3b-11ef-9ae8-e4a8dfc2a9a8,forest_fires,7,33,1.4038017988204956,0.05631279945373535,17988.0,1.2601591348648071,173,1
StandardGSGP,f0e8361b-ad3b-11ef-9ae8-e4a8dfc2a9a8,forest_fires,7,34,1.4031327962875366,0.05554342269897461,18548.0,1.2413982152938843,173,1
StandardGSGP,f0e8361b-ad3b-11ef-9ae8-e4a8dfc2a9a8,forest_fires,7,35,1.4025369882583618,0.05285954475402832,19104.0,1.2455381155014038,179,1
StandardGSGP,f0e8361b-ad3b-11ef-9ae8-e4a8dfc2a9a8,forest_fires,7,36,1.4012632369995117,0.05250859260559082,19520.0,1.248070240020752,181,1
StandardGSGP,f0e8361b-ad3b-11ef-9ae8-e4a8dfc2a9a8,forest_fires,7,37,1.401178240776062,0.1257483959197998,20198.0,1.2472094297409058,199,1
StandardGSGP,f0e8361b-ad3b-11ef-9ae8-e4a8dfc2a9a8,forest_fires,7,38,1.401178240776062,0.0538330078125,20666.0,1.2472094297409058,199,1
StandardGSGP,f0e8361b-ad3b-11ef-9ae8-e4a8dfc2a9a8,forest_fires,7,39,1.398733139038086,0.05299997329711914,21198.0,1.2469323873519897,211,1
StandardGSGP,f0e8361b-ad3b-11ef-9ae8-e4a8dfc2a9a8,forest_fires,7,40,1.3977153301239014,0.051131486892700195,21840.0,1.2514307498931885,217,1
StandardGSGP,f0e8361b-ad3b-11ef-9ae8-e4a8dfc2a9a8,forest_fires,7,41,1.396941065788269,0.05299854278564453,22356.0,1.252259373664856,223,1
StandardGSGP,f0e8361b-ad3b-11ef-9ae8-e4a8dfc2a9a8,forest_fires,7,42,1.3967108726501465,0.049512386322021484,23000.0,1.265649437904358,231,1
StandardGSGP,f0e8361b-ad3b-11ef-9ae8-e4a8dfc2a9a8,forest_fires,7,43,1.3954461812973022,0.05553627014160156,23758.0,1.2491533756256104,239,1
StandardGSGP,f0e8361b-ad3b-11ef-9ae8-e4a8dfc2a9a8,forest_fires,7,44,1.3954461812973022,0.049524784088134766,24418.0,1.2491533756256104,239,1
StandardGSGP,f0e8361b-ad3b-11ef-9ae8-e4a8dfc2a9a8,forest_fires,7,45,1.3943403959274292,0.05150961875915527,24964.0,1.2402055263519287,257,1
StandardGSGP,f0e8361b-ad3b-11ef-9ae8-e4a8dfc2a9a8,forest_fires,7,46,1.3934130668640137,0.051505088806152344,25542.0,1.2408955097198486,263,1
StandardGSGP,f0e8361b-ad3b-11ef-9ae8-e4a8dfc2a9a8,forest_fires,7,47,1.393273949623108,0.057526350021362305,26166.0,1.2649426460266113,255,1
StandardGSGP,f0e8361b-ad3b-11ef-9ae8-e4a8dfc2a9a8,forest_fires,7,48,1.3925349712371826,0.04999732971191406,26754.0,1.2539231777191162,259,1
StandardGSGP,f0e8361b-ad3b-11ef-9ae8-e4a8dfc2a9a8,forest_fires,7,49,1.3919246196746826,0.05301856994628906,27390.0,1.2567734718322754,267,1
StandardGSGP,f0e8361b-ad3b-11ef-9ae8-e4a8dfc2a9a8,forest_fires,7,50,1.3879603147506714,0.051550865173339844,27916.0,1.2559853792190552,291,1
StandardGSGP,f0e8361b-ad3b-11ef-9ae8-e4a8dfc2a9a8,forest_fires,7,51,1.3875514268875122,0.05051112174987793,28438.0,1.2549011707305908,299,1
StandardGSGP,f0e8361b-ad3b-11ef-9ae8-e4a8dfc2a9a8,forest_fires,7,52,1.3875514268875122,0.049805641174316406,28992.0,1.2549011707305908,299,1
StandardGSGP,f0e8361b-ad3b-11ef-9ae8-e4a8dfc2a9a8,forest_fires,7,53,1.3875514268875122,0.05210280418395996,29846.0,1.2549011707305908,299,1
StandardGSGP,f0e8361b-ad3b-11ef-9ae8-e4a8dfc2a9a8,forest_fires,7,54,1.3850619792938232,0.05099678039550781,30546.0,1.2614936828613281,319,1
StandardGSGP,f0e8361b-ad3b-11ef-9ae8-e4a8dfc2a9a8,forest_fires,7,55,1.3850619792938232,0.052507877349853516,31318.0,1.2614936828613281,319,1
StandardGSGP,f0e8361b-ad3b-11ef-9ae8-e4a8dfc2a9a8,forest_fires,7,56,1.3850619792938232,0.05438661575317383,31960.0,1.2614936828613281,319,1
StandardGSGP,f0e8361b-ad3b-11ef-9ae8-e4a8dfc2a9a8,forest_fires,7,57,1.384617805480957,0.051697731018066406,32656.0,1.2533868551254272,325,1
StandardGSGP,f0e8361b-ad3b-11ef-9ae8-e4a8dfc2a9a8,forest_fires,7,58,1.3836137056350708,0.05099964141845703,33398.0,1.252217173576355,331,1
StandardGSGP,f0e8361b-ad3b-11ef-9ae8-e4a8dfc2a9a8,forest_fires,7,59,1.383284330368042,0.05251193046569824,34134.0,1.2506378889083862,337,1
StandardGSGP,f0e8361b-ad3b-11ef-9ae8-e4a8dfc2a9a8,forest_fires,7,60,1.383284330368042,0.0500035285949707,34774.0,1.2506378889083862,337,1
StandardGSGP,f0e8361b-ad3b-11ef-9ae8-e4a8dfc2a9a8,forest_fires,7,61,1.3831654787063599,0.050531625747680664,35320.0,1.2493849992752075,343,1
StandardGSGP,f0e8361b-ad3b-11ef-9ae8-e4a8dfc2a9a8,forest_fires,7,62,1.3822400569915771,0.05327939987182617,35794.0,1.2504687309265137,349,1
StandardGSGP,f0e8361b-ad3b-11ef-9ae8-e4a8dfc2a9a8,forest_fires,7,63,1.381777286529541,0.050507307052612305,36362.0,1.251889705657959,365,1
StandardGSGP,f0e8361b-ad3b-11ef-9ae8-e4a8dfc2a9a8,forest_fires,7,64,1.381777286529541,0.05103158950805664,36946.0,1.251889705657959,365,1
StandardGSGP,f0e8361b-ad3b-11ef-9ae8-e4a8dfc2a9a8,forest_fires,7,65,1.3804535865783691,0.0579838752746582,37576.0,1.2539806365966797,377,1
StandardGSGP,f0e8361b-ad3b-11ef-9ae8-e4a8dfc2a9a8,forest_fires,7,66,1.379568338394165,0.0555109977722168,38250.0,1.2522937059402466,385,1
StandardGSGP,f0e8361b-ad3b-11ef-9ae8-e4a8dfc2a9a8,forest_fires,7,67,1.378340721130371,0.055159807205200195,38892.0,1.2577663660049438,391,1
StandardGSGP,f0e8361b-ad3b-11ef-9ae8-e4a8dfc2a9a8,forest_fires,7,68,1.378340721130371,0.05272102355957031,39502.0,1.2577663660049438,391,1
StandardGSGP,f0e8361b-ad3b-11ef-9ae8-e4a8dfc2a9a8,forest_fires,7,69,1.378340721130371,0.05392789840698242,40158.0,1.2577663660049438,391,1
StandardGSGP,f0e8361b-ad3b-11ef-9ae8-e4a8dfc2a9a8,forest_fires,7,70,1.378340721130371,0.051513671875,40874.0,1.2577663660049438,391,1
StandardGSGP,f0e8361b-ad3b-11ef-9ae8-e4a8dfc2a9a8,forest_fires,7,71,1.3770678043365479,0.05200076103210449,41530.0,1.2559133768081665,409,1
StandardGSGP,f0e8361b-ad3b-11ef-9ae8-e4a8dfc2a9a8,forest_fires,7,72,1.376206874847412,0.05150747299194336,42028.0,1.257919192314148,415,1
StandardGSGP,f0e8361b-ad3b-11ef-9ae8-e4a8dfc2a9a8,forest_fires,7,73,1.376206874847412,0.05100274085998535,42782.0,1.257919192314148,415,1
StandardGSGP,f0e8361b-ad3b-11ef-9ae8-e4a8dfc2a9a8,forest_fires,7,74,1.376206874847412,0.05182242393493652,43242.0,1.257919192314148,415,1
StandardGSGP,f0e8361b-ad3b-11ef-9ae8-e4a8dfc2a9a8,forest_fires,7,75,1.376206874847412,0.05111408233642578,43864.0,1.257919192314148,415,1
StandardGSGP,f0e8361b-ad3b-11ef-9ae8-e4a8dfc2a9a8,forest_fires,7,76,1.3759970664978027,0.050646305084228516,44380.0,1.2628387212753296,429,1
StandardGSGP,f0e8361b-ad3b-11ef-9ae8-e4a8dfc2a9a8,forest_fires,7,77,1.3751157522201538,0.05451774597167969,45078.0,1.2560447454452515,451,1
StandardGSGP,f0e8361b-ad3b-11ef-9ae8-e4a8dfc2a9a8,forest_fires,7,78,1.374772071838379,0.05350947380065918,45748.0,1.2722495794296265,439,1
StandardGSGP,f0e8361b-ad3b-11ef-9ae8-e4a8dfc2a9a8,forest_fires,7,79,1.374772071838379,0.052902936935424805,46266.0,1.2722495794296265,439,1
StandardGSGP,f0e8361b-ad3b-11ef-9ae8-e4a8dfc2a9a8,forest_fires,7,80,1.3743447065353394,0.0520932674407959,46802.0,1.275510311126709,445,1
StandardGSGP,f0e8361b-ad3b-11ef-9ae8-e4a8dfc2a9a8,forest_fires,7,81,1.3732150793075562,0.05951428413391113,47296.0,1.2665395736694336,467,1
StandardGSGP,f0e8361b-ad3b-11ef-9ae8-e4a8dfc2a9a8,forest_fires,7,82,1.3732150793075562,0.05078601837158203,47684.0,1.2665395736694336,467,1
StandardGSGP,f0e8361b-ad3b-11ef-9ae8-e4a8dfc2a9a8,forest_fires,7,83,1.3732150793075562,0.051424503326416016,47870.0,1.2665395736694336,467,1
StandardGSGP,f0e8361b-ad3b-11ef-9ae8-e4a8dfc2a9a8,forest_fires,7,84,1.3732150793075562,0.04800891876220703,48044.0,1.2665395736694336,467,1
StandardGSGP,f0e8361b-ad3b-11ef-9ae8-e4a8dfc2a9a8,forest_fires,7,85,1.3732150793075562,0.05414271354675293,48240.0,1.2665395736694336,467,1
StandardGSGP,f0e8361b-ad3b-11ef-9ae8-e4a8dfc2a9a8,forest_fires,7,86,1.3716264963150024,0.05272650718688965,48540.0,1.2732510566711426,481,1
StandardGSGP,f0e8361b-ad3b-11ef-9ae8-e4a8dfc2a9a8,forest_fires,7,87,1.3716264963150024,0.050237417221069336,49260.0,1.2732510566711426,481,1
StandardGSGP,f0e8361b-ad3b-11ef-9ae8-e4a8dfc2a9a8,forest_fires,7,88,1.3716264963150024,0.05164289474487305,49806.0,1.2732510566711426,481,1
StandardGSGP,f0e8361b-ad3b-11ef-9ae8-e4a8dfc2a9a8,forest_fires,7,89,1.3715907335281372,0.05199933052062988,50494.0,1.2614778280258179,501,1
StandardGSGP,f0e8361b-ad3b-11ef-9ae8-e4a8dfc2a9a8,forest_fires,7,90,1.3709453344345093,0.058510780334472656,51026.0,1.2632663249969482,507,1
StandardGSGP,f0e8361b-ad3b-11ef-9ae8-e4a8dfc2a9a8,forest_fires,7,91,1.3709453344345093,0.053000450134277344,51648.0,1.2632663249969482,507,1
StandardGSGP,f0e8361b-ad3b-11ef-9ae8-e4a8dfc2a9a8,forest_fires,7,92,1.3709319829940796,0.05120396614074707,52294.0,1.2631878852844238,519,1
StandardGSGP,f0e8361b-ad3b-11ef-9ae8-e4a8dfc2a9a8,forest_fires,7,93,1.3705354928970337,0.05166935920715332,53254.0,1.2873977422714233,527,1
StandardGSGP,f0e8361b-ad3b-11ef-9ae8-e4a8dfc2a9a8,forest_fires,7,94,1.3692244291305542,0.05251026153564453,54178.0,1.2853608131408691,533,1
StandardGSGP,f0e8361b-ad3b-11ef-9ae8-e4a8dfc2a9a8,forest_fires,7,95,1.3692244291305542,0.05089902877807617,54782.0,1.2853608131408691,533,1
StandardGSGP,f0e8361b-ad3b-11ef-9ae8-e4a8dfc2a9a8,forest_fires,7,96,1.3691585063934326,0.05571246147155762,55454.0,1.2800551652908325,545,1
StandardGSGP,f0e8361b-ad3b-11ef-9ae8-e4a8dfc2a9a8,forest_fires,7,97,1.3680554628372192,0.05957436561584473,56026.0,1.28477144241333,551,1
StandardGSGP,f0e8361b-ad3b-11ef-9ae8-e4a8dfc2a9a8,forest_fires,7,98,1.3680554628372192,0.054207563400268555,56652.0,1.28477144241333,551,1
StandardGSGP,f0e8361b-ad3b-11ef-9ae8-e4a8dfc2a9a8,forest_fires,7,99,1.367164969444275,0.13843584060668945,57088.0,1.2911368608474731,557,1
StandardGSGP,f0e8361b-ad3b-11ef-9ae8-e4a8dfc2a9a8,forest_fires,7,100,1.367164969444275,0.05144691467285156,57304.0,1.2911368608474731,557,1
