StandardGSGP,d297cb19-ad3b-11ef-9c21-e4a8dfc2a9a8,forest_fires,28,0,0.21975086629390717,0.040985107421875,848.0,0.23331409692764282,3,1
StandardGSGP,d297cb19-ad3b-11ef-9c21-e4a8dfc2a9a8,forest_fires,28,1,0.20418651401996613,0.05099749565124512,1400.0,0.21214352548122406,21,1
StandardGSGP,d297cb19-ad3b-11ef-9c21-e4a8dfc2a9a8,forest_fires,28,2,0.20206330716609955,0.05206036567687988,2316.0,0.20649176836013794,27,1
StandardGSGP,d297cb19-ad3b-11ef-9c21-e4a8dfc2a9a8,forest_fires,28,3,0.20116546750068665,0.05899977684020996,3076.0,0.2044050246477127,39,1
StandardGSGP,d297cb19-ad3b-11ef-9c21-e4a8dfc2a9a8,forest_fires,28,4,0.20116546750068665,0.04982638359069824,3660.0,0.2044050246477127,39,1
StandardGSGP,d297cb19-ad3b-11ef-9c21-e4a8dfc2a9a8,forest_fires,28,5,0.20116546750068665,0.0523686408996582,4282.0,0.2044050246477127,39,1
StandardGSGP,d297cb19-ad3b-11ef-9c21-e4a8dfc2a9a8,forest_fires,28,6,0.20116546750068665,0.0505068302154541,4948.0,0.2044050246477127,39,1
StandardGSGP,d297cb19-ad3b-11ef-9c21-e4a8dfc2a9a8,forest_fires,28,7,0.20116546750068665,0.049752235412597656,5504.0,0.2044050246477127,39,1
StandardGSGP,d297cb19-ad3b-11ef-9c21-e4a8dfc2a9a8,forest_fires,28,8,0.20116546750068665,0.058465003967285156,6120.0,0.2044050246477127,39,1
StandardGSGP,d297cb19-ad3b-11ef-9c21-e4a8dfc2a9a8,forest_fires,28,9,0.20116546750068665,0.0555117130279541,6676.0,0.2044050246477127,39,1
StandardGSGP,d297cb19-ad3b-11ef-9c21-e4a8dfc2a9a8,forest_fires,28,10,0.20116546750068665,0.04943346977233887,7170.0,0.2044050246477127,39,1
StandardGSGP,d297cb19-ad3b-11ef-9c21-e4a8dfc2a9a8,forest_fires,28,11,0.20116546750068665,0.04950833320617676,7732.0,0.2044050246477127,39,1
StandardGSGP,d297cb19-ad3b-11ef-9c21-e4a8dfc2a9a8,forest_fires,28,12,0.20116546750068665,0.054000139236450195,7994.0,0.2044050246477127,39,1
StandardGSGP,d297cb19-ad3b-11ef-9c21-e4a8dfc2a9a8,forest_fires,28,13,0.20116546750068665,0.050508975982666016,8652.0,0.2044050246477127,39,1
StandardGSGP,d297cb19-ad3b-11ef-9c21-e4a8dfc2a9a8,forest_fires,28,14,0.20116546750068665,0.051932334899902344,8976.0,0.2044050246477127,39,1
StandardGSGP,d297cb19-ad3b-11ef-9c21-e4a8dfc2a9a8,forest_fires,28,15,0.20116546750068665,0.05179738998413086,8838.0,0.2044050246477127,39,1
StandardGSGP,d297cb19-ad3b-11ef-9c21-e4a8dfc2a9a8,forest_fires,28,16,0.20116546750068665,0.05199909210205078,9244.0,0.2044050246477127,39,1
StandardGSGP,d297cb19-ad3b-11ef-9c21-e4a8dfc2a9a8,forest_fires,28,17,0.20116546750068665,0.050508737564086914,9848.0,0.2044050246477127,39,1
StandardGSGP,d297cb19-ad3b-11ef-9c21-e4a8dfc2a9a8,forest_fires,28,18,0.20116546750068665,0.05100250244140625,10422.0,0.2044050246477127,39,1
StandardGSGP,d297cb19-ad3b-11ef-9c21-e4a8dfc2a9a8,forest_fires,28,19,0.20116546750068665,0.051506996154785156,11004.0,0.2044050246477127,39,1
StandardGSGP,d297cb19-ad3b-11ef-9c21-e4a8dfc2a9a8,forest_fires,28,20,0.20116546750068665,0.053162336349487305,11584.0,0.2044050246477127,39,1
StandardGSGP,d297cb19-ad3b-11ef-9c21-e4a8dfc2a9a8,forest_fires,28,21,0.20116546750068665,0.12879610061645508,11278.0,0.2044050246477127,39,1
StandardGSGP,d297cb19-ad3b-11ef-9c21-e4a8dfc2a9a8,forest_fires,28,22,0.20116546750068665,0.05343317985534668,11630.0,0.2044050246477127,39,1
StandardGSGP,d297cb19-ad3b-11ef-9c21-e4a8dfc2a9a8,forest_fires,28,23,0.20116546750068665,0.05214643478393555,11010.0,0.2044050246477127,39,1
StandardGSGP,d297cb19-ad3b-11ef-9c21-e4a8dfc2a9a8,forest_fires,28,24,0.20116546750068665,0.0520014762878418,9752.0,0.2044050246477127,39,1
StandardGSGP,d297cb19-ad3b-11ef-9c21-e4a8dfc2a9a8,forest_fires,28,25,0.20116546750068665,0.05197906494140625,9882.0,0.2044050246477127,39,1
StandardGSGP,d297cb19-ad3b-11ef-9c21-e4a8dfc2a9a8,forest_fires,28,26,0.20116546750068665,0.05379772186279297,9560.0,0.2044050246477127,39,1
StandardGSGP,d297cb19-ad3b-11ef-9c21-e4a8dfc2a9a8,forest_fires,28,27,0.20116546750068665,0.052529335021972656,9286.0,0.2044050246477127,39,1
StandardGSGP,d297cb19-ad3b-11ef-9c21-e4a8dfc2a9a8,forest_fires,28,28,0.20116546750068665,0.05150628089904785,9326.0,0.2044050246477127,39,1
StandardGSGP,d297cb19-ad3b-11ef-9c21-e4a8dfc2a9a8,forest_fires,28,29,0.20116546750068665,0.05199408531188965,9328.0,0.2044050246477127,39,1
StandardGSGP,d297cb19-ad3b-11ef-9c21-e4a8dfc2a9a8,forest_fires,28,30,0.20116546750068665,0.051268815994262695,9874.0,0.2044050246477127,39,1
StandardGSGP,d297cb19-ad3b-11ef-9c21-e4a8dfc2a9a8,forest_fires,28,31,0.20116546750068665,0.050000667572021484,9850.0,0.2044050246477127,39,1
StandardGSGP,d297cb19-ad3b-11ef-9c21-e4a8dfc2a9a8,forest_fires,28,32,0.20116546750068665,0.04951286315917969,9938.0,0.2044050246477127,39,1
StandardGSGP,d297cb19-ad3b-11ef-9c21-e4a8dfc2a9a8,forest_fires,28,33,0.20116546750068665,0.05000019073486328,10362.0,0.2044050246477127,39,1
StandardGSGP,d297cb19-ad3b-11ef-9c21-e4a8dfc2a9a8,forest_fires,28,34,0.20116546750068665,0.053511619567871094,10452.0,0.2044050246477127,39,1
StandardGSGP,d297cb19-ad3b-11ef-9c21-e4a8dfc2a9a8,forest_fires,28,35,0.20116546750068665,0.05199933052062988,10716.0,0.2044050246477127,39,1
StandardGSGP,d297cb19-ad3b-11ef-9c21-e4a8dfc2a9a8,forest_fires,28,36,0.20116546750068665,0.05051231384277344,10988.0,0.2044050246477127,39,1
StandardGSGP,d297cb19-ad3b-11ef-9c21-e4a8dfc2a9a8,forest_fires,28,37,0.19985847175121307,0.05229377746582031,10924.0,0.20676289498806,45,1
StandardGSGP,d297cb19-ad3b-11ef-9c21-e4a8dfc2a9a8,forest_fires,28,38,0.19985847175121307,0.05094504356384277,10514.0,0.20676289498806,45,1
StandardGSGP,d297cb19-ad3b-11ef-9c21-e4a8dfc2a9a8,forest_fires,28,39,0.19984914362430573,0.05221986770629883,10050.0,0.20980460941791534,63,1
StandardGSGP,d297cb19-ad3b-11ef-9c21-e4a8dfc2a9a8,forest_fires,28,40,0.19982513785362244,0.052908897399902344,9956.0,0.21082445979118347,71,1
StandardGSGP,d297cb19-ad3b-11ef-9c21-e4a8dfc2a9a8,forest_fires,28,41,0.19982513785362244,0.053491830825805664,10546.0,0.21082445979118347,71,1
StandardGSGP,d297cb19-ad3b-11ef-9c21-e4a8dfc2a9a8,forest_fires,28,42,0.19982513785362244,0.05150341987609863,9702.0,0.21082445979118347,71,1
StandardGSGP,d297cb19-ad3b-11ef-9c21-e4a8dfc2a9a8,forest_fires,28,43,0.19982513785362244,0.0500028133392334,10260.0,0.21082445979118347,71,1
StandardGSGP,d297cb19-ad3b-11ef-9c21-e4a8dfc2a9a8,forest_fires,28,44,0.19982513785362244,0.05050826072692871,10896.0,0.21082445979118347,71,1
StandardGSGP,d297cb19-ad3b-11ef-9c21-e4a8dfc2a9a8,forest_fires,28,45,0.19982513785362244,0.052504777908325195,11796.0,0.21082445979118347,71,1
StandardGSGP,d297cb19-ad3b-11ef-9c21-e4a8dfc2a9a8,forest_fires,28,46,0.19974327087402344,0.05199837684631348,11788.0,0.21059708297252655,77,1
StandardGSGP,d297cb19-ad3b-11ef-9c21-e4a8dfc2a9a8,forest_fires,28,47,0.19974327087402344,0.05350971221923828,11670.0,0.21059708297252655,77,1
StandardGSGP,d297cb19-ad3b-11ef-9c21-e4a8dfc2a9a8,forest_fires,28,48,0.19974327087402344,0.05099916458129883,11444.0,0.21059708297252655,77,1
StandardGSGP,d297cb19-ad3b-11ef-9c21-e4a8dfc2a9a8,forest_fires,28,49,0.19917099177837372,0.04951000213623047,11932.0,0.20786963403224945,83,1
StandardGSGP,d297cb19-ad3b-11ef-9c21-e4a8dfc2a9a8,forest_fires,28,50,0.19917099177837372,0.049997568130493164,12170.0,0.20786963403224945,83,1
StandardGSGP,d297cb19-ad3b-11ef-9c21-e4a8dfc2a9a8,forest_fires,28,51,0.19917099177837372,0.05150866508483887,12844.0,0.20786963403224945,83,1
StandardGSGP,d297cb19-ad3b-11ef-9c21-e4a8dfc2a9a8,forest_fires,28,52,0.19917099177837372,0.05411410331726074,13382.0,0.20786963403224945,83,1
StandardGSGP,d297cb19-ad3b-11ef-9c21-e4a8dfc2a9a8,forest_fires,28,53,0.19917099177837372,0.052521705627441406,13104.0,0.20786963403224945,83,1
StandardGSGP,d297cb19-ad3b-11ef-9c21-e4a8dfc2a9a8,forest_fires,28,54,0.19917099177837372,0.04924464225769043,12638.0,0.20786963403224945,83,1
StandardGSGP,d297cb19-ad3b-11ef-9c21-e4a8dfc2a9a8,forest_fires,28,55,0.19917099177837372,0.05312633514404297,12786.0,0.20786963403224945,83,1
StandardGSGP,d297cb19-ad3b-11ef-9c21-e4a8dfc2a9a8,forest_fires,28,56,0.19909724593162537,0.04999995231628418,12914.0,0.2077024132013321,89,1
StandardGSGP,d297cb19-ad3b-11ef-9c21-e4a8dfc2a9a8,forest_fires,28,57,0.1988864541053772,0.051511526107788086,12964.0,0.20946373045444489,95,1
StandardGSGP,d297cb19-ad3b-11ef-9c21-e4a8dfc2a9a8,forest_fires,28,58,0.1988864541053772,0.05446195602416992,12992.0,0.20946373045444489,95,1
StandardGSGP,d297cb19-ad3b-11ef-9c21-e4a8dfc2a9a8,forest_fires,28,59,0.1988864541053772,0.05651664733886719,13332.0,0.20946373045444489,95,1
StandardGSGP,d297cb19-ad3b-11ef-9c21-e4a8dfc2a9a8,forest_fires,28,60,0.19866196811199188,0.050505876541137695,12984.0,0.20884646475315094,101,1
StandardGSGP,d297cb19-ad3b-11ef-9c21-e4a8dfc2a9a8,forest_fires,28,61,0.19866196811199188,0.05399751663208008,13158.0,0.20884646475315094,101,1
StandardGSGP,d297cb19-ad3b-11ef-9c21-e4a8dfc2a9a8,forest_fires,28,62,0.19866196811199188,0.05052018165588379,13044.0,0.20884646475315094,101,1
StandardGSGP,d297cb19-ad3b-11ef-9c21-e4a8dfc2a9a8,forest_fires,28,63,0.19812972843647003,0.06500029563903809,13428.0,0.20503921806812286,129,1
StandardGSGP,d297cb19-ad3b-11ef-9c21-e4a8dfc2a9a8,forest_fires,28,64,0.19812972843647003,0.05607175827026367,13812.0,0.20503921806812286,129,1
StandardGSGP,d297cb19-ad3b-11ef-9c21-e4a8dfc2a9a8,forest_fires,28,65,0.19812972843647003,0.050000667572021484,14076.0,0.20503921806812286,129,1
StandardGSGP,d297cb19-ad3b-11ef-9c21-e4a8dfc2a9a8,forest_fires,28,66,0.19812972843647003,0.05250096321105957,14518.0,0.20503921806812286,129,1
StandardGSGP,d297cb19-ad3b-11ef-9c21-e4a8dfc2a9a8,forest_fires,28,67,0.19812972843647003,0.05400276184082031,14482.0,0.20503921806812286,129,1
StandardGSGP,d297cb19-ad3b-11ef-9c21-e4a8dfc2a9a8,forest_fires,28,68,0.19812972843647003,0.05650687217712402,14908.0,0.20503921806812286,129,1
StandardGSGP,d297cb19-ad3b-11ef-9c21-e4a8dfc2a9a8,forest_fires,28,69,0.19717170298099518,0.052512168884277344,15130.0,0.20512758195400238,135,1
StandardGSGP,d297cb19-ad3b-11ef-9c21-e4a8dfc2a9a8,forest_fires,28,70,0.19717170298099518,0.05499577522277832,15596.0,0.20512758195400238,135,1
StandardGSGP,d297cb19-ad3b-11ef-9c21-e4a8dfc2a9a8,forest_fires,28,71,0.19717170298099518,0.05350852012634277,15952.0,0.20512758195400238,135,1
StandardGSGP,d297cb19-ad3b-11ef-9c21-e4a8dfc2a9a8,forest_fires,28,72,0.19717170298099518,0.0546417236328125,16100.0,0.20512758195400238,135,1
StandardGSGP,d297cb19-ad3b-11ef-9c21-e4a8dfc2a9a8,forest_fires,28,73,0.19717170298099518,0.062052249908447266,16362.0,0.20512758195400238,135,1
StandardGSGP,d297cb19-ad3b-11ef-9c21-e4a8dfc2a9a8,forest_fires,28,74,0.19717170298099518,0.049004316329956055,16648.0,0.20512758195400238,135,1
StandardGSGP,d297cb19-ad3b-11ef-9c21-e4a8dfc2a9a8,forest_fires,28,75,0.19717170298099518,0.0505063533782959,16882.0,0.20512758195400238,135,1
StandardGSGP,d297cb19-ad3b-11ef-9c21-e4a8dfc2a9a8,forest_fires,28,76,0.19717170298099518,0.049826860427856445,17280.0,0.20512758195400238,135,1
StandardGSGP,d297cb19-ad3b-11ef-9c21-e4a8dfc2a9a8,forest_fires,28,77,0.19717170298099518,0.053000450134277344,17664.0,0.20512758195400238,135,1
StandardGSGP,d297cb19-ad3b-11ef-9c21-e4a8dfc2a9a8,forest_fires,28,78,0.19717170298099518,0.053510427474975586,18418.0,0.20512758195400238,135,1
StandardGSGP,d297cb19-ad3b-11ef-9c21-e4a8dfc2a9a8,forest_fires,28,79,0.19676755368709564,0.051000118255615234,18502.0,0.2127610445022583,153,1
StandardGSGP,d297cb19-ad3b-11ef-9c21-e4a8dfc2a9a8,forest_fires,28,80,0.1965651959180832,0.055509090423583984,18388.0,0.2127879112958908,161,1
StandardGSGP,d297cb19-ad3b-11ef-9c21-e4a8dfc2a9a8,forest_fires,28,81,0.1965651959180832,0.04824185371398926,18704.0,0.2127879112958908,161,1
StandardGSGP,d297cb19-ad3b-11ef-9c21-e4a8dfc2a9a8,forest_fires,28,82,0.19654332101345062,0.04990816116333008,18304.0,0.21270133554935455,167,1
StandardGSGP,d297cb19-ad3b-11ef-9c21-e4a8dfc2a9a8,forest_fires,28,83,0.19654332101345062,0.04950714111328125,18774.0,0.21270133554935455,167,1
StandardGSGP,d297cb19-ad3b-11ef-9c21-e4a8dfc2a9a8,forest_fires,28,84,0.19654332101345062,0.05151176452636719,19744.0,0.21270133554935455,167,1
StandardGSGP,d297cb19-ad3b-11ef-9c21-e4a8dfc2a9a8,forest_fires,28,85,0.19654332101345062,0.04899954795837402,20572.0,0.21270133554935455,167,1
StandardGSGP,d297cb19-ad3b-11ef-9c21-e4a8dfc2a9a8,forest_fires,28,86,0.19654332101345062,0.0505671501159668,20858.0,0.21270133554935455,167,1
StandardGSGP,d297cb19-ad3b-11ef-9c21-e4a8dfc2a9a8,forest_fires,28,87,0.19654332101345062,0.05131936073303223,20724.0,0.21270133554935455,167,1
StandardGSGP,d297cb19-ad3b-11ef-9c21-e4a8dfc2a9a8,forest_fires,28,88,0.19654332101345062,0.05066084861755371,21522.0,0.21270133554935455,167,1
StandardGSGP,d297cb19-ad3b-11ef-9c21-e4a8dfc2a9a8,forest_fires,28,89,0.19654332101345062,0.05205893516540527,22052.0,0.21270133554935455,167,1
StandardGSGP,d297cb19-ad3b-11ef-9c21-e4a8dfc2a9a8,forest_fires,28,90,0.19629034399986267,0.05115556716918945,22514.0,0.2095666378736496,179,1
StandardGSGP,d297cb19-ad3b-11ef-9c21-e4a8dfc2a9a8,forest_fires,28,91,0.19629034399986267,0.04866600036621094,22816.0,0.2095666378736496,179,1
StandardGSGP,d297cb19-ad3b-11ef-9c21-e4a8dfc2a9a8,forest_fires,28,92,0.19629034399986267,0.051169633865356445,23588.0,0.2095666378736496,179,1
StandardGSGP,d297cb19-ad3b-11ef-9c21-e4a8dfc2a9a8,forest_fires,28,93,0.19629034399986267,0.05000019073486328,23358.0,0.2095666378736496,179,1
StandardGSGP,d297cb19-ad3b-11ef-9c21-e4a8dfc2a9a8,forest_fires,28,94,0.19629034399986267,0.050506591796875,23040.0,0.2095666378736496,179,1
StandardGSGP,d297cb19-ad3b-11ef-9c21-e4a8dfc2a9a8,forest_fires,28,95,0.19629034399986267,0.12559199333190918,22926.0,0.2095666378736496,179,1
StandardGSGP,d297cb19-ad3b-11ef-9c21-e4a8dfc2a9a8,forest_fires,28,96,0.19629034399986267,0.05451226234436035,22986.0,0.2095666378736496,179,1
StandardGSGP,d297cb19-ad3b-11ef-9c21-e4a8dfc2a9a8,forest_fires,28,97,0.19629034399986267,0.05099892616271973,23142.0,0.2095666378736496,179,1
StandardGSGP,d297cb19-ad3b-11ef-9c21-e4a8dfc2a9a8,forest_fires,28,98,0.19629034399986267,0.05715298652648926,23110.0,0.2095666378736496,179,1
StandardGSGP,d297cb19-ad3b-11ef-9c21-e4a8dfc2a9a8,forest_fires,28,99,0.19629034399986267,0.051007986068725586,23522.0,0.2095666378736496,179,1
StandardGSGP,d297cb19-ad3b-11ef-9c21-e4a8dfc2a9a8,forest_fires,28,100,0.19629034399986267,0.05251169204711914,24292.0,0.2095666378736496,179,1
StandardGSGP,3806c2b1-ad3c-11ef-9c21-e4a8dfc2a9a8,forest_fires,28,0,1.392064094543457,0.039997100830078125,848.0,1.4191501140594482,7,1
StandardGSGP,3806c2b1-ad3c-11ef-9c21-e4a8dfc2a9a8,forest_fires,28,1,1.3900153636932373,0.05432748794555664,1288.0,1.4071166515350342,13,1
StandardGSGP,3806c2b1-ad3c-11ef-9c21-e4a8dfc2a9a8,forest_fires,28,2,1.3896418809890747,0.050844669342041016,1864.0,1.4080687761306763,21,1
StandardGSGP,3806c2b1-ad3c-11ef-9c21-e4a8dfc2a9a8,forest_fires,28,3,1.3891054391860962,0.04991650581359863,2636.0,1.4190771579742432,33,1
StandardGSGP,3806c2b1-ad3c-11ef-9c21-e4a8dfc2a9a8,forest_fires,28,4,1.383650779724121,0.04839348793029785,3376.0,1.406984806060791,35,1
StandardGSGP,3806c2b1-ad3c-11ef-9c21-e4a8dfc2a9a8,forest_fires,28,5,1.383650779724121,0.056513309478759766,4088.0,1.406984806060791,35,1
StandardGSGP,3806c2b1-ad3c-11ef-9c21-e4a8dfc2a9a8,forest_fires,28,6,1.3833107948303223,0.054370880126953125,4738.0,1.4064924716949463,41,1
StandardGSGP,3806c2b1-ad3c-11ef-9c21-e4a8dfc2a9a8,forest_fires,28,7,1.382989525794983,0.05620598793029785,5276.0,1.4226481914520264,57,1
StandardGSGP,3806c2b1-ad3c-11ef-9c21-e4a8dfc2a9a8,forest_fires,28,8,1.3827248811721802,0.0525054931640625,5872.0,1.402516484260559,47,1
StandardGSGP,3806c2b1-ad3c-11ef-9c21-e4a8dfc2a9a8,forest_fires,28,9,1.3802529573440552,0.053000450134277344,6364.0,1.4105621576309204,63,1
StandardGSGP,3806c2b1-ad3c-11ef-9c21-e4a8dfc2a9a8,forest_fires,28,10,1.3802529573440552,0.054770469665527344,6914.0,1.4105621576309204,63,1
StandardGSGP,3806c2b1-ad3c-11ef-9c21-e4a8dfc2a9a8,forest_fires,28,11,1.3762725591659546,0.05750465393066406,7472.0,1.3932762145996094,69,1
StandardGSGP,3806c2b1-ad3c-11ef-9c21-e4a8dfc2a9a8,forest_fires,28,12,1.3755955696105957,0.052094459533691406,7808.0,1.3924916982650757,75,1
StandardGSGP,3806c2b1-ad3c-11ef-9c21-e4a8dfc2a9a8,forest_fires,28,13,1.3733501434326172,0.054111480712890625,8214.0,1.3874000310897827,75,1
StandardGSGP,3806c2b1-ad3c-11ef-9c21-e4a8dfc2a9a8,forest_fires,28,14,1.3733501434326172,0.05148649215698242,8750.0,1.3874000310897827,75,1
StandardGSGP,3806c2b1-ad3c-11ef-9c21-e4a8dfc2a9a8,forest_fires,28,15,1.37284517288208,0.052000999450683594,9272.0,1.3957005739212036,87,1
StandardGSGP,3806c2b1-ad3c-11ef-9c21-e4a8dfc2a9a8,forest_fires,28,16,1.3725446462631226,0.05251264572143555,9774.0,1.3973782062530518,95,1
StandardGSGP,3806c2b1-ad3c-11ef-9c21-e4a8dfc2a9a8,forest_fires,28,17,1.3703006505966187,0.05150771141052246,10350.0,1.3940457105636597,101,1
StandardGSGP,3806c2b1-ad3c-11ef-9c21-e4a8dfc2a9a8,forest_fires,28,18,1.3703006505966187,0.05895352363586426,10938.0,1.3940457105636597,101,1
StandardGSGP,3806c2b1-ad3c-11ef-9c21-e4a8dfc2a9a8,forest_fires,28,19,1.36978018283844,0.05585122108459473,11476.0,1.40229070186615,121,1
StandardGSGP,3806c2b1-ad3c-11ef-9c21-e4a8dfc2a9a8,forest_fires,28,20,1.368406891822815,0.1285076141357422,11976.0,1.3974106311798096,107,1
StandardGSGP,3806c2b1-ad3c-11ef-9c21-e4a8dfc2a9a8,forest_fires,28,21,1.3663166761398315,0.051513671875,12572.0,1.396358609199524,125,1
StandardGSGP,3806c2b1-ad3c-11ef-9c21-e4a8dfc2a9a8,forest_fires,28,22,1.3663166761398315,0.054720163345336914,13214.0,1.396358609199524,125,1
StandardGSGP,3806c2b1-ad3c-11ef-9c21-e4a8dfc2a9a8,forest_fires,28,23,1.3643802404403687,0.05365777015686035,13640.0,1.4006412029266357,133,1
StandardGSGP,3806c2b1-ad3c-11ef-9c21-e4a8dfc2a9a8,forest_fires,28,24,1.3643347024917603,0.05299973487854004,14232.0,1.4033221006393433,139,1
StandardGSGP,3806c2b1-ad3c-11ef-9c21-e4a8dfc2a9a8,forest_fires,28,25,1.3640421628952026,0.05375838279724121,14746.0,1.4115440845489502,151,1
StandardGSGP,3806c2b1-ad3c-11ef-9c21-e4a8dfc2a9a8,forest_fires,28,26,1.3640421628952026,0.05314183235168457,15488.0,1.4115440845489502,151,1
StandardGSGP,3806c2b1-ad3c-11ef-9c21-e4a8dfc2a9a8,forest_fires,28,27,1.3640421628952026,0.05251193046569824,16156.0,1.4115440845489502,151,1
StandardGSGP,3806c2b1-ad3c-11ef-9c21-e4a8dfc2a9a8,forest_fires,28,28,1.361954689025879,0.05200672149658203,16658.0,1.4024516344070435,157,1
StandardGSGP,3806c2b1-ad3c-11ef-9c21-e4a8dfc2a9a8,forest_fires,28,29,1.3615143299102783,0.04979372024536133,17420.0,1.4060593843460083,177,1
StandardGSGP,3806c2b1-ad3c-11ef-9c21-e4a8dfc2a9a8,forest_fires,28,30,1.3615143299102783,0.05531716346740723,18196.0,1.4060593843460083,177,1
StandardGSGP,3806c2b1-ad3c-11ef-9c21-e4a8dfc2a9a8,forest_fires,28,31,1.3592557907104492,0.05548977851867676,18944.0,1.3915678262710571,189,1
StandardGSGP,3806c2b1-ad3c-11ef-9c21-e4a8dfc2a9a8,forest_fires,28,32,1.3592538833618164,0.05151629447937012,19624.0,1.392242431640625,199,1
StandardGSGP,3806c2b1-ad3c-11ef-9c21-e4a8dfc2a9a8,forest_fires,28,33,1.358490228652954,0.051999568939208984,20362.0,1.394830346107483,209,1
StandardGSGP,3806c2b1-ad3c-11ef-9c21-e4a8dfc2a9a8,forest_fires,28,34,1.3577696084976196,0.05173921585083008,21140.0,1.393777847290039,215,1
StandardGSGP,3806c2b1-ad3c-11ef-9c21-e4a8dfc2a9a8,forest_fires,28,35,1.3574621677398682,0.051798105239868164,21830.0,1.3901053667068481,215,1
StandardGSGP,3806c2b1-ad3c-11ef-9c21-e4a8dfc2a9a8,forest_fires,28,36,1.3554909229278564,0.05269193649291992,22492.0,1.399791955947876,225,1
StandardGSGP,3806c2b1-ad3c-11ef-9c21-e4a8dfc2a9a8,forest_fires,28,37,1.3551758527755737,0.05499887466430664,23138.0,1.4012393951416016,231,1
StandardGSGP,3806c2b1-ad3c-11ef-9c21-e4a8dfc2a9a8,forest_fires,28,38,1.354463815689087,0.051511287689208984,23750.0,1.4031890630722046,233,1
StandardGSGP,3806c2b1-ad3c-11ef-9c21-e4a8dfc2a9a8,forest_fires,28,39,1.35354483127594,0.04999995231628418,24310.0,1.4035522937774658,241,1
StandardGSGP,3806c2b1-ad3c-11ef-9c21-e4a8dfc2a9a8,forest_fires,28,40,1.3525680303573608,0.051731109619140625,24876.0,1.4060553312301636,249,1
StandardGSGP,3806c2b1-ad3c-11ef-9c21-e4a8dfc2a9a8,forest_fires,28,41,1.3525680303573608,0.051551103591918945,25472.0,1.4060553312301636,249,1
StandardGSGP,3806c2b1-ad3c-11ef-9c21-e4a8dfc2a9a8,forest_fires,28,42,1.3525680303573608,0.05079245567321777,26024.0,1.4060553312301636,249,1
StandardGSGP,3806c2b1-ad3c-11ef-9c21-e4a8dfc2a9a8,forest_fires,28,43,1.3493821620941162,0.05003094673156738,26750.0,1.4014222621917725,263,1
StandardGSGP,3806c2b1-ad3c-11ef-9c21-e4a8dfc2a9a8,forest_fires,28,44,1.3493821620941162,0.05112147331237793,27372.0,1.4014222621917725,263,1
StandardGSGP,3806c2b1-ad3c-11ef-9c21-e4a8dfc2a9a8,forest_fires,28,45,1.3475937843322754,0.05413556098937988,27738.0,1.3861684799194336,269,1
StandardGSGP,3806c2b1-ad3c-11ef-9c21-e4a8dfc2a9a8,forest_fires,28,46,1.3475937843322754,0.04997563362121582,28114.0,1.3861684799194336,269,1
StandardGSGP,3806c2b1-ad3c-11ef-9c21-e4a8dfc2a9a8,forest_fires,28,47,1.3447211980819702,0.04951119422912598,28618.0,1.4041972160339355,285,1
StandardGSGP,3806c2b1-ad3c-11ef-9c21-e4a8dfc2a9a8,forest_fires,28,48,1.3447211980819702,0.054506540298461914,28992.0,1.4041972160339355,285,1
StandardGSGP,3806c2b1-ad3c-11ef-9c21-e4a8dfc2a9a8,forest_fires,28,49,1.3444015979766846,0.050681114196777344,29460.0,1.4033726453781128,287,1
StandardGSGP,3806c2b1-ad3c-11ef-9c21-e4a8dfc2a9a8,forest_fires,28,50,1.343557596206665,0.050071001052856445,29910.0,1.3862833976745605,301,1
StandardGSGP,3806c2b1-ad3c-11ef-9c21-e4a8dfc2a9a8,forest_fires,28,51,1.342886209487915,0.050618886947631836,30616.0,1.3964567184448242,305,1
StandardGSGP,3806c2b1-ad3c-11ef-9c21-e4a8dfc2a9a8,forest_fires,28,52,1.3427389860153198,0.049503326416015625,31146.0,1.3844717741012573,319,1
StandardGSGP,3806c2b1-ad3c-11ef-9c21-e4a8dfc2a9a8,forest_fires,28,53,1.341971755027771,0.04950761795043945,31722.0,1.3940974473953247,325,1
StandardGSGP,3806c2b1-ad3c-11ef-9c21-e4a8dfc2a9a8,forest_fires,28,54,1.3404630422592163,0.05469107627868652,32392.0,1.3844938278198242,337,1
StandardGSGP,3806c2b1-ad3c-11ef-9c21-e4a8dfc2a9a8,forest_fires,28,55,1.33888840675354,0.05358266830444336,33070.0,1.3896957635879517,343,1
StandardGSGP,3806c2b1-ad3c-11ef-9c21-e4a8dfc2a9a8,forest_fires,28,56,1.3386554718017578,0.05200481414794922,33810.0,1.3885959386825562,343,1
StandardGSGP,3806c2b1-ad3c-11ef-9c21-e4a8dfc2a9a8,forest_fires,28,57,1.3377678394317627,0.050150156021118164,34412.0,1.3904879093170166,351,1
StandardGSGP,3806c2b1-ad3c-11ef-9c21-e4a8dfc2a9a8,forest_fires,28,58,1.3369100093841553,0.04926753044128418,35156.0,1.3847081661224365,357,1
StandardGSGP,3806c2b1-ad3c-11ef-9c21-e4a8dfc2a9a8,forest_fires,28,59,1.3369100093841553,0.050505638122558594,36062.0,1.3847081661224365,357,1
StandardGSGP,3806c2b1-ad3c-11ef-9c21-e4a8dfc2a9a8,forest_fires,28,60,1.33603835105896,0.055237531661987305,36706.0,1.3958380222320557,363,1
StandardGSGP,3806c2b1-ad3c-11ef-9c21-e4a8dfc2a9a8,forest_fires,28,61,1.3355331420898438,0.05854535102844238,37402.0,1.3854269981384277,371,1
StandardGSGP,3806c2b1-ad3c-11ef-9c21-e4a8dfc2a9a8,forest_fires,28,62,1.334787368774414,0.05251049995422363,38028.0,1.3965377807617188,377,1
StandardGSGP,3806c2b1-ad3c-11ef-9c21-e4a8dfc2a9a8,forest_fires,28,63,1.3335715532302856,0.05099892616271973,38718.0,1.3892532587051392,383,1
StandardGSGP,3806c2b1-ad3c-11ef-9c21-e4a8dfc2a9a8,forest_fires,28,64,1.3335715532302856,0.05350923538208008,39198.0,1.3892532587051392,383,1
StandardGSGP,3806c2b1-ad3c-11ef-9c21-e4a8dfc2a9a8,forest_fires,28,65,1.333412528038025,0.04958820343017578,39808.0,1.3866177797317505,391,1
StandardGSGP,3806c2b1-ad3c-11ef-9c21-e4a8dfc2a9a8,forest_fires,28,66,1.333412528038025,0.051059722900390625,40356.0,1.3866177797317505,391,1
StandardGSGP,3806c2b1-ad3c-11ef-9c21-e4a8dfc2a9a8,forest_fires,28,67,1.333412528038025,0.05499434471130371,40892.0,1.3866177797317505,391,1
StandardGSGP,3806c2b1-ad3c-11ef-9c21-e4a8dfc2a9a8,forest_fires,28,68,1.3332412242889404,0.05006814002990723,41372.0,1.3878341913223267,415,1
StandardGSGP,3806c2b1-ad3c-11ef-9c21-e4a8dfc2a9a8,forest_fires,28,69,1.3322852849960327,0.05002784729003906,41822.0,1.3880287408828735,397,1
StandardGSGP,3806c2b1-ad3c-11ef-9c21-e4a8dfc2a9a8,forest_fires,28,70,1.3322068452835083,0.05050826072692871,42348.0,1.3867212533950806,429,1
StandardGSGP,3806c2b1-ad3c-11ef-9c21-e4a8dfc2a9a8,forest_fires,28,71,1.3318110704421997,0.05066800117492676,42658.0,1.3895680904388428,437,1
StandardGSGP,3806c2b1-ad3c-11ef-9c21-e4a8dfc2a9a8,forest_fires,28,72,1.3299988508224487,0.05077242851257324,43046.0,1.4015923738479614,413,1
StandardGSGP,3806c2b1-ad3c-11ef-9c21-e4a8dfc2a9a8,forest_fires,28,73,1.3299988508224487,0.05056571960449219,43686.0,1.4015923738479614,413,1
StandardGSGP,3806c2b1-ad3c-11ef-9c21-e4a8dfc2a9a8,forest_fires,28,74,1.329547643661499,0.05150794982910156,43746.0,1.4003008604049683,419,1
StandardGSGP,3806c2b1-ad3c-11ef-9c21-e4a8dfc2a9a8,forest_fires,28,75,1.3286266326904297,0.12456560134887695,44420.0,1.39412260055542,427,1
StandardGSGP,3806c2b1-ad3c-11ef-9c21-e4a8dfc2a9a8,forest_fires,28,76,1.3286266326904297,0.0498046875,44916.0,1.39412260055542,427,1
StandardGSGP,3806c2b1-ad3c-11ef-9c21-e4a8dfc2a9a8,forest_fires,28,77,1.3286266326904297,0.05199885368347168,45258.0,1.39412260055542,427,1
StandardGSGP,3806c2b1-ad3c-11ef-9c21-e4a8dfc2a9a8,forest_fires,28,78,1.3274842500686646,0.051509857177734375,45918.0,1.3968156576156616,447,1
StandardGSGP,3806c2b1-ad3c-11ef-9c21-e4a8dfc2a9a8,forest_fires,28,79,1.3272769451141357,0.05116987228393555,46290.0,1.3957220315933228,459,1
StandardGSGP,3806c2b1-ad3c-11ef-9c21-e4a8dfc2a9a8,forest_fires,28,80,1.3267738819122314,0.05051016807556152,46904.0,1.3958702087402344,461,1
StandardGSGP,3806c2b1-ad3c-11ef-9c21-e4a8dfc2a9a8,forest_fires,28,81,1.3267738819122314,0.0500035285949707,47072.0,1.3958702087402344,461,1
StandardGSGP,3806c2b1-ad3c-11ef-9c21-e4a8dfc2a9a8,forest_fires,28,82,1.3267738819122314,0.049506425857543945,47354.0,1.3958702087402344,461,1
StandardGSGP,3806c2b1-ad3c-11ef-9c21-e4a8dfc2a9a8,forest_fires,28,83,1.3267738819122314,0.05100107192993164,47904.0,1.3958702087402344,461,1
StandardGSGP,3806c2b1-ad3c-11ef-9c21-e4a8dfc2a9a8,forest_fires,28,84,1.3267738819122314,0.05550670623779297,48370.0,1.3958702087402344,461,1
StandardGSGP,3806c2b1-ad3c-11ef-9c21-e4a8dfc2a9a8,forest_fires,28,85,1.3267738819122314,0.05118680000305176,49036.0,1.3958702087402344,461,1
StandardGSGP,3806c2b1-ad3c-11ef-9c21-e4a8dfc2a9a8,forest_fires,28,86,1.3267738819122314,0.049338340759277344,49598.0,1.3958702087402344,461,1
StandardGSGP,3806c2b1-ad3c-11ef-9c21-e4a8dfc2a9a8,forest_fires,28,87,1.3263764381408691,0.0535130500793457,50000.0,1.3984432220458984,501,1
StandardGSGP,3806c2b1-ad3c-11ef-9c21-e4a8dfc2a9a8,forest_fires,28,88,1.3263764381408691,0.05011940002441406,50912.0,1.3984432220458984,501,1
StandardGSGP,3806c2b1-ad3c-11ef-9c21-e4a8dfc2a9a8,forest_fires,28,89,1.3263764381408691,0.05151057243347168,51548.0,1.3984432220458984,501,1
StandardGSGP,3806c2b1-ad3c-11ef-9c21-e4a8dfc2a9a8,forest_fires,28,90,1.3260884284973145,0.05003023147583008,52232.0,1.387237310409546,509,1
StandardGSGP,3806c2b1-ad3c-11ef-9c21-e4a8dfc2a9a8,forest_fires,28,91,1.3247894048690796,0.04921698570251465,52832.0,1.3970497846603394,515,1
StandardGSGP,3806c2b1-ad3c-11ef-9c21-e4a8dfc2a9a8,forest_fires,28,92,1.3247894048690796,0.04999828338623047,53256.0,1.3970497846603394,515,1
StandardGSGP,3806c2b1-ad3c-11ef-9c21-e4a8dfc2a9a8,forest_fires,28,93,1.3247894048690796,0.05051016807556152,53808.0,1.3970497846603394,515,1
StandardGSGP,3806c2b1-ad3c-11ef-9c21-e4a8dfc2a9a8,forest_fires,28,94,1.323117971420288,0.051264286041259766,54202.0,1.3903759717941284,541,1
StandardGSGP,3806c2b1-ad3c-11ef-9c21-e4a8dfc2a9a8,forest_fires,28,95,1.3231149911880493,0.05122947692871094,54666.0,1.3904255628585815,547,1
StandardGSGP,3806c2b1-ad3c-11ef-9c21-e4a8dfc2a9a8,forest_fires,28,96,1.3231149911880493,0.04999995231628418,55262.0,1.3904255628585815,547,1
StandardGSGP,3806c2b1-ad3c-11ef-9c21-e4a8dfc2a9a8,forest_fires,28,97,1.3231149911880493,0.050510406494140625,55812.0,1.3904255628585815,547,1
StandardGSGP,3806c2b1-ad3c-11ef-9c21-e4a8dfc2a9a8,forest_fires,28,98,1.3223332166671753,0.05628514289855957,56564.0,1.399073600769043,567,1
StandardGSGP,3806c2b1-ad3c-11ef-9c21-e4a8dfc2a9a8,forest_fires,28,99,1.3223332166671753,0.051514625549316406,57342.0,1.399073600769043,567,1
StandardGSGP,3806c2b1-ad3c-11ef-9c21-e4a8dfc2a9a8,forest_fires,28,100,1.3223332166671753,0.05546069145202637,58008.0,1.399073600769043,567,1
