StandardGSGP,a25a4170-ad3b-11ef-8337-e4a8dfc2a9a8,forest_fires,14,0,0.2654193937778473,0.040596961975097656,840.0,0.25407007336616516,3,1
StandardGSGP,a25a4170-ad3b-11ef-8337-e4a8dfc2a9a8,forest_fires,14,1,0.23205456137657166,0.05000185966491699,1320.0,0.21325649321079254,9,1
StandardGSGP,a25a4170-ad3b-11ef-8337-e4a8dfc2a9a8,forest_fires,14,2,0.21464143693447113,0.04949951171875,1804.0,0.2230980396270752,17,1
StandardGSGP,a25a4170-ad3b-11ef-8337-e4a8dfc2a9a8,forest_fires,14,3,0.21464143693447113,0.0503537654876709,2344.0,0.2230980396270752,17,1
StandardGSGP,a25a4170-ad3b-11ef-8337-e4a8dfc2a9a8,forest_fires,14,4,0.21464143693447113,0.055511474609375,2938.0,0.2230980396270752,17,1
StandardGSGP,a25a4170-ad3b-11ef-8337-e4a8dfc2a9a8,forest_fires,14,5,0.21464143693447113,0.05250954627990723,3500.0,0.2230980396270752,17,1
StandardGSGP,a25a4170-ad3b-11ef-8337-e4a8dfc2a9a8,forest_fires,14,6,0.21464143693447113,0.05350613594055176,4136.0,0.2230980396270752,17,1
StandardGSGP,a25a4170-ad3b-11ef-8337-e4a8dfc2a9a8,forest_fires,14,7,0.21464143693447113,0.050984859466552734,4716.0,0.2230980396270752,17,1
StandardGSGP,a25a4170-ad3b-11ef-8337-e4a8dfc2a9a8,forest_fires,14,8,0.21464143693447113,0.05785083770751953,5386.0,0.2230980396270752,17,1
StandardGSGP,a25a4170-ad3b-11ef-8337-e4a8dfc2a9a8,forest_fires,14,9,0.21464143693447113,0.05512571334838867,5898.0,0.2230980396270752,17,1
StandardGSGP,a25a4170-ad3b-11ef-8337-e4a8dfc2a9a8,forest_fires,14,10,0.21464143693447113,0.05222129821777344,6514.0,0.2230980396270752,17,1
StandardGSGP,a25a4170-ad3b-11ef-8337-e4a8dfc2a9a8,forest_fires,14,11,0.21407198905944824,0.05472755432128906,6766.0,0.2219306379556656,23,1
StandardGSGP,a25a4170-ad3b-11ef-8337-e4a8dfc2a9a8,forest_fires,14,12,0.21161654591560364,0.05001091957092285,6718.0,0.2124374955892563,29,1
StandardGSGP,a25a4170-ad3b-11ef-8337-e4a8dfc2a9a8,forest_fires,14,13,0.21161654591560364,0.050003767013549805,6682.0,0.2124374955892563,29,1
StandardGSGP,a25a4170-ad3b-11ef-8337-e4a8dfc2a9a8,forest_fires,14,14,0.21161654591560364,0.05850815773010254,6462.0,0.2124374955892563,29,1
StandardGSGP,a25a4170-ad3b-11ef-8337-e4a8dfc2a9a8,forest_fires,14,15,0.21108508110046387,0.05399131774902344,6522.0,0.21587619185447693,43,1
StandardGSGP,a25a4170-ad3b-11ef-8337-e4a8dfc2a9a8,forest_fires,14,16,0.21108508110046387,0.049767255783081055,6656.0,0.21587619185447693,43,1
StandardGSGP,a25a4170-ad3b-11ef-8337-e4a8dfc2a9a8,forest_fires,14,17,0.21103110909461975,0.04999709129333496,6886.0,0.21592684090137482,49,1
StandardGSGP,a25a4170-ad3b-11ef-8337-e4a8dfc2a9a8,forest_fires,14,18,0.21079370379447937,0.050520896911621094,6772.0,0.21325412392616272,63,1
StandardGSGP,a25a4170-ad3b-11ef-8337-e4a8dfc2a9a8,forest_fires,14,19,0.21076077222824097,0.07022261619567871,7120.0,0.21768951416015625,61,1
StandardGSGP,a25a4170-ad3b-11ef-8337-e4a8dfc2a9a8,forest_fires,14,20,0.21076077222824097,0.05050992965698242,7616.0,0.21768951416015625,61,1
StandardGSGP,a25a4170-ad3b-11ef-8337-e4a8dfc2a9a8,forest_fires,14,21,0.21076077222824097,0.051506996154785156,8128.0,0.21768951416015625,61,1
StandardGSGP,a25a4170-ad3b-11ef-8337-e4a8dfc2a9a8,forest_fires,14,22,0.21076077222824097,0.05199885368347168,8700.0,0.21768951416015625,61,1
StandardGSGP,a25a4170-ad3b-11ef-8337-e4a8dfc2a9a8,forest_fires,14,23,0.21076077222824097,0.05151009559631348,9206.0,0.21768951416015625,61,1
StandardGSGP,a25a4170-ad3b-11ef-8337-e4a8dfc2a9a8,forest_fires,14,24,0.21076077222824097,0.05099201202392578,9656.0,0.21768951416015625,61,1
StandardGSGP,a25a4170-ad3b-11ef-8337-e4a8dfc2a9a8,forest_fires,14,25,0.21005253493785858,0.05350995063781738,9850.0,0.21658582985401154,67,1
StandardGSGP,a25a4170-ad3b-11ef-8337-e4a8dfc2a9a8,forest_fires,14,26,0.21005253493785858,0.055086612701416016,10020.0,0.21658582985401154,67,1
StandardGSGP,a25a4170-ad3b-11ef-8337-e4a8dfc2a9a8,forest_fires,14,27,0.2095542550086975,0.04928994178771973,9832.0,0.21553966403007507,73,1
StandardGSGP,a25a4170-ad3b-11ef-8337-e4a8dfc2a9a8,forest_fires,14,28,0.2095542550086975,0.052216529846191406,9928.0,0.21553966403007507,73,1
StandardGSGP,a25a4170-ad3b-11ef-8337-e4a8dfc2a9a8,forest_fires,14,29,0.2095542550086975,0.04951047897338867,10280.0,0.21553966403007507,73,1
StandardGSGP,a25a4170-ad3b-11ef-8337-e4a8dfc2a9a8,forest_fires,14,30,0.20935030281543732,0.05099892616271973,10538.0,0.2144886702299118,79,1
StandardGSGP,a25a4170-ad3b-11ef-8337-e4a8dfc2a9a8,forest_fires,14,31,0.2086384892463684,0.05050992965698242,11080.0,0.20652994513511658,87,1
StandardGSGP,a25a4170-ad3b-11ef-8337-e4a8dfc2a9a8,forest_fires,14,32,0.2086384892463684,0.04999947547912598,11192.0,0.20652994513511658,87,1
StandardGSGP,a25a4170-ad3b-11ef-8337-e4a8dfc2a9a8,forest_fires,14,33,0.2086384892463684,0.053759098052978516,11592.0,0.20652994513511658,87,1
StandardGSGP,a25a4170-ad3b-11ef-8337-e4a8dfc2a9a8,forest_fires,14,34,0.20821040868759155,0.05098247528076172,11818.0,0.20650431513786316,93,1
StandardGSGP,a25a4170-ad3b-11ef-8337-e4a8dfc2a9a8,forest_fires,14,35,0.20821040868759155,0.05250668525695801,12442.0,0.20650431513786316,93,1
StandardGSGP,a25a4170-ad3b-11ef-8337-e4a8dfc2a9a8,forest_fires,14,36,0.20821040868759155,0.05121731758117676,12924.0,0.20650431513786316,93,1
StandardGSGP,a25a4170-ad3b-11ef-8337-e4a8dfc2a9a8,forest_fires,14,37,0.20818985998630524,0.05201125144958496,13310.0,0.20596730709075928,99,1
StandardGSGP,a25a4170-ad3b-11ef-8337-e4a8dfc2a9a8,forest_fires,14,38,0.20818985998630524,0.04950857162475586,13830.0,0.20596730709075928,99,1
StandardGSGP,a25a4170-ad3b-11ef-8337-e4a8dfc2a9a8,forest_fires,14,39,0.20818985998630524,0.05126690864562988,14164.0,0.20596730709075928,99,1
StandardGSGP,a25a4170-ad3b-11ef-8337-e4a8dfc2a9a8,forest_fires,14,40,0.20818985998630524,0.05256342887878418,14488.0,0.20596730709075928,99,1
StandardGSGP,a25a4170-ad3b-11ef-8337-e4a8dfc2a9a8,forest_fires,14,41,0.20818985998630524,0.05299997329711914,14934.0,0.20596730709075928,99,1
StandardGSGP,a25a4170-ad3b-11ef-8337-e4a8dfc2a9a8,forest_fires,14,42,0.20818985998630524,0.05251026153564453,15246.0,0.20596730709075928,99,1
StandardGSGP,a25a4170-ad3b-11ef-8337-e4a8dfc2a9a8,forest_fires,14,43,0.20818985998630524,0.051999807357788086,15622.0,0.20596730709075928,99,1
StandardGSGP,a25a4170-ad3b-11ef-8337-e4a8dfc2a9a8,forest_fires,14,44,0.20818985998630524,0.051514387130737305,15540.0,0.20596730709075928,99,1
StandardGSGP,a25a4170-ad3b-11ef-8337-e4a8dfc2a9a8,forest_fires,14,45,0.20818985998630524,0.05200362205505371,15262.0,0.20596730709075928,99,1
StandardGSGP,a25a4170-ad3b-11ef-8337-e4a8dfc2a9a8,forest_fires,14,46,0.20818985998630524,0.0502324104309082,15240.0,0.20596730709075928,99,1
StandardGSGP,a25a4170-ad3b-11ef-8337-e4a8dfc2a9a8,forest_fires,14,47,0.20818985998630524,0.05175495147705078,15354.0,0.20596730709075928,99,1
StandardGSGP,a25a4170-ad3b-11ef-8337-e4a8dfc2a9a8,forest_fires,14,48,0.20818985998630524,0.05251288414001465,14876.0,0.20596730709075928,99,1
StandardGSGP,a25a4170-ad3b-11ef-8337-e4a8dfc2a9a8,forest_fires,14,49,0.20818985998630524,0.05100202560424805,14842.0,0.20596730709075928,99,1
StandardGSGP,a25a4170-ad3b-11ef-8337-e4a8dfc2a9a8,forest_fires,14,50,0.20818985998630524,0.05150556564331055,14530.0,0.20596730709075928,99,1
StandardGSGP,a25a4170-ad3b-11ef-8337-e4a8dfc2a9a8,forest_fires,14,51,0.20818985998630524,0.06190633773803711,14300.0,0.20596730709075928,99,1
StandardGSGP,a25a4170-ad3b-11ef-8337-e4a8dfc2a9a8,forest_fires,14,52,0.20818985998630524,0.051999807357788086,14624.0,0.20596730709075928,99,1
StandardGSGP,a25a4170-ad3b-11ef-8337-e4a8dfc2a9a8,forest_fires,14,53,0.20818985998630524,0.055840253829956055,14794.0,0.20596730709075928,99,1
StandardGSGP,a25a4170-ad3b-11ef-8337-e4a8dfc2a9a8,forest_fires,14,54,0.20818985998630524,0.056385040283203125,15036.0,0.20596730709075928,99,1
StandardGSGP,a25a4170-ad3b-11ef-8337-e4a8dfc2a9a8,forest_fires,14,55,0.20818985998630524,0.05484580993652344,14840.0,0.20596730709075928,99,1
StandardGSGP,a25a4170-ad3b-11ef-8337-e4a8dfc2a9a8,forest_fires,14,56,0.2080429643392563,0.05499911308288574,14064.0,0.2082221508026123,105,1
StandardGSGP,a25a4170-ad3b-11ef-8337-e4a8dfc2a9a8,forest_fires,14,57,0.2080429643392563,0.052506446838378906,14016.0,0.2082221508026123,105,1
StandardGSGP,a25a4170-ad3b-11ef-8337-e4a8dfc2a9a8,forest_fires,14,58,0.2080429643392563,0.0513765811920166,13974.0,0.2082221508026123,105,1
StandardGSGP,a25a4170-ad3b-11ef-8337-e4a8dfc2a9a8,forest_fires,14,59,0.2080429643392563,0.050505876541137695,14488.0,0.2082221508026123,105,1
StandardGSGP,a25a4170-ad3b-11ef-8337-e4a8dfc2a9a8,forest_fires,14,60,0.20794552564620972,0.12343215942382812,15168.0,0.2076268345117569,111,1
StandardGSGP,a25a4170-ad3b-11ef-8337-e4a8dfc2a9a8,forest_fires,14,61,0.20794552564620972,0.04996538162231445,15278.0,0.2076268345117569,111,1
StandardGSGP,a25a4170-ad3b-11ef-8337-e4a8dfc2a9a8,forest_fires,14,62,0.20794552564620972,0.05200052261352539,15432.0,0.2076268345117569,111,1
StandardGSGP,a25a4170-ad3b-11ef-8337-e4a8dfc2a9a8,forest_fires,14,63,0.20794552564620972,0.05350899696350098,15430.0,0.2076268345117569,111,1
StandardGSGP,a25a4170-ad3b-11ef-8337-e4a8dfc2a9a8,forest_fires,14,64,0.20790499448776245,0.0560002326965332,15468.0,0.20761644840240479,117,1
StandardGSGP,a25a4170-ad3b-11ef-8337-e4a8dfc2a9a8,forest_fires,14,65,0.20740625262260437,0.0543668270111084,15446.0,0.20809316635131836,123,1
StandardGSGP,a25a4170-ad3b-11ef-8337-e4a8dfc2a9a8,forest_fires,14,66,0.20740625262260437,0.05500435829162598,14984.0,0.20809316635131836,123,1
StandardGSGP,a25a4170-ad3b-11ef-8337-e4a8dfc2a9a8,forest_fires,14,67,0.20740625262260437,0.05274367332458496,15350.0,0.20809316635131836,123,1
StandardGSGP,a25a4170-ad3b-11ef-8337-e4a8dfc2a9a8,forest_fires,14,68,0.20716191828250885,0.05151009559631348,15944.0,0.20848359167575836,129,1
StandardGSGP,a25a4170-ad3b-11ef-8337-e4a8dfc2a9a8,forest_fires,14,69,0.2069428414106369,0.05484724044799805,16384.0,0.206146240234375,135,1
StandardGSGP,a25a4170-ad3b-11ef-8337-e4a8dfc2a9a8,forest_fires,14,70,0.2069428414106369,0.051900625228881836,16372.0,0.206146240234375,135,1
StandardGSGP,a25a4170-ad3b-11ef-8337-e4a8dfc2a9a8,forest_fires,14,71,0.2069428414106369,0.053232669830322266,16828.0,0.206146240234375,135,1
StandardGSGP,a25a4170-ad3b-11ef-8337-e4a8dfc2a9a8,forest_fires,14,72,0.2069428414106369,0.05251264572143555,16830.0,0.206146240234375,135,1
StandardGSGP,a25a4170-ad3b-11ef-8337-e4a8dfc2a9a8,forest_fires,14,73,0.2069428414106369,0.05359220504760742,17260.0,0.206146240234375,135,1
StandardGSGP,a25a4170-ad3b-11ef-8337-e4a8dfc2a9a8,forest_fires,14,74,0.2069428414106369,0.05251121520996094,17672.0,0.206146240234375,135,1
StandardGSGP,a25a4170-ad3b-11ef-8337-e4a8dfc2a9a8,forest_fires,14,75,0.2069428414106369,0.051000118255615234,17860.0,0.206146240234375,135,1
StandardGSGP,a25a4170-ad3b-11ef-8337-e4a8dfc2a9a8,forest_fires,14,76,0.2069428414106369,0.05450630187988281,17826.0,0.206146240234375,135,1
StandardGSGP,a25a4170-ad3b-11ef-8337-e4a8dfc2a9a8,forest_fires,14,77,0.2069428414106369,0.052004098892211914,18192.0,0.206146240234375,135,1
StandardGSGP,a25a4170-ad3b-11ef-8337-e4a8dfc2a9a8,forest_fires,14,78,0.2069428414106369,0.052695274353027344,18296.0,0.206146240234375,135,1
StandardGSGP,a25a4170-ad3b-11ef-8337-e4a8dfc2a9a8,forest_fires,14,79,0.2069428414106369,0.053513526916503906,18378.0,0.206146240234375,135,1
StandardGSGP,a25a4170-ad3b-11ef-8337-e4a8dfc2a9a8,forest_fires,14,80,0.20691733062267303,0.05502676963806152,18036.0,0.20619140565395355,141,1
StandardGSGP,a25a4170-ad3b-11ef-8337-e4a8dfc2a9a8,forest_fires,14,81,0.20691733062267303,0.052591562271118164,18076.0,0.20619140565395355,141,1
StandardGSGP,a25a4170-ad3b-11ef-8337-e4a8dfc2a9a8,forest_fires,14,82,0.20691733062267303,0.0540006160736084,18086.0,0.20619140565395355,141,1
StandardGSGP,a25a4170-ad3b-11ef-8337-e4a8dfc2a9a8,forest_fires,14,83,0.20691733062267303,0.051508426666259766,18762.0,0.20619140565395355,141,1
StandardGSGP,a25a4170-ad3b-11ef-8337-e4a8dfc2a9a8,forest_fires,14,84,0.20691733062267303,0.05299234390258789,19400.0,0.20619140565395355,141,1
StandardGSGP,a25a4170-ad3b-11ef-8337-e4a8dfc2a9a8,forest_fires,14,85,0.20691733062267303,0.05209541320800781,19196.0,0.20619140565395355,141,1
StandardGSGP,a25a4170-ad3b-11ef-8337-e4a8dfc2a9a8,forest_fires,14,86,0.20691733062267303,0.05329132080078125,19496.0,0.20619140565395355,141,1
StandardGSGP,a25a4170-ad3b-11ef-8337-e4a8dfc2a9a8,forest_fires,14,87,0.20691733062267303,0.05250120162963867,19932.0,0.20619140565395355,141,1
StandardGSGP,a25a4170-ad3b-11ef-8337-e4a8dfc2a9a8,forest_fires,14,88,0.20691733062267303,0.05323052406311035,19814.0,0.20619140565395355,141,1
StandardGSGP,a25a4170-ad3b-11ef-8337-e4a8dfc2a9a8,forest_fires,14,89,0.20691733062267303,0.05547928810119629,19990.0,0.20619140565395355,141,1
StandardGSGP,a25a4170-ad3b-11ef-8337-e4a8dfc2a9a8,forest_fires,14,90,0.2066648155450821,0.05381369590759277,20792.0,0.20622225105762482,147,1
StandardGSGP,a25a4170-ad3b-11ef-8337-e4a8dfc2a9a8,forest_fires,14,91,0.2066648155450821,0.05822253227233887,20026.0,0.20622225105762482,147,1
StandardGSGP,a25a4170-ad3b-11ef-8337-e4a8dfc2a9a8,forest_fires,14,92,0.2066648155450821,0.05308723449707031,19472.0,0.20622225105762482,147,1
StandardGSGP,a25a4170-ad3b-11ef-8337-e4a8dfc2a9a8,forest_fires,14,93,0.2066648155450821,0.05182814598083496,18802.0,0.20622225105762482,147,1
StandardGSGP,a25a4170-ad3b-11ef-8337-e4a8dfc2a9a8,forest_fires,14,94,0.2066648155450821,0.05351090431213379,18960.0,0.20622225105762482,147,1
StandardGSGP,a25a4170-ad3b-11ef-8337-e4a8dfc2a9a8,forest_fires,14,95,0.2066648155450821,0.054352521896362305,19008.0,0.20622225105762482,147,1
StandardGSGP,a25a4170-ad3b-11ef-8337-e4a8dfc2a9a8,forest_fires,14,96,0.2066648155450821,0.053243160247802734,19278.0,0.20622225105762482,147,1
StandardGSGP,a25a4170-ad3b-11ef-8337-e4a8dfc2a9a8,forest_fires,14,97,0.2066648155450821,0.05679130554199219,19376.0,0.20622225105762482,147,1
StandardGSGP,a25a4170-ad3b-11ef-8337-e4a8dfc2a9a8,forest_fires,14,98,0.2066648155450821,0.05100822448730469,19054.0,0.20622225105762482,147,1
StandardGSGP,a25a4170-ad3b-11ef-8337-e4a8dfc2a9a8,forest_fires,14,99,0.2066648155450821,0.05551791191101074,19502.0,0.20622225105762482,147,1
StandardGSGP,a25a4170-ad3b-11ef-8337-e4a8dfc2a9a8,forest_fires,14,100,0.2066648155450821,0.05789327621459961,20244.0,0.20622225105762482,147,1
StandardGSGP,0891f8ea-ad3c-11ef-8337-e4a8dfc2a9a8,forest_fires,14,0,1.4134855270385742,0.04652976989746094,840.0,1.3708077669143677,3,1
StandardGSGP,0891f8ea-ad3c-11ef-8337-e4a8dfc2a9a8,forest_fires,14,1,1.400120735168457,0.04999899864196777,1292.0,1.393701195716858,9,1
StandardGSGP,0891f8ea-ad3c-11ef-8337-e4a8dfc2a9a8,forest_fires,14,2,1.398691177368164,0.048514604568481445,1808.0,1.3961634635925293,15,1
StandardGSGP,0891f8ea-ad3c-11ef-8337-e4a8dfc2a9a8,forest_fires,14,3,1.3954373598098755,0.04999971389770508,2462.0,1.4006026983261108,21,1
StandardGSGP,0891f8ea-ad3c-11ef-8337-e4a8dfc2a9a8,forest_fires,14,4,1.3954373598098755,0.05052042007446289,2990.0,1.4006026983261108,21,1
StandardGSGP,0891f8ea-ad3c-11ef-8337-e4a8dfc2a9a8,forest_fires,14,5,1.3951594829559326,0.05099773406982422,3552.0,1.4111301898956299,35,1
StandardGSGP,0891f8ea-ad3c-11ef-8337-e4a8dfc2a9a8,forest_fires,14,6,1.3951594829559326,0.05213475227355957,4086.0,1.4111301898956299,35,1
StandardGSGP,0891f8ea-ad3c-11ef-8337-e4a8dfc2a9a8,forest_fires,14,7,1.3947391510009766,0.0500030517578125,4594.0,1.4110779762268066,49,1
StandardGSGP,0891f8ea-ad3c-11ef-8337-e4a8dfc2a9a8,forest_fires,14,8,1.3921302556991577,0.050507545471191406,5256.0,1.3946278095245361,47,1
StandardGSGP,0891f8ea-ad3c-11ef-8337-e4a8dfc2a9a8,forest_fires,14,9,1.3921302556991577,0.051004886627197266,5840.0,1.3946278095245361,47,1
StandardGSGP,0891f8ea-ad3c-11ef-8337-e4a8dfc2a9a8,forest_fires,14,10,1.3874166011810303,0.05091047286987305,6464.0,1.3794987201690674,69,1
StandardGSGP,0891f8ea-ad3c-11ef-8337-e4a8dfc2a9a8,forest_fires,14,11,1.3867212533950806,0.0506289005279541,7110.0,1.397464632987976,65,1
StandardGSGP,0891f8ea-ad3c-11ef-8337-e4a8dfc2a9a8,forest_fires,14,12,1.3867212533950806,0.04951596260070801,7482.0,1.397464632987976,65,1
StandardGSGP,0891f8ea-ad3c-11ef-8337-e4a8dfc2a9a8,forest_fires,14,13,1.3834917545318604,0.05150866508483887,7956.0,1.3790793418884277,67,1
StandardGSGP,0891f8ea-ad3c-11ef-8337-e4a8dfc2a9a8,forest_fires,14,14,1.3829658031463623,0.05446910858154297,8554.0,1.4172096252441406,85,1
StandardGSGP,0891f8ea-ad3c-11ef-8337-e4a8dfc2a9a8,forest_fires,14,15,1.3769341707229614,0.05051422119140625,9218.0,1.4192525148391724,91,1
StandardGSGP,0891f8ea-ad3c-11ef-8337-e4a8dfc2a9a8,forest_fires,14,16,1.3769341707229614,0.05245614051818848,9720.0,1.4192525148391724,91,1
StandardGSGP,0891f8ea-ad3c-11ef-8337-e4a8dfc2a9a8,forest_fires,14,17,1.3734890222549438,0.05368494987487793,10222.0,1.4110528230667114,97,1
StandardGSGP,0891f8ea-ad3c-11ef-8337-e4a8dfc2a9a8,forest_fires,14,18,1.3724006414413452,0.05076932907104492,10574.0,1.4073368310928345,105,1
StandardGSGP,0891f8ea-ad3c-11ef-8337-e4a8dfc2a9a8,forest_fires,14,19,1.3724006414413452,0.051630496978759766,11140.0,1.4073368310928345,105,1
StandardGSGP,0891f8ea-ad3c-11ef-8337-e4a8dfc2a9a8,forest_fires,14,20,1.3719091415405273,0.05901169776916504,11656.0,1.4092557430267334,111,1
StandardGSGP,0891f8ea-ad3c-11ef-8337-e4a8dfc2a9a8,forest_fires,14,21,1.371813416481018,0.054616451263427734,12218.0,1.409463882446289,121,1
StandardGSGP,0891f8ea-ad3c-11ef-8337-e4a8dfc2a9a8,forest_fires,14,22,1.371813416481018,0.060593366622924805,12822.0,1.409463882446289,121,1
StandardGSGP,0891f8ea-ad3c-11ef-8337-e4a8dfc2a9a8,forest_fires,14,23,1.3693290948867798,0.06152009963989258,13378.0,1.4073796272277832,125,1
StandardGSGP,0891f8ea-ad3c-11ef-8337-e4a8dfc2a9a8,forest_fires,14,24,1.3693290948867798,0.05186104774475098,13902.0,1.4073796272277832,125,1
StandardGSGP,0891f8ea-ad3c-11ef-8337-e4a8dfc2a9a8,forest_fires,14,25,1.3692741394042969,0.05086326599121094,14230.0,1.4073660373687744,131,1
StandardGSGP,0891f8ea-ad3c-11ef-8337-e4a8dfc2a9a8,forest_fires,14,26,1.3692536354064941,0.05726122856140137,14730.0,1.4039925336837769,145,1
StandardGSGP,0891f8ea-ad3c-11ef-8337-e4a8dfc2a9a8,forest_fires,14,27,1.36695396900177,0.05960226058959961,15244.0,1.4000147581100464,143,1
StandardGSGP,0891f8ea-ad3c-11ef-8337-e4a8dfc2a9a8,forest_fires,14,28,1.36695396900177,0.06287455558776855,15920.0,1.4000147581100464,143,1
StandardGSGP,0891f8ea-ad3c-11ef-8337-e4a8dfc2a9a8,forest_fires,14,29,1.36695396900177,0.05455827713012695,16314.0,1.4000147581100464,143,1
StandardGSGP,0891f8ea-ad3c-11ef-8337-e4a8dfc2a9a8,forest_fires,14,30,1.3652520179748535,0.05379652976989746,16614.0,1.3944820165634155,149,1
StandardGSGP,0891f8ea-ad3c-11ef-8337-e4a8dfc2a9a8,forest_fires,14,31,1.3652520179748535,0.05951070785522461,17026.0,1.3944820165634155,149,1
StandardGSGP,0891f8ea-ad3c-11ef-8337-e4a8dfc2a9a8,forest_fires,14,32,1.365089774131775,0.0540468692779541,17220.0,1.3971760272979736,161,1
StandardGSGP,0891f8ea-ad3c-11ef-8337-e4a8dfc2a9a8,forest_fires,14,33,1.3635402917861938,0.055628061294555664,17636.0,1.386056900024414,177,1
StandardGSGP,0891f8ea-ad3c-11ef-8337-e4a8dfc2a9a8,forest_fires,14,34,1.3635402917861938,0.055008649826049805,18192.0,1.386056900024414,177,1
StandardGSGP,0891f8ea-ad3c-11ef-8337-e4a8dfc2a9a8,forest_fires,14,35,1.3626744747161865,0.051508188247680664,18694.0,1.3969089984893799,187,1
StandardGSGP,0891f8ea-ad3c-11ef-8337-e4a8dfc2a9a8,forest_fires,14,36,1.362359881401062,0.05251359939575195,19242.0,1.397616982460022,179,1
StandardGSGP,0891f8ea-ad3c-11ef-8337-e4a8dfc2a9a8,forest_fires,14,37,1.361584186553955,0.056999921798706055,19600.0,1.4053094387054443,185,1
StandardGSGP,0891f8ea-ad3c-11ef-8337-e4a8dfc2a9a8,forest_fires,14,38,1.361584186553955,0.056878089904785156,20228.0,1.4053094387054443,185,1
StandardGSGP,0891f8ea-ad3c-11ef-8337-e4a8dfc2a9a8,forest_fires,14,39,1.3591467142105103,0.0564875602722168,20930.0,1.4178489446640015,201,1
StandardGSGP,0891f8ea-ad3c-11ef-8337-e4a8dfc2a9a8,forest_fires,14,40,1.3586704730987549,0.053510427474975586,21228.0,1.4178705215454102,207,1
StandardGSGP,0891f8ea-ad3c-11ef-8337-e4a8dfc2a9a8,forest_fires,14,41,1.3567016124725342,0.05797171592712402,21642.0,1.3988264799118042,213,1
StandardGSGP,0891f8ea-ad3c-11ef-8337-e4a8dfc2a9a8,forest_fires,14,42,1.3557713031768799,0.05675697326660156,22316.0,1.4039666652679443,221,1
StandardGSGP,0891f8ea-ad3c-11ef-8337-e4a8dfc2a9a8,forest_fires,14,43,1.3545604944229126,0.06603384017944336,22940.0,1.4004565477371216,229,1
StandardGSGP,0891f8ea-ad3c-11ef-8337-e4a8dfc2a9a8,forest_fires,14,44,1.3545604944229126,0.05613827705383301,23460.0,1.4004565477371216,229,1
StandardGSGP,0891f8ea-ad3c-11ef-8337-e4a8dfc2a9a8,forest_fires,14,45,1.3545604944229126,0.05650949478149414,24196.0,1.4004565477371216,229,1
StandardGSGP,0891f8ea-ad3c-11ef-8337-e4a8dfc2a9a8,forest_fires,14,46,1.3545604944229126,0.05500292778015137,24794.0,1.4004565477371216,229,1
StandardGSGP,0891f8ea-ad3c-11ef-8337-e4a8dfc2a9a8,forest_fires,14,47,1.3545604944229126,0.05350637435913086,25170.0,1.4004565477371216,229,1
StandardGSGP,0891f8ea-ad3c-11ef-8337-e4a8dfc2a9a8,forest_fires,14,48,1.3538967370986938,0.05530047416687012,25674.0,1.4000076055526733,241,1
StandardGSGP,0891f8ea-ad3c-11ef-8337-e4a8dfc2a9a8,forest_fires,14,49,1.353305697441101,0.0594484806060791,26060.0,1.4012913703918457,265,1
StandardGSGP,0891f8ea-ad3c-11ef-8337-e4a8dfc2a9a8,forest_fires,14,50,1.353305697441101,0.06150078773498535,26400.0,1.4012913703918457,265,1
StandardGSGP,0891f8ea-ad3c-11ef-8337-e4a8dfc2a9a8,forest_fires,14,51,1.3529528379440308,0.05557870864868164,26924.0,1.4011070728302002,271,1
StandardGSGP,0891f8ea-ad3c-11ef-8337-e4a8dfc2a9a8,forest_fires,14,52,1.3526637554168701,0.05355978012084961,27604.0,1.4064505100250244,253,1
StandardGSGP,0891f8ea-ad3c-11ef-8337-e4a8dfc2a9a8,forest_fires,14,53,1.3526637554168701,0.05500626564025879,28284.0,1.4064505100250244,253,1
StandardGSGP,0891f8ea-ad3c-11ef-8337-e4a8dfc2a9a8,forest_fires,14,54,1.352057933807373,0.14166641235351562,29100.0,1.4022568464279175,265,1
StandardGSGP,0891f8ea-ad3c-11ef-8337-e4a8dfc2a9a8,forest_fires,14,55,1.352057933807373,0.055405378341674805,29292.0,1.4022568464279175,265,1
StandardGSGP,0891f8ea-ad3c-11ef-8337-e4a8dfc2a9a8,forest_fires,14,56,1.352057933807373,0.054509639739990234,29498.0,1.4022568464279175,265,1
StandardGSGP,0891f8ea-ad3c-11ef-8337-e4a8dfc2a9a8,forest_fires,14,57,1.3516544103622437,0.054511308670043945,29512.0,1.4042246341705322,273,1
StandardGSGP,0891f8ea-ad3c-11ef-8337-e4a8dfc2a9a8,forest_fires,14,58,1.3504512310028076,0.057760000228881836,29694.0,1.4040826559066772,327,1
StandardGSGP,0891f8ea-ad3c-11ef-8337-e4a8dfc2a9a8,forest_fires,14,59,1.3504512310028076,0.05688762664794922,30112.0,1.4040826559066772,327,1
StandardGSGP,0891f8ea-ad3c-11ef-8337-e4a8dfc2a9a8,forest_fires,14,60,1.350077748298645,0.05443906784057617,30972.0,1.4089562892913818,335,1
StandardGSGP,0891f8ea-ad3c-11ef-8337-e4a8dfc2a9a8,forest_fires,14,61,1.350077748298645,0.0560455322265625,31704.0,1.4089562892913818,335,1
StandardGSGP,0891f8ea-ad3c-11ef-8337-e4a8dfc2a9a8,forest_fires,14,62,1.350077748298645,0.05702376365661621,32504.0,1.4089562892913818,335,1
StandardGSGP,0891f8ea-ad3c-11ef-8337-e4a8dfc2a9a8,forest_fires,14,63,1.3492525815963745,0.06397199630737305,33560.0,1.4108186960220337,353,1
StandardGSGP,0891f8ea-ad3c-11ef-8337-e4a8dfc2a9a8,forest_fires,14,64,1.3481782674789429,0.06191205978393555,34068.0,1.408786416053772,341,1
StandardGSGP,0891f8ea-ad3c-11ef-8337-e4a8dfc2a9a8,forest_fires,14,65,1.3468161821365356,0.05470871925354004,34740.0,1.4044053554534912,351,1
StandardGSGP,0891f8ea-ad3c-11ef-8337-e4a8dfc2a9a8,forest_fires,14,66,1.3455231189727783,0.05450630187988281,35820.0,1.4037874937057495,357,1
StandardGSGP,0891f8ea-ad3c-11ef-8337-e4a8dfc2a9a8,forest_fires,14,67,1.3455231189727783,0.053006649017333984,36640.0,1.4037874937057495,357,1
StandardGSGP,0891f8ea-ad3c-11ef-8337-e4a8dfc2a9a8,forest_fires,14,68,1.3453510999679565,0.05267024040222168,37232.0,1.4041441679000854,363,1
StandardGSGP,0891f8ea-ad3c-11ef-8337-e4a8dfc2a9a8,forest_fires,14,69,1.344967246055603,0.055002689361572266,37932.0,1.4018257856369019,369,1
StandardGSGP,0891f8ea-ad3c-11ef-8337-e4a8dfc2a9a8,forest_fires,14,70,1.3442628383636475,0.05266165733337402,38294.0,1.4116785526275635,371,1
StandardGSGP,0891f8ea-ad3c-11ef-8337-e4a8dfc2a9a8,forest_fires,14,71,1.3428152799606323,0.0515141487121582,38560.0,1.404821515083313,379,1
StandardGSGP,0891f8ea-ad3c-11ef-8337-e4a8dfc2a9a8,forest_fires,14,72,1.3428152799606323,0.05216193199157715,39256.0,1.404821515083313,379,1
StandardGSGP,0891f8ea-ad3c-11ef-8337-e4a8dfc2a9a8,forest_fires,14,73,1.3427691459655762,0.05357980728149414,39668.0,1.4039175510406494,383,1
StandardGSGP,0891f8ea-ad3c-11ef-8337-e4a8dfc2a9a8,forest_fires,14,74,1.33883798122406,0.05785870552062988,40132.0,1.4013652801513672,395,1
StandardGSGP,0891f8ea-ad3c-11ef-8337-e4a8dfc2a9a8,forest_fires,14,75,1.33883798122406,0.054511070251464844,40680.0,1.4013652801513672,395,1
StandardGSGP,0891f8ea-ad3c-11ef-8337-e4a8dfc2a9a8,forest_fires,14,76,1.33883798122406,0.055010318756103516,41018.0,1.4013652801513672,395,1
StandardGSGP,0891f8ea-ad3c-11ef-8337-e4a8dfc2a9a8,forest_fires,14,77,1.33883798122406,0.05470418930053711,41542.0,1.4013652801513672,395,1
StandardGSGP,0891f8ea-ad3c-11ef-8337-e4a8dfc2a9a8,forest_fires,14,78,1.3387795686721802,0.059630393981933594,42060.0,1.4005889892578125,403,1
StandardGSGP,0891f8ea-ad3c-11ef-8337-e4a8dfc2a9a8,forest_fires,14,79,1.3387795686721802,0.0579984188079834,42334.0,1.4005889892578125,403,1
StandardGSGP,0891f8ea-ad3c-11ef-8337-e4a8dfc2a9a8,forest_fires,14,80,1.3384848833084106,0.060858726501464844,42732.0,1.4022659063339233,413,1
StandardGSGP,0891f8ea-ad3c-11ef-8337-e4a8dfc2a9a8,forest_fires,14,81,1.337140440940857,0.06087803840637207,43012.0,1.401314616203308,429,1
StandardGSGP,0891f8ea-ad3c-11ef-8337-e4a8dfc2a9a8,forest_fires,14,82,1.336962342262268,0.05960845947265625,43422.0,1.3998631238937378,435,1
StandardGSGP,0891f8ea-ad3c-11ef-8337-e4a8dfc2a9a8,forest_fires,14,83,1.3366576433181763,0.055509090423583984,44186.0,1.3974175453186035,445,1
StandardGSGP,0891f8ea-ad3c-11ef-8337-e4a8dfc2a9a8,forest_fires,14,84,1.3366576433181763,0.059511661529541016,44782.0,1.3974175453186035,445,1
StandardGSGP,0891f8ea-ad3c-11ef-8337-e4a8dfc2a9a8,forest_fires,14,85,1.3356246948242188,0.0562434196472168,45448.0,1.3961191177368164,453,1
StandardGSGP,0891f8ea-ad3c-11ef-8337-e4a8dfc2a9a8,forest_fires,14,86,1.335001826286316,0.056859731674194336,46096.0,1.3808313608169556,471,1
StandardGSGP,0891f8ea-ad3c-11ef-8337-e4a8dfc2a9a8,forest_fires,14,87,1.335001826286316,0.0518794059753418,46696.0,1.3808313608169556,471,1
StandardGSGP,0891f8ea-ad3c-11ef-8337-e4a8dfc2a9a8,forest_fires,14,88,1.3346410989761353,0.05278325080871582,47140.0,1.3838847875595093,477,1
StandardGSGP,0891f8ea-ad3c-11ef-8337-e4a8dfc2a9a8,forest_fires,14,89,1.3346410989761353,0.05771207809448242,47772.0,1.3838847875595093,477,1
StandardGSGP,0891f8ea-ad3c-11ef-8337-e4a8dfc2a9a8,forest_fires,14,90,1.3346192836761475,0.06473183631896973,48490.0,1.383984923362732,483,1
StandardGSGP,0891f8ea-ad3c-11ef-8337-e4a8dfc2a9a8,forest_fires,14,91,1.334592342376709,0.051998138427734375,49140.0,1.3839895725250244,489,1
StandardGSGP,0891f8ea-ad3c-11ef-8337-e4a8dfc2a9a8,forest_fires,14,92,1.3324521780014038,0.05151081085205078,49886.0,1.3820793628692627,509,1
StandardGSGP,0891f8ea-ad3c-11ef-8337-e4a8dfc2a9a8,forest_fires,14,93,1.3323609828948975,0.05596351623535156,50662.0,1.3986940383911133,519,1
StandardGSGP,0891f8ea-ad3c-11ef-8337-e4a8dfc2a9a8,forest_fires,14,94,1.3323190212249756,0.05419564247131348,51476.0,1.3833273649215698,525,1
StandardGSGP,0891f8ea-ad3c-11ef-8337-e4a8dfc2a9a8,forest_fires,14,95,1.3322001695632935,0.055843353271484375,52190.0,1.391369104385376,531,1
StandardGSGP,0891f8ea-ad3c-11ef-8337-e4a8dfc2a9a8,forest_fires,14,96,1.3308508396148682,0.05400729179382324,52976.0,1.3928922414779663,537,1
StandardGSGP,0891f8ea-ad3c-11ef-8337-e4a8dfc2a9a8,forest_fires,14,97,1.3308508396148682,0.05152106285095215,53742.0,1.3928922414779663,537,1
StandardGSGP,0891f8ea-ad3c-11ef-8337-e4a8dfc2a9a8,forest_fires,14,98,1.3307300806045532,0.05000114440917969,54568.0,1.394114375114441,543,1
StandardGSGP,0891f8ea-ad3c-11ef-8337-e4a8dfc2a9a8,forest_fires,14,99,1.3307300806045532,0.052510976791381836,55274.0,1.394114375114441,543,1
StandardGSGP,0891f8ea-ad3c-11ef-8337-e4a8dfc2a9a8,forest_fires,14,100,1.3307300806045532,0.05199909210205078,55934.0,1.394114375114441,543,1
