StandardGSGP,acb3e1bc-ad28-11ef-97e7-e4a8dfc2a9a8,bike_sharing,4,0,0.18423068523406982,0.06151771545410156,1372.0,0.15954063832759857,3,1
StandardGSGP,acb3e1bc-ad28-11ef-97e7-e4a8dfc2a9a8,bike_sharing,4,1,0.18073464930057526,0.0579988956451416,1300.0,0.15561330318450928,15,1
StandardGSGP,acb3e1bc-ad28-11ef-97e7-e4a8dfc2a9a8,bike_sharing,4,2,0.16183418035507202,0.05650925636291504,2236.0,0.1558680236339569,21,1
StandardGSGP,acb3e1bc-ad28-11ef-97e7-e4a8dfc2a9a8,bike_sharing,4,3,0.16183418035507202,0.05806159973144531,2988.0,0.1558680236339569,21,1
StandardGSGP,acb3e1bc-ad28-11ef-97e7-e4a8dfc2a9a8,bike_sharing,4,4,0.16183418035507202,0.06462216377258301,3826.0,0.1558680236339569,21,1
StandardGSGP,acb3e1bc-ad28-11ef-97e7-e4a8dfc2a9a8,bike_sharing,4,5,0.15888439118862152,0.0712437629699707,4338.0,0.15302903950214386,29,1
StandardGSGP,acb3e1bc-ad28-11ef-97e7-e4a8dfc2a9a8,bike_sharing,4,6,0.14716112613677979,0.05686783790588379,4846.0,0.14312335848808289,35,1
StandardGSGP,acb3e1bc-ad28-11ef-97e7-e4a8dfc2a9a8,bike_sharing,4,7,0.11603972315788269,0.055507659912109375,5576.0,0.11800406873226166,47,1
StandardGSGP,acb3e1bc-ad28-11ef-97e7-e4a8dfc2a9a8,bike_sharing,4,8,0.10573510825634003,0.055747270584106445,6190.0,0.10175102204084396,55,1
StandardGSGP,acb3e1bc-ad28-11ef-97e7-e4a8dfc2a9a8,bike_sharing,4,9,0.10573510825634003,0.054418087005615234,6666.0,0.10175102204084396,55,1
StandardGSGP,acb3e1bc-ad28-11ef-97e7-e4a8dfc2a9a8,bike_sharing,4,10,0.10064812749624252,0.05681777000427246,7408.0,0.10286953300237656,69,1
StandardGSGP,acb3e1bc-ad28-11ef-97e7-e4a8dfc2a9a8,bike_sharing,4,11,0.09363126009702682,0.06200456619262695,8028.0,0.09403964132070541,89,1
StandardGSGP,acb3e1bc-ad28-11ef-97e7-e4a8dfc2a9a8,bike_sharing,4,12,0.08497226238250732,0.060169219970703125,8908.0,0.08399827033281326,103,1
StandardGSGP,acb3e1bc-ad28-11ef-97e7-e4a8dfc2a9a8,bike_sharing,4,13,0.08497226238250732,0.061516761779785156,9744.0,0.08399827033281326,103,1
StandardGSGP,acb3e1bc-ad28-11ef-97e7-e4a8dfc2a9a8,bike_sharing,4,14,0.08497226238250732,0.0595400333404541,10750.0,0.08399827033281326,103,1
StandardGSGP,acb3e1bc-ad28-11ef-97e7-e4a8dfc2a9a8,bike_sharing,4,15,0.08438624441623688,0.05499744415283203,11776.0,0.08445047587156296,111,1
StandardGSGP,acb3e1bc-ad28-11ef-97e7-e4a8dfc2a9a8,bike_sharing,4,16,0.08438624441623688,0.054882049560546875,12746.0,0.08445047587156296,111,1
StandardGSGP,acb3e1bc-ad28-11ef-97e7-e4a8dfc2a9a8,bike_sharing,4,17,0.08413319289684296,0.0620417594909668,13618.0,0.08378109335899353,127,1
StandardGSGP,acb3e1bc-ad28-11ef-97e7-e4a8dfc2a9a8,bike_sharing,4,18,0.08413319289684296,0.05650949478149414,14062.0,0.08378109335899353,127,1
StandardGSGP,acb3e1bc-ad28-11ef-97e7-e4a8dfc2a9a8,bike_sharing,4,19,0.07093462347984314,0.05845284461975098,14810.0,0.06949397921562195,137,1
StandardGSGP,acb3e1bc-ad28-11ef-97e7-e4a8dfc2a9a8,bike_sharing,4,20,0.06859669089317322,0.058844804763793945,15452.0,0.06806542724370956,143,1
StandardGSGP,acb3e1bc-ad28-11ef-97e7-e4a8dfc2a9a8,bike_sharing,4,21,0.06859669089317322,0.05753612518310547,15982.0,0.06806542724370956,143,1
StandardGSGP,acb3e1bc-ad28-11ef-97e7-e4a8dfc2a9a8,bike_sharing,4,22,0.06859669089317322,0.05750727653503418,16348.0,0.06806542724370956,143,1
StandardGSGP,acb3e1bc-ad28-11ef-97e7-e4a8dfc2a9a8,bike_sharing,4,23,0.06151064857840538,0.06445097923278809,16850.0,0.06204530969262123,151,1
StandardGSGP,acb3e1bc-ad28-11ef-97e7-e4a8dfc2a9a8,bike_sharing,4,24,0.06151064857840538,0.06322765350341797,17496.0,0.06204530969262123,151,1
StandardGSGP,acb3e1bc-ad28-11ef-97e7-e4a8dfc2a9a8,bike_sharing,4,25,0.06151064857840538,0.05909132957458496,17884.0,0.06204530969262123,151,1
StandardGSGP,acb3e1bc-ad28-11ef-97e7-e4a8dfc2a9a8,bike_sharing,4,26,0.06123542785644531,0.05913257598876953,18750.0,0.06206648051738739,157,1
StandardGSGP,acb3e1bc-ad28-11ef-97e7-e4a8dfc2a9a8,bike_sharing,4,27,0.06123542785644531,0.05858898162841797,19144.0,0.06206648051738739,157,1
StandardGSGP,acb3e1bc-ad28-11ef-97e7-e4a8dfc2a9a8,bike_sharing,4,28,0.06123542785644531,0.056522369384765625,19790.0,0.06206648051738739,157,1
StandardGSGP,acb3e1bc-ad28-11ef-97e7-e4a8dfc2a9a8,bike_sharing,4,29,0.06123542785644531,0.06499934196472168,19932.0,0.06206648051738739,157,1
StandardGSGP,acb3e1bc-ad28-11ef-97e7-e4a8dfc2a9a8,bike_sharing,4,30,0.06123542785644531,0.06351089477539062,20252.0,0.06206648051738739,157,1
StandardGSGP,acb3e1bc-ad28-11ef-97e7-e4a8dfc2a9a8,bike_sharing,4,31,0.06123542785644531,0.05783438682556152,20168.0,0.06206648051738739,157,1
StandardGSGP,acb3e1bc-ad28-11ef-97e7-e4a8dfc2a9a8,bike_sharing,4,32,0.06123542785644531,0.0540769100189209,20738.0,0.06206648051738739,157,1
StandardGSGP,acb3e1bc-ad28-11ef-97e7-e4a8dfc2a9a8,bike_sharing,4,33,0.06123542785644531,0.055516958236694336,21048.0,0.06206648051738739,157,1
StandardGSGP,acb3e1bc-ad28-11ef-97e7-e4a8dfc2a9a8,bike_sharing,4,34,0.06123542785644531,0.056999921798706055,21492.0,0.06206648051738739,157,1
StandardGSGP,acb3e1bc-ad28-11ef-97e7-e4a8dfc2a9a8,bike_sharing,4,35,0.06123542785644531,0.05444788932800293,21764.0,0.06206648051738739,157,1
StandardGSGP,acb3e1bc-ad28-11ef-97e7-e4a8dfc2a9a8,bike_sharing,4,36,0.06123542785644531,0.05800175666809082,22436.0,0.06206648051738739,157,1
StandardGSGP,acb3e1bc-ad28-11ef-97e7-e4a8dfc2a9a8,bike_sharing,4,37,0.060448940843343735,0.05579113960266113,22564.0,0.060701679438352585,167,1
StandardGSGP,acb3e1bc-ad28-11ef-97e7-e4a8dfc2a9a8,bike_sharing,4,38,0.060448940843343735,0.055300235748291016,23010.0,0.060701679438352585,167,1
StandardGSGP,acb3e1bc-ad28-11ef-97e7-e4a8dfc2a9a8,bike_sharing,4,39,0.05946565419435501,0.060582876205444336,22570.0,0.061835356056690216,173,1
StandardGSGP,acb3e1bc-ad28-11ef-97e7-e4a8dfc2a9a8,bike_sharing,4,40,0.05946565419435501,0.059515953063964844,22348.0,0.061835356056690216,173,1
StandardGSGP,acb3e1bc-ad28-11ef-97e7-e4a8dfc2a9a8,bike_sharing,4,41,0.05946565419435501,0.06248760223388672,22458.0,0.061835356056690216,173,1
StandardGSGP,acb3e1bc-ad28-11ef-97e7-e4a8dfc2a9a8,bike_sharing,4,42,0.05740746483206749,0.059297800064086914,23014.0,0.06231631711125374,181,1
StandardGSGP,acb3e1bc-ad28-11ef-97e7-e4a8dfc2a9a8,bike_sharing,4,43,0.056838274002075195,0.05651116371154785,22902.0,0.061969537287950516,187,1
StandardGSGP,acb3e1bc-ad28-11ef-97e7-e4a8dfc2a9a8,bike_sharing,4,44,0.056838274002075195,0.06256747245788574,23426.0,0.061969537287950516,187,1
StandardGSGP,acb3e1bc-ad28-11ef-97e7-e4a8dfc2a9a8,bike_sharing,4,45,0.05553055182099342,0.05752873420715332,23262.0,0.058624427765607834,193,1
StandardGSGP,acb3e1bc-ad28-11ef-97e7-e4a8dfc2a9a8,bike_sharing,4,46,0.05553055182099342,0.05973482131958008,22862.0,0.058624427765607834,193,1
StandardGSGP,acb3e1bc-ad28-11ef-97e7-e4a8dfc2a9a8,bike_sharing,4,47,0.05553055182099342,0.05455803871154785,22902.0,0.058624427765607834,193,1
StandardGSGP,acb3e1bc-ad28-11ef-97e7-e4a8dfc2a9a8,bike_sharing,4,48,0.05553055182099342,0.058879852294921875,23828.0,0.058624427765607834,193,1
StandardGSGP,acb3e1bc-ad28-11ef-97e7-e4a8dfc2a9a8,bike_sharing,4,49,0.05553055182099342,0.06637334823608398,23596.0,0.058624427765607834,193,1
StandardGSGP,acb3e1bc-ad28-11ef-97e7-e4a8dfc2a9a8,bike_sharing,4,50,0.05553055182099342,0.060441017150878906,24340.0,0.058624427765607834,193,1
StandardGSGP,acb3e1bc-ad28-11ef-97e7-e4a8dfc2a9a8,bike_sharing,4,51,0.05553055182099342,0.05251502990722656,25274.0,0.058624427765607834,193,1
StandardGSGP,acb3e1bc-ad28-11ef-97e7-e4a8dfc2a9a8,bike_sharing,4,52,0.05553055182099342,0.056563615798950195,25188.0,0.058624427765607834,193,1
StandardGSGP,acb3e1bc-ad28-11ef-97e7-e4a8dfc2a9a8,bike_sharing,4,53,0.05553055182099342,0.0567169189453125,25292.0,0.058624427765607834,193,1
StandardGSGP,acb3e1bc-ad28-11ef-97e7-e4a8dfc2a9a8,bike_sharing,4,54,0.05553055182099342,0.13130784034729004,25224.0,0.058624427765607834,193,1
StandardGSGP,acb3e1bc-ad28-11ef-97e7-e4a8dfc2a9a8,bike_sharing,4,55,0.05553055182099342,0.0577847957611084,24984.0,0.058624427765607834,193,1
StandardGSGP,acb3e1bc-ad28-11ef-97e7-e4a8dfc2a9a8,bike_sharing,4,56,0.05553055182099342,0.05512380599975586,24816.0,0.058624427765607834,193,1
StandardGSGP,acb3e1bc-ad28-11ef-97e7-e4a8dfc2a9a8,bike_sharing,4,57,0.05553055182099342,0.058510541915893555,24990.0,0.058624427765607834,193,1
StandardGSGP,acb3e1bc-ad28-11ef-97e7-e4a8dfc2a9a8,bike_sharing,4,58,0.05553055182099342,0.06200289726257324,25364.0,0.058624427765607834,193,1
StandardGSGP,acb3e1bc-ad28-11ef-97e7-e4a8dfc2a9a8,bike_sharing,4,59,0.05553055182099342,0.0576019287109375,25754.0,0.058624427765607834,193,1
StandardGSGP,acb3e1bc-ad28-11ef-97e7-e4a8dfc2a9a8,bike_sharing,4,60,0.05553055182099342,0.05664372444152832,25742.0,0.058624427765607834,193,1
StandardGSGP,acb3e1bc-ad28-11ef-97e7-e4a8dfc2a9a8,bike_sharing,4,61,0.05553055182099342,0.0596311092376709,25430.0,0.058624427765607834,193,1
StandardGSGP,acb3e1bc-ad28-11ef-97e7-e4a8dfc2a9a8,bike_sharing,4,62,0.05516621842980385,0.06289076805114746,26168.0,0.05859280377626419,203,1
StandardGSGP,acb3e1bc-ad28-11ef-97e7-e4a8dfc2a9a8,bike_sharing,4,63,0.05516621842980385,0.054001808166503906,26368.0,0.05859280377626419,203,1
StandardGSGP,acb3e1bc-ad28-11ef-97e7-e4a8dfc2a9a8,bike_sharing,4,64,0.05516621842980385,0.05751371383666992,26122.0,0.05859280377626419,203,1
StandardGSGP,acb3e1bc-ad28-11ef-97e7-e4a8dfc2a9a8,bike_sharing,4,65,0.05516621842980385,0.05751681327819824,26542.0,0.05859280377626419,203,1
StandardGSGP,acb3e1bc-ad28-11ef-97e7-e4a8dfc2a9a8,bike_sharing,4,66,0.05516403168439865,0.05969500541687012,27784.0,0.058603718876838684,209,1
StandardGSGP,acb3e1bc-ad28-11ef-97e7-e4a8dfc2a9a8,bike_sharing,4,67,0.05516403168439865,0.05711817741394043,27762.0,0.058603718876838684,209,1
StandardGSGP,acb3e1bc-ad28-11ef-97e7-e4a8dfc2a9a8,bike_sharing,4,68,0.05516403168439865,0.0585477352142334,26992.0,0.058603718876838684,209,1
StandardGSGP,acb3e1bc-ad28-11ef-97e7-e4a8dfc2a9a8,bike_sharing,4,69,0.05516403168439865,0.05690741539001465,25950.0,0.058603718876838684,209,1
StandardGSGP,acb3e1bc-ad28-11ef-97e7-e4a8dfc2a9a8,bike_sharing,4,70,0.05516403168439865,0.057985782623291016,25494.0,0.058603718876838684,209,1
StandardGSGP,acb3e1bc-ad28-11ef-97e7-e4a8dfc2a9a8,bike_sharing,4,71,0.05516403168439865,0.06200909614562988,25664.0,0.058603718876838684,209,1
StandardGSGP,acb3e1bc-ad28-11ef-97e7-e4a8dfc2a9a8,bike_sharing,4,72,0.05516403168439865,0.061768531799316406,27096.0,0.058603718876838684,209,1
StandardGSGP,acb3e1bc-ad28-11ef-97e7-e4a8dfc2a9a8,bike_sharing,4,73,0.05516403168439865,0.05756378173828125,28640.0,0.058603718876838684,209,1
StandardGSGP,acb3e1bc-ad28-11ef-97e7-e4a8dfc2a9a8,bike_sharing,4,74,0.05516403168439865,0.0611872673034668,29156.0,0.058603718876838684,209,1
StandardGSGP,acb3e1bc-ad28-11ef-97e7-e4a8dfc2a9a8,bike_sharing,4,75,0.05516403168439865,0.05685734748840332,28850.0,0.058603718876838684,209,1
StandardGSGP,acb3e1bc-ad28-11ef-97e7-e4a8dfc2a9a8,bike_sharing,4,76,0.05516403168439865,0.056407928466796875,27806.0,0.058603718876838684,209,1
StandardGSGP,acb3e1bc-ad28-11ef-97e7-e4a8dfc2a9a8,bike_sharing,4,77,0.05516403168439865,0.055509328842163086,27228.0,0.058603718876838684,209,1
StandardGSGP,acb3e1bc-ad28-11ef-97e7-e4a8dfc2a9a8,bike_sharing,4,78,0.05516403168439865,0.056156158447265625,26884.0,0.058603718876838684,209,1
StandardGSGP,acb3e1bc-ad28-11ef-97e7-e4a8dfc2a9a8,bike_sharing,4,79,0.05516403168439865,0.05605816841125488,26522.0,0.058603718876838684,209,1
StandardGSGP,acb3e1bc-ad28-11ef-97e7-e4a8dfc2a9a8,bike_sharing,4,80,0.05516403168439865,0.05435347557067871,26968.0,0.058603718876838684,209,1
StandardGSGP,acb3e1bc-ad28-11ef-97e7-e4a8dfc2a9a8,bike_sharing,4,81,0.05516403168439865,0.0564112663269043,26962.0,0.058603718876838684,209,1
StandardGSGP,acb3e1bc-ad28-11ef-97e7-e4a8dfc2a9a8,bike_sharing,4,82,0.05516403168439865,0.05578327178955078,26656.0,0.058603718876838684,209,1
StandardGSGP,acb3e1bc-ad28-11ef-97e7-e4a8dfc2a9a8,bike_sharing,4,83,0.05516403168439865,0.05551266670227051,27738.0,0.058603718876838684,209,1
StandardGSGP,acb3e1bc-ad28-11ef-97e7-e4a8dfc2a9a8,bike_sharing,4,84,0.05516403168439865,0.06721067428588867,28120.0,0.058603718876838684,209,1
StandardGSGP,acb3e1bc-ad28-11ef-97e7-e4a8dfc2a9a8,bike_sharing,4,85,0.05516403168439865,0.06157708168029785,28304.0,0.058603718876838684,209,1
StandardGSGP,acb3e1bc-ad28-11ef-97e7-e4a8dfc2a9a8,bike_sharing,4,86,0.05516403168439865,0.05665779113769531,28316.0,0.058603718876838684,209,1
StandardGSGP,acb3e1bc-ad28-11ef-97e7-e4a8dfc2a9a8,bike_sharing,4,87,0.05516403168439865,0.057747840881347656,29464.0,0.058603718876838684,209,1
StandardGSGP,acb3e1bc-ad28-11ef-97e7-e4a8dfc2a9a8,bike_sharing,4,88,0.05516403168439865,0.0620121955871582,29476.0,0.058603718876838684,209,1
StandardGSGP,acb3e1bc-ad28-11ef-97e7-e4a8dfc2a9a8,bike_sharing,4,89,0.05516403168439865,0.0585942268371582,30070.0,0.058603718876838684,209,1
StandardGSGP,acb3e1bc-ad28-11ef-97e7-e4a8dfc2a9a8,bike_sharing,4,90,0.05469558387994766,0.0574345588684082,30678.0,0.05591028928756714,215,1
StandardGSGP,acb3e1bc-ad28-11ef-97e7-e4a8dfc2a9a8,bike_sharing,4,91,0.049769848585128784,0.055001258850097656,30390.0,0.052555881440639496,225,1
StandardGSGP,acb3e1bc-ad28-11ef-97e7-e4a8dfc2a9a8,bike_sharing,4,92,0.049769848585128784,0.056051015853881836,29818.0,0.052555881440639496,225,1
StandardGSGP,acb3e1bc-ad28-11ef-97e7-e4a8dfc2a9a8,bike_sharing,4,93,0.04923030734062195,0.057159423828125,28224.0,0.052660129964351654,235,1
StandardGSGP,acb3e1bc-ad28-11ef-97e7-e4a8dfc2a9a8,bike_sharing,4,94,0.04923030734062195,0.059510231018066406,28576.0,0.052660129964351654,235,1
StandardGSGP,acb3e1bc-ad28-11ef-97e7-e4a8dfc2a9a8,bike_sharing,4,95,0.04923030734062195,0.05683088302612305,27620.0,0.052660129964351654,235,1
StandardGSGP,acb3e1bc-ad28-11ef-97e7-e4a8dfc2a9a8,bike_sharing,4,96,0.04923030734062195,0.054773569107055664,26994.0,0.052660129964351654,235,1
StandardGSGP,acb3e1bc-ad28-11ef-97e7-e4a8dfc2a9a8,bike_sharing,4,97,0.04923030734062195,0.05950784683227539,27318.0,0.052660129964351654,235,1
StandardGSGP,acb3e1bc-ad28-11ef-97e7-e4a8dfc2a9a8,bike_sharing,4,98,0.04923030734062195,0.05543351173400879,27348.0,0.052660129964351654,235,1
StandardGSGP,acb3e1bc-ad28-11ef-97e7-e4a8dfc2a9a8,bike_sharing,4,99,0.04923030734062195,0.06066703796386719,27618.0,0.052660129964351654,235,1
StandardGSGP,acb3e1bc-ad28-11ef-97e7-e4a8dfc2a9a8,bike_sharing,4,100,0.04923030734062195,0.060004234313964844,27864.0,0.052660129964351654,235,1
StandardGSGP,1d1357f8-ad29-11ef-97e7-e4a8dfc2a9a8,bike_sharing,4,0,0.0,0.05550956726074219,1372.0,0.0,3,1
StandardGSGP,1d1357f8-ad29-11ef-97e7-e4a8dfc2a9a8,bike_sharing,4,1,0.0,0.056290388107299805,1658.0,0.0,3,1
StandardGSGP,1d1357f8-ad29-11ef-97e7-e4a8dfc2a9a8,bike_sharing,4,2,0.0,0.06572604179382324,2774.0,0.0,3,1
StandardGSGP,1d1357f8-ad29-11ef-97e7-e4a8dfc2a9a8,bike_sharing,4,3,0.0,0.05770468711853027,2918.0,0.0,3,1
StandardGSGP,1d1357f8-ad29-11ef-97e7-e4a8dfc2a9a8,bike_sharing,4,4,0.0,0.05750703811645508,3286.0,0.0,3,1
StandardGSGP,1d1357f8-ad29-11ef-97e7-e4a8dfc2a9a8,bike_sharing,4,5,0.0,0.058806657791137695,3476.0,0.0,3,1
StandardGSGP,1d1357f8-ad29-11ef-97e7-e4a8dfc2a9a8,bike_sharing,4,6,0.0,0.05812716484069824,3950.0,0.0,3,1
StandardGSGP,1d1357f8-ad29-11ef-97e7-e4a8dfc2a9a8,bike_sharing,4,7,0.0,0.05650901794433594,4562.0,0.0,3,1
StandardGSGP,1d1357f8-ad29-11ef-97e7-e4a8dfc2a9a8,bike_sharing,4,8,0.0,0.06000232696533203,5102.0,0.0,3,1
StandardGSGP,1d1357f8-ad29-11ef-97e7-e4a8dfc2a9a8,bike_sharing,4,9,0.0,0.06250524520874023,5578.0,0.0,3,1
StandardGSGP,1d1357f8-ad29-11ef-97e7-e4a8dfc2a9a8,bike_sharing,4,10,0.0,0.06251263618469238,5866.0,0.0,3,1
StandardGSGP,1d1357f8-ad29-11ef-97e7-e4a8dfc2a9a8,bike_sharing,4,11,0.0,0.05999946594238281,6230.0,0.0,3,1
StandardGSGP,1d1357f8-ad29-11ef-97e7-e4a8dfc2a9a8,bike_sharing,4,12,0.0,0.06702685356140137,6688.0,0.0,3,1
StandardGSGP,1d1357f8-ad29-11ef-97e7-e4a8dfc2a9a8,bike_sharing,4,13,0.0,0.0588686466217041,7276.0,0.0,3,1
StandardGSGP,1d1357f8-ad29-11ef-97e7-e4a8dfc2a9a8,bike_sharing,4,14,0.0,0.059465646743774414,8430.0,0.0,3,1
StandardGSGP,1d1357f8-ad29-11ef-97e7-e4a8dfc2a9a8,bike_sharing,4,15,0.0,0.0605466365814209,7978.0,0.0,3,1
StandardGSGP,1d1357f8-ad29-11ef-97e7-e4a8dfc2a9a8,bike_sharing,4,16,0.0,0.05901622772216797,7104.0,0.0,3,1
StandardGSGP,1d1357f8-ad29-11ef-97e7-e4a8dfc2a9a8,bike_sharing,4,17,0.0,0.0666663646697998,6458.0,0.0,3,1
StandardGSGP,1d1357f8-ad29-11ef-97e7-e4a8dfc2a9a8,bike_sharing,4,18,0.0,0.06351375579833984,7068.0,0.0,3,1
StandardGSGP,1d1357f8-ad29-11ef-97e7-e4a8dfc2a9a8,bike_sharing,4,19,0.0,0.061521053314208984,7462.0,0.0,3,1
StandardGSGP,1d1357f8-ad29-11ef-97e7-e4a8dfc2a9a8,bike_sharing,4,20,0.0,0.05709362030029297,7652.0,0.0,3,1
StandardGSGP,1d1357f8-ad29-11ef-97e7-e4a8dfc2a9a8,bike_sharing,4,21,0.0,0.056841135025024414,8078.0,0.0,3,1
StandardGSGP,1d1357f8-ad29-11ef-97e7-e4a8dfc2a9a8,bike_sharing,4,22,0.0,0.057886600494384766,8168.0,0.0,3,1
StandardGSGP,1d1357f8-ad29-11ef-97e7-e4a8dfc2a9a8,bike_sharing,4,23,0.0,0.059921979904174805,6986.0,0.0,3,1
StandardGSGP,1d1357f8-ad29-11ef-97e7-e4a8dfc2a9a8,bike_sharing,4,24,0.0,0.07996106147766113,7812.0,0.0,3,1
StandardGSGP,1d1357f8-ad29-11ef-97e7-e4a8dfc2a9a8,bike_sharing,4,25,0.0,0.057999610900878906,7650.0,0.0,3,1
StandardGSGP,1d1357f8-ad29-11ef-97e7-e4a8dfc2a9a8,bike_sharing,4,26,0.0,0.06063556671142578,7054.0,0.0,3,1
StandardGSGP,1d1357f8-ad29-11ef-97e7-e4a8dfc2a9a8,bike_sharing,4,27,0.0,0.06000232696533203,8008.0,0.0,3,1
StandardGSGP,1d1357f8-ad29-11ef-97e7-e4a8dfc2a9a8,bike_sharing,4,28,0.0,0.06250882148742676,8372.0,0.0,3,1
StandardGSGP,1d1357f8-ad29-11ef-97e7-e4a8dfc2a9a8,bike_sharing,4,29,0.0,0.06561136245727539,9306.0,0.0,3,1
StandardGSGP,1d1357f8-ad29-11ef-97e7-e4a8dfc2a9a8,bike_sharing,4,30,0.0,0.056001901626586914,9590.0,0.0,3,1
StandardGSGP,1d1357f8-ad29-11ef-97e7-e4a8dfc2a9a8,bike_sharing,4,31,0.0,0.05850386619567871,9898.0,0.0,3,1
StandardGSGP,1d1357f8-ad29-11ef-97e7-e4a8dfc2a9a8,bike_sharing,4,32,0.0,0.059516191482543945,10776.0,0.0,3,1
StandardGSGP,1d1357f8-ad29-11ef-97e7-e4a8dfc2a9a8,bike_sharing,4,33,0.0,0.05963420867919922,11346.0,0.0,3,1
StandardGSGP,1d1357f8-ad29-11ef-97e7-e4a8dfc2a9a8,bike_sharing,4,34,0.0,0.05952119827270508,10872.0,0.0,3,1
StandardGSGP,1d1357f8-ad29-11ef-97e7-e4a8dfc2a9a8,bike_sharing,4,35,0.0,0.06070446968078613,11432.0,0.0,3,1
StandardGSGP,1d1357f8-ad29-11ef-97e7-e4a8dfc2a9a8,bike_sharing,4,36,0.0,0.06252884864807129,10438.0,0.0,3,1
StandardGSGP,1d1357f8-ad29-11ef-97e7-e4a8dfc2a9a8,bike_sharing,4,37,0.0,0.13878369331359863,9342.0,0.0,3,1
StandardGSGP,1d1357f8-ad29-11ef-97e7-e4a8dfc2a9a8,bike_sharing,4,38,0.0,0.05666232109069824,9340.0,0.0,3,1
StandardGSGP,1d1357f8-ad29-11ef-97e7-e4a8dfc2a9a8,bike_sharing,4,39,0.0,0.05617547035217285,8130.0,0.0,3,1
StandardGSGP,1d1357f8-ad29-11ef-97e7-e4a8dfc2a9a8,bike_sharing,4,40,0.0,0.06035280227661133,6872.0,0.0,3,1
StandardGSGP,1d1357f8-ad29-11ef-97e7-e4a8dfc2a9a8,bike_sharing,4,41,0.0,0.058744192123413086,5698.0,0.0,3,1
StandardGSGP,1d1357f8-ad29-11ef-97e7-e4a8dfc2a9a8,bike_sharing,4,42,0.0,0.06314659118652344,5604.0,0.0,3,1
StandardGSGP,1d1357f8-ad29-11ef-97e7-e4a8dfc2a9a8,bike_sharing,4,43,0.0,0.05910992622375488,6300.0,0.0,3,1
StandardGSGP,1d1357f8-ad29-11ef-97e7-e4a8dfc2a9a8,bike_sharing,4,44,0.0,0.058530330657958984,6922.0,0.0,3,1
StandardGSGP,1d1357f8-ad29-11ef-97e7-e4a8dfc2a9a8,bike_sharing,4,45,0.0,0.0629887580871582,7654.0,0.0,3,1
StandardGSGP,1d1357f8-ad29-11ef-97e7-e4a8dfc2a9a8,bike_sharing,4,46,0.0,0.05805373191833496,7102.0,0.0,3,1
StandardGSGP,1d1357f8-ad29-11ef-97e7-e4a8dfc2a9a8,bike_sharing,4,47,0.0,0.06252241134643555,7888.0,0.0,3,1
StandardGSGP,1d1357f8-ad29-11ef-97e7-e4a8dfc2a9a8,bike_sharing,4,48,0.0,0.05947232246398926,8518.0,0.0,3,1
StandardGSGP,1d1357f8-ad29-11ef-97e7-e4a8dfc2a9a8,bike_sharing,4,49,0.0,0.05778765678405762,8704.0,0.0,3,1
StandardGSGP,1d1357f8-ad29-11ef-97e7-e4a8dfc2a9a8,bike_sharing,4,50,0.0,0.05943655967712402,8338.0,0.0,3,1
StandardGSGP,1d1357f8-ad29-11ef-97e7-e4a8dfc2a9a8,bike_sharing,4,51,0.0,0.059998512268066406,8910.0,0.0,3,1
StandardGSGP,1d1357f8-ad29-11ef-97e7-e4a8dfc2a9a8,bike_sharing,4,52,0.0,0.0575098991394043,8906.0,0.0,3,1
StandardGSGP,1d1357f8-ad29-11ef-97e7-e4a8dfc2a9a8,bike_sharing,4,53,0.0,0.056244611740112305,9532.0,0.0,3,1
StandardGSGP,1d1357f8-ad29-11ef-97e7-e4a8dfc2a9a8,bike_sharing,4,54,0.0,0.05750751495361328,8794.0,0.0,3,1
StandardGSGP,1d1357f8-ad29-11ef-97e7-e4a8dfc2a9a8,bike_sharing,4,55,0.0,0.06273365020751953,8700.0,0.0,3,1
StandardGSGP,1d1357f8-ad29-11ef-97e7-e4a8dfc2a9a8,bike_sharing,4,56,0.0,0.06308341026306152,7602.0,0.0,3,1
StandardGSGP,1d1357f8-ad29-11ef-97e7-e4a8dfc2a9a8,bike_sharing,4,57,0.0,0.05746769905090332,7296.0,0.0,3,1
StandardGSGP,1d1357f8-ad29-11ef-97e7-e4a8dfc2a9a8,bike_sharing,4,58,0.0,0.058692216873168945,7738.0,0.0,3,1
StandardGSGP,1d1357f8-ad29-11ef-97e7-e4a8dfc2a9a8,bike_sharing,4,59,0.0,0.05750298500061035,7748.0,0.0,3,1
StandardGSGP,1d1357f8-ad29-11ef-97e7-e4a8dfc2a9a8,bike_sharing,4,60,0.0,0.0575108528137207,7708.0,0.0,3,1
StandardGSGP,1d1357f8-ad29-11ef-97e7-e4a8dfc2a9a8,bike_sharing,4,61,0.0,0.05499839782714844,7748.0,0.0,3,1
StandardGSGP,1d1357f8-ad29-11ef-97e7-e4a8dfc2a9a8,bike_sharing,4,62,0.0,0.05869483947753906,8238.0,0.0,3,1
StandardGSGP,1d1357f8-ad29-11ef-97e7-e4a8dfc2a9a8,bike_sharing,4,63,0.0,0.05700039863586426,8012.0,0.0,3,1
StandardGSGP,1d1357f8-ad29-11ef-97e7-e4a8dfc2a9a8,bike_sharing,4,64,0.0,0.05881214141845703,7268.0,0.0,3,1
StandardGSGP,1d1357f8-ad29-11ef-97e7-e4a8dfc2a9a8,bike_sharing,4,65,0.0,0.05852770805358887,8254.0,0.0,3,1
StandardGSGP,1d1357f8-ad29-11ef-97e7-e4a8dfc2a9a8,bike_sharing,4,66,0.0,0.05855393409729004,8384.0,0.0,3,1
StandardGSGP,1d1357f8-ad29-11ef-97e7-e4a8dfc2a9a8,bike_sharing,4,67,0.0,0.05823373794555664,8094.0,0.0,3,1
StandardGSGP,1d1357f8-ad29-11ef-97e7-e4a8dfc2a9a8,bike_sharing,4,68,0.0,0.05899667739868164,7406.0,0.0,3,1
StandardGSGP,1d1357f8-ad29-11ef-97e7-e4a8dfc2a9a8,bike_sharing,4,69,0.0,0.0555112361907959,7876.0,0.0,3,1
StandardGSGP,1d1357f8-ad29-11ef-97e7-e4a8dfc2a9a8,bike_sharing,4,70,0.0,0.0562596321105957,8384.0,0.0,3,1
StandardGSGP,1d1357f8-ad29-11ef-97e7-e4a8dfc2a9a8,bike_sharing,4,71,0.0,0.05995011329650879,7512.0,0.0,3,1
StandardGSGP,1d1357f8-ad29-11ef-97e7-e4a8dfc2a9a8,bike_sharing,4,72,0.0,0.06557178497314453,7348.0,0.0,3,1
StandardGSGP,1d1357f8-ad29-11ef-97e7-e4a8dfc2a9a8,bike_sharing,4,73,0.0,0.06299972534179688,6990.0,0.0,3,1
StandardGSGP,1d1357f8-ad29-11ef-97e7-e4a8dfc2a9a8,bike_sharing,4,74,0.0,0.056507110595703125,7236.0,0.0,3,1
StandardGSGP,1d1357f8-ad29-11ef-97e7-e4a8dfc2a9a8,bike_sharing,4,75,0.0,0.06082797050476074,6400.0,0.0,3,1
StandardGSGP,1d1357f8-ad29-11ef-97e7-e4a8dfc2a9a8,bike_sharing,4,76,0.0,0.06454706192016602,7322.0,0.0,3,1
StandardGSGP,1d1357f8-ad29-11ef-97e7-e4a8dfc2a9a8,bike_sharing,4,77,0.0,0.06350946426391602,7900.0,0.0,3,1
StandardGSGP,1d1357f8-ad29-11ef-97e7-e4a8dfc2a9a8,bike_sharing,4,78,0.0,0.056272029876708984,7702.0,0.0,3,1
StandardGSGP,1d1357f8-ad29-11ef-97e7-e4a8dfc2a9a8,bike_sharing,4,79,0.0,0.05810117721557617,8624.0,0.0,3,1
StandardGSGP,1d1357f8-ad29-11ef-97e7-e4a8dfc2a9a8,bike_sharing,4,80,0.0,0.05847644805908203,8216.0,0.0,3,1
StandardGSGP,1d1357f8-ad29-11ef-97e7-e4a8dfc2a9a8,bike_sharing,4,81,0.0,0.056078433990478516,7488.0,0.0,3,1
StandardGSGP,1d1357f8-ad29-11ef-97e7-e4a8dfc2a9a8,bike_sharing,4,82,0.0,0.05550861358642578,8056.0,0.0,3,1
StandardGSGP,1d1357f8-ad29-11ef-97e7-e4a8dfc2a9a8,bike_sharing,4,83,0.0,0.06000661849975586,8962.0,0.0,3,1
StandardGSGP,1d1357f8-ad29-11ef-97e7-e4a8dfc2a9a8,bike_sharing,4,84,0.0,0.05694723129272461,9924.0,0.0,3,1
StandardGSGP,1d1357f8-ad29-11ef-97e7-e4a8dfc2a9a8,bike_sharing,4,85,0.0,0.0597383975982666,8932.0,0.0,3,1
StandardGSGP,1d1357f8-ad29-11ef-97e7-e4a8dfc2a9a8,bike_sharing,4,86,0.0,0.056999921798706055,9076.0,0.0,3,1
StandardGSGP,1d1357f8-ad29-11ef-97e7-e4a8dfc2a9a8,bike_sharing,4,87,0.0,0.06351161003112793,9938.0,0.0,3,1
StandardGSGP,1d1357f8-ad29-11ef-97e7-e4a8dfc2a9a8,bike_sharing,4,88,0.0,0.061527252197265625,10346.0,0.0,3,1
StandardGSGP,1d1357f8-ad29-11ef-97e7-e4a8dfc2a9a8,bike_sharing,4,89,0.0,0.060266733169555664,10964.0,0.0,3,1
StandardGSGP,1d1357f8-ad29-11ef-97e7-e4a8dfc2a9a8,bike_sharing,4,90,0.0,0.058832645416259766,10988.0,0.0,3,1
StandardGSGP,1d1357f8-ad29-11ef-97e7-e4a8dfc2a9a8,bike_sharing,4,91,0.0,0.059721946716308594,11320.0,0.0,3,1
StandardGSGP,1d1357f8-ad29-11ef-97e7-e4a8dfc2a9a8,bike_sharing,4,92,0.0,0.06145977973937988,12710.0,0.0,3,1
StandardGSGP,1d1357f8-ad29-11ef-97e7-e4a8dfc2a9a8,bike_sharing,4,93,0.0,0.05712246894836426,13192.0,0.0,3,1
StandardGSGP,1d1357f8-ad29-11ef-97e7-e4a8dfc2a9a8,bike_sharing,4,94,0.0,0.06250596046447754,12466.0,0.0,3,1
StandardGSGP,1d1357f8-ad29-11ef-97e7-e4a8dfc2a9a8,bike_sharing,4,95,0.0,0.05650830268859863,12538.0,0.0,3,1
StandardGSGP,1d1357f8-ad29-11ef-97e7-e4a8dfc2a9a8,bike_sharing,4,96,0.0,0.05607771873474121,10770.0,0.0,3,1
StandardGSGP,1d1357f8-ad29-11ef-97e7-e4a8dfc2a9a8,bike_sharing,4,97,0.0,0.0606083869934082,9514.0,0.0,3,1
StandardGSGP,1d1357f8-ad29-11ef-97e7-e4a8dfc2a9a8,bike_sharing,4,98,0.0,0.058991193771362305,10774.0,0.0,3,1
StandardGSGP,1d1357f8-ad29-11ef-97e7-e4a8dfc2a9a8,bike_sharing,4,99,0.0,0.06042122840881348,12482.0,0.0,3,1
StandardGSGP,1d1357f8-ad29-11ef-97e7-e4a8dfc2a9a8,bike_sharing,4,100,0.0,0.061766624450683594,13558.0,0.0,3,1
