StandardGSGP,c2da4ad1-ad28-11ef-bb08-e4a8dfc2a9a8,bike_sharing,10,0,0.24908927083015442,0.059372901916503906,1370.0,0.21716906130313873,5,1
StandardGSGP,c2da4ad1-ad28-11ef-bb08-e4a8dfc2a9a8,bike_sharing,10,1,0.22763238847255707,0.05341029167175293,1406.0,0.2099144160747528,13,1
StandardGSGP,c2da4ad1-ad28-11ef-bb08-e4a8dfc2a9a8,bike_sharing,10,2,0.210182324051857,0.05854201316833496,2122.0,0.1897634118795395,17,1
StandardGSGP,c2da4ad1-ad28-11ef-bb08-e4a8dfc2a9a8,bike_sharing,10,3,0.199832946062088,0.05581951141357422,2920.0,0.19829592108726501,21,1
StandardGSGP,c2da4ad1-ad28-11ef-bb08-e4a8dfc2a9a8,bike_sharing,10,4,0.18387219309806824,0.0559995174407959,3520.0,0.18293745815753937,33,1
StandardGSGP,c2da4ad1-ad28-11ef-bb08-e4a8dfc2a9a8,bike_sharing,10,5,0.15866653621196747,0.05401158332824707,4228.0,0.16716419160366058,41,1
StandardGSGP,c2da4ad1-ad28-11ef-bb08-e4a8dfc2a9a8,bike_sharing,10,6,0.15171150863170624,0.05431103706359863,4806.0,0.16215193271636963,51,1
StandardGSGP,c2da4ad1-ad28-11ef-bb08-e4a8dfc2a9a8,bike_sharing,10,7,0.15171150863170624,0.05951189994812012,5388.0,0.16215193271636963,51,1
StandardGSGP,c2da4ad1-ad28-11ef-bb08-e4a8dfc2a9a8,bike_sharing,10,8,0.14672480523586273,0.055512428283691406,6006.0,0.15162090957164764,59,1
StandardGSGP,c2da4ad1-ad28-11ef-bb08-e4a8dfc2a9a8,bike_sharing,10,9,0.14484527707099915,0.056998491287231445,6810.0,0.14836406707763672,67,1
StandardGSGP,c2da4ad1-ad28-11ef-bb08-e4a8dfc2a9a8,bike_sharing,10,10,0.14484527707099915,0.05750870704650879,7650.0,0.14836406707763672,67,1
StandardGSGP,c2da4ad1-ad28-11ef-bb08-e4a8dfc2a9a8,bike_sharing,10,11,0.13324309885501862,0.054001808166503906,8346.0,0.1380729079246521,71,1
StandardGSGP,c2da4ad1-ad28-11ef-bb08-e4a8dfc2a9a8,bike_sharing,10,12,0.13324309885501862,0.05750608444213867,9210.0,0.1380729079246521,71,1
StandardGSGP,c2da4ad1-ad28-11ef-bb08-e4a8dfc2a9a8,bike_sharing,10,13,0.13324309885501862,0.05751180648803711,9990.0,0.1380729079246521,71,1
StandardGSGP,c2da4ad1-ad28-11ef-bb08-e4a8dfc2a9a8,bike_sharing,10,14,0.13324309885501862,0.06033921241760254,10630.0,0.1380729079246521,71,1
StandardGSGP,c2da4ad1-ad28-11ef-bb08-e4a8dfc2a9a8,bike_sharing,10,15,0.1322704553604126,0.05743813514709473,10926.0,0.13661101460456848,99,1
StandardGSGP,c2da4ad1-ad28-11ef-bb08-e4a8dfc2a9a8,bike_sharing,10,16,0.1322704553604126,0.05924177169799805,11560.0,0.13661101460456848,99,1
StandardGSGP,c2da4ad1-ad28-11ef-bb08-e4a8dfc2a9a8,bike_sharing,10,17,0.1322704553604126,0.05750560760498047,12198.0,0.13661101460456848,99,1
StandardGSGP,c2da4ad1-ad28-11ef-bb08-e4a8dfc2a9a8,bike_sharing,10,18,0.13049986958503723,0.13451337814331055,12554.0,0.1348162144422531,121,1
StandardGSGP,c2da4ad1-ad28-11ef-bb08-e4a8dfc2a9a8,bike_sharing,10,19,0.13049986958503723,0.05551266670227051,12980.0,0.1348162144422531,121,1
StandardGSGP,c2da4ad1-ad28-11ef-bb08-e4a8dfc2a9a8,bike_sharing,10,20,0.1260075569152832,0.06223106384277344,13482.0,0.13078725337982178,129,1
StandardGSGP,c2da4ad1-ad28-11ef-bb08-e4a8dfc2a9a8,bike_sharing,10,21,0.1260075569152832,0.05799984931945801,13748.0,0.13078725337982178,129,1
StandardGSGP,c2da4ad1-ad28-11ef-bb08-e4a8dfc2a9a8,bike_sharing,10,22,0.12489611655473709,0.05786752700805664,14422.0,0.1294449269771576,139,1
StandardGSGP,c2da4ad1-ad28-11ef-bb08-e4a8dfc2a9a8,bike_sharing,10,23,0.12053590267896652,0.055999755859375,14974.0,0.12026818096637726,147,1
StandardGSGP,c2da4ad1-ad28-11ef-bb08-e4a8dfc2a9a8,bike_sharing,10,24,0.11338919401168823,0.05550718307495117,16022.0,0.11278226226568222,135,1
StandardGSGP,c2da4ad1-ad28-11ef-bb08-e4a8dfc2a9a8,bike_sharing,10,25,0.11338919401168823,0.05600309371948242,16288.0,0.11278226226568222,135,1
StandardGSGP,c2da4ad1-ad28-11ef-bb08-e4a8dfc2a9a8,bike_sharing,10,26,0.11219584941864014,0.058873891830444336,16792.0,0.11512117087841034,165,1
StandardGSGP,c2da4ad1-ad28-11ef-bb08-e4a8dfc2a9a8,bike_sharing,10,27,0.11219584941864014,0.0559391975402832,17418.0,0.11512117087841034,165,1
StandardGSGP,c2da4ad1-ad28-11ef-bb08-e4a8dfc2a9a8,bike_sharing,10,28,0.11151988059282303,0.05808568000793457,17858.0,0.11419030278921127,173,1
StandardGSGP,c2da4ad1-ad28-11ef-bb08-e4a8dfc2a9a8,bike_sharing,10,29,0.10822620242834091,0.05753636360168457,18668.0,0.11205900460481644,175,1
StandardGSGP,c2da4ad1-ad28-11ef-bb08-e4a8dfc2a9a8,bike_sharing,10,30,0.10822620242834091,0.05441451072692871,19166.0,0.11205900460481644,175,1
StandardGSGP,c2da4ad1-ad28-11ef-bb08-e4a8dfc2a9a8,bike_sharing,10,31,0.10506244003772736,0.05550575256347656,19702.0,0.10810789465904236,181,1
StandardGSGP,c2da4ad1-ad28-11ef-bb08-e4a8dfc2a9a8,bike_sharing,10,32,0.1028624176979065,0.0575108528137207,20202.0,0.10777321457862854,205,1
StandardGSGP,c2da4ad1-ad28-11ef-bb08-e4a8dfc2a9a8,bike_sharing,10,33,0.10041976720094681,0.06499958038330078,21104.0,0.10453479737043381,215,1
StandardGSGP,c2da4ad1-ad28-11ef-bb08-e4a8dfc2a9a8,bike_sharing,10,34,0.10041976720094681,0.0615086555480957,21570.0,0.10453479737043381,215,1
StandardGSGP,c2da4ad1-ad28-11ef-bb08-e4a8dfc2a9a8,bike_sharing,10,35,0.09801877290010452,0.05473017692565918,22288.0,0.10224933177232742,203,1
StandardGSGP,c2da4ad1-ad28-11ef-bb08-e4a8dfc2a9a8,bike_sharing,10,36,0.09801877290010452,0.05868983268737793,23100.0,0.10224933177232742,203,1
StandardGSGP,c2da4ad1-ad28-11ef-bb08-e4a8dfc2a9a8,bike_sharing,10,37,0.09801877290010452,0.05651044845581055,23408.0,0.10224933177232742,203,1
StandardGSGP,c2da4ad1-ad28-11ef-bb08-e4a8dfc2a9a8,bike_sharing,10,38,0.09801877290010452,0.05779099464416504,23792.0,0.10224933177232742,203,1
StandardGSGP,c2da4ad1-ad28-11ef-bb08-e4a8dfc2a9a8,bike_sharing,10,39,0.09574422985315323,0.056815385818481445,24686.0,0.09625954180955887,219,1
StandardGSGP,c2da4ad1-ad28-11ef-bb08-e4a8dfc2a9a8,bike_sharing,10,40,0.09302081912755966,0.05815577507019043,25362.0,0.09503241628408432,225,1
StandardGSGP,c2da4ad1-ad28-11ef-bb08-e4a8dfc2a9a8,bike_sharing,10,41,0.09302081912755966,0.05852198600769043,26326.0,0.09503241628408432,225,1
StandardGSGP,c2da4ad1-ad28-11ef-bb08-e4a8dfc2a9a8,bike_sharing,10,42,0.09272613376379013,0.05628228187561035,27204.0,0.09375987201929092,233,1
StandardGSGP,c2da4ad1-ad28-11ef-bb08-e4a8dfc2a9a8,bike_sharing,10,43,0.09272613376379013,0.05582571029663086,27376.0,0.09375987201929092,233,1
StandardGSGP,c2da4ad1-ad28-11ef-bb08-e4a8dfc2a9a8,bike_sharing,10,44,0.09272613376379013,0.057906150817871094,27702.0,0.09375987201929092,233,1
StandardGSGP,c2da4ad1-ad28-11ef-bb08-e4a8dfc2a9a8,bike_sharing,10,45,0.09272613376379013,0.054996490478515625,27856.0,0.09375987201929092,233,1
StandardGSGP,c2da4ad1-ad28-11ef-bb08-e4a8dfc2a9a8,bike_sharing,10,46,0.09272613376379013,0.05663561820983887,27840.0,0.09375987201929092,233,1
StandardGSGP,c2da4ad1-ad28-11ef-bb08-e4a8dfc2a9a8,bike_sharing,10,47,0.09272613376379013,0.061220645904541016,27484.0,0.09375987201929092,233,1
StandardGSGP,c2da4ad1-ad28-11ef-bb08-e4a8dfc2a9a8,bike_sharing,10,48,0.09272613376379013,0.06702518463134766,28380.0,0.09375987201929092,233,1
StandardGSGP,c2da4ad1-ad28-11ef-bb08-e4a8dfc2a9a8,bike_sharing,10,49,0.09272613376379013,0.06180310249328613,29048.0,0.09375987201929092,233,1
StandardGSGP,c2da4ad1-ad28-11ef-bb08-e4a8dfc2a9a8,bike_sharing,10,50,0.09272613376379013,0.055968523025512695,29500.0,0.09375987201929092,233,1
StandardGSGP,c2da4ad1-ad28-11ef-bb08-e4a8dfc2a9a8,bike_sharing,10,51,0.09272613376379013,0.059509992599487305,30054.0,0.09375987201929092,233,1
StandardGSGP,c2da4ad1-ad28-11ef-bb08-e4a8dfc2a9a8,bike_sharing,10,52,0.09272613376379013,0.05533146858215332,30428.0,0.09375987201929092,233,1
StandardGSGP,c2da4ad1-ad28-11ef-bb08-e4a8dfc2a9a8,bike_sharing,10,53,0.09272613376379013,0.05701756477355957,29696.0,0.09375987201929092,233,1
StandardGSGP,c2da4ad1-ad28-11ef-bb08-e4a8dfc2a9a8,bike_sharing,10,54,0.09272613376379013,0.0635061264038086,30734.0,0.09375987201929092,233,1
StandardGSGP,c2da4ad1-ad28-11ef-bb08-e4a8dfc2a9a8,bike_sharing,10,55,0.09272613376379013,0.060265302658081055,31022.0,0.09375987201929092,233,1
StandardGSGP,c2da4ad1-ad28-11ef-bb08-e4a8dfc2a9a8,bike_sharing,10,56,0.09272613376379013,0.05750560760498047,30862.0,0.09375987201929092,233,1
StandardGSGP,c2da4ad1-ad28-11ef-bb08-e4a8dfc2a9a8,bike_sharing,10,57,0.09272613376379013,0.05751180648803711,30582.0,0.09375987201929092,233,1
StandardGSGP,c2da4ad1-ad28-11ef-bb08-e4a8dfc2a9a8,bike_sharing,10,58,0.0917922854423523,0.05799984931945801,29260.0,0.09625953435897827,253,1
StandardGSGP,c2da4ad1-ad28-11ef-bb08-e4a8dfc2a9a8,bike_sharing,10,59,0.0917922854423523,0.0575098991394043,28962.0,0.09625953435897827,253,1
StandardGSGP,c2da4ad1-ad28-11ef-bb08-e4a8dfc2a9a8,bike_sharing,10,60,0.0917922854423523,0.05599856376647949,28992.0,0.09625953435897827,253,1
StandardGSGP,c2da4ad1-ad28-11ef-bb08-e4a8dfc2a9a8,bike_sharing,10,61,0.09068073332309723,0.05551457405090332,28854.0,0.09288041293621063,281,1
StandardGSGP,c2da4ad1-ad28-11ef-bb08-e4a8dfc2a9a8,bike_sharing,10,62,0.09011474251747131,0.05500292778015137,30010.0,0.09576498717069626,263,1
StandardGSGP,c2da4ad1-ad28-11ef-bb08-e4a8dfc2a9a8,bike_sharing,10,63,0.0888366624712944,0.05750751495361328,30178.0,0.08910004794597626,289,1
StandardGSGP,c2da4ad1-ad28-11ef-bb08-e4a8dfc2a9a8,bike_sharing,10,64,0.08794977515935898,0.058508872985839844,30854.0,0.08652447164058685,297,1
StandardGSGP,c2da4ad1-ad28-11ef-bb08-e4a8dfc2a9a8,bike_sharing,10,65,0.08716225624084473,0.05671072006225586,31042.0,0.09121987968683243,283,1
StandardGSGP,c2da4ad1-ad28-11ef-bb08-e4a8dfc2a9a8,bike_sharing,10,66,0.08674299716949463,0.05907440185546875,31488.0,0.08841532468795776,313,1
StandardGSGP,c2da4ad1-ad28-11ef-bb08-e4a8dfc2a9a8,bike_sharing,10,67,0.08674299716949463,0.05753278732299805,31620.0,0.08841532468795776,313,1
StandardGSGP,c2da4ad1-ad28-11ef-bb08-e4a8dfc2a9a8,bike_sharing,10,68,0.08674299716949463,0.060906410217285156,32106.0,0.08841532468795776,313,1
StandardGSGP,c2da4ad1-ad28-11ef-bb08-e4a8dfc2a9a8,bike_sharing,10,69,0.084335096180439,0.05868840217590332,32866.0,0.08272725343704224,309,1
StandardGSGP,c2da4ad1-ad28-11ef-bb08-e4a8dfc2a9a8,bike_sharing,10,70,0.08420944958925247,0.061545610427856445,33406.0,0.08260468393564224,317,1
StandardGSGP,c2da4ad1-ad28-11ef-bb08-e4a8dfc2a9a8,bike_sharing,10,71,0.08364775031805038,0.062024593353271484,33924.0,0.08297131210565567,323,1
StandardGSGP,c2da4ad1-ad28-11ef-bb08-e4a8dfc2a9a8,bike_sharing,10,72,0.08364775031805038,0.05650973320007324,34098.0,0.08297131210565567,323,1
StandardGSGP,c2da4ad1-ad28-11ef-bb08-e4a8dfc2a9a8,bike_sharing,10,73,0.08364775031805038,0.057260751724243164,34394.0,0.08297131210565567,323,1
StandardGSGP,c2da4ad1-ad28-11ef-bb08-e4a8dfc2a9a8,bike_sharing,10,74,0.08265669643878937,0.056557655334472656,34826.0,0.08572913706302643,335,1
StandardGSGP,c2da4ad1-ad28-11ef-bb08-e4a8dfc2a9a8,bike_sharing,10,75,0.08265669643878937,0.0579986572265625,35012.0,0.08572913706302643,335,1
StandardGSGP,c2da4ad1-ad28-11ef-bb08-e4a8dfc2a9a8,bike_sharing,10,76,0.08265669643878937,0.057529449462890625,35824.0,0.08572913706302643,335,1
StandardGSGP,c2da4ad1-ad28-11ef-bb08-e4a8dfc2a9a8,bike_sharing,10,77,0.08265669643878937,0.07125234603881836,36184.0,0.08572913706302643,335,1
StandardGSGP,c2da4ad1-ad28-11ef-bb08-e4a8dfc2a9a8,bike_sharing,10,78,0.08265669643878937,0.06269979476928711,36442.0,0.08572913706302643,335,1
StandardGSGP,c2da4ad1-ad28-11ef-bb08-e4a8dfc2a9a8,bike_sharing,10,79,0.0804687887430191,0.06292581558227539,37008.0,0.08091098815202713,347,1
StandardGSGP,c2da4ad1-ad28-11ef-bb08-e4a8dfc2a9a8,bike_sharing,10,80,0.0804687887430191,0.13605594635009766,37236.0,0.08091098815202713,347,1
StandardGSGP,c2da4ad1-ad28-11ef-bb08-e4a8dfc2a9a8,bike_sharing,10,81,0.0804687887430191,0.05851173400878906,37714.0,0.08091098815202713,347,1
StandardGSGP,c2da4ad1-ad28-11ef-bb08-e4a8dfc2a9a8,bike_sharing,10,82,0.0804687887430191,0.06355810165405273,38420.0,0.08091098815202713,347,1
StandardGSGP,c2da4ad1-ad28-11ef-bb08-e4a8dfc2a9a8,bike_sharing,10,83,0.0804687887430191,0.06399869918823242,38932.0,0.08091098815202713,347,1
StandardGSGP,c2da4ad1-ad28-11ef-bb08-e4a8dfc2a9a8,bike_sharing,10,84,0.0804687887430191,0.06450009346008301,39396.0,0.08091098815202713,347,1
StandardGSGP,c2da4ad1-ad28-11ef-bb08-e4a8dfc2a9a8,bike_sharing,10,85,0.0804687887430191,0.057003021240234375,39464.0,0.08091098815202713,347,1
StandardGSGP,c2da4ad1-ad28-11ef-bb08-e4a8dfc2a9a8,bike_sharing,10,86,0.0796024426817894,0.06284785270690918,40206.0,0.08105040341615677,363,1
StandardGSGP,c2da4ad1-ad28-11ef-bb08-e4a8dfc2a9a8,bike_sharing,10,87,0.0796024426817894,0.06322622299194336,41006.0,0.08105040341615677,363,1
StandardGSGP,c2da4ad1-ad28-11ef-bb08-e4a8dfc2a9a8,bike_sharing,10,88,0.07949819415807724,0.05900216102600098,41100.0,0.08097866922616959,369,1
StandardGSGP,c2da4ad1-ad28-11ef-bb08-e4a8dfc2a9a8,bike_sharing,10,89,0.07949819415807724,0.058506011962890625,41072.0,0.08097866922616959,369,1
StandardGSGP,c2da4ad1-ad28-11ef-bb08-e4a8dfc2a9a8,bike_sharing,10,90,0.07949819415807724,0.06851077079772949,41504.0,0.08097866922616959,369,1
StandardGSGP,c2da4ad1-ad28-11ef-bb08-e4a8dfc2a9a8,bike_sharing,10,91,0.07949819415807724,0.06800293922424316,41408.0,0.08097866922616959,369,1
StandardGSGP,c2da4ad1-ad28-11ef-bb08-e4a8dfc2a9a8,bike_sharing,10,92,0.07949819415807724,0.0659797191619873,41674.0,0.08097866922616959,369,1
StandardGSGP,c2da4ad1-ad28-11ef-bb08-e4a8dfc2a9a8,bike_sharing,10,93,0.07634245604276657,0.06051206588745117,41654.0,0.08032319694757462,383,1
StandardGSGP,c2da4ad1-ad28-11ef-bb08-e4a8dfc2a9a8,bike_sharing,10,94,0.07634245604276657,0.06800365447998047,41742.0,0.08032319694757462,383,1
StandardGSGP,c2da4ad1-ad28-11ef-bb08-e4a8dfc2a9a8,bike_sharing,10,95,0.07634245604276657,0.07173442840576172,42520.0,0.08032319694757462,383,1
StandardGSGP,c2da4ad1-ad28-11ef-bb08-e4a8dfc2a9a8,bike_sharing,10,96,0.07634245604276657,0.06992149353027344,43576.0,0.08032319694757462,383,1
StandardGSGP,c2da4ad1-ad28-11ef-bb08-e4a8dfc2a9a8,bike_sharing,10,97,0.07634245604276657,0.07049822807312012,42892.0,0.08032319694757462,383,1
StandardGSGP,c2da4ad1-ad28-11ef-bb08-e4a8dfc2a9a8,bike_sharing,10,98,0.07634245604276657,0.07375931739807129,42998.0,0.08032319694757462,383,1
StandardGSGP,c2da4ad1-ad28-11ef-bb08-e4a8dfc2a9a8,bike_sharing,10,99,0.07634245604276657,0.06332826614379883,42572.0,0.08032319694757462,383,1
StandardGSGP,c2da4ad1-ad28-11ef-bb08-e4a8dfc2a9a8,bike_sharing,10,100,0.07634245604276657,0.06151247024536133,43110.0,0.08032319694757462,383,1
StandardGSGP,33ff1be5-ad29-11ef-bb08-e4a8dfc2a9a8,bike_sharing,10,0,1091.3487548828125,0.062358856201171875,1370.0,1081.089111328125,5,1
StandardGSGP,33ff1be5-ad29-11ef-bb08-e4a8dfc2a9a8,bike_sharing,10,1,1090.9820556640625,0.056000471115112305,1386.0,1080.7279052734375,19,1
StandardGSGP,33ff1be5-ad29-11ef-bb08-e4a8dfc2a9a8,bike_sharing,10,2,1090.8271484375,0.05750560760498047,2200.0,1080.5794677734375,35,1
StandardGSGP,33ff1be5-ad29-11ef-bb08-e4a8dfc2a9a8,bike_sharing,10,3,1090.535888671875,0.05775594711303711,3116.0,1080.2843017578125,41,1
StandardGSGP,33ff1be5-ad29-11ef-bb08-e4a8dfc2a9a8,bike_sharing,10,4,1090.16748046875,0.05830645561218262,4236.0,1079.930419921875,49,1
StandardGSGP,33ff1be5-ad29-11ef-bb08-e4a8dfc2a9a8,bike_sharing,10,5,1089.896240234375,0.057314395904541016,5464.0,1079.65185546875,59,1
StandardGSGP,33ff1be5-ad29-11ef-bb08-e4a8dfc2a9a8,bike_sharing,10,6,1089.4755859375,0.128645658493042,6372.0,1079.264892578125,69,1
StandardGSGP,33ff1be5-ad29-11ef-bb08-e4a8dfc2a9a8,bike_sharing,10,7,1088.8309326171875,0.06142377853393555,7352.0,1078.61181640625,71,1
StandardGSGP,33ff1be5-ad29-11ef-bb08-e4a8dfc2a9a8,bike_sharing,10,8,1088.8056640625,0.05600261688232422,8176.0,1078.5904541015625,81,1
StandardGSGP,33ff1be5-ad29-11ef-bb08-e4a8dfc2a9a8,bike_sharing,10,9,1088.4757080078125,0.06018495559692383,8956.0,1078.26611328125,79,1
StandardGSGP,33ff1be5-ad29-11ef-bb08-e4a8dfc2a9a8,bike_sharing,10,10,1088.1551513671875,0.0583186149597168,9898.0,1077.9476318359375,97,1
StandardGSGP,33ff1be5-ad29-11ef-bb08-e4a8dfc2a9a8,bike_sharing,10,11,1087.570556640625,0.05578303337097168,10600.0,1077.3807373046875,119,1
StandardGSGP,33ff1be5-ad29-11ef-bb08-e4a8dfc2a9a8,bike_sharing,10,12,1087.4473876953125,0.06482362747192383,11324.0,1077.263916015625,97,1
StandardGSGP,33ff1be5-ad29-11ef-bb08-e4a8dfc2a9a8,bike_sharing,10,13,1087.296142578125,0.05871129035949707,12464.0,1077.109619140625,135,1
StandardGSGP,33ff1be5-ad29-11ef-bb08-e4a8dfc2a9a8,bike_sharing,10,14,1087.0523681640625,0.06150507926940918,13578.0,1076.8720703125,141,1
StandardGSGP,33ff1be5-ad29-11ef-bb08-e4a8dfc2a9a8,bike_sharing,10,15,1086.4410400390625,0.0639493465423584,14466.0,1076.2515869140625,139,1
StandardGSGP,33ff1be5-ad29-11ef-bb08-e4a8dfc2a9a8,bike_sharing,10,16,1086.09033203125,0.06299424171447754,15496.0,1075.9080810546875,159,1
StandardGSGP,33ff1be5-ad29-11ef-bb08-e4a8dfc2a9a8,bike_sharing,10,17,1085.8087158203125,0.05948781967163086,16132.0,1075.6304931640625,165,1
StandardGSGP,33ff1be5-ad29-11ef-bb08-e4a8dfc2a9a8,bike_sharing,10,18,1085.647216796875,0.05903506278991699,16780.0,1075.4835205078125,171,1
StandardGSGP,33ff1be5-ad29-11ef-bb08-e4a8dfc2a9a8,bike_sharing,10,19,1085.5596923828125,0.06194019317626953,17978.0,1075.410400390625,177,1
StandardGSGP,33ff1be5-ad29-11ef-bb08-e4a8dfc2a9a8,bike_sharing,10,20,1085.154052734375,0.059522151947021484,18938.0,1074.9990234375,193,1
StandardGSGP,33ff1be5-ad29-11ef-bb08-e4a8dfc2a9a8,bike_sharing,10,21,1084.93359375,0.06151890754699707,19604.0,1074.792724609375,193,1
StandardGSGP,33ff1be5-ad29-11ef-bb08-e4a8dfc2a9a8,bike_sharing,10,22,1084.6273193359375,0.05818033218383789,20470.0,1074.5032958984375,199,1
StandardGSGP,33ff1be5-ad29-11ef-bb08-e4a8dfc2a9a8,bike_sharing,10,23,1084.2147216796875,0.05700349807739258,21286.0,1074.05517578125,215,1
StandardGSGP,33ff1be5-ad29-11ef-bb08-e4a8dfc2a9a8,bike_sharing,10,24,1083.931396484375,0.060999155044555664,21966.0,1073.783447265625,221,1
StandardGSGP,33ff1be5-ad29-11ef-bb08-e4a8dfc2a9a8,bike_sharing,10,25,1083.7186279296875,0.05651354789733887,22694.0,1073.565185546875,235,1
StandardGSGP,33ff1be5-ad29-11ef-bb08-e4a8dfc2a9a8,bike_sharing,10,26,1083.233154296875,0.05963444709777832,23722.0,1073.09619140625,227,1
StandardGSGP,33ff1be5-ad29-11ef-bb08-e4a8dfc2a9a8,bike_sharing,10,27,1083.1453857421875,0.05850529670715332,24456.0,1072.9993896484375,243,1
StandardGSGP,33ff1be5-ad29-11ef-bb08-e4a8dfc2a9a8,bike_sharing,10,28,1082.6151123046875,0.06150937080383301,25028.0,1072.4766845703125,261,1
StandardGSGP,33ff1be5-ad29-11ef-bb08-e4a8dfc2a9a8,bike_sharing,10,29,1082.0745849609375,0.06200003623962402,25698.0,1071.9569091796875,253,1
StandardGSGP,33ff1be5-ad29-11ef-bb08-e4a8dfc2a9a8,bike_sharing,10,30,1081.8841552734375,0.05951070785522461,26542.0,1071.772705078125,259,1
StandardGSGP,33ff1be5-ad29-11ef-bb08-e4a8dfc2a9a8,bike_sharing,10,31,1081.64208984375,0.0614774227142334,27386.0,1071.56103515625,259,1
StandardGSGP,33ff1be5-ad29-11ef-bb08-e4a8dfc2a9a8,bike_sharing,10,32,1081.3203125,0.06362676620483398,27984.0,1071.24462890625,269,1
StandardGSGP,33ff1be5-ad29-11ef-bb08-e4a8dfc2a9a8,bike_sharing,10,33,1080.9088134765625,0.057573556900024414,28186.0,1070.8433837890625,273,1
StandardGSGP,33ff1be5-ad29-11ef-bb08-e4a8dfc2a9a8,bike_sharing,10,34,1080.5140380859375,0.06000185012817383,28812.0,1070.4539794921875,281,1
StandardGSGP,33ff1be5-ad29-11ef-bb08-e4a8dfc2a9a8,bike_sharing,10,35,1080.3133544921875,0.05850720405578613,29560.0,1070.2559814453125,287,1
StandardGSGP,33ff1be5-ad29-11ef-bb08-e4a8dfc2a9a8,bike_sharing,10,36,1080.2386474609375,0.06065106391906738,29926.0,1070.1806640625,293,1
StandardGSGP,33ff1be5-ad29-11ef-bb08-e4a8dfc2a9a8,bike_sharing,10,37,1079.8001708984375,0.05628633499145508,30380.0,1069.752197265625,307,1
StandardGSGP,33ff1be5-ad29-11ef-bb08-e4a8dfc2a9a8,bike_sharing,10,38,1079.419921875,0.05706381797790527,31134.0,1069.380615234375,315,1
StandardGSGP,33ff1be5-ad29-11ef-bb08-e4a8dfc2a9a8,bike_sharing,10,39,1079.1998291015625,0.05800342559814453,31998.0,1069.1514892578125,319,1
StandardGSGP,33ff1be5-ad29-11ef-bb08-e4a8dfc2a9a8,bike_sharing,10,40,1078.9373779296875,0.05812716484069824,32708.0,1068.9091796875,323,1
StandardGSGP,33ff1be5-ad29-11ef-bb08-e4a8dfc2a9a8,bike_sharing,10,41,1078.5870361328125,0.06817913055419922,33566.0,1068.5546875,333,1
StandardGSGP,33ff1be5-ad29-11ef-bb08-e4a8dfc2a9a8,bike_sharing,10,42,1078.3966064453125,0.06282639503479004,34498.0,1068.351806640625,349,1
StandardGSGP,33ff1be5-ad29-11ef-bb08-e4a8dfc2a9a8,bike_sharing,10,43,1078.0823974609375,0.05851149559020996,35244.0,1068.0606689453125,353,1
StandardGSGP,33ff1be5-ad29-11ef-bb08-e4a8dfc2a9a8,bike_sharing,10,44,1077.8836669921875,0.0647885799407959,35950.0,1067.869140625,361,1
StandardGSGP,33ff1be5-ad29-11ef-bb08-e4a8dfc2a9a8,bike_sharing,10,45,1077.587158203125,0.06398773193359375,36858.0,1067.57958984375,371,1
StandardGSGP,33ff1be5-ad29-11ef-bb08-e4a8dfc2a9a8,bike_sharing,10,46,1077.4193115234375,0.058962345123291016,37736.0,1067.40576171875,387,1
StandardGSGP,33ff1be5-ad29-11ef-bb08-e4a8dfc2a9a8,bike_sharing,10,47,1076.6685791015625,0.06077241897583008,38710.0,1066.6671142578125,393,1
StandardGSGP,33ff1be5-ad29-11ef-bb08-e4a8dfc2a9a8,bike_sharing,10,48,1076.2938232421875,0.06250691413879395,39598.0,1066.293701171875,399,1
StandardGSGP,33ff1be5-ad29-11ef-bb08-e4a8dfc2a9a8,bike_sharing,10,49,1075.98828125,0.058519601821899414,40542.0,1065.994873046875,405,1
StandardGSGP,33ff1be5-ad29-11ef-bb08-e4a8dfc2a9a8,bike_sharing,10,50,1075.751220703125,0.05842185020446777,41402.0,1065.7657470703125,419,1
StandardGSGP,33ff1be5-ad29-11ef-bb08-e4a8dfc2a9a8,bike_sharing,10,51,1075.493896484375,0.061453819274902344,42338.0,1065.50927734375,411,1
StandardGSGP,33ff1be5-ad29-11ef-bb08-e4a8dfc2a9a8,bike_sharing,10,52,1075.3048095703125,0.057190656661987305,43058.0,1065.326416015625,425,1
StandardGSGP,33ff1be5-ad29-11ef-bb08-e4a8dfc2a9a8,bike_sharing,10,53,1074.8458251953125,0.05928850173950195,43766.0,1064.8768310546875,433,1
StandardGSGP,33ff1be5-ad29-11ef-bb08-e4a8dfc2a9a8,bike_sharing,10,54,1074.223388671875,0.06195807456970215,44740.0,1064.2642822265625,441,1
StandardGSGP,33ff1be5-ad29-11ef-bb08-e4a8dfc2a9a8,bike_sharing,10,55,1074.07666015625,0.06122398376464844,45390.0,1064.121337890625,447,1
StandardGSGP,33ff1be5-ad29-11ef-bb08-e4a8dfc2a9a8,bike_sharing,10,56,1073.9261474609375,0.05750679969787598,46402.0,1063.9730224609375,459,1
StandardGSGP,33ff1be5-ad29-11ef-bb08-e4a8dfc2a9a8,bike_sharing,10,57,1073.5784912109375,0.061609506607055664,46972.0,1063.6378173828125,453,1
StandardGSGP,33ff1be5-ad29-11ef-bb08-e4a8dfc2a9a8,bike_sharing,10,58,1073.451171875,0.0605318546295166,47402.0,1063.5057373046875,465,1
StandardGSGP,33ff1be5-ad29-11ef-bb08-e4a8dfc2a9a8,bike_sharing,10,59,1073.1890869140625,0.06347918510437012,48070.0,1063.2406005859375,485,1
StandardGSGP,33ff1be5-ad29-11ef-bb08-e4a8dfc2a9a8,bike_sharing,10,60,1072.9510498046875,0.05951857566833496,48522.0,1063.02001953125,503,1
StandardGSGP,33ff1be5-ad29-11ef-bb08-e4a8dfc2a9a8,bike_sharing,10,61,1072.701171875,0.05751347541809082,49132.0,1062.7874755859375,515,1
StandardGSGP,33ff1be5-ad29-11ef-bb08-e4a8dfc2a9a8,bike_sharing,10,62,1072.1109619140625,0.0577545166015625,50390.0,1062.1981201171875,521,1
StandardGSGP,33ff1be5-ad29-11ef-bb08-e4a8dfc2a9a8,bike_sharing,10,63,1072.0977783203125,0.06000971794128418,51672.0,1062.1856689453125,531,1
StandardGSGP,33ff1be5-ad29-11ef-bb08-e4a8dfc2a9a8,bike_sharing,10,64,1071.5640869140625,0.05957841873168945,52838.0,1061.6568603515625,535,1
StandardGSGP,33ff1be5-ad29-11ef-bb08-e4a8dfc2a9a8,bike_sharing,10,65,1071.316162109375,0.059509992599487305,53874.0,1061.4140625,541,1
StandardGSGP,33ff1be5-ad29-11ef-bb08-e4a8dfc2a9a8,bike_sharing,10,66,1071.087890625,0.05800127983093262,54886.0,1061.18359375,551,1
StandardGSGP,33ff1be5-ad29-11ef-bb08-e4a8dfc2a9a8,bike_sharing,10,67,1070.6326904296875,0.06466197967529297,55844.0,1060.7484130859375,559,1
StandardGSGP,33ff1be5-ad29-11ef-bb08-e4a8dfc2a9a8,bike_sharing,10,68,1070.0562744140625,0.060015201568603516,57002.0,1060.1898193359375,579,1
StandardGSGP,33ff1be5-ad29-11ef-bb08-e4a8dfc2a9a8,bike_sharing,10,69,1069.7529296875,0.05903816223144531,57996.0,1059.8828125,587,1
StandardGSGP,33ff1be5-ad29-11ef-bb08-e4a8dfc2a9a8,bike_sharing,10,70,1069.635498046875,0.05991935729980469,59088.0,1059.7734375,593,1
StandardGSGP,33ff1be5-ad29-11ef-bb08-e4a8dfc2a9a8,bike_sharing,10,71,1069.3282470703125,0.05910205841064453,60130.0,1059.4715576171875,605,1
StandardGSGP,33ff1be5-ad29-11ef-bb08-e4a8dfc2a9a8,bike_sharing,10,72,1069.261474609375,0.057514190673828125,61076.0,1059.4053955078125,611,1
StandardGSGP,33ff1be5-ad29-11ef-bb08-e4a8dfc2a9a8,bike_sharing,10,73,1068.66064453125,0.05800271034240723,62100.0,1058.8134765625,617,1
StandardGSGP,33ff1be5-ad29-11ef-bb08-e4a8dfc2a9a8,bike_sharing,10,74,1068.041259765625,0.05994391441345215,62810.0,1058.205078125,625,1
StandardGSGP,33ff1be5-ad29-11ef-bb08-e4a8dfc2a9a8,bike_sharing,10,75,1067.767578125,0.06052422523498535,63666.0,1057.936279296875,631,1
StandardGSGP,33ff1be5-ad29-11ef-bb08-e4a8dfc2a9a8,bike_sharing,10,76,1067.7559814453125,0.055999040603637695,64274.0,1057.9248046875,641,1
StandardGSGP,33ff1be5-ad29-11ef-bb08-e4a8dfc2a9a8,bike_sharing,10,77,1067.08935546875,0.059720516204833984,64886.0,1057.269287109375,649,1
StandardGSGP,33ff1be5-ad29-11ef-bb08-e4a8dfc2a9a8,bike_sharing,10,78,1066.999267578125,0.13231253623962402,65638.0,1057.1807861328125,657,1
StandardGSGP,33ff1be5-ad29-11ef-bb08-e4a8dfc2a9a8,bike_sharing,10,79,1066.6922607421875,0.0583195686340332,66302.0,1056.88134765625,663,1
StandardGSGP,33ff1be5-ad29-11ef-bb08-e4a8dfc2a9a8,bike_sharing,10,80,1066.240234375,0.05800938606262207,66998.0,1056.4395751953125,673,1
StandardGSGP,33ff1be5-ad29-11ef-bb08-e4a8dfc2a9a8,bike_sharing,10,81,1065.9937744140625,0.05552077293395996,67794.0,1056.1893310546875,675,1
StandardGSGP,33ff1be5-ad29-11ef-bb08-e4a8dfc2a9a8,bike_sharing,10,82,1065.62255859375,0.0635378360748291,68726.0,1055.839599609375,693,1
StandardGSGP,33ff1be5-ad29-11ef-bb08-e4a8dfc2a9a8,bike_sharing,10,83,1065.3590087890625,0.05732297897338867,69528.0,1055.565185546875,689,1
StandardGSGP,33ff1be5-ad29-11ef-bb08-e4a8dfc2a9a8,bike_sharing,10,84,1065.2384033203125,0.058258771896362305,70272.0,1055.4444580078125,699,1
StandardGSGP,33ff1be5-ad29-11ef-bb08-e4a8dfc2a9a8,bike_sharing,10,85,1064.8763427734375,0.05676579475402832,70820.0,1055.096923828125,711,1
StandardGSGP,33ff1be5-ad29-11ef-bb08-e4a8dfc2a9a8,bike_sharing,10,86,1064.64306640625,0.061043500900268555,71628.0,1054.90771484375,727,1
StandardGSGP,33ff1be5-ad29-11ef-bb08-e4a8dfc2a9a8,bike_sharing,10,87,1064.449951171875,0.06054973602294922,72460.0,1054.7325439453125,737,1
StandardGSGP,33ff1be5-ad29-11ef-bb08-e4a8dfc2a9a8,bike_sharing,10,88,1064.1875,0.05699777603149414,73226.0,1054.419921875,713,1
StandardGSGP,33ff1be5-ad29-11ef-bb08-e4a8dfc2a9a8,bike_sharing,10,89,1064.018798828125,0.05851387977600098,73864.0,1054.3134765625,751,1
StandardGSGP,33ff1be5-ad29-11ef-bb08-e4a8dfc2a9a8,bike_sharing,10,90,1063.599365234375,0.06492924690246582,74452.0,1053.8402099609375,739,1
StandardGSGP,33ff1be5-ad29-11ef-bb08-e4a8dfc2a9a8,bike_sharing,10,91,1063.2197265625,0.06035900115966797,74942.0,1053.4666748046875,749,1
StandardGSGP,33ff1be5-ad29-11ef-bb08-e4a8dfc2a9a8,bike_sharing,10,92,1062.95361328125,0.06114697456359863,75278.0,1053.2047119140625,749,1
StandardGSGP,33ff1be5-ad29-11ef-bb08-e4a8dfc2a9a8,bike_sharing,10,93,1062.77001953125,0.05999445915222168,75824.0,1053.0528564453125,749,1
StandardGSGP,33ff1be5-ad29-11ef-bb08-e4a8dfc2a9a8,bike_sharing,10,94,1062.5821533203125,0.06303906440734863,76626.0,1052.8394775390625,771,1
StandardGSGP,33ff1be5-ad29-11ef-bb08-e4a8dfc2a9a8,bike_sharing,10,95,1062.1595458984375,0.05951356887817383,77414.0,1052.4232177734375,789,1
StandardGSGP,33ff1be5-ad29-11ef-bb08-e4a8dfc2a9a8,bike_sharing,10,96,1061.96435546875,0.057001352310180664,78096.0,1052.2723388671875,777,1
StandardGSGP,33ff1be5-ad29-11ef-bb08-e4a8dfc2a9a8,bike_sharing,10,97,1061.3858642578125,0.0575108528137207,79000.0,1051.6470947265625,811,1
StandardGSGP,33ff1be5-ad29-11ef-bb08-e4a8dfc2a9a8,bike_sharing,10,98,1061.16015625,0.06981921195983887,80064.0,1051.42578125,817,1
StandardGSGP,33ff1be5-ad29-11ef-bb08-e4a8dfc2a9a8,bike_sharing,10,99,1060.884521484375,0.05980801582336426,81268.0,1051.1661376953125,825,1
StandardGSGP,33ff1be5-ad29-11ef-bb08-e4a8dfc2a9a8,bike_sharing,10,100,1060.5068359375,0.06037640571594238,82656.0,1050.794189453125,837,1
