StandardGSGP,ef8356e0-ad28-11ef-aa1f-e4a8dfc2a9a8,bike_sharing,22,0,0.23359957337379456,0.05950927734375,1368.0,0.2325955182313919,3,1
StandardGSGP,ef8356e0-ad28-11ef-aa1f-e4a8dfc2a9a8,bike_sharing,22,1,0.2170105129480362,0.054871320724487305,1464.0,0.22910228371620178,9,1
StandardGSGP,ef8356e0-ad28-11ef-aa1f-e4a8dfc2a9a8,bike_sharing,22,2,0.1360020637512207,0.06046438217163086,2102.0,0.13441212475299835,15,1
StandardGSGP,ef8356e0-ad28-11ef-aa1f-e4a8dfc2a9a8,bike_sharing,22,3,0.10410702228546143,0.0598146915435791,2608.0,0.10608591884374619,19,1
StandardGSGP,ef8356e0-ad28-11ef-aa1f-e4a8dfc2a9a8,bike_sharing,22,4,0.10410702228546143,0.06050872802734375,3172.0,0.10608591884374619,19,1
StandardGSGP,ef8356e0-ad28-11ef-aa1f-e4a8dfc2a9a8,bike_sharing,22,5,0.10093744099140167,0.05549263954162598,3516.0,0.10892742872238159,25,1
StandardGSGP,ef8356e0-ad28-11ef-aa1f-e4a8dfc2a9a8,bike_sharing,22,6,0.10093744099140167,0.06200885772705078,4052.0,0.10892742872238159,25,1
StandardGSGP,ef8356e0-ad28-11ef-aa1f-e4a8dfc2a9a8,bike_sharing,22,7,0.09582777321338654,0.05451059341430664,4576.0,0.104801706969738,51,1
StandardGSGP,ef8356e0-ad28-11ef-aa1f-e4a8dfc2a9a8,bike_sharing,22,8,0.08643972128629684,0.06438755989074707,5228.0,0.09252345561981201,57,1
StandardGSGP,ef8356e0-ad28-11ef-aa1f-e4a8dfc2a9a8,bike_sharing,22,9,0.08643972128629684,0.05850577354431152,5832.0,0.09252345561981201,57,1
StandardGSGP,ef8356e0-ad28-11ef-aa1f-e4a8dfc2a9a8,bike_sharing,22,10,0.07824787497520447,0.06553769111633301,6262.0,0.09140028059482574,77,1
StandardGSGP,ef8356e0-ad28-11ef-aa1f-e4a8dfc2a9a8,bike_sharing,22,11,0.07824787497520447,0.05577898025512695,7012.0,0.09140028059482574,77,1
StandardGSGP,ef8356e0-ad28-11ef-aa1f-e4a8dfc2a9a8,bike_sharing,22,12,0.07432305067777634,0.06887960433959961,8030.0,0.08331520110368729,71,1
StandardGSGP,ef8356e0-ad28-11ef-aa1f-e4a8dfc2a9a8,bike_sharing,22,13,0.07432305067777634,0.05509328842163086,8888.0,0.08331520110368729,71,1
StandardGSGP,ef8356e0-ad28-11ef-aa1f-e4a8dfc2a9a8,bike_sharing,22,14,0.06894614547491074,0.057999610900878906,9516.0,0.08091475069522858,97,1
StandardGSGP,ef8356e0-ad28-11ef-aa1f-e4a8dfc2a9a8,bike_sharing,22,15,0.06894614547491074,0.05874013900756836,10048.0,0.08091475069522858,97,1
StandardGSGP,ef8356e0-ad28-11ef-aa1f-e4a8dfc2a9a8,bike_sharing,22,16,0.06357400119304657,0.07553243637084961,10660.0,0.06729044765233994,93,1
StandardGSGP,ef8356e0-ad28-11ef-aa1f-e4a8dfc2a9a8,bike_sharing,22,17,0.06357400119304657,0.07823324203491211,11450.0,0.06729044765233994,93,1
StandardGSGP,ef8356e0-ad28-11ef-aa1f-e4a8dfc2a9a8,bike_sharing,22,18,0.06357400119304657,0.059110403060913086,12092.0,0.06729044765233994,93,1
StandardGSGP,ef8356e0-ad28-11ef-aa1f-e4a8dfc2a9a8,bike_sharing,22,19,0.06357400119304657,0.058507442474365234,12888.0,0.06729044765233994,93,1
StandardGSGP,ef8356e0-ad28-11ef-aa1f-e4a8dfc2a9a8,bike_sharing,22,20,0.06357400119304657,0.06508231163024902,13158.0,0.06729044765233994,93,1
StandardGSGP,ef8356e0-ad28-11ef-aa1f-e4a8dfc2a9a8,bike_sharing,22,21,0.06357400119304657,0.05649971961975098,13732.0,0.06729044765233994,93,1
StandardGSGP,ef8356e0-ad28-11ef-aa1f-e4a8dfc2a9a8,bike_sharing,22,22,0.06357400119304657,0.05351567268371582,14000.0,0.06729044765233994,93,1
StandardGSGP,ef8356e0-ad28-11ef-aa1f-e4a8dfc2a9a8,bike_sharing,22,23,0.06357400119304657,0.05723762512207031,14488.0,0.06729044765233994,93,1
StandardGSGP,ef8356e0-ad28-11ef-aa1f-e4a8dfc2a9a8,bike_sharing,22,24,0.06357400119304657,0.05750846862792969,14950.0,0.06729044765233994,93,1
StandardGSGP,ef8356e0-ad28-11ef-aa1f-e4a8dfc2a9a8,bike_sharing,22,25,0.06357400119304657,0.057511091232299805,15184.0,0.06729044765233994,93,1
StandardGSGP,ef8356e0-ad28-11ef-aa1f-e4a8dfc2a9a8,bike_sharing,22,26,0.06357400119304657,0.06020808219909668,15950.0,0.06729044765233994,93,1
StandardGSGP,ef8356e0-ad28-11ef-aa1f-e4a8dfc2a9a8,bike_sharing,22,27,0.06357400119304657,0.06707119941711426,16676.0,0.06729044765233994,93,1
StandardGSGP,ef8356e0-ad28-11ef-aa1f-e4a8dfc2a9a8,bike_sharing,22,28,0.06215575337409973,0.062003135681152344,16830.0,0.06429942697286606,99,1
StandardGSGP,ef8356e0-ad28-11ef-aa1f-e4a8dfc2a9a8,bike_sharing,22,29,0.06170819327235222,0.058608055114746094,17342.0,0.06498376280069351,103,1
StandardGSGP,ef8356e0-ad28-11ef-aa1f-e4a8dfc2a9a8,bike_sharing,22,30,0.06170819327235222,0.0572054386138916,17164.0,0.06498376280069351,103,1
StandardGSGP,ef8356e0-ad28-11ef-aa1f-e4a8dfc2a9a8,bike_sharing,22,31,0.05957094207406044,0.05750155448913574,16296.0,0.05621248483657837,119,1
StandardGSGP,ef8356e0-ad28-11ef-aa1f-e4a8dfc2a9a8,bike_sharing,22,32,0.05957094207406044,0.0576930046081543,16858.0,0.05621248483657837,119,1
StandardGSGP,ef8356e0-ad28-11ef-aa1f-e4a8dfc2a9a8,bike_sharing,22,33,0.05957094207406044,0.05464291572570801,17152.0,0.05621248483657837,119,1
StandardGSGP,ef8356e0-ad28-11ef-aa1f-e4a8dfc2a9a8,bike_sharing,22,34,0.05957094207406044,0.1298055648803711,16596.0,0.05621248483657837,119,1
StandardGSGP,ef8356e0-ad28-11ef-aa1f-e4a8dfc2a9a8,bike_sharing,22,35,0.0570717416703701,0.05781888961791992,17218.0,0.06201082468032837,137,1
StandardGSGP,ef8356e0-ad28-11ef-aa1f-e4a8dfc2a9a8,bike_sharing,22,36,0.0570717416703701,0.05629444122314453,16722.0,0.06201082468032837,137,1
StandardGSGP,ef8356e0-ad28-11ef-aa1f-e4a8dfc2a9a8,bike_sharing,22,37,0.0570717416703701,0.058321237564086914,17624.0,0.06201082468032837,137,1
StandardGSGP,ef8356e0-ad28-11ef-aa1f-e4a8dfc2a9a8,bike_sharing,22,38,0.0570717416703701,0.06252527236938477,17786.0,0.06201082468032837,137,1
StandardGSGP,ef8356e0-ad28-11ef-aa1f-e4a8dfc2a9a8,bike_sharing,22,39,0.0570717416703701,0.05557394027709961,17798.0,0.06201082468032837,137,1
StandardGSGP,ef8356e0-ad28-11ef-aa1f-e4a8dfc2a9a8,bike_sharing,22,40,0.05297102406620979,0.061998844146728516,17924.0,0.055125586688518524,143,1
StandardGSGP,ef8356e0-ad28-11ef-aa1f-e4a8dfc2a9a8,bike_sharing,22,41,0.05297102406620979,0.05869412422180176,18960.0,0.055125586688518524,143,1
StandardGSGP,ef8356e0-ad28-11ef-aa1f-e4a8dfc2a9a8,bike_sharing,22,42,0.05297102406620979,0.06242084503173828,19974.0,0.055125586688518524,143,1
StandardGSGP,ef8356e0-ad28-11ef-aa1f-e4a8dfc2a9a8,bike_sharing,22,43,0.051520977169275284,0.05849862098693848,20300.0,0.04981435090303421,153,1
StandardGSGP,ef8356e0-ad28-11ef-aa1f-e4a8dfc2a9a8,bike_sharing,22,44,0.051520977169275284,0.06452035903930664,20524.0,0.04981435090303421,153,1
StandardGSGP,ef8356e0-ad28-11ef-aa1f-e4a8dfc2a9a8,bike_sharing,22,45,0.051520977169275284,0.06000208854675293,19722.0,0.04981435090303421,153,1
StandardGSGP,ef8356e0-ad28-11ef-aa1f-e4a8dfc2a9a8,bike_sharing,22,46,0.051520977169275284,0.05729055404663086,19432.0,0.04981435090303421,153,1
StandardGSGP,ef8356e0-ad28-11ef-aa1f-e4a8dfc2a9a8,bike_sharing,22,47,0.049432072788476944,0.05800294876098633,19532.0,0.04785988852381706,169,1
StandardGSGP,ef8356e0-ad28-11ef-aa1f-e4a8dfc2a9a8,bike_sharing,22,48,0.049432072788476944,0.05653882026672363,19458.0,0.04785988852381706,169,1
StandardGSGP,ef8356e0-ad28-11ef-aa1f-e4a8dfc2a9a8,bike_sharing,22,49,0.04926380142569542,0.05951666831970215,19948.0,0.04786253720521927,175,1
StandardGSGP,ef8356e0-ad28-11ef-aa1f-e4a8dfc2a9a8,bike_sharing,22,50,0.04926380142569542,0.05705738067626953,19966.0,0.04786253720521927,175,1
StandardGSGP,ef8356e0-ad28-11ef-aa1f-e4a8dfc2a9a8,bike_sharing,22,51,0.04926380142569542,0.057869672775268555,20270.0,0.04786253720521927,175,1
StandardGSGP,ef8356e0-ad28-11ef-aa1f-e4a8dfc2a9a8,bike_sharing,22,52,0.04926380142569542,0.05730128288269043,20772.0,0.04786253720521927,175,1
StandardGSGP,ef8356e0-ad28-11ef-aa1f-e4a8dfc2a9a8,bike_sharing,22,53,0.04926380142569542,0.05516648292541504,21268.0,0.04786253720521927,175,1
StandardGSGP,ef8356e0-ad28-11ef-aa1f-e4a8dfc2a9a8,bike_sharing,22,54,0.04926380142569542,0.0564579963684082,21918.0,0.04786253720521927,175,1
StandardGSGP,ef8356e0-ad28-11ef-aa1f-e4a8dfc2a9a8,bike_sharing,22,55,0.04868961125612259,0.05499911308288574,22190.0,0.0457688644528389,199,1
StandardGSGP,ef8356e0-ad28-11ef-aa1f-e4a8dfc2a9a8,bike_sharing,22,56,0.04868961125612259,0.05650901794433594,22256.0,0.0457688644528389,199,1
StandardGSGP,ef8356e0-ad28-11ef-aa1f-e4a8dfc2a9a8,bike_sharing,22,57,0.04868961125612259,0.0579986572265625,22508.0,0.0457688644528389,199,1
StandardGSGP,ef8356e0-ad28-11ef-aa1f-e4a8dfc2a9a8,bike_sharing,22,58,0.04868961125612259,0.05979609489440918,23060.0,0.0457688644528389,199,1
StandardGSGP,ef8356e0-ad28-11ef-aa1f-e4a8dfc2a9a8,bike_sharing,22,59,0.04868961125612259,0.055792808532714844,23826.0,0.0457688644528389,199,1
StandardGSGP,ef8356e0-ad28-11ef-aa1f-e4a8dfc2a9a8,bike_sharing,22,60,0.04868961125612259,0.057004690170288086,23880.0,0.0457688644528389,199,1
StandardGSGP,ef8356e0-ad28-11ef-aa1f-e4a8dfc2a9a8,bike_sharing,22,61,0.04868961125612259,0.05850934982299805,23904.0,0.0457688644528389,199,1
StandardGSGP,ef8356e0-ad28-11ef-aa1f-e4a8dfc2a9a8,bike_sharing,22,62,0.04868961125612259,0.056998491287231445,24428.0,0.0457688644528389,199,1
StandardGSGP,ef8356e0-ad28-11ef-aa1f-e4a8dfc2a9a8,bike_sharing,22,63,0.04536375030875206,0.06171464920043945,24208.0,0.04380803555250168,205,1
StandardGSGP,ef8356e0-ad28-11ef-aa1f-e4a8dfc2a9a8,bike_sharing,22,64,0.04536375030875206,0.06210732460021973,24428.0,0.04380803555250168,205,1
StandardGSGP,ef8356e0-ad28-11ef-aa1f-e4a8dfc2a9a8,bike_sharing,22,65,0.04536375030875206,0.05980539321899414,24702.0,0.04380803555250168,205,1
StandardGSGP,ef8356e0-ad28-11ef-aa1f-e4a8dfc2a9a8,bike_sharing,22,66,0.04536375030875206,0.0615079402923584,25346.0,0.04380803555250168,205,1
StandardGSGP,ef8356e0-ad28-11ef-aa1f-e4a8dfc2a9a8,bike_sharing,22,67,0.04536375030875206,0.05892539024353027,25450.0,0.04380803555250168,205,1
StandardGSGP,ef8356e0-ad28-11ef-aa1f-e4a8dfc2a9a8,bike_sharing,22,68,0.04536375030875206,0.05643105506896973,26070.0,0.04380803555250168,205,1
StandardGSGP,ef8356e0-ad28-11ef-aa1f-e4a8dfc2a9a8,bike_sharing,22,69,0.04536375030875206,0.054047584533691406,25892.0,0.04380803555250168,205,1
StandardGSGP,ef8356e0-ad28-11ef-aa1f-e4a8dfc2a9a8,bike_sharing,22,70,0.04536375030875206,0.061066389083862305,26088.0,0.04380803555250168,205,1
StandardGSGP,ef8356e0-ad28-11ef-aa1f-e4a8dfc2a9a8,bike_sharing,22,71,0.04536375030875206,0.05408334732055664,26140.0,0.04380803555250168,205,1
StandardGSGP,ef8356e0-ad28-11ef-aa1f-e4a8dfc2a9a8,bike_sharing,22,72,0.04536375030875206,0.059244394302368164,26520.0,0.04380803555250168,205,1
StandardGSGP,ef8356e0-ad28-11ef-aa1f-e4a8dfc2a9a8,bike_sharing,22,73,0.045205701142549515,0.05651497840881348,26982.0,0.04187971353530884,227,1
StandardGSGP,ef8356e0-ad28-11ef-aa1f-e4a8dfc2a9a8,bike_sharing,22,74,0.045205701142549515,0.057462453842163086,27820.0,0.04187971353530884,227,1
StandardGSGP,ef8356e0-ad28-11ef-aa1f-e4a8dfc2a9a8,bike_sharing,22,75,0.045205701142549515,0.05693936347961426,27620.0,0.04187971353530884,227,1
StandardGSGP,ef8356e0-ad28-11ef-aa1f-e4a8dfc2a9a8,bike_sharing,22,76,0.045205701142549515,0.05602312088012695,27346.0,0.04187971353530884,227,1
StandardGSGP,ef8356e0-ad28-11ef-aa1f-e4a8dfc2a9a8,bike_sharing,22,77,0.045205701142549515,0.05391645431518555,28440.0,0.04187971353530884,227,1
StandardGSGP,ef8356e0-ad28-11ef-aa1f-e4a8dfc2a9a8,bike_sharing,22,78,0.045205701142549515,0.05621671676635742,28408.0,0.04187971353530884,227,1
StandardGSGP,ef8356e0-ad28-11ef-aa1f-e4a8dfc2a9a8,bike_sharing,22,79,0.045205701142549515,0.059130191802978516,27446.0,0.04187971353530884,227,1
StandardGSGP,ef8356e0-ad28-11ef-aa1f-e4a8dfc2a9a8,bike_sharing,22,80,0.045205701142549515,0.06251049041748047,28036.0,0.04187971353530884,227,1
StandardGSGP,ef8356e0-ad28-11ef-aa1f-e4a8dfc2a9a8,bike_sharing,22,81,0.045205701142549515,0.06439471244812012,27428.0,0.04187971353530884,227,1
StandardGSGP,ef8356e0-ad28-11ef-aa1f-e4a8dfc2a9a8,bike_sharing,22,82,0.045205701142549515,0.05751156806945801,27282.0,0.04187971353530884,227,1
StandardGSGP,ef8356e0-ad28-11ef-aa1f-e4a8dfc2a9a8,bike_sharing,22,83,0.045205701142549515,0.06151080131530762,27876.0,0.04187971353530884,227,1
StandardGSGP,ef8356e0-ad28-11ef-aa1f-e4a8dfc2a9a8,bike_sharing,22,84,0.045205701142549515,0.05850648880004883,28390.0,0.04187971353530884,227,1
StandardGSGP,ef8356e0-ad28-11ef-aa1f-e4a8dfc2a9a8,bike_sharing,22,85,0.045205701142549515,0.05499720573425293,29080.0,0.04187971353530884,227,1
StandardGSGP,ef8356e0-ad28-11ef-aa1f-e4a8dfc2a9a8,bike_sharing,22,86,0.045205701142549515,0.058328866958618164,29504.0,0.04187971353530884,227,1
StandardGSGP,ef8356e0-ad28-11ef-aa1f-e4a8dfc2a9a8,bike_sharing,22,87,0.045205701142549515,0.057743072509765625,30450.0,0.04187971353530884,227,1
StandardGSGP,ef8356e0-ad28-11ef-aa1f-e4a8dfc2a9a8,bike_sharing,22,88,0.045205701142549515,0.06165456771850586,31100.0,0.04187971353530884,227,1
StandardGSGP,ef8356e0-ad28-11ef-aa1f-e4a8dfc2a9a8,bike_sharing,22,89,0.045205701142549515,0.13424277305603027,30994.0,0.04187971353530884,227,1
StandardGSGP,ef8356e0-ad28-11ef-aa1f-e4a8dfc2a9a8,bike_sharing,22,90,0.045205701142549515,0.061966896057128906,30988.0,0.04187971353530884,227,1
StandardGSGP,ef8356e0-ad28-11ef-aa1f-e4a8dfc2a9a8,bike_sharing,22,91,0.045205701142549515,0.05744218826293945,31282.0,0.04187971353530884,227,1
StandardGSGP,ef8356e0-ad28-11ef-aa1f-e4a8dfc2a9a8,bike_sharing,22,92,0.045205701142549515,0.054503679275512695,31510.0,0.04187971353530884,227,1
StandardGSGP,ef8356e0-ad28-11ef-aa1f-e4a8dfc2a9a8,bike_sharing,22,93,0.045205701142549515,0.0575556755065918,32014.0,0.04187971353530884,227,1
StandardGSGP,ef8356e0-ad28-11ef-aa1f-e4a8dfc2a9a8,bike_sharing,22,94,0.04500008001923561,0.06001853942871094,31536.0,0.04122956469655037,233,1
StandardGSGP,ef8356e0-ad28-11ef-aa1f-e4a8dfc2a9a8,bike_sharing,22,95,0.04500008001923561,0.05685877799987793,31284.0,0.04122956469655037,233,1
StandardGSGP,ef8356e0-ad28-11ef-aa1f-e4a8dfc2a9a8,bike_sharing,22,96,0.04500008001923561,0.05519294738769531,29486.0,0.04122956469655037,233,1
StandardGSGP,ef8356e0-ad28-11ef-aa1f-e4a8dfc2a9a8,bike_sharing,22,97,0.04500008001923561,0.05850672721862793,28866.0,0.04122956469655037,233,1
StandardGSGP,ef8356e0-ad28-11ef-aa1f-e4a8dfc2a9a8,bike_sharing,22,98,0.04500008001923561,0.06133460998535156,29430.0,0.04122956469655037,233,1
StandardGSGP,ef8356e0-ad28-11ef-aa1f-e4a8dfc2a9a8,bike_sharing,22,99,0.04500008001923561,0.05706024169921875,28180.0,0.04122956469655037,233,1
StandardGSGP,ef8356e0-ad28-11ef-aa1f-e4a8dfc2a9a8,bike_sharing,22,100,0.04500008001923561,0.059728145599365234,28066.0,0.04122956469655037,233,1
StandardGSGP,6197ed5d-ad29-11ef-aa1f-e4a8dfc2a9a8,bike_sharing,22,0,0.0,0.0569918155670166,1368.0,0.0,3,1
StandardGSGP,6197ed5d-ad29-11ef-aa1f-e4a8dfc2a9a8,bike_sharing,22,1,0.0,0.05651521682739258,1598.0,0.0,3,1
StandardGSGP,6197ed5d-ad29-11ef-aa1f-e4a8dfc2a9a8,bike_sharing,22,2,0.0,0.06251764297485352,2626.0,0.0,3,1
StandardGSGP,6197ed5d-ad29-11ef-aa1f-e4a8dfc2a9a8,bike_sharing,22,3,0.0,0.058998823165893555,2880.0,0.0,3,1
StandardGSGP,6197ed5d-ad29-11ef-aa1f-e4a8dfc2a9a8,bike_sharing,22,4,0.0,0.06051135063171387,3088.0,0.0,3,1
StandardGSGP,6197ed5d-ad29-11ef-aa1f-e4a8dfc2a9a8,bike_sharing,22,5,0.0,0.05897212028503418,3410.0,0.0,3,1
StandardGSGP,6197ed5d-ad29-11ef-aa1f-e4a8dfc2a9a8,bike_sharing,22,6,0.0,0.05763411521911621,4018.0,0.0,3,1
StandardGSGP,6197ed5d-ad29-11ef-aa1f-e4a8dfc2a9a8,bike_sharing,22,7,0.0,0.05695080757141113,4542.0,0.0,3,1
StandardGSGP,6197ed5d-ad29-11ef-aa1f-e4a8dfc2a9a8,bike_sharing,22,8,0.0,0.060993194580078125,5186.0,0.0,3,1
StandardGSGP,6197ed5d-ad29-11ef-aa1f-e4a8dfc2a9a8,bike_sharing,22,9,0.0,0.061487674713134766,5508.0,0.0,3,1
StandardGSGP,6197ed5d-ad29-11ef-aa1f-e4a8dfc2a9a8,bike_sharing,22,10,0.0,0.05835580825805664,6212.0,0.0,3,1
StandardGSGP,6197ed5d-ad29-11ef-aa1f-e4a8dfc2a9a8,bike_sharing,22,11,0.0,0.059502363204956055,6636.0,0.0,3,1
StandardGSGP,6197ed5d-ad29-11ef-aa1f-e4a8dfc2a9a8,bike_sharing,22,12,0.0,0.06261992454528809,6992.0,0.0,3,1
StandardGSGP,6197ed5d-ad29-11ef-aa1f-e4a8dfc2a9a8,bike_sharing,22,13,0.0,0.06353950500488281,7082.0,0.0,3,1
StandardGSGP,6197ed5d-ad29-11ef-aa1f-e4a8dfc2a9a8,bike_sharing,22,14,0.0,0.06535124778747559,7312.0,0.0,3,1
StandardGSGP,6197ed5d-ad29-11ef-aa1f-e4a8dfc2a9a8,bike_sharing,22,15,0.0,0.06231999397277832,6630.0,0.0,3,1
StandardGSGP,6197ed5d-ad29-11ef-aa1f-e4a8dfc2a9a8,bike_sharing,22,16,0.0,0.062252044677734375,6204.0,0.0,3,1
StandardGSGP,6197ed5d-ad29-11ef-aa1f-e4a8dfc2a9a8,bike_sharing,22,17,0.0,0.06261873245239258,6334.0,0.0,3,1
StandardGSGP,6197ed5d-ad29-11ef-aa1f-e4a8dfc2a9a8,bike_sharing,22,18,0.0,0.05982494354248047,6856.0,0.0,3,1
StandardGSGP,6197ed5d-ad29-11ef-aa1f-e4a8dfc2a9a8,bike_sharing,22,19,0.0,0.0625152587890625,6578.0,0.0,3,1
StandardGSGP,6197ed5d-ad29-11ef-aa1f-e4a8dfc2a9a8,bike_sharing,22,20,0.0,0.060016632080078125,6682.0,0.0,3,1
StandardGSGP,6197ed5d-ad29-11ef-aa1f-e4a8dfc2a9a8,bike_sharing,22,21,0.0,0.059004783630371094,6772.0,0.0,3,1
StandardGSGP,6197ed5d-ad29-11ef-aa1f-e4a8dfc2a9a8,bike_sharing,22,22,0.0,0.054370880126953125,6582.0,0.0,3,1
StandardGSGP,6197ed5d-ad29-11ef-aa1f-e4a8dfc2a9a8,bike_sharing,22,23,0.0,0.0597381591796875,7102.0,0.0,3,1
StandardGSGP,6197ed5d-ad29-11ef-aa1f-e4a8dfc2a9a8,bike_sharing,22,24,0.0,0.056997060775756836,7936.0,0.0,3,1
StandardGSGP,6197ed5d-ad29-11ef-aa1f-e4a8dfc2a9a8,bike_sharing,22,25,0.0,0.05952095985412598,8086.0,0.0,3,1
StandardGSGP,6197ed5d-ad29-11ef-aa1f-e4a8dfc2a9a8,bike_sharing,22,26,0.0,0.06513547897338867,7958.0,0.0,3,1
StandardGSGP,6197ed5d-ad29-11ef-aa1f-e4a8dfc2a9a8,bike_sharing,22,27,0.0,0.06351113319396973,8476.0,0.0,3,1
StandardGSGP,6197ed5d-ad29-11ef-aa1f-e4a8dfc2a9a8,bike_sharing,22,28,0.0,0.0575108528137207,8100.0,0.0,3,1
StandardGSGP,6197ed5d-ad29-11ef-aa1f-e4a8dfc2a9a8,bike_sharing,22,29,0.0,0.0601654052734375,8330.0,0.0,3,1
StandardGSGP,6197ed5d-ad29-11ef-aa1f-e4a8dfc2a9a8,bike_sharing,22,30,0.0,0.05997133255004883,8668.0,0.0,3,1
StandardGSGP,6197ed5d-ad29-11ef-aa1f-e4a8dfc2a9a8,bike_sharing,22,31,0.0,0.06479406356811523,8558.0,0.0,3,1
StandardGSGP,6197ed5d-ad29-11ef-aa1f-e4a8dfc2a9a8,bike_sharing,22,32,0.0,0.06353497505187988,9334.0,0.0,3,1
StandardGSGP,6197ed5d-ad29-11ef-aa1f-e4a8dfc2a9a8,bike_sharing,22,33,0.0,0.05951356887817383,8750.0,0.0,3,1
StandardGSGP,6197ed5d-ad29-11ef-aa1f-e4a8dfc2a9a8,bike_sharing,22,34,0.0,0.057578325271606445,8132.0,0.0,3,1
StandardGSGP,6197ed5d-ad29-11ef-aa1f-e4a8dfc2a9a8,bike_sharing,22,35,0.0,0.05750632286071777,8568.0,0.0,3,1
StandardGSGP,6197ed5d-ad29-11ef-aa1f-e4a8dfc2a9a8,bike_sharing,22,36,0.0,0.05850934982299805,8660.0,0.0,3,1
StandardGSGP,6197ed5d-ad29-11ef-aa1f-e4a8dfc2a9a8,bike_sharing,22,37,0.0,0.05823516845703125,7814.0,0.0,3,1
StandardGSGP,6197ed5d-ad29-11ef-aa1f-e4a8dfc2a9a8,bike_sharing,22,38,0.0,0.05987238883972168,6830.0,0.0,3,1
StandardGSGP,6197ed5d-ad29-11ef-aa1f-e4a8dfc2a9a8,bike_sharing,22,39,0.0,0.05700111389160156,6914.0,0.0,3,1
StandardGSGP,6197ed5d-ad29-11ef-aa1f-e4a8dfc2a9a8,bike_sharing,22,40,0.0,0.05879926681518555,5172.0,0.0,3,1
StandardGSGP,6197ed5d-ad29-11ef-aa1f-e4a8dfc2a9a8,bike_sharing,22,41,0.0,0.05647635459899902,5184.0,0.0,3,1
StandardGSGP,6197ed5d-ad29-11ef-aa1f-e4a8dfc2a9a8,bike_sharing,22,42,0.0,0.06299829483032227,5398.0,0.0,3,1
StandardGSGP,6197ed5d-ad29-11ef-aa1f-e4a8dfc2a9a8,bike_sharing,22,43,0.0,0.05651116371154785,5522.0,0.0,3,1
StandardGSGP,6197ed5d-ad29-11ef-aa1f-e4a8dfc2a9a8,bike_sharing,22,44,0.0,0.05899691581726074,6248.0,0.0,3,1
StandardGSGP,6197ed5d-ad29-11ef-aa1f-e4a8dfc2a9a8,bike_sharing,22,45,0.0,0.13066315650939941,6308.0,0.0,3,1
StandardGSGP,6197ed5d-ad29-11ef-aa1f-e4a8dfc2a9a8,bike_sharing,22,46,0.0,0.055997610092163086,7044.0,0.0,3,1
StandardGSGP,6197ed5d-ad29-11ef-aa1f-e4a8dfc2a9a8,bike_sharing,22,47,0.0,0.05672788619995117,6970.0,0.0,3,1
StandardGSGP,6197ed5d-ad29-11ef-aa1f-e4a8dfc2a9a8,bike_sharing,22,48,0.0,0.055001258850097656,6848.0,0.0,3,1
StandardGSGP,6197ed5d-ad29-11ef-aa1f-e4a8dfc2a9a8,bike_sharing,22,49,0.0,0.06161022186279297,7468.0,0.0,3,1
StandardGSGP,6197ed5d-ad29-11ef-aa1f-e4a8dfc2a9a8,bike_sharing,22,50,0.0,0.05755424499511719,8758.0,0.0,3,1
StandardGSGP,6197ed5d-ad29-11ef-aa1f-e4a8dfc2a9a8,bike_sharing,22,51,0.0,0.057984113693237305,9542.0,0.0,3,1
StandardGSGP,6197ed5d-ad29-11ef-aa1f-e4a8dfc2a9a8,bike_sharing,22,52,0.0,0.055512189865112305,8398.0,0.0,3,1
StandardGSGP,6197ed5d-ad29-11ef-aa1f-e4a8dfc2a9a8,bike_sharing,22,53,0.0,0.061003923416137695,8844.0,0.0,3,1
StandardGSGP,6197ed5d-ad29-11ef-aa1f-e4a8dfc2a9a8,bike_sharing,22,54,0.0,0.06046414375305176,9904.0,0.0,3,1
StandardGSGP,6197ed5d-ad29-11ef-aa1f-e4a8dfc2a9a8,bike_sharing,22,55,0.0,0.0629277229309082,9772.0,0.0,3,1
StandardGSGP,6197ed5d-ad29-11ef-aa1f-e4a8dfc2a9a8,bike_sharing,22,56,0.0,0.0655817985534668,8832.0,0.0,3,1
StandardGSGP,6197ed5d-ad29-11ef-aa1f-e4a8dfc2a9a8,bike_sharing,22,57,0.0,0.059506893157958984,7224.0,0.0,3,1
StandardGSGP,6197ed5d-ad29-11ef-aa1f-e4a8dfc2a9a8,bike_sharing,22,58,0.0,0.06050753593444824,6248.0,0.0,3,1
StandardGSGP,6197ed5d-ad29-11ef-aa1f-e4a8dfc2a9a8,bike_sharing,22,59,0.0,0.062346458435058594,7634.0,0.0,3,1
StandardGSGP,6197ed5d-ad29-11ef-aa1f-e4a8dfc2a9a8,bike_sharing,22,60,0.0,0.05823063850402832,7160.0,0.0,3,1
StandardGSGP,6197ed5d-ad29-11ef-aa1f-e4a8dfc2a9a8,bike_sharing,22,61,0.0,0.05787396430969238,5728.0,0.0,3,1
StandardGSGP,6197ed5d-ad29-11ef-aa1f-e4a8dfc2a9a8,bike_sharing,22,62,0.0,0.058510541915893555,6272.0,0.0,3,1
StandardGSGP,6197ed5d-ad29-11ef-aa1f-e4a8dfc2a9a8,bike_sharing,22,63,0.0,0.05750775337219238,5466.0,0.0,3,1
StandardGSGP,6197ed5d-ad29-11ef-aa1f-e4a8dfc2a9a8,bike_sharing,22,64,0.0,0.05599546432495117,4668.0,0.0,3,1
StandardGSGP,6197ed5d-ad29-11ef-aa1f-e4a8dfc2a9a8,bike_sharing,22,65,0.0,0.057506561279296875,4500.0,0.0,3,1
StandardGSGP,6197ed5d-ad29-11ef-aa1f-e4a8dfc2a9a8,bike_sharing,22,66,0.0,0.0579533576965332,4864.0,0.0,3,1
StandardGSGP,6197ed5d-ad29-11ef-aa1f-e4a8dfc2a9a8,bike_sharing,22,67,0.0,0.06309318542480469,5114.0,0.0,3,1
StandardGSGP,6197ed5d-ad29-11ef-aa1f-e4a8dfc2a9a8,bike_sharing,22,68,0.0,0.06047463417053223,5190.0,0.0,3,1
StandardGSGP,6197ed5d-ad29-11ef-aa1f-e4a8dfc2a9a8,bike_sharing,22,69,0.0,0.05727124214172363,5896.0,0.0,3,1
StandardGSGP,6197ed5d-ad29-11ef-aa1f-e4a8dfc2a9a8,bike_sharing,22,70,0.0,0.06047844886779785,6156.0,0.0,3,1
StandardGSGP,6197ed5d-ad29-11ef-aa1f-e4a8dfc2a9a8,bike_sharing,22,71,0.0,0.056087493896484375,6066.0,0.0,3,1
StandardGSGP,6197ed5d-ad29-11ef-aa1f-e4a8dfc2a9a8,bike_sharing,22,72,0.0,0.0557093620300293,5912.0,0.0,3,1
StandardGSGP,6197ed5d-ad29-11ef-aa1f-e4a8dfc2a9a8,bike_sharing,22,73,0.0,0.059508323669433594,5822.0,0.0,3,1
StandardGSGP,6197ed5d-ad29-11ef-aa1f-e4a8dfc2a9a8,bike_sharing,22,74,0.0,0.05693340301513672,6434.0,0.0,3,1
StandardGSGP,6197ed5d-ad29-11ef-aa1f-e4a8dfc2a9a8,bike_sharing,22,75,0.0,0.059511423110961914,6358.0,0.0,3,1
StandardGSGP,6197ed5d-ad29-11ef-aa1f-e4a8dfc2a9a8,bike_sharing,22,76,0.0,0.05669212341308594,5934.0,0.0,3,1
StandardGSGP,6197ed5d-ad29-11ef-aa1f-e4a8dfc2a9a8,bike_sharing,22,77,0.0,0.05574846267700195,5980.0,0.0,3,1
StandardGSGP,6197ed5d-ad29-11ef-aa1f-e4a8dfc2a9a8,bike_sharing,22,78,0.0,0.05655622482299805,5464.0,0.0,3,1
StandardGSGP,6197ed5d-ad29-11ef-aa1f-e4a8dfc2a9a8,bike_sharing,22,79,0.0,0.058496952056884766,5654.0,0.0,3,1
StandardGSGP,6197ed5d-ad29-11ef-aa1f-e4a8dfc2a9a8,bike_sharing,22,80,0.0,0.05547952651977539,5978.0,0.0,3,1
StandardGSGP,6197ed5d-ad29-11ef-aa1f-e4a8dfc2a9a8,bike_sharing,22,81,0.0,0.061574697494506836,5546.0,0.0,3,1
StandardGSGP,6197ed5d-ad29-11ef-aa1f-e4a8dfc2a9a8,bike_sharing,22,82,0.0,0.05709028244018555,6528.0,0.0,3,1
StandardGSGP,6197ed5d-ad29-11ef-aa1f-e4a8dfc2a9a8,bike_sharing,22,83,0.0,0.06351065635681152,7456.0,0.0,3,1
StandardGSGP,6197ed5d-ad29-11ef-aa1f-e4a8dfc2a9a8,bike_sharing,22,84,0.0,0.058577775955200195,8234.0,0.0,3,1
StandardGSGP,6197ed5d-ad29-11ef-aa1f-e4a8dfc2a9a8,bike_sharing,22,85,0.0,0.05751609802246094,8846.0,0.0,3,1
StandardGSGP,6197ed5d-ad29-11ef-aa1f-e4a8dfc2a9a8,bike_sharing,22,86,0.0,0.06199979782104492,7756.0,0.0,3,1
StandardGSGP,6197ed5d-ad29-11ef-aa1f-e4a8dfc2a9a8,bike_sharing,22,87,0.0,0.05750679969787598,8300.0,0.0,3,1
StandardGSGP,6197ed5d-ad29-11ef-aa1f-e4a8dfc2a9a8,bike_sharing,22,88,0.0,0.0595097541809082,8082.0,0.0,3,1
StandardGSGP,6197ed5d-ad29-11ef-aa1f-e4a8dfc2a9a8,bike_sharing,22,89,0.0,0.05800199508666992,8818.0,0.0,3,1
StandardGSGP,6197ed5d-ad29-11ef-aa1f-e4a8dfc2a9a8,bike_sharing,22,90,0.0,0.06076645851135254,8378.0,0.0,3,1
StandardGSGP,6197ed5d-ad29-11ef-aa1f-e4a8dfc2a9a8,bike_sharing,22,91,0.0,0.05900096893310547,8636.0,0.0,3,1
StandardGSGP,6197ed5d-ad29-11ef-aa1f-e4a8dfc2a9a8,bike_sharing,22,92,0.0,0.05904507637023926,8442.0,0.0,3,1
StandardGSGP,6197ed5d-ad29-11ef-aa1f-e4a8dfc2a9a8,bike_sharing,22,93,0.0,0.06250715255737305,7866.0,0.0,3,1
StandardGSGP,6197ed5d-ad29-11ef-aa1f-e4a8dfc2a9a8,bike_sharing,22,94,0.0,0.05999946594238281,7456.0,0.0,3,1
StandardGSGP,6197ed5d-ad29-11ef-aa1f-e4a8dfc2a9a8,bike_sharing,22,95,0.0,0.056508779525756836,7030.0,0.0,3,1
StandardGSGP,6197ed5d-ad29-11ef-aa1f-e4a8dfc2a9a8,bike_sharing,22,96,0.0,0.05851268768310547,6272.0,0.0,3,1
StandardGSGP,6197ed5d-ad29-11ef-aa1f-e4a8dfc2a9a8,bike_sharing,22,97,0.0,0.06000018119812012,6334.0,0.0,3,1
StandardGSGP,6197ed5d-ad29-11ef-aa1f-e4a8dfc2a9a8,bike_sharing,22,98,0.0,0.05551481246948242,7752.0,0.0,3,1
StandardGSGP,6197ed5d-ad29-11ef-aa1f-e4a8dfc2a9a8,bike_sharing,22,99,0.0,0.057805776596069336,7388.0,0.0,3,1
StandardGSGP,6197ed5d-ad29-11ef-aa1f-e4a8dfc2a9a8,bike_sharing,22,100,0.0,0.055562496185302734,7182.0,0.0,3,1
