StandardGSGP,dcd31022-ad28-11ef-8764-e4a8dfc2a9a8,bike_sharing,17,0,0.21382127702236176,0.05930733680725098,1406.0,0.2185867577791214,3,1
StandardGSGP,dcd31022-ad28-11ef-8764-e4a8dfc2a9a8,bike_sharing,17,1,0.21382127702236176,0.05750679969787598,1490.0,0.2185867577791214,3,1
StandardGSGP,dcd31022-ad28-11ef-8764-e4a8dfc2a9a8,bike_sharing,17,2,0.12512142956256866,0.06050992012023926,2090.0,0.1232614666223526,9,1
StandardGSGP,dcd31022-ad28-11ef-8764-e4a8dfc2a9a8,bike_sharing,17,3,0.12512142956256866,0.05317044258117676,2464.0,0.1232614666223526,9,1
StandardGSGP,dcd31022-ad28-11ef-8764-e4a8dfc2a9a8,bike_sharing,17,4,0.11678148806095123,0.05550551414489746,3038.0,0.1250215321779251,33,1
StandardGSGP,dcd31022-ad28-11ef-8764-e4a8dfc2a9a8,bike_sharing,17,5,0.10699508339166641,0.05899930000305176,3714.0,0.11659155040979385,43,1
StandardGSGP,dcd31022-ad28-11ef-8764-e4a8dfc2a9a8,bike_sharing,17,6,0.10699508339166641,0.06558394432067871,4310.0,0.11659155040979385,43,1
StandardGSGP,dcd31022-ad28-11ef-8764-e4a8dfc2a9a8,bike_sharing,17,7,0.08581648766994476,0.05982065200805664,5030.0,0.07372826337814331,41,1
StandardGSGP,dcd31022-ad28-11ef-8764-e4a8dfc2a9a8,bike_sharing,17,8,0.08353247493505478,0.06099557876586914,5756.0,0.0719589963555336,47,1
StandardGSGP,dcd31022-ad28-11ef-8764-e4a8dfc2a9a8,bike_sharing,17,9,0.07994408905506134,0.05917787551879883,6194.0,0.0706794261932373,47,1
StandardGSGP,dcd31022-ad28-11ef-8764-e4a8dfc2a9a8,bike_sharing,17,10,0.07905381172895432,0.13400602340698242,6796.0,0.0740007534623146,57,1
StandardGSGP,dcd31022-ad28-11ef-8764-e4a8dfc2a9a8,bike_sharing,17,11,0.07688653469085693,0.054341793060302734,7192.0,0.07246188819408417,53,1
StandardGSGP,dcd31022-ad28-11ef-8764-e4a8dfc2a9a8,bike_sharing,17,12,0.07688653469085693,0.0546717643737793,7678.0,0.07246188819408417,53,1
StandardGSGP,dcd31022-ad28-11ef-8764-e4a8dfc2a9a8,bike_sharing,17,13,0.07688653469085693,0.05606675148010254,8208.0,0.07246188819408417,53,1
StandardGSGP,dcd31022-ad28-11ef-8764-e4a8dfc2a9a8,bike_sharing,17,14,0.07688653469085693,0.0605168342590332,9216.0,0.07246188819408417,53,1
StandardGSGP,dcd31022-ad28-11ef-8764-e4a8dfc2a9a8,bike_sharing,17,15,0.07688653469085693,0.06638216972351074,9574.0,0.07246188819408417,53,1
StandardGSGP,dcd31022-ad28-11ef-8764-e4a8dfc2a9a8,bike_sharing,17,16,0.07294413447380066,0.06253337860107422,10220.0,0.07823550701141357,113,1
StandardGSGP,dcd31022-ad28-11ef-8764-e4a8dfc2a9a8,bike_sharing,17,17,0.07294413447380066,0.05861377716064453,10696.0,0.07823550701141357,113,1
StandardGSGP,dcd31022-ad28-11ef-8764-e4a8dfc2a9a8,bike_sharing,17,18,0.07294413447380066,0.05768227577209473,11128.0,0.07823550701141357,113,1
StandardGSGP,dcd31022-ad28-11ef-8764-e4a8dfc2a9a8,bike_sharing,17,19,0.06665261089801788,0.057498931884765625,12360.0,0.07434728741645813,123,1
StandardGSGP,dcd31022-ad28-11ef-8764-e4a8dfc2a9a8,bike_sharing,17,20,0.06665261089801788,0.05909466743469238,12930.0,0.07434728741645813,123,1
StandardGSGP,dcd31022-ad28-11ef-8764-e4a8dfc2a9a8,bike_sharing,17,21,0.06665261089801788,0.06250882148742676,13764.0,0.07434728741645813,123,1
StandardGSGP,dcd31022-ad28-11ef-8764-e4a8dfc2a9a8,bike_sharing,17,22,0.06624750047922134,0.05790591239929199,14332.0,0.07487215101718903,131,1
StandardGSGP,dcd31022-ad28-11ef-8764-e4a8dfc2a9a8,bike_sharing,17,23,0.06624750047922134,0.0600130558013916,15060.0,0.07487215101718903,131,1
StandardGSGP,dcd31022-ad28-11ef-8764-e4a8dfc2a9a8,bike_sharing,17,24,0.06610230356454849,0.05651068687438965,15640.0,0.0736752301454544,147,1
StandardGSGP,dcd31022-ad28-11ef-8764-e4a8dfc2a9a8,bike_sharing,17,25,0.06610230356454849,0.053992509841918945,16556.0,0.0736752301454544,147,1
StandardGSGP,dcd31022-ad28-11ef-8764-e4a8dfc2a9a8,bike_sharing,17,26,0.06610230356454849,0.05551266670227051,17068.0,0.0736752301454544,147,1
StandardGSGP,dcd31022-ad28-11ef-8764-e4a8dfc2a9a8,bike_sharing,17,27,0.06564333289861679,0.05623316764831543,17638.0,0.07579489052295685,169,1
StandardGSGP,dcd31022-ad28-11ef-8764-e4a8dfc2a9a8,bike_sharing,17,28,0.06419285386800766,0.05650782585144043,18084.0,0.07509999722242355,165,1
StandardGSGP,dcd31022-ad28-11ef-8764-e4a8dfc2a9a8,bike_sharing,17,29,0.06419285386800766,0.06142449378967285,18720.0,0.07509999722242355,165,1
StandardGSGP,dcd31022-ad28-11ef-8764-e4a8dfc2a9a8,bike_sharing,17,30,0.06419285386800766,0.05299186706542969,19168.0,0.07509999722242355,165,1
StandardGSGP,dcd31022-ad28-11ef-8764-e4a8dfc2a9a8,bike_sharing,17,31,0.06419285386800766,0.0660557746887207,20040.0,0.07509999722242355,165,1
StandardGSGP,dcd31022-ad28-11ef-8764-e4a8dfc2a9a8,bike_sharing,17,32,0.06419285386800766,0.060501813888549805,20484.0,0.07509999722242355,165,1
StandardGSGP,dcd31022-ad28-11ef-8764-e4a8dfc2a9a8,bike_sharing,17,33,0.06341951340436935,0.06164669990539551,20754.0,0.074151411652565,181,1
StandardGSGP,dcd31022-ad28-11ef-8764-e4a8dfc2a9a8,bike_sharing,17,34,0.06341951340436935,0.08593893051147461,21228.0,0.074151411652565,181,1
StandardGSGP,dcd31022-ad28-11ef-8764-e4a8dfc2a9a8,bike_sharing,17,35,0.06300418078899384,0.07505226135253906,21600.0,0.07295992970466614,177,1
StandardGSGP,dcd31022-ad28-11ef-8764-e4a8dfc2a9a8,bike_sharing,17,36,0.060681477189064026,0.07760405540466309,22318.0,0.07147195190191269,187,1
StandardGSGP,dcd31022-ad28-11ef-8764-e4a8dfc2a9a8,bike_sharing,17,37,0.060681477189064026,0.0754082202911377,22828.0,0.07147195190191269,187,1
StandardGSGP,dcd31022-ad28-11ef-8764-e4a8dfc2a9a8,bike_sharing,17,38,0.060681477189064026,0.08199429512023926,22936.0,0.07147195190191269,187,1
StandardGSGP,dcd31022-ad28-11ef-8764-e4a8dfc2a9a8,bike_sharing,17,39,0.060681477189064026,0.0705113410949707,23742.0,0.07147195190191269,187,1
StandardGSGP,dcd31022-ad28-11ef-8764-e4a8dfc2a9a8,bike_sharing,17,40,0.05987748131155968,0.0635673999786377,24294.0,0.07105966657400131,203,1
StandardGSGP,dcd31022-ad28-11ef-8764-e4a8dfc2a9a8,bike_sharing,17,41,0.05987748131155968,0.05705618858337402,24116.0,0.07105966657400131,203,1
StandardGSGP,dcd31022-ad28-11ef-8764-e4a8dfc2a9a8,bike_sharing,17,42,0.05987748131155968,0.0595095157623291,24618.0,0.07105966657400131,203,1
StandardGSGP,dcd31022-ad28-11ef-8764-e4a8dfc2a9a8,bike_sharing,17,43,0.05987748131155968,0.05936098098754883,24440.0,0.07105966657400131,203,1
StandardGSGP,dcd31022-ad28-11ef-8764-e4a8dfc2a9a8,bike_sharing,17,44,0.05987748131155968,0.06100893020629883,24706.0,0.07105966657400131,203,1
StandardGSGP,dcd31022-ad28-11ef-8764-e4a8dfc2a9a8,bike_sharing,17,45,0.05987748131155968,0.06435132026672363,24974.0,0.07105966657400131,203,1
StandardGSGP,dcd31022-ad28-11ef-8764-e4a8dfc2a9a8,bike_sharing,17,46,0.05987748131155968,0.06099438667297363,25162.0,0.07105966657400131,203,1
StandardGSGP,dcd31022-ad28-11ef-8764-e4a8dfc2a9a8,bike_sharing,17,47,0.058792319148778915,0.06152701377868652,24980.0,0.07060112804174423,225,1
StandardGSGP,dcd31022-ad28-11ef-8764-e4a8dfc2a9a8,bike_sharing,17,48,0.058792319148778915,0.06282496452331543,24718.0,0.07060112804174423,225,1
StandardGSGP,dcd31022-ad28-11ef-8764-e4a8dfc2a9a8,bike_sharing,17,49,0.058792319148778915,0.06299781799316406,24824.0,0.07060112804174423,225,1
StandardGSGP,dcd31022-ad28-11ef-8764-e4a8dfc2a9a8,bike_sharing,17,50,0.058792319148778915,0.0603177547454834,25364.0,0.07060112804174423,225,1
StandardGSGP,dcd31022-ad28-11ef-8764-e4a8dfc2a9a8,bike_sharing,17,51,0.058792319148778915,0.05749320983886719,26010.0,0.07060112804174423,225,1
StandardGSGP,dcd31022-ad28-11ef-8764-e4a8dfc2a9a8,bike_sharing,17,52,0.058792319148778915,0.055052757263183594,26348.0,0.07060112804174423,225,1
StandardGSGP,dcd31022-ad28-11ef-8764-e4a8dfc2a9a8,bike_sharing,17,53,0.058792319148778915,0.0575098991394043,26790.0,0.07060112804174423,225,1
StandardGSGP,dcd31022-ad28-11ef-8764-e4a8dfc2a9a8,bike_sharing,17,54,0.05856214091181755,0.05999875068664551,27250.0,0.07060541957616806,241,1
StandardGSGP,dcd31022-ad28-11ef-8764-e4a8dfc2a9a8,bike_sharing,17,55,0.05856214091181755,0.06151318550109863,28106.0,0.07060541957616806,241,1
StandardGSGP,dcd31022-ad28-11ef-8764-e4a8dfc2a9a8,bike_sharing,17,56,0.05616538226604462,0.05900716781616211,27996.0,0.06852278113365173,247,1
StandardGSGP,dcd31022-ad28-11ef-8764-e4a8dfc2a9a8,bike_sharing,17,57,0.05598342791199684,0.05851578712463379,28324.0,0.06837768852710724,253,1
StandardGSGP,dcd31022-ad28-11ef-8764-e4a8dfc2a9a8,bike_sharing,17,58,0.05598342791199684,0.056890010833740234,28136.0,0.06837768852710724,253,1
StandardGSGP,dcd31022-ad28-11ef-8764-e4a8dfc2a9a8,bike_sharing,17,59,0.054771218448877335,0.07104969024658203,29068.0,0.06717430800199509,263,1
StandardGSGP,dcd31022-ad28-11ef-8764-e4a8dfc2a9a8,bike_sharing,17,60,0.054771218448877335,0.06928253173828125,29962.0,0.06717430800199509,263,1
StandardGSGP,dcd31022-ad28-11ef-8764-e4a8dfc2a9a8,bike_sharing,17,61,0.054771218448877335,0.07439923286437988,30442.0,0.06717430800199509,263,1
StandardGSGP,dcd31022-ad28-11ef-8764-e4a8dfc2a9a8,bike_sharing,17,62,0.054771218448877335,0.0641782283782959,31568.0,0.06717430800199509,263,1
StandardGSGP,dcd31022-ad28-11ef-8764-e4a8dfc2a9a8,bike_sharing,17,63,0.054771218448877335,0.06121230125427246,32558.0,0.06717430800199509,263,1
StandardGSGP,dcd31022-ad28-11ef-8764-e4a8dfc2a9a8,bike_sharing,17,64,0.054771218448877335,0.07292008399963379,32420.0,0.06717430800199509,263,1
StandardGSGP,dcd31022-ad28-11ef-8764-e4a8dfc2a9a8,bike_sharing,17,65,0.054771218448877335,0.061513423919677734,31382.0,0.06717430800199509,263,1
StandardGSGP,dcd31022-ad28-11ef-8764-e4a8dfc2a9a8,bike_sharing,17,66,0.054771218448877335,0.053681135177612305,31044.0,0.06717430800199509,263,1
StandardGSGP,dcd31022-ad28-11ef-8764-e4a8dfc2a9a8,bike_sharing,17,67,0.054771218448877335,0.05652284622192383,30306.0,0.06717430800199509,263,1
StandardGSGP,dcd31022-ad28-11ef-8764-e4a8dfc2a9a8,bike_sharing,17,68,0.054771218448877335,0.061998844146728516,31358.0,0.06717430800199509,263,1
StandardGSGP,dcd31022-ad28-11ef-8764-e4a8dfc2a9a8,bike_sharing,17,69,0.054771218448877335,0.05952811241149902,31978.0,0.06717430800199509,263,1
StandardGSGP,dcd31022-ad28-11ef-8764-e4a8dfc2a9a8,bike_sharing,17,70,0.054771218448877335,0.056838274002075195,32100.0,0.06717430800199509,263,1
StandardGSGP,dcd31022-ad28-11ef-8764-e4a8dfc2a9a8,bike_sharing,17,71,0.054771218448877335,0.059386253356933594,32412.0,0.06717430800199509,263,1
StandardGSGP,dcd31022-ad28-11ef-8764-e4a8dfc2a9a8,bike_sharing,17,72,0.054771218448877335,0.05808138847351074,31188.0,0.06717430800199509,263,1
StandardGSGP,dcd31022-ad28-11ef-8764-e4a8dfc2a9a8,bike_sharing,17,73,0.05423703044652939,0.05402255058288574,31246.0,0.0665484070777893,269,1
StandardGSGP,dcd31022-ad28-11ef-8764-e4a8dfc2a9a8,bike_sharing,17,74,0.05423703044652939,0.055017948150634766,31126.0,0.0665484070777893,269,1
StandardGSGP,dcd31022-ad28-11ef-8764-e4a8dfc2a9a8,bike_sharing,17,75,0.05423703044652939,0.05491948127746582,31076.0,0.0665484070777893,269,1
StandardGSGP,dcd31022-ad28-11ef-8764-e4a8dfc2a9a8,bike_sharing,17,76,0.05256740376353264,0.12882566452026367,31270.0,0.06530767679214478,275,1
StandardGSGP,dcd31022-ad28-11ef-8764-e4a8dfc2a9a8,bike_sharing,17,77,0.05256740376353264,0.05499887466430664,31404.0,0.06530767679214478,275,1
StandardGSGP,dcd31022-ad28-11ef-8764-e4a8dfc2a9a8,bike_sharing,17,78,0.05256740376353264,0.06298375129699707,31090.0,0.06530767679214478,275,1
StandardGSGP,dcd31022-ad28-11ef-8764-e4a8dfc2a9a8,bike_sharing,17,79,0.05256740376353264,0.05867648124694824,31990.0,0.06530767679214478,275,1
StandardGSGP,dcd31022-ad28-11ef-8764-e4a8dfc2a9a8,bike_sharing,17,80,0.05256740376353264,0.057997703552246094,31654.0,0.06530767679214478,275,1
StandardGSGP,dcd31022-ad28-11ef-8764-e4a8dfc2a9a8,bike_sharing,17,81,0.05256740376353264,0.055527448654174805,31788.0,0.06530767679214478,275,1
StandardGSGP,dcd31022-ad28-11ef-8764-e4a8dfc2a9a8,bike_sharing,17,82,0.05214058235287666,0.05799555778503418,32082.0,0.0648677721619606,287,1
StandardGSGP,dcd31022-ad28-11ef-8764-e4a8dfc2a9a8,bike_sharing,17,83,0.05214058235287666,0.056756019592285156,32166.0,0.0648677721619606,287,1
StandardGSGP,dcd31022-ad28-11ef-8764-e4a8dfc2a9a8,bike_sharing,17,84,0.05183462053537369,0.06215548515319824,32284.0,0.06526760011911392,299,1
StandardGSGP,dcd31022-ad28-11ef-8764-e4a8dfc2a9a8,bike_sharing,17,85,0.05183462053537369,0.056383609771728516,32906.0,0.06526760011911392,299,1
StandardGSGP,dcd31022-ad28-11ef-8764-e4a8dfc2a9a8,bike_sharing,17,86,0.05183462053537369,0.05952596664428711,33446.0,0.06526760011911392,299,1
StandardGSGP,dcd31022-ad28-11ef-8764-e4a8dfc2a9a8,bike_sharing,17,87,0.05183462053537369,0.058301687240600586,32648.0,0.06526760011911392,299,1
StandardGSGP,dcd31022-ad28-11ef-8764-e4a8dfc2a9a8,bike_sharing,17,88,0.05183462053537369,0.0631418228149414,32604.0,0.06526760011911392,299,1
StandardGSGP,dcd31022-ad28-11ef-8764-e4a8dfc2a9a8,bike_sharing,17,89,0.05183462053537369,0.05400490760803223,33160.0,0.06526760011911392,299,1
StandardGSGP,dcd31022-ad28-11ef-8764-e4a8dfc2a9a8,bike_sharing,17,90,0.05183462053537369,0.056146860122680664,33500.0,0.06526760011911392,299,1
StandardGSGP,dcd31022-ad28-11ef-8764-e4a8dfc2a9a8,bike_sharing,17,91,0.05183462053537369,0.05696678161621094,33748.0,0.06526760011911392,299,1
StandardGSGP,dcd31022-ad28-11ef-8764-e4a8dfc2a9a8,bike_sharing,17,92,0.05183462053537369,0.05818343162536621,34360.0,0.06526760011911392,299,1
StandardGSGP,dcd31022-ad28-11ef-8764-e4a8dfc2a9a8,bike_sharing,17,93,0.05183462053537369,0.05774354934692383,34930.0,0.06526760011911392,299,1
StandardGSGP,dcd31022-ad28-11ef-8764-e4a8dfc2a9a8,bike_sharing,17,94,0.05183462053537369,0.05518531799316406,35148.0,0.06526760011911392,299,1
StandardGSGP,dcd31022-ad28-11ef-8764-e4a8dfc2a9a8,bike_sharing,17,95,0.05183462053537369,0.059697866439819336,35292.0,0.06526760011911392,299,1
StandardGSGP,dcd31022-ad28-11ef-8764-e4a8dfc2a9a8,bike_sharing,17,96,0.05183462053537369,0.05957198143005371,35696.0,0.06526760011911392,299,1
StandardGSGP,dcd31022-ad28-11ef-8764-e4a8dfc2a9a8,bike_sharing,17,97,0.05183462053537369,0.05551552772521973,36414.0,0.06526760011911392,299,1
StandardGSGP,dcd31022-ad28-11ef-8764-e4a8dfc2a9a8,bike_sharing,17,98,0.05183462053537369,0.05351090431213379,36906.0,0.06526760011911392,299,1
StandardGSGP,dcd31022-ad28-11ef-8764-e4a8dfc2a9a8,bike_sharing,17,99,0.05183462053537369,0.056442975997924805,37118.0,0.06526760011911392,299,1
StandardGSGP,dcd31022-ad28-11ef-8764-e4a8dfc2a9a8,bike_sharing,17,100,0.05183462053537369,0.05750560760498047,36958.0,0.06526760011911392,299,1
StandardGSGP,4ea13992-ad29-11ef-8764-e4a8dfc2a9a8,bike_sharing,17,0,1069.9892578125,0.05799388885498047,1406.0,1138.0556640625,7,1
StandardGSGP,4ea13992-ad29-11ef-8764-e4a8dfc2a9a8,bike_sharing,17,1,1069.934326171875,0.0566258430480957,2090.0,1138.0059814453125,13,1
StandardGSGP,4ea13992-ad29-11ef-8764-e4a8dfc2a9a8,bike_sharing,17,2,1069.5953369140625,0.060507774353027344,3454.0,1137.6732177734375,23,1
StandardGSGP,4ea13992-ad29-11ef-8764-e4a8dfc2a9a8,bike_sharing,17,3,1069.2509765625,0.06029868125915527,3278.0,1137.3316650390625,29,1
StandardGSGP,4ea13992-ad29-11ef-8764-e4a8dfc2a9a8,bike_sharing,17,4,1069.00390625,0.06418967247009277,3598.0,1137.0872802734375,37,1
StandardGSGP,4ea13992-ad29-11ef-8764-e4a8dfc2a9a8,bike_sharing,17,5,1068.7196044921875,0.0629267692565918,4644.0,1136.79345703125,55,1
StandardGSGP,4ea13992-ad29-11ef-8764-e4a8dfc2a9a8,bike_sharing,17,6,1068.31591796875,0.06151413917541504,5428.0,1136.4185791015625,51,1
StandardGSGP,4ea13992-ad29-11ef-8764-e4a8dfc2a9a8,bike_sharing,17,7,1068.1478271484375,0.059507131576538086,6582.0,1136.2510986328125,59,1
StandardGSGP,4ea13992-ad29-11ef-8764-e4a8dfc2a9a8,bike_sharing,17,8,1067.7713623046875,0.06227374076843262,7590.0,1135.86865234375,63,1
StandardGSGP,4ea13992-ad29-11ef-8764-e4a8dfc2a9a8,bike_sharing,17,9,1067.6263427734375,0.06340551376342773,8366.0,1135.744873046875,77,1
StandardGSGP,4ea13992-ad29-11ef-8764-e4a8dfc2a9a8,bike_sharing,17,10,1067.35791015625,0.06144905090332031,9056.0,1135.4813232421875,83,1
StandardGSGP,4ea13992-ad29-11ef-8764-e4a8dfc2a9a8,bike_sharing,17,11,1066.859130859375,0.05825328826904297,9540.0,1134.988037109375,89,1
StandardGSGP,4ea13992-ad29-11ef-8764-e4a8dfc2a9a8,bike_sharing,17,12,1066.6368408203125,0.05772805213928223,10040.0,1134.7655029296875,101,1
StandardGSGP,4ea13992-ad29-11ef-8764-e4a8dfc2a9a8,bike_sharing,17,13,1066.16650390625,0.059712886810302734,10758.0,1134.2974853515625,105,1
StandardGSGP,4ea13992-ad29-11ef-8764-e4a8dfc2a9a8,bike_sharing,17,14,1065.5787353515625,0.062241554260253906,11538.0,1133.7132568359375,115,1
StandardGSGP,4ea13992-ad29-11ef-8764-e4a8dfc2a9a8,bike_sharing,17,15,1065.5028076171875,0.06088399887084961,12188.0,1133.645263671875,121,1
StandardGSGP,4ea13992-ad29-11ef-8764-e4a8dfc2a9a8,bike_sharing,17,16,1065.4478759765625,0.061269283294677734,12934.0,1133.59814453125,127,1
StandardGSGP,4ea13992-ad29-11ef-8764-e4a8dfc2a9a8,bike_sharing,17,17,1064.7728271484375,0.05730628967285156,13638.0,1132.92529296875,137,1
StandardGSGP,4ea13992-ad29-11ef-8764-e4a8dfc2a9a8,bike_sharing,17,18,1064.25634765625,0.05835437774658203,14460.0,1132.4161376953125,145,1
StandardGSGP,4ea13992-ad29-11ef-8764-e4a8dfc2a9a8,bike_sharing,17,19,1064.0299072265625,0.06027698516845703,15172.0,1132.1923828125,153,1
StandardGSGP,4ea13992-ad29-11ef-8764-e4a8dfc2a9a8,bike_sharing,17,20,1063.6749267578125,0.05938982963562012,16084.0,1131.8416748046875,169,1
StandardGSGP,4ea13992-ad29-11ef-8764-e4a8dfc2a9a8,bike_sharing,17,21,1063.3125,0.058142662048339844,16882.0,1131.478759765625,181,1
StandardGSGP,4ea13992-ad29-11ef-8764-e4a8dfc2a9a8,bike_sharing,17,22,1063.154296875,0.058669328689575195,17882.0,1131.322265625,191,1
StandardGSGP,4ea13992-ad29-11ef-8764-e4a8dfc2a9a8,bike_sharing,17,23,1063.0347900390625,0.059808969497680664,19042.0,1131.193359375,191,1
StandardGSGP,4ea13992-ad29-11ef-8764-e4a8dfc2a9a8,bike_sharing,17,24,1062.5035400390625,0.05800795555114746,20270.0,1130.68994140625,203,1
StandardGSGP,4ea13992-ad29-11ef-8764-e4a8dfc2a9a8,bike_sharing,17,25,1062.1773681640625,0.05551004409790039,21054.0,1130.362548828125,213,1
StandardGSGP,4ea13992-ad29-11ef-8764-e4a8dfc2a9a8,bike_sharing,17,26,1061.8807373046875,0.05692410469055176,21680.0,1130.059814453125,213,1
StandardGSGP,4ea13992-ad29-11ef-8764-e4a8dfc2a9a8,bike_sharing,17,27,1061.6024169921875,0.06009936332702637,22612.0,1129.7703857421875,227,1
StandardGSGP,4ea13992-ad29-11ef-8764-e4a8dfc2a9a8,bike_sharing,17,28,1061.32958984375,0.06151247024536133,23340.0,1129.524658203125,241,1
StandardGSGP,4ea13992-ad29-11ef-8764-e4a8dfc2a9a8,bike_sharing,17,29,1060.7432861328125,0.0612642765045166,24156.0,1128.931884765625,233,1
StandardGSGP,4ea13992-ad29-11ef-8764-e4a8dfc2a9a8,bike_sharing,17,30,1060.702392578125,0.12951946258544922,24884.0,1128.8927001953125,241,1
StandardGSGP,4ea13992-ad29-11ef-8764-e4a8dfc2a9a8,bike_sharing,17,31,1060.581787109375,0.059507131576538086,25774.0,1128.7662353515625,249,1
StandardGSGP,4ea13992-ad29-11ef-8764-e4a8dfc2a9a8,bike_sharing,17,32,1060.177978515625,0.05761313438415527,26284.0,1128.37353515625,255,1
StandardGSGP,4ea13992-ad29-11ef-8764-e4a8dfc2a9a8,bike_sharing,17,33,1059.808349609375,0.0551600456237793,26672.0,1128.030517578125,265,1
StandardGSGP,4ea13992-ad29-11ef-8764-e4a8dfc2a9a8,bike_sharing,17,34,1059.5565185546875,0.05807828903198242,27248.0,1127.750732421875,267,1
StandardGSGP,4ea13992-ad29-11ef-8764-e4a8dfc2a9a8,bike_sharing,17,35,1059.45166015625,0.05800056457519531,28042.0,1127.680908203125,275,1
StandardGSGP,4ea13992-ad29-11ef-8764-e4a8dfc2a9a8,bike_sharing,17,36,1059.2476806640625,0.058339834213256836,28942.0,1127.39453125,315,1
StandardGSGP,4ea13992-ad29-11ef-8764-e4a8dfc2a9a8,bike_sharing,17,37,1058.8289794921875,0.05851244926452637,29614.0,1127.0054931640625,319,1
StandardGSGP,4ea13992-ad29-11ef-8764-e4a8dfc2a9a8,bike_sharing,17,38,1058.679443359375,0.062006235122680664,30608.0,1126.851318359375,303,1
StandardGSGP,4ea13992-ad29-11ef-8764-e4a8dfc2a9a8,bike_sharing,17,39,1058.406494140625,0.06594109535217285,31712.0,1126.5894775390625,325,1
StandardGSGP,4ea13992-ad29-11ef-8764-e4a8dfc2a9a8,bike_sharing,17,40,1058.0018310546875,0.058878183364868164,32618.0,1126.1961669921875,317,1
StandardGSGP,4ea13992-ad29-11ef-8764-e4a8dfc2a9a8,bike_sharing,17,41,1057.841064453125,0.05735445022583008,33552.0,1126.03515625,323,1
StandardGSGP,4ea13992-ad29-11ef-8764-e4a8dfc2a9a8,bike_sharing,17,42,1057.62939453125,0.05651426315307617,33996.0,1125.8411865234375,327,1
StandardGSGP,4ea13992-ad29-11ef-8764-e4a8dfc2a9a8,bike_sharing,17,43,1057.0838623046875,0.05582094192504883,34186.0,1125.30322265625,335,1
StandardGSGP,4ea13992-ad29-11ef-8764-e4a8dfc2a9a8,bike_sharing,17,44,1057.0501708984375,0.058005332946777344,34748.0,1125.2701416015625,345,1
StandardGSGP,4ea13992-ad29-11ef-8764-e4a8dfc2a9a8,bike_sharing,17,45,1056.621337890625,0.05500197410583496,35418.0,1124.8758544921875,359,1
StandardGSGP,4ea13992-ad29-11ef-8764-e4a8dfc2a9a8,bike_sharing,17,46,1056.204833984375,0.054961442947387695,36146.0,1124.460205078125,367,1
StandardGSGP,4ea13992-ad29-11ef-8764-e4a8dfc2a9a8,bike_sharing,17,47,1055.6669921875,0.06023049354553223,36904.0,1123.927490234375,373,1
StandardGSGP,4ea13992-ad29-11ef-8764-e4a8dfc2a9a8,bike_sharing,17,48,1055.341064453125,0.06641030311584473,37894.0,1123.6043701171875,379,1
StandardGSGP,4ea13992-ad29-11ef-8764-e4a8dfc2a9a8,bike_sharing,17,49,1055.0804443359375,0.060587167739868164,38786.0,1123.33935546875,393,1
StandardGSGP,4ea13992-ad29-11ef-8764-e4a8dfc2a9a8,bike_sharing,17,50,1054.8763427734375,0.05928397178649902,39656.0,1123.14404296875,403,1
StandardGSGP,4ea13992-ad29-11ef-8764-e4a8dfc2a9a8,bike_sharing,17,51,1054.7623291015625,0.05850577354431152,40204.0,1123.025146484375,399,1
StandardGSGP,4ea13992-ad29-11ef-8764-e4a8dfc2a9a8,bike_sharing,17,52,1054.6126708984375,0.059409141540527344,41040.0,1122.883544921875,411,1
StandardGSGP,4ea13992-ad29-11ef-8764-e4a8dfc2a9a8,bike_sharing,17,53,1054.1971435546875,0.05693769454956055,41896.0,1122.4647216796875,413,1
StandardGSGP,4ea13992-ad29-11ef-8764-e4a8dfc2a9a8,bike_sharing,17,54,1054.1295166015625,0.05712175369262695,42662.0,1122.394287109375,419,1
StandardGSGP,4ea13992-ad29-11ef-8764-e4a8dfc2a9a8,bike_sharing,17,55,1053.7291259765625,0.0575108528137207,43376.0,1121.99658203125,441,1
StandardGSGP,4ea13992-ad29-11ef-8764-e4a8dfc2a9a8,bike_sharing,17,56,1053.3150634765625,0.05999922752380371,44200.0,1121.6024169921875,453,1
StandardGSGP,4ea13992-ad29-11ef-8764-e4a8dfc2a9a8,bike_sharing,17,57,1053.2252197265625,0.05750918388366699,45304.0,1121.4549560546875,443,1
StandardGSGP,4ea13992-ad29-11ef-8764-e4a8dfc2a9a8,bike_sharing,17,58,1052.9423828125,0.06000351905822754,46504.0,1121.200927734375,463,1
StandardGSGP,4ea13992-ad29-11ef-8764-e4a8dfc2a9a8,bike_sharing,17,59,1052.316162109375,0.05954384803771973,47304.0,1120.56591796875,471,1
StandardGSGP,4ea13992-ad29-11ef-8764-e4a8dfc2a9a8,bike_sharing,17,60,1052.1392822265625,0.062013864517211914,48102.0,1120.4449462890625,495,1
StandardGSGP,4ea13992-ad29-11ef-8764-e4a8dfc2a9a8,bike_sharing,17,61,1051.842041015625,0.06179094314575195,49010.0,1120.0794677734375,493,1
StandardGSGP,4ea13992-ad29-11ef-8764-e4a8dfc2a9a8,bike_sharing,17,62,1051.67578125,0.06233811378479004,50314.0,1119.9857177734375,491,1
StandardGSGP,4ea13992-ad29-11ef-8764-e4a8dfc2a9a8,bike_sharing,17,63,1051.1033935546875,0.05966544151306152,51066.0,1119.356201171875,511,1
StandardGSGP,4ea13992-ad29-11ef-8764-e4a8dfc2a9a8,bike_sharing,17,64,1050.8104248046875,0.05942249298095703,51748.0,1119.0665283203125,523,1
StandardGSGP,4ea13992-ad29-11ef-8764-e4a8dfc2a9a8,bike_sharing,17,65,1050.7669677734375,0.05657196044921875,52654.0,1119.030029296875,539,1
StandardGSGP,4ea13992-ad29-11ef-8764-e4a8dfc2a9a8,bike_sharing,17,66,1050.2459716796875,0.056079864501953125,53492.0,1118.5087890625,529,1
StandardGSGP,4ea13992-ad29-11ef-8764-e4a8dfc2a9a8,bike_sharing,17,67,1049.8675537109375,0.0628504753112793,54514.0,1118.1412353515625,553,1
StandardGSGP,4ea13992-ad29-11ef-8764-e4a8dfc2a9a8,bike_sharing,17,68,1049.8201904296875,0.06166577339172363,55340.0,1118.0924072265625,559,1
StandardGSGP,4ea13992-ad29-11ef-8764-e4a8dfc2a9a8,bike_sharing,17,69,1049.5572509765625,0.06100058555603027,55896.0,1117.8367919921875,571,1
StandardGSGP,4ea13992-ad29-11ef-8764-e4a8dfc2a9a8,bike_sharing,17,70,1049.2554931640625,0.05711483955383301,56570.0,1117.52197265625,571,1
StandardGSGP,4ea13992-ad29-11ef-8764-e4a8dfc2a9a8,bike_sharing,17,71,1049.107421875,0.05685615539550781,57310.0,1117.3719482421875,595,1
StandardGSGP,4ea13992-ad29-11ef-8764-e4a8dfc2a9a8,bike_sharing,17,72,1048.6051025390625,0.05825352668762207,58382.0,1116.8829345703125,581,1
StandardGSGP,4ea13992-ad29-11ef-8764-e4a8dfc2a9a8,bike_sharing,17,73,1048.23388671875,0.056131839752197266,59380.0,1116.51611328125,587,1
StandardGSGP,4ea13992-ad29-11ef-8764-e4a8dfc2a9a8,bike_sharing,17,74,1047.931884765625,0.05699944496154785,59980.0,1116.21630859375,593,1
StandardGSGP,4ea13992-ad29-11ef-8764-e4a8dfc2a9a8,bike_sharing,17,75,1047.69384765625,0.05651664733886719,60458.0,1115.982421875,603,1
StandardGSGP,4ea13992-ad29-11ef-8764-e4a8dfc2a9a8,bike_sharing,17,76,1047.6534423828125,0.06400179862976074,60994.0,1115.94091796875,609,1
StandardGSGP,4ea13992-ad29-11ef-8764-e4a8dfc2a9a8,bike_sharing,17,77,1047.3717041015625,0.05661439895629883,61464.0,1115.6546630859375,605,1
StandardGSGP,4ea13992-ad29-11ef-8764-e4a8dfc2a9a8,bike_sharing,17,78,1046.9324951171875,0.060256004333496094,61930.0,1115.2254638671875,615,1
StandardGSGP,4ea13992-ad29-11ef-8764-e4a8dfc2a9a8,bike_sharing,17,79,1046.7935791015625,0.058652639389038086,62664.0,1115.086669921875,637,1
StandardGSGP,4ea13992-ad29-11ef-8764-e4a8dfc2a9a8,bike_sharing,17,80,1046.6138916015625,0.05830216407775879,63330.0,1114.9178466796875,655,1
StandardGSGP,4ea13992-ad29-11ef-8764-e4a8dfc2a9a8,bike_sharing,17,81,1046.227783203125,0.05832219123840332,64140.0,1114.5306396484375,637,1
StandardGSGP,4ea13992-ad29-11ef-8764-e4a8dfc2a9a8,bike_sharing,17,82,1046.024658203125,0.05903768539428711,65080.0,1114.3250732421875,649,1
StandardGSGP,4ea13992-ad29-11ef-8764-e4a8dfc2a9a8,bike_sharing,17,83,1045.593994140625,0.06454205513000488,65916.0,1113.8724365234375,653,1
StandardGSGP,4ea13992-ad29-11ef-8764-e4a8dfc2a9a8,bike_sharing,17,84,1045.3096923828125,0.06689691543579102,66452.0,1113.5914306640625,659,1
StandardGSGP,4ea13992-ad29-11ef-8764-e4a8dfc2a9a8,bike_sharing,17,85,1045.2601318359375,0.05853462219238281,67202.0,1113.565185546875,667,1
StandardGSGP,4ea13992-ad29-11ef-8764-e4a8dfc2a9a8,bike_sharing,17,86,1044.8487548828125,0.05798959732055664,67926.0,1113.159423828125,673,1
StandardGSGP,4ea13992-ad29-11ef-8764-e4a8dfc2a9a8,bike_sharing,17,87,1044.51025390625,0.05850362777709961,68686.0,1112.824951171875,683,1
StandardGSGP,4ea13992-ad29-11ef-8764-e4a8dfc2a9a8,bike_sharing,17,88,1044.0428466796875,0.06189084053039551,69372.0,1112.361572265625,689,1
StandardGSGP,4ea13992-ad29-11ef-8764-e4a8dfc2a9a8,bike_sharing,17,89,1043.9124755859375,0.05613565444946289,70158.0,1112.2344970703125,695,1
StandardGSGP,4ea13992-ad29-11ef-8764-e4a8dfc2a9a8,bike_sharing,17,90,1043.602783203125,0.058509111404418945,70742.0,1111.923828125,703,1
StandardGSGP,4ea13992-ad29-11ef-8764-e4a8dfc2a9a8,bike_sharing,17,91,1043.521240234375,0.060005903244018555,71320.0,1111.8404541015625,717,1
StandardGSGP,4ea13992-ad29-11ef-8764-e4a8dfc2a9a8,bike_sharing,17,92,1042.9586181640625,0.06679558753967285,72078.0,1111.2733154296875,727,1
StandardGSGP,4ea13992-ad29-11ef-8764-e4a8dfc2a9a8,bike_sharing,17,93,1042.8319091796875,0.07007360458374023,72992.0,1111.1463623046875,727,1
StandardGSGP,4ea13992-ad29-11ef-8764-e4a8dfc2a9a8,bike_sharing,17,94,1042.6339111328125,0.05951666831970215,73956.0,1110.9488525390625,741,1
StandardGSGP,4ea13992-ad29-11ef-8764-e4a8dfc2a9a8,bike_sharing,17,95,1042.39697265625,0.06213998794555664,74712.0,1110.709716796875,737,1
StandardGSGP,4ea13992-ad29-11ef-8764-e4a8dfc2a9a8,bike_sharing,17,96,1042.0526123046875,0.13271594047546387,75362.0,1110.3758544921875,765,1
StandardGSGP,4ea13992-ad29-11ef-8764-e4a8dfc2a9a8,bike_sharing,17,97,1041.9017333984375,0.056592464447021484,76162.0,1110.2052001953125,777,1
StandardGSGP,4ea13992-ad29-11ef-8764-e4a8dfc2a9a8,bike_sharing,17,98,1041.3798828125,0.055516958236694336,77028.0,1109.720703125,771,1
StandardGSGP,4ea13992-ad29-11ef-8764-e4a8dfc2a9a8,bike_sharing,17,99,1040.7469482421875,0.06024980545043945,77862.0,1109.09716796875,783,1
StandardGSGP,4ea13992-ad29-11ef-8764-e4a8dfc2a9a8,bike_sharing,17,100,1040.7469482421875,0.06276392936706543,78646.0,1109.09716796875,783,1
