StandardGSGP,d92cdb80-ad28-11ef-82e6-e4a8dfc2a9a8,bike_sharing,16,0,0.285169392824173,0.06458592414855957,1382.0,0.33191391825675964,3,1
StandardGSGP,d92cdb80-ad28-11ef-82e6-e4a8dfc2a9a8,bike_sharing,16,1,0.13401587307453156,0.05650806427001953,1452.0,0.13210444152355194,9,1
StandardGSGP,d92cdb80-ad28-11ef-82e6-e4a8dfc2a9a8,bike_sharing,16,2,0.13401587307453156,0.05700230598449707,2116.0,0.13210444152355194,9,1
StandardGSGP,d92cdb80-ad28-11ef-82e6-e4a8dfc2a9a8,bike_sharing,16,3,0.1255759298801422,0.06351280212402344,2678.0,0.12328506261110306,31,1
StandardGSGP,d92cdb80-ad28-11ef-82e6-e4a8dfc2a9a8,bike_sharing,16,4,0.11032896488904953,0.06044316291809082,3418.0,0.1102311760187149,37,1
StandardGSGP,d92cdb80-ad28-11ef-82e6-e4a8dfc2a9a8,bike_sharing,16,5,0.11032896488904953,0.06027054786682129,4342.0,0.1102311760187149,37,1
StandardGSGP,d92cdb80-ad28-11ef-82e6-e4a8dfc2a9a8,bike_sharing,16,6,0.0935196653008461,0.05624198913574219,5064.0,0.08773555606603622,51,1
StandardGSGP,d92cdb80-ad28-11ef-82e6-e4a8dfc2a9a8,bike_sharing,16,7,0.0879986435174942,0.05676531791687012,5950.0,0.09165031462907791,49,1
StandardGSGP,d92cdb80-ad28-11ef-82e6-e4a8dfc2a9a8,bike_sharing,16,8,0.07605280727148056,0.055507659912109375,6570.0,0.07418978959321976,63,1
StandardGSGP,d92cdb80-ad28-11ef-82e6-e4a8dfc2a9a8,bike_sharing,16,9,0.07605280727148056,0.055516719818115234,7352.0,0.07418978959321976,63,1
StandardGSGP,d92cdb80-ad28-11ef-82e6-e4a8dfc2a9a8,bike_sharing,16,10,0.07378857582807541,0.05823516845703125,7940.0,0.07185439020395279,79,1
StandardGSGP,d92cdb80-ad28-11ef-82e6-e4a8dfc2a9a8,bike_sharing,16,11,0.07378857582807541,0.05594134330749512,8466.0,0.07185439020395279,79,1
StandardGSGP,d92cdb80-ad28-11ef-82e6-e4a8dfc2a9a8,bike_sharing,16,12,0.07378857582807541,0.057214975357055664,9096.0,0.07185439020395279,79,1
StandardGSGP,d92cdb80-ad28-11ef-82e6-e4a8dfc2a9a8,bike_sharing,16,13,0.0732116848230362,0.055513620376586914,9646.0,0.07039444893598557,89,1
StandardGSGP,d92cdb80-ad28-11ef-82e6-e4a8dfc2a9a8,bike_sharing,16,14,0.07314035296440125,0.06055259704589844,10332.0,0.06991356611251831,97,1
StandardGSGP,d92cdb80-ad28-11ef-82e6-e4a8dfc2a9a8,bike_sharing,16,15,0.07314035296440125,0.05455756187438965,10978.0,0.06991356611251831,97,1
StandardGSGP,d92cdb80-ad28-11ef-82e6-e4a8dfc2a9a8,bike_sharing,16,16,0.0692305788397789,0.05705666542053223,11776.0,0.07037923485040665,107,1
StandardGSGP,d92cdb80-ad28-11ef-82e6-e4a8dfc2a9a8,bike_sharing,16,17,0.06724630296230316,0.061821937561035156,12564.0,0.06858278810977936,117,1
StandardGSGP,d92cdb80-ad28-11ef-82e6-e4a8dfc2a9a8,bike_sharing,16,18,0.06724630296230316,0.05850958824157715,13044.0,0.06858278810977936,117,1
StandardGSGP,d92cdb80-ad28-11ef-82e6-e4a8dfc2a9a8,bike_sharing,16,19,0.06724630296230316,0.0651700496673584,13428.0,0.06858278810977936,117,1
StandardGSGP,d92cdb80-ad28-11ef-82e6-e4a8dfc2a9a8,bike_sharing,16,20,0.06724630296230316,0.07320737838745117,13964.0,0.06858278810977936,117,1
StandardGSGP,d92cdb80-ad28-11ef-82e6-e4a8dfc2a9a8,bike_sharing,16,21,0.06724630296230316,0.05753326416015625,14526.0,0.06858278810977936,117,1
StandardGSGP,d92cdb80-ad28-11ef-82e6-e4a8dfc2a9a8,bike_sharing,16,22,0.06724630296230316,0.05899667739868164,15352.0,0.06858278810977936,117,1
StandardGSGP,d92cdb80-ad28-11ef-82e6-e4a8dfc2a9a8,bike_sharing,16,23,0.06724630296230316,0.05539298057556152,16156.0,0.06858278810977936,117,1
StandardGSGP,d92cdb80-ad28-11ef-82e6-e4a8dfc2a9a8,bike_sharing,16,24,0.06724630296230316,0.05651068687438965,16924.0,0.06858278810977936,117,1
StandardGSGP,d92cdb80-ad28-11ef-82e6-e4a8dfc2a9a8,bike_sharing,16,25,0.06724630296230316,0.0559992790222168,17730.0,0.06858278810977936,117,1
StandardGSGP,d92cdb80-ad28-11ef-82e6-e4a8dfc2a9a8,bike_sharing,16,26,0.06724630296230316,0.06127452850341797,18252.0,0.06858278810977936,117,1
StandardGSGP,d92cdb80-ad28-11ef-82e6-e4a8dfc2a9a8,bike_sharing,16,27,0.06682530045509338,0.06267356872558594,18124.0,0.06974061578512192,135,1
StandardGSGP,d92cdb80-ad28-11ef-82e6-e4a8dfc2a9a8,bike_sharing,16,28,0.06682530045509338,0.053995370864868164,17628.0,0.06974061578512192,135,1
StandardGSGP,d92cdb80-ad28-11ef-82e6-e4a8dfc2a9a8,bike_sharing,16,29,0.06682530045509338,0.05805230140686035,18430.0,0.06974061578512192,135,1
StandardGSGP,d92cdb80-ad28-11ef-82e6-e4a8dfc2a9a8,bike_sharing,16,30,0.06682530045509338,0.0592961311340332,18636.0,0.06974061578512192,135,1
StandardGSGP,d92cdb80-ad28-11ef-82e6-e4a8dfc2a9a8,bike_sharing,16,31,0.06477877497673035,0.055728912353515625,18516.0,0.06602535396814346,179,1
StandardGSGP,d92cdb80-ad28-11ef-82e6-e4a8dfc2a9a8,bike_sharing,16,32,0.06477877497673035,0.055089712142944336,18534.0,0.06602535396814346,179,1
StandardGSGP,d92cdb80-ad28-11ef-82e6-e4a8dfc2a9a8,bike_sharing,16,33,0.06477877497673035,0.058003902435302734,18664.0,0.06602535396814346,179,1
StandardGSGP,d92cdb80-ad28-11ef-82e6-e4a8dfc2a9a8,bike_sharing,16,34,0.06477877497673035,0.0605013370513916,19170.0,0.06602535396814346,179,1
StandardGSGP,d92cdb80-ad28-11ef-82e6-e4a8dfc2a9a8,bike_sharing,16,35,0.06196899339556694,0.054741621017456055,19864.0,0.06416072696447372,185,1
StandardGSGP,d92cdb80-ad28-11ef-82e6-e4a8dfc2a9a8,bike_sharing,16,36,0.06196899339556694,0.05951213836669922,20472.0,0.06416072696447372,185,1
StandardGSGP,d92cdb80-ad28-11ef-82e6-e4a8dfc2a9a8,bike_sharing,16,37,0.06196899339556694,0.054003238677978516,21306.0,0.06416072696447372,185,1
StandardGSGP,d92cdb80-ad28-11ef-82e6-e4a8dfc2a9a8,bike_sharing,16,38,0.055420439690351486,0.054319143295288086,21802.0,0.05694251507520676,221,1
StandardGSGP,d92cdb80-ad28-11ef-82e6-e4a8dfc2a9a8,bike_sharing,16,39,0.055420439690351486,0.05325722694396973,22548.0,0.05694251507520676,221,1
StandardGSGP,d92cdb80-ad28-11ef-82e6-e4a8dfc2a9a8,bike_sharing,16,40,0.055420439690351486,0.05701303482055664,23234.0,0.05694251507520676,221,1
StandardGSGP,d92cdb80-ad28-11ef-82e6-e4a8dfc2a9a8,bike_sharing,16,41,0.055420439690351486,0.057016849517822266,24058.0,0.05694251507520676,221,1
StandardGSGP,d92cdb80-ad28-11ef-82e6-e4a8dfc2a9a8,bike_sharing,16,42,0.055420439690351486,0.05700063705444336,25262.0,0.05694251507520676,221,1
StandardGSGP,d92cdb80-ad28-11ef-82e6-e4a8dfc2a9a8,bike_sharing,16,43,0.055420439690351486,0.057541847229003906,26542.0,0.05694251507520676,221,1
StandardGSGP,d92cdb80-ad28-11ef-82e6-e4a8dfc2a9a8,bike_sharing,16,44,0.055420439690351486,0.0559999942779541,27248.0,0.05694251507520676,221,1
StandardGSGP,d92cdb80-ad28-11ef-82e6-e4a8dfc2a9a8,bike_sharing,16,45,0.05470554530620575,0.059509992599487305,27416.0,0.056125007569789886,227,1
StandardGSGP,d92cdb80-ad28-11ef-82e6-e4a8dfc2a9a8,bike_sharing,16,46,0.05470554530620575,0.061018943786621094,27196.0,0.056125007569789886,227,1
StandardGSGP,d92cdb80-ad28-11ef-82e6-e4a8dfc2a9a8,bike_sharing,16,47,0.05470554530620575,0.05944204330444336,27178.0,0.056125007569789886,227,1
StandardGSGP,d92cdb80-ad28-11ef-82e6-e4a8dfc2a9a8,bike_sharing,16,48,0.05470554530620575,0.05502486228942871,27580.0,0.056125007569789886,227,1
StandardGSGP,d92cdb80-ad28-11ef-82e6-e4a8dfc2a9a8,bike_sharing,16,49,0.05470554530620575,0.05773138999938965,28068.0,0.056125007569789886,227,1
StandardGSGP,d92cdb80-ad28-11ef-82e6-e4a8dfc2a9a8,bike_sharing,16,50,0.05470554530620575,0.13103008270263672,28300.0,0.056125007569789886,227,1
StandardGSGP,d92cdb80-ad28-11ef-82e6-e4a8dfc2a9a8,bike_sharing,16,51,0.05470554530620575,0.05408906936645508,28812.0,0.056125007569789886,227,1
StandardGSGP,d92cdb80-ad28-11ef-82e6-e4a8dfc2a9a8,bike_sharing,16,52,0.05470554530620575,0.05872774124145508,28770.0,0.056125007569789886,227,1
StandardGSGP,d92cdb80-ad28-11ef-82e6-e4a8dfc2a9a8,bike_sharing,16,53,0.054610103368759155,0.058449745178222656,29824.0,0.057377055287361145,237,1
StandardGSGP,d92cdb80-ad28-11ef-82e6-e4a8dfc2a9a8,bike_sharing,16,54,0.05448884144425392,0.060015201568603516,30196.0,0.05726246535778046,245,1
StandardGSGP,d92cdb80-ad28-11ef-82e6-e4a8dfc2a9a8,bike_sharing,16,55,0.05448884144425392,0.06052541732788086,30052.0,0.05726246535778046,245,1
StandardGSGP,d92cdb80-ad28-11ef-82e6-e4a8dfc2a9a8,bike_sharing,16,56,0.05445365235209465,0.062291860580444336,30446.0,0.05713983252644539,257,1
StandardGSGP,d92cdb80-ad28-11ef-82e6-e4a8dfc2a9a8,bike_sharing,16,57,0.05445365235209465,0.057914018630981445,30516.0,0.05713983252644539,257,1
StandardGSGP,d92cdb80-ad28-11ef-82e6-e4a8dfc2a9a8,bike_sharing,16,58,0.05445365235209465,0.058502912521362305,30090.0,0.05713983252644539,257,1
StandardGSGP,d92cdb80-ad28-11ef-82e6-e4a8dfc2a9a8,bike_sharing,16,59,0.05445365235209465,0.05499887466430664,29454.0,0.05713983252644539,257,1
StandardGSGP,d92cdb80-ad28-11ef-82e6-e4a8dfc2a9a8,bike_sharing,16,60,0.05445365235209465,0.05650734901428223,29958.0,0.05713983252644539,257,1
StandardGSGP,d92cdb80-ad28-11ef-82e6-e4a8dfc2a9a8,bike_sharing,16,61,0.05445365235209465,0.05200004577636719,29952.0,0.05713983252644539,257,1
StandardGSGP,d92cdb80-ad28-11ef-82e6-e4a8dfc2a9a8,bike_sharing,16,62,0.05445365235209465,0.058510541915893555,30472.0,0.05713983252644539,257,1
StandardGSGP,d92cdb80-ad28-11ef-82e6-e4a8dfc2a9a8,bike_sharing,16,63,0.05445365235209465,0.05521249771118164,31352.0,0.05713983252644539,257,1
StandardGSGP,d92cdb80-ad28-11ef-82e6-e4a8dfc2a9a8,bike_sharing,16,64,0.05445365235209465,0.05708622932434082,31894.0,0.05713983252644539,257,1
StandardGSGP,d92cdb80-ad28-11ef-82e6-e4a8dfc2a9a8,bike_sharing,16,65,0.05445365235209465,0.05451202392578125,32150.0,0.05713983252644539,257,1
StandardGSGP,d92cdb80-ad28-11ef-82e6-e4a8dfc2a9a8,bike_sharing,16,66,0.05445365235209465,0.06170916557312012,32684.0,0.05713983252644539,257,1
StandardGSGP,d92cdb80-ad28-11ef-82e6-e4a8dfc2a9a8,bike_sharing,16,67,0.05445365235209465,0.06270527839660645,33294.0,0.05713983252644539,257,1
StandardGSGP,d92cdb80-ad28-11ef-82e6-e4a8dfc2a9a8,bike_sharing,16,68,0.05254017561674118,0.05600714683532715,33098.0,0.05494831129908562,263,1
StandardGSGP,d92cdb80-ad28-11ef-82e6-e4a8dfc2a9a8,bike_sharing,16,69,0.05254017561674118,0.05451202392578125,32848.0,0.05494831129908562,263,1
StandardGSGP,d92cdb80-ad28-11ef-82e6-e4a8dfc2a9a8,bike_sharing,16,70,0.05254017561674118,0.05550861358642578,33070.0,0.05494831129908562,263,1
StandardGSGP,d92cdb80-ad28-11ef-82e6-e4a8dfc2a9a8,bike_sharing,16,71,0.05254017561674118,0.06000018119812012,33254.0,0.05494831129908562,263,1
StandardGSGP,d92cdb80-ad28-11ef-82e6-e4a8dfc2a9a8,bike_sharing,16,72,0.05254017561674118,0.056077003479003906,32968.0,0.05494831129908562,263,1
StandardGSGP,d92cdb80-ad28-11ef-82e6-e4a8dfc2a9a8,bike_sharing,16,73,0.04998704791069031,0.056655168533325195,32694.0,0.04949549213051796,269,1
StandardGSGP,d92cdb80-ad28-11ef-82e6-e4a8dfc2a9a8,bike_sharing,16,74,0.04998704791069031,0.05250883102416992,32324.0,0.04949549213051796,269,1
StandardGSGP,d92cdb80-ad28-11ef-82e6-e4a8dfc2a9a8,bike_sharing,16,75,0.04998704791069031,0.05906796455383301,32026.0,0.04949549213051796,269,1
StandardGSGP,d92cdb80-ad28-11ef-82e6-e4a8dfc2a9a8,bike_sharing,16,76,0.04998704791069031,0.057570457458496094,31902.0,0.04949549213051796,269,1
StandardGSGP,d92cdb80-ad28-11ef-82e6-e4a8dfc2a9a8,bike_sharing,16,77,0.04998704791069031,0.06157994270324707,32194.0,0.04949549213051796,269,1
StandardGSGP,d92cdb80-ad28-11ef-82e6-e4a8dfc2a9a8,bike_sharing,16,78,0.04998704791069031,0.059822797775268555,33088.0,0.04949549213051796,269,1
StandardGSGP,d92cdb80-ad28-11ef-82e6-e4a8dfc2a9a8,bike_sharing,16,79,0.04998704791069031,0.06177258491516113,32480.0,0.04949549213051796,269,1
StandardGSGP,d92cdb80-ad28-11ef-82e6-e4a8dfc2a9a8,bike_sharing,16,80,0.04998704791069031,0.05785632133483887,32376.0,0.04949549213051796,269,1
StandardGSGP,d92cdb80-ad28-11ef-82e6-e4a8dfc2a9a8,bike_sharing,16,81,0.04954194650053978,0.05742144584655762,31950.0,0.04849210008978844,289,1
StandardGSGP,d92cdb80-ad28-11ef-82e6-e4a8dfc2a9a8,bike_sharing,16,82,0.04954194650053978,0.051842689514160156,33100.0,0.04849210008978844,289,1
StandardGSGP,d92cdb80-ad28-11ef-82e6-e4a8dfc2a9a8,bike_sharing,16,83,0.04954194650053978,0.05801892280578613,33734.0,0.04849210008978844,289,1
StandardGSGP,d92cdb80-ad28-11ef-82e6-e4a8dfc2a9a8,bike_sharing,16,84,0.04954194650053978,0.06137585639953613,34030.0,0.04849210008978844,289,1
StandardGSGP,d92cdb80-ad28-11ef-82e6-e4a8dfc2a9a8,bike_sharing,16,85,0.04954194650053978,0.055027008056640625,33896.0,0.04849210008978844,289,1
StandardGSGP,d92cdb80-ad28-11ef-82e6-e4a8dfc2a9a8,bike_sharing,16,86,0.04954194650053978,0.06557178497314453,34486.0,0.04849210008978844,289,1
StandardGSGP,d92cdb80-ad28-11ef-82e6-e4a8dfc2a9a8,bike_sharing,16,87,0.04954194650053978,0.06058335304260254,33448.0,0.04849210008978844,289,1
StandardGSGP,d92cdb80-ad28-11ef-82e6-e4a8dfc2a9a8,bike_sharing,16,88,0.04954194650053978,0.058005571365356445,33288.0,0.04849210008978844,289,1
StandardGSGP,d92cdb80-ad28-11ef-82e6-e4a8dfc2a9a8,bike_sharing,16,89,0.049473658204078674,0.05701565742492676,33670.0,0.048466701060533524,295,1
StandardGSGP,d92cdb80-ad28-11ef-82e6-e4a8dfc2a9a8,bike_sharing,16,90,0.049473658204078674,0.061513662338256836,33868.0,0.048466701060533524,295,1
StandardGSGP,d92cdb80-ad28-11ef-82e6-e4a8dfc2a9a8,bike_sharing,16,91,0.049473658204078674,0.05599498748779297,33268.0,0.048466701060533524,295,1
StandardGSGP,d92cdb80-ad28-11ef-82e6-e4a8dfc2a9a8,bike_sharing,16,92,0.049473658204078674,0.05551028251647949,33472.0,0.048466701060533524,295,1
StandardGSGP,d92cdb80-ad28-11ef-82e6-e4a8dfc2a9a8,bike_sharing,16,93,0.049473658204078674,0.05654764175415039,33868.0,0.048466701060533524,295,1
StandardGSGP,d92cdb80-ad28-11ef-82e6-e4a8dfc2a9a8,bike_sharing,16,94,0.049473658204078674,0.05959630012512207,33884.0,0.048466701060533524,295,1
StandardGSGP,d92cdb80-ad28-11ef-82e6-e4a8dfc2a9a8,bike_sharing,16,95,0.049473658204078674,0.05625295639038086,34616.0,0.048466701060533524,295,1
StandardGSGP,d92cdb80-ad28-11ef-82e6-e4a8dfc2a9a8,bike_sharing,16,96,0.049473658204078674,0.060999155044555664,35946.0,0.048466701060533524,295,1
StandardGSGP,d92cdb80-ad28-11ef-82e6-e4a8dfc2a9a8,bike_sharing,16,97,0.049473658204078674,0.06285548210144043,35722.0,0.048466701060533524,295,1
StandardGSGP,d92cdb80-ad28-11ef-82e6-e4a8dfc2a9a8,bike_sharing,16,98,0.049473658204078674,0.05800771713256836,35918.0,0.048466701060533524,295,1
StandardGSGP,d92cdb80-ad28-11ef-82e6-e4a8dfc2a9a8,bike_sharing,16,99,0.049473658204078674,0.0565183162689209,35986.0,0.048466701060533524,295,1
StandardGSGP,d92cdb80-ad28-11ef-82e6-e4a8dfc2a9a8,bike_sharing,16,100,0.049473658204078674,0.058535099029541016,35538.0,0.048466701060533524,295,1
StandardGSGP,4aa907a7-ad29-11ef-82e6-e4a8dfc2a9a8,bike_sharing,16,0,11.094128608703613,0.059868812561035156,1382.0,10.763066291809082,15,1
StandardGSGP,4aa907a7-ad29-11ef-82e6-e4a8dfc2a9a8,bike_sharing,16,1,11.094128608703613,0.05896782875061035,1634.0,10.763066291809082,15,1
StandardGSGP,4aa907a7-ad29-11ef-82e6-e4a8dfc2a9a8,bike_sharing,16,2,10.689032554626465,0.06112480163574219,2298.0,10.311395645141602,23,1
StandardGSGP,4aa907a7-ad29-11ef-82e6-e4a8dfc2a9a8,bike_sharing,16,3,10.633549690246582,0.06129288673400879,3168.0,10.249239921569824,41,1
StandardGSGP,4aa907a7-ad29-11ef-82e6-e4a8dfc2a9a8,bike_sharing,16,4,10.495123863220215,0.1285104751586914,4196.0,10.084345817565918,43,1
StandardGSGP,4aa907a7-ad29-11ef-82e6-e4a8dfc2a9a8,bike_sharing,16,5,10.041065216064453,0.06052255630493164,5122.0,9.577254295349121,37,1
StandardGSGP,4aa907a7-ad29-11ef-82e6-e4a8dfc2a9a8,bike_sharing,16,6,10.034895896911621,0.05899953842163086,5854.0,9.569870948791504,47,1
StandardGSGP,4aa907a7-ad29-11ef-82e6-e4a8dfc2a9a8,bike_sharing,16,7,9.8402681350708,0.06051182746887207,7000.0,9.349457740783691,77,1
StandardGSGP,4aa907a7-ad29-11ef-82e6-e4a8dfc2a9a8,bike_sharing,16,8,9.71104621887207,0.058023929595947266,7714.0,9.211601257324219,81,1
StandardGSGP,4aa907a7-ad29-11ef-82e6-e4a8dfc2a9a8,bike_sharing,16,9,9.551777839660645,0.05762124061584473,8378.0,9.029419898986816,89,1
StandardGSGP,4aa907a7-ad29-11ef-82e6-e4a8dfc2a9a8,bike_sharing,16,10,9.283027648925781,0.05808210372924805,9556.0,8.694756507873535,95,1
StandardGSGP,4aa907a7-ad29-11ef-82e6-e4a8dfc2a9a8,bike_sharing,16,11,9.143555641174316,0.055509090423583984,10258.0,8.526260375976562,103,1
StandardGSGP,4aa907a7-ad29-11ef-82e6-e4a8dfc2a9a8,bike_sharing,16,12,8.96087646484375,0.06051135063171387,10986.0,8.30601692199707,115,1
StandardGSGP,4aa907a7-ad29-11ef-82e6-e4a8dfc2a9a8,bike_sharing,16,13,8.864109992980957,0.056307315826416016,11580.0,8.178537368774414,121,1
StandardGSGP,4aa907a7-ad29-11ef-82e6-e4a8dfc2a9a8,bike_sharing,16,14,8.65004825592041,0.06369519233703613,12582.0,7.900680065155029,129,1
StandardGSGP,4aa907a7-ad29-11ef-82e6-e4a8dfc2a9a8,bike_sharing,16,15,8.513258934020996,0.058687686920166016,13440.0,7.697825908660889,135,1
StandardGSGP,4aa907a7-ad29-11ef-82e6-e4a8dfc2a9a8,bike_sharing,16,16,8.455525398254395,0.057617902755737305,14430.0,7.618612289428711,147,1
StandardGSGP,4aa907a7-ad29-11ef-82e6-e4a8dfc2a9a8,bike_sharing,16,17,8.401752471923828,0.06023240089416504,15336.0,7.576733589172363,153,1
StandardGSGP,4aa907a7-ad29-11ef-82e6-e4a8dfc2a9a8,bike_sharing,16,18,8.322035789489746,0.061003684997558594,15988.0,7.3719706535339355,167,1
StandardGSGP,4aa907a7-ad29-11ef-82e6-e4a8dfc2a9a8,bike_sharing,16,19,8.27840805053711,0.05760335922241211,16842.0,7.388881206512451,165,1
StandardGSGP,4aa907a7-ad29-11ef-82e6-e4a8dfc2a9a8,bike_sharing,16,20,8.24826431274414,0.057802438735961914,17598.0,7.339378833770752,171,1
StandardGSGP,4aa907a7-ad29-11ef-82e6-e4a8dfc2a9a8,bike_sharing,16,21,8.187239646911621,0.058181047439575195,18310.0,7.251548767089844,177,1
StandardGSGP,4aa907a7-ad29-11ef-82e6-e4a8dfc2a9a8,bike_sharing,16,22,8.123685836791992,0.06501126289367676,18970.0,7.152211666107178,197,1
StandardGSGP,4aa907a7-ad29-11ef-82e6-e4a8dfc2a9a8,bike_sharing,16,23,8.0731782913208,0.05650663375854492,19642.0,7.073660373687744,203,1
StandardGSGP,4aa907a7-ad29-11ef-82e6-e4a8dfc2a9a8,bike_sharing,16,24,8.061291694641113,0.05701923370361328,20466.0,7.05221700668335,211,1
StandardGSGP,4aa907a7-ad29-11ef-82e6-e4a8dfc2a9a8,bike_sharing,16,25,7.965807914733887,0.05645132064819336,21486.0,6.918496608734131,229,1
StandardGSGP,4aa907a7-ad29-11ef-82e6-e4a8dfc2a9a8,bike_sharing,16,26,7.954121112823486,0.056471824645996094,22514.0,6.902350425720215,227,1
StandardGSGP,4aa907a7-ad29-11ef-82e6-e4a8dfc2a9a8,bike_sharing,16,27,7.920557975769043,0.05545234680175781,23766.0,6.8603620529174805,241,1
StandardGSGP,4aa907a7-ad29-11ef-82e6-e4a8dfc2a9a8,bike_sharing,16,28,7.9141130447387695,0.05500292778015137,24792.0,6.859005451202393,251,1
StandardGSGP,4aa907a7-ad29-11ef-82e6-e4a8dfc2a9a8,bike_sharing,16,29,7.880025386810303,0.058233022689819336,25762.0,6.871210098266602,259,1
StandardGSGP,4aa907a7-ad29-11ef-82e6-e4a8dfc2a9a8,bike_sharing,16,30,7.8652825355529785,0.06003093719482422,26632.0,6.816709995269775,267,1
StandardGSGP,4aa907a7-ad29-11ef-82e6-e4a8dfc2a9a8,bike_sharing,16,31,7.825878620147705,0.0560002326965332,27302.0,6.785831451416016,277,1
StandardGSGP,4aa907a7-ad29-11ef-82e6-e4a8dfc2a9a8,bike_sharing,16,32,7.811269760131836,0.05651211738586426,28034.0,6.835926055908203,275,1
StandardGSGP,4aa907a7-ad29-11ef-82e6-e4a8dfc2a9a8,bike_sharing,16,33,7.771553993225098,0.05800294876098633,28656.0,6.826812744140625,285,1
StandardGSGP,4aa907a7-ad29-11ef-82e6-e4a8dfc2a9a8,bike_sharing,16,34,7.7573418617248535,0.05650949478149414,29250.0,6.813952922821045,293,1
StandardGSGP,4aa907a7-ad29-11ef-82e6-e4a8dfc2a9a8,bike_sharing,16,35,7.690743923187256,0.057508230209350586,30030.0,6.695376873016357,301,1
StandardGSGP,4aa907a7-ad29-11ef-82e6-e4a8dfc2a9a8,bike_sharing,16,36,7.656116008758545,0.06357502937316895,30720.0,6.658962249755859,307,1
StandardGSGP,4aa907a7-ad29-11ef-82e6-e4a8dfc2a9a8,bike_sharing,16,37,7.6326141357421875,0.06299519538879395,31548.0,6.661801338195801,313,1
StandardGSGP,4aa907a7-ad29-11ef-82e6-e4a8dfc2a9a8,bike_sharing,16,38,7.614747524261475,0.055513858795166016,32436.0,6.637537479400635,325,1
StandardGSGP,4aa907a7-ad29-11ef-82e6-e4a8dfc2a9a8,bike_sharing,16,39,7.612811088562012,0.054624319076538086,32820.0,6.653195858001709,331,1
StandardGSGP,4aa907a7-ad29-11ef-82e6-e4a8dfc2a9a8,bike_sharing,16,40,7.536282539367676,0.06664800643920898,33712.0,6.525120735168457,345,1
StandardGSGP,4aa907a7-ad29-11ef-82e6-e4a8dfc2a9a8,bike_sharing,16,41,7.536282539367676,0.06073760986328125,34606.0,6.525120735168457,345,1
StandardGSGP,4aa907a7-ad29-11ef-82e6-e4a8dfc2a9a8,bike_sharing,16,42,7.5110764503479,0.061380624771118164,35612.0,6.51029109954834,359,1
StandardGSGP,4aa907a7-ad29-11ef-82e6-e4a8dfc2a9a8,bike_sharing,16,43,7.482355117797852,0.06315898895263672,36518.0,6.501653671264648,367,1
StandardGSGP,4aa907a7-ad29-11ef-82e6-e4a8dfc2a9a8,bike_sharing,16,44,7.4438395500183105,0.06243443489074707,37438.0,6.520585536956787,373,1
StandardGSGP,4aa907a7-ad29-11ef-82e6-e4a8dfc2a9a8,bike_sharing,16,45,7.425422668457031,0.05959630012512207,38168.0,6.565079212188721,377,1
StandardGSGP,4aa907a7-ad29-11ef-82e6-e4a8dfc2a9a8,bike_sharing,16,46,7.418900966644287,0.06423592567443848,38914.0,6.5555195808410645,387,1
StandardGSGP,4aa907a7-ad29-11ef-82e6-e4a8dfc2a9a8,bike_sharing,16,47,7.387386322021484,0.06050682067871094,39464.0,6.428133487701416,385,1
StandardGSGP,4aa907a7-ad29-11ef-82e6-e4a8dfc2a9a8,bike_sharing,16,48,7.341813564300537,0.06973958015441895,40004.0,6.4089179039001465,391,1
StandardGSGP,4aa907a7-ad29-11ef-82e6-e4a8dfc2a9a8,bike_sharing,16,49,7.340638637542725,0.060304880142211914,40548.0,6.406519412994385,397,1
StandardGSGP,4aa907a7-ad29-11ef-82e6-e4a8dfc2a9a8,bike_sharing,16,50,7.308160305023193,0.06550812721252441,41000.0,6.447230339050293,407,1
StandardGSGP,4aa907a7-ad29-11ef-82e6-e4a8dfc2a9a8,bike_sharing,16,51,7.271413326263428,0.06069612503051758,41452.0,6.38741397857666,407,1
StandardGSGP,4aa907a7-ad29-11ef-82e6-e4a8dfc2a9a8,bike_sharing,16,52,7.2511305809021,0.06158018112182617,42130.0,6.400461196899414,425,1
StandardGSGP,4aa907a7-ad29-11ef-82e6-e4a8dfc2a9a8,bike_sharing,16,53,7.218348503112793,0.061713218688964844,42840.0,6.384187698364258,435,1
StandardGSGP,4aa907a7-ad29-11ef-82e6-e4a8dfc2a9a8,bike_sharing,16,54,7.211583137512207,0.06251025199890137,43434.0,6.291375160217285,425,1
StandardGSGP,4aa907a7-ad29-11ef-82e6-e4a8dfc2a9a8,bike_sharing,16,55,7.169111251831055,0.05899548530578613,44350.0,6.294102668762207,447,1
StandardGSGP,4aa907a7-ad29-11ef-82e6-e4a8dfc2a9a8,bike_sharing,16,56,7.149206638336182,0.06247544288635254,45504.0,6.284449100494385,455,1
StandardGSGP,4aa907a7-ad29-11ef-82e6-e4a8dfc2a9a8,bike_sharing,16,57,7.149206638336182,0.06482195854187012,46368.0,6.284449100494385,455,1
StandardGSGP,4aa907a7-ad29-11ef-82e6-e4a8dfc2a9a8,bike_sharing,16,58,7.120870590209961,0.07149839401245117,47250.0,6.316681861877441,489,1
StandardGSGP,4aa907a7-ad29-11ef-82e6-e4a8dfc2a9a8,bike_sharing,16,59,7.088266372680664,0.1465916633605957,47810.0,6.251108646392822,495,1
StandardGSGP,4aa907a7-ad29-11ef-82e6-e4a8dfc2a9a8,bike_sharing,16,60,7.066758155822754,0.0649576187133789,48668.0,6.2357916831970215,501,1
StandardGSGP,4aa907a7-ad29-11ef-82e6-e4a8dfc2a9a8,bike_sharing,16,61,7.048286437988281,0.0673675537109375,49486.0,6.207658767700195,507,1
StandardGSGP,4aa907a7-ad29-11ef-82e6-e4a8dfc2a9a8,bike_sharing,16,62,7.022757053375244,0.07208776473999023,50548.0,6.206268310546875,527,1
StandardGSGP,4aa907a7-ad29-11ef-82e6-e4a8dfc2a9a8,bike_sharing,16,63,7.019198417663574,0.07131671905517578,51774.0,6.237093448638916,523,1
StandardGSGP,4aa907a7-ad29-11ef-82e6-e4a8dfc2a9a8,bike_sharing,16,64,6.99757194519043,0.06559967994689941,53094.0,6.186124324798584,533,1
StandardGSGP,4aa907a7-ad29-11ef-82e6-e4a8dfc2a9a8,bike_sharing,16,65,6.9722065925598145,0.06438398361206055,54350.0,6.2152099609375,539,1
StandardGSGP,4aa907a7-ad29-11ef-82e6-e4a8dfc2a9a8,bike_sharing,16,66,6.965568542480469,0.06534147262573242,55130.0,6.2086710929870605,555,1
StandardGSGP,4aa907a7-ad29-11ef-82e6-e4a8dfc2a9a8,bike_sharing,16,67,6.930825233459473,0.06358885765075684,55712.0,6.0832600593566895,553,1
StandardGSGP,4aa907a7-ad29-11ef-82e6-e4a8dfc2a9a8,bike_sharing,16,68,6.920485973358154,0.06566286087036133,56322.0,6.070043087005615,561,1
StandardGSGP,4aa907a7-ad29-11ef-82e6-e4a8dfc2a9a8,bike_sharing,16,69,6.875534534454346,0.0650177001953125,56970.0,6.050948619842529,559,1
StandardGSGP,4aa907a7-ad29-11ef-82e6-e4a8dfc2a9a8,bike_sharing,16,70,6.853436470031738,0.06958198547363281,57532.0,6.010947227478027,567,1
StandardGSGP,4aa907a7-ad29-11ef-82e6-e4a8dfc2a9a8,bike_sharing,16,71,6.837514400482178,0.059554338455200195,58222.0,5.960323810577393,579,1
StandardGSGP,4aa907a7-ad29-11ef-82e6-e4a8dfc2a9a8,bike_sharing,16,72,6.835120677947998,0.060964345932006836,58758.0,5.958293914794922,585,1
StandardGSGP,4aa907a7-ad29-11ef-82e6-e4a8dfc2a9a8,bike_sharing,16,73,6.8308281898498535,0.07037854194641113,59180.0,6.0261359214782715,581,1
StandardGSGP,4aa907a7-ad29-11ef-82e6-e4a8dfc2a9a8,bike_sharing,16,74,6.821001052856445,0.07001447677612305,59782.0,5.952935695648193,597,1
StandardGSGP,4aa907a7-ad29-11ef-82e6-e4a8dfc2a9a8,bike_sharing,16,75,6.8015313148498535,0.0591893196105957,60572.0,5.992384910583496,619,1
StandardGSGP,4aa907a7-ad29-11ef-82e6-e4a8dfc2a9a8,bike_sharing,16,76,6.784693717956543,0.06314826011657715,61330.0,5.949176788330078,611,1
StandardGSGP,4aa907a7-ad29-11ef-82e6-e4a8dfc2a9a8,bike_sharing,16,77,6.777501583099365,0.06423497200012207,62344.0,5.928758144378662,631,1
StandardGSGP,4aa907a7-ad29-11ef-82e6-e4a8dfc2a9a8,bike_sharing,16,78,6.739692687988281,0.06350421905517578,63368.0,5.897737503051758,627,1
StandardGSGP,4aa907a7-ad29-11ef-82e6-e4a8dfc2a9a8,bike_sharing,16,79,6.7395172119140625,0.06514430046081543,64168.0,5.893547534942627,633,1
StandardGSGP,4aa907a7-ad29-11ef-82e6-e4a8dfc2a9a8,bike_sharing,16,80,6.714431285858154,0.06953072547912598,64916.0,5.867162227630615,639,1
StandardGSGP,4aa907a7-ad29-11ef-82e6-e4a8dfc2a9a8,bike_sharing,16,81,6.697732925415039,0.0655369758605957,65674.0,5.874995231628418,649,1
StandardGSGP,4aa907a7-ad29-11ef-82e6-e4a8dfc2a9a8,bike_sharing,16,82,6.65554141998291,0.06138944625854492,66136.0,5.773750305175781,677,1
StandardGSGP,4aa907a7-ad29-11ef-82e6-e4a8dfc2a9a8,bike_sharing,16,83,6.63853120803833,0.06928443908691406,67016.0,5.7571258544921875,683,1
StandardGSGP,4aa907a7-ad29-11ef-82e6-e4a8dfc2a9a8,bike_sharing,16,84,6.6350321769714355,0.06351494789123535,67870.0,5.774686336517334,689,1
StandardGSGP,4aa907a7-ad29-11ef-82e6-e4a8dfc2a9a8,bike_sharing,16,85,6.619163990020752,0.06050229072570801,69534.0,5.73907995223999,705,1
StandardGSGP,4aa907a7-ad29-11ef-82e6-e4a8dfc2a9a8,bike_sharing,16,86,6.600436210632324,0.06932616233825684,70952.0,5.7226176261901855,711,1
StandardGSGP,4aa907a7-ad29-11ef-82e6-e4a8dfc2a9a8,bike_sharing,16,87,6.577915191650391,0.06495523452758789,72026.0,5.798172473907471,729,1
StandardGSGP,4aa907a7-ad29-11ef-82e6-e4a8dfc2a9a8,bike_sharing,16,88,6.547551155090332,0.06107735633850098,72862.0,5.7571234703063965,735,1
StandardGSGP,4aa907a7-ad29-11ef-82e6-e4a8dfc2a9a8,bike_sharing,16,89,6.5472025871276855,0.06952595710754395,73762.0,5.753453254699707,749,1
StandardGSGP,4aa907a7-ad29-11ef-82e6-e4a8dfc2a9a8,bike_sharing,16,90,6.542258262634277,0.07351541519165039,74824.0,5.747593879699707,741,1
StandardGSGP,4aa907a7-ad29-11ef-82e6-e4a8dfc2a9a8,bike_sharing,16,91,6.520440578460693,0.06799840927124023,75818.0,5.721053600311279,761,1
StandardGSGP,4aa907a7-ad29-11ef-82e6-e4a8dfc2a9a8,bike_sharing,16,92,6.504670143127441,0.0705099105834961,76492.0,5.716734886169434,757,1
StandardGSGP,4aa907a7-ad29-11ef-82e6-e4a8dfc2a9a8,bike_sharing,16,93,6.497951030731201,0.06279706954956055,77340.0,5.719954967498779,785,1
StandardGSGP,4aa907a7-ad29-11ef-82e6-e4a8dfc2a9a8,bike_sharing,16,94,6.489277362823486,0.06299591064453125,78180.0,5.732032299041748,785,1
StandardGSGP,4aa907a7-ad29-11ef-82e6-e4a8dfc2a9a8,bike_sharing,16,95,6.479111194610596,0.07133078575134277,78984.0,5.680463790893555,787,1
StandardGSGP,4aa907a7-ad29-11ef-82e6-e4a8dfc2a9a8,bike_sharing,16,96,6.475264549255371,0.06795024871826172,79908.0,5.678116798400879,795,1
StandardGSGP,4aa907a7-ad29-11ef-82e6-e4a8dfc2a9a8,bike_sharing,16,97,6.458587169647217,0.06722640991210938,80592.0,5.630505084991455,815,1
StandardGSGP,4aa907a7-ad29-11ef-82e6-e4a8dfc2a9a8,bike_sharing,16,98,6.452239990234375,0.08047175407409668,81244.0,5.689271926879883,823,1
StandardGSGP,4aa907a7-ad29-11ef-82e6-e4a8dfc2a9a8,bike_sharing,16,99,6.444850921630859,0.06190776824951172,82142.0,5.689074516296387,817,1
StandardGSGP,4aa907a7-ad29-11ef-82e6-e4a8dfc2a9a8,bike_sharing,16,100,6.412784099578857,0.05800294876098633,83504.0,5.624789714813232,855,1
