StandardGP,b4b20910-ada3-11ef-a4e5-e4a8dfc2a9a8,resid_build_sale_price,18,0,0.08979419618844986,0.14210295677185059,1344.0,0.11831967532634735,3,1
StandardGP,b4b20910-ada3-11ef-a4e5-e4a8dfc2a9a8,resid_build_sale_price,18,1,0.08979419618844986,0.05401754379272461,848.0,0.11831967532634735,3,1
StandardGP,b4b20910-ada3-11ef-a4e5-e4a8dfc2a9a8,resid_build_sale_price,18,2,0.08979419618844986,0.038697004318237305,624.0,0.11831967532634735,3,1
StandardGP,b4b20910-ada3-11ef-a4e5-e4a8dfc2a9a8,resid_build_sale_price,18,3,0.08979419618844986,0.03418421745300293,542.0,0.11831967532634735,3,1
StandardGP,b4b20910-ada3-11ef-a4e5-e4a8dfc2a9a8,resid_build_sale_price,18,4,0.08979419618844986,0.03413653373718262,552.0,0.11831967532634735,3,1
StandardGP,b4b20910-ada3-11ef-a4e5-e4a8dfc2a9a8,resid_build_sale_price,18,5,0.06417616456747055,0.03795647621154785,554.0,0.0643218606710434,5,1
StandardGP,b4b20910-ada3-11ef-a4e5-e4a8dfc2a9a8,resid_build_sale_price,18,6,0.06417616456747055,0.038841962814331055,560.0,0.0643218606710434,5,1
StandardGP,b4b20910-ada3-11ef-a4e5-e4a8dfc2a9a8,resid_build_sale_price,18,7,0.06417616456747055,0.04042625427246094,520.0,0.0643218606710434,5,1
StandardGP,b4b20910-ada3-11ef-a4e5-e4a8dfc2a9a8,resid_build_sale_price,18,8,0.06417616456747055,0.040633440017700195,534.0,0.0643218606710434,5,1
StandardGP,b4b20910-ada3-11ef-a4e5-e4a8dfc2a9a8,resid_build_sale_price,18,9,0.06417616456747055,0.03900027275085449,562.0,0.0643218606710434,5,1
StandardGP,b4b20910-ada3-11ef-a4e5-e4a8dfc2a9a8,resid_build_sale_price,18,10,0.06417616456747055,0.040044307708740234,568.0,0.0643218606710434,5,1
StandardGP,b4b20910-ada3-11ef-a4e5-e4a8dfc2a9a8,resid_build_sale_price,18,11,0.06417616456747055,0.038593292236328125,540.0,0.0643218606710434,5,1
StandardGP,b4b20910-ada3-11ef-a4e5-e4a8dfc2a9a8,resid_build_sale_price,18,12,0.06417616456747055,0.039000511169433594,518.0,0.0643218606710434,5,1
StandardGP,b4b20910-ada3-11ef-a4e5-e4a8dfc2a9a8,resid_build_sale_price,18,13,0.053862836211919785,0.03963303565979004,554.0,0.046399690210819244,9,1
StandardGP,b4b20910-ada3-11ef-a4e5-e4a8dfc2a9a8,resid_build_sale_price,18,14,0.053862836211919785,0.043999671936035156,608.0,0.046399690210819244,9,1
StandardGP,b4b20910-ada3-11ef-a4e5-e4a8dfc2a9a8,resid_build_sale_price,18,15,0.053862836211919785,0.04463648796081543,678.0,0.046399690210819244,9,1
StandardGP,b4b20910-ada3-11ef-a4e5-e4a8dfc2a9a8,resid_build_sale_price,18,16,0.053862836211919785,0.048000335693359375,758.0,0.046399690210819244,9,1
StandardGP,b4b20910-ada3-11ef-a4e5-e4a8dfc2a9a8,resid_build_sale_price,18,17,0.053862836211919785,0.04463362693786621,754.0,0.046399690210819244,9,1
StandardGP,b4b20910-ada3-11ef-a4e5-e4a8dfc2a9a8,resid_build_sale_price,18,18,0.053862836211919785,0.045999765396118164,756.0,0.046399690210819244,9,1
StandardGP,b4b20910-ada3-11ef-a4e5-e4a8dfc2a9a8,resid_build_sale_price,18,19,0.053862836211919785,0.0452117919921875,716.0,0.046399690210819244,9,1
StandardGP,b4b20910-ada3-11ef-a4e5-e4a8dfc2a9a8,resid_build_sale_price,18,20,0.053862836211919785,0.041314125061035156,712.0,0.046399690210819244,9,1
StandardGP,b4b20910-ada3-11ef-a4e5-e4a8dfc2a9a8,resid_build_sale_price,18,21,0.053862836211919785,0.043044328689575195,678.0,0.046399690210819244,9,1
StandardGP,b4b20910-ada3-11ef-a4e5-e4a8dfc2a9a8,resid_build_sale_price,18,22,0.053862836211919785,0.04458737373352051,694.0,0.046399690210819244,9,1
StandardGP,b4b20910-ada3-11ef-a4e5-e4a8dfc2a9a8,resid_build_sale_price,18,23,0.053862836211919785,0.04704403877258301,688.0,0.046399690210819244,9,1
StandardGP,b4b20910-ada3-11ef-a4e5-e4a8dfc2a9a8,resid_build_sale_price,18,24,0.053862836211919785,0.04958820343017578,766.0,0.046399690210819244,9,1
StandardGP,b4b20910-ada3-11ef-a4e5-e4a8dfc2a9a8,resid_build_sale_price,18,25,0.053862836211919785,0.04632306098937988,780.0,0.046399690210819244,9,1
StandardGP,b4b20910-ada3-11ef-a4e5-e4a8dfc2a9a8,resid_build_sale_price,18,26,0.053862836211919785,0.04759335517883301,770.0,0.046399690210819244,9,1
StandardGP,b4b20910-ada3-11ef-a4e5-e4a8dfc2a9a8,resid_build_sale_price,18,27,0.053862836211919785,0.046044111251831055,780.0,0.046399690210819244,9,1
StandardGP,b4b20910-ada3-11ef-a4e5-e4a8dfc2a9a8,resid_build_sale_price,18,28,0.053862836211919785,0.04358720779418945,748.0,0.046399690210819244,9,1
StandardGP,b4b20910-ada3-11ef-a4e5-e4a8dfc2a9a8,resid_build_sale_price,18,29,0.053862836211919785,0.05011463165283203,798.0,0.046399690210819244,9,1
StandardGP,b4b20910-ada3-11ef-a4e5-e4a8dfc2a9a8,resid_build_sale_price,18,30,0.053862836211919785,0.04159235954284668,798.0,0.046399690210819244,9,1
StandardGP,b4b20910-ada3-11ef-a4e5-e4a8dfc2a9a8,resid_build_sale_price,18,31,0.053862836211919785,0.045000314712524414,788.0,0.046399690210819244,9,1
StandardGP,b4b20910-ada3-11ef-a4e5-e4a8dfc2a9a8,resid_build_sale_price,18,32,0.053862836211919785,0.04582524299621582,884.0,0.046399690210819244,9,1
StandardGP,b4b20910-ada3-11ef-a4e5-e4a8dfc2a9a8,resid_build_sale_price,18,33,0.053862836211919785,0.04999995231628418,890.0,0.046399690210819244,9,1
StandardGP,b4b20910-ada3-11ef-a4e5-e4a8dfc2a9a8,resid_build_sale_price,18,34,0.05298509821295738,0.05167722702026367,1034.0,0.048913631588220596,11,1
StandardGP,b4b20910-ada3-11ef-a4e5-e4a8dfc2a9a8,resid_build_sale_price,18,35,0.05241183191537857,0.05127835273742676,1016.0,0.0484907366335392,9,1
StandardGP,b4b20910-ada3-11ef-a4e5-e4a8dfc2a9a8,resid_build_sale_price,18,36,0.05241183191537857,0.05658769607543945,1122.0,0.0484907366335392,9,1
StandardGP,b4b20910-ada3-11ef-a4e5-e4a8dfc2a9a8,resid_build_sale_price,18,37,0.0516175739467144,0.05963277816772461,1184.0,0.04487902671098709,9,1
StandardGP,b4b20910-ada3-11ef-a4e5-e4a8dfc2a9a8,resid_build_sale_price,18,38,0.0516175739467144,0.054000139236450195,1156.0,0.04487902671098709,9,1
StandardGP,b4b20910-ada3-11ef-a4e5-e4a8dfc2a9a8,resid_build_sale_price,18,39,0.0516175739467144,0.07294964790344238,1280.0,0.04487902671098709,9,1
StandardGP,b4b20910-ada3-11ef-a4e5-e4a8dfc2a9a8,resid_build_sale_price,18,40,0.0516175739467144,0.06359243392944336,1396.0,0.04487902671098709,9,1
StandardGP,b4b20910-ada3-11ef-a4e5-e4a8dfc2a9a8,resid_build_sale_price,18,41,0.05034328252077103,0.06699967384338379,1416.0,0.043983910232782364,29,1
StandardGP,b4b20910-ada3-11ef-a4e5-e4a8dfc2a9a8,resid_build_sale_price,18,42,0.049112267792224884,0.06562566757202148,1496.0,0.043677475303411484,37,1
StandardGP,b4b20910-ada3-11ef-a4e5-e4a8dfc2a9a8,resid_build_sale_price,18,43,0.04886002466082573,0.08359766006469727,1838.0,0.04338349774479866,45,1
StandardGP,b4b20910-ada3-11ef-a4e5-e4a8dfc2a9a8,resid_build_sale_price,18,44,0.04886002466082573,0.0836341381072998,1958.0,0.04338349774479866,45,1
StandardGP,b4b20910-ada3-11ef-a4e5-e4a8dfc2a9a8,resid_build_sale_price,18,45,0.04886002466082573,0.08504486083984375,2074.0,0.04338349774479866,45,1
StandardGP,b4b20910-ada3-11ef-a4e5-e4a8dfc2a9a8,resid_build_sale_price,18,46,0.04854500666260719,0.10164093971252441,2776.0,0.044285643845796585,77,1
StandardGP,b4b20910-ada3-11ef-a4e5-e4a8dfc2a9a8,resid_build_sale_price,18,47,0.048504460602998734,0.1296389102935791,3302.0,0.0441569946706295,49,1
StandardGP,b4b20910-ada3-11ef-a4e5-e4a8dfc2a9a8,resid_build_sale_price,18,48,0.04848760366439819,0.15875792503356934,3562.0,0.04415607452392578,49,1
StandardGP,b4b20910-ada3-11ef-a4e5-e4a8dfc2a9a8,resid_build_sale_price,18,49,0.04628530517220497,0.1766347885131836,4232.0,0.0405791774392128,49,1
StandardGP,b4b20910-ada3-11ef-a4e5-e4a8dfc2a9a8,resid_build_sale_price,18,50,0.04628530517220497,0.22509288787841797,4590.0,0.0405791774392128,49,1
StandardGP,b4b20910-ada3-11ef-a4e5-e4a8dfc2a9a8,resid_build_sale_price,18,51,0.04628530517220497,0.22527265548706055,5080.0,0.0405791774392128,49,1
StandardGP,b4b20910-ada3-11ef-a4e5-e4a8dfc2a9a8,resid_build_sale_price,18,52,0.04628530517220497,0.23127245903015137,4636.0,0.0405791774392128,49,1
StandardGP,b4b20910-ada3-11ef-a4e5-e4a8dfc2a9a8,resid_build_sale_price,18,53,0.04628530517220497,0.1949634552001953,4412.0,0.0405791774392128,49,1
StandardGP,b4b20910-ada3-11ef-a4e5-e4a8dfc2a9a8,resid_build_sale_price,18,54,0.04561084508895874,0.20872020721435547,4418.0,0.044858865439891815,29,1
StandardGP,b4b20910-ada3-11ef-a4e5-e4a8dfc2a9a8,resid_build_sale_price,18,55,0.04561084508895874,0.25006556510925293,4660.0,0.044858865439891815,29,1
StandardGP,b4b20910-ada3-11ef-a4e5-e4a8dfc2a9a8,resid_build_sale_price,18,56,0.04561084508895874,0.19002008438110352,4436.0,0.044858865439891815,29,1
StandardGP,b4b20910-ada3-11ef-a4e5-e4a8dfc2a9a8,resid_build_sale_price,18,57,0.04561084508895874,0.21027183532714844,4778.0,0.044858865439891815,29,1
StandardGP,b4b20910-ada3-11ef-a4e5-e4a8dfc2a9a8,resid_build_sale_price,18,58,0.04561084508895874,0.21290087699890137,4808.0,0.044858865439891815,29,1
StandardGP,b4b20910-ada3-11ef-a4e5-e4a8dfc2a9a8,resid_build_sale_price,18,59,0.04561084508895874,0.21127080917358398,4796.0,0.044858865439891815,29,1
StandardGP,b4b20910-ada3-11ef-a4e5-e4a8dfc2a9a8,resid_build_sale_price,18,60,0.04561084508895874,0.19727206230163574,4842.0,0.044858865439891815,29,1
StandardGP,b4b20910-ada3-11ef-a4e5-e4a8dfc2a9a8,resid_build_sale_price,18,61,0.04561084508895874,0.22242951393127441,5012.0,0.044858865439891815,29,1
StandardGP,b4b20910-ada3-11ef-a4e5-e4a8dfc2a9a8,resid_build_sale_price,18,62,0.04561084508895874,0.271864652633667,5448.0,0.044858865439891815,29,1
StandardGP,b4b20910-ada3-11ef-a4e5-e4a8dfc2a9a8,resid_build_sale_price,18,63,0.04561084508895874,0.2655038833618164,5372.0,0.044858865439891815,29,1
StandardGP,b4b20910-ada3-11ef-a4e5-e4a8dfc2a9a8,resid_build_sale_price,18,64,0.04561084508895874,0.21824216842651367,5466.0,0.044858865439891815,29,1
StandardGP,b4b20910-ada3-11ef-a4e5-e4a8dfc2a9a8,resid_build_sale_price,18,65,0.04561084508895874,0.24144506454467773,5702.0,0.044858865439891815,29,1
StandardGP,b4b20910-ada3-11ef-a4e5-e4a8dfc2a9a8,resid_build_sale_price,18,66,0.04561084508895874,0.23356866836547852,5584.0,0.044858865439891815,29,1
StandardGP,b4b20910-ada3-11ef-a4e5-e4a8dfc2a9a8,resid_build_sale_price,18,67,0.04561084508895874,0.26122379302978516,5848.0,0.044858865439891815,29,1
StandardGP,b4b20910-ada3-11ef-a4e5-e4a8dfc2a9a8,resid_build_sale_price,18,68,0.04561084508895874,0.24892044067382812,5810.0,0.044858865439891815,29,1
StandardGP,b4b20910-ada3-11ef-a4e5-e4a8dfc2a9a8,resid_build_sale_price,18,69,0.04561084508895874,0.2839083671569824,6230.0,0.044858865439891815,29,1
StandardGP,b4b20910-ada3-11ef-a4e5-e4a8dfc2a9a8,resid_build_sale_price,18,70,0.044721078127622604,0.3025214672088623,6464.0,0.0451149083673954,57,1
StandardGP,b4b20910-ada3-11ef-a4e5-e4a8dfc2a9a8,resid_build_sale_price,18,71,0.044721078127622604,0.2779996395111084,6260.0,0.0451149083673954,57,1
StandardGP,b4b20910-ada3-11ef-a4e5-e4a8dfc2a9a8,resid_build_sale_price,18,72,0.044721078127622604,0.27630162239074707,6042.0,0.0451149083673954,57,1
StandardGP,b4b20910-ada3-11ef-a4e5-e4a8dfc2a9a8,resid_build_sale_price,18,73,0.044348008930683136,0.2785155773162842,5960.0,0.04515025392174721,65,1
StandardGP,b4b20910-ada3-11ef-a4e5-e4a8dfc2a9a8,resid_build_sale_price,18,74,0.044348008930683136,0.270601749420166,5970.0,0.04515025392174721,65,1
StandardGP,b4b20910-ada3-11ef-a4e5-e4a8dfc2a9a8,resid_build_sale_price,18,75,0.044348008930683136,0.32477760314941406,6700.0,0.04515025392174721,65,1
StandardGP,b4b20910-ada3-11ef-a4e5-e4a8dfc2a9a8,resid_build_sale_price,18,76,0.042594004422426224,0.2970101833343506,6722.0,0.045822590589523315,69,1
StandardGP,b4b20910-ada3-11ef-a4e5-e4a8dfc2a9a8,resid_build_sale_price,18,77,0.042594004422426224,0.2608664035797119,6414.0,0.045822590589523315,69,1
StandardGP,b4b20910-ada3-11ef-a4e5-e4a8dfc2a9a8,resid_build_sale_price,18,78,0.042594004422426224,0.2877826690673828,5898.0,0.045822590589523315,69,1
StandardGP,b4b20910-ada3-11ef-a4e5-e4a8dfc2a9a8,resid_build_sale_price,18,79,0.04074588045477867,0.26705408096313477,6158.0,0.04520394280552864,97,1
StandardGP,b4b20910-ada3-11ef-a4e5-e4a8dfc2a9a8,resid_build_sale_price,18,80,0.04074588045477867,0.2989053726196289,5768.0,0.04520394280552864,97,1
StandardGP,b4b20910-ada3-11ef-a4e5-e4a8dfc2a9a8,resid_build_sale_price,18,81,0.04074588045477867,0.28706955909729004,5876.0,0.04520394280552864,97,1
StandardGP,b4b20910-ada3-11ef-a4e5-e4a8dfc2a9a8,resid_build_sale_price,18,82,0.04074588045477867,0.29157590866088867,6030.0,0.04520394280552864,97,1
StandardGP,b4b20910-ada3-11ef-a4e5-e4a8dfc2a9a8,resid_build_sale_price,18,83,0.04074588045477867,0.2877523899078369,5736.0,0.04520394280552864,97,1
StandardGP,b4b20910-ada3-11ef-a4e5-e4a8dfc2a9a8,resid_build_sale_price,18,84,0.04074588045477867,0.3013746738433838,6310.0,0.04520394280552864,97,1
StandardGP,b4b20910-ada3-11ef-a4e5-e4a8dfc2a9a8,resid_build_sale_price,18,85,0.04074588045477867,0.41179990768432617,6932.0,0.04520394280552864,97,1
StandardGP,b4b20910-ada3-11ef-a4e5-e4a8dfc2a9a8,resid_build_sale_price,18,86,0.04074588045477867,0.339275598526001,7020.0,0.04520394280552864,97,1
StandardGP,b4b20910-ada3-11ef-a4e5-e4a8dfc2a9a8,resid_build_sale_price,18,87,0.04074588045477867,0.37753987312316895,7104.0,0.04520394280552864,97,1
StandardGP,b4b20910-ada3-11ef-a4e5-e4a8dfc2a9a8,resid_build_sale_price,18,88,0.04034477099776268,0.4571232795715332,7846.0,0.044669028371572495,81,1
StandardGP,b4b20910-ada3-11ef-a4e5-e4a8dfc2a9a8,resid_build_sale_price,18,89,0.04034477099776268,0.4223930835723877,7762.0,0.044669028371572495,81,1
StandardGP,b4b20910-ada3-11ef-a4e5-e4a8dfc2a9a8,resid_build_sale_price,18,90,0.04008406773209572,0.3547801971435547,7012.0,0.04465709254145622,81,1
StandardGP,b4b20910-ada3-11ef-a4e5-e4a8dfc2a9a8,resid_build_sale_price,18,91,0.03945422172546387,0.41587090492248535,7598.0,0.0450141578912735,81,1
StandardGP,b4b20910-ada3-11ef-a4e5-e4a8dfc2a9a8,resid_build_sale_price,18,92,0.039314523339271545,0.39525818824768066,7196.0,0.044724658131599426,93,1
StandardGP,b4b20910-ada3-11ef-a4e5-e4a8dfc2a9a8,resid_build_sale_price,18,93,0.039314523339271545,0.45659589767456055,7474.0,0.044724658131599426,93,1
StandardGP,b4b20910-ada3-11ef-a4e5-e4a8dfc2a9a8,resid_build_sale_price,18,94,0.03930826112627983,0.446765661239624,7670.0,0.04535358399152756,73,1
StandardGP,b4b20910-ada3-11ef-a4e5-e4a8dfc2a9a8,resid_build_sale_price,18,95,0.03919856250286102,0.41632509231567383,7532.0,0.04542945325374603,85,1
StandardGP,b4b20910-ada3-11ef-a4e5-e4a8dfc2a9a8,resid_build_sale_price,18,96,0.03919856250286102,0.4062180519104004,7028.0,0.04542945325374603,85,1
StandardGP,b4b20910-ada3-11ef-a4e5-e4a8dfc2a9a8,resid_build_sale_price,18,97,0.039019905030727386,0.40559959411621094,7160.0,0.04033432900905609,85,1
StandardGP,b4b20910-ada3-11ef-a4e5-e4a8dfc2a9a8,resid_build_sale_price,18,98,0.039019905030727386,0.41222476959228516,7002.0,0.04033432900905609,85,1
StandardGP,b4b20910-ada3-11ef-a4e5-e4a8dfc2a9a8,resid_build_sale_price,18,99,0.039019905030727386,0.3616824150085449,7134.0,0.04033432900905609,85,1
StandardGP,b4b20910-ada3-11ef-a4e5-e4a8dfc2a9a8,resid_build_sale_price,18,100,0.039019905030727386,0.399552583694458,7616.0,0.04033432900905609,85,1
StandardGP,632fc42a-ada4-11ef-a0dc-e4a8dfc2a9a8,resid_build_sale_price,18,0,113.31815338134766,0.08100223541259766,1344.0,130.77508544921875,3,1
StandardGP,632fc42a-ada4-11ef-a0dc-e4a8dfc2a9a8,resid_build_sale_price,18,1,113.31815338134766,0.03751516342163086,984.0,130.77508544921875,3,1
StandardGP,632fc42a-ada4-11ef-a0dc-e4a8dfc2a9a8,resid_build_sale_price,18,2,113.31815338134766,0.03399825096130371,878.0,130.77508544921875,3,1
StandardGP,632fc42a-ada4-11ef-a0dc-e4a8dfc2a9a8,resid_build_sale_price,18,3,113.31815338134766,0.03400540351867676,918.0,130.77508544921875,3,1
StandardGP,632fc42a-ada4-11ef-a0dc-e4a8dfc2a9a8,resid_build_sale_price,18,4,113.31815338134766,0.028813600540161133,796.0,130.77508544921875,3,1
StandardGP,632fc42a-ada4-11ef-a0dc-e4a8dfc2a9a8,resid_build_sale_price,18,5,113.31815338134766,0.027998924255371094,812.0,130.77508544921875,3,1
StandardGP,632fc42a-ada4-11ef-a0dc-e4a8dfc2a9a8,resid_build_sale_price,18,6,113.31815338134766,0.027004241943359375,866.0,130.77508544921875,3,1
StandardGP,632fc42a-ada4-11ef-a0dc-e4a8dfc2a9a8,resid_build_sale_price,18,7,98.56951141357422,0.025547027587890625,808.0,114.67020416259766,5,1
StandardGP,632fc42a-ada4-11ef-a0dc-e4a8dfc2a9a8,resid_build_sale_price,18,8,98.56951141357422,0.024875402450561523,806.0,114.67020416259766,5,1
StandardGP,632fc42a-ada4-11ef-a0dc-e4a8dfc2a9a8,resid_build_sale_price,18,9,96.69756317138672,0.026996850967407227,868.0,112.31238555908203,9,1
StandardGP,632fc42a-ada4-11ef-a0dc-e4a8dfc2a9a8,resid_build_sale_price,18,10,96.69756317138672,0.02700519561767578,838.0,112.31238555908203,9,1
StandardGP,632fc42a-ada4-11ef-a0dc-e4a8dfc2a9a8,resid_build_sale_price,18,11,96.69756317138672,0.027534961700439453,812.0,112.31238555908203,9,1
StandardGP,632fc42a-ada4-11ef-a0dc-e4a8dfc2a9a8,resid_build_sale_price,18,12,96.69756317138672,0.025989532470703125,822.0,112.31238555908203,9,1
StandardGP,632fc42a-ada4-11ef-a0dc-e4a8dfc2a9a8,resid_build_sale_price,18,13,96.69756317138672,0.02498650550842285,848.0,112.31238555908203,9,1
StandardGP,632fc42a-ada4-11ef-a0dc-e4a8dfc2a9a8,resid_build_sale_price,18,14,96.69756317138672,0.02624678611755371,834.0,112.31238555908203,9,1
StandardGP,632fc42a-ada4-11ef-a0dc-e4a8dfc2a9a8,resid_build_sale_price,18,15,96.69756317138672,0.027122020721435547,852.0,112.31238555908203,9,1
StandardGP,632fc42a-ada4-11ef-a0dc-e4a8dfc2a9a8,resid_build_sale_price,18,16,96.69756317138672,0.028278827667236328,938.0,112.31238555908203,9,1
StandardGP,632fc42a-ada4-11ef-a0dc-e4a8dfc2a9a8,resid_build_sale_price,18,17,96.69756317138672,0.029552221298217773,982.0,112.31238555908203,9,1
StandardGP,632fc42a-ada4-11ef-a0dc-e4a8dfc2a9a8,resid_build_sale_price,18,18,96.69756317138672,0.029245376586914062,970.0,112.31238555908203,9,1
StandardGP,632fc42a-ada4-11ef-a0dc-e4a8dfc2a9a8,resid_build_sale_price,18,19,96.69756317138672,0.03127264976501465,944.0,112.31238555908203,9,1
StandardGP,632fc42a-ada4-11ef-a0dc-e4a8dfc2a9a8,resid_build_sale_price,18,20,96.69756317138672,0.028069019317626953,950.0,112.31238555908203,9,1
StandardGP,632fc42a-ada4-11ef-a0dc-e4a8dfc2a9a8,resid_build_sale_price,18,21,96.69756317138672,0.030168771743774414,958.0,112.31238555908203,9,1
StandardGP,632fc42a-ada4-11ef-a0dc-e4a8dfc2a9a8,resid_build_sale_price,18,22,96.69756317138672,0.03099226951599121,1028.0,112.31238555908203,9,1
StandardGP,632fc42a-ada4-11ef-a0dc-e4a8dfc2a9a8,resid_build_sale_price,18,23,96.69756317138672,0.030513763427734375,1056.0,112.31238555908203,9,1
StandardGP,632fc42a-ada4-11ef-a0dc-e4a8dfc2a9a8,resid_build_sale_price,18,24,96.69756317138672,0.028058528900146484,924.0,112.31238555908203,9,1
StandardGP,632fc42a-ada4-11ef-a0dc-e4a8dfc2a9a8,resid_build_sale_price,18,25,96.69756317138672,0.02810835838317871,938.0,112.31238555908203,9,1
StandardGP,632fc42a-ada4-11ef-a0dc-e4a8dfc2a9a8,resid_build_sale_price,18,26,93.49580383300781,0.03299546241760254,1038.0,90.48027038574219,9,1
StandardGP,632fc42a-ada4-11ef-a0dc-e4a8dfc2a9a8,resid_build_sale_price,18,27,92.79039764404297,0.03252863883972168,1044.0,89.77107238769531,11,1
StandardGP,632fc42a-ada4-11ef-a0dc-e4a8dfc2a9a8,resid_build_sale_price,18,28,56.60149383544922,0.033251285552978516,1070.0,50.652305603027344,5,1
StandardGP,632fc42a-ada4-11ef-a0dc-e4a8dfc2a9a8,resid_build_sale_price,18,29,56.60149383544922,0.030950069427490234,1056.0,50.652305603027344,5,1
StandardGP,632fc42a-ada4-11ef-a0dc-e4a8dfc2a9a8,resid_build_sale_price,18,30,54.324501037597656,0.03298687934875488,1070.0,50.06495666503906,11,1
StandardGP,632fc42a-ada4-11ef-a0dc-e4a8dfc2a9a8,resid_build_sale_price,18,31,53.165077209472656,0.034296512603759766,1066.0,47.33454513549805,7,1
StandardGP,632fc42a-ada4-11ef-a0dc-e4a8dfc2a9a8,resid_build_sale_price,18,32,53.165077209472656,0.030665159225463867,1186.0,47.33454513549805,7,1
StandardGP,632fc42a-ada4-11ef-a0dc-e4a8dfc2a9a8,resid_build_sale_price,18,33,53.165077209472656,0.034574031829833984,1222.0,47.33454513549805,7,1
StandardGP,632fc42a-ada4-11ef-a0dc-e4a8dfc2a9a8,resid_build_sale_price,18,34,53.1650505065918,0.03572201728820801,1330.0,47.334617614746094,15,1
StandardGP,632fc42a-ada4-11ef-a0dc-e4a8dfc2a9a8,resid_build_sale_price,18,35,53.1650505065918,0.03837442398071289,1440.0,47.334617614746094,15,1
StandardGP,632fc42a-ada4-11ef-a0dc-e4a8dfc2a9a8,resid_build_sale_price,18,36,52.60713577270508,0.035521507263183594,1458.0,48.460853576660156,15,1
StandardGP,632fc42a-ada4-11ef-a0dc-e4a8dfc2a9a8,resid_build_sale_price,18,37,52.60713577270508,0.04046630859375,1610.0,48.460853576660156,15,1
StandardGP,632fc42a-ada4-11ef-a0dc-e4a8dfc2a9a8,resid_build_sale_price,18,38,52.60713577270508,0.04125857353210449,1648.0,48.460853576660156,15,1
StandardGP,632fc42a-ada4-11ef-a0dc-e4a8dfc2a9a8,resid_build_sale_price,18,39,52.40766906738281,0.04293012619018555,1756.0,47.503562927246094,11,1
StandardGP,632fc42a-ada4-11ef-a0dc-e4a8dfc2a9a8,resid_build_sale_price,18,40,52.40766906738281,0.03992319107055664,1738.0,47.503562927246094,11,1
StandardGP,632fc42a-ada4-11ef-a0dc-e4a8dfc2a9a8,resid_build_sale_price,18,41,52.401371002197266,0.04680037498474121,2010.0,47.504573822021484,23,1
StandardGP,632fc42a-ada4-11ef-a0dc-e4a8dfc2a9a8,resid_build_sale_price,18,42,52.26048278808594,0.0537264347076416,2344.0,47.3323860168457,9,1
StandardGP,632fc42a-ada4-11ef-a0dc-e4a8dfc2a9a8,resid_build_sale_price,18,43,52.26048278808594,0.05002450942993164,2056.0,47.3323860168457,9,1
StandardGP,632fc42a-ada4-11ef-a0dc-e4a8dfc2a9a8,resid_build_sale_price,18,44,52.26048278808594,0.048525094985961914,2064.0,47.3323860168457,9,1
StandardGP,632fc42a-ada4-11ef-a0dc-e4a8dfc2a9a8,resid_build_sale_price,18,45,52.26048278808594,0.05218815803527832,2186.0,47.3323860168457,9,1
StandardGP,632fc42a-ada4-11ef-a0dc-e4a8dfc2a9a8,resid_build_sale_price,18,46,51.675994873046875,0.05188870429992676,2158.0,46.95646286010742,7,1
StandardGP,632fc42a-ada4-11ef-a0dc-e4a8dfc2a9a8,resid_build_sale_price,18,47,51.675994873046875,0.05458402633666992,2344.0,46.95646286010742,7,1
StandardGP,632fc42a-ada4-11ef-a0dc-e4a8dfc2a9a8,resid_build_sale_price,18,48,51.675994873046875,0.051642417907714844,2178.0,46.95646286010742,7,1
StandardGP,632fc42a-ada4-11ef-a0dc-e4a8dfc2a9a8,resid_build_sale_price,18,49,51.675994873046875,0.053069114685058594,2350.0,46.95646286010742,7,1
StandardGP,632fc42a-ada4-11ef-a0dc-e4a8dfc2a9a8,resid_build_sale_price,18,50,51.675994873046875,0.05875062942504883,2700.0,46.95646286010742,7,1
StandardGP,632fc42a-ada4-11ef-a0dc-e4a8dfc2a9a8,resid_build_sale_price,18,51,51.675994873046875,0.0660407543182373,3010.0,46.95646286010742,7,1
StandardGP,632fc42a-ada4-11ef-a0dc-e4a8dfc2a9a8,resid_build_sale_price,18,52,51.675994873046875,0.07337236404418945,3322.0,46.95646286010742,7,1
StandardGP,632fc42a-ada4-11ef-a0dc-e4a8dfc2a9a8,resid_build_sale_price,18,53,51.675994873046875,0.07736086845397949,3622.0,46.95646286010742,7,1
StandardGP,632fc42a-ada4-11ef-a0dc-e4a8dfc2a9a8,resid_build_sale_price,18,54,51.675994873046875,0.07071995735168457,3384.0,46.95646286010742,7,1
StandardGP,632fc42a-ada4-11ef-a0dc-e4a8dfc2a9a8,resid_build_sale_price,18,55,51.675994873046875,0.0700681209564209,3366.0,46.95646286010742,7,1
StandardGP,632fc42a-ada4-11ef-a0dc-e4a8dfc2a9a8,resid_build_sale_price,18,56,51.675994873046875,0.07064056396484375,3546.0,46.95646286010742,7,1
StandardGP,632fc42a-ada4-11ef-a0dc-e4a8dfc2a9a8,resid_build_sale_price,18,57,51.675994873046875,0.06902837753295898,3316.0,46.95646286010742,7,1
StandardGP,632fc42a-ada4-11ef-a0dc-e4a8dfc2a9a8,resid_build_sale_price,18,58,51.675994873046875,0.06054401397705078,3058.0,46.95646286010742,7,1
StandardGP,632fc42a-ada4-11ef-a0dc-e4a8dfc2a9a8,resid_build_sale_price,18,59,51.675994873046875,0.0673835277557373,2922.0,46.95646286010742,7,1
StandardGP,632fc42a-ada4-11ef-a0dc-e4a8dfc2a9a8,resid_build_sale_price,18,60,51.675994873046875,0.06416106224060059,3090.0,46.95646286010742,7,1
StandardGP,632fc42a-ada4-11ef-a0dc-e4a8dfc2a9a8,resid_build_sale_price,18,61,51.675994873046875,0.06883811950683594,2868.0,46.95646286010742,7,1
StandardGP,632fc42a-ada4-11ef-a0dc-e4a8dfc2a9a8,resid_build_sale_price,18,62,51.46234893798828,0.07755589485168457,3310.0,47.118831634521484,11,1
StandardGP,632fc42a-ada4-11ef-a0dc-e4a8dfc2a9a8,resid_build_sale_price,18,63,51.46234893798828,0.06508564949035645,2862.0,47.118831634521484,11,1
StandardGP,632fc42a-ada4-11ef-a0dc-e4a8dfc2a9a8,resid_build_sale_price,18,64,51.46234893798828,0.05837845802307129,2654.0,47.118831634521484,11,1
StandardGP,632fc42a-ada4-11ef-a0dc-e4a8dfc2a9a8,resid_build_sale_price,18,65,51.46234893798828,0.05925559997558594,2392.0,47.118831634521484,11,1
StandardGP,632fc42a-ada4-11ef-a0dc-e4a8dfc2a9a8,resid_build_sale_price,18,66,51.46234893798828,0.0523228645324707,2318.0,47.118831634521484,11,1
StandardGP,632fc42a-ada4-11ef-a0dc-e4a8dfc2a9a8,resid_build_sale_price,18,67,51.06105422973633,0.054941415786743164,2182.0,47.516807556152344,13,1
StandardGP,632fc42a-ada4-11ef-a0dc-e4a8dfc2a9a8,resid_build_sale_price,18,68,51.06105422973633,0.04677104949951172,1936.0,47.516807556152344,13,1
StandardGP,632fc42a-ada4-11ef-a0dc-e4a8dfc2a9a8,resid_build_sale_price,18,69,50.919124603271484,0.05379652976989746,1926.0,46.98023223876953,9,1
StandardGP,632fc42a-ada4-11ef-a0dc-e4a8dfc2a9a8,resid_build_sale_price,18,70,50.919124603271484,0.04767155647277832,1954.0,46.98023223876953,9,1
StandardGP,632fc42a-ada4-11ef-a0dc-e4a8dfc2a9a8,resid_build_sale_price,18,71,50.919124603271484,0.051405906677246094,2086.0,46.98023223876953,9,1
StandardGP,632fc42a-ada4-11ef-a0dc-e4a8dfc2a9a8,resid_build_sale_price,18,72,50.919124603271484,0.05758810043334961,2278.0,46.98023223876953,9,1
StandardGP,632fc42a-ada4-11ef-a0dc-e4a8dfc2a9a8,resid_build_sale_price,18,73,50.919124603271484,0.06267833709716797,2266.0,46.98023223876953,9,1
StandardGP,632fc42a-ada4-11ef-a0dc-e4a8dfc2a9a8,resid_build_sale_price,18,74,50.919124603271484,0.06054258346557617,2404.0,46.98023223876953,9,1
StandardGP,632fc42a-ada4-11ef-a0dc-e4a8dfc2a9a8,resid_build_sale_price,18,75,50.919124603271484,0.058389902114868164,2266.0,46.98023223876953,9,1
StandardGP,632fc42a-ada4-11ef-a0dc-e4a8dfc2a9a8,resid_build_sale_price,18,76,50.919124603271484,0.06721162796020508,2496.0,46.98023223876953,9,1
StandardGP,632fc42a-ada4-11ef-a0dc-e4a8dfc2a9a8,resid_build_sale_price,18,77,50.919124603271484,0.06106233596801758,2604.0,46.98023223876953,9,1
StandardGP,632fc42a-ada4-11ef-a0dc-e4a8dfc2a9a8,resid_build_sale_price,18,78,50.919124603271484,0.07380104064941406,2758.0,46.98023223876953,9,1
StandardGP,632fc42a-ada4-11ef-a0dc-e4a8dfc2a9a8,resid_build_sale_price,18,79,46.27264404296875,0.07158637046813965,2716.0,45.80379867553711,29,1
StandardGP,632fc42a-ada4-11ef-a0dc-e4a8dfc2a9a8,resid_build_sale_price,18,80,46.27264404296875,0.06460118293762207,2602.0,45.80379867553711,29,1
StandardGP,632fc42a-ada4-11ef-a0dc-e4a8dfc2a9a8,resid_build_sale_price,18,81,46.27264404296875,0.06438255310058594,2566.0,45.80379867553711,29,1
StandardGP,632fc42a-ada4-11ef-a0dc-e4a8dfc2a9a8,resid_build_sale_price,18,82,46.27264404296875,0.0706021785736084,2908.0,45.80379867553711,29,1
StandardGP,632fc42a-ada4-11ef-a0dc-e4a8dfc2a9a8,resid_build_sale_price,18,83,46.27264404296875,0.07851409912109375,3082.0,45.80379867553711,29,1
StandardGP,632fc42a-ada4-11ef-a0dc-e4a8dfc2a9a8,resid_build_sale_price,18,84,46.27264404296875,0.07540130615234375,3182.0,45.80379867553711,29,1
StandardGP,632fc42a-ada4-11ef-a0dc-e4a8dfc2a9a8,resid_build_sale_price,18,85,46.27264404296875,0.0911397933959961,3538.0,45.80379867553711,29,1
StandardGP,632fc42a-ada4-11ef-a0dc-e4a8dfc2a9a8,resid_build_sale_price,18,86,46.27264404296875,0.10575199127197266,4184.0,45.80379867553711,29,1
StandardGP,632fc42a-ada4-11ef-a0dc-e4a8dfc2a9a8,resid_build_sale_price,18,87,46.27264404296875,0.10660552978515625,4260.0,45.80379867553711,29,1
StandardGP,632fc42a-ada4-11ef-a0dc-e4a8dfc2a9a8,resid_build_sale_price,18,88,44.98958206176758,0.1119072437286377,4750.0,44.59675979614258,67,1
StandardGP,632fc42a-ada4-11ef-a0dc-e4a8dfc2a9a8,resid_build_sale_price,18,89,44.98958206176758,0.10223841667175293,4540.0,44.59675979614258,67,1
StandardGP,632fc42a-ada4-11ef-a0dc-e4a8dfc2a9a8,resid_build_sale_price,18,90,44.98958206176758,0.10500860214233398,4338.0,44.59675979614258,67,1
StandardGP,632fc42a-ada4-11ef-a0dc-e4a8dfc2a9a8,resid_build_sale_price,18,91,44.98958206176758,0.10004162788391113,4340.0,44.59675979614258,67,1
StandardGP,632fc42a-ada4-11ef-a0dc-e4a8dfc2a9a8,resid_build_sale_price,18,92,44.98958206176758,0.09632349014282227,4066.0,44.59675979614258,67,1
StandardGP,632fc42a-ada4-11ef-a0dc-e4a8dfc2a9a8,resid_build_sale_price,18,93,44.98957824707031,0.09227633476257324,3822.0,44.596763610839844,115,1
StandardGP,632fc42a-ada4-11ef-a0dc-e4a8dfc2a9a8,resid_build_sale_price,18,94,44.98957824707031,0.10192441940307617,4138.0,44.596763610839844,115,1
StandardGP,632fc42a-ada4-11ef-a0dc-e4a8dfc2a9a8,resid_build_sale_price,18,95,44.98957824707031,0.09744596481323242,3852.0,44.596763610839844,115,1
StandardGP,632fc42a-ada4-11ef-a0dc-e4a8dfc2a9a8,resid_build_sale_price,18,96,44.98957824707031,0.09672260284423828,4072.0,44.596763610839844,115,1
StandardGP,632fc42a-ada4-11ef-a0dc-e4a8dfc2a9a8,resid_build_sale_price,18,97,44.58098220825195,0.10842418670654297,4536.0,48.28175354003906,65,1
StandardGP,632fc42a-ada4-11ef-a0dc-e4a8dfc2a9a8,resid_build_sale_price,18,98,44.58098220825195,0.11332488059997559,4736.0,48.28175354003906,65,1
StandardGP,632fc42a-ada4-11ef-a0dc-e4a8dfc2a9a8,resid_build_sale_price,18,99,44.58098220825195,0.11402082443237305,4840.0,48.28175354003906,65,1
StandardGP,632fc42a-ada4-11ef-a0dc-e4a8dfc2a9a8,resid_build_sale_price,18,100,44.58098220825195,0.13904905319213867,6110.0,48.28175354003906,65,1
StandardGP,dc747b3d-ada5-11ef-8ecd-e4a8dfc2a9a8,resid_build_sale_price,18,0,0.08979419618844986,0.05398845672607422,1344.0,0.11831967532634735,3,1
StandardGP,dc747b3d-ada5-11ef-8ecd-e4a8dfc2a9a8,resid_build_sale_price,18,1,0.08979419618844986,0.027348041534423828,744.0,0.11831967532634735,3,1
StandardGP,dc747b3d-ada5-11ef-8ecd-e4a8dfc2a9a8,resid_build_sale_price,18,2,0.07410670816898346,0.022101640701293945,606.0,0.07510930299758911,5,1
StandardGP,dc747b3d-ada5-11ef-8ecd-e4a8dfc2a9a8,resid_build_sale_price,18,3,0.07410670816898346,0.018520593643188477,514.0,0.07510930299758911,5,1
StandardGP,dc747b3d-ada5-11ef-8ecd-e4a8dfc2a9a8,resid_build_sale_price,18,4,0.07410670816898346,0.022665739059448242,594.0,0.07510930299758911,5,1
StandardGP,dc747b3d-ada5-11ef-8ecd-e4a8dfc2a9a8,resid_build_sale_price,18,5,0.07410670816898346,0.019217491149902344,584.0,0.07510930299758911,5,1
StandardGP,dc747b3d-ada5-11ef-8ecd-e4a8dfc2a9a8,resid_build_sale_price,18,6,0.07410670816898346,0.021816015243530273,640.0,0.07510930299758911,5,1
StandardGP,dc747b3d-ada5-11ef-8ecd-e4a8dfc2a9a8,resid_build_sale_price,18,7,0.07410670816898346,0.020061492919921875,654.0,0.07510930299758911,5,1
StandardGP,dc747b3d-ada5-11ef-8ecd-e4a8dfc2a9a8,resid_build_sale_price,18,8,0.07410670816898346,0.019765853881835938,682.0,0.07510930299758911,5,1
StandardGP,dc747b3d-ada5-11ef-8ecd-e4a8dfc2a9a8,resid_build_sale_price,18,9,0.07410670816898346,0.018285274505615234,696.0,0.07510930299758911,5,1
StandardGP,dc747b3d-ada5-11ef-8ecd-e4a8dfc2a9a8,resid_build_sale_price,18,10,0.07410670816898346,0.019771575927734375,754.0,0.07510930299758911,5,1
StandardGP,dc747b3d-ada5-11ef-8ecd-e4a8dfc2a9a8,resid_build_sale_price,18,11,0.06496454030275345,0.018906354904174805,706.0,0.05587920546531677,7,1
StandardGP,dc747b3d-ada5-11ef-8ecd-e4a8dfc2a9a8,resid_build_sale_price,18,12,0.06496454030275345,0.018848896026611328,788.0,0.05587920546531677,7,1
StandardGP,dc747b3d-ada5-11ef-8ecd-e4a8dfc2a9a8,resid_build_sale_price,18,13,0.05779080092906952,0.02040863037109375,832.0,0.047345180064439774,5,1
StandardGP,dc747b3d-ada5-11ef-8ecd-e4a8dfc2a9a8,resid_build_sale_price,18,14,0.05779080092906952,0.019064664840698242,838.0,0.047345180064439774,5,1
StandardGP,dc747b3d-ada5-11ef-8ecd-e4a8dfc2a9a8,resid_build_sale_price,18,15,0.05779080092906952,0.021195173263549805,940.0,0.047345180064439774,5,1
StandardGP,dc747b3d-ada5-11ef-8ecd-e4a8dfc2a9a8,resid_build_sale_price,18,16,0.05779080092906952,0.021900415420532227,988.0,0.047345180064439774,5,1
StandardGP,dc747b3d-ada5-11ef-8ecd-e4a8dfc2a9a8,resid_build_sale_price,18,17,0.05779080092906952,0.023848295211791992,1062.0,0.047345180064439774,5,1
StandardGP,dc747b3d-ada5-11ef-8ecd-e4a8dfc2a9a8,resid_build_sale_price,18,18,0.05779080092906952,0.028931617736816406,1270.0,0.047345180064439774,5,1
StandardGP,dc747b3d-ada5-11ef-8ecd-e4a8dfc2a9a8,resid_build_sale_price,18,19,0.05779080092906952,0.033536672592163086,1652.0,0.047345180064439774,5,1
StandardGP,dc747b3d-ada5-11ef-8ecd-e4a8dfc2a9a8,resid_build_sale_price,18,20,0.05779080092906952,0.03927731513977051,2018.0,0.047345180064439774,5,1
StandardGP,dc747b3d-ada5-11ef-8ecd-e4a8dfc2a9a8,resid_build_sale_price,18,21,0.05779080092906952,0.040544748306274414,2124.0,0.047345180064439774,5,1
StandardGP,dc747b3d-ada5-11ef-8ecd-e4a8dfc2a9a8,resid_build_sale_price,18,22,0.05779080092906952,0.040296077728271484,2076.0,0.047345180064439774,5,1
StandardGP,dc747b3d-ada5-11ef-8ecd-e4a8dfc2a9a8,resid_build_sale_price,18,23,0.05779080092906952,0.03943276405334473,2020.0,0.047345180064439774,5,1
StandardGP,dc747b3d-ada5-11ef-8ecd-e4a8dfc2a9a8,resid_build_sale_price,18,24,0.05779080092906952,0.040857553482055664,2144.0,0.047345180064439774,5,1
StandardGP,dc747b3d-ada5-11ef-8ecd-e4a8dfc2a9a8,resid_build_sale_price,18,25,0.05779080092906952,0.04916572570800781,2574.0,0.047345180064439774,5,1
StandardGP,dc747b3d-ada5-11ef-8ecd-e4a8dfc2a9a8,resid_build_sale_price,18,26,0.05779080092906952,0.05579328536987305,2996.0,0.047345180064439774,5,1
StandardGP,dc747b3d-ada5-11ef-8ecd-e4a8dfc2a9a8,resid_build_sale_price,18,27,0.05779080092906952,0.06677937507629395,3538.0,0.047345180064439774,5,1
StandardGP,dc747b3d-ada5-11ef-8ecd-e4a8dfc2a9a8,resid_build_sale_price,18,28,0.05779080092906952,0.05955195426940918,3244.0,0.047345180064439774,5,1
StandardGP,dc747b3d-ada5-11ef-8ecd-e4a8dfc2a9a8,resid_build_sale_price,18,29,0.05779080092906952,0.057164669036865234,3052.0,0.047345180064439774,5,1
StandardGP,dc747b3d-ada5-11ef-8ecd-e4a8dfc2a9a8,resid_build_sale_price,18,30,0.05779080092906952,0.05147433280944824,2686.0,0.047345180064439774,5,1
StandardGP,dc747b3d-ada5-11ef-8ecd-e4a8dfc2a9a8,resid_build_sale_price,18,31,0.05779080092906952,0.05287480354309082,2860.0,0.047345180064439774,5,1
StandardGP,dc747b3d-ada5-11ef-8ecd-e4a8dfc2a9a8,resid_build_sale_price,18,32,0.05779080092906952,0.06595969200134277,3590.0,0.047345180064439774,5,1
StandardGP,dc747b3d-ada5-11ef-8ecd-e4a8dfc2a9a8,resid_build_sale_price,18,33,0.05779080092906952,0.06504297256469727,3644.0,0.047345180064439774,5,1
StandardGP,dc747b3d-ada5-11ef-8ecd-e4a8dfc2a9a8,resid_build_sale_price,18,34,0.05110589787364006,0.06406688690185547,3442.0,0.04271861910820007,11,1
StandardGP,dc747b3d-ada5-11ef-8ecd-e4a8dfc2a9a8,resid_build_sale_price,18,35,0.05110589787364006,0.06465315818786621,3318.0,0.04271861910820007,11,1
StandardGP,dc747b3d-ada5-11ef-8ecd-e4a8dfc2a9a8,resid_build_sale_price,18,36,0.05110589787364006,0.059836626052856445,3248.0,0.04271861910820007,11,1
StandardGP,dc747b3d-ada5-11ef-8ecd-e4a8dfc2a9a8,resid_build_sale_price,18,37,0.05110589787364006,0.06134748458862305,3260.0,0.04271861910820007,11,1
StandardGP,dc747b3d-ada5-11ef-8ecd-e4a8dfc2a9a8,resid_build_sale_price,18,38,0.05110589787364006,0.058945655822753906,3110.0,0.04271861910820007,11,1
StandardGP,dc747b3d-ada5-11ef-8ecd-e4a8dfc2a9a8,resid_build_sale_price,18,39,0.05110589787364006,0.06214284896850586,3290.0,0.04271861910820007,11,1
StandardGP,dc747b3d-ada5-11ef-8ecd-e4a8dfc2a9a8,resid_build_sale_price,18,40,0.05110589787364006,0.06300735473632812,3476.0,0.04271861910820007,11,1
StandardGP,dc747b3d-ada5-11ef-8ecd-e4a8dfc2a9a8,resid_build_sale_price,18,41,0.05110589787364006,0.06503820419311523,3468.0,0.04271861910820007,11,1
StandardGP,dc747b3d-ada5-11ef-8ecd-e4a8dfc2a9a8,resid_build_sale_price,18,42,0.05110589787364006,0.07134532928466797,3942.0,0.04271861910820007,11,1
StandardGP,dc747b3d-ada5-11ef-8ecd-e4a8dfc2a9a8,resid_build_sale_price,18,43,0.05110589787364006,0.06248021125793457,3240.0,0.04271861910820007,11,1
StandardGP,dc747b3d-ada5-11ef-8ecd-e4a8dfc2a9a8,resid_build_sale_price,18,44,0.05110589787364006,0.061644554138183594,3180.0,0.04271861910820007,11,1
StandardGP,dc747b3d-ada5-11ef-8ecd-e4a8dfc2a9a8,resid_build_sale_price,18,45,0.05110589787364006,0.06600785255432129,3310.0,0.04271861910820007,11,1
StandardGP,dc747b3d-ada5-11ef-8ecd-e4a8dfc2a9a8,resid_build_sale_price,18,46,0.05110589787364006,0.07408857345581055,4202.0,0.04271861910820007,11,1
StandardGP,dc747b3d-ada5-11ef-8ecd-e4a8dfc2a9a8,resid_build_sale_price,18,47,0.05110589787364006,0.06853365898132324,3740.0,0.04271861910820007,11,1
StandardGP,dc747b3d-ada5-11ef-8ecd-e4a8dfc2a9a8,resid_build_sale_price,18,48,0.05110589787364006,0.0705254077911377,3788.0,0.04271861910820007,11,1
StandardGP,dc747b3d-ada5-11ef-8ecd-e4a8dfc2a9a8,resid_build_sale_price,18,49,0.05110589787364006,0.06990456581115723,3764.0,0.04271861910820007,11,1
StandardGP,dc747b3d-ada5-11ef-8ecd-e4a8dfc2a9a8,resid_build_sale_price,18,50,0.05110589787364006,0.0705254077911377,3748.0,0.04271861910820007,11,1
StandardGP,dc747b3d-ada5-11ef-8ecd-e4a8dfc2a9a8,resid_build_sale_price,18,51,0.05110589787364006,0.0735483169555664,3784.0,0.04271861910820007,11,1
StandardGP,dc747b3d-ada5-11ef-8ecd-e4a8dfc2a9a8,resid_build_sale_price,18,52,0.05110589787364006,0.07535600662231445,3948.0,0.04271861910820007,11,1
StandardGP,dc747b3d-ada5-11ef-8ecd-e4a8dfc2a9a8,resid_build_sale_price,18,53,0.05110589787364006,0.07650303840637207,4014.0,0.04271861910820007,11,1
StandardGP,dc747b3d-ada5-11ef-8ecd-e4a8dfc2a9a8,resid_build_sale_price,18,54,0.05110589787364006,0.07145357131958008,4012.0,0.04271861910820007,11,1
StandardGP,dc747b3d-ada5-11ef-8ecd-e4a8dfc2a9a8,resid_build_sale_price,18,55,0.05110589787364006,0.0874931812286377,4424.0,0.04271861910820007,11,1
StandardGP,dc747b3d-ada5-11ef-8ecd-e4a8dfc2a9a8,resid_build_sale_price,18,56,0.05110589787364006,0.07976698875427246,4324.0,0.04271861910820007,11,1
StandardGP,dc747b3d-ada5-11ef-8ecd-e4a8dfc2a9a8,resid_build_sale_price,18,57,0.05110589787364006,0.07448506355285645,3872.0,0.04271861910820007,11,1
StandardGP,dc747b3d-ada5-11ef-8ecd-e4a8dfc2a9a8,resid_build_sale_price,18,58,0.05110589787364006,0.0982503890991211,3918.0,0.04271861910820007,11,1
StandardGP,dc747b3d-ada5-11ef-8ecd-e4a8dfc2a9a8,resid_build_sale_price,18,59,0.05110589787364006,0.07247734069824219,3898.0,0.04271861910820007,11,1
StandardGP,dc747b3d-ada5-11ef-8ecd-e4a8dfc2a9a8,resid_build_sale_price,18,60,0.05110589787364006,0.07532811164855957,3694.0,0.04271861910820007,11,1
StandardGP,dc747b3d-ada5-11ef-8ecd-e4a8dfc2a9a8,resid_build_sale_price,18,61,0.05110589787364006,0.07243824005126953,3952.0,0.04271861910820007,11,1
StandardGP,dc747b3d-ada5-11ef-8ecd-e4a8dfc2a9a8,resid_build_sale_price,18,62,0.05110589787364006,0.0793309211730957,4280.0,0.04271861910820007,11,1
StandardGP,dc747b3d-ada5-11ef-8ecd-e4a8dfc2a9a8,resid_build_sale_price,18,63,0.05110589787364006,0.07956767082214355,4138.0,0.04271861910820007,11,1
StandardGP,dc747b3d-ada5-11ef-8ecd-e4a8dfc2a9a8,resid_build_sale_price,18,64,0.05110589787364006,0.08141732215881348,4460.0,0.04271861910820007,11,1
StandardGP,dc747b3d-ada5-11ef-8ecd-e4a8dfc2a9a8,resid_build_sale_price,18,65,0.05110589787364006,0.08090639114379883,4370.0,0.04271861910820007,11,1
StandardGP,dc747b3d-ada5-11ef-8ecd-e4a8dfc2a9a8,resid_build_sale_price,18,66,0.05110589787364006,0.09506034851074219,5022.0,0.04271861910820007,11,1
StandardGP,dc747b3d-ada5-11ef-8ecd-e4a8dfc2a9a8,resid_build_sale_price,18,67,0.05110589787364006,0.08637022972106934,4718.0,0.04271861910820007,11,1
StandardGP,dc747b3d-ada5-11ef-8ecd-e4a8dfc2a9a8,resid_build_sale_price,18,68,0.05110589787364006,0.09601497650146484,4956.0,0.04271861910820007,11,1
StandardGP,dc747b3d-ada5-11ef-8ecd-e4a8dfc2a9a8,resid_build_sale_price,18,69,0.05110589787364006,0.09608793258666992,5376.0,0.04271861910820007,11,1
StandardGP,dc747b3d-ada5-11ef-8ecd-e4a8dfc2a9a8,resid_build_sale_price,18,70,0.05110589787364006,0.10718035697937012,5208.0,0.04271861910820007,11,1
StandardGP,dc747b3d-ada5-11ef-8ecd-e4a8dfc2a9a8,resid_build_sale_price,18,71,0.05110589787364006,0.0977315902709961,5226.0,0.04271861910820007,11,1
StandardGP,dc747b3d-ada5-11ef-8ecd-e4a8dfc2a9a8,resid_build_sale_price,18,72,0.05110589787364006,0.10298299789428711,5492.0,0.04271861910820007,11,1
StandardGP,dc747b3d-ada5-11ef-8ecd-e4a8dfc2a9a8,resid_build_sale_price,18,73,0.05110589787364006,0.10845685005187988,5690.0,0.04271861910820007,11,1
StandardGP,dc747b3d-ada5-11ef-8ecd-e4a8dfc2a9a8,resid_build_sale_price,18,74,0.05110589787364006,0.09959125518798828,5260.0,0.04271861910820007,11,1
StandardGP,dc747b3d-ada5-11ef-8ecd-e4a8dfc2a9a8,resid_build_sale_price,18,75,0.05110589787364006,0.08852434158325195,4564.0,0.04271861910820007,11,1
StandardGP,dc747b3d-ada5-11ef-8ecd-e4a8dfc2a9a8,resid_build_sale_price,18,76,0.05110589787364006,0.08653426170349121,4620.0,0.04271861910820007,11,1
StandardGP,dc747b3d-ada5-11ef-8ecd-e4a8dfc2a9a8,resid_build_sale_price,18,77,0.05110589787364006,0.08252525329589844,4564.0,0.04271861910820007,11,1
StandardGP,dc747b3d-ada5-11ef-8ecd-e4a8dfc2a9a8,resid_build_sale_price,18,78,0.05110589787364006,0.08000302314758301,4470.0,0.04271861910820007,11,1
StandardGP,dc747b3d-ada5-11ef-8ecd-e4a8dfc2a9a8,resid_build_sale_price,18,79,0.05110589787364006,0.08951592445373535,4972.0,0.04271861910820007,11,1
StandardGP,dc747b3d-ada5-11ef-8ecd-e4a8dfc2a9a8,resid_build_sale_price,18,80,0.05110589787364006,0.08651947975158691,4544.0,0.04271861910820007,11,1
StandardGP,dc747b3d-ada5-11ef-8ecd-e4a8dfc2a9a8,resid_build_sale_price,18,81,0.05110589787364006,0.09052324295043945,5170.0,0.04271861910820007,11,1
StandardGP,dc747b3d-ada5-11ef-8ecd-e4a8dfc2a9a8,resid_build_sale_price,18,82,0.05110589787364006,0.09652400016784668,5552.0,0.04271861910820007,11,1
StandardGP,dc747b3d-ada5-11ef-8ecd-e4a8dfc2a9a8,resid_build_sale_price,18,83,0.05110589787364006,0.0835273265838623,4704.0,0.04271861910820007,11,1
StandardGP,dc747b3d-ada5-11ef-8ecd-e4a8dfc2a9a8,resid_build_sale_price,18,84,0.05110589787364006,0.08464622497558594,4636.0,0.04271861910820007,11,1
StandardGP,dc747b3d-ada5-11ef-8ecd-e4a8dfc2a9a8,resid_build_sale_price,18,85,0.05110589787364006,0.0765373706817627,4134.0,0.04271861910820007,11,1
StandardGP,dc747b3d-ada5-11ef-8ecd-e4a8dfc2a9a8,resid_build_sale_price,18,86,0.05110589787364006,0.07936525344848633,4108.0,0.04271861910820007,11,1
StandardGP,dc747b3d-ada5-11ef-8ecd-e4a8dfc2a9a8,resid_build_sale_price,18,87,0.05110589787364006,0.08153438568115234,4032.0,0.04271861910820007,11,1
StandardGP,dc747b3d-ada5-11ef-8ecd-e4a8dfc2a9a8,resid_build_sale_price,18,88,0.05110589787364006,0.07552123069763184,3988.0,0.04271861910820007,11,1
StandardGP,dc747b3d-ada5-11ef-8ecd-e4a8dfc2a9a8,resid_build_sale_price,18,89,0.05110589787364006,0.07476329803466797,3778.0,0.04271861910820007,11,1
StandardGP,dc747b3d-ada5-11ef-8ecd-e4a8dfc2a9a8,resid_build_sale_price,18,90,0.05110589787364006,0.07801342010498047,3956.0,0.04271861910820007,11,1
StandardGP,dc747b3d-ada5-11ef-8ecd-e4a8dfc2a9a8,resid_build_sale_price,18,91,0.05110589787364006,0.07951116561889648,4362.0,0.04271861910820007,11,1
StandardGP,dc747b3d-ada5-11ef-8ecd-e4a8dfc2a9a8,resid_build_sale_price,18,92,0.05110589787364006,0.08852171897888184,4534.0,0.04271861910820007,11,1
StandardGP,dc747b3d-ada5-11ef-8ecd-e4a8dfc2a9a8,resid_build_sale_price,18,93,0.05110589787364006,0.09054970741271973,4570.0,0.04271861910820007,11,1
StandardGP,dc747b3d-ada5-11ef-8ecd-e4a8dfc2a9a8,resid_build_sale_price,18,94,0.05110589787364006,0.09942460060119629,4936.0,0.04271861910820007,11,1
StandardGP,dc747b3d-ada5-11ef-8ecd-e4a8dfc2a9a8,resid_build_sale_price,18,95,0.05110589787364006,0.1003565788269043,4976.0,0.04271861910820007,11,1
StandardGP,dc747b3d-ada5-11ef-8ecd-e4a8dfc2a9a8,resid_build_sale_price,18,96,0.05110589787364006,0.09527111053466797,4404.0,0.04271861910820007,11,1
StandardGP,dc747b3d-ada5-11ef-8ecd-e4a8dfc2a9a8,resid_build_sale_price,18,97,0.05110589787364006,0.08625602722167969,4430.0,0.04271861910820007,11,1
StandardGP,dc747b3d-ada5-11ef-8ecd-e4a8dfc2a9a8,resid_build_sale_price,18,98,0.05110589787364006,0.06521844863891602,3668.0,0.04271861910820007,11,1
StandardGP,dc747b3d-ada5-11ef-8ecd-e4a8dfc2a9a8,resid_build_sale_price,18,99,0.05110589787364006,0.07043266296386719,3734.0,0.04271861910820007,11,1
StandardGP,dc747b3d-ada5-11ef-8ecd-e4a8dfc2a9a8,resid_build_sale_price,18,100,0.05110589787364006,0.07367968559265137,4174.0,0.04271861910820007,11,1
StandardGP,5e19ae39-ada6-11ef-9a20-e4a8dfc2a9a8,resid_build_sale_price,18,0,113.31815338134766,0.0546720027923584,1344.0,130.77508544921875,3,1
StandardGP,5e19ae39-ada6-11ef-9a20-e4a8dfc2a9a8,resid_build_sale_price,18,1,113.31815338134766,0.025037288665771484,728.0,130.77508544921875,3,1
StandardGP,5e19ae39-ada6-11ef-9a20-e4a8dfc2a9a8,resid_build_sale_price,18,2,112.01253509521484,0.025345563888549805,684.0,129.50460815429688,3,1
StandardGP,5e19ae39-ada6-11ef-9a20-e4a8dfc2a9a8,resid_build_sale_price,18,3,112.01253509521484,0.026957273483276367,676.0,129.50460815429688,3,1
StandardGP,5e19ae39-ada6-11ef-9a20-e4a8dfc2a9a8,resid_build_sale_price,18,4,112.01253509521484,0.028999805450439453,692.0,129.50460815429688,3,1
StandardGP,5e19ae39-ada6-11ef-9a20-e4a8dfc2a9a8,resid_build_sale_price,18,5,112.01253509521484,0.026051044464111328,698.0,129.50460815429688,3,1
StandardGP,5e19ae39-ada6-11ef-9a20-e4a8dfc2a9a8,resid_build_sale_price,18,6,112.01253509521484,0.023182392120361328,694.0,129.50460815429688,3,1
StandardGP,5e19ae39-ada6-11ef-9a20-e4a8dfc2a9a8,resid_build_sale_price,18,7,112.01253509521484,0.022580623626708984,718.0,129.50460815429688,3,1
StandardGP,5e19ae39-ada6-11ef-9a20-e4a8dfc2a9a8,resid_build_sale_price,18,8,112.01253509521484,0.024486303329467773,770.0,129.50460815429688,3,1
StandardGP,5e19ae39-ada6-11ef-9a20-e4a8dfc2a9a8,resid_build_sale_price,18,9,110.89237213134766,0.022013187408447266,794.0,128.2928924560547,5,1
StandardGP,5e19ae39-ada6-11ef-9a20-e4a8dfc2a9a8,resid_build_sale_price,18,10,98.19629669189453,0.023462772369384766,836.0,114.46026611328125,5,1
StandardGP,5e19ae39-ada6-11ef-9a20-e4a8dfc2a9a8,resid_build_sale_price,18,11,98.19629669189453,0.023227691650390625,886.0,114.46026611328125,5,1
StandardGP,5e19ae39-ada6-11ef-9a20-e4a8dfc2a9a8,resid_build_sale_price,18,12,97.35127258300781,0.02269268035888672,928.0,112.9703140258789,19,1
StandardGP,5e19ae39-ada6-11ef-9a20-e4a8dfc2a9a8,resid_build_sale_price,18,13,97.35127258300781,0.023189067840576172,932.0,112.9703140258789,19,1
StandardGP,5e19ae39-ada6-11ef-9a20-e4a8dfc2a9a8,resid_build_sale_price,18,14,97.35127258300781,0.025189876556396484,964.0,112.9703140258789,19,1
StandardGP,5e19ae39-ada6-11ef-9a20-e4a8dfc2a9a8,resid_build_sale_price,18,15,97.34723663330078,0.02439737319946289,1010.0,112.07475280761719,23,1
StandardGP,5e19ae39-ada6-11ef-9a20-e4a8dfc2a9a8,resid_build_sale_price,18,16,97.34723663330078,0.02537679672241211,1078.0,112.07475280761719,23,1
StandardGP,5e19ae39-ada6-11ef-9a20-e4a8dfc2a9a8,resid_build_sale_price,18,17,97.34723663330078,0.025197505950927734,1214.0,112.07475280761719,23,1
StandardGP,5e19ae39-ada6-11ef-9a20-e4a8dfc2a9a8,resid_build_sale_price,18,18,97.33233642578125,0.027399301528930664,1286.0,113.10285186767578,21,1
StandardGP,5e19ae39-ada6-11ef-9a20-e4a8dfc2a9a8,resid_build_sale_price,18,19,97.32534790039062,0.031084299087524414,1448.0,113.09876251220703,17,1
StandardGP,5e19ae39-ada6-11ef-9a20-e4a8dfc2a9a8,resid_build_sale_price,18,20,97.11492919921875,0.03423285484313965,1696.0,112.90850830078125,31,1
StandardGP,5e19ae39-ada6-11ef-9a20-e4a8dfc2a9a8,resid_build_sale_price,18,21,97.11492919921875,0.04032468795776367,2056.0,112.90850830078125,31,1
StandardGP,5e19ae39-ada6-11ef-9a20-e4a8dfc2a9a8,resid_build_sale_price,18,22,97.11492919921875,0.04089546203613281,2164.0,112.90850830078125,31,1
StandardGP,5e19ae39-ada6-11ef-9a20-e4a8dfc2a9a8,resid_build_sale_price,18,23,97.11128997802734,0.04645514488220215,2498.0,112.90013122558594,31,1
StandardGP,5e19ae39-ada6-11ef-9a20-e4a8dfc2a9a8,resid_build_sale_price,18,24,97.11128997802734,0.05144858360290527,2806.0,112.90013122558594,31,1
StandardGP,5e19ae39-ada6-11ef-9a20-e4a8dfc2a9a8,resid_build_sale_price,18,25,97.07516479492188,0.051070213317871094,3002.0,113.24471282958984,23,1
StandardGP,5e19ae39-ada6-11ef-9a20-e4a8dfc2a9a8,resid_build_sale_price,18,26,97.05496978759766,0.08920884132385254,3056.0,113.15192413330078,23,1
StandardGP,5e19ae39-ada6-11ef-9a20-e4a8dfc2a9a8,resid_build_sale_price,18,27,97.05367279052734,0.05337691307067871,2886.0,113.15726470947266,23,1
StandardGP,5e19ae39-ada6-11ef-9a20-e4a8dfc2a9a8,resid_build_sale_price,18,28,96.86863708496094,0.05155062675476074,2872.0,112.94458770751953,23,1
StandardGP,5e19ae39-ada6-11ef-9a20-e4a8dfc2a9a8,resid_build_sale_price,18,29,96.85003662109375,0.05539727210998535,3088.0,112.95565032958984,21,1
StandardGP,5e19ae39-ada6-11ef-9a20-e4a8dfc2a9a8,resid_build_sale_price,18,30,96.84293365478516,0.053310394287109375,3156.0,112.95281219482422,33,1
StandardGP,5e19ae39-ada6-11ef-9a20-e4a8dfc2a9a8,resid_build_sale_price,18,31,96.84268188476562,0.054276466369628906,3298.0,112.95340728759766,35,1
StandardGP,5e19ae39-ada6-11ef-9a20-e4a8dfc2a9a8,resid_build_sale_price,18,32,96.84268188476562,0.05542159080505371,3180.0,112.95340728759766,35,1
StandardGP,5e19ae39-ada6-11ef-9a20-e4a8dfc2a9a8,resid_build_sale_price,18,33,96.3973617553711,0.05523800849914551,3228.0,1104.3804931640625,27,1
StandardGP,5e19ae39-ada6-11ef-9a20-e4a8dfc2a9a8,resid_build_sale_price,18,34,96.3973617553711,0.05873751640319824,3394.0,1104.3804931640625,27,1
StandardGP,5e19ae39-ada6-11ef-9a20-e4a8dfc2a9a8,resid_build_sale_price,18,35,96.2948226928711,0.05756664276123047,3286.0,112.24703979492188,29,1
StandardGP,5e19ae39-ada6-11ef-9a20-e4a8dfc2a9a8,resid_build_sale_price,18,36,96.2948226928711,0.06226801872253418,3632.0,112.24703979492188,29,1
StandardGP,5e19ae39-ada6-11ef-9a20-e4a8dfc2a9a8,resid_build_sale_price,18,37,96.26655578613281,0.06625914573669434,3800.0,112.25840759277344,25,1
StandardGP,5e19ae39-ada6-11ef-9a20-e4a8dfc2a9a8,resid_build_sale_price,18,38,96.2665023803711,0.06107592582702637,3454.0,112.2584228515625,25,1
StandardGP,5e19ae39-ada6-11ef-9a20-e4a8dfc2a9a8,resid_build_sale_price,18,39,96.2665023803711,0.06968331336975098,3804.0,112.2584228515625,25,1
StandardGP,5e19ae39-ada6-11ef-9a20-e4a8dfc2a9a8,resid_build_sale_price,18,40,92.1098403930664,0.06708931922912598,3888.0,96.95809936523438,31,1
StandardGP,5e19ae39-ada6-11ef-9a20-e4a8dfc2a9a8,resid_build_sale_price,18,41,92.09950256347656,0.06690502166748047,3960.0,96.95616149902344,33,1
StandardGP,5e19ae39-ada6-11ef-9a20-e4a8dfc2a9a8,resid_build_sale_price,18,42,92.09950256347656,0.06801390647888184,3906.0,96.95616149902344,33,1
StandardGP,5e19ae39-ada6-11ef-9a20-e4a8dfc2a9a8,resid_build_sale_price,18,43,92.09950256347656,0.06950020790100098,3914.0,96.95616149902344,33,1
StandardGP,5e19ae39-ada6-11ef-9a20-e4a8dfc2a9a8,resid_build_sale_price,18,44,92.09950256347656,0.06874728202819824,3832.0,96.95616149902344,33,1
StandardGP,5e19ae39-ada6-11ef-9a20-e4a8dfc2a9a8,resid_build_sale_price,18,45,92.04641723632812,0.06689071655273438,3774.0,96.92030334472656,41,1
StandardGP,5e19ae39-ada6-11ef-9a20-e4a8dfc2a9a8,resid_build_sale_price,18,46,92.04641723632812,0.06824493408203125,3846.0,96.92030334472656,41,1
StandardGP,5e19ae39-ada6-11ef-9a20-e4a8dfc2a9a8,resid_build_sale_price,18,47,92.04641723632812,0.07253217697143555,3968.0,96.92030334472656,41,1
StandardGP,5e19ae39-ada6-11ef-9a20-e4a8dfc2a9a8,resid_build_sale_price,18,48,92.04641723632812,0.07169342041015625,3972.0,96.92030334472656,41,1
StandardGP,5e19ae39-ada6-11ef-9a20-e4a8dfc2a9a8,resid_build_sale_price,18,49,92.04170989990234,0.07790637016296387,4204.0,96.91789245605469,41,1
StandardGP,5e19ae39-ada6-11ef-9a20-e4a8dfc2a9a8,resid_build_sale_price,18,50,92.04141235351562,0.07763075828552246,4346.0,96.917724609375,41,1
StandardGP,5e19ae39-ada6-11ef-9a20-e4a8dfc2a9a8,resid_build_sale_price,18,51,69.53146362304688,0.07919454574584961,4336.0,46.21920394897461,25,1
StandardGP,5e19ae39-ada6-11ef-9a20-e4a8dfc2a9a8,resid_build_sale_price,18,52,52.95247268676758,0.07369685173034668,3928.0,47.2427978515625,25,1
StandardGP,5e19ae39-ada6-11ef-9a20-e4a8dfc2a9a8,resid_build_sale_price,18,53,52.95247268676758,0.07295536994934082,3728.0,47.2427978515625,25,1
StandardGP,5e19ae39-ada6-11ef-9a20-e4a8dfc2a9a8,resid_build_sale_price,18,54,52.95238494873047,0.07252240180969238,3532.0,47.242820739746094,27,1
StandardGP,5e19ae39-ada6-11ef-9a20-e4a8dfc2a9a8,resid_build_sale_price,18,55,52.85962677001953,0.07184267044067383,3462.0,47.52761459350586,27,1
StandardGP,5e19ae39-ada6-11ef-9a20-e4a8dfc2a9a8,resid_build_sale_price,18,56,52.8563232421875,0.07070088386535645,3582.0,47.52983474731445,43,1
StandardGP,5e19ae39-ada6-11ef-9a20-e4a8dfc2a9a8,resid_build_sale_price,18,57,52.85304641723633,0.06909489631652832,3498.0,47.529319763183594,43,1
StandardGP,5e19ae39-ada6-11ef-9a20-e4a8dfc2a9a8,resid_build_sale_price,18,58,52.85304641723633,0.06751060485839844,3552.0,47.529319763183594,43,1
StandardGP,5e19ae39-ada6-11ef-9a20-e4a8dfc2a9a8,resid_build_sale_price,18,59,52.54155349731445,0.06529879570007324,3460.0,47.28251266479492,27,1
StandardGP,5e19ae39-ada6-11ef-9a20-e4a8dfc2a9a8,resid_build_sale_price,18,60,52.54154586791992,0.06389522552490234,3534.0,47.28256607055664,39,1
StandardGP,5e19ae39-ada6-11ef-9a20-e4a8dfc2a9a8,resid_build_sale_price,18,61,52.39594650268555,0.06964540481567383,3606.0,47.569881439208984,31,1
StandardGP,5e19ae39-ada6-11ef-9a20-e4a8dfc2a9a8,resid_build_sale_price,18,62,52.39594650268555,0.0670006275177002,3530.0,47.569881439208984,31,1
StandardGP,5e19ae39-ada6-11ef-9a20-e4a8dfc2a9a8,resid_build_sale_price,18,63,51.609710693359375,0.06432604789733887,3374.0,46.33633041381836,43,1
StandardGP,5e19ae39-ada6-11ef-9a20-e4a8dfc2a9a8,resid_build_sale_price,18,64,51.609710693359375,0.06045341491699219,3088.0,46.33633041381836,43,1
StandardGP,5e19ae39-ada6-11ef-9a20-e4a8dfc2a9a8,resid_build_sale_price,18,65,51.60969924926758,0.06303763389587402,3118.0,46.33632278442383,41,1
StandardGP,5e19ae39-ada6-11ef-9a20-e4a8dfc2a9a8,resid_build_sale_price,18,66,51.58460235595703,0.06708312034606934,3328.0,46.40760803222656,41,1
StandardGP,5e19ae39-ada6-11ef-9a20-e4a8dfc2a9a8,resid_build_sale_price,18,67,51.58460235595703,0.06098437309265137,3200.0,46.40760803222656,41,1
StandardGP,5e19ae39-ada6-11ef-9a20-e4a8dfc2a9a8,resid_build_sale_price,18,68,51.57400894165039,0.07369446754455566,3644.0,46.31477355957031,45,1
StandardGP,5e19ae39-ada6-11ef-9a20-e4a8dfc2a9a8,resid_build_sale_price,18,69,51.57400894165039,0.06617903709411621,3584.0,46.31477355957031,45,1
StandardGP,5e19ae39-ada6-11ef-9a20-e4a8dfc2a9a8,resid_build_sale_price,18,70,51.57400894165039,0.07029080390930176,3702.0,46.31477355957031,45,1
StandardGP,5e19ae39-ada6-11ef-9a20-e4a8dfc2a9a8,resid_build_sale_price,18,71,51.47059631347656,0.07484674453735352,4000.0,46.31021499633789,33,1
StandardGP,5e19ae39-ada6-11ef-9a20-e4a8dfc2a9a8,resid_build_sale_price,18,72,51.47059631347656,0.06826186180114746,3886.0,46.31021499633789,33,1
StandardGP,5e19ae39-ada6-11ef-9a20-e4a8dfc2a9a8,resid_build_sale_price,18,73,51.47059631347656,0.07234430313110352,4174.0,46.31021499633789,33,1
StandardGP,5e19ae39-ada6-11ef-9a20-e4a8dfc2a9a8,resid_build_sale_price,18,74,51.24226379394531,0.07285332679748535,4562.0,46.35182189941406,47,1
StandardGP,5e19ae39-ada6-11ef-9a20-e4a8dfc2a9a8,resid_build_sale_price,18,75,51.24223709106445,0.08132314682006836,5018.0,46.35173034667969,41,1
StandardGP,5e19ae39-ada6-11ef-9a20-e4a8dfc2a9a8,resid_build_sale_price,18,76,51.24217987060547,0.0897219181060791,5534.0,46.3515739440918,45,1
StandardGP,5e19ae39-ada6-11ef-9a20-e4a8dfc2a9a8,resid_build_sale_price,18,77,51.24217987060547,0.09196591377258301,5500.0,46.3515739440918,45,1
StandardGP,5e19ae39-ada6-11ef-9a20-e4a8dfc2a9a8,resid_build_sale_price,18,78,51.24217987060547,0.09719657897949219,5520.0,46.3515739440918,45,1
StandardGP,5e19ae39-ada6-11ef-9a20-e4a8dfc2a9a8,resid_build_sale_price,18,79,51.241756439208984,0.09213066101074219,5342.0,46.34998321533203,45,1
StandardGP,5e19ae39-ada6-11ef-9a20-e4a8dfc2a9a8,resid_build_sale_price,18,80,51.0175895690918,0.09368610382080078,5540.0,44.733619689941406,47,1
StandardGP,5e19ae39-ada6-11ef-9a20-e4a8dfc2a9a8,resid_build_sale_price,18,81,51.01749801635742,0.09335708618164062,5710.0,44.73345184326172,55,1
StandardGP,5e19ae39-ada6-11ef-9a20-e4a8dfc2a9a8,resid_build_sale_price,18,82,51.01749801635742,0.09113907814025879,5520.0,44.73345184326172,55,1
StandardGP,5e19ae39-ada6-11ef-9a20-e4a8dfc2a9a8,resid_build_sale_price,18,83,50.99049377441406,0.09381699562072754,5736.0,44.91023254394531,55,1
StandardGP,5e19ae39-ada6-11ef-9a20-e4a8dfc2a9a8,resid_build_sale_price,18,84,50.97151184082031,0.09574031829833984,5772.0,44.6533317565918,55,1
StandardGP,5e19ae39-ada6-11ef-9a20-e4a8dfc2a9a8,resid_build_sale_price,18,85,50.922855377197266,0.12387204170227051,5846.0,44.92201614379883,77,1
StandardGP,5e19ae39-ada6-11ef-9a20-e4a8dfc2a9a8,resid_build_sale_price,18,86,50.28107833862305,0.09989213943481445,5882.0,44.948646545410156,55,1
StandardGP,5e19ae39-ada6-11ef-9a20-e4a8dfc2a9a8,resid_build_sale_price,18,87,50.280426025390625,0.0977926254272461,6064.0,44.95029830932617,55,1
StandardGP,5e19ae39-ada6-11ef-9a20-e4a8dfc2a9a8,resid_build_sale_price,18,88,50.129493713378906,0.10130143165588379,6316.0,44.25434112548828,53,1
StandardGP,5e19ae39-ada6-11ef-9a20-e4a8dfc2a9a8,resid_build_sale_price,18,89,49.55495071411133,0.1050107479095459,6096.0,39.39541244506836,47,1
StandardGP,5e19ae39-ada6-11ef-9a20-e4a8dfc2a9a8,resid_build_sale_price,18,90,49.55495071411133,0.12052536010742188,6786.0,39.39541244506836,47,1
StandardGP,5e19ae39-ada6-11ef-9a20-e4a8dfc2a9a8,resid_build_sale_price,18,91,49.55495071411133,0.11342859268188477,6408.0,39.39541244506836,47,1
StandardGP,5e19ae39-ada6-11ef-9a20-e4a8dfc2a9a8,resid_build_sale_price,18,92,49.55495071411133,0.10804963111877441,6410.0,39.39541244506836,47,1
StandardGP,5e19ae39-ada6-11ef-9a20-e4a8dfc2a9a8,resid_build_sale_price,18,93,49.31797790527344,0.10176444053649902,5830.0,43.97038269042969,35,1
StandardGP,5e19ae39-ada6-11ef-9a20-e4a8dfc2a9a8,resid_build_sale_price,18,94,49.309757232666016,0.09616398811340332,5808.0,44.58631134033203,35,1
StandardGP,5e19ae39-ada6-11ef-9a20-e4a8dfc2a9a8,resid_build_sale_price,18,95,49.309757232666016,0.09545040130615234,5476.0,44.58631134033203,35,1
StandardGP,5e19ae39-ada6-11ef-9a20-e4a8dfc2a9a8,resid_build_sale_price,18,96,49.309757232666016,0.0932915210723877,5428.0,44.58631134033203,35,1
StandardGP,5e19ae39-ada6-11ef-9a20-e4a8dfc2a9a8,resid_build_sale_price,18,97,49.24502182006836,0.09648799896240234,5386.0,44.76270294189453,43,1
StandardGP,5e19ae39-ada6-11ef-9a20-e4a8dfc2a9a8,resid_build_sale_price,18,98,49.24502182006836,0.09709644317626953,5226.0,44.76270294189453,43,1
StandardGP,5e19ae39-ada6-11ef-9a20-e4a8dfc2a9a8,resid_build_sale_price,18,99,49.24502182006836,0.09764361381530762,5396.0,44.76270294189453,43,1
StandardGP,5e19ae39-ada6-11ef-9a20-e4a8dfc2a9a8,resid_build_sale_price,18,100,49.24502182006836,0.10549235343933105,5822.0,44.76270294189453,43,1
