StandardGP,8ef281ab-ada3-11ef-b16d-e4a8dfc2a9a8,resid_build_sale_price,14,0,0.13166534900665283,0.13255763053894043,1342.0,0.12057321518659592,3,1
StandardGP,8ef281ab-ada3-11ef-b16d-e4a8dfc2a9a8,resid_build_sale_price,14,1,0.12840069830417633,0.05890154838562012,922.0,0.11611407995223999,3,1
StandardGP,8ef281ab-ada3-11ef-b16d-e4a8dfc2a9a8,resid_build_sale_price,14,2,0.12603482604026794,0.05227327346801758,990.0,0.13466662168502808,3,1
StandardGP,8ef281ab-ada3-11ef-b16d-e4a8dfc2a9a8,resid_build_sale_price,14,3,0.12162165343761444,0.045180559158325195,862.0,0.10785917192697525,3,1
StandardGP,8ef281ab-ada3-11ef-b16d-e4a8dfc2a9a8,resid_build_sale_price,14,4,0.12162165343761444,0.039728403091430664,708.0,0.10785917192697525,3,1
StandardGP,8ef281ab-ada3-11ef-b16d-e4a8dfc2a9a8,resid_build_sale_price,14,5,0.11103241890668869,0.03610587120056152,638.0,0.15359936654567719,7,1
StandardGP,8ef281ab-ada3-11ef-b16d-e4a8dfc2a9a8,resid_build_sale_price,14,6,0.11103241890668869,0.03870224952697754,610.0,0.15359936654567719,7,1
StandardGP,8ef281ab-ada3-11ef-b16d-e4a8dfc2a9a8,resid_build_sale_price,14,7,0.11103241890668869,0.0467219352722168,598.0,0.15359936654567719,7,1
StandardGP,8ef281ab-ada3-11ef-b16d-e4a8dfc2a9a8,resid_build_sale_price,14,8,0.11103241890668869,0.04398512840270996,602.0,0.15359936654567719,7,1
StandardGP,8ef281ab-ada3-11ef-b16d-e4a8dfc2a9a8,resid_build_sale_price,14,9,0.09407593309879303,0.04552578926086426,602.0,0.09342865645885468,5,1
StandardGP,8ef281ab-ada3-11ef-b16d-e4a8dfc2a9a8,resid_build_sale_price,14,10,0.09407593309879303,0.043709754943847656,590.0,0.09342865645885468,5,1
StandardGP,8ef281ab-ada3-11ef-b16d-e4a8dfc2a9a8,resid_build_sale_price,14,11,0.09407593309879303,0.056464433670043945,622.0,0.09342865645885468,5,1
StandardGP,8ef281ab-ada3-11ef-b16d-e4a8dfc2a9a8,resid_build_sale_price,14,12,0.08387730270624161,0.05877685546875,638.0,0.07499538362026215,7,1
StandardGP,8ef281ab-ada3-11ef-b16d-e4a8dfc2a9a8,resid_build_sale_price,14,13,0.07982414960861206,0.0465850830078125,624.0,0.07224594056606293,5,1
StandardGP,8ef281ab-ada3-11ef-b16d-e4a8dfc2a9a8,resid_build_sale_price,14,14,0.07802202552556992,0.043399810791015625,662.0,0.0803581178188324,5,1
StandardGP,8ef281ab-ada3-11ef-b16d-e4a8dfc2a9a8,resid_build_sale_price,14,15,0.07802202552556992,0.04570937156677246,666.0,0.0803581178188324,5,1
StandardGP,8ef281ab-ada3-11ef-b16d-e4a8dfc2a9a8,resid_build_sale_price,14,16,0.07802202552556992,0.04318499565124512,640.0,0.0803581178188324,5,1
StandardGP,8ef281ab-ada3-11ef-b16d-e4a8dfc2a9a8,resid_build_sale_price,14,17,0.07802202552556992,0.047637939453125,686.0,0.0803581178188324,5,1
StandardGP,8ef281ab-ada3-11ef-b16d-e4a8dfc2a9a8,resid_build_sale_price,14,18,0.07659871131181717,0.04728102684020996,670.0,0.07496044039726257,5,1
StandardGP,8ef281ab-ada3-11ef-b16d-e4a8dfc2a9a8,resid_build_sale_price,14,19,0.07659871131181717,0.04386711120605469,704.0,0.07496044039726257,5,1
StandardGP,8ef281ab-ada3-11ef-b16d-e4a8dfc2a9a8,resid_build_sale_price,14,20,0.07659871131181717,0.05322098731994629,804.0,0.07496044039726257,5,1
StandardGP,8ef281ab-ada3-11ef-b16d-e4a8dfc2a9a8,resid_build_sale_price,14,21,0.07659871131181717,0.05164337158203125,840.0,0.07496044039726257,5,1
StandardGP,8ef281ab-ada3-11ef-b16d-e4a8dfc2a9a8,resid_build_sale_price,14,22,0.07659871131181717,0.05330681800842285,808.0,0.07496044039726257,5,1
StandardGP,8ef281ab-ada3-11ef-b16d-e4a8dfc2a9a8,resid_build_sale_price,14,23,0.07659871131181717,0.0521085262298584,850.0,0.07496044039726257,5,1
StandardGP,8ef281ab-ada3-11ef-b16d-e4a8dfc2a9a8,resid_build_sale_price,14,24,0.07659871131181717,0.051055192947387695,732.0,0.07496044039726257,5,1
StandardGP,8ef281ab-ada3-11ef-b16d-e4a8dfc2a9a8,resid_build_sale_price,14,25,0.06096761301159859,0.053072452545166016,778.0,0.05051923915743828,7,1
StandardGP,8ef281ab-ada3-11ef-b16d-e4a8dfc2a9a8,resid_build_sale_price,14,26,0.06096247583627701,0.054762840270996094,810.0,0.05489630252122879,7,1
StandardGP,8ef281ab-ada3-11ef-b16d-e4a8dfc2a9a8,resid_build_sale_price,14,27,0.06096247583627701,0.05186915397644043,798.0,0.05489630252122879,7,1
StandardGP,8ef281ab-ada3-11ef-b16d-e4a8dfc2a9a8,resid_build_sale_price,14,28,0.06096247583627701,0.13278913497924805,820.0,0.05489630252122879,7,1
StandardGP,8ef281ab-ada3-11ef-b16d-e4a8dfc2a9a8,resid_build_sale_price,14,29,0.06096247583627701,0.054373979568481445,860.0,0.05489630252122879,7,1
StandardGP,8ef281ab-ada3-11ef-b16d-e4a8dfc2a9a8,resid_build_sale_price,14,30,0.06096247583627701,0.045952796936035156,832.0,0.05489630252122879,7,1
StandardGP,8ef281ab-ada3-11ef-b16d-e4a8dfc2a9a8,resid_build_sale_price,14,31,0.058483779430389404,0.047360897064208984,878.0,0.055068399757146835,5,1
StandardGP,8ef281ab-ada3-11ef-b16d-e4a8dfc2a9a8,resid_build_sale_price,14,32,0.058483779430389404,0.04355192184448242,764.0,0.055068399757146835,5,1
StandardGP,8ef281ab-ada3-11ef-b16d-e4a8dfc2a9a8,resid_build_sale_price,14,33,0.058483779430389404,0.04401874542236328,686.0,0.055068399757146835,5,1
StandardGP,8ef281ab-ada3-11ef-b16d-e4a8dfc2a9a8,resid_build_sale_price,14,34,0.058483779430389404,0.040502071380615234,702.0,0.055068399757146835,5,1
StandardGP,8ef281ab-ada3-11ef-b16d-e4a8dfc2a9a8,resid_build_sale_price,14,35,0.058483779430389404,0.049236297607421875,680.0,0.055068399757146835,5,1
StandardGP,8ef281ab-ada3-11ef-b16d-e4a8dfc2a9a8,resid_build_sale_price,14,36,0.058483779430389404,0.048519134521484375,800.0,0.055068399757146835,5,1
StandardGP,8ef281ab-ada3-11ef-b16d-e4a8dfc2a9a8,resid_build_sale_price,14,37,0.058483779430389404,0.05065512657165527,766.0,0.055068399757146835,5,1
StandardGP,8ef281ab-ada3-11ef-b16d-e4a8dfc2a9a8,resid_build_sale_price,14,38,0.058483779430389404,0.053954362869262695,846.0,0.055068399757146835,5,1
StandardGP,8ef281ab-ada3-11ef-b16d-e4a8dfc2a9a8,resid_build_sale_price,14,39,0.058483779430389404,0.05718731880187988,894.0,0.055068399757146835,5,1
StandardGP,8ef281ab-ada3-11ef-b16d-e4a8dfc2a9a8,resid_build_sale_price,14,40,0.05645056068897247,0.050099849700927734,830.0,0.05198453366756439,3,1
StandardGP,8ef281ab-ada3-11ef-b16d-e4a8dfc2a9a8,resid_build_sale_price,14,41,0.05645056068897247,0.05294346809387207,932.0,0.05198453366756439,3,1
StandardGP,8ef281ab-ada3-11ef-b16d-e4a8dfc2a9a8,resid_build_sale_price,14,42,0.05645056068897247,0.05428028106689453,888.0,0.05198453366756439,3,1
StandardGP,8ef281ab-ada3-11ef-b16d-e4a8dfc2a9a8,resid_build_sale_price,14,43,0.05645056068897247,0.054215192794799805,880.0,0.05198453366756439,3,1
StandardGP,8ef281ab-ada3-11ef-b16d-e4a8dfc2a9a8,resid_build_sale_price,14,44,0.05645056068897247,0.058960676193237305,910.0,0.05198453366756439,3,1
StandardGP,8ef281ab-ada3-11ef-b16d-e4a8dfc2a9a8,resid_build_sale_price,14,45,0.05645056068897247,0.05439186096191406,898.0,0.05198453366756439,3,1
StandardGP,8ef281ab-ada3-11ef-b16d-e4a8dfc2a9a8,resid_build_sale_price,14,46,0.05645056068897247,0.05954265594482422,926.0,0.05198453366756439,3,1
StandardGP,8ef281ab-ada3-11ef-b16d-e4a8dfc2a9a8,resid_build_sale_price,14,47,0.05645056068897247,0.06151008605957031,954.0,0.05198453366756439,3,1
StandardGP,8ef281ab-ada3-11ef-b16d-e4a8dfc2a9a8,resid_build_sale_price,14,48,0.05645056068897247,0.07137155532836914,1056.0,0.05198453366756439,3,1
StandardGP,8ef281ab-ada3-11ef-b16d-e4a8dfc2a9a8,resid_build_sale_price,14,49,0.05645056068897247,0.07222199440002441,1272.0,0.05198453366756439,3,1
StandardGP,8ef281ab-ada3-11ef-b16d-e4a8dfc2a9a8,resid_build_sale_price,14,50,0.05645056068897247,0.07184553146362305,1332.0,0.05198453366756439,3,1
StandardGP,8ef281ab-ada3-11ef-b16d-e4a8dfc2a9a8,resid_build_sale_price,14,51,0.05167968198657036,0.07200264930725098,1242.0,0.05122791603207588,19,1
StandardGP,8ef281ab-ada3-11ef-b16d-e4a8dfc2a9a8,resid_build_sale_price,14,52,0.05167968198657036,0.0783226490020752,1410.0,0.05122791603207588,19,1
StandardGP,8ef281ab-ada3-11ef-b16d-e4a8dfc2a9a8,resid_build_sale_price,14,53,0.05007011070847511,0.07676482200622559,1528.0,0.04197656363248825,27,1
StandardGP,8ef281ab-ada3-11ef-b16d-e4a8dfc2a9a8,resid_build_sale_price,14,54,0.05007011070847511,0.0739438533782959,1424.0,0.04197656363248825,27,1
StandardGP,8ef281ab-ada3-11ef-b16d-e4a8dfc2a9a8,resid_build_sale_price,14,55,0.05007011070847511,0.08117294311523438,1528.0,0.04197656363248825,27,1
StandardGP,8ef281ab-ada3-11ef-b16d-e4a8dfc2a9a8,resid_build_sale_price,14,56,0.04916950687766075,0.07979202270507812,1576.0,0.039674222469329834,31,1
StandardGP,8ef281ab-ada3-11ef-b16d-e4a8dfc2a9a8,resid_build_sale_price,14,57,0.04816755652427673,0.09238624572753906,1694.0,0.0402306504547596,27,1
StandardGP,8ef281ab-ada3-11ef-b16d-e4a8dfc2a9a8,resid_build_sale_price,14,58,0.04788469150662422,0.09316825866699219,1928.0,0.03806919604539871,27,1
StandardGP,8ef281ab-ada3-11ef-b16d-e4a8dfc2a9a8,resid_build_sale_price,14,59,0.04788469150662422,0.1077110767364502,2352.0,0.03806919604539871,27,1
StandardGP,8ef281ab-ada3-11ef-b16d-e4a8dfc2a9a8,resid_build_sale_price,14,60,0.04707123711705208,0.10758090019226074,2388.0,0.03942885249853134,15,1
StandardGP,8ef281ab-ada3-11ef-b16d-e4a8dfc2a9a8,resid_build_sale_price,14,61,0.04707123711705208,0.1249077320098877,2360.0,0.03942885249853134,15,1
StandardGP,8ef281ab-ada3-11ef-b16d-e4a8dfc2a9a8,resid_build_sale_price,14,62,0.04707123711705208,0.10914254188537598,2356.0,0.03942885249853134,15,1
StandardGP,8ef281ab-ada3-11ef-b16d-e4a8dfc2a9a8,resid_build_sale_price,14,63,0.04696815088391304,0.11995220184326172,2436.0,0.039163339883089066,23,1
StandardGP,8ef281ab-ada3-11ef-b16d-e4a8dfc2a9a8,resid_build_sale_price,14,64,0.04695063456892967,0.1157219409942627,2610.0,0.038439955562353134,35,1
StandardGP,8ef281ab-ada3-11ef-b16d-e4a8dfc2a9a8,resid_build_sale_price,14,65,0.04672027751803398,0.1305835247039795,2838.0,0.04001510888338089,19,1
StandardGP,8ef281ab-ada3-11ef-b16d-e4a8dfc2a9a8,resid_build_sale_price,14,66,0.04581416770815849,0.1287093162536621,2766.0,0.03878944367170334,19,1
StandardGP,8ef281ab-ada3-11ef-b16d-e4a8dfc2a9a8,resid_build_sale_price,14,67,0.04581416770815849,0.13831329345703125,2718.0,0.03878944367170334,19,1
StandardGP,8ef281ab-ada3-11ef-b16d-e4a8dfc2a9a8,resid_build_sale_price,14,68,0.04581416770815849,0.12615251541137695,2794.0,0.03878944367170334,19,1
StandardGP,8ef281ab-ada3-11ef-b16d-e4a8dfc2a9a8,resid_build_sale_price,14,69,0.045612871646881104,0.1282944679260254,2892.0,0.040962520986795425,31,1
StandardGP,8ef281ab-ada3-11ef-b16d-e4a8dfc2a9a8,resid_build_sale_price,14,70,0.045612871646881104,0.13964605331420898,3058.0,0.040962520986795425,31,1
StandardGP,8ef281ab-ada3-11ef-b16d-e4a8dfc2a9a8,resid_build_sale_price,14,71,0.04500323534011841,0.1493837833404541,3238.0,0.039997853338718414,27,1
StandardGP,8ef281ab-ada3-11ef-b16d-e4a8dfc2a9a8,resid_build_sale_price,14,72,0.04422334209084511,0.15117192268371582,3098.0,0.038191910833120346,27,1
StandardGP,8ef281ab-ada3-11ef-b16d-e4a8dfc2a9a8,resid_build_sale_price,14,73,0.04422334209084511,0.1245267391204834,3108.0,0.038191910833120346,27,1
StandardGP,8ef281ab-ada3-11ef-b16d-e4a8dfc2a9a8,resid_build_sale_price,14,74,0.04422334209084511,0.1313314437866211,3468.0,0.038191910833120346,27,1
StandardGP,8ef281ab-ada3-11ef-b16d-e4a8dfc2a9a8,resid_build_sale_price,14,75,0.04422334209084511,0.14355754852294922,3372.0,0.038191910833120346,27,1
StandardGP,8ef281ab-ada3-11ef-b16d-e4a8dfc2a9a8,resid_build_sale_price,14,76,0.04422334209084511,0.14677166938781738,3674.0,0.038191910833120346,27,1
StandardGP,8ef281ab-ada3-11ef-b16d-e4a8dfc2a9a8,resid_build_sale_price,14,77,0.04412184655666351,0.1461024284362793,3928.0,0.037719402462244034,47,1
StandardGP,8ef281ab-ada3-11ef-b16d-e4a8dfc2a9a8,resid_build_sale_price,14,78,0.04408436268568039,0.17255449295043945,4250.0,0.03680894151329994,43,1
StandardGP,8ef281ab-ada3-11ef-b16d-e4a8dfc2a9a8,resid_build_sale_price,14,79,0.04280897229909897,0.16720271110534668,4146.0,0.03555340692400932,79,1
StandardGP,8ef281ab-ada3-11ef-b16d-e4a8dfc2a9a8,resid_build_sale_price,14,80,0.04280897229909897,0.17616796493530273,4612.0,0.03555340692400932,79,1
StandardGP,8ef281ab-ada3-11ef-b16d-e4a8dfc2a9a8,resid_build_sale_price,14,81,0.04280897229909897,0.18973827362060547,4780.0,0.03555340692400932,79,1
StandardGP,8ef281ab-ada3-11ef-b16d-e4a8dfc2a9a8,resid_build_sale_price,14,82,0.04280897229909897,0.22237563133239746,4662.0,0.03555340692400932,79,1
StandardGP,8ef281ab-ada3-11ef-b16d-e4a8dfc2a9a8,resid_build_sale_price,14,83,0.042143724858760834,0.1873636245727539,4734.0,0.03583044931292534,79,1
StandardGP,8ef281ab-ada3-11ef-b16d-e4a8dfc2a9a8,resid_build_sale_price,14,84,0.042143724858760834,0.21148991584777832,5104.0,0.03583044931292534,79,1
StandardGP,8ef281ab-ada3-11ef-b16d-e4a8dfc2a9a8,resid_build_sale_price,14,85,0.041909411549568176,0.20583009719848633,5118.0,0.03418905287981033,71,1
StandardGP,8ef281ab-ada3-11ef-b16d-e4a8dfc2a9a8,resid_build_sale_price,14,86,0.040956106036901474,0.228348970413208,5696.0,0.03221892938017845,55,1
StandardGP,8ef281ab-ada3-11ef-b16d-e4a8dfc2a9a8,resid_build_sale_price,14,87,0.040956106036901474,0.22693586349487305,5800.0,0.03221892938017845,55,1
StandardGP,8ef281ab-ada3-11ef-b16d-e4a8dfc2a9a8,resid_build_sale_price,14,88,0.040956106036901474,0.2373650074005127,6218.0,0.03221892938017845,55,1
StandardGP,8ef281ab-ada3-11ef-b16d-e4a8dfc2a9a8,resid_build_sale_price,14,89,0.040956106036901474,0.24564242362976074,6256.0,0.03221892938017845,55,1
StandardGP,8ef281ab-ada3-11ef-b16d-e4a8dfc2a9a8,resid_build_sale_price,14,90,0.040478985756635666,0.2499992847442627,6460.0,0.03531767427921295,115,1
StandardGP,8ef281ab-ada3-11ef-b16d-e4a8dfc2a9a8,resid_build_sale_price,14,91,0.040478985756635666,0.2722930908203125,7118.0,0.03531767427921295,115,1
StandardGP,8ef281ab-ada3-11ef-b16d-e4a8dfc2a9a8,resid_build_sale_price,14,92,0.04043297469615936,0.3018510341644287,7634.0,0.03562192991375923,111,1
StandardGP,8ef281ab-ada3-11ef-b16d-e4a8dfc2a9a8,resid_build_sale_price,14,93,0.03988317400217056,0.29483652114868164,7660.0,0.034247513860464096,55,1
StandardGP,8ef281ab-ada3-11ef-b16d-e4a8dfc2a9a8,resid_build_sale_price,14,94,0.03988317400217056,0.34197139739990234,7764.0,0.034247513860464096,55,1
StandardGP,8ef281ab-ada3-11ef-b16d-e4a8dfc2a9a8,resid_build_sale_price,14,95,0.03988317400217056,0.31136250495910645,8064.0,0.034247513860464096,55,1
StandardGP,8ef281ab-ada3-11ef-b16d-e4a8dfc2a9a8,resid_build_sale_price,14,96,0.03988317400217056,0.34755802154541016,8926.0,0.034247513860464096,55,1
StandardGP,8ef281ab-ada3-11ef-b16d-e4a8dfc2a9a8,resid_build_sale_price,14,97,0.03953298553824425,0.367504358291626,9364.0,0.034083154052495956,95,1
StandardGP,8ef281ab-ada3-11ef-b16d-e4a8dfc2a9a8,resid_build_sale_price,14,98,0.03945663571357727,0.3986821174621582,9538.0,0.03392539545893669,95,1
StandardGP,8ef281ab-ada3-11ef-b16d-e4a8dfc2a9a8,resid_build_sale_price,14,99,0.03945663571357727,0.3915097713470459,9648.0,0.03392539545893669,95,1
StandardGP,8ef281ab-ada3-11ef-b16d-e4a8dfc2a9a8,resid_build_sale_price,14,100,0.03945663571357727,0.3706696033477783,9402.0,0.03392539545893669,95,1
StandardGP,4e877220-ada4-11ef-a52d-e4a8dfc2a9a8,resid_build_sale_price,14,0,123.03247833251953,0.08251070976257324,1342.0,127.42310333251953,3,1
StandardGP,4e877220-ada4-11ef-a52d-e4a8dfc2a9a8,resid_build_sale_price,14,1,123.03247833251953,0.030519962310791016,658.0,127.42310333251953,3,1
StandardGP,4e877220-ada4-11ef-a52d-e4a8dfc2a9a8,resid_build_sale_price,14,2,123.03247833251953,0.031998634338378906,690.0,127.42310333251953,3,1
StandardGP,4e877220-ada4-11ef-a52d-e4a8dfc2a9a8,resid_build_sale_price,14,3,123.03247833251953,0.033997297286987305,732.0,127.42310333251953,3,1
StandardGP,4e877220-ada4-11ef-a52d-e4a8dfc2a9a8,resid_build_sale_price,14,4,123.03247833251953,0.030371665954589844,734.0,127.42310333251953,3,1
StandardGP,4e877220-ada4-11ef-a52d-e4a8dfc2a9a8,resid_build_sale_price,14,5,106.6125259399414,0.02499532699584961,748.0,105.79944610595703,3,1
StandardGP,4e877220-ada4-11ef-a52d-e4a8dfc2a9a8,resid_build_sale_price,14,6,106.6125259399414,0.025992155075073242,794.0,105.79944610595703,3,1
StandardGP,4e877220-ada4-11ef-a52d-e4a8dfc2a9a8,resid_build_sale_price,14,7,106.6125259399414,0.029027700424194336,872.0,105.79944610595703,3,1
StandardGP,4e877220-ada4-11ef-a52d-e4a8dfc2a9a8,resid_build_sale_price,14,8,106.6125259399414,0.032529354095458984,924.0,105.79944610595703,3,1
StandardGP,4e877220-ada4-11ef-a52d-e4a8dfc2a9a8,resid_build_sale_price,14,9,106.6125259399414,0.030725479125976562,936.0,105.79944610595703,3,1
StandardGP,4e877220-ada4-11ef-a52d-e4a8dfc2a9a8,resid_build_sale_price,14,10,106.6125259399414,0.031717777252197266,1044.0,105.79944610595703,3,1
StandardGP,4e877220-ada4-11ef-a52d-e4a8dfc2a9a8,resid_build_sale_price,14,11,106.6125259399414,0.03387856483459473,1202.0,105.79944610595703,3,1
StandardGP,4e877220-ada4-11ef-a52d-e4a8dfc2a9a8,resid_build_sale_price,14,12,106.6125259399414,0.03443598747253418,1274.0,105.79944610595703,3,1
StandardGP,4e877220-ada4-11ef-a52d-e4a8dfc2a9a8,resid_build_sale_price,14,13,106.6125259399414,0.043520212173461914,1488.0,105.79944610595703,3,1
StandardGP,4e877220-ada4-11ef-a52d-e4a8dfc2a9a8,resid_build_sale_price,14,14,106.6125259399414,0.04101157188415527,1538.0,105.79944610595703,3,1
StandardGP,4e877220-ada4-11ef-a52d-e4a8dfc2a9a8,resid_build_sale_price,14,15,106.6125259399414,0.043704986572265625,1528.0,105.79944610595703,3,1
StandardGP,4e877220-ada4-11ef-a52d-e4a8dfc2a9a8,resid_build_sale_price,14,16,106.6125259399414,0.04311704635620117,1488.0,105.79944610595703,3,1
StandardGP,4e877220-ada4-11ef-a52d-e4a8dfc2a9a8,resid_build_sale_price,14,17,106.6125259399414,0.04459095001220703,1426.0,105.79944610595703,3,1
StandardGP,4e877220-ada4-11ef-a52d-e4a8dfc2a9a8,resid_build_sale_price,14,18,106.6125259399414,0.051012277603149414,1400.0,105.79944610595703,3,1
StandardGP,4e877220-ada4-11ef-a52d-e4a8dfc2a9a8,resid_build_sale_price,14,19,106.6125259399414,0.04292798042297363,1454.0,105.79944610595703,3,1
StandardGP,4e877220-ada4-11ef-a52d-e4a8dfc2a9a8,resid_build_sale_price,14,20,106.6125259399414,0.05645179748535156,1572.0,105.79944610595703,3,1
StandardGP,4e877220-ada4-11ef-a52d-e4a8dfc2a9a8,resid_build_sale_price,14,21,106.6125259399414,0.04700136184692383,1772.0,105.79944610595703,3,1
StandardGP,4e877220-ada4-11ef-a52d-e4a8dfc2a9a8,resid_build_sale_price,14,22,106.6125259399414,0.04409456253051758,1694.0,105.79944610595703,3,1
StandardGP,4e877220-ada4-11ef-a52d-e4a8dfc2a9a8,resid_build_sale_price,14,23,106.6125259399414,0.04361128807067871,1760.0,105.79944610595703,3,1
StandardGP,4e877220-ada4-11ef-a52d-e4a8dfc2a9a8,resid_build_sale_price,14,24,106.6125259399414,0.0463557243347168,1864.0,105.79944610595703,3,1
StandardGP,4e877220-ada4-11ef-a52d-e4a8dfc2a9a8,resid_build_sale_price,14,25,106.6125259399414,0.05030393600463867,2030.0,105.79944610595703,3,1
StandardGP,4e877220-ada4-11ef-a52d-e4a8dfc2a9a8,resid_build_sale_price,14,26,106.6125259399414,0.04727673530578613,1940.0,105.79944610595703,3,1
StandardGP,4e877220-ada4-11ef-a52d-e4a8dfc2a9a8,resid_build_sale_price,14,27,106.6125259399414,0.05623364448547363,2058.0,105.79944610595703,3,1
StandardGP,4e877220-ada4-11ef-a52d-e4a8dfc2a9a8,resid_build_sale_price,14,28,106.6125259399414,0.06573796272277832,2264.0,105.79944610595703,3,1
StandardGP,4e877220-ada4-11ef-a52d-e4a8dfc2a9a8,resid_build_sale_price,14,29,106.6125259399414,0.0702817440032959,2356.0,105.79944610595703,3,1
StandardGP,4e877220-ada4-11ef-a52d-e4a8dfc2a9a8,resid_build_sale_price,14,30,106.6125259399414,0.07256603240966797,2690.0,105.79944610595703,3,1
StandardGP,4e877220-ada4-11ef-a52d-e4a8dfc2a9a8,resid_build_sale_price,14,31,106.6125259399414,0.07724881172180176,2886.0,105.79944610595703,3,1
StandardGP,4e877220-ada4-11ef-a52d-e4a8dfc2a9a8,resid_build_sale_price,14,32,106.6125259399414,0.0890359878540039,3152.0,105.79944610595703,3,1
StandardGP,4e877220-ada4-11ef-a52d-e4a8dfc2a9a8,resid_build_sale_price,14,33,106.6125259399414,0.08290529251098633,3020.0,105.79944610595703,3,1
StandardGP,4e877220-ada4-11ef-a52d-e4a8dfc2a9a8,resid_build_sale_price,14,34,106.6125259399414,0.10007977485656738,3160.0,105.79944610595703,3,1
StandardGP,4e877220-ada4-11ef-a52d-e4a8dfc2a9a8,resid_build_sale_price,14,35,106.6125259399414,0.09275603294372559,3358.0,105.79944610595703,3,1
StandardGP,4e877220-ada4-11ef-a52d-e4a8dfc2a9a8,resid_build_sale_price,14,36,106.6125259399414,0.08914780616760254,3598.0,105.79944610595703,3,1
StandardGP,4e877220-ada4-11ef-a52d-e4a8dfc2a9a8,resid_build_sale_price,14,37,106.6125259399414,0.1056375503540039,4134.0,105.79944610595703,3,1
StandardGP,4e877220-ada4-11ef-a52d-e4a8dfc2a9a8,resid_build_sale_price,14,38,106.6125259399414,0.11328601837158203,3882.0,105.79944610595703,3,1
StandardGP,4e877220-ada4-11ef-a52d-e4a8dfc2a9a8,resid_build_sale_price,14,39,106.6125259399414,0.09805941581726074,3888.0,105.79944610595703,3,1
StandardGP,4e877220-ada4-11ef-a52d-e4a8dfc2a9a8,resid_build_sale_price,14,40,106.6125259399414,0.09575510025024414,3600.0,105.79944610595703,3,1
StandardGP,4e877220-ada4-11ef-a52d-e4a8dfc2a9a8,resid_build_sale_price,14,41,106.6125259399414,0.09895515441894531,3842.0,105.79944610595703,3,1
StandardGP,4e877220-ada4-11ef-a52d-e4a8dfc2a9a8,resid_build_sale_price,14,42,106.6125259399414,0.0983881950378418,3824.0,105.79944610595703,3,1
StandardGP,4e877220-ada4-11ef-a52d-e4a8dfc2a9a8,resid_build_sale_price,14,43,106.6125259399414,0.09139013290405273,3808.0,105.79944610595703,3,1
StandardGP,4e877220-ada4-11ef-a52d-e4a8dfc2a9a8,resid_build_sale_price,14,44,106.6125259399414,0.09186553955078125,3624.0,105.79944610595703,3,1
StandardGP,4e877220-ada4-11ef-a52d-e4a8dfc2a9a8,resid_build_sale_price,14,45,106.6125259399414,0.0834355354309082,3448.0,105.79944610595703,3,1
StandardGP,4e877220-ada4-11ef-a52d-e4a8dfc2a9a8,resid_build_sale_price,14,46,106.6125259399414,0.08705329895019531,3390.0,105.79944610595703,3,1
StandardGP,4e877220-ada4-11ef-a52d-e4a8dfc2a9a8,resid_build_sale_price,14,47,106.6125259399414,0.08215832710266113,3196.0,105.79944610595703,3,1
StandardGP,4e877220-ada4-11ef-a52d-e4a8dfc2a9a8,resid_build_sale_price,14,48,106.6125259399414,0.08683300018310547,3126.0,105.79944610595703,3,1
StandardGP,4e877220-ada4-11ef-a52d-e4a8dfc2a9a8,resid_build_sale_price,14,49,106.6125259399414,0.07717061042785645,3100.0,105.79944610595703,3,1
StandardGP,4e877220-ada4-11ef-a52d-e4a8dfc2a9a8,resid_build_sale_price,14,50,106.6125259399414,0.06859874725341797,2642.0,105.79944610595703,3,1
StandardGP,4e877220-ada4-11ef-a52d-e4a8dfc2a9a8,resid_build_sale_price,14,51,106.6125259399414,0.06908607482910156,2558.0,105.79944610595703,3,1
StandardGP,4e877220-ada4-11ef-a52d-e4a8dfc2a9a8,resid_build_sale_price,14,52,106.6125259399414,0.07105612754821777,2614.0,105.79944610595703,3,1
StandardGP,4e877220-ada4-11ef-a52d-e4a8dfc2a9a8,resid_build_sale_price,14,53,106.6125259399414,0.06720447540283203,2576.0,105.79944610595703,3,1
StandardGP,4e877220-ada4-11ef-a52d-e4a8dfc2a9a8,resid_build_sale_price,14,54,106.6125259399414,0.06736326217651367,2326.0,105.79944610595703,3,1
StandardGP,4e877220-ada4-11ef-a52d-e4a8dfc2a9a8,resid_build_sale_price,14,55,106.6125259399414,0.06198835372924805,2124.0,105.79944610595703,3,1
StandardGP,4e877220-ada4-11ef-a52d-e4a8dfc2a9a8,resid_build_sale_price,14,56,106.6125259399414,0.06829237937927246,2268.0,105.79944610595703,3,1
StandardGP,4e877220-ada4-11ef-a52d-e4a8dfc2a9a8,resid_build_sale_price,14,57,106.6125259399414,0.07141590118408203,2430.0,105.79944610595703,3,1
StandardGP,4e877220-ada4-11ef-a52d-e4a8dfc2a9a8,resid_build_sale_price,14,58,106.6125259399414,0.0686342716217041,2294.0,105.79944610595703,3,1
StandardGP,4e877220-ada4-11ef-a52d-e4a8dfc2a9a8,resid_build_sale_price,14,59,106.6125259399414,0.07430887222290039,2280.0,105.79944610595703,3,1
StandardGP,4e877220-ada4-11ef-a52d-e4a8dfc2a9a8,resid_build_sale_price,14,60,106.6125259399414,0.08002781867980957,2566.0,105.79944610595703,3,1
StandardGP,4e877220-ada4-11ef-a52d-e4a8dfc2a9a8,resid_build_sale_price,14,61,106.6125259399414,0.08190560340881348,2666.0,105.79944610595703,3,1
StandardGP,4e877220-ada4-11ef-a52d-e4a8dfc2a9a8,resid_build_sale_price,14,62,106.6125259399414,0.07348251342773438,2462.0,105.79944610595703,3,1
StandardGP,4e877220-ada4-11ef-a52d-e4a8dfc2a9a8,resid_build_sale_price,14,63,106.6125259399414,0.07436966896057129,2424.0,105.79944610595703,3,1
StandardGP,4e877220-ada4-11ef-a52d-e4a8dfc2a9a8,resid_build_sale_price,14,64,106.6125259399414,0.08367013931274414,2638.0,105.79944610595703,3,1
StandardGP,4e877220-ada4-11ef-a52d-e4a8dfc2a9a8,resid_build_sale_price,14,65,106.6125259399414,0.07570695877075195,2510.0,105.79944610595703,3,1
StandardGP,4e877220-ada4-11ef-a52d-e4a8dfc2a9a8,resid_build_sale_price,14,66,106.6125259399414,0.0875852108001709,2568.0,105.79944610595703,3,1
StandardGP,4e877220-ada4-11ef-a52d-e4a8dfc2a9a8,resid_build_sale_price,14,67,106.6125259399414,0.07003188133239746,2368.0,105.79944610595703,3,1
StandardGP,4e877220-ada4-11ef-a52d-e4a8dfc2a9a8,resid_build_sale_price,14,68,106.25726318359375,0.06866717338562012,2236.0,105.16480255126953,13,1
StandardGP,4e877220-ada4-11ef-a52d-e4a8dfc2a9a8,resid_build_sale_price,14,69,106.25726318359375,0.06411457061767578,1880.0,105.16480255126953,13,1
StandardGP,4e877220-ada4-11ef-a52d-e4a8dfc2a9a8,resid_build_sale_price,14,70,105.21148681640625,0.05284905433654785,1800.0,106.29564666748047,15,1
StandardGP,4e877220-ada4-11ef-a52d-e4a8dfc2a9a8,resid_build_sale_price,14,71,104.87683868408203,0.05612802505493164,1850.0,105.7203140258789,15,1
StandardGP,4e877220-ada4-11ef-a52d-e4a8dfc2a9a8,resid_build_sale_price,14,72,104.87683868408203,0.056801795959472656,2048.0,105.7203140258789,15,1
StandardGP,4e877220-ada4-11ef-a52d-e4a8dfc2a9a8,resid_build_sale_price,14,73,104.87683868408203,0.05935072898864746,2004.0,105.7203140258789,15,1
StandardGP,4e877220-ada4-11ef-a52d-e4a8dfc2a9a8,resid_build_sale_price,14,74,104.87683868408203,0.05756497383117676,2184.0,105.7203140258789,15,1
StandardGP,4e877220-ada4-11ef-a52d-e4a8dfc2a9a8,resid_build_sale_price,14,75,104.87683868408203,0.05915522575378418,2032.0,105.7203140258789,15,1
StandardGP,4e877220-ada4-11ef-a52d-e4a8dfc2a9a8,resid_build_sale_price,14,76,104.87683868408203,0.06146883964538574,2130.0,105.7203140258789,15,1
StandardGP,4e877220-ada4-11ef-a52d-e4a8dfc2a9a8,resid_build_sale_price,14,77,104.87683868408203,0.06540513038635254,2248.0,105.7203140258789,15,1
StandardGP,4e877220-ada4-11ef-a52d-e4a8dfc2a9a8,resid_build_sale_price,14,78,104.87683868408203,0.06612920761108398,2340.0,105.7203140258789,15,1
StandardGP,4e877220-ada4-11ef-a52d-e4a8dfc2a9a8,resid_build_sale_price,14,79,104.87683868408203,0.06601858139038086,2308.0,105.7203140258789,15,1
StandardGP,4e877220-ada4-11ef-a52d-e4a8dfc2a9a8,resid_build_sale_price,14,80,104.87683868408203,0.05959892272949219,2082.0,105.7203140258789,15,1
StandardGP,4e877220-ada4-11ef-a52d-e4a8dfc2a9a8,resid_build_sale_price,14,81,104.87683868408203,0.060364484786987305,2138.0,105.7203140258789,15,1
StandardGP,4e877220-ada4-11ef-a52d-e4a8dfc2a9a8,resid_build_sale_price,14,82,104.87683868408203,0.0625925064086914,2304.0,105.7203140258789,15,1
StandardGP,4e877220-ada4-11ef-a52d-e4a8dfc2a9a8,resid_build_sale_price,14,83,104.87683868408203,0.0662071704864502,2334.0,105.7203140258789,15,1
StandardGP,4e877220-ada4-11ef-a52d-e4a8dfc2a9a8,resid_build_sale_price,14,84,104.87683868408203,0.05952858924865723,2250.0,105.7203140258789,15,1
StandardGP,4e877220-ada4-11ef-a52d-e4a8dfc2a9a8,resid_build_sale_price,14,85,104.56739044189453,0.0639188289642334,2192.0,106.5843505859375,9,1
StandardGP,4e877220-ada4-11ef-a52d-e4a8dfc2a9a8,resid_build_sale_price,14,86,104.56739044189453,0.06338882446289062,2200.0,106.5843505859375,9,1
StandardGP,4e877220-ada4-11ef-a52d-e4a8dfc2a9a8,resid_build_sale_price,14,87,104.56739044189453,0.061081647872924805,2084.0,106.5843505859375,9,1
StandardGP,4e877220-ada4-11ef-a52d-e4a8dfc2a9a8,resid_build_sale_price,14,88,104.56739044189453,0.06641912460327148,2062.0,106.5843505859375,9,1
StandardGP,4e877220-ada4-11ef-a52d-e4a8dfc2a9a8,resid_build_sale_price,14,89,104.56739044189453,0.06909060478210449,2320.0,106.5843505859375,9,1
StandardGP,4e877220-ada4-11ef-a52d-e4a8dfc2a9a8,resid_build_sale_price,14,90,102.85675811767578,0.06771588325500488,2446.0,113.35808563232422,39,1
StandardGP,4e877220-ada4-11ef-a52d-e4a8dfc2a9a8,resid_build_sale_price,14,91,102.85675048828125,0.0703284740447998,2580.0,113.35808563232422,35,1
StandardGP,4e877220-ada4-11ef-a52d-e4a8dfc2a9a8,resid_build_sale_price,14,92,102.8541488647461,0.07260370254516602,2602.0,113.35404968261719,39,1
StandardGP,4e877220-ada4-11ef-a52d-e4a8dfc2a9a8,resid_build_sale_price,14,93,102.80419921875,0.0730280876159668,2806.0,113.3780746459961,35,1
StandardGP,4e877220-ada4-11ef-a52d-e4a8dfc2a9a8,resid_build_sale_price,14,94,102.80419921875,0.13235878944396973,2958.0,113.3780746459961,35,1
StandardGP,4e877220-ada4-11ef-a52d-e4a8dfc2a9a8,resid_build_sale_price,14,95,102.80419921875,0.09012794494628906,3274.0,113.3780746459961,35,1
StandardGP,4e877220-ada4-11ef-a52d-e4a8dfc2a9a8,resid_build_sale_price,14,96,102.80419921875,0.08821630477905273,3500.0,113.3780746459961,35,1
StandardGP,4e877220-ada4-11ef-a52d-e4a8dfc2a9a8,resid_build_sale_price,14,97,102.47161865234375,0.10394954681396484,3762.0,104.22562408447266,49,1
StandardGP,4e877220-ada4-11ef-a52d-e4a8dfc2a9a8,resid_build_sale_price,14,98,102.47161865234375,0.10265707969665527,3910.0,104.22562408447266,49,1
StandardGP,4e877220-ada4-11ef-a52d-e4a8dfc2a9a8,resid_build_sale_price,14,99,102.47161865234375,0.10083913803100586,3884.0,104.22562408447266,49,1
StandardGP,4e877220-ada4-11ef-a52d-e4a8dfc2a9a8,resid_build_sale_price,14,100,102.47161865234375,0.1043248176574707,3804.0,104.22562408447266,49,1
StandardGP,ca98a036-ada5-11ef-8f45-e4a8dfc2a9a8,resid_build_sale_price,14,0,0.13166534900665283,0.052233219146728516,1342.0,0.12057321518659592,3,1
StandardGP,ca98a036-ada5-11ef-8f45-e4a8dfc2a9a8,resid_build_sale_price,14,1,0.13166534900665283,0.02736520767211914,910.0,0.12057321518659592,3,1
StandardGP,ca98a036-ada5-11ef-8f45-e4a8dfc2a9a8,resid_build_sale_price,14,2,0.13166534900665283,0.01999974250793457,632.0,0.12057321518659592,3,1
StandardGP,ca98a036-ada5-11ef-8f45-e4a8dfc2a9a8,resid_build_sale_price,14,3,0.13166534900665283,0.021999597549438477,596.0,0.12057321518659592,3,1
StandardGP,ca98a036-ada5-11ef-8f45-e4a8dfc2a9a8,resid_build_sale_price,14,4,0.13166534900665283,0.023543119430541992,644.0,0.12057321518659592,3,1
StandardGP,ca98a036-ada5-11ef-8f45-e4a8dfc2a9a8,resid_build_sale_price,14,5,0.12810221314430237,0.022519826889038086,712.0,0.12206147611141205,5,1
StandardGP,ca98a036-ada5-11ef-8f45-e4a8dfc2a9a8,resid_build_sale_price,14,6,0.12218646705150604,0.02026677131652832,696.0,0.1327083259820938,17,1
StandardGP,ca98a036-ada5-11ef-8f45-e4a8dfc2a9a8,resid_build_sale_price,14,7,0.1214127242565155,0.019337177276611328,668.0,0.131965771317482,17,1
StandardGP,ca98a036-ada5-11ef-8f45-e4a8dfc2a9a8,resid_build_sale_price,14,8,0.11858675628900528,0.018017292022705078,726.0,0.12800051271915436,17,1
StandardGP,ca98a036-ada5-11ef-8f45-e4a8dfc2a9a8,resid_build_sale_price,14,9,0.11858675628900528,0.019446849822998047,720.0,0.12800051271915436,17,1
StandardGP,ca98a036-ada5-11ef-8f45-e4a8dfc2a9a8,resid_build_sale_price,14,10,0.11858675628900528,0.017998933792114258,722.0,0.12800051271915436,17,1
StandardGP,ca98a036-ada5-11ef-8f45-e4a8dfc2a9a8,resid_build_sale_price,14,11,0.11858675628900528,0.020685911178588867,794.0,0.12800051271915436,17,1
StandardGP,ca98a036-ada5-11ef-8f45-e4a8dfc2a9a8,resid_build_sale_price,14,12,0.07844956964254379,0.02078700065612793,856.0,0.08044028282165527,7,1
StandardGP,ca98a036-ada5-11ef-8f45-e4a8dfc2a9a8,resid_build_sale_price,14,13,0.07844956964254379,0.021135568618774414,834.0,0.08044028282165527,7,1
StandardGP,ca98a036-ada5-11ef-8f45-e4a8dfc2a9a8,resid_build_sale_price,14,14,0.07844956964254379,0.02120208740234375,908.0,0.08044028282165527,7,1
StandardGP,ca98a036-ada5-11ef-8f45-e4a8dfc2a9a8,resid_build_sale_price,14,15,0.07844956964254379,0.020999431610107422,910.0,0.08044028282165527,7,1
StandardGP,ca98a036-ada5-11ef-8f45-e4a8dfc2a9a8,resid_build_sale_price,14,16,0.07844956964254379,0.023705005645751953,946.0,0.08044028282165527,7,1
StandardGP,ca98a036-ada5-11ef-8f45-e4a8dfc2a9a8,resid_build_sale_price,14,17,0.07756821066141129,0.02356743812561035,882.0,0.07636208832263947,7,1
StandardGP,ca98a036-ada5-11ef-8f45-e4a8dfc2a9a8,resid_build_sale_price,14,18,0.07250452041625977,0.02357792854309082,894.0,0.07833033055067062,9,1
StandardGP,ca98a036-ada5-11ef-8f45-e4a8dfc2a9a8,resid_build_sale_price,14,19,0.07250452041625977,0.02002882957458496,796.0,0.07833033055067062,9,1
StandardGP,ca98a036-ada5-11ef-8f45-e4a8dfc2a9a8,resid_build_sale_price,14,20,0.07250452041625977,0.0209958553314209,888.0,0.07833033055067062,9,1
StandardGP,ca98a036-ada5-11ef-8f45-e4a8dfc2a9a8,resid_build_sale_price,14,21,0.07250452041625977,0.023186683654785156,940.0,0.07833033055067062,9,1
StandardGP,ca98a036-ada5-11ef-8f45-e4a8dfc2a9a8,resid_build_sale_price,14,22,0.07250452041625977,0.024107694625854492,1028.0,0.07833033055067062,9,1
StandardGP,ca98a036-ada5-11ef-8f45-e4a8dfc2a9a8,resid_build_sale_price,14,23,0.07250452041625977,0.02117443084716797,886.0,0.07833033055067062,9,1
StandardGP,ca98a036-ada5-11ef-8f45-e4a8dfc2a9a8,resid_build_sale_price,14,24,0.07250452041625977,0.02052021026611328,886.0,0.07833033055067062,9,1
StandardGP,ca98a036-ada5-11ef-8f45-e4a8dfc2a9a8,resid_build_sale_price,14,25,0.07250452041625977,0.020021915435791016,858.0,0.07833033055067062,9,1
StandardGP,ca98a036-ada5-11ef-8f45-e4a8dfc2a9a8,resid_build_sale_price,14,26,0.06165095791220665,0.019747495651245117,868.0,0.0960797443985939,19,1
StandardGP,ca98a036-ada5-11ef-8f45-e4a8dfc2a9a8,resid_build_sale_price,14,27,0.06165095791220665,0.021117448806762695,914.0,0.0960797443985939,19,1
StandardGP,ca98a036-ada5-11ef-8f45-e4a8dfc2a9a8,resid_build_sale_price,14,28,0.06165095791220665,0.02199864387512207,1054.0,0.0960797443985939,19,1
StandardGP,ca98a036-ada5-11ef-8f45-e4a8dfc2a9a8,resid_build_sale_price,14,29,0.06165095791220665,0.02500152587890625,1080.0,0.0960797443985939,19,1
StandardGP,ca98a036-ada5-11ef-8f45-e4a8dfc2a9a8,resid_build_sale_price,14,30,0.06165095791220665,0.024038076400756836,1152.0,0.0960797443985939,19,1
StandardGP,ca98a036-ada5-11ef-8f45-e4a8dfc2a9a8,resid_build_sale_price,14,31,0.06165095791220665,0.02555394172668457,1328.0,0.0960797443985939,19,1
StandardGP,ca98a036-ada5-11ef-8f45-e4a8dfc2a9a8,resid_build_sale_price,14,32,0.06165095791220665,0.02616405487060547,1424.0,0.0960797443985939,19,1
StandardGP,ca98a036-ada5-11ef-8f45-e4a8dfc2a9a8,resid_build_sale_price,14,33,0.06165095791220665,0.029590845108032227,1788.0,0.0960797443985939,19,1
StandardGP,ca98a036-ada5-11ef-8f45-e4a8dfc2a9a8,resid_build_sale_price,14,34,0.06165095791220665,0.02936720848083496,1620.0,0.0960797443985939,19,1
StandardGP,ca98a036-ada5-11ef-8f45-e4a8dfc2a9a8,resid_build_sale_price,14,35,0.06165095791220665,0.028181076049804688,1672.0,0.0960797443985939,19,1
StandardGP,ca98a036-ada5-11ef-8f45-e4a8dfc2a9a8,resid_build_sale_price,14,36,0.06165095791220665,0.02899909019470215,1598.0,0.0960797443985939,19,1
StandardGP,ca98a036-ada5-11ef-8f45-e4a8dfc2a9a8,resid_build_sale_price,14,37,0.06165095791220665,0.03147125244140625,1836.0,0.0960797443985939,19,1
StandardGP,ca98a036-ada5-11ef-8f45-e4a8dfc2a9a8,resid_build_sale_price,14,38,0.06165095791220665,0.02747178077697754,1678.0,0.0960797443985939,19,1
StandardGP,ca98a036-ada5-11ef-8f45-e4a8dfc2a9a8,resid_build_sale_price,14,39,0.06165095791220665,0.03200507164001465,1974.0,0.0960797443985939,19,1
StandardGP,ca98a036-ada5-11ef-8f45-e4a8dfc2a9a8,resid_build_sale_price,14,40,0.06165095791220665,0.03203177452087402,1916.0,0.0960797443985939,19,1
StandardGP,ca98a036-ada5-11ef-8f45-e4a8dfc2a9a8,resid_build_sale_price,14,41,0.06165095791220665,0.03379535675048828,1992.0,0.0960797443985939,19,1
StandardGP,ca98a036-ada5-11ef-8f45-e4a8dfc2a9a8,resid_build_sale_price,14,42,0.06047842279076576,0.03419899940490723,1946.0,0.05677421763539314,11,1
StandardGP,ca98a036-ada5-11ef-8f45-e4a8dfc2a9a8,resid_build_sale_price,14,43,0.06047842279076576,0.03605079650878906,2134.0,0.05677421763539314,11,1
StandardGP,ca98a036-ada5-11ef-8f45-e4a8dfc2a9a8,resid_build_sale_price,14,44,0.05883745849132538,0.03350424766540527,2028.0,0.055855922400951385,15,1
StandardGP,ca98a036-ada5-11ef-8f45-e4a8dfc2a9a8,resid_build_sale_price,14,45,0.05883745849132538,0.03299975395202637,2040.0,0.055855922400951385,15,1
StandardGP,ca98a036-ada5-11ef-8f45-e4a8dfc2a9a8,resid_build_sale_price,14,46,0.05883745849132538,0.03426003456115723,2108.0,0.055855922400951385,15,1
StandardGP,ca98a036-ada5-11ef-8f45-e4a8dfc2a9a8,resid_build_sale_price,14,47,0.05883745849132538,0.032943010330200195,2098.0,0.055855922400951385,15,1
StandardGP,ca98a036-ada5-11ef-8f45-e4a8dfc2a9a8,resid_build_sale_price,14,48,0.05850802734494209,0.03199958801269531,2028.0,0.05277254059910774,13,1
StandardGP,ca98a036-ada5-11ef-8f45-e4a8dfc2a9a8,resid_build_sale_price,14,49,0.05306858941912651,0.032143354415893555,1970.0,0.05076552554965019,11,1
StandardGP,ca98a036-ada5-11ef-8f45-e4a8dfc2a9a8,resid_build_sale_price,14,50,0.05306858941912651,0.032733917236328125,2140.0,0.05076552554965019,11,1
StandardGP,ca98a036-ada5-11ef-8f45-e4a8dfc2a9a8,resid_build_sale_price,14,51,0.05306858941912651,0.03667116165161133,2294.0,0.05076552554965019,11,1
StandardGP,ca98a036-ada5-11ef-8f45-e4a8dfc2a9a8,resid_build_sale_price,14,52,0.05306858941912651,0.04191279411315918,2382.0,0.05076552554965019,11,1
StandardGP,ca98a036-ada5-11ef-8f45-e4a8dfc2a9a8,resid_build_sale_price,14,53,0.05306858941912651,0.04326367378234863,2514.0,0.05076552554965019,11,1
StandardGP,ca98a036-ada5-11ef-8f45-e4a8dfc2a9a8,resid_build_sale_price,14,54,0.05306858941912651,0.04466080665588379,2616.0,0.05076552554965019,11,1
StandardGP,ca98a036-ada5-11ef-8f45-e4a8dfc2a9a8,resid_build_sale_price,14,55,0.05306858941912651,0.042688846588134766,2684.0,0.05076552554965019,11,1
StandardGP,ca98a036-ada5-11ef-8f45-e4a8dfc2a9a8,resid_build_sale_price,14,56,0.05306858941912651,0.04114389419555664,2716.0,0.05076552554965019,11,1
StandardGP,ca98a036-ada5-11ef-8f45-e4a8dfc2a9a8,resid_build_sale_price,14,57,0.05306858941912651,0.04155278205871582,2590.0,0.05076552554965019,11,1
StandardGP,ca98a036-ada5-11ef-8f45-e4a8dfc2a9a8,resid_build_sale_price,14,58,0.05306858941912651,0.04233384132385254,2660.0,0.05076552554965019,11,1
StandardGP,ca98a036-ada5-11ef-8f45-e4a8dfc2a9a8,resid_build_sale_price,14,59,0.05306858941912651,0.04059553146362305,2720.0,0.05076552554965019,11,1
StandardGP,ca98a036-ada5-11ef-8f45-e4a8dfc2a9a8,resid_build_sale_price,14,60,0.05306858941912651,0.041229963302612305,2694.0,0.05076552554965019,11,1
StandardGP,ca98a036-ada5-11ef-8f45-e4a8dfc2a9a8,resid_build_sale_price,14,61,0.05306858941912651,0.03948664665222168,2456.0,0.05076552554965019,11,1
StandardGP,ca98a036-ada5-11ef-8f45-e4a8dfc2a9a8,resid_build_sale_price,14,62,0.05306858941912651,0.03826904296875,2568.0,0.05076552554965019,11,1
StandardGP,ca98a036-ada5-11ef-8f45-e4a8dfc2a9a8,resid_build_sale_price,14,63,0.05306858941912651,0.03634285926818848,2426.0,0.05076552554965019,11,1
StandardGP,ca98a036-ada5-11ef-8f45-e4a8dfc2a9a8,resid_build_sale_price,14,64,0.05306858941912651,0.03876090049743652,2454.0,0.05076552554965019,11,1
StandardGP,ca98a036-ada5-11ef-8f45-e4a8dfc2a9a8,resid_build_sale_price,14,65,0.05306858941912651,0.03511977195739746,2382.0,0.05076552554965019,11,1
StandardGP,ca98a036-ada5-11ef-8f45-e4a8dfc2a9a8,resid_build_sale_price,14,66,0.05306858941912651,0.04044771194458008,2564.0,0.05076552554965019,11,1
StandardGP,ca98a036-ada5-11ef-8f45-e4a8dfc2a9a8,resid_build_sale_price,14,67,0.05306858941912651,0.04460501670837402,2918.0,0.05076552554965019,11,1
StandardGP,ca98a036-ada5-11ef-8f45-e4a8dfc2a9a8,resid_build_sale_price,14,68,0.05306858941912651,0.044033050537109375,2874.0,0.05076552554965019,11,1
StandardGP,ca98a036-ada5-11ef-8f45-e4a8dfc2a9a8,resid_build_sale_price,14,69,0.05306858941912651,0.04784989356994629,3016.0,0.05076552554965019,11,1
StandardGP,ca98a036-ada5-11ef-8f45-e4a8dfc2a9a8,resid_build_sale_price,14,70,0.05306858941912651,0.05240011215209961,3178.0,0.05076552554965019,11,1
StandardGP,ca98a036-ada5-11ef-8f45-e4a8dfc2a9a8,resid_build_sale_price,14,71,0.05306858941912651,0.04855060577392578,3248.0,0.05076552554965019,11,1
StandardGP,ca98a036-ada5-11ef-8f45-e4a8dfc2a9a8,resid_build_sale_price,14,72,0.05306858941912651,0.052071332931518555,3282.0,0.05076552554965019,11,1
StandardGP,ca98a036-ada5-11ef-8f45-e4a8dfc2a9a8,resid_build_sale_price,14,73,0.05306858941912651,0.060532331466674805,3710.0,0.05076552554965019,11,1
StandardGP,ca98a036-ada5-11ef-8f45-e4a8dfc2a9a8,resid_build_sale_price,14,74,0.05306858941912651,0.05787181854248047,3596.0,0.05076552554965019,11,1
StandardGP,ca98a036-ada5-11ef-8f45-e4a8dfc2a9a8,resid_build_sale_price,14,75,0.05306858941912651,0.06099867820739746,3906.0,0.05076552554965019,11,1
StandardGP,ca98a036-ada5-11ef-8f45-e4a8dfc2a9a8,resid_build_sale_price,14,76,0.05306858941912651,0.0695343017578125,4070.0,0.05076552554965019,11,1
StandardGP,ca98a036-ada5-11ef-8f45-e4a8dfc2a9a8,resid_build_sale_price,14,77,0.05306858941912651,0.07953786849975586,4928.0,0.05076552554965019,11,1
StandardGP,ca98a036-ada5-11ef-8f45-e4a8dfc2a9a8,resid_build_sale_price,14,78,0.05306858941912651,0.08053088188171387,4914.0,0.05076552554965019,11,1
StandardGP,ca98a036-ada5-11ef-8f45-e4a8dfc2a9a8,resid_build_sale_price,14,79,0.05306858941912651,0.10148286819458008,5636.0,0.05076552554965019,11,1
StandardGP,ca98a036-ada5-11ef-8f45-e4a8dfc2a9a8,resid_build_sale_price,14,80,0.05306858941912651,0.10116314888000488,5806.0,0.05076552554965019,11,1
StandardGP,ca98a036-ada5-11ef-8f45-e4a8dfc2a9a8,resid_build_sale_price,14,81,0.05306858941912651,0.12107658386230469,5666.0,0.05076552554965019,11,1
StandardGP,ca98a036-ada5-11ef-8f45-e4a8dfc2a9a8,resid_build_sale_price,14,82,0.05306858941912651,0.1240699291229248,6434.0,0.05076552554965019,11,1
StandardGP,ca98a036-ada5-11ef-8f45-e4a8dfc2a9a8,resid_build_sale_price,14,83,0.05306858941912651,0.15758919715881348,7636.0,0.05076552554965019,11,1
StandardGP,ca98a036-ada5-11ef-8f45-e4a8dfc2a9a8,resid_build_sale_price,14,84,0.05306858941912651,0.13752436637878418,7206.0,0.05076552554965019,11,1
StandardGP,ca98a036-ada5-11ef-8f45-e4a8dfc2a9a8,resid_build_sale_price,14,85,0.05306858941912651,0.14078879356384277,6914.0,0.05076552554965019,11,1
StandardGP,ca98a036-ada5-11ef-8f45-e4a8dfc2a9a8,resid_build_sale_price,14,86,0.05306858941912651,0.12891507148742676,6936.0,0.05076552554965019,11,1
StandardGP,ca98a036-ada5-11ef-8f45-e4a8dfc2a9a8,resid_build_sale_price,14,87,0.05306858941912651,0.1311168670654297,6732.0,0.05076552554965019,11,1
StandardGP,ca98a036-ada5-11ef-8f45-e4a8dfc2a9a8,resid_build_sale_price,14,88,0.05306858941912651,0.129439115524292,6906.0,0.05076552554965019,11,1
StandardGP,ca98a036-ada5-11ef-8f45-e4a8dfc2a9a8,resid_build_sale_price,14,89,0.05306858941912651,0.14077496528625488,7622.0,0.05076552554965019,11,1
StandardGP,ca98a036-ada5-11ef-8f45-e4a8dfc2a9a8,resid_build_sale_price,14,90,0.05306858941912651,0.16266131401062012,8586.0,0.05076552554965019,11,1
StandardGP,ca98a036-ada5-11ef-8f45-e4a8dfc2a9a8,resid_build_sale_price,14,91,0.05306858941912651,0.1703331470489502,9088.0,0.05076552554965019,11,1
StandardGP,ca98a036-ada5-11ef-8f45-e4a8dfc2a9a8,resid_build_sale_price,14,92,0.05306858941912651,0.16734862327575684,7998.0,0.05076552554965019,11,1
StandardGP,ca98a036-ada5-11ef-8f45-e4a8dfc2a9a8,resid_build_sale_price,14,93,0.05306858941912651,0.1321394443511963,7262.0,0.05076552554965019,11,1
StandardGP,ca98a036-ada5-11ef-8f45-e4a8dfc2a9a8,resid_build_sale_price,14,94,0.05306858941912651,0.1414661407470703,7968.0,0.05076552554965019,11,1
StandardGP,ca98a036-ada5-11ef-8f45-e4a8dfc2a9a8,resid_build_sale_price,14,95,0.05306858941912651,0.15415644645690918,8712.0,0.05076552554965019,11,1
StandardGP,ca98a036-ada5-11ef-8f45-e4a8dfc2a9a8,resid_build_sale_price,14,96,0.05306858941912651,0.15111088752746582,8272.0,0.05076552554965019,11,1
StandardGP,ca98a036-ada5-11ef-8f45-e4a8dfc2a9a8,resid_build_sale_price,14,97,0.05306858941912651,0.1280214786529541,7224.0,0.05076552554965019,11,1
StandardGP,ca98a036-ada5-11ef-8f45-e4a8dfc2a9a8,resid_build_sale_price,14,98,0.05306858941912651,0.14194869995117188,7784.0,0.05076552554965019,11,1
StandardGP,ca98a036-ada5-11ef-8f45-e4a8dfc2a9a8,resid_build_sale_price,14,99,0.05306858941912651,0.12428164482116699,7220.0,0.05076552554965019,11,1
StandardGP,ca98a036-ada5-11ef-8f45-e4a8dfc2a9a8,resid_build_sale_price,14,100,0.05306858941912651,0.11995840072631836,7392.0,0.05076552554965019,11,1
StandardGP,47e01bfe-ada6-11ef-969f-e4a8dfc2a9a8,resid_build_sale_price,14,0,121.70149230957031,0.08074474334716797,1342.0,125.88395690917969,3,1
StandardGP,47e01bfe-ada6-11ef-969f-e4a8dfc2a9a8,resid_build_sale_price,14,1,121.70149230957031,0.04865574836730957,934.0,125.88395690917969,3,1
StandardGP,47e01bfe-ada6-11ef-969f-e4a8dfc2a9a8,resid_build_sale_price,14,2,121.70149230957031,0.03925585746765137,786.0,125.88395690917969,3,1
StandardGP,47e01bfe-ada6-11ef-969f-e4a8dfc2a9a8,resid_build_sale_price,14,3,107.94770050048828,0.043157100677490234,804.0,106.36390686035156,3,1
StandardGP,47e01bfe-ada6-11ef-969f-e4a8dfc2a9a8,resid_build_sale_price,14,4,107.94770050048828,0.03216671943664551,802.0,106.36390686035156,3,1
StandardGP,47e01bfe-ada6-11ef-969f-e4a8dfc2a9a8,resid_build_sale_price,14,5,107.94770050048828,0.02730846405029297,794.0,106.36390686035156,3,1
StandardGP,47e01bfe-ada6-11ef-969f-e4a8dfc2a9a8,resid_build_sale_price,14,6,107.94770050048828,0.02659010887145996,848.0,106.36390686035156,3,1
StandardGP,47e01bfe-ada6-11ef-969f-e4a8dfc2a9a8,resid_build_sale_price,14,7,107.94770050048828,0.03140091896057129,938.0,106.36390686035156,3,1
StandardGP,47e01bfe-ada6-11ef-969f-e4a8dfc2a9a8,resid_build_sale_price,14,8,107.94770050048828,0.046527862548828125,840.0,106.36390686035156,3,1
StandardGP,47e01bfe-ada6-11ef-969f-e4a8dfc2a9a8,resid_build_sale_price,14,9,107.94770050048828,0.06061363220214844,1072.0,106.36390686035156,3,1
StandardGP,47e01bfe-ada6-11ef-969f-e4a8dfc2a9a8,resid_build_sale_price,14,10,107.94770050048828,0.03339648246765137,1086.0,106.36390686035156,3,1
StandardGP,47e01bfe-ada6-11ef-969f-e4a8dfc2a9a8,resid_build_sale_price,14,11,107.94770050048828,0.04329395294189453,1110.0,106.36390686035156,3,1
StandardGP,47e01bfe-ada6-11ef-969f-e4a8dfc2a9a8,resid_build_sale_price,14,12,107.94770050048828,0.054560184478759766,1118.0,106.36390686035156,3,1
StandardGP,47e01bfe-ada6-11ef-969f-e4a8dfc2a9a8,resid_build_sale_price,14,13,107.94770050048828,0.048955440521240234,1020.0,106.36390686035156,3,1
StandardGP,47e01bfe-ada6-11ef-969f-e4a8dfc2a9a8,resid_build_sale_price,14,14,107.94770050048828,0.03694319725036621,1034.0,106.36390686035156,3,1
StandardGP,47e01bfe-ada6-11ef-969f-e4a8dfc2a9a8,resid_build_sale_price,14,15,107.94770050048828,0.029451608657836914,966.0,106.36390686035156,3,1
StandardGP,47e01bfe-ada6-11ef-969f-e4a8dfc2a9a8,resid_build_sale_price,14,16,91.22378540039062,0.026354551315307617,1014.0,91.7536392211914,7,1
StandardGP,47e01bfe-ada6-11ef-969f-e4a8dfc2a9a8,resid_build_sale_price,14,17,91.22378540039062,0.026227951049804688,1034.0,91.7536392211914,7,1
StandardGP,47e01bfe-ada6-11ef-969f-e4a8dfc2a9a8,resid_build_sale_price,14,18,91.22378540039062,0.03121638298034668,1052.0,91.7536392211914,7,1
StandardGP,47e01bfe-ada6-11ef-969f-e4a8dfc2a9a8,resid_build_sale_price,14,19,91.22378540039062,0.0475611686706543,1084.0,91.7536392211914,7,1
StandardGP,47e01bfe-ada6-11ef-969f-e4a8dfc2a9a8,resid_build_sale_price,14,20,91.22378540039062,0.03237748146057129,1070.0,91.7536392211914,7,1
StandardGP,47e01bfe-ada6-11ef-969f-e4a8dfc2a9a8,resid_build_sale_price,14,21,91.22378540039062,0.027086257934570312,1104.0,91.7536392211914,7,1
StandardGP,47e01bfe-ada6-11ef-969f-e4a8dfc2a9a8,resid_build_sale_price,14,22,91.22378540039062,0.03194069862365723,1156.0,91.7536392211914,7,1
StandardGP,47e01bfe-ada6-11ef-969f-e4a8dfc2a9a8,resid_build_sale_price,14,23,91.22378540039062,0.03732156753540039,1372.0,91.7536392211914,7,1
StandardGP,47e01bfe-ada6-11ef-969f-e4a8dfc2a9a8,resid_build_sale_price,14,24,59.87897872924805,0.05036640167236328,1392.0,50.67732238769531,7,1
StandardGP,47e01bfe-ada6-11ef-969f-e4a8dfc2a9a8,resid_build_sale_price,14,25,59.87897872924805,0.043598175048828125,1312.0,50.67732238769531,7,1
StandardGP,47e01bfe-ada6-11ef-969f-e4a8dfc2a9a8,resid_build_sale_price,14,26,59.87897872924805,0.03855180740356445,1310.0,50.67732238769531,7,1
StandardGP,47e01bfe-ada6-11ef-969f-e4a8dfc2a9a8,resid_build_sale_price,14,27,59.87897872924805,0.0414578914642334,1422.0,50.67732238769531,7,1
StandardGP,47e01bfe-ada6-11ef-969f-e4a8dfc2a9a8,resid_build_sale_price,14,28,59.87897872924805,0.03442835807800293,1496.0,50.67732238769531,7,1
StandardGP,47e01bfe-ada6-11ef-969f-e4a8dfc2a9a8,resid_build_sale_price,14,29,59.87897872924805,0.035394906997680664,1650.0,50.67732238769531,7,1
StandardGP,47e01bfe-ada6-11ef-969f-e4a8dfc2a9a8,resid_build_sale_price,14,30,59.87897872924805,0.03917241096496582,1794.0,50.67732238769531,7,1
StandardGP,47e01bfe-ada6-11ef-969f-e4a8dfc2a9a8,resid_build_sale_price,14,31,59.87897872924805,0.050162315368652344,1742.0,50.67732238769531,7,1
StandardGP,47e01bfe-ada6-11ef-969f-e4a8dfc2a9a8,resid_build_sale_price,14,32,58.36740493774414,0.051407814025878906,1828.0,48.51051712036133,9,1
StandardGP,47e01bfe-ada6-11ef-969f-e4a8dfc2a9a8,resid_build_sale_price,14,33,58.36740493774414,0.03902173042297363,1890.0,48.51051712036133,9,1
StandardGP,47e01bfe-ada6-11ef-969f-e4a8dfc2a9a8,resid_build_sale_price,14,34,56.723785400390625,0.04661273956298828,2118.0,47.0316276550293,7,1
StandardGP,47e01bfe-ada6-11ef-969f-e4a8dfc2a9a8,resid_build_sale_price,14,35,54.91958999633789,0.0439448356628418,1944.0,45.178897857666016,15,1
StandardGP,47e01bfe-ada6-11ef-969f-e4a8dfc2a9a8,resid_build_sale_price,14,36,54.91109848022461,0.040018320083618164,2082.0,45.182289123535156,13,1
StandardGP,47e01bfe-ada6-11ef-969f-e4a8dfc2a9a8,resid_build_sale_price,14,37,54.91109848022461,0.044736623764038086,2318.0,45.182289123535156,13,1
StandardGP,47e01bfe-ada6-11ef-969f-e4a8dfc2a9a8,resid_build_sale_price,14,38,54.12235641479492,0.0428159236907959,2470.0,44.24099349975586,5,1
StandardGP,47e01bfe-ada6-11ef-969f-e4a8dfc2a9a8,resid_build_sale_price,14,39,54.12235641479492,0.06661844253540039,2310.0,44.24099349975586,5,1
StandardGP,47e01bfe-ada6-11ef-969f-e4a8dfc2a9a8,resid_build_sale_price,14,40,52.86231994628906,0.06186318397521973,2562.0,42.8849983215332,7,1
StandardGP,47e01bfe-ada6-11ef-969f-e4a8dfc2a9a8,resid_build_sale_price,14,41,52.86231994628906,0.060137033462524414,2982.0,42.8849983215332,7,1
StandardGP,47e01bfe-ada6-11ef-969f-e4a8dfc2a9a8,resid_build_sale_price,14,42,52.86231994628906,0.060810089111328125,3260.0,42.8849983215332,7,1
StandardGP,47e01bfe-ada6-11ef-969f-e4a8dfc2a9a8,resid_build_sale_price,14,43,52.86231994628906,0.06096529960632324,3260.0,42.8849983215332,7,1
StandardGP,47e01bfe-ada6-11ef-969f-e4a8dfc2a9a8,resid_build_sale_price,14,44,52.86231994628906,0.0664069652557373,3864.0,42.8849983215332,7,1
StandardGP,47e01bfe-ada6-11ef-969f-e4a8dfc2a9a8,resid_build_sale_price,14,45,52.86231994628906,0.08315300941467285,5102.0,42.8849983215332,7,1
StandardGP,47e01bfe-ada6-11ef-969f-e4a8dfc2a9a8,resid_build_sale_price,14,46,52.86231994628906,0.0886850357055664,5072.0,42.8849983215332,7,1
StandardGP,47e01bfe-ada6-11ef-969f-e4a8dfc2a9a8,resid_build_sale_price,14,47,52.86231994628906,0.09153270721435547,4392.0,42.8849983215332,7,1
StandardGP,47e01bfe-ada6-11ef-969f-e4a8dfc2a9a8,resid_build_sale_price,14,48,52.86231994628906,0.07538866996765137,4346.0,42.8849983215332,7,1
StandardGP,47e01bfe-ada6-11ef-969f-e4a8dfc2a9a8,resid_build_sale_price,14,49,52.86231994628906,0.08631324768066406,4624.0,42.8849983215332,7,1
StandardGP,47e01bfe-ada6-11ef-969f-e4a8dfc2a9a8,resid_build_sale_price,14,50,52.86231994628906,0.08737969398498535,5212.0,42.8849983215332,7,1
StandardGP,47e01bfe-ada6-11ef-969f-e4a8dfc2a9a8,resid_build_sale_price,14,51,52.86231994628906,0.08439111709594727,5092.0,42.8849983215332,7,1
StandardGP,47e01bfe-ada6-11ef-969f-e4a8dfc2a9a8,resid_build_sale_price,14,52,52.86231994628906,0.10502815246582031,5104.0,42.8849983215332,7,1
StandardGP,47e01bfe-ada6-11ef-969f-e4a8dfc2a9a8,resid_build_sale_price,14,53,52.86231994628906,0.11001801490783691,5568.0,42.8849983215332,7,1
StandardGP,47e01bfe-ada6-11ef-969f-e4a8dfc2a9a8,resid_build_sale_price,14,54,52.86231994628906,0.11217761039733887,6550.0,42.8849983215332,7,1
StandardGP,47e01bfe-ada6-11ef-969f-e4a8dfc2a9a8,resid_build_sale_price,14,55,52.86231994628906,0.11859488487243652,6302.0,42.8849983215332,7,1
StandardGP,47e01bfe-ada6-11ef-969f-e4a8dfc2a9a8,resid_build_sale_price,14,56,52.86231994628906,0.10227060317993164,5900.0,42.8849983215332,7,1
StandardGP,47e01bfe-ada6-11ef-969f-e4a8dfc2a9a8,resid_build_sale_price,14,57,52.86231994628906,0.10905766487121582,6466.0,42.8849983215332,7,1
StandardGP,47e01bfe-ada6-11ef-969f-e4a8dfc2a9a8,resid_build_sale_price,14,58,52.86231994628906,0.11978530883789062,6920.0,42.8849983215332,7,1
StandardGP,47e01bfe-ada6-11ef-969f-e4a8dfc2a9a8,resid_build_sale_price,14,59,52.86231994628906,0.12575483322143555,7746.0,42.8849983215332,7,1
StandardGP,47e01bfe-ada6-11ef-969f-e4a8dfc2a9a8,resid_build_sale_price,14,60,52.40858840942383,0.1259157657623291,7290.0,44.61574172973633,17,1
StandardGP,47e01bfe-ada6-11ef-969f-e4a8dfc2a9a8,resid_build_sale_price,14,61,52.40858840942383,0.10541510581970215,6328.0,44.61574172973633,17,1
StandardGP,47e01bfe-ada6-11ef-969f-e4a8dfc2a9a8,resid_build_sale_price,14,62,52.40858840942383,0.1405947208404541,8050.0,44.61574172973633,17,1
StandardGP,47e01bfe-ada6-11ef-969f-e4a8dfc2a9a8,resid_build_sale_price,14,63,52.40858840942383,0.17703914642333984,8372.0,44.61574172973633,17,1
StandardGP,47e01bfe-ada6-11ef-969f-e4a8dfc2a9a8,resid_build_sale_price,14,64,52.40858840942383,0.2203233242034912,7738.0,44.61574172973633,17,1
StandardGP,47e01bfe-ada6-11ef-969f-e4a8dfc2a9a8,resid_build_sale_price,14,65,52.40858840942383,0.1955122947692871,8832.0,44.61574172973633,17,1
StandardGP,47e01bfe-ada6-11ef-969f-e4a8dfc2a9a8,resid_build_sale_price,14,66,52.40858840942383,0.10528874397277832,5432.0,44.61574172973633,17,1
StandardGP,47e01bfe-ada6-11ef-969f-e4a8dfc2a9a8,resid_build_sale_price,14,67,51.7804069519043,0.09611129760742188,5258.0,40.43241882324219,13,1
StandardGP,47e01bfe-ada6-11ef-969f-e4a8dfc2a9a8,resid_build_sale_price,14,68,51.7804069519043,0.08545136451721191,4656.0,40.43241882324219,13,1
StandardGP,47e01bfe-ada6-11ef-969f-e4a8dfc2a9a8,resid_build_sale_price,14,69,51.7804069519043,0.07986068725585938,4540.0,40.43241882324219,13,1
StandardGP,47e01bfe-ada6-11ef-969f-e4a8dfc2a9a8,resid_build_sale_price,14,70,51.7804069519043,0.07321357727050781,4182.0,40.43241882324219,13,1
StandardGP,47e01bfe-ada6-11ef-969f-e4a8dfc2a9a8,resid_build_sale_price,14,71,51.7804069519043,0.07134413719177246,4126.0,40.43241882324219,13,1
StandardGP,47e01bfe-ada6-11ef-969f-e4a8dfc2a9a8,resid_build_sale_price,14,72,51.7804069519043,0.08040857315063477,4818.0,40.43241882324219,13,1
StandardGP,47e01bfe-ada6-11ef-969f-e4a8dfc2a9a8,resid_build_sale_price,14,73,51.7804069519043,0.09858846664428711,5692.0,40.43241882324219,13,1
StandardGP,47e01bfe-ada6-11ef-969f-e4a8dfc2a9a8,resid_build_sale_price,14,74,51.7804069519043,0.10267424583435059,5574.0,40.43241882324219,13,1
StandardGP,47e01bfe-ada6-11ef-969f-e4a8dfc2a9a8,resid_build_sale_price,14,75,51.7804069519043,0.11406850814819336,5480.0,40.43241882324219,13,1
StandardGP,47e01bfe-ada6-11ef-969f-e4a8dfc2a9a8,resid_build_sale_price,14,76,51.7804069519043,0.11996293067932129,5794.0,40.43241882324219,13,1
StandardGP,47e01bfe-ada6-11ef-969f-e4a8dfc2a9a8,resid_build_sale_price,14,77,51.7804069519043,0.11539864540100098,5562.0,40.43241882324219,13,1
StandardGP,47e01bfe-ada6-11ef-969f-e4a8dfc2a9a8,resid_build_sale_price,14,78,51.7804069519043,0.12289237976074219,5444.0,40.43241882324219,13,1
StandardGP,47e01bfe-ada6-11ef-969f-e4a8dfc2a9a8,resid_build_sale_price,14,79,51.7804069519043,0.13544082641601562,6564.0,40.43241882324219,13,1
StandardGP,47e01bfe-ada6-11ef-969f-e4a8dfc2a9a8,resid_build_sale_price,14,80,51.7804069519043,0.13176202774047852,6690.0,40.43241882324219,13,1
StandardGP,47e01bfe-ada6-11ef-969f-e4a8dfc2a9a8,resid_build_sale_price,14,81,51.7804069519043,0.1224210262298584,6300.0,40.43241882324219,13,1
StandardGP,47e01bfe-ada6-11ef-969f-e4a8dfc2a9a8,resid_build_sale_price,14,82,51.7804069519043,0.14400339126586914,7358.0,40.43241882324219,13,1
StandardGP,47e01bfe-ada6-11ef-969f-e4a8dfc2a9a8,resid_build_sale_price,14,83,51.7804069519043,0.12917232513427734,7116.0,40.43241882324219,13,1
StandardGP,47e01bfe-ada6-11ef-969f-e4a8dfc2a9a8,resid_build_sale_price,14,84,51.7804069519043,0.13434696197509766,7502.0,40.43241882324219,13,1
StandardGP,47e01bfe-ada6-11ef-969f-e4a8dfc2a9a8,resid_build_sale_price,14,85,51.262657165527344,0.15646052360534668,7676.0,40.092529296875,5,1
StandardGP,47e01bfe-ada6-11ef-969f-e4a8dfc2a9a8,resid_build_sale_price,14,86,51.262657165527344,0.17546963691711426,8274.0,40.092529296875,5,1
StandardGP,47e01bfe-ada6-11ef-969f-e4a8dfc2a9a8,resid_build_sale_price,14,87,51.262657165527344,0.1473557949066162,7466.0,40.092529296875,5,1
StandardGP,47e01bfe-ada6-11ef-969f-e4a8dfc2a9a8,resid_build_sale_price,14,88,51.262657165527344,0.15173554420471191,8088.0,40.092529296875,5,1
StandardGP,47e01bfe-ada6-11ef-969f-e4a8dfc2a9a8,resid_build_sale_price,14,89,51.262657165527344,0.20486140251159668,9160.0,40.092529296875,5,1
StandardGP,47e01bfe-ada6-11ef-969f-e4a8dfc2a9a8,resid_build_sale_price,14,90,51.262657165527344,0.19536995887756348,9580.0,40.092529296875,5,1
StandardGP,47e01bfe-ada6-11ef-969f-e4a8dfc2a9a8,resid_build_sale_price,14,91,51.262657165527344,0.17081212997436523,7996.0,40.092529296875,5,1
StandardGP,47e01bfe-ada6-11ef-969f-e4a8dfc2a9a8,resid_build_sale_price,14,92,51.262657165527344,0.18729567527770996,8820.0,40.092529296875,5,1
StandardGP,47e01bfe-ada6-11ef-969f-e4a8dfc2a9a8,resid_build_sale_price,14,93,51.262657165527344,0.14629054069519043,7888.0,40.092529296875,5,1
StandardGP,47e01bfe-ada6-11ef-969f-e4a8dfc2a9a8,resid_build_sale_price,14,94,51.262657165527344,0.17407631874084473,7550.0,40.092529296875,5,1
StandardGP,47e01bfe-ada6-11ef-969f-e4a8dfc2a9a8,resid_build_sale_price,14,95,51.262657165527344,0.16631722450256348,8436.0,40.092529296875,5,1
StandardGP,47e01bfe-ada6-11ef-969f-e4a8dfc2a9a8,resid_build_sale_price,14,96,51.262657165527344,0.16233515739440918,8286.0,40.092529296875,5,1
StandardGP,47e01bfe-ada6-11ef-969f-e4a8dfc2a9a8,resid_build_sale_price,14,97,51.262657165527344,0.14543867111206055,8084.0,40.092529296875,5,1
StandardGP,47e01bfe-ada6-11ef-969f-e4a8dfc2a9a8,resid_build_sale_price,14,98,51.262657165527344,0.16095566749572754,7952.0,40.092529296875,5,1
StandardGP,47e01bfe-ada6-11ef-969f-e4a8dfc2a9a8,resid_build_sale_price,14,99,51.262657165527344,0.16178584098815918,8488.0,40.092529296875,5,1
StandardGP,47e01bfe-ada6-11ef-969f-e4a8dfc2a9a8,resid_build_sale_price,14,100,51.262657165527344,0.15087890625,8572.0,40.092529296875,5,1
