StandardGP,964afc1c-ada3-11ef-a12e-e4a8dfc2a9a8,resid_build_sale_price,15,0,0.12233547121286392,0.1455836296081543,1344.0,0.1716202348470688,3,1
StandardGP,964afc1c-ada3-11ef-a12e-e4a8dfc2a9a8,resid_build_sale_price,15,1,0.12233547121286392,0.051905155181884766,666.0,0.1716202348470688,3,1
StandardGP,964afc1c-ada3-11ef-a12e-e4a8dfc2a9a8,resid_build_sale_price,15,2,0.12233547121286392,0.034774065017700195,554.0,0.1716202348470688,3,1
StandardGP,964afc1c-ada3-11ef-a12e-e4a8dfc2a9a8,resid_build_sale_price,15,3,0.12233547121286392,0.03856301307678223,580.0,0.1716202348470688,3,1
StandardGP,964afc1c-ada3-11ef-a12e-e4a8dfc2a9a8,resid_build_sale_price,15,4,0.11823643743991852,0.03331637382507324,568.0,0.1884789913892746,3,1
StandardGP,964afc1c-ada3-11ef-a12e-e4a8dfc2a9a8,resid_build_sale_price,15,5,0.11152127385139465,0.03854513168334961,582.0,0.15414799749851227,13,1
StandardGP,964afc1c-ada3-11ef-a12e-e4a8dfc2a9a8,resid_build_sale_price,15,6,0.11152127385139465,0.04103446006774902,578.0,0.15414799749851227,13,1
StandardGP,964afc1c-ada3-11ef-a12e-e4a8dfc2a9a8,resid_build_sale_price,15,7,0.10376112908124924,0.04277825355529785,608.0,0.15317626297473907,13,1
StandardGP,964afc1c-ada3-11ef-a12e-e4a8dfc2a9a8,resid_build_sale_price,15,8,0.10376112908124924,0.04048562049865723,670.0,0.15317626297473907,13,1
StandardGP,964afc1c-ada3-11ef-a12e-e4a8dfc2a9a8,resid_build_sale_price,15,9,0.10376112908124924,0.04540276527404785,736.0,0.15317626297473907,13,1
StandardGP,964afc1c-ada3-11ef-a12e-e4a8dfc2a9a8,resid_build_sale_price,15,10,0.10376112908124924,0.049384355545043945,824.0,0.15317626297473907,13,1
StandardGP,964afc1c-ada3-11ef-a12e-e4a8dfc2a9a8,resid_build_sale_price,15,11,0.10376112908124924,0.05376935005187988,882.0,0.15317626297473907,13,1
StandardGP,964afc1c-ada3-11ef-a12e-e4a8dfc2a9a8,resid_build_sale_price,15,12,0.10376112908124924,0.057830810546875,1062.0,0.15317626297473907,13,1
StandardGP,964afc1c-ada3-11ef-a12e-e4a8dfc2a9a8,resid_build_sale_price,15,13,0.10089708119630814,0.06833052635192871,1136.0,0.14958269894123077,7,1
StandardGP,964afc1c-ada3-11ef-a12e-e4a8dfc2a9a8,resid_build_sale_price,15,14,0.10089708119630814,0.06776094436645508,1206.0,0.14958269894123077,7,1
StandardGP,964afc1c-ada3-11ef-a12e-e4a8dfc2a9a8,resid_build_sale_price,15,15,0.10089708119630814,0.07148504257202148,1370.0,0.14958269894123077,7,1
StandardGP,964afc1c-ada3-11ef-a12e-e4a8dfc2a9a8,resid_build_sale_price,15,16,0.10089708119630814,0.07688403129577637,1420.0,0.14958269894123077,7,1
StandardGP,964afc1c-ada3-11ef-a12e-e4a8dfc2a9a8,resid_build_sale_price,15,17,0.10089708119630814,0.08331298828125,1632.0,0.14958269894123077,7,1
StandardGP,964afc1c-ada3-11ef-a12e-e4a8dfc2a9a8,resid_build_sale_price,15,18,0.10089708119630814,0.0988161563873291,1826.0,0.14958269894123077,7,1
StandardGP,964afc1c-ada3-11ef-a12e-e4a8dfc2a9a8,resid_build_sale_price,15,19,0.10089708119630814,0.09624004364013672,1864.0,0.14958269894123077,7,1
StandardGP,964afc1c-ada3-11ef-a12e-e4a8dfc2a9a8,resid_build_sale_price,15,20,0.09961225092411041,0.0970771312713623,1914.0,0.14865431189537048,7,1
StandardGP,964afc1c-ada3-11ef-a12e-e4a8dfc2a9a8,resid_build_sale_price,15,21,0.09961225092411041,0.11167311668395996,2100.0,0.14865431189537048,7,1
StandardGP,964afc1c-ada3-11ef-a12e-e4a8dfc2a9a8,resid_build_sale_price,15,22,0.09961225092411041,0.11160492897033691,2274.0,0.14865431189537048,7,1
StandardGP,964afc1c-ada3-11ef-a12e-e4a8dfc2a9a8,resid_build_sale_price,15,23,0.09961225092411041,0.12978458404541016,2756.0,0.14865431189537048,7,1
StandardGP,964afc1c-ada3-11ef-a12e-e4a8dfc2a9a8,resid_build_sale_price,15,24,0.09961225092411041,0.13260579109191895,2906.0,0.14865431189537048,7,1
StandardGP,964afc1c-ada3-11ef-a12e-e4a8dfc2a9a8,resid_build_sale_price,15,25,0.09961225092411041,0.1277599334716797,2916.0,0.14865431189537048,7,1
StandardGP,964afc1c-ada3-11ef-a12e-e4a8dfc2a9a8,resid_build_sale_price,15,26,0.09961225092411041,0.1238400936126709,2848.0,0.14865431189537048,7,1
StandardGP,964afc1c-ada3-11ef-a12e-e4a8dfc2a9a8,resid_build_sale_price,15,27,0.09961225092411041,0.13674426078796387,3072.0,0.14865431189537048,7,1
StandardGP,964afc1c-ada3-11ef-a12e-e4a8dfc2a9a8,resid_build_sale_price,15,28,0.09961225092411041,0.12993788719177246,2998.0,0.14865431189537048,7,1
StandardGP,964afc1c-ada3-11ef-a12e-e4a8dfc2a9a8,resid_build_sale_price,15,29,0.09961225092411041,0.12510967254638672,3104.0,0.14865431189537048,7,1
StandardGP,964afc1c-ada3-11ef-a12e-e4a8dfc2a9a8,resid_build_sale_price,15,30,0.09961225092411041,0.13178086280822754,3136.0,0.14865431189537048,7,1
StandardGP,964afc1c-ada3-11ef-a12e-e4a8dfc2a9a8,resid_build_sale_price,15,31,0.09961225092411041,0.13721823692321777,3314.0,0.14865431189537048,7,1
StandardGP,964afc1c-ada3-11ef-a12e-e4a8dfc2a9a8,resid_build_sale_price,15,32,0.09961225092411041,0.13994574546813965,3486.0,0.14865431189537048,7,1
StandardGP,964afc1c-ada3-11ef-a12e-e4a8dfc2a9a8,resid_build_sale_price,15,33,0.09961225092411041,0.15321803092956543,3474.0,0.14865431189537048,7,1
StandardGP,964afc1c-ada3-11ef-a12e-e4a8dfc2a9a8,resid_build_sale_price,15,34,0.09961225092411041,0.24723601341247559,3252.0,0.14865431189537048,7,1
StandardGP,964afc1c-ada3-11ef-a12e-e4a8dfc2a9a8,resid_build_sale_price,15,35,0.09961225092411041,0.17095685005187988,3376.0,0.14865431189537048,7,1
StandardGP,964afc1c-ada3-11ef-a12e-e4a8dfc2a9a8,resid_build_sale_price,15,36,0.09961225092411041,0.1568303108215332,3536.0,0.14865431189537048,7,1
StandardGP,964afc1c-ada3-11ef-a12e-e4a8dfc2a9a8,resid_build_sale_price,15,37,0.09961225092411041,0.17116761207580566,4040.0,0.14865431189537048,7,1
StandardGP,964afc1c-ada3-11ef-a12e-e4a8dfc2a9a8,resid_build_sale_price,15,38,0.09961225092411041,0.19616389274597168,4156.0,0.14865431189537048,7,1
StandardGP,964afc1c-ada3-11ef-a12e-e4a8dfc2a9a8,resid_build_sale_price,15,39,0.09961225092411041,0.19289636611938477,4364.0,0.14865431189537048,7,1
StandardGP,964afc1c-ada3-11ef-a12e-e4a8dfc2a9a8,resid_build_sale_price,15,40,0.09961225092411041,0.19098448753356934,4436.0,0.14865431189537048,7,1
StandardGP,964afc1c-ada3-11ef-a12e-e4a8dfc2a9a8,resid_build_sale_price,15,41,0.09961225092411041,0.20164823532104492,4548.0,0.14865431189537048,7,1
StandardGP,964afc1c-ada3-11ef-a12e-e4a8dfc2a9a8,resid_build_sale_price,15,42,0.09961225092411041,0.18813061714172363,4392.0,0.14865431189537048,7,1
StandardGP,964afc1c-ada3-11ef-a12e-e4a8dfc2a9a8,resid_build_sale_price,15,43,0.09900128096342087,0.19702982902526855,4598.0,0.14182989299297333,13,1
StandardGP,964afc1c-ada3-11ef-a12e-e4a8dfc2a9a8,resid_build_sale_price,15,44,0.09900128096342087,0.20766758918762207,4668.0,0.14182989299297333,13,1
StandardGP,964afc1c-ada3-11ef-a12e-e4a8dfc2a9a8,resid_build_sale_price,15,45,0.09900128096342087,0.15742230415344238,3572.0,0.14182989299297333,13,1
StandardGP,964afc1c-ada3-11ef-a12e-e4a8dfc2a9a8,resid_build_sale_price,15,46,0.09811805188655853,0.15838003158569336,3448.0,0.14205646514892578,23,1
StandardGP,964afc1c-ada3-11ef-a12e-e4a8dfc2a9a8,resid_build_sale_price,15,47,0.09678810089826584,0.17598986625671387,3898.0,0.13928642868995667,17,1
StandardGP,964afc1c-ada3-11ef-a12e-e4a8dfc2a9a8,resid_build_sale_price,15,48,0.09678810089826584,0.16558527946472168,3672.0,0.13928642868995667,17,1
StandardGP,964afc1c-ada3-11ef-a12e-e4a8dfc2a9a8,resid_build_sale_price,15,49,0.09139657020568848,0.1563248634338379,3544.0,0.13360248506069183,21,1
StandardGP,964afc1c-ada3-11ef-a12e-e4a8dfc2a9a8,resid_build_sale_price,15,50,0.09136857837438583,0.18795061111450195,3800.0,0.1315651684999466,21,1
StandardGP,964afc1c-ada3-11ef-a12e-e4a8dfc2a9a8,resid_build_sale_price,15,51,0.09077046066522598,0.1652827262878418,3292.0,0.13226436078548431,21,1
StandardGP,964afc1c-ada3-11ef-a12e-e4a8dfc2a9a8,resid_build_sale_price,15,52,0.09077046066522598,0.16930675506591797,3056.0,0.13226436078548431,21,1
StandardGP,964afc1c-ada3-11ef-a12e-e4a8dfc2a9a8,resid_build_sale_price,15,53,0.09077046066522598,0.1600813865661621,2974.0,0.13226436078548431,21,1
StandardGP,964afc1c-ada3-11ef-a12e-e4a8dfc2a9a8,resid_build_sale_price,15,54,0.09055201709270477,0.14627790451049805,2632.0,0.13390637934207916,21,1
StandardGP,964afc1c-ada3-11ef-a12e-e4a8dfc2a9a8,resid_build_sale_price,15,55,0.09055201709270477,0.14800477027893066,2580.0,0.13390637934207916,21,1
StandardGP,964afc1c-ada3-11ef-a12e-e4a8dfc2a9a8,resid_build_sale_price,15,56,0.08830440044403076,0.1552748680114746,2712.0,0.1293766051530838,19,1
StandardGP,964afc1c-ada3-11ef-a12e-e4a8dfc2a9a8,resid_build_sale_price,15,57,0.08830440044403076,0.15775728225708008,2908.0,0.1293766051530838,19,1
StandardGP,964afc1c-ada3-11ef-a12e-e4a8dfc2a9a8,resid_build_sale_price,15,58,0.08830440044403076,0.1394364833831787,2450.0,0.1293766051530838,19,1
StandardGP,964afc1c-ada3-11ef-a12e-e4a8dfc2a9a8,resid_build_sale_price,15,59,0.08830440044403076,0.13063716888427734,2358.0,0.1293766051530838,19,1
StandardGP,964afc1c-ada3-11ef-a12e-e4a8dfc2a9a8,resid_build_sale_price,15,60,0.08792950212955475,0.12385773658752441,2232.0,0.12721171975135803,23,1
StandardGP,964afc1c-ada3-11ef-a12e-e4a8dfc2a9a8,resid_build_sale_price,15,61,0.08792950212955475,0.14184308052062988,2348.0,0.12721171975135803,23,1
StandardGP,964afc1c-ada3-11ef-a12e-e4a8dfc2a9a8,resid_build_sale_price,15,62,0.08712898939847946,0.14537620544433594,2422.0,0.11240178346633911,9,1
StandardGP,964afc1c-ada3-11ef-a12e-e4a8dfc2a9a8,resid_build_sale_price,15,63,0.08712898939847946,0.14734959602355957,2578.0,0.11240178346633911,9,1
StandardGP,964afc1c-ada3-11ef-a12e-e4a8dfc2a9a8,resid_build_sale_price,15,64,0.08712898939847946,0.14800333976745605,2800.0,0.11240178346633911,9,1
StandardGP,964afc1c-ada3-11ef-a12e-e4a8dfc2a9a8,resid_build_sale_price,15,65,0.08712898939847946,0.15979695320129395,2844.0,0.11240178346633911,9,1
StandardGP,964afc1c-ada3-11ef-a12e-e4a8dfc2a9a8,resid_build_sale_price,15,66,0.08712898939847946,0.15809178352355957,2850.0,0.11240178346633911,9,1
StandardGP,964afc1c-ada3-11ef-a12e-e4a8dfc2a9a8,resid_build_sale_price,15,67,0.08712898939847946,0.16430091857910156,3142.0,0.11240178346633911,9,1
StandardGP,964afc1c-ada3-11ef-a12e-e4a8dfc2a9a8,resid_build_sale_price,15,68,0.08712898939847946,0.18315839767456055,3468.0,0.11240178346633911,9,1
StandardGP,964afc1c-ada3-11ef-a12e-e4a8dfc2a9a8,resid_build_sale_price,15,69,0.08712898939847946,0.2192831039428711,3898.0,0.11240178346633911,9,1
StandardGP,964afc1c-ada3-11ef-a12e-e4a8dfc2a9a8,resid_build_sale_price,15,70,0.08712898939847946,0.20027780532836914,3640.0,0.11240178346633911,9,1
StandardGP,964afc1c-ada3-11ef-a12e-e4a8dfc2a9a8,resid_build_sale_price,15,71,0.085237056016922,0.19727563858032227,3598.0,0.12564226984977722,15,1
StandardGP,964afc1c-ada3-11ef-a12e-e4a8dfc2a9a8,resid_build_sale_price,15,72,0.085237056016922,0.20613670349121094,3672.0,0.12564226984977722,15,1
StandardGP,964afc1c-ada3-11ef-a12e-e4a8dfc2a9a8,resid_build_sale_price,15,73,0.085237056016922,0.21871495246887207,3948.0,0.12564226984977722,15,1
StandardGP,964afc1c-ada3-11ef-a12e-e4a8dfc2a9a8,resid_build_sale_price,15,74,0.0781736746430397,0.2202906608581543,3994.0,0.11536868661642075,17,1
StandardGP,964afc1c-ada3-11ef-a12e-e4a8dfc2a9a8,resid_build_sale_price,15,75,0.0781736746430397,0.22523069381713867,4106.0,0.11536868661642075,17,1
StandardGP,964afc1c-ada3-11ef-a12e-e4a8dfc2a9a8,resid_build_sale_price,15,76,0.0781736746430397,0.23171448707580566,4172.0,0.11536868661642075,17,1
StandardGP,964afc1c-ada3-11ef-a12e-e4a8dfc2a9a8,resid_build_sale_price,15,77,0.0781736746430397,0.2670011520385742,4722.0,0.11536868661642075,17,1
StandardGP,964afc1c-ada3-11ef-a12e-e4a8dfc2a9a8,resid_build_sale_price,15,78,0.07667452096939087,0.2745790481567383,4812.0,0.11740047484636307,37,1
StandardGP,964afc1c-ada3-11ef-a12e-e4a8dfc2a9a8,resid_build_sale_price,15,79,0.0762225016951561,0.28159666061401367,4928.0,0.11729144304990768,25,1
StandardGP,964afc1c-ada3-11ef-a12e-e4a8dfc2a9a8,resid_build_sale_price,15,80,0.07571149617433548,0.2840306758880615,4844.0,0.11632101982831955,41,1
StandardGP,964afc1c-ada3-11ef-a12e-e4a8dfc2a9a8,resid_build_sale_price,15,81,0.07571149617433548,0.3057434558868408,4952.0,0.11632101982831955,41,1
StandardGP,964afc1c-ada3-11ef-a12e-e4a8dfc2a9a8,resid_build_sale_price,15,82,0.06771412491798401,0.29996204376220703,5082.0,0.09860162436962128,39,1
StandardGP,964afc1c-ada3-11ef-a12e-e4a8dfc2a9a8,resid_build_sale_price,15,83,0.06771412491798401,0.3130934238433838,5252.0,0.09860162436962128,39,1
StandardGP,964afc1c-ada3-11ef-a12e-e4a8dfc2a9a8,resid_build_sale_price,15,84,0.06750300526618958,0.34868597984313965,5264.0,0.09840996563434601,39,1
StandardGP,964afc1c-ada3-11ef-a12e-e4a8dfc2a9a8,resid_build_sale_price,15,85,0.06739506870508194,0.29481983184814453,4840.0,0.10039425641298294,39,1
StandardGP,964afc1c-ada3-11ef-a12e-e4a8dfc2a9a8,resid_build_sale_price,15,86,0.06716576963663101,0.28551745414733887,4770.0,0.10033069550991058,39,1
StandardGP,964afc1c-ada3-11ef-a12e-e4a8dfc2a9a8,resid_build_sale_price,15,87,0.06625576317310333,0.2650907039642334,4376.0,0.1041250005364418,29,1
StandardGP,964afc1c-ada3-11ef-a12e-e4a8dfc2a9a8,resid_build_sale_price,15,88,0.06609152257442474,0.27988219261169434,4466.0,0.0958365947008133,27,1
StandardGP,964afc1c-ada3-11ef-a12e-e4a8dfc2a9a8,resid_build_sale_price,15,89,0.06609152257442474,0.26204800605773926,4312.0,0.0958365947008133,27,1
StandardGP,964afc1c-ada3-11ef-a12e-e4a8dfc2a9a8,resid_build_sale_price,15,90,0.06609152257442474,0.25174403190612793,4296.0,0.0958365947008133,27,1
StandardGP,964afc1c-ada3-11ef-a12e-e4a8dfc2a9a8,resid_build_sale_price,15,91,0.06609152257442474,0.23035144805908203,3780.0,0.0958365947008133,27,1
StandardGP,964afc1c-ada3-11ef-a12e-e4a8dfc2a9a8,resid_build_sale_price,15,92,0.06603353470563889,0.21497845649719238,3498.0,0.09580791741609573,19,1
StandardGP,964afc1c-ada3-11ef-a12e-e4a8dfc2a9a8,resid_build_sale_price,15,93,0.06480225175619125,0.21058011054992676,3488.0,0.09024354815483093,47,1
StandardGP,964afc1c-ada3-11ef-a12e-e4a8dfc2a9a8,resid_build_sale_price,15,94,0.06413525342941284,0.20490574836730957,3686.0,0.08883336186408997,27,1
StandardGP,964afc1c-ada3-11ef-a12e-e4a8dfc2a9a8,resid_build_sale_price,15,95,0.06319073587656021,0.23325395584106445,3860.0,0.09726013988256454,31,1
StandardGP,964afc1c-ada3-11ef-a12e-e4a8dfc2a9a8,resid_build_sale_price,15,96,0.06319073587656021,0.22028636932373047,3782.0,0.09726013988256454,31,1
StandardGP,964afc1c-ada3-11ef-a12e-e4a8dfc2a9a8,resid_build_sale_price,15,97,0.0626569464802742,0.22814583778381348,3524.0,0.09524798393249512,21,1
StandardGP,964afc1c-ada3-11ef-a12e-e4a8dfc2a9a8,resid_build_sale_price,15,98,0.0626569464802742,0.20934438705444336,3342.0,0.09524798393249512,21,1
StandardGP,964afc1c-ada3-11ef-a12e-e4a8dfc2a9a8,resid_build_sale_price,15,99,0.06252214312553406,0.1843106746673584,3368.0,0.09085981547832489,33,1
StandardGP,964afc1c-ada3-11ef-a12e-e4a8dfc2a9a8,resid_build_sale_price,15,100,0.05396854132413864,0.1842358112335205,3238.0,0.08239980041980743,27,1
StandardGP,52ab9a16-ada4-11ef-a479-e4a8dfc2a9a8,resid_build_sale_price,15,0,113.25621795654297,0.07853579521179199,1344.0,152.57798767089844,3,1
StandardGP,52ab9a16-ada4-11ef-a479-e4a8dfc2a9a8,resid_build_sale_price,15,1,113.25621795654297,0.03999900817871094,1204.0,152.57798767089844,3,1
StandardGP,52ab9a16-ada4-11ef-a479-e4a8dfc2a9a8,resid_build_sale_price,15,2,95.23725891113281,0.05453133583068848,1776.0,131.84986877441406,7,1
StandardGP,52ab9a16-ada4-11ef-a479-e4a8dfc2a9a8,resid_build_sale_price,15,3,95.23725891113281,0.04315185546875,1526.0,131.84986877441406,7,1
StandardGP,52ab9a16-ada4-11ef-a479-e4a8dfc2a9a8,resid_build_sale_price,15,4,94.97227478027344,0.0395662784576416,1336.0,131.72203063964844,5,1
StandardGP,52ab9a16-ada4-11ef-a479-e4a8dfc2a9a8,resid_build_sale_price,15,5,94.97227478027344,0.03451848030090332,1174.0,131.72203063964844,5,1
StandardGP,52ab9a16-ada4-11ef-a479-e4a8dfc2a9a8,resid_build_sale_price,15,6,94.97227478027344,0.039994001388549805,1408.0,131.72203063964844,5,1
StandardGP,52ab9a16-ada4-11ef-a479-e4a8dfc2a9a8,resid_build_sale_price,15,7,94.97227478027344,0.044190406799316406,1624.0,131.72203063964844,5,1
StandardGP,52ab9a16-ada4-11ef-a479-e4a8dfc2a9a8,resid_build_sale_price,15,8,94.97227478027344,0.04309868812561035,1776.0,131.72203063964844,5,1
StandardGP,52ab9a16-ada4-11ef-a479-e4a8dfc2a9a8,resid_build_sale_price,15,9,94.97227478027344,0.04110908508300781,1636.0,131.72203063964844,5,1
StandardGP,52ab9a16-ada4-11ef-a479-e4a8dfc2a9a8,resid_build_sale_price,15,10,94.97227478027344,0.043182373046875,1500.0,131.72203063964844,5,1
StandardGP,52ab9a16-ada4-11ef-a479-e4a8dfc2a9a8,resid_build_sale_price,15,11,94.97227478027344,0.04319357872009277,1518.0,131.72203063964844,5,1
StandardGP,52ab9a16-ada4-11ef-a479-e4a8dfc2a9a8,resid_build_sale_price,15,12,94.97227478027344,0.04114508628845215,1442.0,131.72203063964844,5,1
StandardGP,52ab9a16-ada4-11ef-a479-e4a8dfc2a9a8,resid_build_sale_price,15,13,94.90544891357422,0.04692697525024414,1432.0,131.9248046875,7,1
StandardGP,52ab9a16-ada4-11ef-a479-e4a8dfc2a9a8,resid_build_sale_price,15,14,94.90544891357422,0.046372175216674805,1608.0,131.9248046875,7,1
StandardGP,52ab9a16-ada4-11ef-a479-e4a8dfc2a9a8,resid_build_sale_price,15,15,94.90544891357422,0.041402339935302734,1372.0,131.9248046875,7,1
StandardGP,52ab9a16-ada4-11ef-a479-e4a8dfc2a9a8,resid_build_sale_price,15,16,94.90544891357422,0.03843259811401367,1326.0,131.9248046875,7,1
StandardGP,52ab9a16-ada4-11ef-a479-e4a8dfc2a9a8,resid_build_sale_price,15,17,94.90544891357422,0.03907346725463867,1264.0,131.9248046875,7,1
StandardGP,52ab9a16-ada4-11ef-a479-e4a8dfc2a9a8,resid_build_sale_price,15,18,94.63858032226562,0.03291964530944824,1160.0,128.5206298828125,7,1
StandardGP,52ab9a16-ada4-11ef-a479-e4a8dfc2a9a8,resid_build_sale_price,15,19,92.97959899902344,0.038102149963378906,1150.0,129.25599670410156,7,1
StandardGP,52ab9a16-ada4-11ef-a479-e4a8dfc2a9a8,resid_build_sale_price,15,20,92.97959899902344,0.03610682487487793,1088.0,129.25599670410156,7,1
StandardGP,52ab9a16-ada4-11ef-a479-e4a8dfc2a9a8,resid_build_sale_price,15,21,92.97959899902344,0.03489184379577637,1214.0,129.25599670410156,7,1
StandardGP,52ab9a16-ada4-11ef-a479-e4a8dfc2a9a8,resid_build_sale_price,15,22,92.97959899902344,0.04120206832885742,1344.0,129.25599670410156,7,1
StandardGP,52ab9a16-ada4-11ef-a479-e4a8dfc2a9a8,resid_build_sale_price,15,23,91.61679077148438,0.04128742218017578,1366.0,131.8035888671875,7,1
StandardGP,52ab9a16-ada4-11ef-a479-e4a8dfc2a9a8,resid_build_sale_price,15,24,91.61679077148438,0.04708576202392578,1610.0,131.8035888671875,7,1
StandardGP,52ab9a16-ada4-11ef-a479-e4a8dfc2a9a8,resid_build_sale_price,15,25,91.61679077148438,0.04880547523498535,1712.0,131.8035888671875,7,1
StandardGP,52ab9a16-ada4-11ef-a479-e4a8dfc2a9a8,resid_build_sale_price,15,26,91.61679077148438,0.06579828262329102,2088.0,131.8035888671875,7,1
StandardGP,52ab9a16-ada4-11ef-a479-e4a8dfc2a9a8,resid_build_sale_price,15,27,90.4381332397461,0.07321667671203613,2378.0,129.44223022460938,7,1
StandardGP,52ab9a16-ada4-11ef-a479-e4a8dfc2a9a8,resid_build_sale_price,15,28,90.4381332397461,0.06764864921569824,2588.0,129.44223022460938,7,1
StandardGP,52ab9a16-ada4-11ef-a479-e4a8dfc2a9a8,resid_build_sale_price,15,29,90.4381332397461,0.07404255867004395,2876.0,129.44223022460938,7,1
StandardGP,52ab9a16-ada4-11ef-a479-e4a8dfc2a9a8,resid_build_sale_price,15,30,90.4381332397461,0.08155989646911621,3136.0,129.44223022460938,7,1
StandardGP,52ab9a16-ada4-11ef-a479-e4a8dfc2a9a8,resid_build_sale_price,15,31,90.36832427978516,0.09407544136047363,3448.0,128.37039184570312,21,1
StandardGP,52ab9a16-ada4-11ef-a479-e4a8dfc2a9a8,resid_build_sale_price,15,32,90.36832427978516,0.0996551513671875,3816.0,128.37039184570312,21,1
StandardGP,52ab9a16-ada4-11ef-a479-e4a8dfc2a9a8,resid_build_sale_price,15,33,89.04460906982422,0.10533881187438965,3880.0,127.36959075927734,27,1
StandardGP,52ab9a16-ada4-11ef-a479-e4a8dfc2a9a8,resid_build_sale_price,15,34,89.00067138671875,0.09103846549987793,3784.0,127.29949188232422,23,1
StandardGP,52ab9a16-ada4-11ef-a479-e4a8dfc2a9a8,resid_build_sale_price,15,35,89.00067138671875,0.10045385360717773,4236.0,127.29949188232422,23,1
StandardGP,52ab9a16-ada4-11ef-a479-e4a8dfc2a9a8,resid_build_sale_price,15,36,89.00067138671875,0.10916900634765625,3850.0,127.29949188232422,23,1
StandardGP,52ab9a16-ada4-11ef-a479-e4a8dfc2a9a8,resid_build_sale_price,15,37,89.00067138671875,0.12040209770202637,3810.0,127.29949188232422,23,1
StandardGP,52ab9a16-ada4-11ef-a479-e4a8dfc2a9a8,resid_build_sale_price,15,38,89.00067138671875,0.0984349250793457,3756.0,127.29949188232422,23,1
StandardGP,52ab9a16-ada4-11ef-a479-e4a8dfc2a9a8,resid_build_sale_price,15,39,89.00067138671875,0.09752225875854492,3536.0,127.29949188232422,23,1
StandardGP,52ab9a16-ada4-11ef-a479-e4a8dfc2a9a8,resid_build_sale_price,15,40,89.00067138671875,0.09810924530029297,3440.0,127.29949188232422,23,1
StandardGP,52ab9a16-ada4-11ef-a479-e4a8dfc2a9a8,resid_build_sale_price,15,41,89.00067138671875,0.08857178688049316,3036.0,127.29949188232422,23,1
StandardGP,52ab9a16-ada4-11ef-a479-e4a8dfc2a9a8,resid_build_sale_price,15,42,89.00067138671875,0.07200455665588379,2852.0,127.29949188232422,23,1
StandardGP,52ab9a16-ada4-11ef-a479-e4a8dfc2a9a8,resid_build_sale_price,15,43,89.00067138671875,0.06922221183776855,2666.0,127.29949188232422,23,1
StandardGP,52ab9a16-ada4-11ef-a479-e4a8dfc2a9a8,resid_build_sale_price,15,44,87.64948272705078,0.06519794464111328,2512.0,125.67183685302734,19,1
StandardGP,52ab9a16-ada4-11ef-a479-e4a8dfc2a9a8,resid_build_sale_price,15,45,87.64948272705078,0.06200599670410156,2340.0,125.67183685302734,19,1
StandardGP,52ab9a16-ada4-11ef-a479-e4a8dfc2a9a8,resid_build_sale_price,15,46,87.64948272705078,0.06238126754760742,2142.0,125.67183685302734,19,1
StandardGP,52ab9a16-ada4-11ef-a479-e4a8dfc2a9a8,resid_build_sale_price,15,47,87.16934204101562,0.06471800804138184,2218.0,124.32504272460938,23,1
StandardGP,52ab9a16-ada4-11ef-a479-e4a8dfc2a9a8,resid_build_sale_price,15,48,87.16934204101562,0.06467461585998535,2414.0,124.32504272460938,23,1
StandardGP,52ab9a16-ada4-11ef-a479-e4a8dfc2a9a8,resid_build_sale_price,15,49,87.16934204101562,0.07886815071105957,2788.0,124.32504272460938,23,1
StandardGP,52ab9a16-ada4-11ef-a479-e4a8dfc2a9a8,resid_build_sale_price,15,50,87.16934204101562,0.09190988540649414,2842.0,124.32504272460938,23,1
StandardGP,52ab9a16-ada4-11ef-a479-e4a8dfc2a9a8,resid_build_sale_price,15,51,87.16934204101562,0.08890986442565918,3090.0,124.32504272460938,23,1
StandardGP,52ab9a16-ada4-11ef-a479-e4a8dfc2a9a8,resid_build_sale_price,15,52,87.16934204101562,0.09113144874572754,3296.0,124.32504272460938,23,1
StandardGP,52ab9a16-ada4-11ef-a479-e4a8dfc2a9a8,resid_build_sale_price,15,53,87.16934204101562,0.09786057472229004,3150.0,124.32504272460938,23,1
StandardGP,52ab9a16-ada4-11ef-a479-e4a8dfc2a9a8,resid_build_sale_price,15,54,87.16934204101562,0.0795447826385498,3102.0,124.32504272460938,23,1
StandardGP,52ab9a16-ada4-11ef-a479-e4a8dfc2a9a8,resid_build_sale_price,15,55,87.16934204101562,0.08675551414489746,2914.0,124.32504272460938,23,1
StandardGP,52ab9a16-ada4-11ef-a479-e4a8dfc2a9a8,resid_build_sale_price,15,56,87.16934204101562,0.0918891429901123,3126.0,124.32504272460938,23,1
StandardGP,52ab9a16-ada4-11ef-a479-e4a8dfc2a9a8,resid_build_sale_price,15,57,87.16934204101562,0.08563852310180664,3048.0,124.32504272460938,23,1
StandardGP,52ab9a16-ada4-11ef-a479-e4a8dfc2a9a8,resid_build_sale_price,15,58,87.16934204101562,0.0760655403137207,2782.0,124.32504272460938,23,1
StandardGP,52ab9a16-ada4-11ef-a479-e4a8dfc2a9a8,resid_build_sale_price,15,59,87.16934204101562,0.06395459175109863,2484.0,124.32504272460938,23,1
StandardGP,52ab9a16-ada4-11ef-a479-e4a8dfc2a9a8,resid_build_sale_price,15,60,87.16934204101562,0.06421089172363281,2502.0,124.32504272460938,23,1
StandardGP,52ab9a16-ada4-11ef-a479-e4a8dfc2a9a8,resid_build_sale_price,15,61,87.16934204101562,0.07113194465637207,2888.0,124.32504272460938,23,1
StandardGP,52ab9a16-ada4-11ef-a479-e4a8dfc2a9a8,resid_build_sale_price,15,62,87.16934204101562,0.0755777359008789,3092.0,124.32504272460938,23,1
StandardGP,52ab9a16-ada4-11ef-a479-e4a8dfc2a9a8,resid_build_sale_price,15,63,87.16934204101562,0.0840597152709961,3084.0,124.32504272460938,23,1
StandardGP,52ab9a16-ada4-11ef-a479-e4a8dfc2a9a8,resid_build_sale_price,15,64,87.16934204101562,0.0800478458404541,2982.0,124.32504272460938,23,1
StandardGP,52ab9a16-ada4-11ef-a479-e4a8dfc2a9a8,resid_build_sale_price,15,65,52.37017059326172,0.0790548324584961,2930.0,59.69542694091797,5,1
StandardGP,52ab9a16-ada4-11ef-a479-e4a8dfc2a9a8,resid_build_sale_price,15,66,52.37017059326172,0.07603621482849121,2792.0,59.69542694091797,5,1
StandardGP,52ab9a16-ada4-11ef-a479-e4a8dfc2a9a8,resid_build_sale_price,15,67,52.37017059326172,0.07672953605651855,2854.0,59.69542694091797,5,1
StandardGP,52ab9a16-ada4-11ef-a479-e4a8dfc2a9a8,resid_build_sale_price,15,68,52.37017059326172,0.07042193412780762,2684.0,59.69542694091797,5,1
StandardGP,52ab9a16-ada4-11ef-a479-e4a8dfc2a9a8,resid_build_sale_price,15,69,52.37017059326172,0.0780324935913086,2858.0,59.69542694091797,5,1
StandardGP,52ab9a16-ada4-11ef-a479-e4a8dfc2a9a8,resid_build_sale_price,15,70,52.37017059326172,0.07472944259643555,2866.0,59.69542694091797,5,1
StandardGP,52ab9a16-ada4-11ef-a479-e4a8dfc2a9a8,resid_build_sale_price,15,71,52.37017059326172,0.07710433006286621,2704.0,59.69542694091797,5,1
StandardGP,52ab9a16-ada4-11ef-a479-e4a8dfc2a9a8,resid_build_sale_price,15,72,52.37017059326172,0.08082890510559082,2806.0,59.69542694091797,5,1
StandardGP,52ab9a16-ada4-11ef-a479-e4a8dfc2a9a8,resid_build_sale_price,15,73,52.37017059326172,0.08898687362670898,2918.0,59.69542694091797,5,1
StandardGP,52ab9a16-ada4-11ef-a479-e4a8dfc2a9a8,resid_build_sale_price,15,74,52.37017059326172,0.08836913108825684,3114.0,59.69542694091797,5,1
StandardGP,52ab9a16-ada4-11ef-a479-e4a8dfc2a9a8,resid_build_sale_price,15,75,52.37017059326172,0.09467220306396484,3146.0,59.69542694091797,5,1
StandardGP,52ab9a16-ada4-11ef-a479-e4a8dfc2a9a8,resid_build_sale_price,15,76,52.37017059326172,0.10255217552185059,3286.0,59.69542694091797,5,1
StandardGP,52ab9a16-ada4-11ef-a479-e4a8dfc2a9a8,resid_build_sale_price,15,77,49.47103500366211,0.10388803482055664,3284.0,57.24187469482422,7,1
StandardGP,52ab9a16-ada4-11ef-a479-e4a8dfc2a9a8,resid_build_sale_price,15,78,48.71698760986328,0.09630608558654785,3272.0,56.45691680908203,37,1
StandardGP,52ab9a16-ada4-11ef-a479-e4a8dfc2a9a8,resid_build_sale_price,15,79,48.71698760986328,0.08839559555053711,3162.0,56.45691680908203,37,1
StandardGP,52ab9a16-ada4-11ef-a479-e4a8dfc2a9a8,resid_build_sale_price,15,80,48.71698760986328,0.09450364112854004,3212.0,56.45691680908203,37,1
StandardGP,52ab9a16-ada4-11ef-a479-e4a8dfc2a9a8,resid_build_sale_price,15,81,48.71698760986328,0.1004638671875,3380.0,56.45691680908203,37,1
StandardGP,52ab9a16-ada4-11ef-a479-e4a8dfc2a9a8,resid_build_sale_price,15,82,48.71698760986328,0.10691523551940918,3482.0,56.45691680908203,37,1
StandardGP,52ab9a16-ada4-11ef-a479-e4a8dfc2a9a8,resid_build_sale_price,15,83,48.71698760986328,0.10946345329284668,3834.0,56.45691680908203,37,1
StandardGP,52ab9a16-ada4-11ef-a479-e4a8dfc2a9a8,resid_build_sale_price,15,84,48.705421447753906,0.11725497245788574,3724.0,56.4438362121582,15,1
StandardGP,52ab9a16-ada4-11ef-a479-e4a8dfc2a9a8,resid_build_sale_price,15,85,48.705421447753906,0.10744905471801758,3720.0,56.4438362121582,15,1
StandardGP,52ab9a16-ada4-11ef-a479-e4a8dfc2a9a8,resid_build_sale_price,15,86,48.705421447753906,0.11434030532836914,3788.0,56.4438362121582,15,1
StandardGP,52ab9a16-ada4-11ef-a479-e4a8dfc2a9a8,resid_build_sale_price,15,87,48.705421447753906,0.10854959487915039,3670.0,56.4438362121582,15,1
StandardGP,52ab9a16-ada4-11ef-a479-e4a8dfc2a9a8,resid_build_sale_price,15,88,48.46033477783203,0.11202406883239746,4226.0,56.16782760620117,9,1
StandardGP,52ab9a16-ada4-11ef-a479-e4a8dfc2a9a8,resid_build_sale_price,15,89,48.46033477783203,0.11328363418579102,4018.0,56.16782760620117,9,1
StandardGP,52ab9a16-ada4-11ef-a479-e4a8dfc2a9a8,resid_build_sale_price,15,90,48.46033477783203,0.11268043518066406,4240.0,56.16782760620117,9,1
StandardGP,52ab9a16-ada4-11ef-a479-e4a8dfc2a9a8,resid_build_sale_price,15,91,48.46033477783203,0.10414290428161621,3780.0,56.16782760620117,9,1
StandardGP,52ab9a16-ada4-11ef-a479-e4a8dfc2a9a8,resid_build_sale_price,15,92,48.46033477783203,0.10892677307128906,4052.0,56.16782760620117,9,1
StandardGP,52ab9a16-ada4-11ef-a479-e4a8dfc2a9a8,resid_build_sale_price,15,93,48.46033477783203,0.09963321685791016,3872.0,56.16782760620117,9,1
StandardGP,52ab9a16-ada4-11ef-a479-e4a8dfc2a9a8,resid_build_sale_price,15,94,48.46033477783203,0.10995101928710938,4096.0,56.16782760620117,9,1
StandardGP,52ab9a16-ada4-11ef-a479-e4a8dfc2a9a8,resid_build_sale_price,15,95,48.46033477783203,0.10666370391845703,3936.0,56.16782760620117,9,1
StandardGP,52ab9a16-ada4-11ef-a479-e4a8dfc2a9a8,resid_build_sale_price,15,96,48.278865814208984,0.112945556640625,3972.0,55.72036361694336,31,1
StandardGP,52ab9a16-ada4-11ef-a479-e4a8dfc2a9a8,resid_build_sale_price,15,97,48.278865814208984,0.10269451141357422,3950.0,55.72036361694336,31,1
StandardGP,52ab9a16-ada4-11ef-a479-e4a8dfc2a9a8,resid_build_sale_price,15,98,48.278865814208984,0.10427522659301758,3920.0,55.72036361694336,31,1
StandardGP,52ab9a16-ada4-11ef-a479-e4a8dfc2a9a8,resid_build_sale_price,15,99,48.278865814208984,0.12075352668762207,4488.0,55.72036361694336,31,1
StandardGP,52ab9a16-ada4-11ef-a479-e4a8dfc2a9a8,resid_build_sale_price,15,100,48.278865814208984,0.12165546417236328,4506.0,55.72036361694336,31,1
StandardGP,ce0e518d-ada5-11ef-9a00-e4a8dfc2a9a8,resid_build_sale_price,15,0,0.08575750887393951,0.05550217628479004,1344.0,0.1658981591463089,3,1
StandardGP,ce0e518d-ada5-11ef-9a00-e4a8dfc2a9a8,resid_build_sale_price,15,1,0.08239395916461945,0.022002458572387695,694.0,0.15138286352157593,3,1
StandardGP,ce0e518d-ada5-11ef-9a00-e4a8dfc2a9a8,resid_build_sale_price,15,2,0.08239395916461945,0.022494077682495117,662.0,0.15138286352157593,3,1
StandardGP,ce0e518d-ada5-11ef-9a00-e4a8dfc2a9a8,resid_build_sale_price,15,3,0.08239395916461945,0.0205535888671875,724.0,0.15138286352157593,3,1
StandardGP,ce0e518d-ada5-11ef-9a00-e4a8dfc2a9a8,resid_build_sale_price,15,4,0.07959003001451492,0.021013498306274414,782.0,0.11271615326404572,3,1
StandardGP,ce0e518d-ada5-11ef-9a00-e4a8dfc2a9a8,resid_build_sale_price,15,5,0.07959003001451492,0.022513628005981445,650.0,0.11271615326404572,3,1
StandardGP,ce0e518d-ada5-11ef-9a00-e4a8dfc2a9a8,resid_build_sale_price,15,6,0.07959003001451492,0.022046566009521484,684.0,0.11271615326404572,3,1
StandardGP,ce0e518d-ada5-11ef-9a00-e4a8dfc2a9a8,resid_build_sale_price,15,7,0.07959003001451492,0.021094322204589844,714.0,0.11271615326404572,3,1
StandardGP,ce0e518d-ada5-11ef-9a00-e4a8dfc2a9a8,resid_build_sale_price,15,8,0.07100127637386322,0.022491455078125,840.0,0.08393628150224686,9,1
StandardGP,ce0e518d-ada5-11ef-9a00-e4a8dfc2a9a8,resid_build_sale_price,15,9,0.07100127637386322,0.02269768714904785,964.0,0.08393628150224686,9,1
StandardGP,ce0e518d-ada5-11ef-9a00-e4a8dfc2a9a8,resid_build_sale_price,15,10,0.07100127637386322,0.024433135986328125,1050.0,0.08393628150224686,9,1
StandardGP,ce0e518d-ada5-11ef-9a00-e4a8dfc2a9a8,resid_build_sale_price,15,11,0.07100127637386322,0.026725053787231445,1168.0,0.08393628150224686,9,1
StandardGP,ce0e518d-ada5-11ef-9a00-e4a8dfc2a9a8,resid_build_sale_price,15,12,0.05864228680729866,0.026938438415527344,1240.0,0.07368849217891693,11,1
StandardGP,ce0e518d-ada5-11ef-9a00-e4a8dfc2a9a8,resid_build_sale_price,15,13,0.05864228680729866,0.028330087661743164,1392.0,0.07368849217891693,11,1
StandardGP,ce0e518d-ada5-11ef-9a00-e4a8dfc2a9a8,resid_build_sale_price,15,14,0.05864228680729866,0.03452897071838379,1726.0,0.07368849217891693,11,1
StandardGP,ce0e518d-ada5-11ef-9a00-e4a8dfc2a9a8,resid_build_sale_price,15,15,0.05864228680729866,0.044516801834106445,2310.0,0.07368849217891693,11,1
StandardGP,ce0e518d-ada5-11ef-9a00-e4a8dfc2a9a8,resid_build_sale_price,15,16,0.05864228680729866,0.04302239418029785,2374.0,0.07368849217891693,11,1
StandardGP,ce0e518d-ada5-11ef-9a00-e4a8dfc2a9a8,resid_build_sale_price,15,17,0.05864228680729866,0.04146265983581543,2568.0,0.07368849217891693,11,1
StandardGP,ce0e518d-ada5-11ef-9a00-e4a8dfc2a9a8,resid_build_sale_price,15,18,0.05864228680729866,0.04058098793029785,2570.0,0.07368849217891693,11,1
StandardGP,ce0e518d-ada5-11ef-9a00-e4a8dfc2a9a8,resid_build_sale_price,15,19,0.05864228680729866,0.04966235160827637,3236.0,0.07368849217891693,11,1
StandardGP,ce0e518d-ada5-11ef-9a00-e4a8dfc2a9a8,resid_build_sale_price,15,20,0.05864228680729866,0.043656110763549805,2600.0,0.07368849217891693,11,1
StandardGP,ce0e518d-ada5-11ef-9a00-e4a8dfc2a9a8,resid_build_sale_price,15,21,0.05864228680729866,0.043914794921875,2584.0,0.07368849217891693,11,1
StandardGP,ce0e518d-ada5-11ef-9a00-e4a8dfc2a9a8,resid_build_sale_price,15,22,0.05864228680729866,0.04498887062072754,2580.0,0.07368849217891693,11,1
StandardGP,ce0e518d-ada5-11ef-9a00-e4a8dfc2a9a8,resid_build_sale_price,15,23,0.05864228680729866,0.04883551597595215,2748.0,0.07368849217891693,11,1
StandardGP,ce0e518d-ada5-11ef-9a00-e4a8dfc2a9a8,resid_build_sale_price,15,24,0.05864228680729866,0.04865264892578125,2928.0,0.07368849217891693,11,1
StandardGP,ce0e518d-ada5-11ef-9a00-e4a8dfc2a9a8,resid_build_sale_price,15,25,0.05864228680729866,0.06010079383850098,3596.0,0.07368849217891693,11,1
StandardGP,ce0e518d-ada5-11ef-9a00-e4a8dfc2a9a8,resid_build_sale_price,15,26,0.05864228680729866,0.06258916854858398,3870.0,0.07368849217891693,11,1
StandardGP,ce0e518d-ada5-11ef-9a00-e4a8dfc2a9a8,resid_build_sale_price,15,27,0.05864228680729866,0.06104397773742676,3594.0,0.07368849217891693,11,1
StandardGP,ce0e518d-ada5-11ef-9a00-e4a8dfc2a9a8,resid_build_sale_price,15,28,0.05864228680729866,0.058786630630493164,3700.0,0.07368849217891693,11,1
StandardGP,ce0e518d-ada5-11ef-9a00-e4a8dfc2a9a8,resid_build_sale_price,15,29,0.05864228680729866,0.06336855888366699,4062.0,0.07368849217891693,11,1
StandardGP,ce0e518d-ada5-11ef-9a00-e4a8dfc2a9a8,resid_build_sale_price,15,30,0.05864228680729866,0.05157113075256348,3190.0,0.07368849217891693,11,1
StandardGP,ce0e518d-ada5-11ef-9a00-e4a8dfc2a9a8,resid_build_sale_price,15,31,0.05864228680729866,0.05497288703918457,3258.0,0.07368849217891693,11,1
StandardGP,ce0e518d-ada5-11ef-9a00-e4a8dfc2a9a8,resid_build_sale_price,15,32,0.05864228680729866,0.06377053260803223,3224.0,0.07368849217891693,11,1
StandardGP,ce0e518d-ada5-11ef-9a00-e4a8dfc2a9a8,resid_build_sale_price,15,33,0.05864228680729866,0.05774211883544922,3092.0,0.07368849217891693,11,1
StandardGP,ce0e518d-ada5-11ef-9a00-e4a8dfc2a9a8,resid_build_sale_price,15,34,0.05864228680729866,0.05601048469543457,2762.0,0.07368849217891693,11,1
StandardGP,ce0e518d-ada5-11ef-9a00-e4a8dfc2a9a8,resid_build_sale_price,15,35,0.05864228680729866,0.05320382118225098,3034.0,0.07368849217891693,11,1
StandardGP,ce0e518d-ada5-11ef-9a00-e4a8dfc2a9a8,resid_build_sale_price,15,36,0.05864228680729866,0.05563664436340332,3050.0,0.07368849217891693,11,1
StandardGP,ce0e518d-ada5-11ef-9a00-e4a8dfc2a9a8,resid_build_sale_price,15,37,0.05864228680729866,0.0541989803314209,3102.0,0.07368849217891693,11,1
StandardGP,ce0e518d-ada5-11ef-9a00-e4a8dfc2a9a8,resid_build_sale_price,15,38,0.05347777158021927,0.060765981674194336,2920.0,0.05452562868595123,19,1
StandardGP,ce0e518d-ada5-11ef-9a00-e4a8dfc2a9a8,resid_build_sale_price,15,39,0.05347777158021927,0.055593013763427734,2846.0,0.05452562868595123,19,1
StandardGP,ce0e518d-ada5-11ef-9a00-e4a8dfc2a9a8,resid_build_sale_price,15,40,0.05347777158021927,0.054227590560913086,2776.0,0.05452562868595123,19,1
StandardGP,ce0e518d-ada5-11ef-9a00-e4a8dfc2a9a8,resid_build_sale_price,15,41,0.05347777158021927,0.06155586242675781,3060.0,0.05452562868595123,19,1
StandardGP,ce0e518d-ada5-11ef-9a00-e4a8dfc2a9a8,resid_build_sale_price,15,42,0.05347777158021927,0.05802750587463379,3026.0,0.05452562868595123,19,1
StandardGP,ce0e518d-ada5-11ef-9a00-e4a8dfc2a9a8,resid_build_sale_price,15,43,0.05347777158021927,0.06129932403564453,2984.0,0.05452562868595123,19,1
StandardGP,ce0e518d-ada5-11ef-9a00-e4a8dfc2a9a8,resid_build_sale_price,15,44,0.05347777158021927,0.060606956481933594,3024.0,0.05452562868595123,19,1
StandardGP,ce0e518d-ada5-11ef-9a00-e4a8dfc2a9a8,resid_build_sale_price,15,45,0.048545096069574356,0.06099700927734375,2990.0,0.06100991368293762,31,1
StandardGP,ce0e518d-ada5-11ef-9a00-e4a8dfc2a9a8,resid_build_sale_price,15,46,0.048545096069574356,0.06772613525390625,3268.0,0.06100991368293762,31,1
StandardGP,ce0e518d-ada5-11ef-9a00-e4a8dfc2a9a8,resid_build_sale_price,15,47,0.04802775755524635,0.06516718864440918,2906.0,0.049119047820568085,17,1
StandardGP,ce0e518d-ada5-11ef-9a00-e4a8dfc2a9a8,resid_build_sale_price,15,48,0.04802775755524635,0.07178092002868652,2944.0,0.049119047820568085,17,1
StandardGP,ce0e518d-ada5-11ef-9a00-e4a8dfc2a9a8,resid_build_sale_price,15,49,0.04719962924718857,0.07538771629333496,3134.0,0.054956842213869095,23,1
StandardGP,ce0e518d-ada5-11ef-9a00-e4a8dfc2a9a8,resid_build_sale_price,15,50,0.04719962924718857,0.069183349609375,3178.0,0.054956842213869095,23,1
StandardGP,ce0e518d-ada5-11ef-9a00-e4a8dfc2a9a8,resid_build_sale_price,15,51,0.04719962924718857,0.06902360916137695,2988.0,0.054956842213869095,23,1
StandardGP,ce0e518d-ada5-11ef-9a00-e4a8dfc2a9a8,resid_build_sale_price,15,52,0.04719962924718857,0.06199836730957031,2816.0,0.054956842213869095,23,1
StandardGP,ce0e518d-ada5-11ef-9a00-e4a8dfc2a9a8,resid_build_sale_price,15,53,0.04719962924718857,0.06094503402709961,2932.0,0.054956842213869095,23,1
StandardGP,ce0e518d-ada5-11ef-9a00-e4a8dfc2a9a8,resid_build_sale_price,15,54,0.04719962924718857,0.07922816276550293,3034.0,0.054956842213869095,23,1
StandardGP,ce0e518d-ada5-11ef-9a00-e4a8dfc2a9a8,resid_build_sale_price,15,55,0.04610156640410423,0.062132835388183594,2862.0,0.05617183446884155,29,1
StandardGP,ce0e518d-ada5-11ef-9a00-e4a8dfc2a9a8,resid_build_sale_price,15,56,0.04610156640410423,0.0767984390258789,2804.0,0.05617183446884155,29,1
StandardGP,ce0e518d-ada5-11ef-9a00-e4a8dfc2a9a8,resid_build_sale_price,15,57,0.04610156640410423,0.07059669494628906,3010.0,0.05617183446884155,29,1
StandardGP,ce0e518d-ada5-11ef-9a00-e4a8dfc2a9a8,resid_build_sale_price,15,58,0.04610156640410423,0.07242584228515625,3158.0,0.05617183446884155,29,1
StandardGP,ce0e518d-ada5-11ef-9a00-e4a8dfc2a9a8,resid_build_sale_price,15,59,0.04610156640410423,0.07808494567871094,3390.0,0.05617183446884155,29,1
StandardGP,ce0e518d-ada5-11ef-9a00-e4a8dfc2a9a8,resid_build_sale_price,15,60,0.04610156640410423,0.07513022422790527,3114.0,0.05617183446884155,29,1
StandardGP,ce0e518d-ada5-11ef-9a00-e4a8dfc2a9a8,resid_build_sale_price,15,61,0.04610156640410423,0.06760048866271973,2974.0,0.05617183446884155,29,1
StandardGP,ce0e518d-ada5-11ef-9a00-e4a8dfc2a9a8,resid_build_sale_price,15,62,0.04610156640410423,0.0771026611328125,3426.0,0.05617183446884155,29,1
StandardGP,ce0e518d-ada5-11ef-9a00-e4a8dfc2a9a8,resid_build_sale_price,15,63,0.04610156640410423,0.08647966384887695,3472.0,0.05617183446884155,29,1
StandardGP,ce0e518d-ada5-11ef-9a00-e4a8dfc2a9a8,resid_build_sale_price,15,64,0.04610156640410423,0.0752255916595459,3220.0,0.05617183446884155,29,1
StandardGP,ce0e518d-ada5-11ef-9a00-e4a8dfc2a9a8,resid_build_sale_price,15,65,0.04610156640410423,0.07163667678833008,3072.0,0.05617183446884155,29,1
StandardGP,ce0e518d-ada5-11ef-9a00-e4a8dfc2a9a8,resid_build_sale_price,15,66,0.04610156640410423,0.08375978469848633,3240.0,0.05617183446884155,29,1
StandardGP,ce0e518d-ada5-11ef-9a00-e4a8dfc2a9a8,resid_build_sale_price,15,67,0.04593251273036003,0.08781313896179199,3406.0,0.053970105946063995,45,1
StandardGP,ce0e518d-ada5-11ef-9a00-e4a8dfc2a9a8,resid_build_sale_price,15,68,0.04593251273036003,0.08397746086120605,3420.0,0.053970105946063995,45,1
StandardGP,ce0e518d-ada5-11ef-9a00-e4a8dfc2a9a8,resid_build_sale_price,15,69,0.045157019048929214,0.0773153305053711,3386.0,0.055340975522994995,41,1
StandardGP,ce0e518d-ada5-11ef-9a00-e4a8dfc2a9a8,resid_build_sale_price,15,70,0.045157019048929214,0.08575987815856934,3662.0,0.055340975522994995,41,1
StandardGP,ce0e518d-ada5-11ef-9a00-e4a8dfc2a9a8,resid_build_sale_price,15,71,0.045157019048929214,0.09054279327392578,3886.0,0.055340975522994995,41,1
StandardGP,ce0e518d-ada5-11ef-9a00-e4a8dfc2a9a8,resid_build_sale_price,15,72,0.04428638517856598,0.10276293754577637,3860.0,0.05420392379164696,33,1
StandardGP,ce0e518d-ada5-11ef-9a00-e4a8dfc2a9a8,resid_build_sale_price,15,73,0.04428638517856598,0.08844518661499023,4006.0,0.05420392379164696,33,1
StandardGP,ce0e518d-ada5-11ef-9a00-e4a8dfc2a9a8,resid_build_sale_price,15,74,0.04428638517856598,0.09270739555358887,4026.0,0.05420392379164696,33,1
StandardGP,ce0e518d-ada5-11ef-9a00-e4a8dfc2a9a8,resid_build_sale_price,15,75,0.04428638517856598,0.09602785110473633,4110.0,0.05420392379164696,33,1
StandardGP,ce0e518d-ada5-11ef-9a00-e4a8dfc2a9a8,resid_build_sale_price,15,76,0.04428638517856598,0.10070967674255371,3932.0,0.05420392379164696,33,1
StandardGP,ce0e518d-ada5-11ef-9a00-e4a8dfc2a9a8,resid_build_sale_price,15,77,0.04428638517856598,0.09563422203063965,4298.0,0.05420392379164696,33,1
StandardGP,ce0e518d-ada5-11ef-9a00-e4a8dfc2a9a8,resid_build_sale_price,15,78,0.04428638517856598,0.10321640968322754,4162.0,0.05420392379164696,33,1
StandardGP,ce0e518d-ada5-11ef-9a00-e4a8dfc2a9a8,resid_build_sale_price,15,79,0.04428638517856598,0.10218143463134766,4390.0,0.05420392379164696,33,1
StandardGP,ce0e518d-ada5-11ef-9a00-e4a8dfc2a9a8,resid_build_sale_price,15,80,0.04428638517856598,0.10812067985534668,4354.0,0.05420392379164696,33,1
StandardGP,ce0e518d-ada5-11ef-9a00-e4a8dfc2a9a8,resid_build_sale_price,15,81,0.04428638517856598,0.10794329643249512,4390.0,0.05420392379164696,33,1
StandardGP,ce0e518d-ada5-11ef-9a00-e4a8dfc2a9a8,resid_build_sale_price,15,82,0.04428638517856598,0.09941387176513672,4230.0,0.05420392379164696,33,1
StandardGP,ce0e518d-ada5-11ef-9a00-e4a8dfc2a9a8,resid_build_sale_price,15,83,0.04428638517856598,0.09527182579040527,4056.0,0.05420392379164696,33,1
StandardGP,ce0e518d-ada5-11ef-9a00-e4a8dfc2a9a8,resid_build_sale_price,15,84,0.04428638517856598,0.10441732406616211,4442.0,0.05420392379164696,33,1
StandardGP,ce0e518d-ada5-11ef-9a00-e4a8dfc2a9a8,resid_build_sale_price,15,85,0.04428638517856598,0.13722443580627441,4746.0,0.05420392379164696,33,1
StandardGP,ce0e518d-ada5-11ef-9a00-e4a8dfc2a9a8,resid_build_sale_price,15,86,0.04428638517856598,0.13802242279052734,5372.0,0.05420392379164696,33,1
StandardGP,ce0e518d-ada5-11ef-9a00-e4a8dfc2a9a8,resid_build_sale_price,15,87,0.04428638517856598,0.13674187660217285,5192.0,0.05420392379164696,33,1
StandardGP,ce0e518d-ada5-11ef-9a00-e4a8dfc2a9a8,resid_build_sale_price,15,88,0.04428638517856598,0.13543009757995605,5008.0,0.05420392379164696,33,1
StandardGP,ce0e518d-ada5-11ef-9a00-e4a8dfc2a9a8,resid_build_sale_price,15,89,0.04428638517856598,0.13055205345153809,4988.0,0.05420392379164696,33,1
StandardGP,ce0e518d-ada5-11ef-9a00-e4a8dfc2a9a8,resid_build_sale_price,15,90,0.04428638517856598,0.12244558334350586,4922.0,0.05420392379164696,33,1
StandardGP,ce0e518d-ada5-11ef-9a00-e4a8dfc2a9a8,resid_build_sale_price,15,91,0.04428638517856598,0.13106012344360352,4886.0,0.05420392379164696,33,1
StandardGP,ce0e518d-ada5-11ef-9a00-e4a8dfc2a9a8,resid_build_sale_price,15,92,0.04428638517856598,0.12161421775817871,4940.0,0.05420392379164696,33,1
StandardGP,ce0e518d-ada5-11ef-9a00-e4a8dfc2a9a8,resid_build_sale_price,15,93,0.04428638517856598,0.11388540267944336,4478.0,0.05420392379164696,33,1
StandardGP,ce0e518d-ada5-11ef-9a00-e4a8dfc2a9a8,resid_build_sale_price,15,94,0.04428638517856598,0.11306262016296387,4482.0,0.05420392379164696,33,1
StandardGP,ce0e518d-ada5-11ef-9a00-e4a8dfc2a9a8,resid_build_sale_price,15,95,0.04428638517856598,0.1156003475189209,4660.0,0.05420392379164696,33,1
StandardGP,ce0e518d-ada5-11ef-9a00-e4a8dfc2a9a8,resid_build_sale_price,15,96,0.04428638517856598,0.10404014587402344,4244.0,0.05420392379164696,33,1
StandardGP,ce0e518d-ada5-11ef-9a00-e4a8dfc2a9a8,resid_build_sale_price,15,97,0.04428638517856598,0.10472846031188965,4282.0,0.05420392379164696,33,1
StandardGP,ce0e518d-ada5-11ef-9a00-e4a8dfc2a9a8,resid_build_sale_price,15,98,0.04428638517856598,0.1140754222869873,4492.0,0.05420392379164696,33,1
StandardGP,ce0e518d-ada5-11ef-9a00-e4a8dfc2a9a8,resid_build_sale_price,15,99,0.04428638517856598,0.11494064331054688,4554.0,0.05420392379164696,33,1
StandardGP,ce0e518d-ada5-11ef-9a00-e4a8dfc2a9a8,resid_build_sale_price,15,100,0.04428638517856598,0.1194005012512207,4424.0,0.05420392379164696,33,1
StandardGP,4d6d573c-ada6-11ef-9eba-e4a8dfc2a9a8,resid_build_sale_price,15,0,113.25621795654297,0.058196067810058594,1344.0,152.57798767089844,3,1
StandardGP,4d6d573c-ada6-11ef-9eba-e4a8dfc2a9a8,resid_build_sale_price,15,1,107.75128173828125,0.028500795364379883,1220.0,149.5493621826172,3,1
StandardGP,4d6d573c-ada6-11ef-9eba-e4a8dfc2a9a8,resid_build_sale_price,15,2,106.17755126953125,0.042847394943237305,1580.0,147.1544189453125,3,1
StandardGP,4d6d573c-ada6-11ef-9eba-e4a8dfc2a9a8,resid_build_sale_price,15,3,103.3149185180664,0.05444455146789551,2054.0,142.731689453125,7,1
StandardGP,4d6d573c-ada6-11ef-9eba-e4a8dfc2a9a8,resid_build_sale_price,15,4,103.3149185180664,0.04885387420654297,2104.0,142.731689453125,7,1
StandardGP,4d6d573c-ada6-11ef-9eba-e4a8dfc2a9a8,resid_build_sale_price,15,5,101.15579223632812,0.05228471755981445,2470.0,140.5331268310547,5,1
StandardGP,4d6d573c-ada6-11ef-9eba-e4a8dfc2a9a8,resid_build_sale_price,15,6,101.15579223632812,0.04328012466430664,2310.0,140.5331268310547,5,1
StandardGP,4d6d573c-ada6-11ef-9eba-e4a8dfc2a9a8,resid_build_sale_price,15,7,101.15579223632812,0.045423269271850586,2386.0,140.5331268310547,5,1
StandardGP,4d6d573c-ada6-11ef-9eba-e4a8dfc2a9a8,resid_build_sale_price,15,8,89.8129653930664,0.04685831069946289,2558.0,127.11511993408203,13,1
StandardGP,4d6d573c-ada6-11ef-9eba-e4a8dfc2a9a8,resid_build_sale_price,15,9,89.8129653930664,0.04571890830993652,2478.0,127.11511993408203,13,1
StandardGP,4d6d573c-ada6-11ef-9eba-e4a8dfc2a9a8,resid_build_sale_price,15,10,89.8129653930664,0.04049968719482422,2066.0,127.11511993408203,13,1
StandardGP,4d6d573c-ada6-11ef-9eba-e4a8dfc2a9a8,resid_build_sale_price,15,11,89.8129653930664,0.03860831260681152,2040.0,127.11511993408203,13,1
StandardGP,4d6d573c-ada6-11ef-9eba-e4a8dfc2a9a8,resid_build_sale_price,15,12,89.8129653930664,0.03750467300415039,1772.0,127.11511993408203,13,1
StandardGP,4d6d573c-ada6-11ef-9eba-e4a8dfc2a9a8,resid_build_sale_price,15,13,89.8129653930664,0.04778099060058594,1718.0,127.11511993408203,13,1
StandardGP,4d6d573c-ada6-11ef-9eba-e4a8dfc2a9a8,resid_build_sale_price,15,14,89.8129653930664,0.06198620796203613,1944.0,127.11511993408203,13,1
StandardGP,4d6d573c-ada6-11ef-9eba-e4a8dfc2a9a8,resid_build_sale_price,15,15,89.8129653930664,0.05491757392883301,2166.0,127.11511993408203,13,1
StandardGP,4d6d573c-ada6-11ef-9eba-e4a8dfc2a9a8,resid_build_sale_price,15,16,56.750083923339844,0.04046916961669922,1930.0,63.82609939575195,5,1
StandardGP,4d6d573c-ada6-11ef-9eba-e4a8dfc2a9a8,resid_build_sale_price,15,17,56.442108154296875,0.04144001007080078,1898.0,63.55902099609375,15,1
StandardGP,4d6d573c-ada6-11ef-9eba-e4a8dfc2a9a8,resid_build_sale_price,15,18,52.352420806884766,0.04099321365356445,1732.0,59.853641510009766,9,1
StandardGP,4d6d573c-ada6-11ef-9eba-e4a8dfc2a9a8,resid_build_sale_price,15,19,52.3515739440918,0.04114341735839844,1952.0,59.85304260253906,11,1
StandardGP,4d6d573c-ada6-11ef-9eba-e4a8dfc2a9a8,resid_build_sale_price,15,20,52.3515739440918,0.04028129577636719,1986.0,59.85304260253906,11,1
StandardGP,4d6d573c-ada6-11ef-9eba-e4a8dfc2a9a8,resid_build_sale_price,15,21,51.49766540527344,0.04581809043884277,2222.0,59.00123596191406,7,1
StandardGP,4d6d573c-ada6-11ef-9eba-e4a8dfc2a9a8,resid_build_sale_price,15,22,51.49766540527344,0.056563615798950195,2190.0,59.00123596191406,7,1
StandardGP,4d6d573c-ada6-11ef-9eba-e4a8dfc2a9a8,resid_build_sale_price,15,23,50.68034744262695,0.038527727127075195,1754.0,57.818058013916016,7,1
StandardGP,4d6d573c-ada6-11ef-9eba-e4a8dfc2a9a8,resid_build_sale_price,15,24,50.68034744262695,0.04339885711669922,1896.0,57.818058013916016,7,1
StandardGP,4d6d573c-ada6-11ef-9eba-e4a8dfc2a9a8,resid_build_sale_price,15,25,49.50564956665039,0.035939693450927734,1524.0,55.51880645751953,7,1
StandardGP,4d6d573c-ada6-11ef-9eba-e4a8dfc2a9a8,resid_build_sale_price,15,26,49.50564956665039,0.039704322814941406,1512.0,55.51880645751953,7,1
StandardGP,4d6d573c-ada6-11ef-9eba-e4a8dfc2a9a8,resid_build_sale_price,15,27,49.50564956665039,0.03944110870361328,1662.0,55.51880645751953,7,1
StandardGP,4d6d573c-ada6-11ef-9eba-e4a8dfc2a9a8,resid_build_sale_price,15,28,49.50564956665039,0.033553361892700195,1554.0,55.51880645751953,7,1
StandardGP,4d6d573c-ada6-11ef-9eba-e4a8dfc2a9a8,resid_build_sale_price,15,29,49.50564956665039,0.03783583641052246,1774.0,55.51880645751953,7,1
StandardGP,4d6d573c-ada6-11ef-9eba-e4a8dfc2a9a8,resid_build_sale_price,15,30,49.50564956665039,0.04783129692077637,2144.0,55.51880645751953,7,1
StandardGP,4d6d573c-ada6-11ef-9eba-e4a8dfc2a9a8,resid_build_sale_price,15,31,49.50564956665039,0.05371689796447754,2462.0,55.51880645751953,7,1
StandardGP,4d6d573c-ada6-11ef-9eba-e4a8dfc2a9a8,resid_build_sale_price,15,32,49.50564956665039,0.07682061195373535,3242.0,55.51880645751953,7,1
StandardGP,4d6d573c-ada6-11ef-9eba-e4a8dfc2a9a8,resid_build_sale_price,15,33,49.50564956665039,0.08890485763549805,3798.0,55.51880645751953,7,1
StandardGP,4d6d573c-ada6-11ef-9eba-e4a8dfc2a9a8,resid_build_sale_price,15,34,49.50564956665039,0.08274006843566895,3718.0,55.51880645751953,7,1
StandardGP,4d6d573c-ada6-11ef-9eba-e4a8dfc2a9a8,resid_build_sale_price,15,35,49.50564956665039,0.11043047904968262,3884.0,55.51880645751953,7,1
StandardGP,4d6d573c-ada6-11ef-9eba-e4a8dfc2a9a8,resid_build_sale_price,15,36,49.50564956665039,0.10723066329956055,4548.0,55.51880645751953,7,1
StandardGP,4d6d573c-ada6-11ef-9eba-e4a8dfc2a9a8,resid_build_sale_price,15,37,49.50564956665039,0.09295153617858887,4256.0,55.51880645751953,7,1
StandardGP,4d6d573c-ada6-11ef-9eba-e4a8dfc2a9a8,resid_build_sale_price,15,38,49.50564956665039,0.08759903907775879,4150.0,55.51880645751953,7,1
StandardGP,4d6d573c-ada6-11ef-9eba-e4a8dfc2a9a8,resid_build_sale_price,15,39,49.50564956665039,0.11753368377685547,4346.0,55.51880645751953,7,1
StandardGP,4d6d573c-ada6-11ef-9eba-e4a8dfc2a9a8,resid_build_sale_price,15,40,49.50564956665039,0.12761211395263672,4652.0,55.51880645751953,7,1
StandardGP,4d6d573c-ada6-11ef-9eba-e4a8dfc2a9a8,resid_build_sale_price,15,41,49.50564956665039,0.13084912300109863,4978.0,55.51880645751953,7,1
StandardGP,4d6d573c-ada6-11ef-9eba-e4a8dfc2a9a8,resid_build_sale_price,15,42,49.50564956665039,0.10648655891418457,4828.0,55.51880645751953,7,1
StandardGP,4d6d573c-ada6-11ef-9eba-e4a8dfc2a9a8,resid_build_sale_price,15,43,49.50564956665039,0.10696673393249512,5206.0,55.51880645751953,7,1
StandardGP,4d6d573c-ada6-11ef-9eba-e4a8dfc2a9a8,resid_build_sale_price,15,44,49.50564956665039,0.11378765106201172,5500.0,55.51880645751953,7,1
StandardGP,4d6d573c-ada6-11ef-9eba-e4a8dfc2a9a8,resid_build_sale_price,15,45,49.50564956665039,0.14865589141845703,5814.0,55.51880645751953,7,1
StandardGP,4d6d573c-ada6-11ef-9eba-e4a8dfc2a9a8,resid_build_sale_price,15,46,49.50564956665039,0.1562497615814209,6370.0,55.51880645751953,7,1
StandardGP,4d6d573c-ada6-11ef-9eba-e4a8dfc2a9a8,resid_build_sale_price,15,47,49.50564956665039,0.14885735511779785,7232.0,55.51880645751953,7,1
StandardGP,4d6d573c-ada6-11ef-9eba-e4a8dfc2a9a8,resid_build_sale_price,15,48,49.50564956665039,0.1424565315246582,7368.0,55.51880645751953,7,1
StandardGP,4d6d573c-ada6-11ef-9eba-e4a8dfc2a9a8,resid_build_sale_price,15,49,49.50564956665039,0.1783914566040039,7318.0,55.51880645751953,7,1
StandardGP,4d6d573c-ada6-11ef-9eba-e4a8dfc2a9a8,resid_build_sale_price,15,50,49.50564956665039,0.16657781600952148,7322.0,55.51880645751953,7,1
StandardGP,4d6d573c-ada6-11ef-9eba-e4a8dfc2a9a8,resid_build_sale_price,15,51,49.50564956665039,0.1466381549835205,7196.0,55.51880645751953,7,1
StandardGP,4d6d573c-ada6-11ef-9eba-e4a8dfc2a9a8,resid_build_sale_price,15,52,49.01873779296875,0.15547490119934082,6894.0,55.00811767578125,5,1
StandardGP,4d6d573c-ada6-11ef-9eba-e4a8dfc2a9a8,resid_build_sale_price,15,53,48.711666107177734,0.16598057746887207,7300.0,54.657623291015625,45,1
StandardGP,4d6d573c-ada6-11ef-9eba-e4a8dfc2a9a8,resid_build_sale_price,15,54,48.711666107177734,0.14681291580200195,7102.0,54.657623291015625,45,1
StandardGP,4d6d573c-ada6-11ef-9eba-e4a8dfc2a9a8,resid_build_sale_price,15,55,48.711666107177734,0.16992759704589844,7824.0,54.657623291015625,45,1
StandardGP,4d6d573c-ada6-11ef-9eba-e4a8dfc2a9a8,resid_build_sale_price,15,56,48.711666107177734,0.14235687255859375,6950.0,54.657623291015625,45,1
StandardGP,4d6d573c-ada6-11ef-9eba-e4a8dfc2a9a8,resid_build_sale_price,15,57,48.65207290649414,0.13369297981262207,6620.0,54.58054733276367,55,1
StandardGP,4d6d573c-ada6-11ef-9eba-e4a8dfc2a9a8,resid_build_sale_price,15,58,48.65052032470703,0.11754274368286133,6040.0,54.576847076416016,67,1
StandardGP,4d6d573c-ada6-11ef-9eba-e4a8dfc2a9a8,resid_build_sale_price,15,59,48.65052032470703,0.1318368911743164,6368.0,54.576847076416016,67,1
StandardGP,4d6d573c-ada6-11ef-9eba-e4a8dfc2a9a8,resid_build_sale_price,15,60,48.47266387939453,0.10769987106323242,5718.0,54.666961669921875,121,1
StandardGP,4d6d573c-ada6-11ef-9eba-e4a8dfc2a9a8,resid_build_sale_price,15,61,48.47266387939453,0.13608717918395996,6760.0,54.666961669921875,121,1
StandardGP,4d6d573c-ada6-11ef-9eba-e4a8dfc2a9a8,resid_build_sale_price,15,62,48.47266387939453,0.1782057285308838,7602.0,54.666961669921875,121,1
StandardGP,4d6d573c-ada6-11ef-9eba-e4a8dfc2a9a8,resid_build_sale_price,15,63,48.47266387939453,0.1515059471130371,8128.0,54.666961669921875,121,1
StandardGP,4d6d573c-ada6-11ef-9eba-e4a8dfc2a9a8,resid_build_sale_price,15,64,48.41381072998047,0.20177316665649414,8628.0,53.92512130737305,27,1
StandardGP,4d6d573c-ada6-11ef-9eba-e4a8dfc2a9a8,resid_build_sale_price,15,65,48.12337112426758,0.18596649169921875,8988.0,53.755619049072266,99,1
StandardGP,4d6d573c-ada6-11ef-9eba-e4a8dfc2a9a8,resid_build_sale_price,15,66,48.12337112426758,0.16400957107543945,8936.0,53.755619049072266,99,1
StandardGP,4d6d573c-ada6-11ef-9eba-e4a8dfc2a9a8,resid_build_sale_price,15,67,48.1221809387207,0.1448383331298828,7974.0,53.753074645996094,99,1
StandardGP,4d6d573c-ada6-11ef-9eba-e4a8dfc2a9a8,resid_build_sale_price,15,68,48.1221809387207,0.16024160385131836,8126.0,53.753074645996094,99,1
StandardGP,4d6d573c-ada6-11ef-9eba-e4a8dfc2a9a8,resid_build_sale_price,15,69,48.1221809387207,0.15560460090637207,9152.0,53.753074645996094,99,1
StandardGP,4d6d573c-ada6-11ef-9eba-e4a8dfc2a9a8,resid_build_sale_price,15,70,48.1221809387207,0.1535658836364746,9236.0,53.753074645996094,99,1
StandardGP,4d6d573c-ada6-11ef-9eba-e4a8dfc2a9a8,resid_build_sale_price,15,71,48.09603500366211,0.16590404510498047,9584.0,53.739341735839844,93,1
StandardGP,4d6d573c-ada6-11ef-9eba-e4a8dfc2a9a8,resid_build_sale_price,15,72,48.09603500366211,0.16034173965454102,9654.0,53.739341735839844,93,1
StandardGP,4d6d573c-ada6-11ef-9eba-e4a8dfc2a9a8,resid_build_sale_price,15,73,48.09603500366211,0.2795693874359131,9600.0,53.739341735839844,93,1
StandardGP,4d6d573c-ada6-11ef-9eba-e4a8dfc2a9a8,resid_build_sale_price,15,74,48.09601974487305,0.18275070190429688,10516.0,53.739349365234375,61,1
StandardGP,4d6d573c-ada6-11ef-9eba-e4a8dfc2a9a8,resid_build_sale_price,15,75,48.09598159790039,0.19958806037902832,10660.0,53.73930358886719,93,1
StandardGP,4d6d573c-ada6-11ef-9eba-e4a8dfc2a9a8,resid_build_sale_price,15,76,48.07051086425781,0.1966090202331543,11030.0,53.71349334716797,59,1
StandardGP,4d6d573c-ada6-11ef-9eba-e4a8dfc2a9a8,resid_build_sale_price,15,77,47.973052978515625,0.19692587852478027,10338.0,53.73216247558594,217,1
StandardGP,4d6d573c-ada6-11ef-9eba-e4a8dfc2a9a8,resid_build_sale_price,15,78,47.97269821166992,0.19511651992797852,10126.0,53.73203659057617,185,1
StandardGP,4d6d573c-ada6-11ef-9eba-e4a8dfc2a9a8,resid_build_sale_price,15,79,47.9722785949707,0.20761442184448242,11720.0,53.72964096069336,153,1
StandardGP,4d6d573c-ada6-11ef-9eba-e4a8dfc2a9a8,resid_build_sale_price,15,80,47.9722785949707,0.22211527824401855,12572.0,53.72964096069336,153,1
StandardGP,4d6d573c-ada6-11ef-9eba-e4a8dfc2a9a8,resid_build_sale_price,15,81,47.93806076049805,0.2339315414428711,13496.0,53.5933837890625,149,1
StandardGP,4d6d573c-ada6-11ef-9eba-e4a8dfc2a9a8,resid_build_sale_price,15,82,47.93806076049805,0.25923705101013184,13938.0,53.5933837890625,149,1
StandardGP,4d6d573c-ada6-11ef-9eba-e4a8dfc2a9a8,resid_build_sale_price,15,83,47.93806076049805,0.29601216316223145,14256.0,53.5933837890625,149,1
StandardGP,4d6d573c-ada6-11ef-9eba-e4a8dfc2a9a8,resid_build_sale_price,15,84,47.93806076049805,0.2762870788574219,14994.0,53.5933837890625,149,1
StandardGP,4d6d573c-ada6-11ef-9eba-e4a8dfc2a9a8,resid_build_sale_price,15,85,47.93806076049805,0.28258705139160156,15166.0,53.5933837890625,149,1
StandardGP,4d6d573c-ada6-11ef-9eba-e4a8dfc2a9a8,resid_build_sale_price,15,86,47.93381881713867,0.28142547607421875,14576.0,53.59418487548828,149,1
StandardGP,4d6d573c-ada6-11ef-9eba-e4a8dfc2a9a8,resid_build_sale_price,15,87,47.93381881713867,0.2546122074127197,13290.0,53.59418487548828,149,1
StandardGP,4d6d573c-ada6-11ef-9eba-e4a8dfc2a9a8,resid_build_sale_price,15,88,47.785648345947266,0.25934314727783203,13186.0,53.798492431640625,263,1
StandardGP,4d6d573c-ada6-11ef-9eba-e4a8dfc2a9a8,resid_build_sale_price,15,89,47.77605056762695,0.26248836517333984,14058.0,53.453887939453125,263,1
StandardGP,4d6d573c-ada6-11ef-9eba-e4a8dfc2a9a8,resid_build_sale_price,15,90,47.7597541809082,0.26879096031188965,14418.0,53.79753875732422,195,1
StandardGP,4d6d573c-ada6-11ef-9eba-e4a8dfc2a9a8,resid_build_sale_price,15,91,47.7597541809082,0.2875192165374756,14950.0,53.79753875732422,195,1
StandardGP,4d6d573c-ada6-11ef-9eba-e4a8dfc2a9a8,resid_build_sale_price,15,92,47.75114059448242,0.2822573184967041,14458.0,53.79659652709961,73,1
StandardGP,4d6d573c-ada6-11ef-9eba-e4a8dfc2a9a8,resid_build_sale_price,15,93,47.75114059448242,0.27666544914245605,15584.0,53.79659652709961,73,1
StandardGP,4d6d573c-ada6-11ef-9eba-e4a8dfc2a9a8,resid_build_sale_price,15,94,47.75113296508789,0.31220030784606934,16940.0,53.796592712402344,73,1
StandardGP,4d6d573c-ada6-11ef-9eba-e4a8dfc2a9a8,resid_build_sale_price,15,95,47.19540786743164,0.316608190536499,16402.0,52.882164001464844,235,1
StandardGP,4d6d573c-ada6-11ef-9eba-e4a8dfc2a9a8,resid_build_sale_price,15,96,47.19540786743164,0.3005518913269043,16382.0,52.882164001464844,235,1
StandardGP,4d6d573c-ada6-11ef-9eba-e4a8dfc2a9a8,resid_build_sale_price,15,97,47.19488525390625,0.2913017272949219,15900.0,52.88111877441406,169,1
StandardGP,4d6d573c-ada6-11ef-9eba-e4a8dfc2a9a8,resid_build_sale_price,15,98,46.22297668457031,0.2512514591217041,14014.0,51.79774475097656,267,1
StandardGP,4d6d573c-ada6-11ef-9eba-e4a8dfc2a9a8,resid_build_sale_price,15,99,46.22297668457031,0.26393842697143555,15092.0,51.79774475097656,267,1
StandardGP,4d6d573c-ada6-11ef-9eba-e4a8dfc2a9a8,resid_build_sale_price,15,100,46.22297668457031,0.38883233070373535,16450.0,51.79774475097656,267,1
