StandardGP,a073fe5c-ada3-11ef-9597-e4a8dfc2a9a8,resid_build_sale_price,16,0,0.18647265434265137,0.1434924602508545,1350.0,0.2557559013366699,3,1
StandardGP,a073fe5c-ada3-11ef-9597-e4a8dfc2a9a8,resid_build_sale_price,16,1,0.15240134298801422,0.07256174087524414,1242.0,0.2301606982946396,3,1
StandardGP,a073fe5c-ada3-11ef-9597-e4a8dfc2a9a8,resid_build_sale_price,16,2,0.13701169192790985,0.05389809608459473,1218.0,0.21492759883403778,5,1
StandardGP,a073fe5c-ada3-11ef-9597-e4a8dfc2a9a8,resid_build_sale_price,16,3,0.11535659432411194,0.04703044891357422,1058.0,0.19166214764118195,7,1
StandardGP,a073fe5c-ada3-11ef-9597-e4a8dfc2a9a8,resid_build_sale_price,16,4,0.11535659432411194,0.04282355308532715,826.0,0.19166214764118195,7,1
StandardGP,a073fe5c-ada3-11ef-9597-e4a8dfc2a9a8,resid_build_sale_price,16,5,0.08403217047452927,0.0411984920501709,740.0,0.11232320219278336,5,1
StandardGP,a073fe5c-ada3-11ef-9597-e4a8dfc2a9a8,resid_build_sale_price,16,6,0.08403217047452927,0.048398494720458984,744.0,0.11232320219278336,5,1
StandardGP,a073fe5c-ada3-11ef-9597-e4a8dfc2a9a8,resid_build_sale_price,16,7,0.08403217047452927,0.042304039001464844,694.0,0.11232320219278336,5,1
StandardGP,a073fe5c-ada3-11ef-9597-e4a8dfc2a9a8,resid_build_sale_price,16,8,0.08403217047452927,0.04851937294006348,736.0,0.11232320219278336,5,1
StandardGP,a073fe5c-ada3-11ef-9597-e4a8dfc2a9a8,resid_build_sale_price,16,9,0.08403217047452927,0.043404579162597656,700.0,0.11232320219278336,5,1
StandardGP,a073fe5c-ada3-11ef-9597-e4a8dfc2a9a8,resid_build_sale_price,16,10,0.08403217047452927,0.05230712890625,844.0,0.11232320219278336,5,1
StandardGP,a073fe5c-ada3-11ef-9597-e4a8dfc2a9a8,resid_build_sale_price,16,11,0.08403217047452927,0.05285000801086426,914.0,0.11232320219278336,5,1
StandardGP,a073fe5c-ada3-11ef-9597-e4a8dfc2a9a8,resid_build_sale_price,16,12,0.08403217047452927,0.06212282180786133,1140.0,0.11232320219278336,5,1
StandardGP,a073fe5c-ada3-11ef-9597-e4a8dfc2a9a8,resid_build_sale_price,16,13,0.08403217047452927,0.07452225685119629,1236.0,0.11232320219278336,5,1
StandardGP,a073fe5c-ada3-11ef-9597-e4a8dfc2a9a8,resid_build_sale_price,16,14,0.08403217047452927,0.07297301292419434,1430.0,0.11232320219278336,5,1
StandardGP,a073fe5c-ada3-11ef-9597-e4a8dfc2a9a8,resid_build_sale_price,16,15,0.08403217047452927,0.07637548446655273,1486.0,0.11232320219278336,5,1
StandardGP,a073fe5c-ada3-11ef-9597-e4a8dfc2a9a8,resid_build_sale_price,16,16,0.08403217047452927,0.08853483200073242,1742.0,0.11232320219278336,5,1
StandardGP,a073fe5c-ada3-11ef-9597-e4a8dfc2a9a8,resid_build_sale_price,16,17,0.08403217047452927,0.08864021301269531,1824.0,0.11232320219278336,5,1
StandardGP,a073fe5c-ada3-11ef-9597-e4a8dfc2a9a8,resid_build_sale_price,16,18,0.08403217047452927,0.08863377571105957,1758.0,0.11232320219278336,5,1
StandardGP,a073fe5c-ada3-11ef-9597-e4a8dfc2a9a8,resid_build_sale_price,16,19,0.0694059431552887,0.10175085067749023,2068.0,0.09772436320781708,7,1
StandardGP,a073fe5c-ada3-11ef-9597-e4a8dfc2a9a8,resid_build_sale_price,16,20,0.0694059431552887,0.10463356971740723,2078.0,0.09772436320781708,7,1
StandardGP,a073fe5c-ada3-11ef-9597-e4a8dfc2a9a8,resid_build_sale_price,16,21,0.0694059431552887,0.11563873291015625,2198.0,0.09772436320781708,7,1
StandardGP,a073fe5c-ada3-11ef-9597-e4a8dfc2a9a8,resid_build_sale_price,16,22,0.05664503201842308,0.11363363265991211,2342.0,0.09589763730764389,21,1
StandardGP,a073fe5c-ada3-11ef-9597-e4a8dfc2a9a8,resid_build_sale_price,16,23,0.05664502829313278,0.12663960456848145,2658.0,0.09589763730764389,17,1
StandardGP,a073fe5c-ada3-11ef-9597-e4a8dfc2a9a8,resid_build_sale_price,16,24,0.05664502829313278,0.13227272033691406,2732.0,0.09589763730764389,17,1
StandardGP,a073fe5c-ada3-11ef-9597-e4a8dfc2a9a8,resid_build_sale_price,16,25,0.05664502829313278,0.14574885368347168,3044.0,0.09589763730764389,17,1
StandardGP,a073fe5c-ada3-11ef-9597-e4a8dfc2a9a8,resid_build_sale_price,16,26,0.05664502829313278,0.14727163314819336,3000.0,0.09589763730764389,17,1
StandardGP,a073fe5c-ada3-11ef-9597-e4a8dfc2a9a8,resid_build_sale_price,16,27,0.056645020842552185,0.13663840293884277,2918.0,0.09589763730764389,17,1
StandardGP,a073fe5c-ada3-11ef-9597-e4a8dfc2a9a8,resid_build_sale_price,16,28,0.056621041148900986,0.14267802238464355,2996.0,0.09745513647794724,33,1
StandardGP,a073fe5c-ada3-11ef-9597-e4a8dfc2a9a8,resid_build_sale_price,16,29,0.056621041148900986,0.13582324981689453,2734.0,0.09745513647794724,33,1
StandardGP,a073fe5c-ada3-11ef-9597-e4a8dfc2a9a8,resid_build_sale_price,16,30,0.056621041148900986,0.14995360374450684,3130.0,0.09745513647794724,33,1
StandardGP,a073fe5c-ada3-11ef-9597-e4a8dfc2a9a8,resid_build_sale_price,16,31,0.056621041148900986,0.16322827339172363,3330.0,0.09745513647794724,33,1
StandardGP,a073fe5c-ada3-11ef-9597-e4a8dfc2a9a8,resid_build_sale_price,16,32,0.056621041148900986,0.15686511993408203,3284.0,0.09745513647794724,33,1
StandardGP,a073fe5c-ada3-11ef-9597-e4a8dfc2a9a8,resid_build_sale_price,16,33,0.056621041148900986,0.16850876808166504,3360.0,0.09745513647794724,33,1
StandardGP,a073fe5c-ada3-11ef-9597-e4a8dfc2a9a8,resid_build_sale_price,16,34,0.05662062019109726,0.22688531875610352,3354.0,0.09589763730764389,33,1
StandardGP,a073fe5c-ada3-11ef-9597-e4a8dfc2a9a8,resid_build_sale_price,16,35,0.05662062019109726,0.1360938549041748,3358.0,0.09589763730764389,33,1
StandardGP,a073fe5c-ada3-11ef-9597-e4a8dfc2a9a8,resid_build_sale_price,16,36,0.05662062019109726,0.1469566822052002,3482.0,0.09589763730764389,33,1
StandardGP,a073fe5c-ada3-11ef-9597-e4a8dfc2a9a8,resid_build_sale_price,16,37,0.05662062019109726,0.17387843132019043,3850.0,0.09589763730764389,33,1
StandardGP,a073fe5c-ada3-11ef-9597-e4a8dfc2a9a8,resid_build_sale_price,16,38,0.05662062019109726,0.1742720603942871,3970.0,0.09589763730764389,33,1
StandardGP,a073fe5c-ada3-11ef-9597-e4a8dfc2a9a8,resid_build_sale_price,16,39,0.05662062019109726,0.17726922035217285,4136.0,0.09589763730764389,33,1
StandardGP,a073fe5c-ada3-11ef-9597-e4a8dfc2a9a8,resid_build_sale_price,16,40,0.05662062019109726,0.20702099800109863,4712.0,0.09589763730764389,33,1
StandardGP,a073fe5c-ada3-11ef-9597-e4a8dfc2a9a8,resid_build_sale_price,16,41,0.05662062019109726,0.2022695541381836,4864.0,0.09589763730764389,33,1
StandardGP,a073fe5c-ada3-11ef-9597-e4a8dfc2a9a8,resid_build_sale_price,16,42,0.05662062019109726,0.20775294303894043,5156.0,0.09589763730764389,33,1
StandardGP,a073fe5c-ada3-11ef-9597-e4a8dfc2a9a8,resid_build_sale_price,16,43,0.05662062019109726,0.2244257926940918,5478.0,0.09589763730764389,33,1
StandardGP,a073fe5c-ada3-11ef-9597-e4a8dfc2a9a8,resid_build_sale_price,16,44,0.05662062019109726,0.23794960975646973,5562.0,0.09589763730764389,33,1
StandardGP,a073fe5c-ada3-11ef-9597-e4a8dfc2a9a8,resid_build_sale_price,16,45,0.05662062019109726,0.22140860557556152,4836.0,0.09589763730764389,33,1
StandardGP,a073fe5c-ada3-11ef-9597-e4a8dfc2a9a8,resid_build_sale_price,16,46,0.05662062019109726,0.2068004608154297,4692.0,0.09589763730764389,33,1
StandardGP,a073fe5c-ada3-11ef-9597-e4a8dfc2a9a8,resid_build_sale_price,16,47,0.05662062019109726,0.20175600051879883,4640.0,0.09589763730764389,33,1
StandardGP,a073fe5c-ada3-11ef-9597-e4a8dfc2a9a8,resid_build_sale_price,16,48,0.05662062019109726,0.1884140968322754,4340.0,0.09589763730764389,33,1
StandardGP,a073fe5c-ada3-11ef-9597-e4a8dfc2a9a8,resid_build_sale_price,16,49,0.05662062019109726,0.18925857543945312,4332.0,0.09589763730764389,33,1
StandardGP,a073fe5c-ada3-11ef-9597-e4a8dfc2a9a8,resid_build_sale_price,16,50,0.05662062019109726,0.1722726821899414,4026.0,0.09589763730764389,33,1
StandardGP,a073fe5c-ada3-11ef-9597-e4a8dfc2a9a8,resid_build_sale_price,16,51,0.05662062019109726,0.17936301231384277,4234.0,0.09589763730764389,33,1
StandardGP,a073fe5c-ada3-11ef-9597-e4a8dfc2a9a8,resid_build_sale_price,16,52,0.05662062019109726,0.17668414115905762,4376.0,0.09589763730764389,33,1
StandardGP,a073fe5c-ada3-11ef-9597-e4a8dfc2a9a8,resid_build_sale_price,16,53,0.05662062019109726,0.19024300575256348,4762.0,0.09589763730764389,33,1
StandardGP,a073fe5c-ada3-11ef-9597-e4a8dfc2a9a8,resid_build_sale_price,16,54,0.05662062019109726,0.20626616477966309,5008.0,0.09589763730764389,33,1
StandardGP,a073fe5c-ada3-11ef-9597-e4a8dfc2a9a8,resid_build_sale_price,16,55,0.05662062019109726,0.2464611530303955,5704.0,0.09589763730764389,33,1
StandardGP,a073fe5c-ada3-11ef-9597-e4a8dfc2a9a8,resid_build_sale_price,16,56,0.05662062019109726,0.2304823398590088,5808.0,0.09589763730764389,33,1
StandardGP,a073fe5c-ada3-11ef-9597-e4a8dfc2a9a8,resid_build_sale_price,16,57,0.05662062019109726,0.2666130065917969,6176.0,0.09589763730764389,33,1
StandardGP,a073fe5c-ada3-11ef-9597-e4a8dfc2a9a8,resid_build_sale_price,16,58,0.05662062019109726,0.2879056930541992,6860.0,0.09589763730764389,33,1
StandardGP,a073fe5c-ada3-11ef-9597-e4a8dfc2a9a8,resid_build_sale_price,16,59,0.05662062019109726,0.2593066692352295,6324.0,0.09589763730764389,33,1
StandardGP,a073fe5c-ada3-11ef-9597-e4a8dfc2a9a8,resid_build_sale_price,16,60,0.05662062019109726,0.2588653564453125,6316.0,0.09589763730764389,33,1
StandardGP,a073fe5c-ada3-11ef-9597-e4a8dfc2a9a8,resid_build_sale_price,16,61,0.05662062019109726,0.2690870761871338,6530.0,0.09589763730764389,33,1
StandardGP,a073fe5c-ada3-11ef-9597-e4a8dfc2a9a8,resid_build_sale_price,16,62,0.05662062019109726,0.3123018741607666,7156.0,0.09589763730764389,33,1
StandardGP,a073fe5c-ada3-11ef-9597-e4a8dfc2a9a8,resid_build_sale_price,16,63,0.05662062019109726,0.2902867794036865,6992.0,0.09589763730764389,33,1
StandardGP,a073fe5c-ada3-11ef-9597-e4a8dfc2a9a8,resid_build_sale_price,16,64,0.05662062019109726,0.27091550827026367,6564.0,0.09589763730764389,33,1
StandardGP,a073fe5c-ada3-11ef-9597-e4a8dfc2a9a8,resid_build_sale_price,16,65,0.05662062019109726,0.2919468879699707,7068.0,0.09589763730764389,33,1
StandardGP,a073fe5c-ada3-11ef-9597-e4a8dfc2a9a8,resid_build_sale_price,16,66,0.05662062019109726,0.2881159782409668,6744.0,0.09589763730764389,33,1
StandardGP,a073fe5c-ada3-11ef-9597-e4a8dfc2a9a8,resid_build_sale_price,16,67,0.05662062019109726,0.34538793563842773,7228.0,0.09589763730764389,33,1
StandardGP,a073fe5c-ada3-11ef-9597-e4a8dfc2a9a8,resid_build_sale_price,16,68,0.05662062019109726,0.3269178867340088,7554.0,0.09589763730764389,33,1
StandardGP,a073fe5c-ada3-11ef-9597-e4a8dfc2a9a8,resid_build_sale_price,16,69,0.05662062019109726,0.3234882354736328,7624.0,0.09589763730764389,33,1
StandardGP,a073fe5c-ada3-11ef-9597-e4a8dfc2a9a8,resid_build_sale_price,16,70,0.05662062019109726,0.327498197555542,7816.0,0.09589763730764389,33,1
StandardGP,a073fe5c-ada3-11ef-9597-e4a8dfc2a9a8,resid_build_sale_price,16,71,0.05662062019109726,0.29891180992126465,7200.0,0.09589763730764389,33,1
StandardGP,a073fe5c-ada3-11ef-9597-e4a8dfc2a9a8,resid_build_sale_price,16,72,0.05662062019109726,0.29256391525268555,7252.0,0.09589763730764389,33,1
StandardGP,a073fe5c-ada3-11ef-9597-e4a8dfc2a9a8,resid_build_sale_price,16,73,0.05662062019109726,0.2823781967163086,7106.0,0.09589763730764389,33,1
StandardGP,a073fe5c-ada3-11ef-9597-e4a8dfc2a9a8,resid_build_sale_price,16,74,0.05662062019109726,0.25715088844299316,6356.0,0.09589763730764389,33,1
StandardGP,a073fe5c-ada3-11ef-9597-e4a8dfc2a9a8,resid_build_sale_price,16,75,0.05662062019109726,0.26018214225769043,6506.0,0.09589763730764389,33,1
StandardGP,a073fe5c-ada3-11ef-9597-e4a8dfc2a9a8,resid_build_sale_price,16,76,0.05662062019109726,0.26259684562683105,6334.0,0.09589763730764389,33,1
StandardGP,a073fe5c-ada3-11ef-9597-e4a8dfc2a9a8,resid_build_sale_price,16,77,0.05662062019109726,0.2823185920715332,6972.0,0.09589763730764389,33,1
StandardGP,a073fe5c-ada3-11ef-9597-e4a8dfc2a9a8,resid_build_sale_price,16,78,0.05662062019109726,0.26186299324035645,6084.0,0.09589763730764389,33,1
StandardGP,a073fe5c-ada3-11ef-9597-e4a8dfc2a9a8,resid_build_sale_price,16,79,0.05662062019109726,0.24291133880615234,6074.0,0.09589763730764389,33,1
StandardGP,a073fe5c-ada3-11ef-9597-e4a8dfc2a9a8,resid_build_sale_price,16,80,0.05662062019109726,0.2302722930908203,5720.0,0.09589763730764389,33,1
StandardGP,a073fe5c-ada3-11ef-9597-e4a8dfc2a9a8,resid_build_sale_price,16,81,0.05662062019109726,0.23402047157287598,5892.0,0.09589763730764389,33,1
StandardGP,a073fe5c-ada3-11ef-9597-e4a8dfc2a9a8,resid_build_sale_price,16,82,0.05662062019109726,0.21953082084655762,5518.0,0.09589763730764389,33,1
StandardGP,a073fe5c-ada3-11ef-9597-e4a8dfc2a9a8,resid_build_sale_price,16,83,0.05662062019109726,0.21883749961853027,5346.0,0.09589763730764389,33,1
StandardGP,a073fe5c-ada3-11ef-9597-e4a8dfc2a9a8,resid_build_sale_price,16,84,0.05662062019109726,0.20727252960205078,5242.0,0.09589763730764389,33,1
StandardGP,a073fe5c-ada3-11ef-9597-e4a8dfc2a9a8,resid_build_sale_price,16,85,0.05662062019109726,0.21423840522766113,5208.0,0.09589763730764389,33,1
StandardGP,a073fe5c-ada3-11ef-9597-e4a8dfc2a9a8,resid_build_sale_price,16,86,0.05662062019109726,0.22341275215148926,5240.0,0.09589763730764389,33,1
StandardGP,a073fe5c-ada3-11ef-9597-e4a8dfc2a9a8,resid_build_sale_price,16,87,0.05662062019109726,0.19780278205871582,4852.0,0.09589763730764389,33,1
StandardGP,a073fe5c-ada3-11ef-9597-e4a8dfc2a9a8,resid_build_sale_price,16,88,0.05662062019109726,0.19926953315734863,4822.0,0.09589763730764389,33,1
StandardGP,a073fe5c-ada3-11ef-9597-e4a8dfc2a9a8,resid_build_sale_price,16,89,0.05662062019109726,0.20931506156921387,5072.0,0.09589763730764389,33,1
StandardGP,a073fe5c-ada3-11ef-9597-e4a8dfc2a9a8,resid_build_sale_price,16,90,0.05662062019109726,0.22185969352722168,5370.0,0.09589763730764389,33,1
StandardGP,a073fe5c-ada3-11ef-9597-e4a8dfc2a9a8,resid_build_sale_price,16,91,0.05662062019109726,0.2432875633239746,5848.0,0.09589763730764389,33,1
StandardGP,a073fe5c-ada3-11ef-9597-e4a8dfc2a9a8,resid_build_sale_price,16,92,0.05662062019109726,0.2609083652496338,6152.0,0.09589763730764389,33,1
StandardGP,a073fe5c-ada3-11ef-9597-e4a8dfc2a9a8,resid_build_sale_price,16,93,0.05662062019109726,0.27599620819091797,6384.0,0.09589763730764389,33,1
StandardGP,a073fe5c-ada3-11ef-9597-e4a8dfc2a9a8,resid_build_sale_price,16,94,0.05662062019109726,0.2732880115509033,6610.0,0.09589763730764389,33,1
StandardGP,a073fe5c-ada3-11ef-9597-e4a8dfc2a9a8,resid_build_sale_price,16,95,0.05662062019109726,0.2691836357116699,6882.0,0.09589763730764389,33,1
StandardGP,a073fe5c-ada3-11ef-9597-e4a8dfc2a9a8,resid_build_sale_price,16,96,0.05662062019109726,0.260723352432251,6648.0,0.09589763730764389,33,1
StandardGP,a073fe5c-ada3-11ef-9597-e4a8dfc2a9a8,resid_build_sale_price,16,97,0.05662062019109726,0.2713141441345215,6646.0,0.09589763730764389,33,1
StandardGP,a073fe5c-ada3-11ef-9597-e4a8dfc2a9a8,resid_build_sale_price,16,98,0.05662062019109726,0.24192404747009277,6222.0,0.09589763730764389,33,1
StandardGP,a073fe5c-ada3-11ef-9597-e4a8dfc2a9a8,resid_build_sale_price,16,99,0.05662062019109726,0.2284231185913086,6056.0,0.09589763730764389,33,1
StandardGP,a073fe5c-ada3-11ef-9597-e4a8dfc2a9a8,resid_build_sale_price,16,100,0.05662062019109726,0.23817753791809082,6072.0,0.09589763730764389,33,1
StandardGP,577ad313-ada4-11ef-8cdd-e4a8dfc2a9a8,resid_build_sale_price,16,0,122.61341094970703,0.08351922035217285,1350.0,173.56173706054688,5,1
StandardGP,577ad313-ada4-11ef-8cdd-e4a8dfc2a9a8,resid_build_sale_price,16,1,106.76866149902344,0.0405426025390625,1104.0,151.68251037597656,3,1
StandardGP,577ad313-ada4-11ef-8cdd-e4a8dfc2a9a8,resid_build_sale_price,16,2,106.76866149902344,0.03900265693664551,1016.0,151.68251037597656,3,1
StandardGP,577ad313-ada4-11ef-8cdd-e4a8dfc2a9a8,resid_build_sale_price,16,3,84.32711791992188,0.041524410247802734,1292.0,133.64154052734375,5,1
StandardGP,577ad313-ada4-11ef-8cdd-e4a8dfc2a9a8,resid_build_sale_price,16,4,84.32711791992188,0.03299975395202637,1188.0,133.64154052734375,5,1
StandardGP,577ad313-ada4-11ef-8cdd-e4a8dfc2a9a8,resid_build_sale_price,16,5,84.32711791992188,0.035996198654174805,1322.0,133.64154052734375,5,1
StandardGP,577ad313-ada4-11ef-8cdd-e4a8dfc2a9a8,resid_build_sale_price,16,6,81.93608093261719,0.04053950309753418,1644.0,106.35130310058594,5,1
StandardGP,577ad313-ada4-11ef-8cdd-e4a8dfc2a9a8,resid_build_sale_price,16,7,81.93608093261719,0.04199862480163574,1746.0,106.35130310058594,5,1
StandardGP,577ad313-ada4-11ef-8cdd-e4a8dfc2a9a8,resid_build_sale_price,16,8,45.34944534301758,0.03802990913391113,1426.0,83.12213897705078,3,1
StandardGP,577ad313-ada4-11ef-8cdd-e4a8dfc2a9a8,resid_build_sale_price,16,9,45.34944534301758,0.03852057456970215,1422.0,83.12213897705078,3,1
StandardGP,577ad313-ada4-11ef-8cdd-e4a8dfc2a9a8,resid_build_sale_price,16,10,45.34944534301758,0.04199385643005371,1644.0,83.12213897705078,3,1
StandardGP,577ad313-ada4-11ef-8cdd-e4a8dfc2a9a8,resid_build_sale_price,16,11,45.34944534301758,0.05038022994995117,1614.0,83.12213897705078,3,1
StandardGP,577ad313-ada4-11ef-8cdd-e4a8dfc2a9a8,resid_build_sale_price,16,12,45.34944534301758,0.045766592025756836,1618.0,83.12213897705078,3,1
StandardGP,577ad313-ada4-11ef-8cdd-e4a8dfc2a9a8,resid_build_sale_price,16,13,42.103492736816406,0.05177783966064453,1892.0,73.26126861572266,3,1
StandardGP,577ad313-ada4-11ef-8cdd-e4a8dfc2a9a8,resid_build_sale_price,16,14,42.103492736816406,0.04902291297912598,1812.0,73.26126861572266,3,1
StandardGP,577ad313-ada4-11ef-8cdd-e4a8dfc2a9a8,resid_build_sale_price,16,15,42.103492736816406,0.04502081871032715,1620.0,73.26126861572266,3,1
StandardGP,577ad313-ada4-11ef-8cdd-e4a8dfc2a9a8,resid_build_sale_price,16,16,42.103492736816406,0.04553866386413574,1588.0,73.26126861572266,3,1
StandardGP,577ad313-ada4-11ef-8cdd-e4a8dfc2a9a8,resid_build_sale_price,16,17,42.103492736816406,0.05782771110534668,1954.0,73.26126861572266,3,1
StandardGP,577ad313-ada4-11ef-8cdd-e4a8dfc2a9a8,resid_build_sale_price,16,18,42.103492736816406,0.051880836486816406,1826.0,73.26126861572266,3,1
StandardGP,577ad313-ada4-11ef-8cdd-e4a8dfc2a9a8,resid_build_sale_price,16,19,37.74983215332031,0.053693532943725586,1654.0,72.22250366210938,3,1
StandardGP,577ad313-ada4-11ef-8cdd-e4a8dfc2a9a8,resid_build_sale_price,16,20,37.74983215332031,0.044486284255981445,1614.0,72.22250366210938,3,1
StandardGP,577ad313-ada4-11ef-8cdd-e4a8dfc2a9a8,resid_build_sale_price,16,21,37.74983215332031,0.051162004470825195,1706.0,72.22250366210938,3,1
StandardGP,577ad313-ada4-11ef-8cdd-e4a8dfc2a9a8,resid_build_sale_price,16,22,37.74983215332031,0.04109025001525879,1402.0,72.22250366210938,3,1
StandardGP,577ad313-ada4-11ef-8cdd-e4a8dfc2a9a8,resid_build_sale_price,16,23,37.74983215332031,0.03817105293273926,1262.0,72.22250366210938,3,1
StandardGP,577ad313-ada4-11ef-8cdd-e4a8dfc2a9a8,resid_build_sale_price,16,24,37.74983215332031,0.04278850555419922,1376.0,72.22250366210938,3,1
StandardGP,577ad313-ada4-11ef-8cdd-e4a8dfc2a9a8,resid_build_sale_price,16,25,37.74983215332031,0.04069662094116211,1540.0,72.22250366210938,3,1
StandardGP,577ad313-ada4-11ef-8cdd-e4a8dfc2a9a8,resid_build_sale_price,16,26,37.74983215332031,0.038202524185180664,1388.0,72.22250366210938,3,1
StandardGP,577ad313-ada4-11ef-8cdd-e4a8dfc2a9a8,resid_build_sale_price,16,27,37.74983215332031,0.04195213317871094,1448.0,72.22250366210938,3,1
StandardGP,577ad313-ada4-11ef-8cdd-e4a8dfc2a9a8,resid_build_sale_price,16,28,37.74983215332031,0.04130911827087402,1528.0,72.22250366210938,3,1
StandardGP,577ad313-ada4-11ef-8cdd-e4a8dfc2a9a8,resid_build_sale_price,16,29,37.74983215332031,0.05119132995605469,1788.0,72.22250366210938,3,1
StandardGP,577ad313-ada4-11ef-8cdd-e4a8dfc2a9a8,resid_build_sale_price,16,30,37.74983215332031,0.051213979721069336,1904.0,72.22250366210938,3,1
StandardGP,577ad313-ada4-11ef-8cdd-e4a8dfc2a9a8,resid_build_sale_price,16,31,37.74983215332031,0.05809497833251953,2162.0,72.22250366210938,3,1
StandardGP,577ad313-ada4-11ef-8cdd-e4a8dfc2a9a8,resid_build_sale_price,16,32,37.74983215332031,0.060831546783447266,2252.0,72.22250366210938,3,1
StandardGP,577ad313-ada4-11ef-8cdd-e4a8dfc2a9a8,resid_build_sale_price,16,33,37.74983215332031,0.06922435760498047,2342.0,72.22250366210938,3,1
StandardGP,577ad313-ada4-11ef-8cdd-e4a8dfc2a9a8,resid_build_sale_price,16,34,37.74983215332031,0.06449627876281738,2328.0,72.22250366210938,3,1
StandardGP,577ad313-ada4-11ef-8cdd-e4a8dfc2a9a8,resid_build_sale_price,16,35,37.74983215332031,0.06510448455810547,2214.0,72.22250366210938,3,1
StandardGP,577ad313-ada4-11ef-8cdd-e4a8dfc2a9a8,resid_build_sale_price,16,36,37.74983215332031,0.06380748748779297,2164.0,72.22250366210938,3,1
StandardGP,577ad313-ada4-11ef-8cdd-e4a8dfc2a9a8,resid_build_sale_price,16,37,37.74983215332031,0.06304740905761719,2220.0,72.22250366210938,3,1
StandardGP,577ad313-ada4-11ef-8cdd-e4a8dfc2a9a8,resid_build_sale_price,16,38,37.74983215332031,0.06448197364807129,2192.0,72.22250366210938,3,1
StandardGP,577ad313-ada4-11ef-8cdd-e4a8dfc2a9a8,resid_build_sale_price,16,39,37.74983215332031,0.0547792911529541,2044.0,72.22250366210938,3,1
StandardGP,577ad313-ada4-11ef-8cdd-e4a8dfc2a9a8,resid_build_sale_price,16,40,37.74983215332031,0.05623602867126465,1982.0,72.22250366210938,3,1
StandardGP,577ad313-ada4-11ef-8cdd-e4a8dfc2a9a8,resid_build_sale_price,16,41,37.74983215332031,0.07179045677185059,2362.0,72.22250366210938,3,1
StandardGP,577ad313-ada4-11ef-8cdd-e4a8dfc2a9a8,resid_build_sale_price,16,42,37.74983215332031,0.07291841506958008,2616.0,72.22250366210938,3,1
StandardGP,577ad313-ada4-11ef-8cdd-e4a8dfc2a9a8,resid_build_sale_price,16,43,37.74983215332031,0.06783843040466309,2304.0,72.22250366210938,3,1
StandardGP,577ad313-ada4-11ef-8cdd-e4a8dfc2a9a8,resid_build_sale_price,16,44,37.74983215332031,0.0642554759979248,2314.0,72.22250366210938,3,1
StandardGP,577ad313-ada4-11ef-8cdd-e4a8dfc2a9a8,resid_build_sale_price,16,45,37.74983215332031,0.059151649475097656,2172.0,72.22250366210938,3,1
StandardGP,577ad313-ada4-11ef-8cdd-e4a8dfc2a9a8,resid_build_sale_price,16,46,37.03316879272461,0.06403040885925293,2328.0,72.09284973144531,19,1
StandardGP,577ad313-ada4-11ef-8cdd-e4a8dfc2a9a8,resid_build_sale_price,16,47,36.65019989013672,0.059374332427978516,2420.0,68.51397705078125,17,1
StandardGP,577ad313-ada4-11ef-8cdd-e4a8dfc2a9a8,resid_build_sale_price,16,48,36.65019989013672,0.05841946601867676,2350.0,68.51397705078125,17,1
StandardGP,577ad313-ada4-11ef-8cdd-e4a8dfc2a9a8,resid_build_sale_price,16,49,36.65019989013672,0.060445547103881836,2360.0,68.51397705078125,17,1
StandardGP,577ad313-ada4-11ef-8cdd-e4a8dfc2a9a8,resid_build_sale_price,16,50,36.65019989013672,0.05601143836975098,2262.0,68.51397705078125,17,1
StandardGP,577ad313-ada4-11ef-8cdd-e4a8dfc2a9a8,resid_build_sale_price,16,51,36.65019989013672,0.06488299369812012,2410.0,68.51397705078125,17,1
StandardGP,577ad313-ada4-11ef-8cdd-e4a8dfc2a9a8,resid_build_sale_price,16,52,36.65019989013672,0.059126853942871094,2614.0,68.51397705078125,17,1
StandardGP,577ad313-ada4-11ef-8cdd-e4a8dfc2a9a8,resid_build_sale_price,16,53,36.65019989013672,0.06350111961364746,2744.0,68.51397705078125,17,1
StandardGP,577ad313-ada4-11ef-8cdd-e4a8dfc2a9a8,resid_build_sale_price,16,54,36.65019989013672,0.06444287300109863,2598.0,68.51397705078125,17,1
StandardGP,577ad313-ada4-11ef-8cdd-e4a8dfc2a9a8,resid_build_sale_price,16,55,36.65019989013672,0.06718206405639648,2800.0,68.51397705078125,17,1
StandardGP,577ad313-ada4-11ef-8cdd-e4a8dfc2a9a8,resid_build_sale_price,16,56,36.65019989013672,0.07450699806213379,2852.0,68.51397705078125,17,1
StandardGP,577ad313-ada4-11ef-8cdd-e4a8dfc2a9a8,resid_build_sale_price,16,57,36.65019989013672,0.0693671703338623,2582.0,68.51397705078125,17,1
StandardGP,577ad313-ada4-11ef-8cdd-e4a8dfc2a9a8,resid_build_sale_price,16,58,36.65019989013672,0.06928300857543945,2906.0,68.51397705078125,17,1
StandardGP,577ad313-ada4-11ef-8cdd-e4a8dfc2a9a8,resid_build_sale_price,16,59,36.65019989013672,0.07547259330749512,3010.0,68.51397705078125,17,1
StandardGP,577ad313-ada4-11ef-8cdd-e4a8dfc2a9a8,resid_build_sale_price,16,60,36.65019989013672,0.07008934020996094,2742.0,68.51397705078125,17,1
StandardGP,577ad313-ada4-11ef-8cdd-e4a8dfc2a9a8,resid_build_sale_price,16,61,36.65019989013672,0.07302284240722656,2944.0,68.51397705078125,17,1
StandardGP,577ad313-ada4-11ef-8cdd-e4a8dfc2a9a8,resid_build_sale_price,16,62,36.65019989013672,0.08081483840942383,3466.0,68.51397705078125,17,1
StandardGP,577ad313-ada4-11ef-8cdd-e4a8dfc2a9a8,resid_build_sale_price,16,63,36.65019989013672,0.09392833709716797,3718.0,68.51397705078125,17,1
StandardGP,577ad313-ada4-11ef-8cdd-e4a8dfc2a9a8,resid_build_sale_price,16,64,36.65019989013672,0.10160946846008301,3912.0,68.51397705078125,17,1
StandardGP,577ad313-ada4-11ef-8cdd-e4a8dfc2a9a8,resid_build_sale_price,16,65,36.65019989013672,0.10875725746154785,4136.0,68.51397705078125,17,1
StandardGP,577ad313-ada4-11ef-8cdd-e4a8dfc2a9a8,resid_build_sale_price,16,66,36.65019989013672,0.10197973251342773,4086.0,68.51397705078125,17,1
StandardGP,577ad313-ada4-11ef-8cdd-e4a8dfc2a9a8,resid_build_sale_price,16,67,36.65019989013672,0.10688996315002441,4324.0,68.51397705078125,17,1
StandardGP,577ad313-ada4-11ef-8cdd-e4a8dfc2a9a8,resid_build_sale_price,16,68,36.65019989013672,0.12504911422729492,4750.0,68.51397705078125,17,1
StandardGP,577ad313-ada4-11ef-8cdd-e4a8dfc2a9a8,resid_build_sale_price,16,69,34.69355010986328,0.11273694038391113,4764.0,71.47769927978516,5,1
StandardGP,577ad313-ada4-11ef-8cdd-e4a8dfc2a9a8,resid_build_sale_price,16,70,34.69355010986328,0.10364151000976562,4184.0,71.47769927978516,5,1
StandardGP,577ad313-ada4-11ef-8cdd-e4a8dfc2a9a8,resid_build_sale_price,16,71,34.69355010986328,0.10260462760925293,3806.0,71.47769927978516,5,1
StandardGP,577ad313-ada4-11ef-8cdd-e4a8dfc2a9a8,resid_build_sale_price,16,72,34.69355010986328,0.09108567237854004,3722.0,71.47769927978516,5,1
StandardGP,577ad313-ada4-11ef-8cdd-e4a8dfc2a9a8,resid_build_sale_price,16,73,34.69355010986328,0.09351849555969238,3626.0,71.47769927978516,5,1
StandardGP,577ad313-ada4-11ef-8cdd-e4a8dfc2a9a8,resid_build_sale_price,16,74,34.69355010986328,0.09306907653808594,3282.0,71.47769927978516,5,1
StandardGP,577ad313-ada4-11ef-8cdd-e4a8dfc2a9a8,resid_build_sale_price,16,75,34.69355010986328,0.0887460708618164,3410.0,71.47769927978516,5,1
StandardGP,577ad313-ada4-11ef-8cdd-e4a8dfc2a9a8,resid_build_sale_price,16,76,34.69355010986328,0.10364294052124023,3642.0,71.47769927978516,5,1
StandardGP,577ad313-ada4-11ef-8cdd-e4a8dfc2a9a8,resid_build_sale_price,16,77,34.69355010986328,0.1219022274017334,4134.0,71.47769927978516,5,1
StandardGP,577ad313-ada4-11ef-8cdd-e4a8dfc2a9a8,resid_build_sale_price,16,78,34.69355010986328,0.12941718101501465,4802.0,71.47769927978516,5,1
StandardGP,577ad313-ada4-11ef-8cdd-e4a8dfc2a9a8,resid_build_sale_price,16,79,34.69355010986328,0.13773465156555176,4768.0,71.47769927978516,5,1
StandardGP,577ad313-ada4-11ef-8cdd-e4a8dfc2a9a8,resid_build_sale_price,16,80,34.69355010986328,0.18238353729248047,5690.0,71.47769927978516,5,1
StandardGP,577ad313-ada4-11ef-8cdd-e4a8dfc2a9a8,resid_build_sale_price,16,81,34.69355010986328,0.17374062538146973,5864.0,71.47769927978516,5,1
StandardGP,577ad313-ada4-11ef-8cdd-e4a8dfc2a9a8,resid_build_sale_price,16,82,34.69355010986328,0.1595931053161621,5990.0,71.47769927978516,5,1
StandardGP,577ad313-ada4-11ef-8cdd-e4a8dfc2a9a8,resid_build_sale_price,16,83,34.69355010986328,0.1614372730255127,5990.0,71.47769927978516,5,1
StandardGP,577ad313-ada4-11ef-8cdd-e4a8dfc2a9a8,resid_build_sale_price,16,84,34.69355010986328,0.17633271217346191,6580.0,71.47769927978516,5,1
StandardGP,577ad313-ada4-11ef-8cdd-e4a8dfc2a9a8,resid_build_sale_price,16,85,34.69355010986328,0.20154404640197754,6820.0,71.47769927978516,5,1
StandardGP,577ad313-ada4-11ef-8cdd-e4a8dfc2a9a8,resid_build_sale_price,16,86,34.69355010986328,0.1676931381225586,6310.0,71.47769927978516,5,1
StandardGP,577ad313-ada4-11ef-8cdd-e4a8dfc2a9a8,resid_build_sale_price,16,87,34.69355010986328,0.19751191139221191,7078.0,71.47769927978516,5,1
StandardGP,577ad313-ada4-11ef-8cdd-e4a8dfc2a9a8,resid_build_sale_price,16,88,34.69355010986328,0.18915843963623047,7364.0,71.47769927978516,5,1
StandardGP,577ad313-ada4-11ef-8cdd-e4a8dfc2a9a8,resid_build_sale_price,16,89,34.69355010986328,0.20406770706176758,7584.0,71.47769927978516,5,1
StandardGP,577ad313-ada4-11ef-8cdd-e4a8dfc2a9a8,resid_build_sale_price,16,90,34.69355010986328,0.18064355850219727,7408.0,71.47769927978516,5,1
StandardGP,577ad313-ada4-11ef-8cdd-e4a8dfc2a9a8,resid_build_sale_price,16,91,34.69355010986328,0.1875901222229004,7236.0,71.47769927978516,5,1
StandardGP,577ad313-ada4-11ef-8cdd-e4a8dfc2a9a8,resid_build_sale_price,16,92,34.69355010986328,0.19023871421813965,7426.0,71.47769927978516,5,1
StandardGP,577ad313-ada4-11ef-8cdd-e4a8dfc2a9a8,resid_build_sale_price,16,93,34.69355010986328,0.17849302291870117,6936.0,71.47769927978516,5,1
StandardGP,577ad313-ada4-11ef-8cdd-e4a8dfc2a9a8,resid_build_sale_price,16,94,34.69355010986328,0.17299461364746094,6682.0,71.47769927978516,5,1
StandardGP,577ad313-ada4-11ef-8cdd-e4a8dfc2a9a8,resid_build_sale_price,16,95,34.69355010986328,0.18184781074523926,6900.0,71.47769927978516,5,1
StandardGP,577ad313-ada4-11ef-8cdd-e4a8dfc2a9a8,resid_build_sale_price,16,96,34.69355010986328,0.16625380516052246,6780.0,71.47769927978516,5,1
StandardGP,577ad313-ada4-11ef-8cdd-e4a8dfc2a9a8,resid_build_sale_price,16,97,34.69355010986328,0.18092775344848633,6644.0,71.47769927978516,5,1
StandardGP,577ad313-ada4-11ef-8cdd-e4a8dfc2a9a8,resid_build_sale_price,16,98,34.69355010986328,0.16177916526794434,6418.0,71.47769927978516,5,1
StandardGP,577ad313-ada4-11ef-8cdd-e4a8dfc2a9a8,resid_build_sale_price,16,99,34.69355010986328,0.25513219833374023,6454.0,71.47769927978516,5,1
StandardGP,577ad313-ada4-11ef-8cdd-e4a8dfc2a9a8,resid_build_sale_price,16,100,34.69355010986328,0.17438030242919922,6180.0,71.47769927978516,5,1
StandardGP,d27859e7-ada5-11ef-935c-e4a8dfc2a9a8,resid_build_sale_price,16,0,0.14255572855472565,0.0612337589263916,1350.0,0.21786952018737793,3,1
StandardGP,d27859e7-ada5-11ef-935c-e4a8dfc2a9a8,resid_build_sale_price,16,1,0.14255572855472565,0.02395176887512207,758.0,0.21786952018737793,3,1
StandardGP,d27859e7-ada5-11ef-935c-e4a8dfc2a9a8,resid_build_sale_price,16,2,0.14255572855472565,0.02133774757385254,608.0,0.21786952018737793,3,1
StandardGP,d27859e7-ada5-11ef-935c-e4a8dfc2a9a8,resid_build_sale_price,16,3,0.14255572855472565,0.020224571228027344,582.0,0.21786952018737793,3,1
StandardGP,d27859e7-ada5-11ef-935c-e4a8dfc2a9a8,resid_build_sale_price,16,4,0.14255572855472565,0.0180051326751709,616.0,0.21786952018737793,3,1
StandardGP,d27859e7-ada5-11ef-935c-e4a8dfc2a9a8,resid_build_sale_price,16,5,0.14255572855472565,0.01949167251586914,646.0,0.21786952018737793,3,1
StandardGP,d27859e7-ada5-11ef-935c-e4a8dfc2a9a8,resid_build_sale_price,16,6,0.14255572855472565,0.020951032638549805,730.0,0.21786952018737793,3,1
StandardGP,d27859e7-ada5-11ef-935c-e4a8dfc2a9a8,resid_build_sale_price,16,7,0.13512560725212097,0.02216172218322754,820.0,0.20219029486179352,7,1
StandardGP,d27859e7-ada5-11ef-935c-e4a8dfc2a9a8,resid_build_sale_price,16,8,0.13440203666687012,0.020022869110107422,806.0,0.19439387321472168,5,1
StandardGP,d27859e7-ada5-11ef-935c-e4a8dfc2a9a8,resid_build_sale_price,16,9,0.13340845704078674,0.022187232971191406,772.0,0.19438350200653076,5,1
StandardGP,d27859e7-ada5-11ef-935c-e4a8dfc2a9a8,resid_build_sale_price,16,10,0.13340845704078674,0.021270751953125,808.0,0.19438350200653076,5,1
StandardGP,d27859e7-ada5-11ef-935c-e4a8dfc2a9a8,resid_build_sale_price,16,11,0.12982018291950226,0.02035212516784668,842.0,0.2024690806865692,3,1
StandardGP,d27859e7-ada5-11ef-935c-e4a8dfc2a9a8,resid_build_sale_price,16,12,0.12982018291950226,0.021045446395874023,798.0,0.2024690806865692,3,1
StandardGP,d27859e7-ada5-11ef-935c-e4a8dfc2a9a8,resid_build_sale_price,16,13,0.12982018291950226,0.0198974609375,716.0,0.2024690806865692,3,1
StandardGP,d27859e7-ada5-11ef-935c-e4a8dfc2a9a8,resid_build_sale_price,16,14,0.12982018291950226,0.017711400985717773,652.0,0.2024690806865692,3,1
StandardGP,d27859e7-ada5-11ef-935c-e4a8dfc2a9a8,resid_build_sale_price,16,15,0.12982018291950226,0.019000530242919922,686.0,0.2024690806865692,3,1
StandardGP,d27859e7-ada5-11ef-935c-e4a8dfc2a9a8,resid_build_sale_price,16,16,0.12982018291950226,0.020000219345092773,746.0,0.2024690806865692,3,1
StandardGP,d27859e7-ada5-11ef-935c-e4a8dfc2a9a8,resid_build_sale_price,16,17,0.12982018291950226,0.02100396156311035,858.0,0.2024690806865692,3,1
StandardGP,d27859e7-ada5-11ef-935c-e4a8dfc2a9a8,resid_build_sale_price,16,18,0.12982018291950226,0.024030685424804688,988.0,0.2024690806865692,3,1
StandardGP,d27859e7-ada5-11ef-935c-e4a8dfc2a9a8,resid_build_sale_price,16,19,0.12982018291950226,0.022661685943603516,1006.0,0.2024690806865692,3,1
StandardGP,d27859e7-ada5-11ef-935c-e4a8dfc2a9a8,resid_build_sale_price,16,20,0.12982018291950226,0.027100086212158203,1258.0,0.2024690806865692,3,1
StandardGP,d27859e7-ada5-11ef-935c-e4a8dfc2a9a8,resid_build_sale_price,16,21,0.12982018291950226,0.03296399116516113,1650.0,0.2024690806865692,3,1
StandardGP,d27859e7-ada5-11ef-935c-e4a8dfc2a9a8,resid_build_sale_price,16,22,0.12982018291950226,0.03861355781555176,1880.0,0.2024690806865692,3,1
StandardGP,d27859e7-ada5-11ef-935c-e4a8dfc2a9a8,resid_build_sale_price,16,23,0.12982018291950226,0.04044985771179199,2070.0,0.2024690806865692,3,1
StandardGP,d27859e7-ada5-11ef-935c-e4a8dfc2a9a8,resid_build_sale_price,16,24,0.12982018291950226,0.04664874076843262,2376.0,0.2024690806865692,3,1
StandardGP,d27859e7-ada5-11ef-935c-e4a8dfc2a9a8,resid_build_sale_price,16,25,0.12982018291950226,0.04674649238586426,2660.0,0.2024690806865692,3,1
StandardGP,d27859e7-ada5-11ef-935c-e4a8dfc2a9a8,resid_build_sale_price,16,26,0.11648808419704437,0.047495126724243164,2636.0,0.1554126888513565,3,1
StandardGP,d27859e7-ada5-11ef-935c-e4a8dfc2a9a8,resid_build_sale_price,16,27,0.08153083175420761,0.055674076080322266,3166.0,0.09275820851325989,7,1
StandardGP,d27859e7-ada5-11ef-935c-e4a8dfc2a9a8,resid_build_sale_price,16,28,0.08153083175420761,0.05364847183227539,2904.0,0.09275820851325989,7,1
StandardGP,d27859e7-ada5-11ef-935c-e4a8dfc2a9a8,resid_build_sale_price,16,29,0.08153083175420761,0.05004382133483887,2744.0,0.09275820851325989,7,1
StandardGP,d27859e7-ada5-11ef-935c-e4a8dfc2a9a8,resid_build_sale_price,16,30,0.08153083175420761,0.0421442985534668,2386.0,0.09275820851325989,7,1
StandardGP,d27859e7-ada5-11ef-935c-e4a8dfc2a9a8,resid_build_sale_price,16,31,0.05664502829313278,0.03847551345825195,2056.0,0.09589763730764389,9,1
StandardGP,d27859e7-ada5-11ef-935c-e4a8dfc2a9a8,resid_build_sale_price,16,32,0.05664502829313278,0.04187726974487305,2258.0,0.09589763730764389,9,1
StandardGP,d27859e7-ada5-11ef-935c-e4a8dfc2a9a8,resid_build_sale_price,16,33,0.05664502829313278,0.03879237174987793,2150.0,0.09589763730764389,9,1
StandardGP,d27859e7-ada5-11ef-935c-e4a8dfc2a9a8,resid_build_sale_price,16,34,0.05664502829313278,0.03997182846069336,2172.0,0.09589763730764389,9,1
StandardGP,d27859e7-ada5-11ef-935c-e4a8dfc2a9a8,resid_build_sale_price,16,35,0.05664502829313278,0.04365229606628418,2394.0,0.09589763730764389,9,1
StandardGP,d27859e7-ada5-11ef-935c-e4a8dfc2a9a8,resid_build_sale_price,16,36,0.05664502829313278,0.043996334075927734,2340.0,0.09589763730764389,9,1
StandardGP,d27859e7-ada5-11ef-935c-e4a8dfc2a9a8,resid_build_sale_price,16,37,0.05664502829313278,0.04705691337585449,2564.0,0.09589763730764389,9,1
StandardGP,d27859e7-ada5-11ef-935c-e4a8dfc2a9a8,resid_build_sale_price,16,38,0.05664502829313278,0.04865622520446777,2502.0,0.09589763730764389,9,1
StandardGP,d27859e7-ada5-11ef-935c-e4a8dfc2a9a8,resid_build_sale_price,16,39,0.05664502829313278,0.042780160903930664,2222.0,0.09589763730764389,9,1
StandardGP,d27859e7-ada5-11ef-935c-e4a8dfc2a9a8,resid_build_sale_price,16,40,0.05664502829313278,0.04351806640625,2334.0,0.09589763730764389,9,1
StandardGP,d27859e7-ada5-11ef-935c-e4a8dfc2a9a8,resid_build_sale_price,16,41,0.05664502829313278,0.04121041297912598,2264.0,0.09589763730764389,9,1
StandardGP,d27859e7-ada5-11ef-935c-e4a8dfc2a9a8,resid_build_sale_price,16,42,0.05664502829313278,0.05284905433654785,2944.0,0.09589763730764389,9,1
StandardGP,d27859e7-ada5-11ef-935c-e4a8dfc2a9a8,resid_build_sale_price,16,43,0.05664502829313278,0.04961133003234863,2742.0,0.09589763730764389,9,1
StandardGP,d27859e7-ada5-11ef-935c-e4a8dfc2a9a8,resid_build_sale_price,16,44,0.05664502829313278,0.05199885368347168,3054.0,0.09589763730764389,9,1
StandardGP,d27859e7-ada5-11ef-935c-e4a8dfc2a9a8,resid_build_sale_price,16,45,0.05664502829313278,0.061591386795043945,3754.0,0.09589763730764389,9,1
StandardGP,d27859e7-ada5-11ef-935c-e4a8dfc2a9a8,resid_build_sale_price,16,46,0.05664502829313278,0.05636453628540039,3174.0,0.09589763730764389,9,1
StandardGP,d27859e7-ada5-11ef-935c-e4a8dfc2a9a8,resid_build_sale_price,16,47,0.05664502829313278,0.061504364013671875,3766.0,0.09589763730764389,9,1
StandardGP,d27859e7-ada5-11ef-935c-e4a8dfc2a9a8,resid_build_sale_price,16,48,0.05664502829313278,0.061089515686035156,3704.0,0.09589763730764389,9,1
StandardGP,d27859e7-ada5-11ef-935c-e4a8dfc2a9a8,resid_build_sale_price,16,49,0.05664502829313278,0.0707099437713623,4182.0,0.09589763730764389,9,1
StandardGP,d27859e7-ada5-11ef-935c-e4a8dfc2a9a8,resid_build_sale_price,16,50,0.05664502829313278,0.07557392120361328,4210.0,0.09589763730764389,9,1
StandardGP,d27859e7-ada5-11ef-935c-e4a8dfc2a9a8,resid_build_sale_price,16,51,0.05664502829313278,0.07392144203186035,4168.0,0.09589763730764389,9,1
StandardGP,d27859e7-ada5-11ef-935c-e4a8dfc2a9a8,resid_build_sale_price,16,52,0.05664502829313278,0.07029938697814941,3988.0,0.09589763730764389,9,1
StandardGP,d27859e7-ada5-11ef-935c-e4a8dfc2a9a8,resid_build_sale_price,16,53,0.05664502829313278,0.07199430465698242,4350.0,0.09589763730764389,9,1
StandardGP,d27859e7-ada5-11ef-935c-e4a8dfc2a9a8,resid_build_sale_price,16,54,0.05664502829313278,0.07453608512878418,4252.0,0.09589763730764389,9,1
StandardGP,d27859e7-ada5-11ef-935c-e4a8dfc2a9a8,resid_build_sale_price,16,55,0.05664502829313278,0.06782174110412598,3784.0,0.09589763730764389,9,1
StandardGP,d27859e7-ada5-11ef-935c-e4a8dfc2a9a8,resid_build_sale_price,16,56,0.05664502829313278,0.06156492233276367,3404.0,0.09589763730764389,9,1
StandardGP,d27859e7-ada5-11ef-935c-e4a8dfc2a9a8,resid_build_sale_price,16,57,0.05664502829313278,0.06381821632385254,3786.0,0.09589763730764389,9,1
StandardGP,d27859e7-ada5-11ef-935c-e4a8dfc2a9a8,resid_build_sale_price,16,58,0.05664502829313278,0.07710456848144531,4566.0,0.09589763730764389,9,1
StandardGP,d27859e7-ada5-11ef-935c-e4a8dfc2a9a8,resid_build_sale_price,16,59,0.05664502829313278,0.07561612129211426,4616.0,0.09589763730764389,9,1
StandardGP,d27859e7-ada5-11ef-935c-e4a8dfc2a9a8,resid_build_sale_price,16,60,0.05664502829313278,0.0800638198852539,4726.0,0.09589763730764389,9,1
StandardGP,d27859e7-ada5-11ef-935c-e4a8dfc2a9a8,resid_build_sale_price,16,61,0.05664502829313278,0.0817403793334961,4912.0,0.09589763730764389,9,1
StandardGP,d27859e7-ada5-11ef-935c-e4a8dfc2a9a8,resid_build_sale_price,16,62,0.05664502829313278,0.08211255073547363,4784.0,0.09589763730764389,9,1
StandardGP,d27859e7-ada5-11ef-935c-e4a8dfc2a9a8,resid_build_sale_price,16,63,0.05664502829313278,0.07164621353149414,4228.0,0.09589763730764389,9,1
StandardGP,d27859e7-ada5-11ef-935c-e4a8dfc2a9a8,resid_build_sale_price,16,64,0.05664502829313278,0.08041191101074219,4644.0,0.09589763730764389,9,1
StandardGP,d27859e7-ada5-11ef-935c-e4a8dfc2a9a8,resid_build_sale_price,16,65,0.05664502829313278,0.07604360580444336,4272.0,0.09589763730764389,9,1
StandardGP,d27859e7-ada5-11ef-935c-e4a8dfc2a9a8,resid_build_sale_price,16,66,0.05664502829313278,0.06921815872192383,3952.0,0.09589763730764389,9,1
StandardGP,d27859e7-ada5-11ef-935c-e4a8dfc2a9a8,resid_build_sale_price,16,67,0.05664502829313278,0.0742802619934082,4058.0,0.09589763730764389,9,1
StandardGP,d27859e7-ada5-11ef-935c-e4a8dfc2a9a8,resid_build_sale_price,16,68,0.05664502829313278,0.09069299697875977,4844.0,0.09589763730764389,9,1
StandardGP,d27859e7-ada5-11ef-935c-e4a8dfc2a9a8,resid_build_sale_price,16,69,0.05664502829313278,0.0728597640991211,4118.0,0.09589763730764389,9,1
StandardGP,d27859e7-ada5-11ef-935c-e4a8dfc2a9a8,resid_build_sale_price,16,70,0.05664502829313278,0.08097314834594727,4662.0,0.09589763730764389,9,1
StandardGP,d27859e7-ada5-11ef-935c-e4a8dfc2a9a8,resid_build_sale_price,16,71,0.05664502829313278,0.07069706916809082,4004.0,0.09589763730764389,9,1
StandardGP,d27859e7-ada5-11ef-935c-e4a8dfc2a9a8,resid_build_sale_price,16,72,0.05664502829313278,0.07237792015075684,3658.0,0.09589763730764389,9,1
StandardGP,d27859e7-ada5-11ef-935c-e4a8dfc2a9a8,resid_build_sale_price,16,73,0.05664502829313278,0.06500601768493652,3626.0,0.09589763730764389,9,1
StandardGP,d27859e7-ada5-11ef-935c-e4a8dfc2a9a8,resid_build_sale_price,16,74,0.05664502829313278,0.07552337646484375,4144.0,0.09589763730764389,9,1
StandardGP,d27859e7-ada5-11ef-935c-e4a8dfc2a9a8,resid_build_sale_price,16,75,0.05664502829313278,0.08657550811767578,4842.0,0.09589763730764389,9,1
StandardGP,d27859e7-ada5-11ef-935c-e4a8dfc2a9a8,resid_build_sale_price,16,76,0.05664502829313278,0.09752464294433594,5590.0,0.09589763730764389,9,1
StandardGP,d27859e7-ada5-11ef-935c-e4a8dfc2a9a8,resid_build_sale_price,16,77,0.05664502829313278,0.10653448104858398,6134.0,0.09589763730764389,9,1
StandardGP,d27859e7-ada5-11ef-935c-e4a8dfc2a9a8,resid_build_sale_price,16,78,0.05664502829313278,0.09729146957397461,4784.0,0.09589763730764389,9,1
StandardGP,d27859e7-ada5-11ef-935c-e4a8dfc2a9a8,resid_build_sale_price,16,79,0.05664502829313278,0.09367990493774414,5288.0,0.09589763730764389,9,1
StandardGP,d27859e7-ada5-11ef-935c-e4a8dfc2a9a8,resid_build_sale_price,16,80,0.05664502829313278,0.08717489242553711,5126.0,0.09589763730764389,9,1
StandardGP,d27859e7-ada5-11ef-935c-e4a8dfc2a9a8,resid_build_sale_price,16,81,0.05664502829313278,0.09649109840393066,5716.0,0.09589763730764389,9,1
StandardGP,d27859e7-ada5-11ef-935c-e4a8dfc2a9a8,resid_build_sale_price,16,82,0.05664502829313278,0.07482123374938965,4178.0,0.09589763730764389,9,1
StandardGP,d27859e7-ada5-11ef-935c-e4a8dfc2a9a8,resid_build_sale_price,16,83,0.05664502829313278,0.08858823776245117,4926.0,0.09589763730764389,9,1
StandardGP,d27859e7-ada5-11ef-935c-e4a8dfc2a9a8,resid_build_sale_price,16,84,0.05664502829313278,0.09300732612609863,5212.0,0.09589763730764389,9,1
StandardGP,d27859e7-ada5-11ef-935c-e4a8dfc2a9a8,resid_build_sale_price,16,85,0.05664502829313278,0.10426974296569824,5738.0,0.09589763730764389,9,1
StandardGP,d27859e7-ada5-11ef-935c-e4a8dfc2a9a8,resid_build_sale_price,16,86,0.05664502829313278,0.11016321182250977,6172.0,0.09589763730764389,9,1
StandardGP,d27859e7-ada5-11ef-935c-e4a8dfc2a9a8,resid_build_sale_price,16,87,0.05664502829313278,0.11156129837036133,5976.0,0.09589763730764389,9,1
StandardGP,d27859e7-ada5-11ef-935c-e4a8dfc2a9a8,resid_build_sale_price,16,88,0.05664502829313278,0.1151432991027832,6326.0,0.09589763730764389,9,1
StandardGP,d27859e7-ada5-11ef-935c-e4a8dfc2a9a8,resid_build_sale_price,16,89,0.05664502829313278,0.12207722663879395,6866.0,0.09589763730764389,9,1
StandardGP,d27859e7-ada5-11ef-935c-e4a8dfc2a9a8,resid_build_sale_price,16,90,0.05664502829313278,0.09552931785583496,5384.0,0.09589763730764389,9,1
StandardGP,d27859e7-ada5-11ef-935c-e4a8dfc2a9a8,resid_build_sale_price,16,91,0.05664502829313278,0.1299271583557129,7866.0,0.09589763730764389,9,1
StandardGP,d27859e7-ada5-11ef-935c-e4a8dfc2a9a8,resid_build_sale_price,16,92,0.05664502829313278,0.12477564811706543,7444.0,0.09589763730764389,9,1
StandardGP,d27859e7-ada5-11ef-935c-e4a8dfc2a9a8,resid_build_sale_price,16,93,0.05664502829313278,0.15278291702270508,8724.0,0.09589763730764389,9,1
StandardGP,d27859e7-ada5-11ef-935c-e4a8dfc2a9a8,resid_build_sale_price,16,94,0.05664502829313278,0.14103102684020996,8698.0,0.09589763730764389,9,1
StandardGP,d27859e7-ada5-11ef-935c-e4a8dfc2a9a8,resid_build_sale_price,16,95,0.05664502829313278,0.12091970443725586,6686.0,0.09589763730764389,9,1
StandardGP,d27859e7-ada5-11ef-935c-e4a8dfc2a9a8,resid_build_sale_price,16,96,0.05664502829313278,0.1255185604095459,7732.0,0.09589763730764389,9,1
StandardGP,d27859e7-ada5-11ef-935c-e4a8dfc2a9a8,resid_build_sale_price,16,97,0.05664502829313278,0.15471553802490234,9186.0,0.09589763730764389,9,1
StandardGP,d27859e7-ada5-11ef-935c-e4a8dfc2a9a8,resid_build_sale_price,16,98,0.05664502829313278,0.1669325828552246,10338.0,0.09589763730764389,9,1
StandardGP,d27859e7-ada5-11ef-935c-e4a8dfc2a9a8,resid_build_sale_price,16,99,0.05664502829313278,0.14149165153503418,8324.0,0.09589763730764389,9,1
StandardGP,d27859e7-ada5-11ef-935c-e4a8dfc2a9a8,resid_build_sale_price,16,100,0.05664502829313278,0.15299248695373535,8918.0,0.09589763730764389,9,1
StandardGP,5627022d-ada6-11ef-84de-e4a8dfc2a9a8,resid_build_sale_price,16,0,111.90677642822266,0.05835461616516113,1350.0,157.7998809814453,3,1
StandardGP,5627022d-ada6-11ef-84de-e4a8dfc2a9a8,resid_build_sale_price,16,1,111.4256591796875,0.0261232852935791,824.0,162.75743103027344,3,1
StandardGP,5627022d-ada6-11ef-84de-e4a8dfc2a9a8,resid_build_sale_price,16,2,108.76239013671875,0.03078007698059082,898.0,158.71812438964844,3,1
StandardGP,5627022d-ada6-11ef-84de-e4a8dfc2a9a8,resid_build_sale_price,16,3,98.8155517578125,0.0321652889251709,966.0,150.1504669189453,5,1
StandardGP,5627022d-ada6-11ef-84de-e4a8dfc2a9a8,resid_build_sale_price,16,4,98.8155517578125,0.028146743774414062,884.0,150.1504669189453,5,1
StandardGP,5627022d-ada6-11ef-84de-e4a8dfc2a9a8,resid_build_sale_price,16,5,98.8155517578125,0.023575305938720703,822.0,150.1504669189453,5,1
StandardGP,5627022d-ada6-11ef-84de-e4a8dfc2a9a8,resid_build_sale_price,16,6,85.20160675048828,0.022673606872558594,682.0,134.8438720703125,5,1
StandardGP,5627022d-ada6-11ef-84de-e4a8dfc2a9a8,resid_build_sale_price,16,7,45.34944534301758,0.024152040481567383,772.0,83.12213897705078,3,1
StandardGP,5627022d-ada6-11ef-84de-e4a8dfc2a9a8,resid_build_sale_price,16,8,40.68595504760742,0.024538040161132812,896.0,72.39794921875,3,1
StandardGP,5627022d-ada6-11ef-84de-e4a8dfc2a9a8,resid_build_sale_price,16,9,40.68595504760742,0.026695728302001953,956.0,72.39794921875,3,1
StandardGP,5627022d-ada6-11ef-84de-e4a8dfc2a9a8,resid_build_sale_price,16,10,40.68595504760742,0.027889490127563477,1028.0,72.39794921875,3,1
StandardGP,5627022d-ada6-11ef-84de-e4a8dfc2a9a8,resid_build_sale_price,16,11,40.68595504760742,0.02806854248046875,1098.0,72.39794921875,3,1
StandardGP,5627022d-ada6-11ef-84de-e4a8dfc2a9a8,resid_build_sale_price,16,12,40.68595504760742,0.029392242431640625,1106.0,72.39794921875,3,1
StandardGP,5627022d-ada6-11ef-84de-e4a8dfc2a9a8,resid_build_sale_price,16,13,40.68595504760742,0.03343462944030762,1334.0,72.39794921875,3,1
StandardGP,5627022d-ada6-11ef-84de-e4a8dfc2a9a8,resid_build_sale_price,16,14,40.68595504760742,0.033715248107910156,1380.0,72.39794921875,3,1
StandardGP,5627022d-ada6-11ef-84de-e4a8dfc2a9a8,resid_build_sale_price,16,15,38.81379699707031,0.03277850151062012,1274.0,73.1052474975586,3,1
StandardGP,5627022d-ada6-11ef-84de-e4a8dfc2a9a8,resid_build_sale_price,16,16,38.81379699707031,0.034113407135009766,1386.0,73.1052474975586,3,1
StandardGP,5627022d-ada6-11ef-84de-e4a8dfc2a9a8,resid_build_sale_price,16,17,38.81379699707031,0.03137350082397461,1324.0,73.1052474975586,3,1
StandardGP,5627022d-ada6-11ef-84de-e4a8dfc2a9a8,resid_build_sale_price,16,18,38.81379699707031,0.03281545639038086,1374.0,73.1052474975586,3,1
StandardGP,5627022d-ada6-11ef-84de-e4a8dfc2a9a8,resid_build_sale_price,16,19,38.5535888671875,0.034013986587524414,1334.0,71.31485748291016,3,1
StandardGP,5627022d-ada6-11ef-84de-e4a8dfc2a9a8,resid_build_sale_price,16,20,38.5535888671875,0.03399991989135742,1344.0,71.31485748291016,3,1
StandardGP,5627022d-ada6-11ef-84de-e4a8dfc2a9a8,resid_build_sale_price,16,21,38.5535888671875,0.03173398971557617,1282.0,71.31485748291016,3,1
StandardGP,5627022d-ada6-11ef-84de-e4a8dfc2a9a8,resid_build_sale_price,16,22,38.5535888671875,0.03211832046508789,1264.0,71.31485748291016,3,1
StandardGP,5627022d-ada6-11ef-84de-e4a8dfc2a9a8,resid_build_sale_price,16,23,38.5535888671875,0.03515768051147461,1348.0,71.31485748291016,3,1
StandardGP,5627022d-ada6-11ef-84de-e4a8dfc2a9a8,resid_build_sale_price,16,24,38.5535888671875,0.0422978401184082,1426.0,71.31485748291016,3,1
StandardGP,5627022d-ada6-11ef-84de-e4a8dfc2a9a8,resid_build_sale_price,16,25,38.5535888671875,0.03722810745239258,1396.0,71.31485748291016,3,1
StandardGP,5627022d-ada6-11ef-84de-e4a8dfc2a9a8,resid_build_sale_price,16,26,38.5535888671875,0.03021073341369629,1380.0,71.31485748291016,3,1
StandardGP,5627022d-ada6-11ef-84de-e4a8dfc2a9a8,resid_build_sale_price,16,27,38.5535888671875,0.031040191650390625,1436.0,71.31485748291016,3,1
StandardGP,5627022d-ada6-11ef-84de-e4a8dfc2a9a8,resid_build_sale_price,16,28,38.5535888671875,0.031809091567993164,1456.0,71.31485748291016,3,1
StandardGP,5627022d-ada6-11ef-84de-e4a8dfc2a9a8,resid_build_sale_price,16,29,38.5535888671875,0.030160188674926758,1448.0,71.31485748291016,3,1
StandardGP,5627022d-ada6-11ef-84de-e4a8dfc2a9a8,resid_build_sale_price,16,30,38.5535888671875,0.0316159725189209,1440.0,71.31485748291016,3,1
StandardGP,5627022d-ada6-11ef-84de-e4a8dfc2a9a8,resid_build_sale_price,16,31,38.5535888671875,0.03819990158081055,1562.0,71.31485748291016,3,1
StandardGP,5627022d-ada6-11ef-84de-e4a8dfc2a9a8,resid_build_sale_price,16,32,38.5535888671875,0.03857898712158203,1618.0,71.31485748291016,3,1
StandardGP,5627022d-ada6-11ef-84de-e4a8dfc2a9a8,resid_build_sale_price,16,33,38.5535888671875,0.042192935943603516,1702.0,71.31485748291016,3,1
StandardGP,5627022d-ada6-11ef-84de-e4a8dfc2a9a8,resid_build_sale_price,16,34,38.5535888671875,0.04218268394470215,1936.0,71.31485748291016,3,1
StandardGP,5627022d-ada6-11ef-84de-e4a8dfc2a9a8,resid_build_sale_price,16,35,38.5535888671875,0.04903721809387207,1938.0,71.31485748291016,3,1
StandardGP,5627022d-ada6-11ef-84de-e4a8dfc2a9a8,resid_build_sale_price,16,36,38.5535888671875,0.0438687801361084,2024.0,71.31485748291016,3,1
StandardGP,5627022d-ada6-11ef-84de-e4a8dfc2a9a8,resid_build_sale_price,16,37,38.5535888671875,0.0491786003112793,2192.0,71.31485748291016,3,1
StandardGP,5627022d-ada6-11ef-84de-e4a8dfc2a9a8,resid_build_sale_price,16,38,38.5535888671875,0.05359816551208496,2610.0,71.31485748291016,3,1
StandardGP,5627022d-ada6-11ef-84de-e4a8dfc2a9a8,resid_build_sale_price,16,39,38.5535888671875,0.05038642883300781,2876.0,71.31485748291016,3,1
StandardGP,5627022d-ada6-11ef-84de-e4a8dfc2a9a8,resid_build_sale_price,16,40,38.5535888671875,0.05138516426086426,2618.0,71.31485748291016,3,1
StandardGP,5627022d-ada6-11ef-84de-e4a8dfc2a9a8,resid_build_sale_price,16,41,38.5535888671875,0.04903268814086914,2744.0,71.31485748291016,3,1
StandardGP,5627022d-ada6-11ef-84de-e4a8dfc2a9a8,resid_build_sale_price,16,42,38.5535888671875,0.054498910903930664,3052.0,71.31485748291016,3,1
StandardGP,5627022d-ada6-11ef-84de-e4a8dfc2a9a8,resid_build_sale_price,16,43,38.5535888671875,0.05855989456176758,3346.0,71.31485748291016,3,1
StandardGP,5627022d-ada6-11ef-84de-e4a8dfc2a9a8,resid_build_sale_price,16,44,38.5535888671875,0.06213855743408203,3696.0,71.31485748291016,3,1
StandardGP,5627022d-ada6-11ef-84de-e4a8dfc2a9a8,resid_build_sale_price,16,45,38.5535888671875,0.06330990791320801,3688.0,71.31485748291016,3,1
StandardGP,5627022d-ada6-11ef-84de-e4a8dfc2a9a8,resid_build_sale_price,16,46,38.5535888671875,0.06547069549560547,3626.0,71.31485748291016,3,1
StandardGP,5627022d-ada6-11ef-84de-e4a8dfc2a9a8,resid_build_sale_price,16,47,38.5535888671875,0.06633710861206055,3758.0,71.31485748291016,3,1
StandardGP,5627022d-ada6-11ef-84de-e4a8dfc2a9a8,resid_build_sale_price,16,48,38.5535888671875,0.08353495597839355,3920.0,71.31485748291016,3,1
StandardGP,5627022d-ada6-11ef-84de-e4a8dfc2a9a8,resid_build_sale_price,16,49,38.5535888671875,0.07255268096923828,3736.0,71.31485748291016,3,1
StandardGP,5627022d-ada6-11ef-84de-e4a8dfc2a9a8,resid_build_sale_price,16,50,38.5535888671875,0.0665278434753418,3626.0,71.31485748291016,3,1
StandardGP,5627022d-ada6-11ef-84de-e4a8dfc2a9a8,resid_build_sale_price,16,51,38.5535888671875,0.0654759407043457,3526.0,71.31485748291016,3,1
StandardGP,5627022d-ada6-11ef-84de-e4a8dfc2a9a8,resid_build_sale_price,16,52,38.5535888671875,0.07501339912414551,3316.0,71.31485748291016,3,1
StandardGP,5627022d-ada6-11ef-84de-e4a8dfc2a9a8,resid_build_sale_price,16,53,38.5535888671875,0.06515145301818848,3274.0,71.31485748291016,3,1
StandardGP,5627022d-ada6-11ef-84de-e4a8dfc2a9a8,resid_build_sale_price,16,54,38.5535888671875,0.09842705726623535,3278.0,71.31485748291016,3,1
StandardGP,5627022d-ada6-11ef-84de-e4a8dfc2a9a8,resid_build_sale_price,16,55,38.5535888671875,0.09615635871887207,3444.0,71.31485748291016,3,1
StandardGP,5627022d-ada6-11ef-84de-e4a8dfc2a9a8,resid_build_sale_price,16,56,38.5535888671875,0.08078122138977051,3348.0,71.31485748291016,3,1
StandardGP,5627022d-ada6-11ef-84de-e4a8dfc2a9a8,resid_build_sale_price,16,57,38.5535888671875,0.0737905502319336,2942.0,71.31485748291016,3,1
StandardGP,5627022d-ada6-11ef-84de-e4a8dfc2a9a8,resid_build_sale_price,16,58,38.5535888671875,0.08726739883422852,3208.0,71.31485748291016,3,1
StandardGP,5627022d-ada6-11ef-84de-e4a8dfc2a9a8,resid_build_sale_price,16,59,38.5535888671875,0.06959819793701172,3134.0,71.31485748291016,3,1
StandardGP,5627022d-ada6-11ef-84de-e4a8dfc2a9a8,resid_build_sale_price,16,60,38.5535888671875,0.07027149200439453,2926.0,71.31485748291016,3,1
StandardGP,5627022d-ada6-11ef-84de-e4a8dfc2a9a8,resid_build_sale_price,16,61,38.5535888671875,0.05867815017700195,2896.0,71.31485748291016,3,1
StandardGP,5627022d-ada6-11ef-84de-e4a8dfc2a9a8,resid_build_sale_price,16,62,38.5535888671875,0.053655385971069336,2766.0,71.31485748291016,3,1
StandardGP,5627022d-ada6-11ef-84de-e4a8dfc2a9a8,resid_build_sale_price,16,63,38.5535888671875,0.05798840522766113,2908.0,71.31485748291016,3,1
StandardGP,5627022d-ada6-11ef-84de-e4a8dfc2a9a8,resid_build_sale_price,16,64,38.5535888671875,0.06431436538696289,3018.0,71.31485748291016,3,1
StandardGP,5627022d-ada6-11ef-84de-e4a8dfc2a9a8,resid_build_sale_price,16,65,38.30561828613281,0.06275749206542969,2934.0,74.04779052734375,17,1
StandardGP,5627022d-ada6-11ef-84de-e4a8dfc2a9a8,resid_build_sale_price,16,66,38.30561828613281,0.07020044326782227,2970.0,74.04779052734375,17,1
StandardGP,5627022d-ada6-11ef-84de-e4a8dfc2a9a8,resid_build_sale_price,16,67,38.30561828613281,0.05926251411437988,2812.0,74.04779052734375,17,1
StandardGP,5627022d-ada6-11ef-84de-e4a8dfc2a9a8,resid_build_sale_price,16,68,38.30561828613281,0.06810522079467773,2848.0,74.04779052734375,17,1
StandardGP,5627022d-ada6-11ef-84de-e4a8dfc2a9a8,resid_build_sale_price,16,69,38.30561828613281,0.07452225685119629,3068.0,74.04779052734375,17,1
StandardGP,5627022d-ada6-11ef-84de-e4a8dfc2a9a8,resid_build_sale_price,16,70,38.30561828613281,0.07621002197265625,3136.0,74.04779052734375,17,1
StandardGP,5627022d-ada6-11ef-84de-e4a8dfc2a9a8,resid_build_sale_price,16,71,38.30561828613281,0.07213449478149414,3128.0,74.04779052734375,17,1
StandardGP,5627022d-ada6-11ef-84de-e4a8dfc2a9a8,resid_build_sale_price,16,72,38.30561828613281,0.07988286018371582,3288.0,74.04779052734375,17,1
StandardGP,5627022d-ada6-11ef-84de-e4a8dfc2a9a8,resid_build_sale_price,16,73,38.30561828613281,0.10456299781799316,3130.0,74.04779052734375,17,1
StandardGP,5627022d-ada6-11ef-84de-e4a8dfc2a9a8,resid_build_sale_price,16,74,38.30561828613281,0.07741856575012207,3168.0,74.04779052734375,17,1
StandardGP,5627022d-ada6-11ef-84de-e4a8dfc2a9a8,resid_build_sale_price,16,75,38.30561828613281,0.07841110229492188,3242.0,74.04779052734375,17,1
StandardGP,5627022d-ada6-11ef-84de-e4a8dfc2a9a8,resid_build_sale_price,16,76,38.30561828613281,0.07858061790466309,3418.0,74.04779052734375,17,1
StandardGP,5627022d-ada6-11ef-84de-e4a8dfc2a9a8,resid_build_sale_price,16,77,38.30561828613281,0.07431578636169434,3502.0,74.04779052734375,17,1
StandardGP,5627022d-ada6-11ef-84de-e4a8dfc2a9a8,resid_build_sale_price,16,78,37.98781967163086,0.07124686241149902,3592.0,72.15228271484375,31,1
StandardGP,5627022d-ada6-11ef-84de-e4a8dfc2a9a8,resid_build_sale_price,16,79,37.98781967163086,0.0749356746673584,3538.0,72.15228271484375,31,1
StandardGP,5627022d-ada6-11ef-84de-e4a8dfc2a9a8,resid_build_sale_price,16,80,37.8531608581543,0.07770347595214844,3646.0,74.0658187866211,25,1
StandardGP,5627022d-ada6-11ef-84de-e4a8dfc2a9a8,resid_build_sale_price,16,81,37.8531608581543,0.10766100883483887,3810.0,74.0658187866211,25,1
StandardGP,5627022d-ada6-11ef-84de-e4a8dfc2a9a8,resid_build_sale_price,16,82,37.8531608581543,0.1065528392791748,3698.0,74.0658187866211,25,1
StandardGP,5627022d-ada6-11ef-84de-e4a8dfc2a9a8,resid_build_sale_price,16,83,37.8531608581543,0.08867883682250977,3740.0,74.0658187866211,25,1
StandardGP,5627022d-ada6-11ef-84de-e4a8dfc2a9a8,resid_build_sale_price,16,84,36.43179702758789,0.08128476142883301,3576.0,73.37263488769531,67,1
StandardGP,5627022d-ada6-11ef-84de-e4a8dfc2a9a8,resid_build_sale_price,16,85,36.034202575683594,0.08016157150268555,3858.0,72.99722290039062,13,1
StandardGP,5627022d-ada6-11ef-84de-e4a8dfc2a9a8,resid_build_sale_price,16,86,36.034202575683594,0.07904577255249023,3780.0,72.99722290039062,13,1
StandardGP,5627022d-ada6-11ef-84de-e4a8dfc2a9a8,resid_build_sale_price,16,87,36.034202575683594,0.0821847915649414,4058.0,72.99722290039062,13,1
StandardGP,5627022d-ada6-11ef-84de-e4a8dfc2a9a8,resid_build_sale_price,16,88,35.80747604370117,0.08262133598327637,3778.0,72.76486206054688,39,1
StandardGP,5627022d-ada6-11ef-84de-e4a8dfc2a9a8,resid_build_sale_price,16,89,35.80747604370117,0.09985232353210449,4012.0,72.76486206054688,39,1
StandardGP,5627022d-ada6-11ef-84de-e4a8dfc2a9a8,resid_build_sale_price,16,90,35.80747604370117,0.10312008857727051,4416.0,72.76486206054688,39,1
StandardGP,5627022d-ada6-11ef-84de-e4a8dfc2a9a8,resid_build_sale_price,16,91,35.80747604370117,0.08970236778259277,4336.0,72.76486206054688,39,1
StandardGP,5627022d-ada6-11ef-84de-e4a8dfc2a9a8,resid_build_sale_price,16,92,35.80747604370117,0.08447718620300293,4168.0,72.76486206054688,39,1
StandardGP,5627022d-ada6-11ef-84de-e4a8dfc2a9a8,resid_build_sale_price,16,93,35.80747604370117,0.09843564033508301,4668.0,72.76486206054688,39,1
StandardGP,5627022d-ada6-11ef-84de-e4a8dfc2a9a8,resid_build_sale_price,16,94,35.80747604370117,0.09767770767211914,4574.0,72.76486206054688,39,1
StandardGP,5627022d-ada6-11ef-84de-e4a8dfc2a9a8,resid_build_sale_price,16,95,35.80747604370117,0.11997461318969727,5214.0,72.76486206054688,39,1
StandardGP,5627022d-ada6-11ef-84de-e4a8dfc2a9a8,resid_build_sale_price,16,96,35.80747604370117,0.11652660369873047,5508.0,72.76486206054688,39,1
StandardGP,5627022d-ada6-11ef-84de-e4a8dfc2a9a8,resid_build_sale_price,16,97,35.7575569152832,0.1256120204925537,5694.0,72.73139190673828,51,1
StandardGP,5627022d-ada6-11ef-84de-e4a8dfc2a9a8,resid_build_sale_price,16,98,35.75755310058594,0.1342315673828125,5584.0,72.73138427734375,31,1
StandardGP,5627022d-ada6-11ef-84de-e4a8dfc2a9a8,resid_build_sale_price,16,99,35.75755310058594,0.14334821701049805,6020.0,72.73138427734375,31,1
StandardGP,5627022d-ada6-11ef-84de-e4a8dfc2a9a8,resid_build_sale_price,16,100,35.75755310058594,0.14929461479187012,6182.0,72.73138427734375,31,1
