StandardGP,fa89e780-ada2-11ef-819e-e4a8dfc2a9a8,resid_build_sale_price,1,0,0.14218683540821075,0.20528030395507812,1342.0,0.1545451581478119,3,1
StandardGP,fa89e780-ada2-11ef-819e-e4a8dfc2a9a8,resid_build_sale_price,1,1,0.06178119406104088,0.06946611404418945,770.0,0.04945201054215431,3,1
StandardGP,fa89e780-ada2-11ef-819e-e4a8dfc2a9a8,resid_build_sale_price,1,2,0.06178119406104088,0.04304361343383789,634.0,0.04945201054215431,3,1
StandardGP,fa89e780-ada2-11ef-819e-e4a8dfc2a9a8,resid_build_sale_price,1,3,0.06178119406104088,0.08739328384399414,660.0,0.04945201054215431,3,1
StandardGP,fa89e780-ada2-11ef-819e-e4a8dfc2a9a8,resid_build_sale_price,1,4,0.06178119406104088,0.0945291519165039,640.0,0.04945201054215431,3,1
StandardGP,fa89e780-ada2-11ef-819e-e4a8dfc2a9a8,resid_build_sale_price,1,5,0.06178119406104088,0.0861365795135498,618.0,0.04945201054215431,3,1
StandardGP,fa89e780-ada2-11ef-819e-e4a8dfc2a9a8,resid_build_sale_price,1,6,0.06178119406104088,0.07480430603027344,662.0,0.04945201054215431,3,1
StandardGP,fa89e780-ada2-11ef-819e-e4a8dfc2a9a8,resid_build_sale_price,1,7,0.06178119406104088,0.08599567413330078,648.0,0.04945201054215431,3,1
StandardGP,fa89e780-ada2-11ef-819e-e4a8dfc2a9a8,resid_build_sale_price,1,8,0.06178119406104088,0.08928132057189941,626.0,0.04945201054215431,3,1
StandardGP,fa89e780-ada2-11ef-819e-e4a8dfc2a9a8,resid_build_sale_price,1,9,0.0614408515393734,0.08687806129455566,664.0,0.06317153573036194,3,1
StandardGP,fa89e780-ada2-11ef-819e-e4a8dfc2a9a8,resid_build_sale_price,1,10,0.0614408515393734,0.0679779052734375,678.0,0.06317153573036194,3,1
StandardGP,fa89e780-ada2-11ef-819e-e4a8dfc2a9a8,resid_build_sale_price,1,11,0.0614408515393734,0.04715394973754883,696.0,0.06317153573036194,3,1
StandardGP,fa89e780-ada2-11ef-819e-e4a8dfc2a9a8,resid_build_sale_price,1,12,0.0614408515393734,0.06906342506408691,820.0,0.06317153573036194,3,1
StandardGP,fa89e780-ada2-11ef-819e-e4a8dfc2a9a8,resid_build_sale_price,1,13,0.0614408515393734,0.11199378967285156,936.0,0.06317153573036194,3,1
StandardGP,fa89e780-ada2-11ef-819e-e4a8dfc2a9a8,resid_build_sale_price,1,14,0.0614408515393734,0.10810208320617676,1032.0,0.06317153573036194,3,1
StandardGP,fa89e780-ada2-11ef-819e-e4a8dfc2a9a8,resid_build_sale_price,1,15,0.05960240215063095,0.10294866561889648,1068.0,0.04863157123327255,3,1
StandardGP,fa89e780-ada2-11ef-819e-e4a8dfc2a9a8,resid_build_sale_price,1,16,0.05960240215063095,0.10807418823242188,1168.0,0.04863157123327255,3,1
StandardGP,fa89e780-ada2-11ef-819e-e4a8dfc2a9a8,resid_build_sale_price,1,17,0.05960240215063095,0.12353038787841797,1310.0,0.04863157123327255,3,1
StandardGP,fa89e780-ada2-11ef-819e-e4a8dfc2a9a8,resid_build_sale_price,1,18,0.05960240215063095,0.12278914451599121,1330.0,0.04863157123327255,3,1
StandardGP,fa89e780-ada2-11ef-819e-e4a8dfc2a9a8,resid_build_sale_price,1,19,0.05960240215063095,0.12290406227111816,1334.0,0.04863157123327255,3,1
StandardGP,fa89e780-ada2-11ef-819e-e4a8dfc2a9a8,resid_build_sale_price,1,20,0.05960240215063095,0.12333440780639648,1342.0,0.04863157123327255,3,1
StandardGP,fa89e780-ada2-11ef-819e-e4a8dfc2a9a8,resid_build_sale_price,1,21,0.05960240215063095,0.08283877372741699,1434.0,0.04863157123327255,3,1
StandardGP,fa89e780-ada2-11ef-819e-e4a8dfc2a9a8,resid_build_sale_price,1,22,0.05960240215063095,0.09901690483093262,1878.0,0.04863157123327255,3,1
StandardGP,fa89e780-ada2-11ef-819e-e4a8dfc2a9a8,resid_build_sale_price,1,23,0.05960240215063095,0.20471787452697754,2328.0,0.04863157123327255,3,1
StandardGP,fa89e780-ada2-11ef-819e-e4a8dfc2a9a8,resid_build_sale_price,1,24,0.05960240215063095,0.21086835861206055,2612.0,0.04863157123327255,3,1
StandardGP,fa89e780-ada2-11ef-819e-e4a8dfc2a9a8,resid_build_sale_price,1,25,0.05960240215063095,0.22015833854675293,2480.0,0.04863157123327255,3,1
StandardGP,fa89e780-ada2-11ef-819e-e4a8dfc2a9a8,resid_build_sale_price,1,26,0.05960240215063095,0.22981667518615723,2712.0,0.04863157123327255,3,1
StandardGP,fa89e780-ada2-11ef-819e-e4a8dfc2a9a8,resid_build_sale_price,1,27,0.05960240215063095,0.229597806930542,2436.0,0.04863157123327255,3,1
StandardGP,fa89e780-ada2-11ef-819e-e4a8dfc2a9a8,resid_build_sale_price,1,28,0.05960240215063095,0.20327448844909668,2338.0,0.04863157123327255,3,1
StandardGP,fa89e780-ada2-11ef-819e-e4a8dfc2a9a8,resid_build_sale_price,1,29,0.05960240215063095,0.20211505889892578,2438.0,0.04863157123327255,3,1
StandardGP,fa89e780-ada2-11ef-819e-e4a8dfc2a9a8,resid_build_sale_price,1,30,0.05960240215063095,0.11280059814453125,2660.0,0.04863157123327255,3,1
StandardGP,fa89e780-ada2-11ef-819e-e4a8dfc2a9a8,resid_build_sale_price,1,31,0.05960240215063095,0.15677762031555176,3042.0,0.04863157123327255,3,1
StandardGP,fa89e780-ada2-11ef-819e-e4a8dfc2a9a8,resid_build_sale_price,1,32,0.05960240215063095,0.3182079792022705,3752.0,0.04863157123327255,3,1
StandardGP,fa89e780-ada2-11ef-819e-e4a8dfc2a9a8,resid_build_sale_price,1,33,0.05960240215063095,0.39140939712524414,4758.0,0.04863157123327255,3,1
StandardGP,fa89e780-ada2-11ef-819e-e4a8dfc2a9a8,resid_build_sale_price,1,34,0.05960240215063095,0.3995680809020996,5286.0,0.04863157123327255,3,1
StandardGP,fa89e780-ada2-11ef-819e-e4a8dfc2a9a8,resid_build_sale_price,1,35,0.05960240215063095,0.38217616081237793,5334.0,0.04863157123327255,3,1
StandardGP,fa89e780-ada2-11ef-819e-e4a8dfc2a9a8,resid_build_sale_price,1,36,0.05960240215063095,0.36605000495910645,4944.0,0.04863157123327255,3,1
StandardGP,fa89e780-ada2-11ef-819e-e4a8dfc2a9a8,resid_build_sale_price,1,37,0.05960240215063095,0.3632502555847168,4428.0,0.04863157123327255,3,1
StandardGP,fa89e780-ada2-11ef-819e-e4a8dfc2a9a8,resid_build_sale_price,1,38,0.05960240215063095,0.3525700569152832,5852.0,0.04863157123327255,3,1
StandardGP,fa89e780-ada2-11ef-819e-e4a8dfc2a9a8,resid_build_sale_price,1,39,0.05960240215063095,0.2196800708770752,5152.0,0.04863157123327255,3,1
StandardGP,fa89e780-ada2-11ef-819e-e4a8dfc2a9a8,resid_build_sale_price,1,40,0.05960240215063095,0.39063215255737305,5278.0,0.04863157123327255,3,1
StandardGP,fa89e780-ada2-11ef-819e-e4a8dfc2a9a8,resid_build_sale_price,1,41,0.05960240215063095,0.38565802574157715,5436.0,0.04863157123327255,3,1
StandardGP,fa89e780-ada2-11ef-819e-e4a8dfc2a9a8,resid_build_sale_price,1,42,0.05960240215063095,0.43147969245910645,6168.0,0.04863157123327255,3,1
StandardGP,fa89e780-ada2-11ef-819e-e4a8dfc2a9a8,resid_build_sale_price,1,43,0.05766785889863968,0.47958898544311523,6740.0,0.06795557588338852,47,1
StandardGP,fa89e780-ada2-11ef-819e-e4a8dfc2a9a8,resid_build_sale_price,1,44,0.05766785889863968,0.41077303886413574,6914.0,0.06795557588338852,47,1
StandardGP,fa89e780-ada2-11ef-819e-e4a8dfc2a9a8,resid_build_sale_price,1,45,0.05766785889863968,0.5554487705230713,7874.0,0.06795557588338852,47,1
StandardGP,fa89e780-ada2-11ef-819e-e4a8dfc2a9a8,resid_build_sale_price,1,46,0.05766785889863968,0.5652806758880615,8134.0,0.06795557588338852,47,1
StandardGP,fa89e780-ada2-11ef-819e-e4a8dfc2a9a8,resid_build_sale_price,1,47,0.05766785889863968,0.5553975105285645,7682.0,0.06795557588338852,47,1
StandardGP,fa89e780-ada2-11ef-819e-e4a8dfc2a9a8,resid_build_sale_price,1,48,0.05213155597448349,0.3210611343383789,7948.0,0.054699692875146866,29,1
StandardGP,fa89e780-ada2-11ef-819e-e4a8dfc2a9a8,resid_build_sale_price,1,49,0.05213155597448349,0.27440428733825684,5872.0,0.054699692875146866,29,1
StandardGP,fa89e780-ada2-11ef-819e-e4a8dfc2a9a8,resid_build_sale_price,1,50,0.044308025389909744,0.42342352867126465,5150.0,0.04600030183792114,39,1
StandardGP,fa89e780-ada2-11ef-819e-e4a8dfc2a9a8,resid_build_sale_price,1,51,0.044308025389909744,0.44542503356933594,5110.0,0.04600030183792114,39,1
StandardGP,fa89e780-ada2-11ef-819e-e4a8dfc2a9a8,resid_build_sale_price,1,52,0.044308025389909744,0.4373342990875244,5098.0,0.04600030183792114,39,1
StandardGP,fa89e780-ada2-11ef-819e-e4a8dfc2a9a8,resid_build_sale_price,1,53,0.04374338313937187,0.4591813087463379,5280.0,0.04460184648633003,33,1
StandardGP,fa89e780-ada2-11ef-819e-e4a8dfc2a9a8,resid_build_sale_price,1,54,0.043176744133234024,0.464641809463501,5236.0,0.0435970276594162,33,1
StandardGP,fa89e780-ada2-11ef-819e-e4a8dfc2a9a8,resid_build_sale_price,1,55,0.043176744133234024,0.4161396026611328,5228.0,0.0435970276594162,33,1
StandardGP,fa89e780-ada2-11ef-819e-e4a8dfc2a9a8,resid_build_sale_price,1,56,0.043129175901412964,0.293668270111084,5060.0,0.04372609779238701,33,1
StandardGP,fa89e780-ada2-11ef-819e-e4a8dfc2a9a8,resid_build_sale_price,1,57,0.042593393474817276,0.4556398391723633,5274.0,0.04309013485908508,33,1
StandardGP,fa89e780-ada2-11ef-819e-e4a8dfc2a9a8,resid_build_sale_price,1,58,0.042593393474817276,0.4216899871826172,5214.0,0.04309013485908508,33,1
StandardGP,fa89e780-ada2-11ef-819e-e4a8dfc2a9a8,resid_build_sale_price,1,59,0.04210422560572624,0.4368298053741455,4812.0,0.04240354523062706,39,1
StandardGP,fa89e780-ada2-11ef-819e-e4a8dfc2a9a8,resid_build_sale_price,1,60,0.04210422560572624,0.40357494354248047,4894.0,0.04240354523062706,39,1
StandardGP,fa89e780-ada2-11ef-819e-e4a8dfc2a9a8,resid_build_sale_price,1,61,0.04210422560572624,0.4482090473175049,5134.0,0.04240354523062706,39,1
StandardGP,fa89e780-ada2-11ef-819e-e4a8dfc2a9a8,resid_build_sale_price,1,62,0.04210422560572624,0.44240665435791016,4870.0,0.04240354523062706,39,1
StandardGP,fa89e780-ada2-11ef-819e-e4a8dfc2a9a8,resid_build_sale_price,1,63,0.04210422560572624,0.4153282642364502,4416.0,0.04240354523062706,39,1
StandardGP,fa89e780-ada2-11ef-819e-e4a8dfc2a9a8,resid_build_sale_price,1,64,0.041982073336839676,0.2377464771270752,4702.0,0.04138384759426117,45,1
StandardGP,fa89e780-ada2-11ef-819e-e4a8dfc2a9a8,resid_build_sale_price,1,65,0.04036504402756691,0.4349026679992676,4900.0,0.03859122842550278,41,1
StandardGP,fa89e780-ada2-11ef-819e-e4a8dfc2a9a8,resid_build_sale_price,1,66,0.03949379920959473,0.4438772201538086,4950.0,0.0418473482131958,39,1
StandardGP,fa89e780-ada2-11ef-819e-e4a8dfc2a9a8,resid_build_sale_price,1,67,0.03949379920959473,0.41428279876708984,4674.0,0.0418473482131958,39,1
StandardGP,fa89e780-ada2-11ef-819e-e4a8dfc2a9a8,resid_build_sale_price,1,68,0.03949379920959473,0.4293253421783447,4744.0,0.0418473482131958,39,1
StandardGP,fa89e780-ada2-11ef-819e-e4a8dfc2a9a8,resid_build_sale_price,1,69,0.03949379920959473,0.39238786697387695,4688.0,0.0418473482131958,39,1
StandardGP,fa89e780-ada2-11ef-819e-e4a8dfc2a9a8,resid_build_sale_price,1,70,0.03948484733700752,0.23685288429260254,4534.0,0.04164382815361023,47,1
StandardGP,fa89e780-ada2-11ef-819e-e4a8dfc2a9a8,resid_build_sale_price,1,71,0.03948484733700752,0.24433016777038574,4716.0,0.04164382815361023,47,1
StandardGP,fa89e780-ada2-11ef-819e-e4a8dfc2a9a8,resid_build_sale_price,1,72,0.03948484733700752,0.247086763381958,4772.0,0.04164382815361023,47,1
StandardGP,fa89e780-ada2-11ef-819e-e4a8dfc2a9a8,resid_build_sale_price,1,73,0.03832026571035385,0.24011850357055664,4610.0,0.041024111211299896,39,1
StandardGP,fa89e780-ada2-11ef-819e-e4a8dfc2a9a8,resid_build_sale_price,1,74,0.03832026571035385,0.29607105255126953,4736.0,0.041024111211299896,39,1
StandardGP,fa89e780-ada2-11ef-819e-e4a8dfc2a9a8,resid_build_sale_price,1,75,0.03832026571035385,0.2569544315338135,4848.0,0.041024111211299896,39,1
StandardGP,fa89e780-ada2-11ef-819e-e4a8dfc2a9a8,resid_build_sale_price,1,76,0.03832026571035385,0.2560737133026123,4840.0,0.041024111211299896,39,1
StandardGP,fa89e780-ada2-11ef-819e-e4a8dfc2a9a8,resid_build_sale_price,1,77,0.03832026571035385,0.29047369956970215,5170.0,0.041024111211299896,39,1
StandardGP,fa89e780-ada2-11ef-819e-e4a8dfc2a9a8,resid_build_sale_price,1,78,0.03832026571035385,0.29416871070861816,5322.0,0.041024111211299896,39,1
StandardGP,fa89e780-ada2-11ef-819e-e4a8dfc2a9a8,resid_build_sale_price,1,79,0.03655709698796272,0.28342700004577637,4822.0,0.041727907955646515,51,1
StandardGP,fa89e780-ada2-11ef-819e-e4a8dfc2a9a8,resid_build_sale_price,1,80,0.036529961973428726,0.2540919780731201,4980.0,0.041669514030218124,51,1
StandardGP,fa89e780-ada2-11ef-819e-e4a8dfc2a9a8,resid_build_sale_price,1,81,0.036320313811302185,0.2573893070220947,4922.0,0.041423264890909195,45,1
StandardGP,fa89e780-ada2-11ef-819e-e4a8dfc2a9a8,resid_build_sale_price,1,82,0.036320313811302185,0.2818727493286133,5078.0,0.041423264890909195,45,1
StandardGP,fa89e780-ada2-11ef-819e-e4a8dfc2a9a8,resid_build_sale_price,1,83,0.035202883183956146,0.28098630905151367,5062.0,0.04158148169517517,37,1
StandardGP,fa89e780-ada2-11ef-819e-e4a8dfc2a9a8,resid_build_sale_price,1,84,0.03478173166513443,0.2685232162475586,4900.0,0.043257128447294235,51,1
StandardGP,fa89e780-ada2-11ef-819e-e4a8dfc2a9a8,resid_build_sale_price,1,85,0.03171984478831291,0.29602622985839844,4864.0,0.04835611209273338,37,1
StandardGP,fa89e780-ada2-11ef-819e-e4a8dfc2a9a8,resid_build_sale_price,1,86,0.03171984478831291,0.252882719039917,4690.0,0.04835611209273338,37,1
StandardGP,fa89e780-ada2-11ef-819e-e4a8dfc2a9a8,resid_build_sale_price,1,87,0.03171984478831291,0.24978303909301758,4460.0,0.04835611209273338,37,1
StandardGP,fa89e780-ada2-11ef-819e-e4a8dfc2a9a8,resid_build_sale_price,1,88,0.03171984478831291,0.2843630313873291,4754.0,0.04835611209273338,37,1
StandardGP,fa89e780-ada2-11ef-819e-e4a8dfc2a9a8,resid_build_sale_price,1,89,0.03171984478831291,0.23595905303955078,4638.0,0.04835611209273338,37,1
StandardGP,fa89e780-ada2-11ef-819e-e4a8dfc2a9a8,resid_build_sale_price,1,90,0.03171984478831291,0.22872471809387207,4786.0,0.04835611209273338,37,1
StandardGP,fa89e780-ada2-11ef-819e-e4a8dfc2a9a8,resid_build_sale_price,1,91,0.03171984478831291,0.265949010848999,4812.0,0.04835611209273338,37,1
StandardGP,fa89e780-ada2-11ef-819e-e4a8dfc2a9a8,resid_build_sale_price,1,92,0.03171984478831291,0.25725245475769043,4736.0,0.04835611209273338,37,1
StandardGP,fa89e780-ada2-11ef-819e-e4a8dfc2a9a8,resid_build_sale_price,1,93,0.03171984478831291,0.3986082077026367,4716.0,0.04835611209273338,37,1
StandardGP,fa89e780-ada2-11ef-819e-e4a8dfc2a9a8,resid_build_sale_price,1,94,0.03171984478831291,0.25835609436035156,4562.0,0.04835611209273338,37,1
StandardGP,fa89e780-ada2-11ef-819e-e4a8dfc2a9a8,resid_build_sale_price,1,95,0.03171984478831291,0.23384737968444824,4560.0,0.04835611209273338,37,1
StandardGP,fa89e780-ada2-11ef-819e-e4a8dfc2a9a8,resid_build_sale_price,1,96,0.03171984478831291,0.22075343132019043,4294.0,0.04835611209273338,37,1
StandardGP,fa89e780-ada2-11ef-819e-e4a8dfc2a9a8,resid_build_sale_price,1,97,0.03171984478831291,0.23123502731323242,4184.0,0.04835611209273338,37,1
StandardGP,fa89e780-ada2-11ef-819e-e4a8dfc2a9a8,resid_build_sale_price,1,98,0.03171984478831291,0.21427059173583984,3884.0,0.04835611209273338,37,1
StandardGP,fa89e780-ada2-11ef-819e-e4a8dfc2a9a8,resid_build_sale_price,1,99,0.03171984478831291,0.20479416847229004,3818.0,0.04835611209273338,37,1
StandardGP,fa89e780-ada2-11ef-819e-e4a8dfc2a9a8,resid_build_sale_price,1,100,0.03171984478831291,0.19653677940368652,3648.0,0.04835611209273338,37,1
StandardGP,076a990c-ada4-11ef-8736-e4a8dfc2a9a8,resid_build_sale_price,1,0,118.90357971191406,0.08175444602966309,1342.0,132.3533935546875,15,1
StandardGP,076a990c-ada4-11ef-8736-e4a8dfc2a9a8,resid_build_sale_price,1,1,108.28520965576172,0.04827570915222168,1208.0,127.91511535644531,5,1
StandardGP,076a990c-ada4-11ef-8736-e4a8dfc2a9a8,resid_build_sale_price,1,2,108.28520965576172,0.053272247314453125,1156.0,127.91511535644531,5,1
StandardGP,076a990c-ada4-11ef-8736-e4a8dfc2a9a8,resid_build_sale_price,1,3,108.28520965576172,0.0380094051361084,1176.0,127.91511535644531,5,1
StandardGP,076a990c-ada4-11ef-8736-e4a8dfc2a9a8,resid_build_sale_price,1,4,107.12984466552734,0.03560590744018555,1284.0,117.36678314208984,5,1
StandardGP,076a990c-ada4-11ef-8736-e4a8dfc2a9a8,resid_build_sale_price,1,5,105.16162872314453,0.03943014144897461,1534.0,116.81645202636719,7,1
StandardGP,076a990c-ada4-11ef-8736-e4a8dfc2a9a8,resid_build_sale_price,1,6,104.46809387207031,0.03708314895629883,1446.0,116.76795196533203,7,1
StandardGP,076a990c-ada4-11ef-8736-e4a8dfc2a9a8,resid_build_sale_price,1,7,104.46809387207031,0.03161215782165527,1120.0,116.76795196533203,7,1
StandardGP,076a990c-ada4-11ef-8736-e4a8dfc2a9a8,resid_build_sale_price,1,8,104.46809387207031,0.04264998435974121,1162.0,116.76795196533203,7,1
StandardGP,076a990c-ada4-11ef-8736-e4a8dfc2a9a8,resid_build_sale_price,1,9,104.46809387207031,0.028937339782714844,924.0,116.76795196533203,7,1
StandardGP,076a990c-ada4-11ef-8736-e4a8dfc2a9a8,resid_build_sale_price,1,10,102.32402038574219,0.030338287353515625,994.0,117.69489288330078,11,1
StandardGP,076a990c-ada4-11ef-8736-e4a8dfc2a9a8,resid_build_sale_price,1,11,98.26375579833984,0.0399932861328125,988.0,117.89244079589844,9,1
StandardGP,076a990c-ada4-11ef-8736-e4a8dfc2a9a8,resid_build_sale_price,1,12,98.26375579833984,0.03556346893310547,976.0,117.89244079589844,9,1
StandardGP,076a990c-ada4-11ef-8736-e4a8dfc2a9a8,resid_build_sale_price,1,13,98.26375579833984,0.030069828033447266,932.0,117.89244079589844,9,1
StandardGP,076a990c-ada4-11ef-8736-e4a8dfc2a9a8,resid_build_sale_price,1,14,98.26375579833984,0.030977249145507812,1036.0,117.89244079589844,9,1
StandardGP,076a990c-ada4-11ef-8736-e4a8dfc2a9a8,resid_build_sale_price,1,15,98.26375579833984,0.03370070457458496,1124.0,117.89244079589844,9,1
StandardGP,076a990c-ada4-11ef-8736-e4a8dfc2a9a8,resid_build_sale_price,1,16,95.60576629638672,0.03411531448364258,1238.0,116.19134521484375,13,1
StandardGP,076a990c-ada4-11ef-8736-e4a8dfc2a9a8,resid_build_sale_price,1,17,95.60501861572266,0.0366826057434082,1324.0,116.19092559814453,21,1
StandardGP,076a990c-ada4-11ef-8736-e4a8dfc2a9a8,resid_build_sale_price,1,18,95.60472869873047,0.0423433780670166,1488.0,116.1907730102539,23,1
StandardGP,076a990c-ada4-11ef-8736-e4a8dfc2a9a8,resid_build_sale_price,1,19,95.60472869873047,0.0405125617980957,1514.0,116.1907730102539,23,1
StandardGP,076a990c-ada4-11ef-8736-e4a8dfc2a9a8,resid_build_sale_price,1,20,95.60466003417969,0.04605579376220703,1692.0,116.19075775146484,17,1
StandardGP,076a990c-ada4-11ef-8736-e4a8dfc2a9a8,resid_build_sale_price,1,21,95.60466003417969,0.04774975776672363,1858.0,116.19075775146484,17,1
StandardGP,076a990c-ada4-11ef-8736-e4a8dfc2a9a8,resid_build_sale_price,1,22,95.32728576660156,0.050543785095214844,1984.0,116.41934204101562,7,1
StandardGP,076a990c-ada4-11ef-8736-e4a8dfc2a9a8,resid_build_sale_price,1,23,95.32728576660156,0.13386845588684082,2046.0,116.41934204101562,7,1
StandardGP,076a990c-ada4-11ef-8736-e4a8dfc2a9a8,resid_build_sale_price,1,24,95.32728576660156,0.054285526275634766,2054.0,116.41934204101562,7,1
StandardGP,076a990c-ada4-11ef-8736-e4a8dfc2a9a8,resid_build_sale_price,1,25,95.32728576660156,0.05085182189941406,2058.0,116.41934204101562,7,1
StandardGP,076a990c-ada4-11ef-8736-e4a8dfc2a9a8,resid_build_sale_price,1,26,95.1831283569336,0.045099496841430664,1722.0,116.17984771728516,23,1
StandardGP,076a990c-ada4-11ef-8736-e4a8dfc2a9a8,resid_build_sale_price,1,27,95.1831283569336,0.046227455139160156,1750.0,116.17984771728516,23,1
StandardGP,076a990c-ada4-11ef-8736-e4a8dfc2a9a8,resid_build_sale_price,1,28,95.01347351074219,0.043125152587890625,1724.0,116.2022705078125,23,1
StandardGP,076a990c-ada4-11ef-8736-e4a8dfc2a9a8,resid_build_sale_price,1,29,95.01347351074219,0.043435096740722656,1784.0,116.2022705078125,23,1
StandardGP,076a990c-ada4-11ef-8736-e4a8dfc2a9a8,resid_build_sale_price,1,30,95.01347351074219,0.04999518394470215,1860.0,116.2022705078125,23,1
StandardGP,076a990c-ada4-11ef-8736-e4a8dfc2a9a8,resid_build_sale_price,1,31,95.01347351074219,0.05364847183227539,2164.0,116.2022705078125,23,1
StandardGP,076a990c-ada4-11ef-8736-e4a8dfc2a9a8,resid_build_sale_price,1,32,95.011474609375,0.05916595458984375,2500.0,116.19895935058594,15,1
StandardGP,076a990c-ada4-11ef-8736-e4a8dfc2a9a8,resid_build_sale_price,1,33,95.011474609375,0.06247878074645996,2656.0,116.19895935058594,15,1
StandardGP,076a990c-ada4-11ef-8736-e4a8dfc2a9a8,resid_build_sale_price,1,34,94.45610046386719,0.06747245788574219,2876.0,115.85133361816406,23,1
StandardGP,076a990c-ada4-11ef-8736-e4a8dfc2a9a8,resid_build_sale_price,1,35,94.45610046386719,0.07903146743774414,3074.0,115.85133361816406,23,1
StandardGP,076a990c-ada4-11ef-8736-e4a8dfc2a9a8,resid_build_sale_price,1,36,94.45610046386719,0.07591629028320312,3286.0,115.85133361816406,23,1
StandardGP,076a990c-ada4-11ef-8736-e4a8dfc2a9a8,resid_build_sale_price,1,37,94.45610046386719,0.08165550231933594,3350.0,115.85133361816406,23,1
StandardGP,076a990c-ada4-11ef-8736-e4a8dfc2a9a8,resid_build_sale_price,1,38,94.45610046386719,0.07887148857116699,3460.0,115.85133361816406,23,1
StandardGP,076a990c-ada4-11ef-8736-e4a8dfc2a9a8,resid_build_sale_price,1,39,94.45610046386719,0.08439850807189941,3604.0,115.85133361816406,23,1
StandardGP,076a990c-ada4-11ef-8736-e4a8dfc2a9a8,resid_build_sale_price,1,40,94.45610046386719,0.09063720703125,3830.0,115.85133361816406,23,1
StandardGP,076a990c-ada4-11ef-8736-e4a8dfc2a9a8,resid_build_sale_price,1,41,94.45610046386719,0.08125090599060059,3596.0,115.85133361816406,23,1
StandardGP,076a990c-ada4-11ef-8736-e4a8dfc2a9a8,resid_build_sale_price,1,42,94.45610046386719,0.0747225284576416,3396.0,115.85133361816406,23,1
StandardGP,076a990c-ada4-11ef-8736-e4a8dfc2a9a8,resid_build_sale_price,1,43,94.28350067138672,0.07321834564208984,3294.0,115.3314437866211,39,1
StandardGP,076a990c-ada4-11ef-8736-e4a8dfc2a9a8,resid_build_sale_price,1,44,94.2439956665039,0.07465910911560059,3340.0,118.25804901123047,23,1
StandardGP,076a990c-ada4-11ef-8736-e4a8dfc2a9a8,resid_build_sale_price,1,45,94.2439956665039,0.0754094123840332,3344.0,118.25804901123047,23,1
StandardGP,076a990c-ada4-11ef-8736-e4a8dfc2a9a8,resid_build_sale_price,1,46,94.2439956665039,0.07493805885314941,3210.0,118.25804901123047,23,1
StandardGP,076a990c-ada4-11ef-8736-e4a8dfc2a9a8,resid_build_sale_price,1,47,94.2439956665039,0.06845378875732422,3130.0,118.25804901123047,23,1
StandardGP,076a990c-ada4-11ef-8736-e4a8dfc2a9a8,resid_build_sale_price,1,48,94.240234375,0.06853008270263672,3202.0,118.24949645996094,15,1
StandardGP,076a990c-ada4-11ef-8736-e4a8dfc2a9a8,resid_build_sale_price,1,49,94.15665435791016,0.07075858116149902,3218.0,118.12748718261719,11,1
StandardGP,076a990c-ada4-11ef-8736-e4a8dfc2a9a8,resid_build_sale_price,1,50,94.15665435791016,0.07420659065246582,3112.0,118.12748718261719,11,1
StandardGP,076a990c-ada4-11ef-8736-e4a8dfc2a9a8,resid_build_sale_price,1,51,90.73725128173828,0.06643891334533691,2894.0,114.68923950195312,37,1
StandardGP,076a990c-ada4-11ef-8736-e4a8dfc2a9a8,resid_build_sale_price,1,52,90.73725128173828,0.07300162315368652,2928.0,114.68923950195312,37,1
StandardGP,076a990c-ada4-11ef-8736-e4a8dfc2a9a8,resid_build_sale_price,1,53,90.73725128173828,0.06671619415283203,2892.0,114.68923950195312,37,1
StandardGP,076a990c-ada4-11ef-8736-e4a8dfc2a9a8,resid_build_sale_price,1,54,90.73725128173828,0.06600594520568848,2950.0,114.68923950195312,37,1
StandardGP,076a990c-ada4-11ef-8736-e4a8dfc2a9a8,resid_build_sale_price,1,55,90.73725128173828,0.06806087493896484,2980.0,114.68923950195312,37,1
StandardGP,076a990c-ada4-11ef-8736-e4a8dfc2a9a8,resid_build_sale_price,1,56,90.73725128173828,0.0667426586151123,2878.0,114.68923950195312,37,1
StandardGP,076a990c-ada4-11ef-8736-e4a8dfc2a9a8,resid_build_sale_price,1,57,90.73725128173828,0.08144116401672363,3242.0,114.68923950195312,37,1
StandardGP,076a990c-ada4-11ef-8736-e4a8dfc2a9a8,resid_build_sale_price,1,58,90.73725128173828,0.07004833221435547,2928.0,114.68923950195312,37,1
StandardGP,076a990c-ada4-11ef-8736-e4a8dfc2a9a8,resid_build_sale_price,1,59,90.73725128173828,0.07595038414001465,3202.0,114.68923950195312,37,1
StandardGP,076a990c-ada4-11ef-8736-e4a8dfc2a9a8,resid_build_sale_price,1,60,90.73725128173828,0.07997417449951172,3294.0,114.68923950195312,37,1
StandardGP,076a990c-ada4-11ef-8736-e4a8dfc2a9a8,resid_build_sale_price,1,61,90.73725128173828,0.07992100715637207,3350.0,114.68923950195312,37,1
StandardGP,076a990c-ada4-11ef-8736-e4a8dfc2a9a8,resid_build_sale_price,1,62,90.73725128173828,0.08062386512756348,3436.0,114.68923950195312,37,1
StandardGP,076a990c-ada4-11ef-8736-e4a8dfc2a9a8,resid_build_sale_price,1,63,90.73725128173828,0.08379387855529785,3726.0,114.68923950195312,37,1
StandardGP,076a990c-ada4-11ef-8736-e4a8dfc2a9a8,resid_build_sale_price,1,64,90.73725128173828,0.08900237083435059,3584.0,114.68923950195312,37,1
StandardGP,076a990c-ada4-11ef-8736-e4a8dfc2a9a8,resid_build_sale_price,1,65,90.73725128173828,0.0884864330291748,3578.0,114.68923950195312,37,1
StandardGP,076a990c-ada4-11ef-8736-e4a8dfc2a9a8,resid_build_sale_price,1,66,90.73725128173828,0.09974980354309082,3802.0,114.68923950195312,37,1
StandardGP,076a990c-ada4-11ef-8736-e4a8dfc2a9a8,resid_build_sale_price,1,67,90.73725128173828,0.09524250030517578,3762.0,114.68923950195312,37,1
StandardGP,076a990c-ada4-11ef-8736-e4a8dfc2a9a8,resid_build_sale_price,1,68,90.73725128173828,0.09241199493408203,3782.0,114.68923950195312,37,1
StandardGP,076a990c-ada4-11ef-8736-e4a8dfc2a9a8,resid_build_sale_price,1,69,90.73725128173828,0.10695195198059082,4300.0,114.68923950195312,37,1
StandardGP,076a990c-ada4-11ef-8736-e4a8dfc2a9a8,resid_build_sale_price,1,70,90.73725128173828,0.10672497749328613,4162.0,114.68923950195312,37,1
StandardGP,076a990c-ada4-11ef-8736-e4a8dfc2a9a8,resid_build_sale_price,1,71,88.61117553710938,0.1143798828125,4520.0,112.56262969970703,37,1
StandardGP,076a990c-ada4-11ef-8736-e4a8dfc2a9a8,resid_build_sale_price,1,72,88.61117553710938,0.11738133430480957,4572.0,112.56262969970703,37,1
StandardGP,076a990c-ada4-11ef-8736-e4a8dfc2a9a8,resid_build_sale_price,1,73,88.61117553710938,0.10796809196472168,4416.0,112.56262969970703,37,1
StandardGP,076a990c-ada4-11ef-8736-e4a8dfc2a9a8,resid_build_sale_price,1,74,86.36128997802734,0.10455775260925293,4422.0,111.97648620605469,11,1
StandardGP,076a990c-ada4-11ef-8736-e4a8dfc2a9a8,resid_build_sale_price,1,75,86.36128997802734,0.09503889083862305,4080.0,111.97648620605469,11,1
StandardGP,076a990c-ada4-11ef-8736-e4a8dfc2a9a8,resid_build_sale_price,1,76,86.36128997802734,0.10159444808959961,4164.0,111.97648620605469,11,1
StandardGP,076a990c-ada4-11ef-8736-e4a8dfc2a9a8,resid_build_sale_price,1,77,86.36128997802734,0.10745668411254883,4352.0,111.97648620605469,11,1
StandardGP,076a990c-ada4-11ef-8736-e4a8dfc2a9a8,resid_build_sale_price,1,78,86.36128997802734,0.10780882835388184,4500.0,111.97648620605469,11,1
StandardGP,076a990c-ada4-11ef-8736-e4a8dfc2a9a8,resid_build_sale_price,1,79,86.36128997802734,0.1079864501953125,4548.0,111.97648620605469,11,1
StandardGP,076a990c-ada4-11ef-8736-e4a8dfc2a9a8,resid_build_sale_price,1,80,86.36128997802734,0.1069023609161377,4956.0,111.97648620605469,11,1
StandardGP,076a990c-ada4-11ef-8736-e4a8dfc2a9a8,resid_build_sale_price,1,81,86.36128997802734,0.10803699493408203,5250.0,111.97648620605469,11,1
StandardGP,076a990c-ada4-11ef-8736-e4a8dfc2a9a8,resid_build_sale_price,1,82,86.36128997802734,0.12871336936950684,5820.0,111.97648620605469,11,1
StandardGP,076a990c-ada4-11ef-8736-e4a8dfc2a9a8,resid_build_sale_price,1,83,86.36128997802734,0.13106799125671387,6150.0,111.97648620605469,11,1
StandardGP,076a990c-ada4-11ef-8736-e4a8dfc2a9a8,resid_build_sale_price,1,84,86.36128997802734,0.12905192375183105,6104.0,111.97648620605469,11,1
StandardGP,076a990c-ada4-11ef-8736-e4a8dfc2a9a8,resid_build_sale_price,1,85,86.36128997802734,0.12352395057678223,6054.0,111.97648620605469,11,1
StandardGP,076a990c-ada4-11ef-8736-e4a8dfc2a9a8,resid_build_sale_price,1,86,86.36128997802734,0.13367128372192383,6280.0,111.97648620605469,11,1
StandardGP,076a990c-ada4-11ef-8736-e4a8dfc2a9a8,resid_build_sale_price,1,87,86.36128997802734,0.12364435195922852,5930.0,111.97648620605469,11,1
StandardGP,076a990c-ada4-11ef-8736-e4a8dfc2a9a8,resid_build_sale_price,1,88,86.36128997802734,0.13138246536254883,6070.0,111.97648620605469,11,1
StandardGP,076a990c-ada4-11ef-8736-e4a8dfc2a9a8,resid_build_sale_price,1,89,86.36128997802734,0.13929414749145508,6698.0,111.97648620605469,11,1
StandardGP,076a990c-ada4-11ef-8736-e4a8dfc2a9a8,resid_build_sale_price,1,90,86.36128997802734,0.13857293128967285,6546.0,111.97648620605469,11,1
StandardGP,076a990c-ada4-11ef-8736-e4a8dfc2a9a8,resid_build_sale_price,1,91,86.36128997802734,0.13982820510864258,6704.0,111.97648620605469,11,1
StandardGP,076a990c-ada4-11ef-8736-e4a8dfc2a9a8,resid_build_sale_price,1,92,86.36128997802734,0.1398468017578125,6686.0,111.97648620605469,11,1
StandardGP,076a990c-ada4-11ef-8736-e4a8dfc2a9a8,resid_build_sale_price,1,93,86.36128997802734,0.14501571655273438,6950.0,111.97648620605469,11,1
StandardGP,076a990c-ada4-11ef-8736-e4a8dfc2a9a8,resid_build_sale_price,1,94,86.36128997802734,0.1531667709350586,7022.0,111.97648620605469,11,1
StandardGP,076a990c-ada4-11ef-8736-e4a8dfc2a9a8,resid_build_sale_price,1,95,86.36128997802734,0.15724682807922363,7210.0,111.97648620605469,11,1
StandardGP,076a990c-ada4-11ef-8736-e4a8dfc2a9a8,resid_build_sale_price,1,96,86.36128997802734,0.15323758125305176,7104.0,111.97648620605469,11,1
StandardGP,076a990c-ada4-11ef-8736-e4a8dfc2a9a8,resid_build_sale_price,1,97,86.36128997802734,0.1516108512878418,6630.0,111.97648620605469,11,1
StandardGP,076a990c-ada4-11ef-8736-e4a8dfc2a9a8,resid_build_sale_price,1,98,86.36128997802734,0.1498558521270752,6472.0,111.97648620605469,11,1
StandardGP,076a990c-ada4-11ef-8736-e4a8dfc2a9a8,resid_build_sale_price,1,99,86.36128997802734,0.14534592628479004,6450.0,111.97648620605469,11,1
StandardGP,076a990c-ada4-11ef-8736-e4a8dfc2a9a8,resid_build_sale_price,1,100,86.36128997802734,0.12987828254699707,6048.0,111.97648620605469,11,1
StandardGP,8ebd4455-ada5-11ef-8299-e4a8dfc2a9a8,resid_build_sale_price,1,0,0.14531812071800232,0.0606081485748291,1342.0,0.14955675601959229,3,1
StandardGP,8ebd4455-ada5-11ef-8299-e4a8dfc2a9a8,resid_build_sale_price,1,1,0.06178119406104088,0.024026155471801758,944.0,0.04945201054215431,3,1
StandardGP,8ebd4455-ada5-11ef-8299-e4a8dfc2a9a8,resid_build_sale_price,1,2,0.06178119406104088,0.018974781036376953,690.0,0.04945201054215431,3,1
StandardGP,8ebd4455-ada5-11ef-8299-e4a8dfc2a9a8,resid_build_sale_price,1,3,0.06178119406104088,0.02100086212158203,672.0,0.04945201054215431,3,1
StandardGP,8ebd4455-ada5-11ef-8299-e4a8dfc2a9a8,resid_build_sale_price,1,4,0.06178119406104088,0.022694110870361328,772.0,0.04945201054215431,3,1
StandardGP,8ebd4455-ada5-11ef-8299-e4a8dfc2a9a8,resid_build_sale_price,1,5,0.06178119406104088,0.023023605346679688,746.0,0.04945201054215431,3,1
StandardGP,8ebd4455-ada5-11ef-8299-e4a8dfc2a9a8,resid_build_sale_price,1,6,0.06178119406104088,0.0190274715423584,742.0,0.04945201054215431,3,1
StandardGP,8ebd4455-ada5-11ef-8299-e4a8dfc2a9a8,resid_build_sale_price,1,7,0.06178119406104088,0.018930673599243164,678.0,0.04945201054215431,3,1
StandardGP,8ebd4455-ada5-11ef-8299-e4a8dfc2a9a8,resid_build_sale_price,1,8,0.06178119406104088,0.01901698112487793,688.0,0.04945201054215431,3,1
StandardGP,8ebd4455-ada5-11ef-8299-e4a8dfc2a9a8,resid_build_sale_price,1,9,0.05819495767354965,0.020578384399414062,724.0,0.046185825020074844,3,1
StandardGP,8ebd4455-ada5-11ef-8299-e4a8dfc2a9a8,resid_build_sale_price,1,10,0.05819495767354965,0.021237611770629883,800.0,0.046185825020074844,3,1
StandardGP,8ebd4455-ada5-11ef-8299-e4a8dfc2a9a8,resid_build_sale_price,1,11,0.05819495767354965,0.021555662155151367,816.0,0.046185825020074844,3,1
StandardGP,8ebd4455-ada5-11ef-8299-e4a8dfc2a9a8,resid_build_sale_price,1,12,0.05819495767354965,0.020999431610107422,834.0,0.046185825020074844,3,1
StandardGP,8ebd4455-ada5-11ef-8299-e4a8dfc2a9a8,resid_build_sale_price,1,13,0.05819495767354965,0.023704051971435547,882.0,0.046185825020074844,3,1
StandardGP,8ebd4455-ada5-11ef-8299-e4a8dfc2a9a8,resid_build_sale_price,1,14,0.05819495767354965,0.021364212036132812,890.0,0.046185825020074844,3,1
StandardGP,8ebd4455-ada5-11ef-8299-e4a8dfc2a9a8,resid_build_sale_price,1,15,0.05819495767354965,0.024232864379882812,852.0,0.046185825020074844,3,1
StandardGP,8ebd4455-ada5-11ef-8299-e4a8dfc2a9a8,resid_build_sale_price,1,16,0.05819495767354965,0.02198481559753418,962.0,0.046185825020074844,3,1
StandardGP,8ebd4455-ada5-11ef-8299-e4a8dfc2a9a8,resid_build_sale_price,1,17,0.05819495767354965,0.0230257511138916,968.0,0.046185825020074844,3,1
StandardGP,8ebd4455-ada5-11ef-8299-e4a8dfc2a9a8,resid_build_sale_price,1,18,0.05819495767354965,0.02052927017211914,862.0,0.046185825020074844,3,1
StandardGP,8ebd4455-ada5-11ef-8299-e4a8dfc2a9a8,resid_build_sale_price,1,19,0.05819495767354965,0.02098989486694336,842.0,0.046185825020074844,3,1
StandardGP,8ebd4455-ada5-11ef-8299-e4a8dfc2a9a8,resid_build_sale_price,1,20,0.05819495767354965,0.019797086715698242,776.0,0.046185825020074844,3,1
StandardGP,8ebd4455-ada5-11ef-8299-e4a8dfc2a9a8,resid_build_sale_price,1,21,0.05819495767354965,0.019520282745361328,760.0,0.046185825020074844,3,1
StandardGP,8ebd4455-ada5-11ef-8299-e4a8dfc2a9a8,resid_build_sale_price,1,22,0.05819495767354965,0.021604537963867188,728.0,0.046185825020074844,3,1
StandardGP,8ebd4455-ada5-11ef-8299-e4a8dfc2a9a8,resid_build_sale_price,1,23,0.05819495767354965,0.018954753875732422,702.0,0.046185825020074844,3,1
StandardGP,8ebd4455-ada5-11ef-8299-e4a8dfc2a9a8,resid_build_sale_price,1,24,0.05819495767354965,0.018724918365478516,716.0,0.046185825020074844,3,1
StandardGP,8ebd4455-ada5-11ef-8299-e4a8dfc2a9a8,resid_build_sale_price,1,25,0.05819495767354965,0.020360946655273438,808.0,0.046185825020074844,3,1
StandardGP,8ebd4455-ada5-11ef-8299-e4a8dfc2a9a8,resid_build_sale_price,1,26,0.05819495767354965,0.021188974380493164,878.0,0.046185825020074844,3,1
StandardGP,8ebd4455-ada5-11ef-8299-e4a8dfc2a9a8,resid_build_sale_price,1,27,0.05819495767354965,0.02667522430419922,950.0,0.046185825020074844,3,1
StandardGP,8ebd4455-ada5-11ef-8299-e4a8dfc2a9a8,resid_build_sale_price,1,28,0.05819495767354965,0.020894527435302734,928.0,0.046185825020074844,3,1
StandardGP,8ebd4455-ada5-11ef-8299-e4a8dfc2a9a8,resid_build_sale_price,1,29,0.05819495767354965,0.02007460594177246,1002.0,0.046185825020074844,3,1
StandardGP,8ebd4455-ada5-11ef-8299-e4a8dfc2a9a8,resid_build_sale_price,1,30,0.05819495767354965,0.022148609161376953,1024.0,0.046185825020074844,3,1
StandardGP,8ebd4455-ada5-11ef-8299-e4a8dfc2a9a8,resid_build_sale_price,1,31,0.05819495767354965,0.023845434188842773,1066.0,0.046185825020074844,3,1
StandardGP,8ebd4455-ada5-11ef-8299-e4a8dfc2a9a8,resid_build_sale_price,1,32,0.05819495767354965,0.02386307716369629,1086.0,0.046185825020074844,3,1
StandardGP,8ebd4455-ada5-11ef-8299-e4a8dfc2a9a8,resid_build_sale_price,1,33,0.05819495767354965,0.024976015090942383,1068.0,0.046185825020074844,3,1
StandardGP,8ebd4455-ada5-11ef-8299-e4a8dfc2a9a8,resid_build_sale_price,1,34,0.05819495767354965,0.024452686309814453,1062.0,0.046185825020074844,3,1
StandardGP,8ebd4455-ada5-11ef-8299-e4a8dfc2a9a8,resid_build_sale_price,1,35,0.05819495767354965,0.020073652267456055,1070.0,0.046185825020074844,3,1
StandardGP,8ebd4455-ada5-11ef-8299-e4a8dfc2a9a8,resid_build_sale_price,1,36,0.05819495767354965,0.026867389678955078,1084.0,0.046185825020074844,3,1
StandardGP,8ebd4455-ada5-11ef-8299-e4a8dfc2a9a8,resid_build_sale_price,1,37,0.05819495767354965,0.02163863182067871,1034.0,0.046185825020074844,3,1
StandardGP,8ebd4455-ada5-11ef-8299-e4a8dfc2a9a8,resid_build_sale_price,1,38,0.05819495767354965,0.027180194854736328,1248.0,0.046185825020074844,3,1
StandardGP,8ebd4455-ada5-11ef-8299-e4a8dfc2a9a8,resid_build_sale_price,1,39,0.05819495767354965,0.02711796760559082,1450.0,0.046185825020074844,3,1
StandardGP,8ebd4455-ada5-11ef-8299-e4a8dfc2a9a8,resid_build_sale_price,1,40,0.05819495767354965,0.04400944709777832,1520.0,0.046185825020074844,3,1
StandardGP,8ebd4455-ada5-11ef-8299-e4a8dfc2a9a8,resid_build_sale_price,1,41,0.05819495767354965,0.03160667419433594,1534.0,0.046185825020074844,3,1
StandardGP,8ebd4455-ada5-11ef-8299-e4a8dfc2a9a8,resid_build_sale_price,1,42,0.05819495767354965,0.029902219772338867,1590.0,0.046185825020074844,3,1
StandardGP,8ebd4455-ada5-11ef-8299-e4a8dfc2a9a8,resid_build_sale_price,1,43,0.05819495767354965,0.02583909034729004,1480.0,0.046185825020074844,3,1
StandardGP,8ebd4455-ada5-11ef-8299-e4a8dfc2a9a8,resid_build_sale_price,1,44,0.05819495767354965,0.024274110794067383,1394.0,0.046185825020074844,3,1
StandardGP,8ebd4455-ada5-11ef-8299-e4a8dfc2a9a8,resid_build_sale_price,1,45,0.05819495767354965,0.02633810043334961,1384.0,0.046185825020074844,3,1
StandardGP,8ebd4455-ada5-11ef-8299-e4a8dfc2a9a8,resid_build_sale_price,1,46,0.05819495767354965,0.026155948638916016,1416.0,0.046185825020074844,3,1
StandardGP,8ebd4455-ada5-11ef-8299-e4a8dfc2a9a8,resid_build_sale_price,1,47,0.05819495767354965,0.028002500534057617,1494.0,0.046185825020074844,3,1
StandardGP,8ebd4455-ada5-11ef-8299-e4a8dfc2a9a8,resid_build_sale_price,1,48,0.05819495767354965,0.027466535568237305,1532.0,0.046185825020074844,3,1
StandardGP,8ebd4455-ada5-11ef-8299-e4a8dfc2a9a8,resid_build_sale_price,1,49,0.05819495767354965,0.028520822525024414,1612.0,0.046185825020074844,3,1
StandardGP,8ebd4455-ada5-11ef-8299-e4a8dfc2a9a8,resid_build_sale_price,1,50,0.05819495767354965,0.02849292755126953,1658.0,0.046185825020074844,3,1
StandardGP,8ebd4455-ada5-11ef-8299-e4a8dfc2a9a8,resid_build_sale_price,1,51,0.05819495767354965,0.030007600784301758,1640.0,0.046185825020074844,3,1
StandardGP,8ebd4455-ada5-11ef-8299-e4a8dfc2a9a8,resid_build_sale_price,1,52,0.05819495767354965,0.03474998474121094,1776.0,0.046185825020074844,3,1
StandardGP,8ebd4455-ada5-11ef-8299-e4a8dfc2a9a8,resid_build_sale_price,1,53,0.05819495767354965,0.036161184310913086,2008.0,0.046185825020074844,3,1
StandardGP,8ebd4455-ada5-11ef-8299-e4a8dfc2a9a8,resid_build_sale_price,1,54,0.05819495767354965,0.0378267765045166,2100.0,0.046185825020074844,3,1
StandardGP,8ebd4455-ada5-11ef-8299-e4a8dfc2a9a8,resid_build_sale_price,1,55,0.05819495767354965,0.04274892807006836,2050.0,0.046185825020074844,3,1
StandardGP,8ebd4455-ada5-11ef-8299-e4a8dfc2a9a8,resid_build_sale_price,1,56,0.05819495767354965,0.035443782806396484,1972.0,0.046185825020074844,3,1
StandardGP,8ebd4455-ada5-11ef-8299-e4a8dfc2a9a8,resid_build_sale_price,1,57,0.05819495767354965,0.04076266288757324,2288.0,0.046185825020074844,3,1
StandardGP,8ebd4455-ada5-11ef-8299-e4a8dfc2a9a8,resid_build_sale_price,1,58,0.05819495767354965,0.048340797424316406,2676.0,0.046185825020074844,3,1
StandardGP,8ebd4455-ada5-11ef-8299-e4a8dfc2a9a8,resid_build_sale_price,1,59,0.05819495767354965,0.058588266372680664,3032.0,0.046185825020074844,3,1
StandardGP,8ebd4455-ada5-11ef-8299-e4a8dfc2a9a8,resid_build_sale_price,1,60,0.05819495767354965,0.07101655006408691,3310.0,0.046185825020074844,3,1
StandardGP,8ebd4455-ada5-11ef-8299-e4a8dfc2a9a8,resid_build_sale_price,1,61,0.05819495767354965,0.05745553970336914,2954.0,0.046185825020074844,3,1
StandardGP,8ebd4455-ada5-11ef-8299-e4a8dfc2a9a8,resid_build_sale_price,1,62,0.05819495767354965,0.06421375274658203,3208.0,0.046185825020074844,3,1
StandardGP,8ebd4455-ada5-11ef-8299-e4a8dfc2a9a8,resid_build_sale_price,1,63,0.05819495767354965,0.07359552383422852,3082.0,0.046185825020074844,3,1
StandardGP,8ebd4455-ada5-11ef-8299-e4a8dfc2a9a8,resid_build_sale_price,1,64,0.05819495767354965,0.0755774974822998,3270.0,0.046185825020074844,3,1
StandardGP,8ebd4455-ada5-11ef-8299-e4a8dfc2a9a8,resid_build_sale_price,1,65,0.05819495767354965,0.06327366828918457,3406.0,0.046185825020074844,3,1
StandardGP,8ebd4455-ada5-11ef-8299-e4a8dfc2a9a8,resid_build_sale_price,1,66,0.05819495767354965,0.06363439559936523,3588.0,0.046185825020074844,3,1
StandardGP,8ebd4455-ada5-11ef-8299-e4a8dfc2a9a8,resid_build_sale_price,1,67,0.05819495767354965,0.06033682823181152,3208.0,0.046185825020074844,3,1
StandardGP,8ebd4455-ada5-11ef-8299-e4a8dfc2a9a8,resid_build_sale_price,1,68,0.05819495767354965,0.07730484008789062,3542.0,0.046185825020074844,3,1
StandardGP,8ebd4455-ada5-11ef-8299-e4a8dfc2a9a8,resid_build_sale_price,1,69,0.05819495767354965,0.0673067569732666,3492.0,0.046185825020074844,3,1
StandardGP,8ebd4455-ada5-11ef-8299-e4a8dfc2a9a8,resid_build_sale_price,1,70,0.05819495767354965,0.07226896286010742,3798.0,0.046185825020074844,3,1
StandardGP,8ebd4455-ada5-11ef-8299-e4a8dfc2a9a8,resid_build_sale_price,1,71,0.05819495767354965,0.0676114559173584,3792.0,0.046185825020074844,3,1
StandardGP,8ebd4455-ada5-11ef-8299-e4a8dfc2a9a8,resid_build_sale_price,1,72,0.05819495767354965,0.06649017333984375,3576.0,0.046185825020074844,3,1
StandardGP,8ebd4455-ada5-11ef-8299-e4a8dfc2a9a8,resid_build_sale_price,1,73,0.05819495767354965,0.06865763664245605,3716.0,0.046185825020074844,3,1
StandardGP,8ebd4455-ada5-11ef-8299-e4a8dfc2a9a8,resid_build_sale_price,1,74,0.05819495767354965,0.07152986526489258,3426.0,0.046185825020074844,3,1
StandardGP,8ebd4455-ada5-11ef-8299-e4a8dfc2a9a8,resid_build_sale_price,1,75,0.05819495767354965,0.09027576446533203,3670.0,0.046185825020074844,3,1
StandardGP,8ebd4455-ada5-11ef-8299-e4a8dfc2a9a8,resid_build_sale_price,1,76,0.05819495767354965,0.08578848838806152,3624.0,0.046185825020074844,3,1
StandardGP,8ebd4455-ada5-11ef-8299-e4a8dfc2a9a8,resid_build_sale_price,1,77,0.05819495767354965,0.11851763725280762,3700.0,0.046185825020074844,3,1
StandardGP,8ebd4455-ada5-11ef-8299-e4a8dfc2a9a8,resid_build_sale_price,1,78,0.05819495767354965,0.08938217163085938,3524.0,0.046185825020074844,3,1
StandardGP,8ebd4455-ada5-11ef-8299-e4a8dfc2a9a8,resid_build_sale_price,1,79,0.05819495767354965,0.08374285697937012,3800.0,0.046185825020074844,3,1
StandardGP,8ebd4455-ada5-11ef-8299-e4a8dfc2a9a8,resid_build_sale_price,1,80,0.05819495767354965,0.07612848281860352,3826.0,0.046185825020074844,3,1
StandardGP,8ebd4455-ada5-11ef-8299-e4a8dfc2a9a8,resid_build_sale_price,1,81,0.05819495767354965,0.07095813751220703,3690.0,0.046185825020074844,3,1
StandardGP,8ebd4455-ada5-11ef-8299-e4a8dfc2a9a8,resid_build_sale_price,1,82,0.05819495767354965,0.09893488883972168,4100.0,0.046185825020074844,3,1
StandardGP,8ebd4455-ada5-11ef-8299-e4a8dfc2a9a8,resid_build_sale_price,1,83,0.05819495767354965,0.13634347915649414,3862.0,0.046185825020074844,3,1
StandardGP,8ebd4455-ada5-11ef-8299-e4a8dfc2a9a8,resid_build_sale_price,1,84,0.05819495767354965,0.11361074447631836,3668.0,0.046185825020074844,3,1
StandardGP,8ebd4455-ada5-11ef-8299-e4a8dfc2a9a8,resid_build_sale_price,1,85,0.05819495767354965,0.07780218124389648,3666.0,0.046185825020074844,3,1
StandardGP,8ebd4455-ada5-11ef-8299-e4a8dfc2a9a8,resid_build_sale_price,1,86,0.05819495767354965,0.10457801818847656,3894.0,0.046185825020074844,3,1
StandardGP,8ebd4455-ada5-11ef-8299-e4a8dfc2a9a8,resid_build_sale_price,1,87,0.05819495767354965,0.10702109336853027,4178.0,0.046185825020074844,3,1
StandardGP,8ebd4455-ada5-11ef-8299-e4a8dfc2a9a8,resid_build_sale_price,1,88,0.05819495767354965,0.10161352157592773,4252.0,0.046185825020074844,3,1
StandardGP,8ebd4455-ada5-11ef-8299-e4a8dfc2a9a8,resid_build_sale_price,1,89,0.05819495767354965,0.09602522850036621,3802.0,0.046185825020074844,3,1
StandardGP,8ebd4455-ada5-11ef-8299-e4a8dfc2a9a8,resid_build_sale_price,1,90,0.05819495767354965,0.08977270126342773,3694.0,0.046185825020074844,3,1
StandardGP,8ebd4455-ada5-11ef-8299-e4a8dfc2a9a8,resid_build_sale_price,1,91,0.05819495767354965,0.09569239616394043,3872.0,0.046185825020074844,3,1
StandardGP,8ebd4455-ada5-11ef-8299-e4a8dfc2a9a8,resid_build_sale_price,1,92,0.05819495767354965,0.08722829818725586,3646.0,0.046185825020074844,3,1
StandardGP,8ebd4455-ada5-11ef-8299-e4a8dfc2a9a8,resid_build_sale_price,1,93,0.05819495767354965,0.09276556968688965,3680.0,0.046185825020074844,3,1
StandardGP,8ebd4455-ada5-11ef-8299-e4a8dfc2a9a8,resid_build_sale_price,1,94,0.05819495767354965,0.09769606590270996,3568.0,0.046185825020074844,3,1
StandardGP,8ebd4455-ada5-11ef-8299-e4a8dfc2a9a8,resid_build_sale_price,1,95,0.05819495767354965,0.07035183906555176,3578.0,0.046185825020074844,3,1
StandardGP,8ebd4455-ada5-11ef-8299-e4a8dfc2a9a8,resid_build_sale_price,1,96,0.05819495767354965,0.0713205337524414,3372.0,0.046185825020074844,3,1
StandardGP,8ebd4455-ada5-11ef-8299-e4a8dfc2a9a8,resid_build_sale_price,1,97,0.05819495767354965,0.06792306900024414,3402.0,0.046185825020074844,3,1
StandardGP,8ebd4455-ada5-11ef-8299-e4a8dfc2a9a8,resid_build_sale_price,1,98,0.05819495767354965,0.08865046501159668,3260.0,0.046185825020074844,3,1
StandardGP,8ebd4455-ada5-11ef-8299-e4a8dfc2a9a8,resid_build_sale_price,1,99,0.05819495767354965,0.07030844688415527,3408.0,0.046185825020074844,3,1
StandardGP,8ebd4455-ada5-11ef-8299-e4a8dfc2a9a8,resid_build_sale_price,1,100,0.05819495767354965,0.07163047790527344,3550.0,0.046185825020074844,3,1
StandardGP,1060cb2e-ada6-11ef-b672-e4a8dfc2a9a8,resid_build_sale_price,1,0,124.57489013671875,0.05365180969238281,1342.0,147.400146484375,3,1
StandardGP,1060cb2e-ada6-11ef-b672-e4a8dfc2a9a8,resid_build_sale_price,1,1,124.57489013671875,0.022002696990966797,850.0,147.400146484375,3,1
StandardGP,1060cb2e-ada6-11ef-b672-e4a8dfc2a9a8,resid_build_sale_price,1,2,113.152587890625,0.022531747817993164,814.0,136.31761169433594,5,1
StandardGP,1060cb2e-ada6-11ef-b672-e4a8dfc2a9a8,resid_build_sale_price,1,3,97.25812530517578,0.020897626876831055,674.0,117.02528381347656,5,1
StandardGP,1060cb2e-ada6-11ef-b672-e4a8dfc2a9a8,resid_build_sale_price,1,4,97.25812530517578,0.021672487258911133,670.0,117.02528381347656,5,1
StandardGP,1060cb2e-ada6-11ef-b672-e4a8dfc2a9a8,resid_build_sale_price,1,5,97.25812530517578,0.02199721336364746,732.0,117.02528381347656,5,1
StandardGP,1060cb2e-ada6-11ef-b672-e4a8dfc2a9a8,resid_build_sale_price,1,6,97.25812530517578,0.02400040626525879,740.0,117.02528381347656,5,1
StandardGP,1060cb2e-ada6-11ef-b672-e4a8dfc2a9a8,resid_build_sale_price,1,7,97.25812530517578,0.024626970291137695,764.0,117.02528381347656,5,1
StandardGP,1060cb2e-ada6-11ef-b672-e4a8dfc2a9a8,resid_build_sale_price,1,8,97.25812530517578,0.02484726905822754,828.0,117.02528381347656,5,1
StandardGP,1060cb2e-ada6-11ef-b672-e4a8dfc2a9a8,resid_build_sale_price,1,9,97.25812530517578,0.023261547088623047,842.0,117.02528381347656,5,1
StandardGP,1060cb2e-ada6-11ef-b672-e4a8dfc2a9a8,resid_build_sale_price,1,10,96.27811431884766,0.02421402931213379,916.0,116.45661163330078,5,1
StandardGP,1060cb2e-ada6-11ef-b672-e4a8dfc2a9a8,resid_build_sale_price,1,11,96.27811431884766,0.0393824577331543,1018.0,116.45661163330078,5,1
StandardGP,1060cb2e-ada6-11ef-b672-e4a8dfc2a9a8,resid_build_sale_price,1,12,96.27811431884766,0.026561737060546875,1122.0,116.45661163330078,5,1
StandardGP,1060cb2e-ada6-11ef-b672-e4a8dfc2a9a8,resid_build_sale_price,1,13,95.98576354980469,0.0255587100982666,1122.0,123.24055480957031,9,1
StandardGP,1060cb2e-ada6-11ef-b672-e4a8dfc2a9a8,resid_build_sale_price,1,14,95.98576354980469,0.025395631790161133,1090.0,123.24055480957031,9,1
StandardGP,1060cb2e-ada6-11ef-b672-e4a8dfc2a9a8,resid_build_sale_price,1,15,52.756221771240234,0.022747516632080078,964.0,53.6569709777832,5,1
StandardGP,1060cb2e-ada6-11ef-b672-e4a8dfc2a9a8,resid_build_sale_price,1,16,52.756221771240234,0.023424386978149414,982.0,53.6569709777832,5,1
StandardGP,1060cb2e-ada6-11ef-b672-e4a8dfc2a9a8,resid_build_sale_price,1,17,52.756221771240234,0.02519059181213379,1132.0,53.6569709777832,5,1
StandardGP,1060cb2e-ada6-11ef-b672-e4a8dfc2a9a8,resid_build_sale_price,1,18,52.756221771240234,0.027115583419799805,1240.0,53.6569709777832,5,1
StandardGP,1060cb2e-ada6-11ef-b672-e4a8dfc2a9a8,resid_build_sale_price,1,19,52.756221771240234,0.031009674072265625,1380.0,53.6569709777832,5,1
StandardGP,1060cb2e-ada6-11ef-b672-e4a8dfc2a9a8,resid_build_sale_price,1,20,52.756221771240234,0.0309603214263916,1480.0,53.6569709777832,5,1
StandardGP,1060cb2e-ada6-11ef-b672-e4a8dfc2a9a8,resid_build_sale_price,1,21,52.756221771240234,0.03063678741455078,1442.0,53.6569709777832,5,1
StandardGP,1060cb2e-ada6-11ef-b672-e4a8dfc2a9a8,resid_build_sale_price,1,22,52.756221771240234,0.03594779968261719,1674.0,53.6569709777832,5,1
StandardGP,1060cb2e-ada6-11ef-b672-e4a8dfc2a9a8,resid_build_sale_price,1,23,51.71638870239258,0.03971219062805176,1948.0,53.75033950805664,7,1
StandardGP,1060cb2e-ada6-11ef-b672-e4a8dfc2a9a8,resid_build_sale_price,1,24,51.71638870239258,0.044922590255737305,2106.0,53.75033950805664,7,1
StandardGP,1060cb2e-ada6-11ef-b672-e4a8dfc2a9a8,resid_build_sale_price,1,25,50.38304138183594,0.04719209671020508,2230.0,52.63938522338867,9,1
StandardGP,1060cb2e-ada6-11ef-b672-e4a8dfc2a9a8,resid_build_sale_price,1,26,50.38304138183594,0.0457913875579834,2144.0,52.63938522338867,9,1
StandardGP,1060cb2e-ada6-11ef-b672-e4a8dfc2a9a8,resid_build_sale_price,1,27,50.38304138183594,0.045972585678100586,2182.0,52.63938522338867,9,1
StandardGP,1060cb2e-ada6-11ef-b672-e4a8dfc2a9a8,resid_build_sale_price,1,28,50.1993293762207,0.049750328063964844,2184.0,52.610595703125,11,1
StandardGP,1060cb2e-ada6-11ef-b672-e4a8dfc2a9a8,resid_build_sale_price,1,29,50.1993293762207,0.049353599548339844,2264.0,52.610595703125,11,1
StandardGP,1060cb2e-ada6-11ef-b672-e4a8dfc2a9a8,resid_build_sale_price,1,30,50.1993293762207,0.04660511016845703,2226.0,52.610595703125,11,1
StandardGP,1060cb2e-ada6-11ef-b672-e4a8dfc2a9a8,resid_build_sale_price,1,31,50.1993293762207,0.045073509216308594,2266.0,52.610595703125,11,1
StandardGP,1060cb2e-ada6-11ef-b672-e4a8dfc2a9a8,resid_build_sale_price,1,32,50.198890686035156,0.0445864200592041,2248.0,52.610626220703125,31,1
StandardGP,1060cb2e-ada6-11ef-b672-e4a8dfc2a9a8,resid_build_sale_price,1,33,50.198890686035156,0.04688715934753418,2244.0,52.610626220703125,31,1
StandardGP,1060cb2e-ada6-11ef-b672-e4a8dfc2a9a8,resid_build_sale_price,1,34,50.195350646972656,0.046408653259277344,2260.0,52.610565185546875,25,1
StandardGP,1060cb2e-ada6-11ef-b672-e4a8dfc2a9a8,resid_build_sale_price,1,35,50.195350646972656,0.04259347915649414,2114.0,52.610565185546875,25,1
StandardGP,1060cb2e-ada6-11ef-b672-e4a8dfc2a9a8,resid_build_sale_price,1,36,50.1937255859375,0.0500643253326416,2252.0,52.610565185546875,45,1
StandardGP,1060cb2e-ada6-11ef-b672-e4a8dfc2a9a8,resid_build_sale_price,1,37,50.19324493408203,0.04898262023925781,2418.0,52.610939025878906,41,1
StandardGP,1060cb2e-ada6-11ef-b672-e4a8dfc2a9a8,resid_build_sale_price,1,38,50.19324493408203,0.054850101470947266,2590.0,52.610939025878906,41,1
StandardGP,1060cb2e-ada6-11ef-b672-e4a8dfc2a9a8,resid_build_sale_price,1,39,50.1927490234375,0.059658050537109375,3012.0,52.61073303222656,35,1
StandardGP,1060cb2e-ada6-11ef-b672-e4a8dfc2a9a8,resid_build_sale_price,1,40,50.14125061035156,0.05998849868774414,3186.0,52.60624313354492,35,1
StandardGP,1060cb2e-ada6-11ef-b672-e4a8dfc2a9a8,resid_build_sale_price,1,41,50.14125061035156,0.06337642669677734,3278.0,52.60624313354492,35,1
StandardGP,1060cb2e-ada6-11ef-b672-e4a8dfc2a9a8,resid_build_sale_price,1,42,49.60013198852539,0.07099556922912598,3456.0,52.6133918762207,33,1
StandardGP,1060cb2e-ada6-11ef-b672-e4a8dfc2a9a8,resid_build_sale_price,1,43,49.60013198852539,0.06714940071105957,3422.0,52.6133918762207,33,1
StandardGP,1060cb2e-ada6-11ef-b672-e4a8dfc2a9a8,resid_build_sale_price,1,44,49.60013198852539,0.06642723083496094,3246.0,52.6133918762207,33,1
StandardGP,1060cb2e-ada6-11ef-b672-e4a8dfc2a9a8,resid_build_sale_price,1,45,49.60013198852539,0.06470084190368652,3198.0,52.6133918762207,33,1
StandardGP,1060cb2e-ada6-11ef-b672-e4a8dfc2a9a8,resid_build_sale_price,1,46,49.60013198852539,0.0587615966796875,2956.0,52.6133918762207,33,1
StandardGP,1060cb2e-ada6-11ef-b672-e4a8dfc2a9a8,resid_build_sale_price,1,47,49.25157928466797,0.053516387939453125,2688.0,52.46356201171875,25,1
StandardGP,1060cb2e-ada6-11ef-b672-e4a8dfc2a9a8,resid_build_sale_price,1,48,49.22409439086914,0.05053281784057617,2566.0,52.44032287597656,23,1
StandardGP,1060cb2e-ada6-11ef-b672-e4a8dfc2a9a8,resid_build_sale_price,1,49,49.22409439086914,0.04200029373168945,2130.0,52.44032287597656,23,1
StandardGP,1060cb2e-ada6-11ef-b672-e4a8dfc2a9a8,resid_build_sale_price,1,50,49.10851287841797,0.04051709175109863,2102.0,52.429325103759766,17,1
StandardGP,1060cb2e-ada6-11ef-b672-e4a8dfc2a9a8,resid_build_sale_price,1,51,49.10851287841797,0.04699969291687012,2334.0,52.429325103759766,17,1
StandardGP,1060cb2e-ada6-11ef-b672-e4a8dfc2a9a8,resid_build_sale_price,1,52,48.87370300292969,0.03952813148498535,2070.0,52.28928756713867,21,1
StandardGP,1060cb2e-ada6-11ef-b672-e4a8dfc2a9a8,resid_build_sale_price,1,53,48.87370300292969,0.03899526596069336,1956.0,52.28928756713867,21,1
StandardGP,1060cb2e-ada6-11ef-b672-e4a8dfc2a9a8,resid_build_sale_price,1,54,48.87370300292969,0.04500412940979004,2170.0,52.28928756713867,21,1
StandardGP,1060cb2e-ada6-11ef-b672-e4a8dfc2a9a8,resid_build_sale_price,1,55,48.87370300292969,0.046515703201293945,2360.0,52.28928756713867,21,1
StandardGP,1060cb2e-ada6-11ef-b672-e4a8dfc2a9a8,resid_build_sale_price,1,56,48.873329162597656,0.044000864028930664,2266.0,52.289207458496094,27,1
StandardGP,1060cb2e-ada6-11ef-b672-e4a8dfc2a9a8,resid_build_sale_price,1,57,48.87332534790039,0.045511484146118164,2404.0,52.28921127319336,27,1
StandardGP,1060cb2e-ada6-11ef-b672-e4a8dfc2a9a8,resid_build_sale_price,1,58,48.87332534790039,0.04935908317565918,2478.0,52.28921127319336,27,1
StandardGP,1060cb2e-ada6-11ef-b672-e4a8dfc2a9a8,resid_build_sale_price,1,59,48.87332534790039,0.04796171188354492,2476.0,52.28921127319336,27,1
StandardGP,1060cb2e-ada6-11ef-b672-e4a8dfc2a9a8,resid_build_sale_price,1,60,48.87332534790039,0.052007436752319336,2778.0,52.28921127319336,27,1
StandardGP,1060cb2e-ada6-11ef-b672-e4a8dfc2a9a8,resid_build_sale_price,1,61,48.87272644042969,0.06025266647338867,3140.0,52.2890625,27,1
StandardGP,1060cb2e-ada6-11ef-b672-e4a8dfc2a9a8,resid_build_sale_price,1,62,48.87272644042969,0.0651402473449707,3362.0,52.2890625,27,1
StandardGP,1060cb2e-ada6-11ef-b672-e4a8dfc2a9a8,resid_build_sale_price,1,63,48.87272644042969,0.07020163536071777,3460.0,52.2890625,27,1
StandardGP,1060cb2e-ada6-11ef-b672-e4a8dfc2a9a8,resid_build_sale_price,1,64,48.87272644042969,0.06690692901611328,3534.0,52.2890625,27,1
StandardGP,1060cb2e-ada6-11ef-b672-e4a8dfc2a9a8,resid_build_sale_price,1,65,48.87272644042969,0.07308411598205566,3646.0,52.2890625,27,1
StandardGP,1060cb2e-ada6-11ef-b672-e4a8dfc2a9a8,resid_build_sale_price,1,66,48.87272644042969,0.16789889335632324,3628.0,52.2890625,27,1
StandardGP,1060cb2e-ada6-11ef-b672-e4a8dfc2a9a8,resid_build_sale_price,1,67,48.87272644042969,0.07139825820922852,3754.0,52.2890625,27,1
StandardGP,1060cb2e-ada6-11ef-b672-e4a8dfc2a9a8,resid_build_sale_price,1,68,48.87272644042969,0.07277750968933105,3976.0,52.2890625,27,1
StandardGP,1060cb2e-ada6-11ef-b672-e4a8dfc2a9a8,resid_build_sale_price,1,69,48.87272644042969,0.07576227188110352,4260.0,52.2890625,27,1
StandardGP,1060cb2e-ada6-11ef-b672-e4a8dfc2a9a8,resid_build_sale_price,1,70,48.87272644042969,0.07946109771728516,4184.0,52.2890625,27,1
StandardGP,1060cb2e-ada6-11ef-b672-e4a8dfc2a9a8,resid_build_sale_price,1,71,48.28884506225586,0.07384943962097168,4144.0,52.28014373779297,25,1
StandardGP,1060cb2e-ada6-11ef-b672-e4a8dfc2a9a8,resid_build_sale_price,1,72,48.28884506225586,0.0816805362701416,4622.0,52.28014373779297,25,1
StandardGP,1060cb2e-ada6-11ef-b672-e4a8dfc2a9a8,resid_build_sale_price,1,73,48.28884506225586,0.07366275787353516,4216.0,52.28014373779297,25,1
StandardGP,1060cb2e-ada6-11ef-b672-e4a8dfc2a9a8,resid_build_sale_price,1,74,47.79951477050781,0.07186603546142578,4110.0,51.8990478515625,35,1
StandardGP,1060cb2e-ada6-11ef-b672-e4a8dfc2a9a8,resid_build_sale_price,1,75,47.79912185668945,0.07543396949768066,4260.0,51.89820098876953,37,1
StandardGP,1060cb2e-ada6-11ef-b672-e4a8dfc2a9a8,resid_build_sale_price,1,76,47.799041748046875,0.0695490837097168,4126.0,51.898170471191406,33,1
StandardGP,1060cb2e-ada6-11ef-b672-e4a8dfc2a9a8,resid_build_sale_price,1,77,47.799041748046875,0.07323861122131348,4298.0,51.898170471191406,33,1
StandardGP,1060cb2e-ada6-11ef-b672-e4a8dfc2a9a8,resid_build_sale_price,1,78,47.12384033203125,0.07907676696777344,4338.0,52.29042434692383,29,1
StandardGP,1060cb2e-ada6-11ef-b672-e4a8dfc2a9a8,resid_build_sale_price,1,79,47.11717224121094,0.07354545593261719,4040.0,52.28459930419922,31,1
StandardGP,1060cb2e-ada6-11ef-b672-e4a8dfc2a9a8,resid_build_sale_price,1,80,47.11473083496094,0.07510662078857422,4156.0,52.28651428222656,31,1
StandardGP,1060cb2e-ada6-11ef-b672-e4a8dfc2a9a8,resid_build_sale_price,1,81,47.11473083496094,0.07845592498779297,4196.0,52.28651428222656,31,1
StandardGP,1060cb2e-ada6-11ef-b672-e4a8dfc2a9a8,resid_build_sale_price,1,82,47.11473083496094,0.07182574272155762,4056.0,52.28651428222656,31,1
StandardGP,1060cb2e-ada6-11ef-b672-e4a8dfc2a9a8,resid_build_sale_price,1,83,47.11209487915039,0.07215285301208496,3982.0,52.292728424072266,31,1
StandardGP,1060cb2e-ada6-11ef-b672-e4a8dfc2a9a8,resid_build_sale_price,1,84,47.1120719909668,0.07523322105407715,4342.0,52.29275131225586,31,1
StandardGP,1060cb2e-ada6-11ef-b672-e4a8dfc2a9a8,resid_build_sale_price,1,85,46.53697967529297,0.07375311851501465,4384.0,49.75212478637695,45,1
StandardGP,1060cb2e-ada6-11ef-b672-e4a8dfc2a9a8,resid_build_sale_price,1,86,46.53078079223633,0.08111953735351562,4478.0,49.74750518798828,45,1
StandardGP,1060cb2e-ada6-11ef-b672-e4a8dfc2a9a8,resid_build_sale_price,1,87,46.53078079223633,0.08143973350524902,4786.0,49.74750518798828,45,1
StandardGP,1060cb2e-ada6-11ef-b672-e4a8dfc2a9a8,resid_build_sale_price,1,88,46.52241516113281,0.08617877960205078,5066.0,49.74229431152344,43,1
StandardGP,1060cb2e-ada6-11ef-b672-e4a8dfc2a9a8,resid_build_sale_price,1,89,46.52241134643555,0.09974551200866699,5624.0,49.74230194091797,43,1
StandardGP,1060cb2e-ada6-11ef-b672-e4a8dfc2a9a8,resid_build_sale_price,1,90,46.52222442626953,0.09343791007995605,5616.0,49.74213409423828,43,1
StandardGP,1060cb2e-ada6-11ef-b672-e4a8dfc2a9a8,resid_build_sale_price,1,91,46.05723571777344,0.08311748504638672,5204.0,48.344703674316406,35,1
StandardGP,1060cb2e-ada6-11ef-b672-e4a8dfc2a9a8,resid_build_sale_price,1,92,46.05723571777344,0.08432984352111816,5090.0,48.344703674316406,35,1
StandardGP,1060cb2e-ada6-11ef-b672-e4a8dfc2a9a8,resid_build_sale_price,1,93,46.05234909057617,0.08360910415649414,5402.0,48.33974075317383,31,1
StandardGP,1060cb2e-ada6-11ef-b672-e4a8dfc2a9a8,resid_build_sale_price,1,94,46.05234909057617,0.08331727981567383,5422.0,48.33974075317383,31,1
StandardGP,1060cb2e-ada6-11ef-b672-e4a8dfc2a9a8,resid_build_sale_price,1,95,46.05234909057617,0.08954501152038574,5710.0,48.33974075317383,31,1
StandardGP,1060cb2e-ada6-11ef-b672-e4a8dfc2a9a8,resid_build_sale_price,1,96,46.05233383178711,0.08742165565490723,5802.0,48.33969497680664,31,1
StandardGP,1060cb2e-ada6-11ef-b672-e4a8dfc2a9a8,resid_build_sale_price,1,97,46.05233383178711,0.09084415435791016,6036.0,48.33969497680664,31,1
StandardGP,1060cb2e-ada6-11ef-b672-e4a8dfc2a9a8,resid_build_sale_price,1,98,46.05233383178711,0.09335517883300781,5800.0,48.33969497680664,31,1
StandardGP,1060cb2e-ada6-11ef-b672-e4a8dfc2a9a8,resid_build_sale_price,1,99,46.05233383178711,0.07861208915710449,5170.0,48.33969497680664,31,1
StandardGP,1060cb2e-ada6-11ef-b672-e4a8dfc2a9a8,resid_build_sale_price,1,100,46.05233383178711,0.08201193809509277,5256.0,48.33969497680664,31,1
