StandardGP,ac29edaa-ada3-11ef-a507-e4a8dfc2a9a8,resid_build_sale_price,17,0,0.15168239176273346,0.13697552680969238,1342.0,0.13029536604881287,3,1
StandardGP,ac29edaa-ada3-11ef-a507-e4a8dfc2a9a8,resid_build_sale_price,17,1,0.14877277612686157,0.04972076416015625,662.0,0.14113572239875793,3,1
StandardGP,ac29edaa-ada3-11ef-a507-e4a8dfc2a9a8,resid_build_sale_price,17,2,0.090969979763031,0.034562110900878906,494.0,0.07664543390274048,3,1
StandardGP,ac29edaa-ada3-11ef-a507-e4a8dfc2a9a8,resid_build_sale_price,17,3,0.090969979763031,0.037625789642333984,526.0,0.07664543390274048,3,1
StandardGP,ac29edaa-ada3-11ef-a507-e4a8dfc2a9a8,resid_build_sale_price,17,4,0.06444317102432251,0.03421974182128906,492.0,0.05569527670741081,3,1
StandardGP,ac29edaa-ada3-11ef-a507-e4a8dfc2a9a8,resid_build_sale_price,17,5,0.05723344162106514,0.03162574768066406,468.0,0.04993114247918129,3,1
StandardGP,ac29edaa-ada3-11ef-a507-e4a8dfc2a9a8,resid_build_sale_price,17,6,0.05723344162106514,0.03590536117553711,482.0,0.04993114247918129,3,1
StandardGP,ac29edaa-ada3-11ef-a507-e4a8dfc2a9a8,resid_build_sale_price,17,7,0.05723344162106514,0.033031463623046875,450.0,0.04993114247918129,3,1
StandardGP,ac29edaa-ada3-11ef-a507-e4a8dfc2a9a8,resid_build_sale_price,17,8,0.05723344162106514,0.04004478454589844,460.0,0.04993114247918129,3,1
StandardGP,ac29edaa-ada3-11ef-a507-e4a8dfc2a9a8,resid_build_sale_price,17,9,0.05723344162106514,0.03459024429321289,466.0,0.04993114247918129,3,1
StandardGP,ac29edaa-ada3-11ef-a507-e4a8dfc2a9a8,resid_build_sale_price,17,10,0.05723344162106514,0.04199981689453125,502.0,0.04993114247918129,3,1
StandardGP,ac29edaa-ada3-11ef-a507-e4a8dfc2a9a8,resid_build_sale_price,17,11,0.05723344162106514,0.03498721122741699,472.0,0.04993114247918129,3,1
StandardGP,ac29edaa-ada3-11ef-a507-e4a8dfc2a9a8,resid_build_sale_price,17,12,0.05723344162106514,0.03800058364868164,492.0,0.04993114247918129,3,1
StandardGP,ac29edaa-ada3-11ef-a507-e4a8dfc2a9a8,resid_build_sale_price,17,13,0.05723344162106514,0.04102492332458496,498.0,0.04993114247918129,3,1
StandardGP,ac29edaa-ada3-11ef-a507-e4a8dfc2a9a8,resid_build_sale_price,17,14,0.05723344162106514,0.040595293045043945,550.0,0.04993114247918129,3,1
StandardGP,ac29edaa-ada3-11ef-a507-e4a8dfc2a9a8,resid_build_sale_price,17,15,0.05723344162106514,0.05221867561340332,612.0,0.04993114247918129,3,1
StandardGP,ac29edaa-ada3-11ef-a507-e4a8dfc2a9a8,resid_build_sale_price,17,16,0.05723344162106514,0.04589390754699707,616.0,0.04993114247918129,3,1
StandardGP,ac29edaa-ada3-11ef-a507-e4a8dfc2a9a8,resid_build_sale_price,17,17,0.05723344162106514,0.04913640022277832,648.0,0.04993114247918129,3,1
StandardGP,ac29edaa-ada3-11ef-a507-e4a8dfc2a9a8,resid_build_sale_price,17,18,0.05723344162106514,0.04889988899230957,686.0,0.04993114247918129,3,1
StandardGP,ac29edaa-ada3-11ef-a507-e4a8dfc2a9a8,resid_build_sale_price,17,19,0.05723344162106514,0.05271792411804199,760.0,0.04993114247918129,3,1
StandardGP,ac29edaa-ada3-11ef-a507-e4a8dfc2a9a8,resid_build_sale_price,17,20,0.05723344162106514,0.05781292915344238,804.0,0.04993114247918129,3,1
StandardGP,ac29edaa-ada3-11ef-a507-e4a8dfc2a9a8,resid_build_sale_price,17,21,0.05723344162106514,0.053351640701293945,814.0,0.04993114247918129,3,1
StandardGP,ac29edaa-ada3-11ef-a507-e4a8dfc2a9a8,resid_build_sale_price,17,22,0.05723344162106514,0.05499768257141113,836.0,0.04993114247918129,3,1
StandardGP,ac29edaa-ada3-11ef-a507-e4a8dfc2a9a8,resid_build_sale_price,17,23,0.05723344162106514,0.06087470054626465,946.0,0.04993114247918129,3,1
StandardGP,ac29edaa-ada3-11ef-a507-e4a8dfc2a9a8,resid_build_sale_price,17,24,0.05723344162106514,0.0659942626953125,982.0,0.04993114247918129,3,1
StandardGP,ac29edaa-ada3-11ef-a507-e4a8dfc2a9a8,resid_build_sale_price,17,25,0.05723344162106514,0.08186721801757812,1176.0,0.04993114247918129,3,1
StandardGP,ac29edaa-ada3-11ef-a507-e4a8dfc2a9a8,resid_build_sale_price,17,26,0.05723344162106514,0.06421875953674316,1158.0,0.04993114247918129,3,1
StandardGP,ac29edaa-ada3-11ef-a507-e4a8dfc2a9a8,resid_build_sale_price,17,27,0.05723344162106514,0.06698250770568848,1154.0,0.04993114247918129,3,1
StandardGP,ac29edaa-ada3-11ef-a507-e4a8dfc2a9a8,resid_build_sale_price,17,28,0.05723344162106514,0.07586336135864258,1300.0,0.04993114247918129,3,1
StandardGP,ac29edaa-ada3-11ef-a507-e4a8dfc2a9a8,resid_build_sale_price,17,29,0.05723344162106514,0.09016680717468262,1612.0,0.04993114247918129,3,1
StandardGP,ac29edaa-ada3-11ef-a507-e4a8dfc2a9a8,resid_build_sale_price,17,30,0.05723344162106514,0.10058140754699707,1898.0,0.04993114247918129,3,1
StandardGP,ac29edaa-ada3-11ef-a507-e4a8dfc2a9a8,resid_build_sale_price,17,31,0.05723344162106514,0.10465669631958008,1930.0,0.04993114247918129,3,1
StandardGP,ac29edaa-ada3-11ef-a507-e4a8dfc2a9a8,resid_build_sale_price,17,32,0.05723344162106514,0.10541391372680664,1974.0,0.04993114247918129,3,1
StandardGP,ac29edaa-ada3-11ef-a507-e4a8dfc2a9a8,resid_build_sale_price,17,33,0.05723344162106514,0.10570836067199707,2084.0,0.04993114247918129,3,1
StandardGP,ac29edaa-ada3-11ef-a507-e4a8dfc2a9a8,resid_build_sale_price,17,34,0.05723344162106514,0.11628532409667969,2188.0,0.04993114247918129,3,1
StandardGP,ac29edaa-ada3-11ef-a507-e4a8dfc2a9a8,resid_build_sale_price,17,35,0.05723344162106514,0.12269997596740723,2404.0,0.04993114247918129,3,1
StandardGP,ac29edaa-ada3-11ef-a507-e4a8dfc2a9a8,resid_build_sale_price,17,36,0.05723344162106514,0.11546730995178223,2368.0,0.04993114247918129,3,1
StandardGP,ac29edaa-ada3-11ef-a507-e4a8dfc2a9a8,resid_build_sale_price,17,37,0.05723344162106514,0.12633895874023438,2506.0,0.04993114247918129,3,1
StandardGP,ac29edaa-ada3-11ef-a507-e4a8dfc2a9a8,resid_build_sale_price,17,38,0.05723344162106514,0.11310410499572754,2342.0,0.04993114247918129,3,1
StandardGP,ac29edaa-ada3-11ef-a507-e4a8dfc2a9a8,resid_build_sale_price,17,39,0.05723344162106514,0.12009978294372559,2268.0,0.04993114247918129,3,1
StandardGP,ac29edaa-ada3-11ef-a507-e4a8dfc2a9a8,resid_build_sale_price,17,40,0.05723344162106514,0.12396097183227539,2470.0,0.04993114247918129,3,1
StandardGP,ac29edaa-ada3-11ef-a507-e4a8dfc2a9a8,resid_build_sale_price,17,41,0.05723344162106514,0.11788749694824219,2384.0,0.04993114247918129,3,1
StandardGP,ac29edaa-ada3-11ef-a507-e4a8dfc2a9a8,resid_build_sale_price,17,42,0.05723344162106514,0.12589383125305176,2486.0,0.04993114247918129,3,1
StandardGP,ac29edaa-ada3-11ef-a507-e4a8dfc2a9a8,resid_build_sale_price,17,43,0.05723344162106514,0.13400745391845703,2594.0,0.04993114247918129,3,1
StandardGP,ac29edaa-ada3-11ef-a507-e4a8dfc2a9a8,resid_build_sale_price,17,44,0.05723344162106514,0.13347554206848145,2566.0,0.04993114247918129,3,1
StandardGP,ac29edaa-ada3-11ef-a507-e4a8dfc2a9a8,resid_build_sale_price,17,45,0.05723344162106514,0.1245265007019043,2770.0,0.04993114247918129,3,1
StandardGP,ac29edaa-ada3-11ef-a507-e4a8dfc2a9a8,resid_build_sale_price,17,46,0.05723344162106514,0.13584232330322266,2788.0,0.04993114247918129,3,1
StandardGP,ac29edaa-ada3-11ef-a507-e4a8dfc2a9a8,resid_build_sale_price,17,47,0.05723344162106514,0.13726186752319336,3034.0,0.04993114247918129,3,1
StandardGP,ac29edaa-ada3-11ef-a507-e4a8dfc2a9a8,resid_build_sale_price,17,48,0.05723344162106514,0.14961838722229004,3376.0,0.04993114247918129,3,1
StandardGP,ac29edaa-ada3-11ef-a507-e4a8dfc2a9a8,resid_build_sale_price,17,49,0.05723344162106514,0.17634272575378418,3694.0,0.04993114247918129,3,1
StandardGP,ac29edaa-ada3-11ef-a507-e4a8dfc2a9a8,resid_build_sale_price,17,50,0.05723344162106514,0.22609233856201172,4228.0,0.04993114247918129,3,1
StandardGP,ac29edaa-ada3-11ef-a507-e4a8dfc2a9a8,resid_build_sale_price,17,51,0.05723344162106514,0.21915841102600098,4154.0,0.04993114247918129,3,1
StandardGP,ac29edaa-ada3-11ef-a507-e4a8dfc2a9a8,resid_build_sale_price,17,52,0.05723344162106514,0.2003340721130371,3958.0,0.04993114247918129,3,1
StandardGP,ac29edaa-ada3-11ef-a507-e4a8dfc2a9a8,resid_build_sale_price,17,53,0.05723344162106514,0.19976520538330078,4232.0,0.04993114247918129,3,1
StandardGP,ac29edaa-ada3-11ef-a507-e4a8dfc2a9a8,resid_build_sale_price,17,54,0.05723344162106514,0.19645333290100098,3986.0,0.04993114247918129,3,1
StandardGP,ac29edaa-ada3-11ef-a507-e4a8dfc2a9a8,resid_build_sale_price,17,55,0.05723344162106514,0.2051231861114502,4126.0,0.04993114247918129,3,1
StandardGP,ac29edaa-ada3-11ef-a507-e4a8dfc2a9a8,resid_build_sale_price,17,56,0.05723344162106514,0.18674874305725098,3972.0,0.04993114247918129,3,1
StandardGP,ac29edaa-ada3-11ef-a507-e4a8dfc2a9a8,resid_build_sale_price,17,57,0.05723344162106514,0.1768660545349121,3714.0,0.04993114247918129,3,1
StandardGP,ac29edaa-ada3-11ef-a507-e4a8dfc2a9a8,resid_build_sale_price,17,58,0.05723344162106514,0.20148611068725586,3952.0,0.04993114247918129,3,1
StandardGP,ac29edaa-ada3-11ef-a507-e4a8dfc2a9a8,resid_build_sale_price,17,59,0.05723344162106514,0.18799138069152832,4168.0,0.04993114247918129,3,1
StandardGP,ac29edaa-ada3-11ef-a507-e4a8dfc2a9a8,resid_build_sale_price,17,60,0.05723344162106514,0.19641685485839844,4128.0,0.04993114247918129,3,1
StandardGP,ac29edaa-ada3-11ef-a507-e4a8dfc2a9a8,resid_build_sale_price,17,61,0.05723344162106514,0.16710114479064941,3796.0,0.04993114247918129,3,1
StandardGP,ac29edaa-ada3-11ef-a507-e4a8dfc2a9a8,resid_build_sale_price,17,62,0.05723344162106514,0.16826367378234863,3758.0,0.04993114247918129,3,1
StandardGP,ac29edaa-ada3-11ef-a507-e4a8dfc2a9a8,resid_build_sale_price,17,63,0.05723344162106514,0.16118812561035156,3414.0,0.04993114247918129,3,1
StandardGP,ac29edaa-ada3-11ef-a507-e4a8dfc2a9a8,resid_build_sale_price,17,64,0.05723344162106514,0.1760118007659912,3790.0,0.04993114247918129,3,1
StandardGP,ac29edaa-ada3-11ef-a507-e4a8dfc2a9a8,resid_build_sale_price,17,65,0.05723344162106514,0.18178439140319824,3940.0,0.04993114247918129,3,1
StandardGP,ac29edaa-ada3-11ef-a507-e4a8dfc2a9a8,resid_build_sale_price,17,66,0.05723344162106514,0.1925830841064453,3986.0,0.04993114247918129,3,1
StandardGP,ac29edaa-ada3-11ef-a507-e4a8dfc2a9a8,resid_build_sale_price,17,67,0.05723344162106514,0.1849050521850586,4030.0,0.04993114247918129,3,1
StandardGP,ac29edaa-ada3-11ef-a507-e4a8dfc2a9a8,resid_build_sale_price,17,68,0.05723344162106514,0.18757104873657227,4060.0,0.04993114247918129,3,1
StandardGP,ac29edaa-ada3-11ef-a507-e4a8dfc2a9a8,resid_build_sale_price,17,69,0.05723344162106514,0.30868077278137207,4028.0,0.04993114247918129,3,1
StandardGP,ac29edaa-ada3-11ef-a507-e4a8dfc2a9a8,resid_build_sale_price,17,70,0.05723344162106514,0.20018482208251953,4048.0,0.04993114247918129,3,1
StandardGP,ac29edaa-ada3-11ef-a507-e4a8dfc2a9a8,resid_build_sale_price,17,71,0.05723344162106514,0.21149110794067383,4146.0,0.04993114247918129,3,1
StandardGP,ac29edaa-ada3-11ef-a507-e4a8dfc2a9a8,resid_build_sale_price,17,72,0.05723344162106514,0.22345304489135742,4376.0,0.04993114247918129,3,1
StandardGP,ac29edaa-ada3-11ef-a507-e4a8dfc2a9a8,resid_build_sale_price,17,73,0.05723344162106514,0.22690820693969727,4334.0,0.04993114247918129,3,1
StandardGP,ac29edaa-ada3-11ef-a507-e4a8dfc2a9a8,resid_build_sale_price,17,74,0.05723344162106514,0.24756741523742676,4406.0,0.04993114247918129,3,1
StandardGP,ac29edaa-ada3-11ef-a507-e4a8dfc2a9a8,resid_build_sale_price,17,75,0.05723344162106514,0.23138785362243652,4378.0,0.04993114247918129,3,1
StandardGP,ac29edaa-ada3-11ef-a507-e4a8dfc2a9a8,resid_build_sale_price,17,76,0.05723344162106514,0.22218561172485352,4198.0,0.04993114247918129,3,1
StandardGP,ac29edaa-ada3-11ef-a507-e4a8dfc2a9a8,resid_build_sale_price,17,77,0.05723344162106514,0.15542054176330566,3706.0,0.04993114247918129,3,1
StandardGP,ac29edaa-ada3-11ef-a507-e4a8dfc2a9a8,resid_build_sale_price,17,78,0.05723344162106514,0.16898298263549805,3876.0,0.04993114247918129,3,1
StandardGP,ac29edaa-ada3-11ef-a507-e4a8dfc2a9a8,resid_build_sale_price,17,79,0.05723344162106514,0.17362046241760254,3584.0,0.04993114247918129,3,1
StandardGP,ac29edaa-ada3-11ef-a507-e4a8dfc2a9a8,resid_build_sale_price,17,80,0.0562424398958683,0.15970873832702637,3620.0,0.0515730120241642,27,1
StandardGP,ac29edaa-ada3-11ef-a507-e4a8dfc2a9a8,resid_build_sale_price,17,81,0.05465635657310486,0.17531037330627441,3918.0,0.05345349758863449,15,1
StandardGP,ac29edaa-ada3-11ef-a507-e4a8dfc2a9a8,resid_build_sale_price,17,82,0.05348973348736763,0.19281005859375,4218.0,0.05350310727953911,19,1
StandardGP,ac29edaa-ada3-11ef-a507-e4a8dfc2a9a8,resid_build_sale_price,17,83,0.053030963987112045,0.22580957412719727,4312.0,0.049035683274269104,51,1
StandardGP,ac29edaa-ada3-11ef-a507-e4a8dfc2a9a8,resid_build_sale_price,17,84,0.047687727957963943,0.18743395805358887,4110.0,0.04295867308974266,63,1
StandardGP,ac29edaa-ada3-11ef-a507-e4a8dfc2a9a8,resid_build_sale_price,17,85,0.04766775295138359,0.1818838119506836,3952.0,0.04298973083496094,55,1
StandardGP,ac29edaa-ada3-11ef-a507-e4a8dfc2a9a8,resid_build_sale_price,17,86,0.04766775295138359,0.1590423583984375,3634.0,0.04298973083496094,55,1
StandardGP,ac29edaa-ada3-11ef-a507-e4a8dfc2a9a8,resid_build_sale_price,17,87,0.04752049595117569,0.15864229202270508,3722.0,0.04048117622733116,19,1
StandardGP,ac29edaa-ada3-11ef-a507-e4a8dfc2a9a8,resid_build_sale_price,17,88,0.04752049595117569,0.15850400924682617,3440.0,0.04048117622733116,19,1
StandardGP,ac29edaa-ada3-11ef-a507-e4a8dfc2a9a8,resid_build_sale_price,17,89,0.046932872384786606,0.16402769088745117,3594.0,0.04105600714683533,35,1
StandardGP,ac29edaa-ada3-11ef-a507-e4a8dfc2a9a8,resid_build_sale_price,17,90,0.046932872384786606,0.1643357276916504,3778.0,0.04105600714683533,35,1
StandardGP,ac29edaa-ada3-11ef-a507-e4a8dfc2a9a8,resid_build_sale_price,17,91,0.046932872384786606,0.17615938186645508,4074.0,0.04105600714683533,35,1
StandardGP,ac29edaa-ada3-11ef-a507-e4a8dfc2a9a8,resid_build_sale_price,17,92,0.04672030732035637,0.1696934700012207,3892.0,0.043172337114810944,59,1
StandardGP,ac29edaa-ada3-11ef-a507-e4a8dfc2a9a8,resid_build_sale_price,17,93,0.04672030732035637,0.17962408065795898,4202.0,0.043172337114810944,59,1
StandardGP,ac29edaa-ada3-11ef-a507-e4a8dfc2a9a8,resid_build_sale_price,17,94,0.04672030732035637,0.18322300910949707,4204.0,0.043172337114810944,59,1
StandardGP,ac29edaa-ada3-11ef-a507-e4a8dfc2a9a8,resid_build_sale_price,17,95,0.04672030732035637,0.17763686180114746,4142.0,0.043172337114810944,59,1
StandardGP,ac29edaa-ada3-11ef-a507-e4a8dfc2a9a8,resid_build_sale_price,17,96,0.04672030732035637,0.20099592208862305,4366.0,0.043172337114810944,59,1
StandardGP,ac29edaa-ada3-11ef-a507-e4a8dfc2a9a8,resid_build_sale_price,17,97,0.04672030732035637,0.2436823844909668,4846.0,0.043172337114810944,59,1
StandardGP,ac29edaa-ada3-11ef-a507-e4a8dfc2a9a8,resid_build_sale_price,17,98,0.04672030732035637,0.24071264266967773,4656.0,0.043172337114810944,59,1
StandardGP,ac29edaa-ada3-11ef-a507-e4a8dfc2a9a8,resid_build_sale_price,17,99,0.04548840969800949,0.21588349342346191,4692.0,0.041575945913791656,27,1
StandardGP,ac29edaa-ada3-11ef-a507-e4a8dfc2a9a8,resid_build_sale_price,17,100,0.04548840969800949,0.23559165000915527,4722.0,0.041575945913791656,27,1
StandardGP,5d056969-ada4-11ef-8632-e4a8dfc2a9a8,resid_build_sale_price,17,0,128.30059814453125,0.08375906944274902,1342.0,117.50725555419922,3,1
StandardGP,5d056969-ada4-11ef-8632-e4a8dfc2a9a8,resid_build_sale_price,17,1,109.92593383789062,0.05134773254394531,1366.0,94.41716766357422,3,1
StandardGP,5d056969-ada4-11ef-8632-e4a8dfc2a9a8,resid_build_sale_price,17,2,109.30062866210938,0.04999709129333496,1338.0,94.41496276855469,3,1
StandardGP,5d056969-ada4-11ef-8632-e4a8dfc2a9a8,resid_build_sale_price,17,3,109.30062866210938,0.03805804252624512,1324.0,94.41496276855469,3,1
StandardGP,5d056969-ada4-11ef-8632-e4a8dfc2a9a8,resid_build_sale_price,17,4,109.30062866210938,0.036029815673828125,1404.0,94.41496276855469,3,1
StandardGP,5d056969-ada4-11ef-8632-e4a8dfc2a9a8,resid_build_sale_price,17,5,105.21591186523438,0.04575800895690918,1434.0,93.30445098876953,3,1
StandardGP,5d056969-ada4-11ef-8632-e4a8dfc2a9a8,resid_build_sale_price,17,6,105.21591186523438,0.03351092338562012,1236.0,93.30445098876953,3,1
StandardGP,5d056969-ada4-11ef-8632-e4a8dfc2a9a8,resid_build_sale_price,17,7,105.21591186523438,0.032999515533447266,1234.0,93.30445098876953,3,1
StandardGP,5d056969-ada4-11ef-8632-e4a8dfc2a9a8,resid_build_sale_price,17,8,105.21591186523438,0.032003164291381836,1038.0,93.30445098876953,3,1
StandardGP,5d056969-ada4-11ef-8632-e4a8dfc2a9a8,resid_build_sale_price,17,9,105.21591186523438,0.028508424758911133,892.0,93.30445098876953,3,1
StandardGP,5d056969-ada4-11ef-8632-e4a8dfc2a9a8,resid_build_sale_price,17,10,105.21591186523438,0.03437042236328125,976.0,93.30445098876953,3,1
StandardGP,5d056969-ada4-11ef-8632-e4a8dfc2a9a8,resid_build_sale_price,17,11,105.21591186523438,0.03297877311706543,1044.0,93.30445098876953,3,1
StandardGP,5d056969-ada4-11ef-8632-e4a8dfc2a9a8,resid_build_sale_price,17,12,105.21591186523438,0.0429840087890625,992.0,93.30445098876953,3,1
StandardGP,5d056969-ada4-11ef-8632-e4a8dfc2a9a8,resid_build_sale_price,17,13,105.21591186523438,0.03020763397216797,924.0,93.30445098876953,3,1
StandardGP,5d056969-ada4-11ef-8632-e4a8dfc2a9a8,resid_build_sale_price,17,14,105.21591186523438,0.032114505767822266,892.0,93.30445098876953,3,1
StandardGP,5d056969-ada4-11ef-8632-e4a8dfc2a9a8,resid_build_sale_price,17,15,105.21591186523438,0.03579902648925781,1058.0,93.30445098876953,3,1
StandardGP,5d056969-ada4-11ef-8632-e4a8dfc2a9a8,resid_build_sale_price,17,16,105.21591186523438,0.03458833694458008,1172.0,93.30445098876953,3,1
StandardGP,5d056969-ada4-11ef-8632-e4a8dfc2a9a8,resid_build_sale_price,17,17,58.3505973815918,0.03966403007507324,1328.0,50.704368591308594,25,1
StandardGP,5d056969-ada4-11ef-8632-e4a8dfc2a9a8,resid_build_sale_price,17,18,58.3505973815918,0.0518794059753418,1624.0,50.704368591308594,25,1
StandardGP,5d056969-ada4-11ef-8632-e4a8dfc2a9a8,resid_build_sale_price,17,19,58.200138092041016,0.049798011779785156,1796.0,50.70460891723633,17,1
StandardGP,5d056969-ada4-11ef-8632-e4a8dfc2a9a8,resid_build_sale_price,17,20,58.200138092041016,0.046999216079711914,1798.0,50.70460891723633,17,1
StandardGP,5d056969-ada4-11ef-8632-e4a8dfc2a9a8,resid_build_sale_price,17,21,58.200138092041016,0.05516767501831055,1994.0,50.70460891723633,17,1
StandardGP,5d056969-ada4-11ef-8632-e4a8dfc2a9a8,resid_build_sale_price,17,22,58.200138092041016,0.062415122985839844,2192.0,50.70460891723633,17,1
StandardGP,5d056969-ada4-11ef-8632-e4a8dfc2a9a8,resid_build_sale_price,17,23,58.037025451660156,0.06672096252441406,2644.0,50.844871520996094,19,1
StandardGP,5d056969-ada4-11ef-8632-e4a8dfc2a9a8,resid_build_sale_price,17,24,58.037025451660156,0.06723237037658691,2872.0,50.844871520996094,19,1
StandardGP,5d056969-ada4-11ef-8632-e4a8dfc2a9a8,resid_build_sale_price,17,25,58.037025451660156,0.053269386291503906,2380.0,50.844871520996094,19,1
StandardGP,5d056969-ada4-11ef-8632-e4a8dfc2a9a8,resid_build_sale_price,17,26,56.944244384765625,0.05692720413208008,2498.0,48.33271408081055,11,1
StandardGP,5d056969-ada4-11ef-8632-e4a8dfc2a9a8,resid_build_sale_price,17,27,56.944244384765625,0.05801820755004883,2540.0,48.33271408081055,11,1
StandardGP,5d056969-ada4-11ef-8632-e4a8dfc2a9a8,resid_build_sale_price,17,28,56.944244384765625,0.05555319786071777,2300.0,48.33271408081055,11,1
StandardGP,5d056969-ada4-11ef-8632-e4a8dfc2a9a8,resid_build_sale_price,17,29,56.944244384765625,0.05717778205871582,2518.0,48.33271408081055,11,1
StandardGP,5d056969-ada4-11ef-8632-e4a8dfc2a9a8,resid_build_sale_price,17,30,56.944244384765625,0.05711507797241211,2414.0,48.33271408081055,11,1
StandardGP,5d056969-ada4-11ef-8632-e4a8dfc2a9a8,resid_build_sale_price,17,31,56.944244384765625,0.05983614921569824,2760.0,48.33271408081055,11,1
StandardGP,5d056969-ada4-11ef-8632-e4a8dfc2a9a8,resid_build_sale_price,17,32,56.944244384765625,0.06425309181213379,3062.0,48.33271408081055,11,1
StandardGP,5d056969-ada4-11ef-8632-e4a8dfc2a9a8,resid_build_sale_price,17,33,56.944244384765625,0.06279325485229492,2702.0,48.33271408081055,11,1
StandardGP,5d056969-ada4-11ef-8632-e4a8dfc2a9a8,resid_build_sale_price,17,34,56.944244384765625,0.07470917701721191,2854.0,48.33271408081055,11,1
StandardGP,5d056969-ada4-11ef-8632-e4a8dfc2a9a8,resid_build_sale_price,17,35,56.944244384765625,0.060913801193237305,2310.0,48.33271408081055,11,1
StandardGP,5d056969-ada4-11ef-8632-e4a8dfc2a9a8,resid_build_sale_price,17,36,56.944244384765625,0.07393383979797363,2430.0,48.33271408081055,11,1
StandardGP,5d056969-ada4-11ef-8632-e4a8dfc2a9a8,resid_build_sale_price,17,37,55.87737274169922,0.05753636360168457,2570.0,52.20475769042969,21,1
StandardGP,5d056969-ada4-11ef-8632-e4a8dfc2a9a8,resid_build_sale_price,17,38,55.87737274169922,0.06389856338500977,2914.0,52.20475769042969,21,1
StandardGP,5d056969-ada4-11ef-8632-e4a8dfc2a9a8,resid_build_sale_price,17,39,55.87737274169922,0.0641322135925293,2914.0,52.20475769042969,21,1
StandardGP,5d056969-ada4-11ef-8632-e4a8dfc2a9a8,resid_build_sale_price,17,40,55.87737274169922,0.06498408317565918,2940.0,52.20475769042969,21,1
StandardGP,5d056969-ada4-11ef-8632-e4a8dfc2a9a8,resid_build_sale_price,17,41,55.87737274169922,0.07495880126953125,3258.0,52.20475769042969,21,1
StandardGP,5d056969-ada4-11ef-8632-e4a8dfc2a9a8,resid_build_sale_price,17,42,55.87737274169922,0.07121849060058594,3198.0,52.20475769042969,21,1
StandardGP,5d056969-ada4-11ef-8632-e4a8dfc2a9a8,resid_build_sale_price,17,43,55.87737274169922,0.0717310905456543,3058.0,52.20475769042969,21,1
StandardGP,5d056969-ada4-11ef-8632-e4a8dfc2a9a8,resid_build_sale_price,17,44,55.87737274169922,0.07590866088867188,3516.0,52.20475769042969,21,1
StandardGP,5d056969-ada4-11ef-8632-e4a8dfc2a9a8,resid_build_sale_price,17,45,55.87737274169922,0.10206937789916992,4528.0,52.20475769042969,21,1
StandardGP,5d056969-ada4-11ef-8632-e4a8dfc2a9a8,resid_build_sale_price,17,46,55.87737274169922,0.10817646980285645,4928.0,52.20475769042969,21,1
StandardGP,5d056969-ada4-11ef-8632-e4a8dfc2a9a8,resid_build_sale_price,17,47,55.64944076538086,0.11885356903076172,4796.0,50.15639114379883,23,1
StandardGP,5d056969-ada4-11ef-8632-e4a8dfc2a9a8,resid_build_sale_price,17,48,55.2503547668457,0.1218271255493164,4402.0,50.13508224487305,25,1
StandardGP,5d056969-ada4-11ef-8632-e4a8dfc2a9a8,resid_build_sale_price,17,49,55.2503547668457,0.10897350311279297,4434.0,50.13508224487305,25,1
StandardGP,5d056969-ada4-11ef-8632-e4a8dfc2a9a8,resid_build_sale_price,17,50,55.2503547668457,0.10304021835327148,4430.0,50.13508224487305,25,1
StandardGP,5d056969-ada4-11ef-8632-e4a8dfc2a9a8,resid_build_sale_price,17,51,55.2503547668457,0.09790778160095215,4168.0,50.13508224487305,25,1
StandardGP,5d056969-ada4-11ef-8632-e4a8dfc2a9a8,resid_build_sale_price,17,52,55.24913024902344,0.11036539077758789,4130.0,50.134944915771484,27,1
StandardGP,5d056969-ada4-11ef-8632-e4a8dfc2a9a8,resid_build_sale_price,17,53,54.8503303527832,0.10861063003540039,4296.0,50.188621520996094,33,1
StandardGP,5d056969-ada4-11ef-8632-e4a8dfc2a9a8,resid_build_sale_price,17,54,54.8503303527832,0.09366106986999512,3954.0,50.188621520996094,33,1
StandardGP,5d056969-ada4-11ef-8632-e4a8dfc2a9a8,resid_build_sale_price,17,55,54.847816467285156,0.08468079566955566,3644.0,50.188175201416016,33,1
StandardGP,5d056969-ada4-11ef-8632-e4a8dfc2a9a8,resid_build_sale_price,17,56,52.105926513671875,0.0928182601928711,3764.0,49.36332321166992,63,1
StandardGP,5d056969-ada4-11ef-8632-e4a8dfc2a9a8,resid_build_sale_price,17,57,51.28583526611328,0.09200668334960938,3996.0,49.3422737121582,67,1
StandardGP,5d056969-ada4-11ef-8632-e4a8dfc2a9a8,resid_build_sale_price,17,58,51.223480224609375,0.09582018852233887,4208.0,49.33860397338867,63,1
StandardGP,5d056969-ada4-11ef-8632-e4a8dfc2a9a8,resid_build_sale_price,17,59,51.16767120361328,0.11548852920532227,4856.0,49.33346939086914,63,1
StandardGP,5d056969-ada4-11ef-8632-e4a8dfc2a9a8,resid_build_sale_price,17,60,49.25328826904297,0.12230181694030762,5310.0,49.31440353393555,57,1
StandardGP,5d056969-ada4-11ef-8632-e4a8dfc2a9a8,resid_build_sale_price,17,61,49.25328826904297,0.12288045883178711,5252.0,49.31440353393555,57,1
StandardGP,5d056969-ada4-11ef-8632-e4a8dfc2a9a8,resid_build_sale_price,17,62,49.25328826904297,0.12683486938476562,5434.0,49.31440353393555,57,1
StandardGP,5d056969-ada4-11ef-8632-e4a8dfc2a9a8,resid_build_sale_price,17,63,49.25328826904297,0.13049793243408203,5408.0,49.31440353393555,57,1
StandardGP,5d056969-ada4-11ef-8632-e4a8dfc2a9a8,resid_build_sale_price,17,64,49.25328826904297,0.14494943618774414,5888.0,49.31440353393555,57,1
StandardGP,5d056969-ada4-11ef-8632-e4a8dfc2a9a8,resid_build_sale_price,17,65,47.662757873535156,0.14707279205322266,6166.0,49.27184295654297,59,1
StandardGP,5d056969-ada4-11ef-8632-e4a8dfc2a9a8,resid_build_sale_price,17,66,47.662757873535156,0.15482306480407715,6156.0,49.27184295654297,59,1
StandardGP,5d056969-ada4-11ef-8632-e4a8dfc2a9a8,resid_build_sale_price,17,67,47.662757873535156,0.15756440162658691,6396.0,49.27184295654297,59,1
StandardGP,5d056969-ada4-11ef-8632-e4a8dfc2a9a8,resid_build_sale_price,17,68,47.662757873535156,0.15363359451293945,6468.0,49.27184295654297,59,1
StandardGP,5d056969-ada4-11ef-8632-e4a8dfc2a9a8,resid_build_sale_price,17,69,47.662757873535156,0.15372133255004883,6542.0,49.27184295654297,59,1
StandardGP,5d056969-ada4-11ef-8632-e4a8dfc2a9a8,resid_build_sale_price,17,70,47.662757873535156,0.15999722480773926,6692.0,49.27184295654297,59,1
StandardGP,5d056969-ada4-11ef-8632-e4a8dfc2a9a8,resid_build_sale_price,17,71,47.66265869140625,0.16107678413391113,7012.0,49.27184295654297,59,1
StandardGP,5d056969-ada4-11ef-8632-e4a8dfc2a9a8,resid_build_sale_price,17,72,47.657447814941406,0.18190360069274902,7126.0,49.27183151245117,57,1
StandardGP,5d056969-ada4-11ef-8632-e4a8dfc2a9a8,resid_build_sale_price,17,73,47.657447814941406,0.17692303657531738,7326.0,49.27183151245117,57,1
StandardGP,5d056969-ada4-11ef-8632-e4a8dfc2a9a8,resid_build_sale_price,17,74,46.19020080566406,0.19010186195373535,7388.0,43.445655822753906,41,1
StandardGP,5d056969-ada4-11ef-8632-e4a8dfc2a9a8,resid_build_sale_price,17,75,46.19020080566406,0.1874072551727295,7290.0,43.445655822753906,41,1
StandardGP,5d056969-ada4-11ef-8632-e4a8dfc2a9a8,resid_build_sale_price,17,76,46.1901969909668,0.1712493896484375,6744.0,43.445655822753906,43,1
StandardGP,5d056969-ada4-11ef-8632-e4a8dfc2a9a8,resid_build_sale_price,17,77,46.19017028808594,0.24153614044189453,6894.0,43.445655822753906,43,1
StandardGP,5d056969-ada4-11ef-8632-e4a8dfc2a9a8,resid_build_sale_price,17,78,44.931663513183594,0.1564781665802002,6722.0,42.9985466003418,37,1
StandardGP,5d056969-ada4-11ef-8632-e4a8dfc2a9a8,resid_build_sale_price,17,79,44.931663513183594,0.15134167671203613,6158.0,42.9985466003418,37,1
StandardGP,5d056969-ada4-11ef-8632-e4a8dfc2a9a8,resid_build_sale_price,17,80,44.931663513183594,0.1391284465789795,5804.0,42.9985466003418,37,1
StandardGP,5d056969-ada4-11ef-8632-e4a8dfc2a9a8,resid_build_sale_price,17,81,44.931663513183594,0.14806890487670898,5942.0,42.9985466003418,37,1
StandardGP,5d056969-ada4-11ef-8632-e4a8dfc2a9a8,resid_build_sale_price,17,82,44.93165969848633,0.14040446281433105,5828.0,42.9985466003418,35,1
StandardGP,5d056969-ada4-11ef-8632-e4a8dfc2a9a8,resid_build_sale_price,17,83,44.93165969848633,0.14339065551757812,5826.0,42.9985466003418,35,1
StandardGP,5d056969-ada4-11ef-8632-e4a8dfc2a9a8,resid_build_sale_price,17,84,44.93165969848633,0.13854241371154785,5886.0,42.9985466003418,35,1
StandardGP,5d056969-ada4-11ef-8632-e4a8dfc2a9a8,resid_build_sale_price,17,85,44.93164825439453,0.13668060302734375,5806.0,42.99854278564453,35,1
StandardGP,5d056969-ada4-11ef-8632-e4a8dfc2a9a8,resid_build_sale_price,17,86,44.93164825439453,0.14127659797668457,5792.0,42.99854278564453,35,1
StandardGP,5d056969-ada4-11ef-8632-e4a8dfc2a9a8,resid_build_sale_price,17,87,44.93164825439453,0.13571906089782715,5644.0,42.99854278564453,35,1
StandardGP,5d056969-ada4-11ef-8632-e4a8dfc2a9a8,resid_build_sale_price,17,88,44.93164825439453,0.1387190818786621,5848.0,42.99854278564453,35,1
StandardGP,5d056969-ada4-11ef-8632-e4a8dfc2a9a8,resid_build_sale_price,17,89,44.93157958984375,0.13396453857421875,5806.0,42.99851608276367,37,1
StandardGP,5d056969-ada4-11ef-8632-e4a8dfc2a9a8,resid_build_sale_price,17,90,44.9306640625,0.14043450355529785,5894.0,42.99808883666992,31,1
StandardGP,5d056969-ada4-11ef-8632-e4a8dfc2a9a8,resid_build_sale_price,17,91,44.9306640625,0.14910078048706055,6072.0,42.99808883666992,31,1
StandardGP,5d056969-ada4-11ef-8632-e4a8dfc2a9a8,resid_build_sale_price,17,92,44.9306640625,0.13646817207336426,5574.0,42.99808883666992,31,1
StandardGP,5d056969-ada4-11ef-8632-e4a8dfc2a9a8,resid_build_sale_price,17,93,44.04839324951172,0.14669585227966309,5862.0,43.29521560668945,67,1
StandardGP,5d056969-ada4-11ef-8632-e4a8dfc2a9a8,resid_build_sale_price,17,94,44.04839324951172,0.14514493942260742,5926.0,43.29521560668945,67,1
StandardGP,5d056969-ada4-11ef-8632-e4a8dfc2a9a8,resid_build_sale_price,17,95,44.04839324951172,0.15284991264343262,6218.0,43.29521560668945,67,1
StandardGP,5d056969-ada4-11ef-8632-e4a8dfc2a9a8,resid_build_sale_price,17,96,44.04839324951172,0.13998842239379883,5972.0,43.29521560668945,67,1
StandardGP,5d056969-ada4-11ef-8632-e4a8dfc2a9a8,resid_build_sale_price,17,97,44.04690170288086,0.1560969352722168,6210.0,43.29530715942383,77,1
StandardGP,5d056969-ada4-11ef-8632-e4a8dfc2a9a8,resid_build_sale_price,17,98,44.03730773925781,0.13901400566101074,6056.0,43.29515838623047,71,1
StandardGP,5d056969-ada4-11ef-8632-e4a8dfc2a9a8,resid_build_sale_price,17,99,44.03730773925781,0.1547243595123291,6126.0,43.29515838623047,71,1
StandardGP,5d056969-ada4-11ef-8632-e4a8dfc2a9a8,resid_build_sale_price,17,100,44.0372200012207,0.16267848014831543,6416.0,43.2951545715332,59,1
StandardGP,d68d16dc-ada5-11ef-9847-e4a8dfc2a9a8,resid_build_sale_price,17,0,0.14372527599334717,0.05379438400268555,1342.0,0.13119569420814514,3,1
StandardGP,d68d16dc-ada5-11ef-9847-e4a8dfc2a9a8,resid_build_sale_price,17,1,0.14165851473808289,0.025682687759399414,912.0,0.11550275981426239,5,1
StandardGP,d68d16dc-ada5-11ef-9847-e4a8dfc2a9a8,resid_build_sale_price,17,2,0.1325615495443344,0.023003101348876953,788.0,0.11577779799699783,3,1
StandardGP,d68d16dc-ada5-11ef-9847-e4a8dfc2a9a8,resid_build_sale_price,17,3,0.11880559474229813,0.019707202911376953,650.0,0.12814244627952576,33,1
StandardGP,d68d16dc-ada5-11ef-9847-e4a8dfc2a9a8,resid_build_sale_price,17,4,0.11880559474229813,0.021994590759277344,748.0,0.12814244627952576,33,1
StandardGP,d68d16dc-ada5-11ef-9847-e4a8dfc2a9a8,resid_build_sale_price,17,5,0.11880559474229813,0.024880170822143555,906.0,0.12814244627952576,33,1
StandardGP,d68d16dc-ada5-11ef-9847-e4a8dfc2a9a8,resid_build_sale_price,17,6,0.11880559474229813,0.027429819107055664,1146.0,0.12814244627952576,33,1
StandardGP,d68d16dc-ada5-11ef-9847-e4a8dfc2a9a8,resid_build_sale_price,17,7,0.11880559474229813,0.028285503387451172,1516.0,0.12814244627952576,33,1
StandardGP,d68d16dc-ada5-11ef-9847-e4a8dfc2a9a8,resid_build_sale_price,17,8,0.11880559474229813,0.03456687927246094,1864.0,0.12814244627952576,33,1
StandardGP,d68d16dc-ada5-11ef-9847-e4a8dfc2a9a8,resid_build_sale_price,17,9,0.11880559474229813,0.032564401626586914,1872.0,0.12814244627952576,33,1
StandardGP,d68d16dc-ada5-11ef-9847-e4a8dfc2a9a8,resid_build_sale_price,17,10,0.11880559474229813,0.03473067283630371,2034.0,0.12814244627952576,33,1
StandardGP,d68d16dc-ada5-11ef-9847-e4a8dfc2a9a8,resid_build_sale_price,17,11,0.11863529682159424,0.03115105628967285,1916.0,0.12897889316082,33,1
StandardGP,d68d16dc-ada5-11ef-9847-e4a8dfc2a9a8,resid_build_sale_price,17,12,0.11863529682159424,0.036025047302246094,2264.0,0.12897889316082,33,1
StandardGP,d68d16dc-ada5-11ef-9847-e4a8dfc2a9a8,resid_build_sale_price,17,13,0.11863529682159424,0.038533687591552734,2490.0,0.12897889316082,33,1
StandardGP,d68d16dc-ada5-11ef-9847-e4a8dfc2a9a8,resid_build_sale_price,17,14,0.11863529682159424,0.044172048568725586,2822.0,0.12897889316082,33,1
StandardGP,d68d16dc-ada5-11ef-9847-e4a8dfc2a9a8,resid_build_sale_price,17,15,0.11863529682159424,0.04786491394042969,3158.0,0.12897889316082,33,1
StandardGP,d68d16dc-ada5-11ef-9847-e4a8dfc2a9a8,resid_build_sale_price,17,16,0.11863529682159424,0.051518917083740234,3540.0,0.12897889316082,33,1
StandardGP,d68d16dc-ada5-11ef-9847-e4a8dfc2a9a8,resid_build_sale_price,17,17,0.11863529682159424,0.05988335609436035,3726.0,0.12897889316082,33,1
StandardGP,d68d16dc-ada5-11ef-9847-e4a8dfc2a9a8,resid_build_sale_price,17,18,0.1171124130487442,0.058320045471191406,3856.0,0.1259862631559372,41,1
StandardGP,d68d16dc-ada5-11ef-9847-e4a8dfc2a9a8,resid_build_sale_price,17,19,0.1171124130487442,0.055994510650634766,3846.0,0.1259862631559372,41,1
StandardGP,d68d16dc-ada5-11ef-9847-e4a8dfc2a9a8,resid_build_sale_price,17,20,0.1171124130487442,0.05194997787475586,3394.0,0.1259862631559372,41,1
StandardGP,d68d16dc-ada5-11ef-9847-e4a8dfc2a9a8,resid_build_sale_price,17,21,0.1171124130487442,0.0526118278503418,3378.0,0.1259862631559372,41,1
StandardGP,d68d16dc-ada5-11ef-9847-e4a8dfc2a9a8,resid_build_sale_price,17,22,0.1171124130487442,0.057056427001953125,3712.0,0.1259862631559372,41,1
StandardGP,d68d16dc-ada5-11ef-9847-e4a8dfc2a9a8,resid_build_sale_price,17,23,0.1171124130487442,0.0664370059967041,4514.0,0.1259862631559372,41,1
StandardGP,d68d16dc-ada5-11ef-9847-e4a8dfc2a9a8,resid_build_sale_price,17,24,0.1171124130487442,0.07010507583618164,4498.0,0.1259862631559372,41,1
StandardGP,d68d16dc-ada5-11ef-9847-e4a8dfc2a9a8,resid_build_sale_price,17,25,0.1171124130487442,0.06739521026611328,4330.0,0.1259862631559372,41,1
StandardGP,d68d16dc-ada5-11ef-9847-e4a8dfc2a9a8,resid_build_sale_price,17,26,0.1171124130487442,0.07298469543457031,4624.0,0.1259862631559372,41,1
StandardGP,d68d16dc-ada5-11ef-9847-e4a8dfc2a9a8,resid_build_sale_price,17,27,0.1171124130487442,0.07360053062438965,4752.0,0.1259862631559372,41,1
StandardGP,d68d16dc-ada5-11ef-9847-e4a8dfc2a9a8,resid_build_sale_price,17,28,0.1171124130487442,0.07913017272949219,5158.0,0.1259862631559372,41,1
StandardGP,d68d16dc-ada5-11ef-9847-e4a8dfc2a9a8,resid_build_sale_price,17,29,0.1171124130487442,0.08452534675598145,5764.0,0.1259862631559372,41,1
StandardGP,d68d16dc-ada5-11ef-9847-e4a8dfc2a9a8,resid_build_sale_price,17,30,0.1171124130487442,0.09053468704223633,5952.0,0.1259862631559372,41,1
StandardGP,d68d16dc-ada5-11ef-9847-e4a8dfc2a9a8,resid_build_sale_price,17,31,0.1171124130487442,0.1081380844116211,6990.0,0.1259862631559372,41,1
StandardGP,d68d16dc-ada5-11ef-9847-e4a8dfc2a9a8,resid_build_sale_price,17,32,0.1171124130487442,0.19902849197387695,6644.0,0.1259862631559372,41,1
StandardGP,d68d16dc-ada5-11ef-9847-e4a8dfc2a9a8,resid_build_sale_price,17,33,0.1171124130487442,0.0909266471862793,5862.0,0.1259862631559372,41,1
StandardGP,d68d16dc-ada5-11ef-9847-e4a8dfc2a9a8,resid_build_sale_price,17,34,0.1171124130487442,0.09345746040344238,6076.0,0.1259862631559372,41,1
StandardGP,d68d16dc-ada5-11ef-9847-e4a8dfc2a9a8,resid_build_sale_price,17,35,0.1171124130487442,0.0925285816192627,5954.0,0.1259862631559372,41,1
StandardGP,d68d16dc-ada5-11ef-9847-e4a8dfc2a9a8,resid_build_sale_price,17,36,0.1171124130487442,0.08052873611450195,4914.0,0.1259862631559372,41,1
StandardGP,d68d16dc-ada5-11ef-9847-e4a8dfc2a9a8,resid_build_sale_price,17,37,0.1171124130487442,0.09108304977416992,5716.0,0.1259862631559372,41,1
StandardGP,d68d16dc-ada5-11ef-9847-e4a8dfc2a9a8,resid_build_sale_price,17,38,0.11637531965970993,0.07800054550170898,4848.0,0.12768149375915527,41,1
StandardGP,d68d16dc-ada5-11ef-9847-e4a8dfc2a9a8,resid_build_sale_price,17,39,0.11637531965970993,0.07301735877990723,4582.0,0.12768149375915527,41,1
StandardGP,d68d16dc-ada5-11ef-9847-e4a8dfc2a9a8,resid_build_sale_price,17,40,0.11637531965970993,0.07653594017028809,4690.0,0.12768149375915527,41,1
StandardGP,d68d16dc-ada5-11ef-9847-e4a8dfc2a9a8,resid_build_sale_price,17,41,0.11637531965970993,0.0775294303894043,4384.0,0.12768149375915527,41,1
StandardGP,d68d16dc-ada5-11ef-9847-e4a8dfc2a9a8,resid_build_sale_price,17,42,0.11637531965970993,0.06500935554504395,3754.0,0.12768149375915527,41,1
StandardGP,d68d16dc-ada5-11ef-9847-e4a8dfc2a9a8,resid_build_sale_price,17,43,0.11637531965970993,0.06452560424804688,3760.0,0.12768149375915527,41,1
StandardGP,d68d16dc-ada5-11ef-9847-e4a8dfc2a9a8,resid_build_sale_price,17,44,0.11637531965970993,0.07239151000976562,4018.0,0.12768149375915527,41,1
StandardGP,d68d16dc-ada5-11ef-9847-e4a8dfc2a9a8,resid_build_sale_price,17,45,0.11399234086275101,0.0695197582244873,3770.0,0.11110157519578934,45,1
StandardGP,d68d16dc-ada5-11ef-9847-e4a8dfc2a9a8,resid_build_sale_price,17,46,0.11399234086275101,0.06998419761657715,3748.0,0.11110157519578934,45,1
StandardGP,d68d16dc-ada5-11ef-9847-e4a8dfc2a9a8,resid_build_sale_price,17,47,0.11399234086275101,0.0666952133178711,3556.0,0.11110157519578934,45,1
StandardGP,d68d16dc-ada5-11ef-9847-e4a8dfc2a9a8,resid_build_sale_price,17,48,0.11399234086275101,0.07750535011291504,4354.0,0.11110157519578934,45,1
StandardGP,d68d16dc-ada5-11ef-9847-e4a8dfc2a9a8,resid_build_sale_price,17,49,0.11399234086275101,0.08740997314453125,5266.0,0.11110157519578934,45,1
StandardGP,d68d16dc-ada5-11ef-9847-e4a8dfc2a9a8,resid_build_sale_price,17,50,0.11399234086275101,0.0937340259552002,5676.0,0.11110157519578934,45,1
StandardGP,d68d16dc-ada5-11ef-9847-e4a8dfc2a9a8,resid_build_sale_price,17,51,0.11399234086275101,0.09348130226135254,5316.0,0.11110157519578934,45,1
StandardGP,d68d16dc-ada5-11ef-9847-e4a8dfc2a9a8,resid_build_sale_price,17,52,0.11399234086275101,0.10685372352600098,6446.0,0.11110157519578934,45,1
StandardGP,d68d16dc-ada5-11ef-9847-e4a8dfc2a9a8,resid_build_sale_price,17,53,0.11399234086275101,0.10231709480285645,6004.0,0.11110157519578934,45,1
StandardGP,d68d16dc-ada5-11ef-9847-e4a8dfc2a9a8,resid_build_sale_price,17,54,0.11399234086275101,0.08786582946777344,5210.0,0.11110157519578934,45,1
StandardGP,d68d16dc-ada5-11ef-9847-e4a8dfc2a9a8,resid_build_sale_price,17,55,0.11399234086275101,0.09345817565917969,5944.0,0.11110157519578934,45,1
StandardGP,d68d16dc-ada5-11ef-9847-e4a8dfc2a9a8,resid_build_sale_price,17,56,0.11399234086275101,0.10489058494567871,6280.0,0.11110157519578934,45,1
StandardGP,d68d16dc-ada5-11ef-9847-e4a8dfc2a9a8,resid_build_sale_price,17,57,0.11160252243280411,0.10034322738647461,6070.0,0.09880248457193375,89,1
StandardGP,d68d16dc-ada5-11ef-9847-e4a8dfc2a9a8,resid_build_sale_price,17,58,0.11160252243280411,0.1003262996673584,6324.0,0.09880248457193375,89,1
StandardGP,d68d16dc-ada5-11ef-9847-e4a8dfc2a9a8,resid_build_sale_price,17,59,0.11160252243280411,0.0974421501159668,6072.0,0.09880248457193375,89,1
StandardGP,d68d16dc-ada5-11ef-9847-e4a8dfc2a9a8,resid_build_sale_price,17,60,0.11160252243280411,0.09534549713134766,6028.0,0.09880248457193375,89,1
StandardGP,d68d16dc-ada5-11ef-9847-e4a8dfc2a9a8,resid_build_sale_price,17,61,0.11160252243280411,0.09536623954772949,5802.0,0.09880248457193375,89,1
StandardGP,d68d16dc-ada5-11ef-9847-e4a8dfc2a9a8,resid_build_sale_price,17,62,0.11160252243280411,0.0889291763305664,5720.0,0.09880248457193375,89,1
StandardGP,d68d16dc-ada5-11ef-9847-e4a8dfc2a9a8,resid_build_sale_price,17,63,0.11160252243280411,0.09602975845336914,6006.0,0.09880248457193375,89,1
StandardGP,d68d16dc-ada5-11ef-9847-e4a8dfc2a9a8,resid_build_sale_price,17,64,0.11160252243280411,0.10253310203552246,6670.0,0.09880248457193375,89,1
StandardGP,d68d16dc-ada5-11ef-9847-e4a8dfc2a9a8,resid_build_sale_price,17,65,0.11160252243280411,0.11438107490539551,7264.0,0.09880248457193375,89,1
StandardGP,d68d16dc-ada5-11ef-9847-e4a8dfc2a9a8,resid_build_sale_price,17,66,0.11160252243280411,0.11853766441345215,7592.0,0.09880248457193375,89,1
StandardGP,d68d16dc-ada5-11ef-9847-e4a8dfc2a9a8,resid_build_sale_price,17,67,0.11160252243280411,0.12752676010131836,8102.0,0.09880248457193375,89,1
StandardGP,d68d16dc-ada5-11ef-9847-e4a8dfc2a9a8,resid_build_sale_price,17,68,0.11160252243280411,0.1219639778137207,7992.0,0.09880248457193375,89,1
StandardGP,d68d16dc-ada5-11ef-9847-e4a8dfc2a9a8,resid_build_sale_price,17,69,0.11160252243280411,0.12510943412780762,7852.0,0.09880248457193375,89,1
StandardGP,d68d16dc-ada5-11ef-9847-e4a8dfc2a9a8,resid_build_sale_price,17,70,0.11021865904331207,0.11431241035461426,7326.0,0.09717120975255966,109,1
StandardGP,d68d16dc-ada5-11ef-9847-e4a8dfc2a9a8,resid_build_sale_price,17,71,0.11021865904331207,0.1353282928466797,8634.0,0.09717120975255966,109,1
StandardGP,d68d16dc-ada5-11ef-9847-e4a8dfc2a9a8,resid_build_sale_price,17,72,0.11021865904331207,0.12076783180236816,7928.0,0.09717120975255966,109,1
StandardGP,d68d16dc-ada5-11ef-9847-e4a8dfc2a9a8,resid_build_sale_price,17,73,0.11021865904331207,0.12622475624084473,8474.0,0.09717120975255966,109,1
StandardGP,d68d16dc-ada5-11ef-9847-e4a8dfc2a9a8,resid_build_sale_price,17,74,0.11021865904331207,0.12674665451049805,8046.0,0.09717120975255966,109,1
StandardGP,d68d16dc-ada5-11ef-9847-e4a8dfc2a9a8,resid_build_sale_price,17,75,0.10680504888296127,0.1260054111480713,8734.0,0.0940934270620346,79,1
StandardGP,d68d16dc-ada5-11ef-9847-e4a8dfc2a9a8,resid_build_sale_price,17,76,0.10680504888296127,0.15720057487487793,10168.0,0.0940934270620346,79,1
StandardGP,d68d16dc-ada5-11ef-9847-e4a8dfc2a9a8,resid_build_sale_price,17,77,0.0936291441321373,0.15126848220825195,10034.0,0.06757031381130219,105,1
StandardGP,d68d16dc-ada5-11ef-9847-e4a8dfc2a9a8,resid_build_sale_price,17,78,0.0936291441321373,0.14326715469360352,9646.0,0.06757031381130219,105,1
StandardGP,d68d16dc-ada5-11ef-9847-e4a8dfc2a9a8,resid_build_sale_price,17,79,0.0936291441321373,0.15343022346496582,10366.0,0.06757031381130219,105,1
StandardGP,d68d16dc-ada5-11ef-9847-e4a8dfc2a9a8,resid_build_sale_price,17,80,0.0936291441321373,0.1736154556274414,11272.0,0.06757031381130219,105,1
StandardGP,d68d16dc-ada5-11ef-9847-e4a8dfc2a9a8,resid_build_sale_price,17,81,0.0936291441321373,0.17155003547668457,11066.0,0.06757031381130219,105,1
StandardGP,d68d16dc-ada5-11ef-9847-e4a8dfc2a9a8,resid_build_sale_price,17,82,0.0936291441321373,0.1676921844482422,10708.0,0.06757031381130219,105,1
StandardGP,d68d16dc-ada5-11ef-9847-e4a8dfc2a9a8,resid_build_sale_price,17,83,0.0936291441321373,0.18378877639770508,11784.0,0.06757031381130219,105,1
StandardGP,d68d16dc-ada5-11ef-9847-e4a8dfc2a9a8,resid_build_sale_price,17,84,0.0936291441321373,0.19429850578308105,12440.0,0.06757031381130219,105,1
StandardGP,d68d16dc-ada5-11ef-9847-e4a8dfc2a9a8,resid_build_sale_price,17,85,0.0936291441321373,0.19068336486816406,11732.0,0.06757031381130219,105,1
StandardGP,d68d16dc-ada5-11ef-9847-e4a8dfc2a9a8,resid_build_sale_price,17,86,0.0936291441321373,0.15034961700439453,9626.0,0.06757031381130219,105,1
StandardGP,d68d16dc-ada5-11ef-9847-e4a8dfc2a9a8,resid_build_sale_price,17,87,0.0936291441321373,0.15362930297851562,9536.0,0.06757031381130219,105,1
StandardGP,d68d16dc-ada5-11ef-9847-e4a8dfc2a9a8,resid_build_sale_price,17,88,0.0936291441321373,0.12685251235961914,7886.0,0.06757031381130219,105,1
StandardGP,d68d16dc-ada5-11ef-9847-e4a8dfc2a9a8,resid_build_sale_price,17,89,0.08828816562891006,0.11429476737976074,7070.0,0.0698772519826889,29,1
StandardGP,d68d16dc-ada5-11ef-9847-e4a8dfc2a9a8,resid_build_sale_price,17,90,0.08828816562891006,0.12989568710327148,8190.0,0.0698772519826889,29,1
StandardGP,d68d16dc-ada5-11ef-9847-e4a8dfc2a9a8,resid_build_sale_price,17,91,0.08828816562891006,0.13140153884887695,8396.0,0.0698772519826889,29,1
StandardGP,d68d16dc-ada5-11ef-9847-e4a8dfc2a9a8,resid_build_sale_price,17,92,0.08828816562891006,0.13082122802734375,8482.0,0.0698772519826889,29,1
StandardGP,d68d16dc-ada5-11ef-9847-e4a8dfc2a9a8,resid_build_sale_price,17,93,0.08828816562891006,0.1340923309326172,8388.0,0.0698772519826889,29,1
StandardGP,d68d16dc-ada5-11ef-9847-e4a8dfc2a9a8,resid_build_sale_price,17,94,0.08828816562891006,0.1437854766845703,9046.0,0.0698772519826889,29,1
StandardGP,d68d16dc-ada5-11ef-9847-e4a8dfc2a9a8,resid_build_sale_price,17,95,0.08828816562891006,0.12498664855957031,7734.0,0.0698772519826889,29,1
StandardGP,d68d16dc-ada5-11ef-9847-e4a8dfc2a9a8,resid_build_sale_price,17,96,0.08828816562891006,0.13637733459472656,8734.0,0.0698772519826889,29,1
StandardGP,d68d16dc-ada5-11ef-9847-e4a8dfc2a9a8,resid_build_sale_price,17,97,0.08828816562891006,0.12040090560913086,7986.0,0.0698772519826889,29,1
StandardGP,d68d16dc-ada5-11ef-9847-e4a8dfc2a9a8,resid_build_sale_price,17,98,0.08245855569839478,0.144744873046875,9430.0,0.0666988417506218,29,1
StandardGP,d68d16dc-ada5-11ef-9847-e4a8dfc2a9a8,resid_build_sale_price,17,99,0.08245855569839478,0.15807151794433594,10146.0,0.0666988417506218,29,1
StandardGP,d68d16dc-ada5-11ef-9847-e4a8dfc2a9a8,resid_build_sale_price,17,100,0.08245855569839478,0.16704225540161133,10818.0,0.0666988417506218,29,1
StandardGP,5a08f25f-ada6-11ef-9d4c-e4a8dfc2a9a8,resid_build_sale_price,17,0,94.22838592529297,0.05795621871948242,1342.0,87.83435821533203,3,1
StandardGP,5a08f25f-ada6-11ef-9d4c-e4a8dfc2a9a8,resid_build_sale_price,17,1,94.22838592529297,0.0306088924407959,1158.0,87.83435821533203,3,1
StandardGP,5a08f25f-ada6-11ef-9d4c-e4a8dfc2a9a8,resid_build_sale_price,17,2,94.22838592529297,0.0302581787109375,978.0,87.83435821533203,3,1
StandardGP,5a08f25f-ada6-11ef-9d4c-e4a8dfc2a9a8,resid_build_sale_price,17,3,94.22838592529297,0.033043861389160156,1018.0,87.83435821533203,3,1
StandardGP,5a08f25f-ada6-11ef-9d4c-e4a8dfc2a9a8,resid_build_sale_price,17,4,94.22838592529297,0.034041404724121094,1076.0,87.83435821533203,3,1
StandardGP,5a08f25f-ada6-11ef-9d4c-e4a8dfc2a9a8,resid_build_sale_price,17,5,94.22838592529297,0.028957366943359375,1176.0,87.83435821533203,3,1
StandardGP,5a08f25f-ada6-11ef-9d4c-e4a8dfc2a9a8,resid_build_sale_price,17,6,94.22838592529297,0.028131961822509766,1170.0,87.83435821533203,3,1
StandardGP,5a08f25f-ada6-11ef-9d4c-e4a8dfc2a9a8,resid_build_sale_price,17,7,94.22838592529297,0.03123331069946289,1236.0,87.83435821533203,3,1
StandardGP,5a08f25f-ada6-11ef-9d4c-e4a8dfc2a9a8,resid_build_sale_price,17,8,94.22838592529297,0.029404401779174805,1244.0,87.83435821533203,3,1
StandardGP,5a08f25f-ada6-11ef-9d4c-e4a8dfc2a9a8,resid_build_sale_price,17,9,94.22838592529297,0.03303861618041992,1368.0,87.83435821533203,3,1
StandardGP,5a08f25f-ada6-11ef-9d4c-e4a8dfc2a9a8,resid_build_sale_price,17,10,94.22838592529297,0.034590721130371094,1604.0,87.83435821533203,3,1
StandardGP,5a08f25f-ada6-11ef-9d4c-e4a8dfc2a9a8,resid_build_sale_price,17,11,60.09601593017578,0.04117846488952637,1930.0,51.45543670654297,5,1
StandardGP,5a08f25f-ada6-11ef-9d4c-e4a8dfc2a9a8,resid_build_sale_price,17,12,60.09601593017578,0.049018144607543945,2468.0,51.45543670654297,5,1
StandardGP,5a08f25f-ada6-11ef-9d4c-e4a8dfc2a9a8,resid_build_sale_price,17,13,60.09601593017578,0.05173921585083008,2838.0,51.45543670654297,5,1
StandardGP,5a08f25f-ada6-11ef-9d4c-e4a8dfc2a9a8,resid_build_sale_price,17,14,60.09601593017578,0.05974864959716797,3190.0,51.45543670654297,5,1
StandardGP,5a08f25f-ada6-11ef-9d4c-e4a8dfc2a9a8,resid_build_sale_price,17,15,60.09601593017578,0.05429220199584961,2998.0,51.45543670654297,5,1
StandardGP,5a08f25f-ada6-11ef-9d4c-e4a8dfc2a9a8,resid_build_sale_price,17,16,60.09601593017578,0.06521153450012207,3780.0,51.45543670654297,5,1
StandardGP,5a08f25f-ada6-11ef-9d4c-e4a8dfc2a9a8,resid_build_sale_price,17,17,60.09601593017578,0.058788299560546875,3330.0,51.45543670654297,5,1
StandardGP,5a08f25f-ada6-11ef-9d4c-e4a8dfc2a9a8,resid_build_sale_price,17,18,60.09601593017578,0.05074596405029297,2832.0,51.45543670654297,5,1
StandardGP,5a08f25f-ada6-11ef-9d4c-e4a8dfc2a9a8,resid_build_sale_price,17,19,60.09601593017578,0.04566144943237305,2446.0,51.45543670654297,5,1
StandardGP,5a08f25f-ada6-11ef-9d4c-e4a8dfc2a9a8,resid_build_sale_price,17,20,60.09601593017578,0.03819584846496582,1980.0,51.45543670654297,5,1
StandardGP,5a08f25f-ada6-11ef-9d4c-e4a8dfc2a9a8,resid_build_sale_price,17,21,55.66691970825195,0.04029107093811035,2004.0,47.42448806762695,3,1
StandardGP,5a08f25f-ada6-11ef-9d4c-e4a8dfc2a9a8,resid_build_sale_price,17,22,55.66691970825195,0.038543701171875,1874.0,47.42448806762695,3,1
StandardGP,5a08f25f-ada6-11ef-9d4c-e4a8dfc2a9a8,resid_build_sale_price,17,23,55.66691970825195,0.03953361511230469,1882.0,47.42448806762695,3,1
StandardGP,5a08f25f-ada6-11ef-9d4c-e4a8dfc2a9a8,resid_build_sale_price,17,24,55.66691970825195,0.03437209129333496,1660.0,47.42448806762695,3,1
StandardGP,5a08f25f-ada6-11ef-9d4c-e4a8dfc2a9a8,resid_build_sale_price,17,25,55.66691970825195,0.03818178176879883,1736.0,47.42448806762695,3,1
StandardGP,5a08f25f-ada6-11ef-9d4c-e4a8dfc2a9a8,resid_build_sale_price,17,26,55.66691970825195,0.03608846664428711,1810.0,47.42448806762695,3,1
StandardGP,5a08f25f-ada6-11ef-9d4c-e4a8dfc2a9a8,resid_build_sale_price,17,27,55.66691970825195,0.03510236740112305,1786.0,47.42448806762695,3,1
StandardGP,5a08f25f-ada6-11ef-9d4c-e4a8dfc2a9a8,resid_build_sale_price,17,28,55.66691970825195,0.038335561752319336,1784.0,47.42448806762695,3,1
StandardGP,5a08f25f-ada6-11ef-9d4c-e4a8dfc2a9a8,resid_build_sale_price,17,29,55.66691970825195,0.03890252113342285,1738.0,47.42448806762695,3,1
StandardGP,5a08f25f-ada6-11ef-9d4c-e4a8dfc2a9a8,resid_build_sale_price,17,30,55.66691970825195,0.03883504867553711,1868.0,47.42448806762695,3,1
StandardGP,5a08f25f-ada6-11ef-9d4c-e4a8dfc2a9a8,resid_build_sale_price,17,31,55.66691970825195,0.04040384292602539,2038.0,47.42448806762695,3,1
StandardGP,5a08f25f-ada6-11ef-9d4c-e4a8dfc2a9a8,resid_build_sale_price,17,32,55.66691970825195,0.04270625114440918,2134.0,47.42448806762695,3,1
StandardGP,5a08f25f-ada6-11ef-9d4c-e4a8dfc2a9a8,resid_build_sale_price,17,33,55.66691970825195,0.04542708396911621,2292.0,47.42448806762695,3,1
StandardGP,5a08f25f-ada6-11ef-9d4c-e4a8dfc2a9a8,resid_build_sale_price,17,34,55.66691970825195,0.04739713668823242,2386.0,47.42448806762695,3,1
StandardGP,5a08f25f-ada6-11ef-9d4c-e4a8dfc2a9a8,resid_build_sale_price,17,35,55.66691970825195,0.05108165740966797,2490.0,47.42448806762695,3,1
StandardGP,5a08f25f-ada6-11ef-9d4c-e4a8dfc2a9a8,resid_build_sale_price,17,36,55.66691970825195,0.04679417610168457,2386.0,47.42448806762695,3,1
StandardGP,5a08f25f-ada6-11ef-9d4c-e4a8dfc2a9a8,resid_build_sale_price,17,37,55.66691970825195,0.04881143569946289,2552.0,47.42448806762695,3,1
StandardGP,5a08f25f-ada6-11ef-9d4c-e4a8dfc2a9a8,resid_build_sale_price,17,38,55.66691970825195,0.051862239837646484,2790.0,47.42448806762695,3,1
StandardGP,5a08f25f-ada6-11ef-9d4c-e4a8dfc2a9a8,resid_build_sale_price,17,39,55.66691970825195,0.05312514305114746,2910.0,47.42448806762695,3,1
StandardGP,5a08f25f-ada6-11ef-9d4c-e4a8dfc2a9a8,resid_build_sale_price,17,40,55.66691970825195,0.05435371398925781,3116.0,47.42448806762695,3,1
StandardGP,5a08f25f-ada6-11ef-9d4c-e4a8dfc2a9a8,resid_build_sale_price,17,41,55.66691970825195,0.06273913383483887,3588.0,47.42448806762695,3,1
StandardGP,5a08f25f-ada6-11ef-9d4c-e4a8dfc2a9a8,resid_build_sale_price,17,42,55.66691970825195,0.058728694915771484,3532.0,47.42448806762695,3,1
StandardGP,5a08f25f-ada6-11ef-9d4c-e4a8dfc2a9a8,resid_build_sale_price,17,43,55.66691970825195,0.07557797431945801,4268.0,47.42448806762695,3,1
StandardGP,5a08f25f-ada6-11ef-9d4c-e4a8dfc2a9a8,resid_build_sale_price,17,44,55.66691970825195,0.06924653053283691,4112.0,47.42448806762695,3,1
StandardGP,5a08f25f-ada6-11ef-9d4c-e4a8dfc2a9a8,resid_build_sale_price,17,45,55.66691970825195,0.07481718063354492,4182.0,47.42448806762695,3,1
StandardGP,5a08f25f-ada6-11ef-9d4c-e4a8dfc2a9a8,resid_build_sale_price,17,46,55.66691970825195,0.06695389747619629,3996.0,47.42448806762695,3,1
StandardGP,5a08f25f-ada6-11ef-9d4c-e4a8dfc2a9a8,resid_build_sale_price,17,47,55.66691970825195,0.0708918571472168,3830.0,47.42448806762695,3,1
StandardGP,5a08f25f-ada6-11ef-9d4c-e4a8dfc2a9a8,resid_build_sale_price,17,48,55.66691970825195,0.06995439529418945,3692.0,47.42448806762695,3,1
StandardGP,5a08f25f-ada6-11ef-9d4c-e4a8dfc2a9a8,resid_build_sale_price,17,49,55.66691970825195,0.0758211612701416,3908.0,47.42448806762695,3,1
StandardGP,5a08f25f-ada6-11ef-9d4c-e4a8dfc2a9a8,resid_build_sale_price,17,50,55.66691970825195,0.08280038833618164,4016.0,47.42448806762695,3,1
StandardGP,5a08f25f-ada6-11ef-9d4c-e4a8dfc2a9a8,resid_build_sale_price,17,51,55.66691970825195,0.08119654655456543,4270.0,47.42448806762695,3,1
StandardGP,5a08f25f-ada6-11ef-9d4c-e4a8dfc2a9a8,resid_build_sale_price,17,52,55.66691970825195,0.07666945457458496,4008.0,47.42448806762695,3,1
StandardGP,5a08f25f-ada6-11ef-9d4c-e4a8dfc2a9a8,resid_build_sale_price,17,53,55.66691970825195,0.0729517936706543,3530.0,47.42448806762695,3,1
StandardGP,5a08f25f-ada6-11ef-9d4c-e4a8dfc2a9a8,resid_build_sale_price,17,54,55.66691970825195,0.0721135139465332,3794.0,47.42448806762695,3,1
StandardGP,5a08f25f-ada6-11ef-9d4c-e4a8dfc2a9a8,resid_build_sale_price,17,55,55.66691970825195,0.0701284408569336,3628.0,47.42448806762695,3,1
StandardGP,5a08f25f-ada6-11ef-9d4c-e4a8dfc2a9a8,resid_build_sale_price,17,56,55.66691970825195,0.06805729866027832,3686.0,47.42448806762695,3,1
StandardGP,5a08f25f-ada6-11ef-9d4c-e4a8dfc2a9a8,resid_build_sale_price,17,57,55.66691970825195,0.08099770545959473,4320.0,47.42448806762695,3,1
StandardGP,5a08f25f-ada6-11ef-9d4c-e4a8dfc2a9a8,resid_build_sale_price,17,58,55.66691970825195,0.08761096000671387,4202.0,47.42448806762695,3,1
StandardGP,5a08f25f-ada6-11ef-9d4c-e4a8dfc2a9a8,resid_build_sale_price,17,59,54.63664627075195,0.08821868896484375,4460.0,45.65915298461914,5,1
StandardGP,5a08f25f-ada6-11ef-9d4c-e4a8dfc2a9a8,resid_build_sale_price,17,60,54.63664627075195,0.08874320983886719,4384.0,45.65915298461914,5,1
StandardGP,5a08f25f-ada6-11ef-9d4c-e4a8dfc2a9a8,resid_build_sale_price,17,61,54.63664627075195,0.07607793807983398,4222.0,45.65915298461914,5,1
StandardGP,5a08f25f-ada6-11ef-9d4c-e4a8dfc2a9a8,resid_build_sale_price,17,62,54.63664627075195,0.07426095008850098,4000.0,45.65915298461914,5,1
StandardGP,5a08f25f-ada6-11ef-9d4c-e4a8dfc2a9a8,resid_build_sale_price,17,63,54.63664627075195,0.07028341293334961,3816.0,45.65915298461914,5,1
StandardGP,5a08f25f-ada6-11ef-9d4c-e4a8dfc2a9a8,resid_build_sale_price,17,64,54.63664627075195,0.07066798210144043,3722.0,45.65915298461914,5,1
StandardGP,5a08f25f-ada6-11ef-9d4c-e4a8dfc2a9a8,resid_build_sale_price,17,65,54.63664627075195,0.07539582252502441,3732.0,45.65915298461914,5,1
StandardGP,5a08f25f-ada6-11ef-9d4c-e4a8dfc2a9a8,resid_build_sale_price,17,66,54.63664627075195,0.07197880744934082,3730.0,45.65915298461914,5,1
StandardGP,5a08f25f-ada6-11ef-9d4c-e4a8dfc2a9a8,resid_build_sale_price,17,67,54.63664627075195,0.07047104835510254,3796.0,45.65915298461914,5,1
StandardGP,5a08f25f-ada6-11ef-9d4c-e4a8dfc2a9a8,resid_build_sale_price,17,68,54.63664627075195,0.0679788589477539,3814.0,45.65915298461914,5,1
StandardGP,5a08f25f-ada6-11ef-9d4c-e4a8dfc2a9a8,resid_build_sale_price,17,69,54.63664627075195,0.07177042961120605,3984.0,45.65915298461914,5,1
StandardGP,5a08f25f-ada6-11ef-9d4c-e4a8dfc2a9a8,resid_build_sale_price,17,70,53.143489837646484,0.0804743766784668,4208.0,44.046016693115234,3,1
StandardGP,5a08f25f-ada6-11ef-9d4c-e4a8dfc2a9a8,resid_build_sale_price,17,71,53.143489837646484,0.07368731498718262,4256.0,44.046016693115234,3,1
StandardGP,5a08f25f-ada6-11ef-9d4c-e4a8dfc2a9a8,resid_build_sale_price,17,72,53.143489837646484,0.08002376556396484,4662.0,44.046016693115234,3,1
StandardGP,5a08f25f-ada6-11ef-9d4c-e4a8dfc2a9a8,resid_build_sale_price,17,73,53.143489837646484,0.08558082580566406,4934.0,44.046016693115234,3,1
StandardGP,5a08f25f-ada6-11ef-9d4c-e4a8dfc2a9a8,resid_build_sale_price,17,74,53.143489837646484,0.08793282508850098,5152.0,44.046016693115234,3,1
StandardGP,5a08f25f-ada6-11ef-9d4c-e4a8dfc2a9a8,resid_build_sale_price,17,75,53.143489837646484,0.08726668357849121,4980.0,44.046016693115234,3,1
StandardGP,5a08f25f-ada6-11ef-9d4c-e4a8dfc2a9a8,resid_build_sale_price,17,76,53.143489837646484,0.08452010154724121,5156.0,44.046016693115234,3,1
StandardGP,5a08f25f-ada6-11ef-9d4c-e4a8dfc2a9a8,resid_build_sale_price,17,77,53.143489837646484,0.08466482162475586,5140.0,44.046016693115234,3,1
StandardGP,5a08f25f-ada6-11ef-9d4c-e4a8dfc2a9a8,resid_build_sale_price,17,78,53.143489837646484,0.06894183158874512,4074.0,44.046016693115234,3,1
StandardGP,5a08f25f-ada6-11ef-9d4c-e4a8dfc2a9a8,resid_build_sale_price,17,79,53.143489837646484,0.0800483226776123,4442.0,44.046016693115234,3,1
StandardGP,5a08f25f-ada6-11ef-9d4c-e4a8dfc2a9a8,resid_build_sale_price,17,80,53.143489837646484,0.07535839080810547,4422.0,44.046016693115234,3,1
StandardGP,5a08f25f-ada6-11ef-9d4c-e4a8dfc2a9a8,resid_build_sale_price,17,81,53.143489837646484,0.07903385162353516,4496.0,44.046016693115234,3,1
StandardGP,5a08f25f-ada6-11ef-9d4c-e4a8dfc2a9a8,resid_build_sale_price,17,82,53.143489837646484,0.06851935386657715,3726.0,44.046016693115234,3,1
StandardGP,5a08f25f-ada6-11ef-9d4c-e4a8dfc2a9a8,resid_build_sale_price,17,83,53.143489837646484,0.06859612464904785,3668.0,44.046016693115234,3,1
StandardGP,5a08f25f-ada6-11ef-9d4c-e4a8dfc2a9a8,resid_build_sale_price,17,84,53.143489837646484,0.07326936721801758,3908.0,44.046016693115234,3,1
StandardGP,5a08f25f-ada6-11ef-9d4c-e4a8dfc2a9a8,resid_build_sale_price,17,85,53.143489837646484,0.06953263282775879,3846.0,44.046016693115234,3,1
StandardGP,5a08f25f-ada6-11ef-9d4c-e4a8dfc2a9a8,resid_build_sale_price,17,86,53.143489837646484,0.0729837417602539,4224.0,44.046016693115234,3,1
StandardGP,5a08f25f-ada6-11ef-9d4c-e4a8dfc2a9a8,resid_build_sale_price,17,87,53.143489837646484,0.07915520668029785,4586.0,44.046016693115234,3,1
StandardGP,5a08f25f-ada6-11ef-9d4c-e4a8dfc2a9a8,resid_build_sale_price,17,88,53.143489837646484,0.07806658744812012,4256.0,44.046016693115234,3,1
StandardGP,5a08f25f-ada6-11ef-9d4c-e4a8dfc2a9a8,resid_build_sale_price,17,89,53.143489837646484,0.07989287376403809,4244.0,44.046016693115234,3,1
StandardGP,5a08f25f-ada6-11ef-9d4c-e4a8dfc2a9a8,resid_build_sale_price,17,90,53.143489837646484,0.07330846786499023,4128.0,44.046016693115234,3,1
StandardGP,5a08f25f-ada6-11ef-9d4c-e4a8dfc2a9a8,resid_build_sale_price,17,91,53.143489837646484,0.07106709480285645,4034.0,44.046016693115234,3,1
StandardGP,5a08f25f-ada6-11ef-9d4c-e4a8dfc2a9a8,resid_build_sale_price,17,92,53.143489837646484,0.07768750190734863,4358.0,44.046016693115234,3,1
StandardGP,5a08f25f-ada6-11ef-9d4c-e4a8dfc2a9a8,resid_build_sale_price,17,93,53.143489837646484,0.08541655540466309,4982.0,44.046016693115234,3,1
StandardGP,5a08f25f-ada6-11ef-9d4c-e4a8dfc2a9a8,resid_build_sale_price,17,94,53.143489837646484,0.10058283805847168,5598.0,44.046016693115234,3,1
StandardGP,5a08f25f-ada6-11ef-9d4c-e4a8dfc2a9a8,resid_build_sale_price,17,95,53.143489837646484,0.11412811279296875,6372.0,44.046016693115234,3,1
StandardGP,5a08f25f-ada6-11ef-9d4c-e4a8dfc2a9a8,resid_build_sale_price,17,96,53.143489837646484,0.14397454261779785,7316.0,44.046016693115234,3,1
StandardGP,5a08f25f-ada6-11ef-9d4c-e4a8dfc2a9a8,resid_build_sale_price,17,97,53.143489837646484,0.14325928688049316,7582.0,44.046016693115234,3,1
StandardGP,5a08f25f-ada6-11ef-9d4c-e4a8dfc2a9a8,resid_build_sale_price,17,98,53.143489837646484,0.13199591636657715,7312.0,44.046016693115234,3,1
StandardGP,5a08f25f-ada6-11ef-9d4c-e4a8dfc2a9a8,resid_build_sale_price,17,99,53.143489837646484,0.14426183700561523,8348.0,44.046016693115234,3,1
StandardGP,5a08f25f-ada6-11ef-9d4c-e4a8dfc2a9a8,resid_build_sale_price,17,100,53.143489837646484,0.15656232833862305,8900.0,44.046016693115234,3,1
