StandardGP,f5ffda31-ada3-11ef-bc23-e4a8dfc2a9a8,resid_build_sale_price,29,0,0.13515391945838928,0.06540703773498535,1352.0,0.1308910995721817,3,1
StandardGP,f5ffda31-ada3-11ef-bc23-e4a8dfc2a9a8,resid_build_sale_price,29,1,0.13515391945838928,0.029552698135375977,858.0,0.1308910995721817,3,1
StandardGP,f5ffda31-ada3-11ef-bc23-e4a8dfc2a9a8,resid_build_sale_price,29,2,0.10097408294677734,0.027205944061279297,712.0,0.1405116766691208,5,1
StandardGP,f5ffda31-ada3-11ef-bc23-e4a8dfc2a9a8,resid_build_sale_price,29,3,0.10097408294677734,0.023184537887573242,588.0,0.1405116766691208,5,1
StandardGP,f5ffda31-ada3-11ef-bc23-e4a8dfc2a9a8,resid_build_sale_price,29,4,0.10097408294677734,0.020265817642211914,506.0,0.1405116766691208,5,1
StandardGP,f5ffda31-ada3-11ef-bc23-e4a8dfc2a9a8,resid_build_sale_price,29,5,0.10097408294677734,0.022451162338256836,534.0,0.1405116766691208,5,1
StandardGP,f5ffda31-ada3-11ef-bc23-e4a8dfc2a9a8,resid_build_sale_price,29,6,0.10097408294677734,0.020602941513061523,622.0,0.1405116766691208,5,1
StandardGP,f5ffda31-ada3-11ef-bc23-e4a8dfc2a9a8,resid_build_sale_price,29,7,0.08525212854146957,0.022035598754882812,648.0,0.06748438626527786,7,1
StandardGP,f5ffda31-ada3-11ef-bc23-e4a8dfc2a9a8,resid_build_sale_price,29,8,0.07792818546295166,0.02103567123413086,632.0,0.07888531684875488,7,1
StandardGP,f5ffda31-ada3-11ef-bc23-e4a8dfc2a9a8,resid_build_sale_price,29,9,0.07792818546295166,0.021514177322387695,672.0,0.07888531684875488,7,1
StandardGP,f5ffda31-ada3-11ef-bc23-e4a8dfc2a9a8,resid_build_sale_price,29,10,0.052286919206380844,0.023043394088745117,748.0,0.050518132746219635,3,1
StandardGP,f5ffda31-ada3-11ef-bc23-e4a8dfc2a9a8,resid_build_sale_price,29,11,0.052286919206380844,0.02578425407409668,742.0,0.050518132746219635,3,1
StandardGP,f5ffda31-ada3-11ef-bc23-e4a8dfc2a9a8,resid_build_sale_price,29,12,0.052286919206380844,0.03134918212890625,892.0,0.050518132746219635,3,1
StandardGP,f5ffda31-ada3-11ef-bc23-e4a8dfc2a9a8,resid_build_sale_price,29,13,0.052286919206380844,0.027777433395385742,984.0,0.050518132746219635,3,1
StandardGP,f5ffda31-ada3-11ef-bc23-e4a8dfc2a9a8,resid_build_sale_price,29,14,0.052286919206380844,0.0375828742980957,958.0,0.050518132746219635,3,1
StandardGP,f5ffda31-ada3-11ef-bc23-e4a8dfc2a9a8,resid_build_sale_price,29,15,0.052286919206380844,0.03564620018005371,1070.0,0.050518132746219635,3,1
StandardGP,f5ffda31-ada3-11ef-bc23-e4a8dfc2a9a8,resid_build_sale_price,29,16,0.052286919206380844,0.04004073143005371,938.0,0.050518132746219635,3,1
StandardGP,f5ffda31-ada3-11ef-bc23-e4a8dfc2a9a8,resid_build_sale_price,29,17,0.052286919206380844,0.05059504508972168,1000.0,0.050518132746219635,3,1
StandardGP,f5ffda31-ada3-11ef-bc23-e4a8dfc2a9a8,resid_build_sale_price,29,18,0.052286919206380844,0.05057811737060547,986.0,0.050518132746219635,3,1
StandardGP,f5ffda31-ada3-11ef-bc23-e4a8dfc2a9a8,resid_build_sale_price,29,19,0.052286919206380844,0.05162405967712402,1130.0,0.050518132746219635,3,1
StandardGP,f5ffda31-ada3-11ef-bc23-e4a8dfc2a9a8,resid_build_sale_price,29,20,0.052286919206380844,0.04033470153808594,1422.0,0.050518132746219635,3,1
StandardGP,f5ffda31-ada3-11ef-bc23-e4a8dfc2a9a8,resid_build_sale_price,29,21,0.052286919206380844,0.043763160705566406,1420.0,0.050518132746219635,3,1
StandardGP,f5ffda31-ada3-11ef-bc23-e4a8dfc2a9a8,resid_build_sale_price,29,22,0.052286919206380844,0.04073047637939453,1724.0,0.050518132746219635,3,1
StandardGP,f5ffda31-ada3-11ef-bc23-e4a8dfc2a9a8,resid_build_sale_price,29,23,0.052286919206380844,0.039133310317993164,1718.0,0.050518132746219635,3,1
StandardGP,f5ffda31-ada3-11ef-bc23-e4a8dfc2a9a8,resid_build_sale_price,29,24,0.052286919206380844,0.057607412338256836,1840.0,0.050518132746219635,3,1
StandardGP,f5ffda31-ada3-11ef-bc23-e4a8dfc2a9a8,resid_build_sale_price,29,25,0.052286919206380844,0.06624507904052734,2194.0,0.050518132746219635,3,1
StandardGP,f5ffda31-ada3-11ef-bc23-e4a8dfc2a9a8,resid_build_sale_price,29,26,0.052286919206380844,0.06775546073913574,2324.0,0.050518132746219635,3,1
StandardGP,f5ffda31-ada3-11ef-bc23-e4a8dfc2a9a8,resid_build_sale_price,29,27,0.052286919206380844,0.06091642379760742,1914.0,0.050518132746219635,3,1
StandardGP,f5ffda31-ada3-11ef-bc23-e4a8dfc2a9a8,resid_build_sale_price,29,28,0.052286919206380844,0.05876803398132324,2226.0,0.050518132746219635,3,1
StandardGP,f5ffda31-ada3-11ef-bc23-e4a8dfc2a9a8,resid_build_sale_price,29,29,0.052286919206380844,0.060674428939819336,1988.0,0.050518132746219635,3,1
StandardGP,f5ffda31-ada3-11ef-bc23-e4a8dfc2a9a8,resid_build_sale_price,29,30,0.052286919206380844,0.05088067054748535,1980.0,0.050518132746219635,3,1
StandardGP,f5ffda31-ada3-11ef-bc23-e4a8dfc2a9a8,resid_build_sale_price,29,31,0.052286919206380844,0.05615425109863281,1984.0,0.050518132746219635,3,1
StandardGP,f5ffda31-ada3-11ef-bc23-e4a8dfc2a9a8,resid_build_sale_price,29,32,0.052286919206380844,0.05692028999328613,1932.0,0.050518132746219635,3,1
StandardGP,f5ffda31-ada3-11ef-bc23-e4a8dfc2a9a8,resid_build_sale_price,29,33,0.052286919206380844,0.05759549140930176,2286.0,0.050518132746219635,3,1
StandardGP,f5ffda31-ada3-11ef-bc23-e4a8dfc2a9a8,resid_build_sale_price,29,34,0.052286919206380844,0.0740513801574707,2834.0,0.050518132746219635,3,1
StandardGP,f5ffda31-ada3-11ef-bc23-e4a8dfc2a9a8,resid_build_sale_price,29,35,0.052286919206380844,0.08817577362060547,2738.0,0.050518132746219635,3,1
StandardGP,f5ffda31-ada3-11ef-bc23-e4a8dfc2a9a8,resid_build_sale_price,29,36,0.052286919206380844,0.07481694221496582,2720.0,0.050518132746219635,3,1
StandardGP,f5ffda31-ada3-11ef-bc23-e4a8dfc2a9a8,resid_build_sale_price,29,37,0.052286919206380844,0.05889439582824707,2670.0,0.050518132746219635,3,1
StandardGP,f5ffda31-ada3-11ef-bc23-e4a8dfc2a9a8,resid_build_sale_price,29,38,0.052286919206380844,0.058667898178100586,2776.0,0.050518132746219635,3,1
StandardGP,f5ffda31-ada3-11ef-bc23-e4a8dfc2a9a8,resid_build_sale_price,29,39,0.052286919206380844,0.07433199882507324,3588.0,0.050518132746219635,3,1
StandardGP,f5ffda31-ada3-11ef-bc23-e4a8dfc2a9a8,resid_build_sale_price,29,40,0.052286919206380844,0.1083989143371582,4728.0,0.050518132746219635,3,1
StandardGP,f5ffda31-ada3-11ef-bc23-e4a8dfc2a9a8,resid_build_sale_price,29,41,0.052286919206380844,0.09002208709716797,4042.0,0.050518132746219635,3,1
StandardGP,f5ffda31-ada3-11ef-bc23-e4a8dfc2a9a8,resid_build_sale_price,29,42,0.052286919206380844,0.10393095016479492,4368.0,0.050518132746219635,3,1
StandardGP,f5ffda31-ada3-11ef-bc23-e4a8dfc2a9a8,resid_build_sale_price,29,43,0.052286919206380844,0.10420894622802734,4326.0,0.050518132746219635,3,1
StandardGP,f5ffda31-ada3-11ef-bc23-e4a8dfc2a9a8,resid_build_sale_price,29,44,0.052286919206380844,0.12919378280639648,5298.0,0.050518132746219635,3,1
StandardGP,f5ffda31-ada3-11ef-bc23-e4a8dfc2a9a8,resid_build_sale_price,29,45,0.052286919206380844,0.13712668418884277,5066.0,0.050518132746219635,3,1
StandardGP,f5ffda31-ada3-11ef-bc23-e4a8dfc2a9a8,resid_build_sale_price,29,46,0.052286919206380844,0.11996006965637207,5168.0,0.050518132746219635,3,1
StandardGP,f5ffda31-ada3-11ef-bc23-e4a8dfc2a9a8,resid_build_sale_price,29,47,0.052286919206380844,0.17201948165893555,7620.0,0.050518132746219635,3,1
StandardGP,f5ffda31-ada3-11ef-bc23-e4a8dfc2a9a8,resid_build_sale_price,29,48,0.052286919206380844,0.2014918327331543,7892.0,0.050518132746219635,3,1
StandardGP,f5ffda31-ada3-11ef-bc23-e4a8dfc2a9a8,resid_build_sale_price,29,49,0.052286919206380844,0.24732542037963867,9200.0,0.050518132746219635,3,1
StandardGP,f5ffda31-ada3-11ef-bc23-e4a8dfc2a9a8,resid_build_sale_price,29,50,0.052286919206380844,0.2000732421875,7960.0,0.050518132746219635,3,1
StandardGP,f5ffda31-ada3-11ef-bc23-e4a8dfc2a9a8,resid_build_sale_price,29,51,0.052286919206380844,0.3781101703643799,12582.0,0.050518132746219635,3,1
StandardGP,f5ffda31-ada3-11ef-bc23-e4a8dfc2a9a8,resid_build_sale_price,29,52,0.052286919206380844,0.2793159484863281,11324.0,0.050518132746219635,3,1
StandardGP,f5ffda31-ada3-11ef-bc23-e4a8dfc2a9a8,resid_build_sale_price,29,53,0.052286919206380844,0.2765827178955078,14076.0,0.050518132746219635,3,1
StandardGP,f5ffda31-ada3-11ef-bc23-e4a8dfc2a9a8,resid_build_sale_price,29,54,0.052286919206380844,0.2989480495452881,13436.0,0.050518132746219635,3,1
StandardGP,f5ffda31-ada3-11ef-bc23-e4a8dfc2a9a8,resid_build_sale_price,29,55,0.052286919206380844,0.3219633102416992,13122.0,0.050518132746219635,3,1
StandardGP,f5ffda31-ada3-11ef-bc23-e4a8dfc2a9a8,resid_build_sale_price,29,56,0.052286919206380844,0.35025978088378906,14478.0,0.050518132746219635,3,1
StandardGP,f5ffda31-ada3-11ef-bc23-e4a8dfc2a9a8,resid_build_sale_price,29,57,0.052286919206380844,0.3082714080810547,13382.0,0.050518132746219635,3,1
StandardGP,f5ffda31-ada3-11ef-bc23-e4a8dfc2a9a8,resid_build_sale_price,29,58,0.052286919206380844,0.3647644519805908,13786.0,0.050518132746219635,3,1
StandardGP,f5ffda31-ada3-11ef-bc23-e4a8dfc2a9a8,resid_build_sale_price,29,59,0.052286919206380844,0.3259291648864746,14202.0,0.050518132746219635,3,1
StandardGP,f5ffda31-ada3-11ef-bc23-e4a8dfc2a9a8,resid_build_sale_price,29,60,0.052286919206380844,0.32187867164611816,14546.0,0.050518132746219635,3,1
StandardGP,f5ffda31-ada3-11ef-bc23-e4a8dfc2a9a8,resid_build_sale_price,29,61,0.052286919206380844,0.41423821449279785,16124.0,0.050518132746219635,3,1
StandardGP,f5ffda31-ada3-11ef-bc23-e4a8dfc2a9a8,resid_build_sale_price,29,62,0.052286919206380844,0.441774845123291,17908.0,0.050518132746219635,3,1
StandardGP,f5ffda31-ada3-11ef-bc23-e4a8dfc2a9a8,resid_build_sale_price,29,63,0.052286919206380844,0.4822835922241211,20172.0,0.050518132746219635,3,1
StandardGP,f5ffda31-ada3-11ef-bc23-e4a8dfc2a9a8,resid_build_sale_price,29,64,0.052286919206380844,0.41249632835388184,17400.0,0.050518132746219635,3,1
StandardGP,f5ffda31-ada3-11ef-bc23-e4a8dfc2a9a8,resid_build_sale_price,29,65,0.052286919206380844,0.4193902015686035,15714.0,0.050518132746219635,3,1
StandardGP,f5ffda31-ada3-11ef-bc23-e4a8dfc2a9a8,resid_build_sale_price,29,66,0.052286919206380844,0.4386157989501953,17122.0,0.050518132746219635,3,1
StandardGP,f5ffda31-ada3-11ef-bc23-e4a8dfc2a9a8,resid_build_sale_price,29,67,0.052286919206380844,0.3500032424926758,14744.0,0.050518132746219635,3,1
StandardGP,f5ffda31-ada3-11ef-bc23-e4a8dfc2a9a8,resid_build_sale_price,29,68,0.052286919206380844,0.25436830520629883,11026.0,0.050518132746219635,3,1
StandardGP,f5ffda31-ada3-11ef-bc23-e4a8dfc2a9a8,resid_build_sale_price,29,69,0.052286919206380844,0.22230935096740723,10760.0,0.050518132746219635,3,1
StandardGP,f5ffda31-ada3-11ef-bc23-e4a8dfc2a9a8,resid_build_sale_price,29,70,0.052286919206380844,0.245070219039917,11990.0,0.050518132746219635,3,1
StandardGP,f5ffda31-ada3-11ef-bc23-e4a8dfc2a9a8,resid_build_sale_price,29,71,0.052286919206380844,0.28237438201904297,12350.0,0.050518132746219635,3,1
StandardGP,f5ffda31-ada3-11ef-bc23-e4a8dfc2a9a8,resid_build_sale_price,29,72,0.052286919206380844,0.26628565788269043,12370.0,0.050518132746219635,3,1
StandardGP,f5ffda31-ada3-11ef-bc23-e4a8dfc2a9a8,resid_build_sale_price,29,73,0.052286919206380844,0.2524392604827881,11432.0,0.050518132746219635,3,1
StandardGP,f5ffda31-ada3-11ef-bc23-e4a8dfc2a9a8,resid_build_sale_price,29,74,0.052286919206380844,0.350600004196167,11608.0,0.050518132746219635,3,1
StandardGP,f5ffda31-ada3-11ef-bc23-e4a8dfc2a9a8,resid_build_sale_price,29,75,0.052286919206380844,0.30870556831359863,14664.0,0.050518132746219635,3,1
StandardGP,f5ffda31-ada3-11ef-bc23-e4a8dfc2a9a8,resid_build_sale_price,29,76,0.052286919206380844,0.2908797264099121,13746.0,0.050518132746219635,3,1
StandardGP,f5ffda31-ada3-11ef-bc23-e4a8dfc2a9a8,resid_build_sale_price,29,77,0.052286919206380844,0.3075900077819824,14016.0,0.050518132746219635,3,1
StandardGP,f5ffda31-ada3-11ef-bc23-e4a8dfc2a9a8,resid_build_sale_price,29,78,0.052286919206380844,0.36683154106140137,17324.0,0.050518132746219635,3,1
StandardGP,f5ffda31-ada3-11ef-bc23-e4a8dfc2a9a8,resid_build_sale_price,29,79,0.052286919206380844,0.3777656555175781,18206.0,0.050518132746219635,3,1
StandardGP,f5ffda31-ada3-11ef-bc23-e4a8dfc2a9a8,resid_build_sale_price,29,80,0.052286919206380844,0.46962904930114746,21466.0,0.050518132746219635,3,1
StandardGP,f5ffda31-ada3-11ef-bc23-e4a8dfc2a9a8,resid_build_sale_price,29,81,0.052286919206380844,0.4442300796508789,21198.0,0.050518132746219635,3,1
StandardGP,f5ffda31-ada3-11ef-bc23-e4a8dfc2a9a8,resid_build_sale_price,29,82,0.052286919206380844,0.4425656795501709,20922.0,0.050518132746219635,3,1
StandardGP,f5ffda31-ada3-11ef-bc23-e4a8dfc2a9a8,resid_build_sale_price,29,83,0.052286919206380844,0.42764711380004883,20320.0,0.050518132746219635,3,1
StandardGP,f5ffda31-ada3-11ef-bc23-e4a8dfc2a9a8,resid_build_sale_price,29,84,0.052286919206380844,0.44692087173461914,21486.0,0.050518132746219635,3,1
StandardGP,f5ffda31-ada3-11ef-bc23-e4a8dfc2a9a8,resid_build_sale_price,29,85,0.052286919206380844,0.5412595272064209,25482.0,0.050518132746219635,3,1
StandardGP,f5ffda31-ada3-11ef-bc23-e4a8dfc2a9a8,resid_build_sale_price,29,86,0.052286919206380844,0.4297599792480469,20686.0,0.050518132746219635,3,1
StandardGP,f5ffda31-ada3-11ef-bc23-e4a8dfc2a9a8,resid_build_sale_price,29,87,0.052286919206380844,0.382859468460083,18498.0,0.050518132746219635,3,1
StandardGP,f5ffda31-ada3-11ef-bc23-e4a8dfc2a9a8,resid_build_sale_price,29,88,0.052286919206380844,0.4426565170288086,21128.0,0.050518132746219635,3,1
StandardGP,f5ffda31-ada3-11ef-bc23-e4a8dfc2a9a8,resid_build_sale_price,29,89,0.052286919206380844,0.6056041717529297,23658.0,0.050518132746219635,3,1
StandardGP,f5ffda31-ada3-11ef-bc23-e4a8dfc2a9a8,resid_build_sale_price,29,90,0.052286919206380844,0.4438140392303467,20468.0,0.050518132746219635,3,1
StandardGP,f5ffda31-ada3-11ef-bc23-e4a8dfc2a9a8,resid_build_sale_price,29,91,0.05130152404308319,0.42503809928894043,19366.0,0.03979651629924774,109,1
StandardGP,f5ffda31-ada3-11ef-bc23-e4a8dfc2a9a8,resid_build_sale_price,29,92,0.05130152404308319,0.44840002059936523,21178.0,0.03979651629924774,109,1
StandardGP,f5ffda31-ada3-11ef-bc23-e4a8dfc2a9a8,resid_build_sale_price,29,93,0.05130152404308319,0.42484593391418457,19726.0,0.03979651629924774,109,1
StandardGP,f5ffda31-ada3-11ef-bc23-e4a8dfc2a9a8,resid_build_sale_price,29,94,0.05130152404308319,0.4077472686767578,19516.0,0.03979651629924774,109,1
StandardGP,f5ffda31-ada3-11ef-bc23-e4a8dfc2a9a8,resid_build_sale_price,29,95,0.05130152404308319,0.3039896488189697,14896.0,0.03979651629924774,109,1
StandardGP,f5ffda31-ada3-11ef-bc23-e4a8dfc2a9a8,resid_build_sale_price,29,96,0.05130152404308319,0.2872474193572998,13620.0,0.03979651629924774,109,1
StandardGP,f5ffda31-ada3-11ef-bc23-e4a8dfc2a9a8,resid_build_sale_price,29,97,0.05130152404308319,0.3064613342285156,14030.0,0.03979651629924774,109,1
StandardGP,f5ffda31-ada3-11ef-bc23-e4a8dfc2a9a8,resid_build_sale_price,29,98,0.05130152404308319,0.23328018188476562,11016.0,0.03979651629924774,109,1
StandardGP,f5ffda31-ada3-11ef-bc23-e4a8dfc2a9a8,resid_build_sale_price,29,99,0.05130152404308319,0.2574169635772705,11136.0,0.03979651629924774,109,1
StandardGP,f5ffda31-ada3-11ef-bc23-e4a8dfc2a9a8,resid_build_sale_price,29,100,0.05130152404308319,0.160538911819458,7314.0,0.03979651629924774,109,1
StandardGP,ebe91dc2-ada4-11ef-b59f-e4a8dfc2a9a8,resid_build_sale_price,29,0,129.70700073242188,0.057001590728759766,1352.0,100.75129699707031,3,1
StandardGP,ebe91dc2-ada4-11ef-b59f-e4a8dfc2a9a8,resid_build_sale_price,29,1,118.00067901611328,0.026512622833251953,1070.0,106.14385223388672,7,1
StandardGP,ebe91dc2-ada4-11ef-b59f-e4a8dfc2a9a8,resid_build_sale_price,29,2,118.00067901611328,0.03299283981323242,1214.0,106.14385223388672,7,1
StandardGP,ebe91dc2-ada4-11ef-b59f-e4a8dfc2a9a8,resid_build_sale_price,29,3,118.00067901611328,0.030003786087036133,1062.0,106.14385223388672,7,1
StandardGP,ebe91dc2-ada4-11ef-b59f-e4a8dfc2a9a8,resid_build_sale_price,29,4,118.00067901611328,0.03252243995666504,1230.0,106.14385223388672,7,1
StandardGP,ebe91dc2-ada4-11ef-b59f-e4a8dfc2a9a8,resid_build_sale_price,29,5,113.37542724609375,0.028998136520385742,1094.0,91.07071685791016,5,1
StandardGP,ebe91dc2-ada4-11ef-b59f-e4a8dfc2a9a8,resid_build_sale_price,29,6,113.37542724609375,0.024997949600219727,994.0,91.07071685791016,5,1
StandardGP,ebe91dc2-ada4-11ef-b59f-e4a8dfc2a9a8,resid_build_sale_price,29,7,113.37542724609375,0.025115013122558594,878.0,91.07071685791016,5,1
StandardGP,ebe91dc2-ada4-11ef-b59f-e4a8dfc2a9a8,resid_build_sale_price,29,8,58.06287384033203,0.023996353149414062,976.0,49.683231353759766,7,1
StandardGP,ebe91dc2-ada4-11ef-b59f-e4a8dfc2a9a8,resid_build_sale_price,29,9,57.20450973510742,0.02298569679260254,942.0,47.42684555053711,7,1
StandardGP,ebe91dc2-ada4-11ef-b59f-e4a8dfc2a9a8,resid_build_sale_price,29,10,57.20450973510742,0.025003671646118164,1060.0,47.42684555053711,7,1
StandardGP,ebe91dc2-ada4-11ef-b59f-e4a8dfc2a9a8,resid_build_sale_price,29,11,57.20450973510742,0.02618241310119629,1054.0,47.42684555053711,7,1
StandardGP,ebe91dc2-ada4-11ef-b59f-e4a8dfc2a9a8,resid_build_sale_price,29,12,57.20450973510742,0.026990175247192383,1158.0,47.42684555053711,7,1
StandardGP,ebe91dc2-ada4-11ef-b59f-e4a8dfc2a9a8,resid_build_sale_price,29,13,57.20450973510742,0.028010129928588867,1246.0,47.42684555053711,7,1
StandardGP,ebe91dc2-ada4-11ef-b59f-e4a8dfc2a9a8,resid_build_sale_price,29,14,57.20450973510742,0.02804732322692871,1296.0,47.42684555053711,7,1
StandardGP,ebe91dc2-ada4-11ef-b59f-e4a8dfc2a9a8,resid_build_sale_price,29,15,57.20450973510742,0.033532142639160156,1470.0,47.42684555053711,7,1
StandardGP,ebe91dc2-ada4-11ef-b59f-e4a8dfc2a9a8,resid_build_sale_price,29,16,57.20450973510742,0.032000064849853516,1454.0,47.42684555053711,7,1
StandardGP,ebe91dc2-ada4-11ef-b59f-e4a8dfc2a9a8,resid_build_sale_price,29,17,52.67984390258789,0.03403115272521973,1522.0,45.62509536743164,15,1
StandardGP,ebe91dc2-ada4-11ef-b59f-e4a8dfc2a9a8,resid_build_sale_price,29,18,52.67984390258789,0.037550926208496094,1664.0,45.62509536743164,15,1
StandardGP,ebe91dc2-ada4-11ef-b59f-e4a8dfc2a9a8,resid_build_sale_price,29,19,52.67984390258789,0.04400491714477539,2100.0,45.62509536743164,15,1
StandardGP,ebe91dc2-ada4-11ef-b59f-e4a8dfc2a9a8,resid_build_sale_price,29,20,52.67984390258789,0.049782514572143555,2206.0,45.62509536743164,15,1
StandardGP,ebe91dc2-ada4-11ef-b59f-e4a8dfc2a9a8,resid_build_sale_price,29,21,52.67984390258789,0.04999113082885742,2402.0,45.62509536743164,15,1
StandardGP,ebe91dc2-ada4-11ef-b59f-e4a8dfc2a9a8,resid_build_sale_price,29,22,52.565948486328125,0.048509836196899414,2292.0,45.143150329589844,11,1
StandardGP,ebe91dc2-ada4-11ef-b59f-e4a8dfc2a9a8,resid_build_sale_price,29,23,52.565948486328125,0.04499459266662598,2284.0,45.143150329589844,11,1
StandardGP,ebe91dc2-ada4-11ef-b59f-e4a8dfc2a9a8,resid_build_sale_price,29,24,52.565948486328125,0.04352426528930664,2234.0,45.143150329589844,11,1
StandardGP,ebe91dc2-ada4-11ef-b59f-e4a8dfc2a9a8,resid_build_sale_price,29,25,52.565948486328125,0.047002315521240234,2398.0,45.143150329589844,11,1
StandardGP,ebe91dc2-ada4-11ef-b59f-e4a8dfc2a9a8,resid_build_sale_price,29,26,52.565948486328125,0.0485687255859375,2414.0,45.143150329589844,11,1
StandardGP,ebe91dc2-ada4-11ef-b59f-e4a8dfc2a9a8,resid_build_sale_price,29,27,52.565948486328125,0.052996158599853516,2804.0,45.143150329589844,11,1
StandardGP,ebe91dc2-ada4-11ef-b59f-e4a8dfc2a9a8,resid_build_sale_price,29,28,52.565948486328125,0.06053781509399414,3048.0,45.143150329589844,11,1
StandardGP,ebe91dc2-ada4-11ef-b59f-e4a8dfc2a9a8,resid_build_sale_price,29,29,52.565948486328125,0.059606313705444336,3178.0,45.143150329589844,11,1
StandardGP,ebe91dc2-ada4-11ef-b59f-e4a8dfc2a9a8,resid_build_sale_price,29,30,52.565948486328125,0.06351041793823242,3320.0,45.143150329589844,11,1
StandardGP,ebe91dc2-ada4-11ef-b59f-e4a8dfc2a9a8,resid_build_sale_price,29,31,50.60670852661133,0.059533119201660156,3110.0,46.7465705871582,17,1
StandardGP,ebe91dc2-ada4-11ef-b59f-e4a8dfc2a9a8,resid_build_sale_price,29,32,50.60670852661133,0.06203579902648926,3130.0,46.7465705871582,17,1
StandardGP,ebe91dc2-ada4-11ef-b59f-e4a8dfc2a9a8,resid_build_sale_price,29,33,50.60670852661133,0.06451678276062012,3356.0,46.7465705871582,17,1
StandardGP,ebe91dc2-ada4-11ef-b59f-e4a8dfc2a9a8,resid_build_sale_price,29,34,50.60670852661133,0.06152749061584473,3152.0,46.7465705871582,17,1
StandardGP,ebe91dc2-ada4-11ef-b59f-e4a8dfc2a9a8,resid_build_sale_price,29,35,50.60670852661133,0.06099534034729004,3064.0,46.7465705871582,17,1
StandardGP,ebe91dc2-ada4-11ef-b59f-e4a8dfc2a9a8,resid_build_sale_price,29,36,50.60670852661133,0.061517953872680664,2944.0,46.7465705871582,17,1
StandardGP,ebe91dc2-ada4-11ef-b59f-e4a8dfc2a9a8,resid_build_sale_price,29,37,50.60670852661133,0.058380842208862305,2742.0,46.7465705871582,17,1
StandardGP,ebe91dc2-ada4-11ef-b59f-e4a8dfc2a9a8,resid_build_sale_price,29,38,50.60670852661133,0.055010318756103516,2672.0,46.7465705871582,17,1
StandardGP,ebe91dc2-ada4-11ef-b59f-e4a8dfc2a9a8,resid_build_sale_price,29,39,50.60670852661133,0.05767083168029785,2908.0,46.7465705871582,17,1
StandardGP,ebe91dc2-ada4-11ef-b59f-e4a8dfc2a9a8,resid_build_sale_price,29,40,50.60670852661133,0.0579984188079834,2800.0,46.7465705871582,17,1
StandardGP,ebe91dc2-ada4-11ef-b59f-e4a8dfc2a9a8,resid_build_sale_price,29,41,50.60670852661133,0.05654716491699219,2726.0,46.7465705871582,17,1
StandardGP,ebe91dc2-ada4-11ef-b59f-e4a8dfc2a9a8,resid_build_sale_price,29,42,50.60670852661133,0.06102323532104492,2780.0,46.7465705871582,17,1
StandardGP,ebe91dc2-ada4-11ef-b59f-e4a8dfc2a9a8,resid_build_sale_price,29,43,50.60670852661133,0.06655287742614746,3028.0,46.7465705871582,17,1
StandardGP,ebe91dc2-ada4-11ef-b59f-e4a8dfc2a9a8,resid_build_sale_price,29,44,50.60670852661133,0.062168121337890625,2986.0,46.7465705871582,17,1
StandardGP,ebe91dc2-ada4-11ef-b59f-e4a8dfc2a9a8,resid_build_sale_price,29,45,48.12797927856445,0.05901479721069336,2832.0,44.09627914428711,25,1
StandardGP,ebe91dc2-ada4-11ef-b59f-e4a8dfc2a9a8,resid_build_sale_price,29,46,48.12797927856445,0.06351113319396973,2996.0,44.09627914428711,25,1
StandardGP,ebe91dc2-ada4-11ef-b59f-e4a8dfc2a9a8,resid_build_sale_price,29,47,48.12797927856445,0.06455874443054199,2950.0,44.09627914428711,25,1
StandardGP,ebe91dc2-ada4-11ef-b59f-e4a8dfc2a9a8,resid_build_sale_price,29,48,48.12797927856445,0.063995361328125,2996.0,44.09627914428711,25,1
StandardGP,ebe91dc2-ada4-11ef-b59f-e4a8dfc2a9a8,resid_build_sale_price,29,49,48.12797927856445,0.05859780311584473,2942.0,44.09627914428711,25,1
StandardGP,ebe91dc2-ada4-11ef-b59f-e4a8dfc2a9a8,resid_build_sale_price,29,50,48.12797927856445,0.059589385986328125,2972.0,44.09627914428711,25,1
StandardGP,ebe91dc2-ada4-11ef-b59f-e4a8dfc2a9a8,resid_build_sale_price,29,51,48.12797927856445,0.053701162338256836,2788.0,44.09627914428711,25,1
StandardGP,ebe91dc2-ada4-11ef-b59f-e4a8dfc2a9a8,resid_build_sale_price,29,52,48.12797927856445,0.053598880767822266,2672.0,44.09627914428711,25,1
StandardGP,ebe91dc2-ada4-11ef-b59f-e4a8dfc2a9a8,resid_build_sale_price,29,53,48.12797927856445,0.057985544204711914,2954.0,44.09627914428711,25,1
StandardGP,ebe91dc2-ada4-11ef-b59f-e4a8dfc2a9a8,resid_build_sale_price,29,54,48.12797927856445,0.06044435501098633,3004.0,44.09627914428711,25,1
StandardGP,ebe91dc2-ada4-11ef-b59f-e4a8dfc2a9a8,resid_build_sale_price,29,55,48.12797927856445,0.07456493377685547,3742.0,44.09627914428711,25,1
StandardGP,ebe91dc2-ada4-11ef-b59f-e4a8dfc2a9a8,resid_build_sale_price,29,56,48.12797927856445,0.0810861587524414,3806.0,44.09627914428711,25,1
StandardGP,ebe91dc2-ada4-11ef-b59f-e4a8dfc2a9a8,resid_build_sale_price,29,57,48.12797927856445,0.07953047752380371,4094.0,44.09627914428711,25,1
StandardGP,ebe91dc2-ada4-11ef-b59f-e4a8dfc2a9a8,resid_build_sale_price,29,58,48.12797927856445,0.0757894515991211,3872.0,44.09627914428711,25,1
StandardGP,ebe91dc2-ada4-11ef-b59f-e4a8dfc2a9a8,resid_build_sale_price,29,59,48.12797927856445,0.09196090698242188,4236.0,44.09627914428711,25,1
StandardGP,ebe91dc2-ada4-11ef-b59f-e4a8dfc2a9a8,resid_build_sale_price,29,60,48.12797927856445,0.09151387214660645,4266.0,44.09627914428711,25,1
StandardGP,ebe91dc2-ada4-11ef-b59f-e4a8dfc2a9a8,resid_build_sale_price,29,61,48.12797927856445,0.09352755546569824,4510.0,44.09627914428711,25,1
StandardGP,ebe91dc2-ada4-11ef-b59f-e4a8dfc2a9a8,resid_build_sale_price,29,62,48.12797927856445,0.1065216064453125,4892.0,44.09627914428711,25,1
StandardGP,ebe91dc2-ada4-11ef-b59f-e4a8dfc2a9a8,resid_build_sale_price,29,63,48.12797927856445,0.1025383472442627,4726.0,44.09627914428711,25,1
StandardGP,ebe91dc2-ada4-11ef-b59f-e4a8dfc2a9a8,resid_build_sale_price,29,64,48.12797927856445,0.09751081466674805,4726.0,44.09627914428711,25,1
StandardGP,ebe91dc2-ada4-11ef-b59f-e4a8dfc2a9a8,resid_build_sale_price,29,65,48.12797927856445,0.10251569747924805,4976.0,44.09627914428711,25,1
StandardGP,ebe91dc2-ada4-11ef-b59f-e4a8dfc2a9a8,resid_build_sale_price,29,66,48.12797927856445,0.09575080871582031,4636.0,44.09627914428711,25,1
StandardGP,ebe91dc2-ada4-11ef-b59f-e4a8dfc2a9a8,resid_build_sale_price,29,67,48.12797927856445,0.10115432739257812,4958.0,44.09627914428711,25,1
StandardGP,ebe91dc2-ada4-11ef-b59f-e4a8dfc2a9a8,resid_build_sale_price,29,68,48.12797927856445,0.10652995109558105,5038.0,44.09627914428711,25,1
StandardGP,ebe91dc2-ada4-11ef-b59f-e4a8dfc2a9a8,resid_build_sale_price,29,69,48.12797927856445,0.11054468154907227,5180.0,44.09627914428711,25,1
StandardGP,ebe91dc2-ada4-11ef-b59f-e4a8dfc2a9a8,resid_build_sale_price,29,70,48.12797927856445,0.11844182014465332,5232.0,44.09627914428711,25,1
StandardGP,ebe91dc2-ada4-11ef-b59f-e4a8dfc2a9a8,resid_build_sale_price,29,71,48.12797927856445,0.10258650779724121,4872.0,44.09627914428711,25,1
StandardGP,ebe91dc2-ada4-11ef-b59f-e4a8dfc2a9a8,resid_build_sale_price,29,72,48.12797927856445,0.12696576118469238,5188.0,44.09627914428711,25,1
StandardGP,ebe91dc2-ada4-11ef-b59f-e4a8dfc2a9a8,resid_build_sale_price,29,73,48.12797927856445,0.12761402130126953,5228.0,44.09627914428711,25,1
StandardGP,ebe91dc2-ada4-11ef-b59f-e4a8dfc2a9a8,resid_build_sale_price,29,74,48.12797927856445,0.11654210090637207,5262.0,44.09627914428711,25,1
StandardGP,ebe91dc2-ada4-11ef-b59f-e4a8dfc2a9a8,resid_build_sale_price,29,75,48.12797927856445,0.10346245765686035,4744.0,44.09627914428711,25,1
StandardGP,ebe91dc2-ada4-11ef-b59f-e4a8dfc2a9a8,resid_build_sale_price,29,76,48.12797927856445,0.0965735912322998,4572.0,44.09627914428711,25,1
StandardGP,ebe91dc2-ada4-11ef-b59f-e4a8dfc2a9a8,resid_build_sale_price,29,77,48.12797927856445,0.10459303855895996,4812.0,44.09627914428711,25,1
StandardGP,ebe91dc2-ada4-11ef-b59f-e4a8dfc2a9a8,resid_build_sale_price,29,78,48.12797927856445,0.0865776538848877,4246.0,44.09627914428711,25,1
StandardGP,ebe91dc2-ada4-11ef-b59f-e4a8dfc2a9a8,resid_build_sale_price,29,79,48.12797927856445,0.08859729766845703,4232.0,44.09627914428711,25,1
StandardGP,ebe91dc2-ada4-11ef-b59f-e4a8dfc2a9a8,resid_build_sale_price,29,80,48.12797927856445,0.08760237693786621,4228.0,44.09627914428711,25,1
StandardGP,ebe91dc2-ada4-11ef-b59f-e4a8dfc2a9a8,resid_build_sale_price,29,81,48.12797927856445,0.08062052726745605,3758.0,44.09627914428711,25,1
StandardGP,ebe91dc2-ada4-11ef-b59f-e4a8dfc2a9a8,resid_build_sale_price,29,82,48.12797927856445,0.07661867141723633,3630.0,44.09627914428711,25,1
StandardGP,ebe91dc2-ada4-11ef-b59f-e4a8dfc2a9a8,resid_build_sale_price,29,83,48.12797927856445,0.07797122001647949,3608.0,44.09627914428711,25,1
StandardGP,ebe91dc2-ada4-11ef-b59f-e4a8dfc2a9a8,resid_build_sale_price,29,84,48.12797927856445,0.07952451705932617,3750.0,44.09627914428711,25,1
StandardGP,ebe91dc2-ada4-11ef-b59f-e4a8dfc2a9a8,resid_build_sale_price,29,85,48.12797927856445,0.0845189094543457,3906.0,44.09627914428711,25,1
StandardGP,ebe91dc2-ada4-11ef-b59f-e4a8dfc2a9a8,resid_build_sale_price,29,86,48.12797927856445,0.08253216743469238,3626.0,44.09627914428711,25,1
StandardGP,ebe91dc2-ada4-11ef-b59f-e4a8dfc2a9a8,resid_build_sale_price,29,87,48.12797927856445,0.07675743103027344,3626.0,44.09627914428711,25,1
StandardGP,ebe91dc2-ada4-11ef-b59f-e4a8dfc2a9a8,resid_build_sale_price,29,88,48.12797927856445,0.08603644371032715,3886.0,44.09627914428711,25,1
StandardGP,ebe91dc2-ada4-11ef-b59f-e4a8dfc2a9a8,resid_build_sale_price,29,89,48.12797927856445,0.07922863960266113,3734.0,44.09627914428711,25,1
StandardGP,ebe91dc2-ada4-11ef-b59f-e4a8dfc2a9a8,resid_build_sale_price,29,90,48.12797927856445,0.07353949546813965,3758.0,44.09627914428711,25,1
StandardGP,ebe91dc2-ada4-11ef-b59f-e4a8dfc2a9a8,resid_build_sale_price,29,91,48.12797927856445,0.07712316513061523,3856.0,44.09627914428711,25,1
StandardGP,ebe91dc2-ada4-11ef-b59f-e4a8dfc2a9a8,resid_build_sale_price,29,92,48.12797927856445,0.07754135131835938,3904.0,44.09627914428711,25,1
StandardGP,ebe91dc2-ada4-11ef-b59f-e4a8dfc2a9a8,resid_build_sale_price,29,93,48.12797927856445,0.07098245620727539,3886.0,44.09627914428711,25,1
StandardGP,ebe91dc2-ada4-11ef-b59f-e4a8dfc2a9a8,resid_build_sale_price,29,94,48.12797927856445,0.07452058792114258,3730.0,44.09627914428711,25,1
StandardGP,ebe91dc2-ada4-11ef-b59f-e4a8dfc2a9a8,resid_build_sale_price,29,95,48.12797927856445,0.07452106475830078,3808.0,44.09627914428711,25,1
StandardGP,ebe91dc2-ada4-11ef-b59f-e4a8dfc2a9a8,resid_build_sale_price,29,96,48.12797927856445,0.07651734352111816,3826.0,44.09627914428711,25,1
StandardGP,ebe91dc2-ada4-11ef-b59f-e4a8dfc2a9a8,resid_build_sale_price,29,97,48.12797927856445,0.07205557823181152,3486.0,44.09627914428711,25,1
StandardGP,ebe91dc2-ada4-11ef-b59f-e4a8dfc2a9a8,resid_build_sale_price,29,98,48.12797927856445,0.06755876541137695,3388.0,44.09627914428711,25,1
StandardGP,ebe91dc2-ada4-11ef-b59f-e4a8dfc2a9a8,resid_build_sale_price,29,99,48.12797927856445,0.07317280769348145,3740.0,44.09627914428711,25,1
StandardGP,ebe91dc2-ada4-11ef-b59f-e4a8dfc2a9a8,resid_build_sale_price,29,100,48.12797927856445,0.07390594482421875,3844.0,44.09627914428711,25,1
StandardGP,0873579e-ada6-11ef-b625-e4a8dfc2a9a8,resid_build_sale_price,29,0,0.1351797729730606,0.05167508125305176,1352.0,0.12740229070186615,3,1
StandardGP,0873579e-ada6-11ef-b625-e4a8dfc2a9a8,resid_build_sale_price,29,1,0.1351797729730606,0.02330160140991211,794.0,0.12740229070186615,3,1
StandardGP,0873579e-ada6-11ef-b625-e4a8dfc2a9a8,resid_build_sale_price,29,2,0.12406723201274872,0.022171974182128906,732.0,0.1418667584657669,5,1
StandardGP,0873579e-ada6-11ef-b625-e4a8dfc2a9a8,resid_build_sale_price,29,3,0.12406723201274872,0.02199077606201172,692.0,0.1418667584657669,5,1
StandardGP,0873579e-ada6-11ef-b625-e4a8dfc2a9a8,resid_build_sale_price,29,4,0.12406723201274872,0.019793272018432617,746.0,0.1418667584657669,5,1
StandardGP,0873579e-ada6-11ef-b625-e4a8dfc2a9a8,resid_build_sale_price,29,5,0.12406723201274872,0.022001266479492188,800.0,0.1418667584657669,5,1
StandardGP,0873579e-ada6-11ef-b625-e4a8dfc2a9a8,resid_build_sale_price,29,6,0.12406723201274872,0.02300739288330078,818.0,0.1418667584657669,5,1
StandardGP,0873579e-ada6-11ef-b625-e4a8dfc2a9a8,resid_build_sale_price,29,7,0.12406723201274872,0.02251434326171875,888.0,0.1418667584657669,5,1
StandardGP,0873579e-ada6-11ef-b625-e4a8dfc2a9a8,resid_build_sale_price,29,8,0.12406723201274872,0.020997285842895508,844.0,0.1418667584657669,5,1
StandardGP,0873579e-ada6-11ef-b625-e4a8dfc2a9a8,resid_build_sale_price,29,9,0.12406723201274872,0.02499675750732422,916.0,0.1418667584657669,5,1
StandardGP,0873579e-ada6-11ef-b625-e4a8dfc2a9a8,resid_build_sale_price,29,10,0.12406723201274872,0.026484012603759766,850.0,0.1418667584657669,5,1
StandardGP,0873579e-ada6-11ef-b625-e4a8dfc2a9a8,resid_build_sale_price,29,11,0.11875911056995392,0.02051234245300293,860.0,0.12612974643707275,7,1
StandardGP,0873579e-ada6-11ef-b625-e4a8dfc2a9a8,resid_build_sale_price,29,12,0.06759937852621078,0.02002263069152832,828.0,0.0637156218290329,7,1
StandardGP,0873579e-ada6-11ef-b625-e4a8dfc2a9a8,resid_build_sale_price,29,13,0.06759937852621078,0.021517038345336914,862.0,0.0637156218290329,7,1
StandardGP,0873579e-ada6-11ef-b625-e4a8dfc2a9a8,resid_build_sale_price,29,14,0.06567390263080597,0.023503541946411133,982.0,0.06287338584661484,7,1
StandardGP,0873579e-ada6-11ef-b625-e4a8dfc2a9a8,resid_build_sale_price,29,15,0.06567390263080597,0.0254666805267334,1048.0,0.06287338584661484,7,1
StandardGP,0873579e-ada6-11ef-b625-e4a8dfc2a9a8,resid_build_sale_price,29,16,0.06505098193883896,0.026976823806762695,1178.0,0.05618221312761307,7,1
StandardGP,0873579e-ada6-11ef-b625-e4a8dfc2a9a8,resid_build_sale_price,29,17,0.06505098193883896,0.029000043869018555,1276.0,0.05618221312761307,7,1
StandardGP,0873579e-ada6-11ef-b625-e4a8dfc2a9a8,resid_build_sale_price,29,18,0.06505098193883896,0.032032012939453125,1500.0,0.05618221312761307,7,1
StandardGP,0873579e-ada6-11ef-b625-e4a8dfc2a9a8,resid_build_sale_price,29,19,0.06505098193883896,0.03408479690551758,1684.0,0.05618221312761307,7,1
StandardGP,0873579e-ada6-11ef-b625-e4a8dfc2a9a8,resid_build_sale_price,29,20,0.06505098193883896,0.03658866882324219,1736.0,0.05618221312761307,7,1
StandardGP,0873579e-ada6-11ef-b625-e4a8dfc2a9a8,resid_build_sale_price,29,21,0.06505098193883896,0.04165053367614746,1940.0,0.05618221312761307,7,1
StandardGP,0873579e-ada6-11ef-b625-e4a8dfc2a9a8,resid_build_sale_price,29,22,0.06505098193883896,0.041567087173461914,1912.0,0.05618221312761307,7,1
StandardGP,0873579e-ada6-11ef-b625-e4a8dfc2a9a8,resid_build_sale_price,29,23,0.06505098193883896,0.0476076602935791,2312.0,0.05618221312761307,7,1
StandardGP,0873579e-ada6-11ef-b625-e4a8dfc2a9a8,resid_build_sale_price,29,24,0.06505098193883896,0.04741716384887695,2280.0,0.05618221312761307,7,1
StandardGP,0873579e-ada6-11ef-b625-e4a8dfc2a9a8,resid_build_sale_price,29,25,0.06505098193883896,0.04770517349243164,2446.0,0.05618221312761307,7,1
StandardGP,0873579e-ada6-11ef-b625-e4a8dfc2a9a8,resid_build_sale_price,29,26,0.06505098193883896,0.05372118949890137,2700.0,0.05618221312761307,7,1
StandardGP,0873579e-ada6-11ef-b625-e4a8dfc2a9a8,resid_build_sale_price,29,27,0.06505098193883896,0.05948209762573242,2948.0,0.05618221312761307,7,1
StandardGP,0873579e-ada6-11ef-b625-e4a8dfc2a9a8,resid_build_sale_price,29,28,0.06505098193883896,0.06644845008850098,3326.0,0.05618221312761307,7,1
StandardGP,0873579e-ada6-11ef-b625-e4a8dfc2a9a8,resid_build_sale_price,29,29,0.06505098193883896,0.06781816482543945,3348.0,0.05618221312761307,7,1
StandardGP,0873579e-ada6-11ef-b625-e4a8dfc2a9a8,resid_build_sale_price,29,30,0.06505098193883896,0.07576394081115723,3556.0,0.05618221312761307,7,1
StandardGP,0873579e-ada6-11ef-b625-e4a8dfc2a9a8,resid_build_sale_price,29,31,0.06505098193883896,0.07339811325073242,3428.0,0.05618221312761307,7,1
StandardGP,0873579e-ada6-11ef-b625-e4a8dfc2a9a8,resid_build_sale_price,29,32,0.06505098193883896,0.06299829483032227,3096.0,0.05618221312761307,7,1
StandardGP,0873579e-ada6-11ef-b625-e4a8dfc2a9a8,resid_build_sale_price,29,33,0.06505098193883896,0.06551241874694824,3080.0,0.05618221312761307,7,1
StandardGP,0873579e-ada6-11ef-b625-e4a8dfc2a9a8,resid_build_sale_price,29,34,0.06505098193883896,0.06200003623962402,3056.0,0.05618221312761307,7,1
StandardGP,0873579e-ada6-11ef-b625-e4a8dfc2a9a8,resid_build_sale_price,29,35,0.06505098193883896,0.07139277458190918,3094.0,0.05618221312761307,7,1
StandardGP,0873579e-ada6-11ef-b625-e4a8dfc2a9a8,resid_build_sale_price,29,36,0.06505098193883896,0.06960463523864746,3304.0,0.05618221312761307,7,1
StandardGP,0873579e-ada6-11ef-b625-e4a8dfc2a9a8,resid_build_sale_price,29,37,0.06505098193883896,0.06926298141479492,3232.0,0.05618221312761307,7,1
StandardGP,0873579e-ada6-11ef-b625-e4a8dfc2a9a8,resid_build_sale_price,29,38,0.06505098193883896,0.06720662117004395,3242.0,0.05618221312761307,7,1
StandardGP,0873579e-ada6-11ef-b625-e4a8dfc2a9a8,resid_build_sale_price,29,39,0.06505098193883896,0.07718324661254883,3738.0,0.05618221312761307,7,1
StandardGP,0873579e-ada6-11ef-b625-e4a8dfc2a9a8,resid_build_sale_price,29,40,0.06505098193883896,0.07157659530639648,3678.0,0.05618221312761307,7,1
StandardGP,0873579e-ada6-11ef-b625-e4a8dfc2a9a8,resid_build_sale_price,29,41,0.06505098193883896,0.07106876373291016,3780.0,0.05618221312761307,7,1
StandardGP,0873579e-ada6-11ef-b625-e4a8dfc2a9a8,resid_build_sale_price,29,42,0.06505098193883896,0.07650327682495117,4086.0,0.05618221312761307,7,1
StandardGP,0873579e-ada6-11ef-b625-e4a8dfc2a9a8,resid_build_sale_price,29,43,0.06505098193883896,0.07646703720092773,4080.0,0.05618221312761307,7,1
StandardGP,0873579e-ada6-11ef-b625-e4a8dfc2a9a8,resid_build_sale_price,29,44,0.06505098193883896,0.08116722106933594,4520.0,0.05618221312761307,7,1
StandardGP,0873579e-ada6-11ef-b625-e4a8dfc2a9a8,resid_build_sale_price,29,45,0.06505098193883896,0.08091950416564941,4472.0,0.05618221312761307,7,1
StandardGP,0873579e-ada6-11ef-b625-e4a8dfc2a9a8,resid_build_sale_price,29,46,0.06505098193883896,0.08955645561218262,4580.0,0.05618221312761307,7,1
StandardGP,0873579e-ada6-11ef-b625-e4a8dfc2a9a8,resid_build_sale_price,29,47,0.06505098193883896,0.08101606369018555,4482.0,0.05618221312761307,7,1
StandardGP,0873579e-ada6-11ef-b625-e4a8dfc2a9a8,resid_build_sale_price,29,48,0.06505098193883896,0.08692264556884766,4914.0,0.05618221312761307,7,1
StandardGP,0873579e-ada6-11ef-b625-e4a8dfc2a9a8,resid_build_sale_price,29,49,0.06505098193883896,0.09511089324951172,5114.0,0.05618221312761307,7,1
StandardGP,0873579e-ada6-11ef-b625-e4a8dfc2a9a8,resid_build_sale_price,29,50,0.06505098193883896,0.08654594421386719,4754.0,0.05618221312761307,7,1
StandardGP,0873579e-ada6-11ef-b625-e4a8dfc2a9a8,resid_build_sale_price,29,51,0.06505098193883896,0.09354805946350098,4982.0,0.05618221312761307,7,1
StandardGP,0873579e-ada6-11ef-b625-e4a8dfc2a9a8,resid_build_sale_price,29,52,0.06505098193883896,0.08716082572937012,4428.0,0.05618221312761307,7,1
StandardGP,0873579e-ada6-11ef-b625-e4a8dfc2a9a8,resid_build_sale_price,29,53,0.06505098193883896,0.08595609664916992,4522.0,0.05618221312761307,7,1
StandardGP,0873579e-ada6-11ef-b625-e4a8dfc2a9a8,resid_build_sale_price,29,54,0.06505098193883896,0.08485674858093262,4232.0,0.05618221312761307,7,1
StandardGP,0873579e-ada6-11ef-b625-e4a8dfc2a9a8,resid_build_sale_price,29,55,0.06505098193883896,0.08366727828979492,4218.0,0.05618221312761307,7,1
StandardGP,0873579e-ada6-11ef-b625-e4a8dfc2a9a8,resid_build_sale_price,29,56,0.06505098193883896,0.1022031307220459,4522.0,0.05618221312761307,7,1
StandardGP,0873579e-ada6-11ef-b625-e4a8dfc2a9a8,resid_build_sale_price,29,57,0.06505098193883896,0.09684228897094727,4862.0,0.05618221312761307,7,1
StandardGP,0873579e-ada6-11ef-b625-e4a8dfc2a9a8,resid_build_sale_price,29,58,0.06505098193883896,0.09624934196472168,4796.0,0.05618221312761307,7,1
StandardGP,0873579e-ada6-11ef-b625-e4a8dfc2a9a8,resid_build_sale_price,29,59,0.06505098193883896,0.09920263290405273,4734.0,0.05618221312761307,7,1
StandardGP,0873579e-ada6-11ef-b625-e4a8dfc2a9a8,resid_build_sale_price,29,60,0.06505098193883896,0.10128641128540039,5022.0,0.05618221312761307,7,1
StandardGP,0873579e-ada6-11ef-b625-e4a8dfc2a9a8,resid_build_sale_price,29,61,0.06505098193883896,0.0971987247467041,5182.0,0.05618221312761307,7,1
StandardGP,0873579e-ada6-11ef-b625-e4a8dfc2a9a8,resid_build_sale_price,29,62,0.06505098193883896,0.1007070541381836,5200.0,0.05618221312761307,7,1
StandardGP,0873579e-ada6-11ef-b625-e4a8dfc2a9a8,resid_build_sale_price,29,63,0.06505098193883896,0.09607052803039551,5384.0,0.05618221312761307,7,1
StandardGP,0873579e-ada6-11ef-b625-e4a8dfc2a9a8,resid_build_sale_price,29,64,0.06505098193883896,0.09652924537658691,5354.0,0.05618221312761307,7,1
StandardGP,0873579e-ada6-11ef-b625-e4a8dfc2a9a8,resid_build_sale_price,29,65,0.06505098193883896,0.09017753601074219,4902.0,0.05618221312761307,7,1
StandardGP,0873579e-ada6-11ef-b625-e4a8dfc2a9a8,resid_build_sale_price,29,66,0.06505098193883896,0.09626650810241699,5166.0,0.05618221312761307,7,1
StandardGP,0873579e-ada6-11ef-b625-e4a8dfc2a9a8,resid_build_sale_price,29,67,0.06505098193883896,0.09277701377868652,5158.0,0.05618221312761307,7,1
StandardGP,0873579e-ada6-11ef-b625-e4a8dfc2a9a8,resid_build_sale_price,29,68,0.06505098193883896,0.09179401397705078,5110.0,0.05618221312761307,7,1
StandardGP,0873579e-ada6-11ef-b625-e4a8dfc2a9a8,resid_build_sale_price,29,69,0.06505098193883896,0.09898757934570312,5436.0,0.05618221312761307,7,1
StandardGP,0873579e-ada6-11ef-b625-e4a8dfc2a9a8,resid_build_sale_price,29,70,0.06505098193883896,0.10187101364135742,5540.0,0.05618221312761307,7,1
StandardGP,0873579e-ada6-11ef-b625-e4a8dfc2a9a8,resid_build_sale_price,29,71,0.06505098193883896,0.10947680473327637,6100.0,0.05618221312761307,7,1
StandardGP,0873579e-ada6-11ef-b625-e4a8dfc2a9a8,resid_build_sale_price,29,72,0.06505098193883896,0.10893750190734863,5888.0,0.05618221312761307,7,1
StandardGP,0873579e-ada6-11ef-b625-e4a8dfc2a9a8,resid_build_sale_price,29,73,0.06505098193883896,0.10071611404418945,5680.0,0.05618221312761307,7,1
StandardGP,0873579e-ada6-11ef-b625-e4a8dfc2a9a8,resid_build_sale_price,29,74,0.06505098193883896,0.09785747528076172,5292.0,0.05618221312761307,7,1
StandardGP,0873579e-ada6-11ef-b625-e4a8dfc2a9a8,resid_build_sale_price,29,75,0.06505098193883896,0.09221076965332031,5042.0,0.05618221312761307,7,1
StandardGP,0873579e-ada6-11ef-b625-e4a8dfc2a9a8,resid_build_sale_price,29,76,0.06505098193883896,0.09488844871520996,4788.0,0.05618221312761307,7,1
StandardGP,0873579e-ada6-11ef-b625-e4a8dfc2a9a8,resid_build_sale_price,29,77,0.06505098193883896,0.09919548034667969,5150.0,0.05618221312761307,7,1
StandardGP,0873579e-ada6-11ef-b625-e4a8dfc2a9a8,resid_build_sale_price,29,78,0.06505098193883896,0.09099888801574707,5126.0,0.05618221312761307,7,1
StandardGP,0873579e-ada6-11ef-b625-e4a8dfc2a9a8,resid_build_sale_price,29,79,0.06505098193883896,0.10016512870788574,5242.0,0.05618221312761307,7,1
StandardGP,0873579e-ada6-11ef-b625-e4a8dfc2a9a8,resid_build_sale_price,29,80,0.06505098193883896,0.09086322784423828,4942.0,0.05618221312761307,7,1
StandardGP,0873579e-ada6-11ef-b625-e4a8dfc2a9a8,resid_build_sale_price,29,81,0.06505098193883896,0.10585904121398926,5710.0,0.05618221312761307,7,1
StandardGP,0873579e-ada6-11ef-b625-e4a8dfc2a9a8,resid_build_sale_price,29,82,0.06505098193883896,0.11330485343933105,6156.0,0.05618221312761307,7,1
StandardGP,0873579e-ada6-11ef-b625-e4a8dfc2a9a8,resid_build_sale_price,29,83,0.06505098193883896,0.12203502655029297,6480.0,0.05618221312761307,7,1
StandardGP,0873579e-ada6-11ef-b625-e4a8dfc2a9a8,resid_build_sale_price,29,84,0.06505098193883896,0.12134242057800293,6268.0,0.05618221312761307,7,1
StandardGP,0873579e-ada6-11ef-b625-e4a8dfc2a9a8,resid_build_sale_price,29,85,0.06505098193883896,0.1145622730255127,6066.0,0.05618221312761307,7,1
StandardGP,0873579e-ada6-11ef-b625-e4a8dfc2a9a8,resid_build_sale_price,29,86,0.06505098193883896,0.11233806610107422,5944.0,0.05618221312761307,7,1
StandardGP,0873579e-ada6-11ef-b625-e4a8dfc2a9a8,resid_build_sale_price,29,87,0.06505098193883896,0.11109638214111328,5880.0,0.05618221312761307,7,1
StandardGP,0873579e-ada6-11ef-b625-e4a8dfc2a9a8,resid_build_sale_price,29,88,0.06505098193883896,0.11525177955627441,6074.0,0.05618221312761307,7,1
StandardGP,0873579e-ada6-11ef-b625-e4a8dfc2a9a8,resid_build_sale_price,29,89,0.06505098193883896,0.10786175727844238,5810.0,0.05618221312761307,7,1
StandardGP,0873579e-ada6-11ef-b625-e4a8dfc2a9a8,resid_build_sale_price,29,90,0.06505098193883896,0.10775899887084961,6082.0,0.05618221312761307,7,1
StandardGP,0873579e-ada6-11ef-b625-e4a8dfc2a9a8,resid_build_sale_price,29,91,0.06505098193883896,0.11023831367492676,6488.0,0.05618221312761307,7,1
StandardGP,0873579e-ada6-11ef-b625-e4a8dfc2a9a8,resid_build_sale_price,29,92,0.06505098193883896,0.11095499992370605,6536.0,0.05618221312761307,7,1
StandardGP,0873579e-ada6-11ef-b625-e4a8dfc2a9a8,resid_build_sale_price,29,93,0.06505098193883896,0.12046575546264648,6980.0,0.05618221312761307,7,1
StandardGP,0873579e-ada6-11ef-b625-e4a8dfc2a9a8,resid_build_sale_price,29,94,0.06505098193883896,0.1313319206237793,7580.0,0.05618221312761307,7,1
StandardGP,0873579e-ada6-11ef-b625-e4a8dfc2a9a8,resid_build_sale_price,29,95,0.06505098193883896,0.1388568878173828,7832.0,0.05618221312761307,7,1
StandardGP,0873579e-ada6-11ef-b625-e4a8dfc2a9a8,resid_build_sale_price,29,96,0.06505098193883896,0.13692522048950195,7688.0,0.05618221312761307,7,1
StandardGP,0873579e-ada6-11ef-b625-e4a8dfc2a9a8,resid_build_sale_price,29,97,0.06505098193883896,0.14063286781311035,8080.0,0.05618221312761307,7,1
StandardGP,0873579e-ada6-11ef-b625-e4a8dfc2a9a8,resid_build_sale_price,29,98,0.06505098193883896,0.13310503959655762,8010.0,0.05618221312761307,7,1
StandardGP,0873579e-ada6-11ef-b625-e4a8dfc2a9a8,resid_build_sale_price,29,99,0.06505098193883896,0.13698458671569824,8094.0,0.05618221312761307,7,1
StandardGP,0873579e-ada6-11ef-b625-e4a8dfc2a9a8,resid_build_sale_price,29,100,0.06505098193883896,0.13480520248413086,7848.0,0.05618221312761307,7,1
StandardGP,8246782f-ada6-11ef-959e-e4a8dfc2a9a8,resid_build_sale_price,29,0,195.77967834472656,0.05249333381652832,1352.0,192.24462890625,3,1
StandardGP,8246782f-ada6-11ef-959e-e4a8dfc2a9a8,resid_build_sale_price,29,1,143.7091064453125,0.03500628471374512,1258.0,140.5313262939453,7,1
StandardGP,8246782f-ada6-11ef-959e-e4a8dfc2a9a8,resid_build_sale_price,29,2,143.7091064453125,0.03290867805480957,1234.0,140.5313262939453,7,1
StandardGP,8246782f-ada6-11ef-959e-e4a8dfc2a9a8,resid_build_sale_price,29,3,143.01524353027344,0.03419756889343262,1034.0,139.00985717773438,9,1
StandardGP,8246782f-ada6-11ef-959e-e4a8dfc2a9a8,resid_build_sale_price,29,4,137.99278259277344,0.029093503952026367,964.0,132.5675506591797,7,1
StandardGP,8246782f-ada6-11ef-959e-e4a8dfc2a9a8,resid_build_sale_price,29,5,72.13009643554688,0.02920222282409668,1058.0,73.48089599609375,7,1
StandardGP,8246782f-ada6-11ef-959e-e4a8dfc2a9a8,resid_build_sale_price,29,6,72.13009643554688,0.03104114532470703,1256.0,73.48089599609375,7,1
StandardGP,8246782f-ada6-11ef-959e-e4a8dfc2a9a8,resid_build_sale_price,29,7,72.13009643554688,0.032608747482299805,1436.0,73.48089599609375,7,1
StandardGP,8246782f-ada6-11ef-959e-e4a8dfc2a9a8,resid_build_sale_price,29,8,72.13009643554688,0.02856922149658203,1262.0,73.48089599609375,7,1
StandardGP,8246782f-ada6-11ef-959e-e4a8dfc2a9a8,resid_build_sale_price,29,9,72.13009643554688,0.027048587799072266,1136.0,73.48089599609375,7,1
StandardGP,8246782f-ada6-11ef-959e-e4a8dfc2a9a8,resid_build_sale_price,29,10,72.13009643554688,0.026012182235717773,1090.0,73.48089599609375,7,1
StandardGP,8246782f-ada6-11ef-959e-e4a8dfc2a9a8,resid_build_sale_price,29,11,72.13009643554688,0.025021791458129883,996.0,73.48089599609375,7,1
StandardGP,8246782f-ada6-11ef-959e-e4a8dfc2a9a8,resid_build_sale_price,29,12,72.13009643554688,0.025002717971801758,990.0,73.48089599609375,7,1
StandardGP,8246782f-ada6-11ef-959e-e4a8dfc2a9a8,resid_build_sale_price,29,13,72.13009643554688,0.025998353958129883,1044.0,73.48089599609375,7,1
StandardGP,8246782f-ada6-11ef-959e-e4a8dfc2a9a8,resid_build_sale_price,29,14,72.13009643554688,0.02505326271057129,1092.0,73.48089599609375,7,1
StandardGP,8246782f-ada6-11ef-959e-e4a8dfc2a9a8,resid_build_sale_price,29,15,72.13009643554688,0.025568485260009766,1168.0,73.48089599609375,7,1
StandardGP,8246782f-ada6-11ef-959e-e4a8dfc2a9a8,resid_build_sale_price,29,16,71.9840087890625,0.028719663619995117,1280.0,73.1844711303711,9,1
StandardGP,8246782f-ada6-11ef-959e-e4a8dfc2a9a8,resid_build_sale_price,29,17,71.9840087890625,0.029989004135131836,1398.0,73.1844711303711,9,1
StandardGP,8246782f-ada6-11ef-959e-e4a8dfc2a9a8,resid_build_sale_price,29,18,71.9840087890625,0.028916358947753906,1426.0,73.1844711303711,9,1
StandardGP,8246782f-ada6-11ef-959e-e4a8dfc2a9a8,resid_build_sale_price,29,19,71.9840087890625,0.029123544692993164,1290.0,73.1844711303711,9,1
StandardGP,8246782f-ada6-11ef-959e-e4a8dfc2a9a8,resid_build_sale_price,29,20,71.9840087890625,0.031008243560791016,1404.0,73.1844711303711,9,1
StandardGP,8246782f-ada6-11ef-959e-e4a8dfc2a9a8,resid_build_sale_price,29,21,71.9840087890625,0.029935598373413086,1308.0,73.1844711303711,9,1
StandardGP,8246782f-ada6-11ef-959e-e4a8dfc2a9a8,resid_build_sale_price,29,22,71.9840087890625,0.03164529800415039,1414.0,73.1844711303711,9,1
StandardGP,8246782f-ada6-11ef-959e-e4a8dfc2a9a8,resid_build_sale_price,29,23,71.9840087890625,0.03412199020385742,1478.0,73.1844711303711,9,1
StandardGP,8246782f-ada6-11ef-959e-e4a8dfc2a9a8,resid_build_sale_price,29,24,71.9840087890625,0.03460979461669922,1526.0,73.1844711303711,9,1
StandardGP,8246782f-ada6-11ef-959e-e4a8dfc2a9a8,resid_build_sale_price,29,25,71.9840087890625,0.03400111198425293,1564.0,73.1844711303711,9,1
StandardGP,8246782f-ada6-11ef-959e-e4a8dfc2a9a8,resid_build_sale_price,29,26,71.9840087890625,0.03474235534667969,1484.0,73.1844711303711,9,1
StandardGP,8246782f-ada6-11ef-959e-e4a8dfc2a9a8,resid_build_sale_price,29,27,71.9840087890625,0.03661751747131348,1620.0,73.1844711303711,9,1
StandardGP,8246782f-ada6-11ef-959e-e4a8dfc2a9a8,resid_build_sale_price,29,28,71.9840087890625,0.03699851036071777,1632.0,73.1844711303711,9,1
StandardGP,8246782f-ada6-11ef-959e-e4a8dfc2a9a8,resid_build_sale_price,29,29,71.9840087890625,0.04003453254699707,1804.0,73.1844711303711,9,1
StandardGP,8246782f-ada6-11ef-959e-e4a8dfc2a9a8,resid_build_sale_price,29,30,71.9840087890625,0.04057478904724121,1822.0,73.1844711303711,9,1
StandardGP,8246782f-ada6-11ef-959e-e4a8dfc2a9a8,resid_build_sale_price,29,31,71.9840087890625,0.04054546356201172,1868.0,73.1844711303711,9,1
StandardGP,8246782f-ada6-11ef-959e-e4a8dfc2a9a8,resid_build_sale_price,29,32,71.9840087890625,0.04753446578979492,2118.0,73.1844711303711,9,1
StandardGP,8246782f-ada6-11ef-959e-e4a8dfc2a9a8,resid_build_sale_price,29,33,71.9840087890625,0.042006731033325195,2026.0,73.1844711303711,9,1
StandardGP,8246782f-ada6-11ef-959e-e4a8dfc2a9a8,resid_build_sale_price,29,34,71.9840087890625,0.04436969757080078,2090.0,73.1844711303711,9,1
StandardGP,8246782f-ada6-11ef-959e-e4a8dfc2a9a8,resid_build_sale_price,29,35,71.9840087890625,0.03899979591369629,1912.0,73.1844711303711,9,1
StandardGP,8246782f-ada6-11ef-959e-e4a8dfc2a9a8,resid_build_sale_price,29,36,71.9840087890625,0.04919624328613281,2486.0,73.1844711303711,9,1
StandardGP,8246782f-ada6-11ef-959e-e4a8dfc2a9a8,resid_build_sale_price,29,37,71.9840087890625,0.05235600471496582,2622.0,73.1844711303711,9,1
StandardGP,8246782f-ada6-11ef-959e-e4a8dfc2a9a8,resid_build_sale_price,29,38,71.9840087890625,0.05067300796508789,2536.0,73.1844711303711,9,1
StandardGP,8246782f-ada6-11ef-959e-e4a8dfc2a9a8,resid_build_sale_price,29,39,71.9840087890625,0.05049252510070801,2594.0,73.1844711303711,9,1
StandardGP,8246782f-ada6-11ef-959e-e4a8dfc2a9a8,resid_build_sale_price,29,40,71.9840087890625,0.05061507225036621,2680.0,73.1844711303711,9,1
StandardGP,8246782f-ada6-11ef-959e-e4a8dfc2a9a8,resid_build_sale_price,29,41,71.9840087890625,0.05462002754211426,2754.0,73.1844711303711,9,1
StandardGP,8246782f-ada6-11ef-959e-e4a8dfc2a9a8,resid_build_sale_price,29,42,71.9840087890625,0.05150723457336426,2658.0,73.1844711303711,9,1
StandardGP,8246782f-ada6-11ef-959e-e4a8dfc2a9a8,resid_build_sale_price,29,43,71.9840087890625,0.05578184127807617,2716.0,73.1844711303711,9,1
StandardGP,8246782f-ada6-11ef-959e-e4a8dfc2a9a8,resid_build_sale_price,29,44,71.9840087890625,0.05551266670227051,2728.0,73.1844711303711,9,1
StandardGP,8246782f-ada6-11ef-959e-e4a8dfc2a9a8,resid_build_sale_price,29,45,71.9840087890625,0.06251692771911621,3170.0,73.1844711303711,9,1
StandardGP,8246782f-ada6-11ef-959e-e4a8dfc2a9a8,resid_build_sale_price,29,46,71.9840087890625,0.06642818450927734,3348.0,73.1844711303711,9,1
StandardGP,8246782f-ada6-11ef-959e-e4a8dfc2a9a8,resid_build_sale_price,29,47,71.9840087890625,0.05963611602783203,3058.0,73.1844711303711,9,1
StandardGP,8246782f-ada6-11ef-959e-e4a8dfc2a9a8,resid_build_sale_price,29,48,71.9840087890625,0.06152820587158203,3280.0,73.1844711303711,9,1
StandardGP,8246782f-ada6-11ef-959e-e4a8dfc2a9a8,resid_build_sale_price,29,49,71.9840087890625,0.06310653686523438,3278.0,73.1844711303711,9,1
StandardGP,8246782f-ada6-11ef-959e-e4a8dfc2a9a8,resid_build_sale_price,29,50,71.9840087890625,0.06522655487060547,3638.0,73.1844711303711,9,1
StandardGP,8246782f-ada6-11ef-959e-e4a8dfc2a9a8,resid_build_sale_price,29,51,71.9840087890625,0.07119536399841309,3958.0,73.1844711303711,9,1
StandardGP,8246782f-ada6-11ef-959e-e4a8dfc2a9a8,resid_build_sale_price,29,52,71.9840087890625,0.07282471656799316,3890.0,73.1844711303711,9,1
StandardGP,8246782f-ada6-11ef-959e-e4a8dfc2a9a8,resid_build_sale_price,29,53,71.9840087890625,0.07160806655883789,3970.0,73.1844711303711,9,1
StandardGP,8246782f-ada6-11ef-959e-e4a8dfc2a9a8,resid_build_sale_price,29,54,71.9840087890625,0.07492470741271973,3880.0,73.1844711303711,9,1
StandardGP,8246782f-ada6-11ef-959e-e4a8dfc2a9a8,resid_build_sale_price,29,55,71.9840087890625,0.07961750030517578,4022.0,73.1844711303711,9,1
StandardGP,8246782f-ada6-11ef-959e-e4a8dfc2a9a8,resid_build_sale_price,29,56,71.9840087890625,0.08161234855651855,4062.0,73.1844711303711,9,1
StandardGP,8246782f-ada6-11ef-959e-e4a8dfc2a9a8,resid_build_sale_price,29,57,71.9840087890625,0.08399200439453125,4414.0,73.1844711303711,9,1
StandardGP,8246782f-ada6-11ef-959e-e4a8dfc2a9a8,resid_build_sale_price,29,58,71.9840087890625,0.08489465713500977,4346.0,73.1844711303711,9,1
StandardGP,8246782f-ada6-11ef-959e-e4a8dfc2a9a8,resid_build_sale_price,29,59,71.9840087890625,0.08650016784667969,4320.0,73.1844711303711,9,1
StandardGP,8246782f-ada6-11ef-959e-e4a8dfc2a9a8,resid_build_sale_price,29,60,71.9840087890625,0.08150768280029297,4138.0,73.1844711303711,9,1
StandardGP,8246782f-ada6-11ef-959e-e4a8dfc2a9a8,resid_build_sale_price,29,61,71.9840087890625,0.08502769470214844,4458.0,73.1844711303711,9,1
StandardGP,8246782f-ada6-11ef-959e-e4a8dfc2a9a8,resid_build_sale_price,29,62,71.9840087890625,0.08958673477172852,4524.0,73.1844711303711,9,1
StandardGP,8246782f-ada6-11ef-959e-e4a8dfc2a9a8,resid_build_sale_price,29,63,71.9840087890625,0.10031557083129883,5050.0,73.1844711303711,9,1
StandardGP,8246782f-ada6-11ef-959e-e4a8dfc2a9a8,resid_build_sale_price,29,64,71.9840087890625,0.0929405689239502,4808.0,73.1844711303711,9,1
StandardGP,8246782f-ada6-11ef-959e-e4a8dfc2a9a8,resid_build_sale_price,29,65,71.9840087890625,0.10857129096984863,4222.0,73.1844711303711,9,1
StandardGP,8246782f-ada6-11ef-959e-e4a8dfc2a9a8,resid_build_sale_price,29,66,71.9840087890625,0.0900886058807373,4398.0,73.1844711303711,9,1
StandardGP,8246782f-ada6-11ef-959e-e4a8dfc2a9a8,resid_build_sale_price,29,67,71.9840087890625,0.07643818855285645,3888.0,73.1844711303711,9,1
StandardGP,8246782f-ada6-11ef-959e-e4a8dfc2a9a8,resid_build_sale_price,29,68,71.9840087890625,0.07308101654052734,3912.0,73.1844711303711,9,1
StandardGP,8246782f-ada6-11ef-959e-e4a8dfc2a9a8,resid_build_sale_price,29,69,71.9840087890625,0.07782721519470215,3908.0,73.1844711303711,9,1
StandardGP,8246782f-ada6-11ef-959e-e4a8dfc2a9a8,resid_build_sale_price,29,70,71.9840087890625,0.07852387428283691,4036.0,73.1844711303711,9,1
StandardGP,8246782f-ada6-11ef-959e-e4a8dfc2a9a8,resid_build_sale_price,29,71,71.9840087890625,0.09680509567260742,4860.0,73.1844711303711,9,1
StandardGP,8246782f-ada6-11ef-959e-e4a8dfc2a9a8,resid_build_sale_price,29,72,71.9840087890625,0.09981846809387207,4646.0,73.1844711303711,9,1
StandardGP,8246782f-ada6-11ef-959e-e4a8dfc2a9a8,resid_build_sale_price,29,73,71.9840087890625,0.10334920883178711,5108.0,73.1844711303711,9,1
StandardGP,8246782f-ada6-11ef-959e-e4a8dfc2a9a8,resid_build_sale_price,29,74,71.9840087890625,0.10728883743286133,5172.0,73.1844711303711,9,1
StandardGP,8246782f-ada6-11ef-959e-e4a8dfc2a9a8,resid_build_sale_price,29,75,71.9840087890625,0.11392378807067871,4908.0,73.1844711303711,9,1
StandardGP,8246782f-ada6-11ef-959e-e4a8dfc2a9a8,resid_build_sale_price,29,76,71.9840087890625,0.1123800277709961,5134.0,73.1844711303711,9,1
StandardGP,8246782f-ada6-11ef-959e-e4a8dfc2a9a8,resid_build_sale_price,29,77,71.9840087890625,0.11023902893066406,4846.0,73.1844711303711,9,1
StandardGP,8246782f-ada6-11ef-959e-e4a8dfc2a9a8,resid_build_sale_price,29,78,71.9840087890625,0.10004234313964844,4928.0,73.1844711303711,9,1
StandardGP,8246782f-ada6-11ef-959e-e4a8dfc2a9a8,resid_build_sale_price,29,79,71.9840087890625,0.0996241569519043,4784.0,73.1844711303711,9,1
StandardGP,8246782f-ada6-11ef-959e-e4a8dfc2a9a8,resid_build_sale_price,29,80,71.9840087890625,0.09595656394958496,4642.0,73.1844711303711,9,1
StandardGP,8246782f-ada6-11ef-959e-e4a8dfc2a9a8,resid_build_sale_price,29,81,71.9840087890625,0.10332703590393066,4676.0,73.1844711303711,9,1
StandardGP,8246782f-ada6-11ef-959e-e4a8dfc2a9a8,resid_build_sale_price,29,82,71.9840087890625,0.08792281150817871,4496.0,73.1844711303711,9,1
StandardGP,8246782f-ada6-11ef-959e-e4a8dfc2a9a8,resid_build_sale_price,29,83,71.9840087890625,0.08485102653503418,4208.0,73.1844711303711,9,1
StandardGP,8246782f-ada6-11ef-959e-e4a8dfc2a9a8,resid_build_sale_price,29,84,71.9840087890625,0.0834355354309082,4196.0,73.1844711303711,9,1
StandardGP,8246782f-ada6-11ef-959e-e4a8dfc2a9a8,resid_build_sale_price,29,85,71.9840087890625,0.08495044708251953,4386.0,73.1844711303711,9,1
StandardGP,8246782f-ada6-11ef-959e-e4a8dfc2a9a8,resid_build_sale_price,29,86,71.9840087890625,0.09744000434875488,4716.0,73.1844711303711,9,1
StandardGP,8246782f-ada6-11ef-959e-e4a8dfc2a9a8,resid_build_sale_price,29,87,71.9840087890625,0.0997469425201416,4658.0,73.1844711303711,9,1
StandardGP,8246782f-ada6-11ef-959e-e4a8dfc2a9a8,resid_build_sale_price,29,88,71.9840087890625,0.0911710262298584,4386.0,73.1844711303711,9,1
StandardGP,8246782f-ada6-11ef-959e-e4a8dfc2a9a8,resid_build_sale_price,29,89,71.9840087890625,0.08692049980163574,4264.0,73.1844711303711,9,1
StandardGP,8246782f-ada6-11ef-959e-e4a8dfc2a9a8,resid_build_sale_price,29,90,71.9840087890625,0.08850622177124023,4188.0,73.1844711303711,9,1
StandardGP,8246782f-ada6-11ef-959e-e4a8dfc2a9a8,resid_build_sale_price,29,91,71.9840087890625,0.08997678756713867,4174.0,73.1844711303711,9,1
StandardGP,8246782f-ada6-11ef-959e-e4a8dfc2a9a8,resid_build_sale_price,29,92,71.9840087890625,0.08332419395446777,4024.0,73.1844711303711,9,1
StandardGP,8246782f-ada6-11ef-959e-e4a8dfc2a9a8,resid_build_sale_price,29,93,71.9840087890625,0.07889270782470703,3892.0,73.1844711303711,9,1
StandardGP,8246782f-ada6-11ef-959e-e4a8dfc2a9a8,resid_build_sale_price,29,94,71.9840087890625,0.0828404426574707,4086.0,73.1844711303711,9,1
StandardGP,8246782f-ada6-11ef-959e-e4a8dfc2a9a8,resid_build_sale_price,29,95,71.9840087890625,0.07644176483154297,3922.0,73.1844711303711,9,1
StandardGP,8246782f-ada6-11ef-959e-e4a8dfc2a9a8,resid_build_sale_price,29,96,71.9840087890625,0.07731795310974121,3834.0,73.1844711303711,9,1
StandardGP,8246782f-ada6-11ef-959e-e4a8dfc2a9a8,resid_build_sale_price,29,97,71.9840087890625,0.07061004638671875,3642.0,73.1844711303711,9,1
StandardGP,8246782f-ada6-11ef-959e-e4a8dfc2a9a8,resid_build_sale_price,29,98,71.9840087890625,0.06859636306762695,3488.0,73.1844711303711,9,1
StandardGP,8246782f-ada6-11ef-959e-e4a8dfc2a9a8,resid_build_sale_price,29,99,71.9840087890625,0.07237005233764648,3604.0,73.1844711303711,9,1
StandardGP,8246782f-ada6-11ef-959e-e4a8dfc2a9a8,resid_build_sale_price,29,100,71.9840087890625,0.07094621658325195,3448.0,73.1844711303711,9,1
