StandardGP,e383a641-ada3-11ef-8b88-e4a8dfc2a9a8,resid_build_sale_price,25,0,0.13577589392662048,0.08063721656799316,1346.0,0.14535684883594513,5,1
StandardGP,e383a641-ada3-11ef-8b88-e4a8dfc2a9a8,resid_build_sale_price,25,1,0.12910492718219757,0.03000020980834961,804.0,0.15118025243282318,3,1
StandardGP,e383a641-ada3-11ef-8b88-e4a8dfc2a9a8,resid_build_sale_price,25,2,0.12910492718219757,0.024044036865234375,484.0,0.15118025243282318,3,1
StandardGP,e383a641-ada3-11ef-8b88-e4a8dfc2a9a8,resid_build_sale_price,25,3,0.12910492718219757,0.021587848663330078,468.0,0.15118025243282318,3,1
StandardGP,e383a641-ada3-11ef-8b88-e4a8dfc2a9a8,resid_build_sale_price,25,4,0.12039979547262192,0.023999929428100586,492.0,0.12522637844085693,3,1
StandardGP,e383a641-ada3-11ef-8b88-e4a8dfc2a9a8,resid_build_sale_price,25,5,0.060819823294878006,0.01941514015197754,534.0,0.0877811536192894,3,1
StandardGP,e383a641-ada3-11ef-8b88-e4a8dfc2a9a8,resid_build_sale_price,25,6,0.060819823294878006,0.019578933715820312,564.0,0.0877811536192894,3,1
StandardGP,e383a641-ada3-11ef-8b88-e4a8dfc2a9a8,resid_build_sale_price,25,7,0.060819823294878006,0.020893096923828125,576.0,0.0877811536192894,3,1
StandardGP,e383a641-ada3-11ef-8b88-e4a8dfc2a9a8,resid_build_sale_price,25,8,0.060819823294878006,0.02022862434387207,618.0,0.0877811536192894,3,1
StandardGP,e383a641-ada3-11ef-8b88-e4a8dfc2a9a8,resid_build_sale_price,25,9,0.060819823294878006,0.01976633071899414,640.0,0.0877811536192894,3,1
StandardGP,e383a641-ada3-11ef-8b88-e4a8dfc2a9a8,resid_build_sale_price,25,10,0.060819823294878006,0.022326946258544922,704.0,0.0877811536192894,3,1
StandardGP,e383a641-ada3-11ef-8b88-e4a8dfc2a9a8,resid_build_sale_price,25,11,0.060819823294878006,0.023819923400878906,714.0,0.0877811536192894,3,1
StandardGP,e383a641-ada3-11ef-8b88-e4a8dfc2a9a8,resid_build_sale_price,25,12,0.060819823294878006,0.022954702377319336,734.0,0.0877811536192894,3,1
StandardGP,e383a641-ada3-11ef-8b88-e4a8dfc2a9a8,resid_build_sale_price,25,13,0.060819823294878006,0.024066686630249023,696.0,0.0877811536192894,3,1
StandardGP,e383a641-ada3-11ef-8b88-e4a8dfc2a9a8,resid_build_sale_price,25,14,0.060819823294878006,0.0210573673248291,644.0,0.0877811536192894,3,1
StandardGP,e383a641-ada3-11ef-8b88-e4a8dfc2a9a8,resid_build_sale_price,25,15,0.060819823294878006,0.022119998931884766,678.0,0.0877811536192894,3,1
StandardGP,e383a641-ada3-11ef-8b88-e4a8dfc2a9a8,resid_build_sale_price,25,16,0.060819823294878006,0.02240133285522461,694.0,0.0877811536192894,3,1
StandardGP,e383a641-ada3-11ef-8b88-e4a8dfc2a9a8,resid_build_sale_price,25,17,0.060819823294878006,0.020888328552246094,684.0,0.0877811536192894,3,1
StandardGP,e383a641-ada3-11ef-8b88-e4a8dfc2a9a8,resid_build_sale_price,25,18,0.060819823294878006,0.023966073989868164,742.0,0.0877811536192894,3,1
StandardGP,e383a641-ada3-11ef-8b88-e4a8dfc2a9a8,resid_build_sale_price,25,19,0.060819823294878006,0.02533698081970215,690.0,0.0877811536192894,3,1
StandardGP,e383a641-ada3-11ef-8b88-e4a8dfc2a9a8,resid_build_sale_price,25,20,0.060819823294878006,0.02704596519470215,680.0,0.0877811536192894,3,1
StandardGP,e383a641-ada3-11ef-8b88-e4a8dfc2a9a8,resid_build_sale_price,25,21,0.060819823294878006,0.020999670028686523,618.0,0.0877811536192894,3,1
StandardGP,e383a641-ada3-11ef-8b88-e4a8dfc2a9a8,resid_build_sale_price,25,22,0.060819823294878006,0.020999670028686523,602.0,0.0877811536192894,3,1
StandardGP,e383a641-ada3-11ef-8b88-e4a8dfc2a9a8,resid_build_sale_price,25,23,0.060819823294878006,0.02004408836364746,640.0,0.0877811536192894,3,1
StandardGP,e383a641-ada3-11ef-8b88-e4a8dfc2a9a8,resid_build_sale_price,25,24,0.060819823294878006,0.020587444305419922,632.0,0.0877811536192894,3,1
StandardGP,e383a641-ada3-11ef-8b88-e4a8dfc2a9a8,resid_build_sale_price,25,25,0.060819823294878006,0.02320075035095215,662.0,0.0877811536192894,3,1
StandardGP,e383a641-ada3-11ef-8b88-e4a8dfc2a9a8,resid_build_sale_price,25,26,0.060819823294878006,0.021000146865844727,662.0,0.0877811536192894,3,1
StandardGP,e383a641-ada3-11ef-8b88-e4a8dfc2a9a8,resid_build_sale_price,25,27,0.060819823294878006,0.02203536033630371,692.0,0.0877811536192894,3,1
StandardGP,e383a641-ada3-11ef-8b88-e4a8dfc2a9a8,resid_build_sale_price,25,28,0.060819823294878006,0.02157139778137207,768.0,0.0877811536192894,3,1
StandardGP,e383a641-ada3-11ef-8b88-e4a8dfc2a9a8,resid_build_sale_price,25,29,0.060819823294878006,0.02500009536743164,778.0,0.0877811536192894,3,1
StandardGP,e383a641-ada3-11ef-8b88-e4a8dfc2a9a8,resid_build_sale_price,25,30,0.060819823294878006,0.023999929428100586,794.0,0.0877811536192894,3,1
StandardGP,e383a641-ada3-11ef-8b88-e4a8dfc2a9a8,resid_build_sale_price,25,31,0.044691018760204315,0.024044275283813477,752.0,0.06700864434242249,5,1
StandardGP,e383a641-ada3-11ef-8b88-e4a8dfc2a9a8,resid_build_sale_price,25,32,0.044691018760204315,0.02359461784362793,744.0,0.06700864434242249,5,1
StandardGP,e383a641-ada3-11ef-8b88-e4a8dfc2a9a8,resid_build_sale_price,25,33,0.044691018760204315,0.02200007438659668,718.0,0.06700864434242249,5,1
StandardGP,e383a641-ada3-11ef-8b88-e4a8dfc2a9a8,resid_build_sale_price,25,34,0.044691018760204315,0.026007890701293945,790.0,0.06700864434242249,5,1
StandardGP,e383a641-ada3-11ef-8b88-e4a8dfc2a9a8,resid_build_sale_price,25,35,0.044691018760204315,0.029043912887573242,828.0,0.06700864434242249,5,1
StandardGP,e383a641-ada3-11ef-8b88-e4a8dfc2a9a8,resid_build_sale_price,25,36,0.044691018760204315,0.03858828544616699,1004.0,0.06700864434242249,5,1
StandardGP,e383a641-ada3-11ef-8b88-e4a8dfc2a9a8,resid_build_sale_price,25,37,0.044691018760204315,0.04499959945678711,1170.0,0.06700864434242249,5,1
StandardGP,e383a641-ada3-11ef-8b88-e4a8dfc2a9a8,resid_build_sale_price,25,38,0.044691018760204315,0.035637855529785156,1166.0,0.06700864434242249,5,1
StandardGP,e383a641-ada3-11ef-8b88-e4a8dfc2a9a8,resid_build_sale_price,25,39,0.044691018760204315,0.03300023078918457,1240.0,0.06700864434242249,5,1
StandardGP,e383a641-ada3-11ef-8b88-e4a8dfc2a9a8,resid_build_sale_price,25,40,0.044691018760204315,0.03199934959411621,1346.0,0.06700864434242249,5,1
StandardGP,e383a641-ada3-11ef-8b88-e4a8dfc2a9a8,resid_build_sale_price,25,41,0.044691018760204315,0.036225318908691406,1438.0,0.06700864434242249,5,1
StandardGP,e383a641-ada3-11ef-8b88-e4a8dfc2a9a8,resid_build_sale_price,25,42,0.04351334646344185,0.04200029373168945,1618.0,0.061450500041246414,5,1
StandardGP,e383a641-ada3-11ef-8b88-e4a8dfc2a9a8,resid_build_sale_price,25,43,0.04351334646344185,0.042633056640625,1784.0,0.061450500041246414,5,1
StandardGP,e383a641-ada3-11ef-8b88-e4a8dfc2a9a8,resid_build_sale_price,25,44,0.04351334646344185,0.04300045967102051,1794.0,0.061450500041246414,5,1
StandardGP,e383a641-ada3-11ef-8b88-e4a8dfc2a9a8,resid_build_sale_price,25,45,0.04351334646344185,0.051636695861816406,1966.0,0.061450500041246414,5,1
StandardGP,e383a641-ada3-11ef-8b88-e4a8dfc2a9a8,resid_build_sale_price,25,46,0.04351334646344185,0.05099987983703613,2014.0,0.061450500041246414,5,1
StandardGP,e383a641-ada3-11ef-8b88-e4a8dfc2a9a8,resid_build_sale_price,25,47,0.04351334646344185,0.05263161659240723,1956.0,0.061450500041246414,5,1
StandardGP,e383a641-ada3-11ef-8b88-e4a8dfc2a9a8,resid_build_sale_price,25,48,0.04351334646344185,0.05099964141845703,2032.0,0.061450500041246414,5,1
StandardGP,e383a641-ada3-11ef-8b88-e4a8dfc2a9a8,resid_build_sale_price,25,49,0.04351334646344185,0.05164003372192383,2084.0,0.061450500041246414,5,1
StandardGP,e383a641-ada3-11ef-8b88-e4a8dfc2a9a8,resid_build_sale_price,25,50,0.04351334646344185,0.05299949645996094,2186.0,0.061450500041246414,5,1
StandardGP,e383a641-ada3-11ef-8b88-e4a8dfc2a9a8,resid_build_sale_price,25,51,0.04351334646344185,0.05363178253173828,1996.0,0.061450500041246414,5,1
StandardGP,e383a641-ada3-11ef-8b88-e4a8dfc2a9a8,resid_build_sale_price,25,52,0.04351334646344185,0.05099987983703613,2198.0,0.061450500041246414,5,1
StandardGP,e383a641-ada3-11ef-8b88-e4a8dfc2a9a8,resid_build_sale_price,25,53,0.04351334646344185,0.0606379508972168,2544.0,0.061450500041246414,5,1
StandardGP,e383a641-ada3-11ef-8b88-e4a8dfc2a9a8,resid_build_sale_price,25,54,0.04351334646344185,0.060587406158447266,2658.0,0.061450500041246414,5,1
StandardGP,e383a641-ada3-11ef-8b88-e4a8dfc2a9a8,resid_build_sale_price,25,55,0.04351334646344185,0.06393146514892578,2464.0,0.061450500041246414,5,1
StandardGP,e383a641-ada3-11ef-8b88-e4a8dfc2a9a8,resid_build_sale_price,25,56,0.04351334646344185,0.05463719367980957,2398.0,0.061450500041246414,5,1
StandardGP,e383a641-ada3-11ef-8b88-e4a8dfc2a9a8,resid_build_sale_price,25,57,0.04351334646344185,0.0559999942779541,2484.0,0.061450500041246414,5,1
StandardGP,e383a641-ada3-11ef-8b88-e4a8dfc2a9a8,resid_build_sale_price,25,58,0.04351334646344185,0.06263279914855957,2874.0,0.061450500041246414,5,1
StandardGP,e383a641-ada3-11ef-8b88-e4a8dfc2a9a8,resid_build_sale_price,25,59,0.04351334646344185,0.07163786888122559,3212.0,0.061450500041246414,5,1
StandardGP,e383a641-ada3-11ef-8b88-e4a8dfc2a9a8,resid_build_sale_price,25,60,0.04351334646344185,0.06100034713745117,2708.0,0.061450500041246414,5,1
StandardGP,e383a641-ada3-11ef-8b88-e4a8dfc2a9a8,resid_build_sale_price,25,61,0.04351334646344185,0.06563186645507812,2914.0,0.061450500041246414,5,1
StandardGP,e383a641-ada3-11ef-8b88-e4a8dfc2a9a8,resid_build_sale_price,25,62,0.04351334646344185,0.07063722610473633,2964.0,0.061450500041246414,5,1
StandardGP,e383a641-ada3-11ef-8b88-e4a8dfc2a9a8,resid_build_sale_price,25,63,0.04351334646344185,0.06904411315917969,2902.0,0.061450500041246414,5,1
StandardGP,e383a641-ada3-11ef-8b88-e4a8dfc2a9a8,resid_build_sale_price,25,64,0.04351334646344185,0.07250618934631348,3138.0,0.061450500041246414,5,1
StandardGP,e383a641-ada3-11ef-8b88-e4a8dfc2a9a8,resid_build_sale_price,25,65,0.04351334646344185,0.08316707611083984,3376.0,0.061450500041246414,5,1
StandardGP,e383a641-ada3-11ef-8b88-e4a8dfc2a9a8,resid_build_sale_price,25,66,0.04351334646344185,0.07885074615478516,3426.0,0.061450500041246414,5,1
StandardGP,e383a641-ada3-11ef-8b88-e4a8dfc2a9a8,resid_build_sale_price,25,67,0.04351334646344185,0.09862995147705078,4338.0,0.061450500041246414,5,1
StandardGP,e383a641-ada3-11ef-8b88-e4a8dfc2a9a8,resid_build_sale_price,25,68,0.04351334646344185,0.1026315689086914,4764.0,0.061450500041246414,5,1
StandardGP,e383a641-ada3-11ef-8b88-e4a8dfc2a9a8,resid_build_sale_price,25,69,0.04351334646344185,0.11963725090026855,5854.0,0.061450500041246414,5,1
StandardGP,e383a641-ada3-11ef-8b88-e4a8dfc2a9a8,resid_build_sale_price,25,70,0.04351334646344185,0.1386702060699463,7096.0,0.061450500041246414,5,1
StandardGP,e383a641-ada3-11ef-8b88-e4a8dfc2a9a8,resid_build_sale_price,25,71,0.04351334646344185,0.1592259407043457,7418.0,0.061450500041246414,5,1
StandardGP,e383a641-ada3-11ef-8b88-e4a8dfc2a9a8,resid_build_sale_price,25,72,0.04351334646344185,0.18524456024169922,8918.0,0.061450500041246414,5,1
StandardGP,e383a641-ada3-11ef-8b88-e4a8dfc2a9a8,resid_build_sale_price,25,73,0.04351334646344185,0.18425941467285156,8564.0,0.061450500041246414,5,1
StandardGP,e383a641-ada3-11ef-8b88-e4a8dfc2a9a8,resid_build_sale_price,25,74,0.04351334646344185,0.178680419921875,8562.0,0.061450500041246414,5,1
StandardGP,e383a641-ada3-11ef-8b88-e4a8dfc2a9a8,resid_build_sale_price,25,75,0.04351334646344185,0.18174099922180176,8296.0,0.061450500041246414,5,1
StandardGP,e383a641-ada3-11ef-8b88-e4a8dfc2a9a8,resid_build_sale_price,25,76,0.04351334646344185,0.16427183151245117,8238.0,0.061450500041246414,5,1
StandardGP,e383a641-ada3-11ef-8b88-e4a8dfc2a9a8,resid_build_sale_price,25,77,0.04351334646344185,0.19526934623718262,8560.0,0.061450500041246414,5,1
StandardGP,e383a641-ada3-11ef-8b88-e4a8dfc2a9a8,resid_build_sale_price,25,78,0.04351334646344185,0.15167641639709473,6814.0,0.061450500041246414,5,1
StandardGP,e383a641-ada3-11ef-8b88-e4a8dfc2a9a8,resid_build_sale_price,25,79,0.04351334646344185,0.13922619819641113,6154.0,0.061450500041246414,5,1
StandardGP,e383a641-ada3-11ef-8b88-e4a8dfc2a9a8,resid_build_sale_price,25,80,0.04351334646344185,0.13682889938354492,6484.0,0.061450500041246414,5,1
StandardGP,e383a641-ada3-11ef-8b88-e4a8dfc2a9a8,resid_build_sale_price,25,81,0.04351334646344185,0.12553024291992188,5746.0,0.061450500041246414,5,1
StandardGP,e383a641-ada3-11ef-8b88-e4a8dfc2a9a8,resid_build_sale_price,25,82,0.04351334646344185,0.12963557243347168,5654.0,0.061450500041246414,5,1
StandardGP,e383a641-ada3-11ef-8b88-e4a8dfc2a9a8,resid_build_sale_price,25,83,0.04351334646344185,0.11463189125061035,5298.0,0.061450500041246414,5,1
StandardGP,e383a641-ada3-11ef-8b88-e4a8dfc2a9a8,resid_build_sale_price,25,84,0.04351334646344185,0.11663246154785156,5916.0,0.061450500041246414,5,1
StandardGP,e383a641-ada3-11ef-8b88-e4a8dfc2a9a8,resid_build_sale_price,25,85,0.04351334646344185,0.13968586921691895,6944.0,0.061450500041246414,5,1
StandardGP,e383a641-ada3-11ef-8b88-e4a8dfc2a9a8,resid_build_sale_price,25,86,0.04351334646344185,0.19427037239074707,9692.0,0.061450500041246414,5,1
StandardGP,e383a641-ada3-11ef-8b88-e4a8dfc2a9a8,resid_build_sale_price,25,87,0.04351334646344185,0.2018415927886963,9718.0,0.061450500041246414,5,1
StandardGP,e383a641-ada3-11ef-8b88-e4a8dfc2a9a8,resid_build_sale_price,25,88,0.04351334646344185,0.24626994132995605,11794.0,0.061450500041246414,5,1
StandardGP,e383a641-ada3-11ef-8b88-e4a8dfc2a9a8,resid_build_sale_price,25,89,0.04351334646344185,0.2812619209289551,11718.0,0.061450500041246414,5,1
StandardGP,e383a641-ada3-11ef-8b88-e4a8dfc2a9a8,resid_build_sale_price,25,90,0.04351334646344185,0.32990169525146484,15382.0,0.061450500041246414,5,1
StandardGP,e383a641-ada3-11ef-8b88-e4a8dfc2a9a8,resid_build_sale_price,25,91,0.04351334646344185,0.25069379806518555,12214.0,0.061450500041246414,5,1
StandardGP,e383a641-ada3-11ef-8b88-e4a8dfc2a9a8,resid_build_sale_price,25,92,0.04351334646344185,0.16968512535095215,8072.0,0.061450500041246414,5,1
StandardGP,e383a641-ada3-11ef-8b88-e4a8dfc2a9a8,resid_build_sale_price,25,93,0.04351334646344185,0.17926502227783203,9018.0,0.061450500041246414,5,1
StandardGP,e383a641-ada3-11ef-8b88-e4a8dfc2a9a8,resid_build_sale_price,25,94,0.04351334646344185,0.1889057159423828,9272.0,0.061450500041246414,5,1
StandardGP,e383a641-ada3-11ef-8b88-e4a8dfc2a9a8,resid_build_sale_price,25,95,0.04351334646344185,0.21026062965393066,10194.0,0.061450500041246414,5,1
StandardGP,e383a641-ada3-11ef-8b88-e4a8dfc2a9a8,resid_build_sale_price,25,96,0.04351334646344185,0.2158341407775879,10280.0,0.061450500041246414,5,1
StandardGP,e383a641-ada3-11ef-8b88-e4a8dfc2a9a8,resid_build_sale_price,25,97,0.04351334646344185,0.18171977996826172,9108.0,0.061450500041246414,5,1
StandardGP,e383a641-ada3-11ef-8b88-e4a8dfc2a9a8,resid_build_sale_price,25,98,0.04351334646344185,0.15226054191589355,7884.0,0.061450500041246414,5,1
StandardGP,e383a641-ada3-11ef-8b88-e4a8dfc2a9a8,resid_build_sale_price,25,99,0.04351334646344185,0.12163352966308594,6560.0,0.061450500041246414,5,1
StandardGP,e383a641-ada3-11ef-8b88-e4a8dfc2a9a8,resid_build_sale_price,25,100,0.04351334646344185,0.11463761329650879,5866.0,0.061450500041246414,5,1
StandardGP,8fd06f76-ada4-11ef-8be5-e4a8dfc2a9a8,resid_build_sale_price,25,0,123.8653335571289,0.055999755859375,1346.0,149.39491271972656,3,1
StandardGP,8fd06f76-ada4-11ef-8be5-e4a8dfc2a9a8,resid_build_sale_price,25,1,123.8653335571289,0.02600383758544922,968.0,149.39491271972656,3,1
StandardGP,8fd06f76-ada4-11ef-8be5-e4a8dfc2a9a8,resid_build_sale_price,25,2,45.790855407714844,0.03150773048400879,886.0,62.49422073364258,3,1
StandardGP,8fd06f76-ada4-11ef-8be5-e4a8dfc2a9a8,resid_build_sale_price,25,3,45.790855407714844,0.03099966049194336,938.0,62.49422073364258,3,1
StandardGP,8fd06f76-ada4-11ef-8be5-e4a8dfc2a9a8,resid_build_sale_price,25,4,45.790855407714844,0.030005931854248047,990.0,62.49422073364258,3,1
StandardGP,8fd06f76-ada4-11ef-8be5-e4a8dfc2a9a8,resid_build_sale_price,25,5,45.790855407714844,0.029511451721191406,1108.0,62.49422073364258,3,1
StandardGP,8fd06f76-ada4-11ef-8be5-e4a8dfc2a9a8,resid_build_sale_price,25,6,45.790855407714844,0.0435175895690918,1430.0,62.49422073364258,3,1
StandardGP,8fd06f76-ada4-11ef-8be5-e4a8dfc2a9a8,resid_build_sale_price,25,7,45.790855407714844,0.03260684013366699,1250.0,62.49422073364258,3,1
StandardGP,8fd06f76-ada4-11ef-8be5-e4a8dfc2a9a8,resid_build_sale_price,25,8,45.790855407714844,0.034201622009277344,1212.0,62.49422073364258,3,1
StandardGP,8fd06f76-ada4-11ef-8be5-e4a8dfc2a9a8,resid_build_sale_price,25,9,45.790855407714844,0.03332376480102539,1220.0,62.49422073364258,3,1
StandardGP,8fd06f76-ada4-11ef-8be5-e4a8dfc2a9a8,resid_build_sale_price,25,10,45.790855407714844,0.029703140258789062,1102.0,62.49422073364258,3,1
StandardGP,8fd06f76-ada4-11ef-8be5-e4a8dfc2a9a8,resid_build_sale_price,25,11,45.790855407714844,0.033338308334350586,1188.0,62.49422073364258,3,1
StandardGP,8fd06f76-ada4-11ef-8be5-e4a8dfc2a9a8,resid_build_sale_price,25,12,45.790855407714844,0.03300142288208008,1216.0,62.49422073364258,3,1
StandardGP,8fd06f76-ada4-11ef-8be5-e4a8dfc2a9a8,resid_build_sale_price,25,13,45.790855407714844,0.034752845764160156,1268.0,62.49422073364258,3,1
StandardGP,8fd06f76-ada4-11ef-8be5-e4a8dfc2a9a8,resid_build_sale_price,25,14,45.790855407714844,0.03428292274475098,1272.0,62.49422073364258,3,1
StandardGP,8fd06f76-ada4-11ef-8be5-e4a8dfc2a9a8,resid_build_sale_price,25,15,45.790855407714844,0.03101348876953125,1150.0,62.49422073364258,3,1
StandardGP,8fd06f76-ada4-11ef-8be5-e4a8dfc2a9a8,resid_build_sale_price,25,16,45.790855407714844,0.04232048988342285,1242.0,62.49422073364258,3,1
StandardGP,8fd06f76-ada4-11ef-8be5-e4a8dfc2a9a8,resid_build_sale_price,25,17,45.50996017456055,0.031000137329101562,1160.0,62.7098388671875,3,1
StandardGP,8fd06f76-ada4-11ef-8be5-e4a8dfc2a9a8,resid_build_sale_price,25,18,45.50996017456055,0.03299999237060547,1194.0,62.7098388671875,3,1
StandardGP,8fd06f76-ada4-11ef-8be5-e4a8dfc2a9a8,resid_build_sale_price,25,19,45.50996017456055,0.03460383415222168,1218.0,62.7098388671875,3,1
StandardGP,8fd06f76-ada4-11ef-8be5-e4a8dfc2a9a8,resid_build_sale_price,25,20,45.50996017456055,0.03299975395202637,1234.0,62.7098388671875,3,1
StandardGP,8fd06f76-ada4-11ef-8be5-e4a8dfc2a9a8,resid_build_sale_price,25,21,45.50996017456055,0.035036563873291016,1312.0,62.7098388671875,3,1
StandardGP,8fd06f76-ada4-11ef-8be5-e4a8dfc2a9a8,resid_build_sale_price,25,22,45.50996017456055,0.034688711166381836,1300.0,62.7098388671875,3,1
StandardGP,8fd06f76-ada4-11ef-8be5-e4a8dfc2a9a8,resid_build_sale_price,25,23,45.50996017456055,0.03414630889892578,1222.0,62.7098388671875,3,1
StandardGP,8fd06f76-ada4-11ef-8be5-e4a8dfc2a9a8,resid_build_sale_price,25,24,44.85258102416992,0.033034563064575195,1194.0,64.46994018554688,3,1
StandardGP,8fd06f76-ada4-11ef-8be5-e4a8dfc2a9a8,resid_build_sale_price,25,25,44.85258102416992,0.030592679977416992,1112.0,64.46994018554688,3,1
StandardGP,8fd06f76-ada4-11ef-8be5-e4a8dfc2a9a8,resid_build_sale_price,25,26,44.51757049560547,0.03398537635803223,1212.0,62.50554275512695,3,1
StandardGP,8fd06f76-ada4-11ef-8be5-e4a8dfc2a9a8,resid_build_sale_price,25,27,44.51757049560547,0.033034563064575195,1196.0,62.50554275512695,3,1
StandardGP,8fd06f76-ada4-11ef-8be5-e4a8dfc2a9a8,resid_build_sale_price,25,28,44.51757049560547,0.03257346153259277,1180.0,62.50554275512695,3,1
StandardGP,8fd06f76-ada4-11ef-8be5-e4a8dfc2a9a8,resid_build_sale_price,25,29,44.51757049560547,0.03099989891052246,1114.0,62.50554275512695,3,1
StandardGP,8fd06f76-ada4-11ef-8be5-e4a8dfc2a9a8,resid_build_sale_price,25,30,44.51757049560547,0.033034563064575195,1214.0,62.50554275512695,3,1
StandardGP,8fd06f76-ada4-11ef-8be5-e4a8dfc2a9a8,resid_build_sale_price,25,31,44.51757049560547,0.032569169998168945,1184.0,62.50554275512695,3,1
StandardGP,8fd06f76-ada4-11ef-8be5-e4a8dfc2a9a8,resid_build_sale_price,25,32,44.51757049560547,0.034999847412109375,1272.0,62.50554275512695,3,1
StandardGP,8fd06f76-ada4-11ef-8be5-e4a8dfc2a9a8,resid_build_sale_price,25,33,44.51757049560547,0.03703451156616211,1380.0,62.50554275512695,3,1
StandardGP,8fd06f76-ada4-11ef-8be5-e4a8dfc2a9a8,resid_build_sale_price,25,34,44.51757049560547,0.040572166442871094,1398.0,62.50554275512695,3,1
StandardGP,8fd06f76-ada4-11ef-8be5-e4a8dfc2a9a8,resid_build_sale_price,25,35,44.51757049560547,0.04471158981323242,1518.0,62.50554275512695,3,1
StandardGP,8fd06f76-ada4-11ef-8be5-e4a8dfc2a9a8,resid_build_sale_price,25,36,44.51757049560547,0.048578739166259766,1800.0,62.50554275512695,3,1
StandardGP,8fd06f76-ada4-11ef-8be5-e4a8dfc2a9a8,resid_build_sale_price,25,37,44.51757049560547,0.08258175849914551,1932.0,62.50554275512695,3,1
StandardGP,8fd06f76-ada4-11ef-8be5-e4a8dfc2a9a8,resid_build_sale_price,25,38,44.51757049560547,0.05498790740966797,2056.0,62.50554275512695,3,1
StandardGP,8fd06f76-ada4-11ef-8be5-e4a8dfc2a9a8,resid_build_sale_price,25,39,44.51757049560547,0.05454397201538086,2096.0,62.50554275512695,3,1
StandardGP,8fd06f76-ada4-11ef-8be5-e4a8dfc2a9a8,resid_build_sale_price,25,40,44.51757049560547,0.04899930953979492,1870.0,62.50554275512695,3,1
StandardGP,8fd06f76-ada4-11ef-8be5-e4a8dfc2a9a8,resid_build_sale_price,25,41,44.51757049560547,0.05317330360412598,2138.0,62.50554275512695,3,1
StandardGP,8fd06f76-ada4-11ef-8be5-e4a8dfc2a9a8,resid_build_sale_price,25,42,44.51757049560547,0.05701255798339844,2162.0,62.50554275512695,3,1
StandardGP,8fd06f76-ada4-11ef-8be5-e4a8dfc2a9a8,resid_build_sale_price,25,43,44.51757049560547,0.05153083801269531,1980.0,62.50554275512695,3,1
StandardGP,8fd06f76-ada4-11ef-8be5-e4a8dfc2a9a8,resid_build_sale_price,25,44,44.51757049560547,0.05201148986816406,1976.0,62.50554275512695,3,1
StandardGP,8fd06f76-ada4-11ef-8be5-e4a8dfc2a9a8,resid_build_sale_price,25,45,44.51757049560547,0.04801225662231445,1932.0,62.50554275512695,3,1
StandardGP,8fd06f76-ada4-11ef-8be5-e4a8dfc2a9a8,resid_build_sale_price,25,46,44.51757049560547,0.052525997161865234,2002.0,62.50554275512695,3,1
StandardGP,8fd06f76-ada4-11ef-8be5-e4a8dfc2a9a8,resid_build_sale_price,25,47,44.51757049560547,0.048024892807006836,2172.0,62.50554275512695,3,1
StandardGP,8fd06f76-ada4-11ef-8be5-e4a8dfc2a9a8,resid_build_sale_price,25,48,44.51757049560547,0.04502391815185547,2086.0,62.50554275512695,3,1
StandardGP,8fd06f76-ada4-11ef-8be5-e4a8dfc2a9a8,resid_build_sale_price,25,49,44.51757049560547,0.04657340049743652,2210.0,62.50554275512695,3,1
StandardGP,8fd06f76-ada4-11ef-8be5-e4a8dfc2a9a8,resid_build_sale_price,25,50,44.51757049560547,0.04202985763549805,1896.0,62.50554275512695,3,1
StandardGP,8fd06f76-ada4-11ef-8be5-e4a8dfc2a9a8,resid_build_sale_price,25,51,44.51757049560547,0.047547340393066406,2194.0,62.50554275512695,3,1
StandardGP,8fd06f76-ada4-11ef-8be5-e4a8dfc2a9a8,resid_build_sale_price,25,52,44.51757049560547,0.05104660987854004,2294.0,62.50554275512695,3,1
StandardGP,8fd06f76-ada4-11ef-8be5-e4a8dfc2a9a8,resid_build_sale_price,25,53,44.51757049560547,0.05282902717590332,2504.0,62.50554275512695,3,1
StandardGP,8fd06f76-ada4-11ef-8be5-e4a8dfc2a9a8,resid_build_sale_price,25,54,44.51757049560547,0.06170797348022461,2876.0,62.50554275512695,3,1
StandardGP,8fd06f76-ada4-11ef-8be5-e4a8dfc2a9a8,resid_build_sale_price,25,55,44.51757049560547,0.0661776065826416,3244.0,62.50554275512695,3,1
StandardGP,8fd06f76-ada4-11ef-8be5-e4a8dfc2a9a8,resid_build_sale_price,25,56,44.51757049560547,0.06499910354614258,3032.0,62.50554275512695,3,1
StandardGP,8fd06f76-ada4-11ef-8be5-e4a8dfc2a9a8,resid_build_sale_price,25,57,44.51757049560547,0.060916900634765625,2894.0,62.50554275512695,3,1
StandardGP,8fd06f76-ada4-11ef-8be5-e4a8dfc2a9a8,resid_build_sale_price,25,58,44.51757049560547,0.0691840648651123,3242.0,62.50554275512695,3,1
StandardGP,8fd06f76-ada4-11ef-8be5-e4a8dfc2a9a8,resid_build_sale_price,25,59,44.51757049560547,125.9272472858429,3526.0,62.50554275512695,3,1
StandardGP,8fd06f76-ada4-11ef-8be5-e4a8dfc2a9a8,resid_build_sale_price,25,60,44.51757049560547,0.06481647491455078,3310.0,62.50554275512695,3,1
StandardGP,8fd06f76-ada4-11ef-8be5-e4a8dfc2a9a8,resid_build_sale_price,25,61,44.51757049560547,0.05889725685119629,3390.0,62.50554275512695,3,1
StandardGP,8fd06f76-ada4-11ef-8be5-e4a8dfc2a9a8,resid_build_sale_price,25,62,44.51757049560547,0.10052227973937988,3156.0,62.50554275512695,3,1
StandardGP,8fd06f76-ada4-11ef-8be5-e4a8dfc2a9a8,resid_build_sale_price,25,63,44.51757049560547,0.08065176010131836,3540.0,62.50554275512695,3,1
StandardGP,8fd06f76-ada4-11ef-8be5-e4a8dfc2a9a8,resid_build_sale_price,25,64,44.51757049560547,0.04988908767700195,2820.0,62.50554275512695,3,1
StandardGP,8fd06f76-ada4-11ef-8be5-e4a8dfc2a9a8,resid_build_sale_price,25,65,44.51757049560547,0.05839943885803223,2762.0,62.50554275512695,3,1
StandardGP,8fd06f76-ada4-11ef-8be5-e4a8dfc2a9a8,resid_build_sale_price,25,66,44.51757049560547,0.042000770568847656,2242.0,62.50554275512695,3,1
StandardGP,8fd06f76-ada4-11ef-8be5-e4a8dfc2a9a8,resid_build_sale_price,25,67,44.51757049560547,0.09963822364807129,2400.0,62.50554275512695,3,1
StandardGP,8fd06f76-ada4-11ef-8be5-e4a8dfc2a9a8,resid_build_sale_price,25,68,44.51757049560547,0.21691155433654785,1886.0,62.50554275512695,3,1
StandardGP,8fd06f76-ada4-11ef-8be5-e4a8dfc2a9a8,resid_build_sale_price,25,69,44.51757049560547,0.1968839168548584,1980.0,62.50554275512695,3,1
StandardGP,8fd06f76-ada4-11ef-8be5-e4a8dfc2a9a8,resid_build_sale_price,25,70,44.51757049560547,0.2736349105834961,1822.0,62.50554275512695,3,1
StandardGP,8fd06f76-ada4-11ef-8be5-e4a8dfc2a9a8,resid_build_sale_price,25,71,44.51757049560547,0.17144370079040527,1936.0,62.50554275512695,3,1
StandardGP,8fd06f76-ada4-11ef-8be5-e4a8dfc2a9a8,resid_build_sale_price,25,72,44.51757049560547,0.18512272834777832,1928.0,62.50554275512695,3,1
StandardGP,8fd06f76-ada4-11ef-8be5-e4a8dfc2a9a8,resid_build_sale_price,25,73,44.51757049560547,0.1761918067932129,1836.0,62.50554275512695,3,1
StandardGP,8fd06f76-ada4-11ef-8be5-e4a8dfc2a9a8,resid_build_sale_price,25,74,44.51757049560547,0.11660218238830566,2072.0,62.50554275512695,3,1
StandardGP,8fd06f76-ada4-11ef-8be5-e4a8dfc2a9a8,resid_build_sale_price,25,75,44.51757049560547,0.07043027877807617,1944.0,62.50554275512695,3,1
StandardGP,8fd06f76-ada4-11ef-8be5-e4a8dfc2a9a8,resid_build_sale_price,25,76,44.51757049560547,0.0732572078704834,2166.0,62.50554275512695,3,1
StandardGP,8fd06f76-ada4-11ef-8be5-e4a8dfc2a9a8,resid_build_sale_price,25,77,44.51757049560547,0.05470752716064453,2096.0,62.50554275512695,3,1
StandardGP,8fd06f76-ada4-11ef-8be5-e4a8dfc2a9a8,resid_build_sale_price,25,78,44.51757049560547,0.11700224876403809,2098.0,62.50554275512695,3,1
StandardGP,8fd06f76-ada4-11ef-8be5-e4a8dfc2a9a8,resid_build_sale_price,25,79,44.51757049560547,0.09997844696044922,1996.0,62.50554275512695,3,1
StandardGP,8fd06f76-ada4-11ef-8be5-e4a8dfc2a9a8,resid_build_sale_price,25,80,44.51757049560547,0.10020065307617188,2162.0,62.50554275512695,3,1
StandardGP,8fd06f76-ada4-11ef-8be5-e4a8dfc2a9a8,resid_build_sale_price,25,81,44.51757049560547,0.06629276275634766,2154.0,62.50554275512695,3,1
StandardGP,8fd06f76-ada4-11ef-8be5-e4a8dfc2a9a8,resid_build_sale_price,25,82,44.51757049560547,0.08644771575927734,2156.0,62.50554275512695,3,1
StandardGP,8fd06f76-ada4-11ef-8be5-e4a8dfc2a9a8,resid_build_sale_price,25,83,44.51757049560547,0.08432888984680176,2520.0,62.50554275512695,3,1
StandardGP,8fd06f76-ada4-11ef-8be5-e4a8dfc2a9a8,resid_build_sale_price,25,84,44.51757049560547,0.07281756401062012,2388.0,62.50554275512695,3,1
StandardGP,8fd06f76-ada4-11ef-8be5-e4a8dfc2a9a8,resid_build_sale_price,25,85,44.51757049560547,0.07273387908935547,2868.0,62.50554275512695,3,1
StandardGP,8fd06f76-ada4-11ef-8be5-e4a8dfc2a9a8,resid_build_sale_price,25,86,44.51757049560547,0.08224987983703613,3004.0,62.50554275512695,3,1
StandardGP,8fd06f76-ada4-11ef-8be5-e4a8dfc2a9a8,resid_build_sale_price,25,87,44.51757049560547,0.09993958473205566,3114.0,62.50554275512695,3,1
StandardGP,8fd06f76-ada4-11ef-8be5-e4a8dfc2a9a8,resid_build_sale_price,25,88,44.51757049560547,0.06653189659118652,3340.0,62.50554275512695,3,1
StandardGP,8fd06f76-ada4-11ef-8be5-e4a8dfc2a9a8,resid_build_sale_price,25,89,44.51757049560547,0.08375024795532227,3316.0,62.50554275512695,3,1
StandardGP,8fd06f76-ada4-11ef-8be5-e4a8dfc2a9a8,resid_build_sale_price,25,90,44.51757049560547,0.07723069190979004,2926.0,62.50554275512695,3,1
StandardGP,8fd06f76-ada4-11ef-8be5-e4a8dfc2a9a8,resid_build_sale_price,25,91,44.51757049560547,0.06909537315368652,3170.0,62.50554275512695,3,1
StandardGP,8fd06f76-ada4-11ef-8be5-e4a8dfc2a9a8,resid_build_sale_price,25,92,44.51757049560547,0.06734371185302734,3216.0,62.50554275512695,3,1
StandardGP,8fd06f76-ada4-11ef-8be5-e4a8dfc2a9a8,resid_build_sale_price,25,93,44.51757049560547,0.07145023345947266,3056.0,62.50554275512695,3,1
StandardGP,8fd06f76-ada4-11ef-8be5-e4a8dfc2a9a8,resid_build_sale_price,25,94,44.51757049560547,0.10916805267333984,3212.0,62.50554275512695,3,1
StandardGP,8fd06f76-ada4-11ef-8be5-e4a8dfc2a9a8,resid_build_sale_price,25,95,44.51757049560547,0.30602526664733887,3206.0,62.50554275512695,3,1
StandardGP,8fd06f76-ada4-11ef-8be5-e4a8dfc2a9a8,resid_build_sale_price,25,96,44.346527099609375,0.2620377540588379,2944.0,62.901580810546875,3,1
StandardGP,8fd06f76-ada4-11ef-8be5-e4a8dfc2a9a8,resid_build_sale_price,25,97,44.346527099609375,0.08957147598266602,2922.0,62.901580810546875,3,1
StandardGP,8fd06f76-ada4-11ef-8be5-e4a8dfc2a9a8,resid_build_sale_price,25,98,44.346527099609375,0.08925509452819824,2996.0,62.901580810546875,3,1
StandardGP,8fd06f76-ada4-11ef-8be5-e4a8dfc2a9a8,resid_build_sale_price,25,99,44.346527099609375,0.08922219276428223,3296.0,62.901580810546875,3,1
StandardGP,8fd06f76-ada4-11ef-8be5-e4a8dfc2a9a8,resid_build_sale_price,25,100,44.346527099609375,0.08906388282775879,3310.0,62.901580810546875,3,1
StandardGP,f64fd46f-ada5-11ef-a193-e4a8dfc2a9a8,resid_build_sale_price,25,0,0.13681626319885254,0.05792880058288574,1346.0,0.16285867989063263,3,1
StandardGP,f64fd46f-ada5-11ef-a193-e4a8dfc2a9a8,resid_build_sale_price,25,1,0.12527884542942047,0.026257038116455078,846.0,0.1233559399843216,13,1
StandardGP,f64fd46f-ada5-11ef-a193-e4a8dfc2a9a8,resid_build_sale_price,25,2,0.11967192590236664,0.02505207061767578,778.0,0.11846043914556503,5,1
StandardGP,f64fd46f-ada5-11ef-a193-e4a8dfc2a9a8,resid_build_sale_price,25,3,0.09783570468425751,0.021996498107910156,720.0,0.10330367833375931,5,1
StandardGP,f64fd46f-ada5-11ef-a193-e4a8dfc2a9a8,resid_build_sale_price,25,4,0.08156877011060715,0.022507905960083008,708.0,0.10931482166051865,5,1
StandardGP,f64fd46f-ada5-11ef-a193-e4a8dfc2a9a8,resid_build_sale_price,25,5,0.08156877011060715,0.02242588996887207,670.0,0.10931482166051865,5,1
StandardGP,f64fd46f-ada5-11ef-a193-e4a8dfc2a9a8,resid_build_sale_price,25,6,0.08156877011060715,0.020513296127319336,720.0,0.10931482166051865,5,1
StandardGP,f64fd46f-ada5-11ef-a193-e4a8dfc2a9a8,resid_build_sale_price,25,7,0.08156877011060715,0.020178556442260742,774.0,0.10931482166051865,5,1
StandardGP,f64fd46f-ada5-11ef-a193-e4a8dfc2a9a8,resid_build_sale_price,25,8,0.08156877011060715,0.0200960636138916,780.0,0.10931482166051865,5,1
StandardGP,f64fd46f-ada5-11ef-a193-e4a8dfc2a9a8,resid_build_sale_price,25,9,0.08156877011060715,0.02026653289794922,828.0,0.10931482166051865,5,1
StandardGP,f64fd46f-ada5-11ef-a193-e4a8dfc2a9a8,resid_build_sale_price,25,10,0.043522924184799194,0.020140647888183594,820.0,0.06145847588777542,5,1
StandardGP,f64fd46f-ada5-11ef-a193-e4a8dfc2a9a8,resid_build_sale_price,25,11,0.043522924184799194,0.022505760192871094,874.0,0.06145847588777542,5,1
StandardGP,f64fd46f-ada5-11ef-a193-e4a8dfc2a9a8,resid_build_sale_price,25,12,0.043522924184799194,0.02281498908996582,926.0,0.06145847588777542,5,1
StandardGP,f64fd46f-ada5-11ef-a193-e4a8dfc2a9a8,resid_build_sale_price,25,13,0.043522924184799194,0.02038264274597168,884.0,0.06145847588777542,5,1
StandardGP,f64fd46f-ada5-11ef-a193-e4a8dfc2a9a8,resid_build_sale_price,25,14,0.04351334646344185,0.02195596694946289,936.0,0.061450500041246414,13,1
StandardGP,f64fd46f-ada5-11ef-a193-e4a8dfc2a9a8,resid_build_sale_price,25,15,0.04351334646344185,0.022217512130737305,924.0,0.061450500041246414,13,1
StandardGP,f64fd46f-ada5-11ef-a193-e4a8dfc2a9a8,resid_build_sale_price,25,16,0.04351334646344185,0.021893739700317383,924.0,0.061450500041246414,13,1
StandardGP,f64fd46f-ada5-11ef-a193-e4a8dfc2a9a8,resid_build_sale_price,25,17,0.04351334273815155,0.02394700050354004,1004.0,0.06145050376653671,13,1
StandardGP,f64fd46f-ada5-11ef-a193-e4a8dfc2a9a8,resid_build_sale_price,25,18,0.04351334273815155,0.027713775634765625,1132.0,0.06145050376653671,13,1
StandardGP,f64fd46f-ada5-11ef-a193-e4a8dfc2a9a8,resid_build_sale_price,25,19,0.04351334273815155,0.031177997589111328,1316.0,0.06145050376653671,13,1
StandardGP,f64fd46f-ada5-11ef-a193-e4a8dfc2a9a8,resid_build_sale_price,25,20,0.043511249125003815,0.036353111267089844,1474.0,0.061450500041246414,13,1
StandardGP,f64fd46f-ada5-11ef-a193-e4a8dfc2a9a8,resid_build_sale_price,25,21,0.043511249125003815,0.03957223892211914,1708.0,0.061450500041246414,13,1
StandardGP,f64fd46f-ada5-11ef-a193-e4a8dfc2a9a8,resid_build_sale_price,25,22,0.043511249125003815,0.03508305549621582,1680.0,0.061450500041246414,13,1
StandardGP,f64fd46f-ada5-11ef-a193-e4a8dfc2a9a8,resid_build_sale_price,25,23,0.043511249125003815,0.03557610511779785,1726.0,0.061450500041246414,13,1
StandardGP,f64fd46f-ada5-11ef-a193-e4a8dfc2a9a8,resid_build_sale_price,25,24,0.043511249125003815,0.038602352142333984,1912.0,0.061450500041246414,13,1
StandardGP,f64fd46f-ada5-11ef-a193-e4a8dfc2a9a8,resid_build_sale_price,25,25,0.043511249125003815,0.0418548583984375,2160.0,0.061450500041246414,13,1
StandardGP,f64fd46f-ada5-11ef-a193-e4a8dfc2a9a8,resid_build_sale_price,25,26,0.043511249125003815,0.04448342323303223,2280.0,0.061450500041246414,13,1
StandardGP,f64fd46f-ada5-11ef-a193-e4a8dfc2a9a8,resid_build_sale_price,25,27,0.04351102560758591,0.04616093635559082,2518.0,0.061450496315956116,45,1
StandardGP,f64fd46f-ada5-11ef-a193-e4a8dfc2a9a8,resid_build_sale_price,25,28,0.04351102560758591,0.05294609069824219,2822.0,0.061450496315956116,45,1
StandardGP,f64fd46f-ada5-11ef-a193-e4a8dfc2a9a8,resid_build_sale_price,25,29,0.04351102560758591,0.058754920959472656,3132.0,0.061450496315956116,45,1
StandardGP,f64fd46f-ada5-11ef-a193-e4a8dfc2a9a8,resid_build_sale_price,25,30,0.04351092502474785,0.05824565887451172,3140.0,0.061450500041246414,25,1
StandardGP,f64fd46f-ada5-11ef-a193-e4a8dfc2a9a8,resid_build_sale_price,25,31,0.04351092502474785,0.06724309921264648,3288.0,0.061450500041246414,25,1
StandardGP,f64fd46f-ada5-11ef-a193-e4a8dfc2a9a8,resid_build_sale_price,25,32,0.04349375516176224,0.0690305233001709,3070.0,0.07826676964759827,25,1
StandardGP,f64fd46f-ada5-11ef-a193-e4a8dfc2a9a8,resid_build_sale_price,25,33,0.04349375516176224,0.06549739837646484,3276.0,0.07826676964759827,25,1
StandardGP,f64fd46f-ada5-11ef-a193-e4a8dfc2a9a8,resid_build_sale_price,25,34,0.04349375516176224,0.0659947395324707,3428.0,0.07826676964759827,25,1
StandardGP,f64fd46f-ada5-11ef-a193-e4a8dfc2a9a8,resid_build_sale_price,25,35,0.043435126543045044,0.07274174690246582,3602.0,0.061450496315956116,37,1
StandardGP,f64fd46f-ada5-11ef-a193-e4a8dfc2a9a8,resid_build_sale_price,25,36,0.043435126543045044,0.07844901084899902,3758.0,0.061450496315956116,37,1
StandardGP,f64fd46f-ada5-11ef-a193-e4a8dfc2a9a8,resid_build_sale_price,25,37,0.043435126543045044,0.07111477851867676,3608.0,0.061450496315956116,37,1
StandardGP,f64fd46f-ada5-11ef-a193-e4a8dfc2a9a8,resid_build_sale_price,25,38,0.043435126543045044,0.07251548767089844,3614.0,0.061450496315956116,37,1
StandardGP,f64fd46f-ada5-11ef-a193-e4a8dfc2a9a8,resid_build_sale_price,25,39,0.043435126543045044,0.08332347869873047,3880.0,0.061450496315956116,37,1
StandardGP,f64fd46f-ada5-11ef-a193-e4a8dfc2a9a8,resid_build_sale_price,25,40,0.043435126543045044,0.08683514595031738,4350.0,0.061450496315956116,37,1
StandardGP,f64fd46f-ada5-11ef-a193-e4a8dfc2a9a8,resid_build_sale_price,25,41,0.043435126543045044,0.09891819953918457,4740.0,0.061450496315956116,37,1
StandardGP,f64fd46f-ada5-11ef-a193-e4a8dfc2a9a8,resid_build_sale_price,25,42,0.043435126543045044,0.10593962669372559,4996.0,0.061450496315956116,37,1
StandardGP,f64fd46f-ada5-11ef-a193-e4a8dfc2a9a8,resid_build_sale_price,25,43,0.043435126543045044,0.10170173645019531,5092.0,0.061450496315956116,37,1
StandardGP,f64fd46f-ada5-11ef-a193-e4a8dfc2a9a8,resid_build_sale_price,25,44,0.043435126543045044,0.10738563537597656,5312.0,0.061450496315956116,37,1
StandardGP,f64fd46f-ada5-11ef-a193-e4a8dfc2a9a8,resid_build_sale_price,25,45,0.043435126543045044,0.11215043067932129,5252.0,0.061450496315956116,37,1
StandardGP,f64fd46f-ada5-11ef-a193-e4a8dfc2a9a8,resid_build_sale_price,25,46,0.043435126543045044,0.11315298080444336,5644.0,0.061450496315956116,37,1
StandardGP,f64fd46f-ada5-11ef-a193-e4a8dfc2a9a8,resid_build_sale_price,25,47,0.043435126543045044,0.12241148948669434,6246.0,0.061450496315956116,37,1
StandardGP,f64fd46f-ada5-11ef-a193-e4a8dfc2a9a8,resid_build_sale_price,25,48,0.043435126543045044,0.1202845573425293,6188.0,0.061450496315956116,37,1
StandardGP,f64fd46f-ada5-11ef-a193-e4a8dfc2a9a8,resid_build_sale_price,25,49,0.043435126543045044,0.13147974014282227,6400.0,0.061450496315956116,37,1
StandardGP,f64fd46f-ada5-11ef-a193-e4a8dfc2a9a8,resid_build_sale_price,25,50,0.043435126543045044,0.12532329559326172,6176.0,0.061450496315956116,37,1
StandardGP,f64fd46f-ada5-11ef-a193-e4a8dfc2a9a8,resid_build_sale_price,25,51,0.043435126543045044,0.12321853637695312,6152.0,0.061450496315956116,37,1
StandardGP,f64fd46f-ada5-11ef-a193-e4a8dfc2a9a8,resid_build_sale_price,25,52,0.043435126543045044,0.13395214080810547,6242.0,0.061450496315956116,37,1
StandardGP,f64fd46f-ada5-11ef-a193-e4a8dfc2a9a8,resid_build_sale_price,25,53,0.043435126543045044,0.13589882850646973,5900.0,0.061450496315956116,37,1
StandardGP,f64fd46f-ada5-11ef-a193-e4a8dfc2a9a8,resid_build_sale_price,25,54,0.043435126543045044,0.12171101570129395,6172.0,0.061450496315956116,37,1
StandardGP,f64fd46f-ada5-11ef-a193-e4a8dfc2a9a8,resid_build_sale_price,25,55,0.043435126543045044,0.11016273498535156,5554.0,0.061450496315956116,37,1
StandardGP,f64fd46f-ada5-11ef-a193-e4a8dfc2a9a8,resid_build_sale_price,25,56,0.043435126543045044,0.10115408897399902,5064.0,0.061450496315956116,37,1
StandardGP,f64fd46f-ada5-11ef-a193-e4a8dfc2a9a8,resid_build_sale_price,25,57,0.043435126543045044,0.10585713386535645,5464.0,0.061450496315956116,37,1
StandardGP,f64fd46f-ada5-11ef-a193-e4a8dfc2a9a8,resid_build_sale_price,25,58,0.043435126543045044,0.11514091491699219,5708.0,0.061450496315956116,37,1
StandardGP,f64fd46f-ada5-11ef-a193-e4a8dfc2a9a8,resid_build_sale_price,25,59,0.043435126543045044,0.11435604095458984,5816.0,0.061450496315956116,37,1
StandardGP,f64fd46f-ada5-11ef-a193-e4a8dfc2a9a8,resid_build_sale_price,25,60,0.043435126543045044,0.10805439949035645,5308.0,0.061450496315956116,37,1
StandardGP,f64fd46f-ada5-11ef-a193-e4a8dfc2a9a8,resid_build_sale_price,25,61,0.043435126543045044,0.09861111640930176,5112.0,0.061450496315956116,37,1
StandardGP,f64fd46f-ada5-11ef-a193-e4a8dfc2a9a8,resid_build_sale_price,25,62,0.043435126543045044,0.1055901050567627,5322.0,0.061450496315956116,37,1
StandardGP,f64fd46f-ada5-11ef-a193-e4a8dfc2a9a8,resid_build_sale_price,25,63,0.043435126543045044,0.10445952415466309,5304.0,0.061450496315956116,37,1
StandardGP,f64fd46f-ada5-11ef-a193-e4a8dfc2a9a8,resid_build_sale_price,25,64,0.043435126543045044,0.10217809677124023,5268.0,0.061450496315956116,37,1
StandardGP,f64fd46f-ada5-11ef-a193-e4a8dfc2a9a8,resid_build_sale_price,25,65,0.043435126543045044,0.11754393577575684,5700.0,0.061450496315956116,37,1
StandardGP,f64fd46f-ada5-11ef-a193-e4a8dfc2a9a8,resid_build_sale_price,25,66,0.043435126543045044,0.11513113975524902,5788.0,0.061450496315956116,37,1
StandardGP,f64fd46f-ada5-11ef-a193-e4a8dfc2a9a8,resid_build_sale_price,25,67,0.043435126543045044,0.12118744850158691,5888.0,0.061450496315956116,37,1
StandardGP,f64fd46f-ada5-11ef-a193-e4a8dfc2a9a8,resid_build_sale_price,25,68,0.043435126543045044,0.11046314239501953,5604.0,0.061450496315956116,37,1
StandardGP,f64fd46f-ada5-11ef-a193-e4a8dfc2a9a8,resid_build_sale_price,25,69,0.043435126543045044,0.11349892616271973,5722.0,0.061450496315956116,37,1
StandardGP,f64fd46f-ada5-11ef-a193-e4a8dfc2a9a8,resid_build_sale_price,25,70,0.043435126543045044,0.11697936058044434,5642.0,0.061450496315956116,37,1
StandardGP,f64fd46f-ada5-11ef-a193-e4a8dfc2a9a8,resid_build_sale_price,25,71,0.043435126543045044,0.11256575584411621,5636.0,0.061450496315956116,37,1
StandardGP,f64fd46f-ada5-11ef-a193-e4a8dfc2a9a8,resid_build_sale_price,25,72,0.043435126543045044,0.11704611778259277,5824.0,0.061450496315956116,37,1
StandardGP,f64fd46f-ada5-11ef-a193-e4a8dfc2a9a8,resid_build_sale_price,25,73,0.043435126543045044,0.11526131629943848,5738.0,0.061450496315956116,37,1
StandardGP,f64fd46f-ada5-11ef-a193-e4a8dfc2a9a8,resid_build_sale_price,25,74,0.043435126543045044,0.11850285530090332,5892.0,0.061450496315956116,37,1
StandardGP,f64fd46f-ada5-11ef-a193-e4a8dfc2a9a8,resid_build_sale_price,25,75,0.043435126543045044,0.12538385391235352,6310.0,0.061450496315956116,37,1
StandardGP,f64fd46f-ada5-11ef-a193-e4a8dfc2a9a8,resid_build_sale_price,25,76,0.04343467205762863,0.12157583236694336,5810.0,0.06216101348400116,65,1
StandardGP,f64fd46f-ada5-11ef-a193-e4a8dfc2a9a8,resid_build_sale_price,25,77,0.04343467205762863,0.12346744537353516,6044.0,0.06216101348400116,65,1
StandardGP,f64fd46f-ada5-11ef-a193-e4a8dfc2a9a8,resid_build_sale_price,25,78,0.04343467205762863,0.12238836288452148,6084.0,0.06216101348400116,65,1
StandardGP,f64fd46f-ada5-11ef-a193-e4a8dfc2a9a8,resid_build_sale_price,25,79,0.04343467205762863,0.12898731231689453,6172.0,0.06216101348400116,65,1
StandardGP,f64fd46f-ada5-11ef-a193-e4a8dfc2a9a8,resid_build_sale_price,25,80,0.04343467205762863,0.13951444625854492,6764.0,0.06216101348400116,65,1
StandardGP,f64fd46f-ada5-11ef-a193-e4a8dfc2a9a8,resid_build_sale_price,25,81,0.04343374818563461,0.13851380348205566,7062.0,0.06216100603342056,65,1
StandardGP,f64fd46f-ada5-11ef-a193-e4a8dfc2a9a8,resid_build_sale_price,25,82,0.04343374818563461,0.13141226768493652,6576.0,0.06216100603342056,65,1
StandardGP,f64fd46f-ada5-11ef-a193-e4a8dfc2a9a8,resid_build_sale_price,25,83,0.04343374818563461,0.14601397514343262,7066.0,0.06216100603342056,65,1
StandardGP,f64fd46f-ada5-11ef-a193-e4a8dfc2a9a8,resid_build_sale_price,25,84,0.04343374818563461,0.15852785110473633,7316.0,0.06216100603342056,65,1
StandardGP,f64fd46f-ada5-11ef-a193-e4a8dfc2a9a8,resid_build_sale_price,25,85,0.04343374818563461,0.15246891975402832,6832.0,0.06216100603342056,65,1
StandardGP,f64fd46f-ada5-11ef-a193-e4a8dfc2a9a8,resid_build_sale_price,25,86,0.04343374818563461,0.15492630004882812,7056.0,0.06216100603342056,65,1
StandardGP,f64fd46f-ada5-11ef-a193-e4a8dfc2a9a8,resid_build_sale_price,25,87,0.04343374818563461,0.14531612396240234,6892.0,0.06216100603342056,65,1
StandardGP,f64fd46f-ada5-11ef-a193-e4a8dfc2a9a8,resid_build_sale_price,25,88,0.04343374818563461,0.15671205520629883,7148.0,0.06216100603342056,65,1
StandardGP,f64fd46f-ada5-11ef-a193-e4a8dfc2a9a8,resid_build_sale_price,25,89,0.04343374818563461,0.14672517776489258,6862.0,0.06216100603342056,65,1
StandardGP,f64fd46f-ada5-11ef-a193-e4a8dfc2a9a8,resid_build_sale_price,25,90,0.04343374818563461,0.14072918891906738,6524.0,0.06216100603342056,65,1
StandardGP,f64fd46f-ada5-11ef-a193-e4a8dfc2a9a8,resid_build_sale_price,25,91,0.04343374818563461,0.148390531539917,6722.0,0.06216100603342056,65,1
StandardGP,f64fd46f-ada5-11ef-a193-e4a8dfc2a9a8,resid_build_sale_price,25,92,0.04343374818563461,0.13843822479248047,6248.0,0.06216100603342056,65,1
StandardGP,f64fd46f-ada5-11ef-a193-e4a8dfc2a9a8,resid_build_sale_price,25,93,0.04343374818563461,0.13638806343078613,6182.0,0.06216100603342056,65,1
StandardGP,f64fd46f-ada5-11ef-a193-e4a8dfc2a9a8,resid_build_sale_price,25,94,0.04343374818563461,0.1265408992767334,5806.0,0.06216100603342056,65,1
StandardGP,f64fd46f-ada5-11ef-a193-e4a8dfc2a9a8,resid_build_sale_price,25,95,0.04343374818563461,0.11747479438781738,5466.0,0.06216100603342056,65,1
StandardGP,f64fd46f-ada5-11ef-a193-e4a8dfc2a9a8,resid_build_sale_price,25,96,0.04343374818563461,0.2270052433013916,5968.0,0.06216100603342056,65,1
StandardGP,f64fd46f-ada5-11ef-a193-e4a8dfc2a9a8,resid_build_sale_price,25,97,0.04343374818563461,0.11903142929077148,5826.0,0.06216100603342056,65,1
StandardGP,f64fd46f-ada5-11ef-a193-e4a8dfc2a9a8,resid_build_sale_price,25,98,0.04343374818563461,0.12097930908203125,5876.0,0.06216100603342056,65,1
StandardGP,f64fd46f-ada5-11ef-a193-e4a8dfc2a9a8,resid_build_sale_price,25,99,0.04343374818563461,0.11696147918701172,5558.0,0.06216100603342056,65,1
StandardGP,f64fd46f-ada5-11ef-a193-e4a8dfc2a9a8,resid_build_sale_price,25,100,0.04343374818563461,0.12425446510314941,5348.0,0.06216100603342056,65,1
StandardGP,753947a1-ada6-11ef-bfde-e4a8dfc2a9a8,resid_build_sale_price,25,0,122.94991302490234,0.04877209663391113,1346.0,150.57415771484375,3,1
StandardGP,753947a1-ada6-11ef-bfde-e4a8dfc2a9a8,resid_build_sale_price,25,1,115.28687286376953,0.025513648986816406,990.0,140.44773864746094,5,1
StandardGP,753947a1-ada6-11ef-bfde-e4a8dfc2a9a8,resid_build_sale_price,25,2,115.28687286376953,0.0270082950592041,1110.0,140.44773864746094,5,1
StandardGP,753947a1-ada6-11ef-bfde-e4a8dfc2a9a8,resid_build_sale_price,25,3,102.82231140136719,0.02799534797668457,1078.0,109.64696502685547,5,1
StandardGP,753947a1-ada6-11ef-bfde-e4a8dfc2a9a8,resid_build_sale_price,25,4,101.35679626464844,0.02492690086364746,974.0,110.12793731689453,5,1
StandardGP,753947a1-ada6-11ef-bfde-e4a8dfc2a9a8,resid_build_sale_price,25,5,101.35679626464844,0.0227203369140625,878.0,110.12793731689453,5,1
StandardGP,753947a1-ada6-11ef-bfde-e4a8dfc2a9a8,resid_build_sale_price,25,6,101.35679626464844,0.022001981735229492,810.0,110.12793731689453,5,1
StandardGP,753947a1-ada6-11ef-bfde-e4a8dfc2a9a8,resid_build_sale_price,25,7,101.35679626464844,0.02099895477294922,750.0,110.12793731689453,5,1
StandardGP,753947a1-ada6-11ef-bfde-e4a8dfc2a9a8,resid_build_sale_price,25,8,97.07373046875,0.021671056747436523,724.0,114.36402893066406,5,1
StandardGP,753947a1-ada6-11ef-bfde-e4a8dfc2a9a8,resid_build_sale_price,25,9,97.07373046875,0.021008968353271484,754.0,114.36402893066406,5,1
StandardGP,753947a1-ada6-11ef-bfde-e4a8dfc2a9a8,resid_build_sale_price,25,10,97.07373046875,0.020570039749145508,786.0,114.36402893066406,5,1
StandardGP,753947a1-ada6-11ef-bfde-e4a8dfc2a9a8,resid_build_sale_price,25,11,97.07373046875,0.019687175750732422,768.0,114.36402893066406,5,1
StandardGP,753947a1-ada6-11ef-bfde-e4a8dfc2a9a8,resid_build_sale_price,25,12,97.07373046875,0.02071356773376465,770.0,114.36402893066406,5,1
StandardGP,753947a1-ada6-11ef-bfde-e4a8dfc2a9a8,resid_build_sale_price,25,13,97.07373046875,0.020014286041259766,794.0,114.36402893066406,5,1
StandardGP,753947a1-ada6-11ef-bfde-e4a8dfc2a9a8,resid_build_sale_price,25,14,75.90290069580078,0.020058155059814453,824.0,97.93547821044922,7,1
StandardGP,753947a1-ada6-11ef-bfde-e4a8dfc2a9a8,resid_build_sale_price,25,15,64.73963165283203,0.021977901458740234,894.0,87.64901733398438,9,1
StandardGP,753947a1-ada6-11ef-bfde-e4a8dfc2a9a8,resid_build_sale_price,25,16,64.73963165283203,0.02204418182373047,936.0,87.64901733398438,9,1
StandardGP,753947a1-ada6-11ef-bfde-e4a8dfc2a9a8,resid_build_sale_price,25,17,50.840911865234375,0.02116703987121582,968.0,62.71234893798828,11,1
StandardGP,753947a1-ada6-11ef-bfde-e4a8dfc2a9a8,resid_build_sale_price,25,18,49.3138313293457,0.02396678924560547,1040.0,63.06220626831055,5,1
StandardGP,753947a1-ada6-11ef-bfde-e4a8dfc2a9a8,resid_build_sale_price,25,19,49.3138313293457,0.02354741096496582,1062.0,63.06220626831055,5,1
StandardGP,753947a1-ada6-11ef-bfde-e4a8dfc2a9a8,resid_build_sale_price,25,20,44.346527099609375,0.021933794021606445,994.0,62.90160369873047,11,1
StandardGP,753947a1-ada6-11ef-bfde-e4a8dfc2a9a8,resid_build_sale_price,25,21,44.3409423828125,0.021450042724609375,940.0,62.926734924316406,7,1
StandardGP,753947a1-ada6-11ef-bfde-e4a8dfc2a9a8,resid_build_sale_price,25,22,44.116355895996094,0.023113727569580078,1000.0,62.94864273071289,9,1
StandardGP,753947a1-ada6-11ef-bfde-e4a8dfc2a9a8,resid_build_sale_price,25,23,43.7445182800293,0.022955656051635742,1146.0,62.704551696777344,11,1
StandardGP,753947a1-ada6-11ef-bfde-e4a8dfc2a9a8,resid_build_sale_price,25,24,43.7445182800293,0.02398228645324707,1142.0,62.704551696777344,11,1
StandardGP,753947a1-ada6-11ef-bfde-e4a8dfc2a9a8,resid_build_sale_price,25,25,43.7445182800293,0.023831844329833984,1192.0,62.704551696777344,11,1
StandardGP,753947a1-ada6-11ef-bfde-e4a8dfc2a9a8,resid_build_sale_price,25,26,43.7445182800293,0.02777838706970215,1316.0,62.704551696777344,11,1
StandardGP,753947a1-ada6-11ef-bfde-e4a8dfc2a9a8,resid_build_sale_price,25,27,43.7445182800293,0.028773069381713867,1444.0,62.704551696777344,11,1
StandardGP,753947a1-ada6-11ef-bfde-e4a8dfc2a9a8,resid_build_sale_price,25,28,42.92675018310547,0.028824806213378906,1410.0,63.3386116027832,9,1
StandardGP,753947a1-ada6-11ef-bfde-e4a8dfc2a9a8,resid_build_sale_price,25,29,42.92675018310547,0.028220653533935547,1384.0,63.3386116027832,9,1
StandardGP,753947a1-ada6-11ef-bfde-e4a8dfc2a9a8,resid_build_sale_price,25,30,42.92675018310547,0.026940107345581055,1336.0,63.3386116027832,9,1
StandardGP,753947a1-ada6-11ef-bfde-e4a8dfc2a9a8,resid_build_sale_price,25,31,42.92675018310547,0.03306007385253906,1424.0,63.3386116027832,9,1
StandardGP,753947a1-ada6-11ef-bfde-e4a8dfc2a9a8,resid_build_sale_price,25,32,42.92675018310547,0.03222465515136719,1634.0,63.3386116027832,9,1
StandardGP,753947a1-ada6-11ef-bfde-e4a8dfc2a9a8,resid_build_sale_price,25,33,42.92675018310547,0.03751015663146973,1946.0,63.3386116027832,9,1
StandardGP,753947a1-ada6-11ef-bfde-e4a8dfc2a9a8,resid_build_sale_price,25,34,42.92675018310547,0.03905487060546875,1964.0,63.3386116027832,9,1
StandardGP,753947a1-ada6-11ef-bfde-e4a8dfc2a9a8,resid_build_sale_price,25,35,42.92675018310547,0.036681413650512695,1836.0,63.3386116027832,9,1
StandardGP,753947a1-ada6-11ef-bfde-e4a8dfc2a9a8,resid_build_sale_price,25,36,42.92675018310547,0.03475022315979004,1778.0,63.3386116027832,9,1
StandardGP,753947a1-ada6-11ef-bfde-e4a8dfc2a9a8,resid_build_sale_price,25,37,42.92675018310547,0.03338360786437988,1688.0,63.3386116027832,9,1
StandardGP,753947a1-ada6-11ef-bfde-e4a8dfc2a9a8,resid_build_sale_price,25,38,42.92675018310547,0.03580617904663086,1704.0,63.3386116027832,9,1
StandardGP,753947a1-ada6-11ef-bfde-e4a8dfc2a9a8,resid_build_sale_price,25,39,42.92675018310547,0.030271530151367188,1482.0,63.3386116027832,9,1
StandardGP,753947a1-ada6-11ef-bfde-e4a8dfc2a9a8,resid_build_sale_price,25,40,42.92675018310547,0.030612468719482422,1486.0,63.3386116027832,9,1
StandardGP,753947a1-ada6-11ef-bfde-e4a8dfc2a9a8,resid_build_sale_price,25,41,42.92675018310547,0.03329825401306152,1566.0,63.3386116027832,9,1
StandardGP,753947a1-ada6-11ef-bfde-e4a8dfc2a9a8,resid_build_sale_price,25,42,42.911155700683594,0.035297393798828125,1734.0,63.59574508666992,13,1
StandardGP,753947a1-ada6-11ef-bfde-e4a8dfc2a9a8,resid_build_sale_price,25,43,42.911155700683594,0.033733367919921875,1680.0,63.59574508666992,13,1
StandardGP,753947a1-ada6-11ef-bfde-e4a8dfc2a9a8,resid_build_sale_price,25,44,42.911155700683594,0.03238868713378906,1488.0,63.59574508666992,13,1
StandardGP,753947a1-ada6-11ef-bfde-e4a8dfc2a9a8,resid_build_sale_price,25,45,42.911155700683594,0.030450105667114258,1554.0,63.59574508666992,13,1
StandardGP,753947a1-ada6-11ef-bfde-e4a8dfc2a9a8,resid_build_sale_price,25,46,42.911155700683594,0.03269648551940918,1610.0,63.59574508666992,13,1
StandardGP,753947a1-ada6-11ef-bfde-e4a8dfc2a9a8,resid_build_sale_price,25,47,42.64154052734375,0.03642725944519043,1770.0,63.53752136230469,7,1
StandardGP,753947a1-ada6-11ef-bfde-e4a8dfc2a9a8,resid_build_sale_price,25,48,42.64154052734375,0.037626028060913086,1760.0,63.53752136230469,7,1
StandardGP,753947a1-ada6-11ef-bfde-e4a8dfc2a9a8,resid_build_sale_price,25,49,42.64154052734375,0.04230904579162598,1952.0,63.53752136230469,7,1
StandardGP,753947a1-ada6-11ef-bfde-e4a8dfc2a9a8,resid_build_sale_price,25,50,42.36629104614258,0.04131460189819336,1966.0,64.36371612548828,13,1
StandardGP,753947a1-ada6-11ef-bfde-e4a8dfc2a9a8,resid_build_sale_price,25,51,42.36629104614258,0.04000115394592285,1922.0,64.36371612548828,13,1
StandardGP,753947a1-ada6-11ef-bfde-e4a8dfc2a9a8,resid_build_sale_price,25,52,42.36629104614258,0.04199337959289551,1964.0,64.36371612548828,13,1
StandardGP,753947a1-ada6-11ef-bfde-e4a8dfc2a9a8,resid_build_sale_price,25,53,42.36629104614258,0.04499197006225586,2096.0,64.36371612548828,13,1
StandardGP,753947a1-ada6-11ef-bfde-e4a8dfc2a9a8,resid_build_sale_price,25,54,42.36629104614258,0.04382729530334473,1988.0,64.36371612548828,13,1
StandardGP,753947a1-ada6-11ef-bfde-e4a8dfc2a9a8,resid_build_sale_price,25,55,42.36629104614258,0.04484105110168457,2096.0,64.36371612548828,13,1
StandardGP,753947a1-ada6-11ef-bfde-e4a8dfc2a9a8,resid_build_sale_price,25,56,42.36629104614258,0.0467381477355957,2230.0,64.36371612548828,13,1
StandardGP,753947a1-ada6-11ef-bfde-e4a8dfc2a9a8,resid_build_sale_price,25,57,42.36629104614258,0.04540848731994629,2172.0,64.36371612548828,13,1
StandardGP,753947a1-ada6-11ef-bfde-e4a8dfc2a9a8,resid_build_sale_price,25,58,42.36629104614258,0.05125689506530762,2344.0,64.36371612548828,13,1
StandardGP,753947a1-ada6-11ef-bfde-e4a8dfc2a9a8,resid_build_sale_price,25,59,41.84434509277344,0.057825326919555664,2892.0,62.495243072509766,11,1
StandardGP,753947a1-ada6-11ef-bfde-e4a8dfc2a9a8,resid_build_sale_price,25,60,41.84434509277344,0.05834341049194336,2776.0,62.495243072509766,11,1
StandardGP,753947a1-ada6-11ef-bfde-e4a8dfc2a9a8,resid_build_sale_price,25,61,41.84434509277344,0.055881500244140625,2736.0,62.495243072509766,11,1
StandardGP,753947a1-ada6-11ef-bfde-e4a8dfc2a9a8,resid_build_sale_price,25,62,41.84434509277344,0.055731773376464844,2788.0,62.495243072509766,11,1
StandardGP,753947a1-ada6-11ef-bfde-e4a8dfc2a9a8,resid_build_sale_price,25,63,41.84434509277344,0.05463290214538574,2734.0,62.495243072509766,11,1
StandardGP,753947a1-ada6-11ef-bfde-e4a8dfc2a9a8,resid_build_sale_price,25,64,41.84434509277344,0.06453132629394531,2956.0,62.495243072509766,11,1
StandardGP,753947a1-ada6-11ef-bfde-e4a8dfc2a9a8,resid_build_sale_price,25,65,41.84434509277344,0.06953835487365723,3456.0,62.495243072509766,11,1
StandardGP,753947a1-ada6-11ef-bfde-e4a8dfc2a9a8,resid_build_sale_price,25,66,41.84434509277344,0.07454609870910645,3520.0,62.495243072509766,11,1
StandardGP,753947a1-ada6-11ef-bfde-e4a8dfc2a9a8,resid_build_sale_price,25,67,41.84434509277344,0.08452916145324707,4162.0,62.495243072509766,11,1
StandardGP,753947a1-ada6-11ef-bfde-e4a8dfc2a9a8,resid_build_sale_price,25,68,41.84434509277344,0.09386658668518066,4510.0,62.495243072509766,11,1
StandardGP,753947a1-ada6-11ef-bfde-e4a8dfc2a9a8,resid_build_sale_price,25,69,41.84434509277344,0.105224609375,4902.0,62.495243072509766,11,1
StandardGP,753947a1-ada6-11ef-bfde-e4a8dfc2a9a8,resid_build_sale_price,25,70,41.84434509277344,0.12284660339355469,5564.0,62.495243072509766,11,1
StandardGP,753947a1-ada6-11ef-bfde-e4a8dfc2a9a8,resid_build_sale_price,25,71,41.84434509277344,0.13738083839416504,6260.0,62.495243072509766,11,1
StandardGP,753947a1-ada6-11ef-bfde-e4a8dfc2a9a8,resid_build_sale_price,25,72,41.84434509277344,0.13535070419311523,6292.0,62.495243072509766,11,1
StandardGP,753947a1-ada6-11ef-bfde-e4a8dfc2a9a8,resid_build_sale_price,25,73,41.84434509277344,0.12154173851013184,6248.0,62.495243072509766,11,1
StandardGP,753947a1-ada6-11ef-bfde-e4a8dfc2a9a8,resid_build_sale_price,25,74,41.84434509277344,0.1285395622253418,6462.0,62.495243072509766,11,1
StandardGP,753947a1-ada6-11ef-bfde-e4a8dfc2a9a8,resid_build_sale_price,25,75,41.84434509277344,0.12252116203308105,5974.0,62.495243072509766,11,1
StandardGP,753947a1-ada6-11ef-bfde-e4a8dfc2a9a8,resid_build_sale_price,25,76,41.84434509277344,0.12607192993164062,6142.0,62.495243072509766,11,1
StandardGP,753947a1-ada6-11ef-bfde-e4a8dfc2a9a8,resid_build_sale_price,25,77,41.84434509277344,0.13558411598205566,6384.0,62.495243072509766,11,1
StandardGP,753947a1-ada6-11ef-bfde-e4a8dfc2a9a8,resid_build_sale_price,25,78,41.84434509277344,0.12254810333251953,6286.0,62.495243072509766,11,1
StandardGP,753947a1-ada6-11ef-bfde-e4a8dfc2a9a8,resid_build_sale_price,25,79,41.84434509277344,0.11641240119934082,6230.0,62.495243072509766,11,1
StandardGP,753947a1-ada6-11ef-bfde-e4a8dfc2a9a8,resid_build_sale_price,25,80,41.84434509277344,0.11792302131652832,5960.0,62.495243072509766,11,1
StandardGP,753947a1-ada6-11ef-bfde-e4a8dfc2a9a8,resid_build_sale_price,25,81,41.84434509277344,0.10554003715515137,5610.0,62.495243072509766,11,1
StandardGP,753947a1-ada6-11ef-bfde-e4a8dfc2a9a8,resid_build_sale_price,25,82,41.84434509277344,0.10638856887817383,5548.0,62.495243072509766,11,1
StandardGP,753947a1-ada6-11ef-bfde-e4a8dfc2a9a8,resid_build_sale_price,25,83,41.830589294433594,0.11328911781311035,5824.0,62.49236297607422,13,1
StandardGP,753947a1-ada6-11ef-bfde-e4a8dfc2a9a8,resid_build_sale_price,25,84,41.830589294433594,0.12937116622924805,6218.0,62.49236297607422,13,1
StandardGP,753947a1-ada6-11ef-bfde-e4a8dfc2a9a8,resid_build_sale_price,25,85,41.830589294433594,0.12218832969665527,6082.0,62.49236297607422,13,1
StandardGP,753947a1-ada6-11ef-bfde-e4a8dfc2a9a8,resid_build_sale_price,25,86,41.830589294433594,0.13109087944030762,6488.0,62.49236297607422,13,1
StandardGP,753947a1-ada6-11ef-bfde-e4a8dfc2a9a8,resid_build_sale_price,25,87,41.830589294433594,0.1151881217956543,5998.0,62.49236297607422,13,1
StandardGP,753947a1-ada6-11ef-bfde-e4a8dfc2a9a8,resid_build_sale_price,25,88,41.830589294433594,0.11622905731201172,5928.0,62.49236297607422,13,1
StandardGP,753947a1-ada6-11ef-bfde-e4a8dfc2a9a8,resid_build_sale_price,25,89,41.830589294433594,0.1062314510345459,5500.0,62.49236297607422,13,1
StandardGP,753947a1-ada6-11ef-bfde-e4a8dfc2a9a8,resid_build_sale_price,25,90,41.830589294433594,0.10352182388305664,5168.0,62.49236297607422,13,1
StandardGP,753947a1-ada6-11ef-bfde-e4a8dfc2a9a8,resid_build_sale_price,25,91,41.830589294433594,0.10754513740539551,5532.0,62.49236297607422,13,1
StandardGP,753947a1-ada6-11ef-bfde-e4a8dfc2a9a8,resid_build_sale_price,25,92,41.830589294433594,0.101531982421875,5222.0,62.49236297607422,13,1
StandardGP,753947a1-ada6-11ef-bfde-e4a8dfc2a9a8,resid_build_sale_price,25,93,41.830589294433594,0.11076188087463379,5770.0,62.49236297607422,13,1
StandardGP,753947a1-ada6-11ef-bfde-e4a8dfc2a9a8,resid_build_sale_price,25,94,41.830589294433594,0.11502933502197266,5782.0,62.49236297607422,13,1
StandardGP,753947a1-ada6-11ef-bfde-e4a8dfc2a9a8,resid_build_sale_price,25,95,41.830589294433594,0.11153674125671387,5944.0,62.49236297607422,13,1
StandardGP,753947a1-ada6-11ef-bfde-e4a8dfc2a9a8,resid_build_sale_price,25,96,41.830589294433594,0.12517046928405762,6326.0,62.49236297607422,13,1
StandardGP,753947a1-ada6-11ef-bfde-e4a8dfc2a9a8,resid_build_sale_price,25,97,41.830589294433594,0.10253190994262695,5296.0,62.49236297607422,13,1
StandardGP,753947a1-ada6-11ef-bfde-e4a8dfc2a9a8,resid_build_sale_price,25,98,40.932472229003906,0.1135258674621582,5676.0,62.35976028442383,13,1
StandardGP,753947a1-ada6-11ef-bfde-e4a8dfc2a9a8,resid_build_sale_price,25,99,40.932472229003906,0.10413241386413574,5268.0,62.35976028442383,13,1
StandardGP,753947a1-ada6-11ef-bfde-e4a8dfc2a9a8,resid_build_sale_price,25,100,40.932472229003906,0.14897871017456055,7160.0,62.35976028442383,13,1
