StandardGP,e8984590-ada3-11ef-8d67-e4a8dfc2a9a8,resid_build_sale_price,26,0,0.1341107338666916,0.07663226127624512,1348.0,0.14465509355068207,3,1
StandardGP,e8984590-ada3-11ef-8d67-e4a8dfc2a9a8,resid_build_sale_price,26,1,0.11520500481128693,0.02996349334716797,728.0,0.12151189893484116,5,1
StandardGP,e8984590-ada3-11ef-8d67-e4a8dfc2a9a8,resid_build_sale_price,26,2,0.11520500481128693,0.023509740829467773,576.0,0.12151189893484116,5,1
StandardGP,e8984590-ada3-11ef-8d67-e4a8dfc2a9a8,resid_build_sale_price,26,3,0.11520500481128693,0.024568796157836914,560.0,0.12151189893484116,5,1
StandardGP,e8984590-ada3-11ef-8d67-e4a8dfc2a9a8,resid_build_sale_price,26,4,0.11520500481128693,0.026010513305664062,592.0,0.12151189893484116,5,1
StandardGP,e8984590-ada3-11ef-8d67-e4a8dfc2a9a8,resid_build_sale_price,26,5,0.11520500481128693,0.021546602249145508,608.0,0.12151189893484116,5,1
StandardGP,e8984590-ada3-11ef-8d67-e4a8dfc2a9a8,resid_build_sale_price,26,6,0.11520500481128693,0.020850419998168945,606.0,0.12151189893484116,5,1
StandardGP,e8984590-ada3-11ef-8d67-e4a8dfc2a9a8,resid_build_sale_price,26,7,0.11520500481128693,0.020380496978759766,592.0,0.12151189893484116,5,1
StandardGP,e8984590-ada3-11ef-8d67-e4a8dfc2a9a8,resid_build_sale_price,26,8,0.11520500481128693,0.01964545249938965,594.0,0.12151189893484116,5,1
StandardGP,e8984590-ada3-11ef-8d67-e4a8dfc2a9a8,resid_build_sale_price,26,9,0.11142981052398682,0.021613597869873047,632.0,0.10127167403697968,3,1
StandardGP,e8984590-ada3-11ef-8d67-e4a8dfc2a9a8,resid_build_sale_price,26,10,0.11046463251113892,0.02092456817626953,628.0,0.09417962282896042,3,1
StandardGP,e8984590-ada3-11ef-8d67-e4a8dfc2a9a8,resid_build_sale_price,26,11,0.09099937975406647,0.01999950408935547,636.0,0.10306306183338165,9,1
StandardGP,e8984590-ada3-11ef-8d67-e4a8dfc2a9a8,resid_build_sale_price,26,12,0.060083646327257156,0.02079319953918457,664.0,0.07923787832260132,3,1
StandardGP,e8984590-ada3-11ef-8d67-e4a8dfc2a9a8,resid_build_sale_price,26,13,0.060083646327257156,0.02268528938293457,676.0,0.07923787832260132,3,1
StandardGP,e8984590-ada3-11ef-8d67-e4a8dfc2a9a8,resid_build_sale_price,26,14,0.060083646327257156,0.02344036102294922,674.0,0.07923787832260132,3,1
StandardGP,e8984590-ada3-11ef-8d67-e4a8dfc2a9a8,resid_build_sale_price,26,15,0.060083646327257156,0.025632619857788086,694.0,0.07923787832260132,3,1
StandardGP,e8984590-ada3-11ef-8d67-e4a8dfc2a9a8,resid_build_sale_price,26,16,0.060083646327257156,0.023999929428100586,786.0,0.07923787832260132,3,1
StandardGP,e8984590-ada3-11ef-8d67-e4a8dfc2a9a8,resid_build_sale_price,26,17,0.060083646327257156,0.026999711990356445,832.0,0.07923787832260132,3,1
StandardGP,e8984590-ada3-11ef-8d67-e4a8dfc2a9a8,resid_build_sale_price,26,18,0.060083646327257156,0.03725552558898926,884.0,0.07923787832260132,3,1
StandardGP,e8984590-ada3-11ef-8d67-e4a8dfc2a9a8,resid_build_sale_price,26,19,0.060083646327257156,0.032000064849853516,964.0,0.07923787832260132,3,1
StandardGP,e8984590-ada3-11ef-8d67-e4a8dfc2a9a8,resid_build_sale_price,26,20,0.060083646327257156,0.028999805450439453,1144.0,0.07923787832260132,3,1
StandardGP,e8984590-ada3-11ef-8d67-e4a8dfc2a9a8,resid_build_sale_price,26,21,0.060083646327257156,0.034637451171875,1270.0,0.07923787832260132,3,1
StandardGP,e8984590-ada3-11ef-8d67-e4a8dfc2a9a8,resid_build_sale_price,26,22,0.060083646327257156,0.03399968147277832,1378.0,0.07923787832260132,3,1
StandardGP,e8984590-ada3-11ef-8d67-e4a8dfc2a9a8,resid_build_sale_price,26,23,0.060083646327257156,0.03699994087219238,1490.0,0.07923787832260132,3,1
StandardGP,e8984590-ada3-11ef-8d67-e4a8dfc2a9a8,resid_build_sale_price,26,24,0.060083646327257156,0.04663348197937012,1872.0,0.07923787832260132,3,1
StandardGP,e8984590-ada3-11ef-8d67-e4a8dfc2a9a8,resid_build_sale_price,26,25,0.060083646327257156,0.051999807357788086,2300.0,0.07923787832260132,3,1
StandardGP,e8984590-ada3-11ef-8d67-e4a8dfc2a9a8,resid_build_sale_price,26,26,0.060083646327257156,0.05463886260986328,2428.0,0.07923787832260132,3,1
StandardGP,e8984590-ada3-11ef-8d67-e4a8dfc2a9a8,resid_build_sale_price,26,27,0.060083646327257156,0.05704450607299805,2342.0,0.07923787832260132,3,1
StandardGP,e8984590-ada3-11ef-8d67-e4a8dfc2a9a8,resid_build_sale_price,26,28,0.060083646327257156,0.06158757209777832,2618.0,0.07923787832260132,3,1
StandardGP,e8984590-ada3-11ef-8d67-e4a8dfc2a9a8,resid_build_sale_price,26,29,0.060083646327257156,0.0626378059387207,2492.0,0.07923787832260132,3,1
StandardGP,e8984590-ada3-11ef-8d67-e4a8dfc2a9a8,resid_build_sale_price,26,30,0.060083646327257156,0.05099987983703613,2158.0,0.07923787832260132,3,1
StandardGP,e8984590-ada3-11ef-8d67-e4a8dfc2a9a8,resid_build_sale_price,26,31,0.060083646327257156,0.054631710052490234,2332.0,0.07923787832260132,3,1
StandardGP,e8984590-ada3-11ef-8d67-e4a8dfc2a9a8,resid_build_sale_price,26,32,0.060083646327257156,0.05499982833862305,2480.0,0.07923787832260132,3,1
StandardGP,e8984590-ada3-11ef-8d67-e4a8dfc2a9a8,resid_build_sale_price,26,33,0.060083646327257156,0.05650067329406738,2502.0,0.07923787832260132,3,1
StandardGP,e8984590-ada3-11ef-8d67-e4a8dfc2a9a8,resid_build_sale_price,26,34,0.060083646327257156,0.06039166450500488,2584.0,0.07923787832260132,3,1
StandardGP,e8984590-ada3-11ef-8d67-e4a8dfc2a9a8,resid_build_sale_price,26,35,0.060083646327257156,0.0670008659362793,2808.0,0.07923787832260132,3,1
StandardGP,e8984590-ada3-11ef-8d67-e4a8dfc2a9a8,resid_build_sale_price,26,36,0.060083646327257156,0.06881022453308105,2812.0,0.07923787832260132,3,1
StandardGP,e8984590-ada3-11ef-8d67-e4a8dfc2a9a8,resid_build_sale_price,26,37,0.060083646327257156,0.14190077781677246,2642.0,0.07923787832260132,3,1
StandardGP,e8984590-ada3-11ef-8d67-e4a8dfc2a9a8,resid_build_sale_price,26,38,0.060083646327257156,0.05663728713989258,2464.0,0.07923787832260132,3,1
StandardGP,e8984590-ada3-11ef-8d67-e4a8dfc2a9a8,resid_build_sale_price,26,39,0.060083646327257156,0.06563162803649902,2876.0,0.07923787832260132,3,1
StandardGP,e8984590-ada3-11ef-8d67-e4a8dfc2a9a8,resid_build_sale_price,26,40,0.060083646327257156,0.06400036811828613,2856.0,0.07923787832260132,3,1
StandardGP,e8984590-ada3-11ef-8d67-e4a8dfc2a9a8,resid_build_sale_price,26,41,0.060083646327257156,0.06891465187072754,3296.0,0.07923787832260132,3,1
StandardGP,e8984590-ada3-11ef-8d67-e4a8dfc2a9a8,resid_build_sale_price,26,42,0.060083646327257156,0.07562899589538574,3482.0,0.07923787832260132,3,1
StandardGP,e8984590-ada3-11ef-8d67-e4a8dfc2a9a8,resid_build_sale_price,26,43,0.060083646327257156,0.07305169105529785,3542.0,0.07923787832260132,3,1
StandardGP,e8984590-ada3-11ef-8d67-e4a8dfc2a9a8,resid_build_sale_price,26,44,0.060083646327257156,0.07808256149291992,3396.0,0.07923787832260132,3,1
StandardGP,e8984590-ada3-11ef-8d67-e4a8dfc2a9a8,resid_build_sale_price,26,45,0.060083646327257156,0.08222556114196777,3634.0,0.07923787832260132,3,1
StandardGP,e8984590-ada3-11ef-8d67-e4a8dfc2a9a8,resid_build_sale_price,26,46,0.060083646327257156,0.08263778686523438,3612.0,0.07923787832260132,3,1
StandardGP,e8984590-ada3-11ef-8d67-e4a8dfc2a9a8,resid_build_sale_price,26,47,0.060083646327257156,0.08622550964355469,3774.0,0.07923787832260132,3,1
StandardGP,e8984590-ada3-11ef-8d67-e4a8dfc2a9a8,resid_build_sale_price,26,48,0.060083646327257156,0.10541200637817383,4342.0,0.07923787832260132,3,1
StandardGP,e8984590-ada3-11ef-8d67-e4a8dfc2a9a8,resid_build_sale_price,26,49,0.060083646327257156,0.18903589248657227,4502.0,0.07923787832260132,3,1
StandardGP,e8984590-ada3-11ef-8d67-e4a8dfc2a9a8,resid_build_sale_price,26,50,0.060083646327257156,0.09763288497924805,4618.0,0.07923787832260132,3,1
StandardGP,e8984590-ada3-11ef-8d67-e4a8dfc2a9a8,resid_build_sale_price,26,51,0.060083646327257156,0.0886373519897461,4280.0,0.07923787832260132,3,1
StandardGP,e8984590-ada3-11ef-8d67-e4a8dfc2a9a8,resid_build_sale_price,26,52,0.060083646327257156,0.08163285255432129,3944.0,0.07923787832260132,3,1
StandardGP,e8984590-ada3-11ef-8d67-e4a8dfc2a9a8,resid_build_sale_price,26,53,0.060083646327257156,0.0860445499420166,4016.0,0.07923787832260132,3,1
StandardGP,e8984590-ada3-11ef-8d67-e4a8dfc2a9a8,resid_build_sale_price,26,54,0.060083646327257156,0.08559370040893555,4050.0,0.07923787832260132,3,1
StandardGP,e8984590-ada3-11ef-8d67-e4a8dfc2a9a8,resid_build_sale_price,26,55,0.060083646327257156,0.08963155746459961,4088.0,0.07923787832260132,3,1
StandardGP,e8984590-ada3-11ef-8d67-e4a8dfc2a9a8,resid_build_sale_price,26,56,0.060083646327257156,0.0906376838684082,4434.0,0.07923787832260132,3,1
StandardGP,e8984590-ada3-11ef-8d67-e4a8dfc2a9a8,resid_build_sale_price,26,57,0.060083646327257156,0.09563302993774414,4738.0,0.07923787832260132,3,1
StandardGP,e8984590-ada3-11ef-8d67-e4a8dfc2a9a8,resid_build_sale_price,26,58,0.060083646327257156,0.09464526176452637,4382.0,0.07923787832260132,3,1
StandardGP,e8984590-ada3-11ef-8d67-e4a8dfc2a9a8,resid_build_sale_price,26,59,0.060083646327257156,0.0986325740814209,4774.0,0.07923787832260132,3,1
StandardGP,e8984590-ada3-11ef-8d67-e4a8dfc2a9a8,resid_build_sale_price,26,60,0.060083646327257156,0.09700250625610352,4204.0,0.07923787832260132,3,1
StandardGP,e8984590-ada3-11ef-8d67-e4a8dfc2a9a8,resid_build_sale_price,26,61,0.060083646327257156,0.08463764190673828,3914.0,0.07923787832260132,3,1
StandardGP,e8984590-ada3-11ef-8d67-e4a8dfc2a9a8,resid_build_sale_price,26,62,0.060083646327257156,0.07963132858276367,3666.0,0.07923787832260132,3,1
StandardGP,e8984590-ada3-11ef-8d67-e4a8dfc2a9a8,resid_build_sale_price,26,63,0.060083646327257156,0.07114863395690918,3086.0,0.07923787832260132,3,1
StandardGP,e8984590-ada3-11ef-8d67-e4a8dfc2a9a8,resid_build_sale_price,26,64,0.060083646327257156,0.07759428024291992,3478.0,0.07923787832260132,3,1
StandardGP,e8984590-ada3-11ef-8d67-e4a8dfc2a9a8,resid_build_sale_price,26,65,0.060083646327257156,0.06463217735290527,3216.0,0.07923787832260132,3,1
StandardGP,e8984590-ada3-11ef-8d67-e4a8dfc2a9a8,resid_build_sale_price,26,66,0.060083646327257156,0.07464003562927246,3794.0,0.07923787832260132,3,1
StandardGP,e8984590-ada3-11ef-8d67-e4a8dfc2a9a8,resid_build_sale_price,26,67,0.060083646327257156,0.07604360580444336,4042.0,0.07923787832260132,3,1
StandardGP,e8984590-ada3-11ef-8d67-e4a8dfc2a9a8,resid_build_sale_price,26,68,0.060083646327257156,0.07358098030090332,3560.0,0.07923787832260132,3,1
StandardGP,e8984590-ada3-11ef-8d67-e4a8dfc2a9a8,resid_build_sale_price,26,69,0.060083646327257156,0.07918596267700195,3688.0,0.07923787832260132,3,1
StandardGP,e8984590-ada3-11ef-8d67-e4a8dfc2a9a8,resid_build_sale_price,26,70,0.060083646327257156,0.07147741317749023,3762.0,0.07923787832260132,3,1
StandardGP,e8984590-ada3-11ef-8d67-e4a8dfc2a9a8,resid_build_sale_price,26,71,0.060083646327257156,0.08004331588745117,3888.0,0.07923787832260132,3,1
StandardGP,e8984590-ada3-11ef-8d67-e4a8dfc2a9a8,resid_build_sale_price,26,72,0.060083646327257156,0.06260108947753906,3168.0,0.07923787832260132,3,1
StandardGP,e8984590-ada3-11ef-8d67-e4a8dfc2a9a8,resid_build_sale_price,26,73,0.060083646327257156,0.06963181495666504,3526.0,0.07923787832260132,3,1
StandardGP,e8984590-ada3-11ef-8d67-e4a8dfc2a9a8,resid_build_sale_price,26,74,0.060083646327257156,0.07063770294189453,3546.0,0.07923787832260132,3,1
StandardGP,e8984590-ada3-11ef-8d67-e4a8dfc2a9a8,resid_build_sale_price,26,75,0.060083646327257156,0.06400036811828613,3070.0,0.07923787832260132,3,1
StandardGP,e8984590-ada3-11ef-8d67-e4a8dfc2a9a8,resid_build_sale_price,26,76,0.060083646327257156,0.06563162803649902,2902.0,0.07923787832260132,3,1
StandardGP,e8984590-ada3-11ef-8d67-e4a8dfc2a9a8,resid_build_sale_price,26,77,0.060083646327257156,0.07063770294189453,3184.0,0.07923787832260132,3,1
StandardGP,e8984590-ada3-11ef-8d67-e4a8dfc2a9a8,resid_build_sale_price,26,78,0.060083646327257156,0.07904434204101562,3522.0,0.07923787832260132,3,1
StandardGP,e8984590-ada3-11ef-8d67-e4a8dfc2a9a8,resid_build_sale_price,26,79,0.060083646327257156,0.07479119300842285,3326.0,0.07923787832260132,3,1
StandardGP,e8984590-ada3-11ef-8d67-e4a8dfc2a9a8,resid_build_sale_price,26,80,0.060083646327257156,0.0776376724243164,3392.0,0.07923787832260132,3,1
StandardGP,e8984590-ada3-11ef-8d67-e4a8dfc2a9a8,resid_build_sale_price,26,81,0.060083646327257156,0.08889627456665039,3692.0,0.07923787832260132,3,1
StandardGP,e8984590-ada3-11ef-8d67-e4a8dfc2a9a8,resid_build_sale_price,26,82,0.060083646327257156,0.08463692665100098,3650.0,0.07923787832260132,3,1
StandardGP,e8984590-ada3-11ef-8d67-e4a8dfc2a9a8,resid_build_sale_price,26,83,0.060083646327257156,0.09063148498535156,3476.0,0.07923787832260132,3,1
StandardGP,e8984590-ada3-11ef-8d67-e4a8dfc2a9a8,resid_build_sale_price,26,84,0.060083646327257156,0.09763264656066895,3798.0,0.07923787832260132,3,1
StandardGP,e8984590-ada3-11ef-8d67-e4a8dfc2a9a8,resid_build_sale_price,26,85,0.060083646327257156,0.09680056571960449,4080.0,0.07923787832260132,3,1
StandardGP,e8984590-ada3-11ef-8d67-e4a8dfc2a9a8,resid_build_sale_price,26,86,0.060083646327257156,0.0986330509185791,4018.0,0.07923787832260132,3,1
StandardGP,e8984590-ada3-11ef-8d67-e4a8dfc2a9a8,resid_build_sale_price,26,87,0.060083646327257156,0.10573005676269531,4154.0,0.07923787832260132,3,1
StandardGP,e8984590-ada3-11ef-8d67-e4a8dfc2a9a8,resid_build_sale_price,26,88,0.060083646327257156,0.10163164138793945,4108.0,0.07923787832260132,3,1
StandardGP,e8984590-ada3-11ef-8d67-e4a8dfc2a9a8,resid_build_sale_price,26,89,0.060083646327257156,0.1036386489868164,3974.0,0.07923787832260132,3,1
StandardGP,e8984590-ada3-11ef-8d67-e4a8dfc2a9a8,resid_build_sale_price,26,90,0.060083646327257156,0.10463261604309082,4200.0,0.07923787832260132,3,1
StandardGP,e8984590-ada3-11ef-8d67-e4a8dfc2a9a8,resid_build_sale_price,26,91,0.060083646327257156,0.11463737487792969,3946.0,0.07923787832260132,3,1
StandardGP,e8984590-ada3-11ef-8d67-e4a8dfc2a9a8,resid_build_sale_price,26,92,0.060083646327257156,0.10763335227966309,4032.0,0.07923787832260132,3,1
StandardGP,e8984590-ada3-11ef-8d67-e4a8dfc2a9a8,resid_build_sale_price,26,93,0.060083646327257156,0.11563825607299805,4598.0,0.07923787832260132,3,1
StandardGP,e8984590-ada3-11ef-8d67-e4a8dfc2a9a8,resid_build_sale_price,26,94,0.060083646327257156,0.12025570869445801,5138.0,0.07923787832260132,3,1
StandardGP,e8984590-ada3-11ef-8d67-e4a8dfc2a9a8,resid_build_sale_price,26,95,0.060083646327257156,0.12722039222717285,5196.0,0.07923787832260132,3,1
StandardGP,e8984590-ada3-11ef-8d67-e4a8dfc2a9a8,resid_build_sale_price,26,96,0.060083646327257156,0.1280975341796875,5072.0,0.07923787832260132,3,1
StandardGP,e8984590-ada3-11ef-8d67-e4a8dfc2a9a8,resid_build_sale_price,26,97,0.060083646327257156,0.1268477439880371,4944.0,0.07923787832260132,3,1
StandardGP,e8984590-ada3-11ef-8d67-e4a8dfc2a9a8,resid_build_sale_price,26,98,0.060083646327257156,0.1289665699005127,4748.0,0.07923787832260132,3,1
StandardGP,e8984590-ada3-11ef-8d67-e4a8dfc2a9a8,resid_build_sale_price,26,99,0.060083646327257156,0.12463712692260742,5198.0,0.07923787832260132,3,1
StandardGP,e8984590-ada3-11ef-8d67-e4a8dfc2a9a8,resid_build_sale_price,26,100,0.060083646327257156,0.1506328582763672,5722.0,0.07923787832260132,3,1
StandardGP,df189250-ada4-11ef-8a61-e4a8dfc2a9a8,resid_build_sale_price,26,0,133.56272888183594,0.08095335960388184,1348.0,133.60733032226562,3,1
StandardGP,df189250-ada4-11ef-8a61-e4a8dfc2a9a8,resid_build_sale_price,26,1,101.18460845947266,0.03215837478637695,868.0,107.59184265136719,3,1
StandardGP,df189250-ada4-11ef-8a61-e4a8dfc2a9a8,resid_build_sale_price,26,2,100.57935333251953,0.032440900802612305,678.0,107.8934326171875,7,1
StandardGP,df189250-ada4-11ef-8a61-e4a8dfc2a9a8,resid_build_sale_price,26,3,99.91725158691406,0.040122032165527344,714.0,106.12012481689453,3,1
StandardGP,df189250-ada4-11ef-8a61-e4a8dfc2a9a8,resid_build_sale_price,26,4,99.91725158691406,0.03322911262512207,648.0,106.12012481689453,3,1
StandardGP,df189250-ada4-11ef-8a61-e4a8dfc2a9a8,resid_build_sale_price,26,5,99.91725158691406,0.02313995361328125,638.0,106.12012481689453,3,1
StandardGP,df189250-ada4-11ef-8a61-e4a8dfc2a9a8,resid_build_sale_price,26,6,99.91725158691406,0.032502174377441406,660.0,106.12012481689453,3,1
StandardGP,df189250-ada4-11ef-8a61-e4a8dfc2a9a8,resid_build_sale_price,26,7,99.91725158691406,0.032241106033325195,682.0,106.12012481689453,3,1
StandardGP,df189250-ada4-11ef-8a61-e4a8dfc2a9a8,resid_build_sale_price,26,8,99.91725158691406,0.03284335136413574,726.0,106.12012481689453,3,1
StandardGP,df189250-ada4-11ef-8a61-e4a8dfc2a9a8,resid_build_sale_price,26,9,44.487205505371094,0.024038314819335938,734.0,64.54721069335938,11,1
StandardGP,df189250-ada4-11ef-8a61-e4a8dfc2a9a8,resid_build_sale_price,26,10,44.48711013793945,0.027711153030395508,822.0,64.54712677001953,11,1
StandardGP,df189250-ada4-11ef-8a61-e4a8dfc2a9a8,resid_build_sale_price,26,11,44.48659896850586,0.032561302185058594,886.0,64.54673767089844,11,1
StandardGP,df189250-ada4-11ef-8a61-e4a8dfc2a9a8,resid_build_sale_price,26,12,43.75883865356445,0.03248238563537598,958.0,63.86241912841797,9,1
StandardGP,df189250-ada4-11ef-8a61-e4a8dfc2a9a8,resid_build_sale_price,26,13,43.758628845214844,0.031844139099121094,1006.0,63.86210250854492,9,1
StandardGP,df189250-ada4-11ef-8a61-e4a8dfc2a9a8,resid_build_sale_price,26,14,43.758628845214844,0.0327296257019043,1062.0,63.86210250854492,9,1
StandardGP,df189250-ada4-11ef-8a61-e4a8dfc2a9a8,resid_build_sale_price,26,15,43.73483657836914,0.032358646392822266,1072.0,63.84317398071289,9,1
StandardGP,df189250-ada4-11ef-8a61-e4a8dfc2a9a8,resid_build_sale_price,26,16,43.73483657836914,0.03224587440490723,1124.0,63.84317398071289,9,1
StandardGP,df189250-ada4-11ef-8a61-e4a8dfc2a9a8,resid_build_sale_price,26,17,43.61360168457031,0.04481863975524902,1120.0,63.76273727416992,11,1
StandardGP,df189250-ada4-11ef-8a61-e4a8dfc2a9a8,resid_build_sale_price,26,18,43.61360168457031,0.04531550407409668,1290.0,63.76273727416992,11,1
StandardGP,df189250-ada4-11ef-8a61-e4a8dfc2a9a8,resid_build_sale_price,26,19,43.61360168457031,0.04017519950866699,1404.0,63.76273727416992,11,1
StandardGP,df189250-ada4-11ef-8a61-e4a8dfc2a9a8,resid_build_sale_price,26,20,43.61360168457031,0.0507814884185791,1362.0,63.76273727416992,11,1
StandardGP,df189250-ada4-11ef-8a61-e4a8dfc2a9a8,resid_build_sale_price,26,21,43.61360168457031,0.039174795150756836,1428.0,63.76273727416992,11,1
StandardGP,df189250-ada4-11ef-8a61-e4a8dfc2a9a8,resid_build_sale_price,26,22,43.61360168457031,0.03335213661193848,1436.0,63.76273727416992,11,1
StandardGP,df189250-ada4-11ef-8a61-e4a8dfc2a9a8,resid_build_sale_price,26,23,43.61360168457031,0.03589296340942383,1358.0,63.76273727416992,11,1
StandardGP,df189250-ada4-11ef-8a61-e4a8dfc2a9a8,resid_build_sale_price,26,24,43.61360168457031,0.03865766525268555,1412.0,63.76273727416992,11,1
StandardGP,df189250-ada4-11ef-8a61-e4a8dfc2a9a8,resid_build_sale_price,26,25,43.61360168457031,0.03335428237915039,1528.0,63.76273727416992,11,1
StandardGP,df189250-ada4-11ef-8a61-e4a8dfc2a9a8,resid_build_sale_price,26,26,43.61360168457031,0.04064679145812988,1574.0,63.76273727416992,11,1
StandardGP,df189250-ada4-11ef-8a61-e4a8dfc2a9a8,resid_build_sale_price,26,27,43.61360168457031,0.04933023452758789,1752.0,63.76273727416992,11,1
StandardGP,df189250-ada4-11ef-8a61-e4a8dfc2a9a8,resid_build_sale_price,26,28,43.61360168457031,0.05054593086242676,1774.0,63.76273727416992,11,1
StandardGP,df189250-ada4-11ef-8a61-e4a8dfc2a9a8,resid_build_sale_price,26,29,43.61360168457031,0.046930551528930664,1610.0,63.76273727416992,11,1
StandardGP,df189250-ada4-11ef-8a61-e4a8dfc2a9a8,resid_build_sale_price,26,30,43.61360168457031,0.05597329139709473,1892.0,63.76273727416992,11,1
StandardGP,df189250-ada4-11ef-8a61-e4a8dfc2a9a8,resid_build_sale_price,26,31,43.61360168457031,0.049344539642333984,2096.0,63.76273727416992,11,1
StandardGP,df189250-ada4-11ef-8a61-e4a8dfc2a9a8,resid_build_sale_price,26,32,43.23288345336914,0.05589771270751953,2148.0,62.99319076538086,7,1
StandardGP,df189250-ada4-11ef-8a61-e4a8dfc2a9a8,resid_build_sale_price,26,33,43.23288345336914,0.06145024299621582,2146.0,62.99319076538086,7,1
StandardGP,df189250-ada4-11ef-8a61-e4a8dfc2a9a8,resid_build_sale_price,26,34,43.23288345336914,0.06358695030212402,2178.0,62.99319076538086,7,1
StandardGP,df189250-ada4-11ef-8a61-e4a8dfc2a9a8,resid_build_sale_price,26,35,43.23288345336914,0.050034284591674805,2172.0,62.99319076538086,7,1
StandardGP,df189250-ada4-11ef-8a61-e4a8dfc2a9a8,resid_build_sale_price,26,36,43.23288345336914,0.05658411979675293,2488.0,62.99319076538086,7,1
StandardGP,df189250-ada4-11ef-8a61-e4a8dfc2a9a8,resid_build_sale_price,26,37,43.23288345336914,0.05348563194274902,2366.0,62.99319076538086,7,1
StandardGP,df189250-ada4-11ef-8a61-e4a8dfc2a9a8,resid_build_sale_price,26,38,43.23288345336914,0.052971601486206055,2362.0,62.99319076538086,7,1
StandardGP,df189250-ada4-11ef-8a61-e4a8dfc2a9a8,resid_build_sale_price,26,39,43.23288345336914,0.05550551414489746,2374.0,62.99319076538086,7,1
StandardGP,df189250-ada4-11ef-8a61-e4a8dfc2a9a8,resid_build_sale_price,26,40,43.23288345336914,0.05699515342712402,2562.0,62.99319076538086,7,1
StandardGP,df189250-ada4-11ef-8a61-e4a8dfc2a9a8,resid_build_sale_price,26,41,43.23288345336914,0.06051301956176758,2676.0,62.99319076538086,7,1
StandardGP,df189250-ada4-11ef-8a61-e4a8dfc2a9a8,resid_build_sale_price,26,42,43.23288345336914,0.05901193618774414,2706.0,62.99319076538086,7,1
StandardGP,df189250-ada4-11ef-8a61-e4a8dfc2a9a8,resid_build_sale_price,26,43,43.20764923095703,0.05499863624572754,2474.0,63.8444938659668,39,1
StandardGP,df189250-ada4-11ef-8a61-e4a8dfc2a9a8,resid_build_sale_price,26,44,43.20764923095703,0.06060290336608887,2834.0,63.8444938659668,39,1
StandardGP,df189250-ada4-11ef-8a61-e4a8dfc2a9a8,resid_build_sale_price,26,45,43.20566177368164,0.06098604202270508,2844.0,63.8437385559082,15,1
StandardGP,df189250-ada4-11ef-8a61-e4a8dfc2a9a8,resid_build_sale_price,26,46,43.20566177368164,0.06854534149169922,3290.0,63.8437385559082,15,1
StandardGP,df189250-ada4-11ef-8a61-e4a8dfc2a9a8,resid_build_sale_price,26,47,43.20566177368164,0.09624671936035156,3510.0,63.8437385559082,15,1
StandardGP,df189250-ada4-11ef-8a61-e4a8dfc2a9a8,resid_build_sale_price,26,48,43.20566177368164,0.1055598258972168,3762.0,63.8437385559082,15,1
StandardGP,df189250-ada4-11ef-8a61-e4a8dfc2a9a8,resid_build_sale_price,26,49,43.20566177368164,0.16313600540161133,3766.0,63.8437385559082,15,1
StandardGP,df189250-ada4-11ef-8a61-e4a8dfc2a9a8,resid_build_sale_price,26,50,43.20566177368164,0.1555647850036621,3596.0,63.8437385559082,15,1
StandardGP,df189250-ada4-11ef-8a61-e4a8dfc2a9a8,resid_build_sale_price,26,51,43.20566177368164,0.14607858657836914,3290.0,63.8437385559082,15,1
StandardGP,df189250-ada4-11ef-8a61-e4a8dfc2a9a8,resid_build_sale_price,26,52,43.20566177368164,0.1037740707397461,3344.0,63.8437385559082,15,1
StandardGP,df189250-ada4-11ef-8a61-e4a8dfc2a9a8,resid_build_sale_price,26,53,43.20566177368164,0.11143755912780762,3930.0,63.8437385559082,15,1
StandardGP,df189250-ada4-11ef-8a61-e4a8dfc2a9a8,resid_build_sale_price,26,54,43.20566177368164,0.1175694465637207,4052.0,63.8437385559082,15,1
StandardGP,df189250-ada4-11ef-8a61-e4a8dfc2a9a8,resid_build_sale_price,26,55,43.20566177368164,0.1144258975982666,3664.0,63.8437385559082,15,1
StandardGP,df189250-ada4-11ef-8a61-e4a8dfc2a9a8,resid_build_sale_price,26,56,43.20566177368164,0.0961298942565918,3316.0,63.8437385559082,15,1
StandardGP,df189250-ada4-11ef-8a61-e4a8dfc2a9a8,resid_build_sale_price,26,57,43.127506256103516,0.09532809257507324,3326.0,63.27680206298828,107,1
StandardGP,df189250-ada4-11ef-8a61-e4a8dfc2a9a8,resid_build_sale_price,26,58,43.127506256103516,0.09823894500732422,3742.0,63.27680206298828,107,1
StandardGP,df189250-ada4-11ef-8a61-e4a8dfc2a9a8,resid_build_sale_price,26,59,43.127506256103516,0.11760807037353516,4456.0,63.27680206298828,107,1
StandardGP,df189250-ada4-11ef-8a61-e4a8dfc2a9a8,resid_build_sale_price,26,60,43.127506256103516,0.11977720260620117,4106.0,63.27680206298828,107,1
StandardGP,df189250-ada4-11ef-8a61-e4a8dfc2a9a8,resid_build_sale_price,26,61,43.127506256103516,0.12456440925598145,4686.0,63.27680206298828,107,1
StandardGP,df189250-ada4-11ef-8a61-e4a8dfc2a9a8,resid_build_sale_price,26,62,43.06168746948242,0.11455321311950684,4686.0,63.61195755004883,83,1
StandardGP,df189250-ada4-11ef-8a61-e4a8dfc2a9a8,resid_build_sale_price,26,63,43.06168746948242,0.11470985412597656,4930.0,63.61195755004883,83,1
StandardGP,df189250-ada4-11ef-8a61-e4a8dfc2a9a8,resid_build_sale_price,26,64,43.06168746948242,0.1295461654663086,4912.0,63.61195755004883,83,1
StandardGP,df189250-ada4-11ef-8a61-e4a8dfc2a9a8,resid_build_sale_price,26,65,42.86676025390625,0.1365647315979004,5414.0,63.375946044921875,75,1
StandardGP,df189250-ada4-11ef-8a61-e4a8dfc2a9a8,resid_build_sale_price,26,66,42.86676025390625,0.1355276107788086,5522.0,63.375946044921875,75,1
StandardGP,df189250-ada4-11ef-8a61-e4a8dfc2a9a8,resid_build_sale_price,26,67,42.86676025390625,0.13213205337524414,5714.0,63.375946044921875,75,1
StandardGP,df189250-ada4-11ef-8a61-e4a8dfc2a9a8,resid_build_sale_price,26,68,42.449642181396484,0.1275343894958496,5624.0,63.33391571044922,69,1
StandardGP,df189250-ada4-11ef-8a61-e4a8dfc2a9a8,resid_build_sale_price,26,69,42.449642181396484,0.12164783477783203,5294.0,63.33391571044922,69,1
StandardGP,df189250-ada4-11ef-8a61-e4a8dfc2a9a8,resid_build_sale_price,26,70,42.449642181396484,0.09764766693115234,4492.0,63.33391571044922,69,1
StandardGP,df189250-ada4-11ef-8a61-e4a8dfc2a9a8,resid_build_sale_price,26,71,42.449642181396484,0.11137104034423828,4526.0,63.33391571044922,69,1
StandardGP,df189250-ada4-11ef-8a61-e4a8dfc2a9a8,resid_build_sale_price,26,72,42.449642181396484,0.10482478141784668,4610.0,63.33391571044922,69,1
StandardGP,df189250-ada4-11ef-8a61-e4a8dfc2a9a8,resid_build_sale_price,26,73,42.449642181396484,0.17538118362426758,4978.0,63.33391571044922,69,1
StandardGP,df189250-ada4-11ef-8a61-e4a8dfc2a9a8,resid_build_sale_price,26,74,42.449642181396484,0.14411067962646484,4848.0,63.33391571044922,69,1
StandardGP,df189250-ada4-11ef-8a61-e4a8dfc2a9a8,resid_build_sale_price,26,75,42.449642181396484,0.10552716255187988,4728.0,63.33391571044922,69,1
StandardGP,df189250-ada4-11ef-8a61-e4a8dfc2a9a8,resid_build_sale_price,26,76,41.90643310546875,0.09352493286132812,4576.0,62.10315704345703,55,1
StandardGP,df189250-ada4-11ef-8a61-e4a8dfc2a9a8,resid_build_sale_price,26,77,41.90643310546875,0.10553884506225586,4940.0,62.10315704345703,55,1
StandardGP,df189250-ada4-11ef-8a61-e4a8dfc2a9a8,resid_build_sale_price,26,78,41.90643310546875,0.11551332473754883,5222.0,62.10315704345703,55,1
StandardGP,df189250-ada4-11ef-8a61-e4a8dfc2a9a8,resid_build_sale_price,26,79,41.90409469604492,0.11951994895935059,5490.0,62.10190963745117,71,1
StandardGP,df189250-ada4-11ef-8a61-e4a8dfc2a9a8,resid_build_sale_price,26,80,41.52288818359375,0.12157559394836426,5302.0,61.83072280883789,29,1
StandardGP,df189250-ada4-11ef-8a61-e4a8dfc2a9a8,resid_build_sale_price,26,81,41.52288818359375,0.10997509956359863,5136.0,61.83072280883789,29,1
StandardGP,df189250-ada4-11ef-8a61-e4a8dfc2a9a8,resid_build_sale_price,26,82,41.2486457824707,0.1056056022644043,4956.0,61.62765884399414,57,1
StandardGP,df189250-ada4-11ef-8a61-e4a8dfc2a9a8,resid_build_sale_price,26,83,41.2486457824707,0.10860657691955566,4948.0,61.62765884399414,57,1
StandardGP,df189250-ada4-11ef-8a61-e4a8dfc2a9a8,resid_build_sale_price,26,84,41.169212341308594,0.11057686805725098,5080.0,61.390960693359375,15,1
StandardGP,df189250-ada4-11ef-8a61-e4a8dfc2a9a8,resid_build_sale_price,26,85,41.169212341308594,0.11017823219299316,4978.0,61.390960693359375,15,1
StandardGP,df189250-ada4-11ef-8a61-e4a8dfc2a9a8,resid_build_sale_price,26,86,40.86516189575195,0.1164255142211914,4894.0,60.79621124267578,21,1
StandardGP,df189250-ada4-11ef-8a61-e4a8dfc2a9a8,resid_build_sale_price,26,87,40.86516189575195,0.11255669593811035,5108.0,60.79621124267578,21,1
StandardGP,df189250-ada4-11ef-8a61-e4a8dfc2a9a8,resid_build_sale_price,26,88,40.86516189575195,0.09856128692626953,4558.0,60.79621124267578,21,1
StandardGP,df189250-ada4-11ef-8a61-e4a8dfc2a9a8,resid_build_sale_price,26,89,40.86516189575195,0.10018229484558105,4448.0,60.79621124267578,21,1
StandardGP,df189250-ada4-11ef-8a61-e4a8dfc2a9a8,resid_build_sale_price,26,90,40.86516189575195,0.10951876640319824,4638.0,60.79621124267578,21,1
StandardGP,df189250-ada4-11ef-8a61-e4a8dfc2a9a8,resid_build_sale_price,26,91,40.86516189575195,0.1078650951385498,4288.0,60.79621124267578,21,1
StandardGP,df189250-ada4-11ef-8a61-e4a8dfc2a9a8,resid_build_sale_price,26,92,40.86516189575195,0.10252857208251953,4464.0,60.79621124267578,21,1
StandardGP,df189250-ada4-11ef-8a61-e4a8dfc2a9a8,resid_build_sale_price,26,93,40.86516189575195,0.09550261497497559,4726.0,60.79621124267578,21,1
StandardGP,df189250-ada4-11ef-8a61-e4a8dfc2a9a8,resid_build_sale_price,26,94,40.11464309692383,0.10625624656677246,4614.0,57.51293182373047,43,1
StandardGP,df189250-ada4-11ef-8a61-e4a8dfc2a9a8,resid_build_sale_price,26,95,40.11464309692383,0.10359954833984375,4748.0,57.51293182373047,43,1
StandardGP,df189250-ada4-11ef-8a61-e4a8dfc2a9a8,resid_build_sale_price,26,96,39.92131423950195,0.10610747337341309,5064.0,60.20121383666992,69,1
StandardGP,df189250-ada4-11ef-8a61-e4a8dfc2a9a8,resid_build_sale_price,26,97,39.92131423950195,0.10973811149597168,5196.0,60.20121383666992,69,1
StandardGP,df189250-ada4-11ef-8a61-e4a8dfc2a9a8,resid_build_sale_price,26,98,39.92131423950195,0.17639470100402832,5046.0,60.20121383666992,69,1
StandardGP,df189250-ada4-11ef-8a61-e4a8dfc2a9a8,resid_build_sale_price,26,99,39.92131423950195,0.12153148651123047,4904.0,60.20121383666992,69,1
StandardGP,df189250-ada4-11ef-8a61-e4a8dfc2a9a8,resid_build_sale_price,26,100,39.92131423950195,0.10114598274230957,4810.0,60.20121383666992,69,1
StandardGP,fbe87b17-ada5-11ef-b0f2-e4a8dfc2a9a8,resid_build_sale_price,26,0,0.16085267066955566,0.05962800979614258,1348.0,0.1739586889743805,3,1
StandardGP,fbe87b17-ada5-11ef-b0f2-e4a8dfc2a9a8,resid_build_sale_price,26,1,0.12811416387557983,0.021692991256713867,576.0,0.13941681385040283,3,1
StandardGP,fbe87b17-ada5-11ef-b0f2-e4a8dfc2a9a8,resid_build_sale_price,26,2,0.12742997705936432,0.019377946853637695,560.0,0.1352984607219696,5,1
StandardGP,fbe87b17-ada5-11ef-b0f2-e4a8dfc2a9a8,resid_build_sale_price,26,3,0.12742997705936432,0.01866769790649414,600.0,0.1352984607219696,5,1
StandardGP,fbe87b17-ada5-11ef-b0f2-e4a8dfc2a9a8,resid_build_sale_price,26,4,0.12742997705936432,0.01999831199645996,580.0,0.1352984607219696,5,1
StandardGP,fbe87b17-ada5-11ef-b0f2-e4a8dfc2a9a8,resid_build_sale_price,26,5,0.12742997705936432,0.019996166229248047,582.0,0.1352984607219696,5,1
StandardGP,fbe87b17-ada5-11ef-b0f2-e4a8dfc2a9a8,resid_build_sale_price,26,6,0.12742997705936432,0.022003889083862305,600.0,0.1352984607219696,5,1
StandardGP,fbe87b17-ada5-11ef-b0f2-e4a8dfc2a9a8,resid_build_sale_price,26,7,0.12434995174407959,0.024039030075073242,670.0,0.13105511665344238,9,1
StandardGP,fbe87b17-ada5-11ef-b0f2-e4a8dfc2a9a8,resid_build_sale_price,26,8,0.07584581524133682,0.02261519432067871,818.0,0.09205666184425354,7,1
StandardGP,fbe87b17-ada5-11ef-b0f2-e4a8dfc2a9a8,resid_build_sale_price,26,9,0.07584581524133682,0.023018360137939453,888.0,0.09205666184425354,7,1
StandardGP,fbe87b17-ada5-11ef-b0f2-e4a8dfc2a9a8,resid_build_sale_price,26,10,0.07584581524133682,0.030889034271240234,974.0,0.09205666184425354,7,1
StandardGP,fbe87b17-ada5-11ef-b0f2-e4a8dfc2a9a8,resid_build_sale_price,26,11,0.07584581524133682,0.029685258865356445,1088.0,0.09205666184425354,7,1
StandardGP,fbe87b17-ada5-11ef-b0f2-e4a8dfc2a9a8,resid_build_sale_price,26,12,0.07584581524133682,0.026131629943847656,1064.0,0.09205666184425354,7,1
StandardGP,fbe87b17-ada5-11ef-b0f2-e4a8dfc2a9a8,resid_build_sale_price,26,13,0.07584581524133682,0.02947711944580078,1282.0,0.09205666184425354,7,1
StandardGP,fbe87b17-ada5-11ef-b0f2-e4a8dfc2a9a8,resid_build_sale_price,26,14,0.07584581524133682,0.03106999397277832,1398.0,0.09205666184425354,7,1
StandardGP,fbe87b17-ada5-11ef-b0f2-e4a8dfc2a9a8,resid_build_sale_price,26,15,0.07584581524133682,0.03287053108215332,1462.0,0.09205666184425354,7,1
StandardGP,fbe87b17-ada5-11ef-b0f2-e4a8dfc2a9a8,resid_build_sale_price,26,16,0.07584581524133682,0.031275272369384766,1582.0,0.09205666184425354,7,1
StandardGP,fbe87b17-ada5-11ef-b0f2-e4a8dfc2a9a8,resid_build_sale_price,26,17,0.07584581524133682,0.031036376953125,1526.0,0.09205666184425354,7,1
StandardGP,fbe87b17-ada5-11ef-b0f2-e4a8dfc2a9a8,resid_build_sale_price,26,18,0.07584581524133682,0.033715009689331055,1682.0,0.09205666184425354,7,1
StandardGP,fbe87b17-ada5-11ef-b0f2-e4a8dfc2a9a8,resid_build_sale_price,26,19,0.07584581524133682,0.03406929969787598,1750.0,0.09205666184425354,7,1
StandardGP,fbe87b17-ada5-11ef-b0f2-e4a8dfc2a9a8,resid_build_sale_price,26,20,0.07584581524133682,0.03254222869873047,1698.0,0.09205666184425354,7,1
StandardGP,fbe87b17-ada5-11ef-b0f2-e4a8dfc2a9a8,resid_build_sale_price,26,21,0.07584581524133682,0.03477740287780762,1890.0,0.09205666184425354,7,1
StandardGP,fbe87b17-ada5-11ef-b0f2-e4a8dfc2a9a8,resid_build_sale_price,26,22,0.07584581524133682,0.03952145576477051,2174.0,0.09205666184425354,7,1
StandardGP,fbe87b17-ada5-11ef-b0f2-e4a8dfc2a9a8,resid_build_sale_price,26,23,0.07584581524133682,0.04088187217712402,2318.0,0.09205666184425354,7,1
StandardGP,fbe87b17-ada5-11ef-b0f2-e4a8dfc2a9a8,resid_build_sale_price,26,24,0.07584581524133682,0.04491686820983887,2458.0,0.09205666184425354,7,1
StandardGP,fbe87b17-ada5-11ef-b0f2-e4a8dfc2a9a8,resid_build_sale_price,26,25,0.07584581524133682,0.046332359313964844,2508.0,0.09205666184425354,7,1
StandardGP,fbe87b17-ada5-11ef-b0f2-e4a8dfc2a9a8,resid_build_sale_price,26,26,0.07584581524133682,0.04847550392150879,2624.0,0.09205666184425354,7,1
StandardGP,fbe87b17-ada5-11ef-b0f2-e4a8dfc2a9a8,resid_build_sale_price,26,27,0.07584581524133682,0.05161309242248535,2812.0,0.09205666184425354,7,1
StandardGP,fbe87b17-ada5-11ef-b0f2-e4a8dfc2a9a8,resid_build_sale_price,26,28,0.07584581524133682,0.05146312713623047,2774.0,0.09205666184425354,7,1
StandardGP,fbe87b17-ada5-11ef-b0f2-e4a8dfc2a9a8,resid_build_sale_price,26,29,0.07584581524133682,0.05348944664001465,3034.0,0.09205666184425354,7,1
StandardGP,fbe87b17-ada5-11ef-b0f2-e4a8dfc2a9a8,resid_build_sale_price,26,30,0.07584581524133682,0.05759716033935547,3070.0,0.09205666184425354,7,1
StandardGP,fbe87b17-ada5-11ef-b0f2-e4a8dfc2a9a8,resid_build_sale_price,26,31,0.07584581524133682,0.0608217716217041,3196.0,0.09205666184425354,7,1
StandardGP,fbe87b17-ada5-11ef-b0f2-e4a8dfc2a9a8,resid_build_sale_price,26,32,0.07584581524133682,0.05638909339904785,2926.0,0.09205666184425354,7,1
StandardGP,fbe87b17-ada5-11ef-b0f2-e4a8dfc2a9a8,resid_build_sale_price,26,33,0.07584581524133682,0.06300067901611328,3198.0,0.09205666184425354,7,1
StandardGP,fbe87b17-ada5-11ef-b0f2-e4a8dfc2a9a8,resid_build_sale_price,26,34,0.07584581524133682,0.06252026557922363,3202.0,0.09205666184425354,7,1
StandardGP,fbe87b17-ada5-11ef-b0f2-e4a8dfc2a9a8,resid_build_sale_price,26,35,0.07584581524133682,0.057013511657714844,2992.0,0.09205666184425354,7,1
StandardGP,fbe87b17-ada5-11ef-b0f2-e4a8dfc2a9a8,resid_build_sale_price,26,36,0.07584581524133682,0.05351829528808594,2792.0,0.09205666184425354,7,1
StandardGP,fbe87b17-ada5-11ef-b0f2-e4a8dfc2a9a8,resid_build_sale_price,26,37,0.07584581524133682,0.05499720573425293,2682.0,0.09205666184425354,7,1
StandardGP,fbe87b17-ada5-11ef-b0f2-e4a8dfc2a9a8,resid_build_sale_price,26,38,0.07584581524133682,0.053006649017333984,2622.0,0.09205666184425354,7,1
StandardGP,fbe87b17-ada5-11ef-b0f2-e4a8dfc2a9a8,resid_build_sale_price,26,39,0.07584581524133682,0.04909014701843262,2626.0,0.09205666184425354,7,1
StandardGP,fbe87b17-ada5-11ef-b0f2-e4a8dfc2a9a8,resid_build_sale_price,26,40,0.07584581524133682,0.04520010948181152,2288.0,0.09205666184425354,7,1
StandardGP,fbe87b17-ada5-11ef-b0f2-e4a8dfc2a9a8,resid_build_sale_price,26,41,0.07584581524133682,0.04674220085144043,2300.0,0.09205666184425354,7,1
StandardGP,fbe87b17-ada5-11ef-b0f2-e4a8dfc2a9a8,resid_build_sale_price,26,42,0.07584581524133682,0.0509798526763916,2466.0,0.09205666184425354,7,1
StandardGP,fbe87b17-ada5-11ef-b0f2-e4a8dfc2a9a8,resid_build_sale_price,26,43,0.07584581524133682,0.04813957214355469,2302.0,0.09205666184425354,7,1
StandardGP,fbe87b17-ada5-11ef-b0f2-e4a8dfc2a9a8,resid_build_sale_price,26,44,0.07584581524133682,0.04667973518371582,2448.0,0.09205666184425354,7,1
StandardGP,fbe87b17-ada5-11ef-b0f2-e4a8dfc2a9a8,resid_build_sale_price,26,45,0.07584581524133682,0.05112314224243164,2746.0,0.09205666184425354,7,1
StandardGP,fbe87b17-ada5-11ef-b0f2-e4a8dfc2a9a8,resid_build_sale_price,26,46,0.07584581524133682,0.05726981163024902,3140.0,0.09205666184425354,7,1
StandardGP,fbe87b17-ada5-11ef-b0f2-e4a8dfc2a9a8,resid_build_sale_price,26,47,0.07584581524133682,0.054660797119140625,2934.0,0.09205666184425354,7,1
StandardGP,fbe87b17-ada5-11ef-b0f2-e4a8dfc2a9a8,resid_build_sale_price,26,48,0.07584581524133682,0.05796551704406738,3030.0,0.09205666184425354,7,1
StandardGP,fbe87b17-ada5-11ef-b0f2-e4a8dfc2a9a8,resid_build_sale_price,26,49,0.07584581524133682,0.0561373233795166,3064.0,0.09205666184425354,7,1
StandardGP,fbe87b17-ada5-11ef-b0f2-e4a8dfc2a9a8,resid_build_sale_price,26,50,0.07584581524133682,0.05730557441711426,3056.0,0.09205666184425354,7,1
StandardGP,fbe87b17-ada5-11ef-b0f2-e4a8dfc2a9a8,resid_build_sale_price,26,51,0.07584581524133682,0.05380511283874512,2904.0,0.09205666184425354,7,1
StandardGP,fbe87b17-ada5-11ef-b0f2-e4a8dfc2a9a8,resid_build_sale_price,26,52,0.07584581524133682,0.055197715759277344,3042.0,0.09205666184425354,7,1
StandardGP,fbe87b17-ada5-11ef-b0f2-e4a8dfc2a9a8,resid_build_sale_price,26,53,0.07584581524133682,0.05924487113952637,3314.0,0.09205666184425354,7,1
StandardGP,fbe87b17-ada5-11ef-b0f2-e4a8dfc2a9a8,resid_build_sale_price,26,54,0.07584581524133682,0.06171226501464844,3468.0,0.09205666184425354,7,1
StandardGP,fbe87b17-ada5-11ef-b0f2-e4a8dfc2a9a8,resid_build_sale_price,26,55,0.07584581524133682,0.06814265251159668,3724.0,0.09205666184425354,7,1
StandardGP,fbe87b17-ada5-11ef-b0f2-e4a8dfc2a9a8,resid_build_sale_price,26,56,0.07584581524133682,0.06073713302612305,3452.0,0.09205666184425354,7,1
StandardGP,fbe87b17-ada5-11ef-b0f2-e4a8dfc2a9a8,resid_build_sale_price,26,57,0.07584581524133682,0.06435608863830566,3710.0,0.09205666184425354,7,1
StandardGP,fbe87b17-ada5-11ef-b0f2-e4a8dfc2a9a8,resid_build_sale_price,26,58,0.07584581524133682,0.0631411075592041,3648.0,0.09205666184425354,7,1
StandardGP,fbe87b17-ada5-11ef-b0f2-e4a8dfc2a9a8,resid_build_sale_price,26,59,0.07584581524133682,0.07330846786499023,4610.0,0.09205666184425354,7,1
StandardGP,fbe87b17-ada5-11ef-b0f2-e4a8dfc2a9a8,resid_build_sale_price,26,60,0.07584581524133682,0.07623553276062012,4792.0,0.09205666184425354,7,1
StandardGP,fbe87b17-ada5-11ef-b0f2-e4a8dfc2a9a8,resid_build_sale_price,26,61,0.07584581524133682,0.08712077140808105,5566.0,0.09205666184425354,7,1
StandardGP,fbe87b17-ada5-11ef-b0f2-e4a8dfc2a9a8,resid_build_sale_price,26,62,0.05310947820544243,0.1061246395111084,6880.0,0.08392564207315445,13,1
StandardGP,fbe87b17-ada5-11ef-b0f2-e4a8dfc2a9a8,resid_build_sale_price,26,63,0.05298619717359543,0.10487055778503418,7020.0,0.08361289650201797,13,1
StandardGP,fbe87b17-ada5-11ef-b0f2-e4a8dfc2a9a8,resid_build_sale_price,26,64,0.05298619717359543,0.12174105644226074,8050.0,0.08361289650201797,13,1
StandardGP,fbe87b17-ada5-11ef-b0f2-e4a8dfc2a9a8,resid_build_sale_price,26,65,0.05298619717359543,0.15464425086975098,10414.0,0.08361289650201797,13,1
StandardGP,fbe87b17-ada5-11ef-b0f2-e4a8dfc2a9a8,resid_build_sale_price,26,66,0.05298619717359543,0.176194429397583,10780.0,0.08361289650201797,13,1
StandardGP,fbe87b17-ada5-11ef-b0f2-e4a8dfc2a9a8,resid_build_sale_price,26,67,0.05298619717359543,0.15288519859313965,10086.0,0.08361289650201797,13,1
StandardGP,fbe87b17-ada5-11ef-b0f2-e4a8dfc2a9a8,resid_build_sale_price,26,68,0.04783392697572708,0.1493988037109375,9808.0,0.07817618548870087,23,1
StandardGP,fbe87b17-ada5-11ef-b0f2-e4a8dfc2a9a8,resid_build_sale_price,26,69,0.04783392697572708,0.1435987949371338,9128.0,0.07817618548870087,23,1
StandardGP,fbe87b17-ada5-11ef-b0f2-e4a8dfc2a9a8,resid_build_sale_price,26,70,0.04783392697572708,0.12540817260742188,8344.0,0.07817618548870087,23,1
StandardGP,fbe87b17-ada5-11ef-b0f2-e4a8dfc2a9a8,resid_build_sale_price,26,71,0.04783392697572708,0.12030458450317383,7838.0,0.07817618548870087,23,1
StandardGP,fbe87b17-ada5-11ef-b0f2-e4a8dfc2a9a8,resid_build_sale_price,26,72,0.04783392697572708,0.12276840209960938,7932.0,0.07817618548870087,23,1
StandardGP,fbe87b17-ada5-11ef-b0f2-e4a8dfc2a9a8,resid_build_sale_price,26,73,0.04783392697572708,0.1077883243560791,7094.0,0.07817618548870087,23,1
StandardGP,fbe87b17-ada5-11ef-b0f2-e4a8dfc2a9a8,resid_build_sale_price,26,74,0.04783392697572708,0.11719560623168945,6540.0,0.07817618548870087,23,1
StandardGP,fbe87b17-ada5-11ef-b0f2-e4a8dfc2a9a8,resid_build_sale_price,26,75,0.04783392697572708,0.1037740707397461,6506.0,0.07817618548870087,23,1
StandardGP,fbe87b17-ada5-11ef-b0f2-e4a8dfc2a9a8,resid_build_sale_price,26,76,0.04758388549089432,0.09763193130493164,5964.0,0.07752203196287155,29,1
StandardGP,fbe87b17-ada5-11ef-b0f2-e4a8dfc2a9a8,resid_build_sale_price,26,77,0.04758388549089432,0.09634828567504883,5936.0,0.07752203196287155,29,1
StandardGP,fbe87b17-ada5-11ef-b0f2-e4a8dfc2a9a8,resid_build_sale_price,26,78,0.04758388549089432,0.09106874465942383,5312.0,0.07752203196287155,29,1
StandardGP,fbe87b17-ada5-11ef-b0f2-e4a8dfc2a9a8,resid_build_sale_price,26,79,0.04758388549089432,0.07762813568115234,4612.0,0.07752203196287155,29,1
StandardGP,fbe87b17-ada5-11ef-b0f2-e4a8dfc2a9a8,resid_build_sale_price,26,80,0.04758388549089432,0.08316349983215332,4830.0,0.07752203196287155,29,1
StandardGP,fbe87b17-ada5-11ef-b0f2-e4a8dfc2a9a8,resid_build_sale_price,26,81,0.04758388549089432,0.08400845527648926,4882.0,0.07752203196287155,29,1
StandardGP,fbe87b17-ada5-11ef-b0f2-e4a8dfc2a9a8,resid_build_sale_price,26,82,0.04758388549089432,0.08099079132080078,4722.0,0.07752203196287155,29,1
StandardGP,fbe87b17-ada5-11ef-b0f2-e4a8dfc2a9a8,resid_build_sale_price,26,83,0.04758388549089432,0.08305191993713379,4906.0,0.07752203196287155,29,1
StandardGP,fbe87b17-ada5-11ef-b0f2-e4a8dfc2a9a8,resid_build_sale_price,26,84,0.04758388549089432,0.08346223831176758,5118.0,0.07752203196287155,29,1
StandardGP,fbe87b17-ada5-11ef-b0f2-e4a8dfc2a9a8,resid_build_sale_price,26,85,0.04758388549089432,0.07987642288208008,4780.0,0.07752203196287155,29,1
StandardGP,fbe87b17-ada5-11ef-b0f2-e4a8dfc2a9a8,resid_build_sale_price,26,86,0.04758388549089432,0.08283162117004395,4886.0,0.07752203196287155,29,1
StandardGP,fbe87b17-ada5-11ef-b0f2-e4a8dfc2a9a8,resid_build_sale_price,26,87,0.04629147797822952,0.0836951732635498,4780.0,0.0759393647313118,23,1
StandardGP,fbe87b17-ada5-11ef-b0f2-e4a8dfc2a9a8,resid_build_sale_price,26,88,0.046194784343242645,0.07439398765563965,4284.0,0.07584398239850998,25,1
StandardGP,fbe87b17-ada5-11ef-b0f2-e4a8dfc2a9a8,resid_build_sale_price,26,89,0.04521061107516289,0.07331395149230957,4118.0,0.07222402095794678,31,1
StandardGP,fbe87b17-ada5-11ef-b0f2-e4a8dfc2a9a8,resid_build_sale_price,26,90,0.04521061107516289,0.07865786552429199,4132.0,0.07222402095794678,31,1
StandardGP,fbe87b17-ada5-11ef-b0f2-e4a8dfc2a9a8,resid_build_sale_price,26,91,0.04521061107516289,0.06643986701965332,3592.0,0.07222402095794678,31,1
StandardGP,fbe87b17-ada5-11ef-b0f2-e4a8dfc2a9a8,resid_build_sale_price,26,92,0.04521061107516289,0.06403470039367676,3364.0,0.07222402095794678,31,1
StandardGP,fbe87b17-ada5-11ef-b0f2-e4a8dfc2a9a8,resid_build_sale_price,26,93,0.04521061107516289,0.06954121589660645,3532.0,0.07222402095794678,31,1
StandardGP,fbe87b17-ada5-11ef-b0f2-e4a8dfc2a9a8,resid_build_sale_price,26,94,0.04521061107516289,0.07455253601074219,3982.0,0.07222402095794678,31,1
StandardGP,fbe87b17-ada5-11ef-b0f2-e4a8dfc2a9a8,resid_build_sale_price,26,95,0.04521061107516289,0.0699911117553711,3756.0,0.07222402095794678,31,1
StandardGP,fbe87b17-ada5-11ef-b0f2-e4a8dfc2a9a8,resid_build_sale_price,26,96,0.04521061107516289,0.07151198387145996,3678.0,0.07222402095794678,31,1
StandardGP,fbe87b17-ada5-11ef-b0f2-e4a8dfc2a9a8,resid_build_sale_price,26,97,0.04514402896165848,0.07853436470031738,3710.0,0.07452864199876785,29,1
StandardGP,fbe87b17-ada5-11ef-b0f2-e4a8dfc2a9a8,resid_build_sale_price,26,98,0.04514402896165848,0.08353328704833984,3980.0,0.07452864199876785,29,1
StandardGP,fbe87b17-ada5-11ef-b0f2-e4a8dfc2a9a8,resid_build_sale_price,26,99,0.04514402896165848,0.08663821220397949,4532.0,0.07452864199876785,29,1
StandardGP,fbe87b17-ada5-11ef-b0f2-e4a8dfc2a9a8,resid_build_sale_price,26,100,0.04514402896165848,0.08793973922729492,4068.0,0.07452864199876785,29,1
StandardGP,790943a6-ada6-11ef-95e3-e4a8dfc2a9a8,resid_build_sale_price,26,0,103.2547378540039,0.05699515342712402,1348.0,111.2177505493164,7,1
StandardGP,790943a6-ada6-11ef-95e3-e4a8dfc2a9a8,resid_build_sale_price,26,1,103.2547378540039,0.03065180778503418,1020.0,111.2177505493164,7,1
StandardGP,790943a6-ada6-11ef-95e3-e4a8dfc2a9a8,resid_build_sale_price,26,2,103.25457763671875,0.03339815139770508,1290.0,111.21990203857422,7,1
StandardGP,790943a6-ada6-11ef-95e3-e4a8dfc2a9a8,resid_build_sale_price,26,3,103.25457763671875,0.032997846603393555,1146.0,111.21990203857422,7,1
StandardGP,790943a6-ada6-11ef-95e3-e4a8dfc2a9a8,resid_build_sale_price,26,4,103.17202758789062,0.0339205265045166,1176.0,111.146240234375,7,1
StandardGP,790943a6-ada6-11ef-95e3-e4a8dfc2a9a8,resid_build_sale_price,26,5,103.10687255859375,0.028658151626586914,1208.0,111.0251693725586,7,1
StandardGP,790943a6-ada6-11ef-95e3-e4a8dfc2a9a8,resid_build_sale_price,26,6,99.9846420288086,0.034418582916259766,1346.0,107.84819030761719,7,1
StandardGP,790943a6-ada6-11ef-95e3-e4a8dfc2a9a8,resid_build_sale_price,26,7,99.9846420288086,0.03052830696105957,1248.0,107.84819030761719,7,1
StandardGP,790943a6-ada6-11ef-95e3-e4a8dfc2a9a8,resid_build_sale_price,26,8,99.9846420288086,0.03199267387390137,1504.0,107.84819030761719,7,1
StandardGP,790943a6-ada6-11ef-95e3-e4a8dfc2a9a8,resid_build_sale_price,26,9,99.9846420288086,0.03499794006347656,1716.0,107.84819030761719,7,1
StandardGP,790943a6-ada6-11ef-95e3-e4a8dfc2a9a8,resid_build_sale_price,26,10,99.9846420288086,0.03251791000366211,1502.0,107.84819030761719,7,1
StandardGP,790943a6-ada6-11ef-95e3-e4a8dfc2a9a8,resid_build_sale_price,26,11,99.9846420288086,0.03299236297607422,1462.0,107.84819030761719,7,1
StandardGP,790943a6-ada6-11ef-95e3-e4a8dfc2a9a8,resid_build_sale_price,26,12,99.9846420288086,0.035007476806640625,1562.0,107.84819030761719,7,1
StandardGP,790943a6-ada6-11ef-95e3-e4a8dfc2a9a8,resid_build_sale_price,26,13,99.9846420288086,0.03414344787597656,1560.0,107.84819030761719,7,1
StandardGP,790943a6-ada6-11ef-95e3-e4a8dfc2a9a8,resid_build_sale_price,26,14,90.44877624511719,0.03899979591369629,1816.0,101.43080139160156,9,1
StandardGP,790943a6-ada6-11ef-95e3-e4a8dfc2a9a8,resid_build_sale_price,26,15,90.44877624511719,0.039530277252197266,1824.0,101.43080139160156,9,1
StandardGP,790943a6-ada6-11ef-95e3-e4a8dfc2a9a8,resid_build_sale_price,26,16,90.44877624511719,0.03999519348144531,1988.0,101.43080139160156,9,1
StandardGP,790943a6-ada6-11ef-95e3-e4a8dfc2a9a8,resid_build_sale_price,26,17,90.44877624511719,0.043756961822509766,2352.0,101.43080139160156,9,1
StandardGP,790943a6-ada6-11ef-95e3-e4a8dfc2a9a8,resid_build_sale_price,26,18,90.44877624511719,0.04998445510864258,2626.0,101.43080139160156,9,1
StandardGP,790943a6-ada6-11ef-95e3-e4a8dfc2a9a8,resid_build_sale_price,26,19,90.16084289550781,0.0520169734954834,2860.0,101.02874755859375,13,1
StandardGP,790943a6-ada6-11ef-95e3-e4a8dfc2a9a8,resid_build_sale_price,26,20,90.16084289550781,0.05803322792053223,3426.0,101.02874755859375,13,1
StandardGP,790943a6-ada6-11ef-95e3-e4a8dfc2a9a8,resid_build_sale_price,26,21,90.16084289550781,0.05552482604980469,3308.0,101.02874755859375,13,1
StandardGP,790943a6-ada6-11ef-95e3-e4a8dfc2a9a8,resid_build_sale_price,26,22,89.67996215820312,0.0520014762878418,3068.0,100.73587036132812,9,1
StandardGP,790943a6-ada6-11ef-95e3-e4a8dfc2a9a8,resid_build_sale_price,26,23,89.67427062988281,0.045532941818237305,2622.0,100.73155975341797,11,1
StandardGP,790943a6-ada6-11ef-95e3-e4a8dfc2a9a8,resid_build_sale_price,26,24,89.67404174804688,0.04299736022949219,2448.0,100.73139190673828,13,1
StandardGP,790943a6-ada6-11ef-95e3-e4a8dfc2a9a8,resid_build_sale_price,26,25,89.66995239257812,0.04701685905456543,2744.0,100.73316192626953,11,1
StandardGP,790943a6-ada6-11ef-95e3-e4a8dfc2a9a8,resid_build_sale_price,26,26,82.17820739746094,0.043993473052978516,2432.0,93.78248596191406,5,1
StandardGP,790943a6-ada6-11ef-95e3-e4a8dfc2a9a8,resid_build_sale_price,26,27,73.73107147216797,0.04100751876831055,2240.0,89.50041961669922,9,1
StandardGP,790943a6-ada6-11ef-95e3-e4a8dfc2a9a8,resid_build_sale_price,26,28,73.73107147216797,0.039510250091552734,2118.0,89.50041961669922,9,1
StandardGP,790943a6-ada6-11ef-95e3-e4a8dfc2a9a8,resid_build_sale_price,26,29,55.143436431884766,0.0319981575012207,1736.0,75.3820571899414,9,1
StandardGP,790943a6-ada6-11ef-95e3-e4a8dfc2a9a8,resid_build_sale_price,26,30,55.143436431884766,0.03200650215148926,1682.0,75.3820571899414,9,1
StandardGP,790943a6-ada6-11ef-95e3-e4a8dfc2a9a8,resid_build_sale_price,26,31,55.143436431884766,0.030517101287841797,1442.0,75.3820571899414,9,1
StandardGP,790943a6-ada6-11ef-95e3-e4a8dfc2a9a8,resid_build_sale_price,26,32,55.143436431884766,0.03000473976135254,1524.0,75.3820571899414,9,1
StandardGP,790943a6-ada6-11ef-95e3-e4a8dfc2a9a8,resid_build_sale_price,26,33,55.143436431884766,0.027001619338989258,1336.0,75.3820571899414,9,1
StandardGP,790943a6-ada6-11ef-95e3-e4a8dfc2a9a8,resid_build_sale_price,26,34,55.143436431884766,0.02751326560974121,1338.0,75.3820571899414,9,1
StandardGP,790943a6-ada6-11ef-95e3-e4a8dfc2a9a8,resid_build_sale_price,26,35,55.143436431884766,0.03199958801269531,1522.0,75.3820571899414,9,1
StandardGP,790943a6-ada6-11ef-95e3-e4a8dfc2a9a8,resid_build_sale_price,26,36,53.44834518432617,0.03099989891052246,1616.0,74.24649810791016,7,1
StandardGP,790943a6-ada6-11ef-95e3-e4a8dfc2a9a8,resid_build_sale_price,26,37,53.44834518432617,0.032540321350097656,1562.0,74.24649810791016,7,1
StandardGP,790943a6-ada6-11ef-95e3-e4a8dfc2a9a8,resid_build_sale_price,26,38,53.44834518432617,0.03399372100830078,1712.0,74.24649810791016,7,1
StandardGP,790943a6-ada6-11ef-95e3-e4a8dfc2a9a8,resid_build_sale_price,26,39,53.44834518432617,0.03399538993835449,1764.0,74.24649810791016,7,1
StandardGP,790943a6-ada6-11ef-95e3-e4a8dfc2a9a8,resid_build_sale_price,26,40,53.44834518432617,0.038522958755493164,1982.0,74.24649810791016,7,1
StandardGP,790943a6-ada6-11ef-95e3-e4a8dfc2a9a8,resid_build_sale_price,26,41,53.44834518432617,0.035996437072753906,1968.0,74.24649810791016,7,1
StandardGP,790943a6-ada6-11ef-95e3-e4a8dfc2a9a8,resid_build_sale_price,26,42,53.44834518432617,0.04053163528442383,2122.0,74.24649810791016,7,1
StandardGP,790943a6-ada6-11ef-95e3-e4a8dfc2a9a8,resid_build_sale_price,26,43,47.75018310546875,0.03999829292297363,2248.0,67.01627349853516,5,1
StandardGP,790943a6-ada6-11ef-95e3-e4a8dfc2a9a8,resid_build_sale_price,26,44,47.75018310546875,0.03900003433227539,2058.0,67.01627349853516,5,1
StandardGP,790943a6-ada6-11ef-95e3-e4a8dfc2a9a8,resid_build_sale_price,26,45,47.75018310546875,0.03851652145385742,1984.0,67.01627349853516,5,1
StandardGP,790943a6-ada6-11ef-95e3-e4a8dfc2a9a8,resid_build_sale_price,26,46,47.75018310546875,0.0379948616027832,2006.0,67.01627349853516,5,1
StandardGP,790943a6-ada6-11ef-95e3-e4a8dfc2a9a8,resid_build_sale_price,26,47,47.75018310546875,0.04354047775268555,2174.0,67.01627349853516,5,1
StandardGP,790943a6-ada6-11ef-95e3-e4a8dfc2a9a8,resid_build_sale_price,26,48,47.75018310546875,0.04299783706665039,2268.0,67.01627349853516,5,1
StandardGP,790943a6-ada6-11ef-95e3-e4a8dfc2a9a8,resid_build_sale_price,26,49,47.75018310546875,0.04600715637207031,2278.0,67.01627349853516,5,1
StandardGP,790943a6-ada6-11ef-95e3-e4a8dfc2a9a8,resid_build_sale_price,26,50,47.75018310546875,0.045014381408691406,2272.0,67.01627349853516,5,1
StandardGP,790943a6-ada6-11ef-95e3-e4a8dfc2a9a8,resid_build_sale_price,26,51,47.75018310546875,0.04741835594177246,2464.0,67.01627349853516,5,1
StandardGP,790943a6-ada6-11ef-95e3-e4a8dfc2a9a8,resid_build_sale_price,26,52,47.75018310546875,0.0455172061920166,2480.0,67.01627349853516,5,1
StandardGP,790943a6-ada6-11ef-95e3-e4a8dfc2a9a8,resid_build_sale_price,26,53,47.75018310546875,0.05000138282775879,2560.0,67.01627349853516,5,1
StandardGP,790943a6-ada6-11ef-95e3-e4a8dfc2a9a8,resid_build_sale_price,26,54,47.75018310546875,0.04651379585266113,2458.0,67.01627349853516,5,1
StandardGP,790943a6-ada6-11ef-95e3-e4a8dfc2a9a8,resid_build_sale_price,26,55,47.75018310546875,0.04498624801635742,2286.0,67.01627349853516,5,1
StandardGP,790943a6-ada6-11ef-95e3-e4a8dfc2a9a8,resid_build_sale_price,26,56,47.75018310546875,0.042511701583862305,2290.0,67.01627349853516,5,1
StandardGP,790943a6-ada6-11ef-95e3-e4a8dfc2a9a8,resid_build_sale_price,26,57,47.75018310546875,0.04300069808959961,2392.0,67.01627349853516,5,1
StandardGP,790943a6-ada6-11ef-95e3-e4a8dfc2a9a8,resid_build_sale_price,26,58,47.75018310546875,0.041513919830322266,2284.0,67.01627349853516,5,1
StandardGP,790943a6-ada6-11ef-95e3-e4a8dfc2a9a8,resid_build_sale_price,26,59,47.75018310546875,0.042005062103271484,2396.0,67.01627349853516,5,1
StandardGP,790943a6-ada6-11ef-95e3-e4a8dfc2a9a8,resid_build_sale_price,26,60,47.75018310546875,0.04653358459472656,2662.0,67.01627349853516,5,1
StandardGP,790943a6-ada6-11ef-95e3-e4a8dfc2a9a8,resid_build_sale_price,26,61,47.75018310546875,0.04668617248535156,2736.0,67.01627349853516,5,1
StandardGP,790943a6-ada6-11ef-95e3-e4a8dfc2a9a8,resid_build_sale_price,26,62,47.75018310546875,0.050932884216308594,2862.0,67.01627349853516,5,1
StandardGP,790943a6-ada6-11ef-95e3-e4a8dfc2a9a8,resid_build_sale_price,26,63,47.75018310546875,0.04699110984802246,2734.0,67.01627349853516,5,1
StandardGP,790943a6-ada6-11ef-95e3-e4a8dfc2a9a8,resid_build_sale_price,26,64,47.75018310546875,0.04743385314941406,2660.0,67.01627349853516,5,1
StandardGP,790943a6-ada6-11ef-95e3-e4a8dfc2a9a8,resid_build_sale_price,26,65,43.33572006225586,0.04211926460266113,2550.0,63.37943649291992,5,1
StandardGP,790943a6-ada6-11ef-95e3-e4a8dfc2a9a8,resid_build_sale_price,26,66,43.33572006225586,0.038034677505493164,2330.0,63.37943649291992,5,1
StandardGP,790943a6-ada6-11ef-95e3-e4a8dfc2a9a8,resid_build_sale_price,26,67,43.33572006225586,0.04030609130859375,2364.0,63.37943649291992,5,1
StandardGP,790943a6-ada6-11ef-95e3-e4a8dfc2a9a8,resid_build_sale_price,26,68,43.33572006225586,0.039977312088012695,2512.0,63.37943649291992,5,1
StandardGP,790943a6-ada6-11ef-95e3-e4a8dfc2a9a8,resid_build_sale_price,26,69,43.33572006225586,0.04560041427612305,2604.0,63.37943649291992,5,1
StandardGP,790943a6-ada6-11ef-95e3-e4a8dfc2a9a8,resid_build_sale_price,26,70,43.33572006225586,0.041396379470825195,2442.0,63.37943649291992,5,1
StandardGP,790943a6-ada6-11ef-95e3-e4a8dfc2a9a8,resid_build_sale_price,26,71,43.33572006225586,0.04256844520568848,2552.0,63.37943649291992,5,1
StandardGP,790943a6-ada6-11ef-95e3-e4a8dfc2a9a8,resid_build_sale_price,26,72,43.33572006225586,0.04409146308898926,2582.0,63.37943649291992,5,1
StandardGP,790943a6-ada6-11ef-95e3-e4a8dfc2a9a8,resid_build_sale_price,26,73,43.33572006225586,0.04886126518249512,2870.0,63.37943649291992,5,1
StandardGP,790943a6-ada6-11ef-95e3-e4a8dfc2a9a8,resid_build_sale_price,26,74,43.33572006225586,0.05123424530029297,2884.0,63.37943649291992,5,1
StandardGP,790943a6-ada6-11ef-95e3-e4a8dfc2a9a8,resid_build_sale_price,26,75,43.33572006225586,0.05134272575378418,2860.0,63.37943649291992,5,1
StandardGP,790943a6-ada6-11ef-95e3-e4a8dfc2a9a8,resid_build_sale_price,26,76,43.33572006225586,0.047461509704589844,2590.0,63.37943649291992,5,1
StandardGP,790943a6-ada6-11ef-95e3-e4a8dfc2a9a8,resid_build_sale_price,26,77,43.33572006225586,0.04503583908081055,2538.0,63.37943649291992,5,1
StandardGP,790943a6-ada6-11ef-95e3-e4a8dfc2a9a8,resid_build_sale_price,26,78,43.33572006225586,0.048624515533447266,2674.0,63.37943649291992,5,1
StandardGP,790943a6-ada6-11ef-95e3-e4a8dfc2a9a8,resid_build_sale_price,26,79,43.33572006225586,0.05398845672607422,3050.0,63.37943649291992,5,1
StandardGP,790943a6-ada6-11ef-95e3-e4a8dfc2a9a8,resid_build_sale_price,26,80,43.33572006225586,0.05232429504394531,2900.0,63.37943649291992,5,1
StandardGP,790943a6-ada6-11ef-95e3-e4a8dfc2a9a8,resid_build_sale_price,26,81,43.33572006225586,0.0474398136138916,2756.0,63.37943649291992,5,1
StandardGP,790943a6-ada6-11ef-95e3-e4a8dfc2a9a8,resid_build_sale_price,26,82,43.33572006225586,0.051073551177978516,2900.0,63.37943649291992,5,1
StandardGP,790943a6-ada6-11ef-95e3-e4a8dfc2a9a8,resid_build_sale_price,26,83,43.33572006225586,0.052498817443847656,2892.0,63.37943649291992,5,1
StandardGP,790943a6-ada6-11ef-95e3-e4a8dfc2a9a8,resid_build_sale_price,26,84,43.33572006225586,0.05199885368347168,2826.0,63.37943649291992,5,1
StandardGP,790943a6-ada6-11ef-95e3-e4a8dfc2a9a8,resid_build_sale_price,26,85,43.33572006225586,0.04852151870727539,2540.0,63.37943649291992,5,1
StandardGP,790943a6-ada6-11ef-95e3-e4a8dfc2a9a8,resid_build_sale_price,26,86,43.33572006225586,0.04499959945678711,2216.0,63.37943649291992,5,1
StandardGP,790943a6-ada6-11ef-95e3-e4a8dfc2a9a8,resid_build_sale_price,26,87,43.33572006225586,0.038007497787475586,2050.0,63.37943649291992,5,1
StandardGP,790943a6-ada6-11ef-95e3-e4a8dfc2a9a8,resid_build_sale_price,26,88,43.33572006225586,0.13405299186706543,1870.0,63.37943649291992,5,1
StandardGP,790943a6-ada6-11ef-95e3-e4a8dfc2a9a8,resid_build_sale_price,26,89,43.33572006225586,0.03414607048034668,1866.0,63.37943649291992,5,1
StandardGP,790943a6-ada6-11ef-95e3-e4a8dfc2a9a8,resid_build_sale_price,26,90,43.33572006225586,0.033527374267578125,1710.0,63.37943649291992,5,1
StandardGP,790943a6-ada6-11ef-95e3-e4a8dfc2a9a8,resid_build_sale_price,26,91,43.33572006225586,0.03099822998046875,1654.0,63.37943649291992,5,1
StandardGP,790943a6-ada6-11ef-95e3-e4a8dfc2a9a8,resid_build_sale_price,26,92,43.33572006225586,0.03299975395202637,1702.0,63.37943649291992,5,1
StandardGP,790943a6-ada6-11ef-95e3-e4a8dfc2a9a8,resid_build_sale_price,26,93,43.33572006225586,0.03352928161621094,1800.0,63.37943649291992,5,1
StandardGP,790943a6-ada6-11ef-95e3-e4a8dfc2a9a8,resid_build_sale_price,26,94,43.33572006225586,0.03399395942687988,1802.0,63.37943649291992,5,1
StandardGP,790943a6-ada6-11ef-95e3-e4a8dfc2a9a8,resid_build_sale_price,26,95,43.33572006225586,0.035996437072753906,1958.0,63.37943649291992,5,1
StandardGP,790943a6-ada6-11ef-95e3-e4a8dfc2a9a8,resid_build_sale_price,26,96,43.33572006225586,0.03752493858337402,2114.0,63.37943649291992,5,1
StandardGP,790943a6-ada6-11ef-95e3-e4a8dfc2a9a8,resid_build_sale_price,26,97,43.33572006225586,0.04099845886230469,2158.0,63.37943649291992,5,1
StandardGP,790943a6-ada6-11ef-95e3-e4a8dfc2a9a8,resid_build_sale_price,26,98,43.33572006225586,0.04001498222351074,2070.0,63.37943649291992,5,1
StandardGP,790943a6-ada6-11ef-95e3-e4a8dfc2a9a8,resid_build_sale_price,26,99,43.33572006225586,0.040514469146728516,2112.0,63.37943649291992,5,1
StandardGP,790943a6-ada6-11ef-95e3-e4a8dfc2a9a8,resid_build_sale_price,26,100,43.33572006225586,0.03999686241149902,2150.0,63.37943649291992,5,1
