StandardGP,1f9a5e0c-ada3-11ef-93ea-e4a8dfc2a9a8,resid_build_sale_price,4,0,0.12370678037405014,0.14296388626098633,1346.0,0.14383605122566223,3,1
StandardGP,1f9a5e0c-ada3-11ef-93ea-e4a8dfc2a9a8,resid_build_sale_price,4,1,0.12172392755746841,0.049918413162231445,686.0,0.17306305468082428,5,1
StandardGP,1f9a5e0c-ada3-11ef-93ea-e4a8dfc2a9a8,resid_build_sale_price,4,2,0.12172392755746841,0.03670811653137207,502.0,0.17306305468082428,5,1
StandardGP,1f9a5e0c-ada3-11ef-93ea-e4a8dfc2a9a8,resid_build_sale_price,4,3,0.10503240674734116,0.035127878189086914,466.0,0.14661459624767303,7,1
StandardGP,1f9a5e0c-ada3-11ef-93ea-e4a8dfc2a9a8,resid_build_sale_price,4,4,0.10503240674734116,0.03723001480102539,508.0,0.14661459624767303,7,1
StandardGP,1f9a5e0c-ada3-11ef-93ea-e4a8dfc2a9a8,resid_build_sale_price,4,5,0.10503240674734116,0.03471779823303223,534.0,0.14661459624767303,7,1
StandardGP,1f9a5e0c-ada3-11ef-93ea-e4a8dfc2a9a8,resid_build_sale_price,4,6,0.09730212390422821,0.033998727798461914,518.0,0.10432841628789902,3,1
StandardGP,1f9a5e0c-ada3-11ef-93ea-e4a8dfc2a9a8,resid_build_sale_price,4,7,0.09730212390422821,0.03841900825500488,558.0,0.10432841628789902,3,1
StandardGP,1f9a5e0c-ada3-11ef-93ea-e4a8dfc2a9a8,resid_build_sale_price,4,8,0.09730212390422821,0.04163551330566406,580.0,0.10432841628789902,3,1
StandardGP,1f9a5e0c-ada3-11ef-93ea-e4a8dfc2a9a8,resid_build_sale_price,4,9,0.09730212390422821,0.044724225997924805,598.0,0.10432841628789902,3,1
StandardGP,1f9a5e0c-ada3-11ef-93ea-e4a8dfc2a9a8,resid_build_sale_price,4,10,0.08000759035348892,0.04663825035095215,636.0,0.09710709005594254,3,1
StandardGP,1f9a5e0c-ada3-11ef-93ea-e4a8dfc2a9a8,resid_build_sale_price,4,11,0.07788809388875961,0.04568743705749512,636.0,0.09403645992279053,3,1
StandardGP,1f9a5e0c-ada3-11ef-93ea-e4a8dfc2a9a8,resid_build_sale_price,4,12,0.07788809388875961,0.04992246627807617,726.0,0.09403645992279053,3,1
StandardGP,1f9a5e0c-ada3-11ef-93ea-e4a8dfc2a9a8,resid_build_sale_price,4,13,0.07788809388875961,0.05200004577636719,810.0,0.09403645992279053,3,1
StandardGP,1f9a5e0c-ada3-11ef-93ea-e4a8dfc2a9a8,resid_build_sale_price,4,14,0.07788809388875961,0.05764579772949219,898.0,0.09403645992279053,3,1
StandardGP,1f9a5e0c-ada3-11ef-93ea-e4a8dfc2a9a8,resid_build_sale_price,4,15,0.07788809388875961,0.06104445457458496,1100.0,0.09403645992279053,3,1
StandardGP,1f9a5e0c-ada3-11ef-93ea-e4a8dfc2a9a8,resid_build_sale_price,4,16,0.07788809388875961,0.07612180709838867,1308.0,0.09403645992279053,3,1
StandardGP,1f9a5e0c-ada3-11ef-93ea-e4a8dfc2a9a8,resid_build_sale_price,4,17,0.07788809388875961,0.0857229232788086,1590.0,0.09403645992279053,3,1
StandardGP,1f9a5e0c-ada3-11ef-93ea-e4a8dfc2a9a8,resid_build_sale_price,4,18,0.07788809388875961,0.10436248779296875,1926.0,0.09403645992279053,3,1
StandardGP,1f9a5e0c-ada3-11ef-93ea-e4a8dfc2a9a8,resid_build_sale_price,4,19,0.07788809388875961,0.09368157386779785,1844.0,0.09403645992279053,3,1
StandardGP,1f9a5e0c-ada3-11ef-93ea-e4a8dfc2a9a8,resid_build_sale_price,4,20,0.07788809388875961,0.11476469039916992,2414.0,0.09403645992279053,3,1
StandardGP,1f9a5e0c-ada3-11ef-93ea-e4a8dfc2a9a8,resid_build_sale_price,4,21,0.07788809388875961,0.12827086448669434,2696.0,0.09403645992279053,3,1
StandardGP,1f9a5e0c-ada3-11ef-93ea-e4a8dfc2a9a8,resid_build_sale_price,4,22,0.07788809388875961,0.1490941047668457,3218.0,0.09403645992279053,3,1
StandardGP,1f9a5e0c-ada3-11ef-93ea-e4a8dfc2a9a8,resid_build_sale_price,4,23,0.07788809388875961,0.14026975631713867,2996.0,0.09403645992279053,3,1
StandardGP,1f9a5e0c-ada3-11ef-93ea-e4a8dfc2a9a8,resid_build_sale_price,4,24,0.07588313519954681,0.148637056350708,3156.0,0.10183843970298767,5,1
StandardGP,1f9a5e0c-ada3-11ef-93ea-e4a8dfc2a9a8,resid_build_sale_price,4,25,0.07588313519954681,0.19745612144470215,4044.0,0.10183843970298767,5,1
StandardGP,1f9a5e0c-ada3-11ef-93ea-e4a8dfc2a9a8,resid_build_sale_price,4,26,0.07588313519954681,0.1980893611907959,3986.0,0.10183843970298767,5,1
StandardGP,1f9a5e0c-ada3-11ef-93ea-e4a8dfc2a9a8,resid_build_sale_price,4,27,0.07588313519954681,0.21226930618286133,4598.0,0.10183843970298767,5,1
StandardGP,1f9a5e0c-ada3-11ef-93ea-e4a8dfc2a9a8,resid_build_sale_price,4,28,0.07588313519954681,0.20026826858520508,4304.0,0.10183843970298767,5,1
StandardGP,1f9a5e0c-ada3-11ef-93ea-e4a8dfc2a9a8,resid_build_sale_price,4,29,0.07588313519954681,0.17226886749267578,3692.0,0.10183843970298767,5,1
StandardGP,1f9a5e0c-ada3-11ef-93ea-e4a8dfc2a9a8,resid_build_sale_price,4,30,0.07588313519954681,0.22527074813842773,4966.0,0.10183843970298767,5,1
StandardGP,1f9a5e0c-ada3-11ef-93ea-e4a8dfc2a9a8,resid_build_sale_price,4,31,0.07588313519954681,0.23389291763305664,5152.0,0.10183843970298767,5,1
StandardGP,1f9a5e0c-ada3-11ef-93ea-e4a8dfc2a9a8,resid_build_sale_price,4,32,0.07588313519954681,0.15915346145629883,3172.0,0.10183843970298767,5,1
StandardGP,1f9a5e0c-ada3-11ef-93ea-e4a8dfc2a9a8,resid_build_sale_price,4,33,0.07588313519954681,0.1917407512664795,3908.0,0.10183843970298767,5,1
StandardGP,1f9a5e0c-ada3-11ef-93ea-e4a8dfc2a9a8,resid_build_sale_price,4,34,0.07588313519954681,0.2323145866394043,4976.0,0.10183843970298767,5,1
StandardGP,1f9a5e0c-ada3-11ef-93ea-e4a8dfc2a9a8,resid_build_sale_price,4,35,0.07588313519954681,0.2486133575439453,5098.0,0.10183843970298767,5,1
StandardGP,1f9a5e0c-ada3-11ef-93ea-e4a8dfc2a9a8,resid_build_sale_price,4,36,0.07588313519954681,0.26573777198791504,5492.0,0.10183843970298767,5,1
StandardGP,1f9a5e0c-ada3-11ef-93ea-e4a8dfc2a9a8,resid_build_sale_price,4,37,0.07588313519954681,0.2935061454772949,6174.0,0.10183843970298767,5,1
StandardGP,1f9a5e0c-ada3-11ef-93ea-e4a8dfc2a9a8,resid_build_sale_price,4,38,0.07588313519954681,0.3085801601409912,6490.0,0.10183843970298767,5,1
StandardGP,1f9a5e0c-ada3-11ef-93ea-e4a8dfc2a9a8,resid_build_sale_price,4,39,0.07456530630588531,0.20098567008972168,4056.0,0.07459478825330734,7,1
StandardGP,1f9a5e0c-ada3-11ef-93ea-e4a8dfc2a9a8,resid_build_sale_price,4,40,0.07456530630588531,0.218902587890625,4246.0,0.07459478825330734,7,1
StandardGP,1f9a5e0c-ada3-11ef-93ea-e4a8dfc2a9a8,resid_build_sale_price,4,41,0.07456530630588531,0.27524399757385254,5490.0,0.07459478825330734,7,1
StandardGP,1f9a5e0c-ada3-11ef-93ea-e4a8dfc2a9a8,resid_build_sale_price,4,42,0.07456530630588531,0.3463022708892822,6510.0,0.07459478825330734,7,1
StandardGP,1f9a5e0c-ada3-11ef-93ea-e4a8dfc2a9a8,resid_build_sale_price,4,43,0.07456530630588531,0.3773314952850342,6940.0,0.07459478825330734,7,1
StandardGP,1f9a5e0c-ada3-11ef-93ea-e4a8dfc2a9a8,resid_build_sale_price,4,44,0.07456530630588531,0.39086294174194336,7564.0,0.07459478825330734,7,1
StandardGP,1f9a5e0c-ada3-11ef-93ea-e4a8dfc2a9a8,resid_build_sale_price,4,45,0.07456530630588531,0.17318224906921387,3292.0,0.07459478825330734,7,1
StandardGP,1f9a5e0c-ada3-11ef-93ea-e4a8dfc2a9a8,resid_build_sale_price,4,46,0.07456530630588531,0.18729710578918457,3406.0,0.07459478825330734,7,1
StandardGP,1f9a5e0c-ada3-11ef-93ea-e4a8dfc2a9a8,resid_build_sale_price,4,47,0.07456530630588531,0.16406035423278809,3242.0,0.07459478825330734,7,1
StandardGP,1f9a5e0c-ada3-11ef-93ea-e4a8dfc2a9a8,resid_build_sale_price,4,48,0.07456530630588531,0.22471380233764648,3702.0,0.07459478825330734,7,1
StandardGP,1f9a5e0c-ada3-11ef-93ea-e4a8dfc2a9a8,resid_build_sale_price,4,49,0.07456530630588531,0.1992652416229248,4590.0,0.07459478825330734,7,1
StandardGP,1f9a5e0c-ada3-11ef-93ea-e4a8dfc2a9a8,resid_build_sale_price,4,50,0.07456530630588531,0.2204911708831787,5010.0,0.07459478825330734,7,1
StandardGP,1f9a5e0c-ada3-11ef-93ea-e4a8dfc2a9a8,resid_build_sale_price,4,51,0.07456530630588531,0.265087366104126,5508.0,0.07459478825330734,7,1
StandardGP,1f9a5e0c-ada3-11ef-93ea-e4a8dfc2a9a8,resid_build_sale_price,4,52,0.07456530630588531,0.30837082862854004,5648.0,0.07459478825330734,7,1
StandardGP,1f9a5e0c-ada3-11ef-93ea-e4a8dfc2a9a8,resid_build_sale_price,4,53,0.07456530630588531,0.21849870681762695,4454.0,0.07459478825330734,7,1
StandardGP,1f9a5e0c-ada3-11ef-93ea-e4a8dfc2a9a8,resid_build_sale_price,4,54,0.07456530630588531,0.24958252906799316,5400.0,0.07459478825330734,7,1
StandardGP,1f9a5e0c-ada3-11ef-93ea-e4a8dfc2a9a8,resid_build_sale_price,4,55,0.07456530630588531,0.38742828369140625,5880.0,0.07459478825330734,7,1
StandardGP,1f9a5e0c-ada3-11ef-93ea-e4a8dfc2a9a8,resid_build_sale_price,4,56,0.07456530630588531,0.24526119232177734,5314.0,0.07459478825330734,7,1
StandardGP,1f9a5e0c-ada3-11ef-93ea-e4a8dfc2a9a8,resid_build_sale_price,4,57,0.07456530630588531,0.29356980323791504,5994.0,0.07459478825330734,7,1
StandardGP,1f9a5e0c-ada3-11ef-93ea-e4a8dfc2a9a8,resid_build_sale_price,4,58,0.07456530630588531,0.32076191902160645,6964.0,0.07459478825330734,7,1
StandardGP,1f9a5e0c-ada3-11ef-93ea-e4a8dfc2a9a8,resid_build_sale_price,4,59,0.07456530630588531,0.3433241844177246,6560.0,0.07459478825330734,7,1
StandardGP,1f9a5e0c-ada3-11ef-93ea-e4a8dfc2a9a8,resid_build_sale_price,4,60,0.07456530630588531,0.2886693477630615,6398.0,0.07459478825330734,7,1
StandardGP,1f9a5e0c-ada3-11ef-93ea-e4a8dfc2a9a8,resid_build_sale_price,4,61,0.07456530630588531,0.25563716888427734,5562.0,0.07459478825330734,7,1
StandardGP,1f9a5e0c-ada3-11ef-93ea-e4a8dfc2a9a8,resid_build_sale_price,4,62,0.07456530630588531,0.25616931915283203,5804.0,0.07459478825330734,7,1
StandardGP,1f9a5e0c-ada3-11ef-93ea-e4a8dfc2a9a8,resid_build_sale_price,4,63,0.06686914712190628,0.23442316055297852,5092.0,0.09903354197740555,3,1
StandardGP,1f9a5e0c-ada3-11ef-93ea-e4a8dfc2a9a8,resid_build_sale_price,4,64,0.06686914712190628,0.22234797477722168,4648.0,0.09903354197740555,3,1
StandardGP,1f9a5e0c-ada3-11ef-93ea-e4a8dfc2a9a8,resid_build_sale_price,4,65,0.06686914712190628,0.20727205276489258,4848.0,0.09903354197740555,3,1
StandardGP,1f9a5e0c-ada3-11ef-93ea-e4a8dfc2a9a8,resid_build_sale_price,4,66,0.06686914712190628,0.2009584903717041,4652.0,0.09903354197740555,3,1
StandardGP,1f9a5e0c-ada3-11ef-93ea-e4a8dfc2a9a8,resid_build_sale_price,4,67,0.06686914712190628,0.22780442237854004,4940.0,0.09903354197740555,3,1
StandardGP,1f9a5e0c-ada3-11ef-93ea-e4a8dfc2a9a8,resid_build_sale_price,4,68,0.06686914712190628,0.23512530326843262,4598.0,0.09903354197740555,3,1
StandardGP,1f9a5e0c-ada3-11ef-93ea-e4a8dfc2a9a8,resid_build_sale_price,4,69,0.06686914712190628,0.23682141304016113,4894.0,0.09903354197740555,3,1
StandardGP,1f9a5e0c-ada3-11ef-93ea-e4a8dfc2a9a8,resid_build_sale_price,4,70,0.06686914712190628,0.27351832389831543,5706.0,0.09903354197740555,3,1
StandardGP,1f9a5e0c-ada3-11ef-93ea-e4a8dfc2a9a8,resid_build_sale_price,4,71,0.06686914712190628,0.2586236000061035,5330.0,0.09903354197740555,3,1
StandardGP,1f9a5e0c-ada3-11ef-93ea-e4a8dfc2a9a8,resid_build_sale_price,4,72,0.06686914712190628,0.28318190574645996,5748.0,0.09903354197740555,3,1
StandardGP,1f9a5e0c-ada3-11ef-93ea-e4a8dfc2a9a8,resid_build_sale_price,4,73,0.06686914712190628,0.2912592887878418,6092.0,0.09903354197740555,3,1
StandardGP,1f9a5e0c-ada3-11ef-93ea-e4a8dfc2a9a8,resid_build_sale_price,4,74,0.06686914712190628,0.37374043464660645,7198.0,0.09903354197740555,3,1
StandardGP,1f9a5e0c-ada3-11ef-93ea-e4a8dfc2a9a8,resid_build_sale_price,4,75,0.06686914712190628,0.36592602729797363,8138.0,0.09903354197740555,3,1
StandardGP,1f9a5e0c-ada3-11ef-93ea-e4a8dfc2a9a8,resid_build_sale_price,4,76,0.06686914712190628,0.36376452445983887,7568.0,0.09903354197740555,3,1
StandardGP,1f9a5e0c-ada3-11ef-93ea-e4a8dfc2a9a8,resid_build_sale_price,4,77,0.06686914712190628,0.3093526363372803,6998.0,0.09903354197740555,3,1
StandardGP,1f9a5e0c-ada3-11ef-93ea-e4a8dfc2a9a8,resid_build_sale_price,4,78,0.06686914712190628,0.41663670539855957,8956.0,0.09903354197740555,3,1
StandardGP,1f9a5e0c-ada3-11ef-93ea-e4a8dfc2a9a8,resid_build_sale_price,4,79,0.06686914712190628,0.4661247730255127,10558.0,0.09903354197740555,3,1
StandardGP,1f9a5e0c-ada3-11ef-93ea-e4a8dfc2a9a8,resid_build_sale_price,4,80,0.06686914712190628,0.4863598346710205,11506.0,0.09903354197740555,3,1
StandardGP,1f9a5e0c-ada3-11ef-93ea-e4a8dfc2a9a8,resid_build_sale_price,4,81,0.06686914712190628,0.48273348808288574,11288.0,0.09903354197740555,3,1
StandardGP,1f9a5e0c-ada3-11ef-93ea-e4a8dfc2a9a8,resid_build_sale_price,4,82,0.06686914712190628,0.43227076530456543,9662.0,0.09903354197740555,3,1
StandardGP,1f9a5e0c-ada3-11ef-93ea-e4a8dfc2a9a8,resid_build_sale_price,4,83,0.06686914712190628,0.4468238353729248,10046.0,0.09903354197740555,3,1
StandardGP,1f9a5e0c-ada3-11ef-93ea-e4a8dfc2a9a8,resid_build_sale_price,4,84,0.06686914712190628,0.5245673656463623,12194.0,0.09903354197740555,3,1
StandardGP,1f9a5e0c-ada3-11ef-93ea-e4a8dfc2a9a8,resid_build_sale_price,4,85,0.06686914712190628,0.5333373546600342,12282.0,0.09903354197740555,3,1
StandardGP,1f9a5e0c-ada3-11ef-93ea-e4a8dfc2a9a8,resid_build_sale_price,4,86,0.06686914712190628,0.3191823959350586,7406.0,0.09903354197740555,3,1
StandardGP,1f9a5e0c-ada3-11ef-93ea-e4a8dfc2a9a8,resid_build_sale_price,4,87,0.06686914712190628,0.3401622772216797,7594.0,0.09903354197740555,3,1
StandardGP,1f9a5e0c-ada3-11ef-93ea-e4a8dfc2a9a8,resid_build_sale_price,4,88,0.06686914712190628,0.3094160556793213,6988.0,0.09903354197740555,3,1
StandardGP,1f9a5e0c-ada3-11ef-93ea-e4a8dfc2a9a8,resid_build_sale_price,4,89,0.06686914712190628,0.280261754989624,6620.0,0.09903354197740555,3,1
StandardGP,1f9a5e0c-ada3-11ef-93ea-e4a8dfc2a9a8,resid_build_sale_price,4,90,0.06686914712190628,0.2560160160064697,6150.0,0.09903354197740555,3,1
StandardGP,1f9a5e0c-ada3-11ef-93ea-e4a8dfc2a9a8,resid_build_sale_price,4,91,0.06686914712190628,0.2760035991668701,6080.0,0.09903354197740555,3,1
StandardGP,1f9a5e0c-ada3-11ef-93ea-e4a8dfc2a9a8,resid_build_sale_price,4,92,0.06686914712190628,0.2764596939086914,6232.0,0.09903354197740555,3,1
StandardGP,1f9a5e0c-ada3-11ef-93ea-e4a8dfc2a9a8,resid_build_sale_price,4,93,0.06686914712190628,0.31814026832580566,7032.0,0.09903354197740555,3,1
StandardGP,1f9a5e0c-ada3-11ef-93ea-e4a8dfc2a9a8,resid_build_sale_price,4,94,0.06686914712190628,0.2509770393371582,5206.0,0.09903354197740555,3,1
StandardGP,1f9a5e0c-ada3-11ef-93ea-e4a8dfc2a9a8,resid_build_sale_price,4,95,0.06686914712190628,0.3221437931060791,7428.0,0.09903354197740555,3,1
StandardGP,1f9a5e0c-ada3-11ef-93ea-e4a8dfc2a9a8,resid_build_sale_price,4,96,0.06686914712190628,0.37110352516174316,8080.0,0.09903354197740555,3,1
StandardGP,1f9a5e0c-ada3-11ef-93ea-e4a8dfc2a9a8,resid_build_sale_price,4,97,0.06686914712190628,0.39227294921875,8844.0,0.09903354197740555,3,1
StandardGP,1f9a5e0c-ada3-11ef-93ea-e4a8dfc2a9a8,resid_build_sale_price,4,98,0.06686914712190628,0.4660494327545166,10082.0,0.09903354197740555,3,1
StandardGP,1f9a5e0c-ada3-11ef-93ea-e4a8dfc2a9a8,resid_build_sale_price,4,99,0.06686914712190628,0.4086334705352783,8806.0,0.09903354197740555,3,1
StandardGP,1f9a5e0c-ada3-11ef-93ea-e4a8dfc2a9a8,resid_build_sale_price,4,100,0.06686914712190628,0.3735213279724121,7836.0,0.09903354197740555,3,1
StandardGP,17dd02ec-ada4-11ef-91f6-e4a8dfc2a9a8,resid_build_sale_price,4,0,101.33531188964844,0.08253097534179688,1346.0,115.29606628417969,3,1
StandardGP,17dd02ec-ada4-11ef-91f6-e4a8dfc2a9a8,resid_build_sale_price,4,1,92.52043151855469,0.031007051467895508,768.0,87.88419342041016,3,1
StandardGP,17dd02ec-ada4-11ef-91f6-e4a8dfc2a9a8,resid_build_sale_price,4,2,59.34935760498047,0.03152275085449219,686.0,52.529747009277344,3,1
StandardGP,17dd02ec-ada4-11ef-91f6-e4a8dfc2a9a8,resid_build_sale_price,4,3,59.34935760498047,0.029999494552612305,670.0,52.529747009277344,3,1
StandardGP,17dd02ec-ada4-11ef-91f6-e4a8dfc2a9a8,resid_build_sale_price,4,4,59.34935760498047,0.030014991760253906,806.0,52.529747009277344,3,1
StandardGP,17dd02ec-ada4-11ef-91f6-e4a8dfc2a9a8,resid_build_sale_price,4,5,59.34935760498047,0.026069164276123047,726.0,52.529747009277344,3,1
StandardGP,17dd02ec-ada4-11ef-91f6-e4a8dfc2a9a8,resid_build_sale_price,4,6,54.70402908325195,0.025998830795288086,784.0,45.79600524902344,3,1
StandardGP,17dd02ec-ada4-11ef-91f6-e4a8dfc2a9a8,resid_build_sale_price,4,7,54.70402908325195,0.029009342193603516,902.0,45.79600524902344,3,1
StandardGP,17dd02ec-ada4-11ef-91f6-e4a8dfc2a9a8,resid_build_sale_price,4,8,54.70402908325195,0.029545307159423828,928.0,45.79600524902344,3,1
StandardGP,17dd02ec-ada4-11ef-91f6-e4a8dfc2a9a8,resid_build_sale_price,4,9,54.70402908325195,0.03185892105102539,1020.0,45.79600524902344,3,1
StandardGP,17dd02ec-ada4-11ef-91f6-e4a8dfc2a9a8,resid_build_sale_price,4,10,54.70402908325195,0.03399467468261719,1140.0,45.79600524902344,3,1
StandardGP,17dd02ec-ada4-11ef-91f6-e4a8dfc2a9a8,resid_build_sale_price,4,11,54.70402908325195,0.036577463150024414,1268.0,45.79600524902344,3,1
StandardGP,17dd02ec-ada4-11ef-91f6-e4a8dfc2a9a8,resid_build_sale_price,4,12,54.70402908325195,0.036986351013183594,1368.0,45.79600524902344,3,1
StandardGP,17dd02ec-ada4-11ef-91f6-e4a8dfc2a9a8,resid_build_sale_price,4,13,54.70402908325195,0.03654026985168457,1354.0,45.79600524902344,3,1
StandardGP,17dd02ec-ada4-11ef-91f6-e4a8dfc2a9a8,resid_build_sale_price,4,14,54.70402908325195,0.04005718231201172,1642.0,45.79600524902344,3,1
StandardGP,17dd02ec-ada4-11ef-91f6-e4a8dfc2a9a8,resid_build_sale_price,4,15,54.70402908325195,0.04404640197753906,1702.0,45.79600524902344,3,1
StandardGP,17dd02ec-ada4-11ef-91f6-e4a8dfc2a9a8,resid_build_sale_price,4,16,54.70402908325195,0.0409550666809082,1772.0,45.79600524902344,3,1
StandardGP,17dd02ec-ada4-11ef-91f6-e4a8dfc2a9a8,resid_build_sale_price,4,17,54.70402908325195,0.043517112731933594,1878.0,45.79600524902344,3,1
StandardGP,17dd02ec-ada4-11ef-91f6-e4a8dfc2a9a8,resid_build_sale_price,4,18,54.70402908325195,0.05021238327026367,2092.0,45.79600524902344,3,1
StandardGP,17dd02ec-ada4-11ef-91f6-e4a8dfc2a9a8,resid_build_sale_price,4,19,54.70402908325195,0.05838894844055176,2462.0,45.79600524902344,3,1
StandardGP,17dd02ec-ada4-11ef-91f6-e4a8dfc2a9a8,resid_build_sale_price,4,20,54.70402908325195,0.05781841278076172,2472.0,45.79600524902344,3,1
StandardGP,17dd02ec-ada4-11ef-91f6-e4a8dfc2a9a8,resid_build_sale_price,4,21,54.70402908325195,0.06193137168884277,2550.0,45.79600524902344,3,1
StandardGP,17dd02ec-ada4-11ef-91f6-e4a8dfc2a9a8,resid_build_sale_price,4,22,54.70402908325195,0.05706286430358887,2412.0,45.79600524902344,3,1
StandardGP,17dd02ec-ada4-11ef-91f6-e4a8dfc2a9a8,resid_build_sale_price,4,23,54.70402908325195,0.06910181045532227,2964.0,45.79600524902344,3,1
StandardGP,17dd02ec-ada4-11ef-91f6-e4a8dfc2a9a8,resid_build_sale_price,4,24,54.70402908325195,0.07461094856262207,3272.0,45.79600524902344,3,1
StandardGP,17dd02ec-ada4-11ef-91f6-e4a8dfc2a9a8,resid_build_sale_price,4,25,53.952335357666016,0.0635993480682373,3006.0,44.25041198730469,3,1
StandardGP,17dd02ec-ada4-11ef-91f6-e4a8dfc2a9a8,resid_build_sale_price,4,26,53.952335357666016,0.07265949249267578,3004.0,44.25041198730469,3,1
StandardGP,17dd02ec-ada4-11ef-91f6-e4a8dfc2a9a8,resid_build_sale_price,4,27,53.952335357666016,0.058963775634765625,2450.0,44.25041198730469,3,1
StandardGP,17dd02ec-ada4-11ef-91f6-e4a8dfc2a9a8,resid_build_sale_price,4,28,53.952335357666016,0.0659630298614502,2706.0,44.25041198730469,3,1
StandardGP,17dd02ec-ada4-11ef-91f6-e4a8dfc2a9a8,resid_build_sale_price,4,29,53.952335357666016,0.07893514633178711,3222.0,44.25041198730469,3,1
StandardGP,17dd02ec-ada4-11ef-91f6-e4a8dfc2a9a8,resid_build_sale_price,4,30,53.952335357666016,0.0787966251373291,3130.0,44.25041198730469,3,1
StandardGP,17dd02ec-ada4-11ef-91f6-e4a8dfc2a9a8,resid_build_sale_price,4,31,53.952335357666016,0.06363821029663086,2514.0,44.25041198730469,3,1
StandardGP,17dd02ec-ada4-11ef-91f6-e4a8dfc2a9a8,resid_build_sale_price,4,32,53.952335357666016,0.05955171585083008,2580.0,44.25041198730469,3,1
StandardGP,17dd02ec-ada4-11ef-91f6-e4a8dfc2a9a8,resid_build_sale_price,4,33,53.952335357666016,0.06373929977416992,2712.0,44.25041198730469,3,1
StandardGP,17dd02ec-ada4-11ef-91f6-e4a8dfc2a9a8,resid_build_sale_price,4,34,53.952335357666016,0.07100772857666016,3026.0,44.25041198730469,3,1
StandardGP,17dd02ec-ada4-11ef-91f6-e4a8dfc2a9a8,resid_build_sale_price,4,35,53.466766357421875,0.07749438285827637,3552.0,42.726200103759766,29,1
StandardGP,17dd02ec-ada4-11ef-91f6-e4a8dfc2a9a8,resid_build_sale_price,4,36,53.35069274902344,0.09024548530578613,4078.0,42.59768295288086,15,1
StandardGP,17dd02ec-ada4-11ef-91f6-e4a8dfc2a9a8,resid_build_sale_price,4,37,53.35069274902344,0.09603500366210938,4184.0,42.59768295288086,15,1
StandardGP,17dd02ec-ada4-11ef-91f6-e4a8dfc2a9a8,resid_build_sale_price,4,38,53.35069274902344,0.08405089378356934,3452.0,42.59768295288086,15,1
StandardGP,17dd02ec-ada4-11ef-91f6-e4a8dfc2a9a8,resid_build_sale_price,4,39,53.35069274902344,0.07649016380310059,3490.0,42.59768295288086,15,1
StandardGP,17dd02ec-ada4-11ef-91f6-e4a8dfc2a9a8,resid_build_sale_price,4,40,53.35069274902344,0.08195638656616211,3384.0,42.59768295288086,15,1
StandardGP,17dd02ec-ada4-11ef-91f6-e4a8dfc2a9a8,resid_build_sale_price,4,41,53.17270278930664,0.08335447311401367,3606.0,43.10087203979492,77,1
StandardGP,17dd02ec-ada4-11ef-91f6-e4a8dfc2a9a8,resid_build_sale_price,4,42,53.17270278930664,0.0894784927368164,3914.0,43.10087203979492,77,1
StandardGP,17dd02ec-ada4-11ef-91f6-e4a8dfc2a9a8,resid_build_sale_price,4,43,53.17270278930664,0.11264991760253906,4898.0,43.10087203979492,77,1
StandardGP,17dd02ec-ada4-11ef-91f6-e4a8dfc2a9a8,resid_build_sale_price,4,44,53.17270278930664,0.11254405975341797,5190.0,43.10087203979492,77,1
StandardGP,17dd02ec-ada4-11ef-91f6-e4a8dfc2a9a8,resid_build_sale_price,4,45,53.17270278930664,0.11999964714050293,4994.0,43.10087203979492,77,1
StandardGP,17dd02ec-ada4-11ef-91f6-e4a8dfc2a9a8,resid_build_sale_price,4,46,53.17270278930664,0.11271524429321289,4986.0,43.10087203979492,77,1
StandardGP,17dd02ec-ada4-11ef-91f6-e4a8dfc2a9a8,resid_build_sale_price,4,47,53.17270278930664,0.10153603553771973,4818.0,43.10087203979492,77,1
StandardGP,17dd02ec-ada4-11ef-91f6-e4a8dfc2a9a8,resid_build_sale_price,4,48,53.1037712097168,0.10318827629089355,4990.0,43.09885025024414,61,1
StandardGP,17dd02ec-ada4-11ef-91f6-e4a8dfc2a9a8,resid_build_sale_price,4,49,53.1037712097168,0.10021710395812988,5084.0,43.09885025024414,61,1
StandardGP,17dd02ec-ada4-11ef-91f6-e4a8dfc2a9a8,resid_build_sale_price,4,50,52.96915054321289,0.09982562065124512,5332.0,43.2536506652832,61,1
StandardGP,17dd02ec-ada4-11ef-91f6-e4a8dfc2a9a8,resid_build_sale_price,4,51,52.96915054321289,0.10931277275085449,5482.0,43.2536506652832,61,1
StandardGP,17dd02ec-ada4-11ef-91f6-e4a8dfc2a9a8,resid_build_sale_price,4,52,52.94420623779297,0.10604119300842285,4716.0,43.03351974487305,69,1
StandardGP,17dd02ec-ada4-11ef-91f6-e4a8dfc2a9a8,resid_build_sale_price,4,53,52.94420623779297,0.09629654884338379,4700.0,43.03351974487305,69,1
StandardGP,17dd02ec-ada4-11ef-91f6-e4a8dfc2a9a8,resid_build_sale_price,4,54,52.94420623779297,0.10904383659362793,4976.0,43.03351974487305,69,1
StandardGP,17dd02ec-ada4-11ef-91f6-e4a8dfc2a9a8,resid_build_sale_price,4,55,52.31389617919922,0.10611987113952637,5016.0,43.3416862487793,69,1
StandardGP,17dd02ec-ada4-11ef-91f6-e4a8dfc2a9a8,resid_build_sale_price,4,56,52.31389617919922,0.11438179016113281,5598.0,43.3416862487793,69,1
StandardGP,17dd02ec-ada4-11ef-91f6-e4a8dfc2a9a8,resid_build_sale_price,4,57,52.31389617919922,0.1475374698638916,6796.0,43.3416862487793,69,1
StandardGP,17dd02ec-ada4-11ef-91f6-e4a8dfc2a9a8,resid_build_sale_price,4,58,51.89743423461914,0.14842796325683594,7072.0,44.13398742675781,97,1
StandardGP,17dd02ec-ada4-11ef-91f6-e4a8dfc2a9a8,resid_build_sale_price,4,59,51.89743423461914,0.20459532737731934,8760.0,44.13398742675781,97,1
StandardGP,17dd02ec-ada4-11ef-91f6-e4a8dfc2a9a8,resid_build_sale_price,4,60,51.89743423461914,0.18911004066467285,9122.0,44.13398742675781,97,1
StandardGP,17dd02ec-ada4-11ef-91f6-e4a8dfc2a9a8,resid_build_sale_price,4,61,51.89743423461914,0.20654845237731934,10048.0,44.13398742675781,97,1
StandardGP,17dd02ec-ada4-11ef-91f6-e4a8dfc2a9a8,resid_build_sale_price,4,62,51.89743423461914,0.20029592514038086,10284.0,44.13398742675781,97,1
StandardGP,17dd02ec-ada4-11ef-91f6-e4a8dfc2a9a8,resid_build_sale_price,4,63,51.7627067565918,0.2162325382232666,10462.0,43.71834182739258,125,1
StandardGP,17dd02ec-ada4-11ef-91f6-e4a8dfc2a9a8,resid_build_sale_price,4,64,51.7627067565918,0.20756959915161133,10372.0,43.71834182739258,125,1
StandardGP,17dd02ec-ada4-11ef-91f6-e4a8dfc2a9a8,resid_build_sale_price,4,65,51.7627067565918,0.2539176940917969,11872.0,43.71834182739258,125,1
StandardGP,17dd02ec-ada4-11ef-91f6-e4a8dfc2a9a8,resid_build_sale_price,4,66,51.7627067565918,0.2808568477630615,13318.0,43.71834182739258,125,1
StandardGP,17dd02ec-ada4-11ef-91f6-e4a8dfc2a9a8,resid_build_sale_price,4,67,51.7627067565918,0.26514101028442383,12852.0,43.71834182739258,125,1
StandardGP,17dd02ec-ada4-11ef-91f6-e4a8dfc2a9a8,resid_build_sale_price,4,68,51.7627067565918,0.26543092727661133,12814.0,43.71834182739258,125,1
StandardGP,17dd02ec-ada4-11ef-91f6-e4a8dfc2a9a8,resid_build_sale_price,4,69,51.7627067565918,0.2935605049133301,13142.0,43.71834182739258,125,1
StandardGP,17dd02ec-ada4-11ef-91f6-e4a8dfc2a9a8,resid_build_sale_price,4,70,51.7627067565918,0.2662677764892578,13260.0,43.71834182739258,125,1
StandardGP,17dd02ec-ada4-11ef-91f6-e4a8dfc2a9a8,resid_build_sale_price,4,71,51.7627067565918,0.3625645637512207,13896.0,43.71834182739258,125,1
StandardGP,17dd02ec-ada4-11ef-91f6-e4a8dfc2a9a8,resid_build_sale_price,4,72,51.65364074707031,0.2969799041748047,14660.0,43.90587615966797,129,1
StandardGP,17dd02ec-ada4-11ef-91f6-e4a8dfc2a9a8,resid_build_sale_price,4,73,51.53986740112305,0.3311195373535156,14510.0,43.89126205444336,125,1
StandardGP,17dd02ec-ada4-11ef-91f6-e4a8dfc2a9a8,resid_build_sale_price,4,74,51.44035720825195,0.30829620361328125,14530.0,44.2267951965332,139,1
StandardGP,17dd02ec-ada4-11ef-91f6-e4a8dfc2a9a8,resid_build_sale_price,4,75,51.44035720825195,0.2881650924682617,14310.0,44.2267951965332,139,1
StandardGP,17dd02ec-ada4-11ef-91f6-e4a8dfc2a9a8,resid_build_sale_price,4,76,51.44035720825195,0.2953965663909912,13952.0,44.2267951965332,139,1
StandardGP,17dd02ec-ada4-11ef-91f6-e4a8dfc2a9a8,resid_build_sale_price,4,77,51.44035720825195,0.2804398536682129,13602.0,44.2267951965332,139,1
StandardGP,17dd02ec-ada4-11ef-91f6-e4a8dfc2a9a8,resid_build_sale_price,4,78,51.44035720825195,0.2757120132446289,13458.0,44.2267951965332,139,1
StandardGP,17dd02ec-ada4-11ef-91f6-e4a8dfc2a9a8,resid_build_sale_price,4,79,51.44035720825195,0.2978637218475342,14236.0,44.2267951965332,139,1
StandardGP,17dd02ec-ada4-11ef-91f6-e4a8dfc2a9a8,resid_build_sale_price,4,80,51.44035720825195,0.3299257755279541,14374.0,44.2267951965332,139,1
StandardGP,17dd02ec-ada4-11ef-91f6-e4a8dfc2a9a8,resid_build_sale_price,4,81,51.44035720825195,0.3059420585632324,14262.0,44.2267951965332,139,1
StandardGP,17dd02ec-ada4-11ef-91f6-e4a8dfc2a9a8,resid_build_sale_price,4,82,51.44035720825195,0.26361823081970215,12780.0,44.2267951965332,139,1
StandardGP,17dd02ec-ada4-11ef-91f6-e4a8dfc2a9a8,resid_build_sale_price,4,83,51.44035720825195,0.2750668525695801,13246.0,44.2267951965332,139,1
StandardGP,17dd02ec-ada4-11ef-91f6-e4a8dfc2a9a8,resid_build_sale_price,4,84,51.411155700683594,0.2637326717376709,12670.0,44.2266731262207,143,1
StandardGP,17dd02ec-ada4-11ef-91f6-e4a8dfc2a9a8,resid_build_sale_price,4,85,51.411155700683594,0.2698040008544922,12368.0,44.2266731262207,143,1
StandardGP,17dd02ec-ada4-11ef-91f6-e4a8dfc2a9a8,resid_build_sale_price,4,86,51.411155700683594,0.27168917655944824,12366.0,44.2266731262207,143,1
StandardGP,17dd02ec-ada4-11ef-91f6-e4a8dfc2a9a8,resid_build_sale_price,4,87,51.411155700683594,0.22685575485229492,11412.0,44.2266731262207,143,1
StandardGP,17dd02ec-ada4-11ef-91f6-e4a8dfc2a9a8,resid_build_sale_price,4,88,51.411155700683594,0.22170782089233398,11412.0,44.2266731262207,143,1
StandardGP,17dd02ec-ada4-11ef-91f6-e4a8dfc2a9a8,resid_build_sale_price,4,89,51.411155700683594,0.22008466720581055,11190.0,44.2266731262207,143,1
StandardGP,17dd02ec-ada4-11ef-91f6-e4a8dfc2a9a8,resid_build_sale_price,4,90,51.39923095703125,0.23740315437316895,12056.0,44.15503692626953,131,1
StandardGP,17dd02ec-ada4-11ef-91f6-e4a8dfc2a9a8,resid_build_sale_price,4,91,51.39923095703125,0.3237302303314209,12568.0,44.15503692626953,131,1
StandardGP,17dd02ec-ada4-11ef-91f6-e4a8dfc2a9a8,resid_build_sale_price,4,92,51.39923095703125,0.2529134750366211,12570.0,44.15503692626953,131,1
StandardGP,17dd02ec-ada4-11ef-91f6-e4a8dfc2a9a8,resid_build_sale_price,4,93,51.39923095703125,0.28101038932800293,13784.0,44.15503692626953,131,1
StandardGP,17dd02ec-ada4-11ef-91f6-e4a8dfc2a9a8,resid_build_sale_price,4,94,51.307796478271484,0.30078744888305664,14420.0,43.88870620727539,91,1
StandardGP,17dd02ec-ada4-11ef-91f6-e4a8dfc2a9a8,resid_build_sale_price,4,95,51.307796478271484,0.3051927089691162,15430.0,43.88870620727539,91,1
StandardGP,17dd02ec-ada4-11ef-91f6-e4a8dfc2a9a8,resid_build_sale_price,4,96,51.307796478271484,0.33124375343322754,16512.0,43.88870620727539,91,1
StandardGP,17dd02ec-ada4-11ef-91f6-e4a8dfc2a9a8,resid_build_sale_price,4,97,51.307796478271484,0.3455009460449219,16870.0,43.88870620727539,91,1
StandardGP,17dd02ec-ada4-11ef-91f6-e4a8dfc2a9a8,resid_build_sale_price,4,98,51.307796478271484,0.32939648628234863,16888.0,43.88870620727539,91,1
StandardGP,17dd02ec-ada4-11ef-91f6-e4a8dfc2a9a8,resid_build_sale_price,4,99,51.307796478271484,0.3275740146636963,15888.0,43.88870620727539,91,1
StandardGP,17dd02ec-ada4-11ef-91f6-e4a8dfc2a9a8,resid_build_sale_price,4,100,51.307796478271484,0.29879069328308105,15016.0,43.88870620727539,91,1
StandardGP,9dff1c90-ada5-11ef-8e7d-e4a8dfc2a9a8,resid_build_sale_price,4,0,0.12059459835290909,0.0591890811920166,1346.0,0.1350024938583374,3,1
StandardGP,9dff1c90-ada5-11ef-8e7d-e4a8dfc2a9a8,resid_build_sale_price,4,1,0.12059459835290909,0.026497364044189453,662.0,0.1350024938583374,3,1
StandardGP,9dff1c90-ada5-11ef-8e7d-e4a8dfc2a9a8,resid_build_sale_price,4,2,0.12059459835290909,0.02252674102783203,486.0,0.1350024938583374,3,1
StandardGP,9dff1c90-ada5-11ef-8e7d-e4a8dfc2a9a8,resid_build_sale_price,4,3,0.11733368039131165,0.02103734016418457,540.0,0.15021458268165588,5,1
StandardGP,9dff1c90-ada5-11ef-8e7d-e4a8dfc2a9a8,resid_build_sale_price,4,4,0.10753301531076431,0.021999120712280273,634.0,0.14659695327281952,9,1
StandardGP,9dff1c90-ada5-11ef-8e7d-e4a8dfc2a9a8,resid_build_sale_price,4,5,0.10753301531076431,0.023126840591430664,674.0,0.14659695327281952,9,1
StandardGP,9dff1c90-ada5-11ef-8e7d-e4a8dfc2a9a8,resid_build_sale_price,4,6,0.10537174344062805,0.021663904190063477,798.0,0.12599767744541168,5,1
StandardGP,9dff1c90-ada5-11ef-8e7d-e4a8dfc2a9a8,resid_build_sale_price,4,7,0.10537174344062805,0.023641109466552734,830.0,0.12599767744541168,5,1
StandardGP,9dff1c90-ada5-11ef-8e7d-e4a8dfc2a9a8,resid_build_sale_price,4,8,0.10537174344062805,0.02020096778869629,814.0,0.12599767744541168,5,1
StandardGP,9dff1c90-ada5-11ef-8e7d-e4a8dfc2a9a8,resid_build_sale_price,4,9,0.10485170036554337,0.02105998992919922,896.0,0.131101593375206,5,1
StandardGP,9dff1c90-ada5-11ef-8e7d-e4a8dfc2a9a8,resid_build_sale_price,4,10,0.10479497909545898,0.02034592628479004,882.0,0.12829333543777466,5,1
StandardGP,9dff1c90-ada5-11ef-8e7d-e4a8dfc2a9a8,resid_build_sale_price,4,11,0.10479497909545898,0.020615339279174805,944.0,0.12829333543777466,5,1
StandardGP,9dff1c90-ada5-11ef-8e7d-e4a8dfc2a9a8,resid_build_sale_price,4,12,0.10479497909545898,0.02179741859436035,924.0,0.12829333543777466,5,1
StandardGP,9dff1c90-ada5-11ef-8e7d-e4a8dfc2a9a8,resid_build_sale_price,4,13,0.10479497909545898,0.0222320556640625,938.0,0.12829333543777466,5,1
StandardGP,9dff1c90-ada5-11ef-8e7d-e4a8dfc2a9a8,resid_build_sale_price,4,14,0.10442296415567398,0.021288394927978516,982.0,0.12993445992469788,5,1
StandardGP,9dff1c90-ada5-11ef-8e7d-e4a8dfc2a9a8,resid_build_sale_price,4,15,0.10442296415567398,0.02084660530090332,972.0,0.12993445992469788,5,1
StandardGP,9dff1c90-ada5-11ef-8e7d-e4a8dfc2a9a8,resid_build_sale_price,4,16,0.10360907018184662,0.02088475227355957,1008.0,0.1278792768716812,5,1
StandardGP,9dff1c90-ada5-11ef-8e7d-e4a8dfc2a9a8,resid_build_sale_price,4,17,0.10360907018184662,0.020581960678100586,956.0,0.1278792768716812,5,1
StandardGP,9dff1c90-ada5-11ef-8e7d-e4a8dfc2a9a8,resid_build_sale_price,4,18,0.10360907018184662,0.020321369171142578,1012.0,0.1278792768716812,5,1
StandardGP,9dff1c90-ada5-11ef-8e7d-e4a8dfc2a9a8,resid_build_sale_price,4,19,0.10360907018184662,0.022433757781982422,1144.0,0.1278792768716812,5,1
StandardGP,9dff1c90-ada5-11ef-8e7d-e4a8dfc2a9a8,resid_build_sale_price,4,20,0.10348547995090485,0.021996498107910156,1214.0,0.12712803483009338,29,1
StandardGP,9dff1c90-ada5-11ef-8e7d-e4a8dfc2a9a8,resid_build_sale_price,4,21,0.10341140627861023,0.029996156692504883,1486.0,0.1268908828496933,29,1
StandardGP,9dff1c90-ada5-11ef-8e7d-e4a8dfc2a9a8,resid_build_sale_price,4,22,0.10341140627861023,0.03318071365356445,1816.0,0.1268908828496933,29,1
StandardGP,9dff1c90-ada5-11ef-8e7d-e4a8dfc2a9a8,resid_build_sale_price,4,23,0.10341140627861023,0.034300804138183594,2004.0,0.1268908828496933,29,1
StandardGP,9dff1c90-ada5-11ef-8e7d-e4a8dfc2a9a8,resid_build_sale_price,4,24,0.103041872382164,0.03529238700866699,1996.0,0.12826740741729736,21,1
StandardGP,9dff1c90-ada5-11ef-8e7d-e4a8dfc2a9a8,resid_build_sale_price,4,25,0.09607411175966263,0.03310799598693848,1778.0,0.10852125287055969,9,1
StandardGP,9dff1c90-ada5-11ef-8e7d-e4a8dfc2a9a8,resid_build_sale_price,4,26,0.09607411175966263,0.032294511795043945,1998.0,0.10852125287055969,9,1
StandardGP,9dff1c90-ada5-11ef-8e7d-e4a8dfc2a9a8,resid_build_sale_price,4,27,0.09607411175966263,0.03670763969421387,2034.0,0.10852125287055969,9,1
StandardGP,9dff1c90-ada5-11ef-8e7d-e4a8dfc2a9a8,resid_build_sale_price,4,28,0.09607411175966263,0.035939931869506836,2058.0,0.10852125287055969,9,1
StandardGP,9dff1c90-ada5-11ef-8e7d-e4a8dfc2a9a8,resid_build_sale_price,4,29,0.09607411175966263,0.03734016418457031,2160.0,0.10852125287055969,9,1
StandardGP,9dff1c90-ada5-11ef-8e7d-e4a8dfc2a9a8,resid_build_sale_price,4,30,0.09607411175966263,0.036154747009277344,2050.0,0.10852125287055969,9,1
StandardGP,9dff1c90-ada5-11ef-8e7d-e4a8dfc2a9a8,resid_build_sale_price,4,31,0.09607411175966263,0.04097175598144531,2052.0,0.10852125287055969,9,1
StandardGP,9dff1c90-ada5-11ef-8e7d-e4a8dfc2a9a8,resid_build_sale_price,4,32,0.09607411175966263,0.04566025733947754,1910.0,0.10852125287055969,9,1
StandardGP,9dff1c90-ada5-11ef-8e7d-e4a8dfc2a9a8,resid_build_sale_price,4,33,0.09607411175966263,0.040032148361206055,1974.0,0.10852125287055969,9,1
StandardGP,9dff1c90-ada5-11ef-8e7d-e4a8dfc2a9a8,resid_build_sale_price,4,34,0.09607411175966263,0.04708266258239746,1948.0,0.10852125287055969,9,1
StandardGP,9dff1c90-ada5-11ef-8e7d-e4a8dfc2a9a8,resid_build_sale_price,4,35,0.09607411175966263,0.050612449645996094,1912.0,0.10852125287055969,9,1
StandardGP,9dff1c90-ada5-11ef-8e7d-e4a8dfc2a9a8,resid_build_sale_price,4,36,0.09607411175966263,0.04995560646057129,2118.0,0.10852125287055969,9,1
StandardGP,9dff1c90-ada5-11ef-8e7d-e4a8dfc2a9a8,resid_build_sale_price,4,37,0.09607411175966263,0.04546046257019043,2042.0,0.10852125287055969,9,1
StandardGP,9dff1c90-ada5-11ef-8e7d-e4a8dfc2a9a8,resid_build_sale_price,4,38,0.09607411175966263,0.037133216857910156,1856.0,0.10852125287055969,9,1
StandardGP,9dff1c90-ada5-11ef-8e7d-e4a8dfc2a9a8,resid_build_sale_price,4,39,0.09607411175966263,0.03901863098144531,1866.0,0.10852125287055969,9,1
StandardGP,9dff1c90-ada5-11ef-8e7d-e4a8dfc2a9a8,resid_build_sale_price,4,40,0.09607411175966263,0.0380096435546875,1990.0,0.10852125287055969,9,1
StandardGP,9dff1c90-ada5-11ef-8e7d-e4a8dfc2a9a8,resid_build_sale_price,4,41,0.09607411175966263,0.03800678253173828,1944.0,0.10852125287055969,9,1
StandardGP,9dff1c90-ada5-11ef-8e7d-e4a8dfc2a9a8,resid_build_sale_price,4,42,0.09607411175966263,0.03454303741455078,1840.0,0.10852125287055969,9,1
StandardGP,9dff1c90-ada5-11ef-8e7d-e4a8dfc2a9a8,resid_build_sale_price,4,43,0.09607411175966263,0.03399991989135742,1788.0,0.10852125287055969,9,1
StandardGP,9dff1c90-ada5-11ef-8e7d-e4a8dfc2a9a8,resid_build_sale_price,4,44,0.09607411175966263,0.03400731086730957,1820.0,0.10852125287055969,9,1
StandardGP,9dff1c90-ada5-11ef-8e7d-e4a8dfc2a9a8,resid_build_sale_price,4,45,0.09607411175966263,0.03450918197631836,1796.0,0.10852125287055969,9,1
StandardGP,9dff1c90-ada5-11ef-8e7d-e4a8dfc2a9a8,resid_build_sale_price,4,46,0.09607411175966263,0.03499865531921387,1934.0,0.10852125287055969,9,1
StandardGP,9dff1c90-ada5-11ef-8e7d-e4a8dfc2a9a8,resid_build_sale_price,4,47,0.09607411175966263,0.03601336479187012,1924.0,0.10852125287055969,9,1
StandardGP,9dff1c90-ada5-11ef-8e7d-e4a8dfc2a9a8,resid_build_sale_price,4,48,0.09607411175966263,0.038515567779541016,2092.0,0.10852125287055969,9,1
StandardGP,9dff1c90-ada5-11ef-8e7d-e4a8dfc2a9a8,resid_build_sale_price,4,49,0.09607411175966263,0.03600192070007324,1934.0,0.10852125287055969,9,1
StandardGP,9dff1c90-ada5-11ef-8e7d-e4a8dfc2a9a8,resid_build_sale_price,4,50,0.09607411175966263,0.03852415084838867,2090.0,0.10852125287055969,9,1
StandardGP,9dff1c90-ada5-11ef-8e7d-e4a8dfc2a9a8,resid_build_sale_price,4,51,0.09554005414247513,0.03699636459350586,1970.0,0.10437877476215363,27,1
StandardGP,9dff1c90-ada5-11ef-8e7d-e4a8dfc2a9a8,resid_build_sale_price,4,52,0.09554005414247513,0.04100608825683594,2262.0,0.10437877476215363,27,1
StandardGP,9dff1c90-ada5-11ef-8e7d-e4a8dfc2a9a8,resid_build_sale_price,4,53,0.09492918103933334,0.04250597953796387,2214.0,0.10173444449901581,15,1
StandardGP,9dff1c90-ada5-11ef-8e7d-e4a8dfc2a9a8,resid_build_sale_price,4,54,0.09311196208000183,0.040009260177612305,2270.0,0.10448592156171799,19,1
StandardGP,9dff1c90-ada5-11ef-8e7d-e4a8dfc2a9a8,resid_build_sale_price,4,55,0.0926871970295906,0.04151296615600586,2212.0,0.10445511341094971,19,1
StandardGP,9dff1c90-ada5-11ef-8e7d-e4a8dfc2a9a8,resid_build_sale_price,4,56,0.0918520838022232,0.04999828338623047,2504.0,0.10537027567625046,23,1
StandardGP,9dff1c90-ada5-11ef-8e7d-e4a8dfc2a9a8,resid_build_sale_price,4,57,0.0918520838022232,0.05252265930175781,2692.0,0.10537027567625046,23,1
StandardGP,9dff1c90-ada5-11ef-8e7d-e4a8dfc2a9a8,resid_build_sale_price,4,58,0.0918520838022232,0.06600284576416016,2816.0,0.10537027567625046,23,1
StandardGP,9dff1c90-ada5-11ef-8e7d-e4a8dfc2a9a8,resid_build_sale_price,4,59,0.09115699678659439,0.06050825119018555,2984.0,0.10338836163282394,23,1
StandardGP,9dff1c90-ada5-11ef-8e7d-e4a8dfc2a9a8,resid_build_sale_price,4,60,0.09115699678659439,0.05752873420715332,2984.0,0.10338836163282394,23,1
StandardGP,9dff1c90-ada5-11ef-8e7d-e4a8dfc2a9a8,resid_build_sale_price,4,61,0.09063037484884262,0.0542607307434082,2694.0,0.1009376272559166,31,1
StandardGP,9dff1c90-ada5-11ef-8e7d-e4a8dfc2a9a8,resid_build_sale_price,4,62,0.09063037484884262,0.05443763732910156,2850.0,0.1009376272559166,31,1
StandardGP,9dff1c90-ada5-11ef-8e7d-e4a8dfc2a9a8,resid_build_sale_price,4,63,0.08957383781671524,0.05264854431152344,2874.0,0.10184924304485321,39,1
StandardGP,9dff1c90-ada5-11ef-8e7d-e4a8dfc2a9a8,resid_build_sale_price,4,64,0.08903483301401138,0.05027937889099121,2690.0,0.10526353865861893,23,1
StandardGP,9dff1c90-ada5-11ef-8e7d-e4a8dfc2a9a8,resid_build_sale_price,4,65,0.08903483301401138,0.05474710464477539,2780.0,0.10526353865861893,23,1
StandardGP,9dff1c90-ada5-11ef-8e7d-e4a8dfc2a9a8,resid_build_sale_price,4,66,0.08903483301401138,0.06339526176452637,3094.0,0.10526353865861893,23,1
StandardGP,9dff1c90-ada5-11ef-8e7d-e4a8dfc2a9a8,resid_build_sale_price,4,67,0.08903483301401138,0.05968976020812988,3026.0,0.10526353865861893,23,1
StandardGP,9dff1c90-ada5-11ef-8e7d-e4a8dfc2a9a8,resid_build_sale_price,4,68,0.08903483301401138,0.059630632400512695,3066.0,0.10526353865861893,23,1
StandardGP,9dff1c90-ada5-11ef-8e7d-e4a8dfc2a9a8,resid_build_sale_price,4,69,0.08903483301401138,0.06312298774719238,3166.0,0.10526353865861893,23,1
StandardGP,9dff1c90-ada5-11ef-8e7d-e4a8dfc2a9a8,resid_build_sale_price,4,70,0.08903483301401138,0.06663012504577637,3326.0,0.10526353865861893,23,1
StandardGP,9dff1c90-ada5-11ef-8e7d-e4a8dfc2a9a8,resid_build_sale_price,4,71,0.08903483301401138,0.07018661499023438,3532.0,0.10526353865861893,23,1
StandardGP,9dff1c90-ada5-11ef-8e7d-e4a8dfc2a9a8,resid_build_sale_price,4,72,0.08450325578451157,0.07616543769836426,3654.0,0.11156556755304337,43,1
StandardGP,9dff1c90-ada5-11ef-8e7d-e4a8dfc2a9a8,resid_build_sale_price,4,73,0.08450325578451157,0.07136273384094238,3388.0,0.11156556755304337,43,1
StandardGP,9dff1c90-ada5-11ef-8e7d-e4a8dfc2a9a8,resid_build_sale_price,4,74,0.08450325578451157,0.06757402420043945,3376.0,0.11156556755304337,43,1
StandardGP,9dff1c90-ada5-11ef-8e7d-e4a8dfc2a9a8,resid_build_sale_price,4,75,0.08450325578451157,0.06858134269714355,3268.0,0.11156556755304337,43,1
StandardGP,9dff1c90-ada5-11ef-8e7d-e4a8dfc2a9a8,resid_build_sale_price,4,76,0.08450325578451157,0.06451058387756348,3352.0,0.11156556755304337,43,1
StandardGP,9dff1c90-ada5-11ef-8e7d-e4a8dfc2a9a8,resid_build_sale_price,4,77,0.08450325578451157,0.06149625778198242,3186.0,0.11156556755304337,43,1
StandardGP,9dff1c90-ada5-11ef-8e7d-e4a8dfc2a9a8,resid_build_sale_price,4,78,0.08450325578451157,0.05800938606262207,3014.0,0.11156556755304337,43,1
StandardGP,9dff1c90-ada5-11ef-8e7d-e4a8dfc2a9a8,resid_build_sale_price,4,79,0.08450325578451157,0.06237959861755371,3068.0,0.11156556755304337,43,1
StandardGP,9dff1c90-ada5-11ef-8e7d-e4a8dfc2a9a8,resid_build_sale_price,4,80,0.08450325578451157,0.07037758827209473,3334.0,0.11156556755304337,43,1
StandardGP,9dff1c90-ada5-11ef-8e7d-e4a8dfc2a9a8,resid_build_sale_price,4,81,0.08450325578451157,0.06757521629333496,3440.0,0.11156556755304337,43,1
StandardGP,9dff1c90-ada5-11ef-8e7d-e4a8dfc2a9a8,resid_build_sale_price,4,82,0.08450325578451157,0.06351470947265625,3322.0,0.11156556755304337,43,1
StandardGP,9dff1c90-ada5-11ef-8e7d-e4a8dfc2a9a8,resid_build_sale_price,4,83,0.08450325578451157,0.05799984931945801,3076.0,0.11156556755304337,43,1
StandardGP,9dff1c90-ada5-11ef-8e7d-e4a8dfc2a9a8,resid_build_sale_price,4,84,0.08450325578451157,0.06750369071960449,3158.0,0.11156556755304337,43,1
StandardGP,9dff1c90-ada5-11ef-8e7d-e4a8dfc2a9a8,resid_build_sale_price,4,85,0.08450325578451157,0.0635218620300293,3298.0,0.11156556755304337,43,1
StandardGP,9dff1c90-ada5-11ef-8e7d-e4a8dfc2a9a8,resid_build_sale_price,4,86,0.08450325578451157,0.058999061584472656,3038.0,0.11156556755304337,43,1
StandardGP,9dff1c90-ada5-11ef-8e7d-e4a8dfc2a9a8,resid_build_sale_price,4,87,0.08450325578451157,0.05651712417602539,3160.0,0.11156556755304337,43,1
StandardGP,9dff1c90-ada5-11ef-8e7d-e4a8dfc2a9a8,resid_build_sale_price,4,88,0.08450325578451157,0.058005571365356445,3090.0,0.11156556755304337,43,1
StandardGP,9dff1c90-ada5-11ef-8e7d-e4a8dfc2a9a8,resid_build_sale_price,4,89,0.08450325578451157,0.05850625038146973,3046.0,0.11156556755304337,43,1
StandardGP,9dff1c90-ada5-11ef-8e7d-e4a8dfc2a9a8,resid_build_sale_price,4,90,0.08450325578451157,0.058789730072021484,3138.0,0.11156556755304337,43,1
StandardGP,9dff1c90-ada5-11ef-8e7d-e4a8dfc2a9a8,resid_build_sale_price,4,91,0.08450325578451157,0.0590052604675293,3080.0,0.11156556755304337,43,1
StandardGP,9dff1c90-ada5-11ef-8e7d-e4a8dfc2a9a8,resid_build_sale_price,4,92,0.08450325578451157,0.06148791313171387,3202.0,0.11156556755304337,43,1
StandardGP,9dff1c90-ada5-11ef-8e7d-e4a8dfc2a9a8,resid_build_sale_price,4,93,0.08450325578451157,0.06351923942565918,3244.0,0.11156556755304337,43,1
StandardGP,9dff1c90-ada5-11ef-8e7d-e4a8dfc2a9a8,resid_build_sale_price,4,94,0.08450325578451157,0.05599856376647949,3190.0,0.11156556755304337,43,1
StandardGP,9dff1c90-ada5-11ef-8e7d-e4a8dfc2a9a8,resid_build_sale_price,4,95,0.08450325578451157,0.0615236759185791,3164.0,0.11156556755304337,43,1
StandardGP,9dff1c90-ada5-11ef-8e7d-e4a8dfc2a9a8,resid_build_sale_price,4,96,0.08450325578451157,0.057994842529296875,3246.0,0.11156556755304337,43,1
StandardGP,9dff1c90-ada5-11ef-8e7d-e4a8dfc2a9a8,resid_build_sale_price,4,97,0.08450325578451157,0.0645148754119873,2990.0,0.11156556755304337,43,1
StandardGP,9dff1c90-ada5-11ef-8e7d-e4a8dfc2a9a8,resid_build_sale_price,4,98,0.08450325578451157,0.061519622802734375,3184.0,0.11156556755304337,43,1
StandardGP,9dff1c90-ada5-11ef-8e7d-e4a8dfc2a9a8,resid_build_sale_price,4,99,0.08450325578451157,0.06599783897399902,3186.0,0.11156556755304337,43,1
StandardGP,9dff1c90-ada5-11ef-8e7d-e4a8dfc2a9a8,resid_build_sale_price,4,100,0.08450325578451157,0.06652522087097168,3306.0,0.11156556755304337,43,1
StandardGP,1dff93c0-ada6-11ef-b69d-e4a8dfc2a9a8,resid_build_sale_price,4,0,185.8116455078125,0.05231118202209473,1346.0,207.64173889160156,3,1
StandardGP,1dff93c0-ada6-11ef-b69d-e4a8dfc2a9a8,resid_build_sale_price,4,1,117.39581298828125,0.03266644477844238,1286.0,135.92906188964844,3,1
StandardGP,1dff93c0-ada6-11ef-b69d-e4a8dfc2a9a8,resid_build_sale_price,4,2,117.39581298828125,0.03950691223144531,1646.0,135.92906188964844,3,1
StandardGP,1dff93c0-ada6-11ef-b69d-e4a8dfc2a9a8,resid_build_sale_price,4,3,117.39581298828125,0.04200005531311035,1970.0,135.92906188964844,3,1
StandardGP,1dff93c0-ada6-11ef-b69d-e4a8dfc2a9a8,resid_build_sale_price,4,4,117.17375946044922,0.03685641288757324,1864.0,134.8176727294922,9,1
StandardGP,1dff93c0-ada6-11ef-b69d-e4a8dfc2a9a8,resid_build_sale_price,4,5,94.50465393066406,0.028008222579956055,1272.0,89.74940490722656,7,1
StandardGP,1dff93c0-ada6-11ef-b69d-e4a8dfc2a9a8,resid_build_sale_price,4,6,94.50465393066406,0.027560710906982422,1140.0,89.74940490722656,7,1
StandardGP,1dff93c0-ada6-11ef-b69d-e4a8dfc2a9a8,resid_build_sale_price,4,7,94.50465393066406,0.03257036209106445,1476.0,89.74940490722656,7,1
StandardGP,1dff93c0-ada6-11ef-b69d-e4a8dfc2a9a8,resid_build_sale_price,4,8,94.50465393066406,0.03565025329589844,1780.0,89.74940490722656,7,1
StandardGP,1dff93c0-ada6-11ef-b69d-e4a8dfc2a9a8,resid_build_sale_price,4,9,94.50465393066406,0.035506486892700195,1746.0,89.74940490722656,7,1
StandardGP,1dff93c0-ada6-11ef-b69d-e4a8dfc2a9a8,resid_build_sale_price,4,10,94.50465393066406,0.03775215148925781,1844.0,89.74940490722656,7,1
StandardGP,1dff93c0-ada6-11ef-b69d-e4a8dfc2a9a8,resid_build_sale_price,4,11,94.50465393066406,0.04097771644592285,2184.0,89.74940490722656,7,1
StandardGP,1dff93c0-ada6-11ef-b69d-e4a8dfc2a9a8,resid_build_sale_price,4,12,94.50465393066406,0.04052877426147461,2136.0,89.74940490722656,7,1
StandardGP,1dff93c0-ada6-11ef-b69d-e4a8dfc2a9a8,resid_build_sale_price,4,13,94.50465393066406,0.04499077796936035,2452.0,89.74940490722656,7,1
StandardGP,1dff93c0-ada6-11ef-b69d-e4a8dfc2a9a8,resid_build_sale_price,4,14,94.50465393066406,0.043006181716918945,2342.0,89.74940490722656,7,1
StandardGP,1dff93c0-ada6-11ef-b69d-e4a8dfc2a9a8,resid_build_sale_price,4,15,92.63545227050781,0.042353153228759766,2180.0,83.33545684814453,5,1
StandardGP,1dff93c0-ada6-11ef-b69d-e4a8dfc2a9a8,resid_build_sale_price,4,16,56.13016128540039,0.0449986457824707,2390.0,48.04993438720703,3,1
StandardGP,1dff93c0-ada6-11ef-b69d-e4a8dfc2a9a8,resid_build_sale_price,4,17,56.13016128540039,0.036545753479003906,1870.0,48.04993438720703,3,1
StandardGP,1dff93c0-ada6-11ef-b69d-e4a8dfc2a9a8,resid_build_sale_price,4,18,56.13016128540039,0.03415942192077637,1658.0,48.04993438720703,3,1
StandardGP,1dff93c0-ada6-11ef-b69d-e4a8dfc2a9a8,resid_build_sale_price,4,19,56.13016128540039,0.03202557563781738,1434.0,48.04993438720703,3,1
StandardGP,1dff93c0-ada6-11ef-b69d-e4a8dfc2a9a8,resid_build_sale_price,4,20,56.13016128540039,0.030529260635375977,1428.0,48.04993438720703,3,1
StandardGP,1dff93c0-ada6-11ef-b69d-e4a8dfc2a9a8,resid_build_sale_price,4,21,56.13016128540039,0.03199887275695801,1542.0,48.04993438720703,3,1
StandardGP,1dff93c0-ada6-11ef-b69d-e4a8dfc2a9a8,resid_build_sale_price,4,22,56.13016128540039,0.03501152992248535,1692.0,48.04993438720703,3,1
StandardGP,1dff93c0-ada6-11ef-b69d-e4a8dfc2a9a8,resid_build_sale_price,4,23,56.13016128540039,0.03753018379211426,1846.0,48.04993438720703,3,1
StandardGP,1dff93c0-ada6-11ef-b69d-e4a8dfc2a9a8,resid_build_sale_price,4,24,56.13016128540039,0.038995981216430664,1950.0,48.04993438720703,3,1
StandardGP,1dff93c0-ada6-11ef-b69d-e4a8dfc2a9a8,resid_build_sale_price,4,25,56.13016128540039,0.03982186317443848,1966.0,48.04993438720703,3,1
StandardGP,1dff93c0-ada6-11ef-b69d-e4a8dfc2a9a8,resid_build_sale_price,4,26,56.13016128540039,0.04465031623840332,2090.0,48.04993438720703,3,1
StandardGP,1dff93c0-ada6-11ef-b69d-e4a8dfc2a9a8,resid_build_sale_price,4,27,56.13016128540039,0.042014360427856445,2052.0,48.04993438720703,3,1
StandardGP,1dff93c0-ada6-11ef-b69d-e4a8dfc2a9a8,resid_build_sale_price,4,28,56.13016128540039,0.04454517364501953,2060.0,48.04993438720703,3,1
StandardGP,1dff93c0-ada6-11ef-b69d-e4a8dfc2a9a8,resid_build_sale_price,4,29,56.13016128540039,0.04200005531311035,2106.0,48.04993438720703,3,1
StandardGP,1dff93c0-ada6-11ef-b69d-e4a8dfc2a9a8,resid_build_sale_price,4,30,56.13016128540039,0.04552125930786133,2092.0,48.04993438720703,3,1
StandardGP,1dff93c0-ada6-11ef-b69d-e4a8dfc2a9a8,resid_build_sale_price,4,31,56.13016128540039,0.04315757751464844,2158.0,48.04993438720703,3,1
StandardGP,1dff93c0-ada6-11ef-b69d-e4a8dfc2a9a8,resid_build_sale_price,4,32,56.13016128540039,0.041751861572265625,2080.0,48.04993438720703,3,1
StandardGP,1dff93c0-ada6-11ef-b69d-e4a8dfc2a9a8,resid_build_sale_price,4,33,56.13016128540039,0.043747663497924805,2038.0,48.04993438720703,3,1
StandardGP,1dff93c0-ada6-11ef-b69d-e4a8dfc2a9a8,resid_build_sale_price,4,34,56.13016128540039,0.05154705047607422,1996.0,48.04993438720703,3,1
StandardGP,1dff93c0-ada6-11ef-b69d-e4a8dfc2a9a8,resid_build_sale_price,4,35,56.13016128540039,0.042130470275878906,2060.0,48.04993438720703,3,1
StandardGP,1dff93c0-ada6-11ef-b69d-e4a8dfc2a9a8,resid_build_sale_price,4,36,56.13016128540039,0.041007041931152344,2016.0,48.04993438720703,3,1
StandardGP,1dff93c0-ada6-11ef-b69d-e4a8dfc2a9a8,resid_build_sale_price,4,37,56.13016128540039,0.053705692291259766,1988.0,48.04993438720703,3,1
StandardGP,1dff93c0-ada6-11ef-b69d-e4a8dfc2a9a8,resid_build_sale_price,4,38,56.13016128540039,0.04582834243774414,1918.0,48.04993438720703,3,1
StandardGP,1dff93c0-ada6-11ef-b69d-e4a8dfc2a9a8,resid_build_sale_price,4,39,56.13016128540039,0.03960585594177246,1808.0,48.04993438720703,3,1
StandardGP,1dff93c0-ada6-11ef-b69d-e4a8dfc2a9a8,resid_build_sale_price,4,40,54.92996597290039,0.034626007080078125,1608.0,45.93450927734375,3,1
StandardGP,1dff93c0-ada6-11ef-b69d-e4a8dfc2a9a8,resid_build_sale_price,4,41,54.92996597290039,0.032613277435302734,1502.0,45.93450927734375,3,1
StandardGP,1dff93c0-ada6-11ef-b69d-e4a8dfc2a9a8,resid_build_sale_price,4,42,54.92996597290039,0.03647613525390625,1756.0,45.93450927734375,3,1
StandardGP,1dff93c0-ada6-11ef-b69d-e4a8dfc2a9a8,resid_build_sale_price,4,43,54.92996597290039,0.043064117431640625,1736.0,45.93450927734375,3,1
StandardGP,1dff93c0-ada6-11ef-b69d-e4a8dfc2a9a8,resid_build_sale_price,4,44,54.92996597290039,0.03466200828552246,1760.0,45.93450927734375,3,1
StandardGP,1dff93c0-ada6-11ef-b69d-e4a8dfc2a9a8,resid_build_sale_price,4,45,54.92996597290039,0.03575944900512695,1746.0,45.93450927734375,3,1
StandardGP,1dff93c0-ada6-11ef-b69d-e4a8dfc2a9a8,resid_build_sale_price,4,46,53.42869567871094,0.0381779670715332,1896.0,43.274356842041016,15,1
StandardGP,1dff93c0-ada6-11ef-b69d-e4a8dfc2a9a8,resid_build_sale_price,4,47,53.41720962524414,0.04108381271362305,2110.0,43.259674072265625,27,1
StandardGP,1dff93c0-ada6-11ef-b69d-e4a8dfc2a9a8,resid_build_sale_price,4,48,53.41720962524414,0.04282093048095703,2014.0,43.259674072265625,27,1
StandardGP,1dff93c0-ada6-11ef-b69d-e4a8dfc2a9a8,resid_build_sale_price,4,49,53.41684341430664,0.04323458671569824,2148.0,43.26081085205078,9,1
StandardGP,1dff93c0-ada6-11ef-b69d-e4a8dfc2a9a8,resid_build_sale_price,4,50,53.41684341430664,0.04257822036743164,2156.0,43.26081085205078,9,1
StandardGP,1dff93c0-ada6-11ef-b69d-e4a8dfc2a9a8,resid_build_sale_price,4,51,53.41679000854492,0.04390907287597656,2110.0,43.260223388671875,17,1
StandardGP,1dff93c0-ada6-11ef-b69d-e4a8dfc2a9a8,resid_build_sale_price,4,52,53.416465759277344,0.03901076316833496,1916.0,42.989139556884766,13,1
StandardGP,1dff93c0-ada6-11ef-b69d-e4a8dfc2a9a8,resid_build_sale_price,4,53,53.416465759277344,0.04153752326965332,2084.0,42.989139556884766,13,1
StandardGP,1dff93c0-ada6-11ef-b69d-e4a8dfc2a9a8,resid_build_sale_price,4,54,53.21465301513672,0.0450437068939209,2216.0,42.918025970458984,9,1
StandardGP,1dff93c0-ada6-11ef-b69d-e4a8dfc2a9a8,resid_build_sale_price,4,55,53.21465301513672,0.04607748985290527,2204.0,42.918025970458984,9,1
StandardGP,1dff93c0-ada6-11ef-b69d-e4a8dfc2a9a8,resid_build_sale_price,4,56,53.21465301513672,0.04673624038696289,2346.0,42.918025970458984,9,1
StandardGP,1dff93c0-ada6-11ef-b69d-e4a8dfc2a9a8,resid_build_sale_price,4,57,53.21465301513672,0.0505983829498291,2542.0,42.918025970458984,9,1
StandardGP,1dff93c0-ada6-11ef-b69d-e4a8dfc2a9a8,resid_build_sale_price,4,58,53.21465301513672,0.049996376037597656,2106.0,42.918025970458984,9,1
StandardGP,1dff93c0-ada6-11ef-b69d-e4a8dfc2a9a8,resid_build_sale_price,4,59,53.21465301513672,0.05021929740905762,2582.0,42.918025970458984,9,1
StandardGP,1dff93c0-ada6-11ef-b69d-e4a8dfc2a9a8,resid_build_sale_price,4,60,53.21465301513672,0.04030489921569824,2048.0,42.918025970458984,9,1
StandardGP,1dff93c0-ada6-11ef-b69d-e4a8dfc2a9a8,resid_build_sale_price,4,61,53.21465301513672,0.03925180435180664,1968.0,42.918025970458984,9,1
StandardGP,1dff93c0-ada6-11ef-b69d-e4a8dfc2a9a8,resid_build_sale_price,4,62,53.21465301513672,0.039124250411987305,1984.0,42.918025970458984,9,1
StandardGP,1dff93c0-ada6-11ef-b69d-e4a8dfc2a9a8,resid_build_sale_price,4,63,53.21465301513672,0.0354161262512207,1722.0,42.918025970458984,9,1
StandardGP,1dff93c0-ada6-11ef-b69d-e4a8dfc2a9a8,resid_build_sale_price,4,64,53.21465301513672,0.037630558013916016,1770.0,42.918025970458984,9,1
StandardGP,1dff93c0-ada6-11ef-b69d-e4a8dfc2a9a8,resid_build_sale_price,4,65,53.21465301513672,0.036069631576538086,1752.0,42.918025970458984,9,1
StandardGP,1dff93c0-ada6-11ef-b69d-e4a8dfc2a9a8,resid_build_sale_price,4,66,53.21465301513672,0.03594017028808594,1726.0,42.918025970458984,9,1
StandardGP,1dff93c0-ada6-11ef-b69d-e4a8dfc2a9a8,resid_build_sale_price,4,67,53.21465301513672,0.03628826141357422,1730.0,42.918025970458984,9,1
StandardGP,1dff93c0-ada6-11ef-b69d-e4a8dfc2a9a8,resid_build_sale_price,4,68,53.21465301513672,0.037933349609375,1844.0,42.918025970458984,9,1
StandardGP,1dff93c0-ada6-11ef-b69d-e4a8dfc2a9a8,resid_build_sale_price,4,69,53.21465301513672,0.03870844841003418,1862.0,42.918025970458984,9,1
StandardGP,1dff93c0-ada6-11ef-b69d-e4a8dfc2a9a8,resid_build_sale_price,4,70,53.21465301513672,0.039525508880615234,1920.0,42.918025970458984,9,1
StandardGP,1dff93c0-ada6-11ef-b69d-e4a8dfc2a9a8,resid_build_sale_price,4,71,53.21465301513672,0.03893733024597168,1906.0,42.918025970458984,9,1
StandardGP,1dff93c0-ada6-11ef-b69d-e4a8dfc2a9a8,resid_build_sale_price,4,72,53.21465301513672,0.03750801086425781,1836.0,42.918025970458984,9,1
StandardGP,1dff93c0-ada6-11ef-b69d-e4a8dfc2a9a8,resid_build_sale_price,4,73,53.21465301513672,0.038855791091918945,1956.0,42.918025970458984,9,1
StandardGP,1dff93c0-ada6-11ef-b69d-e4a8dfc2a9a8,resid_build_sale_price,4,74,53.21465301513672,0.04201364517211914,2126.0,42.918025970458984,9,1
StandardGP,1dff93c0-ada6-11ef-b69d-e4a8dfc2a9a8,resid_build_sale_price,4,75,53.21465301513672,0.0410001277923584,1906.0,42.918025970458984,9,1
StandardGP,1dff93c0-ada6-11ef-b69d-e4a8dfc2a9a8,resid_build_sale_price,4,76,53.21465301513672,0.04119729995727539,1984.0,42.918025970458984,9,1
StandardGP,1dff93c0-ada6-11ef-b69d-e4a8dfc2a9a8,resid_build_sale_price,4,77,53.21465301513672,0.04075789451599121,1896.0,42.918025970458984,9,1
StandardGP,1dff93c0-ada6-11ef-b69d-e4a8dfc2a9a8,resid_build_sale_price,4,78,53.21465301513672,0.04095458984375,1872.0,42.918025970458984,9,1
StandardGP,1dff93c0-ada6-11ef-b69d-e4a8dfc2a9a8,resid_build_sale_price,4,79,53.149147033691406,0.04043173789978027,1924.0,42.755550384521484,25,1
StandardGP,1dff93c0-ada6-11ef-b69d-e4a8dfc2a9a8,resid_build_sale_price,4,80,53.1490592956543,0.041999101638793945,2072.0,42.755367279052734,27,1
StandardGP,1dff93c0-ada6-11ef-b69d-e4a8dfc2a9a8,resid_build_sale_price,4,81,53.1490592956543,0.04014468193054199,2014.0,42.755367279052734,27,1
StandardGP,1dff93c0-ada6-11ef-b69d-e4a8dfc2a9a8,resid_build_sale_price,4,82,53.14775085449219,0.04714512825012207,2226.0,42.752723693847656,39,1
StandardGP,1dff93c0-ada6-11ef-b69d-e4a8dfc2a9a8,resid_build_sale_price,4,83,53.07419967651367,0.044625043869018555,2226.0,42.603660583496094,31,1
StandardGP,1dff93c0-ada6-11ef-b69d-e4a8dfc2a9a8,resid_build_sale_price,4,84,53.07419967651367,0.04856228828430176,2282.0,42.603660583496094,31,1
StandardGP,1dff93c0-ada6-11ef-b69d-e4a8dfc2a9a8,resid_build_sale_price,4,85,52.78097915649414,0.046108245849609375,2192.0,42.112125396728516,9,1
StandardGP,1dff93c0-ada6-11ef-b69d-e4a8dfc2a9a8,resid_build_sale_price,4,86,52.78097915649414,0.04579448699951172,2010.0,42.112125396728516,9,1
StandardGP,1dff93c0-ada6-11ef-b69d-e4a8dfc2a9a8,resid_build_sale_price,4,87,52.78097915649414,0.044973134994506836,2004.0,42.112125396728516,9,1
StandardGP,1dff93c0-ada6-11ef-b69d-e4a8dfc2a9a8,resid_build_sale_price,4,88,52.78097915649414,0.04459381103515625,2104.0,42.112125396728516,9,1
StandardGP,1dff93c0-ada6-11ef-b69d-e4a8dfc2a9a8,resid_build_sale_price,4,89,52.78097915649414,0.04104113578796387,1928.0,42.112125396728516,9,1
StandardGP,1dff93c0-ada6-11ef-b69d-e4a8dfc2a9a8,resid_build_sale_price,4,90,52.78097915649414,0.04285860061645508,2002.0,42.112125396728516,9,1
StandardGP,1dff93c0-ada6-11ef-b69d-e4a8dfc2a9a8,resid_build_sale_price,4,91,52.78097915649414,0.04238700866699219,2132.0,42.112125396728516,9,1
StandardGP,1dff93c0-ada6-11ef-b69d-e4a8dfc2a9a8,resid_build_sale_price,4,92,52.78097915649414,0.047728776931762695,2268.0,42.112125396728516,9,1
StandardGP,1dff93c0-ada6-11ef-b69d-e4a8dfc2a9a8,resid_build_sale_price,4,93,52.78097915649414,0.04828929901123047,2160.0,42.112125396728516,9,1
StandardGP,1dff93c0-ada6-11ef-b69d-e4a8dfc2a9a8,resid_build_sale_price,4,94,52.78097915649414,0.05269169807434082,2304.0,42.112125396728516,9,1
StandardGP,1dff93c0-ada6-11ef-b69d-e4a8dfc2a9a8,resid_build_sale_price,4,95,52.78097915649414,0.03598833084106445,1768.0,42.112125396728516,9,1
StandardGP,1dff93c0-ada6-11ef-b69d-e4a8dfc2a9a8,resid_build_sale_price,4,96,52.78097915649414,0.040265798568725586,1794.0,42.112125396728516,9,1
StandardGP,1dff93c0-ada6-11ef-b69d-e4a8dfc2a9a8,resid_build_sale_price,4,97,52.78097915649414,0.0395665168762207,1866.0,42.112125396728516,9,1
StandardGP,1dff93c0-ada6-11ef-b69d-e4a8dfc2a9a8,resid_build_sale_price,4,98,52.78097915649414,0.042379140853881836,2024.0,42.112125396728516,9,1
StandardGP,1dff93c0-ada6-11ef-b69d-e4a8dfc2a9a8,resid_build_sale_price,4,99,52.78097915649414,0.04486250877380371,2178.0,42.112125396728516,9,1
StandardGP,1dff93c0-ada6-11ef-b69d-e4a8dfc2a9a8,resid_build_sale_price,4,100,52.78097915649414,0.04671311378479004,2156.0,42.112125396728516,9,1
