StandardGP,2e340df2-ada3-11ef-bb5b-e4a8dfc2a9a8,resid_build_sale_price,5,0,0.14443008601665497,0.1341705322265625,1344.0,0.13171973824501038,7,1
StandardGP,2e340df2-ada3-11ef-bb5b-e4a8dfc2a9a8,resid_build_sale_price,5,1,0.13535715639591217,0.0539698600769043,822.0,0.12803703546524048,7,1
StandardGP,2e340df2-ada3-11ef-bb5b-e4a8dfc2a9a8,resid_build_sale_price,5,2,0.13535715639591217,0.0402989387512207,610.0,0.12803703546524048,7,1
StandardGP,2e340df2-ada3-11ef-bb5b-e4a8dfc2a9a8,resid_build_sale_price,5,3,0.13451537489891052,0.04329705238342285,574.0,0.11577706038951874,3,1
StandardGP,2e340df2-ada3-11ef-bb5b-e4a8dfc2a9a8,resid_build_sale_price,5,4,0.13451537489891052,0.03960752487182617,638.0,0.11577706038951874,3,1
StandardGP,2e340df2-ada3-11ef-bb5b-e4a8dfc2a9a8,resid_build_sale_price,5,5,0.1342993825674057,0.03827261924743652,630.0,0.10670500248670578,5,1
StandardGP,2e340df2-ada3-11ef-bb5b-e4a8dfc2a9a8,resid_build_sale_price,5,6,0.13083133101463318,0.045490264892578125,626.0,0.11154783517122269,3,1
StandardGP,2e340df2-ada3-11ef-bb5b-e4a8dfc2a9a8,resid_build_sale_price,5,7,0.13083133101463318,0.044744014739990234,640.0,0.11154783517122269,3,1
StandardGP,2e340df2-ada3-11ef-bb5b-e4a8dfc2a9a8,resid_build_sale_price,5,8,0.1271819770336151,0.044783592224121094,654.0,0.10324572771787643,7,1
StandardGP,2e340df2-ada3-11ef-bb5b-e4a8dfc2a9a8,resid_build_sale_price,5,9,0.1271819770336151,0.047495126724243164,680.0,0.10324572771787643,7,1
StandardGP,2e340df2-ada3-11ef-bb5b-e4a8dfc2a9a8,resid_build_sale_price,5,10,0.1271819770336151,0.04776501655578613,694.0,0.10324572771787643,7,1
StandardGP,2e340df2-ada3-11ef-bb5b-e4a8dfc2a9a8,resid_build_sale_price,5,11,0.1271819770336151,0.05416512489318848,804.0,0.10324572771787643,7,1
StandardGP,2e340df2-ada3-11ef-bb5b-e4a8dfc2a9a8,resid_build_sale_price,5,12,0.12382271140813828,0.047127723693847656,730.0,0.12861043214797974,5,1
StandardGP,2e340df2-ada3-11ef-bb5b-e4a8dfc2a9a8,resid_build_sale_price,5,13,0.12382271140813828,0.05162668228149414,814.0,0.12861043214797974,5,1
StandardGP,2e340df2-ada3-11ef-bb5b-e4a8dfc2a9a8,resid_build_sale_price,5,14,0.12382271140813828,0.05390024185180664,944.0,0.12861043214797974,5,1
StandardGP,2e340df2-ada3-11ef-bb5b-e4a8dfc2a9a8,resid_build_sale_price,5,15,0.12382271140813828,0.06108450889587402,1050.0,0.12861043214797974,5,1
StandardGP,2e340df2-ada3-11ef-bb5b-e4a8dfc2a9a8,resid_build_sale_price,5,16,0.12179894745349884,0.06795001029968262,1312.0,0.11474805325269699,5,1
StandardGP,2e340df2-ada3-11ef-bb5b-e4a8dfc2a9a8,resid_build_sale_price,5,17,0.12179894745349884,0.07831859588623047,1488.0,0.11474805325269699,5,1
StandardGP,2e340df2-ada3-11ef-bb5b-e4a8dfc2a9a8,resid_build_sale_price,5,18,0.12179894745349884,0.08487606048583984,1676.0,0.11474805325269699,5,1
StandardGP,2e340df2-ada3-11ef-bb5b-e4a8dfc2a9a8,resid_build_sale_price,5,19,0.12179894745349884,0.08985519409179688,1874.0,0.11474805325269699,5,1
StandardGP,2e340df2-ada3-11ef-bb5b-e4a8dfc2a9a8,resid_build_sale_price,5,20,0.12179894745349884,0.10045790672302246,2138.0,0.11474805325269699,5,1
StandardGP,2e340df2-ada3-11ef-bb5b-e4a8dfc2a9a8,resid_build_sale_price,5,21,0.12179894745349884,0.09663057327270508,2130.0,0.11474805325269699,5,1
StandardGP,2e340df2-ada3-11ef-bb5b-e4a8dfc2a9a8,resid_build_sale_price,5,22,0.12179894745349884,0.11902880668640137,2746.0,0.11474805325269699,5,1
StandardGP,2e340df2-ada3-11ef-bb5b-e4a8dfc2a9a8,resid_build_sale_price,5,23,0.12179894745349884,0.1300806999206543,3040.0,0.11474805325269699,5,1
StandardGP,2e340df2-ada3-11ef-bb5b-e4a8dfc2a9a8,resid_build_sale_price,5,24,0.12179894745349884,0.143113374710083,3288.0,0.11474805325269699,5,1
StandardGP,2e340df2-ada3-11ef-bb5b-e4a8dfc2a9a8,resid_build_sale_price,5,25,0.12179894745349884,0.1326143741607666,3148.0,0.11474805325269699,5,1
StandardGP,2e340df2-ada3-11ef-bb5b-e4a8dfc2a9a8,resid_build_sale_price,5,26,0.12179894745349884,0.1416771411895752,3464.0,0.11474805325269699,5,1
StandardGP,2e340df2-ada3-11ef-bb5b-e4a8dfc2a9a8,resid_build_sale_price,5,27,0.12179894745349884,0.14608407020568848,3560.0,0.11474805325269699,5,1
StandardGP,2e340df2-ada3-11ef-bb5b-e4a8dfc2a9a8,resid_build_sale_price,5,28,0.12179894745349884,0.13532352447509766,3152.0,0.11474805325269699,5,1
StandardGP,2e340df2-ada3-11ef-bb5b-e4a8dfc2a9a8,resid_build_sale_price,5,29,0.12179894745349884,0.14534687995910645,3474.0,0.11474805325269699,5,1
StandardGP,2e340df2-ada3-11ef-bb5b-e4a8dfc2a9a8,resid_build_sale_price,5,30,0.12179894745349884,0.15993690490722656,3762.0,0.11474805325269699,5,1
StandardGP,2e340df2-ada3-11ef-bb5b-e4a8dfc2a9a8,resid_build_sale_price,5,31,0.12179894745349884,0.1698780059814453,3838.0,0.11474805325269699,5,1
StandardGP,2e340df2-ada3-11ef-bb5b-e4a8dfc2a9a8,resid_build_sale_price,5,32,0.12179894745349884,0.1534128189086914,3418.0,0.11474805325269699,5,1
StandardGP,2e340df2-ada3-11ef-bb5b-e4a8dfc2a9a8,resid_build_sale_price,5,33,0.12179894745349884,0.1399831771850586,3138.0,0.11474805325269699,5,1
StandardGP,2e340df2-ada3-11ef-bb5b-e4a8dfc2a9a8,resid_build_sale_price,5,34,0.12179894745349884,0.13801860809326172,3104.0,0.11474805325269699,5,1
StandardGP,2e340df2-ada3-11ef-bb5b-e4a8dfc2a9a8,resid_build_sale_price,5,35,0.12179894745349884,0.16856145858764648,3360.0,0.11474805325269699,5,1
StandardGP,2e340df2-ada3-11ef-bb5b-e4a8dfc2a9a8,resid_build_sale_price,5,36,0.12179894745349884,0.15126419067382812,3504.0,0.11474805325269699,5,1
StandardGP,2e340df2-ada3-11ef-bb5b-e4a8dfc2a9a8,resid_build_sale_price,5,37,0.12179894745349884,0.15903592109680176,3452.0,0.11474805325269699,5,1
StandardGP,2e340df2-ada3-11ef-bb5b-e4a8dfc2a9a8,resid_build_sale_price,5,38,0.12179894745349884,0.15237188339233398,3280.0,0.11474805325269699,5,1
StandardGP,2e340df2-ada3-11ef-bb5b-e4a8dfc2a9a8,resid_build_sale_price,5,39,0.12179894745349884,0.14984869956970215,3380.0,0.11474805325269699,5,1
StandardGP,2e340df2-ada3-11ef-bb5b-e4a8dfc2a9a8,resid_build_sale_price,5,40,0.12179894745349884,0.14715576171875,3314.0,0.11474805325269699,5,1
StandardGP,2e340df2-ada3-11ef-bb5b-e4a8dfc2a9a8,resid_build_sale_price,5,41,0.12179894745349884,0.1666712760925293,3666.0,0.11474805325269699,5,1
StandardGP,2e340df2-ada3-11ef-bb5b-e4a8dfc2a9a8,resid_build_sale_price,5,42,0.12179894745349884,0.20044422149658203,3610.0,0.11474805325269699,5,1
StandardGP,2e340df2-ada3-11ef-bb5b-e4a8dfc2a9a8,resid_build_sale_price,5,43,0.12179894745349884,0.18046236038208008,3684.0,0.11474805325269699,5,1
StandardGP,2e340df2-ada3-11ef-bb5b-e4a8dfc2a9a8,resid_build_sale_price,5,44,0.12179894745349884,0.15203571319580078,3744.0,0.11474805325269699,5,1
StandardGP,2e340df2-ada3-11ef-bb5b-e4a8dfc2a9a8,resid_build_sale_price,5,45,0.12179894745349884,0.1564159393310547,3400.0,0.11474805325269699,5,1
StandardGP,2e340df2-ada3-11ef-bb5b-e4a8dfc2a9a8,resid_build_sale_price,5,46,0.12179894745349884,0.1712350845336914,3698.0,0.11474805325269699,5,1
StandardGP,2e340df2-ada3-11ef-bb5b-e4a8dfc2a9a8,resid_build_sale_price,5,47,0.12179894745349884,0.1783599853515625,3898.0,0.11474805325269699,5,1
StandardGP,2e340df2-ada3-11ef-bb5b-e4a8dfc2a9a8,resid_build_sale_price,5,48,0.12179894745349884,0.18444156646728516,3820.0,0.11474805325269699,5,1
StandardGP,2e340df2-ada3-11ef-bb5b-e4a8dfc2a9a8,resid_build_sale_price,5,49,0.12179894745349884,0.2029252052307129,4034.0,0.11474805325269699,5,1
StandardGP,2e340df2-ada3-11ef-bb5b-e4a8dfc2a9a8,resid_build_sale_price,5,50,0.12179894745349884,0.1927807331085205,4182.0,0.11474805325269699,5,1
StandardGP,2e340df2-ada3-11ef-bb5b-e4a8dfc2a9a8,resid_build_sale_price,5,51,0.12179894745349884,0.20113301277160645,4592.0,0.11474805325269699,5,1
StandardGP,2e340df2-ada3-11ef-bb5b-e4a8dfc2a9a8,resid_build_sale_price,5,52,0.12179894745349884,0.24042296409606934,5248.0,0.11474805325269699,5,1
StandardGP,2e340df2-ada3-11ef-bb5b-e4a8dfc2a9a8,resid_build_sale_price,5,53,0.12179894745349884,0.2711608409881592,5824.0,0.11474805325269699,5,1
StandardGP,2e340df2-ada3-11ef-bb5b-e4a8dfc2a9a8,resid_build_sale_price,5,54,0.12179894745349884,0.2317652702331543,4940.0,0.11474805325269699,5,1
StandardGP,2e340df2-ada3-11ef-bb5b-e4a8dfc2a9a8,resid_build_sale_price,5,55,0.12179894745349884,0.2544701099395752,5650.0,0.11474805325269699,5,1
StandardGP,2e340df2-ada3-11ef-bb5b-e4a8dfc2a9a8,resid_build_sale_price,5,56,0.12179894745349884,0.28555870056152344,6466.0,0.11474805325269699,5,1
StandardGP,2e340df2-ada3-11ef-bb5b-e4a8dfc2a9a8,resid_build_sale_price,5,57,0.12179894745349884,0.2762606143951416,6464.0,0.11474805325269699,5,1
StandardGP,2e340df2-ada3-11ef-bb5b-e4a8dfc2a9a8,resid_build_sale_price,5,58,0.12179894745349884,0.2927286624908447,6356.0,0.11474805325269699,5,1
StandardGP,2e340df2-ada3-11ef-bb5b-e4a8dfc2a9a8,resid_build_sale_price,5,59,0.12179894745349884,0.3267958164215088,6836.0,0.11474805325269699,5,1
StandardGP,2e340df2-ada3-11ef-bb5b-e4a8dfc2a9a8,resid_build_sale_price,5,60,0.12179894745349884,0.33521032333374023,7122.0,0.11474805325269699,5,1
StandardGP,2e340df2-ada3-11ef-bb5b-e4a8dfc2a9a8,resid_build_sale_price,5,61,0.12179894745349884,0.371567964553833,7550.0,0.11474805325269699,5,1
StandardGP,2e340df2-ada3-11ef-bb5b-e4a8dfc2a9a8,resid_build_sale_price,5,62,0.12179894745349884,0.31464576721191406,6730.0,0.11474805325269699,5,1
StandardGP,2e340df2-ada3-11ef-bb5b-e4a8dfc2a9a8,resid_build_sale_price,5,63,0.12179894745349884,0.30512142181396484,6616.0,0.11474805325269699,5,1
StandardGP,2e340df2-ada3-11ef-bb5b-e4a8dfc2a9a8,resid_build_sale_price,5,64,0.11921773850917816,0.31720757484436035,7036.0,0.10632085800170898,5,1
StandardGP,2e340df2-ada3-11ef-bb5b-e4a8dfc2a9a8,resid_build_sale_price,5,65,0.11921773850917816,0.2715647220611572,6650.0,0.10632085800170898,5,1
StandardGP,2e340df2-ada3-11ef-bb5b-e4a8dfc2a9a8,resid_build_sale_price,5,66,0.11921384930610657,0.2730977535247803,6672.0,0.10632085055112839,9,1
StandardGP,2e340df2-ada3-11ef-bb5b-e4a8dfc2a9a8,resid_build_sale_price,5,67,0.11921384930610657,0.3133082389831543,6838.0,0.10632085055112839,9,1
StandardGP,2e340df2-ada3-11ef-bb5b-e4a8dfc2a9a8,resid_build_sale_price,5,68,0.11921384930610657,0.315932035446167,7418.0,0.10632085055112839,9,1
StandardGP,2e340df2-ada3-11ef-bb5b-e4a8dfc2a9a8,resid_build_sale_price,5,69,0.11921384930610657,0.3186194896697998,7530.0,0.10632085055112839,9,1
StandardGP,2e340df2-ada3-11ef-bb5b-e4a8dfc2a9a8,resid_build_sale_price,5,70,0.11921384930610657,0.34269261360168457,7940.0,0.10632085055112839,9,1
StandardGP,2e340df2-ada3-11ef-bb5b-e4a8dfc2a9a8,resid_build_sale_price,5,71,0.11921384930610657,0.2694234848022461,6038.0,0.10632085055112839,9,1
StandardGP,2e340df2-ada3-11ef-bb5b-e4a8dfc2a9a8,resid_build_sale_price,5,72,0.11921384930610657,0.24347472190856934,5620.0,0.10632085055112839,9,1
StandardGP,2e340df2-ada3-11ef-bb5b-e4a8dfc2a9a8,resid_build_sale_price,5,73,0.11921203881502151,0.28516244888305664,6096.0,0.1063491478562355,17,1
StandardGP,2e340df2-ada3-11ef-bb5b-e4a8dfc2a9a8,resid_build_sale_price,5,74,0.11921203881502151,0.2836112976074219,6062.0,0.1063491478562355,17,1
StandardGP,2e340df2-ada3-11ef-bb5b-e4a8dfc2a9a8,resid_build_sale_price,5,75,0.11921203881502151,0.2988245487213135,6120.0,0.1063491478562355,17,1
StandardGP,2e340df2-ada3-11ef-bb5b-e4a8dfc2a9a8,resid_build_sale_price,5,76,0.11921203881502151,0.2784085273742676,5830.0,0.1063491478562355,17,1
StandardGP,2e340df2-ada3-11ef-bb5b-e4a8dfc2a9a8,resid_build_sale_price,5,77,0.11921203881502151,0.2860138416290283,5534.0,0.1063491478562355,17,1
StandardGP,2e340df2-ada3-11ef-bb5b-e4a8dfc2a9a8,resid_build_sale_price,5,78,0.11921203881502151,0.2479417324066162,5416.0,0.1063491478562355,17,1
StandardGP,2e340df2-ada3-11ef-bb5b-e4a8dfc2a9a8,resid_build_sale_price,5,79,0.11921203881502151,0.23070883750915527,5122.0,0.1063491478562355,17,1
StandardGP,2e340df2-ada3-11ef-bb5b-e4a8dfc2a9a8,resid_build_sale_price,5,80,0.11921203881502151,0.21967768669128418,4946.0,0.1063491478562355,17,1
StandardGP,2e340df2-ada3-11ef-bb5b-e4a8dfc2a9a8,resid_build_sale_price,5,81,0.11921191960573196,0.224168062210083,4670.0,0.10634914040565491,17,1
StandardGP,2e340df2-ada3-11ef-bb5b-e4a8dfc2a9a8,resid_build_sale_price,5,82,0.11921191960573196,0.21874523162841797,4324.0,0.10634914040565491,17,1
StandardGP,2e340df2-ada3-11ef-bb5b-e4a8dfc2a9a8,resid_build_sale_price,5,83,0.11921191960573196,0.19081664085388184,4060.0,0.10634914040565491,17,1
StandardGP,2e340df2-ada3-11ef-bb5b-e4a8dfc2a9a8,resid_build_sale_price,5,84,0.11921191960573196,0.1804361343383789,3566.0,0.10634914040565491,17,1
StandardGP,2e340df2-ada3-11ef-bb5b-e4a8dfc2a9a8,resid_build_sale_price,5,85,0.11921191960573196,0.15651917457580566,3344.0,0.10634914040565491,17,1
StandardGP,2e340df2-ada3-11ef-bb5b-e4a8dfc2a9a8,resid_build_sale_price,5,86,0.11921191960573196,0.16373515129089355,3234.0,0.10634914040565491,17,1
StandardGP,2e340df2-ada3-11ef-bb5b-e4a8dfc2a9a8,resid_build_sale_price,5,87,0.10925602912902832,0.15661287307739258,3100.0,0.10690581053495407,7,1
StandardGP,2e340df2-ada3-11ef-bb5b-e4a8dfc2a9a8,resid_build_sale_price,5,88,0.10925602912902832,0.16322851181030273,3124.0,0.10690581053495407,7,1
StandardGP,2e340df2-ada3-11ef-bb5b-e4a8dfc2a9a8,resid_build_sale_price,5,89,0.10925602912902832,0.18951678276062012,3510.0,0.10690581053495407,7,1
StandardGP,2e340df2-ada3-11ef-bb5b-e4a8dfc2a9a8,resid_build_sale_price,5,90,0.10925602912902832,0.1543741226196289,3080.0,0.10690581053495407,7,1
StandardGP,2e340df2-ada3-11ef-bb5b-e4a8dfc2a9a8,resid_build_sale_price,5,91,0.10925602912902832,0.17984700202941895,3524.0,0.10690581053495407,7,1
StandardGP,2e340df2-ada3-11ef-bb5b-e4a8dfc2a9a8,resid_build_sale_price,5,92,0.10925602912902832,0.19065427780151367,3822.0,0.10690581053495407,7,1
StandardGP,2e340df2-ada3-11ef-bb5b-e4a8dfc2a9a8,resid_build_sale_price,5,93,0.10925602912902832,0.19348669052124023,3834.0,0.10690581053495407,7,1
StandardGP,2e340df2-ada3-11ef-bb5b-e4a8dfc2a9a8,resid_build_sale_price,5,94,0.10925602912902832,0.20715928077697754,3868.0,0.10690581053495407,7,1
StandardGP,2e340df2-ada3-11ef-bb5b-e4a8dfc2a9a8,resid_build_sale_price,5,95,0.10925602912902832,0.21138525009155273,4092.0,0.10690581053495407,7,1
StandardGP,2e340df2-ada3-11ef-bb5b-e4a8dfc2a9a8,resid_build_sale_price,5,96,0.10925602912902832,0.2171182632446289,3966.0,0.10690581053495407,7,1
StandardGP,2e340df2-ada3-11ef-bb5b-e4a8dfc2a9a8,resid_build_sale_price,5,97,0.10925602912902832,0.19331955909729004,3598.0,0.10690581053495407,7,1
StandardGP,2e340df2-ada3-11ef-bb5b-e4a8dfc2a9a8,resid_build_sale_price,5,98,0.10925602912902832,0.20411372184753418,3942.0,0.10690581053495407,7,1
StandardGP,2e340df2-ada3-11ef-bb5b-e4a8dfc2a9a8,resid_build_sale_price,5,99,0.10925602912902832,0.19274353981018066,3658.0,0.10690581053495407,7,1
StandardGP,2e340df2-ada3-11ef-bb5b-e4a8dfc2a9a8,resid_build_sale_price,5,100,0.04999677464365959,0.20073723793029785,3680.0,0.04948139935731888,5,1
StandardGP,216d4e97-ada4-11ef-aa6d-e4a8dfc2a9a8,resid_build_sale_price,5,0,99.88307189941406,0.08616399765014648,1344.0,89.50187683105469,3,1
StandardGP,216d4e97-ada4-11ef-aa6d-e4a8dfc2a9a8,resid_build_sale_price,5,1,99.88307189941406,0.042966604232788086,1086.0,89.50187683105469,3,1
StandardGP,216d4e97-ada4-11ef-aa6d-e4a8dfc2a9a8,resid_build_sale_price,5,2,63.33989715576172,0.03600120544433594,1010.0,54.252994537353516,3,1
StandardGP,216d4e97-ada4-11ef-aa6d-e4a8dfc2a9a8,resid_build_sale_price,5,3,63.33989715576172,0.037528038024902344,1036.0,54.252994537353516,3,1
StandardGP,216d4e97-ada4-11ef-aa6d-e4a8dfc2a9a8,resid_build_sale_price,5,4,63.33989715576172,0.03178071975708008,1060.0,54.252994537353516,3,1
StandardGP,216d4e97-ada4-11ef-aa6d-e4a8dfc2a9a8,resid_build_sale_price,5,5,63.33989715576172,0.031745195388793945,1038.0,54.252994537353516,3,1
StandardGP,216d4e97-ada4-11ef-aa6d-e4a8dfc2a9a8,resid_build_sale_price,5,6,55.244415283203125,0.0265042781829834,842.0,45.03908157348633,3,1
StandardGP,216d4e97-ada4-11ef-aa6d-e4a8dfc2a9a8,resid_build_sale_price,5,7,55.244415283203125,0.02863144874572754,868.0,45.03908157348633,3,1
StandardGP,216d4e97-ada4-11ef-aa6d-e4a8dfc2a9a8,resid_build_sale_price,5,8,55.244415283203125,0.03070378303527832,1008.0,45.03908157348633,3,1
StandardGP,216d4e97-ada4-11ef-aa6d-e4a8dfc2a9a8,resid_build_sale_price,5,9,55.244415283203125,0.03306937217712402,1224.0,45.03908157348633,3,1
StandardGP,216d4e97-ada4-11ef-aa6d-e4a8dfc2a9a8,resid_build_sale_price,5,10,55.244415283203125,0.036087751388549805,1312.0,45.03908157348633,3,1
StandardGP,216d4e97-ada4-11ef-aa6d-e4a8dfc2a9a8,resid_build_sale_price,5,11,55.244415283203125,0.03350257873535156,1190.0,45.03908157348633,3,1
StandardGP,216d4e97-ada4-11ef-aa6d-e4a8dfc2a9a8,resid_build_sale_price,5,12,55.244415283203125,0.030092239379882812,1136.0,45.03908157348633,3,1
StandardGP,216d4e97-ada4-11ef-aa6d-e4a8dfc2a9a8,resid_build_sale_price,5,13,55.244415283203125,0.03294539451599121,1310.0,45.03908157348633,3,1
StandardGP,216d4e97-ada4-11ef-aa6d-e4a8dfc2a9a8,resid_build_sale_price,5,14,55.244415283203125,0.03388714790344238,1180.0,45.03908157348633,3,1
StandardGP,216d4e97-ada4-11ef-aa6d-e4a8dfc2a9a8,resid_build_sale_price,5,15,55.244415283203125,0.03331422805786133,1064.0,45.03908157348633,3,1
StandardGP,216d4e97-ada4-11ef-aa6d-e4a8dfc2a9a8,resid_build_sale_price,5,16,55.244415283203125,0.029558658599853516,1048.0,45.03908157348633,3,1
StandardGP,216d4e97-ada4-11ef-aa6d-e4a8dfc2a9a8,resid_build_sale_price,5,17,55.244415283203125,0.030550479888916016,888.0,45.03908157348633,3,1
StandardGP,216d4e97-ada4-11ef-aa6d-e4a8dfc2a9a8,resid_build_sale_price,5,18,54.589935302734375,0.03088688850402832,936.0,43.353702545166016,3,1
StandardGP,216d4e97-ada4-11ef-aa6d-e4a8dfc2a9a8,resid_build_sale_price,5,19,53.64740753173828,0.030315637588500977,1030.0,42.421566009521484,3,1
StandardGP,216d4e97-ada4-11ef-aa6d-e4a8dfc2a9a8,resid_build_sale_price,5,20,53.64740753173828,0.028737545013427734,1028.0,42.421566009521484,3,1
StandardGP,216d4e97-ada4-11ef-aa6d-e4a8dfc2a9a8,resid_build_sale_price,5,21,53.64740753173828,0.0379328727722168,1124.0,42.421566009521484,3,1
StandardGP,216d4e97-ada4-11ef-aa6d-e4a8dfc2a9a8,resid_build_sale_price,5,22,53.64740753173828,0.039391517639160156,1262.0,42.421566009521484,3,1
StandardGP,216d4e97-ada4-11ef-aa6d-e4a8dfc2a9a8,resid_build_sale_price,5,23,53.64740753173828,0.04286503791809082,1368.0,42.421566009521484,3,1
StandardGP,216d4e97-ada4-11ef-aa6d-e4a8dfc2a9a8,resid_build_sale_price,5,24,53.64740753173828,0.0425267219543457,1378.0,42.421566009521484,3,1
StandardGP,216d4e97-ada4-11ef-aa6d-e4a8dfc2a9a8,resid_build_sale_price,5,25,53.64740753173828,0.04071474075317383,1234.0,42.421566009521484,3,1
StandardGP,216d4e97-ada4-11ef-aa6d-e4a8dfc2a9a8,resid_build_sale_price,5,26,53.64740753173828,0.03876042366027832,1278.0,42.421566009521484,3,1
StandardGP,216d4e97-ada4-11ef-aa6d-e4a8dfc2a9a8,resid_build_sale_price,5,27,53.64740753173828,0.0395960807800293,1250.0,42.421566009521484,3,1
StandardGP,216d4e97-ada4-11ef-aa6d-e4a8dfc2a9a8,resid_build_sale_price,5,28,53.64740753173828,0.034890174865722656,1196.0,42.421566009521484,3,1
StandardGP,216d4e97-ada4-11ef-aa6d-e4a8dfc2a9a8,resid_build_sale_price,5,29,53.64740753173828,0.04090571403503418,1290.0,42.421566009521484,3,1
StandardGP,216d4e97-ada4-11ef-aa6d-e4a8dfc2a9a8,resid_build_sale_price,5,30,53.64740753173828,0.04154348373413086,1354.0,42.421566009521484,3,1
StandardGP,216d4e97-ada4-11ef-aa6d-e4a8dfc2a9a8,resid_build_sale_price,5,31,53.64740753173828,0.04170536994934082,1402.0,42.421566009521484,3,1
StandardGP,216d4e97-ada4-11ef-aa6d-e4a8dfc2a9a8,resid_build_sale_price,5,32,53.64740753173828,0.04136180877685547,1494.0,42.421566009521484,3,1
StandardGP,216d4e97-ada4-11ef-aa6d-e4a8dfc2a9a8,resid_build_sale_price,5,33,53.64740753173828,0.042581796646118164,1532.0,42.421566009521484,3,1
StandardGP,216d4e97-ada4-11ef-aa6d-e4a8dfc2a9a8,resid_build_sale_price,5,34,53.64740753173828,0.045729637145996094,1618.0,42.421566009521484,3,1
StandardGP,216d4e97-ada4-11ef-aa6d-e4a8dfc2a9a8,resid_build_sale_price,5,35,53.64740753173828,0.0438077449798584,1602.0,42.421566009521484,3,1
StandardGP,216d4e97-ada4-11ef-aa6d-e4a8dfc2a9a8,resid_build_sale_price,5,36,53.64740753173828,0.04365277290344238,1552.0,42.421566009521484,3,1
StandardGP,216d4e97-ada4-11ef-aa6d-e4a8dfc2a9a8,resid_build_sale_price,5,37,53.64740753173828,0.038344621658325195,1434.0,42.421566009521484,3,1
StandardGP,216d4e97-ada4-11ef-aa6d-e4a8dfc2a9a8,resid_build_sale_price,5,38,53.64740753173828,0.036332130432128906,1396.0,42.421566009521484,3,1
StandardGP,216d4e97-ada4-11ef-aa6d-e4a8dfc2a9a8,resid_build_sale_price,5,39,53.64740753173828,0.03408956527709961,1304.0,42.421566009521484,3,1
StandardGP,216d4e97-ada4-11ef-aa6d-e4a8dfc2a9a8,resid_build_sale_price,5,40,53.64740753173828,0.03781533241271973,1478.0,42.421566009521484,3,1
StandardGP,216d4e97-ada4-11ef-aa6d-e4a8dfc2a9a8,resid_build_sale_price,5,41,53.64740753173828,0.037069082260131836,1530.0,42.421566009521484,3,1
StandardGP,216d4e97-ada4-11ef-aa6d-e4a8dfc2a9a8,resid_build_sale_price,5,42,53.64740753173828,0.04383420944213867,1664.0,42.421566009521484,3,1
StandardGP,216d4e97-ada4-11ef-aa6d-e4a8dfc2a9a8,resid_build_sale_price,5,43,53.64740753173828,0.04210495948791504,1644.0,42.421566009521484,3,1
StandardGP,216d4e97-ada4-11ef-aa6d-e4a8dfc2a9a8,resid_build_sale_price,5,44,53.64740753173828,0.039934396743774414,1616.0,42.421566009521484,3,1
StandardGP,216d4e97-ada4-11ef-aa6d-e4a8dfc2a9a8,resid_build_sale_price,5,45,53.64740753173828,0.046803951263427734,1726.0,42.421566009521484,3,1
StandardGP,216d4e97-ada4-11ef-aa6d-e4a8dfc2a9a8,resid_build_sale_price,5,46,53.64740753173828,0.045476436614990234,1730.0,42.421566009521484,3,1
StandardGP,216d4e97-ada4-11ef-aa6d-e4a8dfc2a9a8,resid_build_sale_price,5,47,53.64740753173828,0.04830622673034668,1830.0,42.421566009521484,3,1
StandardGP,216d4e97-ada4-11ef-aa6d-e4a8dfc2a9a8,resid_build_sale_price,5,48,53.64740753173828,0.04712080955505371,1962.0,42.421566009521484,3,1
StandardGP,216d4e97-ada4-11ef-aa6d-e4a8dfc2a9a8,resid_build_sale_price,5,49,53.64740753173828,0.0499265193939209,1880.0,42.421566009521484,3,1
StandardGP,216d4e97-ada4-11ef-aa6d-e4a8dfc2a9a8,resid_build_sale_price,5,50,53.64740753173828,0.046315670013427734,1902.0,42.421566009521484,3,1
StandardGP,216d4e97-ada4-11ef-aa6d-e4a8dfc2a9a8,resid_build_sale_price,5,51,53.64740753173828,0.0444331169128418,1714.0,42.421566009521484,3,1
StandardGP,216d4e97-ada4-11ef-aa6d-e4a8dfc2a9a8,resid_build_sale_price,5,52,53.64740753173828,0.043587684631347656,1788.0,42.421566009521484,3,1
StandardGP,216d4e97-ada4-11ef-aa6d-e4a8dfc2a9a8,resid_build_sale_price,5,53,53.64740753173828,0.04956984519958496,1902.0,42.421566009521484,3,1
StandardGP,216d4e97-ada4-11ef-aa6d-e4a8dfc2a9a8,resid_build_sale_price,5,54,53.64740753173828,0.048519134521484375,1912.0,42.421566009521484,3,1
StandardGP,216d4e97-ada4-11ef-aa6d-e4a8dfc2a9a8,resid_build_sale_price,5,55,53.64740753173828,0.04406285285949707,1736.0,42.421566009521484,3,1
StandardGP,216d4e97-ada4-11ef-aa6d-e4a8dfc2a9a8,resid_build_sale_price,5,56,53.64740753173828,0.044707298278808594,1744.0,42.421566009521484,3,1
StandardGP,216d4e97-ada4-11ef-aa6d-e4a8dfc2a9a8,resid_build_sale_price,5,57,53.64371109008789,0.045623779296875,1674.0,40.93551254272461,9,1
StandardGP,216d4e97-ada4-11ef-aa6d-e4a8dfc2a9a8,resid_build_sale_price,5,58,53.64371109008789,0.043805837631225586,1732.0,40.93551254272461,9,1
StandardGP,216d4e97-ada4-11ef-aa6d-e4a8dfc2a9a8,resid_build_sale_price,5,59,53.64371109008789,0.04643964767456055,1790.0,40.93551254272461,9,1
StandardGP,216d4e97-ada4-11ef-aa6d-e4a8dfc2a9a8,resid_build_sale_price,5,60,53.64371109008789,0.04915308952331543,1930.0,40.93551254272461,9,1
StandardGP,216d4e97-ada4-11ef-aa6d-e4a8dfc2a9a8,resid_build_sale_price,5,61,53.64371109008789,0.05055832862854004,1978.0,40.93551254272461,9,1
StandardGP,216d4e97-ada4-11ef-aa6d-e4a8dfc2a9a8,resid_build_sale_price,5,62,53.64371109008789,0.05545401573181152,2246.0,40.93551254272461,9,1
StandardGP,216d4e97-ada4-11ef-aa6d-e4a8dfc2a9a8,resid_build_sale_price,5,63,53.64371109008789,0.05918383598327637,2416.0,40.93551254272461,9,1
StandardGP,216d4e97-ada4-11ef-aa6d-e4a8dfc2a9a8,resid_build_sale_price,5,64,53.64371109008789,0.06375265121459961,2562.0,40.93551254272461,9,1
StandardGP,216d4e97-ada4-11ef-aa6d-e4a8dfc2a9a8,resid_build_sale_price,5,65,53.64371109008789,0.06825065612792969,2794.0,40.93551254272461,9,1
StandardGP,216d4e97-ada4-11ef-aa6d-e4a8dfc2a9a8,resid_build_sale_price,5,66,53.64371109008789,0.07277750968933105,2864.0,40.93551254272461,9,1
StandardGP,216d4e97-ada4-11ef-aa6d-e4a8dfc2a9a8,resid_build_sale_price,5,67,53.64371109008789,0.0705404281616211,2942.0,40.93551254272461,9,1
StandardGP,216d4e97-ada4-11ef-aa6d-e4a8dfc2a9a8,resid_build_sale_price,5,68,53.64371109008789,0.07834959030151367,3072.0,40.93551254272461,9,1
StandardGP,216d4e97-ada4-11ef-aa6d-e4a8dfc2a9a8,resid_build_sale_price,5,69,53.64371109008789,0.07070016860961914,2902.0,40.93551254272461,9,1
StandardGP,216d4e97-ada4-11ef-aa6d-e4a8dfc2a9a8,resid_build_sale_price,5,70,53.64371109008789,0.06169533729553223,2864.0,40.93551254272461,9,1
StandardGP,216d4e97-ada4-11ef-aa6d-e4a8dfc2a9a8,resid_build_sale_price,5,71,53.64371109008789,0.06858372688293457,2838.0,40.93551254272461,9,1
StandardGP,216d4e97-ada4-11ef-aa6d-e4a8dfc2a9a8,resid_build_sale_price,5,72,53.64371109008789,0.06257820129394531,2852.0,40.93551254272461,9,1
StandardGP,216d4e97-ada4-11ef-aa6d-e4a8dfc2a9a8,resid_build_sale_price,5,73,53.64371109008789,0.06591534614562988,2804.0,40.93551254272461,9,1
StandardGP,216d4e97-ada4-11ef-aa6d-e4a8dfc2a9a8,resid_build_sale_price,5,74,53.64371109008789,0.06425285339355469,2838.0,40.93551254272461,9,1
StandardGP,216d4e97-ada4-11ef-aa6d-e4a8dfc2a9a8,resid_build_sale_price,5,75,53.64371109008789,0.06413483619689941,2878.0,40.93551254272461,9,1
StandardGP,216d4e97-ada4-11ef-aa6d-e4a8dfc2a9a8,resid_build_sale_price,5,76,53.64371109008789,0.07542228698730469,3204.0,40.93551254272461,9,1
StandardGP,216d4e97-ada4-11ef-aa6d-e4a8dfc2a9a8,resid_build_sale_price,5,77,53.64371109008789,0.08001589775085449,3576.0,40.93551254272461,9,1
StandardGP,216d4e97-ada4-11ef-aa6d-e4a8dfc2a9a8,resid_build_sale_price,5,78,53.64371109008789,0.092926025390625,3664.0,40.93551254272461,9,1
StandardGP,216d4e97-ada4-11ef-aa6d-e4a8dfc2a9a8,resid_build_sale_price,5,79,53.64371109008789,0.09795451164245605,3752.0,40.93551254272461,9,1
StandardGP,216d4e97-ada4-11ef-aa6d-e4a8dfc2a9a8,resid_build_sale_price,5,80,53.64371109008789,0.08985567092895508,3766.0,40.93551254272461,9,1
StandardGP,216d4e97-ada4-11ef-aa6d-e4a8dfc2a9a8,resid_build_sale_price,5,81,53.64371109008789,0.09216022491455078,3718.0,40.93551254272461,9,1
StandardGP,216d4e97-ada4-11ef-aa6d-e4a8dfc2a9a8,resid_build_sale_price,5,82,53.64371109008789,0.09380245208740234,4014.0,40.93551254272461,9,1
StandardGP,216d4e97-ada4-11ef-aa6d-e4a8dfc2a9a8,resid_build_sale_price,5,83,53.64371109008789,0.1030740737915039,3954.0,40.93551254272461,9,1
StandardGP,216d4e97-ada4-11ef-aa6d-e4a8dfc2a9a8,resid_build_sale_price,5,84,53.64371109008789,0.10397601127624512,4220.0,40.93551254272461,9,1
StandardGP,216d4e97-ada4-11ef-aa6d-e4a8dfc2a9a8,resid_build_sale_price,5,85,53.64371109008789,0.12735748291015625,4410.0,40.93551254272461,9,1
StandardGP,216d4e97-ada4-11ef-aa6d-e4a8dfc2a9a8,resid_build_sale_price,5,86,53.64371109008789,0.11730217933654785,4646.0,40.93551254272461,9,1
StandardGP,216d4e97-ada4-11ef-aa6d-e4a8dfc2a9a8,resid_build_sale_price,5,87,53.64371109008789,0.11352014541625977,4548.0,40.93551254272461,9,1
StandardGP,216d4e97-ada4-11ef-aa6d-e4a8dfc2a9a8,resid_build_sale_price,5,88,53.64371109008789,0.129638671875,4710.0,40.93551254272461,9,1
StandardGP,216d4e97-ada4-11ef-aa6d-e4a8dfc2a9a8,resid_build_sale_price,5,89,53.64371109008789,0.1344285011291504,4758.0,40.93551254272461,9,1
StandardGP,216d4e97-ada4-11ef-aa6d-e4a8dfc2a9a8,resid_build_sale_price,5,90,53.64371109008789,0.11132216453552246,4398.0,40.93551254272461,9,1
StandardGP,216d4e97-ada4-11ef-aa6d-e4a8dfc2a9a8,resid_build_sale_price,5,91,53.64371109008789,0.10963010787963867,4302.0,40.93551254272461,9,1
StandardGP,216d4e97-ada4-11ef-aa6d-e4a8dfc2a9a8,resid_build_sale_price,5,92,53.64371109008789,0.11740899085998535,4404.0,40.93551254272461,9,1
StandardGP,216d4e97-ada4-11ef-aa6d-e4a8dfc2a9a8,resid_build_sale_price,5,93,53.64371109008789,0.10639572143554688,4030.0,40.93551254272461,9,1
StandardGP,216d4e97-ada4-11ef-aa6d-e4a8dfc2a9a8,resid_build_sale_price,5,94,53.64371109008789,0.08781957626342773,3520.0,40.93551254272461,9,1
StandardGP,216d4e97-ada4-11ef-aa6d-e4a8dfc2a9a8,resid_build_sale_price,5,95,53.64371109008789,0.08493661880493164,3482.0,40.93551254272461,9,1
StandardGP,216d4e97-ada4-11ef-aa6d-e4a8dfc2a9a8,resid_build_sale_price,5,96,53.64371109008789,0.08087897300720215,3306.0,40.93551254272461,9,1
StandardGP,216d4e97-ada4-11ef-aa6d-e4a8dfc2a9a8,resid_build_sale_price,5,97,53.64371109008789,0.07700872421264648,3386.0,40.93551254272461,9,1
StandardGP,216d4e97-ada4-11ef-aa6d-e4a8dfc2a9a8,resid_build_sale_price,5,98,53.64371109008789,0.0903935432434082,3546.0,40.93551254272461,9,1
StandardGP,216d4e97-ada4-11ef-aa6d-e4a8dfc2a9a8,resid_build_sale_price,5,99,53.64371109008789,0.08731412887573242,3528.0,40.93551254272461,9,1
StandardGP,216d4e97-ada4-11ef-aa6d-e4a8dfc2a9a8,resid_build_sale_price,5,100,53.64371109008789,0.08523082733154297,3508.0,40.93551254272461,9,1
StandardGP,a0d1d0af-ada5-11ef-bdce-e4a8dfc2a9a8,resid_build_sale_price,5,0,0.1138354018330574,0.05169367790222168,1344.0,0.08910761773586273,3,1
StandardGP,a0d1d0af-ada5-11ef-bdce-e4a8dfc2a9a8,resid_build_sale_price,5,1,0.1138354018330574,0.02499985694885254,794.0,0.08910761773586273,3,1
StandardGP,a0d1d0af-ada5-11ef-bdce-e4a8dfc2a9a8,resid_build_sale_price,5,2,0.1138354018330574,0.02200031280517578,608.0,0.08910761773586273,3,1
StandardGP,a0d1d0af-ada5-11ef-bdce-e4a8dfc2a9a8,resid_build_sale_price,5,3,0.1138354018330574,0.019005537033081055,522.0,0.08910761773586273,3,1
StandardGP,a0d1d0af-ada5-11ef-bdce-e4a8dfc2a9a8,resid_build_sale_price,5,4,0.1138354018330574,0.019003868103027344,564.0,0.08910761773586273,3,1
StandardGP,a0d1d0af-ada5-11ef-bdce-e4a8dfc2a9a8,resid_build_sale_price,5,5,0.11262164264917374,0.023511886596679688,642.0,0.10975276678800583,5,1
StandardGP,a0d1d0af-ada5-11ef-bdce-e4a8dfc2a9a8,resid_build_sale_price,5,6,0.09804315865039825,0.02200007438659668,710.0,0.09551756083965302,3,1
StandardGP,a0d1d0af-ada5-11ef-bdce-e4a8dfc2a9a8,resid_build_sale_price,5,7,0.09804315865039825,0.022054433822631836,792.0,0.09551756083965302,3,1
StandardGP,a0d1d0af-ada5-11ef-bdce-e4a8dfc2a9a8,resid_build_sale_price,5,8,0.09804315865039825,0.02101731300354004,800.0,0.09551756083965302,3,1
StandardGP,a0d1d0af-ada5-11ef-bdce-e4a8dfc2a9a8,resid_build_sale_price,5,9,0.09804315865039825,0.022972822189331055,848.0,0.09551756083965302,3,1
StandardGP,a0d1d0af-ada5-11ef-bdce-e4a8dfc2a9a8,resid_build_sale_price,5,10,0.054219819605350494,0.021686077117919922,790.0,0.05640991032123566,5,1
StandardGP,a0d1d0af-ada5-11ef-bdce-e4a8dfc2a9a8,resid_build_sale_price,5,11,0.054219819605350494,0.02286529541015625,880.0,0.05640991032123566,5,1
StandardGP,a0d1d0af-ada5-11ef-bdce-e4a8dfc2a9a8,resid_build_sale_price,5,12,0.054219819605350494,0.022675752639770508,948.0,0.05640991032123566,5,1
StandardGP,a0d1d0af-ada5-11ef-bdce-e4a8dfc2a9a8,resid_build_sale_price,5,13,0.054219819605350494,0.02472662925720215,854.0,0.05640991032123566,5,1
StandardGP,a0d1d0af-ada5-11ef-bdce-e4a8dfc2a9a8,resid_build_sale_price,5,14,0.054219819605350494,0.022002696990966797,894.0,0.05640991032123566,5,1
StandardGP,a0d1d0af-ada5-11ef-bdce-e4a8dfc2a9a8,resid_build_sale_price,5,15,0.054219819605350494,0.02193474769592285,888.0,0.05640991032123566,5,1
StandardGP,a0d1d0af-ada5-11ef-bdce-e4a8dfc2a9a8,resid_build_sale_price,5,16,0.054219819605350494,0.023306846618652344,1010.0,0.05640991032123566,5,1
StandardGP,a0d1d0af-ada5-11ef-bdce-e4a8dfc2a9a8,resid_build_sale_price,5,17,0.054219819605350494,0.025612354278564453,1146.0,0.05640991032123566,5,1
StandardGP,a0d1d0af-ada5-11ef-bdce-e4a8dfc2a9a8,resid_build_sale_price,5,18,0.054219819605350494,0.02801799774169922,1284.0,0.05640991032123566,5,1
StandardGP,a0d1d0af-ada5-11ef-bdce-e4a8dfc2a9a8,resid_build_sale_price,5,19,0.054219819605350494,0.028483152389526367,1260.0,0.05640991032123566,5,1
StandardGP,a0d1d0af-ada5-11ef-bdce-e4a8dfc2a9a8,resid_build_sale_price,5,20,0.054219819605350494,0.02903127670288086,1348.0,0.05640991032123566,5,1
StandardGP,a0d1d0af-ada5-11ef-bdce-e4a8dfc2a9a8,resid_build_sale_price,5,21,0.054219819605350494,0.031024932861328125,1444.0,0.05640991032123566,5,1
StandardGP,a0d1d0af-ada5-11ef-bdce-e4a8dfc2a9a8,resid_build_sale_price,5,22,0.054219819605350494,0.03300046920776367,1438.0,0.05640991032123566,5,1
StandardGP,a0d1d0af-ada5-11ef-bdce-e4a8dfc2a9a8,resid_build_sale_price,5,23,0.054219819605350494,0.03084254264831543,1430.0,0.05640991032123566,5,1
StandardGP,a0d1d0af-ada5-11ef-bdce-e4a8dfc2a9a8,resid_build_sale_price,5,24,0.054219819605350494,0.031577348709106445,1396.0,0.05640991032123566,5,1
StandardGP,a0d1d0af-ada5-11ef-bdce-e4a8dfc2a9a8,resid_build_sale_price,5,25,0.054219819605350494,0.03112196922302246,1492.0,0.05640991032123566,5,1
StandardGP,a0d1d0af-ada5-11ef-bdce-e4a8dfc2a9a8,resid_build_sale_price,5,26,0.054219819605350494,0.03351640701293945,1562.0,0.05640991032123566,5,1
StandardGP,a0d1d0af-ada5-11ef-bdce-e4a8dfc2a9a8,resid_build_sale_price,5,27,0.054219819605350494,0.03255772590637207,1528.0,0.05640991032123566,5,1
StandardGP,a0d1d0af-ada5-11ef-bdce-e4a8dfc2a9a8,resid_build_sale_price,5,28,0.054219819605350494,0.0304563045501709,1464.0,0.05640991032123566,5,1
StandardGP,a0d1d0af-ada5-11ef-bdce-e4a8dfc2a9a8,resid_build_sale_price,5,29,0.054219819605350494,0.03131508827209473,1512.0,0.05640991032123566,5,1
StandardGP,a0d1d0af-ada5-11ef-bdce-e4a8dfc2a9a8,resid_build_sale_price,5,30,0.054219819605350494,0.030875444412231445,1562.0,0.05640991032123566,5,1
StandardGP,a0d1d0af-ada5-11ef-bdce-e4a8dfc2a9a8,resid_build_sale_price,5,31,0.054219819605350494,0.03155088424682617,1602.0,0.05640991032123566,5,1
StandardGP,a0d1d0af-ada5-11ef-bdce-e4a8dfc2a9a8,resid_build_sale_price,5,32,0.054219819605350494,0.02903151512145996,1508.0,0.05640991032123566,5,1
StandardGP,a0d1d0af-ada5-11ef-bdce-e4a8dfc2a9a8,resid_build_sale_price,5,33,0.054219819605350494,0.03058457374572754,1424.0,0.05640991032123566,5,1
StandardGP,a0d1d0af-ada5-11ef-bdce-e4a8dfc2a9a8,resid_build_sale_price,5,34,0.054219819605350494,0.0308835506439209,1478.0,0.05640991032123566,5,1
StandardGP,a0d1d0af-ada5-11ef-bdce-e4a8dfc2a9a8,resid_build_sale_price,5,35,0.054219819605350494,0.03222370147705078,1498.0,0.05640991032123566,5,1
StandardGP,a0d1d0af-ada5-11ef-bdce-e4a8dfc2a9a8,resid_build_sale_price,5,36,0.054219819605350494,0.03359580039978027,1556.0,0.05640991032123566,5,1
StandardGP,a0d1d0af-ada5-11ef-bdce-e4a8dfc2a9a8,resid_build_sale_price,5,37,0.054219819605350494,0.033097028732299805,1724.0,0.05640991032123566,5,1
StandardGP,a0d1d0af-ada5-11ef-bdce-e4a8dfc2a9a8,resid_build_sale_price,5,38,0.054219819605350494,0.03529524803161621,1844.0,0.05640991032123566,5,1
StandardGP,a0d1d0af-ada5-11ef-bdce-e4a8dfc2a9a8,resid_build_sale_price,5,39,0.054219819605350494,0.03456544876098633,2002.0,0.05640991032123566,5,1
StandardGP,a0d1d0af-ada5-11ef-bdce-e4a8dfc2a9a8,resid_build_sale_price,5,40,0.054219819605350494,0.03399968147277832,2026.0,0.05640991032123566,5,1
StandardGP,a0d1d0af-ada5-11ef-bdce-e4a8dfc2a9a8,resid_build_sale_price,5,41,0.054219819605350494,0.03580284118652344,1972.0,0.05640991032123566,5,1
StandardGP,a0d1d0af-ada5-11ef-bdce-e4a8dfc2a9a8,resid_build_sale_price,5,42,0.054219819605350494,0.03654646873474121,2076.0,0.05640991032123566,5,1
StandardGP,a0d1d0af-ada5-11ef-bdce-e4a8dfc2a9a8,resid_build_sale_price,5,43,0.054219819605350494,0.03794097900390625,2122.0,0.05640991032123566,5,1
StandardGP,a0d1d0af-ada5-11ef-bdce-e4a8dfc2a9a8,resid_build_sale_price,5,44,0.054219819605350494,0.040196895599365234,2094.0,0.05640991032123566,5,1
StandardGP,a0d1d0af-ada5-11ef-bdce-e4a8dfc2a9a8,resid_build_sale_price,5,45,0.054219819605350494,0.03877615928649902,2124.0,0.05640991032123566,5,1
StandardGP,a0d1d0af-ada5-11ef-bdce-e4a8dfc2a9a8,resid_build_sale_price,5,46,0.054219819605350494,0.0410153865814209,2242.0,0.05640991032123566,5,1
StandardGP,a0d1d0af-ada5-11ef-bdce-e4a8dfc2a9a8,resid_build_sale_price,5,47,0.054219819605350494,0.03635239601135254,2014.0,0.05640991032123566,5,1
StandardGP,a0d1d0af-ada5-11ef-bdce-e4a8dfc2a9a8,resid_build_sale_price,5,48,0.054219819605350494,0.034995079040527344,1958.0,0.05640991032123566,5,1
StandardGP,a0d1d0af-ada5-11ef-bdce-e4a8dfc2a9a8,resid_build_sale_price,5,49,0.054219819605350494,0.03595876693725586,2100.0,0.05640991032123566,5,1
StandardGP,a0d1d0af-ada5-11ef-bdce-e4a8dfc2a9a8,resid_build_sale_price,5,50,0.054219819605350494,0.03916668891906738,2328.0,0.05640991032123566,5,1
StandardGP,a0d1d0af-ada5-11ef-bdce-e4a8dfc2a9a8,resid_build_sale_price,5,51,0.054219819605350494,0.040242671966552734,2408.0,0.05640991032123566,5,1
StandardGP,a0d1d0af-ada5-11ef-bdce-e4a8dfc2a9a8,resid_build_sale_price,5,52,0.054219819605350494,0.04466819763183594,2710.0,0.05640991032123566,5,1
StandardGP,a0d1d0af-ada5-11ef-bdce-e4a8dfc2a9a8,resid_build_sale_price,5,53,0.054219819605350494,0.045680999755859375,2874.0,0.05640991032123566,5,1
StandardGP,a0d1d0af-ada5-11ef-bdce-e4a8dfc2a9a8,resid_build_sale_price,5,54,0.054219819605350494,0.044046640396118164,2732.0,0.05640991032123566,5,1
StandardGP,a0d1d0af-ada5-11ef-bdce-e4a8dfc2a9a8,resid_build_sale_price,5,55,0.054219819605350494,0.042995452880859375,2802.0,0.05640991032123566,5,1
StandardGP,a0d1d0af-ada5-11ef-bdce-e4a8dfc2a9a8,resid_build_sale_price,5,56,0.054219819605350494,0.04461383819580078,2760.0,0.05640991032123566,5,1
StandardGP,a0d1d0af-ada5-11ef-bdce-e4a8dfc2a9a8,resid_build_sale_price,5,57,0.054219819605350494,0.043099164962768555,2576.0,0.05640991032123566,5,1
StandardGP,a0d1d0af-ada5-11ef-bdce-e4a8dfc2a9a8,resid_build_sale_price,5,58,0.054219819605350494,0.043608665466308594,2800.0,0.05640991032123566,5,1
StandardGP,a0d1d0af-ada5-11ef-bdce-e4a8dfc2a9a8,resid_build_sale_price,5,59,0.054219819605350494,0.04899907112121582,3160.0,0.05640991032123566,5,1
StandardGP,a0d1d0af-ada5-11ef-bdce-e4a8dfc2a9a8,resid_build_sale_price,5,60,0.054219819605350494,0.049668073654174805,3122.0,0.05640991032123566,5,1
StandardGP,a0d1d0af-ada5-11ef-bdce-e4a8dfc2a9a8,resid_build_sale_price,5,61,0.054219819605350494,0.0528411865234375,3342.0,0.05640991032123566,5,1
StandardGP,a0d1d0af-ada5-11ef-bdce-e4a8dfc2a9a8,resid_build_sale_price,5,62,0.054219819605350494,0.05292057991027832,3568.0,0.05640991032123566,5,1
StandardGP,a0d1d0af-ada5-11ef-bdce-e4a8dfc2a9a8,resid_build_sale_price,5,63,0.054219819605350494,0.05242323875427246,3476.0,0.05640991032123566,5,1
StandardGP,a0d1d0af-ada5-11ef-bdce-e4a8dfc2a9a8,resid_build_sale_price,5,64,0.054219819605350494,0.05673551559448242,3830.0,0.05640991032123566,5,1
StandardGP,a0d1d0af-ada5-11ef-bdce-e4a8dfc2a9a8,resid_build_sale_price,5,65,0.054219819605350494,0.05814766883850098,3854.0,0.05640991032123566,5,1
StandardGP,a0d1d0af-ada5-11ef-bdce-e4a8dfc2a9a8,resid_build_sale_price,5,66,0.054219819605350494,0.06215810775756836,3972.0,0.05640991032123566,5,1
StandardGP,a0d1d0af-ada5-11ef-bdce-e4a8dfc2a9a8,resid_build_sale_price,5,67,0.054219819605350494,0.06279253959655762,4150.0,0.05640991032123566,5,1
StandardGP,a0d1d0af-ada5-11ef-bdce-e4a8dfc2a9a8,resid_build_sale_price,5,68,0.054219819605350494,0.0666956901550293,4158.0,0.05640991032123566,5,1
StandardGP,a0d1d0af-ada5-11ef-bdce-e4a8dfc2a9a8,resid_build_sale_price,5,69,0.054219819605350494,0.06539273262023926,4342.0,0.05640991032123566,5,1
StandardGP,a0d1d0af-ada5-11ef-bdce-e4a8dfc2a9a8,resid_build_sale_price,5,70,0.054219819605350494,0.06763052940368652,4452.0,0.05640991032123566,5,1
StandardGP,a0d1d0af-ada5-11ef-bdce-e4a8dfc2a9a8,resid_build_sale_price,5,71,0.054219819605350494,0.07136130332946777,4560.0,0.05640991032123566,5,1
StandardGP,a0d1d0af-ada5-11ef-bdce-e4a8dfc2a9a8,resid_build_sale_price,5,72,0.054219819605350494,0.07613348960876465,4734.0,0.05640991032123566,5,1
StandardGP,a0d1d0af-ada5-11ef-bdce-e4a8dfc2a9a8,resid_build_sale_price,5,73,0.054219819605350494,0.07534098625183105,4564.0,0.05640991032123566,5,1
StandardGP,a0d1d0af-ada5-11ef-bdce-e4a8dfc2a9a8,resid_build_sale_price,5,74,0.054219819605350494,0.07799553871154785,4924.0,0.05640991032123566,5,1
StandardGP,a0d1d0af-ada5-11ef-bdce-e4a8dfc2a9a8,resid_build_sale_price,5,75,0.054219819605350494,0.07415533065795898,4848.0,0.05640991032123566,5,1
StandardGP,a0d1d0af-ada5-11ef-bdce-e4a8dfc2a9a8,resid_build_sale_price,5,76,0.054219819605350494,0.0781102180480957,4994.0,0.05640991032123566,5,1
StandardGP,a0d1d0af-ada5-11ef-bdce-e4a8dfc2a9a8,resid_build_sale_price,5,77,0.054219819605350494,0.0746150016784668,4728.0,0.05640991032123566,5,1
StandardGP,a0d1d0af-ada5-11ef-bdce-e4a8dfc2a9a8,resid_build_sale_price,5,78,0.054219819605350494,0.0711221694946289,4848.0,0.05640991032123566,5,1
StandardGP,a0d1d0af-ada5-11ef-bdce-e4a8dfc2a9a8,resid_build_sale_price,5,79,0.054219819605350494,0.07209348678588867,4654.0,0.05640991032123566,5,1
StandardGP,a0d1d0af-ada5-11ef-bdce-e4a8dfc2a9a8,resid_build_sale_price,5,80,0.054219819605350494,0.06833100318908691,4724.0,0.05640991032123566,5,1
StandardGP,a0d1d0af-ada5-11ef-bdce-e4a8dfc2a9a8,resid_build_sale_price,5,81,0.054219819605350494,0.06615900993347168,4598.0,0.05640991032123566,5,1
StandardGP,a0d1d0af-ada5-11ef-bdce-e4a8dfc2a9a8,resid_build_sale_price,5,82,0.054219819605350494,0.06943845748901367,4716.0,0.05640991032123566,5,1
StandardGP,a0d1d0af-ada5-11ef-bdce-e4a8dfc2a9a8,resid_build_sale_price,5,83,0.054219819605350494,0.06798791885375977,4570.0,0.05640991032123566,5,1
StandardGP,a0d1d0af-ada5-11ef-bdce-e4a8dfc2a9a8,resid_build_sale_price,5,84,0.054219819605350494,0.07244277000427246,4840.0,0.05640991032123566,5,1
StandardGP,a0d1d0af-ada5-11ef-bdce-e4a8dfc2a9a8,resid_build_sale_price,5,85,0.054219819605350494,0.07659912109375,5062.0,0.05640991032123566,5,1
StandardGP,a0d1d0af-ada5-11ef-bdce-e4a8dfc2a9a8,resid_build_sale_price,5,86,0.054219819605350494,0.07702136039733887,5350.0,0.05640991032123566,5,1
StandardGP,a0d1d0af-ada5-11ef-bdce-e4a8dfc2a9a8,resid_build_sale_price,5,87,0.054219819605350494,0.08205437660217285,5664.0,0.05640991032123566,5,1
StandardGP,a0d1d0af-ada5-11ef-bdce-e4a8dfc2a9a8,resid_build_sale_price,5,88,0.054219819605350494,0.08129286766052246,5414.0,0.05640991032123566,5,1
StandardGP,a0d1d0af-ada5-11ef-bdce-e4a8dfc2a9a8,resid_build_sale_price,5,89,0.054219819605350494,0.08374834060668945,5574.0,0.05640991032123566,5,1
StandardGP,a0d1d0af-ada5-11ef-bdce-e4a8dfc2a9a8,resid_build_sale_price,5,90,0.054219819605350494,0.08350658416748047,5698.0,0.05640991032123566,5,1
StandardGP,a0d1d0af-ada5-11ef-bdce-e4a8dfc2a9a8,resid_build_sale_price,5,91,0.054219819605350494,0.08254766464233398,5814.0,0.05640991032123566,5,1
StandardGP,a0d1d0af-ada5-11ef-bdce-e4a8dfc2a9a8,resid_build_sale_price,5,92,0.054219819605350494,0.08292937278747559,5804.0,0.05640991032123566,5,1
StandardGP,a0d1d0af-ada5-11ef-bdce-e4a8dfc2a9a8,resid_build_sale_price,5,93,0.054219819605350494,0.08401298522949219,5980.0,0.05640991032123566,5,1
StandardGP,a0d1d0af-ada5-11ef-bdce-e4a8dfc2a9a8,resid_build_sale_price,5,94,0.054219819605350494,0.09332609176635742,6022.0,0.05640991032123566,5,1
StandardGP,a0d1d0af-ada5-11ef-bdce-e4a8dfc2a9a8,resid_build_sale_price,5,95,0.054219819605350494,0.08766746520996094,6116.0,0.05640991032123566,5,1
StandardGP,a0d1d0af-ada5-11ef-bdce-e4a8dfc2a9a8,resid_build_sale_price,5,96,0.054219819605350494,0.08196306228637695,5804.0,0.05640991032123566,5,1
StandardGP,a0d1d0af-ada5-11ef-bdce-e4a8dfc2a9a8,resid_build_sale_price,5,97,0.054219819605350494,0.08565759658813477,5918.0,0.05640991032123566,5,1
StandardGP,a0d1d0af-ada5-11ef-bdce-e4a8dfc2a9a8,resid_build_sale_price,5,98,0.054219819605350494,0.0838925838470459,5832.0,0.05640991032123566,5,1
StandardGP,a0d1d0af-ada5-11ef-bdce-e4a8dfc2a9a8,resid_build_sale_price,5,99,0.054219819605350494,0.08220291137695312,5338.0,0.05640991032123566,5,1
StandardGP,a0d1d0af-ada5-11ef-bdce-e4a8dfc2a9a8,resid_build_sale_price,5,100,0.054219819605350494,0.07836675643920898,5256.0,0.05640991032123566,5,1
StandardGP,208c37fd-ada6-11ef-85d5-e4a8dfc2a9a8,resid_build_sale_price,5,0,146.01121520996094,0.05358266830444336,1344.0,117.94536590576172,3,1
StandardGP,208c37fd-ada6-11ef-85d5-e4a8dfc2a9a8,resid_build_sale_price,5,1,134.39926147460938,0.02675652503967285,894.0,112.6986312866211,3,1
StandardGP,208c37fd-ada6-11ef-85d5-e4a8dfc2a9a8,resid_build_sale_price,5,2,134.39926147460938,0.02105879783630371,720.0,112.6986312866211,3,1
StandardGP,208c37fd-ada6-11ef-85d5-e4a8dfc2a9a8,resid_build_sale_price,5,3,134.39926147460938,0.02200627326965332,600.0,112.6986312866211,3,1
StandardGP,208c37fd-ada6-11ef-85d5-e4a8dfc2a9a8,resid_build_sale_price,5,4,122.047119140625,0.022984981536865234,622.0,128.05897521972656,3,1
StandardGP,208c37fd-ada6-11ef-85d5-e4a8dfc2a9a8,resid_build_sale_price,5,5,122.047119140625,0.021999597549438477,674.0,128.05897521972656,3,1
StandardGP,208c37fd-ada6-11ef-85d5-e4a8dfc2a9a8,resid_build_sale_price,5,6,58.20329666137695,0.02662205696105957,710.0,48.6782341003418,3,1
StandardGP,208c37fd-ada6-11ef-85d5-e4a8dfc2a9a8,resid_build_sale_price,5,7,55.84967803955078,0.019183635711669922,650.0,46.809059143066406,3,1
StandardGP,208c37fd-ada6-11ef-85d5-e4a8dfc2a9a8,resid_build_sale_price,5,8,55.84967803955078,0.021447420120239258,716.0,46.809059143066406,3,1
StandardGP,208c37fd-ada6-11ef-85d5-e4a8dfc2a9a8,resid_build_sale_price,5,9,55.84967803955078,0.022000551223754883,786.0,46.809059143066406,3,1
StandardGP,208c37fd-ada6-11ef-85d5-e4a8dfc2a9a8,resid_build_sale_price,5,10,55.84967803955078,0.022007465362548828,790.0,46.809059143066406,3,1
StandardGP,208c37fd-ada6-11ef-85d5-e4a8dfc2a9a8,resid_build_sale_price,5,11,55.84967803955078,0.023167133331298828,844.0,46.809059143066406,3,1
StandardGP,208c37fd-ada6-11ef-85d5-e4a8dfc2a9a8,resid_build_sale_price,5,12,55.84967803955078,0.024622440338134766,900.0,46.809059143066406,3,1
StandardGP,208c37fd-ada6-11ef-85d5-e4a8dfc2a9a8,resid_build_sale_price,5,13,54.58994674682617,0.026594877243041992,994.0,43.35373306274414,7,1
StandardGP,208c37fd-ada6-11ef-85d5-e4a8dfc2a9a8,resid_build_sale_price,5,14,54.58994674682617,0.0239870548248291,962.0,43.35373306274414,7,1
StandardGP,208c37fd-ada6-11ef-85d5-e4a8dfc2a9a8,resid_build_sale_price,5,15,54.58994674682617,0.025172948837280273,1018.0,43.35373306274414,7,1
StandardGP,208c37fd-ada6-11ef-85d5-e4a8dfc2a9a8,resid_build_sale_price,5,16,54.58994674682617,0.02556633949279785,984.0,43.35373306274414,7,1
StandardGP,208c37fd-ada6-11ef-85d5-e4a8dfc2a9a8,resid_build_sale_price,5,17,54.58994674682617,0.023993492126464844,1044.0,43.35373306274414,7,1
StandardGP,208c37fd-ada6-11ef-85d5-e4a8dfc2a9a8,resid_build_sale_price,5,18,54.586578369140625,0.02398204803466797,1016.0,43.36224365234375,7,1
StandardGP,208c37fd-ada6-11ef-85d5-e4a8dfc2a9a8,resid_build_sale_price,5,19,54.586578369140625,0.0260770320892334,1120.0,43.36224365234375,7,1
StandardGP,208c37fd-ada6-11ef-85d5-e4a8dfc2a9a8,resid_build_sale_price,5,20,54.586578369140625,0.027257204055786133,1168.0,43.36224365234375,7,1
StandardGP,208c37fd-ada6-11ef-85d5-e4a8dfc2a9a8,resid_build_sale_price,5,21,54.586578369140625,0.02833271026611328,1258.0,43.36224365234375,7,1
StandardGP,208c37fd-ada6-11ef-85d5-e4a8dfc2a9a8,resid_build_sale_price,5,22,54.58599853515625,0.03058338165283203,1346.0,43.36830139160156,11,1
StandardGP,208c37fd-ada6-11ef-85d5-e4a8dfc2a9a8,resid_build_sale_price,5,23,54.391258239746094,0.030022859573364258,1430.0,45.3712158203125,11,1
StandardGP,208c37fd-ada6-11ef-85d5-e4a8dfc2a9a8,resid_build_sale_price,5,24,54.38237380981445,0.032993316650390625,1536.0,45.352210998535156,13,1
StandardGP,208c37fd-ada6-11ef-85d5-e4a8dfc2a9a8,resid_build_sale_price,5,25,54.10152816772461,0.03404879570007324,1656.0,43.84201431274414,11,1
StandardGP,208c37fd-ada6-11ef-85d5-e4a8dfc2a9a8,resid_build_sale_price,5,26,54.09732437133789,0.0387578010559082,1952.0,43.83332061767578,11,1
StandardGP,208c37fd-ada6-11ef-85d5-e4a8dfc2a9a8,resid_build_sale_price,5,27,54.09732437133789,0.03947854042053223,2056.0,43.83332061767578,11,1
StandardGP,208c37fd-ada6-11ef-85d5-e4a8dfc2a9a8,resid_build_sale_price,5,28,54.09732437133789,0.03896594047546387,2008.0,43.83332061767578,11,1
StandardGP,208c37fd-ada6-11ef-85d5-e4a8dfc2a9a8,resid_build_sale_price,5,29,54.09732437133789,0.04800128936767578,2530.0,43.83332061767578,11,1
StandardGP,208c37fd-ada6-11ef-85d5-e4a8dfc2a9a8,resid_build_sale_price,5,30,54.09732437133789,0.050722360610961914,2704.0,43.83332061767578,11,1
StandardGP,208c37fd-ada6-11ef-85d5-e4a8dfc2a9a8,resid_build_sale_price,5,31,54.09732437133789,0.06234884262084961,3200.0,43.83332061767578,11,1
StandardGP,208c37fd-ada6-11ef-85d5-e4a8dfc2a9a8,resid_build_sale_price,5,32,54.09732437133789,0.06770014762878418,3290.0,43.83332061767578,11,1
StandardGP,208c37fd-ada6-11ef-85d5-e4a8dfc2a9a8,resid_build_sale_price,5,33,54.09732437133789,0.06264805793762207,3262.0,43.83332061767578,11,1
StandardGP,208c37fd-ada6-11ef-85d5-e4a8dfc2a9a8,resid_build_sale_price,5,34,54.09732437133789,0.06818079948425293,3348.0,43.83332061767578,11,1
StandardGP,208c37fd-ada6-11ef-85d5-e4a8dfc2a9a8,resid_build_sale_price,5,35,54.09732437133789,0.06376028060913086,3104.0,43.83332061767578,11,1
StandardGP,208c37fd-ada6-11ef-85d5-e4a8dfc2a9a8,resid_build_sale_price,5,36,54.09732437133789,0.05748176574707031,3090.0,43.83332061767578,11,1
StandardGP,208c37fd-ada6-11ef-85d5-e4a8dfc2a9a8,resid_build_sale_price,5,37,54.097312927246094,0.06373882293701172,3254.0,43.83332443237305,11,1
StandardGP,208c37fd-ada6-11ef-85d5-e4a8dfc2a9a8,resid_build_sale_price,5,38,54.0969352722168,0.06206774711608887,3174.0,43.83348083496094,9,1
StandardGP,208c37fd-ada6-11ef-85d5-e4a8dfc2a9a8,resid_build_sale_price,5,39,54.0969352722168,0.06870412826538086,3168.0,43.83348083496094,9,1
StandardGP,208c37fd-ada6-11ef-85d5-e4a8dfc2a9a8,resid_build_sale_price,5,40,54.09514617919922,0.06596159934997559,3346.0,43.818092346191406,13,1
StandardGP,208c37fd-ada6-11ef-85d5-e4a8dfc2a9a8,resid_build_sale_price,5,41,54.01948928833008,0.05609750747680664,3096.0,43.5181999206543,13,1
StandardGP,208c37fd-ada6-11ef-85d5-e4a8dfc2a9a8,resid_build_sale_price,5,42,53.86418151855469,0.049277305603027344,2630.0,43.84146499633789,11,1
StandardGP,208c37fd-ada6-11ef-85d5-e4a8dfc2a9a8,resid_build_sale_price,5,43,53.86418151855469,0.043565988540649414,2370.0,43.84146499633789,11,1
StandardGP,208c37fd-ada6-11ef-85d5-e4a8dfc2a9a8,resid_build_sale_price,5,44,53.86418151855469,0.04339122772216797,2336.0,43.84146499633789,11,1
StandardGP,208c37fd-ada6-11ef-85d5-e4a8dfc2a9a8,resid_build_sale_price,5,45,53.86418151855469,0.04067540168762207,2194.0,43.84146499633789,11,1
StandardGP,208c37fd-ada6-11ef-85d5-e4a8dfc2a9a8,resid_build_sale_price,5,46,53.86418151855469,0.04349160194396973,2282.0,43.84146499633789,11,1
StandardGP,208c37fd-ada6-11ef-85d5-e4a8dfc2a9a8,resid_build_sale_price,5,47,53.86418151855469,0.04973793029785156,2602.0,43.84146499633789,11,1
StandardGP,208c37fd-ada6-11ef-85d5-e4a8dfc2a9a8,resid_build_sale_price,5,48,53.86418151855469,0.0440065860748291,2344.0,43.84146499633789,11,1
StandardGP,208c37fd-ada6-11ef-85d5-e4a8dfc2a9a8,resid_build_sale_price,5,49,53.86418151855469,0.05137372016906738,2678.0,43.84146499633789,11,1
StandardGP,208c37fd-ada6-11ef-85d5-e4a8dfc2a9a8,resid_build_sale_price,5,50,53.723812103271484,0.06508350372314453,2978.0,43.29309844970703,17,1
StandardGP,208c37fd-ada6-11ef-85d5-e4a8dfc2a9a8,resid_build_sale_price,5,51,53.723812103271484,0.0596013069152832,2930.0,43.29309844970703,17,1
StandardGP,208c37fd-ada6-11ef-85d5-e4a8dfc2a9a8,resid_build_sale_price,5,52,53.723812103271484,0.05151629447937012,2566.0,43.29309844970703,17,1
StandardGP,208c37fd-ada6-11ef-85d5-e4a8dfc2a9a8,resid_build_sale_price,5,53,53.566898345947266,0.05368852615356445,2614.0,43.32038879394531,29,1
StandardGP,208c37fd-ada6-11ef-85d5-e4a8dfc2a9a8,resid_build_sale_price,5,54,53.566898345947266,0.04889392852783203,2290.0,43.32038879394531,29,1
StandardGP,208c37fd-ada6-11ef-85d5-e4a8dfc2a9a8,resid_build_sale_price,5,55,53.53589630126953,0.04345202445983887,2206.0,43.456600189208984,19,1
StandardGP,208c37fd-ada6-11ef-85d5-e4a8dfc2a9a8,resid_build_sale_price,5,56,53.53589630126953,0.047943830490112305,2314.0,43.456600189208984,19,1
StandardGP,208c37fd-ada6-11ef-85d5-e4a8dfc2a9a8,resid_build_sale_price,5,57,53.53589630126953,0.04770851135253906,2384.0,43.456600189208984,19,1
StandardGP,208c37fd-ada6-11ef-85d5-e4a8dfc2a9a8,resid_build_sale_price,5,58,53.53589630126953,0.048258304595947266,2368.0,43.456600189208984,19,1
StandardGP,208c37fd-ada6-11ef-85d5-e4a8dfc2a9a8,resid_build_sale_price,5,59,53.53589630126953,0.04593515396118164,2292.0,43.456600189208984,19,1
StandardGP,208c37fd-ada6-11ef-85d5-e4a8dfc2a9a8,resid_build_sale_price,5,60,53.53589630126953,0.04815483093261719,2314.0,43.456600189208984,19,1
StandardGP,208c37fd-ada6-11ef-85d5-e4a8dfc2a9a8,resid_build_sale_price,5,61,53.53589630126953,0.04306983947753906,2130.0,43.456600189208984,19,1
StandardGP,208c37fd-ada6-11ef-85d5-e4a8dfc2a9a8,resid_build_sale_price,5,62,53.53589630126953,0.04891681671142578,2334.0,43.456600189208984,19,1
StandardGP,208c37fd-ada6-11ef-85d5-e4a8dfc2a9a8,resid_build_sale_price,5,63,53.53589630126953,0.04597902297973633,2116.0,43.456600189208984,19,1
StandardGP,208c37fd-ada6-11ef-85d5-e4a8dfc2a9a8,resid_build_sale_price,5,64,53.53589630126953,0.04606175422668457,2180.0,43.456600189208984,19,1
StandardGP,208c37fd-ada6-11ef-85d5-e4a8dfc2a9a8,resid_build_sale_price,5,65,53.53589630126953,0.044277191162109375,2172.0,43.456600189208984,19,1
StandardGP,208c37fd-ada6-11ef-85d5-e4a8dfc2a9a8,resid_build_sale_price,5,66,53.53589630126953,0.0470738410949707,2204.0,43.456600189208984,19,1
StandardGP,208c37fd-ada6-11ef-85d5-e4a8dfc2a9a8,resid_build_sale_price,5,67,53.53589630126953,0.04365682601928711,2106.0,43.456600189208984,19,1
StandardGP,208c37fd-ada6-11ef-85d5-e4a8dfc2a9a8,resid_build_sale_price,5,68,53.53589630126953,0.04442548751831055,2108.0,43.456600189208984,19,1
StandardGP,208c37fd-ada6-11ef-85d5-e4a8dfc2a9a8,resid_build_sale_price,5,69,53.53589630126953,0.04322052001953125,2056.0,43.456600189208984,19,1
StandardGP,208c37fd-ada6-11ef-85d5-e4a8dfc2a9a8,resid_build_sale_price,5,70,53.53589630126953,0.04755377769470215,2194.0,43.456600189208984,19,1
StandardGP,208c37fd-ada6-11ef-85d5-e4a8dfc2a9a8,resid_build_sale_price,5,71,53.53183364868164,0.04717755317687988,2266.0,43.439659118652344,17,1
StandardGP,208c37fd-ada6-11ef-85d5-e4a8dfc2a9a8,resid_build_sale_price,5,72,53.101112365722656,0.050264835357666016,2252.0,43.308006286621094,39,1
StandardGP,208c37fd-ada6-11ef-85d5-e4a8dfc2a9a8,resid_build_sale_price,5,73,53.101112365722656,0.04503440856933594,2258.0,43.308006286621094,39,1
StandardGP,208c37fd-ada6-11ef-85d5-e4a8dfc2a9a8,resid_build_sale_price,5,74,53.089622497558594,0.048151254653930664,2184.0,42.92957305908203,31,1
StandardGP,208c37fd-ada6-11ef-85d5-e4a8dfc2a9a8,resid_build_sale_price,5,75,52.9019889831543,0.04937911033630371,2256.0,42.87390899658203,31,1
StandardGP,208c37fd-ada6-11ef-85d5-e4a8dfc2a9a8,resid_build_sale_price,5,76,52.9019889831543,0.051378488540649414,2198.0,42.87390899658203,31,1
StandardGP,208c37fd-ada6-11ef-85d5-e4a8dfc2a9a8,resid_build_sale_price,5,77,52.9019889831543,0.049683332443237305,2362.0,42.87390899658203,31,1
StandardGP,208c37fd-ada6-11ef-85d5-e4a8dfc2a9a8,resid_build_sale_price,5,78,52.878883361816406,0.04496288299560547,2152.0,42.75168991088867,43,1
StandardGP,208c37fd-ada6-11ef-85d5-e4a8dfc2a9a8,resid_build_sale_price,5,79,52.878883361816406,0.040393829345703125,1956.0,42.75168991088867,43,1
StandardGP,208c37fd-ada6-11ef-85d5-e4a8dfc2a9a8,resid_build_sale_price,5,80,52.878883361816406,0.04133439064025879,2056.0,42.75168991088867,43,1
StandardGP,208c37fd-ada6-11ef-85d5-e4a8dfc2a9a8,resid_build_sale_price,5,81,52.878883361816406,0.043523550033569336,2128.0,42.75168991088867,43,1
StandardGP,208c37fd-ada6-11ef-85d5-e4a8dfc2a9a8,resid_build_sale_price,5,82,52.873390197753906,0.0454258918762207,2000.0,42.740230560302734,43,1
StandardGP,208c37fd-ada6-11ef-85d5-e4a8dfc2a9a8,resid_build_sale_price,5,83,52.84369659423828,0.047765493392944336,2088.0,42.600730895996094,47,1
StandardGP,208c37fd-ada6-11ef-85d5-e4a8dfc2a9a8,resid_build_sale_price,5,84,52.80189895629883,0.052220821380615234,2380.0,42.653602600097656,43,1
StandardGP,208c37fd-ada6-11ef-85d5-e4a8dfc2a9a8,resid_build_sale_price,5,85,52.80189895629883,0.05426430702209473,2462.0,42.653602600097656,43,1
StandardGP,208c37fd-ada6-11ef-85d5-e4a8dfc2a9a8,resid_build_sale_price,5,86,52.80189895629883,0.049887895584106445,2392.0,42.653602600097656,43,1
StandardGP,208c37fd-ada6-11ef-85d5-e4a8dfc2a9a8,resid_build_sale_price,5,87,52.80189895629883,0.05487489700317383,2418.0,42.653602600097656,43,1
StandardGP,208c37fd-ada6-11ef-85d5-e4a8dfc2a9a8,resid_build_sale_price,5,88,52.80189895629883,0.050896644592285156,2316.0,42.653602600097656,43,1
StandardGP,208c37fd-ada6-11ef-85d5-e4a8dfc2a9a8,resid_build_sale_price,5,89,52.80189895629883,0.04680061340332031,2078.0,42.653602600097656,43,1
StandardGP,208c37fd-ada6-11ef-85d5-e4a8dfc2a9a8,resid_build_sale_price,5,90,52.80189895629883,0.044363975524902344,2136.0,42.653602600097656,43,1
StandardGP,208c37fd-ada6-11ef-85d5-e4a8dfc2a9a8,resid_build_sale_price,5,91,52.80189895629883,0.051120758056640625,2292.0,42.653602600097656,43,1
StandardGP,208c37fd-ada6-11ef-85d5-e4a8dfc2a9a8,resid_build_sale_price,5,92,52.80189895629883,0.05600094795227051,2466.0,42.653602600097656,43,1
StandardGP,208c37fd-ada6-11ef-85d5-e4a8dfc2a9a8,resid_build_sale_price,5,93,52.80189895629883,0.05399179458618164,2478.0,42.653602600097656,43,1
StandardGP,208c37fd-ada6-11ef-85d5-e4a8dfc2a9a8,resid_build_sale_price,5,94,52.367671966552734,0.0538327693939209,2376.0,48.891746520996094,13,1
StandardGP,208c37fd-ada6-11ef-85d5-e4a8dfc2a9a8,resid_build_sale_price,5,95,52.367671966552734,0.05434584617614746,2386.0,48.891746520996094,13,1
StandardGP,208c37fd-ada6-11ef-85d5-e4a8dfc2a9a8,resid_build_sale_price,5,96,52.367671966552734,0.060532569885253906,2488.0,48.891746520996094,13,1
StandardGP,208c37fd-ada6-11ef-85d5-e4a8dfc2a9a8,resid_build_sale_price,5,97,52.367671966552734,0.05215859413146973,2138.0,48.891746520996094,13,1
StandardGP,208c37fd-ada6-11ef-85d5-e4a8dfc2a9a8,resid_build_sale_price,5,98,52.367671966552734,0.0490567684173584,2110.0,48.891746520996094,13,1
StandardGP,208c37fd-ada6-11ef-85d5-e4a8dfc2a9a8,resid_build_sale_price,5,99,52.367671966552734,0.0475156307220459,2222.0,48.891746520996094,13,1
StandardGP,208c37fd-ada6-11ef-85d5-e4a8dfc2a9a8,resid_build_sale_price,5,100,52.367671966552734,0.0469970703125,2210.0,48.891746520996094,13,1
