StandardGP,393cbf5c-ada3-11ef-b02b-e4a8dfc2a9a8,resid_build_sale_price,6,0,0.14865754544734955,0.1510024070739746,1348.0,0.13592635095119476,3,1
StandardGP,393cbf5c-ada3-11ef-b02b-e4a8dfc2a9a8,resid_build_sale_price,6,1,0.13464458286762238,0.06078672409057617,1098.0,0.12971273064613342,3,1
StandardGP,393cbf5c-ada3-11ef-b02b-e4a8dfc2a9a8,resid_build_sale_price,6,2,0.13464458286762238,0.05303502082824707,986.0,0.12971273064613342,3,1
StandardGP,393cbf5c-ada3-11ef-b02b-e4a8dfc2a9a8,resid_build_sale_price,6,3,0.13464458286762238,0.05008530616760254,850.0,0.12971273064613342,3,1
StandardGP,393cbf5c-ada3-11ef-b02b-e4a8dfc2a9a8,resid_build_sale_price,6,4,0.13464458286762238,0.05002927780151367,958.0,0.12971273064613342,3,1
StandardGP,393cbf5c-ada3-11ef-b02b-e4a8dfc2a9a8,resid_build_sale_price,6,5,0.05794474855065346,0.04281187057495117,768.0,0.07829563319683075,3,1
StandardGP,393cbf5c-ada3-11ef-b02b-e4a8dfc2a9a8,resid_build_sale_price,6,6,0.05794474855065346,0.03685760498046875,676.0,0.07829563319683075,3,1
StandardGP,393cbf5c-ada3-11ef-b02b-e4a8dfc2a9a8,resid_build_sale_price,6,7,0.05794474855065346,0.03909802436828613,572.0,0.07829563319683075,3,1
StandardGP,393cbf5c-ada3-11ef-b02b-e4a8dfc2a9a8,resid_build_sale_price,6,8,0.05794474855065346,0.038903236389160156,574.0,0.07829563319683075,3,1
StandardGP,393cbf5c-ada3-11ef-b02b-e4a8dfc2a9a8,resid_build_sale_price,6,9,0.05794474855065346,0.04434561729431152,546.0,0.07829563319683075,3,1
StandardGP,393cbf5c-ada3-11ef-b02b-e4a8dfc2a9a8,resid_build_sale_price,6,10,0.05794474855065346,0.03784608840942383,552.0,0.07829563319683075,3,1
StandardGP,393cbf5c-ada3-11ef-b02b-e4a8dfc2a9a8,resid_build_sale_price,6,11,0.05794474855065346,0.03801441192626953,532.0,0.07829563319683075,3,1
StandardGP,393cbf5c-ada3-11ef-b02b-e4a8dfc2a9a8,resid_build_sale_price,6,12,0.05794474855065346,0.03587055206298828,534.0,0.07829563319683075,3,1
StandardGP,393cbf5c-ada3-11ef-b02b-e4a8dfc2a9a8,resid_build_sale_price,6,13,0.05794474855065346,0.03716611862182617,568.0,0.07829563319683075,3,1
StandardGP,393cbf5c-ada3-11ef-b02b-e4a8dfc2a9a8,resid_build_sale_price,6,14,0.05794474855065346,0.04176068305969238,652.0,0.07829563319683075,3,1
StandardGP,393cbf5c-ada3-11ef-b02b-e4a8dfc2a9a8,resid_build_sale_price,6,15,0.05794474855065346,0.04799342155456543,882.0,0.07829563319683075,3,1
StandardGP,393cbf5c-ada3-11ef-b02b-e4a8dfc2a9a8,resid_build_sale_price,6,16,0.05794474855065346,0.056516408920288086,1202.0,0.07829563319683075,3,1
StandardGP,393cbf5c-ada3-11ef-b02b-e4a8dfc2a9a8,resid_build_sale_price,6,17,0.05794474855065346,0.07298517227172852,1666.0,0.07829563319683075,3,1
StandardGP,393cbf5c-ada3-11ef-b02b-e4a8dfc2a9a8,resid_build_sale_price,6,18,0.05794474855065346,0.08551859855651855,2178.0,0.07829563319683075,3,1
StandardGP,393cbf5c-ada3-11ef-b02b-e4a8dfc2a9a8,resid_build_sale_price,6,19,0.05794474855065346,0.0950014591217041,2442.0,0.07829563319683075,3,1
StandardGP,393cbf5c-ada3-11ef-b02b-e4a8dfc2a9a8,resid_build_sale_price,6,20,0.05794474855065346,0.1157841682434082,2798.0,0.07829563319683075,3,1
StandardGP,393cbf5c-ada3-11ef-b02b-e4a8dfc2a9a8,resid_build_sale_price,6,21,0.05794474855065346,0.14324951171875,3736.0,0.07829563319683075,3,1
StandardGP,393cbf5c-ada3-11ef-b02b-e4a8dfc2a9a8,resid_build_sale_price,6,22,0.05794474855065346,0.15424680709838867,4062.0,0.07829563319683075,3,1
StandardGP,393cbf5c-ada3-11ef-b02b-e4a8dfc2a9a8,resid_build_sale_price,6,23,0.05794474855065346,0.15871286392211914,4234.0,0.07829563319683075,3,1
StandardGP,393cbf5c-ada3-11ef-b02b-e4a8dfc2a9a8,resid_build_sale_price,6,24,0.05794474855065346,0.15000391006469727,3934.0,0.07829563319683075,3,1
StandardGP,393cbf5c-ada3-11ef-b02b-e4a8dfc2a9a8,resid_build_sale_price,6,25,0.05794474855065346,0.16731929779052734,4442.0,0.07829563319683075,3,1
StandardGP,393cbf5c-ada3-11ef-b02b-e4a8dfc2a9a8,resid_build_sale_price,6,26,0.05794474855065346,0.18539214134216309,4822.0,0.07829563319683075,3,1
StandardGP,393cbf5c-ada3-11ef-b02b-e4a8dfc2a9a8,resid_build_sale_price,6,27,0.05794474855065346,0.2061316967010498,5438.0,0.07829563319683075,3,1
StandardGP,393cbf5c-ada3-11ef-b02b-e4a8dfc2a9a8,resid_build_sale_price,6,28,0.05794474855065346,0.18151402473449707,5114.0,0.07829563319683075,3,1
StandardGP,393cbf5c-ada3-11ef-b02b-e4a8dfc2a9a8,resid_build_sale_price,6,29,0.05794474855065346,0.19113969802856445,5576.0,0.07829563319683075,3,1
StandardGP,393cbf5c-ada3-11ef-b02b-e4a8dfc2a9a8,resid_build_sale_price,6,30,0.05794474855065346,0.18423914909362793,5538.0,0.07829563319683075,3,1
StandardGP,393cbf5c-ada3-11ef-b02b-e4a8dfc2a9a8,resid_build_sale_price,6,31,0.05794474855065346,0.18783879280090332,5256.0,0.07829563319683075,3,1
StandardGP,393cbf5c-ada3-11ef-b02b-e4a8dfc2a9a8,resid_build_sale_price,6,32,0.05794474855065346,0.24674510955810547,6828.0,0.07829563319683075,3,1
StandardGP,393cbf5c-ada3-11ef-b02b-e4a8dfc2a9a8,resid_build_sale_price,6,33,0.05794474855065346,0.22212004661560059,5724.0,0.07829563319683075,3,1
StandardGP,393cbf5c-ada3-11ef-b02b-e4a8dfc2a9a8,resid_build_sale_price,6,34,0.05794474855065346,0.21260643005371094,5382.0,0.07829563319683075,3,1
StandardGP,393cbf5c-ada3-11ef-b02b-e4a8dfc2a9a8,resid_build_sale_price,6,35,0.05794474855065346,0.21630311012268066,5444.0,0.07829563319683075,3,1
StandardGP,393cbf5c-ada3-11ef-b02b-e4a8dfc2a9a8,resid_build_sale_price,6,36,0.05794474855065346,0.1724705696105957,4358.0,0.07829563319683075,3,1
StandardGP,393cbf5c-ada3-11ef-b02b-e4a8dfc2a9a8,resid_build_sale_price,6,37,0.05794474855065346,0.17914319038391113,5298.0,0.07829563319683075,3,1
StandardGP,393cbf5c-ada3-11ef-b02b-e4a8dfc2a9a8,resid_build_sale_price,6,38,0.05794474855065346,0.2219700813293457,5776.0,0.07829563319683075,3,1
StandardGP,393cbf5c-ada3-11ef-b02b-e4a8dfc2a9a8,resid_build_sale_price,6,39,0.05794474855065346,0.20917725563049316,5720.0,0.07829563319683075,3,1
StandardGP,393cbf5c-ada3-11ef-b02b-e4a8dfc2a9a8,resid_build_sale_price,6,40,0.05794474855065346,0.19654345512390137,5726.0,0.07829563319683075,3,1
StandardGP,393cbf5c-ada3-11ef-b02b-e4a8dfc2a9a8,resid_build_sale_price,6,41,0.05794474855065346,0.22040224075317383,5766.0,0.07829563319683075,3,1
StandardGP,393cbf5c-ada3-11ef-b02b-e4a8dfc2a9a8,resid_build_sale_price,6,42,0.05794474855065346,0.19903326034545898,5578.0,0.07829563319683075,3,1
StandardGP,393cbf5c-ada3-11ef-b02b-e4a8dfc2a9a8,resid_build_sale_price,6,43,0.05794474855065346,0.1878833770751953,4906.0,0.07829563319683075,3,1
StandardGP,393cbf5c-ada3-11ef-b02b-e4a8dfc2a9a8,resid_build_sale_price,6,44,0.05794474855065346,0.1978163719177246,5272.0,0.07829563319683075,3,1
StandardGP,393cbf5c-ada3-11ef-b02b-e4a8dfc2a9a8,resid_build_sale_price,6,45,0.05794474855065346,0.17203354835510254,4644.0,0.07829563319683075,3,1
StandardGP,393cbf5c-ada3-11ef-b02b-e4a8dfc2a9a8,resid_build_sale_price,6,46,0.05794474855065346,0.15523362159729004,4298.0,0.07829563319683075,3,1
StandardGP,393cbf5c-ada3-11ef-b02b-e4a8dfc2a9a8,resid_build_sale_price,6,47,0.05794474855065346,0.1476743221282959,3872.0,0.07829563319683075,3,1
StandardGP,393cbf5c-ada3-11ef-b02b-e4a8dfc2a9a8,resid_build_sale_price,6,48,0.05794474855065346,0.14532804489135742,3674.0,0.07829563319683075,3,1
StandardGP,393cbf5c-ada3-11ef-b02b-e4a8dfc2a9a8,resid_build_sale_price,6,49,0.05794474855065346,0.16177845001220703,4180.0,0.07829563319683075,3,1
StandardGP,393cbf5c-ada3-11ef-b02b-e4a8dfc2a9a8,resid_build_sale_price,6,50,0.05794474855065346,0.16724395751953125,4256.0,0.07829563319683075,3,1
StandardGP,393cbf5c-ada3-11ef-b02b-e4a8dfc2a9a8,resid_build_sale_price,6,51,0.05794474855065346,0.1856074333190918,4278.0,0.07829563319683075,3,1
StandardGP,393cbf5c-ada3-11ef-b02b-e4a8dfc2a9a8,resid_build_sale_price,6,52,0.05794474855065346,0.25786757469177246,4906.0,0.07829563319683075,3,1
StandardGP,393cbf5c-ada3-11ef-b02b-e4a8dfc2a9a8,resid_build_sale_price,6,53,0.05794474855065346,0.3452949523925781,5342.0,0.07829563319683075,3,1
StandardGP,393cbf5c-ada3-11ef-b02b-e4a8dfc2a9a8,resid_build_sale_price,6,54,0.05794474855065346,0.19261455535888672,5422.0,0.07829563319683075,3,1
StandardGP,393cbf5c-ada3-11ef-b02b-e4a8dfc2a9a8,resid_build_sale_price,6,55,0.047652892768383026,0.1759355068206787,4750.0,0.06593389064073563,13,1
StandardGP,393cbf5c-ada3-11ef-b02b-e4a8dfc2a9a8,resid_build_sale_price,6,56,0.047652892768383026,0.17521190643310547,4648.0,0.06593389064073563,13,1
StandardGP,393cbf5c-ada3-11ef-b02b-e4a8dfc2a9a8,resid_build_sale_price,6,57,0.04353996738791466,0.22923064231872559,5720.0,0.06358201056718826,51,1
StandardGP,393cbf5c-ada3-11ef-b02b-e4a8dfc2a9a8,resid_build_sale_price,6,58,0.0431801900267601,0.2525477409362793,6588.0,0.06461033970117569,51,1
StandardGP,393cbf5c-ada3-11ef-b02b-e4a8dfc2a9a8,resid_build_sale_price,6,59,0.0431801900267601,0.3258836269378662,8300.0,0.06461033970117569,51,1
StandardGP,393cbf5c-ada3-11ef-b02b-e4a8dfc2a9a8,resid_build_sale_price,6,60,0.04244549944996834,0.36977148056030273,10416.0,0.06596782803535461,51,1
StandardGP,393cbf5c-ada3-11ef-b02b-e4a8dfc2a9a8,resid_build_sale_price,6,61,0.04244549944996834,0.340289831161499,9578.0,0.06596782803535461,51,1
StandardGP,393cbf5c-ada3-11ef-b02b-e4a8dfc2a9a8,resid_build_sale_price,6,62,0.04244549944996834,0.31636762619018555,8362.0,0.06596782803535461,51,1
StandardGP,393cbf5c-ada3-11ef-b02b-e4a8dfc2a9a8,resid_build_sale_price,6,63,0.04244549944996834,0.2938191890716553,7592.0,0.06596782803535461,51,1
StandardGP,393cbf5c-ada3-11ef-b02b-e4a8dfc2a9a8,resid_build_sale_price,6,64,0.04244549944996834,0.32468557357788086,8862.0,0.06596782803535461,51,1
StandardGP,393cbf5c-ada3-11ef-b02b-e4a8dfc2a9a8,resid_build_sale_price,6,65,0.04244549944996834,0.3581547737121582,9216.0,0.06596782803535461,51,1
StandardGP,393cbf5c-ada3-11ef-b02b-e4a8dfc2a9a8,resid_build_sale_price,6,66,0.04244549944996834,0.3650853633880615,9120.0,0.06596782803535461,51,1
StandardGP,393cbf5c-ada3-11ef-b02b-e4a8dfc2a9a8,resid_build_sale_price,6,67,0.04244549944996834,0.4005601406097412,11030.0,0.06596782803535461,51,1
StandardGP,393cbf5c-ada3-11ef-b02b-e4a8dfc2a9a8,resid_build_sale_price,6,68,0.04244549944996834,0.47531986236572266,12088.0,0.06596782803535461,51,1
StandardGP,393cbf5c-ada3-11ef-b02b-e4a8dfc2a9a8,resid_build_sale_price,6,69,0.04244549944996834,0.49816250801086426,12598.0,0.06596782803535461,51,1
StandardGP,393cbf5c-ada3-11ef-b02b-e4a8dfc2a9a8,resid_build_sale_price,6,70,0.04244549944996834,0.4985361099243164,13168.0,0.06596782803535461,51,1
StandardGP,393cbf5c-ada3-11ef-b02b-e4a8dfc2a9a8,resid_build_sale_price,6,71,0.04244549944996834,0.5284137725830078,13696.0,0.06596782803535461,51,1
StandardGP,393cbf5c-ada3-11ef-b02b-e4a8dfc2a9a8,resid_build_sale_price,6,72,0.04244549944996834,0.5576267242431641,13470.0,0.06596782803535461,51,1
StandardGP,393cbf5c-ada3-11ef-b02b-e4a8dfc2a9a8,resid_build_sale_price,6,73,0.04244549944996834,0.5470025539398193,13422.0,0.06596782803535461,51,1
StandardGP,393cbf5c-ada3-11ef-b02b-e4a8dfc2a9a8,resid_build_sale_price,6,74,0.04244549944996834,0.5443971157073975,13170.0,0.06596782803535461,51,1
StandardGP,393cbf5c-ada3-11ef-b02b-e4a8dfc2a9a8,resid_build_sale_price,6,75,0.04244549944996834,0.5310852527618408,13202.0,0.06596782803535461,51,1
StandardGP,393cbf5c-ada3-11ef-b02b-e4a8dfc2a9a8,resid_build_sale_price,6,76,0.04244549944996834,0.4085109233856201,10600.0,0.06596782803535461,51,1
StandardGP,393cbf5c-ada3-11ef-b02b-e4a8dfc2a9a8,resid_build_sale_price,6,77,0.04244549944996834,0.3747522830963135,9810.0,0.06596782803535461,51,1
StandardGP,393cbf5c-ada3-11ef-b02b-e4a8dfc2a9a8,resid_build_sale_price,6,78,0.04244549944996834,0.361783504486084,8972.0,0.06596782803535461,51,1
StandardGP,393cbf5c-ada3-11ef-b02b-e4a8dfc2a9a8,resid_build_sale_price,6,79,0.04244549944996834,0.3773055076599121,9534.0,0.06596782803535461,51,1
StandardGP,393cbf5c-ada3-11ef-b02b-e4a8dfc2a9a8,resid_build_sale_price,6,80,0.04244549944996834,0.3521382808685303,8912.0,0.06596782803535461,51,1
StandardGP,393cbf5c-ada3-11ef-b02b-e4a8dfc2a9a8,resid_build_sale_price,6,81,0.04244549944996834,0.36505794525146484,8608.0,0.06596782803535461,51,1
StandardGP,393cbf5c-ada3-11ef-b02b-e4a8dfc2a9a8,resid_build_sale_price,6,82,0.04244549944996834,0.3414440155029297,8438.0,0.06596782803535461,51,1
StandardGP,393cbf5c-ada3-11ef-b02b-e4a8dfc2a9a8,resid_build_sale_price,6,83,0.04244549944996834,0.368701696395874,8802.0,0.06596782803535461,51,1
StandardGP,393cbf5c-ada3-11ef-b02b-e4a8dfc2a9a8,resid_build_sale_price,6,84,0.04244549944996834,0.39790797233581543,8896.0,0.06596782803535461,51,1
StandardGP,393cbf5c-ada3-11ef-b02b-e4a8dfc2a9a8,resid_build_sale_price,6,85,0.04244549944996834,0.4072597026824951,9510.0,0.06596782803535461,51,1
StandardGP,393cbf5c-ada3-11ef-b02b-e4a8dfc2a9a8,resid_build_sale_price,6,86,0.04244549944996834,0.46013569831848145,10644.0,0.06596782803535461,51,1
StandardGP,393cbf5c-ada3-11ef-b02b-e4a8dfc2a9a8,resid_build_sale_price,6,87,0.04244549944996834,0.385500431060791,9470.0,0.06596782803535461,51,1
StandardGP,393cbf5c-ada3-11ef-b02b-e4a8dfc2a9a8,resid_build_sale_price,6,88,0.04244549944996834,0.3693854808807373,9060.0,0.06596782803535461,51,1
StandardGP,393cbf5c-ada3-11ef-b02b-e4a8dfc2a9a8,resid_build_sale_price,6,89,0.04244549944996834,0.35818910598754883,8930.0,0.06596782803535461,51,1
StandardGP,393cbf5c-ada3-11ef-b02b-e4a8dfc2a9a8,resid_build_sale_price,6,90,0.04244549944996834,0.4369008541107178,10730.0,0.06596782803535461,51,1
StandardGP,393cbf5c-ada3-11ef-b02b-e4a8dfc2a9a8,resid_build_sale_price,6,91,0.04244549944996834,0.40066075325012207,9774.0,0.06596782803535461,51,1
StandardGP,393cbf5c-ada3-11ef-b02b-e4a8dfc2a9a8,resid_build_sale_price,6,92,0.04244549944996834,0.38837432861328125,9754.0,0.06596782803535461,51,1
StandardGP,393cbf5c-ada3-11ef-b02b-e4a8dfc2a9a8,resid_build_sale_price,6,93,0.04244549944996834,0.3963754177093506,9830.0,0.06596782803535461,51,1
StandardGP,393cbf5c-ada3-11ef-b02b-e4a8dfc2a9a8,resid_build_sale_price,6,94,0.04244549944996834,0.3189854621887207,8468.0,0.06596782803535461,51,1
StandardGP,393cbf5c-ada3-11ef-b02b-e4a8dfc2a9a8,resid_build_sale_price,6,95,0.04244549944996834,0.3104856014251709,8276.0,0.06596782803535461,51,1
StandardGP,393cbf5c-ada3-11ef-b02b-e4a8dfc2a9a8,resid_build_sale_price,6,96,0.04244549944996834,0.3444204330444336,9048.0,0.06596782803535461,51,1
StandardGP,393cbf5c-ada3-11ef-b02b-e4a8dfc2a9a8,resid_build_sale_price,6,97,0.04244549944996834,0.3843846321105957,9814.0,0.06596782803535461,51,1
StandardGP,393cbf5c-ada3-11ef-b02b-e4a8dfc2a9a8,resid_build_sale_price,6,98,0.04244549944996834,0.4480271339416504,10628.0,0.06596782803535461,51,1
StandardGP,393cbf5c-ada3-11ef-b02b-e4a8dfc2a9a8,resid_build_sale_price,6,99,0.04244549944996834,0.48305201530456543,11124.0,0.06596782803535461,51,1
StandardGP,393cbf5c-ada3-11ef-b02b-e4a8dfc2a9a8,resid_build_sale_price,6,100,0.04244549944996834,0.6738624572753906,12812.0,0.06596782803535461,51,1
StandardGP,250848de-ada4-11ef-8868-e4a8dfc2a9a8,resid_build_sale_price,6,0,137.11351013183594,0.07952547073364258,1348.0,149.34133911132812,3,1
StandardGP,250848de-ada4-11ef-8868-e4a8dfc2a9a8,resid_build_sale_price,6,1,125.5062255859375,0.03999042510986328,1092.0,132.5919952392578,3,1
StandardGP,250848de-ada4-11ef-8868-e4a8dfc2a9a8,resid_build_sale_price,6,2,121.43531799316406,0.04154372215270996,1262.0,129.08570861816406,3,1
StandardGP,250848de-ada4-11ef-8868-e4a8dfc2a9a8,resid_build_sale_price,6,3,113.55608367919922,0.04600048065185547,1514.0,121.17849731445312,3,1
StandardGP,250848de-ada4-11ef-8868-e4a8dfc2a9a8,resid_build_sale_price,6,4,113.55608367919922,0.04354119300842285,1636.0,121.17849731445312,3,1
StandardGP,250848de-ada4-11ef-8868-e4a8dfc2a9a8,resid_build_sale_price,6,5,113.55608367919922,0.04782748222351074,1864.0,121.17849731445312,3,1
StandardGP,250848de-ada4-11ef-8868-e4a8dfc2a9a8,resid_build_sale_price,6,6,113.55608367919922,0.04059910774230957,1526.0,121.17849731445312,3,1
StandardGP,250848de-ada4-11ef-8868-e4a8dfc2a9a8,resid_build_sale_price,6,7,111.58177947998047,0.03699469566345215,1294.0,118.02136993408203,3,1
StandardGP,250848de-ada4-11ef-8868-e4a8dfc2a9a8,resid_build_sale_price,6,8,111.58177947998047,0.0396122932434082,1404.0,118.02136993408203,3,1
StandardGP,250848de-ada4-11ef-8868-e4a8dfc2a9a8,resid_build_sale_price,6,9,111.58177947998047,0.03354620933532715,1298.0,118.02136993408203,3,1
StandardGP,250848de-ada4-11ef-8868-e4a8dfc2a9a8,resid_build_sale_price,6,10,111.58177947998047,0.032914161682128906,1182.0,118.02136993408203,3,1
StandardGP,250848de-ada4-11ef-8868-e4a8dfc2a9a8,resid_build_sale_price,6,11,106.58828735351562,0.03753089904785156,1280.0,106.93387603759766,5,1
StandardGP,250848de-ada4-11ef-8868-e4a8dfc2a9a8,resid_build_sale_price,6,12,106.58828735351562,0.04234623908996582,1450.0,106.93387603759766,5,1
StandardGP,250848de-ada4-11ef-8868-e4a8dfc2a9a8,resid_build_sale_price,6,13,106.58828735351562,0.05005216598510742,1650.0,106.93387603759766,5,1
StandardGP,250848de-ada4-11ef-8868-e4a8dfc2a9a8,resid_build_sale_price,6,14,106.58828735351562,0.05235600471496582,1768.0,106.93387603759766,5,1
StandardGP,250848de-ada4-11ef-8868-e4a8dfc2a9a8,resid_build_sale_price,6,15,105.60417938232422,0.051004648208618164,1896.0,105.77349090576172,5,1
StandardGP,250848de-ada4-11ef-8868-e4a8dfc2a9a8,resid_build_sale_price,6,16,105.60417938232422,0.05655264854431152,2028.0,105.77349090576172,5,1
StandardGP,250848de-ada4-11ef-8868-e4a8dfc2a9a8,resid_build_sale_price,6,17,105.59818267822266,0.05525517463684082,2218.0,109.21531677246094,47,1
StandardGP,250848de-ada4-11ef-8868-e4a8dfc2a9a8,resid_build_sale_price,6,18,104.8268814086914,0.06410717964172363,2322.0,109.41767883300781,9,1
StandardGP,250848de-ada4-11ef-8868-e4a8dfc2a9a8,resid_build_sale_price,6,19,103.95907592773438,0.05778217315673828,2240.0,108.71810150146484,5,1
StandardGP,250848de-ada4-11ef-8868-e4a8dfc2a9a8,resid_build_sale_price,6,20,103.95907592773438,0.05969548225402832,2352.0,108.71810150146484,5,1
StandardGP,250848de-ada4-11ef-8868-e4a8dfc2a9a8,resid_build_sale_price,6,21,103.95907592773438,0.06405305862426758,2692.0,108.71810150146484,5,1
StandardGP,250848de-ada4-11ef-8868-e4a8dfc2a9a8,resid_build_sale_price,6,22,103.95907592773438,0.06458187103271484,2586.0,108.71810150146484,5,1
StandardGP,250848de-ada4-11ef-8868-e4a8dfc2a9a8,resid_build_sale_price,6,23,103.95907592773438,0.05527496337890625,2252.0,108.71810150146484,5,1
StandardGP,250848de-ada4-11ef-8868-e4a8dfc2a9a8,resid_build_sale_price,6,24,101.85426330566406,0.058188676834106445,2394.0,103.6748046875,57,1
StandardGP,250848de-ada4-11ef-8868-e4a8dfc2a9a8,resid_build_sale_price,6,25,101.17523956298828,0.07147908210754395,2808.0,104.79924774169922,5,1
StandardGP,250848de-ada4-11ef-8868-e4a8dfc2a9a8,resid_build_sale_price,6,26,60.36399841308594,0.06914377212524414,2824.0,69.99440002441406,3,1
StandardGP,250848de-ada4-11ef-8868-e4a8dfc2a9a8,resid_build_sale_price,6,27,60.36399841308594,0.07532000541687012,2632.0,69.99440002441406,3,1
StandardGP,250848de-ada4-11ef-8868-e4a8dfc2a9a8,resid_build_sale_price,6,28,60.36399841308594,0.06952118873596191,2718.0,69.99440002441406,3,1
StandardGP,250848de-ada4-11ef-8868-e4a8dfc2a9a8,resid_build_sale_price,6,29,60.36399841308594,0.06775999069213867,2988.0,69.99440002441406,3,1
StandardGP,250848de-ada4-11ef-8868-e4a8dfc2a9a8,resid_build_sale_price,6,30,48.8621826171875,0.07618927955627441,3092.0,62.76432418823242,3,1
StandardGP,250848de-ada4-11ef-8868-e4a8dfc2a9a8,resid_build_sale_price,6,31,48.8621826171875,0.07532763481140137,3142.0,62.76432418823242,3,1
StandardGP,250848de-ada4-11ef-8868-e4a8dfc2a9a8,resid_build_sale_price,6,32,46.58920669555664,0.06813335418701172,2886.0,61.09100341796875,3,1
StandardGP,250848de-ada4-11ef-8868-e4a8dfc2a9a8,resid_build_sale_price,6,33,46.58920669555664,0.05777120590209961,2474.0,61.09100341796875,3,1
StandardGP,250848de-ada4-11ef-8868-e4a8dfc2a9a8,resid_build_sale_price,6,34,46.58920669555664,0.059192657470703125,2466.0,61.09100341796875,3,1
StandardGP,250848de-ada4-11ef-8868-e4a8dfc2a9a8,resid_build_sale_price,6,35,46.58920669555664,0.05561208724975586,2364.0,61.09100341796875,3,1
StandardGP,250848de-ada4-11ef-8868-e4a8dfc2a9a8,resid_build_sale_price,6,36,46.58920669555664,0.05970287322998047,2578.0,61.09100341796875,3,1
StandardGP,250848de-ada4-11ef-8868-e4a8dfc2a9a8,resid_build_sale_price,6,37,46.58920669555664,0.058362483978271484,2680.0,61.09100341796875,3,1
StandardGP,250848de-ada4-11ef-8868-e4a8dfc2a9a8,resid_build_sale_price,6,38,46.58920669555664,0.06849455833435059,3012.0,61.09100341796875,3,1
StandardGP,250848de-ada4-11ef-8868-e4a8dfc2a9a8,resid_build_sale_price,6,39,46.58920669555664,0.07052016258239746,3006.0,61.09100341796875,3,1
StandardGP,250848de-ada4-11ef-8868-e4a8dfc2a9a8,resid_build_sale_price,6,40,46.58920669555664,0.06969785690307617,2776.0,61.09100341796875,3,1
StandardGP,250848de-ada4-11ef-8868-e4a8dfc2a9a8,resid_build_sale_price,6,41,46.58920669555664,0.061918020248413086,2584.0,61.09100341796875,3,1
StandardGP,250848de-ada4-11ef-8868-e4a8dfc2a9a8,resid_build_sale_price,6,42,46.58920669555664,0.06621456146240234,2420.0,61.09100341796875,3,1
StandardGP,250848de-ada4-11ef-8868-e4a8dfc2a9a8,resid_build_sale_price,6,43,45.590789794921875,0.05662131309509277,2198.0,60.6593132019043,3,1
StandardGP,250848de-ada4-11ef-8868-e4a8dfc2a9a8,resid_build_sale_price,6,44,45.590789794921875,0.058957815170288086,2152.0,60.6593132019043,3,1
StandardGP,250848de-ada4-11ef-8868-e4a8dfc2a9a8,resid_build_sale_price,6,45,45.590789794921875,0.06628918647766113,2258.0,60.6593132019043,3,1
StandardGP,250848de-ada4-11ef-8868-e4a8dfc2a9a8,resid_build_sale_price,6,46,45.590789794921875,0.05315208435058594,2090.0,60.6593132019043,3,1
StandardGP,250848de-ada4-11ef-8868-e4a8dfc2a9a8,resid_build_sale_price,6,47,45.590789794921875,0.05460214614868164,2034.0,60.6593132019043,3,1
StandardGP,250848de-ada4-11ef-8868-e4a8dfc2a9a8,resid_build_sale_price,6,48,45.590789794921875,0.0555264949798584,2116.0,60.6593132019043,3,1
StandardGP,250848de-ada4-11ef-8868-e4a8dfc2a9a8,resid_build_sale_price,6,49,45.590789794921875,0.06001639366149902,2412.0,60.6593132019043,3,1
StandardGP,250848de-ada4-11ef-8868-e4a8dfc2a9a8,resid_build_sale_price,6,50,45.590789794921875,0.06729459762573242,2678.0,60.6593132019043,3,1
StandardGP,250848de-ada4-11ef-8868-e4a8dfc2a9a8,resid_build_sale_price,6,51,45.590789794921875,0.07950806617736816,2936.0,60.6593132019043,3,1
StandardGP,250848de-ada4-11ef-8868-e4a8dfc2a9a8,resid_build_sale_price,6,52,45.590789794921875,0.08376312255859375,3110.0,60.6593132019043,3,1
StandardGP,250848de-ada4-11ef-8868-e4a8dfc2a9a8,resid_build_sale_price,6,53,45.590789794921875,0.09265732765197754,3324.0,60.6593132019043,3,1
StandardGP,250848de-ada4-11ef-8868-e4a8dfc2a9a8,resid_build_sale_price,6,54,45.590789794921875,0.1018974781036377,3658.0,60.6593132019043,3,1
StandardGP,250848de-ada4-11ef-8868-e4a8dfc2a9a8,resid_build_sale_price,6,55,45.590789794921875,0.1617121696472168,4258.0,60.6593132019043,3,1
StandardGP,250848de-ada4-11ef-8868-e4a8dfc2a9a8,resid_build_sale_price,6,56,45.590789794921875,0.12143349647521973,4406.0,60.6593132019043,3,1
StandardGP,250848de-ada4-11ef-8868-e4a8dfc2a9a8,resid_build_sale_price,6,57,45.590789794921875,0.1006631851196289,3750.0,60.6593132019043,3,1
StandardGP,250848de-ada4-11ef-8868-e4a8dfc2a9a8,resid_build_sale_price,6,58,45.590789794921875,0.09467124938964844,3788.0,60.6593132019043,3,1
StandardGP,250848de-ada4-11ef-8868-e4a8dfc2a9a8,resid_build_sale_price,6,59,45.590789794921875,0.11156630516052246,4282.0,60.6593132019043,3,1
StandardGP,250848de-ada4-11ef-8868-e4a8dfc2a9a8,resid_build_sale_price,6,60,45.590789794921875,0.13331294059753418,4000.0,60.6593132019043,3,1
StandardGP,250848de-ada4-11ef-8868-e4a8dfc2a9a8,resid_build_sale_price,6,61,45.590789794921875,0.10421991348266602,3562.0,60.6593132019043,3,1
StandardGP,250848de-ada4-11ef-8868-e4a8dfc2a9a8,resid_build_sale_price,6,62,45.590789794921875,0.09814047813415527,3522.0,60.6593132019043,3,1
StandardGP,250848de-ada4-11ef-8868-e4a8dfc2a9a8,resid_build_sale_price,6,63,45.590789794921875,0.09597039222717285,2962.0,60.6593132019043,3,1
StandardGP,250848de-ada4-11ef-8868-e4a8dfc2a9a8,resid_build_sale_price,6,64,45.590789794921875,0.07579708099365234,2588.0,60.6593132019043,3,1
StandardGP,250848de-ada4-11ef-8868-e4a8dfc2a9a8,resid_build_sale_price,6,65,45.590789794921875,0.07753396034240723,2702.0,60.6593132019043,3,1
StandardGP,250848de-ada4-11ef-8868-e4a8dfc2a9a8,resid_build_sale_price,6,66,45.590789794921875,0.07928013801574707,2592.0,60.6593132019043,3,1
StandardGP,250848de-ada4-11ef-8868-e4a8dfc2a9a8,resid_build_sale_price,6,67,45.590789794921875,0.07798290252685547,2280.0,60.6593132019043,3,1
StandardGP,250848de-ada4-11ef-8868-e4a8dfc2a9a8,resid_build_sale_price,6,68,45.590789794921875,0.07849955558776855,2350.0,60.6593132019043,3,1
StandardGP,250848de-ada4-11ef-8868-e4a8dfc2a9a8,resid_build_sale_price,6,69,45.590789794921875,0.09581875801086426,2536.0,60.6593132019043,3,1
StandardGP,250848de-ada4-11ef-8868-e4a8dfc2a9a8,resid_build_sale_price,6,70,45.590789794921875,0.07882928848266602,2748.0,60.6593132019043,3,1
StandardGP,250848de-ada4-11ef-8868-e4a8dfc2a9a8,resid_build_sale_price,6,71,45.590789794921875,0.09629440307617188,2846.0,60.6593132019043,3,1
StandardGP,250848de-ada4-11ef-8868-e4a8dfc2a9a8,resid_build_sale_price,6,72,45.590789794921875,0.1160120964050293,3078.0,60.6593132019043,3,1
StandardGP,250848de-ada4-11ef-8868-e4a8dfc2a9a8,resid_build_sale_price,6,73,45.590789794921875,0.09178686141967773,2940.0,60.6593132019043,3,1
StandardGP,250848de-ada4-11ef-8868-e4a8dfc2a9a8,resid_build_sale_price,6,74,45.590789794921875,0.09074950218200684,3000.0,60.6593132019043,3,1
StandardGP,250848de-ada4-11ef-8868-e4a8dfc2a9a8,resid_build_sale_price,6,75,45.590789794921875,0.09169912338256836,3070.0,60.6593132019043,3,1
StandardGP,250848de-ada4-11ef-8868-e4a8dfc2a9a8,resid_build_sale_price,6,76,45.43769073486328,0.11108946800231934,3470.0,61.16960144042969,59,1
StandardGP,250848de-ada4-11ef-8868-e4a8dfc2a9a8,resid_build_sale_price,6,77,45.179195404052734,0.10895514488220215,3566.0,61.13954544067383,59,1
StandardGP,250848de-ada4-11ef-8868-e4a8dfc2a9a8,resid_build_sale_price,6,78,45.179195404052734,0.1069331169128418,3636.0,61.13954544067383,59,1
StandardGP,250848de-ada4-11ef-8868-e4a8dfc2a9a8,resid_build_sale_price,6,79,44.52750778198242,0.11107158660888672,3410.0,61.14925003051758,29,1
StandardGP,250848de-ada4-11ef-8868-e4a8dfc2a9a8,resid_build_sale_price,6,80,44.52750778198242,0.08959841728210449,3144.0,61.14925003051758,29,1
StandardGP,250848de-ada4-11ef-8868-e4a8dfc2a9a8,resid_build_sale_price,6,81,44.21284484863281,0.20064234733581543,3442.0,60.39365005493164,11,1
StandardGP,250848de-ada4-11ef-8868-e4a8dfc2a9a8,resid_build_sale_price,6,82,44.21284484863281,0.10654020309448242,3236.0,60.39365005493164,11,1
StandardGP,250848de-ada4-11ef-8868-e4a8dfc2a9a8,resid_build_sale_price,6,83,44.21284484863281,0.09998631477355957,3298.0,60.39365005493164,11,1
StandardGP,250848de-ada4-11ef-8868-e4a8dfc2a9a8,resid_build_sale_price,6,84,44.21284484863281,0.09480571746826172,3350.0,60.39365005493164,11,1
StandardGP,250848de-ada4-11ef-8868-e4a8dfc2a9a8,resid_build_sale_price,6,85,44.21284484863281,0.10100197792053223,3230.0,60.39365005493164,11,1
StandardGP,250848de-ada4-11ef-8868-e4a8dfc2a9a8,resid_build_sale_price,6,86,44.21284484863281,0.08687901496887207,2900.0,60.39365005493164,11,1
StandardGP,250848de-ada4-11ef-8868-e4a8dfc2a9a8,resid_build_sale_price,6,87,44.21284484863281,0.09830307960510254,3342.0,60.39365005493164,11,1
StandardGP,250848de-ada4-11ef-8868-e4a8dfc2a9a8,resid_build_sale_price,6,88,44.21284484863281,0.09604859352111816,3448.0,60.39365005493164,11,1
StandardGP,250848de-ada4-11ef-8868-e4a8dfc2a9a8,resid_build_sale_price,6,89,44.21284484863281,0.09072375297546387,3546.0,60.39365005493164,11,1
StandardGP,250848de-ada4-11ef-8868-e4a8dfc2a9a8,resid_build_sale_price,6,90,44.21284484863281,0.09254074096679688,3502.0,60.39365005493164,11,1
StandardGP,250848de-ada4-11ef-8868-e4a8dfc2a9a8,resid_build_sale_price,6,91,44.21284484863281,0.09585428237915039,3532.0,60.39365005493164,11,1
StandardGP,250848de-ada4-11ef-8868-e4a8dfc2a9a8,resid_build_sale_price,6,92,44.21284484863281,0.08296990394592285,3130.0,60.39365005493164,11,1
StandardGP,250848de-ada4-11ef-8868-e4a8dfc2a9a8,resid_build_sale_price,6,93,44.21284484863281,0.08778262138366699,3118.0,60.39365005493164,11,1
StandardGP,250848de-ada4-11ef-8868-e4a8dfc2a9a8,resid_build_sale_price,6,94,44.21284484863281,0.08841109275817871,2950.0,60.39365005493164,11,1
StandardGP,250848de-ada4-11ef-8868-e4a8dfc2a9a8,resid_build_sale_price,6,95,44.21284484863281,0.08603787422180176,2956.0,60.39365005493164,11,1
StandardGP,250848de-ada4-11ef-8868-e4a8dfc2a9a8,resid_build_sale_price,6,96,44.21284484863281,0.08933687210083008,3126.0,60.39365005493164,11,1
StandardGP,250848de-ada4-11ef-8868-e4a8dfc2a9a8,resid_build_sale_price,6,97,44.21284484863281,0.08783841133117676,2936.0,60.39365005493164,11,1
StandardGP,250848de-ada4-11ef-8868-e4a8dfc2a9a8,resid_build_sale_price,6,98,44.21284484863281,0.093292236328125,3170.0,60.39365005493164,11,1
StandardGP,250848de-ada4-11ef-8868-e4a8dfc2a9a8,resid_build_sale_price,6,99,44.21284484863281,0.09351921081542969,3182.0,60.39365005493164,11,1
StandardGP,250848de-ada4-11ef-8868-e4a8dfc2a9a8,resid_build_sale_price,6,100,44.21284484863281,0.10618782043457031,3576.0,60.39365005493164,11,1
StandardGP,a3d4474a-ada5-11ef-a4b0-e4a8dfc2a9a8,resid_build_sale_price,6,0,0.15310366451740265,0.052377939224243164,1348.0,0.1377052217721939,3,1
StandardGP,a3d4474a-ada5-11ef-a4b0-e4a8dfc2a9a8,resid_build_sale_price,6,1,0.14005695283412933,0.027246713638305664,988.0,0.1354733258485794,3,1
StandardGP,a3d4474a-ada5-11ef-a4b0-e4a8dfc2a9a8,resid_build_sale_price,6,2,0.14005695283412933,0.02548360824584961,890.0,0.1354733258485794,3,1
StandardGP,a3d4474a-ada5-11ef-a4b0-e4a8dfc2a9a8,resid_build_sale_price,6,3,0.14005695283412933,0.02200007438659668,778.0,0.1354733258485794,3,1
StandardGP,a3d4474a-ada5-11ef-a4b0-e4a8dfc2a9a8,resid_build_sale_price,6,4,0.13468115031719208,0.0279996395111084,984.0,0.13275162875652313,5,1
StandardGP,a3d4474a-ada5-11ef-a4b0-e4a8dfc2a9a8,resid_build_sale_price,6,5,0.13468115031719208,0.024000883102416992,840.0,0.13275162875652313,5,1
StandardGP,a3d4474a-ada5-11ef-a4b0-e4a8dfc2a9a8,resid_build_sale_price,6,6,0.13468115031719208,0.023835420608520508,924.0,0.13275162875652313,5,1
StandardGP,a3d4474a-ada5-11ef-a4b0-e4a8dfc2a9a8,resid_build_sale_price,6,7,0.13468115031719208,0.019024372100830078,756.0,0.13275162875652313,5,1
StandardGP,a3d4474a-ada5-11ef-a4b0-e4a8dfc2a9a8,resid_build_sale_price,6,8,0.13468115031719208,0.0196683406829834,790.0,0.13275162875652313,5,1
StandardGP,a3d4474a-ada5-11ef-a4b0-e4a8dfc2a9a8,resid_build_sale_price,6,9,0.13093827664852142,0.021988630294799805,908.0,0.10707838833332062,9,1
StandardGP,a3d4474a-ada5-11ef-a4b0-e4a8dfc2a9a8,resid_build_sale_price,6,10,0.13093827664852142,0.02284526824951172,968.0,0.10707838833332062,9,1
StandardGP,a3d4474a-ada5-11ef-a4b0-e4a8dfc2a9a8,resid_build_sale_price,6,11,0.12823469936847687,0.022429466247558594,982.0,0.10786111652851105,9,1
StandardGP,a3d4474a-ada5-11ef-a4b0-e4a8dfc2a9a8,resid_build_sale_price,6,12,0.12803344428539276,0.020656347274780273,1026.0,0.11082527786493301,9,1
StandardGP,a3d4474a-ada5-11ef-a4b0-e4a8dfc2a9a8,resid_build_sale_price,6,13,0.12803344428539276,0.02197551727294922,1010.0,0.11082527786493301,9,1
StandardGP,a3d4474a-ada5-11ef-a4b0-e4a8dfc2a9a8,resid_build_sale_price,6,14,0.12803344428539276,0.02200627326965332,1004.0,0.11082527786493301,9,1
StandardGP,a3d4474a-ada5-11ef-a4b0-e4a8dfc2a9a8,resid_build_sale_price,6,15,0.12803344428539276,0.025223493576049805,1226.0,0.11082527786493301,9,1
StandardGP,a3d4474a-ada5-11ef-a4b0-e4a8dfc2a9a8,resid_build_sale_price,6,16,0.12803344428539276,0.02803325653076172,1540.0,0.11082527786493301,9,1
StandardGP,a3d4474a-ada5-11ef-a4b0-e4a8dfc2a9a8,resid_build_sale_price,6,17,0.12644611299037933,0.031301259994506836,1818.0,0.11387466639280319,5,1
StandardGP,a3d4474a-ada5-11ef-a4b0-e4a8dfc2a9a8,resid_build_sale_price,6,18,0.12644611299037933,0.033594608306884766,2018.0,0.11387466639280319,5,1
StandardGP,a3d4474a-ada5-11ef-a4b0-e4a8dfc2a9a8,resid_build_sale_price,6,19,0.12644611299037933,0.04036545753479004,2334.0,0.11387466639280319,5,1
StandardGP,a3d4474a-ada5-11ef-a4b0-e4a8dfc2a9a8,resid_build_sale_price,6,20,0.12644611299037933,0.04372382164001465,2664.0,0.11387466639280319,5,1
StandardGP,a3d4474a-ada5-11ef-a4b0-e4a8dfc2a9a8,resid_build_sale_price,6,21,0.12644611299037933,0.04652142524719238,2750.0,0.11387466639280319,5,1
StandardGP,a3d4474a-ada5-11ef-a4b0-e4a8dfc2a9a8,resid_build_sale_price,6,22,0.12644611299037933,0.043695926666259766,2560.0,0.11387466639280319,5,1
StandardGP,a3d4474a-ada5-11ef-a4b0-e4a8dfc2a9a8,resid_build_sale_price,6,23,0.12644611299037933,0.046056270599365234,2824.0,0.11387466639280319,5,1
StandardGP,a3d4474a-ada5-11ef-a4b0-e4a8dfc2a9a8,resid_build_sale_price,6,24,0.12644611299037933,0.03932070732116699,2320.0,0.11387466639280319,5,1
StandardGP,a3d4474a-ada5-11ef-a4b0-e4a8dfc2a9a8,resid_build_sale_price,6,25,0.12644611299037933,0.04041910171508789,2348.0,0.11387466639280319,5,1
StandardGP,a3d4474a-ada5-11ef-a4b0-e4a8dfc2a9a8,resid_build_sale_price,6,26,0.12644611299037933,0.04613161087036133,2242.0,0.11387466639280319,5,1
StandardGP,a3d4474a-ada5-11ef-a4b0-e4a8dfc2a9a8,resid_build_sale_price,6,27,0.11789048463106155,0.041640281677246094,2286.0,0.11223046481609344,5,1
StandardGP,a3d4474a-ada5-11ef-a4b0-e4a8dfc2a9a8,resid_build_sale_price,6,28,0.11789048463106155,0.04553627967834473,2410.0,0.11223046481609344,5,1
StandardGP,a3d4474a-ada5-11ef-a4b0-e4a8dfc2a9a8,resid_build_sale_price,6,29,0.11789048463106155,0.046816349029541016,2604.0,0.11223046481609344,5,1
StandardGP,a3d4474a-ada5-11ef-a4b0-e4a8dfc2a9a8,resid_build_sale_price,6,30,0.11789048463106155,0.0483250617980957,2678.0,0.11223046481609344,5,1
StandardGP,a3d4474a-ada5-11ef-a4b0-e4a8dfc2a9a8,resid_build_sale_price,6,31,0.11789048463106155,0.053322792053222656,2808.0,0.11223046481609344,5,1
StandardGP,a3d4474a-ada5-11ef-a4b0-e4a8dfc2a9a8,resid_build_sale_price,6,32,0.11789048463106155,0.053978919982910156,3050.0,0.11223046481609344,5,1
StandardGP,a3d4474a-ada5-11ef-a4b0-e4a8dfc2a9a8,resid_build_sale_price,6,33,0.11789048463106155,0.055713653564453125,3194.0,0.11223046481609344,5,1
StandardGP,a3d4474a-ada5-11ef-a4b0-e4a8dfc2a9a8,resid_build_sale_price,6,34,0.11789048463106155,0.07209324836730957,3754.0,0.11223046481609344,5,1
StandardGP,a3d4474a-ada5-11ef-a4b0-e4a8dfc2a9a8,resid_build_sale_price,6,35,0.11789048463106155,0.07456851005554199,4034.0,0.11223046481609344,5,1
StandardGP,a3d4474a-ada5-11ef-a4b0-e4a8dfc2a9a8,resid_build_sale_price,6,36,0.11789048463106155,0.06814146041870117,3916.0,0.11223046481609344,5,1
StandardGP,a3d4474a-ada5-11ef-a4b0-e4a8dfc2a9a8,resid_build_sale_price,6,37,0.11789048463106155,0.05642509460449219,2992.0,0.11223046481609344,5,1
StandardGP,a3d4474a-ada5-11ef-a4b0-e4a8dfc2a9a8,resid_build_sale_price,6,38,0.11789048463106155,0.049688100814819336,2772.0,0.11223046481609344,5,1
StandardGP,a3d4474a-ada5-11ef-a4b0-e4a8dfc2a9a8,resid_build_sale_price,6,39,0.11789048463106155,0.04719114303588867,2512.0,0.11223046481609344,5,1
StandardGP,a3d4474a-ada5-11ef-a4b0-e4a8dfc2a9a8,resid_build_sale_price,6,40,0.11789048463106155,0.04700136184692383,2658.0,0.11223046481609344,5,1
StandardGP,a3d4474a-ada5-11ef-a4b0-e4a8dfc2a9a8,resid_build_sale_price,6,41,0.11789048463106155,0.04961872100830078,2712.0,0.11223046481609344,5,1
StandardGP,a3d4474a-ada5-11ef-a4b0-e4a8dfc2a9a8,resid_build_sale_price,6,42,0.11789048463106155,0.05247378349304199,2890.0,0.11223046481609344,5,1
StandardGP,a3d4474a-ada5-11ef-a4b0-e4a8dfc2a9a8,resid_build_sale_price,6,43,0.11789048463106155,0.06399941444396973,3718.0,0.11223046481609344,5,1
StandardGP,a3d4474a-ada5-11ef-a4b0-e4a8dfc2a9a8,resid_build_sale_price,6,44,0.11789048463106155,0.05496931076049805,3300.0,0.11223046481609344,5,1
StandardGP,a3d4474a-ada5-11ef-a4b0-e4a8dfc2a9a8,resid_build_sale_price,6,45,0.11789048463106155,0.06277251243591309,3530.0,0.11223046481609344,5,1
StandardGP,a3d4474a-ada5-11ef-a4b0-e4a8dfc2a9a8,resid_build_sale_price,6,46,0.11789048463106155,0.06137228012084961,3342.0,0.11223046481609344,5,1
StandardGP,a3d4474a-ada5-11ef-a4b0-e4a8dfc2a9a8,resid_build_sale_price,6,47,0.11789048463106155,0.07540726661682129,4432.0,0.11223046481609344,5,1
StandardGP,a3d4474a-ada5-11ef-a4b0-e4a8dfc2a9a8,resid_build_sale_price,6,48,0.11789048463106155,0.0825047492980957,4664.0,0.11223046481609344,5,1
StandardGP,a3d4474a-ada5-11ef-a4b0-e4a8dfc2a9a8,resid_build_sale_price,6,49,0.11789048463106155,0.07194781303405762,4286.0,0.11223046481609344,5,1
StandardGP,a3d4474a-ada5-11ef-a4b0-e4a8dfc2a9a8,resid_build_sale_price,6,50,0.11789048463106155,0.08267903327941895,4856.0,0.11223046481609344,5,1
StandardGP,a3d4474a-ada5-11ef-a4b0-e4a8dfc2a9a8,resid_build_sale_price,6,51,0.11789048463106155,0.0921318531036377,5106.0,0.11223046481609344,5,1
StandardGP,a3d4474a-ada5-11ef-a4b0-e4a8dfc2a9a8,resid_build_sale_price,6,52,0.11789048463106155,0.1022341251373291,5884.0,0.11223046481609344,5,1
StandardGP,a3d4474a-ada5-11ef-a4b0-e4a8dfc2a9a8,resid_build_sale_price,6,53,0.11789048463106155,0.10929298400878906,6054.0,0.11223046481609344,5,1
StandardGP,a3d4474a-ada5-11ef-a4b0-e4a8dfc2a9a8,resid_build_sale_price,6,54,0.11789048463106155,0.10241413116455078,5552.0,0.11223046481609344,5,1
StandardGP,a3d4474a-ada5-11ef-a4b0-e4a8dfc2a9a8,resid_build_sale_price,6,55,0.11789048463106155,0.10315108299255371,5864.0,0.11223046481609344,5,1
StandardGP,a3d4474a-ada5-11ef-a4b0-e4a8dfc2a9a8,resid_build_sale_price,6,56,0.08348021656274796,0.09408950805664062,5500.0,0.08377087116241455,5,1
StandardGP,a3d4474a-ada5-11ef-a4b0-e4a8dfc2a9a8,resid_build_sale_price,6,57,0.08348021656274796,0.07592654228210449,4222.0,0.08377087116241455,5,1
StandardGP,a3d4474a-ada5-11ef-a4b0-e4a8dfc2a9a8,resid_build_sale_price,6,58,0.08348021656274796,0.07340669631958008,4210.0,0.08377087116241455,5,1
StandardGP,a3d4474a-ada5-11ef-a4b0-e4a8dfc2a9a8,resid_build_sale_price,6,59,0.04251161217689514,0.07560348510742188,4262.0,0.0630776509642601,57,1
StandardGP,a3d4474a-ada5-11ef-a4b0-e4a8dfc2a9a8,resid_build_sale_price,6,60,0.04251161217689514,0.07259225845336914,4144.0,0.0630776509642601,57,1
StandardGP,a3d4474a-ada5-11ef-a4b0-e4a8dfc2a9a8,resid_build_sale_price,6,61,0.04251161217689514,0.06897616386413574,3860.0,0.0630776509642601,57,1
StandardGP,a3d4474a-ada5-11ef-a4b0-e4a8dfc2a9a8,resid_build_sale_price,6,62,0.04251161217689514,0.06401801109313965,3578.0,0.0630776509642601,57,1
StandardGP,a3d4474a-ada5-11ef-a4b0-e4a8dfc2a9a8,resid_build_sale_price,6,63,0.04251161217689514,0.0745382308959961,4090.0,0.0630776509642601,57,1
StandardGP,a3d4474a-ada5-11ef-a4b0-e4a8dfc2a9a8,resid_build_sale_price,6,64,0.04251161217689514,0.08018207550048828,4376.0,0.0630776509642601,57,1
StandardGP,a3d4474a-ada5-11ef-a4b0-e4a8dfc2a9a8,resid_build_sale_price,6,65,0.04251161217689514,0.08552670478820801,5138.0,0.0630776509642601,57,1
StandardGP,a3d4474a-ada5-11ef-a4b0-e4a8dfc2a9a8,resid_build_sale_price,6,66,0.04251161217689514,0.08000612258911133,4346.0,0.0630776509642601,57,1
StandardGP,a3d4474a-ada5-11ef-a4b0-e4a8dfc2a9a8,resid_build_sale_price,6,67,0.04251161217689514,0.07103586196899414,4000.0,0.0630776509642601,57,1
StandardGP,a3d4474a-ada5-11ef-a4b0-e4a8dfc2a9a8,resid_build_sale_price,6,68,0.04251161217689514,0.06891608238220215,4042.0,0.0630776509642601,57,1
StandardGP,a3d4474a-ada5-11ef-a4b0-e4a8dfc2a9a8,resid_build_sale_price,6,69,0.04251161217689514,0.07136940956115723,4016.0,0.0630776509642601,57,1
StandardGP,a3d4474a-ada5-11ef-a4b0-e4a8dfc2a9a8,resid_build_sale_price,6,70,0.04251161217689514,0.08978819847106934,5248.0,0.0630776509642601,57,1
StandardGP,a3d4474a-ada5-11ef-a4b0-e4a8dfc2a9a8,resid_build_sale_price,6,71,0.04251161217689514,0.11017036437988281,6062.0,0.0630776509642601,57,1
StandardGP,a3d4474a-ada5-11ef-a4b0-e4a8dfc2a9a8,resid_build_sale_price,6,72,0.04251161217689514,0.10259103775024414,5122.0,0.0630776509642601,57,1
StandardGP,a3d4474a-ada5-11ef-a4b0-e4a8dfc2a9a8,resid_build_sale_price,6,73,0.04251161217689514,0.09852242469787598,5526.0,0.0630776509642601,57,1
StandardGP,a3d4474a-ada5-11ef-a4b0-e4a8dfc2a9a8,resid_build_sale_price,6,74,0.04251161217689514,0.11643791198730469,5786.0,0.0630776509642601,57,1
StandardGP,a3d4474a-ada5-11ef-a4b0-e4a8dfc2a9a8,resid_build_sale_price,6,75,0.04251161217689514,0.10193753242492676,5694.0,0.0630776509642601,57,1
StandardGP,a3d4474a-ada5-11ef-a4b0-e4a8dfc2a9a8,resid_build_sale_price,6,76,0.04251161217689514,0.12389206886291504,6822.0,0.0630776509642601,57,1
StandardGP,a3d4474a-ada5-11ef-a4b0-e4a8dfc2a9a8,resid_build_sale_price,6,77,0.04251161217689514,0.1169581413269043,6072.0,0.0630776509642601,57,1
StandardGP,a3d4474a-ada5-11ef-a4b0-e4a8dfc2a9a8,resid_build_sale_price,6,78,0.04251161217689514,0.13814640045166016,7156.0,0.0630776509642601,57,1
StandardGP,a3d4474a-ada5-11ef-a4b0-e4a8dfc2a9a8,resid_build_sale_price,6,79,0.04251161217689514,0.1459507942199707,7780.0,0.0630776509642601,57,1
StandardGP,a3d4474a-ada5-11ef-a4b0-e4a8dfc2a9a8,resid_build_sale_price,6,80,0.04251161217689514,0.155076265335083,9022.0,0.0630776509642601,57,1
StandardGP,a3d4474a-ada5-11ef-a4b0-e4a8dfc2a9a8,resid_build_sale_price,6,81,0.04251161217689514,0.20136523246765137,10668.0,0.0630776509642601,57,1
StandardGP,a3d4474a-ada5-11ef-a4b0-e4a8dfc2a9a8,resid_build_sale_price,6,82,0.04251161217689514,0.17660284042358398,10148.0,0.0630776509642601,57,1
StandardGP,a3d4474a-ada5-11ef-a4b0-e4a8dfc2a9a8,resid_build_sale_price,6,83,0.04251161217689514,0.1229860782623291,7588.0,0.0630776509642601,57,1
StandardGP,a3d4474a-ada5-11ef-a4b0-e4a8dfc2a9a8,resid_build_sale_price,6,84,0.04251161217689514,0.10907888412475586,6474.0,0.0630776509642601,57,1
StandardGP,a3d4474a-ada5-11ef-a4b0-e4a8dfc2a9a8,resid_build_sale_price,6,85,0.04251161217689514,0.11848735809326172,6996.0,0.0630776509642601,57,1
StandardGP,a3d4474a-ada5-11ef-a4b0-e4a8dfc2a9a8,resid_build_sale_price,6,86,0.04251161217689514,0.11141800880432129,6916.0,0.0630776509642601,57,1
StandardGP,a3d4474a-ada5-11ef-a4b0-e4a8dfc2a9a8,resid_build_sale_price,6,87,0.04251161217689514,0.09318304061889648,5616.0,0.0630776509642601,57,1
StandardGP,a3d4474a-ada5-11ef-a4b0-e4a8dfc2a9a8,resid_build_sale_price,6,88,0.04251161217689514,0.08579587936401367,5322.0,0.0630776509642601,57,1
StandardGP,a3d4474a-ada5-11ef-a4b0-e4a8dfc2a9a8,resid_build_sale_price,6,89,0.04251161217689514,0.08924412727355957,5410.0,0.0630776509642601,57,1
StandardGP,a3d4474a-ada5-11ef-a4b0-e4a8dfc2a9a8,resid_build_sale_price,6,90,0.04251161217689514,0.09969019889831543,6288.0,0.0630776509642601,57,1
StandardGP,a3d4474a-ada5-11ef-a4b0-e4a8dfc2a9a8,resid_build_sale_price,6,91,0.04251161217689514,0.09696221351623535,5896.0,0.0630776509642601,57,1
StandardGP,a3d4474a-ada5-11ef-a4b0-e4a8dfc2a9a8,resid_build_sale_price,6,92,0.04251161217689514,0.10350847244262695,6610.0,0.0630776509642601,57,1
StandardGP,a3d4474a-ada5-11ef-a4b0-e4a8dfc2a9a8,resid_build_sale_price,6,93,0.04251161217689514,0.10106921195983887,6010.0,0.0630776509642601,57,1
StandardGP,a3d4474a-ada5-11ef-a4b0-e4a8dfc2a9a8,resid_build_sale_price,6,94,0.04251161217689514,0.10954570770263672,6856.0,0.0630776509642601,57,1
StandardGP,a3d4474a-ada5-11ef-a4b0-e4a8dfc2a9a8,resid_build_sale_price,6,95,0.04251161217689514,0.15604853630065918,9242.0,0.0630776509642601,57,1
StandardGP,a3d4474a-ada5-11ef-a4b0-e4a8dfc2a9a8,resid_build_sale_price,6,96,0.04251161217689514,0.15454649925231934,9838.0,0.0630776509642601,57,1
StandardGP,a3d4474a-ada5-11ef-a4b0-e4a8dfc2a9a8,resid_build_sale_price,6,97,0.04251161217689514,0.1580500602722168,9896.0,0.0630776509642601,57,1
StandardGP,a3d4474a-ada5-11ef-a4b0-e4a8dfc2a9a8,resid_build_sale_price,6,98,0.04251161217689514,0.15804505348205566,10188.0,0.0630776509642601,57,1
StandardGP,a3d4474a-ada5-11ef-a4b0-e4a8dfc2a9a8,resid_build_sale_price,6,99,0.04251161217689514,0.16252660751342773,9562.0,0.0630776509642601,57,1
StandardGP,a3d4474a-ada5-11ef-a4b0-e4a8dfc2a9a8,resid_build_sale_price,6,100,0.04251161217689514,0.13605594635009766,8308.0,0.0630776509642601,57,1
StandardGP,234cfe66-ada6-11ef-9013-e4a8dfc2a9a8,resid_build_sale_price,6,0,137.11351013183594,0.04960441589355469,1348.0,149.34133911132812,3,1
StandardGP,234cfe66-ada6-11ef-9013-e4a8dfc2a9a8,resid_build_sale_price,6,1,48.8621826171875,0.028640270233154297,1058.0,62.76432418823242,3,1
StandardGP,234cfe66-ada6-11ef-9013-e4a8dfc2a9a8,resid_build_sale_price,6,2,45.54669189453125,0.02792072296142578,1044.0,60.8516960144043,3,1
StandardGP,234cfe66-ada6-11ef-9013-e4a8dfc2a9a8,resid_build_sale_price,6,3,45.54669189453125,0.03219175338745117,1234.0,60.8516960144043,3,1
StandardGP,234cfe66-ada6-11ef-9013-e4a8dfc2a9a8,resid_build_sale_price,6,4,45.54669189453125,0.03365135192871094,1458.0,60.8516960144043,3,1
StandardGP,234cfe66-ada6-11ef-9013-e4a8dfc2a9a8,resid_build_sale_price,6,5,45.54669189453125,0.033850908279418945,1488.0,60.8516960144043,3,1
StandardGP,234cfe66-ada6-11ef-9013-e4a8dfc2a9a8,resid_build_sale_price,6,6,45.54669189453125,0.029215097427368164,1370.0,60.8516960144043,3,1
StandardGP,234cfe66-ada6-11ef-9013-e4a8dfc2a9a8,resid_build_sale_price,6,7,45.54669189453125,0.0314030647277832,1498.0,60.8516960144043,3,1
StandardGP,234cfe66-ada6-11ef-9013-e4a8dfc2a9a8,resid_build_sale_price,6,8,45.54669189453125,0.030272722244262695,1494.0,60.8516960144043,3,1
StandardGP,234cfe66-ada6-11ef-9013-e4a8dfc2a9a8,resid_build_sale_price,6,9,45.54669189453125,0.030065536499023438,1414.0,60.8516960144043,3,1
StandardGP,234cfe66-ada6-11ef-9013-e4a8dfc2a9a8,resid_build_sale_price,6,10,45.54669189453125,0.031638145446777344,1464.0,60.8516960144043,3,1
StandardGP,234cfe66-ada6-11ef-9013-e4a8dfc2a9a8,resid_build_sale_price,6,11,45.54669189453125,0.030041217803955078,1424.0,60.8516960144043,3,1
StandardGP,234cfe66-ada6-11ef-9013-e4a8dfc2a9a8,resid_build_sale_price,6,12,45.54669189453125,0.028565168380737305,1340.0,60.8516960144043,3,1
StandardGP,234cfe66-ada6-11ef-9013-e4a8dfc2a9a8,resid_build_sale_price,6,13,45.54669189453125,0.03108668327331543,1388.0,60.8516960144043,3,1
StandardGP,234cfe66-ada6-11ef-9013-e4a8dfc2a9a8,resid_build_sale_price,6,14,45.54669189453125,0.029228925704956055,1438.0,60.8516960144043,3,1
StandardGP,234cfe66-ada6-11ef-9013-e4a8dfc2a9a8,resid_build_sale_price,6,15,45.54669189453125,0.03227829933166504,1680.0,60.8516960144043,3,1
StandardGP,234cfe66-ada6-11ef-9013-e4a8dfc2a9a8,resid_build_sale_price,6,16,45.54669189453125,0.032811641693115234,1734.0,60.8516960144043,3,1
StandardGP,234cfe66-ada6-11ef-9013-e4a8dfc2a9a8,resid_build_sale_price,6,17,45.54669189453125,0.03223395347595215,1674.0,60.8516960144043,3,1
StandardGP,234cfe66-ada6-11ef-9013-e4a8dfc2a9a8,resid_build_sale_price,6,18,45.54669189453125,0.031738996505737305,1558.0,60.8516960144043,3,1
StandardGP,234cfe66-ada6-11ef-9013-e4a8dfc2a9a8,resid_build_sale_price,6,19,45.54669189453125,0.03155827522277832,1646.0,60.8516960144043,3,1
StandardGP,234cfe66-ada6-11ef-9013-e4a8dfc2a9a8,resid_build_sale_price,6,20,45.54669189453125,0.03195595741271973,1628.0,60.8516960144043,3,1
StandardGP,234cfe66-ada6-11ef-9013-e4a8dfc2a9a8,resid_build_sale_price,6,21,45.54669189453125,0.032929182052612305,1720.0,60.8516960144043,3,1
StandardGP,234cfe66-ada6-11ef-9013-e4a8dfc2a9a8,resid_build_sale_price,6,22,45.54669189453125,0.032981157302856445,1858.0,60.8516960144043,3,1
StandardGP,234cfe66-ada6-11ef-9013-e4a8dfc2a9a8,resid_build_sale_price,6,23,45.54669189453125,0.033411502838134766,1578.0,60.8516960144043,3,1
StandardGP,234cfe66-ada6-11ef-9013-e4a8dfc2a9a8,resid_build_sale_price,6,24,45.54669189453125,0.03536033630371094,1796.0,60.8516960144043,3,1
StandardGP,234cfe66-ada6-11ef-9013-e4a8dfc2a9a8,resid_build_sale_price,6,25,45.54669189453125,0.034044504165649414,1840.0,60.8516960144043,3,1
StandardGP,234cfe66-ada6-11ef-9013-e4a8dfc2a9a8,resid_build_sale_price,6,26,45.54669189453125,0.03366255760192871,1616.0,60.8516960144043,3,1
StandardGP,234cfe66-ada6-11ef-9013-e4a8dfc2a9a8,resid_build_sale_price,6,27,45.54669189453125,0.03732633590698242,1846.0,60.8516960144043,3,1
StandardGP,234cfe66-ada6-11ef-9013-e4a8dfc2a9a8,resid_build_sale_price,6,28,45.54669189453125,0.040560007095336914,2236.0,60.8516960144043,3,1
StandardGP,234cfe66-ada6-11ef-9013-e4a8dfc2a9a8,resid_build_sale_price,6,29,45.54669189453125,0.04188275337219238,2186.0,60.8516960144043,3,1
StandardGP,234cfe66-ada6-11ef-9013-e4a8dfc2a9a8,resid_build_sale_price,6,30,45.54669189453125,0.0415949821472168,2204.0,60.8516960144043,3,1
StandardGP,234cfe66-ada6-11ef-9013-e4a8dfc2a9a8,resid_build_sale_price,6,31,45.54669189453125,0.04366159439086914,2266.0,60.8516960144043,3,1
StandardGP,234cfe66-ada6-11ef-9013-e4a8dfc2a9a8,resid_build_sale_price,6,32,45.54669189453125,0.04784727096557617,2524.0,60.8516960144043,3,1
StandardGP,234cfe66-ada6-11ef-9013-e4a8dfc2a9a8,resid_build_sale_price,6,33,45.54669189453125,0.0481412410736084,2580.0,60.8516960144043,3,1
StandardGP,234cfe66-ada6-11ef-9013-e4a8dfc2a9a8,resid_build_sale_price,6,34,45.54669189453125,0.042977333068847656,2218.0,60.8516960144043,3,1
StandardGP,234cfe66-ada6-11ef-9013-e4a8dfc2a9a8,resid_build_sale_price,6,35,45.54669189453125,0.04134678840637207,2184.0,60.8516960144043,3,1
StandardGP,234cfe66-ada6-11ef-9013-e4a8dfc2a9a8,resid_build_sale_price,6,36,45.54669189453125,0.05012989044189453,2532.0,60.8516960144043,3,1
StandardGP,234cfe66-ada6-11ef-9013-e4a8dfc2a9a8,resid_build_sale_price,6,37,45.54669189453125,0.055440425872802734,2760.0,60.8516960144043,3,1
StandardGP,234cfe66-ada6-11ef-9013-e4a8dfc2a9a8,resid_build_sale_price,6,38,45.54669189453125,0.05630779266357422,3022.0,60.8516960144043,3,1
StandardGP,234cfe66-ada6-11ef-9013-e4a8dfc2a9a8,resid_build_sale_price,6,39,45.54669189453125,0.05841875076293945,3048.0,60.8516960144043,3,1
StandardGP,234cfe66-ada6-11ef-9013-e4a8dfc2a9a8,resid_build_sale_price,6,40,45.54669189453125,0.05723977088928223,3098.0,60.8516960144043,3,1
StandardGP,234cfe66-ada6-11ef-9013-e4a8dfc2a9a8,resid_build_sale_price,6,41,45.54669189453125,0.0593414306640625,2992.0,60.8516960144043,3,1
StandardGP,234cfe66-ada6-11ef-9013-e4a8dfc2a9a8,resid_build_sale_price,6,42,45.54669189453125,0.05377984046936035,2966.0,60.8516960144043,3,1
StandardGP,234cfe66-ada6-11ef-9013-e4a8dfc2a9a8,resid_build_sale_price,6,43,45.54669189453125,0.06693434715270996,3742.0,60.8516960144043,3,1
StandardGP,234cfe66-ada6-11ef-9013-e4a8dfc2a9a8,resid_build_sale_price,6,44,45.54669189453125,0.07439684867858887,4130.0,60.8516960144043,3,1
StandardGP,234cfe66-ada6-11ef-9013-e4a8dfc2a9a8,resid_build_sale_price,6,45,45.54669189453125,0.08093762397766113,4294.0,60.8516960144043,3,1
StandardGP,234cfe66-ada6-11ef-9013-e4a8dfc2a9a8,resid_build_sale_price,6,46,45.54669189453125,0.07556295394897461,4234.0,60.8516960144043,3,1
StandardGP,234cfe66-ada6-11ef-9013-e4a8dfc2a9a8,resid_build_sale_price,6,47,45.54669189453125,0.06425142288208008,3524.0,60.8516960144043,3,1
StandardGP,234cfe66-ada6-11ef-9013-e4a8dfc2a9a8,resid_build_sale_price,6,48,45.54669189453125,0.06723165512084961,3626.0,60.8516960144043,3,1
StandardGP,234cfe66-ada6-11ef-9013-e4a8dfc2a9a8,resid_build_sale_price,6,49,45.54669189453125,0.06720089912414551,3372.0,60.8516960144043,3,1
StandardGP,234cfe66-ada6-11ef-9013-e4a8dfc2a9a8,resid_build_sale_price,6,50,45.54669189453125,0.055197954177856445,3056.0,60.8516960144043,3,1
StandardGP,234cfe66-ada6-11ef-9013-e4a8dfc2a9a8,resid_build_sale_price,6,51,45.54669189453125,0.058371782302856445,3296.0,60.8516960144043,3,1
StandardGP,234cfe66-ada6-11ef-9013-e4a8dfc2a9a8,resid_build_sale_price,6,52,45.54669189453125,0.07474327087402344,4236.0,60.8516960144043,3,1
StandardGP,234cfe66-ada6-11ef-9013-e4a8dfc2a9a8,resid_build_sale_price,6,53,45.54669189453125,0.07379579544067383,4016.0,60.8516960144043,3,1
StandardGP,234cfe66-ada6-11ef-9013-e4a8dfc2a9a8,resid_build_sale_price,6,54,45.54669189453125,0.07744932174682617,4316.0,60.8516960144043,3,1
StandardGP,234cfe66-ada6-11ef-9013-e4a8dfc2a9a8,resid_build_sale_price,6,55,45.54669189453125,0.07428741455078125,4326.0,60.8516960144043,3,1
StandardGP,234cfe66-ada6-11ef-9013-e4a8dfc2a9a8,resid_build_sale_price,6,56,45.11653137207031,0.0802607536315918,4366.0,61.903358459472656,5,1
StandardGP,234cfe66-ada6-11ef-9013-e4a8dfc2a9a8,resid_build_sale_price,6,57,44.90093231201172,0.07561945915222168,4142.0,60.80725860595703,5,1
StandardGP,234cfe66-ada6-11ef-9013-e4a8dfc2a9a8,resid_build_sale_price,6,58,44.90093231201172,0.07122635841369629,3802.0,60.80725860595703,5,1
StandardGP,234cfe66-ada6-11ef-9013-e4a8dfc2a9a8,resid_build_sale_price,6,59,44.90093231201172,0.0904686450958252,4658.0,60.80725860595703,5,1
StandardGP,234cfe66-ada6-11ef-9013-e4a8dfc2a9a8,resid_build_sale_price,6,60,44.90093231201172,0.09760880470275879,5040.0,60.80725860595703,5,1
StandardGP,234cfe66-ada6-11ef-9013-e4a8dfc2a9a8,resid_build_sale_price,6,61,44.6094856262207,0.08821892738342285,4828.0,60.444969177246094,7,1
StandardGP,234cfe66-ada6-11ef-9013-e4a8dfc2a9a8,resid_build_sale_price,6,62,44.6094856262207,0.07722735404968262,4156.0,60.444969177246094,7,1
StandardGP,234cfe66-ada6-11ef-9013-e4a8dfc2a9a8,resid_build_sale_price,6,63,44.6094856262207,0.0786445140838623,4392.0,60.444969177246094,7,1
StandardGP,234cfe66-ada6-11ef-9013-e4a8dfc2a9a8,resid_build_sale_price,6,64,44.6094856262207,0.08878302574157715,4680.0,60.444969177246094,7,1
StandardGP,234cfe66-ada6-11ef-9013-e4a8dfc2a9a8,resid_build_sale_price,6,65,43.873714447021484,0.09247446060180664,5054.0,60.26076889038086,7,1
StandardGP,234cfe66-ada6-11ef-9013-e4a8dfc2a9a8,resid_build_sale_price,6,66,43.873714447021484,0.10407018661499023,5052.0,60.26076889038086,7,1
StandardGP,234cfe66-ada6-11ef-9013-e4a8dfc2a9a8,resid_build_sale_price,6,67,43.873714447021484,0.08431506156921387,4538.0,60.26076889038086,7,1
StandardGP,234cfe66-ada6-11ef-9013-e4a8dfc2a9a8,resid_build_sale_price,6,68,43.873714447021484,0.07842183113098145,4220.0,60.26076889038086,7,1
StandardGP,234cfe66-ada6-11ef-9013-e4a8dfc2a9a8,resid_build_sale_price,6,69,43.873714447021484,0.0870203971862793,4342.0,60.26076889038086,7,1
StandardGP,234cfe66-ada6-11ef-9013-e4a8dfc2a9a8,resid_build_sale_price,6,70,43.873714447021484,0.0930948257446289,4852.0,60.26076889038086,7,1
StandardGP,234cfe66-ada6-11ef-9013-e4a8dfc2a9a8,resid_build_sale_price,6,71,43.873714447021484,0.09198594093322754,5322.0,60.26076889038086,7,1
StandardGP,234cfe66-ada6-11ef-9013-e4a8dfc2a9a8,resid_build_sale_price,6,72,43.873714447021484,0.09672141075134277,5642.0,60.26076889038086,7,1
StandardGP,234cfe66-ada6-11ef-9013-e4a8dfc2a9a8,resid_build_sale_price,6,73,43.873714447021484,0.09861135482788086,5664.0,60.26076889038086,7,1
StandardGP,234cfe66-ada6-11ef-9013-e4a8dfc2a9a8,resid_build_sale_price,6,74,43.873714447021484,0.10100984573364258,5890.0,60.26076889038086,7,1
StandardGP,234cfe66-ada6-11ef-9013-e4a8dfc2a9a8,resid_build_sale_price,6,75,43.873714447021484,0.10658979415893555,6056.0,60.26076889038086,7,1
StandardGP,234cfe66-ada6-11ef-9013-e4a8dfc2a9a8,resid_build_sale_price,6,76,43.873714447021484,0.10940289497375488,5774.0,60.26076889038086,7,1
StandardGP,234cfe66-ada6-11ef-9013-e4a8dfc2a9a8,resid_build_sale_price,6,77,43.873714447021484,0.10798025131225586,6072.0,60.26076889038086,7,1
StandardGP,234cfe66-ada6-11ef-9013-e4a8dfc2a9a8,resid_build_sale_price,6,78,43.873714447021484,0.11950039863586426,6508.0,60.26076889038086,7,1
StandardGP,234cfe66-ada6-11ef-9013-e4a8dfc2a9a8,resid_build_sale_price,6,79,43.873714447021484,0.15529537200927734,8742.0,60.26076889038086,7,1
StandardGP,234cfe66-ada6-11ef-9013-e4a8dfc2a9a8,resid_build_sale_price,6,80,43.873714447021484,0.15797662734985352,9062.0,60.26076889038086,7,1
StandardGP,234cfe66-ada6-11ef-9013-e4a8dfc2a9a8,resid_build_sale_price,6,81,43.873714447021484,0.16158509254455566,9408.0,60.26076889038086,7,1
StandardGP,234cfe66-ada6-11ef-9013-e4a8dfc2a9a8,resid_build_sale_price,6,82,43.873714447021484,0.18347597122192383,10192.0,60.26076889038086,7,1
StandardGP,234cfe66-ada6-11ef-9013-e4a8dfc2a9a8,resid_build_sale_price,6,83,43.873714447021484,0.13436102867126465,7826.0,60.26076889038086,7,1
StandardGP,234cfe66-ada6-11ef-9013-e4a8dfc2a9a8,resid_build_sale_price,6,84,43.873714447021484,0.14088845252990723,8128.0,60.26076889038086,7,1
StandardGP,234cfe66-ada6-11ef-9013-e4a8dfc2a9a8,resid_build_sale_price,6,85,43.873714447021484,0.13586878776550293,7740.0,60.26076889038086,7,1
StandardGP,234cfe66-ada6-11ef-9013-e4a8dfc2a9a8,resid_build_sale_price,6,86,43.873714447021484,0.15065336227416992,8894.0,60.26076889038086,7,1
StandardGP,234cfe66-ada6-11ef-9013-e4a8dfc2a9a8,resid_build_sale_price,6,87,43.873714447021484,0.17502140998840332,10412.0,60.26076889038086,7,1
StandardGP,234cfe66-ada6-11ef-9013-e4a8dfc2a9a8,resid_build_sale_price,6,88,43.873714447021484,0.16171550750732422,9356.0,60.26076889038086,7,1
StandardGP,234cfe66-ada6-11ef-9013-e4a8dfc2a9a8,resid_build_sale_price,6,89,43.873714447021484,0.15641117095947266,9182.0,60.26076889038086,7,1
StandardGP,234cfe66-ada6-11ef-9013-e4a8dfc2a9a8,resid_build_sale_price,6,90,43.873714447021484,0.15299010276794434,8698.0,60.26076889038086,7,1
StandardGP,234cfe66-ada6-11ef-9013-e4a8dfc2a9a8,resid_build_sale_price,6,91,43.873714447021484,0.17708539962768555,9958.0,60.26076889038086,7,1
StandardGP,234cfe66-ada6-11ef-9013-e4a8dfc2a9a8,resid_build_sale_price,6,92,43.873714447021484,0.14228105545043945,7870.0,60.26076889038086,7,1
StandardGP,234cfe66-ada6-11ef-9013-e4a8dfc2a9a8,resid_build_sale_price,6,93,43.873714447021484,0.12963604927062988,7684.0,60.26076889038086,7,1
StandardGP,234cfe66-ada6-11ef-9013-e4a8dfc2a9a8,resid_build_sale_price,6,94,43.873714447021484,0.12189435958862305,7424.0,60.26076889038086,7,1
StandardGP,234cfe66-ada6-11ef-9013-e4a8dfc2a9a8,resid_build_sale_price,6,95,43.873714447021484,0.11488199234008789,6706.0,60.26076889038086,7,1
StandardGP,234cfe66-ada6-11ef-9013-e4a8dfc2a9a8,resid_build_sale_price,6,96,43.873714447021484,0.11986565589904785,6888.0,60.26076889038086,7,1
StandardGP,234cfe66-ada6-11ef-9013-e4a8dfc2a9a8,resid_build_sale_price,6,97,43.873714447021484,0.13371872901916504,7662.0,60.26076889038086,7,1
StandardGP,234cfe66-ada6-11ef-9013-e4a8dfc2a9a8,resid_build_sale_price,6,98,43.873714447021484,0.12621784210205078,7282.0,60.26076889038086,7,1
StandardGP,234cfe66-ada6-11ef-9013-e4a8dfc2a9a8,resid_build_sale_price,6,99,43.873714447021484,0.15184569358825684,9036.0,60.26076889038086,7,1
StandardGP,234cfe66-ada6-11ef-9013-e4a8dfc2a9a8,resid_build_sale_price,6,100,43.873714447021484,0.1737215518951416,10446.0,60.26076889038086,7,1
