StandardGSGP,265e02d2-ace3-11ef-bb44-8863df8a28b9,resid_build_sale_price,19,0,0.15098577737808228,0.13789129257202148,2126.0,0.13034853339195251,5,1
StandardGSGP,265e02d2-ace3-11ef-bb44-8863df8a28b9,resid_build_sale_price,19,1,0.13623353838920593,0.0750434398651123,1410.0,0.10723239928483963,11,1
StandardGSGP,265e02d2-ace3-11ef-bb44-8863df8a28b9,resid_build_sale_price,19,2,0.13623353838920593,0.06987977027893066,1548.0,0.10723239928483963,11,1
StandardGSGP,265e02d2-ace3-11ef-bb44-8863df8a28b9,resid_build_sale_price,19,3,0.13623353838920593,0.08763837814331055,2172.0,0.10723239928483963,11,1
StandardGSGP,265e02d2-ace3-11ef-bb44-8863df8a28b9,resid_build_sale_price,19,4,0.13271979987621307,0.07578039169311523,2764.0,0.10853426158428192,29,1
StandardGSGP,265e02d2-ace3-11ef-bb44-8863df8a28b9,resid_build_sale_price,19,5,0.13059715926647186,0.07102060317993164,3252.0,0.10173748433589935,35,1
StandardGSGP,265e02d2-ace3-11ef-bb44-8863df8a28b9,resid_build_sale_price,19,6,0.12305884808301926,0.07747197151184082,3770.0,0.0961773470044136,35,1
StandardGSGP,265e02d2-ace3-11ef-bb44-8863df8a28b9,resid_build_sale_price,19,7,0.12091246247291565,0.08097982406616211,4310.0,0.09436766058206558,47,1
StandardGSGP,265e02d2-ace3-11ef-bb44-8863df8a28b9,resid_build_sale_price,19,8,0.10673020035028458,0.07603716850280762,4988.0,0.08722437918186188,53,1
StandardGSGP,265e02d2-ace3-11ef-bb44-8863df8a28b9,resid_build_sale_price,19,9,0.1064591035246849,0.0666205883026123,5620.0,0.08735518157482147,61,1
StandardGSGP,265e02d2-ace3-11ef-bb44-8863df8a28b9,resid_build_sale_price,19,10,0.10277333110570908,0.06657195091247559,6166.0,0.08539441972970963,61,1
StandardGSGP,265e02d2-ace3-11ef-bb44-8863df8a28b9,resid_build_sale_price,19,11,0.10276410728693008,0.07290077209472656,6776.0,0.08762193471193314,71,1
StandardGSGP,265e02d2-ace3-11ef-bb44-8863df8a28b9,resid_build_sale_price,19,12,0.10276410728693008,0.07811594009399414,7420.0,0.08762193471193314,71,1
StandardGSGP,265e02d2-ace3-11ef-bb44-8863df8a28b9,resid_build_sale_price,19,13,0.1016562208533287,0.07631301879882812,8068.0,0.08369984477758408,85,1
StandardGSGP,265e02d2-ace3-11ef-bb44-8863df8a28b9,resid_build_sale_price,19,14,0.1016562208533287,0.0718073844909668,8772.0,0.08369984477758408,85,1
StandardGSGP,265e02d2-ace3-11ef-bb44-8863df8a28b9,resid_build_sale_price,19,15,0.09823661297559738,0.07380461692810059,9324.0,0.07890623062849045,97,1
StandardGSGP,265e02d2-ace3-11ef-bb44-8863df8a28b9,resid_build_sale_price,19,16,0.09823661297559738,0.07380127906799316,9950.0,0.07890623062849045,97,1
StandardGSGP,265e02d2-ace3-11ef-bb44-8863df8a28b9,resid_build_sale_price,19,17,0.09699361026287079,0.07779431343078613,10438.0,0.08190780878067017,95,1
StandardGSGP,265e02d2-ace3-11ef-bb44-8863df8a28b9,resid_build_sale_price,19,18,0.09699361026287079,0.07280635833740234,10918.0,0.08190780878067017,95,1
StandardGSGP,265e02d2-ace3-11ef-bb44-8863df8a28b9,resid_build_sale_price,19,19,0.0952584519982338,0.07579445838928223,11336.0,0.07751575857400894,101,1
StandardGSGP,265e02d2-ace3-11ef-bb44-8863df8a28b9,resid_build_sale_price,19,20,0.09131426364183426,0.07180666923522949,11718.0,0.08415880799293518,121,1
StandardGSGP,265e02d2-ace3-11ef-bb44-8863df8a28b9,resid_build_sale_price,19,21,0.09131426364183426,0.07978677749633789,12142.0,0.08415880799293518,121,1
StandardGSGP,265e02d2-ace3-11ef-bb44-8863df8a28b9,resid_build_sale_price,19,22,0.08852171897888184,0.07878923416137695,12538.0,0.08028048276901245,129,1
StandardGSGP,265e02d2-ace3-11ef-bb44-8863df8a28b9,resid_build_sale_price,19,23,0.08852171897888184,0.07081127166748047,13220.0,0.08028048276901245,129,1
StandardGSGP,265e02d2-ace3-11ef-bb44-8863df8a28b9,resid_build_sale_price,19,24,0.08190310746431351,0.07380485534667969,13910.0,0.0813288763165474,139,1
StandardGSGP,265e02d2-ace3-11ef-bb44-8863df8a28b9,resid_build_sale_price,19,25,0.08031976968050003,0.07878804206848145,14568.0,0.07886702567338943,145,1
StandardGSGP,265e02d2-ace3-11ef-bb44-8863df8a28b9,resid_build_sale_price,19,26,0.0796012282371521,0.07580161094665527,15040.0,0.07147858291864395,145,1
StandardGSGP,265e02d2-ace3-11ef-bb44-8863df8a28b9,resid_build_sale_price,19,27,0.07807635515928268,0.07280492782592773,15468.0,0.07319211214780807,151,1
StandardGSGP,265e02d2-ace3-11ef-bb44-8863df8a28b9,resid_build_sale_price,19,28,0.07807635515928268,0.07180905342102051,15888.0,0.07319211214780807,151,1
StandardGSGP,265e02d2-ace3-11ef-bb44-8863df8a28b9,resid_build_sale_price,19,29,0.07807635515928268,0.07978653907775879,16454.0,0.07319211214780807,151,1
StandardGSGP,265e02d2-ace3-11ef-bb44-8863df8a28b9,resid_build_sale_price,19,30,0.07744377106428146,0.07479548454284668,17008.0,0.0761069655418396,175,1
StandardGSGP,265e02d2-ace3-11ef-bb44-8863df8a28b9,resid_build_sale_price,19,31,0.07744377106428146,0.07380366325378418,17474.0,0.0761069655418396,175,1
StandardGSGP,265e02d2-ace3-11ef-bb44-8863df8a28b9,resid_build_sale_price,19,32,0.07656252384185791,0.07280206680297852,18242.0,0.07517325133085251,189,1
StandardGSGP,265e02d2-ace3-11ef-bb44-8863df8a28b9,resid_build_sale_price,19,33,0.07656252384185791,0.07280373573303223,19002.0,0.07517325133085251,189,1
StandardGSGP,265e02d2-ace3-11ef-bb44-8863df8a28b9,resid_build_sale_price,19,34,0.07656252384185791,0.07878756523132324,19604.0,0.07517325133085251,189,1
StandardGSGP,265e02d2-ace3-11ef-bb44-8863df8a28b9,resid_build_sale_price,19,35,0.07656252384185791,0.07679319381713867,20012.0,0.07517325133085251,189,1
StandardGSGP,265e02d2-ace3-11ef-bb44-8863df8a28b9,resid_build_sale_price,19,36,0.07607106119394302,0.07080817222595215,20286.0,0.07720744609832764,195,1
StandardGSGP,265e02d2-ace3-11ef-bb44-8863df8a28b9,resid_build_sale_price,19,37,0.07607106119394302,0.07679224014282227,20762.0,0.07720744609832764,195,1
StandardGSGP,265e02d2-ace3-11ef-bb44-8863df8a28b9,resid_build_sale_price,19,38,0.07607106119394302,0.07579636573791504,21248.0,0.07720744609832764,195,1
StandardGSGP,265e02d2-ace3-11ef-bb44-8863df8a28b9,resid_build_sale_price,19,39,0.07607106119394302,0.0669865608215332,21668.0,0.07720744609832764,195,1
StandardGSGP,265e02d2-ace3-11ef-bb44-8863df8a28b9,resid_build_sale_price,19,40,0.07592939585447311,0.07261133193969727,22264.0,0.07639995217323303,201,1
StandardGSGP,265e02d2-ace3-11ef-bb44-8863df8a28b9,resid_build_sale_price,19,41,0.07592939585447311,0.07820940017700195,22388.0,0.07639995217323303,201,1
StandardGSGP,265e02d2-ace3-11ef-bb44-8863df8a28b9,resid_build_sale_price,19,42,0.07592939585447311,0.07935094833374023,22998.0,0.07639995217323303,201,1
StandardGSGP,265e02d2-ace3-11ef-bb44-8863df8a28b9,resid_build_sale_price,19,43,0.07552934437990189,0.07877731323242188,23430.0,0.07625039666891098,221,1
StandardGSGP,265e02d2-ace3-11ef-bb44-8863df8a28b9,resid_build_sale_price,19,44,0.07552934437990189,0.07271337509155273,23964.0,0.07625039666891098,221,1
StandardGSGP,265e02d2-ace3-11ef-bb44-8863df8a28b9,resid_build_sale_price,19,45,0.07552934437990189,0.07695460319519043,24522.0,0.07625039666891098,221,1
StandardGSGP,265e02d2-ace3-11ef-bb44-8863df8a28b9,resid_build_sale_price,19,46,0.07552934437990189,0.07362842559814453,24908.0,0.07625039666891098,221,1
StandardGSGP,265e02d2-ace3-11ef-bb44-8863df8a28b9,resid_build_sale_price,19,47,0.07552934437990189,0.07113957405090332,25068.0,0.07625039666891098,221,1
StandardGSGP,265e02d2-ace3-11ef-bb44-8863df8a28b9,resid_build_sale_price,19,48,0.07552934437990189,0.07336831092834473,25452.0,0.07625039666891098,221,1
StandardGSGP,265e02d2-ace3-11ef-bb44-8863df8a28b9,resid_build_sale_price,19,49,0.07552934437990189,0.07096123695373535,25484.0,0.07625039666891098,221,1
StandardGSGP,265e02d2-ace3-11ef-bb44-8863df8a28b9,resid_build_sale_price,19,50,0.07403085380792618,0.07277536392211914,25454.0,0.07308001071214676,227,1
StandardGSGP,265e02d2-ace3-11ef-bb44-8863df8a28b9,resid_build_sale_price,19,51,0.07403085380792618,0.07422256469726562,25284.0,0.07308001071214676,227,1
StandardGSGP,265e02d2-ace3-11ef-bb44-8863df8a28b9,resid_build_sale_price,19,52,0.07386768609285355,0.06915092468261719,25028.0,0.073233462870121,233,1
StandardGSGP,265e02d2-ace3-11ef-bb44-8863df8a28b9,resid_build_sale_price,19,53,0.07386768609285355,0.07880997657775879,25568.0,0.073233462870121,233,1
StandardGSGP,265e02d2-ace3-11ef-bb44-8863df8a28b9,resid_build_sale_price,19,54,0.07386768609285355,0.07652044296264648,25942.0,0.073233462870121,233,1
StandardGSGP,265e02d2-ace3-11ef-bb44-8863df8a28b9,resid_build_sale_price,19,55,0.07386768609285355,0.06714272499084473,26096.0,0.073233462870121,233,1
StandardGSGP,265e02d2-ace3-11ef-bb44-8863df8a28b9,resid_build_sale_price,19,56,0.07386768609285355,0.0731041431427002,26244.0,0.073233462870121,233,1
StandardGSGP,265e02d2-ace3-11ef-bb44-8863df8a28b9,resid_build_sale_price,19,57,0.07386768609285355,0.07226252555847168,26380.0,0.073233462870121,233,1
StandardGSGP,265e02d2-ace3-11ef-bb44-8863df8a28b9,resid_build_sale_price,19,58,0.07386768609285355,0.18233585357666016,26768.0,0.073233462870121,233,1
StandardGSGP,265e02d2-ace3-11ef-bb44-8863df8a28b9,resid_build_sale_price,19,59,0.0735708624124527,0.07190537452697754,27000.0,0.07332083582878113,239,1
StandardGSGP,265e02d2-ace3-11ef-bb44-8863df8a28b9,resid_build_sale_price,19,60,0.0735708624124527,0.08474874496459961,26654.0,0.07332083582878113,239,1
StandardGSGP,265e02d2-ace3-11ef-bb44-8863df8a28b9,resid_build_sale_price,19,61,0.0725165382027626,0.07880830764770508,26974.0,0.07371195405721664,245,1
StandardGSGP,265e02d2-ace3-11ef-bb44-8863df8a28b9,resid_build_sale_price,19,62,0.0725165382027626,0.08460330963134766,27004.0,0.07371195405721664,245,1
StandardGSGP,265e02d2-ace3-11ef-bb44-8863df8a28b9,resid_build_sale_price,19,63,0.0725165382027626,0.07663750648498535,27248.0,0.07371195405721664,245,1
StandardGSGP,265e02d2-ace3-11ef-bb44-8863df8a28b9,resid_build_sale_price,19,64,0.0725165382027626,0.07581210136413574,27434.0,0.07371195405721664,245,1
StandardGSGP,265e02d2-ace3-11ef-bb44-8863df8a28b9,resid_build_sale_price,19,65,0.06931105256080627,0.07280349731445312,27580.0,0.07059202343225479,251,1
StandardGSGP,265e02d2-ace3-11ef-bb44-8863df8a28b9,resid_build_sale_price,19,66,0.06931105256080627,0.12865519523620605,27756.0,0.07059202343225479,251,1
StandardGSGP,265e02d2-ace3-11ef-bb44-8863df8a28b9,resid_build_sale_price,19,67,0.0673968717455864,0.09075427055358887,27894.0,0.0692242830991745,257,1
StandardGSGP,265e02d2-ace3-11ef-bb44-8863df8a28b9,resid_build_sale_price,19,68,0.0673968717455864,0.07679510116577148,28250.0,0.0692242830991745,257,1
StandardGSGP,265e02d2-ace3-11ef-bb44-8863df8a28b9,resid_build_sale_price,19,69,0.0673968717455864,0.08377218246459961,28878.0,0.0692242830991745,257,1
StandardGSGP,265e02d2-ace3-11ef-bb44-8863df8a28b9,resid_build_sale_price,19,70,0.0673968717455864,0.08676695823669434,29120.0,0.0692242830991745,257,1
StandardGSGP,265e02d2-ace3-11ef-bb44-8863df8a28b9,resid_build_sale_price,19,71,0.0673968717455864,0.07180595397949219,29308.0,0.0692242830991745,257,1
StandardGSGP,265e02d2-ace3-11ef-bb44-8863df8a28b9,resid_build_sale_price,19,72,0.06584563106298447,0.07180905342102051,29318.0,0.07083024084568024,263,1
StandardGSGP,265e02d2-ace3-11ef-bb44-8863df8a28b9,resid_build_sale_price,19,73,0.06584563106298447,0.08078241348266602,29250.0,0.07083024084568024,263,1
StandardGSGP,265e02d2-ace3-11ef-bb44-8863df8a28b9,resid_build_sale_price,19,74,0.06584563106298447,0.07380127906799316,29032.0,0.07083024084568024,263,1
StandardGSGP,265e02d2-ace3-11ef-bb44-8863df8a28b9,resid_build_sale_price,19,75,0.06584563106298447,0.07379984855651855,29346.0,0.07083024084568024,263,1
StandardGSGP,265e02d2-ace3-11ef-bb44-8863df8a28b9,resid_build_sale_price,19,76,0.06584563106298447,0.07081151008605957,29634.0,0.07083024084568024,263,1
StandardGSGP,265e02d2-ace3-11ef-bb44-8863df8a28b9,resid_build_sale_price,19,77,0.06540524959564209,0.07480072975158691,29568.0,0.06949550658464432,277,1
StandardGSGP,265e02d2-ace3-11ef-bb44-8863df8a28b9,resid_build_sale_price,19,78,0.06540524959564209,0.07081174850463867,29820.0,0.06949550658464432,277,1
StandardGSGP,265e02d2-ace3-11ef-bb44-8863df8a28b9,resid_build_sale_price,19,79,0.06540524959564209,0.07180929183959961,30210.0,0.06949550658464432,277,1
StandardGSGP,265e02d2-ace3-11ef-bb44-8863df8a28b9,resid_build_sale_price,19,80,0.06540524959564209,0.0718085765838623,30676.0,0.06949550658464432,277,1
StandardGSGP,265e02d2-ace3-11ef-bb44-8863df8a28b9,resid_build_sale_price,19,81,0.06540524959564209,0.07779216766357422,31026.0,0.06949550658464432,277,1
StandardGSGP,265e02d2-ace3-11ef-bb44-8863df8a28b9,resid_build_sale_price,19,82,0.06540524959564209,0.07679581642150879,31350.0,0.06949550658464432,277,1
StandardGSGP,265e02d2-ace3-11ef-bb44-8863df8a28b9,resid_build_sale_price,19,83,0.06540524959564209,0.074798583984375,31076.0,0.06949550658464432,277,1
StandardGSGP,265e02d2-ace3-11ef-bb44-8863df8a28b9,resid_build_sale_price,19,84,0.06540524959564209,0.07779192924499512,31284.0,0.06949550658464432,277,1
StandardGSGP,265e02d2-ace3-11ef-bb44-8863df8a28b9,resid_build_sale_price,19,85,0.06540524959564209,0.07579660415649414,31362.0,0.06949550658464432,277,1
StandardGSGP,265e02d2-ace3-11ef-bb44-8863df8a28b9,resid_build_sale_price,19,86,0.06540524959564209,0.07778692245483398,31792.0,0.06949550658464432,277,1
StandardGSGP,265e02d2-ace3-11ef-bb44-8863df8a28b9,resid_build_sale_price,19,87,0.06540524959564209,0.07380366325378418,31922.0,0.06949550658464432,277,1
StandardGSGP,265e02d2-ace3-11ef-bb44-8863df8a28b9,resid_build_sale_price,19,88,0.06540524959564209,0.07081151008605957,32066.0,0.06949550658464432,277,1
StandardGSGP,265e02d2-ace3-11ef-bb44-8863df8a28b9,resid_build_sale_price,19,89,0.06540524959564209,0.07390832901000977,32570.0,0.06949550658464432,277,1
StandardGSGP,265e02d2-ace3-11ef-bb44-8863df8a28b9,resid_build_sale_price,19,90,0.06309882551431656,0.07180905342102051,32924.0,0.069849893450737,341,1
StandardGSGP,265e02d2-ace3-11ef-bb44-8863df8a28b9,resid_build_sale_price,19,91,0.06309882551431656,0.07080984115600586,33462.0,0.069849893450737,341,1
StandardGSGP,265e02d2-ace3-11ef-bb44-8863df8a28b9,resid_build_sale_price,19,92,0.06309882551431656,0.07080841064453125,34314.0,0.069849893450737,341,1
StandardGSGP,265e02d2-ace3-11ef-bb44-8863df8a28b9,resid_build_sale_price,19,93,0.06253184378147125,0.07280445098876953,34890.0,0.0704343393445015,347,1
StandardGSGP,265e02d2-ace3-11ef-bb44-8863df8a28b9,resid_build_sale_price,19,94,0.06253184378147125,0.07181048393249512,35256.0,0.0704343393445015,347,1
StandardGSGP,265e02d2-ace3-11ef-bb44-8863df8a28b9,resid_build_sale_price,19,95,0.06253184378147125,0.07280588150024414,35922.0,0.0704343393445015,347,1
StandardGSGP,265e02d2-ace3-11ef-bb44-8863df8a28b9,resid_build_sale_price,19,96,0.06253184378147125,0.07280707359313965,36324.0,0.0704343393445015,347,1
StandardGSGP,265e02d2-ace3-11ef-bb44-8863df8a28b9,resid_build_sale_price,19,97,0.06253184378147125,0.07679343223571777,37082.0,0.0704343393445015,347,1
StandardGSGP,265e02d2-ace3-11ef-bb44-8863df8a28b9,resid_build_sale_price,19,98,0.06253184378147125,0.0718080997467041,37428.0,0.0704343393445015,347,1
StandardGSGP,265e02d2-ace3-11ef-bb44-8863df8a28b9,resid_build_sale_price,19,99,0.06253184378147125,0.07380437850952148,37896.0,0.0704343393445015,347,1
StandardGSGP,265e02d2-ace3-11ef-bb44-8863df8a28b9,resid_build_sale_price,19,100,0.06253184378147125,0.07579684257507324,38412.0,0.0704343393445015,347,1
StandardGSGP,b559d400-ace3-11ef-8768-8863df8a28b9,resid_build_sale_price,19,0,185.75694274902344,0.22838783264160156,3660.0,142.5718994140625,3,1
StandardGSGP,b559d400-ace3-11ef-8768-8863df8a28b9,resid_build_sale_price,19,1,185.7554931640625,0.06881546974182129,3380.0,142.5718994140625,9,1
StandardGSGP,b559d400-ace3-11ef-8768-8863df8a28b9,resid_build_sale_price,19,2,185.63052368164062,0.06782126426696777,3150.0,142.4371795654297,15,1
StandardGSGP,b559d400-ace3-11ef-8768-8863df8a28b9,resid_build_sale_price,19,3,105.71498107910156,0.06981182098388672,3968.0,72.39046478271484,53,1
StandardGSGP,b559d400-ace3-11ef-8768-8863df8a28b9,resid_build_sale_price,19,4,105.71498107910156,0.07380080223083496,4182.0,72.39046478271484,53,1
StandardGSGP,b559d400-ace3-11ef-8768-8863df8a28b9,resid_build_sale_price,19,5,105.70215606689453,0.07579779624938965,4768.0,72.51117706298828,65,1
StandardGSGP,b559d400-ace3-11ef-8768-8863df8a28b9,resid_build_sale_price,19,6,105.68988800048828,0.06881499290466309,6454.0,72.69125366210938,71,1
StandardGSGP,b559d400-ace3-11ef-8768-8863df8a28b9,resid_build_sale_price,19,7,105.68770599365234,0.07380175590515137,9116.0,72.44200134277344,71,1
StandardGSGP,b559d400-ace3-11ef-8768-8863df8a28b9,resid_build_sale_price,19,8,105.6700439453125,0.0718076229095459,10638.0,72.50640106201172,87,1
StandardGSGP,b559d400-ace3-11ef-8768-8863df8a28b9,resid_build_sale_price,19,9,105.5395736694336,0.06981706619262695,12292.0,72.27275085449219,171,1
StandardGSGP,b559d400-ace3-11ef-8768-8863df8a28b9,resid_build_sale_price,19,10,105.53778076171875,0.06881475448608398,13152.0,72.29109954833984,177,1
StandardGSGP,b559d400-ace3-11ef-8768-8863df8a28b9,resid_build_sale_price,19,11,105.52623748779297,0.07180666923522949,14982.0,72.44336700439453,185,1
StandardGSGP,b559d400-ace3-11ef-8768-8863df8a28b9,resid_build_sale_price,19,12,105.52571868896484,0.06881380081176758,19416.0,72.45236206054688,191,1
StandardGSGP,b559d400-ace3-11ef-8768-8863df8a28b9,resid_build_sale_price,19,13,105.50889587402344,0.06881213188171387,23780.0,72.20027160644531,195,1
StandardGSGP,b559d400-ace3-11ef-8768-8863df8a28b9,resid_build_sale_price,19,14,105.48783874511719,0.06769371032714844,25848.0,72.20510864257812,397,1
StandardGSGP,b559d400-ace3-11ef-8768-8863df8a28b9,resid_build_sale_price,19,15,105.48783874511719,0.07360076904296875,30204.0,72.20510864257812,397,1
StandardGSGP,b559d400-ace3-11ef-8768-8863df8a28b9,resid_build_sale_price,19,16,105.39959716796875,0.06433963775634766,39978.0,72.45565032958984,887,1
StandardGSGP,b559d400-ace3-11ef-8768-8863df8a28b9,resid_build_sale_price,19,17,105.39865112304688,0.06665372848510742,51078.0,72.44710540771484,893,1
StandardGSGP,b559d400-ace3-11ef-8768-8863df8a28b9,resid_build_sale_price,19,18,105.3858642578125,0.07269406318664551,62796.0,72.46553039550781,899,1
StandardGSGP,b559d400-ace3-11ef-8768-8863df8a28b9,resid_build_sale_price,19,19,105.35717010498047,0.07277750968933105,80348.0,72.25164031982422,905,1
StandardGSGP,b559d400-ace3-11ef-8768-8863df8a28b9,resid_build_sale_price,19,20,105.31806182861328,0.07449102401733398,109096.0,72.3071517944336,911,1
StandardGSGP,b559d400-ace3-11ef-8768-8863df8a28b9,resid_build_sale_price,19,21,105.3173599243164,0.06892156600952148,112548.0,72.3175048828125,917,1
StandardGSGP,b559d400-ace3-11ef-8768-8863df8a28b9,resid_build_sale_price,19,22,105.3173599243164,0.07234621047973633,116430.0,72.3175048828125,917,1
StandardGSGP,b559d400-ace3-11ef-8768-8863df8a28b9,resid_build_sale_price,19,23,105.31085205078125,0.06652307510375977,120210.0,72.44306945800781,923,1
StandardGSGP,b559d400-ace3-11ef-8768-8863df8a28b9,resid_build_sale_price,19,24,105.28794860839844,0.07883262634277344,128942.0,72.2735366821289,937,1
StandardGSGP,b559d400-ace3-11ef-8768-8863df8a28b9,resid_build_sale_price,19,25,105.23915100097656,0.06820487976074219,128630.0,72.26294708251953,1875,1
StandardGSGP,b559d400-ace3-11ef-8768-8863df8a28b9,resid_build_sale_price,19,26,105.23870849609375,0.06914544105529785,126986.0,72.29723358154297,1881,1
StandardGSGP,b559d400-ace3-11ef-8768-8863df8a28b9,resid_build_sale_price,19,27,105.22100067138672,0.0721595287322998,133458.0,72.31961059570312,1889,1
StandardGSGP,b559d400-ace3-11ef-8768-8863df8a28b9,resid_build_sale_price,19,28,105.22100067138672,0.0727543830871582,142974.0,72.31961059570312,1889,1
StandardGSGP,b559d400-ace3-11ef-8768-8863df8a28b9,resid_build_sale_price,19,29,105.19715881347656,0.07044577598571777,171572.0,72.443115234375,1901,1
StandardGSGP,b559d400-ace3-11ef-8768-8863df8a28b9,resid_build_sale_price,19,30,105.1657485961914,0.06492376327514648,203082.0,72.40437316894531,1905,1
StandardGSGP,b559d400-ace3-11ef-8768-8863df8a28b9,resid_build_sale_price,19,31,105.16381072998047,0.07225680351257324,226326.0,72.46665954589844,1911,1
StandardGSGP,b559d400-ace3-11ef-8768-8863df8a28b9,resid_build_sale_price,19,32,105.15026092529297,0.0691385269165039,239424.0,72.5478515625,1917,1
StandardGSGP,b559d400-ace3-11ef-8768-8863df8a28b9,resid_build_sale_price,19,33,105.1189956665039,0.06715750694274902,267096.0,72.12642669677734,1921,1
StandardGSGP,b559d400-ace3-11ef-8768-8863df8a28b9,resid_build_sale_price,19,34,105.11737060546875,0.07746481895446777,294556.0,72.15767669677734,1927,1
StandardGSGP,b559d400-ace3-11ef-8768-8863df8a28b9,resid_build_sale_price,19,35,105.09992218017578,0.07447433471679688,348920.0,72.02444458007812,1927,1
StandardGSGP,b559d400-ace3-11ef-8768-8863df8a28b9,resid_build_sale_price,19,36,105.00916290283203,0.06886672973632812,307434.0,72.32090759277344,3885,1
StandardGSGP,b559d400-ace3-11ef-8768-8863df8a28b9,resid_build_sale_price,19,37,105.00916290283203,0.07354140281677246,296700.0,72.32090759277344,3885,1
StandardGSGP,b559d400-ace3-11ef-8768-8863df8a28b9,resid_build_sale_price,19,38,105.00765991210938,0.07090425491333008,349494.0,72.33895111083984,3891,1
StandardGSGP,b559d400-ace3-11ef-8768-8863df8a28b9,resid_build_sale_price,19,39,104.98712921142578,0.06677865982055664,340706.0,72.54602813720703,3897,1
StandardGSGP,b559d400-ace3-11ef-8768-8863df8a28b9,resid_build_sale_price,19,40,104.98371124267578,0.06703424453735352,339984.0,72.75189971923828,3903,1
StandardGSGP,b559d400-ace3-11ef-8768-8863df8a28b9,resid_build_sale_price,19,41,104.97151947021484,0.06589865684509277,461590.0,72.48657989501953,3903,1
StandardGSGP,b559d400-ace3-11ef-8768-8863df8a28b9,resid_build_sale_price,19,42,104.96868133544922,0.07549190521240234,469822.0,72.58418273925781,3909,1
StandardGSGP,b559d400-ace3-11ef-8768-8863df8a28b9,resid_build_sale_price,19,43,104.95877075195312,0.06893754005432129,488034.0,72.6962661743164,3923,1
StandardGSGP,b559d400-ace3-11ef-8768-8863df8a28b9,resid_build_sale_price,19,44,104.9321517944336,0.07273435592651367,469250.0,72.63491821289062,7841,1
StandardGSGP,b559d400-ace3-11ef-8768-8863df8a28b9,resid_build_sale_price,19,45,104.93077087402344,0.07877326011657715,534586.0,72.66740417480469,7849,1
StandardGSGP,b559d400-ace3-11ef-8768-8863df8a28b9,resid_build_sale_price,19,46,104.89009094238281,0.07353401184082031,633094.0,72.14633178710938,3939,1
StandardGSGP,b559d400-ace3-11ef-8768-8863df8a28b9,resid_build_sale_price,19,47,104.83098602294922,0.06989812850952148,712054.0,72.54926300048828,3947,1
StandardGSGP,b559d400-ace3-11ef-8768-8863df8a28b9,resid_build_sale_price,19,48,104.83098602294922,0.07552933692932129,771448.0,72.54926300048828,3947,1
StandardGSGP,b559d400-ace3-11ef-8768-8863df8a28b9,resid_build_sale_price,19,49,104.83016204833984,0.06790447235107422,678038.0,72.5429916381836,3959,1
StandardGSGP,b559d400-ace3-11ef-8768-8863df8a28b9,resid_build_sale_price,19,50,104.80120849609375,0.0727846622467041,679312.0,72.43439483642578,3955,1
StandardGSGP,b559d400-ace3-11ef-8768-8863df8a28b9,resid_build_sale_price,19,51,104.80120849609375,0.07349967956542969,716226.0,72.43439483642578,3955,1
StandardGSGP,b559d400-ace3-11ef-8768-8863df8a28b9,resid_build_sale_price,19,52,104.8006362915039,0.06492137908935547,650678.0,72.4338607788086,3967,1
StandardGSGP,b559d400-ace3-11ef-8768-8863df8a28b9,resid_build_sale_price,19,53,104.79878234863281,0.06985926628112793,572120.0,72.46417999267578,3973,1
StandardGSGP,b559d400-ace3-11ef-8768-8863df8a28b9,resid_build_sale_price,19,54,104.77539825439453,0.06792545318603516,485480.0,72.76123809814453,3993,1
StandardGSGP,b559d400-ace3-11ef-8768-8863df8a28b9,resid_build_sale_price,19,55,104.7619857788086,0.0727849006652832,478174.0,72.67033386230469,3989,1
StandardGSGP,b559d400-ace3-11ef-8768-8863df8a28b9,resid_build_sale_price,19,56,104.75567626953125,0.07225513458251953,511000.0,72.38765716552734,3991,1
StandardGSGP,b559d400-ace3-11ef-8768-8863df8a28b9,resid_build_sale_price,19,57,104.74761962890625,0.07148075103759766,531954.0,72.71571350097656,3999,1
StandardGSGP,b559d400-ace3-11ef-8768-8863df8a28b9,resid_build_sale_price,19,58,104.71380615234375,0.17390704154968262,569082.0,72.73161315917969,4019,1
StandardGSGP,b559d400-ace3-11ef-8768-8863df8a28b9,resid_build_sale_price,19,59,104.71380615234375,0.07103824615478516,577832.0,72.73161315917969,4019,1
StandardGSGP,b559d400-ace3-11ef-8768-8863df8a28b9,resid_build_sale_price,19,60,104.71380615234375,0.0670778751373291,582340.0,72.73161315917969,4019,1
StandardGSGP,b559d400-ace3-11ef-8768-8863df8a28b9,resid_build_sale_price,19,61,104.6593017578125,0.06667637825012207,627244.0,72.41851806640625,16065,1
StandardGSGP,b559d400-ace3-11ef-8768-8863df8a28b9,resid_build_sale_price,19,62,104.6593017578125,0.07242774963378906,684568.0,72.41851806640625,16065,1
StandardGSGP,b559d400-ace3-11ef-8768-8863df8a28b9,resid_build_sale_price,19,63,104.65914916992188,0.07091903686523438,769818.0,72.38488006591797,16071,1
StandardGSGP,b559d400-ace3-11ef-8768-8863df8a28b9,resid_build_sale_price,19,64,104.65914154052734,0.07455945014953613,959484.0,72.38488006591797,16077,1
StandardGSGP,b559d400-ace3-11ef-8768-8863df8a28b9,resid_build_sale_price,19,65,104.60420989990234,0.06990694999694824,1377382.0,72.3772201538086,16089,1
StandardGSGP,b559d400-ace3-11ef-8768-8863df8a28b9,resid_build_sale_price,19,66,104.5983657836914,0.06947207450866699,1875822.0,72.31108856201172,16095,1
StandardGSGP,b559d400-ace3-11ef-8768-8863df8a28b9,resid_build_sale_price,19,67,104.59081268310547,0.06891036033630371,2020902.0,72.27729797363281,16101,1
StandardGSGP,b559d400-ace3-11ef-8768-8863df8a28b9,resid_build_sale_price,19,68,104.57736206054688,0.07501888275146484,2106322.0,72.27644348144531,16101,1
StandardGSGP,b559d400-ace3-11ef-8768-8863df8a28b9,resid_build_sale_price,19,69,104.56838989257812,0.0688166618347168,2166946.0,72.24459075927734,16115,1
StandardGSGP,b559d400-ace3-11ef-8768-8863df8a28b9,resid_build_sale_price,19,70,104.56838989257812,0.07280707359313965,2561672.0,72.24459075927734,16115,1
StandardGSGP,b559d400-ace3-11ef-8768-8863df8a28b9,resid_build_sale_price,19,71,104.54106140136719,0.06781840324401855,2336958.0,72.12613677978516,16121,1
StandardGSGP,b559d400-ace3-11ef-8768-8863df8a28b9,resid_build_sale_price,19,72,104.5385513305664,0.07080888748168945,2192762.0,72.14448547363281,80537,1
StandardGSGP,b559d400-ace3-11ef-8768-8863df8a28b9,resid_build_sale_price,19,73,104.51936340332031,0.06682181358337402,2676588.0,72.41968536376953,32265,1
StandardGSGP,b559d400-ace3-11ef-8768-8863df8a28b9,resid_build_sale_price,19,74,104.5020523071289,0.07180500030517578,3659638.0,72.42919158935547,16139,1
StandardGSGP,b559d400-ace3-11ef-8768-8863df8a28b9,resid_build_sale_price,19,75,104.5020523071289,0.0718071460723877,4965104.0,72.42919158935547,16139,1
StandardGSGP,b559d400-ace3-11ef-8768-8863df8a28b9,resid_build_sale_price,19,76,104.50141906738281,0.06782078742980957,5321346.0,72.41963958740234,16145,1
StandardGSGP,b559d400-ace3-11ef-8768-8863df8a28b9,resid_build_sale_price,19,77,104.40559387207031,0.07280516624450684,4114882.0,72.17076110839844,32283,1
StandardGSGP,b559d400-ace3-11ef-8768-8863df8a28b9,resid_build_sale_price,19,78,104.39359283447266,0.06881856918334961,4099700.0,72.12274932861328,32289,1
StandardGSGP,b559d400-ace3-11ef-8768-8863df8a28b9,resid_build_sale_price,19,79,104.36298370361328,0.07081007957458496,3471776.0,72.10484313964844,32289,1
StandardGSGP,b559d400-ace3-11ef-8768-8863df8a28b9,resid_build_sale_price,19,80,104.36125183105469,0.06781840324401855,3230764.0,72.03181457519531,32295,1
StandardGSGP,b559d400-ace3-11ef-8768-8863df8a28b9,resid_build_sale_price,19,81,104.36042785644531,0.06881570816040039,3537870.0,72.00533294677734,32295,1
StandardGSGP,b559d400-ace3-11ef-8768-8863df8a28b9,resid_build_sale_price,19,82,104.35509490966797,0.07181072235107422,3844750.0,72.09088134765625,64615,1
StandardGSGP,b559d400-ace3-11ef-8768-8863df8a28b9,resid_build_sale_price,19,83,104.29995727539062,0.0688173770904541,4071232.0,71.85890197753906,32319,1
StandardGSGP,b559d400-ace3-11ef-8768-8863df8a28b9,resid_build_sale_price,19,84,104.29995727539062,0.08177828788757324,4330320.0,71.85890197753906,32319,1
StandardGSGP,b559d400-ace3-11ef-8768-8863df8a28b9,resid_build_sale_price,19,85,104.24707794189453,0.07878994941711426,5268196.0,71.82652282714844,32327,1
StandardGSGP,b559d400-ace3-11ef-8768-8863df8a28b9,resid_build_sale_price,19,86,104.24707794189453,0.07081031799316406,5075252.0,71.82652282714844,32327,1
StandardGSGP,b559d400-ace3-11ef-8768-8863df8a28b9,resid_build_sale_price,19,87,104.24644470214844,0.06582450866699219,4882584.0,71.82438659667969,32333,1
StandardGSGP,b559d400-ace3-11ef-8768-8863df8a28b9,resid_build_sale_price,19,88,104.17022705078125,0.07679581642150879,4107538.0,71.56623077392578,32351,1
StandardGSGP,b559d400-ace3-11ef-8768-8863df8a28b9,resid_build_sale_price,19,89,104.16932678222656,0.07081151008605957,4172912.0,71.60968017578125,32357,1
StandardGSGP,b559d400-ace3-11ef-8768-8863df8a28b9,resid_build_sale_price,19,90,104.13973999023438,0.06981062889099121,3979378.0,71.65597534179688,32363,1
StandardGSGP,b559d400-ace3-11ef-8768-8863df8a28b9,resid_build_sale_price,19,91,104.13973999023438,0.07380318641662598,4303744.0,71.65597534179688,32363,1
StandardGSGP,b559d400-ace3-11ef-8768-8863df8a28b9,resid_build_sale_price,19,92,104.12411499023438,0.06881427764892578,4401902.0,71.70523834228516,32369,1
StandardGSGP,b559d400-ace3-11ef-8768-8863df8a28b9,resid_build_sale_price,19,93,104.12349700927734,0.06782007217407227,4402802.0,71.664794921875,32375,1
StandardGSGP,b559d400-ace3-11ef-8768-8863df8a28b9,resid_build_sale_price,19,94,104.10466003417969,0.07081151008605957,4694686.0,71.71047973632812,32375,1
StandardGSGP,b559d400-ace3-11ef-8768-8863df8a28b9,resid_build_sale_price,19,95,104.0809097290039,0.07081389427185059,4404074.0,71.60652923583984,32381,1
StandardGSGP,b559d400-ace3-11ef-8768-8863df8a28b9,resid_build_sale_price,19,96,103.99242401123047,0.06682038307189941,4372506.0,71.52896881103516,32395,1
StandardGSGP,b559d400-ace3-11ef-8768-8863df8a28b9,resid_build_sale_price,19,97,103.99242401123047,0.07280611991882324,4535116.0,71.52896881103516,32395,1
StandardGSGP,b559d400-ace3-11ef-8768-8863df8a28b9,resid_build_sale_price,19,98,103.99242401123047,0.0718073844909668,4535782.0,71.52896881103516,32395,1
StandardGSGP,b559d400-ace3-11ef-8768-8863df8a28b9,resid_build_sale_price,19,99,103.99242401123047,0.07779145240783691,4180240.0,71.52896881103516,32395,1
StandardGSGP,b559d400-ace3-11ef-8768-8863df8a28b9,resid_build_sale_price,19,100,103.97342681884766,0.07081007957458496,4407858.0,71.51070404052734,32419,1
StandardGSGP,709eac6a-ad21-11ef-9925-e4a8dfc2a9a8,resid_build_sale_price,19,0,0.12592418491840363,0.029999494552612305,402.0,0.1268090307712555,3,1
StandardGSGP,709eac6a-ad21-11ef-9925-e4a8dfc2a9a8,resid_build_sale_price,19,1,0.12592418491840363,0.05350995063781738,996.0,0.1268090307712555,3,1
StandardGSGP,709eac6a-ad21-11ef-9925-e4a8dfc2a9a8,resid_build_sale_price,19,2,0.12525711953639984,0.05498838424682617,1572.0,0.12629474699497223,9,1
StandardGSGP,709eac6a-ad21-11ef-9925-e4a8dfc2a9a8,resid_build_sale_price,19,3,0.1066732332110405,0.055509328842163086,2076.0,0.11179769784212112,17,1
StandardGSGP,709eac6a-ad21-11ef-9925-e4a8dfc2a9a8,resid_build_sale_price,19,4,0.1066732332110405,0.05607271194458008,2578.0,0.11179769784212112,17,1
StandardGSGP,709eac6a-ad21-11ef-9925-e4a8dfc2a9a8,resid_build_sale_price,19,5,0.1054024025797844,0.05884909629821777,2982.0,0.10999405384063721,23,1
StandardGSGP,709eac6a-ad21-11ef-9925-e4a8dfc2a9a8,resid_build_sale_price,19,6,0.10177763551473618,0.05818510055541992,3336.0,0.10321588069200516,33,1
StandardGSGP,709eac6a-ad21-11ef-9925-e4a8dfc2a9a8,resid_build_sale_price,19,7,0.10177763551473618,0.06319475173950195,3878.0,0.10321588069200516,33,1
StandardGSGP,709eac6a-ad21-11ef-9925-e4a8dfc2a9a8,resid_build_sale_price,19,8,0.10177763551473618,0.057175397872924805,4318.0,0.10321588069200516,33,1
StandardGSGP,709eac6a-ad21-11ef-9925-e4a8dfc2a9a8,resid_build_sale_price,19,9,0.10177763551473618,0.05453157424926758,4686.0,0.10321588069200516,33,1
StandardGSGP,709eac6a-ad21-11ef-9925-e4a8dfc2a9a8,resid_build_sale_price,19,10,0.10071121156215668,0.055927276611328125,5136.0,0.10085031390190125,45,1
StandardGSGP,709eac6a-ad21-11ef-9925-e4a8dfc2a9a8,resid_build_sale_price,19,11,0.10071121156215668,0.06050562858581543,5586.0,0.10085031390190125,45,1
StandardGSGP,709eac6a-ad21-11ef-9925-e4a8dfc2a9a8,resid_build_sale_price,19,12,0.09491448104381561,0.05800032615661621,6102.0,0.09965156763792038,57,1
StandardGSGP,709eac6a-ad21-11ef-9925-e4a8dfc2a9a8,resid_build_sale_price,19,13,0.09491448104381561,0.05451035499572754,6610.0,0.09965156763792038,57,1
StandardGSGP,709eac6a-ad21-11ef-9925-e4a8dfc2a9a8,resid_build_sale_price,19,14,0.09491448104381561,0.05299997329711914,7070.0,0.09965156763792038,57,1
StandardGSGP,709eac6a-ad21-11ef-9925-e4a8dfc2a9a8,resid_build_sale_price,19,15,0.09491448104381561,0.05350613594055176,7716.0,0.09965156763792038,57,1
StandardGSGP,709eac6a-ad21-11ef-9925-e4a8dfc2a9a8,resid_build_sale_price,19,16,0.09491448104381561,0.05414104461669922,8264.0,0.09965156763792038,57,1
StandardGSGP,709eac6a-ad21-11ef-9925-e4a8dfc2a9a8,resid_build_sale_price,19,17,0.09416226297616959,0.05550193786621094,8734.0,0.09801719337701797,71,1
StandardGSGP,709eac6a-ad21-11ef-9925-e4a8dfc2a9a8,resid_build_sale_price,19,18,0.09416226297616959,0.061573028564453125,9080.0,0.09801719337701797,71,1
StandardGSGP,709eac6a-ad21-11ef-9925-e4a8dfc2a9a8,resid_build_sale_price,19,19,0.09416226297616959,0.05611014366149902,9468.0,0.09801719337701797,71,1
StandardGSGP,709eac6a-ad21-11ef-9925-e4a8dfc2a9a8,resid_build_sale_price,19,20,0.09416226297616959,0.0791330337524414,9542.0,0.09801719337701797,71,1
StandardGSGP,709eac6a-ad21-11ef-9925-e4a8dfc2a9a8,resid_build_sale_price,19,21,0.09416226297616959,0.05501985549926758,9824.0,0.09801719337701797,71,1
StandardGSGP,709eac6a-ad21-11ef-9925-e4a8dfc2a9a8,resid_build_sale_price,19,22,0.09410770237445831,0.05389904975891113,10110.0,0.09439104795455933,99,1
StandardGSGP,709eac6a-ad21-11ef-9925-e4a8dfc2a9a8,resid_build_sale_price,19,23,0.09071916341781616,0.05491495132446289,10852.0,0.09240598231554031,105,1
StandardGSGP,709eac6a-ad21-11ef-9925-e4a8dfc2a9a8,resid_build_sale_price,19,24,0.09071916341781616,0.0540013313293457,11192.0,0.09240598231554031,105,1
StandardGSGP,709eac6a-ad21-11ef-9925-e4a8dfc2a9a8,resid_build_sale_price,19,25,0.09071916341781616,0.05451154708862305,11498.0,0.09240598231554031,105,1
StandardGSGP,709eac6a-ad21-11ef-9925-e4a8dfc2a9a8,resid_build_sale_price,19,26,0.09071916341781616,0.05407071113586426,12068.0,0.09240598231554031,105,1
StandardGSGP,709eac6a-ad21-11ef-9925-e4a8dfc2a9a8,resid_build_sale_price,19,27,0.09071916341781616,0.054367780685424805,12866.0,0.09240598231554031,105,1
StandardGSGP,709eac6a-ad21-11ef-9925-e4a8dfc2a9a8,resid_build_sale_price,19,28,0.09071916341781616,0.05400228500366211,13420.0,0.09240598231554031,105,1
StandardGSGP,709eac6a-ad21-11ef-9925-e4a8dfc2a9a8,resid_build_sale_price,19,29,0.09030313044786453,0.05432605743408203,13982.0,0.09799188375473022,111,1
StandardGSGP,709eac6a-ad21-11ef-9925-e4a8dfc2a9a8,resid_build_sale_price,19,30,0.09030313044786453,0.053954362869262695,14478.0,0.09799188375473022,111,1
StandardGSGP,709eac6a-ad21-11ef-9925-e4a8dfc2a9a8,resid_build_sale_price,19,31,0.08826596289873123,0.05499863624572754,14646.0,0.09150169789791107,117,1
StandardGSGP,709eac6a-ad21-11ef-9925-e4a8dfc2a9a8,resid_build_sale_price,19,32,0.08826596289873123,0.05451083183288574,14656.0,0.09150169789791107,117,1
StandardGSGP,709eac6a-ad21-11ef-9925-e4a8dfc2a9a8,resid_build_sale_price,19,33,0.08826596289873123,0.05543780326843262,14296.0,0.09150169789791107,117,1
StandardGSGP,709eac6a-ad21-11ef-9925-e4a8dfc2a9a8,resid_build_sale_price,19,34,0.08826596289873123,0.056525230407714844,14514.0,0.09150169789791107,117,1
StandardGSGP,709eac6a-ad21-11ef-9925-e4a8dfc2a9a8,resid_build_sale_price,19,35,0.08568897843360901,0.05401158332824707,14534.0,0.0936301052570343,141,1
StandardGSGP,709eac6a-ad21-11ef-9925-e4a8dfc2a9a8,resid_build_sale_price,19,36,0.08568897843360901,0.05794954299926758,14662.0,0.0936301052570343,141,1
StandardGSGP,709eac6a-ad21-11ef-9925-e4a8dfc2a9a8,resid_build_sale_price,19,37,0.08568897843360901,0.05606675148010254,14968.0,0.0936301052570343,141,1
StandardGSGP,709eac6a-ad21-11ef-9925-e4a8dfc2a9a8,resid_build_sale_price,19,38,0.08529502898454666,0.056997060775756836,15592.0,0.09245643019676208,147,1
StandardGSGP,709eac6a-ad21-11ef-9925-e4a8dfc2a9a8,resid_build_sale_price,19,39,0.08529502898454666,0.054766178131103516,16072.0,0.09245643019676208,147,1
StandardGSGP,709eac6a-ad21-11ef-9925-e4a8dfc2a9a8,resid_build_sale_price,19,40,0.08529502898454666,0.06316709518432617,16720.0,0.09245643019676208,147,1
StandardGSGP,709eac6a-ad21-11ef-9925-e4a8dfc2a9a8,resid_build_sale_price,19,41,0.08487824350595474,0.05450701713562012,17110.0,0.09175095707178116,155,1
StandardGSGP,709eac6a-ad21-11ef-9925-e4a8dfc2a9a8,resid_build_sale_price,19,42,0.08487824350595474,0.05450940132141113,17432.0,0.09175095707178116,155,1
StandardGSGP,709eac6a-ad21-11ef-9925-e4a8dfc2a9a8,resid_build_sale_price,19,43,0.08487824350595474,0.06241583824157715,17948.0,0.09175095707178116,155,1
StandardGSGP,709eac6a-ad21-11ef-9925-e4a8dfc2a9a8,resid_build_sale_price,19,44,0.08487824350595474,0.054485321044921875,18574.0,0.09175095707178116,155,1
StandardGSGP,709eac6a-ad21-11ef-9925-e4a8dfc2a9a8,resid_build_sale_price,19,45,0.08325451612472534,0.05550980567932129,19040.0,0.08366802334785461,173,1
StandardGSGP,709eac6a-ad21-11ef-9925-e4a8dfc2a9a8,resid_build_sale_price,19,46,0.08325451612472534,0.053546905517578125,19320.0,0.08366802334785461,173,1
StandardGSGP,709eac6a-ad21-11ef-9925-e4a8dfc2a9a8,resid_build_sale_price,19,47,0.08325451612472534,0.05500292778015137,19444.0,0.08366802334785461,173,1
StandardGSGP,709eac6a-ad21-11ef-9925-e4a8dfc2a9a8,resid_build_sale_price,19,48,0.08325451612472534,0.05755734443664551,19732.0,0.08366802334785461,173,1
StandardGSGP,709eac6a-ad21-11ef-9925-e4a8dfc2a9a8,resid_build_sale_price,19,49,0.08325451612472534,0.05648994445800781,20178.0,0.08366802334785461,173,1
StandardGSGP,709eac6a-ad21-11ef-9925-e4a8dfc2a9a8,resid_build_sale_price,19,50,0.08325451612472534,0.0560002326965332,20540.0,0.08366802334785461,173,1
StandardGSGP,709eac6a-ad21-11ef-9925-e4a8dfc2a9a8,resid_build_sale_price,19,51,0.08325451612472534,0.05752158164978027,20814.0,0.08366802334785461,173,1
StandardGSGP,709eac6a-ad21-11ef-9925-e4a8dfc2a9a8,resid_build_sale_price,19,52,0.08325451612472534,0.0542299747467041,21020.0,0.08366802334785461,173,1
StandardGSGP,709eac6a-ad21-11ef-9925-e4a8dfc2a9a8,resid_build_sale_price,19,53,0.08285686373710632,0.05463862419128418,21810.0,0.08314830809831619,179,1
StandardGSGP,709eac6a-ad21-11ef-9925-e4a8dfc2a9a8,resid_build_sale_price,19,54,0.08285686373710632,0.054368019104003906,22138.0,0.08314830809831619,179,1
StandardGSGP,709eac6a-ad21-11ef-9925-e4a8dfc2a9a8,resid_build_sale_price,19,55,0.08285686373710632,0.053293704986572266,21990.0,0.08314830809831619,179,1
StandardGSGP,709eac6a-ad21-11ef-9925-e4a8dfc2a9a8,resid_build_sale_price,19,56,0.08285686373710632,0.05551290512084961,22226.0,0.08314830809831619,179,1
StandardGSGP,709eac6a-ad21-11ef-9925-e4a8dfc2a9a8,resid_build_sale_price,19,57,0.08285686373710632,0.12808585166931152,22572.0,0.08314830809831619,179,1
StandardGSGP,709eac6a-ad21-11ef-9925-e4a8dfc2a9a8,resid_build_sale_price,19,58,0.08285686373710632,0.05500388145446777,21980.0,0.08314830809831619,179,1
StandardGSGP,709eac6a-ad21-11ef-9925-e4a8dfc2a9a8,resid_build_sale_price,19,59,0.08285686373710632,0.05350780487060547,21782.0,0.08314830809831619,179,1
StandardGSGP,709eac6a-ad21-11ef-9925-e4a8dfc2a9a8,resid_build_sale_price,19,60,0.08285686373710632,0.054512739181518555,22644.0,0.08314830809831619,179,1
StandardGSGP,709eac6a-ad21-11ef-9925-e4a8dfc2a9a8,resid_build_sale_price,19,61,0.08285686373710632,0.05694890022277832,22878.0,0.08314830809831619,179,1
StandardGSGP,709eac6a-ad21-11ef-9925-e4a8dfc2a9a8,resid_build_sale_price,19,62,0.08285686373710632,0.05419158935546875,23266.0,0.08314830809831619,179,1
StandardGSGP,709eac6a-ad21-11ef-9925-e4a8dfc2a9a8,resid_build_sale_price,19,63,0.08256954699754715,0.05644845962524414,23184.0,0.08528651297092438,187,1
StandardGSGP,709eac6a-ad21-11ef-9925-e4a8dfc2a9a8,resid_build_sale_price,19,64,0.08232323825359344,0.05451369285583496,23162.0,0.08520665019750595,193,1
StandardGSGP,709eac6a-ad21-11ef-9925-e4a8dfc2a9a8,resid_build_sale_price,19,65,0.08232323825359344,0.054222822189331055,23248.0,0.08520665019750595,193,1
StandardGSGP,709eac6a-ad21-11ef-9925-e4a8dfc2a9a8,resid_build_sale_price,19,66,0.08232323825359344,0.05510544776916504,22704.0,0.08520665019750595,193,1
StandardGSGP,709eac6a-ad21-11ef-9925-e4a8dfc2a9a8,resid_build_sale_price,19,67,0.08232323825359344,0.052889347076416016,22860.0,0.08520665019750595,193,1
StandardGSGP,709eac6a-ad21-11ef-9925-e4a8dfc2a9a8,resid_build_sale_price,19,68,0.08232323825359344,0.05509495735168457,23480.0,0.08520665019750595,193,1
StandardGSGP,709eac6a-ad21-11ef-9925-e4a8dfc2a9a8,resid_build_sale_price,19,69,0.08232323825359344,0.05328536033630371,23900.0,0.08520665019750595,193,1
StandardGSGP,709eac6a-ad21-11ef-9925-e4a8dfc2a9a8,resid_build_sale_price,19,70,0.08232323825359344,0.05510854721069336,24402.0,0.08520665019750595,193,1
StandardGSGP,709eac6a-ad21-11ef-9925-e4a8dfc2a9a8,resid_build_sale_price,19,71,0.08193424344062805,0.05336880683898926,24688.0,0.08399540185928345,199,1
StandardGSGP,709eac6a-ad21-11ef-9925-e4a8dfc2a9a8,resid_build_sale_price,19,72,0.08193424344062805,0.05339241027832031,23992.0,0.08399540185928345,199,1
StandardGSGP,709eac6a-ad21-11ef-9925-e4a8dfc2a9a8,resid_build_sale_price,19,73,0.08193424344062805,0.05552268028259277,24548.0,0.08399540185928345,199,1
StandardGSGP,709eac6a-ad21-11ef-9925-e4a8dfc2a9a8,resid_build_sale_price,19,74,0.08193424344062805,0.05499839782714844,24704.0,0.08399540185928345,199,1
StandardGSGP,709eac6a-ad21-11ef-9925-e4a8dfc2a9a8,resid_build_sale_price,19,75,0.0815177634358406,0.0553739070892334,24290.0,0.08500397205352783,221,1
StandardGSGP,709eac6a-ad21-11ef-9925-e4a8dfc2a9a8,resid_build_sale_price,19,76,0.0773179903626442,0.05401206016540527,24844.0,0.08024664223194122,227,1
StandardGSGP,709eac6a-ad21-11ef-9925-e4a8dfc2a9a8,resid_build_sale_price,19,77,0.07570645958185196,0.05250716209411621,24410.0,0.08128861337900162,233,1
StandardGSGP,709eac6a-ad21-11ef-9925-e4a8dfc2a9a8,resid_build_sale_price,19,78,0.07570645958185196,0.05415654182434082,24900.0,0.08128861337900162,233,1
StandardGSGP,709eac6a-ad21-11ef-9925-e4a8dfc2a9a8,resid_build_sale_price,19,79,0.07570645958185196,0.05595231056213379,25252.0,0.08128861337900162,233,1
StandardGSGP,709eac6a-ad21-11ef-9925-e4a8dfc2a9a8,resid_build_sale_price,19,80,0.07505969703197479,0.054511308670043945,25592.0,0.0809277668595314,239,1
StandardGSGP,709eac6a-ad21-11ef-9925-e4a8dfc2a9a8,resid_build_sale_price,19,81,0.07417207211256027,0.05512738227844238,26428.0,0.07997661828994751,245,1
StandardGSGP,709eac6a-ad21-11ef-9925-e4a8dfc2a9a8,resid_build_sale_price,19,82,0.07417207211256027,0.055509090423583984,26966.0,0.07997661828994751,245,1
StandardGSGP,709eac6a-ad21-11ef-9925-e4a8dfc2a9a8,resid_build_sale_price,19,83,0.07417207211256027,0.05400443077087402,27082.0,0.07997661828994751,245,1
StandardGSGP,709eac6a-ad21-11ef-9925-e4a8dfc2a9a8,resid_build_sale_price,19,84,0.07417207211256027,0.05350685119628906,26594.0,0.07997661828994751,245,1
StandardGSGP,709eac6a-ad21-11ef-9925-e4a8dfc2a9a8,resid_build_sale_price,19,85,0.07417207211256027,0.055173635482788086,26800.0,0.07997661828994751,245,1
StandardGSGP,709eac6a-ad21-11ef-9925-e4a8dfc2a9a8,resid_build_sale_price,19,86,0.07326330989599228,0.05834674835205078,27264.0,0.07989439368247986,251,1
StandardGSGP,709eac6a-ad21-11ef-9925-e4a8dfc2a9a8,resid_build_sale_price,19,87,0.07326330989599228,0.0555109977722168,27674.0,0.07989439368247986,251,1
StandardGSGP,709eac6a-ad21-11ef-9925-e4a8dfc2a9a8,resid_build_sale_price,19,88,0.07326330989599228,0.06527471542358398,28214.0,0.07989439368247986,251,1
StandardGSGP,709eac6a-ad21-11ef-9925-e4a8dfc2a9a8,resid_build_sale_price,19,89,0.07166914641857147,0.054508209228515625,28612.0,0.0787995234131813,295,1
StandardGSGP,709eac6a-ad21-11ef-9925-e4a8dfc2a9a8,resid_build_sale_price,19,90,0.07166914641857147,0.05457615852355957,29318.0,0.0787995234131813,295,1
StandardGSGP,709eac6a-ad21-11ef-9925-e4a8dfc2a9a8,resid_build_sale_price,19,91,0.07166914641857147,0.05350613594055176,29936.0,0.0787995234131813,295,1
StandardGSGP,709eac6a-ad21-11ef-9925-e4a8dfc2a9a8,resid_build_sale_price,19,92,0.07166914641857147,0.05451321601867676,30802.0,0.0787995234131813,295,1
StandardGSGP,709eac6a-ad21-11ef-9925-e4a8dfc2a9a8,resid_build_sale_price,19,93,0.07166914641857147,0.05499911308288574,31348.0,0.0787995234131813,295,1
StandardGSGP,709eac6a-ad21-11ef-9925-e4a8dfc2a9a8,resid_build_sale_price,19,94,0.07166914641857147,0.05751442909240723,31834.0,0.0787995234131813,295,1
StandardGSGP,709eac6a-ad21-11ef-9925-e4a8dfc2a9a8,resid_build_sale_price,19,95,0.07166914641857147,0.053999900817871094,32522.0,0.0787995234131813,295,1
StandardGSGP,709eac6a-ad21-11ef-9925-e4a8dfc2a9a8,resid_build_sale_price,19,96,0.07166914641857147,0.05251002311706543,32928.0,0.0787995234131813,295,1
StandardGSGP,709eac6a-ad21-11ef-9925-e4a8dfc2a9a8,resid_build_sale_price,19,97,0.07166914641857147,0.056348562240600586,33608.0,0.0787995234131813,295,1
StandardGSGP,709eac6a-ad21-11ef-9925-e4a8dfc2a9a8,resid_build_sale_price,19,98,0.07165268063545227,0.0543513298034668,33660.0,0.07882577180862427,301,1
StandardGSGP,709eac6a-ad21-11ef-9925-e4a8dfc2a9a8,resid_build_sale_price,19,99,0.07148654013872147,0.05527234077453613,34002.0,0.08292198181152344,301,1
StandardGSGP,709eac6a-ad21-11ef-9925-e4a8dfc2a9a8,resid_build_sale_price,19,100,0.07148654013872147,0.05199933052062988,34664.0,0.08292198181152344,301,1
StandardGSGP,dee19e87-ad21-11ef-b0cc-e4a8dfc2a9a8,resid_build_sale_price,19,0,147.3145751953125,0.029810667037963867,402.0,145.41726684570312,7,1
StandardGSGP,dee19e87-ad21-11ef-b0cc-e4a8dfc2a9a8,resid_build_sale_price,19,1,147.3145751953125,0.0559999942779541,1016.0,145.41726684570312,7,1
StandardGSGP,dee19e87-ad21-11ef-b0cc-e4a8dfc2a9a8,resid_build_sale_price,19,2,147.3145751953125,0.0575103759765625,1630.0,145.41726684570312,7,1
StandardGSGP,dee19e87-ad21-11ef-b0cc-e4a8dfc2a9a8,resid_build_sale_price,19,3,147.2982940673828,0.06341290473937988,2166.0,145.40110778808594,13,1
StandardGSGP,dee19e87-ad21-11ef-b0cc-e4a8dfc2a9a8,resid_build_sale_price,19,4,147.26145935058594,0.059625864028930664,2742.0,145.36439514160156,19,1
StandardGSGP,dee19e87-ad21-11ef-b0cc-e4a8dfc2a9a8,resid_build_sale_price,19,5,147.16517639160156,0.05774044990539551,3312.0,145.26686096191406,19,1
StandardGSGP,dee19e87-ad21-11ef-b0cc-e4a8dfc2a9a8,resid_build_sale_price,19,6,146.70199584960938,0.054709434509277344,3740.0,144.8114013671875,27,1
StandardGSGP,dee19e87-ad21-11ef-b0cc-e4a8dfc2a9a8,resid_build_sale_price,19,7,146.2836456298828,0.05617523193359375,4230.0,144.37840270996094,31,1
StandardGSGP,dee19e87-ad21-11ef-b0cc-e4a8dfc2a9a8,resid_build_sale_price,19,8,146.27366638183594,0.05521988868713379,4542.0,144.36859130859375,37,1
StandardGSGP,dee19e87-ad21-11ef-b0cc-e4a8dfc2a9a8,resid_build_sale_price,19,9,146.1685333251953,0.05644631385803223,4694.0,144.28497314453125,45,1
StandardGSGP,dee19e87-ad21-11ef-b0cc-e4a8dfc2a9a8,resid_build_sale_price,19,10,145.9008026123047,0.05701112747192383,5070.0,144.0206756591797,51,1
StandardGSGP,dee19e87-ad21-11ef-b0cc-e4a8dfc2a9a8,resid_build_sale_price,19,11,145.63096618652344,0.06075286865234375,5596.0,143.75364685058594,57,1
StandardGSGP,dee19e87-ad21-11ef-b0cc-e4a8dfc2a9a8,resid_build_sale_price,19,12,145.4181671142578,0.05651688575744629,6180.0,143.5436553955078,63,1
StandardGSGP,dee19e87-ad21-11ef-b0cc-e4a8dfc2a9a8,resid_build_sale_price,19,13,145.02334594726562,0.059295654296875,6802.0,143.15325927734375,63,1
StandardGSGP,dee19e87-ad21-11ef-b0cc-e4a8dfc2a9a8,resid_build_sale_price,19,14,144.98208618164062,0.061513423919677734,7450.0,143.1116180419922,79,1
StandardGSGP,dee19e87-ad21-11ef-b0cc-e4a8dfc2a9a8,resid_build_sale_price,19,15,144.7451171875,0.05852866172790527,8140.0,142.87747192382812,85,1
StandardGSGP,dee19e87-ad21-11ef-b0cc-e4a8dfc2a9a8,resid_build_sale_price,19,16,144.60165405273438,0.06251668930053711,8770.0,142.6293487548828,91,1
StandardGSGP,dee19e87-ad21-11ef-b0cc-e4a8dfc2a9a8,resid_build_sale_price,19,17,144.5544891357422,0.06123685836791992,9328.0,142.6875457763672,81,1
StandardGSGP,dee19e87-ad21-11ef-b0cc-e4a8dfc2a9a8,resid_build_sale_price,19,18,144.12176513671875,0.05885672569274902,9962.0,142.15536499023438,103,1
StandardGSGP,dee19e87-ad21-11ef-b0cc-e4a8dfc2a9a8,resid_build_sale_price,19,19,143.8760528564453,0.060834407806396484,10562.0,141.91273498535156,109,1
StandardGSGP,dee19e87-ad21-11ef-b0cc-e4a8dfc2a9a8,resid_build_sale_price,19,20,143.8760528564453,0.06079912185668945,11112.0,141.91273498535156,109,1
StandardGSGP,dee19e87-ad21-11ef-b0cc-e4a8dfc2a9a8,resid_build_sale_price,19,21,143.40538024902344,0.0580291748046875,11750.0,141.4480438232422,121,1
StandardGSGP,dee19e87-ad21-11ef-b0cc-e4a8dfc2a9a8,resid_build_sale_price,19,22,143.40538024902344,0.057033538818359375,12388.0,141.4480438232422,121,1
StandardGSGP,dee19e87-ad21-11ef-b0cc-e4a8dfc2a9a8,resid_build_sale_price,19,23,143.23660278320312,0.05600094795227051,12992.0,141.28167724609375,127,1
StandardGSGP,dee19e87-ad21-11ef-b0cc-e4a8dfc2a9a8,resid_build_sale_price,19,24,143.0657958984375,0.05551004409790039,13538.0,141.21873474121094,143,1
StandardGSGP,dee19e87-ad21-11ef-b0cc-e4a8dfc2a9a8,resid_build_sale_price,19,25,142.87522888183594,0.05351114273071289,14184.0,140.88143920898438,145,1
StandardGSGP,dee19e87-ad21-11ef-b0cc-e4a8dfc2a9a8,resid_build_sale_price,19,26,142.84010314941406,0.13556361198425293,14706.0,140.89012145996094,151,1
StandardGSGP,dee19e87-ad21-11ef-b0cc-e4a8dfc2a9a8,resid_build_sale_price,19,27,142.63661193847656,0.056487083435058594,15334.0,140.78909301757812,155,1
StandardGSGP,dee19e87-ad21-11ef-b0cc-e4a8dfc2a9a8,resid_build_sale_price,19,28,142.39817810058594,0.05417442321777344,15872.0,140.46994018554688,169,1
StandardGSGP,dee19e87-ad21-11ef-b0cc-e4a8dfc2a9a8,resid_build_sale_price,19,29,141.93716430664062,0.05635404586791992,16488.0,139.99609375,171,1
StandardGSGP,dee19e87-ad21-11ef-b0cc-e4a8dfc2a9a8,resid_build_sale_price,19,30,141.58230590820312,0.05751800537109375,17114.0,139.6666259765625,181,1
StandardGSGP,dee19e87-ad21-11ef-b0cc-e4a8dfc2a9a8,resid_build_sale_price,19,31,141.58230590820312,0.06023883819580078,17656.0,139.6666259765625,181,1
StandardGSGP,dee19e87-ad21-11ef-b0cc-e4a8dfc2a9a8,resid_build_sale_price,19,32,141.40794372558594,0.05522608757019043,18060.0,139.4741668701172,191,1
StandardGSGP,dee19e87-ad21-11ef-b0cc-e4a8dfc2a9a8,resid_build_sale_price,19,33,141.37916564941406,0.053511857986450195,18788.0,139.46456909179688,201,1
StandardGSGP,dee19e87-ad21-11ef-b0cc-e4a8dfc2a9a8,resid_build_sale_price,19,34,141.34170532226562,0.05542159080505371,19528.0,139.44769287109375,207,1
StandardGSGP,dee19e87-ad21-11ef-b0cc-e4a8dfc2a9a8,resid_build_sale_price,19,35,141.059814453125,0.05817675590515137,20324.0,139.1514434814453,211,1
StandardGSGP,dee19e87-ad21-11ef-b0cc-e4a8dfc2a9a8,resid_build_sale_price,19,36,140.6316375732422,0.05650639533996582,21286.0,138.72952270507812,217,1
StandardGSGP,dee19e87-ad21-11ef-b0cc-e4a8dfc2a9a8,resid_build_sale_price,19,37,140.5189971923828,0.0559995174407959,21916.0,138.63499450683594,223,1
StandardGSGP,dee19e87-ad21-11ef-b0cc-e4a8dfc2a9a8,resid_build_sale_price,19,38,140.3477020263672,0.05650639533996582,22632.0,138.46624755859375,229,1
StandardGSGP,dee19e87-ad21-11ef-b0cc-e4a8dfc2a9a8,resid_build_sale_price,19,39,140.02578735351562,0.05400252342224121,23198.0,138.14918518066406,237,1
StandardGSGP,dee19e87-ad21-11ef-b0cc-e4a8dfc2a9a8,resid_build_sale_price,19,40,139.70199584960938,0.058507680892944336,23776.0,137.83035278320312,243,1
StandardGSGP,dee19e87-ad21-11ef-b0cc-e4a8dfc2a9a8,resid_build_sale_price,19,41,139.32403564453125,0.060516357421875,24462.0,137.4582977294922,249,1
StandardGSGP,dee19e87-ad21-11ef-b0cc-e4a8dfc2a9a8,resid_build_sale_price,19,42,139.16403198242188,0.05861020088195801,24978.0,137.3411407470703,255,1
StandardGSGP,dee19e87-ad21-11ef-b0cc-e4a8dfc2a9a8,resid_build_sale_price,19,43,139.03839111328125,0.06549310684204102,25608.0,137.19740295410156,255,1
StandardGSGP,dee19e87-ad21-11ef-b0cc-e4a8dfc2a9a8,resid_build_sale_price,19,44,139.0021514892578,0.06010246276855469,26226.0,137.1824493408203,261,1
StandardGSGP,dee19e87-ad21-11ef-b0cc-e4a8dfc2a9a8,resid_build_sale_price,19,45,138.67111206054688,0.059010982513427734,26876.0,136.83914184570312,261,1
StandardGSGP,dee19e87-ad21-11ef-b0cc-e4a8dfc2a9a8,resid_build_sale_price,19,46,138.5877685546875,0.0585169792175293,27492.0,136.75694274902344,275,1
StandardGSGP,dee19e87-ad21-11ef-b0cc-e4a8dfc2a9a8,resid_build_sale_price,19,47,138.49777221679688,0.058830976486206055,28066.0,136.6699981689453,285,1
StandardGSGP,dee19e87-ad21-11ef-b0cc-e4a8dfc2a9a8,resid_build_sale_price,19,48,138.4666290283203,0.05758190155029297,28694.0,136.63784790039062,283,1
StandardGSGP,dee19e87-ad21-11ef-b0cc-e4a8dfc2a9a8,resid_build_sale_price,19,49,138.14732360839844,0.05751228332519531,29164.0,136.34071350097656,289,1
StandardGSGP,dee19e87-ad21-11ef-b0cc-e4a8dfc2a9a8,resid_build_sale_price,19,50,137.80455017089844,0.0547327995300293,29778.0,136.00332641601562,297,1
StandardGSGP,dee19e87-ad21-11ef-b0cc-e4a8dfc2a9a8,resid_build_sale_price,19,51,137.69235229492188,0.05965733528137207,30484.0,135.89291381835938,295,1
StandardGSGP,dee19e87-ad21-11ef-b0cc-e4a8dfc2a9a8,resid_build_sale_price,19,52,137.36366271972656,0.061865806579589844,31090.0,135.5777130126953,317,1
StandardGSGP,dee19e87-ad21-11ef-b0cc-e4a8dfc2a9a8,resid_build_sale_price,19,53,137.36366271972656,0.05828118324279785,31704.0,135.5777130126953,317,1
StandardGSGP,dee19e87-ad21-11ef-b0cc-e4a8dfc2a9a8,resid_build_sale_price,19,54,136.9183807373047,0.05659675598144531,32248.0,135.13987731933594,329,1
StandardGSGP,dee19e87-ad21-11ef-b0cc-e4a8dfc2a9a8,resid_build_sale_price,19,55,136.74842834472656,0.05780673027038574,32930.0,134.97280883789062,329,1
StandardGSGP,dee19e87-ad21-11ef-b0cc-e4a8dfc2a9a8,resid_build_sale_price,19,56,136.55226135253906,0.05802178382873535,33592.0,134.78012084960938,335,1
StandardGSGP,dee19e87-ad21-11ef-b0cc-e4a8dfc2a9a8,resid_build_sale_price,19,57,136.34762573242188,0.055677175521850586,34268.0,134.5771942138672,341,1
StandardGSGP,dee19e87-ad21-11ef-b0cc-e4a8dfc2a9a8,resid_build_sale_price,19,58,136.28619384765625,0.05699324607849121,34926.0,134.51344299316406,353,1
StandardGSGP,dee19e87-ad21-11ef-b0cc-e4a8dfc2a9a8,resid_build_sale_price,19,59,136.02561950683594,0.05500316619873047,35526.0,134.26254272460938,347,1
StandardGSGP,dee19e87-ad21-11ef-b0cc-e4a8dfc2a9a8,resid_build_sale_price,19,60,135.63079833984375,0.057955026626586914,36200.0,133.87474060058594,353,1
StandardGSGP,dee19e87-ad21-11ef-b0cc-e4a8dfc2a9a8,resid_build_sale_price,19,61,135.63079833984375,0.05651092529296875,36744.0,133.87474060058594,353,1
StandardGSGP,dee19e87-ad21-11ef-b0cc-e4a8dfc2a9a8,resid_build_sale_price,19,62,135.2477264404297,0.06238889694213867,37116.0,133.49859619140625,359,1
StandardGSGP,dee19e87-ad21-11ef-b0cc-e4a8dfc2a9a8,resid_build_sale_price,19,63,135.2477264404297,0.057509422302246094,37606.0,133.49859619140625,359,1
StandardGSGP,dee19e87-ad21-11ef-b0cc-e4a8dfc2a9a8,resid_build_sale_price,19,64,135.2477264404297,0.055002450942993164,38076.0,133.49859619140625,359,1
StandardGSGP,dee19e87-ad21-11ef-b0cc-e4a8dfc2a9a8,resid_build_sale_price,19,65,135.0423583984375,0.056945085525512695,38620.0,133.26934814453125,397,1
StandardGSGP,dee19e87-ad21-11ef-b0cc-e4a8dfc2a9a8,resid_build_sale_price,19,66,134.8560028076172,0.06229448318481445,39176.0,133.08607482910156,405,1
StandardGSGP,dee19e87-ad21-11ef-b0cc-e4a8dfc2a9a8,resid_build_sale_price,19,67,134.51632690429688,0.061303138732910156,39576.0,132.75277709960938,411,1
StandardGSGP,dee19e87-ad21-11ef-b0cc-e4a8dfc2a9a8,resid_build_sale_price,19,68,134.51632690429688,0.05685091018676758,40070.0,132.75277709960938,411,1
StandardGSGP,dee19e87-ad21-11ef-b0cc-e4a8dfc2a9a8,resid_build_sale_price,19,69,134.4261474609375,0.05788087844848633,40900.0,132.66432189941406,417,1
StandardGSGP,dee19e87-ad21-11ef-b0cc-e4a8dfc2a9a8,resid_build_sale_price,19,70,134.15737915039062,0.057004451751708984,41692.0,132.42562866210938,409,1
StandardGSGP,dee19e87-ad21-11ef-b0cc-e4a8dfc2a9a8,resid_build_sale_price,19,71,134.09719848632812,0.07678794860839844,42532.0,132.33856201171875,431,1
StandardGSGP,dee19e87-ad21-11ef-b0cc-e4a8dfc2a9a8,resid_build_sale_price,19,72,133.9263916015625,0.0661473274230957,43122.0,132.1730194091797,439,1
StandardGSGP,dee19e87-ad21-11ef-b0cc-e4a8dfc2a9a8,resid_build_sale_price,19,73,133.76211547851562,0.06399965286254883,43740.0,132.01202392578125,445,1
StandardGSGP,dee19e87-ad21-11ef-b0cc-e4a8dfc2a9a8,resid_build_sale_price,19,74,133.67967224121094,0.06151556968688965,44304.0,131.9322967529297,449,1
StandardGSGP,dee19e87-ad21-11ef-b0cc-e4a8dfc2a9a8,resid_build_sale_price,19,75,133.2431182861328,0.06870865821838379,44994.0,131.50242614746094,455,1
StandardGSGP,dee19e87-ad21-11ef-b0cc-e4a8dfc2a9a8,resid_build_sale_price,19,76,132.86041259765625,0.06270670890808105,45696.0,131.12954711914062,461,1
StandardGSGP,dee19e87-ad21-11ef-b0cc-e4a8dfc2a9a8,resid_build_sale_price,19,77,132.86041259765625,0.0635061264038086,46402.0,131.12954711914062,461,1
StandardGSGP,dee19e87-ad21-11ef-b0cc-e4a8dfc2a9a8,resid_build_sale_price,19,78,132.63522338867188,0.05960726737976074,47022.0,130.90902709960938,475,1
StandardGSGP,dee19e87-ad21-11ef-b0cc-e4a8dfc2a9a8,resid_build_sale_price,19,79,132.5076446533203,0.05903482437133789,47622.0,130.77891540527344,481,1
StandardGSGP,dee19e87-ad21-11ef-b0cc-e4a8dfc2a9a8,resid_build_sale_price,19,80,132.1675262451172,0.06550836563110352,48294.0,130.45057678222656,481,1
StandardGSGP,dee19e87-ad21-11ef-b0cc-e4a8dfc2a9a8,resid_build_sale_price,19,81,131.99395751953125,0.0611574649810791,48928.0,130.2807159423828,487,1
StandardGSGP,dee19e87-ad21-11ef-b0cc-e4a8dfc2a9a8,resid_build_sale_price,19,82,131.73291015625,0.06590032577514648,49596.0,130.0253143310547,487,1
StandardGSGP,dee19e87-ad21-11ef-b0cc-e4a8dfc2a9a8,resid_build_sale_price,19,83,131.64881896972656,0.05651259422302246,50184.0,129.95968627929688,499,1
StandardGSGP,dee19e87-ad21-11ef-b0cc-e4a8dfc2a9a8,resid_build_sale_price,19,84,131.46633911132812,0.06000113487243652,50704.0,129.78225708007812,513,1
StandardGSGP,dee19e87-ad21-11ef-b0cc-e4a8dfc2a9a8,resid_build_sale_price,19,85,131.46633911132812,0.0652461051940918,51318.0,129.78225708007812,513,1
StandardGSGP,dee19e87-ad21-11ef-b0cc-e4a8dfc2a9a8,resid_build_sale_price,19,86,131.14585876464844,0.06337189674377441,51844.0,129.4689178466797,521,1
StandardGSGP,dee19e87-ad21-11ef-b0cc-e4a8dfc2a9a8,resid_build_sale_price,19,87,131.14585876464844,0.06247830390930176,52424.0,129.4689178466797,521,1
StandardGSGP,dee19e87-ad21-11ef-b0cc-e4a8dfc2a9a8,resid_build_sale_price,19,88,130.7139892578125,0.06116509437561035,52976.0,129.05487060546875,533,1
StandardGSGP,dee19e87-ad21-11ef-b0cc-e4a8dfc2a9a8,resid_build_sale_price,19,89,130.56341552734375,0.056761980056762695,53556.0,128.90782165527344,539,1
StandardGSGP,dee19e87-ad21-11ef-b0cc-e4a8dfc2a9a8,resid_build_sale_price,19,90,130.56341552734375,0.13573527336120605,54208.0,128.90782165527344,539,1
StandardGSGP,dee19e87-ad21-11ef-b0cc-e4a8dfc2a9a8,resid_build_sale_price,19,91,130.33021545410156,0.06433820724487305,54918.0,128.67996215820312,545,1
StandardGSGP,dee19e87-ad21-11ef-b0cc-e4a8dfc2a9a8,resid_build_sale_price,19,92,130.18650817871094,0.0712738037109375,55636.0,128.5401611328125,551,1
StandardGSGP,dee19e87-ad21-11ef-b0cc-e4a8dfc2a9a8,resid_build_sale_price,19,93,130.18650817871094,0.07594943046569824,56346.0,128.5401611328125,551,1
StandardGSGP,dee19e87-ad21-11ef-b0cc-e4a8dfc2a9a8,resid_build_sale_price,19,94,130.11656188964844,0.06771087646484375,57022.0,128.47186279296875,563,1
StandardGSGP,dee19e87-ad21-11ef-b0cc-e4a8dfc2a9a8,resid_build_sale_price,19,95,129.78961181640625,0.07553648948669434,57548.0,128.15261840820312,557,1
StandardGSGP,dee19e87-ad21-11ef-b0cc-e4a8dfc2a9a8,resid_build_sale_price,19,96,129.739013671875,0.0729532241821289,57988.0,128.1031036376953,563,1
StandardGSGP,dee19e87-ad21-11ef-b0cc-e4a8dfc2a9a8,resid_build_sale_price,19,97,129.65713500976562,0.07078313827514648,58364.0,127.98151397705078,585,1
StandardGSGP,dee19e87-ad21-11ef-b0cc-e4a8dfc2a9a8,resid_build_sale_price,19,98,129.47647094726562,0.06232929229736328,58560.0,127.86810302734375,569,1
StandardGSGP,dee19e87-ad21-11ef-b0cc-e4a8dfc2a9a8,resid_build_sale_price,19,99,129.47647094726562,0.059012651443481445,59230.0,127.86810302734375,569,1
StandardGSGP,dee19e87-ad21-11ef-b0cc-e4a8dfc2a9a8,resid_build_sale_price,19,100,129.1644287109375,0.05951547622680664,59518.0,127.54815673828125,581,1
