StandardGSGP,de3a385d-ace2-11ef-8320-8863df8a28b9,resid_build_sale_price,4,0,0.10751786828041077,0.1436159610748291,2130.0,0.17873238027095795,3,1
StandardGSGP,de3a385d-ace2-11ef-8320-8863df8a28b9,resid_build_sale_price,4,1,0.10272002220153809,0.06892585754394531,1176.0,0.1748349815607071,11,1
StandardGSGP,de3a385d-ace2-11ef-8320-8863df8a28b9,resid_build_sale_price,4,2,0.088666170835495,0.07380008697509766,1606.0,0.15726879239082336,17,1
StandardGSGP,de3a385d-ace2-11ef-8320-8863df8a28b9,resid_build_sale_price,4,3,0.0822700709104538,0.06781864166259766,2148.0,0.14921487867832184,23,1
StandardGSGP,de3a385d-ace2-11ef-8320-8863df8a28b9,resid_build_sale_price,4,4,0.08061148971319199,0.0698084831237793,2666.0,0.14758524298667908,23,1
StandardGSGP,de3a385d-ace2-11ef-8320-8863df8a28b9,resid_build_sale_price,4,5,0.06775010377168655,0.07280135154724121,3208.0,0.13112492859363556,29,1
StandardGSGP,de3a385d-ace2-11ef-8320-8863df8a28b9,resid_build_sale_price,4,6,0.06775010377168655,0.17054343223571777,3702.0,0.13112492859363556,29,1
StandardGSGP,de3a385d-ace2-11ef-8320-8863df8a28b9,resid_build_sale_price,4,7,0.06775010377168655,0.07080960273742676,4180.0,0.13112492859363556,29,1
StandardGSGP,de3a385d-ace2-11ef-8320-8863df8a28b9,resid_build_sale_price,4,8,0.06775010377168655,0.07181048393249512,4646.0,0.13112492859363556,29,1
StandardGSGP,de3a385d-ace2-11ef-8320-8863df8a28b9,resid_build_sale_price,4,9,0.06668976694345474,0.06981468200683594,5114.0,0.12929503619670868,57,1
StandardGSGP,de3a385d-ace2-11ef-8320-8863df8a28b9,resid_build_sale_price,4,10,0.06668976694345474,0.06781768798828125,5774.0,0.12929503619670868,57,1
StandardGSGP,de3a385d-ace2-11ef-8320-8863df8a28b9,resid_build_sale_price,4,11,0.06566912680864334,0.07679295539855957,6598.0,0.12637384235858917,63,1
StandardGSGP,de3a385d-ace2-11ef-8320-8863df8a28b9,resid_build_sale_price,4,12,0.06430201232433319,0.0718069076538086,7150.0,0.1219281554222107,69,1
StandardGSGP,de3a385d-ace2-11ef-8320-8863df8a28b9,resid_build_sale_price,4,13,0.06430201232433319,0.07180619239807129,7832.0,0.1219281554222107,69,1
StandardGSGP,de3a385d-ace2-11ef-8320-8863df8a28b9,resid_build_sale_price,4,14,0.06430201232433319,0.0718080997467041,8334.0,0.1219281554222107,69,1
StandardGSGP,de3a385d-ace2-11ef-8320-8863df8a28b9,resid_build_sale_price,4,15,0.06325806677341461,0.07380008697509766,8802.0,0.12109268456697464,75,1
StandardGSGP,de3a385d-ace2-11ef-8320-8863df8a28b9,resid_build_sale_price,4,16,0.06325806677341461,0.06981062889099121,9102.0,0.12109268456697464,75,1
StandardGSGP,de3a385d-ace2-11ef-8320-8863df8a28b9,resid_build_sale_price,4,17,0.06325806677341461,0.0688161849975586,9416.0,0.12109268456697464,75,1
StandardGSGP,de3a385d-ace2-11ef-8320-8863df8a28b9,resid_build_sale_price,4,18,0.06325806677341461,0.06781744956970215,10050.0,0.12109268456697464,75,1
StandardGSGP,de3a385d-ace2-11ef-8320-8863df8a28b9,resid_build_sale_price,4,19,0.06325806677341461,0.07080769538879395,10262.0,0.12109268456697464,75,1
StandardGSGP,de3a385d-ace2-11ef-8320-8863df8a28b9,resid_build_sale_price,4,20,0.06325806677341461,0.06781816482543945,10668.0,0.12109268456697464,75,1
StandardGSGP,de3a385d-ace2-11ef-8320-8863df8a28b9,resid_build_sale_price,4,21,0.06325806677341461,0.06981444358825684,11006.0,0.12109268456697464,75,1
StandardGSGP,de3a385d-ace2-11ef-8320-8863df8a28b9,resid_build_sale_price,4,22,0.06325806677341461,0.07081103324890137,11716.0,0.12109268456697464,75,1
StandardGSGP,de3a385d-ace2-11ef-8320-8863df8a28b9,resid_build_sale_price,4,23,0.06325806677341461,0.06981277465820312,11610.0,0.12109268456697464,75,1
StandardGSGP,de3a385d-ace2-11ef-8320-8863df8a28b9,resid_build_sale_price,4,24,0.06325806677341461,0.0718071460723877,11572.0,0.12109268456697464,75,1
StandardGSGP,de3a385d-ace2-11ef-8320-8863df8a28b9,resid_build_sale_price,4,25,0.06325806677341461,0.07579636573791504,11770.0,0.12109268456697464,75,1
StandardGSGP,de3a385d-ace2-11ef-8320-8863df8a28b9,resid_build_sale_price,4,26,0.06309560686349869,0.07080936431884766,12712.0,0.12397323548793793,87,1
StandardGSGP,de3a385d-ace2-11ef-8320-8863df8a28b9,resid_build_sale_price,4,27,0.06256996095180511,0.07988333702087402,13458.0,0.12599392235279083,93,1
StandardGSGP,de3a385d-ace2-11ef-8320-8863df8a28b9,resid_build_sale_price,4,28,0.06256996095180511,0.07878875732421875,13142.0,0.12599392235279083,93,1
StandardGSGP,de3a385d-ace2-11ef-8320-8863df8a28b9,resid_build_sale_price,4,29,0.062208451330661774,0.07779216766357422,13374.0,0.1251671016216278,99,1
StandardGSGP,de3a385d-ace2-11ef-8320-8863df8a28b9,resid_build_sale_price,4,30,0.062208451330661774,0.07779121398925781,14030.0,0.1251671016216278,99,1
StandardGSGP,de3a385d-ace2-11ef-8320-8863df8a28b9,resid_build_sale_price,4,31,0.06212644651532173,0.07878756523132324,14790.0,0.12474822252988815,105,1
StandardGSGP,de3a385d-ace2-11ef-8320-8863df8a28b9,resid_build_sale_price,4,32,0.06205425411462784,0.07679581642150879,13802.0,0.12423364818096161,111,1
StandardGSGP,de3a385d-ace2-11ef-8320-8863df8a28b9,resid_build_sale_price,4,33,0.06205425411462784,0.0777883529663086,13592.0,0.12423364818096161,111,1
StandardGSGP,de3a385d-ace2-11ef-8320-8863df8a28b9,resid_build_sale_price,4,34,0.06205425411462784,0.07878923416137695,14022.0,0.12423364818096161,111,1
StandardGSGP,de3a385d-ace2-11ef-8320-8863df8a28b9,resid_build_sale_price,4,35,0.06177279353141785,0.08178257942199707,14504.0,0.11878388375043869,123,1
StandardGSGP,de3a385d-ace2-11ef-8320-8863df8a28b9,resid_build_sale_price,4,36,0.06177279353141785,0.0777902603149414,14312.0,0.11878388375043869,123,1
StandardGSGP,de3a385d-ace2-11ef-8320-8863df8a28b9,resid_build_sale_price,4,37,0.06177279353141785,0.08377575874328613,14428.0,0.11878388375043869,123,1
StandardGSGP,de3a385d-ace2-11ef-8320-8863df8a28b9,resid_build_sale_price,4,38,0.06000522896647453,0.07679438591003418,14998.0,0.11182371526956558,129,1
StandardGSGP,de3a385d-ace2-11ef-8320-8863df8a28b9,resid_build_sale_price,4,39,0.05959852784872055,0.07978677749633789,15454.0,0.11075225472450256,135,1
StandardGSGP,de3a385d-ace2-11ef-8320-8863df8a28b9,resid_build_sale_price,4,40,0.05947601795196533,0.08078169822692871,15516.0,0.11045064777135849,141,1
StandardGSGP,de3a385d-ace2-11ef-8320-8863df8a28b9,resid_build_sale_price,4,41,0.05947601795196533,0.07779097557067871,15926.0,0.11045064777135849,141,1
StandardGSGP,de3a385d-ace2-11ef-8320-8863df8a28b9,resid_build_sale_price,4,42,0.05947601795196533,0.07978534698486328,16210.0,0.11045064777135849,141,1
StandardGSGP,de3a385d-ace2-11ef-8320-8863df8a28b9,resid_build_sale_price,4,43,0.05947601795196533,0.08177995681762695,16626.0,0.11045064777135849,141,1
StandardGSGP,de3a385d-ace2-11ef-8320-8863df8a28b9,resid_build_sale_price,4,44,0.05947601795196533,0.08078312873840332,17010.0,0.11045064777135849,141,1
StandardGSGP,de3a385d-ace2-11ef-8320-8863df8a28b9,resid_build_sale_price,4,45,0.05947601795196533,0.07978701591491699,17342.0,0.11045064777135849,141,1
StandardGSGP,de3a385d-ace2-11ef-8320-8863df8a28b9,resid_build_sale_price,4,46,0.05947601795196533,0.07878780364990234,17308.0,0.11045064777135849,141,1
StandardGSGP,de3a385d-ace2-11ef-8320-8863df8a28b9,resid_build_sale_price,4,47,0.05947601795196533,0.08178281784057617,17552.0,0.11045064777135849,141,1
StandardGSGP,de3a385d-ace2-11ef-8320-8863df8a28b9,resid_build_sale_price,4,48,0.05933602526783943,0.07978606224060059,17850.0,0.11054037511348724,147,1
StandardGSGP,de3a385d-ace2-11ef-8320-8863df8a28b9,resid_build_sale_price,4,49,0.05924601852893829,0.08078694343566895,18024.0,0.11065623909235,153,1
StandardGSGP,de3a385d-ace2-11ef-8320-8863df8a28b9,resid_build_sale_price,4,50,0.05924601852893829,0.07879018783569336,17624.0,0.11065623909235,153,1
StandardGSGP,de3a385d-ace2-11ef-8320-8863df8a28b9,resid_build_sale_price,4,51,0.05924601852893829,0.07606697082519531,18088.0,0.11065623909235,153,1
StandardGSGP,de3a385d-ace2-11ef-8320-8863df8a28b9,resid_build_sale_price,4,52,0.05924601852893829,0.0788114070892334,18182.0,0.11065623909235,153,1
StandardGSGP,de3a385d-ace2-11ef-8320-8863df8a28b9,resid_build_sale_price,4,53,0.05924601852893829,0.07877397537231445,18546.0,0.11065623909235,153,1
StandardGSGP,de3a385d-ace2-11ef-8320-8863df8a28b9,resid_build_sale_price,4,54,0.05924601852893829,0.08434414863586426,18692.0,0.11065623909235,153,1
StandardGSGP,de3a385d-ace2-11ef-8320-8863df8a28b9,resid_build_sale_price,4,55,0.05924601852893829,0.07877492904663086,18652.0,0.11065623909235,153,1
StandardGSGP,de3a385d-ace2-11ef-8320-8863df8a28b9,resid_build_sale_price,4,56,0.05924601852893829,0.0848994255065918,18194.0,0.11065623909235,153,1
StandardGSGP,de3a385d-ace2-11ef-8320-8863df8a28b9,resid_build_sale_price,4,57,0.05924601852893829,0.0787360668182373,18244.0,0.11065623909235,153,1
StandardGSGP,de3a385d-ace2-11ef-8320-8863df8a28b9,resid_build_sale_price,4,58,0.05924601852893829,0.08479642868041992,18636.0,0.11065623909235,153,1
StandardGSGP,de3a385d-ace2-11ef-8320-8863df8a28b9,resid_build_sale_price,4,59,0.05924601852893829,0.07888269424438477,18774.0,0.11065623909235,153,1
StandardGSGP,de3a385d-ace2-11ef-8320-8863df8a28b9,resid_build_sale_price,4,60,0.05924601852893829,0.07872533798217773,19318.0,0.11065623909235,153,1
StandardGSGP,de3a385d-ace2-11ef-8320-8863df8a28b9,resid_build_sale_price,4,61,0.05924601852893829,0.0788111686706543,19516.0,0.11065623909235,153,1
StandardGSGP,de3a385d-ace2-11ef-8320-8863df8a28b9,resid_build_sale_price,4,62,0.05924601852893829,0.07929658889770508,19572.0,0.11065623909235,153,1
StandardGSGP,de3a385d-ace2-11ef-8320-8863df8a28b9,resid_build_sale_price,4,63,0.05894046276807785,0.08482813835144043,19676.0,0.11295537650585175,159,1
StandardGSGP,de3a385d-ace2-11ef-8320-8863df8a28b9,resid_build_sale_price,4,64,0.05894046276807785,0.08496737480163574,19462.0,0.11295537650585175,159,1
StandardGSGP,de3a385d-ace2-11ef-8320-8863df8a28b9,resid_build_sale_price,4,65,0.05894046276807785,0.08475232124328613,20032.0,0.11295537650585175,159,1
StandardGSGP,de3a385d-ace2-11ef-8320-8863df8a28b9,resid_build_sale_price,4,66,0.05894046276807785,0.08479833602905273,20770.0,0.11295537650585175,159,1
StandardGSGP,de3a385d-ace2-11ef-8320-8863df8a28b9,resid_build_sale_price,4,67,0.05894046276807785,0.08486294746398926,21342.0,0.11295537650585175,159,1
StandardGSGP,de3a385d-ace2-11ef-8320-8863df8a28b9,resid_build_sale_price,4,68,0.05894046276807785,0.08484864234924316,20760.0,0.11295537650585175,159,1
StandardGSGP,de3a385d-ace2-11ef-8320-8863df8a28b9,resid_build_sale_price,4,69,0.05864553526043892,0.0848691463470459,21208.0,0.11221574991941452,165,1
StandardGSGP,de3a385d-ace2-11ef-8320-8863df8a28b9,resid_build_sale_price,4,70,0.05864553526043892,0.0822145938873291,21632.0,0.11221574991941452,165,1
StandardGSGP,de3a385d-ace2-11ef-8320-8863df8a28b9,resid_build_sale_price,4,71,0.05864553526043892,0.0785684585571289,20440.0,0.11221574991941452,165,1
StandardGSGP,de3a385d-ace2-11ef-8320-8863df8a28b9,resid_build_sale_price,4,72,0.058510228991508484,0.07500004768371582,20510.0,0.11065565049648285,171,1
StandardGSGP,de3a385d-ace2-11ef-8320-8863df8a28b9,resid_build_sale_price,4,73,0.058510228991508484,0.07213306427001953,20046.0,0.11065565049648285,171,1
StandardGSGP,de3a385d-ace2-11ef-8320-8863df8a28b9,resid_build_sale_price,4,74,0.058510228991508484,0.08469200134277344,19924.0,0.11065565049648285,171,1
StandardGSGP,de3a385d-ace2-11ef-8320-8863df8a28b9,resid_build_sale_price,4,75,0.058510228991508484,0.06338715553283691,20064.0,0.11065565049648285,171,1
StandardGSGP,de3a385d-ace2-11ef-8320-8863df8a28b9,resid_build_sale_price,4,76,0.058510228991508484,0.09082174301147461,20508.0,0.11065565049648285,171,1
StandardGSGP,de3a385d-ace2-11ef-8320-8863df8a28b9,resid_build_sale_price,4,77,0.058510228991508484,0.0857703685760498,21080.0,0.11065565049648285,171,1
StandardGSGP,de3a385d-ace2-11ef-8320-8863df8a28b9,resid_build_sale_price,4,78,0.058510228991508484,0.08477139472961426,20800.0,0.11065565049648285,171,1
StandardGSGP,de3a385d-ace2-11ef-8320-8863df8a28b9,resid_build_sale_price,4,79,0.058510228991508484,0.07579660415649414,20722.0,0.11065565049648285,171,1
StandardGSGP,de3a385d-ace2-11ef-8320-8863df8a28b9,resid_build_sale_price,4,80,0.058510228991508484,0.07579612731933594,20698.0,0.11065565049648285,171,1
StandardGSGP,de3a385d-ace2-11ef-8320-8863df8a28b9,resid_build_sale_price,4,81,0.058510228991508484,0.0747978687286377,21156.0,0.11065565049648285,171,1
StandardGSGP,de3a385d-ace2-11ef-8320-8863df8a28b9,resid_build_sale_price,4,82,0.058510228991508484,0.07978630065917969,21274.0,0.11065565049648285,171,1
StandardGSGP,de3a385d-ace2-11ef-8320-8863df8a28b9,resid_build_sale_price,4,83,0.058510228991508484,0.07878947257995605,21524.0,0.11065565049648285,171,1
StandardGSGP,de3a385d-ace2-11ef-8320-8863df8a28b9,resid_build_sale_price,4,84,0.058510228991508484,0.07280516624450684,21842.0,0.11065565049648285,171,1
StandardGSGP,de3a385d-ace2-11ef-8320-8863df8a28b9,resid_build_sale_price,4,85,0.058510228991508484,0.0797882080078125,22148.0,0.11065565049648285,171,1
StandardGSGP,de3a385d-ace2-11ef-8320-8863df8a28b9,resid_build_sale_price,4,86,0.058510228991508484,0.07779312133789062,21988.0,0.11065565049648285,171,1
StandardGSGP,de3a385d-ace2-11ef-8320-8863df8a28b9,resid_build_sale_price,4,87,0.058510228991508484,0.16455936431884766,21736.0,0.11065565049648285,171,1
StandardGSGP,de3a385d-ace2-11ef-8320-8863df8a28b9,resid_build_sale_price,4,88,0.058510228991508484,0.07779192924499512,21402.0,0.11065565049648285,171,1
StandardGSGP,de3a385d-ace2-11ef-8320-8863df8a28b9,resid_build_sale_price,4,89,0.058510228991508484,0.08078312873840332,21734.0,0.11065565049648285,171,1
StandardGSGP,de3a385d-ace2-11ef-8320-8863df8a28b9,resid_build_sale_price,4,90,0.05754395201802254,0.07579231262207031,22080.0,0.10628325492143631,201,1
StandardGSGP,de3a385d-ace2-11ef-8320-8863df8a28b9,resid_build_sale_price,4,91,0.05754395201802254,0.08377408981323242,21970.0,0.10628325492143631,201,1
StandardGSGP,de3a385d-ace2-11ef-8320-8863df8a28b9,resid_build_sale_price,4,92,0.05754395201802254,0.07380056381225586,21464.0,0.10628325492143631,201,1
StandardGSGP,de3a385d-ace2-11ef-8320-8863df8a28b9,resid_build_sale_price,4,93,0.056062955409288406,0.07380199432373047,21326.0,0.10637791454792023,213,1
StandardGSGP,de3a385d-ace2-11ef-8320-8863df8a28b9,resid_build_sale_price,4,94,0.056062955409288406,0.07579374313354492,21616.0,0.10637791454792023,213,1
StandardGSGP,de3a385d-ace2-11ef-8320-8863df8a28b9,resid_build_sale_price,4,95,0.056062955409288406,0.07679462432861328,21742.0,0.10637791454792023,213,1
StandardGSGP,de3a385d-ace2-11ef-8320-8863df8a28b9,resid_build_sale_price,4,96,0.056062955409288406,0.07679557800292969,22160.0,0.10637791454792023,213,1
StandardGSGP,de3a385d-ace2-11ef-8320-8863df8a28b9,resid_build_sale_price,4,97,0.055878523737192154,0.07779264450073242,22698.0,0.10887732356786728,247,1
StandardGSGP,de3a385d-ace2-11ef-8320-8863df8a28b9,resid_build_sale_price,4,98,0.055878523737192154,0.074798583984375,23296.0,0.10887732356786728,247,1
StandardGSGP,de3a385d-ace2-11ef-8320-8863df8a28b9,resid_build_sale_price,4,99,0.054569490253925323,0.07978534698486328,23752.0,0.10252608358860016,225,1
StandardGSGP,de3a385d-ace2-11ef-8320-8863df8a28b9,resid_build_sale_price,4,100,0.054569490253925323,0.07492804527282715,24072.0,0.10252608358860016,225,1
StandardGSGP,6d940632-ace3-11ef-ab53-8863df8a28b9,resid_build_sale_price,4,0,130.3322296142578,0.2672851085662842,3666.0,171.587890625,3,1
StandardGSGP,6d940632-ace3-11ef-ab53-8863df8a28b9,resid_build_sale_price,4,1,130.07894897460938,0.0827784538269043,2372.0,171.33270263671875,9,1
StandardGSGP,6d940632-ace3-11ef-ab53-8863df8a28b9,resid_build_sale_price,4,2,130.07894897460938,0.0807807445526123,2700.0,171.33270263671875,9,1
StandardGSGP,6d940632-ace3-11ef-ab53-8863df8a28b9,resid_build_sale_price,4,3,129.69261169433594,0.08078312873840332,2892.0,170.94290161132812,21,1
StandardGSGP,6d940632-ace3-11ef-ab53-8863df8a28b9,resid_build_sale_price,4,4,129.61257934570312,0.08078122138977051,3220.0,170.88746643066406,29,1
StandardGSGP,6d940632-ace3-11ef-ab53-8863df8a28b9,resid_build_sale_price,4,5,129.1186065673828,0.08277583122253418,3936.0,170.3627471923828,33,1
StandardGSGP,6d940632-ace3-11ef-ab53-8863df8a28b9,resid_build_sale_price,4,6,128.63067626953125,0.08177900314331055,4812.0,169.86851501464844,39,1
StandardGSGP,6d940632-ace3-11ef-ab53-8863df8a28b9,resid_build_sale_price,4,7,128.63067626953125,0.08277630805969238,5908.0,169.86851501464844,39,1
StandardGSGP,6d940632-ace3-11ef-ab53-8863df8a28b9,resid_build_sale_price,4,8,128.39431762695312,0.12067651748657227,6828.0,169.61639404296875,51,1
StandardGSGP,6d940632-ace3-11ef-ab53-8863df8a28b9,resid_build_sale_price,4,9,128.2942657470703,0.10073018074035645,7334.0,169.51480102539062,57,1
StandardGSGP,6d940632-ace3-11ef-ab53-8863df8a28b9,resid_build_sale_price,4,10,127.83689880371094,0.07878708839416504,8836.0,169.08836364746094,65,1
StandardGSGP,6d940632-ace3-11ef-ab53-8863df8a28b9,resid_build_sale_price,4,11,127.65901947021484,0.08577084541320801,10042.0,168.90469360351562,71,1
StandardGSGP,6d940632-ace3-11ef-ab53-8863df8a28b9,resid_build_sale_price,4,12,127.45563507080078,0.07280349731445312,10650.0,168.7001953125,71,1
StandardGSGP,6d940632-ace3-11ef-ab53-8863df8a28b9,resid_build_sale_price,4,13,127.10474395751953,0.07081198692321777,11852.0,168.32577514648438,73,1
StandardGSGP,6d940632-ace3-11ef-ab53-8863df8a28b9,resid_build_sale_price,4,14,127.02659606933594,0.06781768798828125,13400.0,168.26243591308594,85,1
StandardGSGP,6d940632-ace3-11ef-ab53-8863df8a28b9,resid_build_sale_price,4,15,126.66252899169922,0.06881380081176758,13842.0,167.87384033203125,81,1
StandardGSGP,6d940632-ace3-11ef-ab53-8863df8a28b9,resid_build_sale_price,4,16,126.3518295288086,0.06699728965759277,15298.0,167.5557098388672,89,1
StandardGSGP,6d940632-ace3-11ef-ab53-8863df8a28b9,resid_build_sale_price,4,17,126.10749816894531,0.06981325149536133,16386.0,167.30520629882812,95,1
StandardGSGP,6d940632-ace3-11ef-ab53-8863df8a28b9,resid_build_sale_price,4,18,125.80013275146484,0.07081103324890137,15486.0,167.0882568359375,101,1
StandardGSGP,6d940632-ace3-11ef-ab53-8863df8a28b9,resid_build_sale_price,4,19,125.56625366210938,0.07081079483032227,17790.0,166.74911499023438,109,1
StandardGSGP,6d940632-ace3-11ef-ab53-8863df8a28b9,resid_build_sale_price,4,20,125.23404693603516,0.07081246376037598,18006.0,166.51144409179688,113,1
StandardGSGP,6d940632-ace3-11ef-ab53-8863df8a28b9,resid_build_sale_price,4,21,124.71399688720703,0.06981301307678223,20576.0,165.9750518798828,119,1
StandardGSGP,6d940632-ace3-11ef-ab53-8863df8a28b9,resid_build_sale_price,4,22,124.48761749267578,0.07380199432373047,23356.0,165.74105834960938,125,1
StandardGSGP,6d940632-ace3-11ef-ab53-8863df8a28b9,resid_build_sale_price,4,23,124.48761749267578,0.07280349731445312,22526.0,165.74105834960938,125,1
StandardGSGP,6d940632-ace3-11ef-ab53-8863df8a28b9,resid_build_sale_price,4,24,124.05164337158203,0.07280492782592773,19734.0,165.28952026367188,131,1
StandardGSGP,6d940632-ace3-11ef-ab53-8863df8a28b9,resid_build_sale_price,4,25,123.9948959350586,0.06981492042541504,17234.0,165.22572326660156,137,1
StandardGSGP,6d940632-ace3-11ef-ab53-8863df8a28b9,resid_build_sale_price,4,26,123.81499481201172,0.06981301307678223,18860.0,165.0438690185547,137,1
StandardGSGP,6d940632-ace3-11ef-ab53-8863df8a28b9,resid_build_sale_price,4,27,123.6147689819336,0.0718076229095459,18914.0,164.8357696533203,143,1
StandardGSGP,6d940632-ace3-11ef-ab53-8863df8a28b9,resid_build_sale_price,4,28,123.44236755371094,0.07081151008605957,20590.0,164.6517333984375,155,1
StandardGSGP,6d940632-ace3-11ef-ab53-8863df8a28b9,resid_build_sale_price,4,29,123.09104919433594,0.06781911849975586,22462.0,164.28570556640625,161,1
StandardGSGP,6d940632-ace3-11ef-ab53-8863df8a28b9,resid_build_sale_price,4,30,122.84671783447266,0.06981492042541504,22918.0,164.10987854003906,167,1
StandardGSGP,6d940632-ace3-11ef-ab53-8863df8a28b9,resid_build_sale_price,4,31,122.81969451904297,0.06682205200195312,27014.0,164.00637817382812,165,1
StandardGSGP,6d940632-ace3-11ef-ab53-8863df8a28b9,resid_build_sale_price,4,32,122.35932159423828,0.06981372833251953,30648.0,163.52426147460938,171,1
StandardGSGP,6d940632-ace3-11ef-ab53-8863df8a28b9,resid_build_sale_price,4,33,122.35932159423828,0.06881499290466309,28648.0,163.52426147460938,171,1
StandardGSGP,6d940632-ace3-11ef-ab53-8863df8a28b9,resid_build_sale_price,4,34,122.21627044677734,0.06881451606750488,26306.0,163.41978454589844,185,1
StandardGSGP,6d940632-ace3-11ef-ab53-8863df8a28b9,resid_build_sale_price,4,35,122.04560852050781,0.07180905342102051,27462.0,163.24081420898438,191,1
StandardGSGP,6d940632-ace3-11ef-ab53-8863df8a28b9,resid_build_sale_price,4,36,121.79723358154297,0.06682085990905762,33826.0,162.9329376220703,195,1
StandardGSGP,6d940632-ace3-11ef-ab53-8863df8a28b9,resid_build_sale_price,4,37,121.79723358154297,0.06882262229919434,35208.0,162.9329376220703,195,1
StandardGSGP,6d940632-ace3-11ef-ab53-8863df8a28b9,resid_build_sale_price,4,38,121.58516693115234,0.06881594657897949,36030.0,162.70953369140625,207,1
StandardGSGP,6d940632-ace3-11ef-ab53-8863df8a28b9,resid_build_sale_price,4,39,121.38327026367188,0.06881284713745117,37640.0,162.52745056152344,575,1
StandardGSGP,6d940632-ace3-11ef-ab53-8863df8a28b9,resid_build_sale_price,4,40,121.11223602294922,0.06781911849975586,37544.0,162.19140625,223,1
StandardGSGP,6d940632-ace3-11ef-ab53-8863df8a28b9,resid_build_sale_price,4,41,120.955810546875,0.06981277465820312,40462.0,162.02584838867188,229,1
StandardGSGP,6d940632-ace3-11ef-ab53-8863df8a28b9,resid_build_sale_price,4,42,120.75807189941406,0.06582331657409668,43182.0,161.81602478027344,229,1
StandardGSGP,6d940632-ace3-11ef-ab53-8863df8a28b9,resid_build_sale_price,4,43,120.63868713378906,0.06881546974182129,48452.0,161.69036865234375,237,1
StandardGSGP,6d940632-ace3-11ef-ab53-8863df8a28b9,resid_build_sale_price,4,44,120.48797607421875,0.06794524192810059,49576.0,161.5289764404297,249,1
StandardGSGP,6d940632-ace3-11ef-ab53-8863df8a28b9,resid_build_sale_price,4,45,120.30117797851562,0.06762981414794922,50488.0,161.33670043945312,255,1
StandardGSGP,6d940632-ace3-11ef-ab53-8863df8a28b9,resid_build_sale_price,4,46,119.98262023925781,0.06251931190490723,49108.0,160.99681091308594,261,1
StandardGSGP,6d940632-ace3-11ef-ab53-8863df8a28b9,resid_build_sale_price,4,47,119.98262023925781,0.06587672233581543,47066.0,160.99681091308594,261,1
StandardGSGP,6d940632-ace3-11ef-ab53-8863df8a28b9,resid_build_sale_price,4,48,119.79156494140625,0.07450604438781738,49358.0,160.7404022216797,271,1
StandardGSGP,6d940632-ace3-11ef-ab53-8863df8a28b9,resid_build_sale_price,4,49,119.69284057617188,0.06995916366577148,50266.0,160.6347198486328,277,1
StandardGSGP,6d940632-ace3-11ef-ab53-8863df8a28b9,resid_build_sale_price,4,50,119.6717300415039,0.07281017303466797,45946.0,160.61529541015625,277,1
StandardGSGP,6d940632-ace3-11ef-ab53-8863df8a28b9,resid_build_sale_price,4,51,119.38707733154297,0.0718543529510498,39036.0,160.30679321289062,283,1
StandardGSGP,6d940632-ace3-11ef-ab53-8863df8a28b9,resid_build_sale_price,4,52,119.0901870727539,0.07906198501586914,40562.0,159.98741149902344,289,1
StandardGSGP,6d940632-ace3-11ef-ab53-8863df8a28b9,resid_build_sale_price,4,53,119.02909088134766,0.06985688209533691,51958.0,159.884033203125,295,1
StandardGSGP,6d940632-ace3-11ef-ab53-8863df8a28b9,resid_build_sale_price,4,54,118.75421905517578,0.07537341117858887,55694.0,159.62484741210938,301,1
StandardGSGP,6d940632-ace3-11ef-ab53-8863df8a28b9,resid_build_sale_price,4,55,118.71190643310547,0.07187962532043457,50328.0,159.5728759765625,309,1
StandardGSGP,6d940632-ace3-11ef-ab53-8863df8a28b9,resid_build_sale_price,4,56,118.49955749511719,0.06988883018493652,47442.0,159.34803771972656,315,1
StandardGSGP,6d940632-ace3-11ef-ab53-8863df8a28b9,resid_build_sale_price,4,57,118.28654479980469,0.0728445053100586,47016.0,159.1229248046875,319,1
StandardGSGP,6d940632-ace3-11ef-ab53-8863df8a28b9,resid_build_sale_price,4,58,118.2457275390625,0.07419013977050781,51266.0,159.07858276367188,325,1
StandardGSGP,6d940632-ace3-11ef-ab53-8863df8a28b9,resid_build_sale_price,4,59,118.19681549072266,0.0697481632232666,53784.0,159.02078247070312,327,1
StandardGSGP,6d940632-ace3-11ef-ab53-8863df8a28b9,resid_build_sale_price,4,60,118.10436248779297,0.07231664657592773,58746.0,158.92539978027344,661,1
StandardGSGP,6d940632-ace3-11ef-ab53-8863df8a28b9,resid_build_sale_price,4,61,117.97010040283203,0.0666189193725586,53298.0,158.7785186767578,337,1
StandardGSGP,6d940632-ace3-11ef-ab53-8863df8a28b9,resid_build_sale_price,4,62,117.67977905273438,0.07281756401062012,55070.0,158.53794860839844,351,1
StandardGSGP,6d940632-ace3-11ef-ab53-8863df8a28b9,resid_build_sale_price,4,63,117.53689575195312,0.07263565063476562,66376.0,158.38133239746094,361,1
StandardGSGP,6d940632-ace3-11ef-ab53-8863df8a28b9,resid_build_sale_price,4,64,117.31949615478516,0.07046151161193848,77718.0,158.23854064941406,361,1
StandardGSGP,6d940632-ace3-11ef-ab53-8863df8a28b9,resid_build_sale_price,4,65,117.23163604736328,0.06793618202209473,70344.0,158.0458526611328,367,1
StandardGSGP,6d940632-ace3-11ef-ab53-8863df8a28b9,resid_build_sale_price,4,66,117.05664825439453,0.07272601127624512,58510.0,157.9427947998047,373,1
StandardGSGP,6d940632-ace3-11ef-ab53-8863df8a28b9,resid_build_sale_price,4,67,116.91876220703125,0.07348871231079102,54948.0,157.6630096435547,385,1
StandardGSGP,6d940632-ace3-11ef-ab53-8863df8a28b9,resid_build_sale_price,4,68,116.76555633544922,0.06641602516174316,68386.0,157.49334716796875,391,1
StandardGSGP,6d940632-ace3-11ef-ab53-8863df8a28b9,resid_build_sale_price,4,69,116.71110534667969,0.07199263572692871,68782.0,157.50767517089844,1149,1
StandardGSGP,6d940632-ace3-11ef-ab53-8863df8a28b9,resid_build_sale_price,4,70,116.45095825195312,0.0700070858001709,70004.0,157.17086791992188,407,1
StandardGSGP,6d940632-ace3-11ef-ab53-8863df8a28b9,resid_build_sale_price,4,71,116.31552124023438,0.07227158546447754,79462.0,157.0032196044922,801,1
StandardGSGP,6d940632-ace3-11ef-ab53-8863df8a28b9,resid_build_sale_price,4,72,116.0681381225586,0.07055854797363281,104552.0,156.74380493164062,419,1
StandardGSGP,6d940632-ace3-11ef-ab53-8863df8a28b9,resid_build_sale_price,4,73,115.73870086669922,0.06981062889099121,114564.0,156.3743133544922,425,1
StandardGSGP,6d940632-ace3-11ef-ab53-8863df8a28b9,resid_build_sale_price,4,74,115.6733169555664,0.06881093978881836,117870.0,156.30078125,1887,1
StandardGSGP,6d940632-ace3-11ef-ab53-8863df8a28b9,resid_build_sale_price,4,75,115.36853790283203,0.06582069396972656,132778.0,155.95693969726562,431,1
StandardGSGP,6d940632-ace3-11ef-ab53-8863df8a28b9,resid_build_sale_price,4,76,115.3192138671875,0.06981229782104492,128108.0,155.9011993408203,443,1
StandardGSGP,6d940632-ace3-11ef-ab53-8863df8a28b9,resid_build_sale_price,4,77,115.03856658935547,0.06981420516967773,130046.0,155.58157348632812,449,1
StandardGSGP,6d940632-ace3-11ef-ab53-8863df8a28b9,resid_build_sale_price,4,78,114.81985473632812,0.06981396675109863,133630.0,155.33624267578125,1911,1
StandardGSGP,6d940632-ace3-11ef-ab53-8863df8a28b9,resid_build_sale_price,4,79,114.81985473632812,0.07280349731445312,121122.0,155.33624267578125,1911,1
StandardGSGP,6d940632-ace3-11ef-ab53-8863df8a28b9,resid_build_sale_price,4,80,114.78063201904297,0.06881308555603027,120134.0,155.3259735107422,467,1
StandardGSGP,6d940632-ace3-11ef-ab53-8863df8a28b9,resid_build_sale_price,4,81,114.66557312011719,0.07080745697021484,138136.0,155.20387268066406,3197,1
StandardGSGP,6d940632-ace3-11ef-ab53-8863df8a28b9,resid_build_sale_price,4,82,114.5790023803711,0.07080984115600586,167642.0,155.06072998046875,1937,1
StandardGSGP,6d940632-ace3-11ef-ab53-8863df8a28b9,resid_build_sale_price,4,83,114.31079864501953,0.07380294799804688,219238.0,154.7698211669922,1935,1
StandardGSGP,6d940632-ace3-11ef-ab53-8863df8a28b9,resid_build_sale_price,4,84,114.31072998046875,0.0827784538269043,244600.0,154.76966857910156,1941,1
StandardGSGP,6d940632-ace3-11ef-ab53-8863df8a28b9,resid_build_sale_price,4,85,114.03543090820312,0.07280516624450684,304940.0,154.45086669921875,1947,1
StandardGSGP,6d940632-ace3-11ef-ab53-8863df8a28b9,resid_build_sale_price,4,86,114.01238250732422,0.07080984115600586,345050.0,154.42323303222656,1953,1
StandardGSGP,6d940632-ace3-11ef-ab53-8863df8a28b9,resid_build_sale_price,4,87,113.94407653808594,0.17752623558044434,357872.0,154.34381103515625,1963,1
StandardGSGP,6d940632-ace3-11ef-ab53-8863df8a28b9,resid_build_sale_price,4,88,113.8449478149414,0.06781840324401855,347416.0,154.30670166015625,1967,1
StandardGSGP,6d940632-ace3-11ef-ab53-8863df8a28b9,resid_build_sale_price,4,89,113.52685546875,0.07579326629638672,309784.0,153.85643005371094,1971,1
StandardGSGP,6d940632-ace3-11ef-ab53-8863df8a28b9,resid_build_sale_price,4,90,113.39814758300781,0.0688180923461914,315028.0,153.7319793701172,1977,1
StandardGSGP,6d940632-ace3-11ef-ab53-8863df8a28b9,resid_build_sale_price,4,91,113.27941131591797,0.06682062149047852,268460.0,153.57254028320312,1983,1
StandardGSGP,6d940632-ace3-11ef-ab53-8863df8a28b9,resid_build_sale_price,4,92,113.21279907226562,0.07180953025817871,254250.0,153.49386596679688,1989,1
StandardGSGP,6d940632-ace3-11ef-ab53-8863df8a28b9,resid_build_sale_price,4,93,113.10577392578125,0.07280302047729492,235210.0,153.3596649169922,1995,1
StandardGSGP,6d940632-ace3-11ef-ab53-8863df8a28b9,resid_build_sale_price,4,94,112.88868713378906,0.06981229782104492,235910.0,153.11224365234375,2005,1
StandardGSGP,6d940632-ace3-11ef-ab53-8863df8a28b9,resid_build_sale_price,4,95,112.82324981689453,0.07081007957458496,272624.0,153.09478759765625,2001,1
StandardGSGP,6d940632-ace3-11ef-ab53-8863df8a28b9,resid_build_sale_price,4,96,112.63790130615234,0.06582331657409668,325410.0,152.8383331298828,2017,1
StandardGSGP,6d940632-ace3-11ef-ab53-8863df8a28b9,resid_build_sale_price,4,97,112.56912231445312,0.06981444358825684,354464.0,152.73040771484375,4035,1
StandardGSGP,6d940632-ace3-11ef-ab53-8863df8a28b9,resid_build_sale_price,4,98,112.56912231445312,0.06689763069152832,365634.0,152.73040771484375,4035,1
StandardGSGP,6d940632-ace3-11ef-ab53-8863df8a28b9,resid_build_sale_price,4,99,112.29682922363281,0.07348060607910156,382378.0,152.4280548095703,10081,1
StandardGSGP,6d940632-ace3-11ef-ab53-8863df8a28b9,resid_build_sale_price,4,100,112.2683334350586,0.06383848190307617,425178.0,152.39358520507812,10087,1
