StandardGSGP,351dd5cb-ace3-11ef-901d-8863df8a28b9,resid_build_sale_price,22,0,0.14234919846057892,0.13938665390014648,2142.0,0.15839651226997375,3,1
StandardGSGP,351dd5cb-ace3-11ef-901d-8863df8a28b9,resid_build_sale_price,22,1,0.1310472935438156,0.07549643516540527,1364.0,0.12105168402194977,9,1
StandardGSGP,351dd5cb-ace3-11ef-901d-8863df8a28b9,resid_build_sale_price,22,2,0.1050766333937645,0.0750732421875,1634.0,0.10205839574337006,15,1
StandardGSGP,351dd5cb-ace3-11ef-901d-8863df8a28b9,resid_build_sale_price,22,3,0.1050766333937645,0.07261109352111816,2140.0,0.10205839574337006,15,1
StandardGSGP,351dd5cb-ace3-11ef-901d-8863df8a28b9,resid_build_sale_price,22,4,0.1050766333937645,0.07880020141601562,2726.0,0.10205839574337006,15,1
StandardGSGP,351dd5cb-ace3-11ef-901d-8863df8a28b9,resid_build_sale_price,22,5,0.10021985322237015,0.07654094696044922,3144.0,0.0944463312625885,21,1
StandardGSGP,351dd5cb-ace3-11ef-901d-8863df8a28b9,resid_build_sale_price,22,6,0.09256105870008469,0.06791210174560547,3414.0,0.08685242384672165,27,1
StandardGSGP,351dd5cb-ace3-11ef-901d-8863df8a28b9,resid_build_sale_price,22,7,0.09256105870008469,0.06658220291137695,3842.0,0.08685242384672165,27,1
StandardGSGP,351dd5cb-ace3-11ef-901d-8863df8a28b9,resid_build_sale_price,22,8,0.09256105870008469,0.07929682731628418,4440.0,0.08685242384672165,27,1
StandardGSGP,351dd5cb-ace3-11ef-901d-8863df8a28b9,resid_build_sale_price,22,9,0.09256105870008469,0.07243084907531738,5136.0,0.08685242384672165,27,1
StandardGSGP,351dd5cb-ace3-11ef-901d-8863df8a28b9,resid_build_sale_price,22,10,0.09031590819358826,0.07103490829467773,5582.0,0.08312028646469116,33,1
StandardGSGP,351dd5cb-ace3-11ef-901d-8863df8a28b9,resid_build_sale_price,22,11,0.09031590819358826,0.0848684310913086,5662.0,0.08312028646469116,33,1
StandardGSGP,351dd5cb-ace3-11ef-901d-8863df8a28b9,resid_build_sale_price,22,12,0.08932455629110336,0.10306382179260254,5932.0,0.08188910037279129,63,1
StandardGSGP,351dd5cb-ace3-11ef-901d-8863df8a28b9,resid_build_sale_price,22,13,0.08932455629110336,0.0969393253326416,6248.0,0.08188910037279129,63,1
StandardGSGP,351dd5cb-ace3-11ef-901d-8863df8a28b9,resid_build_sale_price,22,14,0.08932455629110336,0.07764554023742676,6814.0,0.08188910037279129,63,1
StandardGSGP,351dd5cb-ace3-11ef-901d-8863df8a28b9,resid_build_sale_price,22,15,0.08511436730623245,0.0765688419342041,7336.0,0.07640383392572403,71,1
StandardGSGP,351dd5cb-ace3-11ef-901d-8863df8a28b9,resid_build_sale_price,22,16,0.08245110511779785,0.07202863693237305,8166.0,0.07355155795812607,91,1
StandardGSGP,351dd5cb-ace3-11ef-901d-8863df8a28b9,resid_build_sale_price,22,17,0.08245110511779785,0.07267284393310547,9096.0,0.07355155795812607,91,1
StandardGSGP,351dd5cb-ace3-11ef-901d-8863df8a28b9,resid_build_sale_price,22,18,0.08245110511779785,0.07544159889221191,9792.0,0.07355155795812607,91,1
StandardGSGP,351dd5cb-ace3-11ef-901d-8863df8a28b9,resid_build_sale_price,22,19,0.08245110511779785,0.07780838012695312,10416.0,0.07355155795812607,91,1
StandardGSGP,351dd5cb-ace3-11ef-901d-8863df8a28b9,resid_build_sale_price,22,20,0.08245110511779785,0.06968474388122559,10966.0,0.07355155795812607,91,1
StandardGSGP,351dd5cb-ace3-11ef-901d-8863df8a28b9,resid_build_sale_price,22,21,0.08245110511779785,0.06960415840148926,11322.0,0.07355155795812607,91,1
StandardGSGP,351dd5cb-ace3-11ef-901d-8863df8a28b9,resid_build_sale_price,22,22,0.08245110511779785,0.0727224349975586,11744.0,0.07355155795812607,91,1
StandardGSGP,351dd5cb-ace3-11ef-901d-8863df8a28b9,resid_build_sale_price,22,23,0.08124495297670364,0.06629776954650879,12148.0,0.07451192289590836,131,1
StandardGSGP,351dd5cb-ace3-11ef-901d-8863df8a28b9,resid_build_sale_price,22,24,0.08124495297670364,0.07884979248046875,12984.0,0.07451192289590836,131,1
StandardGSGP,351dd5cb-ace3-11ef-901d-8863df8a28b9,resid_build_sale_price,22,25,0.0794295072555542,0.07266497611999512,13634.0,0.08045016974210739,147,1
StandardGSGP,351dd5cb-ace3-11ef-901d-8863df8a28b9,resid_build_sale_price,22,26,0.07864272594451904,0.07266712188720703,14260.0,0.0660034716129303,111,1
StandardGSGP,351dd5cb-ace3-11ef-901d-8863df8a28b9,resid_build_sale_price,22,27,0.07811568677425385,0.0722968578338623,15058.0,0.06346049159765244,159,1
StandardGSGP,351dd5cb-ace3-11ef-901d-8863df8a28b9,resid_build_sale_price,22,28,0.07811568677425385,0.07301998138427734,15786.0,0.06346049159765244,159,1
StandardGSGP,351dd5cb-ace3-11ef-901d-8863df8a28b9,resid_build_sale_price,22,29,0.0780981108546257,0.07231354713439941,16596.0,0.06738158315420151,167,1
StandardGSGP,351dd5cb-ace3-11ef-901d-8863df8a28b9,resid_build_sale_price,22,30,0.07747791707515717,0.07377004623413086,17266.0,0.06349660456180573,165,1
StandardGSGP,351dd5cb-ace3-11ef-901d-8863df8a28b9,resid_build_sale_price,22,31,0.07641410827636719,0.07080912590026855,17896.0,0.06000222638249397,173,1
StandardGSGP,351dd5cb-ace3-11ef-901d-8863df8a28b9,resid_build_sale_price,22,32,0.07641410827636719,0.07280564308166504,18386.0,0.06000222638249397,173,1
StandardGSGP,351dd5cb-ace3-11ef-901d-8863df8a28b9,resid_build_sale_price,22,33,0.07465469837188721,0.07280516624450684,19118.0,0.06577932834625244,185,1
StandardGSGP,351dd5cb-ace3-11ef-901d-8863df8a28b9,resid_build_sale_price,22,34,0.07465469837188721,0.0718083381652832,19384.0,0.06577932834625244,185,1
StandardGSGP,351dd5cb-ace3-11ef-901d-8863df8a28b9,resid_build_sale_price,22,35,0.0701414942741394,0.07180380821228027,19912.0,0.06214926764369011,197,1
StandardGSGP,351dd5cb-ace3-11ef-901d-8863df8a28b9,resid_build_sale_price,22,36,0.0701414942741394,0.07280659675598145,20260.0,0.06214926764369011,197,1
StandardGSGP,351dd5cb-ace3-11ef-901d-8863df8a28b9,resid_build_sale_price,22,37,0.06976205110549927,0.0718069076538086,20686.0,0.06358841061592102,203,1
StandardGSGP,351dd5cb-ace3-11ef-901d-8863df8a28b9,resid_build_sale_price,22,38,0.06976205110549927,0.06981539726257324,21064.0,0.06358841061592102,203,1
StandardGSGP,351dd5cb-ace3-11ef-901d-8863df8a28b9,resid_build_sale_price,22,39,0.06976205110549927,0.06981182098388672,21638.0,0.06358841061592102,203,1
StandardGSGP,351dd5cb-ace3-11ef-901d-8863df8a28b9,resid_build_sale_price,22,40,0.06971412897109985,0.0698084831237793,22166.0,0.0634675845503807,211,1
StandardGSGP,351dd5cb-ace3-11ef-901d-8863df8a28b9,resid_build_sale_price,22,41,0.06953115016222,0.07180953025817871,22712.0,0.062012556940317154,217,1
StandardGSGP,351dd5cb-ace3-11ef-901d-8863df8a28b9,resid_build_sale_price,22,42,0.06953115016222,0.0747976303100586,23178.0,0.062012556940317154,217,1
StandardGSGP,351dd5cb-ace3-11ef-901d-8863df8a28b9,resid_build_sale_price,22,43,0.0692165270447731,0.07080626487731934,23548.0,0.06921907514333725,233,1
StandardGSGP,351dd5cb-ace3-11ef-901d-8863df8a28b9,resid_build_sale_price,22,44,0.0692165270447731,0.07280516624450684,23846.0,0.06921907514333725,233,1
StandardGSGP,351dd5cb-ace3-11ef-901d-8863df8a28b9,resid_build_sale_price,22,45,0.0692165270447731,0.07380104064941406,24246.0,0.06921907514333725,233,1
StandardGSGP,351dd5cb-ace3-11ef-901d-8863df8a28b9,resid_build_sale_price,22,46,0.06798740476369858,0.06881594657897949,24718.0,0.08883732557296753,251,1
StandardGSGP,351dd5cb-ace3-11ef-901d-8863df8a28b9,resid_build_sale_price,22,47,0.06798740476369858,0.07280683517456055,25268.0,0.08883732557296753,251,1
StandardGSGP,351dd5cb-ace3-11ef-901d-8863df8a28b9,resid_build_sale_price,22,48,0.06798740476369858,0.0718071460723877,25958.0,0.08883732557296753,251,1
StandardGSGP,351dd5cb-ace3-11ef-901d-8863df8a28b9,resid_build_sale_price,22,49,0.06798740476369858,0.07280611991882324,26524.0,0.08883732557296753,251,1
StandardGSGP,351dd5cb-ace3-11ef-901d-8863df8a28b9,resid_build_sale_price,22,50,0.06798740476369858,0.07280659675598145,27132.0,0.08883732557296753,251,1
StandardGSGP,351dd5cb-ace3-11ef-901d-8863df8a28b9,resid_build_sale_price,22,51,0.06726039201021194,0.06682038307189941,27734.0,0.09614872187376022,281,1
StandardGSGP,351dd5cb-ace3-11ef-901d-8863df8a28b9,resid_build_sale_price,22,52,0.06726039201021194,0.07380318641662598,28114.0,0.09614872187376022,281,1
StandardGSGP,351dd5cb-ace3-11ef-901d-8863df8a28b9,resid_build_sale_price,22,53,0.06715605407953262,0.06981229782104492,28386.0,0.09612224251031876,287,1
StandardGSGP,351dd5cb-ace3-11ef-901d-8863df8a28b9,resid_build_sale_price,22,54,0.06715605407953262,0.0688176155090332,28808.0,0.09612224251031876,287,1
StandardGSGP,351dd5cb-ace3-11ef-901d-8863df8a28b9,resid_build_sale_price,22,55,0.06705053150653839,0.07280707359313965,29110.0,0.09647096693515778,293,1
StandardGSGP,351dd5cb-ace3-11ef-901d-8863df8a28b9,resid_build_sale_price,22,56,0.06705053150653839,0.07180666923522949,29492.0,0.09647096693515778,293,1
StandardGSGP,351dd5cb-ace3-11ef-901d-8863df8a28b9,resid_build_sale_price,22,57,0.06705053150653839,0.07091236114501953,29750.0,0.09647096693515778,293,1
StandardGSGP,351dd5cb-ace3-11ef-901d-8863df8a28b9,resid_build_sale_price,22,58,0.06705053150653839,0.07379865646362305,30278.0,0.09647096693515778,293,1
StandardGSGP,351dd5cb-ace3-11ef-901d-8863df8a28b9,resid_build_sale_price,22,59,0.06705053150653839,0.07280445098876953,30754.0,0.09647096693515778,293,1
StandardGSGP,351dd5cb-ace3-11ef-901d-8863df8a28b9,resid_build_sale_price,22,60,0.06705053150653839,0.07081055641174316,31406.0,0.09647096693515778,293,1
StandardGSGP,351dd5cb-ace3-11ef-901d-8863df8a28b9,resid_build_sale_price,22,61,0.06362687796354294,0.0718071460723877,31868.0,0.08980785310268402,311,1
StandardGSGP,351dd5cb-ace3-11ef-901d-8863df8a28b9,resid_build_sale_price,22,62,0.06324635446071625,0.071807861328125,32128.0,0.08831405639648438,317,1
StandardGSGP,351dd5cb-ace3-11ef-901d-8863df8a28b9,resid_build_sale_price,22,63,0.06324635446071625,0.06782054901123047,32508.0,0.08831405639648438,317,1
StandardGSGP,351dd5cb-ace3-11ef-901d-8863df8a28b9,resid_build_sale_price,22,64,0.06324635446071625,0.06981682777404785,32994.0,0.08831405639648438,317,1
StandardGSGP,351dd5cb-ace3-11ef-901d-8863df8a28b9,resid_build_sale_price,22,65,0.06324635446071625,0.06981062889099121,33648.0,0.08831405639648438,317,1
StandardGSGP,351dd5cb-ace3-11ef-901d-8863df8a28b9,resid_build_sale_price,22,66,0.06324635446071625,0.17254066467285156,33936.0,0.08831405639648438,317,1
StandardGSGP,351dd5cb-ace3-11ef-901d-8863df8a28b9,resid_build_sale_price,22,67,0.06324635446071625,0.07280874252319336,34602.0,0.08831405639648438,317,1
StandardGSGP,351dd5cb-ace3-11ef-901d-8863df8a28b9,resid_build_sale_price,22,68,0.06315040588378906,0.07779097557067871,35200.0,0.08798950165510178,325,1
StandardGSGP,351dd5cb-ace3-11ef-901d-8863df8a28b9,resid_build_sale_price,22,69,0.0631365031003952,0.0718076229095459,35514.0,0.08854096382856369,323,1
StandardGSGP,351dd5cb-ace3-11ef-901d-8863df8a28b9,resid_build_sale_price,22,70,0.0631365031003952,0.07080793380737305,36102.0,0.08854096382856369,323,1
StandardGSGP,351dd5cb-ace3-11ef-901d-8863df8a28b9,resid_build_sale_price,22,71,0.06288500130176544,0.07080936431884766,36026.0,0.08818208426237106,329,1
StandardGSGP,351dd5cb-ace3-11ef-901d-8863df8a28b9,resid_build_sale_price,22,72,0.06288500130176544,0.07280397415161133,36040.0,0.08818208426237106,329,1
StandardGSGP,351dd5cb-ace3-11ef-901d-8863df8a28b9,resid_build_sale_price,22,73,0.06288500130176544,0.07280540466308594,36326.0,0.08818208426237106,329,1
StandardGSGP,351dd5cb-ace3-11ef-901d-8863df8a28b9,resid_build_sale_price,22,74,0.06288500130176544,0.07180643081665039,36930.0,0.08818208426237106,329,1
StandardGSGP,351dd5cb-ace3-11ef-901d-8863df8a28b9,resid_build_sale_price,22,75,0.06288500130176544,0.0718083381652832,36102.0,0.08818208426237106,329,1
StandardGSGP,351dd5cb-ace3-11ef-901d-8863df8a28b9,resid_build_sale_price,22,76,0.06288500130176544,0.07779169082641602,36286.0,0.08818208426237106,329,1
StandardGSGP,351dd5cb-ace3-11ef-901d-8863df8a28b9,resid_build_sale_price,22,77,0.06261328607797623,0.07081222534179688,36486.0,0.08509410172700882,359,1
StandardGSGP,351dd5cb-ace3-11ef-901d-8863df8a28b9,resid_build_sale_price,22,78,0.06261328607797623,0.07080912590026855,36872.0,0.08509410172700882,359,1
StandardGSGP,351dd5cb-ace3-11ef-901d-8863df8a28b9,resid_build_sale_price,22,79,0.06261328607797623,0.07280349731445312,37364.0,0.08509410172700882,359,1
StandardGSGP,351dd5cb-ace3-11ef-901d-8863df8a28b9,resid_build_sale_price,22,80,0.06261328607797623,0.06981420516967773,37988.0,0.08509410172700882,359,1
StandardGSGP,351dd5cb-ace3-11ef-901d-8863df8a28b9,resid_build_sale_price,22,81,0.06193242594599724,0.06881594657897949,38572.0,0.09266269207000732,393,1
StandardGSGP,351dd5cb-ace3-11ef-901d-8863df8a28b9,resid_build_sale_price,22,82,0.06193242594599724,0.06981086730957031,38892.0,0.09266269207000732,393,1
StandardGSGP,351dd5cb-ace3-11ef-901d-8863df8a28b9,resid_build_sale_price,22,83,0.059616465121507645,0.07489800453186035,39722.0,0.09212987124919891,401,1
StandardGSGP,351dd5cb-ace3-11ef-901d-8863df8a28b9,resid_build_sale_price,22,84,0.059616465121507645,0.07579684257507324,40296.0,0.09212987124919891,401,1
StandardGSGP,351dd5cb-ace3-11ef-901d-8863df8a28b9,resid_build_sale_price,22,85,0.05787557363510132,0.06781625747680664,40806.0,0.09116539359092712,409,1
StandardGSGP,351dd5cb-ace3-11ef-901d-8863df8a28b9,resid_build_sale_price,22,86,0.05787557363510132,0.07180595397949219,41418.0,0.09116539359092712,409,1
StandardGSGP,351dd5cb-ace3-11ef-901d-8863df8a28b9,resid_build_sale_price,22,87,0.05787557363510132,0.07380270957946777,42108.0,0.09116539359092712,409,1
StandardGSGP,351dd5cb-ace3-11ef-901d-8863df8a28b9,resid_build_sale_price,22,88,0.0573059543967247,0.07679152488708496,42726.0,0.09126016497612,417,1
StandardGSGP,351dd5cb-ace3-11ef-901d-8863df8a28b9,resid_build_sale_price,22,89,0.0573059543967247,0.06981492042541504,43214.0,0.09126016497612,417,1
StandardGSGP,351dd5cb-ace3-11ef-901d-8863df8a28b9,resid_build_sale_price,22,90,0.057246219366788864,0.07180523872375488,43608.0,0.09126779437065125,423,1
StandardGSGP,351dd5cb-ace3-11ef-901d-8863df8a28b9,resid_build_sale_price,22,91,0.057246219366788864,0.07081127166748047,43922.0,0.09126779437065125,423,1
StandardGSGP,351dd5cb-ace3-11ef-901d-8863df8a28b9,resid_build_sale_price,22,92,0.056712932884693146,0.07081151008605957,44256.0,0.08734504133462906,429,1
StandardGSGP,351dd5cb-ace3-11ef-901d-8863df8a28b9,resid_build_sale_price,22,93,0.056712932884693146,0.07579731941223145,44404.0,0.08734504133462906,429,1
StandardGSGP,351dd5cb-ace3-11ef-901d-8863df8a28b9,resid_build_sale_price,22,94,0.056712932884693146,0.06881451606750488,44592.0,0.08734504133462906,429,1
StandardGSGP,351dd5cb-ace3-11ef-901d-8863df8a28b9,resid_build_sale_price,22,95,0.056712932884693146,0.08078622817993164,44960.0,0.08734504133462906,429,1
StandardGSGP,351dd5cb-ace3-11ef-901d-8863df8a28b9,resid_build_sale_price,22,96,0.056712932884693146,0.06881260871887207,45478.0,0.08734504133462906,429,1
StandardGSGP,351dd5cb-ace3-11ef-901d-8863df8a28b9,resid_build_sale_price,22,97,0.056712932884693146,0.07280611991882324,45836.0,0.08734504133462906,429,1
StandardGSGP,351dd5cb-ace3-11ef-901d-8863df8a28b9,resid_build_sale_price,22,98,0.056712932884693146,0.0718085765838623,46030.0,0.08734504133462906,429,1
StandardGSGP,351dd5cb-ace3-11ef-901d-8863df8a28b9,resid_build_sale_price,22,99,0.056712932884693146,0.0718083381652832,46168.0,0.08734504133462906,429,1
StandardGSGP,351dd5cb-ace3-11ef-901d-8863df8a28b9,resid_build_sale_price,22,100,0.056712932884693146,0.07080769538879395,46570.0,0.08734504133462906,429,1
StandardGSGP,c3d55b71-ace3-11ef-a150-8863df8a28b9,resid_build_sale_price,22,0,130.10719299316406,0.23237872123718262,3664.0,132.55433654785156,3,1
StandardGSGP,c3d55b71-ace3-11ef-a150-8863df8a28b9,resid_build_sale_price,22,1,130.10719299316406,0.07280349731445312,2238.0,132.55433654785156,3,1
StandardGSGP,c3d55b71-ace3-11ef-a150-8863df8a28b9,resid_build_sale_price,22,2,130.08355712890625,0.07579803466796875,2838.0,132.5300750732422,15,1
StandardGSGP,c3d55b71-ace3-11ef-a150-8863df8a28b9,resid_build_sale_price,22,3,129.77767944335938,0.07579493522644043,2714.0,132.2264404296875,29,1
StandardGSGP,c3d55b71-ace3-11ef-a150-8863df8a28b9,resid_build_sale_price,22,4,89.88725280761719,0.06881237030029297,3470.0,82.5845947265625,55,1
StandardGSGP,c3d55b71-ace3-11ef-a150-8863df8a28b9,resid_build_sale_price,22,5,89.66814422607422,0.07081151008605957,4416.0,82.45882415771484,61,1
StandardGSGP,c3d55b71-ace3-11ef-a150-8863df8a28b9,resid_build_sale_price,22,6,89.6680679321289,0.07280659675598145,5580.0,82.45882415771484,67,1
StandardGSGP,c3d55b71-ace3-11ef-a150-8863df8a28b9,resid_build_sale_price,22,7,88.82377624511719,0.06582427024841309,8080.0,87.20733642578125,111,1
StandardGSGP,c3d55b71-ace3-11ef-a150-8863df8a28b9,resid_build_sale_price,22,8,88.81231689453125,0.0698091983795166,10482.0,87.28952026367188,117,1
StandardGSGP,c3d55b71-ace3-11ef-a150-8863df8a28b9,resid_build_sale_price,22,9,88.81159210205078,0.06981682777404785,12698.0,81.59709930419922,137,1
StandardGSGP,c3d55b71-ace3-11ef-a150-8863df8a28b9,resid_build_sale_price,22,10,88.18248748779297,0.06981348991394043,15544.0,84.01885223388672,299,1
StandardGSGP,c3d55b71-ace3-11ef-a150-8863df8a28b9,resid_build_sale_price,22,11,87.73079681396484,0.07679438591003418,19314.0,83.4827651977539,283,1
StandardGSGP,c3d55b71-ace3-11ef-a150-8863df8a28b9,resid_build_sale_price,22,12,87.68779754638672,0.06981134414672852,22618.0,83.48766326904297,289,1
StandardGSGP,c3d55b71-ace3-11ef-a150-8863df8a28b9,resid_build_sale_price,22,13,87.67109680175781,0.07280802726745605,29500.0,83.47378540039062,637,1
StandardGSGP,c3d55b71-ace3-11ef-a150-8863df8a28b9,resid_build_sale_price,22,14,87.60846710205078,0.06781768798828125,40046.0,83.46653747558594,643,1
StandardGSGP,c3d55b71-ace3-11ef-a150-8863df8a28b9,resid_build_sale_price,22,15,87.58197021484375,0.07380199432373047,55074.0,83.46424102783203,643,1
StandardGSGP,c3d55b71-ace3-11ef-a150-8863df8a28b9,resid_build_sale_price,22,16,87.55064392089844,0.06981110572814941,67820.0,83.46134185791016,655,1
StandardGSGP,c3d55b71-ace3-11ef-a150-8863df8a28b9,resid_build_sale_price,22,17,87.52141571044922,0.06682109832763672,80324.0,83.46068572998047,829,1
StandardGSGP,c3d55b71-ace3-11ef-a150-8863df8a28b9,resid_build_sale_price,22,18,87.45750427246094,0.0718073844909668,82964.0,83.46092224121094,665,1
StandardGSGP,c3d55b71-ace3-11ef-a150-8863df8a28b9,resid_build_sale_price,22,19,87.4303970336914,0.06881499290466309,74592.0,83.46015930175781,675,1
StandardGSGP,c3d55b71-ace3-11ef-a150-8863df8a28b9,resid_build_sale_price,22,20,87.36467742919922,0.06682395935058594,80838.0,83.47293853759766,687,1
StandardGSGP,c3d55b71-ace3-11ef-a150-8863df8a28b9,resid_build_sale_price,22,21,87.28218078613281,0.06881499290466309,81968.0,83.50067138671875,691,1
StandardGSGP,c3d55b71-ace3-11ef-a150-8863df8a28b9,resid_build_sale_price,22,22,87.2085189819336,0.07380008697509766,84014.0,83.51708221435547,697,1
StandardGSGP,c3d55b71-ace3-11ef-a150-8863df8a28b9,resid_build_sale_price,22,23,87.11774444580078,0.06582450866699219,93718.0,83.54566955566406,703,1
StandardGSGP,c3d55b71-ace3-11ef-a150-8863df8a28b9,resid_build_sale_price,22,24,87.07545471191406,0.06781744956970215,87416.0,83.5581283569336,709,1
StandardGSGP,c3d55b71-ace3-11ef-a150-8863df8a28b9,resid_build_sale_price,22,25,87.04951477050781,0.06981110572814941,85734.0,83.59060668945312,715,1
StandardGSGP,c3d55b71-ace3-11ef-a150-8863df8a28b9,resid_build_sale_price,22,26,87.0010757446289,0.0718088150024414,94936.0,83.45048522949219,721,1
StandardGSGP,c3d55b71-ace3-11ef-a150-8863df8a28b9,resid_build_sale_price,22,27,86.98033142089844,0.08078408241271973,103508.0,83.47026062011719,727,1
StandardGSGP,c3d55b71-ace3-11ef-a150-8863df8a28b9,resid_build_sale_price,22,28,86.9607162475586,0.0857689380645752,106378.0,83.48793029785156,735,1
StandardGSGP,c3d55b71-ace3-11ef-a150-8863df8a28b9,resid_build_sale_price,22,29,86.94615173339844,0.07081031799316406,130166.0,83.50775909423828,733,1
StandardGSGP,c3d55b71-ace3-11ef-a150-8863df8a28b9,resid_build_sale_price,22,30,86.91419219970703,0.06981301307678223,131872.0,83.54412078857422,739,1
StandardGSGP,c3d55b71-ace3-11ef-a150-8863df8a28b9,resid_build_sale_price,22,31,86.90056610107422,0.06981444358825684,117456.0,83.52690887451172,753,1
StandardGSGP,c3d55b71-ace3-11ef-a150-8863df8a28b9,resid_build_sale_price,22,32,86.8984146118164,0.0718076229095459,119532.0,83.57035064697266,745,1
StandardGSGP,c3d55b71-ace3-11ef-a150-8863df8a28b9,resid_build_sale_price,22,33,86.8352279663086,0.07081270217895508,110042.0,83.43524169921875,751,1
StandardGSGP,c3d55b71-ace3-11ef-a150-8863df8a28b9,resid_build_sale_price,22,34,86.8352279663086,0.06582212448120117,115336.0,83.43524169921875,751,1
StandardGSGP,c3d55b71-ace3-11ef-a150-8863df8a28b9,resid_build_sale_price,22,35,86.82540130615234,0.07280540466308594,120618.0,83.44590759277344,757,1
StandardGSGP,c3d55b71-ace3-11ef-a150-8863df8a28b9,resid_build_sale_price,22,36,86.7921371459961,0.0718080997467041,123502.0,83.44032287597656,783,1
StandardGSGP,c3d55b71-ace3-11ef-a150-8863df8a28b9,resid_build_sale_price,22,37,86.73149871826172,0.06781840324401855,160060.0,83.35997772216797,2283,1
StandardGSGP,c3d55b71-ace3-11ef-a150-8863df8a28b9,resid_build_sale_price,22,38,86.67048645019531,0.0716700553894043,171516.0,83.5811996459961,2331,1
StandardGSGP,c3d55b71-ace3-11ef-a150-8863df8a28b9,resid_build_sale_price,22,39,86.6471939086914,0.07651996612548828,154814.0,83.66246032714844,2337,1
StandardGSGP,c3d55b71-ace3-11ef-a150-8863df8a28b9,resid_build_sale_price,22,40,86.6418685913086,0.06669497489929199,166798.0,83.5325927734375,2339,1
StandardGSGP,c3d55b71-ace3-11ef-a150-8863df8a28b9,resid_build_sale_price,22,41,86.57501220703125,0.07219195365905762,230282.0,83.41624450683594,2349,1
StandardGSGP,c3d55b71-ace3-11ef-a150-8863df8a28b9,resid_build_sale_price,22,42,86.49787139892578,0.07525348663330078,295064.0,83.3165283203125,2355,1
StandardGSGP,c3d55b71-ace3-11ef-a150-8863df8a28b9,resid_build_sale_price,22,43,86.49739837646484,0.06931471824645996,319364.0,83.31352233886719,2361,1
StandardGSGP,c3d55b71-ace3-11ef-a150-8863df8a28b9,resid_build_sale_price,22,44,86.4693832397461,0.07262444496154785,330610.0,83.40919494628906,2367,1
StandardGSGP,c3d55b71-ace3-11ef-a150-8863df8a28b9,resid_build_sale_price,22,45,86.4629898071289,0.07885217666625977,288990.0,83.44808197021484,2375,1
StandardGSGP,c3d55b71-ace3-11ef-a150-8863df8a28b9,resid_build_sale_price,22,46,86.44148254394531,0.07218694686889648,278172.0,83.43424987792969,2381,1
StandardGSGP,c3d55b71-ace3-11ef-a150-8863df8a28b9,resid_build_sale_price,22,47,86.42230224609375,0.0714726448059082,293248.0,83.3819351196289,2385,1
StandardGSGP,c3d55b71-ace3-11ef-a150-8863df8a28b9,resid_build_sale_price,22,48,86.42217254638672,0.06887578964233398,317826.0,83.38280487060547,2391,1
StandardGSGP,c3d55b71-ace3-11ef-a150-8863df8a28b9,resid_build_sale_price,22,49,86.3859634399414,0.17011475563049316,318644.0,83.35606384277344,4775,1
StandardGSGP,c3d55b71-ace3-11ef-a150-8863df8a28b9,resid_build_sale_price,22,50,86.3859634399414,0.06697583198547363,326682.0,83.35606384277344,4775,1
StandardGSGP,c3d55b71-ace3-11ef-a150-8863df8a28b9,resid_build_sale_price,22,51,86.26751708984375,0.07264208793640137,329632.0,83.35893249511719,2413,1
StandardGSGP,c3d55b71-ace3-11ef-a150-8863df8a28b9,resid_build_sale_price,22,52,86.2636489868164,0.06662845611572266,394954.0,83.41532135009766,2419,1
StandardGSGP,c3d55b71-ace3-11ef-a150-8863df8a28b9,resid_build_sale_price,22,53,86.26249694824219,0.07233071327209473,417218.0,83.46186828613281,2425,1
StandardGSGP,c3d55b71-ace3-11ef-a150-8863df8a28b9,resid_build_sale_price,22,54,86.25729370117188,0.06662392616271973,430140.0,83.44156646728516,4853,1
StandardGSGP,c3d55b71-ace3-11ef-a150-8863df8a28b9,resid_build_sale_price,22,55,86.24506378173828,0.0714409351348877,374192.0,83.40422821044922,4857,1
StandardGSGP,c3d55b71-ace3-11ef-a150-8863df8a28b9,resid_build_sale_price,22,56,86.1363525390625,0.06599855422973633,421510.0,83.40518188476562,4873,1
StandardGSGP,c3d55b71-ace3-11ef-a150-8863df8a28b9,resid_build_sale_price,22,57,86.1263198852539,0.06893014907836914,456178.0,83.38148498535156,4881,1
StandardGSGP,c3d55b71-ace3-11ef-a150-8863df8a28b9,resid_build_sale_price,22,58,86.12370300292969,0.06884622573852539,471646.0,83.37804412841797,4887,1
StandardGSGP,c3d55b71-ace3-11ef-a150-8863df8a28b9,resid_build_sale_price,22,59,86.12284851074219,0.07279729843139648,555266.0,83.3789291381836,7353,1
StandardGSGP,c3d55b71-ace3-11ef-a150-8863df8a28b9,resid_build_sale_price,22,60,86.0308609008789,0.07324433326721191,617106.0,83.22993469238281,4895,1
StandardGSGP,c3d55b71-ace3-11ef-a150-8863df8a28b9,resid_build_sale_price,22,61,86.0308609008789,0.06656408309936523,686508.0,83.22993469238281,4895,1
StandardGSGP,c3d55b71-ace3-11ef-a150-8863df8a28b9,resid_build_sale_price,22,62,86.0229263305664,0.06689929962158203,795190.0,83.3099594116211,7365,1
StandardGSGP,c3d55b71-ace3-11ef-a150-8863df8a28b9,resid_build_sale_price,22,63,86.01805877685547,0.07527995109558105,879340.0,83.2313461303711,4917,1
StandardGSGP,c3d55b71-ace3-11ef-a150-8863df8a28b9,resid_build_sale_price,22,64,85.95540618896484,0.06809782981872559,892260.0,83.09313201904297,17187,1
StandardGSGP,c3d55b71-ace3-11ef-a150-8863df8a28b9,resid_build_sale_price,22,65,85.95540618896484,0.0718076229095459,819116.0,83.09313201904297,17187,1
StandardGSGP,c3d55b71-ace3-11ef-a150-8863df8a28b9,resid_build_sale_price,22,66,85.95540618896484,0.06682014465332031,868858.0,83.09313201904297,17187,1
StandardGSGP,c3d55b71-ace3-11ef-a150-8863df8a28b9,resid_build_sale_price,22,67,85.9462661743164,0.06781888008117676,1046270.0,83.14215087890625,4931,1
StandardGSGP,c3d55b71-ace3-11ef-a150-8863df8a28b9,resid_build_sale_price,22,68,85.9462661743164,0.06881523132324219,1265410.0,83.14215087890625,4931,1
StandardGSGP,c3d55b71-ace3-11ef-a150-8863df8a28b9,resid_build_sale_price,22,69,85.85590362548828,0.06782341003417969,1774546.0,83.03530883789062,17207,1
StandardGSGP,c3d55b71-ace3-11ef-a150-8863df8a28b9,resid_build_sale_price,22,70,85.85590362548828,0.06981158256530762,2057584.0,83.03530883789062,17207,1
StandardGSGP,c3d55b71-ace3-11ef-a150-8863df8a28b9,resid_build_sale_price,22,71,85.83645629882812,0.06781744956970215,2370530.0,83.0438461303711,17221,1
StandardGSGP,c3d55b71-ace3-11ef-a150-8863df8a28b9,resid_build_sale_price,22,72,85.83645629882812,0.06881856918334961,2702760.0,83.0438461303711,17221,1
StandardGSGP,c3d55b71-ace3-11ef-a150-8863df8a28b9,resid_build_sale_price,22,73,85.8176498413086,0.06881546974182129,2488340.0,83.02529907226562,17235,1
StandardGSGP,c3d55b71-ace3-11ef-a150-8863df8a28b9,resid_build_sale_price,22,74,85.80088806152344,0.06781697273254395,2506284.0,82.93415832519531,17233,1
StandardGSGP,c3d55b71-ace3-11ef-a150-8863df8a28b9,resid_build_sale_price,22,75,85.80021667480469,0.0718088150024414,2753266.0,82.9322738647461,17239,1
StandardGSGP,c3d55b71-ace3-11ef-a150-8863df8a28b9,resid_build_sale_price,22,76,85.79013061523438,0.07081246376037598,3017546.0,82.92557525634766,17239,1
StandardGSGP,c3d55b71-ace3-11ef-a150-8863df8a28b9,resid_build_sale_price,22,77,85.77658081054688,0.07080936431884766,4131202.0,82.8406982421875,91115,1
StandardGSGP,c3d55b71-ace3-11ef-a150-8863df8a28b9,resid_build_sale_price,22,78,85.7756576538086,0.07081103324890137,6128594.0,82.86776733398438,91121,1
StandardGSGP,c3d55b71-ace3-11ef-a150-8863df8a28b9,resid_build_sale_price,22,79,85.76971435546875,0.0718080997467041,8264132.0,82.87285614013672,91127,1
StandardGSGP,c3d55b71-ace3-11ef-a150-8863df8a28b9,resid_build_sale_price,22,80,85.7326431274414,0.068817138671875,10409590.0,82.7359390258789,91127,1
StandardGSGP,c3d55b71-ace3-11ef-a150-8863df8a28b9,resid_build_sale_price,22,81,85.71226501464844,0.07280659675598145,11826222.0,82.75466918945312,91141,1
StandardGSGP,c3d55b71-ace3-11ef-a150-8863df8a28b9,resid_build_sale_price,22,82,85.70728302001953,0.0718069076538086,11875672.0,82.75071716308594,91147,1
StandardGSGP,c3d55b71-ace3-11ef-a150-8863df8a28b9,resid_build_sale_price,22,83,85.66333770751953,0.06682181358337402,12517104.0,82.72734832763672,91155,1
StandardGSGP,c3d55b71-ace3-11ef-a150-8863df8a28b9,resid_build_sale_price,22,84,85.66333770751953,0.071807861328125,12527826.0,82.72734832763672,91155,1
StandardGSGP,c3d55b71-ace3-11ef-a150-8863df8a28b9,resid_build_sale_price,22,85,85.6519775390625,0.07380318641662598,12001304.0,82.79488372802734,91163,1
StandardGSGP,c3d55b71-ace3-11ef-a150-8863df8a28b9,resid_build_sale_price,22,86,85.64722442626953,0.07081151008605957,11881356.0,82.7820816040039,91169,1
StandardGSGP,c3d55b71-ace3-11ef-a150-8863df8a28b9,resid_build_sale_price,22,87,85.6425552368164,0.07080888748168945,11487898.0,82.76038360595703,91175,1
StandardGSGP,c3d55b71-ace3-11ef-a150-8863df8a28b9,resid_build_sale_price,22,88,85.6043701171875,0.0698096752166748,11215120.0,82.6971206665039,91179,1
StandardGSGP,c3d55b71-ace3-11ef-a150-8863df8a28b9,resid_build_sale_price,22,89,85.6043701171875,0.07081007957458496,13130588.0,82.6971206665039,91179,1
StandardGSGP,c3d55b71-ace3-11ef-a150-8863df8a28b9,resid_build_sale_price,22,90,85.57154846191406,0.07081079483032227,13860618.0,82.61431884765625,182377,1
StandardGSGP,c3d55b71-ace3-11ef-a150-8863df8a28b9,resid_build_sale_price,22,91,85.57154846191406,0.0718080997467041,13405604.0,82.61431884765625,182377,1
StandardGSGP,c3d55b71-ace3-11ef-a150-8863df8a28b9,resid_build_sale_price,22,92,85.57145690917969,0.068817138671875,14774070.0,82.61408996582031,182383,1
StandardGSGP,c3d55b71-ace3-11ef-a150-8863df8a28b9,resid_build_sale_price,22,93,85.52535247802734,0.07081222534179688,15869088.0,82.72998809814453,91203,1
StandardGSGP,c3d55b71-ace3-11ef-a150-8863df8a28b9,resid_build_sale_price,22,94,85.52075958251953,0.07679581642150879,17419618.0,82.5101318359375,182401,1
StandardGSGP,c3d55b71-ace3-11ef-a150-8863df8a28b9,resid_build_sale_price,22,95,85.4210433959961,0.06781554222106934,21797726.0,82.52536010742188,182395,1
StandardGSGP,c3d55b71-ace3-11ef-a150-8863df8a28b9,resid_build_sale_price,22,96,85.4210433959961,0.06782102584838867,23258116.0,82.52536010742188,182395,1
StandardGSGP,c3d55b71-ace3-11ef-a150-8863df8a28b9,resid_build_sale_price,22,97,85.41895294189453,0.06981158256530762,20340714.0,82.51082611083984,182403,1
StandardGSGP,c3d55b71-ace3-11ef-a150-8863df8a28b9,resid_build_sale_price,22,98,85.36881256103516,0.06881475448608398,17788174.0,82.57295989990234,182409,1
StandardGSGP,c3d55b71-ace3-11ef-a150-8863df8a28b9,resid_build_sale_price,22,99,85.36881256103516,0.07180666923522949,18427340.0,82.57295989990234,182409,1
StandardGSGP,c3d55b71-ace3-11ef-a150-8863df8a28b9,resid_build_sale_price,22,100,85.36502075195312,0.07280254364013672,21071712.0,82.55998992919922,182415,1
