StandardGSGP,2b25f0e8-ace3-11ef-9f37-8863df8a28b9,resid_build_sale_price,20,0,0.1341870278120041,0.14162039756774902,2138.0,0.13374611735343933,3,1
StandardGSGP,2b25f0e8-ace3-11ef-9f37-8863df8a28b9,resid_build_sale_price,20,1,0.13325676321983337,0.074798583984375,1078.0,0.12231631577014923,9,1
StandardGSGP,2b25f0e8-ace3-11ef-9f37-8863df8a28b9,resid_build_sale_price,20,2,0.13181310892105103,0.0718073844909668,1586.0,0.17882482707500458,15,1
StandardGSGP,2b25f0e8-ace3-11ef-9f37-8863df8a28b9,resid_build_sale_price,20,3,0.1283707618713379,0.0688180923461914,2118.0,0.14594639837741852,21,1
StandardGSGP,2b25f0e8-ace3-11ef-9f37-8863df8a28b9,resid_build_sale_price,20,4,0.12238660454750061,0.0718076229095459,2674.0,0.13513284921646118,27,1
StandardGSGP,2b25f0e8-ace3-11ef-9f37-8863df8a28b9,resid_build_sale_price,20,5,0.10568524897098541,0.07878851890563965,3214.0,0.12268047779798508,33,1
StandardGSGP,2b25f0e8-ace3-11ef-9f37-8863df8a28b9,resid_build_sale_price,20,6,0.10568524897098541,0.07480025291442871,3756.0,0.12268047779798508,33,1
StandardGSGP,2b25f0e8-ace3-11ef-9f37-8863df8a28b9,resid_build_sale_price,20,7,0.10506310313940048,0.07080888748168945,4436.0,0.12369249761104584,39,1
StandardGSGP,2b25f0e8-ace3-11ef-9f37-8863df8a28b9,resid_build_sale_price,20,8,0.10173409432172775,0.08177947998046875,4904.0,0.11860266327857971,53,1
StandardGSGP,2b25f0e8-ace3-11ef-9f37-8863df8a28b9,resid_build_sale_price,20,9,0.10026634484529495,0.06981182098388672,5292.0,0.11689136177301407,59,1
StandardGSGP,2b25f0e8-ace3-11ef-9f37-8863df8a28b9,resid_build_sale_price,20,10,0.10026634484529495,0.07679557800292969,5722.0,0.11689136177301407,59,1
StandardGSGP,2b25f0e8-ace3-11ef-9f37-8863df8a28b9,resid_build_sale_price,20,11,0.0924195796251297,0.0747978687286377,6326.0,0.10543753206729889,65,1
StandardGSGP,2b25f0e8-ace3-11ef-9f37-8863df8a28b9,resid_build_sale_price,20,12,0.0924195796251297,0.08177995681762695,6948.0,0.10543753206729889,65,1
StandardGSGP,2b25f0e8-ace3-11ef-9f37-8863df8a28b9,resid_build_sale_price,20,13,0.0924195796251297,0.07590150833129883,7606.0,0.10543753206729889,65,1
StandardGSGP,2b25f0e8-ace3-11ef-9f37-8863df8a28b9,resid_build_sale_price,20,14,0.0924195796251297,0.08078646659851074,8172.0,0.10543753206729889,65,1
StandardGSGP,2b25f0e8-ace3-11ef-9f37-8863df8a28b9,resid_build_sale_price,20,15,0.0924195796251297,0.07081341743469238,8630.0,0.10543753206729889,65,1
StandardGSGP,2b25f0e8-ace3-11ef-9f37-8863df8a28b9,resid_build_sale_price,20,16,0.09097382426261902,0.07380008697509766,8914.0,0.10361932963132858,95,1
StandardGSGP,2b25f0e8-ace3-11ef-9f37-8863df8a28b9,resid_build_sale_price,20,17,0.09097382426261902,0.07579922676086426,9464.0,0.10361932963132858,95,1
StandardGSGP,2b25f0e8-ace3-11ef-9f37-8863df8a28b9,resid_build_sale_price,20,18,0.08882550150156021,0.07878899574279785,10020.0,0.10281776636838913,89,1
StandardGSGP,2b25f0e8-ace3-11ef-9f37-8863df8a28b9,resid_build_sale_price,20,19,0.08882550150156021,0.07380008697509766,10632.0,0.10281776636838913,89,1
StandardGSGP,2b25f0e8-ace3-11ef-9f37-8863df8a28b9,resid_build_sale_price,20,20,0.08438777178525925,0.0718076229095459,11060.0,0.09205685555934906,101,1
StandardGSGP,2b25f0e8-ace3-11ef-9f37-8863df8a28b9,resid_build_sale_price,20,21,0.08438777178525925,0.09973621368408203,11460.0,0.09205685555934906,101,1
StandardGSGP,2b25f0e8-ace3-11ef-9f37-8863df8a28b9,resid_build_sale_price,20,22,0.08438777178525925,0.0857703685760498,11580.0,0.09205685555934906,101,1
StandardGSGP,2b25f0e8-ace3-11ef-9f37-8863df8a28b9,resid_build_sale_price,20,23,0.08438777178525925,0.08177995681762695,12158.0,0.09205685555934906,101,1
StandardGSGP,2b25f0e8-ace3-11ef-9f37-8863df8a28b9,resid_build_sale_price,20,24,0.08389825373888016,0.07480216026306152,12418.0,0.09147653728723526,107,1
StandardGSGP,2b25f0e8-ace3-11ef-9f37-8863df8a28b9,resid_build_sale_price,20,25,0.08186876028776169,0.07579755783081055,12620.0,0.0894332155585289,113,1
StandardGSGP,2b25f0e8-ace3-11ef-9f37-8863df8a28b9,resid_build_sale_price,20,26,0.08186876028776169,0.0827798843383789,12712.0,0.0894332155585289,113,1
StandardGSGP,2b25f0e8-ace3-11ef-9f37-8863df8a28b9,resid_build_sale_price,20,27,0.08135666698217392,0.10172891616821289,13256.0,0.09337253123521805,129,1
StandardGSGP,2b25f0e8-ace3-11ef-9f37-8863df8a28b9,resid_build_sale_price,20,28,0.07783776521682739,0.0747983455657959,13704.0,0.08587918430566788,135,1
StandardGSGP,2b25f0e8-ace3-11ef-9f37-8863df8a28b9,resid_build_sale_price,20,29,0.07783776521682739,0.08178305625915527,14052.0,0.08587918430566788,135,1
StandardGSGP,2b25f0e8-ace3-11ef-9f37-8863df8a28b9,resid_build_sale_price,20,30,0.07783776521682739,0.0718069076538086,14456.0,0.08587918430566788,135,1
StandardGSGP,2b25f0e8-ace3-11ef-9f37-8863df8a28b9,resid_build_sale_price,20,31,0.07783776521682739,0.09574341773986816,14832.0,0.08587918430566788,135,1
StandardGSGP,2b25f0e8-ace3-11ef-9f37-8863df8a28b9,resid_build_sale_price,20,32,0.07678517699241638,0.08178138732910156,15348.0,0.07639400660991669,157,1
StandardGSGP,2b25f0e8-ace3-11ef-9f37-8863df8a28b9,resid_build_sale_price,20,33,0.07678517699241638,0.07679629325866699,15944.0,0.07639400660991669,157,1
StandardGSGP,2b25f0e8-ace3-11ef-9f37-8863df8a28b9,resid_build_sale_price,20,34,0.07664069533348083,0.0718083381652832,16570.0,0.07530006021261215,163,1
StandardGSGP,2b25f0e8-ace3-11ef-9f37-8863df8a28b9,resid_build_sale_price,20,35,0.07442490011453629,0.07779216766357422,17058.0,0.07276475429534912,169,1
StandardGSGP,2b25f0e8-ace3-11ef-9f37-8863df8a28b9,resid_build_sale_price,20,36,0.07442490011453629,0.09075808525085449,17536.0,0.07276475429534912,169,1
StandardGSGP,2b25f0e8-ace3-11ef-9f37-8863df8a28b9,resid_build_sale_price,20,37,0.07356620579957962,0.09585857391357422,18018.0,0.07473523914813995,181,1
StandardGSGP,2b25f0e8-ace3-11ef-9f37-8863df8a28b9,resid_build_sale_price,20,38,0.07356620579957962,0.07579612731933594,18474.0,0.07473523914813995,181,1
StandardGSGP,2b25f0e8-ace3-11ef-9f37-8863df8a28b9,resid_build_sale_price,20,39,0.07251984626054764,0.07480216026306152,18754.0,0.07149272412061691,187,1
StandardGSGP,2b25f0e8-ace3-11ef-9f37-8863df8a28b9,resid_build_sale_price,20,40,0.07251984626054764,0.08178067207336426,19318.0,0.07149272412061691,187,1
StandardGSGP,2b25f0e8-ace3-11ef-9f37-8863df8a28b9,resid_build_sale_price,20,41,0.07154880464076996,0.10072994232177734,20070.0,0.06995030492544174,209,1
StandardGSGP,2b25f0e8-ace3-11ef-9f37-8863df8a28b9,resid_build_sale_price,20,42,0.06963204592466354,0.08477330207824707,20734.0,0.06579118967056274,205,1
StandardGSGP,2b25f0e8-ace3-11ef-9f37-8863df8a28b9,resid_build_sale_price,20,43,0.06963204592466354,0.07579874992370605,21266.0,0.06579118967056274,205,1
StandardGSGP,2b25f0e8-ace3-11ef-9f37-8863df8a28b9,resid_build_sale_price,20,44,0.06963204592466354,0.0767967700958252,21862.0,0.06579118967056274,205,1
StandardGSGP,2b25f0e8-ace3-11ef-9f37-8863df8a28b9,resid_build_sale_price,20,45,0.06953315436840057,0.0997316837310791,22310.0,0.06566216051578522,217,1
StandardGSGP,2b25f0e8-ace3-11ef-9f37-8863df8a28b9,resid_build_sale_price,20,46,0.06953315436840057,0.07280468940734863,22970.0,0.06566216051578522,217,1
StandardGSGP,2b25f0e8-ace3-11ef-9f37-8863df8a28b9,resid_build_sale_price,20,47,0.06668931245803833,0.07679390907287598,23650.0,0.062078122049570084,223,1
StandardGSGP,2b25f0e8-ace3-11ef-9f37-8863df8a28b9,resid_build_sale_price,20,48,0.06668931245803833,0.07380223274230957,23978.0,0.062078122049570084,223,1
StandardGSGP,2b25f0e8-ace3-11ef-9f37-8863df8a28b9,resid_build_sale_price,20,49,0.06668931245803833,0.09474587440490723,24444.0,0.062078122049570084,223,1
StandardGSGP,2b25f0e8-ace3-11ef-9f37-8863df8a28b9,resid_build_sale_price,20,50,0.0662565678358078,0.10671424865722656,25100.0,0.06195292994379997,229,1
StandardGSGP,2b25f0e8-ace3-11ef-9f37-8863df8a28b9,resid_build_sale_price,20,51,0.0662565678358078,0.11170053482055664,25904.0,0.06195292994379997,229,1
StandardGSGP,2b25f0e8-ace3-11ef-9f37-8863df8a28b9,resid_build_sale_price,20,52,0.0662565678358078,0.07679462432861328,26210.0,0.06195292994379997,229,1
StandardGSGP,2b25f0e8-ace3-11ef-9f37-8863df8a28b9,resid_build_sale_price,20,53,0.0662565678358078,0.09175395965576172,26066.0,0.06195292994379997,229,1
StandardGSGP,2b25f0e8-ace3-11ef-9f37-8863df8a28b9,resid_build_sale_price,20,54,0.0662565678358078,0.07978510856628418,25792.0,0.06195292994379997,229,1
StandardGSGP,2b25f0e8-ace3-11ef-9f37-8863df8a28b9,resid_build_sale_price,20,55,0.0662565678358078,0.07579326629638672,25880.0,0.06195292994379997,229,1
StandardGSGP,2b25f0e8-ace3-11ef-9f37-8863df8a28b9,resid_build_sale_price,20,56,0.0662565678358078,0.07380270957946777,26280.0,0.06195292994379997,229,1
StandardGSGP,2b25f0e8-ace3-11ef-9f37-8863df8a28b9,resid_build_sale_price,20,57,0.0662565678358078,0.09873414039611816,26858.0,0.06195292994379997,229,1
StandardGSGP,2b25f0e8-ace3-11ef-9f37-8863df8a28b9,resid_build_sale_price,20,58,0.0662565678358078,0.07579708099365234,26834.0,0.06195292994379997,229,1
StandardGSGP,2b25f0e8-ace3-11ef-9f37-8863df8a28b9,resid_build_sale_price,20,59,0.0662565678358078,0.06981348991394043,27382.0,0.06195292994379997,229,1
StandardGSGP,2b25f0e8-ace3-11ef-9f37-8863df8a28b9,resid_build_sale_price,20,60,0.0662565678358078,0.07994771003723145,28046.0,0.06195292994379997,229,1
StandardGSGP,2b25f0e8-ace3-11ef-9f37-8863df8a28b9,resid_build_sale_price,20,61,0.0662565678358078,0.07779145240783691,28040.0,0.06195292994379997,229,1
StandardGSGP,2b25f0e8-ace3-11ef-9f37-8863df8a28b9,resid_build_sale_price,20,62,0.0662565678358078,0.19747114181518555,28126.0,0.06195292994379997,229,1
StandardGSGP,2b25f0e8-ace3-11ef-9f37-8863df8a28b9,resid_build_sale_price,20,63,0.0662565678358078,0.08676815032958984,28392.0,0.06195292994379997,229,1
StandardGSGP,2b25f0e8-ace3-11ef-9f37-8863df8a28b9,resid_build_sale_price,20,64,0.06615698337554932,0.09574389457702637,28190.0,0.061932940036058426,235,1
StandardGSGP,2b25f0e8-ace3-11ef-9f37-8863df8a28b9,resid_build_sale_price,20,65,0.06615698337554932,0.07380199432373047,27558.0,0.061932940036058426,235,1
StandardGSGP,2b25f0e8-ace3-11ef-9f37-8863df8a28b9,resid_build_sale_price,20,66,0.06615698337554932,0.07879090309143066,27578.0,0.061932940036058426,235,1
StandardGSGP,2b25f0e8-ace3-11ef-9f37-8863df8a28b9,resid_build_sale_price,20,67,0.06615698337554932,0.08676862716674805,27912.0,0.061932940036058426,235,1
StandardGSGP,2b25f0e8-ace3-11ef-9f37-8863df8a28b9,resid_build_sale_price,20,68,0.0660896822810173,0.08776450157165527,28252.0,0.062005363404750824,241,1
StandardGSGP,2b25f0e8-ace3-11ef-9f37-8863df8a28b9,resid_build_sale_price,20,69,0.0660896822810173,0.07480096817016602,28762.0,0.062005363404750824,241,1
StandardGSGP,2b25f0e8-ace3-11ef-9f37-8863df8a28b9,resid_build_sale_price,20,70,0.06411255896091461,0.07280564308166504,28888.0,0.07114680111408234,307,1
StandardGSGP,2b25f0e8-ace3-11ef-9f37-8863df8a28b9,resid_build_sale_price,20,71,0.06411255896091461,0.09873771667480469,29128.0,0.07114680111408234,307,1
StandardGSGP,2b25f0e8-ace3-11ef-9f37-8863df8a28b9,resid_build_sale_price,20,72,0.06344819813966751,0.07878923416137695,28844.0,0.06862904131412506,313,1
StandardGSGP,2b25f0e8-ace3-11ef-9f37-8863df8a28b9,resid_build_sale_price,20,73,0.06344819813966751,0.07579588890075684,30322.0,0.06862904131412506,313,1
StandardGSGP,2b25f0e8-ace3-11ef-9f37-8863df8a28b9,resid_build_sale_price,20,74,0.06316171586513519,0.07280611991882324,31268.0,0.06628075242042542,325,1
StandardGSGP,2b25f0e8-ace3-11ef-9f37-8863df8a28b9,resid_build_sale_price,20,75,0.06316171586513519,0.07380223274230957,31916.0,0.06628075242042542,325,1
StandardGSGP,2b25f0e8-ace3-11ef-9f37-8863df8a28b9,resid_build_sale_price,20,76,0.06316171586513519,0.07579731941223145,32952.0,0.06628075242042542,325,1
StandardGSGP,2b25f0e8-ace3-11ef-9f37-8863df8a28b9,resid_build_sale_price,20,77,0.06316171586513519,0.09175276756286621,33654.0,0.06628075242042542,325,1
StandardGSGP,2b25f0e8-ace3-11ef-9f37-8863df8a28b9,resid_build_sale_price,20,78,0.0627719834446907,0.07978606224060059,34336.0,0.06729092448949814,343,1
StandardGSGP,2b25f0e8-ace3-11ef-9f37-8863df8a28b9,resid_build_sale_price,20,79,0.062168244272470474,0.07380270957946777,34842.0,0.06677411496639252,349,1
StandardGSGP,2b25f0e8-ace3-11ef-9f37-8863df8a28b9,resid_build_sale_price,20,80,0.062168244272470474,0.09474778175354004,35528.0,0.06677411496639252,349,1
StandardGSGP,2b25f0e8-ace3-11ef-9f37-8863df8a28b9,resid_build_sale_price,20,81,0.06183513626456261,0.07579636573791504,36050.0,0.06610973924398422,355,1
StandardGSGP,2b25f0e8-ace3-11ef-9f37-8863df8a28b9,resid_build_sale_price,20,82,0.06183513626456261,0.07679271697998047,36548.0,0.06610973924398422,355,1
StandardGSGP,2b25f0e8-ace3-11ef-9f37-8863df8a28b9,resid_build_sale_price,20,83,0.06163686886429787,0.07150411605834961,37232.0,0.0656820610165596,361,1
StandardGSGP,2b25f0e8-ace3-11ef-9f37-8863df8a28b9,resid_build_sale_price,20,84,0.06163686886429787,0.07679510116577148,37520.0,0.0656820610165596,361,1
StandardGSGP,2b25f0e8-ace3-11ef-9f37-8863df8a28b9,resid_build_sale_price,20,85,0.06163686886429787,0.07119464874267578,38138.0,0.0656820610165596,361,1
StandardGSGP,2b25f0e8-ace3-11ef-9f37-8863df8a28b9,resid_build_sale_price,20,86,0.06163686886429787,0.09275054931640625,38874.0,0.0656820610165596,361,1
StandardGSGP,2b25f0e8-ace3-11ef-9f37-8863df8a28b9,resid_build_sale_price,20,87,0.06163686886429787,0.08704328536987305,39490.0,0.0656820610165596,361,1
StandardGSGP,2b25f0e8-ace3-11ef-9f37-8863df8a28b9,resid_build_sale_price,20,88,0.061633139848709106,0.08462285995483398,39874.0,0.06511163711547852,369,1
StandardGSGP,2b25f0e8-ace3-11ef-9f37-8863df8a28b9,resid_build_sale_price,20,89,0.061633139848709106,0.07096433639526367,39944.0,0.06511163711547852,369,1
StandardGSGP,2b25f0e8-ace3-11ef-9f37-8863df8a28b9,resid_build_sale_price,20,90,0.061633139848709106,0.0909116268157959,40054.0,0.06511163711547852,369,1
StandardGSGP,2b25f0e8-ace3-11ef-9f37-8863df8a28b9,resid_build_sale_price,20,91,0.061633139848709106,0.0908968448638916,40324.0,0.06511163711547852,369,1
StandardGSGP,2b25f0e8-ace3-11ef-9f37-8863df8a28b9,resid_build_sale_price,20,92,0.061633139848709106,0.07872152328491211,40858.0,0.06511163711547852,369,1
StandardGSGP,2b25f0e8-ace3-11ef-9f37-8863df8a28b9,resid_build_sale_price,20,93,0.061633139848709106,0.07904934883117676,41030.0,0.06511163711547852,369,1
StandardGSGP,2b25f0e8-ace3-11ef-9f37-8863df8a28b9,resid_build_sale_price,20,94,0.061633139848709106,0.08077549934387207,40776.0,0.06511163711547852,369,1
StandardGSGP,2b25f0e8-ace3-11ef-9f37-8863df8a28b9,resid_build_sale_price,20,95,0.061633139848709106,0.08523893356323242,41190.0,0.06511163711547852,369,1
StandardGSGP,2b25f0e8-ace3-11ef-9f37-8863df8a28b9,resid_build_sale_price,20,96,0.061633139848709106,0.07757210731506348,41966.0,0.06511163711547852,369,1
StandardGSGP,2b25f0e8-ace3-11ef-9f37-8863df8a28b9,resid_build_sale_price,20,97,0.061633139848709106,0.07811546325683594,41742.0,0.06511163711547852,369,1
StandardGSGP,2b25f0e8-ace3-11ef-9f37-8863df8a28b9,resid_build_sale_price,20,98,0.061633139848709106,0.0793616771697998,42078.0,0.06511163711547852,369,1
StandardGSGP,2b25f0e8-ace3-11ef-9f37-8863df8a28b9,resid_build_sale_price,20,99,0.061633139848709106,0.07091164588928223,42446.0,0.06511163711547852,369,1
StandardGSGP,2b25f0e8-ace3-11ef-9f37-8863df8a28b9,resid_build_sale_price,20,100,0.061633139848709106,0.08569741249084473,41786.0,0.06511163711547852,369,1
StandardGSGP,ba50d809-ace3-11ef-bd3c-8863df8a28b9,resid_build_sale_price,20,0,131.52084350585938,0.2313857078552246,3662.0,152.2002716064453,3,1
StandardGSGP,ba50d809-ace3-11ef-bd3c-8863df8a28b9,resid_build_sale_price,20,1,131.1725311279297,0.06781625747680664,3508.0,151.84666442871094,9,1
StandardGSGP,ba50d809-ace3-11ef-bd3c-8863df8a28b9,resid_build_sale_price,20,2,131.0872802734375,0.0738065242767334,3306.0,151.7600555419922,15,1
StandardGSGP,ba50d809-ace3-11ef-bd3c-8863df8a28b9,resid_build_sale_price,20,3,130.73854064941406,0.06981372833251953,2666.0,151.4344940185547,21,1
StandardGSGP,ba50d809-ace3-11ef-bd3c-8863df8a28b9,resid_build_sale_price,20,4,130.69052124023438,0.07379865646362305,3274.0,151.36012268066406,21,1
StandardGSGP,ba50d809-ace3-11ef-bd3c-8863df8a28b9,resid_build_sale_price,20,5,130.3896942138672,0.06981682777404785,3948.0,151.0795135498047,37,1
StandardGSGP,ba50d809-ace3-11ef-bd3c-8863df8a28b9,resid_build_sale_price,20,6,130.15066528320312,0.07081055641174316,4496.0,150.8340301513672,43,1
StandardGSGP,ba50d809-ace3-11ef-bd3c-8863df8a28b9,resid_build_sale_price,20,7,130.09689331054688,0.06582403182983398,5454.0,150.779296875,51,1
StandardGSGP,ba50d809-ace3-11ef-bd3c-8863df8a28b9,resid_build_sale_price,20,8,129.81858825683594,0.06781601905822754,6658.0,150.48133850097656,55,1
StandardGSGP,ba50d809-ace3-11ef-bd3c-8863df8a28b9,resid_build_sale_price,20,9,129.76869201660156,0.06981444358825684,7010.0,150.447509765625,55,1
StandardGSGP,ba50d809-ace3-11ef-bd3c-8863df8a28b9,resid_build_sale_price,20,10,129.6730499267578,0.06981611251831055,8122.0,150.34996032714844,63,1
StandardGSGP,ba50d809-ace3-11ef-bd3c-8863df8a28b9,resid_build_sale_price,20,11,129.2445068359375,0.07280468940734863,8974.0,149.89500427246094,75,1
StandardGSGP,ba50d809-ace3-11ef-bd3c-8863df8a28b9,resid_build_sale_price,20,12,129.146484375,0.07081127166748047,10402.0,149.79530334472656,79,1
StandardGSGP,ba50d809-ace3-11ef-bd3c-8863df8a28b9,resid_build_sale_price,20,13,128.98037719726562,0.07081246376037598,11300.0,149.6238250732422,89,1
StandardGSGP,ba50d809-ace3-11ef-bd3c-8863df8a28b9,resid_build_sale_price,20,14,128.8688507080078,0.06781792640686035,13000.0,149.5288543701172,95,1
StandardGSGP,ba50d809-ace3-11ef-bd3c-8863df8a28b9,resid_build_sale_price,20,15,128.65692138671875,0.06881308555603027,17204.0,149.3008270263672,185,1
StandardGSGP,ba50d809-ace3-11ef-bd3c-8863df8a28b9,resid_build_sale_price,20,16,128.45875549316406,0.07081007957458496,19724.0,149.09698486328125,191,1
StandardGSGP,ba50d809-ace3-11ef-bd3c-8863df8a28b9,resid_build_sale_price,20,17,128.39340209960938,0.06582236289978027,24602.0,149.02951049804688,255,1
StandardGSGP,ba50d809-ace3-11ef-bd3c-8863df8a28b9,resid_build_sale_price,20,18,128.10086059570312,0.07480239868164062,25448.0,148.73028564453125,203,1
StandardGSGP,ba50d809-ace3-11ef-bd3c-8863df8a28b9,resid_build_sale_price,20,19,127.7276382446289,0.06682062149047852,29068.0,148.4067840576172,211,1
StandardGSGP,ba50d809-ace3-11ef-bd3c-8863df8a28b9,resid_build_sale_price,20,20,127.7276382446289,0.06682181358337402,35644.0,148.4067840576172,211,1
StandardGSGP,ba50d809-ace3-11ef-bd3c-8863df8a28b9,resid_build_sale_price,20,21,127.4591064453125,0.0688161849975586,36686.0,148.10546875,371,1
StandardGSGP,ba50d809-ace3-11ef-bd3c-8863df8a28b9,resid_build_sale_price,20,22,127.26365661621094,0.07080960273742676,37162.0,147.90452575683594,377,1
StandardGSGP,ba50d809-ace3-11ef-bd3c-8863df8a28b9,resid_build_sale_price,20,23,127.06034851074219,0.06782054901123047,37986.0,147.6954345703125,383,1
StandardGSGP,ba50d809-ace3-11ef-bd3c-8863df8a28b9,resid_build_sale_price,20,24,126.81230163574219,0.07180905342102051,34606.0,147.52366638183594,393,1
StandardGSGP,ba50d809-ace3-11ef-bd3c-8863df8a28b9,resid_build_sale_price,20,25,126.77227783203125,0.07081007957458496,39086.0,147.48240661621094,399,1
StandardGSGP,ba50d809-ace3-11ef-bd3c-8863df8a28b9,resid_build_sale_price,20,26,126.61038208007812,0.06981229782104492,46886.0,147.3079833984375,405,1
StandardGSGP,ba50d809-ace3-11ef-bd3c-8863df8a28b9,resid_build_sale_price,20,27,126.34807586669922,0.06881475448608398,49632.0,146.95497131347656,893,1
StandardGSGP,ba50d809-ace3-11ef-bd3c-8863df8a28b9,resid_build_sale_price,20,28,126.05778503417969,0.07379913330078125,57206.0,146.744873046875,419,1
StandardGSGP,ba50d809-ace3-11ef-bd3c-8863df8a28b9,resid_build_sale_price,20,29,126.04618835449219,0.06981348991394043,59356.0,146.7285919189453,419,1
StandardGSGP,ba50d809-ace3-11ef-bd3c-8863df8a28b9,resid_build_sale_price,20,30,125.83080291748047,0.06881380081176758,59738.0,146.4469757080078,849,1
StandardGSGP,ba50d809-ace3-11ef-bd3c-8863df8a28b9,resid_build_sale_price,20,31,125.580078125,0.06981420516967773,60708.0,146.1874237060547,855,1
StandardGSGP,ba50d809-ace3-11ef-bd3c-8863df8a28b9,resid_build_sale_price,20,32,125.42976379394531,0.07080936431884766,71252.0,146.00108337402344,861,1
StandardGSGP,ba50d809-ace3-11ef-bd3c-8863df8a28b9,resid_build_sale_price,20,33,125.18036651611328,0.06981611251831055,88390.0,145.83189392089844,875,1
StandardGSGP,ba50d809-ace3-11ef-bd3c-8863df8a28b9,resid_build_sale_price,20,34,125.02135467529297,0.06981420516967773,108394.0,145.66738891601562,879,1
StandardGSGP,ba50d809-ace3-11ef-bd3c-8863df8a28b9,resid_build_sale_price,20,35,124.8715591430664,0.06981277465820312,125510.0,145.5098876953125,885,1
StandardGSGP,ba50d809-ace3-11ef-bd3c-8863df8a28b9,resid_build_sale_price,20,36,124.55938720703125,0.0688161849975586,128042.0,145.18704223632812,891,1
StandardGSGP,ba50d809-ace3-11ef-bd3c-8863df8a28b9,resid_build_sale_price,20,37,124.50276947021484,0.07380247116088867,130972.0,145.12738037109375,3641,1
StandardGSGP,ba50d809-ace3-11ef-bd3c-8863df8a28b9,resid_build_sale_price,20,38,124.43289184570312,0.06881165504455566,166026.0,145.20631408691406,1785,1
StandardGSGP,ba50d809-ace3-11ef-bd3c-8863df8a28b9,resid_build_sale_price,20,39,124.18002319335938,0.07778692245483398,200578.0,144.791748046875,2685,1
StandardGSGP,ba50d809-ace3-11ef-bd3c-8863df8a28b9,resid_build_sale_price,20,40,124.0705337524414,0.06781649589538574,265006.0,144.6775360107422,3597,1
StandardGSGP,ba50d809-ace3-11ef-bd3c-8863df8a28b9,resid_build_sale_price,20,41,123.711181640625,0.06981539726257324,339284.0,144.30218505859375,2691,1
StandardGSGP,ba50d809-ace3-11ef-bd3c-8863df8a28b9,resid_build_sale_price,20,42,123.63883209228516,0.06881499290466309,379818.0,144.22805786132812,2697,1
StandardGSGP,ba50d809-ace3-11ef-bd3c-8863df8a28b9,resid_build_sale_price,20,43,123.24158477783203,0.06881523132324219,411590.0,143.8105926513672,2703,1
StandardGSGP,ba50d809-ace3-11ef-bd3c-8863df8a28b9,resid_build_sale_price,20,44,123.13419342041016,0.06981444358825684,384170.0,143.8433380126953,2717,1
StandardGSGP,ba50d809-ace3-11ef-bd3c-8863df8a28b9,resid_build_sale_price,20,45,122.93920135498047,0.0718085765838623,357690.0,143.63685607910156,2725,1
StandardGSGP,ba50d809-ace3-11ef-bd3c-8863df8a28b9,resid_build_sale_price,20,46,122.5456771850586,0.06781911849975586,362054.0,143.22178649902344,2731,1
StandardGSGP,ba50d809-ace3-11ef-bd3c-8863df8a28b9,resid_build_sale_price,20,47,122.47054290771484,0.06881594657897949,411782.0,143.14242553710938,2737,1
StandardGSGP,ba50d809-ace3-11ef-bd3c-8863df8a28b9,resid_build_sale_price,20,48,122.36697387695312,0.06981420516967773,434382.0,143.03199768066406,2737,1
StandardGSGP,ba50d809-ace3-11ef-bd3c-8863df8a28b9,resid_build_sale_price,20,49,122.08369445800781,0.06482815742492676,408146.0,142.73318481445312,2743,1
StandardGSGP,ba50d809-ace3-11ef-bd3c-8863df8a28b9,resid_build_sale_price,20,50,122.06511688232422,0.06781816482543945,400900.0,142.7081298828125,2749,1
StandardGSGP,ba50d809-ace3-11ef-bd3c-8863df8a28b9,resid_build_sale_price,20,51,122.06511688232422,0.0688161849975586,341658.0,142.7081298828125,2749,1
StandardGSGP,ba50d809-ace3-11ef-bd3c-8863df8a28b9,resid_build_sale_price,20,52,121.66841888427734,0.06582474708557129,345046.0,142.27894592285156,2763,1
StandardGSGP,ba50d809-ace3-11ef-bd3c-8863df8a28b9,resid_build_sale_price,20,53,121.66841888427734,0.08078241348266602,392514.0,142.27894592285156,2763,1
StandardGSGP,ba50d809-ace3-11ef-bd3c-8863df8a28b9,resid_build_sale_price,20,54,121.39977264404297,0.22539567947387695,420694.0,141.9806365966797,2775,1
StandardGSGP,ba50d809-ace3-11ef-bd3c-8863df8a28b9,resid_build_sale_price,20,55,121.26666259765625,0.06981635093688965,448998.0,141.85154724121094,2781,1
StandardGSGP,ba50d809-ace3-11ef-bd3c-8863df8a28b9,resid_build_sale_price,20,56,121.12519073486328,0.07280397415161133,438698.0,141.70074462890625,2787,1
StandardGSGP,ba50d809-ace3-11ef-bd3c-8863df8a28b9,resid_build_sale_price,20,57,120.91568756103516,0.06981468200683594,439454.0,141.47711181640625,2793,1
StandardGSGP,ba50d809-ace3-11ef-bd3c-8863df8a28b9,resid_build_sale_price,20,58,120.81143188476562,0.0718073844909668,529146.0,141.35922241210938,8315,1
StandardGSGP,ba50d809-ace3-11ef-bd3c-8863df8a28b9,resid_build_sale_price,20,59,120.50244903564453,0.06881499290466309,585780.0,141.02842712402344,8321,1
StandardGSGP,ba50d809-ace3-11ef-bd3c-8863df8a28b9,resid_build_sale_price,20,60,120.34466552734375,0.07180953025817871,570048.0,140.86572265625,2813,1
StandardGSGP,ba50d809-ace3-11ef-bd3c-8863df8a28b9,resid_build_sale_price,20,61,120.23189544677734,0.06981110572814941,664810.0,140.72235107421875,8327,1
StandardGSGP,ba50d809-ace3-11ef-bd3c-8863df8a28b9,resid_build_sale_price,20,62,120.10454559326172,0.06781816482543945,701312.0,140.61619567871094,2819,1
StandardGSGP,ba50d809-ace3-11ef-bd3c-8863df8a28b9,resid_build_sale_price,20,63,120.10454559326172,0.06782007217407227,734920.0,140.61619567871094,2819,1
StandardGSGP,ba50d809-ace3-11ef-bd3c-8863df8a28b9,resid_build_sale_price,20,64,119.71807861328125,0.06685256958007812,598954.0,140.20062255859375,2831,1
StandardGSGP,ba50d809-ace3-11ef-bd3c-8863df8a28b9,resid_build_sale_price,20,65,119.71807861328125,0.07664084434509277,660804.0,140.20062255859375,2831,1
StandardGSGP,ba50d809-ace3-11ef-bd3c-8863df8a28b9,resid_build_sale_price,20,66,119.483642578125,0.06783127784729004,755706.0,139.95257568359375,2843,1
StandardGSGP,ba50d809-ace3-11ef-bd3c-8863df8a28b9,resid_build_sale_price,20,67,119.40196228027344,0.07144546508789062,858546.0,139.72691345214844,8359,1
StandardGSGP,ba50d809-ace3-11ef-bd3c-8863df8a28b9,resid_build_sale_price,20,68,119.29755401611328,0.0744016170501709,872770.0,139.71694946289062,8375,1
StandardGSGP,ba50d809-ace3-11ef-bd3c-8863df8a28b9,resid_build_sale_price,20,69,119.11609649658203,0.06910443305969238,812076.0,139.51670837402344,8375,1
StandardGSGP,ba50d809-ace3-11ef-bd3c-8863df8a28b9,resid_build_sale_price,20,70,118.96261596679688,0.07305264472961426,825664.0,139.3498992919922,8381,1
StandardGSGP,ba50d809-ace3-11ef-bd3c-8863df8a28b9,resid_build_sale_price,20,71,118.5982437133789,0.07258772850036621,932244.0,138.952880859375,8387,1
StandardGSGP,ba50d809-ace3-11ef-bd3c-8863df8a28b9,resid_build_sale_price,20,72,118.5967788696289,0.07248544692993164,987944.0,138.95127868652344,8393,1
StandardGSGP,ba50d809-ace3-11ef-bd3c-8863df8a28b9,resid_build_sale_price,20,73,118.5220718383789,0.07113766670227051,1044546.0,138.77944946289062,8397,1
StandardGSGP,ba50d809-ace3-11ef-bd3c-8863df8a28b9,resid_build_sale_price,20,74,118.33855438232422,0.06926226615905762,1173742.0,138.6689910888672,8405,1
StandardGSGP,ba50d809-ace3-11ef-bd3c-8863df8a28b9,resid_build_sale_price,20,75,118.1994400024414,0.06791090965270996,1336736.0,138.51654052734375,8417,1
StandardGSGP,ba50d809-ace3-11ef-bd3c-8863df8a28b9,resid_build_sale_price,20,76,118.08312225341797,0.07568883895874023,1337582.0,138.3913116455078,8417,1
StandardGSGP,ba50d809-ace3-11ef-bd3c-8863df8a28b9,resid_build_sale_price,20,77,117.8327407836914,0.06780123710632324,1271096.0,138.11355590820312,16847,1
StandardGSGP,ba50d809-ace3-11ef-bd3c-8863df8a28b9,resid_build_sale_price,20,78,117.7486343383789,0.07436847686767578,1246832.0,138.023193359375,8431,1
StandardGSGP,ba50d809-ace3-11ef-bd3c-8863df8a28b9,resid_build_sale_price,20,79,117.6646728515625,0.0729672908782959,1500236.0,137.95101928710938,25275,1
StandardGSGP,ba50d809-ace3-11ef-bd3c-8863df8a28b9,resid_build_sale_price,20,80,117.4352035522461,0.07432770729064941,2039884.0,137.67698669433594,8443,1
StandardGSGP,ba50d809-ace3-11ef-bd3c-8863df8a28b9,resid_build_sale_price,20,81,117.40161895751953,0.06287217140197754,2301896.0,137.63888549804688,8449,1
StandardGSGP,ba50d809-ace3-11ef-bd3c-8863df8a28b9,resid_build_sale_price,20,82,117.26823425292969,0.07544302940368652,1940750.0,137.49444580078125,8449,1
StandardGSGP,ba50d809-ace3-11ef-bd3c-8863df8a28b9,resid_build_sale_price,20,83,117.03791809082031,0.06896424293518066,1571032.0,137.23504638671875,8461,1
StandardGSGP,ba50d809-ace3-11ef-bd3c-8863df8a28b9,resid_build_sale_price,20,84,116.96269989013672,0.0666816234588623,1571942.0,137.15159606933594,8467,1
StandardGSGP,ba50d809-ace3-11ef-bd3c-8863df8a28b9,resid_build_sale_price,20,85,116.70665740966797,0.06704926490783691,1320122.0,136.8654327392578,8473,1
StandardGSGP,ba50d809-ace3-11ef-bd3c-8863df8a28b9,resid_build_sale_price,20,86,116.6989974975586,0.07279610633850098,1034288.0,136.82034301757812,8479,1
StandardGSGP,ba50d809-ace3-11ef-bd3c-8863df8a28b9,resid_build_sale_price,20,87,116.46874237060547,0.07245469093322754,1094356.0,136.61802673339844,8487,1
StandardGSGP,ba50d809-ace3-11ef-bd3c-8863df8a28b9,resid_build_sale_price,20,88,116.39891052246094,0.06764745712280273,1120498.0,136.48419189453125,8485,1
StandardGSGP,ba50d809-ace3-11ef-bd3c-8863df8a28b9,resid_build_sale_price,20,89,116.07737731933594,0.06802606582641602,985564.0,136.1222381591797,8491,1
StandardGSGP,ba50d809-ace3-11ef-bd3c-8863df8a28b9,resid_build_sale_price,20,90,115.94501495361328,0.06902623176574707,986266.0,135.97271728515625,8497,1
StandardGSGP,ba50d809-ace3-11ef-bd3c-8863df8a28b9,resid_build_sale_price,20,91,115.73865509033203,0.07346320152282715,1080464.0,135.7347412109375,8503,1
StandardGSGP,ba50d809-ace3-11ef-bd3c-8863df8a28b9,resid_build_sale_price,20,92,115.73865509033203,0.07280206680297852,1140534.0,135.7347412109375,8503,1
StandardGSGP,ba50d809-ace3-11ef-bd3c-8863df8a28b9,resid_build_sale_price,20,93,115.40503692626953,0.06981468200683594,1149768.0,135.35498046875,8509,1
StandardGSGP,ba50d809-ace3-11ef-bd3c-8863df8a28b9,resid_build_sale_price,20,94,115.06993103027344,0.0708155632019043,1184278.0,134.97500610351562,8515,1
StandardGSGP,ba50d809-ace3-11ef-bd3c-8863df8a28b9,resid_build_sale_price,20,95,115.00053405761719,0.0698094367980957,1176320.0,134.89599609375,8523,1
StandardGSGP,ba50d809-ace3-11ef-bd3c-8863df8a28b9,resid_build_sale_price,20,96,114.92256164550781,0.07280373573303223,1168390.0,134.80653381347656,8527,1
StandardGSGP,ba50d809-ace3-11ef-bd3c-8863df8a28b9,resid_build_sale_price,20,97,114.78182220458984,0.071807861328125,1134822.0,134.64682006835938,8535,1
StandardGSGP,ba50d809-ace3-11ef-bd3c-8863df8a28b9,resid_build_sale_price,20,98,114.59242248535156,0.06981158256530762,1212290.0,134.42474365234375,8539,1
StandardGSGP,ba50d809-ace3-11ef-bd3c-8863df8a28b9,resid_build_sale_price,20,99,114.59228515625,0.06981253623962402,1136160.0,134.4247283935547,8545,1
StandardGSGP,ba50d809-ace3-11ef-bd3c-8863df8a28b9,resid_build_sale_price,20,100,114.42980194091797,0.06682085990905762,1239332.0,134.23043823242188,8551,1
StandardGSGP,741917a5-ad21-11ef-bc17-e4a8dfc2a9a8,resid_build_sale_price,20,0,0.11540860682725906,0.026905298233032227,400.0,0.132535919547081,7,1
StandardGSGP,741917a5-ad21-11ef-bc17-e4a8dfc2a9a8,resid_build_sale_price,20,1,0.1046907901763916,0.05433392524719238,1000.0,0.1076832190155983,13,1
StandardGSGP,741917a5-ad21-11ef-bc17-e4a8dfc2a9a8,resid_build_sale_price,20,2,0.10404395312070847,0.0538182258605957,1636.0,0.10708779841661453,19,1
StandardGSGP,741917a5-ad21-11ef-bc17-e4a8dfc2a9a8,resid_build_sale_price,20,3,0.09473732113838196,0.05199790000915527,2222.0,0.10039286315441132,25,1
StandardGSGP,741917a5-ad21-11ef-bc17-e4a8dfc2a9a8,resid_build_sale_price,20,4,0.09473732113838196,0.05455517768859863,2876.0,0.10039286315441132,25,1
StandardGSGP,741917a5-ad21-11ef-bc17-e4a8dfc2a9a8,resid_build_sale_price,20,5,0.08759962767362595,0.0559999942779541,3524.0,0.08558904379606247,37,1
StandardGSGP,741917a5-ad21-11ef-bc17-e4a8dfc2a9a8,resid_build_sale_price,20,6,0.08736603707075119,0.05798482894897461,4090.0,0.08566908538341522,45,1
StandardGSGP,741917a5-ad21-11ef-bc17-e4a8dfc2a9a8,resid_build_sale_price,20,7,0.08701952546834946,0.059999704360961914,4698.0,0.08577293902635574,43,1
StandardGSGP,741917a5-ad21-11ef-bc17-e4a8dfc2a9a8,resid_build_sale_price,20,8,0.08650512248277664,0.054110050201416016,5292.0,0.08567982912063599,49,1
StandardGSGP,741917a5-ad21-11ef-bc17-e4a8dfc2a9a8,resid_build_sale_price,20,9,0.08650512248277664,0.059433698654174805,5862.0,0.08567982912063599,49,1
StandardGSGP,741917a5-ad21-11ef-bc17-e4a8dfc2a9a8,resid_build_sale_price,20,10,0.08650512248277664,0.054038047790527344,6488.0,0.08567982912063599,49,1
StandardGSGP,741917a5-ad21-11ef-bc17-e4a8dfc2a9a8,resid_build_sale_price,20,11,0.08650512248277664,0.0543363094329834,6934.0,0.08567982912063599,49,1
StandardGSGP,741917a5-ad21-11ef-bc17-e4a8dfc2a9a8,resid_build_sale_price,20,12,0.08313724398612976,0.054071903228759766,7436.0,0.0815737247467041,73,1
StandardGSGP,741917a5-ad21-11ef-bc17-e4a8dfc2a9a8,resid_build_sale_price,20,13,0.08313724398612976,0.05414128303527832,7622.0,0.0815737247467041,73,1
StandardGSGP,741917a5-ad21-11ef-bc17-e4a8dfc2a9a8,resid_build_sale_price,20,14,0.08313724398612976,0.054488420486450195,7982.0,0.0815737247467041,73,1
StandardGSGP,741917a5-ad21-11ef-bc17-e4a8dfc2a9a8,resid_build_sale_price,20,15,0.08313724398612976,0.05650782585144043,8526.0,0.0815737247467041,73,1
StandardGSGP,741917a5-ad21-11ef-bc17-e4a8dfc2a9a8,resid_build_sale_price,20,16,0.08313724398612976,0.0535125732421875,8902.0,0.0815737247467041,73,1
StandardGSGP,741917a5-ad21-11ef-bc17-e4a8dfc2a9a8,resid_build_sale_price,20,17,0.08139791339635849,0.12847375869750977,9418.0,0.08321265876293182,85,1
StandardGSGP,741917a5-ad21-11ef-bc17-e4a8dfc2a9a8,resid_build_sale_price,20,18,0.08139791339635849,0.0537261962890625,9856.0,0.08321265876293182,85,1
StandardGSGP,741917a5-ad21-11ef-bc17-e4a8dfc2a9a8,resid_build_sale_price,20,19,0.08139791339635849,0.060494422912597656,10360.0,0.08321265876293182,85,1
StandardGSGP,741917a5-ad21-11ef-bc17-e4a8dfc2a9a8,resid_build_sale_price,20,20,0.0813622772693634,0.054099321365356445,10894.0,0.08381853252649307,105,1
StandardGSGP,741917a5-ad21-11ef-bc17-e4a8dfc2a9a8,resid_build_sale_price,20,21,0.08086702972650528,0.053934574127197266,11404.0,0.0831119492650032,111,1
StandardGSGP,741917a5-ad21-11ef-bc17-e4a8dfc2a9a8,resid_build_sale_price,20,22,0.08086702972650528,0.05447745323181152,11638.0,0.0831119492650032,111,1
StandardGSGP,741917a5-ad21-11ef-bc17-e4a8dfc2a9a8,resid_build_sale_price,20,23,0.08086702972650528,0.05699753761291504,11962.0,0.0831119492650032,111,1
StandardGSGP,741917a5-ad21-11ef-bc17-e4a8dfc2a9a8,resid_build_sale_price,20,24,0.07928215712308884,0.0615081787109375,12312.0,0.08252199739217758,111,1
StandardGSGP,741917a5-ad21-11ef-bc17-e4a8dfc2a9a8,resid_build_sale_price,20,25,0.07928215712308884,0.05600142478942871,12622.0,0.08252199739217758,111,1
StandardGSGP,741917a5-ad21-11ef-bc17-e4a8dfc2a9a8,resid_build_sale_price,20,26,0.07928215712308884,0.05699920654296875,12810.0,0.08252199739217758,111,1
StandardGSGP,741917a5-ad21-11ef-bc17-e4a8dfc2a9a8,resid_build_sale_price,20,27,0.07928215712308884,0.053513288497924805,13334.0,0.08252199739217758,111,1
StandardGSGP,741917a5-ad21-11ef-bc17-e4a8dfc2a9a8,resid_build_sale_price,20,28,0.07883542776107788,0.053076982498168945,13858.0,0.0817384347319603,117,1
StandardGSGP,741917a5-ad21-11ef-bc17-e4a8dfc2a9a8,resid_build_sale_price,20,29,0.07883542776107788,0.052909135818481445,14330.0,0.0817384347319603,117,1
StandardGSGP,741917a5-ad21-11ef-bc17-e4a8dfc2a9a8,resid_build_sale_price,20,30,0.07883542776107788,0.05386781692504883,14852.0,0.0817384347319603,117,1
StandardGSGP,741917a5-ad21-11ef-bc17-e4a8dfc2a9a8,resid_build_sale_price,20,31,0.07883542776107788,0.05506134033203125,15340.0,0.0817384347319603,117,1
StandardGSGP,741917a5-ad21-11ef-bc17-e4a8dfc2a9a8,resid_build_sale_price,20,32,0.07883542776107788,0.05765795707702637,15338.0,0.0817384347319603,117,1
StandardGSGP,741917a5-ad21-11ef-bc17-e4a8dfc2a9a8,resid_build_sale_price,20,33,0.07883542776107788,0.05846714973449707,15848.0,0.0817384347319603,117,1
StandardGSGP,741917a5-ad21-11ef-bc17-e4a8dfc2a9a8,resid_build_sale_price,20,34,0.07883542776107788,0.05727386474609375,15842.0,0.0817384347319603,117,1
StandardGSGP,741917a5-ad21-11ef-bc17-e4a8dfc2a9a8,resid_build_sale_price,20,35,0.07883542776107788,0.054529428482055664,16052.0,0.0817384347319603,117,1
StandardGSGP,741917a5-ad21-11ef-bc17-e4a8dfc2a9a8,resid_build_sale_price,20,36,0.07883542776107788,0.05550980567932129,16178.0,0.0817384347319603,117,1
StandardGSGP,741917a5-ad21-11ef-bc17-e4a8dfc2a9a8,resid_build_sale_price,20,37,0.07883542776107788,0.05500006675720215,16736.0,0.0817384347319603,117,1
StandardGSGP,741917a5-ad21-11ef-bc17-e4a8dfc2a9a8,resid_build_sale_price,20,38,0.07883542776107788,0.05351090431213379,17040.0,0.0817384347319603,117,1
StandardGSGP,741917a5-ad21-11ef-bc17-e4a8dfc2a9a8,resid_build_sale_price,20,39,0.07883542776107788,0.0573427677154541,17068.0,0.0817384347319603,117,1
StandardGSGP,741917a5-ad21-11ef-bc17-e4a8dfc2a9a8,resid_build_sale_price,20,40,0.07883542776107788,0.05450630187988281,17364.0,0.0817384347319603,117,1
StandardGSGP,741917a5-ad21-11ef-bc17-e4a8dfc2a9a8,resid_build_sale_price,20,41,0.07883542776107788,0.0585174560546875,17968.0,0.0817384347319603,117,1
StandardGSGP,741917a5-ad21-11ef-bc17-e4a8dfc2a9a8,resid_build_sale_price,20,42,0.07883542776107788,0.05421137809753418,17654.0,0.0817384347319603,117,1
StandardGSGP,741917a5-ad21-11ef-bc17-e4a8dfc2a9a8,resid_build_sale_price,20,43,0.07883542776107788,0.05851006507873535,17582.0,0.0817384347319603,117,1
StandardGSGP,741917a5-ad21-11ef-bc17-e4a8dfc2a9a8,resid_build_sale_price,20,44,0.07883542776107788,0.05399680137634277,17436.0,0.0817384347319603,117,1
StandardGSGP,741917a5-ad21-11ef-bc17-e4a8dfc2a9a8,resid_build_sale_price,20,45,0.07883542776107788,0.05551028251647949,18400.0,0.0817384347319603,117,1
StandardGSGP,741917a5-ad21-11ef-bc17-e4a8dfc2a9a8,resid_build_sale_price,20,46,0.07816611230373383,0.05500173568725586,18874.0,0.07318945974111557,137,1
StandardGSGP,741917a5-ad21-11ef-bc17-e4a8dfc2a9a8,resid_build_sale_price,20,47,0.07816611230373383,0.054004669189453125,19012.0,0.07318945974111557,137,1
StandardGSGP,741917a5-ad21-11ef-bc17-e4a8dfc2a9a8,resid_build_sale_price,20,48,0.07816611230373383,0.05805087089538574,18006.0,0.07318945974111557,137,1
StandardGSGP,741917a5-ad21-11ef-bc17-e4a8dfc2a9a8,resid_build_sale_price,20,49,0.07816611230373383,0.05746340751647949,18636.0,0.07318945974111557,137,1
StandardGSGP,741917a5-ad21-11ef-bc17-e4a8dfc2a9a8,resid_build_sale_price,20,50,0.07816611230373383,0.05570697784423828,19000.0,0.07318945974111557,137,1
StandardGSGP,741917a5-ad21-11ef-bc17-e4a8dfc2a9a8,resid_build_sale_price,20,51,0.07816611230373383,0.056488990783691406,18884.0,0.07318945974111557,137,1
StandardGSGP,741917a5-ad21-11ef-bc17-e4a8dfc2a9a8,resid_build_sale_price,20,52,0.07593917101621628,0.05350661277770996,17930.0,0.07306305319070816,163,1
StandardGSGP,741917a5-ad21-11ef-bc17-e4a8dfc2a9a8,resid_build_sale_price,20,53,0.07593917101621628,0.05400729179382324,17354.0,0.07306305319070816,163,1
StandardGSGP,741917a5-ad21-11ef-bc17-e4a8dfc2a9a8,resid_build_sale_price,20,54,0.07593917101621628,0.052996158599853516,17404.0,0.07306305319070816,163,1
StandardGSGP,741917a5-ad21-11ef-bc17-e4a8dfc2a9a8,resid_build_sale_price,20,55,0.075753353536129,0.05454897880554199,18082.0,0.07255628705024719,179,1
StandardGSGP,741917a5-ad21-11ef-bc17-e4a8dfc2a9a8,resid_build_sale_price,20,56,0.075753353536129,0.05353665351867676,18612.0,0.07255628705024719,179,1
StandardGSGP,741917a5-ad21-11ef-bc17-e4a8dfc2a9a8,resid_build_sale_price,20,57,0.075753353536129,0.05649566650390625,19242.0,0.07255628705024719,179,1
StandardGSGP,741917a5-ad21-11ef-bc17-e4a8dfc2a9a8,resid_build_sale_price,20,58,0.07575301826000214,0.05700039863586426,19732.0,0.07257945835590363,185,1
StandardGSGP,741917a5-ad21-11ef-bc17-e4a8dfc2a9a8,resid_build_sale_price,20,59,0.07575301826000214,0.056365251541137695,20200.0,0.07257945835590363,185,1
StandardGSGP,741917a5-ad21-11ef-bc17-e4a8dfc2a9a8,resid_build_sale_price,20,60,0.07575301826000214,0.05400967597961426,20730.0,0.07257945835590363,185,1
StandardGSGP,741917a5-ad21-11ef-bc17-e4a8dfc2a9a8,resid_build_sale_price,20,61,0.07575301826000214,0.05750131607055664,21248.0,0.07257945835590363,185,1
StandardGSGP,741917a5-ad21-11ef-bc17-e4a8dfc2a9a8,resid_build_sale_price,20,62,0.07575301826000214,0.05574202537536621,21922.0,0.07257945835590363,185,1
StandardGSGP,741917a5-ad21-11ef-bc17-e4a8dfc2a9a8,resid_build_sale_price,20,63,0.07575301826000214,0.05799221992492676,22446.0,0.07257945835590363,185,1
StandardGSGP,741917a5-ad21-11ef-bc17-e4a8dfc2a9a8,resid_build_sale_price,20,64,0.07575301826000214,0.05951237678527832,22842.0,0.07257945835590363,185,1
StandardGSGP,741917a5-ad21-11ef-bc17-e4a8dfc2a9a8,resid_build_sale_price,20,65,0.07575301826000214,0.05700373649597168,22954.0,0.07257945835590363,185,1
StandardGSGP,741917a5-ad21-11ef-bc17-e4a8dfc2a9a8,resid_build_sale_price,20,66,0.07575301826000214,0.05750608444213867,23486.0,0.07257945835590363,185,1
StandardGSGP,741917a5-ad21-11ef-bc17-e4a8dfc2a9a8,resid_build_sale_price,20,67,0.07575301826000214,0.05890941619873047,23292.0,0.07257945835590363,185,1
StandardGSGP,741917a5-ad21-11ef-bc17-e4a8dfc2a9a8,resid_build_sale_price,20,68,0.07575301826000214,0.05737924575805664,23156.0,0.07257945835590363,185,1
StandardGSGP,741917a5-ad21-11ef-bc17-e4a8dfc2a9a8,resid_build_sale_price,20,69,0.07519442588090897,0.05707979202270508,22978.0,0.07044269144535065,191,1
StandardGSGP,741917a5-ad21-11ef-bc17-e4a8dfc2a9a8,resid_build_sale_price,20,70,0.07519442588090897,0.057442426681518555,22860.0,0.07044269144535065,191,1
StandardGSGP,741917a5-ad21-11ef-bc17-e4a8dfc2a9a8,resid_build_sale_price,20,71,0.07519442588090897,0.05550408363342285,22710.0,0.07044269144535065,191,1
StandardGSGP,741917a5-ad21-11ef-bc17-e4a8dfc2a9a8,resid_build_sale_price,20,72,0.07519442588090897,0.057506561279296875,23314.0,0.07044269144535065,191,1
StandardGSGP,741917a5-ad21-11ef-bc17-e4a8dfc2a9a8,resid_build_sale_price,20,73,0.07519442588090897,0.055999755859375,24004.0,0.07044269144535065,191,1
StandardGSGP,741917a5-ad21-11ef-bc17-e4a8dfc2a9a8,resid_build_sale_price,20,74,0.07519442588090897,0.0599217414855957,24120.0,0.07044269144535065,191,1
StandardGSGP,741917a5-ad21-11ef-bc17-e4a8dfc2a9a8,resid_build_sale_price,20,75,0.07519442588090897,0.05399918556213379,23940.0,0.07044269144535065,191,1
StandardGSGP,741917a5-ad21-11ef-bc17-e4a8dfc2a9a8,resid_build_sale_price,20,76,0.07519442588090897,0.05732011795043945,23984.0,0.07044269144535065,191,1
StandardGSGP,741917a5-ad21-11ef-bc17-e4a8dfc2a9a8,resid_build_sale_price,20,77,0.07519442588090897,0.05662083625793457,24056.0,0.07044269144535065,191,1
StandardGSGP,741917a5-ad21-11ef-bc17-e4a8dfc2a9a8,resid_build_sale_price,20,78,0.07519442588090897,0.05889105796813965,23214.0,0.07044269144535065,191,1
StandardGSGP,741917a5-ad21-11ef-bc17-e4a8dfc2a9a8,resid_build_sale_price,20,79,0.07519442588090897,0.060011863708496094,23060.0,0.07044269144535065,191,1
StandardGSGP,741917a5-ad21-11ef-bc17-e4a8dfc2a9a8,resid_build_sale_price,20,80,0.07519442588090897,0.06127166748046875,23492.0,0.07044269144535065,191,1
StandardGSGP,741917a5-ad21-11ef-bc17-e4a8dfc2a9a8,resid_build_sale_price,20,81,0.07519442588090897,0.05851030349731445,23954.0,0.07044269144535065,191,1
StandardGSGP,741917a5-ad21-11ef-bc17-e4a8dfc2a9a8,resid_build_sale_price,20,82,0.07519442588090897,0.05900001525878906,24894.0,0.07044269144535065,191,1
StandardGSGP,741917a5-ad21-11ef-bc17-e4a8dfc2a9a8,resid_build_sale_price,20,83,0.07519442588090897,0.05652642250061035,25058.0,0.07044269144535065,191,1
StandardGSGP,741917a5-ad21-11ef-bc17-e4a8dfc2a9a8,resid_build_sale_price,20,84,0.07519442588090897,0.0551145076751709,25696.0,0.07044269144535065,191,1
StandardGSGP,741917a5-ad21-11ef-bc17-e4a8dfc2a9a8,resid_build_sale_price,20,85,0.07516282051801682,0.1389470100402832,26668.0,0.07063236087560654,197,1
StandardGSGP,741917a5-ad21-11ef-bc17-e4a8dfc2a9a8,resid_build_sale_price,20,86,0.07516282051801682,0.052507877349853516,26172.0,0.07063236087560654,197,1
StandardGSGP,741917a5-ad21-11ef-bc17-e4a8dfc2a9a8,resid_build_sale_price,20,87,0.07516282051801682,0.052999258041381836,27994.0,0.07063236087560654,197,1
StandardGSGP,741917a5-ad21-11ef-bc17-e4a8dfc2a9a8,resid_build_sale_price,20,88,0.07516282051801682,0.052506208419799805,27336.0,0.07063236087560654,197,1
StandardGSGP,741917a5-ad21-11ef-bc17-e4a8dfc2a9a8,resid_build_sale_price,20,89,0.07516282051801682,0.05499839782714844,28338.0,0.07063236087560654,197,1
StandardGSGP,741917a5-ad21-11ef-bc17-e4a8dfc2a9a8,resid_build_sale_price,20,90,0.07516282051801682,0.05851030349731445,28214.0,0.07063236087560654,197,1
StandardGSGP,741917a5-ad21-11ef-bc17-e4a8dfc2a9a8,resid_build_sale_price,20,91,0.07498157024383545,0.05710124969482422,28386.0,0.07403960824012756,343,1
StandardGSGP,741917a5-ad21-11ef-bc17-e4a8dfc2a9a8,resid_build_sale_price,20,92,0.07414569705724716,0.057514190673828125,28814.0,0.07371626049280167,349,1
StandardGSGP,741917a5-ad21-11ef-bc17-e4a8dfc2a9a8,resid_build_sale_price,20,93,0.07414569705724716,0.05599212646484375,29296.0,0.07371626049280167,349,1
StandardGSGP,741917a5-ad21-11ef-bc17-e4a8dfc2a9a8,resid_build_sale_price,20,94,0.07377823442220688,0.05399894714355469,31040.0,0.07312363386154175,355,1
StandardGSGP,741917a5-ad21-11ef-bc17-e4a8dfc2a9a8,resid_build_sale_price,20,95,0.07377823442220688,0.05467104911804199,32518.0,0.07312363386154175,355,1
StandardGSGP,741917a5-ad21-11ef-bc17-e4a8dfc2a9a8,resid_build_sale_price,20,96,0.07377823442220688,0.05411958694458008,34272.0,0.07312363386154175,355,1
StandardGSGP,741917a5-ad21-11ef-bc17-e4a8dfc2a9a8,resid_build_sale_price,20,97,0.07377823442220688,0.05451536178588867,35370.0,0.07312363386154175,355,1
StandardGSGP,741917a5-ad21-11ef-bc17-e4a8dfc2a9a8,resid_build_sale_price,20,98,0.07377823442220688,0.05915403366088867,36454.0,0.07312363386154175,355,1
StandardGSGP,741917a5-ad21-11ef-bc17-e4a8dfc2a9a8,resid_build_sale_price,20,99,0.07377823442220688,0.05451011657714844,37286.0,0.07312363386154175,355,1
StandardGSGP,741917a5-ad21-11ef-bc17-e4a8dfc2a9a8,resid_build_sale_price,20,100,0.07377823442220688,0.055092811584472656,37758.0,0.07312363386154175,355,1
StandardGSGP,e2ac4621-ad21-11ef-bba9-e4a8dfc2a9a8,resid_build_sale_price,20,0,149.76907348632812,0.029880762100219727,400.0,156.0044403076172,3,1
StandardGSGP,e2ac4621-ad21-11ef-bba9-e4a8dfc2a9a8,resid_build_sale_price,20,1,149.76907348632812,0.06055784225463867,988.0,156.0044403076172,3,1
StandardGSGP,e2ac4621-ad21-11ef-bba9-e4a8dfc2a9a8,resid_build_sale_price,20,2,149.62249755859375,0.05901026725769043,1550.0,155.85476684570312,15,1
StandardGSGP,e2ac4621-ad21-11ef-bba9-e4a8dfc2a9a8,resid_build_sale_price,20,3,149.33506774902344,0.06051826477050781,2152.0,155.55966186523438,23,1
StandardGSGP,e2ac4621-ad21-11ef-bba9-e4a8dfc2a9a8,resid_build_sale_price,20,4,149.0363311767578,0.059519290924072266,2758.0,155.25437927246094,29,1
StandardGSGP,e2ac4621-ad21-11ef-bba9-e4a8dfc2a9a8,resid_build_sale_price,20,5,149.0363311767578,0.05600261688232422,3274.0,155.25437927246094,29,1
StandardGSGP,e2ac4621-ad21-11ef-bba9-e4a8dfc2a9a8,resid_build_sale_price,20,6,148.9936065673828,0.05950570106506348,3788.0,155.21066284179688,41,1
StandardGSGP,e2ac4621-ad21-11ef-bba9-e4a8dfc2a9a8,resid_build_sale_price,20,7,148.9936065673828,0.05969500541687012,4414.0,155.21066284179688,41,1
StandardGSGP,e2ac4621-ad21-11ef-bba9-e4a8dfc2a9a8,resid_build_sale_price,20,8,148.83482360839844,0.05789446830749512,5030.0,155.05287170410156,57,1
StandardGSGP,e2ac4621-ad21-11ef-bba9-e4a8dfc2a9a8,resid_build_sale_price,20,9,148.71893310546875,0.06010270118713379,5672.0,154.9298858642578,47,1
StandardGSGP,e2ac4621-ad21-11ef-bba9-e4a8dfc2a9a8,resid_build_sale_price,20,10,148.42356872558594,0.05900430679321289,6362.0,154.62660217285156,65,1
StandardGSGP,e2ac4621-ad21-11ef-bba9-e4a8dfc2a9a8,resid_build_sale_price,20,11,148.42356872558594,0.05754685401916504,6988.0,154.62660217285156,65,1
StandardGSGP,e2ac4621-ad21-11ef-bba9-e4a8dfc2a9a8,resid_build_sale_price,20,12,148.07139587402344,0.06011223793029785,7606.0,154.2662353515625,71,1
StandardGSGP,e2ac4621-ad21-11ef-bba9-e4a8dfc2a9a8,resid_build_sale_price,20,13,148.07139587402344,0.05901813507080078,8112.0,154.2662353515625,71,1
StandardGSGP,e2ac4621-ad21-11ef-bba9-e4a8dfc2a9a8,resid_build_sale_price,20,14,147.98744201660156,0.054985761642456055,8650.0,154.18031311035156,83,1
StandardGSGP,e2ac4621-ad21-11ef-bba9-e4a8dfc2a9a8,resid_build_sale_price,20,15,147.8214874267578,0.05492043495178223,9282.0,154.0010223388672,93,1
StandardGSGP,e2ac4621-ad21-11ef-bba9-e4a8dfc2a9a8,resid_build_sale_price,20,16,147.61181640625,0.05851149559020996,9664.0,153.79562377929688,95,1
StandardGSGP,e2ac4621-ad21-11ef-bba9-e4a8dfc2a9a8,resid_build_sale_price,20,17,147.57200622558594,0.05832314491271973,10114.0,153.756103515625,101,1
StandardGSGP,e2ac4621-ad21-11ef-bba9-e4a8dfc2a9a8,resid_build_sale_price,20,18,147.29685974121094,0.05450725555419922,10598.0,153.48684692382812,101,1
StandardGSGP,e2ac4621-ad21-11ef-bba9-e4a8dfc2a9a8,resid_build_sale_price,20,19,147.2279052734375,0.0555119514465332,11238.0,153.4033966064453,115,1
StandardGSGP,e2ac4621-ad21-11ef-bba9-e4a8dfc2a9a8,resid_build_sale_price,20,20,147.06568908691406,0.0598444938659668,11758.0,153.2369842529297,121,1
StandardGSGP,e2ac4621-ad21-11ef-bba9-e4a8dfc2a9a8,resid_build_sale_price,20,21,146.80406188964844,0.05781888961791992,12316.0,152.97854614257812,121,1
StandardGSGP,e2ac4621-ad21-11ef-bba9-e4a8dfc2a9a8,resid_build_sale_price,20,22,146.80406188964844,0.05563712120056152,12800.0,152.97854614257812,121,1
StandardGSGP,e2ac4621-ad21-11ef-bba9-e4a8dfc2a9a8,resid_build_sale_price,20,23,146.57240295410156,0.05795598030090332,13340.0,152.73077392578125,133,1
StandardGSGP,e2ac4621-ad21-11ef-bba9-e4a8dfc2a9a8,resid_build_sale_price,20,24,146.57176208496094,0.05492091178894043,13990.0,152.7305908203125,139,1
StandardGSGP,e2ac4621-ad21-11ef-bba9-e4a8dfc2a9a8,resid_build_sale_price,20,25,146.4051971435547,0.05720829963684082,14612.0,152.55953979492188,145,1
StandardGSGP,e2ac4621-ad21-11ef-bba9-e4a8dfc2a9a8,resid_build_sale_price,20,26,146.34461975097656,0.056778907775878906,15334.0,152.5576629638672,159,1
StandardGSGP,e2ac4621-ad21-11ef-bba9-e4a8dfc2a9a8,resid_build_sale_price,20,27,146.32275390625,0.05499982833862305,16166.0,152.4539031982422,163,1
StandardGSGP,e2ac4621-ad21-11ef-bba9-e4a8dfc2a9a8,resid_build_sale_price,20,28,146.19610595703125,0.06552839279174805,16850.0,152.35037231445312,163,1
StandardGSGP,e2ac4621-ad21-11ef-bba9-e4a8dfc2a9a8,resid_build_sale_price,20,29,146.04611206054688,0.05765199661254883,17378.0,152.19627380371094,169,1
StandardGSGP,e2ac4621-ad21-11ef-bba9-e4a8dfc2a9a8,resid_build_sale_price,20,30,146.04611206054688,0.05798220634460449,17830.0,152.19627380371094,169,1
StandardGSGP,e2ac4621-ad21-11ef-bba9-e4a8dfc2a9a8,resid_build_sale_price,20,31,145.95172119140625,0.05851626396179199,18310.0,152.07273864746094,189,1
StandardGSGP,e2ac4621-ad21-11ef-bba9-e4a8dfc2a9a8,resid_build_sale_price,20,32,145.7862091064453,0.0560145378112793,19116.0,151.92835998535156,191,1
StandardGSGP,e2ac4621-ad21-11ef-bba9-e4a8dfc2a9a8,resid_build_sale_price,20,33,145.63308715820312,0.06250643730163574,19812.0,151.75701904296875,195,1
StandardGSGP,e2ac4621-ad21-11ef-bba9-e4a8dfc2a9a8,resid_build_sale_price,20,34,145.5960235595703,0.0595097541809082,20550.0,151.73072814941406,199,1
StandardGSGP,e2ac4621-ad21-11ef-bba9-e4a8dfc2a9a8,resid_build_sale_price,20,35,145.2681884765625,0.06100058555603027,21072.0,151.3933868408203,205,1
StandardGSGP,e2ac4621-ad21-11ef-bba9-e4a8dfc2a9a8,resid_build_sale_price,20,36,145.20785522460938,0.05998969078063965,21668.0,151.32948303222656,211,1
StandardGSGP,e2ac4621-ad21-11ef-bba9-e4a8dfc2a9a8,resid_build_sale_price,20,37,144.96820068359375,0.057009220123291016,22228.0,151.08335876464844,217,1
StandardGSGP,e2ac4621-ad21-11ef-bba9-e4a8dfc2a9a8,resid_build_sale_price,20,38,144.96820068359375,0.05719351768493652,22744.0,151.08335876464844,217,1
StandardGSGP,e2ac4621-ad21-11ef-bba9-e4a8dfc2a9a8,resid_build_sale_price,20,39,144.7573699951172,0.0595550537109375,23194.0,150.840576171875,241,1
StandardGSGP,e2ac4621-ad21-11ef-bba9-e4a8dfc2a9a8,resid_build_sale_price,20,40,144.59107971191406,0.05768275260925293,23636.0,150.69464111328125,229,1
StandardGSGP,e2ac4621-ad21-11ef-bba9-e4a8dfc2a9a8,resid_build_sale_price,20,41,144.46539306640625,0.05800366401672363,24174.0,150.53977966308594,247,1
StandardGSGP,e2ac4621-ad21-11ef-bba9-e4a8dfc2a9a8,resid_build_sale_price,20,42,144.2271270751953,0.057149410247802734,24822.0,150.29397583007812,253,1
StandardGSGP,e2ac4621-ad21-11ef-bba9-e4a8dfc2a9a8,resid_build_sale_price,20,43,144.2271270751953,0.05859971046447754,25354.0,150.29397583007812,253,1
StandardGSGP,e2ac4621-ad21-11ef-bba9-e4a8dfc2a9a8,resid_build_sale_price,20,44,144.10565185546875,0.05600452423095703,25760.0,150.19337463378906,249,1
StandardGSGP,e2ac4621-ad21-11ef-bba9-e4a8dfc2a9a8,resid_build_sale_price,20,45,143.9015350341797,0.057109832763671875,26240.0,149.96253967285156,267,1
StandardGSGP,e2ac4621-ad21-11ef-bba9-e4a8dfc2a9a8,resid_build_sale_price,20,46,143.9015350341797,0.13051939010620117,26612.0,149.96253967285156,267,1
StandardGSGP,e2ac4621-ad21-11ef-bba9-e4a8dfc2a9a8,resid_build_sale_price,20,47,143.9015350341797,0.05550694465637207,27180.0,149.96253967285156,267,1
StandardGSGP,e2ac4621-ad21-11ef-bba9-e4a8dfc2a9a8,resid_build_sale_price,20,48,143.63453674316406,0.05680489540100098,27822.0,149.66790771484375,289,1
StandardGSGP,e2ac4621-ad21-11ef-bba9-e4a8dfc2a9a8,resid_build_sale_price,20,49,143.55384826660156,0.055997371673583984,28370.0,149.61495971679688,279,1
StandardGSGP,e2ac4621-ad21-11ef-bba9-e4a8dfc2a9a8,resid_build_sale_price,20,50,143.3891143798828,0.055515289306640625,28956.0,149.41421508789062,303,1
StandardGSGP,e2ac4621-ad21-11ef-bba9-e4a8dfc2a9a8,resid_build_sale_price,20,51,143.30625915527344,0.05600881576538086,29522.0,149.34730529785156,299,1
StandardGSGP,e2ac4621-ad21-11ef-bba9-e4a8dfc2a9a8,resid_build_sale_price,20,52,143.2828826904297,0.06087493896484375,30172.0,149.3393096923828,299,1
StandardGSGP,e2ac4621-ad21-11ef-bba9-e4a8dfc2a9a8,resid_build_sale_price,20,53,143.18704223632812,0.05719876289367676,30720.0,149.23556518554688,303,1
StandardGSGP,e2ac4621-ad21-11ef-bba9-e4a8dfc2a9a8,resid_build_sale_price,20,54,143.02838134765625,0.057994842529296875,31268.0,149.07131958007812,309,1
StandardGSGP,e2ac4621-ad21-11ef-bba9-e4a8dfc2a9a8,resid_build_sale_price,20,55,142.8326873779297,0.06408476829528809,31834.0,148.86868286132812,309,1
StandardGSGP,e2ac4621-ad21-11ef-bba9-e4a8dfc2a9a8,resid_build_sale_price,20,56,142.65969848632812,0.06033921241760254,32440.0,148.6874542236328,315,1
StandardGSGP,e2ac4621-ad21-11ef-bba9-e4a8dfc2a9a8,resid_build_sale_price,20,57,142.65969848632812,0.05583763122558594,32916.0,148.6874542236328,315,1
StandardGSGP,e2ac4621-ad21-11ef-bba9-e4a8dfc2a9a8,resid_build_sale_price,20,58,142.64381408691406,0.05769824981689453,33314.0,148.66421508789062,321,1
StandardGSGP,e2ac4621-ad21-11ef-bba9-e4a8dfc2a9a8,resid_build_sale_price,20,59,142.48757934570312,0.055998802185058594,33810.0,148.51707458496094,327,1
StandardGSGP,e2ac4621-ad21-11ef-bba9-e4a8dfc2a9a8,resid_build_sale_price,20,60,142.3120574951172,0.05590033531188965,34300.0,148.33522033691406,333,1
StandardGSGP,e2ac4621-ad21-11ef-bba9-e4a8dfc2a9a8,resid_build_sale_price,20,61,142.25267028808594,0.05840873718261719,34902.0,148.27212524414062,353,1
StandardGSGP,e2ac4621-ad21-11ef-bba9-e4a8dfc2a9a8,resid_build_sale_price,20,62,141.9605255126953,0.05698680877685547,35504.0,147.9706268310547,345,1
StandardGSGP,e2ac4621-ad21-11ef-bba9-e4a8dfc2a9a8,resid_build_sale_price,20,63,141.71853637695312,0.05733513832092285,36090.0,147.71939086914062,351,1
StandardGSGP,e2ac4621-ad21-11ef-bba9-e4a8dfc2a9a8,resid_build_sale_price,20,64,141.71853637695312,0.056755781173706055,36460.0,147.71939086914062,351,1
StandardGSGP,e2ac4621-ad21-11ef-bba9-e4a8dfc2a9a8,resid_build_sale_price,20,65,141.49435424804688,0.056200504302978516,36734.0,147.45729064941406,363,1
StandardGSGP,e2ac4621-ad21-11ef-bba9-e4a8dfc2a9a8,resid_build_sale_price,20,66,141.44595336914062,0.05699920654296875,37148.0,147.40713500976562,369,1
StandardGSGP,e2ac4621-ad21-11ef-bba9-e4a8dfc2a9a8,resid_build_sale_price,20,67,141.4191131591797,0.055505990982055664,37584.0,147.4025421142578,375,1
StandardGSGP,e2ac4621-ad21-11ef-bba9-e4a8dfc2a9a8,resid_build_sale_price,20,68,141.056884765625,0.06000089645385742,38098.0,147.0260467529297,381,1
StandardGSGP,e2ac4621-ad21-11ef-bba9-e4a8dfc2a9a8,resid_build_sale_price,20,69,140.91995239257812,0.05550718307495117,38634.0,146.8681640625,387,1
StandardGSGP,e2ac4621-ad21-11ef-bba9-e4a8dfc2a9a8,resid_build_sale_price,20,70,140.71932983398438,0.05871939659118652,39292.0,146.67910766601562,395,1
StandardGSGP,e2ac4621-ad21-11ef-bba9-e4a8dfc2a9a8,resid_build_sale_price,20,71,140.64393615722656,0.05900120735168457,40000.0,146.61053466796875,403,1
StandardGSGP,e2ac4621-ad21-11ef-bba9-e4a8dfc2a9a8,resid_build_sale_price,20,72,140.57057189941406,0.06051325798034668,40570.0,146.5258331298828,401,1
StandardGSGP,e2ac4621-ad21-11ef-bba9-e4a8dfc2a9a8,resid_build_sale_price,20,73,140.57057189941406,0.060930728912353516,41220.0,146.5258331298828,401,1
StandardGSGP,e2ac4621-ad21-11ef-bba9-e4a8dfc2a9a8,resid_build_sale_price,20,74,140.5350341796875,0.05858016014099121,41818.0,146.51666259765625,407,1
StandardGSGP,e2ac4621-ad21-11ef-bba9-e4a8dfc2a9a8,resid_build_sale_price,20,75,140.34304809570312,0.06591367721557617,42306.0,146.2892303466797,409,1
StandardGSGP,e2ac4621-ad21-11ef-bba9-e4a8dfc2a9a8,resid_build_sale_price,20,76,140.34304809570312,0.05861973762512207,42832.0,146.2892303466797,409,1
StandardGSGP,e2ac4621-ad21-11ef-bba9-e4a8dfc2a9a8,resid_build_sale_price,20,77,140.24452209472656,0.05558466911315918,43174.0,146.19403076171875,435,1
StandardGSGP,e2ac4621-ad21-11ef-bba9-e4a8dfc2a9a8,resid_build_sale_price,20,78,139.99539184570312,0.062496185302734375,43760.0,145.9391632080078,439,1
StandardGSGP,e2ac4621-ad21-11ef-bba9-e4a8dfc2a9a8,resid_build_sale_price,20,79,139.68850708007812,0.05589699745178223,44338.0,145.618408203125,445,1
StandardGSGP,e2ac4621-ad21-11ef-bba9-e4a8dfc2a9a8,resid_build_sale_price,20,80,139.47447204589844,0.058054208755493164,44926.0,145.39437866210938,451,1
StandardGSGP,e2ac4621-ad21-11ef-bba9-e4a8dfc2a9a8,resid_build_sale_price,20,81,139.47447204589844,0.058096885681152344,45660.0,145.39437866210938,451,1
StandardGSGP,e2ac4621-ad21-11ef-bba9-e4a8dfc2a9a8,resid_build_sale_price,20,82,139.34881591796875,0.06227874755859375,46154.0,145.26278686523438,457,1
StandardGSGP,e2ac4621-ad21-11ef-bba9-e4a8dfc2a9a8,resid_build_sale_price,20,83,139.20669555664062,0.0641624927520752,46718.0,145.1138153076172,463,1
StandardGSGP,e2ac4621-ad21-11ef-bba9-e4a8dfc2a9a8,resid_build_sale_price,20,84,138.97926330566406,0.056578636169433594,47264.0,144.87521362304688,469,1
StandardGSGP,e2ac4621-ad21-11ef-bba9-e4a8dfc2a9a8,resid_build_sale_price,20,85,138.96051025390625,0.062055110931396484,47820.0,144.85574340820312,475,1
StandardGSGP,e2ac4621-ad21-11ef-bba9-e4a8dfc2a9a8,resid_build_sale_price,20,86,138.81890869140625,0.05800318717956543,48324.0,144.706787109375,475,1
StandardGSGP,e2ac4621-ad21-11ef-bba9-e4a8dfc2a9a8,resid_build_sale_price,20,87,138.81890869140625,0.05791807174682617,48796.0,144.706787109375,475,1
StandardGSGP,e2ac4621-ad21-11ef-bba9-e4a8dfc2a9a8,resid_build_sale_price,20,88,138.66043090820312,0.0568842887878418,49268.0,144.53125,481,1
StandardGSGP,e2ac4621-ad21-11ef-bba9-e4a8dfc2a9a8,resid_build_sale_price,20,89,138.56101989746094,0.05774664878845215,49780.0,144.43653869628906,495,1
StandardGSGP,e2ac4621-ad21-11ef-bba9-e4a8dfc2a9a8,resid_build_sale_price,20,90,138.52426147460938,0.05807900428771973,50360.0,144.38816833496094,493,1
StandardGSGP,e2ac4621-ad21-11ef-bba9-e4a8dfc2a9a8,resid_build_sale_price,20,91,138.52426147460938,0.0837705135345459,50908.0,144.38816833496094,493,1
StandardGSGP,e2ac4621-ad21-11ef-bba9-e4a8dfc2a9a8,resid_build_sale_price,20,92,138.2098388671875,0.05733609199523926,51526.0,144.05728149414062,499,1
StandardGSGP,e2ac4621-ad21-11ef-bba9-e4a8dfc2a9a8,resid_build_sale_price,20,93,138.0218963623047,0.05550861358642578,52084.0,143.87554931640625,523,1
StandardGSGP,e2ac4621-ad21-11ef-bba9-e4a8dfc2a9a8,resid_build_sale_price,20,94,137.74395751953125,0.05643272399902344,52634.0,143.58103942871094,529,1
StandardGSGP,e2ac4621-ad21-11ef-bba9-e4a8dfc2a9a8,resid_build_sale_price,20,95,137.74395751953125,0.05632591247558594,53184.0,143.58103942871094,529,1
StandardGSGP,e2ac4621-ad21-11ef-bba9-e4a8dfc2a9a8,resid_build_sale_price,20,96,137.69140625,0.0557398796081543,53554.0,143.52572631835938,535,1
StandardGSGP,e2ac4621-ad21-11ef-bba9-e4a8dfc2a9a8,resid_build_sale_price,20,97,137.61392211914062,0.05718231201171875,54034.0,143.44302368164062,543,1
StandardGSGP,e2ac4621-ad21-11ef-bba9-e4a8dfc2a9a8,resid_build_sale_price,20,98,137.40025329589844,0.0563051700592041,54622.0,143.21597290039062,547,1
StandardGSGP,e2ac4621-ad21-11ef-bba9-e4a8dfc2a9a8,resid_build_sale_price,20,99,137.39120483398438,0.05457329750061035,55418.0,143.20706176757812,553,1
StandardGSGP,e2ac4621-ad21-11ef-bba9-e4a8dfc2a9a8,resid_build_sale_price,20,100,137.2045440673828,0.05802655220031738,55960.0,143.00856018066406,559,1
