StandardGSGP,f16785db-ace2-11ef-b870-8863df8a28b9,resid_build_sale_price,8,0,0.12773467600345612,0.13463878631591797,2130.0,0.16834166646003723,3,1
StandardGSGP,f16785db-ace2-11ef-b870-8863df8a28b9,resid_build_sale_price,8,1,0.11944137513637543,0.0797879695892334,1124.0,0.16577781736850739,9,1
StandardGSGP,f16785db-ace2-11ef-b870-8863df8a28b9,resid_build_sale_price,8,2,0.11919794231653214,0.07080984115600586,1524.0,0.16564659774303436,15,1
StandardGSGP,f16785db-ace2-11ef-b870-8863df8a28b9,resid_build_sale_price,8,3,0.11454430967569351,0.07280516624450684,2136.0,0.16898909211158752,23,1
StandardGSGP,f16785db-ace2-11ef-b870-8863df8a28b9,resid_build_sale_price,8,4,0.11454430967569351,0.07280635833740234,2770.0,0.16898909211158752,23,1
StandardGSGP,f16785db-ace2-11ef-b870-8863df8a28b9,resid_build_sale_price,8,5,0.11010861396789551,0.07181072235107422,3400.0,0.1641990840435028,33,1
StandardGSGP,f16785db-ace2-11ef-b870-8863df8a28b9,resid_build_sale_price,8,6,0.10675078630447388,0.07081103324890137,3922.0,0.15092045068740845,39,1
StandardGSGP,f16785db-ace2-11ef-b870-8863df8a28b9,resid_build_sale_price,8,7,0.10119717568159103,0.07280468940734863,4508.0,0.15093132853507996,39,1
StandardGSGP,f16785db-ace2-11ef-b870-8863df8a28b9,resid_build_sale_price,8,8,0.10119717568159103,0.07180666923522949,5036.0,0.15093132853507996,39,1
StandardGSGP,f16785db-ace2-11ef-b870-8863df8a28b9,resid_build_sale_price,8,9,0.09849642962217331,0.06981277465820312,5480.0,0.14776425063610077,51,1
StandardGSGP,f16785db-ace2-11ef-b870-8863df8a28b9,resid_build_sale_price,8,10,0.09657034277915955,0.06781911849975586,5714.0,0.14869676530361176,51,1
StandardGSGP,f16785db-ace2-11ef-b870-8863df8a28b9,resid_build_sale_price,8,11,0.09276347607374191,0.07280683517456055,6258.0,0.1354544758796692,67,1
StandardGSGP,f16785db-ace2-11ef-b870-8863df8a28b9,resid_build_sale_price,8,12,0.09114059060811996,0.07280468940734863,6796.0,0.1274508386850357,69,1
StandardGSGP,f16785db-ace2-11ef-b870-8863df8a28b9,resid_build_sale_price,8,13,0.08398525416851044,0.0718073844909668,7324.0,0.12592242658138275,75,1
StandardGSGP,f16785db-ace2-11ef-b870-8863df8a28b9,resid_build_sale_price,8,14,0.08398525416851044,0.07081222534179688,7834.0,0.12592242658138275,75,1
StandardGSGP,f16785db-ace2-11ef-b870-8863df8a28b9,resid_build_sale_price,8,15,0.08398525416851044,0.07380247116088867,8462.0,0.12592242658138275,75,1
StandardGSGP,f16785db-ace2-11ef-b870-8863df8a28b9,resid_build_sale_price,8,16,0.07844207435846329,0.07679367065429688,8980.0,0.10315360873937607,97,1
StandardGSGP,f16785db-ace2-11ef-b870-8863df8a28b9,resid_build_sale_price,8,17,0.07844207435846329,0.07379889488220215,9388.0,0.10315360873937607,97,1
StandardGSGP,f16785db-ace2-11ef-b870-8863df8a28b9,resid_build_sale_price,8,18,0.07844207435846329,0.1735382080078125,9952.0,0.10315360873937607,97,1
StandardGSGP,f16785db-ace2-11ef-b870-8863df8a28b9,resid_build_sale_price,8,19,0.07756210118532181,0.06881427764892578,10490.0,0.10233049839735031,103,1
StandardGSGP,f16785db-ace2-11ef-b870-8863df8a28b9,resid_build_sale_price,8,20,0.07756210118532181,0.07480025291442871,11114.0,0.10233049839735031,103,1
StandardGSGP,f16785db-ace2-11ef-b870-8863df8a28b9,resid_build_sale_price,8,21,0.07756210118532181,0.07081127166748047,11510.0,0.10233049839735031,103,1
StandardGSGP,f16785db-ace2-11ef-b870-8863df8a28b9,resid_build_sale_price,8,22,0.07756210118532181,0.0718088150024414,11856.0,0.10233049839735031,103,1
StandardGSGP,f16785db-ace2-11ef-b870-8863df8a28b9,resid_build_sale_price,8,23,0.07592198252677917,0.07280421257019043,12178.0,0.10521210730075836,115,1
StandardGSGP,f16785db-ace2-11ef-b870-8863df8a28b9,resid_build_sale_price,8,24,0.07592198252677917,0.06894135475158691,12470.0,0.10521210730075836,115,1
StandardGSGP,f16785db-ace2-11ef-b870-8863df8a28b9,resid_build_sale_price,8,25,0.07385142147541046,0.06981253623962402,13004.0,0.10466419160366058,121,1
StandardGSGP,f16785db-ace2-11ef-b870-8863df8a28b9,resid_build_sale_price,8,26,0.07385142147541046,0.06981277465820312,13292.0,0.10466419160366058,121,1
StandardGSGP,f16785db-ace2-11ef-b870-8863df8a28b9,resid_build_sale_price,8,27,0.07385142147541046,0.07080864906311035,13670.0,0.10466419160366058,121,1
StandardGSGP,f16785db-ace2-11ef-b870-8863df8a28b9,resid_build_sale_price,8,28,0.07109872996807098,0.07081031799316406,13988.0,0.11109564453363419,135,1
StandardGSGP,f16785db-ace2-11ef-b870-8863df8a28b9,resid_build_sale_price,8,29,0.07109872996807098,0.06781673431396484,14202.0,0.11109564453363419,135,1
StandardGSGP,f16785db-ace2-11ef-b870-8863df8a28b9,resid_build_sale_price,8,30,0.07109872996807098,0.0688169002532959,14536.0,0.11109564453363419,135,1
StandardGSGP,f16785db-ace2-11ef-b870-8863df8a28b9,resid_build_sale_price,8,31,0.07109872996807098,0.07280659675598145,14914.0,0.11109564453363419,135,1
StandardGSGP,f16785db-ace2-11ef-b870-8863df8a28b9,resid_build_sale_price,8,32,0.06499352306127548,0.07280468940734863,15512.0,0.1003066673874855,155,1
StandardGSGP,f16785db-ace2-11ef-b870-8863df8a28b9,resid_build_sale_price,8,33,0.0648842602968216,0.06981492042541504,15890.0,0.09803638607263565,163,1
StandardGSGP,f16785db-ace2-11ef-b870-8863df8a28b9,resid_build_sale_price,8,34,0.06486614048480988,0.07679462432861328,16562.0,0.1017068475484848,167,1
StandardGSGP,f16785db-ace2-11ef-b870-8863df8a28b9,resid_build_sale_price,8,35,0.06446708738803864,0.07679319381713867,17146.0,0.09861408174037933,169,1
StandardGSGP,f16785db-ace2-11ef-b870-8863df8a28b9,resid_build_sale_price,8,36,0.06426075100898743,0.07080817222595215,17588.0,0.10031428933143616,175,1
StandardGSGP,f16785db-ace2-11ef-b870-8863df8a28b9,resid_build_sale_price,8,37,0.06426075100898743,0.06881308555603027,18120.0,0.10031428933143616,175,1
StandardGSGP,f16785db-ace2-11ef-b870-8863df8a28b9,resid_build_sale_price,8,38,0.06426075100898743,0.07180666923522949,18728.0,0.10031428933143616,175,1
StandardGSGP,f16785db-ace2-11ef-b870-8863df8a28b9,resid_build_sale_price,8,39,0.06397315114736557,0.07380080223083496,19260.0,0.10239508748054504,181,1
StandardGSGP,f16785db-ace2-11ef-b870-8863df8a28b9,resid_build_sale_price,8,40,0.06397315114736557,0.07180666923522949,19596.0,0.10239508748054504,181,1
StandardGSGP,f16785db-ace2-11ef-b870-8863df8a28b9,resid_build_sale_price,8,41,0.06397315114736557,0.06981444358825684,20148.0,0.10239508748054504,181,1
StandardGSGP,f16785db-ace2-11ef-b870-8863df8a28b9,resid_build_sale_price,8,42,0.06397315114736557,0.07081151008605957,20544.0,0.10239508748054504,181,1
StandardGSGP,f16785db-ace2-11ef-b870-8863df8a28b9,resid_build_sale_price,8,43,0.06386309862136841,0.0688164234161377,20804.0,0.10234737396240234,187,1
StandardGSGP,f16785db-ace2-11ef-b870-8863df8a28b9,resid_build_sale_price,8,44,0.06386309862136841,0.07180476188659668,21132.0,0.10234737396240234,187,1
StandardGSGP,f16785db-ace2-11ef-b870-8863df8a28b9,resid_build_sale_price,8,45,0.06386309862136841,0.0747990608215332,21162.0,0.10234737396240234,187,1
StandardGSGP,f16785db-ace2-11ef-b870-8863df8a28b9,resid_build_sale_price,8,46,0.06386309862136841,0.07180404663085938,21674.0,0.10234737396240234,187,1
StandardGSGP,f16785db-ace2-11ef-b870-8863df8a28b9,resid_build_sale_price,8,47,0.06386309862136841,0.07081055641174316,22272.0,0.10234737396240234,187,1
StandardGSGP,f16785db-ace2-11ef-b870-8863df8a28b9,resid_build_sale_price,8,48,0.06386309862136841,0.07080960273742676,23414.0,0.10234737396240234,187,1
StandardGSGP,f16785db-ace2-11ef-b870-8863df8a28b9,resid_build_sale_price,8,49,0.06386309862136841,0.07280540466308594,23856.0,0.10234737396240234,187,1
StandardGSGP,f16785db-ace2-11ef-b870-8863df8a28b9,resid_build_sale_price,8,50,0.06386309862136841,0.06981062889099121,24424.0,0.10234737396240234,187,1
StandardGSGP,f16785db-ace2-11ef-b870-8863df8a28b9,resid_build_sale_price,8,51,0.06386309862136841,0.06805706024169922,24344.0,0.10234737396240234,187,1
StandardGSGP,f16785db-ace2-11ef-b870-8863df8a28b9,resid_build_sale_price,8,52,0.06386309862136841,0.0761415958404541,23236.0,0.10234737396240234,187,1
StandardGSGP,f16785db-ace2-11ef-b870-8863df8a28b9,resid_build_sale_price,8,53,0.06386309862136841,0.07197690010070801,23312.0,0.10234737396240234,187,1
StandardGSGP,f16785db-ace2-11ef-b870-8863df8a28b9,resid_build_sale_price,8,54,0.06386309862136841,0.08949446678161621,23944.0,0.10234737396240234,187,1
StandardGSGP,f16785db-ace2-11ef-b870-8863df8a28b9,resid_build_sale_price,8,55,0.06386309862136841,0.07176733016967773,24178.0,0.10234737396240234,187,1
StandardGSGP,f16785db-ace2-11ef-b870-8863df8a28b9,resid_build_sale_price,8,56,0.06386309862136841,0.0722646713256836,24992.0,0.10234737396240234,187,1
StandardGSGP,f16785db-ace2-11ef-b870-8863df8a28b9,resid_build_sale_price,8,57,0.06386309862136841,0.0780336856842041,26060.0,0.10234737396240234,187,1
StandardGSGP,f16785db-ace2-11ef-b870-8863df8a28b9,resid_build_sale_price,8,58,0.06386309862136841,0.06653642654418945,27636.0,0.10234737396240234,187,1
StandardGSGP,f16785db-ace2-11ef-b870-8863df8a28b9,resid_build_sale_price,8,59,0.06386309862136841,0.07290911674499512,28732.0,0.10234737396240234,187,1
StandardGSGP,f16785db-ace2-11ef-b870-8863df8a28b9,resid_build_sale_price,8,60,0.06386309862136841,0.0727238655090332,29608.0,0.10234737396240234,187,1
StandardGSGP,f16785db-ace2-11ef-b870-8863df8a28b9,resid_build_sale_price,8,61,0.06386309862136841,0.0704045295715332,30480.0,0.10234737396240234,187,1
StandardGSGP,f16785db-ace2-11ef-b870-8863df8a28b9,resid_build_sale_price,8,62,0.06386309862136841,0.06794428825378418,30944.0,0.10234737396240234,187,1
StandardGSGP,f16785db-ace2-11ef-b870-8863df8a28b9,resid_build_sale_price,8,63,0.06386309862136841,0.07648849487304688,28454.0,0.10234737396240234,187,1
StandardGSGP,f16785db-ace2-11ef-b870-8863df8a28b9,resid_build_sale_price,8,64,0.06386309862136841,0.07080721855163574,24780.0,0.10234737396240234,187,1
StandardGSGP,f16785db-ace2-11ef-b870-8863df8a28b9,resid_build_sale_price,8,65,0.06298260390758514,0.06840777397155762,23632.0,0.09934372454881668,205,1
StandardGSGP,f16785db-ace2-11ef-b870-8863df8a28b9,resid_build_sale_price,8,66,0.06173248589038849,0.0732107162475586,22474.0,0.09550068527460098,205,1
StandardGSGP,f16785db-ace2-11ef-b870-8863df8a28b9,resid_build_sale_price,8,67,0.06161787360906601,0.06706714630126953,22570.0,0.0961681380867958,211,1
StandardGSGP,f16785db-ace2-11ef-b870-8863df8a28b9,resid_build_sale_price,8,68,0.05989529564976692,0.07057666778564453,23142.0,0.09047778695821762,217,1
StandardGSGP,f16785db-ace2-11ef-b870-8863df8a28b9,resid_build_sale_price,8,69,0.05989529564976692,0.0728151798248291,23498.0,0.09047778695821762,217,1
StandardGSGP,f16785db-ace2-11ef-b870-8863df8a28b9,resid_build_sale_price,8,70,0.05965367332100868,0.07874631881713867,24022.0,0.09375878423452377,223,1
StandardGSGP,f16785db-ace2-11ef-b870-8863df8a28b9,resid_build_sale_price,8,71,0.05903325602412224,0.07288265228271484,24066.0,0.09120532125234604,223,1
StandardGSGP,f16785db-ace2-11ef-b870-8863df8a28b9,resid_build_sale_price,8,72,0.05763360112905502,0.0752871036529541,24620.0,0.09095502644777298,229,1
StandardGSGP,f16785db-ace2-11ef-b870-8863df8a28b9,resid_build_sale_price,8,73,0.0563063807785511,0.0748586654663086,24900.0,0.09377124905586243,235,1
StandardGSGP,f16785db-ace2-11ef-b870-8863df8a28b9,resid_build_sale_price,8,74,0.0563063807785511,0.07281374931335449,24602.0,0.09377124905586243,235,1
StandardGSGP,f16785db-ace2-11ef-b870-8863df8a28b9,resid_build_sale_price,8,75,0.0563063807785511,0.07272148132324219,24996.0,0.09377124905586243,235,1
StandardGSGP,f16785db-ace2-11ef-b870-8863df8a28b9,resid_build_sale_price,8,76,0.0563063807785511,0.07267951965332031,25388.0,0.09377124905586243,235,1
StandardGSGP,f16785db-ace2-11ef-b870-8863df8a28b9,resid_build_sale_price,8,77,0.05484582856297493,0.06709432601928711,25696.0,0.0906977728009224,241,1
StandardGSGP,f16785db-ace2-11ef-b870-8863df8a28b9,resid_build_sale_price,8,78,0.05484582856297493,0.07089376449584961,25972.0,0.0906977728009224,241,1
StandardGSGP,f16785db-ace2-11ef-b870-8863df8a28b9,resid_build_sale_price,8,79,0.05484582856297493,0.06981039047241211,26588.0,0.0906977728009224,241,1
StandardGSGP,f16785db-ace2-11ef-b870-8863df8a28b9,resid_build_sale_price,8,80,0.05443863943219185,0.07280635833740234,26766.0,0.09044571965932846,253,1
StandardGSGP,f16785db-ace2-11ef-b870-8863df8a28b9,resid_build_sale_price,8,81,0.05428777262568474,0.07180595397949219,27116.0,0.08902118355035782,261,1
StandardGSGP,f16785db-ace2-11ef-b870-8863df8a28b9,resid_build_sale_price,8,82,0.05428777262568474,0.07180929183959961,27570.0,0.08902118355035782,261,1
StandardGSGP,f16785db-ace2-11ef-b870-8863df8a28b9,resid_build_sale_price,8,83,0.05428777262568474,0.07081341743469238,28006.0,0.08902118355035782,261,1
StandardGSGP,f16785db-ace2-11ef-b870-8863df8a28b9,resid_build_sale_price,8,84,0.05428777262568474,0.07380080223083496,28678.0,0.08902118355035782,261,1
StandardGSGP,f16785db-ace2-11ef-b870-8863df8a28b9,resid_build_sale_price,8,85,0.05428777262568474,0.07280421257019043,29326.0,0.08902118355035782,261,1
StandardGSGP,f16785db-ace2-11ef-b870-8863df8a28b9,resid_build_sale_price,8,86,0.053139302879571915,0.07380294799804688,29214.0,0.09193321317434311,273,1
StandardGSGP,f16785db-ace2-11ef-b870-8863df8a28b9,resid_build_sale_price,8,87,0.053139302879571915,0.07081151008605957,29154.0,0.09193321317434311,273,1
StandardGSGP,f16785db-ace2-11ef-b870-8863df8a28b9,resid_build_sale_price,8,88,0.053139302879571915,0.07380127906799316,29174.0,0.09193321317434311,273,1
StandardGSGP,f16785db-ace2-11ef-b870-8863df8a28b9,resid_build_sale_price,8,89,0.053139302879571915,0.07081127166748047,29412.0,0.09193321317434311,273,1
StandardGSGP,f16785db-ace2-11ef-b870-8863df8a28b9,resid_build_sale_price,8,90,0.053139302879571915,0.06781721115112305,29870.0,0.09193321317434311,273,1
StandardGSGP,f16785db-ace2-11ef-b870-8863df8a28b9,resid_build_sale_price,8,91,0.053139302879571915,0.06981277465820312,29990.0,0.09193321317434311,273,1
StandardGSGP,f16785db-ace2-11ef-b870-8863df8a28b9,resid_build_sale_price,8,92,0.053139302879571915,0.0718088150024414,30422.0,0.09193321317434311,273,1
StandardGSGP,f16785db-ace2-11ef-b870-8863df8a28b9,resid_build_sale_price,8,93,0.053139302879571915,0.06781744956970215,30730.0,0.09193321317434311,273,1
StandardGSGP,f16785db-ace2-11ef-b870-8863df8a28b9,resid_build_sale_price,8,94,0.053139302879571915,0.0718076229095459,30532.0,0.09193321317434311,273,1
StandardGSGP,f16785db-ace2-11ef-b870-8863df8a28b9,resid_build_sale_price,8,95,0.05220234766602516,0.07280635833740234,30442.0,0.08967288583517075,285,1
StandardGSGP,f16785db-ace2-11ef-b870-8863df8a28b9,resid_build_sale_price,8,96,0.05220234766602516,0.07280778884887695,30732.0,0.08967288583517075,285,1
StandardGSGP,f16785db-ace2-11ef-b870-8863df8a28b9,resid_build_sale_price,8,97,0.05220234766602516,0.07579493522644043,30886.0,0.08967288583517075,285,1
StandardGSGP,f16785db-ace2-11ef-b870-8863df8a28b9,resid_build_sale_price,8,98,0.05220234766602516,0.07480335235595703,31644.0,0.08967288583517075,285,1
StandardGSGP,f16785db-ace2-11ef-b870-8863df8a28b9,resid_build_sale_price,8,99,0.05153076350688934,0.06881546974182129,31556.0,0.0867987871170044,293,1
StandardGSGP,f16785db-ace2-11ef-b870-8863df8a28b9,resid_build_sale_price,8,100,0.05107373744249344,0.07280373573303223,31484.0,0.08892948925495148,299,1
StandardGSGP,80beadce-ace3-11ef-92ad-8863df8a28b9,resid_build_sale_price,8,0,122.53715515136719,0.25011610984802246,3672.0,178.20680236816406,3,1
StandardGSGP,80beadce-ace3-11ef-92ad-8863df8a28b9,resid_build_sale_price,8,1,122.3403091430664,0.07197093963623047,2334.0,178.03604125976562,9,1
StandardGSGP,80beadce-ace3-11ef-92ad-8863df8a28b9,resid_build_sale_price,8,2,106.01223754882812,0.07183623313903809,2846.0,162.13360595703125,29,1
StandardGSGP,80beadce-ace3-11ef-92ad-8863df8a28b9,resid_build_sale_price,8,3,106.00184631347656,0.08475828170776367,2922.0,162.12362670898438,37,1
StandardGSGP,80beadce-ace3-11ef-92ad-8863df8a28b9,resid_build_sale_price,8,4,93.19320678710938,0.06315302848815918,3576.0,145.80242919921875,73,1
StandardGSGP,80beadce-ace3-11ef-92ad-8863df8a28b9,resid_build_sale_price,8,5,93.1543960571289,0.08732962608337402,5348.0,145.7266387939453,79,1
StandardGSGP,80beadce-ace3-11ef-92ad-8863df8a28b9,resid_build_sale_price,8,6,92.77501678466797,0.07160568237304688,8210.0,146.46820068359375,157,1
StandardGSGP,80beadce-ace3-11ef-92ad-8863df8a28b9,resid_build_sale_price,8,7,92.77501678466797,0.06288361549377441,10446.0,146.46820068359375,157,1
StandardGSGP,80beadce-ace3-11ef-92ad-8863df8a28b9,resid_build_sale_price,8,8,92.75147247314453,0.08704543113708496,12954.0,146.3876953125,165,1
StandardGSGP,80beadce-ace3-11ef-92ad-8863df8a28b9,resid_build_sale_price,8,9,92.73377990722656,0.06782388687133789,14862.0,146.4161834716797,171,1
StandardGSGP,80beadce-ace3-11ef-92ad-8863df8a28b9,resid_build_sale_price,8,10,92.7256088256836,0.07185816764831543,17684.0,146.39715576171875,175,1
StandardGSGP,80beadce-ace3-11ef-92ad-8863df8a28b9,resid_build_sale_price,8,11,92.68611907958984,0.0722050666809082,22240.0,146.40151977539062,177,1
StandardGSGP,80beadce-ace3-11ef-92ad-8863df8a28b9,resid_build_sale_price,8,12,92.66694641113281,0.07799386978149414,24682.0,146.36117553710938,187,1
StandardGSGP,80beadce-ace3-11ef-92ad-8863df8a28b9,resid_build_sale_price,8,13,92.65209197998047,0.07168841361999512,28574.0,146.2968292236328,189,1
StandardGSGP,80beadce-ace3-11ef-92ad-8863df8a28b9,resid_build_sale_price,8,14,92.64826965332031,0.0714259147644043,30348.0,146.2449188232422,195,1
StandardGSGP,80beadce-ace3-11ef-92ad-8863df8a28b9,resid_build_sale_price,8,15,92.6273193359375,0.07851743698120117,27764.0,146.3095703125,203,1
StandardGSGP,80beadce-ace3-11ef-92ad-8863df8a28b9,resid_build_sale_price,8,16,92.6273193359375,0.08739566802978516,27376.0,146.3095703125,203,1
StandardGSGP,80beadce-ace3-11ef-92ad-8863df8a28b9,resid_build_sale_price,8,17,92.59646606445312,0.07137846946716309,34464.0,146.16552734375,407,1
StandardGSGP,80beadce-ace3-11ef-92ad-8863df8a28b9,resid_build_sale_price,8,18,92.5873031616211,0.08757662773132324,35918.0,146.11981201171875,413,1
StandardGSGP,80beadce-ace3-11ef-92ad-8863df8a28b9,resid_build_sale_price,8,19,92.5118637084961,0.06289052963256836,38646.0,146.11007690429688,231,1
StandardGSGP,80beadce-ace3-11ef-92ad-8863df8a28b9,resid_build_sale_price,8,20,92.5118637084961,0.08713817596435547,41774.0,146.11007690429688,231,1
StandardGSGP,80beadce-ace3-11ef-92ad-8863df8a28b9,resid_build_sale_price,8,21,92.5118637084961,0.07710075378417969,59684.0,146.11007690429688,231,1
StandardGSGP,80beadce-ace3-11ef-92ad-8863df8a28b9,resid_build_sale_price,8,22,92.5115966796875,0.07640600204467773,69134.0,146.1077423095703,237,1
StandardGSGP,80beadce-ace3-11ef-92ad-8863df8a28b9,resid_build_sale_price,8,23,92.50836944580078,0.07302021980285645,69216.0,146.0514678955078,239,1
StandardGSGP,80beadce-ace3-11ef-92ad-8863df8a28b9,resid_build_sale_price,8,24,92.50652313232422,0.07110166549682617,61914.0,146.15078735351562,243,1
StandardGSGP,80beadce-ace3-11ef-92ad-8863df8a28b9,resid_build_sale_price,8,25,92.41177368164062,0.08333086967468262,44588.0,145.99688720703125,249,1
StandardGSGP,80beadce-ace3-11ef-92ad-8863df8a28b9,resid_build_sale_price,8,26,92.41177368164062,0.07134675979614258,40908.0,145.99688720703125,249,1
StandardGSGP,80beadce-ace3-11ef-92ad-8863df8a28b9,resid_build_sale_price,8,27,92.410400390625,0.07851243019104004,41566.0,145.98471069335938,261,1
StandardGSGP,80beadce-ace3-11ef-92ad-8863df8a28b9,resid_build_sale_price,8,28,92.3892593383789,0.07175254821777344,41288.0,145.92152404785156,527,1
StandardGSGP,80beadce-ace3-11ef-92ad-8863df8a28b9,resid_build_sale_price,8,29,92.37843322753906,0.08437180519104004,42794.0,145.97808837890625,273,1
StandardGSGP,80beadce-ace3-11ef-92ad-8863df8a28b9,resid_build_sale_price,8,30,92.22258758544922,0.06826567649841309,40836.0,145.7117462158203,283,1
StandardGSGP,80beadce-ace3-11ef-92ad-8863df8a28b9,resid_build_sale_price,8,31,92.22258758544922,0.0709834098815918,47788.0,145.7117462158203,283,1
StandardGSGP,80beadce-ace3-11ef-92ad-8863df8a28b9,resid_build_sale_price,8,32,92.22258758544922,0.0849614143371582,53000.0,145.7117462158203,283,1
StandardGSGP,80beadce-ace3-11ef-92ad-8863df8a28b9,resid_build_sale_price,8,33,92.2191390991211,0.07200074195861816,51568.0,145.6510009765625,297,1
StandardGSGP,80beadce-ace3-11ef-92ad-8863df8a28b9,resid_build_sale_price,8,34,92.12315368652344,0.07811355590820312,45590.0,145.52073669433594,301,1
StandardGSGP,80beadce-ace3-11ef-92ad-8863df8a28b9,resid_build_sale_price,8,35,92.12203979492188,0.07174110412597656,50334.0,145.50222778320312,307,1
StandardGSGP,80beadce-ace3-11ef-92ad-8863df8a28b9,resid_build_sale_price,8,36,92.11570739746094,0.07859683036804199,54036.0,145.4276580810547,307,1
StandardGSGP,80beadce-ace3-11ef-92ad-8863df8a28b9,resid_build_sale_price,8,37,92.10760498046875,0.14713406562805176,54716.0,145.43789672851562,633,1
StandardGSGP,80beadce-ace3-11ef-92ad-8863df8a28b9,resid_build_sale_price,8,38,92.08365631103516,0.08171892166137695,65000.0,145.47561645507812,641,1
StandardGSGP,80beadce-ace3-11ef-92ad-8863df8a28b9,resid_build_sale_price,8,39,92.08325958251953,0.07167553901672363,67728.0,145.47132873535156,647,1
StandardGSGP,80beadce-ace3-11ef-92ad-8863df8a28b9,resid_build_sale_price,8,40,92.0396499633789,0.07166767120361328,75204.0,145.34901428222656,333,1
StandardGSGP,80beadce-ace3-11ef-92ad-8863df8a28b9,resid_build_sale_price,8,41,92.0396499633789,0.07810783386230469,81124.0,145.34901428222656,333,1
StandardGSGP,80beadce-ace3-11ef-92ad-8863df8a28b9,resid_build_sale_price,8,42,92.03365325927734,0.08332300186157227,75518.0,145.29991149902344,981,1
StandardGSGP,80beadce-ace3-11ef-92ad-8863df8a28b9,resid_build_sale_price,8,43,92.02637481689453,0.07779097557067871,85812.0,145.32322692871094,345,1
StandardGSGP,80beadce-ace3-11ef-92ad-8863df8a28b9,resid_build_sale_price,8,44,92.00106811523438,0.0797877311706543,100702.0,145.2990264892578,357,1
StandardGSGP,80beadce-ace3-11ef-92ad-8863df8a28b9,resid_build_sale_price,8,45,91.98963928222656,0.07280445098876953,124186.0,145.34695434570312,2703,1
StandardGSGP,80beadce-ace3-11ef-92ad-8863df8a28b9,resid_build_sale_price,8,46,91.98395538330078,0.07779359817504883,129820.0,145.3374786376953,2709,1
StandardGSGP,80beadce-ace3-11ef-92ad-8863df8a28b9,resid_build_sale_price,8,47,91.97559356689453,0.07779264450073242,158632.0,145.34571838378906,3093,1
StandardGSGP,80beadce-ace3-11ef-92ad-8863df8a28b9,resid_build_sale_price,8,48,91.9563217163086,0.07878923416137695,208276.0,145.3201141357422,2715,1
StandardGSGP,80beadce-ace3-11ef-92ad-8863df8a28b9,resid_build_sale_price,8,49,91.9563217163086,0.07280516624450684,287590.0,145.3201141357422,2715,1
StandardGSGP,80beadce-ace3-11ef-92ad-8863df8a28b9,resid_build_sale_price,8,50,91.8974380493164,0.07679510116577148,323522.0,145.2386016845703,2733,1
StandardGSGP,80beadce-ace3-11ef-92ad-8863df8a28b9,resid_build_sale_price,8,51,91.89429473876953,0.07280516624450684,353506.0,145.21861267089844,2739,1
StandardGSGP,80beadce-ace3-11ef-92ad-8863df8a28b9,resid_build_sale_price,8,52,91.86538696289062,0.07280397415161133,384408.0,145.23487854003906,3123,1
StandardGSGP,80beadce-ace3-11ef-92ad-8863df8a28b9,resid_build_sale_price,8,53,91.86538696289062,0.07679533958435059,384860.0,145.23487854003906,3123,1
StandardGSGP,80beadce-ace3-11ef-92ad-8863df8a28b9,resid_build_sale_price,8,54,91.86393737792969,0.08676886558532715,401754.0,145.27040100097656,3135,1
StandardGSGP,80beadce-ace3-11ef-92ad-8863df8a28b9,resid_build_sale_price,8,55,91.85845947265625,0.07579588890075684,394832.0,145.2438507080078,5879,1
StandardGSGP,80beadce-ace3-11ef-92ad-8863df8a28b9,resid_build_sale_price,8,56,91.85826873779297,0.0747990608215332,423948.0,145.25628662109375,3143,1
StandardGSGP,80beadce-ace3-11ef-92ad-8863df8a28b9,resid_build_sale_price,8,57,91.84031677246094,0.07280826568603516,470142.0,145.20909118652344,3155,1
StandardGSGP,80beadce-ace3-11ef-92ad-8863df8a28b9,resid_build_sale_price,8,58,91.84031677246094,0.07579994201660156,547400.0,145.20909118652344,3155,1
StandardGSGP,80beadce-ace3-11ef-92ad-8863df8a28b9,resid_build_sale_price,8,59,91.83181762695312,0.0747990608215332,626554.0,145.1876220703125,3159,1
StandardGSGP,80beadce-ace3-11ef-92ad-8863df8a28b9,resid_build_sale_price,8,60,91.83181762695312,0.07579565048217773,681552.0,145.1876220703125,3159,1
StandardGSGP,80beadce-ace3-11ef-92ad-8863df8a28b9,resid_build_sale_price,8,61,91.82600402832031,0.0747978687286377,681770.0,145.25563049316406,6325,1
StandardGSGP,80beadce-ace3-11ef-92ad-8863df8a28b9,resid_build_sale_price,8,62,91.81221008300781,0.07679295539855957,726440.0,145.3091278076172,9505,1
StandardGSGP,80beadce-ace3-11ef-92ad-8863df8a28b9,resid_build_sale_price,8,63,91.81221008300781,0.07380247116088867,880636.0,145.3091278076172,9505,1
StandardGSGP,80beadce-ace3-11ef-92ad-8863df8a28b9,resid_build_sale_price,8,64,91.80998229980469,0.07479977607727051,952910.0,145.27720642089844,9513,1
StandardGSGP,80beadce-ace3-11ef-92ad-8863df8a28b9,resid_build_sale_price,8,65,91.79745483398438,0.0747992992401123,1138488.0,145.16876220703125,6349,1
StandardGSGP,80beadce-ace3-11ef-92ad-8863df8a28b9,resid_build_sale_price,8,66,91.78561401367188,0.07679009437561035,1241312.0,145.29693603515625,9525,1
StandardGSGP,80beadce-ace3-11ef-92ad-8863df8a28b9,resid_build_sale_price,8,67,91.74528503417969,0.07380056381225586,1177872.0,145.2270050048828,9531,1
StandardGSGP,80beadce-ace3-11ef-92ad-8863df8a28b9,resid_build_sale_price,8,68,91.74526977539062,0.07200741767883301,1220470.0,145.2270050048828,9537,1
StandardGSGP,80beadce-ace3-11ef-92ad-8863df8a28b9,resid_build_sale_price,8,69,91.74526977539062,0.06746792793273926,1264014.0,145.2270050048828,9537,1
StandardGSGP,80beadce-ace3-11ef-92ad-8863df8a28b9,resid_build_sale_price,8,70,91.74386596679688,0.07598161697387695,1517400.0,145.23809814453125,19079,1
StandardGSGP,80beadce-ace3-11ef-92ad-8863df8a28b9,resid_build_sale_price,8,71,91.67408752441406,0.08521437644958496,1658358.0,145.08860778808594,9543,1
StandardGSGP,80beadce-ace3-11ef-92ad-8863df8a28b9,resid_build_sale_price,8,72,91.67408752441406,0.08040666580200195,1595424.0,145.08860778808594,9543,1
StandardGSGP,80beadce-ace3-11ef-92ad-8863df8a28b9,resid_build_sale_price,8,73,91.67408752441406,0.06288552284240723,1710930.0,145.08860778808594,9543,1
StandardGSGP,80beadce-ace3-11ef-92ad-8863df8a28b9,resid_build_sale_price,8,74,91.67162322998047,0.0716705322265625,2151272.0,144.9505157470703,9557,1
StandardGSGP,80beadce-ace3-11ef-92ad-8863df8a28b9,resid_build_sale_price,8,75,91.64794158935547,0.08487343788146973,2123074.0,145.2249755859375,19129,1
StandardGSGP,80beadce-ace3-11ef-92ad-8863df8a28b9,resid_build_sale_price,8,76,91.64054107666016,0.07415580749511719,1706028.0,144.93128967285156,9567,1
StandardGSGP,80beadce-ace3-11ef-92ad-8863df8a28b9,resid_build_sale_price,8,77,91.64035034179688,0.07539606094360352,1728830.0,144.92849731445312,9573,1
StandardGSGP,80beadce-ace3-11ef-92ad-8863df8a28b9,resid_build_sale_price,8,78,91.61981201171875,0.06852197647094727,1943340.0,145.18727111816406,19151,1
StandardGSGP,80beadce-ace3-11ef-92ad-8863df8a28b9,resid_build_sale_price,8,79,91.61477661132812,0.06694221496582031,2116510.0,145.1457977294922,19159,1
StandardGSGP,80beadce-ace3-11ef-92ad-8863df8a28b9,resid_build_sale_price,8,80,91.60409545898438,0.08277082443237305,2299234.0,145.10389709472656,19163,1
StandardGSGP,80beadce-ace3-11ef-92ad-8863df8a28b9,resid_build_sale_price,8,81,91.58087158203125,0.06288814544677734,2405450.0,145.07618713378906,38327,1
StandardGSGP,80beadce-ace3-11ef-92ad-8863df8a28b9,resid_build_sale_price,8,82,91.58087158203125,0.1992502212524414,2549840.0,145.07618713378906,38327,1
StandardGSGP,80beadce-ace3-11ef-92ad-8863df8a28b9,resid_build_sale_price,8,83,91.58087158203125,0.0724647045135498,2943582.0,145.07618713378906,38327,1
StandardGSGP,80beadce-ace3-11ef-92ad-8863df8a28b9,resid_build_sale_price,8,84,91.4547119140625,0.07351565361022949,3385048.0,144.91835021972656,19183,1
StandardGSGP,80beadce-ace3-11ef-92ad-8863df8a28b9,resid_build_sale_price,8,85,91.45455169677734,0.06795811653137207,3490872.0,144.88589477539062,19189,1
StandardGSGP,80beadce-ace3-11ef-92ad-8863df8a28b9,resid_build_sale_price,8,86,91.43385314941406,0.07320213317871094,3242350.0,144.91883850097656,19195,1
StandardGSGP,80beadce-ace3-11ef-92ad-8863df8a28b9,resid_build_sale_price,8,87,91.43385314941406,0.07282519340515137,2936788.0,144.91883850097656,19195,1
StandardGSGP,80beadce-ace3-11ef-92ad-8863df8a28b9,resid_build_sale_price,8,88,91.41632080078125,0.07278704643249512,2938386.0,144.89710998535156,19209,1
StandardGSGP,80beadce-ace3-11ef-92ad-8863df8a28b9,resid_build_sale_price,8,89,91.41443634033203,0.07338571548461914,2938928.0,144.8717498779297,19215,1
StandardGSGP,80beadce-ace3-11ef-92ad-8863df8a28b9,resid_build_sale_price,8,90,91.40811157226562,0.06995606422424316,2901472.0,144.7764892578125,19221,1
StandardGSGP,80beadce-ace3-11ef-92ad-8863df8a28b9,resid_build_sale_price,8,91,91.39488983154297,0.07139182090759277,2768030.0,144.82318115234375,19229,1
StandardGSGP,80beadce-ace3-11ef-92ad-8863df8a28b9,resid_build_sale_price,8,92,91.39473724365234,0.0723721981048584,2749430.0,144.827880859375,19235,1
StandardGSGP,80beadce-ace3-11ef-92ad-8863df8a28b9,resid_build_sale_price,8,93,91.388671875,0.06824898719787598,2750338.0,144.85618591308594,19237,1
StandardGSGP,80beadce-ace3-11ef-92ad-8863df8a28b9,resid_build_sale_price,8,94,91.38143157958984,0.06582522392272949,2558934.0,144.69422912597656,19245,1
StandardGSGP,80beadce-ace3-11ef-92ad-8863df8a28b9,resid_build_sale_price,8,95,91.35816955566406,0.07180643081665039,2675218.0,144.76673889160156,19249,1
StandardGSGP,80beadce-ace3-11ef-92ad-8863df8a28b9,resid_build_sale_price,8,96,91.35816955566406,0.0718073844909668,2714514.0,144.76673889160156,19249,1
StandardGSGP,80beadce-ace3-11ef-92ad-8863df8a28b9,resid_build_sale_price,8,97,91.35086822509766,0.06782126426696777,2888534.0,144.75538635253906,19265,1
StandardGSGP,80beadce-ace3-11ef-92ad-8863df8a28b9,resid_build_sale_price,8,98,91.35086822509766,0.0718071460723877,3216824.0,144.75538635253906,19265,1
StandardGSGP,80beadce-ace3-11ef-92ad-8863df8a28b9,resid_build_sale_price,8,99,91.34815979003906,0.07181000709533691,2986826.0,144.76449584960938,19277,1
StandardGSGP,80beadce-ace3-11ef-92ad-8863df8a28b9,resid_build_sale_price,8,100,91.27240753173828,0.06582427024841309,2910852.0,144.74517822265625,38557,1
StandardGSGP,493e5da7-ad21-11ef-aa70-e4a8dfc2a9a8,resid_build_sale_price,8,0,0.1277736872434616,0.029999971389770508,408.0,0.1467856615781784,3,1
StandardGSGP,493e5da7-ad21-11ef-aa70-e4a8dfc2a9a8,resid_build_sale_price,8,1,0.11816678196191788,0.05467414855957031,994.0,0.14462584257125854,9,1
StandardGSGP,493e5da7-ad21-11ef-aa70-e4a8dfc2a9a8,resid_build_sale_price,8,2,0.11427612602710724,0.05399966239929199,1552.0,0.09970632195472717,17,1
StandardGSGP,493e5da7-ad21-11ef-aa70-e4a8dfc2a9a8,resid_build_sale_price,8,3,0.10746840387582779,0.054662227630615234,2168.0,0.1280297487974167,23,1
StandardGSGP,493e5da7-ad21-11ef-aa70-e4a8dfc2a9a8,resid_build_sale_price,8,4,0.10746840387582779,0.05612659454345703,2788.0,0.1280297487974167,23,1
StandardGSGP,493e5da7-ad21-11ef-aa70-e4a8dfc2a9a8,resid_build_sale_price,8,5,0.10069438815116882,0.056511640548706055,3362.0,0.12472563982009888,33,1
StandardGSGP,493e5da7-ad21-11ef-aa70-e4a8dfc2a9a8,resid_build_sale_price,8,6,0.10069438815116882,0.054524898529052734,3868.0,0.12472563982009888,33,1
StandardGSGP,493e5da7-ad21-11ef-aa70-e4a8dfc2a9a8,resid_build_sale_price,8,7,0.09355848282575607,0.058510541915893555,4352.0,0.11026330292224884,45,1
StandardGSGP,493e5da7-ad21-11ef-aa70-e4a8dfc2a9a8,resid_build_sale_price,8,8,0.09355848282575607,0.054004669189453125,4828.0,0.11026330292224884,45,1
StandardGSGP,493e5da7-ad21-11ef-aa70-e4a8dfc2a9a8,resid_build_sale_price,8,9,0.09344889223575592,0.05325436592102051,5416.0,0.11002780497074127,51,1
StandardGSGP,493e5da7-ad21-11ef-aa70-e4a8dfc2a9a8,resid_build_sale_price,8,10,0.09124266356229782,0.0578000545501709,5978.0,0.10798713564872742,59,1
StandardGSGP,493e5da7-ad21-11ef-aa70-e4a8dfc2a9a8,resid_build_sale_price,8,11,0.08550149947404861,0.05499696731567383,6626.0,0.10291019827127457,71,1
StandardGSGP,493e5da7-ad21-11ef-aa70-e4a8dfc2a9a8,resid_build_sale_price,8,12,0.08296320587396622,0.055510759353637695,7264.0,0.09791070222854614,77,1
StandardGSGP,493e5da7-ad21-11ef-aa70-e4a8dfc2a9a8,resid_build_sale_price,8,13,0.08296320587396622,0.05500078201293945,7912.0,0.09791070222854614,77,1
StandardGSGP,493e5da7-ad21-11ef-aa70-e4a8dfc2a9a8,resid_build_sale_price,8,14,0.07308243960142136,0.05442309379577637,8630.0,0.09264738857746124,83,1
StandardGSGP,493e5da7-ad21-11ef-aa70-e4a8dfc2a9a8,resid_build_sale_price,8,15,0.07200545817613602,0.05500078201293945,9432.0,0.09171989560127258,89,1
StandardGSGP,493e5da7-ad21-11ef-aa70-e4a8dfc2a9a8,resid_build_sale_price,8,16,0.07200545817613602,0.055512189865112305,10038.0,0.09171989560127258,89,1
StandardGSGP,493e5da7-ad21-11ef-aa70-e4a8dfc2a9a8,resid_build_sale_price,8,17,0.07188837230205536,0.13382840156555176,10602.0,0.09160137921571732,95,1
StandardGSGP,493e5da7-ad21-11ef-aa70-e4a8dfc2a9a8,resid_build_sale_price,8,18,0.07188837230205536,0.05850934982299805,10890.0,0.09160137921571732,95,1
StandardGSGP,493e5da7-ad21-11ef-aa70-e4a8dfc2a9a8,resid_build_sale_price,8,19,0.07188837230205536,0.06457042694091797,11430.0,0.09160137921571732,95,1
StandardGSGP,493e5da7-ad21-11ef-aa70-e4a8dfc2a9a8,resid_build_sale_price,8,20,0.07188837230205536,0.0559995174407959,11988.0,0.09160137921571732,95,1
StandardGSGP,493e5da7-ad21-11ef-aa70-e4a8dfc2a9a8,resid_build_sale_price,8,21,0.07188837230205536,0.05250954627990723,12572.0,0.09160137921571732,95,1
StandardGSGP,493e5da7-ad21-11ef-aa70-e4a8dfc2a9a8,resid_build_sale_price,8,22,0.07188837230205536,0.05399799346923828,13042.0,0.09160137921571732,95,1
StandardGSGP,493e5da7-ad21-11ef-aa70-e4a8dfc2a9a8,resid_build_sale_price,8,23,0.07188837230205536,0.05851578712463379,13666.0,0.09160137921571732,95,1
StandardGSGP,493e5da7-ad21-11ef-aa70-e4a8dfc2a9a8,resid_build_sale_price,8,24,0.07185857743024826,0.05500483512878418,13886.0,0.09157612174749374,101,1
StandardGSGP,493e5da7-ad21-11ef-aa70-e4a8dfc2a9a8,resid_build_sale_price,8,25,0.07185857743024826,0.05680584907531738,14160.0,0.09157612174749374,101,1
StandardGSGP,493e5da7-ad21-11ef-aa70-e4a8dfc2a9a8,resid_build_sale_price,8,26,0.07185857743024826,0.059609413146972656,14558.0,0.09157612174749374,101,1
StandardGSGP,493e5da7-ad21-11ef-aa70-e4a8dfc2a9a8,resid_build_sale_price,8,27,0.07142730802297592,0.06400060653686523,15086.0,0.09195653349161148,113,1
StandardGSGP,493e5da7-ad21-11ef-aa70-e4a8dfc2a9a8,resid_build_sale_price,8,28,0.07115405797958374,0.05571126937866211,14926.0,0.09174979478120804,119,1
StandardGSGP,493e5da7-ad21-11ef-aa70-e4a8dfc2a9a8,resid_build_sale_price,8,29,0.07115405797958374,0.05631089210510254,15666.0,0.09174979478120804,119,1
StandardGSGP,493e5da7-ad21-11ef-aa70-e4a8dfc2a9a8,resid_build_sale_price,8,30,0.07115405797958374,0.05573630332946777,15902.0,0.09174979478120804,119,1
StandardGSGP,493e5da7-ad21-11ef-aa70-e4a8dfc2a9a8,resid_build_sale_price,8,31,0.071019746363163,0.057415008544921875,15790.0,0.09151361882686615,125,1
StandardGSGP,493e5da7-ad21-11ef-aa70-e4a8dfc2a9a8,resid_build_sale_price,8,32,0.071019746363163,0.05454587936401367,16640.0,0.09151361882686615,125,1
StandardGSGP,493e5da7-ad21-11ef-aa70-e4a8dfc2a9a8,resid_build_sale_price,8,33,0.071019746363163,0.06077980995178223,16898.0,0.09151361882686615,125,1
StandardGSGP,493e5da7-ad21-11ef-aa70-e4a8dfc2a9a8,resid_build_sale_price,8,34,0.071019746363163,0.05799674987792969,16874.0,0.09151361882686615,125,1
StandardGSGP,493e5da7-ad21-11ef-aa70-e4a8dfc2a9a8,resid_build_sale_price,8,35,0.07063469290733337,0.05949711799621582,16656.0,0.09214821457862854,157,1
StandardGSGP,493e5da7-ad21-11ef-aa70-e4a8dfc2a9a8,resid_build_sale_price,8,36,0.06956910341978073,0.060150861740112305,17184.0,0.09126580506563187,163,1
StandardGSGP,493e5da7-ad21-11ef-aa70-e4a8dfc2a9a8,resid_build_sale_price,8,37,0.06929926574230194,0.05281710624694824,17544.0,0.09155941754579544,169,1
StandardGSGP,493e5da7-ad21-11ef-aa70-e4a8dfc2a9a8,resid_build_sale_price,8,38,0.06929926574230194,0.05600786209106445,17676.0,0.09155941754579544,169,1
StandardGSGP,493e5da7-ad21-11ef-aa70-e4a8dfc2a9a8,resid_build_sale_price,8,39,0.06770984083414078,0.05910444259643555,18182.0,0.08856727182865143,175,1
StandardGSGP,493e5da7-ad21-11ef-aa70-e4a8dfc2a9a8,resid_build_sale_price,8,40,0.06770984083414078,0.05450940132141113,18762.0,0.08856727182865143,175,1
StandardGSGP,493e5da7-ad21-11ef-aa70-e4a8dfc2a9a8,resid_build_sale_price,8,41,0.06770984083414078,0.05600476264953613,19196.0,0.08856727182865143,175,1
StandardGSGP,493e5da7-ad21-11ef-aa70-e4a8dfc2a9a8,resid_build_sale_price,8,42,0.06770984083414078,0.05350828170776367,19556.0,0.08856727182865143,175,1
StandardGSGP,493e5da7-ad21-11ef-aa70-e4a8dfc2a9a8,resid_build_sale_price,8,43,0.06754019856452942,0.05827474594116211,20382.0,0.08841122686862946,181,1
StandardGSGP,493e5da7-ad21-11ef-aa70-e4a8dfc2a9a8,resid_build_sale_price,8,44,0.06754019856452942,0.05625176429748535,20494.0,0.08841122686862946,181,1
StandardGSGP,493e5da7-ad21-11ef-aa70-e4a8dfc2a9a8,resid_build_sale_price,8,45,0.06754019856452942,0.05908656120300293,20962.0,0.08841122686862946,181,1
StandardGSGP,493e5da7-ad21-11ef-aa70-e4a8dfc2a9a8,resid_build_sale_price,8,46,0.06754019856452942,0.05899858474731445,21252.0,0.08841122686862946,181,1
StandardGSGP,493e5da7-ad21-11ef-aa70-e4a8dfc2a9a8,resid_build_sale_price,8,47,0.06692805886268616,0.053702354431152344,21754.0,0.08780929446220398,187,1
StandardGSGP,493e5da7-ad21-11ef-aa70-e4a8dfc2a9a8,resid_build_sale_price,8,48,0.06692805886268616,0.05718493461608887,22318.0,0.08780929446220398,187,1
StandardGSGP,493e5da7-ad21-11ef-aa70-e4a8dfc2a9a8,resid_build_sale_price,8,49,0.06692805886268616,0.05567479133605957,22794.0,0.08780929446220398,187,1
StandardGSGP,493e5da7-ad21-11ef-aa70-e4a8dfc2a9a8,resid_build_sale_price,8,50,0.06692805886268616,0.05450892448425293,23012.0,0.08780929446220398,187,1
StandardGSGP,493e5da7-ad21-11ef-aa70-e4a8dfc2a9a8,resid_build_sale_price,8,51,0.06310441344976425,0.05637502670288086,23404.0,0.08164970576763153,195,1
StandardGSGP,493e5da7-ad21-11ef-aa70-e4a8dfc2a9a8,resid_build_sale_price,8,52,0.06310441344976425,0.05551004409790039,23696.0,0.08164970576763153,195,1
StandardGSGP,493e5da7-ad21-11ef-aa70-e4a8dfc2a9a8,resid_build_sale_price,8,53,0.06310441344976425,0.053999900817871094,24106.0,0.08164970576763153,195,1
StandardGSGP,493e5da7-ad21-11ef-aa70-e4a8dfc2a9a8,resid_build_sale_price,8,54,0.06304997205734253,0.05770754814147949,23822.0,0.08122286945581436,207,1
StandardGSGP,493e5da7-ad21-11ef-aa70-e4a8dfc2a9a8,resid_build_sale_price,8,55,0.06304997205734253,0.05538368225097656,23740.0,0.08122286945581436,207,1
StandardGSGP,493e5da7-ad21-11ef-aa70-e4a8dfc2a9a8,resid_build_sale_price,8,56,0.06304997205734253,0.05399942398071289,23574.0,0.08122286945581436,207,1
StandardGSGP,493e5da7-ad21-11ef-aa70-e4a8dfc2a9a8,resid_build_sale_price,8,57,0.06304997205734253,0.06002688407897949,23584.0,0.08122286945581436,207,1
StandardGSGP,493e5da7-ad21-11ef-aa70-e4a8dfc2a9a8,resid_build_sale_price,8,58,0.06304997205734253,0.05749630928039551,23560.0,0.08122286945581436,207,1
StandardGSGP,493e5da7-ad21-11ef-aa70-e4a8dfc2a9a8,resid_build_sale_price,8,59,0.06266020238399506,0.05651283264160156,23754.0,0.08096007257699966,213,1
StandardGSGP,493e5da7-ad21-11ef-aa70-e4a8dfc2a9a8,resid_build_sale_price,8,60,0.06266020238399506,0.059015750885009766,24176.0,0.08096007257699966,213,1
StandardGSGP,493e5da7-ad21-11ef-aa70-e4a8dfc2a9a8,resid_build_sale_price,8,61,0.06266020238399506,0.05574846267700195,24548.0,0.08096007257699966,213,1
StandardGSGP,493e5da7-ad21-11ef-aa70-e4a8dfc2a9a8,resid_build_sale_price,8,62,0.06266020238399506,0.05982613563537598,24914.0,0.08096007257699966,213,1
StandardGSGP,493e5da7-ad21-11ef-aa70-e4a8dfc2a9a8,resid_build_sale_price,8,63,0.06266020238399506,0.0552525520324707,24960.0,0.08096007257699966,213,1
StandardGSGP,493e5da7-ad21-11ef-aa70-e4a8dfc2a9a8,resid_build_sale_price,8,64,0.06266020238399506,0.0575871467590332,24836.0,0.08096007257699966,213,1
StandardGSGP,493e5da7-ad21-11ef-aa70-e4a8dfc2a9a8,resid_build_sale_price,8,65,0.06266020238399506,0.05725908279418945,24702.0,0.08096007257699966,213,1
StandardGSGP,493e5da7-ad21-11ef-aa70-e4a8dfc2a9a8,resid_build_sale_price,8,66,0.06266020238399506,0.05820631980895996,24872.0,0.08096007257699966,213,1
StandardGSGP,493e5da7-ad21-11ef-aa70-e4a8dfc2a9a8,resid_build_sale_price,8,67,0.06266020238399506,0.05892491340637207,24796.0,0.08096007257699966,213,1
StandardGSGP,493e5da7-ad21-11ef-aa70-e4a8dfc2a9a8,resid_build_sale_price,8,68,0.06266020238399506,0.052999019622802734,25412.0,0.08096007257699966,213,1
StandardGSGP,493e5da7-ad21-11ef-aa70-e4a8dfc2a9a8,resid_build_sale_price,8,69,0.06266020238399506,0.06049847602844238,25658.0,0.08096007257699966,213,1
StandardGSGP,493e5da7-ad21-11ef-aa70-e4a8dfc2a9a8,resid_build_sale_price,8,70,0.06234382838010788,0.05800056457519531,26126.0,0.08208034932613373,219,1
StandardGSGP,493e5da7-ad21-11ef-aa70-e4a8dfc2a9a8,resid_build_sale_price,8,71,0.06234382838010788,0.062052011489868164,26426.0,0.08208034932613373,219,1
StandardGSGP,493e5da7-ad21-11ef-aa70-e4a8dfc2a9a8,resid_build_sale_price,8,72,0.06234382838010788,0.057157278060913086,26024.0,0.08208034932613373,219,1
StandardGSGP,493e5da7-ad21-11ef-aa70-e4a8dfc2a9a8,resid_build_sale_price,8,73,0.06234382838010788,0.058035850524902344,26304.0,0.08208034932613373,219,1
StandardGSGP,493e5da7-ad21-11ef-aa70-e4a8dfc2a9a8,resid_build_sale_price,8,74,0.06234382838010788,0.057515859603881836,26464.0,0.08208034932613373,219,1
StandardGSGP,493e5da7-ad21-11ef-aa70-e4a8dfc2a9a8,resid_build_sale_price,8,75,0.06234382838010788,0.05599832534790039,26682.0,0.08208034932613373,219,1
StandardGSGP,493e5da7-ad21-11ef-aa70-e4a8dfc2a9a8,resid_build_sale_price,8,76,0.06234382838010788,0.05795025825500488,27264.0,0.08208034932613373,219,1
StandardGSGP,493e5da7-ad21-11ef-aa70-e4a8dfc2a9a8,resid_build_sale_price,8,77,0.06234382838010788,0.05482316017150879,27628.0,0.08208034932613373,219,1
StandardGSGP,493e5da7-ad21-11ef-aa70-e4a8dfc2a9a8,resid_build_sale_price,8,78,0.06218268349766731,0.06599807739257812,27328.0,0.08073528110980988,231,1
StandardGSGP,493e5da7-ad21-11ef-aa70-e4a8dfc2a9a8,resid_build_sale_price,8,79,0.06218268349766731,0.06232452392578125,27140.0,0.08073528110980988,231,1
StandardGSGP,493e5da7-ad21-11ef-aa70-e4a8dfc2a9a8,resid_build_sale_price,8,80,0.06145313009619713,0.05800747871398926,26976.0,0.07859763503074646,243,1
StandardGSGP,493e5da7-ad21-11ef-aa70-e4a8dfc2a9a8,resid_build_sale_price,8,81,0.06145313009619713,0.0665121078491211,26916.0,0.07859763503074646,243,1
StandardGSGP,493e5da7-ad21-11ef-aa70-e4a8dfc2a9a8,resid_build_sale_price,8,82,0.06145313009619713,0.06416702270507812,27556.0,0.07859763503074646,243,1
StandardGSGP,493e5da7-ad21-11ef-aa70-e4a8dfc2a9a8,resid_build_sale_price,8,83,0.06145313009619713,0.0592350959777832,27680.0,0.07859763503074646,243,1
StandardGSGP,493e5da7-ad21-11ef-aa70-e4a8dfc2a9a8,resid_build_sale_price,8,84,0.06145313009619713,0.05850648880004883,28274.0,0.07859763503074646,243,1
StandardGSGP,493e5da7-ad21-11ef-aa70-e4a8dfc2a9a8,resid_build_sale_price,8,85,0.06145313009619713,0.13651132583618164,28188.0,0.07859763503074646,243,1
StandardGSGP,493e5da7-ad21-11ef-aa70-e4a8dfc2a9a8,resid_build_sale_price,8,86,0.06145313009619713,0.05550527572631836,28564.0,0.07859763503074646,243,1
StandardGSGP,493e5da7-ad21-11ef-aa70-e4a8dfc2a9a8,resid_build_sale_price,8,87,0.06145313009619713,0.06051492691040039,28488.0,0.07859763503074646,243,1
StandardGSGP,493e5da7-ad21-11ef-aa70-e4a8dfc2a9a8,resid_build_sale_price,8,88,0.06145313009619713,0.06099390983581543,29028.0,0.07859763503074646,243,1
StandardGSGP,493e5da7-ad21-11ef-aa70-e4a8dfc2a9a8,resid_build_sale_price,8,89,0.06145313009619713,0.07701754570007324,29022.0,0.07859763503074646,243,1
StandardGSGP,493e5da7-ad21-11ef-aa70-e4a8dfc2a9a8,resid_build_sale_price,8,90,0.06145313009619713,0.06076931953430176,28672.0,0.07859763503074646,243,1
StandardGSGP,493e5da7-ad21-11ef-aa70-e4a8dfc2a9a8,resid_build_sale_price,8,91,0.06145313009619713,0.06241798400878906,28408.0,0.07859763503074646,243,1
StandardGSGP,493e5da7-ad21-11ef-aa70-e4a8dfc2a9a8,resid_build_sale_price,8,92,0.06145313009619713,0.06151175498962402,28520.0,0.07859763503074646,243,1
StandardGSGP,493e5da7-ad21-11ef-aa70-e4a8dfc2a9a8,resid_build_sale_price,8,93,0.06141327694058418,0.05834221839904785,28512.0,0.0786033570766449,249,1
StandardGSGP,493e5da7-ad21-11ef-aa70-e4a8dfc2a9a8,resid_build_sale_price,8,94,0.06141327694058418,0.06415796279907227,28226.0,0.0786033570766449,249,1
StandardGSGP,493e5da7-ad21-11ef-aa70-e4a8dfc2a9a8,resid_build_sale_price,8,95,0.06141327694058418,0.06293368339538574,28166.0,0.0786033570766449,249,1
StandardGSGP,493e5da7-ad21-11ef-aa70-e4a8dfc2a9a8,resid_build_sale_price,8,96,0.06141327694058418,0.056966304779052734,28536.0,0.0786033570766449,249,1
StandardGSGP,493e5da7-ad21-11ef-aa70-e4a8dfc2a9a8,resid_build_sale_price,8,97,0.06141327694058418,0.057514190673828125,28784.0,0.0786033570766449,249,1
StandardGSGP,493e5da7-ad21-11ef-aa70-e4a8dfc2a9a8,resid_build_sale_price,8,98,0.06141327694058418,0.05551910400390625,28968.0,0.0786033570766449,249,1
StandardGSGP,493e5da7-ad21-11ef-aa70-e4a8dfc2a9a8,resid_build_sale_price,8,99,0.06133110076189041,0.06134819984436035,29496.0,0.07857268303632736,255,1
StandardGSGP,493e5da7-ad21-11ef-aa70-e4a8dfc2a9a8,resid_build_sale_price,8,100,0.06133110076189041,0.06584620475769043,30134.0,0.07857268303632736,255,1
StandardGSGP,b6ad096d-ad21-11ef-95d9-e4a8dfc2a9a8,resid_build_sale_price,8,0,122.2550048828125,0.029364347457885742,408.0,151.1907958984375,3,1
StandardGSGP,b6ad096d-ad21-11ef-95d9-e4a8dfc2a9a8,resid_build_sale_price,8,1,121.99635314941406,0.054171085357666016,1008.0,150.94618225097656,9,1
StandardGSGP,b6ad096d-ad21-11ef-95d9-e4a8dfc2a9a8,resid_build_sale_price,8,2,121.82410430908203,0.05496835708618164,1602.0,150.7832489013672,9,1
StandardGSGP,b6ad096d-ad21-11ef-95d9-e4a8dfc2a9a8,resid_build_sale_price,8,3,121.7199478149414,0.05363655090332031,2192.0,150.7040252685547,21,1
StandardGSGP,b6ad096d-ad21-11ef-95d9-e4a8dfc2a9a8,resid_build_sale_price,8,4,121.4719009399414,0.05721926689147949,2644.0,150.45045471191406,21,1
StandardGSGP,b6ad096d-ad21-11ef-95d9-e4a8dfc2a9a8,resid_build_sale_price,8,5,121.18943786621094,0.05539894104003906,3148.0,150.1829071044922,27,1
StandardGSGP,b6ad096d-ad21-11ef-95d9-e4a8dfc2a9a8,resid_build_sale_price,8,6,120.78460693359375,0.06100058555603027,3646.0,149.79920959472656,33,1
StandardGSGP,b6ad096d-ad21-11ef-95d9-e4a8dfc2a9a8,resid_build_sale_price,8,7,120.35400390625,0.05602431297302246,4102.0,149.39068603515625,41,1
StandardGSGP,b6ad096d-ad21-11ef-95d9-e4a8dfc2a9a8,resid_build_sale_price,8,8,120.35400390625,0.06372332572937012,4618.0,149.39068603515625,41,1
StandardGSGP,b6ad096d-ad21-11ef-95d9-e4a8dfc2a9a8,resid_build_sale_price,8,9,119.97868347167969,0.05450725555419922,5084.0,149.03793334960938,53,1
StandardGSGP,b6ad096d-ad21-11ef-95d9-e4a8dfc2a9a8,resid_build_sale_price,8,10,119.97868347167969,0.05500173568725586,5630.0,149.03793334960938,53,1
StandardGSGP,b6ad096d-ad21-11ef-95d9-e4a8dfc2a9a8,resid_build_sale_price,8,11,119.97868347167969,0.05677914619445801,6204.0,149.03793334960938,53,1
StandardGSGP,b6ad096d-ad21-11ef-95d9-e4a8dfc2a9a8,resid_build_sale_price,8,12,119.46698760986328,0.05700278282165527,6778.0,148.55203247070312,71,1
StandardGSGP,b6ad096d-ad21-11ef-95d9-e4a8dfc2a9a8,resid_build_sale_price,8,13,119.06888580322266,0.056998252868652344,7366.0,148.15350341796875,65,1
StandardGSGP,b6ad096d-ad21-11ef-95d9-e4a8dfc2a9a8,resid_build_sale_price,8,14,119.06888580322266,0.05551004409790039,7996.0,148.15350341796875,65,1
StandardGSGP,b6ad096d-ad21-11ef-95d9-e4a8dfc2a9a8,resid_build_sale_price,8,15,118.94672393798828,0.05700182914733887,8544.0,148.05523681640625,77,1
StandardGSGP,b6ad096d-ad21-11ef-95d9-e4a8dfc2a9a8,resid_build_sale_price,8,16,118.68486785888672,0.05551743507385254,9022.0,147.8057403564453,83,1
StandardGSGP,b6ad096d-ad21-11ef-95d9-e4a8dfc2a9a8,resid_build_sale_price,8,17,118.58799743652344,0.05650806427001953,9562.0,147.69308471679688,83,1
StandardGSGP,b6ad096d-ad21-11ef-95d9-e4a8dfc2a9a8,resid_build_sale_price,8,18,118.32169342041016,0.059006690979003906,9910.0,147.51341247558594,89,1
StandardGSGP,b6ad096d-ad21-11ef-95d9-e4a8dfc2a9a8,resid_build_sale_price,8,19,118.26622772216797,0.05534934997558594,10414.0,147.40660095214844,95,1
StandardGSGP,b6ad096d-ad21-11ef-95d9-e4a8dfc2a9a8,resid_build_sale_price,8,20,118.16302490234375,0.055403709411621094,10864.0,147.3049774169922,111,1
StandardGSGP,b6ad096d-ad21-11ef-95d9-e4a8dfc2a9a8,resid_build_sale_price,8,21,117.94108581542969,0.05350995063781738,11372.0,147.15597534179688,107,1
StandardGSGP,b6ad096d-ad21-11ef-95d9-e4a8dfc2a9a8,resid_build_sale_price,8,22,117.9218521118164,0.05600237846374512,12066.0,147.06517028808594,119,1
StandardGSGP,b6ad096d-ad21-11ef-95d9-e4a8dfc2a9a8,resid_build_sale_price,8,23,117.71926879882812,0.05550551414489746,12548.0,146.89547729492188,113,1
StandardGSGP,b6ad096d-ad21-11ef-95d9-e4a8dfc2a9a8,resid_build_sale_price,8,24,117.5064926147461,0.05951046943664551,13082.0,146.7508544921875,129,1
StandardGSGP,b6ad096d-ad21-11ef-95d9-e4a8dfc2a9a8,resid_build_sale_price,8,25,117.23143005371094,0.06199955940246582,13400.0,146.48809814453125,135,1
StandardGSGP,b6ad096d-ad21-11ef-95d9-e4a8dfc2a9a8,resid_build_sale_price,8,26,117.17686462402344,0.055418968200683594,13926.0,146.42800903320312,137,1
StandardGSGP,b6ad096d-ad21-11ef-95d9-e4a8dfc2a9a8,resid_build_sale_price,8,27,117.00535583496094,0.05500364303588867,14378.0,146.260009765625,143,1
StandardGSGP,b6ad096d-ad21-11ef-95d9-e4a8dfc2a9a8,resid_build_sale_price,8,28,116.80875396728516,0.05751228332519531,15004.0,146.0539093017578,149,1
StandardGSGP,b6ad096d-ad21-11ef-95d9-e4a8dfc2a9a8,resid_build_sale_price,8,29,116.5093994140625,0.056508541107177734,15610.0,145.78607177734375,155,1
StandardGSGP,b6ad096d-ad21-11ef-95d9-e4a8dfc2a9a8,resid_build_sale_price,8,30,116.17201232910156,0.06199908256530762,16168.0,145.44247436523438,163,1
StandardGSGP,b6ad096d-ad21-11ef-95d9-e4a8dfc2a9a8,resid_build_sale_price,8,31,116.07757568359375,0.06108427047729492,16650.0,145.35177612304688,169,1
StandardGSGP,b6ad096d-ad21-11ef-95d9-e4a8dfc2a9a8,resid_build_sale_price,8,32,115.95702362060547,0.06805849075317383,17256.0,145.23455810546875,169,1
StandardGSGP,b6ad096d-ad21-11ef-95d9-e4a8dfc2a9a8,resid_build_sale_price,8,33,115.77259826660156,0.05600404739379883,17842.0,145.05528259277344,175,1
StandardGSGP,b6ad096d-ad21-11ef-95d9-e4a8dfc2a9a8,resid_build_sale_price,8,34,115.54873657226562,0.06706357002258301,18414.0,144.8290557861328,181,1
StandardGSGP,b6ad096d-ad21-11ef-95d9-e4a8dfc2a9a8,resid_build_sale_price,8,35,115.42974090576172,0.05499863624572754,18974.0,144.71438598632812,187,1
StandardGSGP,b6ad096d-ad21-11ef-95d9-e4a8dfc2a9a8,resid_build_sale_price,8,36,115.16646575927734,0.054718971252441406,19532.0,144.4604034423828,193,1
StandardGSGP,b6ad096d-ad21-11ef-95d9-e4a8dfc2a9a8,resid_build_sale_price,8,37,114.9593276977539,0.055299997329711914,20104.0,144.29432678222656,199,1
StandardGSGP,b6ad096d-ad21-11ef-95d9-e4a8dfc2a9a8,resid_build_sale_price,8,38,114.76268005371094,0.059508562088012695,20662.0,144.10350036621094,205,1
StandardGSGP,b6ad096d-ad21-11ef-95d9-e4a8dfc2a9a8,resid_build_sale_price,8,39,114.55195617675781,0.056481361389160156,21182.0,143.8995361328125,211,1
StandardGSGP,b6ad096d-ad21-11ef-95d9-e4a8dfc2a9a8,resid_build_sale_price,8,40,114.51883697509766,0.12760162353515625,21728.0,143.88209533691406,211,1
StandardGSGP,b6ad096d-ad21-11ef-95d9-e4a8dfc2a9a8,resid_build_sale_price,8,41,114.47358703613281,0.0555109977722168,22322.0,143.8382568359375,217,1
StandardGSGP,b6ad096d-ad21-11ef-95d9-e4a8dfc2a9a8,resid_build_sale_price,8,42,114.36663818359375,0.06099963188171387,22880.0,143.73452758789062,223,1
StandardGSGP,b6ad096d-ad21-11ef-95d9-e4a8dfc2a9a8,resid_build_sale_price,8,43,114.21070098876953,0.06244206428527832,23456.0,143.5853729248047,229,1
StandardGSGP,b6ad096d-ad21-11ef-95d9-e4a8dfc2a9a8,resid_build_sale_price,8,44,114.21070098876953,0.06104111671447754,23994.0,143.5853729248047,229,1
StandardGSGP,b6ad096d-ad21-11ef-95d9-e4a8dfc2a9a8,resid_build_sale_price,8,45,114.08759307861328,0.05450630187988281,24568.0,143.41773986816406,249,1
StandardGSGP,b6ad096d-ad21-11ef-95d9-e4a8dfc2a9a8,resid_build_sale_price,8,46,113.70944213867188,0.05897784233093262,25226.0,143.05032348632812,255,1
StandardGSGP,b6ad096d-ad21-11ef-95d9-e4a8dfc2a9a8,resid_build_sale_price,8,47,113.70944213867188,0.06075477600097656,25888.0,143.05032348632812,255,1
StandardGSGP,b6ad096d-ad21-11ef-95d9-e4a8dfc2a9a8,resid_build_sale_price,8,48,113.33226013183594,0.05651044845581055,26424.0,142.6837158203125,261,1
StandardGSGP,b6ad096d-ad21-11ef-95d9-e4a8dfc2a9a8,resid_build_sale_price,8,49,113.2182846069336,0.05399966239929199,27060.0,142.57257080078125,269,1
StandardGSGP,b6ad096d-ad21-11ef-95d9-e4a8dfc2a9a8,resid_build_sale_price,8,50,113.00992584228516,0.05690932273864746,27698.0,142.36917114257812,275,1
StandardGSGP,b6ad096d-ad21-11ef-95d9-e4a8dfc2a9a8,resid_build_sale_price,8,51,112.99266052246094,0.05575394630432129,28210.0,142.35231018066406,281,1
StandardGSGP,b6ad096d-ad21-11ef-95d9-e4a8dfc2a9a8,resid_build_sale_price,8,52,112.79872131347656,0.05612993240356445,28944.0,142.1627197265625,287,1
StandardGSGP,b6ad096d-ad21-11ef-95d9-e4a8dfc2a9a8,resid_build_sale_price,8,53,112.79872131347656,0.05628514289855957,29484.0,142.1627197265625,287,1
StandardGSGP,b6ad096d-ad21-11ef-95d9-e4a8dfc2a9a8,resid_build_sale_price,8,54,112.59906768798828,0.05799984931945801,29896.0,141.9716339111328,293,1
StandardGSGP,b6ad096d-ad21-11ef-95d9-e4a8dfc2a9a8,resid_build_sale_price,8,55,112.38016510009766,0.05901980400085449,30426.0,141.75868225097656,299,1
StandardGSGP,b6ad096d-ad21-11ef-95d9-e4a8dfc2a9a8,resid_build_sale_price,8,56,112.1850357055664,0.05846905708312988,30870.0,141.56712341308594,305,1
StandardGSGP,b6ad096d-ad21-11ef-95d9-e4a8dfc2a9a8,resid_build_sale_price,8,57,112.05388641357422,0.06258797645568848,31320.0,141.43824768066406,311,1
StandardGSGP,b6ad096d-ad21-11ef-95d9-e4a8dfc2a9a8,resid_build_sale_price,8,58,111.99478912353516,0.055219411849975586,31914.0,141.38011169433594,311,1
StandardGSGP,b6ad096d-ad21-11ef-95d9-e4a8dfc2a9a8,resid_build_sale_price,8,59,111.8366470336914,0.05453610420227051,32528.0,141.22181701660156,325,1
StandardGSGP,b6ad096d-ad21-11ef-95d9-e4a8dfc2a9a8,resid_build_sale_price,8,60,111.65453338623047,0.061518192291259766,33092.0,141.040283203125,331,1
StandardGSGP,b6ad096d-ad21-11ef-95d9-e4a8dfc2a9a8,resid_build_sale_price,8,61,111.26790618896484,0.0556640625,33644.0,140.65879821777344,339,1
StandardGSGP,b6ad096d-ad21-11ef-95d9-e4a8dfc2a9a8,resid_build_sale_price,8,62,110.88801574707031,0.058203935623168945,34258.0,140.28199768066406,345,1
StandardGSGP,b6ad096d-ad21-11ef-95d9-e4a8dfc2a9a8,resid_build_sale_price,8,63,110.8165512084961,0.05805778503417969,34888.0,140.21096801757812,353,1
StandardGSGP,b6ad096d-ad21-11ef-95d9-e4a8dfc2a9a8,resid_build_sale_price,8,64,110.79773712158203,0.06032919883728027,35568.0,140.19432067871094,359,1
StandardGSGP,b6ad096d-ad21-11ef-95d9-e4a8dfc2a9a8,resid_build_sale_price,8,65,110.76002502441406,0.05550742149353027,36212.0,140.15185546875,367,1
StandardGSGP,b6ad096d-ad21-11ef-95d9-e4a8dfc2a9a8,resid_build_sale_price,8,66,110.37413787841797,0.05600738525390625,36868.0,139.7672882080078,373,1
StandardGSGP,b6ad096d-ad21-11ef-95d9-e4a8dfc2a9a8,resid_build_sale_price,8,67,110.37413787841797,0.0565190315246582,37516.0,139.7672882080078,373,1
StandardGSGP,b6ad096d-ad21-11ef-95d9-e4a8dfc2a9a8,resid_build_sale_price,8,68,110.03150939941406,0.06465983390808105,38208.0,139.42457580566406,385,1
StandardGSGP,b6ad096d-ad21-11ef-95d9-e4a8dfc2a9a8,resid_build_sale_price,8,69,109.91585540771484,0.07092738151550293,38822.0,139.30859375,391,1
StandardGSGP,b6ad096d-ad21-11ef-95d9-e4a8dfc2a9a8,resid_build_sale_price,8,70,109.74591064453125,0.05776190757751465,39394.0,139.14242553710938,387,1
StandardGSGP,b6ad096d-ad21-11ef-95d9-e4a8dfc2a9a8,resid_build_sale_price,8,71,109.74591064453125,0.05629754066467285,39940.0,139.14242553710938,387,1
StandardGSGP,b6ad096d-ad21-11ef-95d9-e4a8dfc2a9a8,resid_build_sale_price,8,72,109.73948669433594,0.05598950386047363,40444.0,139.1278533935547,403,1
StandardGSGP,b6ad096d-ad21-11ef-95d9-e4a8dfc2a9a8,resid_build_sale_price,8,73,109.50379180908203,0.05526852607727051,41018.0,138.89894104003906,405,1
StandardGSGP,b6ad096d-ad21-11ef-95d9-e4a8dfc2a9a8,resid_build_sale_price,8,74,109.49874114990234,0.05600142478942871,41606.0,138.89385986328125,413,1
StandardGSGP,b6ad096d-ad21-11ef-95d9-e4a8dfc2a9a8,resid_build_sale_price,8,75,109.37749481201172,0.05550861358642578,42054.0,138.76292419433594,421,1
StandardGSGP,b6ad096d-ad21-11ef-95d9-e4a8dfc2a9a8,resid_build_sale_price,8,76,109.23943328857422,0.055361032485961914,42576.0,138.6324005126953,425,1
StandardGSGP,b6ad096d-ad21-11ef-95d9-e4a8dfc2a9a8,resid_build_sale_price,8,77,109.14962768554688,0.06294369697570801,43082.0,138.54051208496094,429,1
StandardGSGP,b6ad096d-ad21-11ef-95d9-e4a8dfc2a9a8,resid_build_sale_price,8,78,109.07392120361328,0.06531786918640137,43634.0,138.45599365234375,441,1
StandardGSGP,b6ad096d-ad21-11ef-95d9-e4a8dfc2a9a8,resid_build_sale_price,8,79,108.9503402709961,0.060098886489868164,44322.0,138.34100341796875,443,1
StandardGSGP,b6ad096d-ad21-11ef-95d9-e4a8dfc2a9a8,resid_build_sale_price,8,80,108.714599609375,0.05823802947998047,44952.0,138.09107971191406,453,1
StandardGSGP,b6ad096d-ad21-11ef-95d9-e4a8dfc2a9a8,resid_build_sale_price,8,81,108.6885986328125,0.05493950843811035,45546.0,138.07391357421875,447,1
StandardGSGP,b6ad096d-ad21-11ef-95d9-e4a8dfc2a9a8,resid_build_sale_price,8,82,108.42195892333984,0.055756330490112305,46180.0,137.7925262451172,469,1
StandardGSGP,b6ad096d-ad21-11ef-95d9-e4a8dfc2a9a8,resid_build_sale_price,8,83,108.3196029663086,0.0555109977722168,46870.0,137.68780517578125,475,1
StandardGSGP,b6ad096d-ad21-11ef-95d9-e4a8dfc2a9a8,resid_build_sale_price,8,84,108.3196029663086,0.0559992790222168,47472.0,137.68780517578125,475,1
StandardGSGP,b6ad096d-ad21-11ef-95d9-e4a8dfc2a9a8,resid_build_sale_price,8,85,108.13910675048828,0.05615663528442383,47806.0,137.52630615234375,479,1
StandardGSGP,b6ad096d-ad21-11ef-95d9-e4a8dfc2a9a8,resid_build_sale_price,8,86,108.02684020996094,0.055676937103271484,48446.0,137.41111755371094,485,1
StandardGSGP,b6ad096d-ad21-11ef-95d9-e4a8dfc2a9a8,resid_build_sale_price,8,87,107.89276885986328,0.05411863327026367,49188.0,137.24923706054688,501,1
StandardGSGP,b6ad096d-ad21-11ef-95d9-e4a8dfc2a9a8,resid_build_sale_price,8,88,107.85923767089844,0.05675506591796875,50008.0,137.2145233154297,507,1
StandardGSGP,b6ad096d-ad21-11ef-95d9-e4a8dfc2a9a8,resid_build_sale_price,8,89,107.80415344238281,0.05459737777709961,50640.0,137.1822967529297,503,1
StandardGSGP,b6ad096d-ad21-11ef-95d9-e4a8dfc2a9a8,resid_build_sale_price,8,90,107.75121307373047,0.059113264083862305,51294.0,137.11195373535156,519,1
StandardGSGP,b6ad096d-ad21-11ef-95d9-e4a8dfc2a9a8,resid_build_sale_price,8,91,107.51666259765625,0.05584430694580078,51810.0,136.86334228515625,519,1
StandardGSGP,b6ad096d-ad21-11ef-95d9-e4a8dfc2a9a8,resid_build_sale_price,8,92,107.51052856445312,0.05551266670227051,52422.0,136.86373901367188,525,1
StandardGSGP,b6ad096d-ad21-11ef-95d9-e4a8dfc2a9a8,resid_build_sale_price,8,93,107.44580841064453,0.054291725158691406,53098.0,136.81614685058594,531,1
StandardGSGP,b6ad096d-ad21-11ef-95d9-e4a8dfc2a9a8,resid_build_sale_price,8,94,107.20557403564453,0.05650186538696289,53656.0,136.54595947265625,531,1
StandardGSGP,b6ad096d-ad21-11ef-95d9-e4a8dfc2a9a8,resid_build_sale_price,8,95,107.0508041381836,0.05527806282043457,54214.0,136.3839569091797,537,1
StandardGSGP,b6ad096d-ad21-11ef-95d9-e4a8dfc2a9a8,resid_build_sale_price,8,96,106.95092010498047,0.05499839782714844,54846.0,136.27865600585938,543,1
StandardGSGP,b6ad096d-ad21-11ef-95d9-e4a8dfc2a9a8,resid_build_sale_price,8,97,106.89925384521484,0.05451178550720215,55398.0,136.2247772216797,549,1
StandardGSGP,b6ad096d-ad21-11ef-95d9-e4a8dfc2a9a8,resid_build_sale_price,8,98,106.63191986083984,0.05574774742126465,55864.0,135.9427032470703,555,1
StandardGSGP,b6ad096d-ad21-11ef-95d9-e4a8dfc2a9a8,resid_build_sale_price,8,99,106.58934020996094,0.057692766189575195,56422.0,135.89808654785156,561,1
StandardGSGP,b6ad096d-ad21-11ef-95d9-e4a8dfc2a9a8,resid_build_sale_price,8,100,106.46553039550781,0.0642085075378418,57036.0,135.7515869140625,567,1
