StandardGSGP,d9a415c2-ace2-11ef-8b90-8863df8a28b9,resid_build_sale_price,3,0,0.13554230332374573,0.13563799858093262,2130.0,0.11558914184570312,3,1
StandardGSGP,d9a415c2-ace2-11ef-8b90-8863df8a28b9,resid_build_sale_price,3,1,0.1178615391254425,0.071807861328125,1306.0,0.08432886004447937,9,1
StandardGSGP,d9a415c2-ace2-11ef-8b90-8863df8a28b9,resid_build_sale_price,3,2,0.1178615391254425,0.06881427764892578,1532.0,0.08432886004447937,9,1
StandardGSGP,d9a415c2-ace2-11ef-8b90-8863df8a28b9,resid_build_sale_price,3,3,0.11221299320459366,0.06981062889099121,2138.0,0.09690061956644058,23,1
StandardGSGP,d9a415c2-ace2-11ef-8b90-8863df8a28b9,resid_build_sale_price,3,4,0.10470310598611832,0.17852449417114258,2706.0,0.089936263859272,29,1
StandardGSGP,d9a415c2-ace2-11ef-8b90-8863df8a28b9,resid_build_sale_price,3,5,0.10470310598611832,0.07380247116088867,3274.0,0.089936263859272,29,1
StandardGSGP,d9a415c2-ace2-11ef-8b90-8863df8a28b9,resid_build_sale_price,3,6,0.0967307761311531,0.071807861328125,3822.0,0.08469443023204803,41,1
StandardGSGP,d9a415c2-ace2-11ef-8b90-8863df8a28b9,resid_build_sale_price,3,7,0.09392701834440231,0.07480144500732422,4368.0,0.08069516718387604,49,1
StandardGSGP,d9a415c2-ace2-11ef-8b90-8863df8a28b9,resid_build_sale_price,3,8,0.08901772648096085,0.07280492782592773,5102.0,0.07777076214551926,55,1
StandardGSGP,d9a415c2-ace2-11ef-8b90-8863df8a28b9,resid_build_sale_price,3,9,0.0869780033826828,0.06981468200683594,5796.0,0.0722770094871521,61,1
StandardGSGP,d9a415c2-ace2-11ef-8b90-8863df8a28b9,resid_build_sale_price,3,10,0.08463979512453079,0.07380342483520508,6430.0,0.07017094641923904,67,1
StandardGSGP,d9a415c2-ace2-11ef-8b90-8863df8a28b9,resid_build_sale_price,3,11,0.08361314237117767,0.07580161094665527,7186.0,0.06994231045246124,73,1
StandardGSGP,d9a415c2-ace2-11ef-8b90-8863df8a28b9,resid_build_sale_price,3,12,0.08297846466302872,0.07081079483032227,7820.0,0.06726645678281784,79,1
StandardGSGP,d9a415c2-ace2-11ef-8b90-8863df8a28b9,resid_build_sale_price,3,13,0.0827426165342331,0.07180929183959961,8490.0,0.06983790546655655,79,1
StandardGSGP,d9a415c2-ace2-11ef-8b90-8863df8a28b9,resid_build_sale_price,3,14,0.0827426165342331,0.07380199432373047,9052.0,0.06983790546655655,79,1
StandardGSGP,d9a415c2-ace2-11ef-8b90-8863df8a28b9,resid_build_sale_price,3,15,0.08242692053318024,0.07679510116577148,9588.0,0.06906536966562271,85,1
StandardGSGP,d9a415c2-ace2-11ef-8b90-8863df8a28b9,resid_build_sale_price,3,16,0.08242692053318024,0.07380342483520508,10116.0,0.06906536966562271,85,1
StandardGSGP,d9a415c2-ace2-11ef-8b90-8863df8a28b9,resid_build_sale_price,3,17,0.08242692053318024,0.07181119918823242,10720.0,0.06906536966562271,85,1
StandardGSGP,d9a415c2-ace2-11ef-8b90-8863df8a28b9,resid_build_sale_price,3,18,0.08096788078546524,0.07878780364990234,11100.0,0.06675244867801666,93,1
StandardGSGP,d9a415c2-ace2-11ef-8b90-8863df8a28b9,resid_build_sale_price,3,19,0.08096788078546524,0.07280635833740234,11310.0,0.06675244867801666,93,1
StandardGSGP,d9a415c2-ace2-11ef-8b90-8863df8a28b9,resid_build_sale_price,3,20,0.08096788078546524,0.07380080223083496,11914.0,0.06675244867801666,93,1
StandardGSGP,d9a415c2-ace2-11ef-8b90-8863df8a28b9,resid_build_sale_price,3,21,0.08032535761594772,0.0747992992401123,12072.0,0.07924968749284744,121,1
StandardGSGP,d9a415c2-ace2-11ef-8b90-8863df8a28b9,resid_build_sale_price,3,22,0.08032535761594772,0.0715627670288086,12676.0,0.07924968749284744,121,1
StandardGSGP,d9a415c2-ace2-11ef-8b90-8863df8a28b9,resid_build_sale_price,3,23,0.08032535761594772,0.07280755043029785,13140.0,0.07924968749284744,121,1
StandardGSGP,d9a415c2-ace2-11ef-8b90-8863df8a28b9,resid_build_sale_price,3,24,0.07871366292238235,0.07265043258666992,13306.0,0.07738510519266129,127,1
StandardGSGP,d9a415c2-ace2-11ef-8b90-8863df8a28b9,resid_build_sale_price,3,25,0.07871366292238235,0.07877087593078613,13714.0,0.07738510519266129,127,1
StandardGSGP,d9a415c2-ace2-11ef-8b90-8863df8a28b9,resid_build_sale_price,3,26,0.07871366292238235,0.07279515266418457,14290.0,0.07738510519266129,127,1
StandardGSGP,d9a415c2-ace2-11ef-8b90-8863df8a28b9,resid_build_sale_price,3,27,0.07864100486040115,0.06668281555175781,14888.0,0.0748579129576683,145,1
StandardGSGP,d9a415c2-ace2-11ef-8b90-8863df8a28b9,resid_build_sale_price,3,28,0.07753049582242966,0.07875919342041016,15380.0,0.0722627118229866,151,1
StandardGSGP,d9a415c2-ace2-11ef-8b90-8863df8a28b9,resid_build_sale_price,3,29,0.07753049582242966,0.07422327995300293,15916.0,0.0722627118229866,151,1
StandardGSGP,d9a415c2-ace2-11ef-8b90-8863df8a28b9,resid_build_sale_price,3,30,0.07301823049783707,0.06926083564758301,16240.0,0.06865967810153961,165,1
StandardGSGP,d9a415c2-ace2-11ef-8b90-8863df8a28b9,resid_build_sale_price,3,31,0.07301823049783707,0.07121658325195312,16686.0,0.06865967810153961,165,1
StandardGSGP,d9a415c2-ace2-11ef-8b90-8863df8a28b9,resid_build_sale_price,3,32,0.07166165113449097,0.0726008415222168,17182.0,0.06676023453474045,171,1
StandardGSGP,d9a415c2-ace2-11ef-8b90-8863df8a28b9,resid_build_sale_price,3,33,0.07166165113449097,0.07226395606994629,17886.0,0.06676023453474045,171,1
StandardGSGP,d9a415c2-ace2-11ef-8b90-8863df8a28b9,resid_build_sale_price,3,34,0.07166165113449097,0.07605957984924316,18430.0,0.06676023453474045,171,1
StandardGSGP,d9a415c2-ace2-11ef-8b90-8863df8a28b9,resid_build_sale_price,3,35,0.07166165113449097,0.0688631534576416,19164.0,0.06676023453474045,171,1
StandardGSGP,d9a415c2-ace2-11ef-8b90-8863df8a28b9,resid_build_sale_price,3,36,0.07142629474401474,0.0727853775024414,19846.0,0.069513238966465,177,1
StandardGSGP,d9a415c2-ace2-11ef-8b90-8863df8a28b9,resid_build_sale_price,3,37,0.07142629474401474,0.07646679878234863,20362.0,0.069513238966465,177,1
StandardGSGP,d9a415c2-ace2-11ef-8b90-8863df8a28b9,resid_build_sale_price,3,38,0.07142629474401474,0.07059383392333984,20912.0,0.069513238966465,177,1
StandardGSGP,d9a415c2-ace2-11ef-8b90-8863df8a28b9,resid_build_sale_price,3,39,0.07142629474401474,0.06681680679321289,20920.0,0.069513238966465,177,1
StandardGSGP,d9a415c2-ace2-11ef-8b90-8863df8a28b9,resid_build_sale_price,3,40,0.07112497836351395,0.07084012031555176,20720.0,0.06254974007606506,197,1
StandardGSGP,d9a415c2-ace2-11ef-8b90-8863df8a28b9,resid_build_sale_price,3,41,0.07112497836351395,0.0669248104095459,20854.0,0.06254974007606506,197,1
StandardGSGP,d9a415c2-ace2-11ef-8b90-8863df8a28b9,resid_build_sale_price,3,42,0.07112497836351395,0.07260847091674805,21112.0,0.06254974007606506,197,1
StandardGSGP,d9a415c2-ace2-11ef-8b90-8863df8a28b9,resid_build_sale_price,3,43,0.0683283731341362,0.0806114673614502,21288.0,0.06036210432648659,213,1
StandardGSGP,d9a415c2-ace2-11ef-8b90-8863df8a28b9,resid_build_sale_price,3,44,0.0683283731341362,0.06991457939147949,21898.0,0.06036210432648659,213,1
StandardGSGP,d9a415c2-ace2-11ef-8b90-8863df8a28b9,resid_build_sale_price,3,45,0.0683283731341362,0.07431197166442871,22348.0,0.06036210432648659,213,1
StandardGSGP,d9a415c2-ace2-11ef-8b90-8863df8a28b9,resid_build_sale_price,3,46,0.0683283731341362,0.06836223602294922,22642.0,0.06036210432648659,213,1
StandardGSGP,d9a415c2-ace2-11ef-8b90-8863df8a28b9,resid_build_sale_price,3,47,0.0683283731341362,0.07265996932983398,23062.0,0.06036210432648659,213,1
StandardGSGP,d9a415c2-ace2-11ef-8b90-8863df8a28b9,resid_build_sale_price,3,48,0.06807108223438263,0.0726628303527832,23462.0,0.06013698875904083,219,1
StandardGSGP,d9a415c2-ace2-11ef-8b90-8863df8a28b9,resid_build_sale_price,3,49,0.06795263290405273,0.08113431930541992,23594.0,0.06263679265975952,225,1
StandardGSGP,d9a415c2-ace2-11ef-8b90-8863df8a28b9,resid_build_sale_price,3,50,0.06795263290405273,0.07779145240783691,24182.0,0.06263679265975952,225,1
StandardGSGP,d9a415c2-ace2-11ef-8b90-8863df8a28b9,resid_build_sale_price,3,51,0.06795263290405273,0.07181024551391602,24590.0,0.06263679265975952,225,1
StandardGSGP,d9a415c2-ace2-11ef-8b90-8863df8a28b9,resid_build_sale_price,3,52,0.06795263290405273,0.07080864906311035,25072.0,0.06263679265975952,225,1
StandardGSGP,d9a415c2-ace2-11ef-8b90-8863df8a28b9,resid_build_sale_price,3,53,0.06778468191623688,0.06981396675109863,25588.0,0.06166966259479523,231,1
StandardGSGP,d9a415c2-ace2-11ef-8b90-8863df8a28b9,resid_build_sale_price,3,54,0.06778468191623688,0.07380008697509766,25492.0,0.06166966259479523,231,1
StandardGSGP,d9a415c2-ace2-11ef-8b90-8863df8a28b9,resid_build_sale_price,3,55,0.06778468191623688,0.07081055641174316,25632.0,0.06166966259479523,231,1
StandardGSGP,d9a415c2-ace2-11ef-8b90-8863df8a28b9,resid_build_sale_price,3,56,0.06778468191623688,0.07580041885375977,26004.0,0.06166966259479523,231,1
StandardGSGP,d9a415c2-ace2-11ef-8b90-8863df8a28b9,resid_build_sale_price,3,57,0.06778468191623688,0.0718088150024414,26520.0,0.06166966259479523,231,1
StandardGSGP,d9a415c2-ace2-11ef-8b90-8863df8a28b9,resid_build_sale_price,3,58,0.06778468191623688,0.07280468940734863,27290.0,0.06166966259479523,231,1
StandardGSGP,d9a415c2-ace2-11ef-8b90-8863df8a28b9,resid_build_sale_price,3,59,0.06749277561903,0.0718088150024414,27736.0,0.060211341828107834,239,1
StandardGSGP,d9a415c2-ace2-11ef-8b90-8863df8a28b9,resid_build_sale_price,3,60,0.06749277561903,0.06981182098388672,27892.0,0.060211341828107834,239,1
StandardGSGP,d9a415c2-ace2-11ef-8b90-8863df8a28b9,resid_build_sale_price,3,61,0.06749277561903,0.07480311393737793,27974.0,0.060211341828107834,239,1
StandardGSGP,d9a415c2-ace2-11ef-8b90-8863df8a28b9,resid_build_sale_price,3,62,0.06749277561903,0.06782007217407227,27810.0,0.060211341828107834,239,1
StandardGSGP,d9a415c2-ace2-11ef-8b90-8863df8a28b9,resid_build_sale_price,3,63,0.06707881391048431,0.07380104064941406,27858.0,0.05928792059421539,245,1
StandardGSGP,d9a415c2-ace2-11ef-8b90-8863df8a28b9,resid_build_sale_price,3,64,0.06707881391048431,0.07280349731445312,27704.0,0.05928792059421539,245,1
StandardGSGP,d9a415c2-ace2-11ef-8b90-8863df8a28b9,resid_build_sale_price,3,65,0.06707881391048431,0.07280468940734863,27688.0,0.05928792059421539,245,1
StandardGSGP,d9a415c2-ace2-11ef-8b90-8863df8a28b9,resid_build_sale_price,3,66,0.06707881391048431,0.07081079483032227,28028.0,0.05928792059421539,245,1
StandardGSGP,d9a415c2-ace2-11ef-8b90-8863df8a28b9,resid_build_sale_price,3,67,0.06707881391048431,0.07380461692810059,28114.0,0.05928792059421539,245,1
StandardGSGP,d9a415c2-ace2-11ef-8b90-8863df8a28b9,resid_build_sale_price,3,68,0.06707881391048431,0.07479715347290039,27828.0,0.05928792059421539,245,1
StandardGSGP,d9a415c2-ace2-11ef-8b90-8863df8a28b9,resid_build_sale_price,3,69,0.06558798253536224,0.07380390167236328,27988.0,0.05820659175515175,269,1
StandardGSGP,d9a415c2-ace2-11ef-8b90-8863df8a28b9,resid_build_sale_price,3,70,0.06558798253536224,0.06981468200683594,28432.0,0.05820659175515175,269,1
StandardGSGP,d9a415c2-ace2-11ef-8b90-8863df8a28b9,resid_build_sale_price,3,71,0.06558798253536224,0.07280421257019043,28930.0,0.05820659175515175,269,1
StandardGSGP,d9a415c2-ace2-11ef-8b90-8863df8a28b9,resid_build_sale_price,3,72,0.06558798253536224,0.0718080997467041,29616.0,0.05820659175515175,269,1
StandardGSGP,d9a415c2-ace2-11ef-8b90-8863df8a28b9,resid_build_sale_price,3,73,0.06558798253536224,0.06981611251831055,29954.0,0.05820659175515175,269,1
StandardGSGP,d9a415c2-ace2-11ef-8b90-8863df8a28b9,resid_build_sale_price,3,74,0.06558798253536224,0.06981277465820312,30178.0,0.05820659175515175,269,1
StandardGSGP,d9a415c2-ace2-11ef-8b90-8863df8a28b9,resid_build_sale_price,3,75,0.06558798253536224,0.0718088150024414,30504.0,0.05820659175515175,269,1
StandardGSGP,d9a415c2-ace2-11ef-8b90-8863df8a28b9,resid_build_sale_price,3,76,0.06558798253536224,0.06981348991394043,30392.0,0.05820659175515175,269,1
StandardGSGP,d9a415c2-ace2-11ef-8b90-8863df8a28b9,resid_build_sale_price,3,77,0.06541964411735535,0.06981134414672852,30228.0,0.05789630487561226,275,1
StandardGSGP,d9a415c2-ace2-11ef-8b90-8863df8a28b9,resid_build_sale_price,3,78,0.06541964411735535,0.07280683517456055,30306.0,0.05789630487561226,275,1
StandardGSGP,d9a415c2-ace2-11ef-8b90-8863df8a28b9,resid_build_sale_price,3,79,0.06541964411735535,0.07180619239807129,30774.0,0.05789630487561226,275,1
StandardGSGP,d9a415c2-ace2-11ef-8b90-8863df8a28b9,resid_build_sale_price,3,80,0.06541964411735535,0.07280468940734863,30472.0,0.05789630487561226,275,1
StandardGSGP,d9a415c2-ace2-11ef-8b90-8863df8a28b9,resid_build_sale_price,3,81,0.06541964411735535,0.0718069076538086,30576.0,0.05789630487561226,275,1
StandardGSGP,d9a415c2-ace2-11ef-8b90-8863df8a28b9,resid_build_sale_price,3,82,0.06541964411735535,0.07180643081665039,31516.0,0.05789630487561226,275,1
StandardGSGP,d9a415c2-ace2-11ef-8b90-8863df8a28b9,resid_build_sale_price,3,83,0.06541964411735535,0.07379913330078125,32386.0,0.05789630487561226,275,1
StandardGSGP,d9a415c2-ace2-11ef-8b90-8863df8a28b9,resid_build_sale_price,3,84,0.06541964411735535,0.06881594657897949,32702.0,0.05789630487561226,275,1
StandardGSGP,d9a415c2-ace2-11ef-8b90-8863df8a28b9,resid_build_sale_price,3,85,0.06541964411735535,0.07280611991882324,32894.0,0.05789630487561226,275,1
StandardGSGP,d9a415c2-ace2-11ef-8b90-8863df8a28b9,resid_build_sale_price,3,86,0.06541964411735535,0.07380199432373047,33022.0,0.05789630487561226,275,1
StandardGSGP,d9a415c2-ace2-11ef-8b90-8863df8a28b9,resid_build_sale_price,3,87,0.06541964411735535,0.07280611991882324,33596.0,0.05789630487561226,275,1
StandardGSGP,d9a415c2-ace2-11ef-8b90-8863df8a28b9,resid_build_sale_price,3,88,0.06541964411735535,0.07080960273742676,33592.0,0.05789630487561226,275,1
StandardGSGP,d9a415c2-ace2-11ef-8b90-8863df8a28b9,resid_build_sale_price,3,89,0.06541964411735535,0.06881523132324219,33656.0,0.05789630487561226,275,1
StandardGSGP,d9a415c2-ace2-11ef-8b90-8863df8a28b9,resid_build_sale_price,3,90,0.06541964411735535,0.07479977607727051,33450.0,0.05789630487561226,275,1
StandardGSGP,d9a415c2-ace2-11ef-8b90-8863df8a28b9,resid_build_sale_price,3,91,0.06541964411735535,0.07878923416137695,34506.0,0.05789630487561226,275,1
StandardGSGP,d9a415c2-ace2-11ef-8b90-8863df8a28b9,resid_build_sale_price,3,92,0.06541964411735535,0.07679533958435059,34558.0,0.05789630487561226,275,1
StandardGSGP,d9a415c2-ace2-11ef-8b90-8863df8a28b9,resid_build_sale_price,3,93,0.06541964411735535,0.07579851150512695,33816.0,0.05789630487561226,275,1
StandardGSGP,d9a415c2-ace2-11ef-8b90-8863df8a28b9,resid_build_sale_price,3,94,0.06541964411735535,0.0728001594543457,33880.0,0.05789630487561226,275,1
StandardGSGP,d9a415c2-ace2-11ef-8b90-8863df8a28b9,resid_build_sale_price,3,95,0.06541964411735535,0.07080745697021484,33802.0,0.05789630487561226,275,1
StandardGSGP,d9a415c2-ace2-11ef-8b90-8863df8a28b9,resid_build_sale_price,3,96,0.06541964411735535,0.07679438591003418,33664.0,0.05789630487561226,275,1
StandardGSGP,d9a415c2-ace2-11ef-8b90-8863df8a28b9,resid_build_sale_price,3,97,0.06541964411735535,0.07280516624450684,31316.0,0.05789630487561226,275,1
StandardGSGP,d9a415c2-ace2-11ef-8b90-8863df8a28b9,resid_build_sale_price,3,98,0.06541964411735535,0.06781935691833496,30910.0,0.05789630487561226,275,1
StandardGSGP,d9a415c2-ace2-11ef-8b90-8863df8a28b9,resid_build_sale_price,3,99,0.06541964411735535,0.07779240608215332,30630.0,0.05789630487561226,275,1
StandardGSGP,d9a415c2-ace2-11ef-8b90-8863df8a28b9,resid_build_sale_price,3,100,0.06541964411735535,0.07380199432373047,31122.0,0.05789630487561226,275,1
StandardGSGP,68552eee-ace3-11ef-85bd-8863df8a28b9,resid_build_sale_price,3,0,135.04229736328125,0.276261568069458,3664.0,110.98606872558594,3,1
StandardGSGP,68552eee-ace3-11ef-85bd-8863df8a28b9,resid_build_sale_price,3,1,134.5775909423828,0.07779312133789062,1836.0,110.39441680908203,9,1
StandardGSGP,68552eee-ace3-11ef-85bd-8863df8a28b9,resid_build_sale_price,3,2,134.38568115234375,0.08078336715698242,2926.0,110.14967346191406,15,1
StandardGSGP,68552eee-ace3-11ef-85bd-8863df8a28b9,resid_build_sale_price,3,3,134.38568115234375,0.0795292854309082,3560.0,110.14967346191406,15,1
StandardGSGP,68552eee-ace3-11ef-85bd-8863df8a28b9,resid_build_sale_price,3,4,134.18833923339844,0.07119107246398926,3566.0,109.89655303955078,29,1
StandardGSGP,68552eee-ace3-11ef-85bd-8863df8a28b9,resid_build_sale_price,3,5,134.10330200195312,0.08600401878356934,4338.0,109.78825378417969,63,1
StandardGSGP,68552eee-ace3-11ef-85bd-8863df8a28b9,resid_build_sale_price,3,6,133.77308654785156,0.09341073036193848,5586.0,109.36542510986328,35,1
StandardGSGP,68552eee-ace3-11ef-85bd-8863df8a28b9,resid_build_sale_price,3,7,133.73440551757812,0.07033896446228027,7240.0,109.34185028076172,41,1
StandardGSGP,68552eee-ace3-11ef-85bd-8863df8a28b9,resid_build_sale_price,3,8,133.55471801757812,0.08751463890075684,8582.0,109.08560180664062,47,1
StandardGSGP,68552eee-ace3-11ef-85bd-8863df8a28b9,resid_build_sale_price,3,9,133.22958374023438,0.0852198600769043,8760.0,108.66761779785156,87,1
StandardGSGP,68552eee-ace3-11ef-85bd-8863df8a28b9,resid_build_sale_price,3,10,132.8998260498047,0.08554935455322266,8966.0,108.24365234375,93,1
StandardGSGP,68552eee-ace3-11ef-85bd-8863df8a28b9,resid_build_sale_price,3,11,132.8998260498047,0.08638167381286621,9762.0,108.24365234375,93,1
StandardGSGP,68552eee-ace3-11ef-85bd-8863df8a28b9,resid_build_sale_price,3,12,132.7611083984375,0.0785064697265625,13128.0,108.03888702392578,163,1
StandardGSGP,68552eee-ace3-11ef-85bd-8863df8a28b9,resid_build_sale_price,3,13,132.5209197998047,0.07208037376403809,14992.0,107.75387573242188,111,1
StandardGSGP,68552eee-ace3-11ef-85bd-8863df8a28b9,resid_build_sale_price,3,14,132.3765869140625,0.08732008934020996,18280.0,107.60009765625,215,1
StandardGSGP,68552eee-ace3-11ef-85bd-8863df8a28b9,resid_build_sale_price,3,15,131.99984741210938,0.08443188667297363,19790.0,107.08059692382812,123,1
StandardGSGP,68552eee-ace3-11ef-85bd-8863df8a28b9,resid_build_sale_price,3,16,131.83837890625,0.08583593368530273,22396.0,106.87152862548828,129,1
StandardGSGP,68552eee-ace3-11ef-85bd-8863df8a28b9,resid_build_sale_price,3,17,131.78330993652344,0.08628630638122559,25372.0,106.80013275146484,143,1
StandardGSGP,68552eee-ace3-11ef-85bd-8863df8a28b9,resid_build_sale_price,3,18,131.64234924316406,0.06664276123046875,30184.0,106.63912963867188,141,1
StandardGSGP,68552eee-ace3-11ef-85bd-8863df8a28b9,resid_build_sale_price,3,19,131.5728759765625,0.08677077293395996,28206.0,106.52021789550781,141,1
StandardGSGP,68552eee-ace3-11ef-85bd-8863df8a28b9,resid_build_sale_price,3,20,131.17120361328125,0.0874176025390625,28490.0,105.99799346923828,147,1
StandardGSGP,68552eee-ace3-11ef-85bd-8863df8a28b9,resid_build_sale_price,3,21,131.00831604003906,0.07237958908081055,28842.0,105.78583526611328,153,1
StandardGSGP,68552eee-ace3-11ef-85bd-8863df8a28b9,resid_build_sale_price,3,22,130.85792541503906,0.09454083442687988,26252.0,105.5897445678711,153,1
StandardGSGP,68552eee-ace3-11ef-85bd-8863df8a28b9,resid_build_sale_price,3,23,130.6602783203125,0.06883001327514648,25210.0,105.33173370361328,159,1
StandardGSGP,68552eee-ace3-11ef-85bd-8863df8a28b9,resid_build_sale_price,3,24,130.57957458496094,0.08614110946655273,27194.0,105.22615051269531,337,1
StandardGSGP,68552eee-ace3-11ef-85bd-8863df8a28b9,resid_build_sale_price,3,25,130.34425354003906,0.08844137191772461,26588.0,104.9184341430664,351,1
StandardGSGP,68552eee-ace3-11ef-85bd-8863df8a28b9,resid_build_sale_price,3,26,129.99728393554688,0.0718085765838623,30872.0,104.46361541748047,357,1
StandardGSGP,68552eee-ace3-11ef-85bd-8863df8a28b9,resid_build_sale_price,3,27,129.99728393554688,0.07878971099853516,35744.0,104.46361541748047,357,1
StandardGSGP,68552eee-ace3-11ef-85bd-8863df8a28b9,resid_build_sale_price,3,28,129.84864807128906,0.08377766609191895,39876.0,104.26811218261719,361,1
StandardGSGP,68552eee-ace3-11ef-85bd-8863df8a28b9,resid_build_sale_price,3,29,129.57862854003906,0.07779121398925781,46730.0,103.97614288330078,375,1
StandardGSGP,68552eee-ace3-11ef-85bd-8863df8a28b9,resid_build_sale_price,3,30,129.57862854003906,0.0827779769897461,50652.0,103.97614288330078,375,1
StandardGSGP,68552eee-ace3-11ef-85bd-8863df8a28b9,resid_build_sale_price,3,31,129.274169921875,0.08078432083129883,48118.0,103.51799774169922,387,1
StandardGSGP,68552eee-ace3-11ef-85bd-8863df8a28b9,resid_build_sale_price,3,32,129.05270385742188,0.07779383659362793,49272.0,103.2255630493164,393,1
StandardGSGP,68552eee-ace3-11ef-85bd-8863df8a28b9,resid_build_sale_price,3,33,129.0072479248047,0.08078336715698242,52312.0,103.14159393310547,787,1
StandardGSGP,68552eee-ace3-11ef-85bd-8863df8a28b9,resid_build_sale_price,3,34,128.8314208984375,0.08078265190124512,60548.0,102.9328384399414,791,1
StandardGSGP,68552eee-ace3-11ef-85bd-8863df8a28b9,resid_build_sale_price,3,35,128.6555633544922,0.0827786922454834,70660.0,102.67601776123047,799,1
StandardGSGP,68552eee-ace3-11ef-85bd-8863df8a28b9,resid_build_sale_price,3,36,128.475830078125,0.0797874927520752,72422.0,102.46084594726562,803,1
StandardGSGP,68552eee-ace3-11ef-85bd-8863df8a28b9,resid_build_sale_price,3,37,128.19117736816406,0.07878947257995605,84998.0,102.08252716064453,809,1
StandardGSGP,68552eee-ace3-11ef-85bd-8863df8a28b9,resid_build_sale_price,3,38,128.10528564453125,0.07978510856628418,91612.0,101.9823226928711,815,1
StandardGSGP,68552eee-ace3-11ef-85bd-8863df8a28b9,resid_build_sale_price,3,39,127.83377838134766,0.08676552772521973,98654.0,101.60623931884766,821,1
StandardGSGP,68552eee-ace3-11ef-85bd-8863df8a28b9,resid_build_sale_price,3,40,127.83377838134766,0.08277750015258789,98180.0,101.60623931884766,821,1
StandardGSGP,68552eee-ace3-11ef-85bd-8863df8a28b9,resid_build_sale_price,3,41,127.64482116699219,0.08377838134765625,107116.0,101.35491180419922,827,1
StandardGSGP,68552eee-ace3-11ef-85bd-8863df8a28b9,resid_build_sale_price,3,42,127.31558990478516,0.08377647399902344,100594.0,100.91421508789062,833,1
StandardGSGP,68552eee-ace3-11ef-85bd-8863df8a28b9,resid_build_sale_price,3,43,127.15526580810547,0.07878875732421875,107860.0,100.69532012939453,839,1
StandardGSGP,68552eee-ace3-11ef-85bd-8863df8a28b9,resid_build_sale_price,3,44,127.15526580810547,0.08177947998046875,113644.0,100.69532012939453,839,1
StandardGSGP,68552eee-ace3-11ef-85bd-8863df8a28b9,resid_build_sale_price,3,45,126.9782485961914,0.08278083801269531,114310.0,100.499267578125,861,1
StandardGSGP,68552eee-ace3-11ef-85bd-8863df8a28b9,resid_build_sale_price,3,46,126.85243225097656,0.08178019523620605,114934.0,100.2752914428711,851,1
StandardGSGP,68552eee-ace3-11ef-85bd-8863df8a28b9,resid_build_sale_price,3,47,126.71122741699219,0.08177828788757324,117404.0,100.13774871826172,873,1
StandardGSGP,68552eee-ace3-11ef-85bd-8863df8a28b9,resid_build_sale_price,3,48,126.55036926269531,0.07579684257507324,142932.0,99.92638397216797,881,1
StandardGSGP,68552eee-ace3-11ef-85bd-8863df8a28b9,resid_build_sale_price,3,49,126.50892639160156,0.0747983455657959,167614.0,99.8715591430664,873,1
StandardGSGP,68552eee-ace3-11ef-85bd-8863df8a28b9,resid_build_sale_price,3,50,126.33137512207031,0.08178257942199707,158196.0,99.58566284179688,877,1
StandardGSGP,68552eee-ace3-11ef-85bd-8863df8a28b9,resid_build_sale_price,3,51,126.23233032226562,0.07919859886169434,166992.0,99.50396728515625,2633,1
StandardGSGP,68552eee-ace3-11ef-85bd-8863df8a28b9,resid_build_sale_price,3,52,126.1806869506836,0.0830223560333252,188706.0,99.38533020019531,889,1
StandardGSGP,68552eee-ace3-11ef-85bd-8863df8a28b9,resid_build_sale_price,3,53,125.9635238647461,0.07850313186645508,175466.0,99.14315032958984,901,1
StandardGSGP,68552eee-ace3-11ef-85bd-8863df8a28b9,resid_build_sale_price,3,54,125.92554473876953,0.08707308769226074,179944.0,99.0473403930664,899,1
StandardGSGP,68552eee-ace3-11ef-85bd-8863df8a28b9,resid_build_sale_price,3,55,125.67093658447266,0.08293843269348145,160592.0,98.80072021484375,919,1
StandardGSGP,68552eee-ace3-11ef-85bd-8863df8a28b9,resid_build_sale_price,3,56,125.59087371826172,0.0875856876373291,147204.0,98.58558654785156,907,1
StandardGSGP,68552eee-ace3-11ef-85bd-8863df8a28b9,resid_build_sale_price,3,57,125.46959686279297,0.08727216720581055,138342.0,98.4276351928711,919,1
StandardGSGP,68552eee-ace3-11ef-85bd-8863df8a28b9,resid_build_sale_price,3,58,125.32642364501953,0.07999706268310547,131768.0,98.32728576660156,933,1
StandardGSGP,68552eee-ace3-11ef-85bd-8863df8a28b9,resid_build_sale_price,3,59,125.17924499511719,0.08110499382019043,129288.0,98.12548828125,939,1
StandardGSGP,68552eee-ace3-11ef-85bd-8863df8a28b9,resid_build_sale_price,3,60,125.17924499511719,0.07178235054016113,150526.0,98.12548828125,939,1
StandardGSGP,68552eee-ace3-11ef-85bd-8863df8a28b9,resid_build_sale_price,3,61,124.94557189941406,0.10256314277648926,172868.0,97.88224029541016,953,1
StandardGSGP,68552eee-ace3-11ef-85bd-8863df8a28b9,resid_build_sale_price,3,62,124.62528228759766,0.07222342491149902,189722.0,97.443359375,959,1
StandardGSGP,68552eee-ace3-11ef-85bd-8863df8a28b9,resid_build_sale_price,3,63,124.62528228759766,0.09745454788208008,173878.0,97.443359375,959,1
StandardGSGP,68552eee-ace3-11ef-85bd-8863df8a28b9,resid_build_sale_price,3,64,124.61693572998047,0.07800078392028809,174772.0,97.42916870117188,965,1
StandardGSGP,68552eee-ace3-11ef-85bd-8863df8a28b9,resid_build_sale_price,3,65,124.32662963867188,0.07005691528320312,194182.0,97.03266143798828,965,1
StandardGSGP,68552eee-ace3-11ef-85bd-8863df8a28b9,resid_build_sale_price,3,66,124.29515838623047,0.0884103775024414,191400.0,96.99368286132812,977,1
StandardGSGP,68552eee-ace3-11ef-85bd-8863df8a28b9,resid_build_sale_price,3,67,124.09034729003906,0.08737921714782715,213790.0,96.70669555664062,977,1
StandardGSGP,68552eee-ace3-11ef-85bd-8863df8a28b9,resid_build_sale_price,3,68,124.09034729003906,0.07035708427429199,155040.0,96.70669555664062,977,1
StandardGSGP,68552eee-ace3-11ef-85bd-8863df8a28b9,resid_build_sale_price,3,69,123.95323944091797,0.0907449722290039,138004.0,96.51712799072266,989,1
StandardGSGP,68552eee-ace3-11ef-85bd-8863df8a28b9,resid_build_sale_price,3,70,123.84983825683594,0.08197498321533203,127582.0,96.34661102294922,989,1
StandardGSGP,68552eee-ace3-11ef-85bd-8863df8a28b9,resid_build_sale_price,3,71,123.80078125,0.07093310356140137,139162.0,96.30339050292969,1993,1
StandardGSGP,68552eee-ace3-11ef-85bd-8863df8a28b9,resid_build_sale_price,3,72,123.5248031616211,0.07269406318664551,152648.0,95.92450714111328,2017,1
StandardGSGP,68552eee-ace3-11ef-85bd-8863df8a28b9,resid_build_sale_price,3,73,123.45784759521484,0.08732795715332031,160196.0,95.81771850585938,1007,1
StandardGSGP,68552eee-ace3-11ef-85bd-8863df8a28b9,resid_build_sale_price,3,74,123.38320922851562,0.0846564769744873,172996.0,95.70126342773438,1013,1
StandardGSGP,68552eee-ace3-11ef-85bd-8863df8a28b9,resid_build_sale_price,3,75,123.24223327636719,0.09092521667480469,203198.0,95.5305404663086,2035,1
StandardGSGP,68552eee-ace3-11ef-85bd-8863df8a28b9,resid_build_sale_price,3,76,123.18052673339844,0.0827794075012207,191882.0,95.44080352783203,1023,1
StandardGSGP,68552eee-ace3-11ef-85bd-8863df8a28b9,resid_build_sale_price,3,77,122.99646759033203,0.08078527450561523,182548.0,95.19525909423828,1029,1
StandardGSGP,68552eee-ace3-11ef-85bd-8863df8a28b9,resid_build_sale_price,3,78,122.99646759033203,0.08078432083129883,174332.0,95.19525909423828,1029,1
StandardGSGP,68552eee-ace3-11ef-85bd-8863df8a28b9,resid_build_sale_price,3,79,122.94114685058594,0.08078312873840332,202822.0,95.11842346191406,2083,1
StandardGSGP,68552eee-ace3-11ef-85bd-8863df8a28b9,resid_build_sale_price,3,80,122.72637176513672,0.08178114891052246,195538.0,94.81890869140625,1041,1
StandardGSGP,68552eee-ace3-11ef-85bd-8863df8a28b9,resid_build_sale_price,3,81,122.70140838623047,0.08377671241760254,177732.0,94.78575897216797,2097,1
StandardGSGP,68552eee-ace3-11ef-85bd-8863df8a28b9,resid_build_sale_price,3,82,122.57624816894531,0.0827798843383789,209486.0,94.60323333740234,1055,1
StandardGSGP,68552eee-ace3-11ef-85bd-8863df8a28b9,resid_build_sale_price,3,83,122.54905700683594,0.08477306365966797,200688.0,94.57125854492188,1059,1
StandardGSGP,68552eee-ace3-11ef-85bd-8863df8a28b9,resid_build_sale_price,3,84,122.37962341308594,0.0827784538269043,215850.0,94.27751922607422,1067,1
StandardGSGP,68552eee-ace3-11ef-85bd-8863df8a28b9,resid_build_sale_price,3,85,122.37952423095703,0.0827784538269043,202326.0,94.27751922607422,1073,1
StandardGSGP,68552eee-ace3-11ef-85bd-8863df8a28b9,resid_build_sale_price,3,86,122.25006103515625,0.07978606224060059,186512.0,94.11986541748047,1079,1
StandardGSGP,68552eee-ace3-11ef-85bd-8863df8a28b9,resid_build_sale_price,3,87,122.19477081298828,0.07878947257995605,178980.0,94.04694366455078,2111,1
StandardGSGP,68552eee-ace3-11ef-85bd-8863df8a28b9,resid_build_sale_price,3,88,122.0848617553711,0.19647431373596191,162794.0,93.91751098632812,1089,1
StandardGSGP,68552eee-ace3-11ef-85bd-8863df8a28b9,resid_build_sale_price,3,89,121.95951843261719,0.08177876472473145,180318.0,93.71188354492188,2123,1
StandardGSGP,68552eee-ace3-11ef-85bd-8863df8a28b9,resid_build_sale_price,3,90,121.82865905761719,0.0827798843383789,205020.0,93.52369689941406,1105,1
StandardGSGP,68552eee-ace3-11ef-85bd-8863df8a28b9,resid_build_sale_price,3,91,121.79718780517578,0.07579636573791504,243474.0,93.47984313964844,2135,1
StandardGSGP,68552eee-ace3-11ef-85bd-8863df8a28b9,resid_build_sale_price,3,92,121.61418914794922,0.08078265190124512,234928.0,93.21878814697266,1117,1
StandardGSGP,68552eee-ace3-11ef-85bd-8863df8a28b9,resid_build_sale_price,3,93,121.5311279296875,0.08078289031982422,213896.0,93.09949493408203,1123,1
StandardGSGP,68552eee-ace3-11ef-85bd-8863df8a28b9,resid_build_sale_price,3,94,121.44320678710938,0.0827791690826416,186902.0,92.95772552490234,2147,1
StandardGSGP,68552eee-ace3-11ef-85bd-8863df8a28b9,resid_build_sale_price,3,95,121.34368133544922,0.08178329467773438,220204.0,92.82160186767578,2153,1
StandardGSGP,68552eee-ace3-11ef-85bd-8863df8a28b9,resid_build_sale_price,3,96,121.19747924804688,0.07879281044006348,212552.0,92.61062622070312,2159,1
StandardGSGP,68552eee-ace3-11ef-85bd-8863df8a28b9,resid_build_sale_price,3,97,121.125732421875,0.07991433143615723,243550.0,92.50772857666016,2165,1
StandardGSGP,68552eee-ace3-11ef-85bd-8863df8a28b9,resid_build_sale_price,3,98,121.07003784179688,0.08078312873840332,300106.0,92.4261474609375,2165,1
StandardGSGP,68552eee-ace3-11ef-85bd-8863df8a28b9,resid_build_sale_price,3,99,120.89814758300781,0.08078265190124512,279428.0,92.18260955810547,2173,1
StandardGSGP,68552eee-ace3-11ef-85bd-8863df8a28b9,resid_build_sale_price,3,100,120.82767486572266,0.0827786922454834,287910.0,92.05744171142578,2181,1
