StandardGSGP,9bcb4f59-ad45-11ef-a059-e4a8dfc2a9a8,ppb,19,0,0.33738481998443604,0.04700136184692383,400.0,0.3126434087753296,3,1
StandardGSGP,9bcb4f59-ad45-11ef-a059-e4a8dfc2a9a8,ppb,19,1,0.332632452249527,0.08951401710510254,962.0,0.2891565263271332,9,1
StandardGSGP,9bcb4f59-ad45-11ef-a059-e4a8dfc2a9a8,ppb,19,2,0.32701975107192993,0.09151363372802734,1542.0,0.27181723713874817,15,1
StandardGSGP,9bcb4f59-ad45-11ef-a059-e4a8dfc2a9a8,ppb,19,3,0.32701975107192993,0.08950972557067871,2100.0,0.27181723713874817,15,1
StandardGSGP,9bcb4f59-ad45-11ef-a059-e4a8dfc2a9a8,ppb,19,4,0.32112669944763184,0.08825349807739258,2616.0,0.27224811911582947,27,1
StandardGSGP,9bcb4f59-ad45-11ef-a059-e4a8dfc2a9a8,ppb,19,5,0.3179914057254791,0.09325814247131348,3148.0,0.2641172707080841,33,1
StandardGSGP,9bcb4f59-ad45-11ef-a059-e4a8dfc2a9a8,ppb,19,6,0.3082786798477173,0.0885171890258789,3750.0,0.29199665784835815,39,1
StandardGSGP,9bcb4f59-ad45-11ef-a059-e4a8dfc2a9a8,ppb,19,7,0.30240070819854736,0.09184408187866211,4356.0,0.2645188570022583,45,1
StandardGSGP,9bcb4f59-ad45-11ef-a059-e4a8dfc2a9a8,ppb,19,8,0.30003875494003296,0.08881998062133789,4926.0,0.2589735686779022,51,1
StandardGSGP,9bcb4f59-ad45-11ef-a059-e4a8dfc2a9a8,ppb,19,9,0.30003875494003296,0.08782720565795898,5442.0,0.2589735686779022,51,1
StandardGSGP,9bcb4f59-ad45-11ef-a059-e4a8dfc2a9a8,ppb,19,10,0.2963014841079712,0.09202790260314941,5982.0,0.25327441096305847,57,1
StandardGSGP,9bcb4f59-ad45-11ef-a059-e4a8dfc2a9a8,ppb,19,11,0.2963014841079712,0.09515881538391113,6468.0,0.25327441096305847,57,1
StandardGSGP,9bcb4f59-ad45-11ef-a059-e4a8dfc2a9a8,ppb,19,12,0.29594677686691284,0.12058639526367188,7052.0,0.2569620907306671,65,1
StandardGSGP,9bcb4f59-ad45-11ef-a059-e4a8dfc2a9a8,ppb,19,13,0.2887463867664337,0.10296368598937988,7650.0,0.26236170530319214,83,1
StandardGSGP,9bcb4f59-ad45-11ef-a059-e4a8dfc2a9a8,ppb,19,14,0.28833046555519104,0.09200477600097656,8082.0,0.26464971899986267,89,1
StandardGSGP,9bcb4f59-ad45-11ef-a059-e4a8dfc2a9a8,ppb,19,15,0.28810542821884155,0.09334397315979004,8564.0,0.2666984796524048,95,1
StandardGSGP,9bcb4f59-ad45-11ef-a059-e4a8dfc2a9a8,ppb,19,16,0.28393080830574036,0.09151124954223633,9192.0,0.26951864361763,101,1
StandardGSGP,9bcb4f59-ad45-11ef-a059-e4a8dfc2a9a8,ppb,19,17,0.283489853143692,0.09657931327819824,10062.0,0.26886770129203796,107,1
StandardGSGP,9bcb4f59-ad45-11ef-a059-e4a8dfc2a9a8,ppb,19,18,0.2774759829044342,0.08790874481201172,10692.0,0.2572484612464905,107,1
StandardGSGP,9bcb4f59-ad45-11ef-a059-e4a8dfc2a9a8,ppb,19,19,0.27637484669685364,0.08933377265930176,11398.0,0.31524014472961426,113,1
StandardGSGP,9bcb4f59-ad45-11ef-a059-e4a8dfc2a9a8,ppb,19,20,0.276091068983078,0.08763241767883301,11944.0,0.26446789503097534,119,1
StandardGSGP,9bcb4f59-ad45-11ef-a059-e4a8dfc2a9a8,ppb,19,21,0.27489596605300903,0.08651280403137207,12492.0,0.2765871584415436,125,1
StandardGSGP,9bcb4f59-ad45-11ef-a059-e4a8dfc2a9a8,ppb,19,22,0.27300772070884705,0.08740091323852539,13038.0,0.2547757625579834,129,1
StandardGSGP,9bcb4f59-ad45-11ef-a059-e4a8dfc2a9a8,ppb,19,23,0.2714170813560486,0.09510993957519531,13588.0,0.2780040502548218,137,1
StandardGSGP,9bcb4f59-ad45-11ef-a059-e4a8dfc2a9a8,ppb,19,24,0.2713676691055298,0.09438848495483398,14226.0,0.2780512869358063,145,1
StandardGSGP,9bcb4f59-ad45-11ef-a059-e4a8dfc2a9a8,ppb,19,25,0.2681938111782074,0.0921328067779541,14678.0,0.26813364028930664,143,1
StandardGSGP,9bcb4f59-ad45-11ef-a059-e4a8dfc2a9a8,ppb,19,26,0.266120970249176,0.09436655044555664,15236.0,0.24728424847126007,147,1
StandardGSGP,9bcb4f59-ad45-11ef-a059-e4a8dfc2a9a8,ppb,19,27,0.266120970249176,0.08800244331359863,15698.0,0.24728424847126007,147,1
StandardGSGP,9bcb4f59-ad45-11ef-a059-e4a8dfc2a9a8,ppb,19,28,0.2640525698661804,0.09253358840942383,16254.0,0.25150635838508606,159,1
StandardGSGP,9bcb4f59-ad45-11ef-a059-e4a8dfc2a9a8,ppb,19,29,0.2639505863189697,0.09019207954406738,16692.0,0.24683012068271637,165,1
StandardGSGP,9bcb4f59-ad45-11ef-a059-e4a8dfc2a9a8,ppb,19,30,0.2590349316596985,0.0887138843536377,17216.0,0.256971538066864,173,1
StandardGSGP,9bcb4f59-ad45-11ef-a059-e4a8dfc2a9a8,ppb,19,31,0.2590349316596985,0.08755159378051758,17684.0,0.256971538066864,173,1
StandardGSGP,9bcb4f59-ad45-11ef-a059-e4a8dfc2a9a8,ppb,19,32,0.25782620906829834,0.08797025680541992,18138.0,0.2544347643852234,179,1
StandardGSGP,9bcb4f59-ad45-11ef-a059-e4a8dfc2a9a8,ppb,19,33,0.2569960057735443,0.08989310264587402,18732.0,0.2634761333465576,191,1
StandardGSGP,9bcb4f59-ad45-11ef-a059-e4a8dfc2a9a8,ppb,19,34,0.25658777356147766,0.08851194381713867,19232.0,0.26190686225891113,191,1
StandardGSGP,9bcb4f59-ad45-11ef-a059-e4a8dfc2a9a8,ppb,19,35,0.2560223340988159,0.08751797676086426,19770.0,0.25843310356140137,197,1
StandardGSGP,9bcb4f59-ad45-11ef-a059-e4a8dfc2a9a8,ppb,19,36,0.2549050748348236,0.08650875091552734,20320.0,0.25380441546440125,203,1
StandardGSGP,9bcb4f59-ad45-11ef-a059-e4a8dfc2a9a8,ppb,19,37,0.2539023756980896,0.09305405616760254,20934.0,0.25913798809051514,203,1
StandardGSGP,9bcb4f59-ad45-11ef-a059-e4a8dfc2a9a8,ppb,19,38,0.2521224915981293,0.09000349044799805,21432.0,0.25187695026397705,209,1
StandardGSGP,9bcb4f59-ad45-11ef-a059-e4a8dfc2a9a8,ppb,19,39,0.24963411688804626,0.0916140079498291,21872.0,0.2542714476585388,215,1
StandardGSGP,9bcb4f59-ad45-11ef-a059-e4a8dfc2a9a8,ppb,19,40,0.24541541934013367,0.08966684341430664,22272.0,0.2812105119228363,215,1
StandardGSGP,9bcb4f59-ad45-11ef-a059-e4a8dfc2a9a8,ppb,19,41,0.24541541934013367,0.09574007987976074,22692.0,0.2812105119228363,215,1
StandardGSGP,9bcb4f59-ad45-11ef-a059-e4a8dfc2a9a8,ppb,19,42,0.24450679123401642,0.09285306930541992,23108.0,0.2745404839515686,227,1
StandardGSGP,9bcb4f59-ad45-11ef-a059-e4a8dfc2a9a8,ppb,19,43,0.24446725845336914,0.09195899963378906,23674.0,0.2745368480682373,233,1
StandardGSGP,9bcb4f59-ad45-11ef-a059-e4a8dfc2a9a8,ppb,19,44,0.24373508989810944,0.09497618675231934,24152.0,0.28102803230285645,227,1
StandardGSGP,9bcb4f59-ad45-11ef-a059-e4a8dfc2a9a8,ppb,19,45,0.24193339049816132,0.09903454780578613,24622.0,0.2715103328227997,239,1
StandardGSGP,9bcb4f59-ad45-11ef-a059-e4a8dfc2a9a8,ppb,19,46,0.24140405654907227,0.0965263843536377,25088.0,0.2721857726573944,245,1
StandardGSGP,9bcb4f59-ad45-11ef-a059-e4a8dfc2a9a8,ppb,19,47,0.24140405654907227,0.10512423515319824,25566.0,0.2721857726573944,245,1
StandardGSGP,9bcb4f59-ad45-11ef-a059-e4a8dfc2a9a8,ppb,19,48,0.24038346111774445,0.08850932121276855,25634.0,0.2715080976486206,251,1
StandardGSGP,9bcb4f59-ad45-11ef-a059-e4a8dfc2a9a8,ppb,19,49,0.2396085262298584,0.08618450164794922,26018.0,0.26955658197402954,257,1
StandardGSGP,9bcb4f59-ad45-11ef-a059-e4a8dfc2a9a8,ppb,19,50,0.2396085262298584,0.09076952934265137,26434.0,0.26955658197402954,257,1
StandardGSGP,9bcb4f59-ad45-11ef-a059-e4a8dfc2a9a8,ppb,19,51,0.2396085262298584,0.08994793891906738,26878.0,0.26955658197402954,257,1
StandardGSGP,9bcb4f59-ad45-11ef-a059-e4a8dfc2a9a8,ppb,19,52,0.2396085262298584,0.0877370834350586,27372.0,0.26955658197402954,257,1
StandardGSGP,9bcb4f59-ad45-11ef-a059-e4a8dfc2a9a8,ppb,19,53,0.2396085262298584,0.08551025390625,27802.0,0.26955658197402954,257,1
StandardGSGP,9bcb4f59-ad45-11ef-a059-e4a8dfc2a9a8,ppb,19,54,0.2388434261083603,0.09498071670532227,28188.0,0.26682141423225403,271,1
StandardGSGP,9bcb4f59-ad45-11ef-a059-e4a8dfc2a9a8,ppb,19,55,0.2388434261083603,0.0930628776550293,28530.0,0.26682141423225403,271,1
StandardGSGP,9bcb4f59-ad45-11ef-a059-e4a8dfc2a9a8,ppb,19,56,0.23770959675312042,0.09550619125366211,28940.0,0.2726737856864929,287,1
StandardGSGP,9bcb4f59-ad45-11ef-a059-e4a8dfc2a9a8,ppb,19,57,0.23757873475551605,0.10478448867797852,29238.0,0.26961925625801086,293,1
StandardGSGP,9bcb4f59-ad45-11ef-a059-e4a8dfc2a9a8,ppb,19,58,0.23715808987617493,0.09616923332214355,29754.0,0.2731526792049408,293,1
StandardGSGP,9bcb4f59-ad45-11ef-a059-e4a8dfc2a9a8,ppb,19,59,0.23715808987617493,0.08798694610595703,30232.0,0.2731526792049408,293,1
StandardGSGP,9bcb4f59-ad45-11ef-a059-e4a8dfc2a9a8,ppb,19,60,0.23690012097358704,0.09021162986755371,30458.0,0.27076539397239685,301,1
StandardGSGP,9bcb4f59-ad45-11ef-a059-e4a8dfc2a9a8,ppb,19,61,0.2360328733921051,0.09551072120666504,31046.0,0.2721713185310364,307,1
StandardGSGP,9bcb4f59-ad45-11ef-a059-e4a8dfc2a9a8,ppb,19,62,0.2360328733921051,0.1650221347808838,31656.0,0.2721713185310364,307,1
StandardGSGP,9bcb4f59-ad45-11ef-a059-e4a8dfc2a9a8,ppb,19,63,0.23431743681430817,0.08995413780212402,32236.0,0.2630440294742584,313,1
StandardGSGP,9bcb4f59-ad45-11ef-a059-e4a8dfc2a9a8,ppb,19,64,0.2333621233701706,0.09209132194519043,32670.0,0.27163636684417725,325,1
StandardGSGP,9bcb4f59-ad45-11ef-a059-e4a8dfc2a9a8,ppb,19,65,0.2333621233701706,0.0934135913848877,33190.0,0.27163636684417725,325,1
StandardGSGP,9bcb4f59-ad45-11ef-a059-e4a8dfc2a9a8,ppb,19,66,0.2333621233701706,0.09303641319274902,33570.0,0.27163636684417725,325,1
StandardGSGP,9bcb4f59-ad45-11ef-a059-e4a8dfc2a9a8,ppb,19,67,0.2312166541814804,0.08699893951416016,33942.0,0.26811161637306213,331,1
StandardGSGP,9bcb4f59-ad45-11ef-a059-e4a8dfc2a9a8,ppb,19,68,0.2312166541814804,0.08851099014282227,34490.0,0.26811161637306213,331,1
StandardGSGP,9bcb4f59-ad45-11ef-a059-e4a8dfc2a9a8,ppb,19,69,0.23055526614189148,0.0871269702911377,34960.0,0.26339805126190186,343,1
StandardGSGP,9bcb4f59-ad45-11ef-a059-e4a8dfc2a9a8,ppb,19,70,0.22919605672359467,0.09011578559875488,35488.0,0.26536935567855835,343,1
StandardGSGP,9bcb4f59-ad45-11ef-a059-e4a8dfc2a9a8,ppb,19,71,0.2270197868347168,0.0875101089477539,35934.0,0.2617630660533905,349,1
StandardGSGP,9bcb4f59-ad45-11ef-a059-e4a8dfc2a9a8,ppb,19,72,0.2270197868347168,0.09150934219360352,36252.0,0.2617630660533905,349,1
StandardGSGP,9bcb4f59-ad45-11ef-a059-e4a8dfc2a9a8,ppb,19,73,0.22679686546325684,0.09151506423950195,36576.0,0.26403120160102844,355,1
StandardGSGP,9bcb4f59-ad45-11ef-a059-e4a8dfc2a9a8,ppb,19,74,0.2267725169658661,0.08991789817810059,37042.0,0.26355916261672974,355,1
StandardGSGP,9bcb4f59-ad45-11ef-a059-e4a8dfc2a9a8,ppb,19,75,0.22545331716537476,0.09274768829345703,37030.0,0.2610253095626831,361,1
StandardGSGP,9bcb4f59-ad45-11ef-a059-e4a8dfc2a9a8,ppb,19,76,0.22545331716537476,0.105072021484375,37584.0,0.2610253095626831,361,1
StandardGSGP,9bcb4f59-ad45-11ef-a059-e4a8dfc2a9a8,ppb,19,77,0.22545331716537476,0.09107565879821777,38012.0,0.2610253095626831,361,1
StandardGSGP,9bcb4f59-ad45-11ef-a059-e4a8dfc2a9a8,ppb,19,78,0.22531330585479736,0.09019804000854492,38054.0,0.2622387707233429,367,1
StandardGSGP,9bcb4f59-ad45-11ef-a059-e4a8dfc2a9a8,ppb,19,79,0.22517438232898712,0.08828067779541016,38666.0,0.2623218595981598,385,1
StandardGSGP,9bcb4f59-ad45-11ef-a059-e4a8dfc2a9a8,ppb,19,80,0.22512419521808624,0.08700275421142578,39234.0,0.2621731758117676,391,1
StandardGSGP,9bcb4f59-ad45-11ef-a059-e4a8dfc2a9a8,ppb,19,81,0.2246759682893753,0.09550952911376953,39834.0,0.256346195936203,397,1
StandardGSGP,9bcb4f59-ad45-11ef-a059-e4a8dfc2a9a8,ppb,19,82,0.22183743119239807,0.10902070999145508,40158.0,0.2834922969341278,391,1
StandardGSGP,9bcb4f59-ad45-11ef-a059-e4a8dfc2a9a8,ppb,19,83,0.22183743119239807,0.09119677543640137,40774.0,0.2834922969341278,391,1
StandardGSGP,9bcb4f59-ad45-11ef-a059-e4a8dfc2a9a8,ppb,19,84,0.21933354437351227,0.09352493286132812,41358.0,0.26515331864356995,403,1
StandardGSGP,9bcb4f59-ad45-11ef-a059-e4a8dfc2a9a8,ppb,19,85,0.21881654858589172,0.09211850166320801,41728.0,0.26288551092147827,409,1
StandardGSGP,9bcb4f59-ad45-11ef-a059-e4a8dfc2a9a8,ppb,19,86,0.21881654858589172,0.09040498733520508,42100.0,0.26288551092147827,409,1
StandardGSGP,9bcb4f59-ad45-11ef-a059-e4a8dfc2a9a8,ppb,19,87,0.21881654858589172,0.09096980094909668,42434.0,0.26288551092147827,409,1
StandardGSGP,9bcb4f59-ad45-11ef-a059-e4a8dfc2a9a8,ppb,19,88,0.21808882057666779,0.09150958061218262,42634.0,0.26126596331596375,415,1
StandardGSGP,9bcb4f59-ad45-11ef-a059-e4a8dfc2a9a8,ppb,19,89,0.21808882057666779,0.09051179885864258,43014.0,0.26126596331596375,415,1
StandardGSGP,9bcb4f59-ad45-11ef-a059-e4a8dfc2a9a8,ppb,19,90,0.21583114564418793,0.09134912490844727,43396.0,0.28497543931007385,439,1
StandardGSGP,9bcb4f59-ad45-11ef-a059-e4a8dfc2a9a8,ppb,19,91,0.21582582592964172,0.08751225471496582,43768.0,0.28324776887893677,445,1
StandardGSGP,9bcb4f59-ad45-11ef-a059-e4a8dfc2a9a8,ppb,19,92,0.21582582592964172,0.08687496185302734,44238.0,0.28324776887893677,445,1
StandardGSGP,9bcb4f59-ad45-11ef-a059-e4a8dfc2a9a8,ppb,19,93,0.21582582592964172,0.09079742431640625,44926.0,0.28324776887893677,445,1
StandardGSGP,9bcb4f59-ad45-11ef-a059-e4a8dfc2a9a8,ppb,19,94,0.2156999260187149,0.0877227783203125,45398.0,0.2576391398906708,439,1
StandardGSGP,9bcb4f59-ad45-11ef-a059-e4a8dfc2a9a8,ppb,19,95,0.21565863490104675,0.0891408920288086,45738.0,0.2843281924724579,463,1
StandardGSGP,9bcb4f59-ad45-11ef-a059-e4a8dfc2a9a8,ppb,19,96,0.21296338737010956,0.08763623237609863,46280.0,0.2842055857181549,469,1
StandardGSGP,9bcb4f59-ad45-11ef-a059-e4a8dfc2a9a8,ppb,19,97,0.21296338737010956,0.0955204963684082,46854.0,0.2842055857181549,469,1
StandardGSGP,9bcb4f59-ad45-11ef-a059-e4a8dfc2a9a8,ppb,19,98,0.21296338737010956,0.09603571891784668,47360.0,0.2842055857181549,469,1
StandardGSGP,9bcb4f59-ad45-11ef-a059-e4a8dfc2a9a8,ppb,19,99,0.21296338737010956,0.09422469139099121,47984.0,0.2842055857181549,469,1
StandardGSGP,9bcb4f59-ad45-11ef-a059-e4a8dfc2a9a8,ppb,19,100,0.2129397690296173,0.09551119804382324,48394.0,0.2841285169124603,475,1
StandardGSGP,491dfec7-ad46-11ef-a059-e4a8dfc2a9a8,ppb,19,0,49.520721435546875,0.04750323295593262,400.0,55.71098327636719,3,1
StandardGSGP,491dfec7-ad46-11ef-a059-e4a8dfc2a9a8,ppb,19,1,49.15976333618164,0.08850812911987305,1022.0,55.38105392456055,9,1
StandardGSGP,491dfec7-ad46-11ef-a059-e4a8dfc2a9a8,ppb,19,2,48.87542724609375,0.0895090103149414,1652.0,55.12614822387695,17,1
StandardGSGP,491dfec7-ad46-11ef-a059-e4a8dfc2a9a8,ppb,19,3,48.35634994506836,0.0979468822479248,2228.0,54.647769927978516,15,1
StandardGSGP,491dfec7-ad46-11ef-a059-e4a8dfc2a9a8,ppb,19,4,48.35634994506836,0.10250735282897949,2724.0,54.647769927978516,15,1
StandardGSGP,491dfec7-ad46-11ef-a059-e4a8dfc2a9a8,ppb,19,5,48.03853225708008,0.08851003646850586,3226.0,54.38063049316406,21,1
StandardGSGP,491dfec7-ad46-11ef-a059-e4a8dfc2a9a8,ppb,19,6,47.47685241699219,0.09590458869934082,3688.0,53.8419303894043,33,1
StandardGSGP,491dfec7-ad46-11ef-a059-e4a8dfc2a9a8,ppb,19,7,47.181976318359375,0.09550786018371582,4074.0,53.56978988647461,39,1
StandardGSGP,491dfec7-ad46-11ef-a059-e4a8dfc2a9a8,ppb,19,8,46.90816879272461,0.0943300724029541,4428.0,53.32455825805664,45,1
StandardGSGP,491dfec7-ad46-11ef-a059-e4a8dfc2a9a8,ppb,19,9,46.75214385986328,0.09769415855407715,4982.0,53.197940826416016,51,1
StandardGSGP,491dfec7-ad46-11ef-a059-e4a8dfc2a9a8,ppb,19,10,46.49933624267578,0.11370372772216797,5468.0,52.972755432128906,57,1
StandardGSGP,491dfec7-ad46-11ef-a059-e4a8dfc2a9a8,ppb,19,11,46.036537170410156,0.1046297550201416,6152.0,52.53226089477539,63,1
StandardGSGP,491dfec7-ad46-11ef-a059-e4a8dfc2a9a8,ppb,19,12,45.68068313598633,0.09151315689086914,6850.0,52.20922088623047,69,1
StandardGSGP,491dfec7-ad46-11ef-a059-e4a8dfc2a9a8,ppb,19,13,45.49375534057617,0.10109400749206543,7446.0,52.03969192504883,75,1
StandardGSGP,491dfec7-ad46-11ef-a059-e4a8dfc2a9a8,ppb,19,14,45.284915924072266,0.08950924873352051,8042.0,51.850791931152344,81,1
StandardGSGP,491dfec7-ad46-11ef-a059-e4a8dfc2a9a8,ppb,19,15,44.78414535522461,0.09251236915588379,8616.0,51.39418411254883,87,1
StandardGSGP,491dfec7-ad46-11ef-a059-e4a8dfc2a9a8,ppb,19,16,44.38358688354492,0.09318232536315918,9254.0,51.02500534057617,93,1
StandardGSGP,491dfec7-ad46-11ef-a059-e4a8dfc2a9a8,ppb,19,17,43.84127426147461,0.08800268173217773,9830.0,50.569374084472656,99,1
StandardGSGP,491dfec7-ad46-11ef-a059-e4a8dfc2a9a8,ppb,19,18,43.74696350097656,0.08863353729248047,10418.0,50.484806060791016,105,1
StandardGSGP,491dfec7-ad46-11ef-a059-e4a8dfc2a9a8,ppb,19,19,43.46721267700195,0.09051060676574707,11046.0,50.2039909362793,111,1
StandardGSGP,491dfec7-ad46-11ef-a059-e4a8dfc2a9a8,ppb,19,20,42.91692352294922,0.09725308418273926,11640.0,49.69658660888672,117,1
StandardGSGP,491dfec7-ad46-11ef-a059-e4a8dfc2a9a8,ppb,19,21,42.67408752441406,0.08920168876647949,12258.0,49.481056213378906,123,1
StandardGSGP,491dfec7-ad46-11ef-a059-e4a8dfc2a9a8,ppb,19,22,42.66443634033203,0.09751009941101074,12826.0,49.4752082824707,129,1
StandardGSGP,491dfec7-ad46-11ef-a059-e4a8dfc2a9a8,ppb,19,23,42.34159469604492,0.09674572944641113,13328.0,49.169586181640625,135,1
StandardGSGP,491dfec7-ad46-11ef-a059-e4a8dfc2a9a8,ppb,19,24,41.958370208740234,0.09554076194763184,13894.0,48.84538650512695,135,1
StandardGSGP,491dfec7-ad46-11ef-a059-e4a8dfc2a9a8,ppb,19,25,41.753807067871094,0.10061788558959961,14574.0,48.66645431518555,141,1
StandardGSGP,491dfec7-ad46-11ef-a059-e4a8dfc2a9a8,ppb,19,26,41.37346267700195,0.11130881309509277,15186.0,48.31222152709961,153,1
StandardGSGP,491dfec7-ad46-11ef-a059-e4a8dfc2a9a8,ppb,19,27,41.2248420715332,0.09317350387573242,15756.0,48.180259704589844,159,1
StandardGSGP,491dfec7-ad46-11ef-a059-e4a8dfc2a9a8,ppb,19,28,40.541229248046875,0.09551763534545898,16380.0,47.5737190246582,165,1
StandardGSGP,491dfec7-ad46-11ef-a059-e4a8dfc2a9a8,ppb,19,29,40.506717681884766,0.09475970268249512,17078.0,47.54781723022461,171,1
StandardGSGP,491dfec7-ad46-11ef-a059-e4a8dfc2a9a8,ppb,19,30,40.289615631103516,0.08696842193603516,17668.0,47.36891555786133,177,1
StandardGSGP,491dfec7-ad46-11ef-a059-e4a8dfc2a9a8,ppb,19,31,40.08787155151367,0.0898592472076416,18220.0,47.18021011352539,183,1
StandardGSGP,491dfec7-ad46-11ef-a059-e4a8dfc2a9a8,ppb,19,32,39.815067291259766,0.09677696228027344,18794.0,46.94368362426758,189,1
StandardGSGP,491dfec7-ad46-11ef-a059-e4a8dfc2a9a8,ppb,19,33,39.42070770263672,0.08802938461303711,19432.0,46.60308074951172,195,1
StandardGSGP,491dfec7-ad46-11ef-a059-e4a8dfc2a9a8,ppb,19,34,39.305416107177734,0.08850932121276855,19994.0,46.50194549560547,201,1
StandardGSGP,491dfec7-ad46-11ef-a059-e4a8dfc2a9a8,ppb,19,35,38.91399383544922,0.1760082244873047,20624.0,46.18758010864258,207,1
StandardGSGP,491dfec7-ad46-11ef-a059-e4a8dfc2a9a8,ppb,19,36,38.57892990112305,0.09652185440063477,21228.0,45.89200210571289,213,1
StandardGSGP,491dfec7-ad46-11ef-a059-e4a8dfc2a9a8,ppb,19,37,38.19549560546875,0.09151053428649902,21862.0,45.53546142578125,219,1
StandardGSGP,491dfec7-ad46-11ef-a059-e4a8dfc2a9a8,ppb,19,38,38.12809371948242,0.09044742584228516,22442.0,45.48367691040039,225,1
StandardGSGP,491dfec7-ad46-11ef-a059-e4a8dfc2a9a8,ppb,19,39,37.6103515625,0.09416627883911133,23008.0,45.03371810913086,231,1
StandardGSGP,491dfec7-ad46-11ef-a059-e4a8dfc2a9a8,ppb,19,40,37.233280181884766,0.08909916877746582,23546.0,44.68675994873047,237,1
StandardGSGP,491dfec7-ad46-11ef-a059-e4a8dfc2a9a8,ppb,19,41,37.233280181884766,0.09952211380004883,24106.0,44.68675994873047,237,1
StandardGSGP,491dfec7-ad46-11ef-a059-e4a8dfc2a9a8,ppb,19,42,36.952186584472656,0.09149408340454102,24720.0,44.444637298583984,243,1
StandardGSGP,491dfec7-ad46-11ef-a059-e4a8dfc2a9a8,ppb,19,43,36.676109313964844,0.10175585746765137,25284.0,44.25361633300781,249,1
StandardGSGP,491dfec7-ad46-11ef-a059-e4a8dfc2a9a8,ppb,19,44,36.3189697265625,0.09708046913146973,25812.0,43.93384552001953,261,1
StandardGSGP,491dfec7-ad46-11ef-a059-e4a8dfc2a9a8,ppb,19,45,36.184940338134766,0.0891108512878418,26306.0,43.81995391845703,267,1
StandardGSGP,491dfec7-ad46-11ef-a059-e4a8dfc2a9a8,ppb,19,46,35.860923767089844,0.09156131744384766,27140.0,43.525474548339844,273,1
StandardGSGP,491dfec7-ad46-11ef-a059-e4a8dfc2a9a8,ppb,19,47,35.463714599609375,0.08876848220825195,27724.0,43.153751373291016,281,1
StandardGSGP,491dfec7-ad46-11ef-a059-e4a8dfc2a9a8,ppb,19,48,35.393943786621094,0.09058451652526855,28346.0,43.18811798095703,287,1
StandardGSGP,491dfec7-ad46-11ef-a059-e4a8dfc2a9a8,ppb,19,49,35.01824951171875,0.10160613059997559,28958.0,42.7603759765625,287,1
StandardGSGP,491dfec7-ad46-11ef-a059-e4a8dfc2a9a8,ppb,19,50,34.827980041503906,0.08954071998596191,29610.0,42.699928283691406,299,1
StandardGSGP,491dfec7-ad46-11ef-a059-e4a8dfc2a9a8,ppb,19,51,34.64668273925781,0.09268760681152344,30302.0,42.57167434692383,305,1
StandardGSGP,491dfec7-ad46-11ef-a059-e4a8dfc2a9a8,ppb,19,52,34.36191177368164,0.0935976505279541,30840.0,42.307254791259766,311,1
StandardGSGP,491dfec7-ad46-11ef-a059-e4a8dfc2a9a8,ppb,19,53,34.0899772644043,0.09533929824829102,31290.0,42.082130432128906,317,1
StandardGSGP,491dfec7-ad46-11ef-a059-e4a8dfc2a9a8,ppb,19,54,33.9786491394043,0.08986186981201172,31896.0,41.97511672973633,323,1
StandardGSGP,491dfec7-ad46-11ef-a059-e4a8dfc2a9a8,ppb,19,55,33.71937561035156,0.09066057205200195,32538.0,41.76968002319336,329,1
StandardGSGP,491dfec7-ad46-11ef-a059-e4a8dfc2a9a8,ppb,19,56,33.612674713134766,0.08946084976196289,33196.0,41.627994537353516,335,1
StandardGSGP,491dfec7-ad46-11ef-a059-e4a8dfc2a9a8,ppb,19,57,33.40460205078125,0.09084177017211914,33794.0,41.47042465209961,341,1
StandardGSGP,491dfec7-ad46-11ef-a059-e4a8dfc2a9a8,ppb,19,58,33.13752746582031,0.09366679191589355,34492.0,41.26766586303711,347,1
StandardGSGP,491dfec7-ad46-11ef-a059-e4a8dfc2a9a8,ppb,19,59,33.1179313659668,0.08751201629638672,35098.0,41.26375961303711,353,1
StandardGSGP,491dfec7-ad46-11ef-a059-e4a8dfc2a9a8,ppb,19,60,32.961631774902344,0.08869791030883789,35732.0,41.05960464477539,359,1
StandardGSGP,491dfec7-ad46-11ef-a059-e4a8dfc2a9a8,ppb,19,61,32.742156982421875,0.09153199195861816,36416.0,40.935302734375,365,1
StandardGSGP,491dfec7-ad46-11ef-a059-e4a8dfc2a9a8,ppb,19,62,32.432044982910156,0.09556746482849121,37030.0,40.7310791015625,371,1
StandardGSGP,491dfec7-ad46-11ef-a059-e4a8dfc2a9a8,ppb,19,63,32.23765563964844,0.09477424621582031,37674.0,40.523040771484375,377,1
StandardGSGP,491dfec7-ad46-11ef-a059-e4a8dfc2a9a8,ppb,19,64,31.878131866455078,0.08951902389526367,38246.0,40.2015495300293,383,1
StandardGSGP,491dfec7-ad46-11ef-a059-e4a8dfc2a9a8,ppb,19,65,31.667924880981445,0.09186625480651855,38856.0,40.09272003173828,389,1
StandardGSGP,491dfec7-ad46-11ef-a059-e4a8dfc2a9a8,ppb,19,66,31.52614974975586,0.09151721000671387,39480.0,39.9885139465332,395,1
StandardGSGP,491dfec7-ad46-11ef-a059-e4a8dfc2a9a8,ppb,19,67,31.435564041137695,0.08891439437866211,40080.0,39.9359130859375,401,1
StandardGSGP,491dfec7-ad46-11ef-a059-e4a8dfc2a9a8,ppb,19,68,31.227109909057617,0.09504103660583496,40636.0,39.729698181152344,409,1
StandardGSGP,491dfec7-ad46-11ef-a059-e4a8dfc2a9a8,ppb,19,69,30.97296905517578,0.09591937065124512,41236.0,39.55510330200195,415,1
StandardGSGP,491dfec7-ad46-11ef-a059-e4a8dfc2a9a8,ppb,19,70,30.89054298400879,0.09351563453674316,41732.0,39.466548919677734,421,1
StandardGSGP,491dfec7-ad46-11ef-a059-e4a8dfc2a9a8,ppb,19,71,30.845340728759766,0.09279441833496094,42474.0,39.44440841674805,427,1
StandardGSGP,491dfec7-ad46-11ef-a059-e4a8dfc2a9a8,ppb,19,72,30.743974685668945,0.09540104866027832,43154.0,39.333065032958984,433,1
StandardGSGP,491dfec7-ad46-11ef-a059-e4a8dfc2a9a8,ppb,19,73,30.571638107299805,0.09281110763549805,43800.0,39.167537689208984,441,1
StandardGSGP,491dfec7-ad46-11ef-a059-e4a8dfc2a9a8,ppb,19,74,30.410003662109375,0.10151958465576172,44344.0,39.03810119628906,447,1
StandardGSGP,491dfec7-ad46-11ef-a059-e4a8dfc2a9a8,ppb,19,75,30.315332412719727,0.08751153945922852,44926.0,39.039546966552734,451,1
StandardGSGP,491dfec7-ad46-11ef-a059-e4a8dfc2a9a8,ppb,19,76,30.29244613647461,0.09535026550292969,45656.0,39.03060531616211,457,1
StandardGSGP,491dfec7-ad46-11ef-a059-e4a8dfc2a9a8,ppb,19,77,30.17449951171875,0.08978509902954102,46292.0,38.931209564208984,465,1
StandardGSGP,491dfec7-ad46-11ef-a059-e4a8dfc2a9a8,ppb,19,78,30.116153717041016,0.08795952796936035,46816.0,38.83301544189453,471,1
StandardGSGP,491dfec7-ad46-11ef-a059-e4a8dfc2a9a8,ppb,19,79,29.91498374938965,0.09316372871398926,47416.0,38.663185119628906,477,1
StandardGSGP,491dfec7-ad46-11ef-a059-e4a8dfc2a9a8,ppb,19,80,29.820484161376953,0.08952760696411133,48090.0,38.6361198425293,481,1
StandardGSGP,491dfec7-ad46-11ef-a059-e4a8dfc2a9a8,ppb,19,81,29.720577239990234,0.09352254867553711,48640.0,38.536258697509766,481,1
StandardGSGP,491dfec7-ad46-11ef-a059-e4a8dfc2a9a8,ppb,19,82,29.582778930664062,0.10043048858642578,49282.0,38.41728973388672,487,1
StandardGSGP,491dfec7-ad46-11ef-a059-e4a8dfc2a9a8,ppb,19,83,29.502233505249023,0.09186840057373047,49750.0,38.32529830932617,493,1
StandardGSGP,491dfec7-ad46-11ef-a059-e4a8dfc2a9a8,ppb,19,84,29.409303665161133,0.0995473861694336,50166.0,38.28885269165039,505,1
StandardGSGP,491dfec7-ad46-11ef-a059-e4a8dfc2a9a8,ppb,19,85,29.371826171875,0.08832454681396484,50722.0,38.16538619995117,513,1
StandardGSGP,491dfec7-ad46-11ef-a059-e4a8dfc2a9a8,ppb,19,86,29.214447021484375,0.09119415283203125,51348.0,38.03729248046875,519,1
StandardGSGP,491dfec7-ad46-11ef-a059-e4a8dfc2a9a8,ppb,19,87,29.199792861938477,0.09205317497253418,52086.0,38.025291442871094,525,1
StandardGSGP,491dfec7-ad46-11ef-a059-e4a8dfc2a9a8,ppb,19,88,29.113719940185547,0.09488511085510254,52796.0,37.96219253540039,531,1
StandardGSGP,491dfec7-ad46-11ef-a059-e4a8dfc2a9a8,ppb,19,89,29.098791122436523,0.09732174873352051,53474.0,37.89801025390625,537,1
StandardGSGP,491dfec7-ad46-11ef-a059-e4a8dfc2a9a8,ppb,19,90,28.928966522216797,0.09645342826843262,54174.0,37.87148666381836,545,1
StandardGSGP,491dfec7-ad46-11ef-a059-e4a8dfc2a9a8,ppb,19,91,28.909854888916016,0.10117983818054199,54752.0,37.85361862182617,551,1
StandardGSGP,491dfec7-ad46-11ef-a059-e4a8dfc2a9a8,ppb,19,92,28.875490188598633,0.09994244575500488,55492.0,37.821170806884766,557,1
StandardGSGP,491dfec7-ad46-11ef-a059-e4a8dfc2a9a8,ppb,19,93,28.85976219177246,0.10027313232421875,56150.0,37.83005142211914,563,1
StandardGSGP,491dfec7-ad46-11ef-a059-e4a8dfc2a9a8,ppb,19,94,28.830236434936523,0.10009646415710449,56650.0,37.84495544433594,569,1
StandardGSGP,491dfec7-ad46-11ef-a059-e4a8dfc2a9a8,ppb,19,95,28.78783416748047,0.09688282012939453,57214.0,37.705841064453125,569,1
StandardGSGP,491dfec7-ad46-11ef-a059-e4a8dfc2a9a8,ppb,19,96,28.74250030517578,0.09443211555480957,57848.0,37.6744270324707,575,1
StandardGSGP,491dfec7-ad46-11ef-a059-e4a8dfc2a9a8,ppb,19,97,28.681825637817383,0.08964705467224121,58400.0,37.64112854003906,581,1
StandardGSGP,491dfec7-ad46-11ef-a059-e4a8dfc2a9a8,ppb,19,98,28.672529220581055,0.09488272666931152,59056.0,37.61151885986328,583,1
StandardGSGP,491dfec7-ad46-11ef-a059-e4a8dfc2a9a8,ppb,19,99,28.624019622802734,0.09092211723327637,59596.0,37.61608123779297,593,1
StandardGSGP,491dfec7-ad46-11ef-a059-e4a8dfc2a9a8,ppb,19,100,28.61005973815918,0.09438395500183105,59954.0,37.57368087768555,599,1
