StandardGSGP,50ac4427-ad45-11ef-9293-e4a8dfc2a9a8,ppb,6,0,0.312857449054718,0.05050969123840332,404.0,0.42299115657806396,7,1
StandardGSGP,50ac4427-ad45-11ef-9293-e4a8dfc2a9a8,ppb,6,1,0.28456911444664,0.08939862251281738,992.0,0.3495347797870636,9,1
StandardGSGP,50ac4427-ad45-11ef-9293-e4a8dfc2a9a8,ppb,6,2,0.2785946726799011,0.09000301361083984,1580.0,0.35436341166496277,15,1
StandardGSGP,50ac4427-ad45-11ef-9293-e4a8dfc2a9a8,ppb,6,3,0.27085810899734497,0.0914008617401123,2120.0,0.3547840416431427,21,1
StandardGSGP,50ac4427-ad45-11ef-9293-e4a8dfc2a9a8,ppb,6,4,0.2697756886482239,0.08702754974365234,2682.0,0.3611421585083008,23,1
StandardGSGP,50ac4427-ad45-11ef-9293-e4a8dfc2a9a8,ppb,6,5,0.2627459168434143,0.08865737915039062,3160.0,0.35249507427215576,29,1
StandardGSGP,50ac4427-ad45-11ef-9293-e4a8dfc2a9a8,ppb,6,6,0.26243534684181213,0.09567999839782715,3782.0,0.35451990365982056,35,1
StandardGSGP,50ac4427-ad45-11ef-9293-e4a8dfc2a9a8,ppb,6,7,0.2605953812599182,0.09003448486328125,4258.0,0.3427979350090027,41,1
StandardGSGP,50ac4427-ad45-11ef-9293-e4a8dfc2a9a8,ppb,6,8,0.2605953812599182,0.09199738502502441,4798.0,0.3427979350090027,41,1
StandardGSGP,50ac4427-ad45-11ef-9293-e4a8dfc2a9a8,ppb,6,9,0.25740665197372437,0.09156084060668945,5236.0,0.3482114374637604,53,1
StandardGSGP,50ac4427-ad45-11ef-9293-e4a8dfc2a9a8,ppb,6,10,0.2566676437854767,0.08859920501708984,5852.0,0.3489590883255005,59,1
StandardGSGP,50ac4427-ad45-11ef-9293-e4a8dfc2a9a8,ppb,6,11,0.2538386583328247,0.10689759254455566,6342.0,0.34049710631370544,59,1
StandardGSGP,50ac4427-ad45-11ef-9293-e4a8dfc2a9a8,ppb,6,12,0.25339430570602417,0.09082365036010742,6828.0,0.3424404263496399,65,1
StandardGSGP,50ac4427-ad45-11ef-9293-e4a8dfc2a9a8,ppb,6,13,0.2521793246269226,0.09431099891662598,7472.0,0.35289523005485535,79,1
StandardGSGP,50ac4427-ad45-11ef-9293-e4a8dfc2a9a8,ppb,6,14,0.2517886757850647,0.08889532089233398,8150.0,0.36406680941581726,85,1
StandardGSGP,50ac4427-ad45-11ef-9293-e4a8dfc2a9a8,ppb,6,15,0.2500845491886139,0.0884401798248291,8702.0,0.3508443534374237,95,1
StandardGSGP,50ac4427-ad45-11ef-9293-e4a8dfc2a9a8,ppb,6,16,0.24758411943912506,0.09979367256164551,9302.0,0.34103700518608093,89,1
StandardGSGP,50ac4427-ad45-11ef-9293-e4a8dfc2a9a8,ppb,6,17,0.24758411943912506,0.09052133560180664,9882.0,0.34103700518608093,89,1
StandardGSGP,50ac4427-ad45-11ef-9293-e4a8dfc2a9a8,ppb,6,18,0.24536241590976715,0.09185242652893066,10510.0,0.33527231216430664,107,1
StandardGSGP,50ac4427-ad45-11ef-9293-e4a8dfc2a9a8,ppb,6,19,0.2447374314069748,0.09290194511413574,11216.0,0.35284623503685,119,1
StandardGSGP,50ac4427-ad45-11ef-9293-e4a8dfc2a9a8,ppb,6,20,0.2425421178340912,0.09573769569396973,11860.0,0.35155820846557617,125,1
StandardGSGP,50ac4427-ad45-11ef-9293-e4a8dfc2a9a8,ppb,6,21,0.2400279939174652,0.09846282005310059,12072.0,0.3636186420917511,125,1
StandardGSGP,50ac4427-ad45-11ef-9293-e4a8dfc2a9a8,ppb,6,22,0.2400279939174652,0.09319734573364258,12920.0,0.3636186420917511,125,1
StandardGSGP,50ac4427-ad45-11ef-9293-e4a8dfc2a9a8,ppb,6,23,0.2354706972837448,0.09090662002563477,13536.0,0.3670685291290283,131,1
StandardGSGP,50ac4427-ad45-11ef-9293-e4a8dfc2a9a8,ppb,6,24,0.2354706972837448,0.10149335861206055,14186.0,0.3670685291290283,131,1
StandardGSGP,50ac4427-ad45-11ef-9293-e4a8dfc2a9a8,ppb,6,25,0.23438072204589844,0.10075879096984863,14820.0,0.35056009888648987,143,1
StandardGSGP,50ac4427-ad45-11ef-9293-e4a8dfc2a9a8,ppb,6,26,0.23252981901168823,0.09151172637939453,15348.0,0.34534120559692383,161,1
StandardGSGP,50ac4427-ad45-11ef-9293-e4a8dfc2a9a8,ppb,6,27,0.23252981901168823,0.09076237678527832,15966.0,0.34534120559692383,161,1
StandardGSGP,50ac4427-ad45-11ef-9293-e4a8dfc2a9a8,ppb,6,28,0.2250571995973587,0.0967402458190918,16354.0,0.3294649124145508,173,1
StandardGSGP,50ac4427-ad45-11ef-9293-e4a8dfc2a9a8,ppb,6,29,0.2250571995973587,0.09072732925415039,16996.0,0.3294649124145508,173,1
StandardGSGP,50ac4427-ad45-11ef-9293-e4a8dfc2a9a8,ppb,6,30,0.2250571995973587,0.08551311492919922,17842.0,0.3294649124145508,173,1
StandardGSGP,50ac4427-ad45-11ef-9293-e4a8dfc2a9a8,ppb,6,31,0.2209925353527069,0.08786487579345703,18528.0,0.32676875591278076,191,1
StandardGSGP,50ac4427-ad45-11ef-9293-e4a8dfc2a9a8,ppb,6,32,0.2209925353527069,0.08710026741027832,19292.0,0.32676875591278076,191,1
StandardGSGP,50ac4427-ad45-11ef-9293-e4a8dfc2a9a8,ppb,6,33,0.21954241394996643,0.08851003646850586,20124.0,0.331064909696579,203,1
StandardGSGP,50ac4427-ad45-11ef-9293-e4a8dfc2a9a8,ppb,6,34,0.21953001618385315,0.16289067268371582,20700.0,0.33109912276268005,209,1
StandardGSGP,50ac4427-ad45-11ef-9293-e4a8dfc2a9a8,ppb,6,35,0.21953001618385315,0.0864248275756836,21274.0,0.33109912276268005,209,1
StandardGSGP,50ac4427-ad45-11ef-9293-e4a8dfc2a9a8,ppb,6,36,0.21913056075572968,0.08751249313354492,21920.0,0.32731738686561584,221,1
StandardGSGP,50ac4427-ad45-11ef-9293-e4a8dfc2a9a8,ppb,6,37,0.21837350726127625,0.09250974655151367,22558.0,0.3355141282081604,227,1
StandardGSGP,50ac4427-ad45-11ef-9293-e4a8dfc2a9a8,ppb,6,38,0.21654096245765686,0.10059833526611328,23092.0,0.33389168977737427,233,1
StandardGSGP,50ac4427-ad45-11ef-9293-e4a8dfc2a9a8,ppb,6,39,0.21647299826145172,0.09676742553710938,23726.0,0.33453187346458435,239,1
StandardGSGP,50ac4427-ad45-11ef-9293-e4a8dfc2a9a8,ppb,6,40,0.21647299826145172,0.09065961837768555,24376.0,0.33453187346458435,239,1
StandardGSGP,50ac4427-ad45-11ef-9293-e4a8dfc2a9a8,ppb,6,41,0.21647299826145172,0.10028839111328125,24976.0,0.33453187346458435,239,1
StandardGSGP,50ac4427-ad45-11ef-9293-e4a8dfc2a9a8,ppb,6,42,0.21647299826145172,0.0913231372833252,25512.0,0.33453187346458435,239,1
StandardGSGP,50ac4427-ad45-11ef-9293-e4a8dfc2a9a8,ppb,6,43,0.20936228334903717,0.09013032913208008,25892.0,0.3267727196216583,263,1
StandardGSGP,50ac4427-ad45-11ef-9293-e4a8dfc2a9a8,ppb,6,44,0.20936228334903717,0.08950996398925781,26376.0,0.3267727196216583,263,1
StandardGSGP,50ac4427-ad45-11ef-9293-e4a8dfc2a9a8,ppb,6,45,0.20899613201618195,0.09751224517822266,26884.0,0.3215266764163971,269,1
StandardGSGP,50ac4427-ad45-11ef-9293-e4a8dfc2a9a8,ppb,6,46,0.20672611892223358,0.09636235237121582,27346.0,0.32775935530662537,283,1
StandardGSGP,50ac4427-ad45-11ef-9293-e4a8dfc2a9a8,ppb,6,47,0.20657774806022644,0.10239839553833008,27962.0,0.3251645565032959,289,1
StandardGSGP,50ac4427-ad45-11ef-9293-e4a8dfc2a9a8,ppb,6,48,0.20657774806022644,0.10352921485900879,28736.0,0.3251645565032959,289,1
StandardGSGP,50ac4427-ad45-11ef-9293-e4a8dfc2a9a8,ppb,6,49,0.20648033916950226,0.09793496131896973,29400.0,0.32618629932403564,295,1
StandardGSGP,50ac4427-ad45-11ef-9293-e4a8dfc2a9a8,ppb,6,50,0.20648033916950226,0.1025087833404541,30052.0,0.32618629932403564,295,1
StandardGSGP,50ac4427-ad45-11ef-9293-e4a8dfc2a9a8,ppb,6,51,0.20611229538917542,0.09413552284240723,30776.0,0.32838761806488037,313,1
StandardGSGP,50ac4427-ad45-11ef-9293-e4a8dfc2a9a8,ppb,6,52,0.20597632229328156,0.08999109268188477,31286.0,0.328357070684433,319,1
StandardGSGP,50ac4427-ad45-11ef-9293-e4a8dfc2a9a8,ppb,6,53,0.20511068403720856,0.09506511688232422,31998.0,0.3278714716434479,319,1
StandardGSGP,50ac4427-ad45-11ef-9293-e4a8dfc2a9a8,ppb,6,54,0.20511068403720856,0.08897781372070312,32338.0,0.3278714716434479,319,1
StandardGSGP,50ac4427-ad45-11ef-9293-e4a8dfc2a9a8,ppb,6,55,0.20450957119464874,0.09002566337585449,33064.0,0.3294825255870819,325,1
StandardGSGP,50ac4427-ad45-11ef-9293-e4a8dfc2a9a8,ppb,6,56,0.20382027328014374,0.08751726150512695,33516.0,0.33112236857414246,331,1
StandardGSGP,50ac4427-ad45-11ef-9293-e4a8dfc2a9a8,ppb,6,57,0.20338629186153412,0.0875101089477539,33972.0,0.32099077105522156,337,1
StandardGSGP,50ac4427-ad45-11ef-9293-e4a8dfc2a9a8,ppb,6,58,0.2019561529159546,0.09551167488098145,34568.0,0.33088403940200806,337,1
StandardGSGP,50ac4427-ad45-11ef-9293-e4a8dfc2a9a8,ppb,6,59,0.19977611303329468,0.09244966506958008,35178.0,0.3376048505306244,343,1
StandardGSGP,50ac4427-ad45-11ef-9293-e4a8dfc2a9a8,ppb,6,60,0.199618399143219,0.10179591178894043,35806.0,0.3367001414299011,349,1
StandardGSGP,50ac4427-ad45-11ef-9293-e4a8dfc2a9a8,ppb,6,61,0.199618399143219,0.08829212188720703,36360.0,0.3367001414299011,349,1
StandardGSGP,50ac4427-ad45-11ef-9293-e4a8dfc2a9a8,ppb,6,62,0.19927184283733368,0.0921638011932373,36750.0,0.3400258421897888,355,1
StandardGSGP,50ac4427-ad45-11ef-9293-e4a8dfc2a9a8,ppb,6,63,0.19927184283733368,0.09351348876953125,37250.0,0.3400258421897888,355,1
StandardGSGP,50ac4427-ad45-11ef-9293-e4a8dfc2a9a8,ppb,6,64,0.19789299368858337,0.09405517578125,37588.0,0.3398932218551636,361,1
StandardGSGP,50ac4427-ad45-11ef-9293-e4a8dfc2a9a8,ppb,6,65,0.19789299368858337,0.09032773971557617,37698.0,0.3398932218551636,361,1
StandardGSGP,50ac4427-ad45-11ef-9293-e4a8dfc2a9a8,ppb,6,66,0.19789299368858337,0.09329009056091309,38168.0,0.3398932218551636,361,1
StandardGSGP,50ac4427-ad45-11ef-9293-e4a8dfc2a9a8,ppb,6,67,0.19751952588558197,0.09157085418701172,38712.0,0.33501264452934265,385,1
StandardGSGP,50ac4427-ad45-11ef-9293-e4a8dfc2a9a8,ppb,6,68,0.19751952588558197,0.09339451789855957,38968.0,0.33501264452934265,385,1
StandardGSGP,50ac4427-ad45-11ef-9293-e4a8dfc2a9a8,ppb,6,69,0.19658419489860535,0.08851742744445801,39308.0,0.33463460206985474,391,1
StandardGSGP,50ac4427-ad45-11ef-9293-e4a8dfc2a9a8,ppb,6,70,0.19658419489860535,0.09308934211730957,39682.0,0.33463460206985474,391,1
StandardGSGP,50ac4427-ad45-11ef-9293-e4a8dfc2a9a8,ppb,6,71,0.19628259539604187,0.09335184097290039,40028.0,0.3376384675502777,403,1
StandardGSGP,50ac4427-ad45-11ef-9293-e4a8dfc2a9a8,ppb,6,72,0.19431257247924805,0.09757757186889648,40804.0,0.33271369338035583,409,1
StandardGSGP,50ac4427-ad45-11ef-9293-e4a8dfc2a9a8,ppb,6,73,0.19431257247924805,0.08850240707397461,41422.0,0.33271369338035583,409,1
StandardGSGP,50ac4427-ad45-11ef-9293-e4a8dfc2a9a8,ppb,6,74,0.19431257247924805,0.09051847457885742,41938.0,0.33271369338035583,409,1
StandardGSGP,50ac4427-ad45-11ef-9293-e4a8dfc2a9a8,ppb,6,75,0.19255879521369934,0.0911557674407959,42514.0,0.32669758796691895,415,1
StandardGSGP,50ac4427-ad45-11ef-9293-e4a8dfc2a9a8,ppb,6,76,0.19194746017456055,0.08779144287109375,43052.0,0.32610026001930237,421,1
StandardGSGP,50ac4427-ad45-11ef-9293-e4a8dfc2a9a8,ppb,6,77,0.19194746017456055,0.09011459350585938,43274.0,0.32610026001930237,421,1
StandardGSGP,50ac4427-ad45-11ef-9293-e4a8dfc2a9a8,ppb,6,78,0.19125786423683167,0.0914459228515625,43722.0,0.3140144944190979,441,1
StandardGSGP,50ac4427-ad45-11ef-9293-e4a8dfc2a9a8,ppb,6,79,0.19124364852905273,0.09451842308044434,44218.0,0.32174885272979736,427,1
StandardGSGP,50ac4427-ad45-11ef-9293-e4a8dfc2a9a8,ppb,6,80,0.1890379637479782,0.09772992134094238,44632.0,0.3241729140281677,433,1
StandardGSGP,50ac4427-ad45-11ef-9293-e4a8dfc2a9a8,ppb,6,81,0.1890379637479782,0.08989405632019043,45002.0,0.3241729140281677,433,1
StandardGSGP,50ac4427-ad45-11ef-9293-e4a8dfc2a9a8,ppb,6,82,0.1890379637479782,0.08851027488708496,45428.0,0.3241729140281677,433,1
StandardGSGP,50ac4427-ad45-11ef-9293-e4a8dfc2a9a8,ppb,6,83,0.1890379637479782,0.08806967735290527,45744.0,0.3241729140281677,433,1
StandardGSGP,50ac4427-ad45-11ef-9293-e4a8dfc2a9a8,ppb,6,84,0.1889839768409729,0.0895085334777832,45790.0,0.3258812129497528,457,1
StandardGSGP,50ac4427-ad45-11ef-9293-e4a8dfc2a9a8,ppb,6,85,0.1889839768409729,0.08572101593017578,46182.0,0.3258812129497528,457,1
StandardGSGP,50ac4427-ad45-11ef-9293-e4a8dfc2a9a8,ppb,6,86,0.18893787264823914,0.09300374984741211,46558.0,0.3257888853549957,463,1
StandardGSGP,50ac4427-ad45-11ef-9293-e4a8dfc2a9a8,ppb,6,87,0.1879381239414215,0.08854842185974121,47032.0,0.3665890395641327,463,1
StandardGSGP,50ac4427-ad45-11ef-9293-e4a8dfc2a9a8,ppb,6,88,0.1876460462808609,0.0953531265258789,47644.0,0.36760735511779785,469,1
StandardGSGP,50ac4427-ad45-11ef-9293-e4a8dfc2a9a8,ppb,6,89,0.1876460462808609,0.09011626243591309,48194.0,0.36760735511779785,469,1
StandardGSGP,50ac4427-ad45-11ef-9293-e4a8dfc2a9a8,ppb,6,90,0.1876460462808609,0.0891571044921875,48566.0,0.36760735511779785,469,1
StandardGSGP,50ac4427-ad45-11ef-9293-e4a8dfc2a9a8,ppb,6,91,0.1876460462808609,0.1042490005493164,49008.0,0.36760735511779785,469,1
StandardGSGP,50ac4427-ad45-11ef-9293-e4a8dfc2a9a8,ppb,6,92,0.1872684806585312,0.0951082706451416,49314.0,0.3668714761734009,487,1
StandardGSGP,50ac4427-ad45-11ef-9293-e4a8dfc2a9a8,ppb,6,93,0.184815913438797,0.0919041633605957,49610.0,0.37993738055229187,493,1
StandardGSGP,50ac4427-ad45-11ef-9293-e4a8dfc2a9a8,ppb,6,94,0.184815913438797,0.0921175479888916,50030.0,0.37993738055229187,493,1
StandardGSGP,50ac4427-ad45-11ef-9293-e4a8dfc2a9a8,ppb,6,95,0.184815913438797,0.09213829040527344,50510.0,0.37993738055229187,493,1
StandardGSGP,50ac4427-ad45-11ef-9293-e4a8dfc2a9a8,ppb,6,96,0.184815913438797,0.0941014289855957,51186.0,0.37993738055229187,493,1
StandardGSGP,50ac4427-ad45-11ef-9293-e4a8dfc2a9a8,ppb,6,97,0.18317775428295135,0.09051251411437988,51738.0,0.3790891468524933,523,1
StandardGSGP,50ac4427-ad45-11ef-9293-e4a8dfc2a9a8,ppb,6,98,0.18317775428295135,0.09200358390808105,52332.0,0.3790891468524933,523,1
StandardGSGP,50ac4427-ad45-11ef-9293-e4a8dfc2a9a8,ppb,6,99,0.1826138198375702,0.09738445281982422,52644.0,0.3879550099372864,529,1
StandardGSGP,50ac4427-ad45-11ef-9293-e4a8dfc2a9a8,ppb,6,100,0.18197591602802277,0.0990602970123291,53324.0,0.38785967230796814,535,1
StandardGSGP,fdc35e7d-ad45-11ef-9293-e4a8dfc2a9a8,ppb,6,0,29.34670639038086,0.04906129837036133,404.0,34.19172286987305,3,1
StandardGSGP,fdc35e7d-ad45-11ef-9293-e4a8dfc2a9a8,ppb,6,1,29.338504791259766,0.08896517753601074,950.0,34.21955490112305,9,1
StandardGSGP,fdc35e7d-ad45-11ef-9293-e4a8dfc2a9a8,ppb,6,2,29.31616973876953,0.09163284301757812,1526.0,34.179813385009766,17,1
StandardGSGP,fdc35e7d-ad45-11ef-9293-e4a8dfc2a9a8,ppb,6,3,29.272747039794922,0.0886986255645752,2040.0,34.23264694213867,23,1
StandardGSGP,fdc35e7d-ad45-11ef-9293-e4a8dfc2a9a8,ppb,6,4,29.245742797851562,0.08951139450073242,2554.0,34.25030517578125,29,1
StandardGSGP,fdc35e7d-ad45-11ef-9293-e4a8dfc2a9a8,ppb,6,5,29.22152328491211,0.08889985084533691,3250.0,34.42373275756836,35,1
StandardGSGP,fdc35e7d-ad45-11ef-9293-e4a8dfc2a9a8,ppb,6,6,29.217884063720703,0.0895087718963623,3930.0,33.9720344543457,39,1
StandardGSGP,fdc35e7d-ad45-11ef-9293-e4a8dfc2a9a8,ppb,6,7,29.105928421020508,0.09050798416137695,4596.0,34.28063201904297,47,1
StandardGSGP,fdc35e7d-ad45-11ef-9293-e4a8dfc2a9a8,ppb,6,8,29.105854034423828,0.09151005744934082,5130.0,34.2808837890625,53,1
StandardGSGP,fdc35e7d-ad45-11ef-9293-e4a8dfc2a9a8,ppb,6,9,29.084026336669922,0.09200596809387207,5692.0,34.35159683227539,59,1
StandardGSGP,fdc35e7d-ad45-11ef-9293-e4a8dfc2a9a8,ppb,6,10,29.083602905273438,0.09119868278503418,6272.0,34.35478591918945,65,1
StandardGSGP,fdc35e7d-ad45-11ef-9293-e4a8dfc2a9a8,ppb,6,11,29.048192977905273,0.09269523620605469,6938.0,34.269744873046875,71,1
StandardGSGP,fdc35e7d-ad45-11ef-9293-e4a8dfc2a9a8,ppb,6,12,29.010915756225586,0.11222004890441895,7606.0,34.496028900146484,77,1
StandardGSGP,fdc35e7d-ad45-11ef-9293-e4a8dfc2a9a8,ppb,6,13,28.98654556274414,0.09443235397338867,8214.0,34.41360855102539,83,1
StandardGSGP,fdc35e7d-ad45-11ef-9293-e4a8dfc2a9a8,ppb,6,14,28.96590805053711,0.09100866317749023,8862.0,34.4412841796875,91,1
StandardGSGP,fdc35e7d-ad45-11ef-9293-e4a8dfc2a9a8,ppb,6,15,28.956857681274414,0.09189057350158691,9466.0,34.4416389465332,97,1
StandardGSGP,fdc35e7d-ad45-11ef-9293-e4a8dfc2a9a8,ppb,6,16,28.93981170654297,0.090484619140625,10092.0,34.46119689941406,103,1
StandardGSGP,fdc35e7d-ad45-11ef-9293-e4a8dfc2a9a8,ppb,6,17,28.917516708374023,0.09236860275268555,10752.0,34.44976043701172,109,1
StandardGSGP,fdc35e7d-ad45-11ef-9293-e4a8dfc2a9a8,ppb,6,18,28.898563385009766,0.09599852561950684,11352.0,34.29708480834961,115,1
StandardGSGP,fdc35e7d-ad45-11ef-9293-e4a8dfc2a9a8,ppb,6,19,28.898563385009766,0.10461258888244629,11912.0,34.29708480834961,115,1
StandardGSGP,fdc35e7d-ad45-11ef-9293-e4a8dfc2a9a8,ppb,6,20,28.872426986694336,0.09423375129699707,12536.0,34.450340270996094,125,1
StandardGSGP,fdc35e7d-ad45-11ef-9293-e4a8dfc2a9a8,ppb,6,21,28.867300033569336,0.09102463722229004,13092.0,34.60614013671875,131,1
StandardGSGP,fdc35e7d-ad45-11ef-9293-e4a8dfc2a9a8,ppb,6,22,28.852027893066406,0.09273076057434082,13728.0,34.410831451416016,139,1
StandardGSGP,fdc35e7d-ad45-11ef-9293-e4a8dfc2a9a8,ppb,6,23,28.828527450561523,0.09105849266052246,14336.0,34.63447952270508,143,1
StandardGSGP,fdc35e7d-ad45-11ef-9293-e4a8dfc2a9a8,ppb,6,24,28.822975158691406,0.09076833724975586,14916.0,34.58428192138672,151,1
StandardGSGP,fdc35e7d-ad45-11ef-9293-e4a8dfc2a9a8,ppb,6,25,28.804462432861328,0.08976554870605469,15484.0,34.4255256652832,157,1
StandardGSGP,fdc35e7d-ad45-11ef-9293-e4a8dfc2a9a8,ppb,6,26,28.792959213256836,0.09595894813537598,16092.0,34.4006233215332,161,1
StandardGSGP,fdc35e7d-ad45-11ef-9293-e4a8dfc2a9a8,ppb,6,27,28.712247848510742,0.09051704406738281,16706.0,34.48347473144531,167,1
StandardGSGP,fdc35e7d-ad45-11ef-9293-e4a8dfc2a9a8,ppb,6,28,28.70478057861328,0.16505789756774902,17300.0,34.47715759277344,173,1
StandardGSGP,fdc35e7d-ad45-11ef-9293-e4a8dfc2a9a8,ppb,6,29,28.685205459594727,0.09284830093383789,17976.0,34.48493576049805,179,1
StandardGSGP,fdc35e7d-ad45-11ef-9293-e4a8dfc2a9a8,ppb,6,30,28.659954071044922,0.0944967269897461,18442.0,34.39164352416992,185,1
StandardGSGP,fdc35e7d-ad45-11ef-9293-e4a8dfc2a9a8,ppb,6,31,28.632217407226562,0.0936441421508789,18986.0,34.40185546875,191,1
StandardGSGP,fdc35e7d-ad45-11ef-9293-e4a8dfc2a9a8,ppb,6,32,28.621580123901367,0.09262990951538086,19630.0,34.31589126586914,199,1
StandardGSGP,fdc35e7d-ad45-11ef-9293-e4a8dfc2a9a8,ppb,6,33,28.60506248474121,0.09253573417663574,20274.0,34.41965103149414,203,1
StandardGSGP,fdc35e7d-ad45-11ef-9293-e4a8dfc2a9a8,ppb,6,34,28.597885131835938,0.09780693054199219,20858.0,34.525089263916016,209,1
StandardGSGP,fdc35e7d-ad45-11ef-9293-e4a8dfc2a9a8,ppb,6,35,28.563129425048828,0.0915067195892334,21442.0,34.527854919433594,215,1
StandardGSGP,fdc35e7d-ad45-11ef-9293-e4a8dfc2a9a8,ppb,6,36,28.54757308959961,0.09610509872436523,21978.0,34.51894760131836,223,1
StandardGSGP,fdc35e7d-ad45-11ef-9293-e4a8dfc2a9a8,ppb,6,37,28.534757614135742,0.09193062782287598,22624.0,34.493228912353516,227,1
StandardGSGP,fdc35e7d-ad45-11ef-9293-e4a8dfc2a9a8,ppb,6,38,28.522533416748047,0.09651327133178711,23238.0,34.45731735229492,229,1
StandardGSGP,fdc35e7d-ad45-11ef-9293-e4a8dfc2a9a8,ppb,6,39,28.505525588989258,0.0888974666595459,23852.0,34.42182922363281,235,1
StandardGSGP,fdc35e7d-ad45-11ef-9293-e4a8dfc2a9a8,ppb,6,40,28.480716705322266,0.08815336227416992,24482.0,34.62387466430664,247,1
StandardGSGP,fdc35e7d-ad45-11ef-9293-e4a8dfc2a9a8,ppb,6,41,28.46554183959961,0.09055280685424805,24968.0,34.571048736572266,253,1
StandardGSGP,fdc35e7d-ad45-11ef-9293-e4a8dfc2a9a8,ppb,6,42,28.436298370361328,0.09596681594848633,25498.0,34.526512145996094,259,1
StandardGSGP,fdc35e7d-ad45-11ef-9293-e4a8dfc2a9a8,ppb,6,43,28.425365447998047,0.09551286697387695,26166.0,34.443363189697266,265,1
StandardGSGP,fdc35e7d-ad45-11ef-9293-e4a8dfc2a9a8,ppb,6,44,28.407442092895508,0.09251213073730469,26840.0,34.56238555908203,271,1
StandardGSGP,fdc35e7d-ad45-11ef-9293-e4a8dfc2a9a8,ppb,6,45,28.351152420043945,0.09478378295898438,27502.0,34.52727127075195,277,1
StandardGSGP,fdc35e7d-ad45-11ef-9293-e4a8dfc2a9a8,ppb,6,46,28.34049415588379,0.0943911075592041,28230.0,34.5384521484375,283,1
StandardGSGP,fdc35e7d-ad45-11ef-9293-e4a8dfc2a9a8,ppb,6,47,28.34049415588379,0.09424138069152832,28860.0,34.5384521484375,283,1
StandardGSGP,fdc35e7d-ad45-11ef-9293-e4a8dfc2a9a8,ppb,6,48,28.305681228637695,0.09251666069030762,29400.0,34.52037811279297,295,1
StandardGSGP,fdc35e7d-ad45-11ef-9293-e4a8dfc2a9a8,ppb,6,49,28.283098220825195,0.08800578117370605,29920.0,34.589569091796875,295,1
StandardGSGP,fdc35e7d-ad45-11ef-9293-e4a8dfc2a9a8,ppb,6,50,28.256027221679688,0.09790396690368652,30362.0,34.3702507019043,301,1
StandardGSGP,fdc35e7d-ad45-11ef-9293-e4a8dfc2a9a8,ppb,6,51,28.203994750976562,0.09151053428649902,30784.0,34.40958023071289,307,1
StandardGSGP,fdc35e7d-ad45-11ef-9293-e4a8dfc2a9a8,ppb,6,52,28.19146728515625,0.09786868095397949,31288.0,34.310306549072266,313,1
StandardGSGP,fdc35e7d-ad45-11ef-9293-e4a8dfc2a9a8,ppb,6,53,28.148136138916016,0.08909726142883301,31932.0,34.55515670776367,319,1
StandardGSGP,fdc35e7d-ad45-11ef-9293-e4a8dfc2a9a8,ppb,6,54,28.134180068969727,0.08751416206359863,32432.0,34.49848556518555,325,1
StandardGSGP,fdc35e7d-ad45-11ef-9293-e4a8dfc2a9a8,ppb,6,55,28.131210327148438,0.08651304244995117,32960.0,34.49234390258789,331,1
StandardGSGP,fdc35e7d-ad45-11ef-9293-e4a8dfc2a9a8,ppb,6,56,28.08997917175293,0.08851289749145508,33518.0,34.426143646240234,331,1
StandardGSGP,fdc35e7d-ad45-11ef-9293-e4a8dfc2a9a8,ppb,6,57,28.085582733154297,0.08851265907287598,34118.0,34.39117431640625,337,1
StandardGSGP,fdc35e7d-ad45-11ef-9293-e4a8dfc2a9a8,ppb,6,58,28.062171936035156,0.08936786651611328,34678.0,34.41459274291992,349,1
StandardGSGP,fdc35e7d-ad45-11ef-9293-e4a8dfc2a9a8,ppb,6,59,28.049602508544922,0.0862569808959961,35124.0,34.40182876586914,351,1
StandardGSGP,fdc35e7d-ad45-11ef-9293-e4a8dfc2a9a8,ppb,6,60,28.040374755859375,0.09492015838623047,35612.0,34.410743713378906,361,1
StandardGSGP,fdc35e7d-ad45-11ef-9293-e4a8dfc2a9a8,ppb,6,61,28.017263412475586,0.09008073806762695,36308.0,34.49229049682617,363,1
StandardGSGP,fdc35e7d-ad45-11ef-9293-e4a8dfc2a9a8,ppb,6,62,28.00560760498047,0.09000301361083984,36922.0,34.40779495239258,369,1
StandardGSGP,fdc35e7d-ad45-11ef-9293-e4a8dfc2a9a8,ppb,6,63,27.99441146850586,0.09251523017883301,37582.0,34.32895278930664,373,1
StandardGSGP,fdc35e7d-ad45-11ef-9293-e4a8dfc2a9a8,ppb,6,64,27.978818893432617,0.09908699989318848,38136.0,34.48977279663086,385,1
StandardGSGP,fdc35e7d-ad45-11ef-9293-e4a8dfc2a9a8,ppb,6,65,27.94158172607422,0.09959936141967773,38712.0,34.25617599487305,387,1
StandardGSGP,fdc35e7d-ad45-11ef-9293-e4a8dfc2a9a8,ppb,6,66,27.934118270874023,0.09451174736022949,39304.0,34.3011474609375,393,1
StandardGSGP,fdc35e7d-ad45-11ef-9293-e4a8dfc2a9a8,ppb,6,67,27.915733337402344,0.09150862693786621,39944.0,34.333980560302734,393,1
StandardGSGP,fdc35e7d-ad45-11ef-9293-e4a8dfc2a9a8,ppb,6,68,27.905372619628906,0.094512939453125,40492.0,34.39191436767578,405,1
StandardGSGP,fdc35e7d-ad45-11ef-9293-e4a8dfc2a9a8,ppb,6,69,27.86737632751465,0.09320974349975586,41098.0,34.27625274658203,417,1
StandardGSGP,fdc35e7d-ad45-11ef-9293-e4a8dfc2a9a8,ppb,6,70,27.860511779785156,0.0900111198425293,41826.0,34.44860076904297,417,1
StandardGSGP,fdc35e7d-ad45-11ef-9293-e4a8dfc2a9a8,ppb,6,71,27.852140426635742,0.09224629402160645,42586.0,34.403316497802734,423,1
StandardGSGP,fdc35e7d-ad45-11ef-9293-e4a8dfc2a9a8,ppb,6,72,27.838394165039062,0.09231805801391602,43156.0,34.3123893737793,429,1
StandardGSGP,fdc35e7d-ad45-11ef-9293-e4a8dfc2a9a8,ppb,6,73,27.817489624023438,0.09325861930847168,43774.0,34.406986236572266,435,1
StandardGSGP,fdc35e7d-ad45-11ef-9293-e4a8dfc2a9a8,ppb,6,74,27.808486938476562,0.09730005264282227,44356.0,34.31673049926758,443,1
StandardGSGP,fdc35e7d-ad45-11ef-9293-e4a8dfc2a9a8,ppb,6,75,27.784337997436523,0.09018087387084961,44792.0,34.45671463012695,447,1
StandardGSGP,fdc35e7d-ad45-11ef-9293-e4a8dfc2a9a8,ppb,6,76,27.778751373291016,0.09051084518432617,45350.0,34.345191955566406,455,1
StandardGSGP,fdc35e7d-ad45-11ef-9293-e4a8dfc2a9a8,ppb,6,77,27.75285530090332,0.09071016311645508,45854.0,34.20640182495117,459,1
StandardGSGP,fdc35e7d-ad45-11ef-9293-e4a8dfc2a9a8,ppb,6,78,27.708181381225586,0.08914375305175781,46416.0,34.51254653930664,459,1
StandardGSGP,fdc35e7d-ad45-11ef-9293-e4a8dfc2a9a8,ppb,6,79,27.704998016357422,0.09410691261291504,46938.0,34.47237014770508,465,1
StandardGSGP,fdc35e7d-ad45-11ef-9293-e4a8dfc2a9a8,ppb,6,80,27.677122116088867,0.09720301628112793,47468.0,34.57758331298828,465,1
StandardGSGP,fdc35e7d-ad45-11ef-9293-e4a8dfc2a9a8,ppb,6,81,27.664894104003906,0.08873224258422852,47762.0,34.67530059814453,477,1
StandardGSGP,fdc35e7d-ad45-11ef-9293-e4a8dfc2a9a8,ppb,6,82,27.636655807495117,0.09050631523132324,48074.0,34.634910583496094,477,1
StandardGSGP,fdc35e7d-ad45-11ef-9293-e4a8dfc2a9a8,ppb,6,83,27.627788543701172,0.09599065780639648,48424.0,34.63452911376953,483,1
StandardGSGP,fdc35e7d-ad45-11ef-9293-e4a8dfc2a9a8,ppb,6,84,27.609909057617188,0.09353184700012207,49024.0,34.55046081542969,489,1
StandardGSGP,fdc35e7d-ad45-11ef-9293-e4a8dfc2a9a8,ppb,6,85,27.59475326538086,0.0881507396697998,49426.0,34.592227935791016,495,1
StandardGSGP,fdc35e7d-ad45-11ef-9293-e4a8dfc2a9a8,ppb,6,86,27.573501586914062,0.09096956253051758,50012.0,34.52132034301758,501,1
StandardGSGP,fdc35e7d-ad45-11ef-9293-e4a8dfc2a9a8,ppb,6,87,27.562944412231445,0.09362125396728516,50606.0,34.59302520751953,513,1
StandardGSGP,fdc35e7d-ad45-11ef-9293-e4a8dfc2a9a8,ppb,6,88,27.531940460205078,0.09465289115905762,51182.0,34.440860748291016,507,1
StandardGSGP,fdc35e7d-ad45-11ef-9293-e4a8dfc2a9a8,ppb,6,89,27.5070858001709,0.0976099967956543,51754.0,34.60111618041992,513,1
StandardGSGP,fdc35e7d-ad45-11ef-9293-e4a8dfc2a9a8,ppb,6,90,27.491365432739258,0.09621977806091309,52224.0,34.67249298095703,519,1
StandardGSGP,fdc35e7d-ad45-11ef-9293-e4a8dfc2a9a8,ppb,6,91,27.488664627075195,0.08856821060180664,52536.0,34.562591552734375,525,1
StandardGSGP,fdc35e7d-ad45-11ef-9293-e4a8dfc2a9a8,ppb,6,92,27.467269897460938,0.08751130104064941,53060.0,34.639583587646484,531,1
StandardGSGP,fdc35e7d-ad45-11ef-9293-e4a8dfc2a9a8,ppb,6,93,27.460142135620117,0.09716606140136719,53618.0,34.60553741455078,537,1
StandardGSGP,fdc35e7d-ad45-11ef-9293-e4a8dfc2a9a8,ppb,6,94,27.44947052001953,0.11201906204223633,54170.0,34.558895111083984,543,1
StandardGSGP,fdc35e7d-ad45-11ef-9293-e4a8dfc2a9a8,ppb,6,95,27.429092407226562,0.09718728065490723,54756.0,34.6699104309082,543,1
StandardGSGP,fdc35e7d-ad45-11ef-9293-e4a8dfc2a9a8,ppb,6,96,27.407329559326172,0.17047762870788574,55408.0,34.58622360229492,549,1
StandardGSGP,fdc35e7d-ad45-11ef-9293-e4a8dfc2a9a8,ppb,6,97,27.345991134643555,0.09107637405395508,55908.0,34.57260513305664,561,1
StandardGSGP,fdc35e7d-ad45-11ef-9293-e4a8dfc2a9a8,ppb,6,98,27.32199478149414,0.09151387214660645,56414.0,34.507198333740234,567,1
StandardGSGP,fdc35e7d-ad45-11ef-9293-e4a8dfc2a9a8,ppb,6,99,27.312925338745117,0.10344815254211426,56926.0,34.24185562133789,575,1
StandardGSGP,fdc35e7d-ad45-11ef-9293-e4a8dfc2a9a8,ppb,6,100,27.28994369506836,0.09195470809936523,57668.0,34.27424240112305,581,1
