StandardGSGP,565edaf3-ad45-11ef-b14d-e4a8dfc2a9a8,ppb,7,0,0.34216412901878357,0.04600119590759277,400.0,0.309060275554657,3,1
StandardGSGP,565edaf3-ad45-11ef-b14d-e4a8dfc2a9a8,ppb,7,1,0.30184558033943176,0.08724379539489746,938.0,0.3135722577571869,9,1
StandardGSGP,565edaf3-ad45-11ef-b14d-e4a8dfc2a9a8,ppb,7,2,0.299008309841156,0.08950972557067871,1490.0,0.2821236550807953,15,1
StandardGSGP,565edaf3-ad45-11ef-b14d-e4a8dfc2a9a8,ppb,7,3,0.2975560426712036,0.09861278533935547,2014.0,0.28383830189704895,21,1
StandardGSGP,565edaf3-ad45-11ef-b14d-e4a8dfc2a9a8,ppb,7,4,0.2927872836589813,0.09751176834106445,2522.0,0.305103063583374,21,1
StandardGSGP,565edaf3-ad45-11ef-b14d-e4a8dfc2a9a8,ppb,7,5,0.28537213802337646,0.09451460838317871,3076.0,0.2763272225856781,27,1
StandardGSGP,565edaf3-ad45-11ef-b14d-e4a8dfc2a9a8,ppb,7,6,0.28362593054771423,0.09348225593566895,3538.0,0.2744441330432892,33,1
StandardGSGP,565edaf3-ad45-11ef-b14d-e4a8dfc2a9a8,ppb,7,7,0.2791144549846649,0.08848381042480469,4026.0,0.271755576133728,39,1
StandardGSGP,565edaf3-ad45-11ef-b14d-e4a8dfc2a9a8,ppb,7,8,0.2791144549846649,0.08827424049377441,4588.0,0.271755576133728,39,1
StandardGSGP,565edaf3-ad45-11ef-b14d-e4a8dfc2a9a8,ppb,7,9,0.2791144549846649,0.16005158424377441,5092.0,0.271755576133728,39,1
StandardGSGP,565edaf3-ad45-11ef-b14d-e4a8dfc2a9a8,ppb,7,10,0.2744770050048828,0.10022163391113281,5582.0,0.26418164372444153,57,1
StandardGSGP,565edaf3-ad45-11ef-b14d-e4a8dfc2a9a8,ppb,7,11,0.2739546597003937,0.11609983444213867,6122.0,0.26518329977989197,63,1
StandardGSGP,565edaf3-ad45-11ef-b14d-e4a8dfc2a9a8,ppb,7,12,0.2739546597003937,0.09411454200744629,6776.0,0.26518329977989197,63,1
StandardGSGP,565edaf3-ad45-11ef-b14d-e4a8dfc2a9a8,ppb,7,13,0.2739546597003937,0.09051394462585449,7222.0,0.26518329977989197,63,1
StandardGSGP,565edaf3-ad45-11ef-b14d-e4a8dfc2a9a8,ppb,7,14,0.2663800120353699,0.09052109718322754,7828.0,0.26740193367004395,75,1
StandardGSGP,565edaf3-ad45-11ef-b14d-e4a8dfc2a9a8,ppb,7,15,0.2663800120353699,0.09030628204345703,8248.0,0.26740193367004395,75,1
StandardGSGP,565edaf3-ad45-11ef-b14d-e4a8dfc2a9a8,ppb,7,16,0.2663800120353699,0.08861899375915527,8896.0,0.26740193367004395,75,1
StandardGSGP,565edaf3-ad45-11ef-b14d-e4a8dfc2a9a8,ppb,7,17,0.2663800120353699,0.08851480484008789,9374.0,0.26740193367004395,75,1
StandardGSGP,565edaf3-ad45-11ef-b14d-e4a8dfc2a9a8,ppb,7,18,0.2641395926475525,0.08852124214172363,9710.0,0.2622077763080597,87,1
StandardGSGP,565edaf3-ad45-11ef-b14d-e4a8dfc2a9a8,ppb,7,19,0.26360368728637695,0.0879669189453125,9958.0,0.2623216211795807,93,1
StandardGSGP,565edaf3-ad45-11ef-b14d-e4a8dfc2a9a8,ppb,7,20,0.26140084862709045,0.09116029739379883,10280.0,0.26221296191215515,93,1
StandardGSGP,565edaf3-ad45-11ef-b14d-e4a8dfc2a9a8,ppb,7,21,0.2605622708797455,0.08706092834472656,10746.0,0.3427962064743042,99,1
StandardGSGP,565edaf3-ad45-11ef-b14d-e4a8dfc2a9a8,ppb,7,22,0.2575874626636505,0.08975648880004883,11224.0,0.2671549320220947,111,1
StandardGSGP,565edaf3-ad45-11ef-b14d-e4a8dfc2a9a8,ppb,7,23,0.2575874626636505,0.08992576599121094,11504.0,0.2671549320220947,111,1
StandardGSGP,565edaf3-ad45-11ef-b14d-e4a8dfc2a9a8,ppb,7,24,0.25732341408729553,0.08851480484008789,11882.0,0.27411144971847534,123,1
StandardGSGP,565edaf3-ad45-11ef-b14d-e4a8dfc2a9a8,ppb,7,25,0.25732341408729553,0.09544920921325684,12258.0,0.27411144971847534,123,1
StandardGSGP,565edaf3-ad45-11ef-b14d-e4a8dfc2a9a8,ppb,7,26,0.25584179162979126,0.08682751655578613,13058.0,0.26898401975631714,123,1
StandardGSGP,565edaf3-ad45-11ef-b14d-e4a8dfc2a9a8,ppb,7,27,0.2549017667770386,0.08772802352905273,13554.0,0.25554218888282776,141,1
StandardGSGP,565edaf3-ad45-11ef-b14d-e4a8dfc2a9a8,ppb,7,28,0.2549017667770386,0.0875082015991211,14170.0,0.25554218888282776,141,1
StandardGSGP,565edaf3-ad45-11ef-b14d-e4a8dfc2a9a8,ppb,7,29,0.25381606817245483,0.08850979804992676,14650.0,0.25366052985191345,153,1
StandardGSGP,565edaf3-ad45-11ef-b14d-e4a8dfc2a9a8,ppb,7,30,0.24610865116119385,0.09400582313537598,15260.0,0.24907556176185608,159,1
StandardGSGP,565edaf3-ad45-11ef-b14d-e4a8dfc2a9a8,ppb,7,31,0.24610865116119385,0.10475587844848633,15932.0,0.24907556176185608,159,1
StandardGSGP,565edaf3-ad45-11ef-b14d-e4a8dfc2a9a8,ppb,7,32,0.24610865116119385,0.08895325660705566,16478.0,0.24907556176185608,159,1
StandardGSGP,565edaf3-ad45-11ef-b14d-e4a8dfc2a9a8,ppb,7,33,0.2442907840013504,0.0925133228302002,17218.0,0.2542826235294342,177,1
StandardGSGP,565edaf3-ad45-11ef-b14d-e4a8dfc2a9a8,ppb,7,34,0.2442907840013504,0.09818267822265625,17864.0,0.2542826235294342,177,1
StandardGSGP,565edaf3-ad45-11ef-b14d-e4a8dfc2a9a8,ppb,7,35,0.2442907840013504,0.09251117706298828,18358.0,0.2542826235294342,177,1
StandardGSGP,565edaf3-ad45-11ef-b14d-e4a8dfc2a9a8,ppb,7,36,0.2404542714357376,0.08865571022033691,18870.0,0.25369346141815186,189,1
StandardGSGP,565edaf3-ad45-11ef-b14d-e4a8dfc2a9a8,ppb,7,37,0.2404542714357376,0.08850574493408203,19390.0,0.25369346141815186,189,1
StandardGSGP,565edaf3-ad45-11ef-b14d-e4a8dfc2a9a8,ppb,7,38,0.23910591006278992,0.09000158309936523,20044.0,0.25688138604164124,201,1
StandardGSGP,565edaf3-ad45-11ef-b14d-e4a8dfc2a9a8,ppb,7,39,0.23910591006278992,0.09151291847229004,20628.0,0.25688138604164124,201,1
StandardGSGP,565edaf3-ad45-11ef-b14d-e4a8dfc2a9a8,ppb,7,40,0.23881983757019043,0.09119844436645508,21288.0,0.2528757154941559,213,1
StandardGSGP,565edaf3-ad45-11ef-b14d-e4a8dfc2a9a8,ppb,7,41,0.23823297023773193,0.09379363059997559,21794.0,0.2550135552883148,219,1
StandardGSGP,565edaf3-ad45-11ef-b14d-e4a8dfc2a9a8,ppb,7,42,0.23688994348049164,0.09176468849182129,22390.0,0.2496519833803177,225,1
StandardGSGP,565edaf3-ad45-11ef-b14d-e4a8dfc2a9a8,ppb,7,43,0.23636312782764435,0.09351086616516113,22968.0,0.2625857889652252,231,1
StandardGSGP,565edaf3-ad45-11ef-b14d-e4a8dfc2a9a8,ppb,7,44,0.23565097153186798,0.09358811378479004,23432.0,0.24870121479034424,231,1
StandardGSGP,565edaf3-ad45-11ef-b14d-e4a8dfc2a9a8,ppb,7,45,0.23565097153186798,0.09049510955810547,24016.0,0.24870121479034424,231,1
StandardGSGP,565edaf3-ad45-11ef-b14d-e4a8dfc2a9a8,ppb,7,46,0.23361332714557648,0.09064722061157227,24600.0,0.2671556770801544,249,1
StandardGSGP,565edaf3-ad45-11ef-b14d-e4a8dfc2a9a8,ppb,7,47,0.23315536975860596,0.0972139835357666,25212.0,0.2657695710659027,255,1
StandardGSGP,565edaf3-ad45-11ef-b14d-e4a8dfc2a9a8,ppb,7,48,0.23309676349163055,0.09311556816101074,25850.0,0.26550278067588806,261,1
StandardGSGP,565edaf3-ad45-11ef-b14d-e4a8dfc2a9a8,ppb,7,49,0.23309676349163055,0.0877685546875,26404.0,0.26550278067588806,261,1
StandardGSGP,565edaf3-ad45-11ef-b14d-e4a8dfc2a9a8,ppb,7,50,0.23195630311965942,0.0967867374420166,26974.0,0.26651397347450256,273,1
StandardGSGP,565edaf3-ad45-11ef-b14d-e4a8dfc2a9a8,ppb,7,51,0.23096738755702972,0.09251070022583008,27560.0,0.262236088514328,281,1
StandardGSGP,565edaf3-ad45-11ef-b14d-e4a8dfc2a9a8,ppb,7,52,0.2295653373003006,0.09279060363769531,28146.0,0.2664012312889099,285,1
StandardGSGP,565edaf3-ad45-11ef-b14d-e4a8dfc2a9a8,ppb,7,53,0.2295653373003006,0.09183335304260254,28844.0,0.2664012312889099,285,1
StandardGSGP,565edaf3-ad45-11ef-b14d-e4a8dfc2a9a8,ppb,7,54,0.22887425124645233,0.09535837173461914,29488.0,0.264872282743454,291,1
StandardGSGP,565edaf3-ad45-11ef-b14d-e4a8dfc2a9a8,ppb,7,55,0.22887425124645233,0.09000277519226074,29966.0,0.264872282743454,291,1
StandardGSGP,565edaf3-ad45-11ef-b14d-e4a8dfc2a9a8,ppb,7,56,0.22887425124645233,0.08999919891357422,30462.0,0.264872282743454,291,1
StandardGSGP,565edaf3-ad45-11ef-b14d-e4a8dfc2a9a8,ppb,7,57,0.22887425124645233,0.09252142906188965,31010.0,0.264872282743454,291,1
StandardGSGP,565edaf3-ad45-11ef-b14d-e4a8dfc2a9a8,ppb,7,58,0.22657270729541779,0.09162235260009766,31466.0,0.2658597230911255,315,1
StandardGSGP,565edaf3-ad45-11ef-b14d-e4a8dfc2a9a8,ppb,7,59,0.22657270729541779,0.08785676956176758,31874.0,0.2658597230911255,315,1
StandardGSGP,565edaf3-ad45-11ef-b14d-e4a8dfc2a9a8,ppb,7,60,0.22657270729541779,0.08751034736633301,32184.0,0.2658597230911255,315,1
StandardGSGP,565edaf3-ad45-11ef-b14d-e4a8dfc2a9a8,ppb,7,61,0.22574906051158905,0.08851337432861328,32450.0,0.2627565860748291,335,1
StandardGSGP,565edaf3-ad45-11ef-b14d-e4a8dfc2a9a8,ppb,7,62,0.22574906051158905,0.08791708946228027,32872.0,0.2627565860748291,335,1
StandardGSGP,565edaf3-ad45-11ef-b14d-e4a8dfc2a9a8,ppb,7,63,0.22574906051158905,0.09004926681518555,33404.0,0.2627565860748291,335,1
StandardGSGP,565edaf3-ad45-11ef-b14d-e4a8dfc2a9a8,ppb,7,64,0.22476153075695038,0.09351134300231934,33886.0,0.27253010869026184,341,1
StandardGSGP,565edaf3-ad45-11ef-b14d-e4a8dfc2a9a8,ppb,7,65,0.22276683151721954,0.08851170539855957,34442.0,0.25959300994873047,359,1
StandardGSGP,565edaf3-ad45-11ef-b14d-e4a8dfc2a9a8,ppb,7,66,0.22276683151721954,0.0985267162322998,35248.0,0.25959300994873047,359,1
StandardGSGP,565edaf3-ad45-11ef-b14d-e4a8dfc2a9a8,ppb,7,67,0.21777723729610443,0.1085970401763916,35974.0,0.2598815858364105,371,1
StandardGSGP,565edaf3-ad45-11ef-b14d-e4a8dfc2a9a8,ppb,7,68,0.21777723729610443,0.08652639389038086,36890.0,0.2598815858364105,371,1
StandardGSGP,565edaf3-ad45-11ef-b14d-e4a8dfc2a9a8,ppb,7,69,0.21646764874458313,0.09000325202941895,37568.0,0.2555827796459198,377,1
StandardGSGP,565edaf3-ad45-11ef-b14d-e4a8dfc2a9a8,ppb,7,70,0.21646764874458313,0.0860130786895752,38230.0,0.2555827796459198,377,1
StandardGSGP,565edaf3-ad45-11ef-b14d-e4a8dfc2a9a8,ppb,7,71,0.21646764874458313,0.08765482902526855,38766.0,0.2555827796459198,377,1
StandardGSGP,565edaf3-ad45-11ef-b14d-e4a8dfc2a9a8,ppb,7,72,0.21604175865650177,0.08875608444213867,39234.0,0.25799688696861267,385,1
StandardGSGP,565edaf3-ad45-11ef-b14d-e4a8dfc2a9a8,ppb,7,73,0.21604175865650177,0.16002464294433594,39650.0,0.25799688696861267,385,1
StandardGSGP,565edaf3-ad45-11ef-b14d-e4a8dfc2a9a8,ppb,7,74,0.2159966379404068,0.08851265907287598,39914.0,0.25956591963768005,397,1
StandardGSGP,565edaf3-ad45-11ef-b14d-e4a8dfc2a9a8,ppb,7,75,0.2158828228712082,0.09351515769958496,40266.0,0.2591414749622345,403,1
StandardGSGP,565edaf3-ad45-11ef-b14d-e4a8dfc2a9a8,ppb,7,76,0.21480746567249298,0.09167242050170898,40672.0,0.2698275148868561,419,1
StandardGSGP,565edaf3-ad45-11ef-b14d-e4a8dfc2a9a8,ppb,7,77,0.21480746567249298,0.09238553047180176,41282.0,0.2698275148868561,419,1
StandardGSGP,565edaf3-ad45-11ef-b14d-e4a8dfc2a9a8,ppb,7,78,0.21460486948490143,0.0995941162109375,41812.0,0.2692803740501404,425,1
StandardGSGP,565edaf3-ad45-11ef-b14d-e4a8dfc2a9a8,ppb,7,79,0.21460486948490143,0.0945124626159668,42312.0,0.2692803740501404,425,1
StandardGSGP,565edaf3-ad45-11ef-b14d-e4a8dfc2a9a8,ppb,7,80,0.21460486948490143,0.09055304527282715,43030.0,0.2692803740501404,425,1
StandardGSGP,565edaf3-ad45-11ef-b14d-e4a8dfc2a9a8,ppb,7,81,0.21373464167118073,0.09026646614074707,43600.0,0.2664624750614166,433,1
StandardGSGP,565edaf3-ad45-11ef-b14d-e4a8dfc2a9a8,ppb,7,82,0.21373464167118073,0.09163022041320801,44316.0,0.2664624750614166,433,1
StandardGSGP,565edaf3-ad45-11ef-b14d-e4a8dfc2a9a8,ppb,7,83,0.2133781611919403,0.08979940414428711,44720.0,0.26014792919158936,445,1
StandardGSGP,565edaf3-ad45-11ef-b14d-e4a8dfc2a9a8,ppb,7,84,0.2130807638168335,0.09660744667053223,45260.0,0.2726248502731323,451,1
StandardGSGP,565edaf3-ad45-11ef-b14d-e4a8dfc2a9a8,ppb,7,85,0.2112736850976944,0.08851480484008789,45860.0,0.27533966302871704,461,1
StandardGSGP,565edaf3-ad45-11ef-b14d-e4a8dfc2a9a8,ppb,7,86,0.20944897830486298,0.08951330184936523,46388.0,0.3012952208518982,463,1
StandardGSGP,565edaf3-ad45-11ef-b14d-e4a8dfc2a9a8,ppb,7,87,0.20898060500621796,0.0882871150970459,46838.0,0.2998270094394684,469,1
StandardGSGP,565edaf3-ad45-11ef-b14d-e4a8dfc2a9a8,ppb,7,88,0.20898060500621796,0.08753848075866699,47360.0,0.2998270094394684,469,1
StandardGSGP,565edaf3-ad45-11ef-b14d-e4a8dfc2a9a8,ppb,7,89,0.20875339210033417,0.09135961532592773,47938.0,0.29907697439193726,475,1
StandardGSGP,565edaf3-ad45-11ef-b14d-e4a8dfc2a9a8,ppb,7,90,0.20820534229278564,0.09709596633911133,48336.0,0.32578861713409424,481,1
StandardGSGP,565edaf3-ad45-11ef-b14d-e4a8dfc2a9a8,ppb,7,91,0.20801804959774017,0.10040831565856934,48890.0,0.32557007670402527,487,1
StandardGSGP,565edaf3-ad45-11ef-b14d-e4a8dfc2a9a8,ppb,7,92,0.20655831694602966,0.08762216567993164,49514.0,0.2902657687664032,499,1
StandardGSGP,565edaf3-ad45-11ef-b14d-e4a8dfc2a9a8,ppb,7,93,0.2051948755979538,0.09195923805236816,50074.0,0.3170313537120819,505,1
StandardGSGP,565edaf3-ad45-11ef-b14d-e4a8dfc2a9a8,ppb,7,94,0.2051948755979538,0.09064483642578125,50726.0,0.3170313537120819,505,1
StandardGSGP,565edaf3-ad45-11ef-b14d-e4a8dfc2a9a8,ppb,7,95,0.20396658778190613,0.09451889991760254,51238.0,0.32673609256744385,511,1
StandardGSGP,565edaf3-ad45-11ef-b14d-e4a8dfc2a9a8,ppb,7,96,0.20396658778190613,0.09067249298095703,51834.0,0.32673609256744385,511,1
StandardGSGP,565edaf3-ad45-11ef-b14d-e4a8dfc2a9a8,ppb,7,97,0.2032172828912735,0.08862996101379395,52408.0,0.3178606629371643,523,1
StandardGSGP,565edaf3-ad45-11ef-b14d-e4a8dfc2a9a8,ppb,7,98,0.2032172828912735,0.09305191040039062,52960.0,0.3178606629371643,523,1
StandardGSGP,565edaf3-ad45-11ef-b14d-e4a8dfc2a9a8,ppb,7,99,0.20115932822227478,0.0988614559173584,53420.0,0.320785790681839,523,1
StandardGSGP,565edaf3-ad45-11ef-b14d-e4a8dfc2a9a8,ppb,7,100,0.20115932822227478,0.09450864791870117,53808.0,0.320785790681839,523,1
StandardGSGP,0384e22a-ad46-11ef-b14d-e4a8dfc2a9a8,ppb,7,0,31.84546661376953,0.047635793685913086,400.0,31.1756534576416,3,1
StandardGSGP,0384e22a-ad46-11ef-b14d-e4a8dfc2a9a8,ppb,7,1,31.84480094909668,0.09050846099853516,962.0,31.17208480834961,9,1
StandardGSGP,0384e22a-ad46-11ef-b14d-e4a8dfc2a9a8,ppb,7,2,31.81925392150879,0.09606170654296875,1512.0,31.1292781829834,15,1
StandardGSGP,0384e22a-ad46-11ef-b14d-e4a8dfc2a9a8,ppb,7,3,31.74873924255371,0.09951114654541016,1910.0,31.04790687561035,21,1
StandardGSGP,0384e22a-ad46-11ef-b14d-e4a8dfc2a9a8,ppb,7,4,31.719385147094727,0.09051322937011719,2384.0,31.051225662231445,21,1
StandardGSGP,0384e22a-ad46-11ef-b14d-e4a8dfc2a9a8,ppb,7,5,31.694101333618164,0.09569692611694336,2990.0,30.93484115600586,35,1
StandardGSGP,0384e22a-ad46-11ef-b14d-e4a8dfc2a9a8,ppb,7,6,31.66387939453125,0.09401702880859375,3650.0,31.023637771606445,33,1
StandardGSGP,0384e22a-ad46-11ef-b14d-e4a8dfc2a9a8,ppb,7,7,31.62193489074707,0.09051060676574707,4256.0,30.947261810302734,39,1
StandardGSGP,0384e22a-ad46-11ef-b14d-e4a8dfc2a9a8,ppb,7,8,31.596296310424805,0.09140515327453613,4782.0,30.934206008911133,45,1
StandardGSGP,0384e22a-ad46-11ef-b14d-e4a8dfc2a9a8,ppb,7,9,31.58757972717285,0.09523153305053711,5374.0,30.916412353515625,51,1
StandardGSGP,0384e22a-ad46-11ef-b14d-e4a8dfc2a9a8,ppb,7,10,31.543249130249023,0.09923601150512695,5842.0,30.93589973449707,57,1
StandardGSGP,0384e22a-ad46-11ef-b14d-e4a8dfc2a9a8,ppb,7,11,31.491880416870117,0.1057746410369873,6220.0,30.879558563232422,63,1
StandardGSGP,0384e22a-ad46-11ef-b14d-e4a8dfc2a9a8,ppb,7,12,31.47903823852539,0.11877059936523438,6746.0,30.871641159057617,69,1
StandardGSGP,0384e22a-ad46-11ef-b14d-e4a8dfc2a9a8,ppb,7,13,31.47235870361328,0.09050989151000977,7346.0,30.888818740844727,75,1
StandardGSGP,0384e22a-ad46-11ef-b14d-e4a8dfc2a9a8,ppb,7,14,31.44145965576172,0.0875089168548584,7962.0,30.870595932006836,81,1
StandardGSGP,0384e22a-ad46-11ef-b14d-e4a8dfc2a9a8,ppb,7,15,31.418054580688477,0.08872270584106445,8492.0,30.782169342041016,83,1
StandardGSGP,0384e22a-ad46-11ef-b14d-e4a8dfc2a9a8,ppb,7,16,31.38433074951172,0.09851479530334473,9178.0,30.82174301147461,95,1
StandardGSGP,0384e22a-ad46-11ef-b14d-e4a8dfc2a9a8,ppb,7,17,31.370676040649414,0.09151101112365723,9806.0,30.784114837646484,101,1
StandardGSGP,0384e22a-ad46-11ef-b14d-e4a8dfc2a9a8,ppb,7,18,31.33635711669922,0.09051847457885742,10338.0,30.766843795776367,105,1
StandardGSGP,0384e22a-ad46-11ef-b14d-e4a8dfc2a9a8,ppb,7,19,31.333759307861328,0.09262275695800781,11058.0,30.73494529724121,111,1
StandardGSGP,0384e22a-ad46-11ef-b14d-e4a8dfc2a9a8,ppb,7,20,31.307798385620117,0.09001040458679199,11768.0,30.747215270996094,117,1
StandardGSGP,0384e22a-ad46-11ef-b14d-e4a8dfc2a9a8,ppb,7,21,31.282115936279297,0.09498906135559082,12250.0,30.733154296875,123,1
StandardGSGP,0384e22a-ad46-11ef-b14d-e4a8dfc2a9a8,ppb,7,22,31.277265548706055,0.09503412246704102,12788.0,30.84899139404297,129,1
StandardGSGP,0384e22a-ad46-11ef-b14d-e4a8dfc2a9a8,ppb,7,23,31.258686065673828,0.09305834770202637,13360.0,30.613101959228516,129,1
StandardGSGP,0384e22a-ad46-11ef-b14d-e4a8dfc2a9a8,ppb,7,24,31.25487518310547,0.08951187133789062,13908.0,30.82179832458496,141,1
StandardGSGP,0384e22a-ad46-11ef-b14d-e4a8dfc2a9a8,ppb,7,25,31.234621047973633,0.08881378173828125,14420.0,30.806079864501953,147,1
StandardGSGP,0384e22a-ad46-11ef-b14d-e4a8dfc2a9a8,ppb,7,26,31.213735580444336,0.08794116973876953,14914.0,30.747364044189453,153,1
StandardGSGP,0384e22a-ad46-11ef-b14d-e4a8dfc2a9a8,ppb,7,27,31.21027946472168,0.08851003646850586,15556.0,30.76647186279297,159,1
StandardGSGP,0384e22a-ad46-11ef-b14d-e4a8dfc2a9a8,ppb,7,28,31.20681381225586,0.09251618385314941,16176.0,30.754016876220703,165,1
StandardGSGP,0384e22a-ad46-11ef-b14d-e4a8dfc2a9a8,ppb,7,29,31.149995803833008,0.09088015556335449,16902.0,30.68117332458496,165,1
StandardGSGP,0384e22a-ad46-11ef-b14d-e4a8dfc2a9a8,ppb,7,30,31.149463653564453,0.08968496322631836,17448.0,30.681415557861328,171,1
StandardGSGP,0384e22a-ad46-11ef-b14d-e4a8dfc2a9a8,ppb,7,31,31.09234619140625,0.09272527694702148,17968.0,30.580547332763672,183,1
StandardGSGP,0384e22a-ad46-11ef-b14d-e4a8dfc2a9a8,ppb,7,32,31.0878963470459,0.09200453758239746,18294.0,30.585546493530273,189,1
StandardGSGP,0384e22a-ad46-11ef-b14d-e4a8dfc2a9a8,ppb,7,33,31.074342727661133,0.09351158142089844,18908.0,30.612628936767578,195,1
StandardGSGP,0384e22a-ad46-11ef-b14d-e4a8dfc2a9a8,ppb,7,34,31.024539947509766,0.08850550651550293,19774.0,30.52196502685547,195,1
StandardGSGP,0384e22a-ad46-11ef-b14d-e4a8dfc2a9a8,ppb,7,35,31.024539947509766,0.0998075008392334,20550.0,30.52196502685547,195,1
StandardGSGP,0384e22a-ad46-11ef-b14d-e4a8dfc2a9a8,ppb,7,36,31.001192092895508,0.09702515602111816,21042.0,30.47467803955078,201,1
StandardGSGP,0384e22a-ad46-11ef-b14d-e4a8dfc2a9a8,ppb,7,37,30.98245620727539,0.09278440475463867,21358.0,30.41931915283203,207,1
StandardGSGP,0384e22a-ad46-11ef-b14d-e4a8dfc2a9a8,ppb,7,38,30.96131706237793,0.0897214412689209,21676.0,30.392080307006836,213,1
StandardGSGP,0384e22a-ad46-11ef-b14d-e4a8dfc2a9a8,ppb,7,39,30.952213287353516,0.09050965309143066,21910.0,30.398487091064453,219,1
StandardGSGP,0384e22a-ad46-11ef-b14d-e4a8dfc2a9a8,ppb,7,40,30.950035095214844,0.09073758125305176,22444.0,30.395620346069336,219,1
StandardGSGP,0384e22a-ad46-11ef-b14d-e4a8dfc2a9a8,ppb,7,41,30.912857055664062,0.09051108360290527,23010.0,30.359024047851562,231,1
StandardGSGP,0384e22a-ad46-11ef-b14d-e4a8dfc2a9a8,ppb,7,42,30.90903663635254,0.09104537963867188,23616.0,30.376405715942383,239,1
StandardGSGP,0384e22a-ad46-11ef-b14d-e4a8dfc2a9a8,ppb,7,43,30.889446258544922,0.09051251411437988,24274.0,30.418703079223633,243,1
StandardGSGP,0384e22a-ad46-11ef-b14d-e4a8dfc2a9a8,ppb,7,44,30.887136459350586,0.09305453300476074,24882.0,30.4060001373291,249,1
StandardGSGP,0384e22a-ad46-11ef-b14d-e4a8dfc2a9a8,ppb,7,45,30.856719970703125,0.0916299819946289,25478.0,30.40102767944336,255,1
StandardGSGP,0384e22a-ad46-11ef-b14d-e4a8dfc2a9a8,ppb,7,46,30.856447219848633,0.0871577262878418,26060.0,30.4046688079834,261,1
StandardGSGP,0384e22a-ad46-11ef-b14d-e4a8dfc2a9a8,ppb,7,47,30.846454620361328,0.09551191329956055,26610.0,30.3615665435791,267,1
StandardGSGP,0384e22a-ad46-11ef-b14d-e4a8dfc2a9a8,ppb,7,48,30.8336238861084,0.08750653266906738,27194.0,30.374282836914062,273,1
StandardGSGP,0384e22a-ad46-11ef-b14d-e4a8dfc2a9a8,ppb,7,49,30.830806732177734,0.09151077270507812,27694.0,30.364017486572266,279,1
StandardGSGP,0384e22a-ad46-11ef-b14d-e4a8dfc2a9a8,ppb,7,50,30.798992156982422,0.09527802467346191,28210.0,30.47584342956543,279,1
StandardGSGP,0384e22a-ad46-11ef-b14d-e4a8dfc2a9a8,ppb,7,51,30.78594970703125,0.0915229320526123,28774.0,30.50135612487793,285,1
StandardGSGP,0384e22a-ad46-11ef-b14d-e4a8dfc2a9a8,ppb,7,52,30.742603302001953,0.09147453308105469,29486.0,30.276155471801758,291,1
StandardGSGP,0384e22a-ad46-11ef-b14d-e4a8dfc2a9a8,ppb,7,53,30.721174240112305,0.09419059753417969,29946.0,30.26363754272461,297,1
StandardGSGP,0384e22a-ad46-11ef-b14d-e4a8dfc2a9a8,ppb,7,54,30.713523864746094,0.11690139770507812,30282.0,30.2268009185791,303,1
StandardGSGP,0384e22a-ad46-11ef-b14d-e4a8dfc2a9a8,ppb,7,55,30.700117111206055,0.09150862693786621,30792.0,30.37611198425293,309,1
StandardGSGP,0384e22a-ad46-11ef-b14d-e4a8dfc2a9a8,ppb,7,56,30.693988800048828,0.09051227569580078,31254.0,30.372079849243164,315,1
StandardGSGP,0384e22a-ad46-11ef-b14d-e4a8dfc2a9a8,ppb,7,57,30.679052352905273,0.17363214492797852,31982.0,30.33173179626465,321,1
StandardGSGP,0384e22a-ad46-11ef-b14d-e4a8dfc2a9a8,ppb,7,58,30.65703010559082,0.1020805835723877,32568.0,30.244253158569336,327,1
StandardGSGP,0384e22a-ad46-11ef-b14d-e4a8dfc2a9a8,ppb,7,59,30.632383346557617,0.09451508522033691,33120.0,30.102968215942383,333,1
StandardGSGP,0384e22a-ad46-11ef-b14d-e4a8dfc2a9a8,ppb,7,60,30.628803253173828,0.09052228927612305,33654.0,30.252599716186523,333,1
StandardGSGP,0384e22a-ad46-11ef-b14d-e4a8dfc2a9a8,ppb,7,61,30.602991104125977,0.09079170227050781,34254.0,30.112804412841797,345,1
StandardGSGP,0384e22a-ad46-11ef-b14d-e4a8dfc2a9a8,ppb,7,62,30.602975845336914,0.09360957145690918,34878.0,30.112804412841797,351,1
StandardGSGP,0384e22a-ad46-11ef-b14d-e4a8dfc2a9a8,ppb,7,63,30.570301055908203,0.09578275680541992,35460.0,30.096393585205078,351,1
StandardGSGP,0384e22a-ad46-11ef-b14d-e4a8dfc2a9a8,ppb,7,64,30.538652420043945,0.08925533294677734,36058.0,30.11381721496582,363,1
StandardGSGP,0384e22a-ad46-11ef-b14d-e4a8dfc2a9a8,ppb,7,65,30.494768142700195,0.09660768508911133,36556.0,30.13328742980957,369,1
StandardGSGP,0384e22a-ad46-11ef-b14d-e4a8dfc2a9a8,ppb,7,66,30.49094581604004,0.09250783920288086,37082.0,30.130802154541016,375,1
StandardGSGP,0384e22a-ad46-11ef-b14d-e4a8dfc2a9a8,ppb,7,67,30.455955505371094,0.0915079116821289,37770.0,30.01211166381836,381,1
StandardGSGP,0384e22a-ad46-11ef-b14d-e4a8dfc2a9a8,ppb,7,68,30.444944381713867,0.08751201629638672,38472.0,29.990541458129883,387,1
StandardGSGP,0384e22a-ad46-11ef-b14d-e4a8dfc2a9a8,ppb,7,69,30.434911727905273,0.09151124954223633,39102.0,30.021549224853516,393,1
StandardGSGP,0384e22a-ad46-11ef-b14d-e4a8dfc2a9a8,ppb,7,70,30.411344528198242,0.08879399299621582,39658.0,30.103878021240234,393,1
StandardGSGP,0384e22a-ad46-11ef-b14d-e4a8dfc2a9a8,ppb,7,71,30.38964080810547,0.08851122856140137,40266.0,29.962078094482422,405,1
StandardGSGP,0384e22a-ad46-11ef-b14d-e4a8dfc2a9a8,ppb,7,72,30.380767822265625,0.0940241813659668,40812.0,29.962078094482422,411,1
StandardGSGP,0384e22a-ad46-11ef-b14d-e4a8dfc2a9a8,ppb,7,73,30.35904884338379,0.09183287620544434,41346.0,30.072826385498047,411,1
StandardGSGP,0384e22a-ad46-11ef-b14d-e4a8dfc2a9a8,ppb,7,74,30.337078094482422,0.0959329605102539,42014.0,30.091812133789062,417,1
StandardGSGP,0384e22a-ad46-11ef-b14d-e4a8dfc2a9a8,ppb,7,75,30.32897186279297,0.09699034690856934,42642.0,29.932703018188477,429,1
StandardGSGP,0384e22a-ad46-11ef-b14d-e4a8dfc2a9a8,ppb,7,76,30.31472396850586,0.09363627433776855,43020.0,30.114412307739258,429,1
StandardGSGP,0384e22a-ad46-11ef-b14d-e4a8dfc2a9a8,ppb,7,77,30.283458709716797,0.08983731269836426,43564.0,29.83070945739746,441,1
StandardGSGP,0384e22a-ad46-11ef-b14d-e4a8dfc2a9a8,ppb,7,78,30.28025245666504,0.09219837188720703,44100.0,29.837757110595703,447,1
StandardGSGP,0384e22a-ad46-11ef-b14d-e4a8dfc2a9a8,ppb,7,79,30.251283645629883,0.0910031795501709,44716.0,30.05586051940918,447,1
StandardGSGP,0384e22a-ad46-11ef-b14d-e4a8dfc2a9a8,ppb,7,80,30.237985610961914,0.09151172637939453,45498.0,30.044965744018555,453,1
StandardGSGP,0384e22a-ad46-11ef-b14d-e4a8dfc2a9a8,ppb,7,81,30.219064712524414,0.09050798416137695,46246.0,29.805910110473633,467,1
StandardGSGP,0384e22a-ad46-11ef-b14d-e4a8dfc2a9a8,ppb,7,82,30.217849731445312,0.0915074348449707,46858.0,30.043437957763672,465,1
StandardGSGP,0384e22a-ad46-11ef-b14d-e4a8dfc2a9a8,ppb,7,83,30.21007537841797,0.08995461463928223,47318.0,30.100614547729492,465,1
StandardGSGP,0384e22a-ad46-11ef-b14d-e4a8dfc2a9a8,ppb,7,84,30.16149139404297,0.09014225006103516,47906.0,29.901472091674805,483,1
StandardGSGP,0384e22a-ad46-11ef-b14d-e4a8dfc2a9a8,ppb,7,85,30.15950584411621,0.08965897560119629,48496.0,29.903749465942383,489,1
StandardGSGP,0384e22a-ad46-11ef-b14d-e4a8dfc2a9a8,ppb,7,86,30.14895248413086,0.09473061561584473,49288.0,29.846162796020508,497,1
StandardGSGP,0384e22a-ad46-11ef-b14d-e4a8dfc2a9a8,ppb,7,87,30.131677627563477,0.08949899673461914,49902.0,29.93095588684082,501,1
StandardGSGP,0384e22a-ad46-11ef-b14d-e4a8dfc2a9a8,ppb,7,88,30.086410522460938,0.09151029586791992,50488.0,29.73423194885254,501,1
StandardGSGP,0384e22a-ad46-11ef-b14d-e4a8dfc2a9a8,ppb,7,89,30.07948875427246,0.08851242065429688,51044.0,29.727161407470703,507,1
StandardGSGP,0384e22a-ad46-11ef-b14d-e4a8dfc2a9a8,ppb,7,90,30.059904098510742,0.09051060676574707,51486.0,29.652603149414062,513,1
StandardGSGP,0384e22a-ad46-11ef-b14d-e4a8dfc2a9a8,ppb,7,91,30.057050704956055,0.08899736404418945,51904.0,29.667823791503906,519,1
StandardGSGP,0384e22a-ad46-11ef-b14d-e4a8dfc2a9a8,ppb,7,92,30.010473251342773,0.10151147842407227,52390.0,29.777910232543945,527,1
StandardGSGP,0384e22a-ad46-11ef-b14d-e4a8dfc2a9a8,ppb,7,93,29.974031448364258,0.09300470352172852,52960.0,29.809066772460938,533,1
StandardGSGP,0384e22a-ad46-11ef-b14d-e4a8dfc2a9a8,ppb,7,94,29.973712921142578,0.09551882743835449,53592.0,29.809307098388672,539,1
StandardGSGP,0384e22a-ad46-11ef-b14d-e4a8dfc2a9a8,ppb,7,95,29.941171646118164,0.10046744346618652,54296.0,29.786649703979492,545,1
StandardGSGP,0384e22a-ad46-11ef-b14d-e4a8dfc2a9a8,ppb,7,96,29.912010192871094,0.08851051330566406,54884.0,29.75963592529297,551,1
StandardGSGP,0384e22a-ad46-11ef-b14d-e4a8dfc2a9a8,ppb,7,97,29.904888153076172,0.09450745582580566,55492.0,29.8468074798584,551,1
StandardGSGP,0384e22a-ad46-11ef-b14d-e4a8dfc2a9a8,ppb,7,98,29.873790740966797,0.08954048156738281,56066.0,29.67577362060547,563,1
StandardGSGP,0384e22a-ad46-11ef-b14d-e4a8dfc2a9a8,ppb,7,99,29.868228912353516,0.09051299095153809,56598.0,29.82058334350586,569,1
StandardGSGP,0384e22a-ad46-11ef-b14d-e4a8dfc2a9a8,ppb,7,100,29.843944549560547,0.09206509590148926,57328.0,29.757564544677734,575,1
