StandardGSGP,c99cb79e-ad45-11ef-8a43-e4a8dfc2a9a8,ppb,27,0,0.31545478105545044,0.04950690269470215,400.0,3.4652230739593506,3,1
StandardGSGP,c99cb79e-ad45-11ef-8a43-e4a8dfc2a9a8,ppb,27,1,0.2990996837615967,0.09037613868713379,962.0,0.3906291127204895,9,1
StandardGSGP,c99cb79e-ad45-11ef-8a43-e4a8dfc2a9a8,ppb,27,2,0.2943130433559418,0.0961143970489502,1524.0,0.3689761161804199,15,1
StandardGSGP,c99cb79e-ad45-11ef-8a43-e4a8dfc2a9a8,ppb,27,3,0.2917290925979614,0.09102725982666016,2128.0,0.3596705496311188,21,1
StandardGSGP,c99cb79e-ad45-11ef-8a43-e4a8dfc2a9a8,ppb,27,4,0.2890486419200897,0.08751630783081055,2662.0,0.36661550402641296,27,1
StandardGSGP,c99cb79e-ad45-11ef-8a43-e4a8dfc2a9a8,ppb,27,5,0.28595420718193054,0.0976247787475586,3262.0,0.3399640917778015,33,1
StandardGSGP,c99cb79e-ad45-11ef-8a43-e4a8dfc2a9a8,ppb,27,6,0.27909183502197266,0.0943441390991211,3814.0,0.33845481276512146,33,1
StandardGSGP,c99cb79e-ad45-11ef-8a43-e4a8dfc2a9a8,ppb,27,7,0.2757974863052368,0.09492182731628418,4428.0,0.349933922290802,45,1
StandardGSGP,c99cb79e-ad45-11ef-8a43-e4a8dfc2a9a8,ppb,27,8,0.2699505090713501,0.09653019905090332,4888.0,0.34328556060791016,51,1
StandardGSGP,c99cb79e-ad45-11ef-8a43-e4a8dfc2a9a8,ppb,27,9,0.2699505090713501,0.09352970123291016,5384.0,0.34328556060791016,51,1
StandardGSGP,c99cb79e-ad45-11ef-8a43-e4a8dfc2a9a8,ppb,27,10,0.26773959398269653,0.09786534309387207,5944.0,0.3313523232936859,63,1
StandardGSGP,c99cb79e-ad45-11ef-8a43-e4a8dfc2a9a8,ppb,27,11,0.26720041036605835,0.09924864768981934,6494.0,0.3329112231731415,69,1
StandardGSGP,c99cb79e-ad45-11ef-8a43-e4a8dfc2a9a8,ppb,27,12,0.2654213607311249,0.10056734085083008,7100.0,0.3383738100528717,69,1
StandardGSGP,c99cb79e-ad45-11ef-8a43-e4a8dfc2a9a8,ppb,27,13,0.2654213607311249,0.10016155242919922,7734.0,0.3383738100528717,69,1
StandardGSGP,c99cb79e-ad45-11ef-8a43-e4a8dfc2a9a8,ppb,27,14,0.2604465186595917,0.09845352172851562,8326.0,0.33854663372039795,87,1
StandardGSGP,c99cb79e-ad45-11ef-8a43-e4a8dfc2a9a8,ppb,27,15,0.2604465186595917,0.09151077270507812,8942.0,0.33854663372039795,87,1
StandardGSGP,c99cb79e-ad45-11ef-8a43-e4a8dfc2a9a8,ppb,27,16,0.2567722499370575,0.08651089668273926,9560.0,0.3614683747291565,99,1
StandardGSGP,c99cb79e-ad45-11ef-8a43-e4a8dfc2a9a8,ppb,27,17,0.2567722499370575,0.0955195426940918,10160.0,0.3614683747291565,99,1
StandardGSGP,c99cb79e-ad45-11ef-8a43-e4a8dfc2a9a8,ppb,27,18,0.2553693950176239,0.09302568435668945,10762.0,0.31120187044143677,99,1
StandardGSGP,c99cb79e-ad45-11ef-8a43-e4a8dfc2a9a8,ppb,27,19,0.2553693950176239,0.08807373046875,11298.0,0.31120187044143677,99,1
StandardGSGP,c99cb79e-ad45-11ef-8a43-e4a8dfc2a9a8,ppb,27,20,0.2553693950176239,0.09451484680175781,11714.0,0.31120187044143677,99,1
StandardGSGP,c99cb79e-ad45-11ef-8a43-e4a8dfc2a9a8,ppb,27,21,0.2553693950176239,0.09597039222717285,12130.0,0.31120187044143677,99,1
StandardGSGP,c99cb79e-ad45-11ef-8a43-e4a8dfc2a9a8,ppb,27,22,0.2543967068195343,0.09030675888061523,12668.0,0.3480244278907776,131,1
StandardGSGP,c99cb79e-ad45-11ef-8a43-e4a8dfc2a9a8,ppb,27,23,0.2509607970714569,0.11487245559692383,13198.0,0.3322436809539795,137,1
StandardGSGP,c99cb79e-ad45-11ef-8a43-e4a8dfc2a9a8,ppb,27,24,0.24923810362815857,0.08883428573608398,13696.0,0.32655471563339233,143,1
StandardGSGP,c99cb79e-ad45-11ef-8a43-e4a8dfc2a9a8,ppb,27,25,0.24923810362815857,0.09523534774780273,14080.0,0.32655471563339233,143,1
StandardGSGP,c99cb79e-ad45-11ef-8a43-e4a8dfc2a9a8,ppb,27,26,0.24923810362815857,0.08970379829406738,14870.0,0.32655471563339233,143,1
StandardGSGP,c99cb79e-ad45-11ef-8a43-e4a8dfc2a9a8,ppb,27,27,0.2490893006324768,0.0885164737701416,15398.0,0.3390123248100281,155,1
StandardGSGP,c99cb79e-ad45-11ef-8a43-e4a8dfc2a9a8,ppb,27,28,0.2490893006324768,0.0917506217956543,16232.0,0.3390123248100281,155,1
StandardGSGP,c99cb79e-ad45-11ef-8a43-e4a8dfc2a9a8,ppb,27,29,0.24844765663146973,0.09007692337036133,16754.0,0.3393763303756714,161,1
StandardGSGP,c99cb79e-ad45-11ef-8a43-e4a8dfc2a9a8,ppb,27,30,0.2467551976442337,0.08916449546813965,17244.0,0.3427394926548004,167,1
StandardGSGP,c99cb79e-ad45-11ef-8a43-e4a8dfc2a9a8,ppb,27,31,0.2467551976442337,0.09099769592285156,17808.0,0.3427394926548004,167,1
StandardGSGP,c99cb79e-ad45-11ef-8a43-e4a8dfc2a9a8,ppb,27,32,0.24648651480674744,0.09150934219360352,18232.0,0.3411550223827362,175,1
StandardGSGP,c99cb79e-ad45-11ef-8a43-e4a8dfc2a9a8,ppb,27,33,0.24648651480674744,0.09051084518432617,18662.0,0.3411550223827362,175,1
StandardGSGP,c99cb79e-ad45-11ef-8a43-e4a8dfc2a9a8,ppb,27,34,0.24648651480674744,0.09003949165344238,19222.0,0.3411550223827362,175,1
StandardGSGP,c99cb79e-ad45-11ef-8a43-e4a8dfc2a9a8,ppb,27,35,0.24610817432403564,0.09783625602722168,19596.0,0.3409505784511566,181,1
StandardGSGP,c99cb79e-ad45-11ef-8a43-e4a8dfc2a9a8,ppb,27,36,0.24487903714179993,0.0938425064086914,19938.0,0.353034108877182,205,1
StandardGSGP,c99cb79e-ad45-11ef-8a43-e4a8dfc2a9a8,ppb,27,37,0.2429921180009842,0.09000492095947266,20446.0,0.35184717178344727,211,1
StandardGSGP,c99cb79e-ad45-11ef-8a43-e4a8dfc2a9a8,ppb,27,38,0.2429921180009842,0.09358811378479004,20986.0,0.35184717178344727,211,1
StandardGSGP,c99cb79e-ad45-11ef-8a43-e4a8dfc2a9a8,ppb,27,39,0.24288100004196167,0.09276366233825684,21542.0,0.36046937108039856,223,1
StandardGSGP,c99cb79e-ad45-11ef-8a43-e4a8dfc2a9a8,ppb,27,40,0.2427995502948761,0.09201550483703613,22038.0,0.3518567979335785,223,1
StandardGSGP,c99cb79e-ad45-11ef-8a43-e4a8dfc2a9a8,ppb,27,41,0.240935817360878,0.09375762939453125,22806.0,0.35072141885757446,223,1
StandardGSGP,c99cb79e-ad45-11ef-8a43-e4a8dfc2a9a8,ppb,27,42,0.239682137966156,0.09377098083496094,23440.0,0.3451659679412842,253,1
StandardGSGP,c99cb79e-ad45-11ef-8a43-e4a8dfc2a9a8,ppb,27,43,0.239682137966156,0.09700393676757812,24088.0,0.3451659679412842,253,1
StandardGSGP,c99cb79e-ad45-11ef-8a43-e4a8dfc2a9a8,ppb,27,44,0.23909726738929749,0.08750271797180176,24658.0,0.3419141173362732,259,1
StandardGSGP,c99cb79e-ad45-11ef-8a43-e4a8dfc2a9a8,ppb,27,45,0.2385672926902771,0.08851075172424316,25396.0,0.341401606798172,259,1
StandardGSGP,c99cb79e-ad45-11ef-8a43-e4a8dfc2a9a8,ppb,27,46,0.2383357584476471,0.09150910377502441,25936.0,0.34252244234085083,271,1
StandardGSGP,c99cb79e-ad45-11ef-8a43-e4a8dfc2a9a8,ppb,27,47,0.23800219595432281,0.09388899803161621,26696.0,0.31869545578956604,271,1
StandardGSGP,c99cb79e-ad45-11ef-8a43-e4a8dfc2a9a8,ppb,27,48,0.2368495762348175,0.09541916847229004,27342.0,0.3344316780567169,277,1
StandardGSGP,c99cb79e-ad45-11ef-8a43-e4a8dfc2a9a8,ppb,27,49,0.2368495762348175,0.09060382843017578,28030.0,0.3344316780567169,277,1
StandardGSGP,c99cb79e-ad45-11ef-8a43-e4a8dfc2a9a8,ppb,27,50,0.23625874519348145,0.09450984001159668,28582.0,0.33036255836486816,283,1
StandardGSGP,c99cb79e-ad45-11ef-8a43-e4a8dfc2a9a8,ppb,27,51,0.2351294308900833,0.09310770034790039,29192.0,0.3237515985965729,289,1
StandardGSGP,c99cb79e-ad45-11ef-8a43-e4a8dfc2a9a8,ppb,27,52,0.23369340598583221,0.09328389167785645,29662.0,0.2884159982204437,295,1
StandardGSGP,c99cb79e-ad45-11ef-8a43-e4a8dfc2a9a8,ppb,27,53,0.23215676844120026,0.08897733688354492,30122.0,0.2878704369068146,301,1
StandardGSGP,c99cb79e-ad45-11ef-8a43-e4a8dfc2a9a8,ppb,27,54,0.2316650003194809,0.09358859062194824,30696.0,0.2820945978164673,307,1
StandardGSGP,c99cb79e-ad45-11ef-8a43-e4a8dfc2a9a8,ppb,27,55,0.23153583705425262,0.0897378921508789,31122.0,0.2875842750072479,313,1
StandardGSGP,c99cb79e-ad45-11ef-8a43-e4a8dfc2a9a8,ppb,27,56,0.23000264167785645,0.08651566505432129,31722.0,0.3146078586578369,319,1
StandardGSGP,c99cb79e-ad45-11ef-8a43-e4a8dfc2a9a8,ppb,27,57,0.22822140157222748,0.0875091552734375,32350.0,0.3130864202976227,325,1
StandardGSGP,c99cb79e-ad45-11ef-8a43-e4a8dfc2a9a8,ppb,27,58,0.22822140157222748,0.08990836143493652,32928.0,0.3130864202976227,325,1
StandardGSGP,c99cb79e-ad45-11ef-8a43-e4a8dfc2a9a8,ppb,27,59,0.22710151970386505,0.08831286430358887,33540.0,0.3173084557056427,337,1
StandardGSGP,c99cb79e-ad45-11ef-8a43-e4a8dfc2a9a8,ppb,27,60,0.2261965423822403,0.08919811248779297,34178.0,0.2965770363807678,343,1
StandardGSGP,c99cb79e-ad45-11ef-8a43-e4a8dfc2a9a8,ppb,27,61,0.2241981327533722,0.09427142143249512,34738.0,0.3083314001560211,349,1
StandardGSGP,c99cb79e-ad45-11ef-8a43-e4a8dfc2a9a8,ppb,27,62,0.2241981327533722,0.0942847728729248,35392.0,0.3083314001560211,349,1
StandardGSGP,c99cb79e-ad45-11ef-8a43-e4a8dfc2a9a8,ppb,27,63,0.22392794489860535,0.09160947799682617,35952.0,0.309162437915802,355,1
StandardGSGP,c99cb79e-ad45-11ef-8a43-e4a8dfc2a9a8,ppb,27,64,0.22292762994766235,0.08852767944335938,36416.0,0.3043336272239685,361,1
StandardGSGP,c99cb79e-ad45-11ef-8a43-e4a8dfc2a9a8,ppb,27,65,0.2227514088153839,0.08849573135375977,36878.0,0.3036574721336365,367,1
StandardGSGP,c99cb79e-ad45-11ef-8a43-e4a8dfc2a9a8,ppb,27,66,0.2227514088153839,0.08750486373901367,37280.0,0.3036574721336365,367,1
StandardGSGP,c99cb79e-ad45-11ef-8a43-e4a8dfc2a9a8,ppb,27,67,0.2227514088153839,0.16338396072387695,37786.0,0.3036574721336365,367,1
StandardGSGP,c99cb79e-ad45-11ef-8a43-e4a8dfc2a9a8,ppb,27,68,0.2221195250749588,0.09416532516479492,38204.0,0.27905404567718506,385,1
StandardGSGP,c99cb79e-ad45-11ef-8a43-e4a8dfc2a9a8,ppb,27,69,0.2221195250749588,0.10392117500305176,38692.0,0.27905404567718506,385,1
StandardGSGP,c99cb79e-ad45-11ef-8a43-e4a8dfc2a9a8,ppb,27,70,0.2221195250749588,0.09451007843017578,39284.0,0.27905404567718506,385,1
StandardGSGP,c99cb79e-ad45-11ef-8a43-e4a8dfc2a9a8,ppb,27,71,0.22158193588256836,0.09618806838989258,39798.0,0.2852727174758911,391,1
StandardGSGP,c99cb79e-ad45-11ef-8a43-e4a8dfc2a9a8,ppb,27,72,0.22158193588256836,0.0923621654510498,40220.0,0.2852727174758911,391,1
StandardGSGP,c99cb79e-ad45-11ef-8a43-e4a8dfc2a9a8,ppb,27,73,0.22056910395622253,0.0880894660949707,40694.0,0.2934027314186096,397,1
StandardGSGP,c99cb79e-ad45-11ef-8a43-e4a8dfc2a9a8,ppb,27,74,0.22045479714870453,0.09170842170715332,41178.0,0.2957502007484436,403,1
StandardGSGP,c99cb79e-ad45-11ef-8a43-e4a8dfc2a9a8,ppb,27,75,0.21999238431453705,0.09050893783569336,41602.0,0.3094126582145691,411,1
StandardGSGP,c99cb79e-ad45-11ef-8a43-e4a8dfc2a9a8,ppb,27,76,0.21569448709487915,0.09351062774658203,42138.0,0.31065717339515686,415,1
StandardGSGP,c99cb79e-ad45-11ef-8a43-e4a8dfc2a9a8,ppb,27,77,0.21561618149280548,0.1002192497253418,42636.0,0.29982760548591614,421,1
StandardGSGP,c99cb79e-ad45-11ef-8a43-e4a8dfc2a9a8,ppb,27,78,0.21561618149280548,0.08800315856933594,43024.0,0.29982760548591614,421,1
StandardGSGP,c99cb79e-ad45-11ef-8a43-e4a8dfc2a9a8,ppb,27,79,0.21510332822799683,0.08662176132202148,43472.0,0.3062019646167755,433,1
StandardGSGP,c99cb79e-ad45-11ef-8a43-e4a8dfc2a9a8,ppb,27,80,0.215013325214386,0.09488511085510254,43918.0,0.28756800293922424,427,1
StandardGSGP,c99cb79e-ad45-11ef-8a43-e4a8dfc2a9a8,ppb,27,81,0.2148197442293167,0.09015846252441406,44294.0,0.29995396733283997,439,1
StandardGSGP,c99cb79e-ad45-11ef-8a43-e4a8dfc2a9a8,ppb,27,82,0.21464523673057556,0.09000539779663086,44526.0,0.3056551218032837,445,1
StandardGSGP,c99cb79e-ad45-11ef-8a43-e4a8dfc2a9a8,ppb,27,83,0.21163013577461243,0.08947134017944336,44942.0,0.29764029383659363,457,1
StandardGSGP,c99cb79e-ad45-11ef-8a43-e4a8dfc2a9a8,ppb,27,84,0.21086673438549042,0.09067463874816895,45526.0,0.2925456464290619,463,1
StandardGSGP,c99cb79e-ad45-11ef-8a43-e4a8dfc2a9a8,ppb,27,85,0.20949599146842957,0.09050989151000977,46140.0,0.3025176525115967,469,1
StandardGSGP,c99cb79e-ad45-11ef-8a43-e4a8dfc2a9a8,ppb,27,86,0.20949599146842957,0.0855107307434082,46796.0,0.3025176525115967,469,1
StandardGSGP,c99cb79e-ad45-11ef-8a43-e4a8dfc2a9a8,ppb,27,87,0.20949599146842957,0.08551502227783203,47304.0,0.3025176525115967,469,1
StandardGSGP,c99cb79e-ad45-11ef-8a43-e4a8dfc2a9a8,ppb,27,88,0.20915822684764862,0.09124946594238281,47912.0,0.30058786273002625,481,1
StandardGSGP,c99cb79e-ad45-11ef-8a43-e4a8dfc2a9a8,ppb,27,89,0.20915822684764862,0.09200119972229004,48438.0,0.30058786273002625,481,1
StandardGSGP,c99cb79e-ad45-11ef-8a43-e4a8dfc2a9a8,ppb,27,90,0.20807872712612152,0.09151124954223633,48890.0,0.29624584317207336,493,1
StandardGSGP,c99cb79e-ad45-11ef-8a43-e4a8dfc2a9a8,ppb,27,91,0.2070874124765396,0.09550142288208008,49332.0,0.2873929738998413,499,1
StandardGSGP,c99cb79e-ad45-11ef-8a43-e4a8dfc2a9a8,ppb,27,92,0.20652030408382416,0.09009218215942383,49934.0,0.29002514481544495,505,1
StandardGSGP,c99cb79e-ad45-11ef-8a43-e4a8dfc2a9a8,ppb,27,93,0.20652030408382416,0.09026265144348145,50484.0,0.29002514481544495,505,1
StandardGSGP,c99cb79e-ad45-11ef-8a43-e4a8dfc2a9a8,ppb,27,94,0.20652030408382416,0.10052824020385742,51116.0,0.29002514481544495,505,1
StandardGSGP,c99cb79e-ad45-11ef-8a43-e4a8dfc2a9a8,ppb,27,95,0.20652030408382416,0.09151911735534668,51634.0,0.29002514481544495,505,1
StandardGSGP,c99cb79e-ad45-11ef-8a43-e4a8dfc2a9a8,ppb,27,96,0.20454326272010803,0.0958092212677002,52068.0,0.3008630871772766,511,1
StandardGSGP,c99cb79e-ad45-11ef-8a43-e4a8dfc2a9a8,ppb,27,97,0.20454326272010803,0.0956108570098877,52556.0,0.3008630871772766,511,1
StandardGSGP,c99cb79e-ad45-11ef-8a43-e4a8dfc2a9a8,ppb,27,98,0.20454326272010803,0.09351420402526855,53138.0,0.3008630871772766,511,1
StandardGSGP,c99cb79e-ad45-11ef-8a43-e4a8dfc2a9a8,ppb,27,99,0.20454326272010803,0.09390497207641602,53480.0,0.3008630871772766,511,1
StandardGSGP,c99cb79e-ad45-11ef-8a43-e4a8dfc2a9a8,ppb,27,100,0.20372018218040466,0.09350967407226562,53826.0,0.28771093487739563,529,1
StandardGSGP,7770af08-ad46-11ef-8a43-e4a8dfc2a9a8,ppb,27,0,40.511474609375,0.05218005180358887,400.0,48.290828704833984,3,1
StandardGSGP,7770af08-ad46-11ef-8a43-e4a8dfc2a9a8,ppb,27,1,40.511474609375,0.09751129150390625,978.0,48.290828704833984,3,1
StandardGSGP,7770af08-ad46-11ef-8a43-e4a8dfc2a9a8,ppb,27,2,40.33161163330078,0.09151196479797363,1584.0,48.10929489135742,15,1
StandardGSGP,7770af08-ad46-11ef-8a43-e4a8dfc2a9a8,ppb,27,3,40.03921127319336,0.09153127670288086,2162.0,47.79549026489258,21,1
StandardGSGP,7770af08-ad46-11ef-8a43-e4a8dfc2a9a8,ppb,27,4,39.90311813354492,0.09300851821899414,2562.0,47.66446304321289,27,1
StandardGSGP,7770af08-ad46-11ef-8a43-e4a8dfc2a9a8,ppb,27,5,39.720672607421875,0.09052014350891113,3176.0,47.47145462036133,33,1
StandardGSGP,7770af08-ad46-11ef-8a43-e4a8dfc2a9a8,ppb,27,6,39.50300598144531,0.09072160720825195,3736.0,47.1756477355957,39,1
StandardGSGP,7770af08-ad46-11ef-8a43-e4a8dfc2a9a8,ppb,27,7,39.250328063964844,0.09691810607910156,4290.0,46.90380859375,45,1
StandardGSGP,7770af08-ad46-11ef-8a43-e4a8dfc2a9a8,ppb,27,8,39.15110397338867,0.09551239013671875,4868.0,46.808319091796875,51,1
StandardGSGP,7770af08-ad46-11ef-8a43-e4a8dfc2a9a8,ppb,27,9,38.87257385253906,0.09286308288574219,5514.0,46.759822845458984,59,1
StandardGSGP,7770af08-ad46-11ef-8a43-e4a8dfc2a9a8,ppb,27,10,38.670753479003906,0.09250926971435547,6226.0,46.550926208496094,65,1
StandardGSGP,7770af08-ad46-11ef-8a43-e4a8dfc2a9a8,ppb,27,11,38.55655288696289,0.12565040588378906,6874.0,46.420997619628906,65,1
StandardGSGP,7770af08-ad46-11ef-8a43-e4a8dfc2a9a8,ppb,27,12,38.35843276977539,0.1289350986480713,7534.0,45.97071075439453,75,1
StandardGSGP,7770af08-ad46-11ef-8a43-e4a8dfc2a9a8,ppb,27,13,38.21413803100586,0.09951281547546387,8042.0,45.8140754699707,81,1
StandardGSGP,7770af08-ad46-11ef-8a43-e4a8dfc2a9a8,ppb,27,14,38.01548385620117,0.09850835800170898,8574.0,45.818626403808594,89,1
StandardGSGP,7770af08-ad46-11ef-8a43-e4a8dfc2a9a8,ppb,27,15,37.747840881347656,0.08850979804992676,9192.0,45.51002502441406,95,1
StandardGSGP,7770af08-ad46-11ef-8a43-e4a8dfc2a9a8,ppb,27,16,37.472103118896484,0.0880131721496582,9780.0,45.21359634399414,101,1
StandardGSGP,7770af08-ad46-11ef-8a43-e4a8dfc2a9a8,ppb,27,17,37.33230972290039,0.0890040397644043,10450.0,45.063682556152344,107,1
StandardGSGP,7770af08-ad46-11ef-8a43-e4a8dfc2a9a8,ppb,27,18,37.24293518066406,0.09233427047729492,11130.0,44.96430587768555,113,1
StandardGSGP,7770af08-ad46-11ef-8a43-e4a8dfc2a9a8,ppb,27,19,37.04132843017578,0.09350752830505371,11680.0,44.74250411987305,119,1
StandardGSGP,7770af08-ad46-11ef-8a43-e4a8dfc2a9a8,ppb,27,20,36.850746154785156,0.09270453453063965,12342.0,44.5084228515625,125,1
StandardGSGP,7770af08-ad46-11ef-8a43-e4a8dfc2a9a8,ppb,27,21,36.7296028137207,0.09314918518066406,13020.0,44.389034271240234,133,1
StandardGSGP,7770af08-ad46-11ef-8a43-e4a8dfc2a9a8,ppb,27,22,36.66888427734375,0.09160661697387695,13678.0,44.268836975097656,139,1
StandardGSGP,7770af08-ad46-11ef-8a43-e4a8dfc2a9a8,ppb,27,23,36.473697662353516,0.08829951286315918,14306.0,44.18498611450195,143,1
StandardGSGP,7770af08-ad46-11ef-8a43-e4a8dfc2a9a8,ppb,27,24,36.28897476196289,0.08951187133789062,14840.0,43.97491455078125,149,1
StandardGSGP,7770af08-ad46-11ef-8a43-e4a8dfc2a9a8,ppb,27,25,36.06863784790039,0.09351086616516113,15374.0,43.700767517089844,155,1
StandardGSGP,7770af08-ad46-11ef-8a43-e4a8dfc2a9a8,ppb,27,26,36.01466369628906,0.09418368339538574,15936.0,43.62651824951172,161,1
StandardGSGP,7770af08-ad46-11ef-8a43-e4a8dfc2a9a8,ppb,27,27,35.90137481689453,0.09040546417236328,16610.0,43.37405776977539,167,1
StandardGSGP,7770af08-ad46-11ef-8a43-e4a8dfc2a9a8,ppb,27,28,35.775821685791016,0.10151195526123047,17212.0,43.41707992553711,173,1
StandardGSGP,7770af08-ad46-11ef-8a43-e4a8dfc2a9a8,ppb,27,29,35.57337188720703,0.09450936317443848,17758.0,43.157867431640625,179,1
StandardGSGP,7770af08-ad46-11ef-8a43-e4a8dfc2a9a8,ppb,27,30,35.4995002746582,0.08691167831420898,18352.0,43.10139465332031,185,1
StandardGSGP,7770af08-ad46-11ef-8a43-e4a8dfc2a9a8,ppb,27,31,35.36173629760742,0.0987248420715332,19044.0,42.90874481201172,191,1
StandardGSGP,7770af08-ad46-11ef-8a43-e4a8dfc2a9a8,ppb,27,32,35.315155029296875,0.09404110908508301,19616.0,42.8529052734375,197,1
StandardGSGP,7770af08-ad46-11ef-8a43-e4a8dfc2a9a8,ppb,27,33,35.19118118286133,0.09878873825073242,20198.0,42.72763442993164,197,1
StandardGSGP,7770af08-ad46-11ef-8a43-e4a8dfc2a9a8,ppb,27,34,35.06648635864258,0.09071588516235352,20788.0,42.52936553955078,209,1
StandardGSGP,7770af08-ad46-11ef-8a43-e4a8dfc2a9a8,ppb,27,35,34.97370910644531,0.09000349044799805,21294.0,42.46220779418945,215,1
StandardGSGP,7770af08-ad46-11ef-8a43-e4a8dfc2a9a8,ppb,27,36,34.947998046875,0.0875082015991211,21828.0,42.426368713378906,221,1
StandardGSGP,7770af08-ad46-11ef-8a43-e4a8dfc2a9a8,ppb,27,37,34.804500579833984,0.09094357490539551,22490.0,42.23508834838867,227,1
StandardGSGP,7770af08-ad46-11ef-8a43-e4a8dfc2a9a8,ppb,27,38,34.69968032836914,0.09202361106872559,23212.0,42.07292938232422,233,1
StandardGSGP,7770af08-ad46-11ef-8a43-e4a8dfc2a9a8,ppb,27,39,34.69968032836914,0.09166455268859863,23822.0,42.07292938232422,233,1
StandardGSGP,7770af08-ad46-11ef-8a43-e4a8dfc2a9a8,ppb,27,40,34.56712341308594,0.0905144214630127,24378.0,41.810447692871094,243,1
StandardGSGP,7770af08-ad46-11ef-8a43-e4a8dfc2a9a8,ppb,27,41,34.46558380126953,0.09124970436096191,24962.0,41.736663818359375,249,1
StandardGSGP,7770af08-ad46-11ef-8a43-e4a8dfc2a9a8,ppb,27,42,34.426788330078125,0.09686732292175293,25542.0,41.680328369140625,255,1
StandardGSGP,7770af08-ad46-11ef-8a43-e4a8dfc2a9a8,ppb,27,43,34.33320236206055,0.0905301570892334,26068.0,41.56146240234375,261,1
StandardGSGP,7770af08-ad46-11ef-8a43-e4a8dfc2a9a8,ppb,27,44,34.31930160522461,0.10169863700866699,26574.0,41.54689025878906,267,1
StandardGSGP,7770af08-ad46-11ef-8a43-e4a8dfc2a9a8,ppb,27,45,34.242652893066406,0.09902429580688477,27118.0,41.33017349243164,275,1
StandardGSGP,7770af08-ad46-11ef-8a43-e4a8dfc2a9a8,ppb,27,46,34.1313362121582,0.09751367568969727,27658.0,41.13209533691406,281,1
StandardGSGP,7770af08-ad46-11ef-8a43-e4a8dfc2a9a8,ppb,27,47,34.089210510253906,0.08692479133605957,28374.0,41.0496711730957,287,1
StandardGSGP,7770af08-ad46-11ef-8a43-e4a8dfc2a9a8,ppb,27,48,34.05856704711914,0.09209680557250977,28928.0,41.02344512939453,293,1
StandardGSGP,7770af08-ad46-11ef-8a43-e4a8dfc2a9a8,ppb,27,49,34.006446838378906,0.09244084358215332,29460.0,40.92059326171875,299,1
StandardGSGP,7770af08-ad46-11ef-8a43-e4a8dfc2a9a8,ppb,27,50,33.98650360107422,0.1682589054107666,30102.0,41.09661102294922,297,1
StandardGSGP,7770af08-ad46-11ef-8a43-e4a8dfc2a9a8,ppb,27,51,33.954586029052734,0.08923077583312988,30834.0,40.782691955566406,311,1
StandardGSGP,7770af08-ad46-11ef-8a43-e4a8dfc2a9a8,ppb,27,52,33.91871643066406,0.08915472030639648,31362.0,40.98527145385742,309,1
StandardGSGP,7770af08-ad46-11ef-8a43-e4a8dfc2a9a8,ppb,27,53,33.77568817138672,0.08742022514343262,31922.0,40.67892837524414,315,1
StandardGSGP,7770af08-ad46-11ef-8a43-e4a8dfc2a9a8,ppb,27,54,33.77327346801758,0.08930182456970215,32360.0,40.67990493774414,321,1
StandardGSGP,7770af08-ad46-11ef-8a43-e4a8dfc2a9a8,ppb,27,55,33.72580337524414,0.09650826454162598,32662.0,40.52255630493164,327,1
StandardGSGP,7770af08-ad46-11ef-8a43-e4a8dfc2a9a8,ppb,27,56,33.7143440246582,0.09559512138366699,33240.0,40.534515380859375,335,1
StandardGSGP,7770af08-ad46-11ef-8a43-e4a8dfc2a9a8,ppb,27,57,33.690826416015625,0.09351277351379395,33844.0,40.53120422363281,343,1
StandardGSGP,7770af08-ad46-11ef-8a43-e4a8dfc2a9a8,ppb,27,58,33.672943115234375,0.10278701782226562,34480.0,40.4304084777832,347,1
StandardGSGP,7770af08-ad46-11ef-8a43-e4a8dfc2a9a8,ppb,27,59,33.65449523925781,0.09270119667053223,35102.0,40.387577056884766,353,1
StandardGSGP,7770af08-ad46-11ef-8a43-e4a8dfc2a9a8,ppb,27,60,33.548828125,0.09133267402648926,35844.0,40.36073684692383,359,1
StandardGSGP,7770af08-ad46-11ef-8a43-e4a8dfc2a9a8,ppb,27,61,33.54623031616211,0.08773231506347656,36512.0,40.352787017822266,365,1
StandardGSGP,7770af08-ad46-11ef-8a43-e4a8dfc2a9a8,ppb,27,62,33.510772705078125,0.10205197334289551,37058.0,40.25556182861328,365,1
StandardGSGP,7770af08-ad46-11ef-8a43-e4a8dfc2a9a8,ppb,27,63,33.494712829589844,0.09169936180114746,37536.0,40.233619689941406,371,1
StandardGSGP,7770af08-ad46-11ef-8a43-e4a8dfc2a9a8,ppb,27,64,33.48843765258789,0.09675860404968262,37958.0,40.24337387084961,377,1
StandardGSGP,7770af08-ad46-11ef-8a43-e4a8dfc2a9a8,ppb,27,65,33.431400299072266,0.09137463569641113,38484.0,40.11786651611328,383,1
StandardGSGP,7770af08-ad46-11ef-8a43-e4a8dfc2a9a8,ppb,27,66,33.42921447753906,0.09182310104370117,38834.0,40.11848831176758,389,1
StandardGSGP,7770af08-ad46-11ef-8a43-e4a8dfc2a9a8,ppb,27,67,33.41840744018555,0.09198260307312012,39362.0,40.1012077331543,395,1
StandardGSGP,7770af08-ad46-11ef-8a43-e4a8dfc2a9a8,ppb,27,68,33.41202926635742,0.10068607330322266,40026.0,40.07097244262695,401,1
StandardGSGP,7770af08-ad46-11ef-8a43-e4a8dfc2a9a8,ppb,27,69,33.38166809082031,0.08951020240783691,40666.0,40.073246002197266,407,1
StandardGSGP,7770af08-ad46-11ef-8a43-e4a8dfc2a9a8,ppb,27,70,33.35660171508789,0.08950567245483398,41240.0,39.886505126953125,413,1
StandardGSGP,7770af08-ad46-11ef-8a43-e4a8dfc2a9a8,ppb,27,71,33.33784866333008,0.0898885726928711,41838.0,39.984283447265625,419,1
StandardGSGP,7770af08-ad46-11ef-8a43-e4a8dfc2a9a8,ppb,27,72,33.281471252441406,0.09211492538452148,42404.0,40.04256057739258,425,1
StandardGSGP,7770af08-ad46-11ef-8a43-e4a8dfc2a9a8,ppb,27,73,33.211307525634766,0.09151101112365723,42912.0,39.932228088378906,433,1
StandardGSGP,7770af08-ad46-11ef-8a43-e4a8dfc2a9a8,ppb,27,74,33.2020378112793,0.09863734245300293,43488.0,39.89104461669922,439,1
StandardGSGP,7770af08-ad46-11ef-8a43-e4a8dfc2a9a8,ppb,27,75,33.155128479003906,0.08875846862792969,44118.0,39.895931243896484,445,1
StandardGSGP,7770af08-ad46-11ef-8a43-e4a8dfc2a9a8,ppb,27,76,33.13628005981445,0.09152698516845703,44848.0,39.91140365600586,451,1
StandardGSGP,7770af08-ad46-11ef-8a43-e4a8dfc2a9a8,ppb,27,77,33.135868072509766,0.08682060241699219,45526.0,39.90568542480469,457,1
StandardGSGP,7770af08-ad46-11ef-8a43-e4a8dfc2a9a8,ppb,27,78,33.0958251953125,0.09192776679992676,46092.0,39.74395751953125,463,1
StandardGSGP,7770af08-ad46-11ef-8a43-e4a8dfc2a9a8,ppb,27,79,33.08525466918945,0.08967781066894531,46702.0,39.793697357177734,469,1
StandardGSGP,7770af08-ad46-11ef-8a43-e4a8dfc2a9a8,ppb,27,80,33.06387710571289,0.09113407135009766,47382.0,39.772151947021484,475,1
StandardGSGP,7770af08-ad46-11ef-8a43-e4a8dfc2a9a8,ppb,27,81,33.016971588134766,0.09253263473510742,47978.0,39.676055908203125,481,1
StandardGSGP,7770af08-ad46-11ef-8a43-e4a8dfc2a9a8,ppb,27,82,33.01651382446289,0.09751701354980469,48516.0,39.676055908203125,487,1
StandardGSGP,7770af08-ad46-11ef-8a43-e4a8dfc2a9a8,ppb,27,83,32.956756591796875,0.09899258613586426,49184.0,39.619590759277344,493,1
StandardGSGP,7770af08-ad46-11ef-8a43-e4a8dfc2a9a8,ppb,27,84,32.952980041503906,0.10059380531311035,49814.0,39.60905075073242,499,1
StandardGSGP,7770af08-ad46-11ef-8a43-e4a8dfc2a9a8,ppb,27,85,32.90199661254883,0.10425400733947754,50368.0,39.54566955566406,505,1
StandardGSGP,7770af08-ad46-11ef-8a43-e4a8dfc2a9a8,ppb,27,86,32.90199661254883,0.10399460792541504,51000.0,39.54566955566406,505,1
StandardGSGP,7770af08-ad46-11ef-8a43-e4a8dfc2a9a8,ppb,27,87,32.8781623840332,0.10775375366210938,51620.0,39.49891662597656,511,1
StandardGSGP,7770af08-ad46-11ef-8a43-e4a8dfc2a9a8,ppb,27,88,32.85615921020508,0.09296321868896484,52124.0,39.45800018310547,517,1
StandardGSGP,7770af08-ad46-11ef-8a43-e4a8dfc2a9a8,ppb,27,89,32.782569885253906,0.09248495101928711,52548.0,39.46513366699219,523,1
StandardGSGP,7770af08-ad46-11ef-8a43-e4a8dfc2a9a8,ppb,27,90,32.76375961303711,0.09835386276245117,53076.0,39.447731018066406,529,1
StandardGSGP,7770af08-ad46-11ef-8a43-e4a8dfc2a9a8,ppb,27,91,32.76375961303711,0.0923006534576416,53642.0,39.447731018066406,529,1
StandardGSGP,7770af08-ad46-11ef-8a43-e4a8dfc2a9a8,ppb,27,92,32.743743896484375,0.08899879455566406,54008.0,39.33484649658203,535,1
StandardGSGP,7770af08-ad46-11ef-8a43-e4a8dfc2a9a8,ppb,27,93,32.723968505859375,0.09000611305236816,54450.0,39.32017135620117,541,1
StandardGSGP,7770af08-ad46-11ef-8a43-e4a8dfc2a9a8,ppb,27,94,32.70576858520508,0.08850312232971191,55032.0,39.236549377441406,547,1
StandardGSGP,7770af08-ad46-11ef-8a43-e4a8dfc2a9a8,ppb,27,95,32.63420486450195,0.08886432647705078,55546.0,39.22780227661133,559,1
StandardGSGP,7770af08-ad46-11ef-8a43-e4a8dfc2a9a8,ppb,27,96,32.63325881958008,0.09257650375366211,55940.0,39.22479248046875,565,1
StandardGSGP,7770af08-ad46-11ef-8a43-e4a8dfc2a9a8,ppb,27,97,32.629493713378906,0.09251236915588379,56490.0,39.23195266723633,571,1
StandardGSGP,7770af08-ad46-11ef-8a43-e4a8dfc2a9a8,ppb,27,98,32.57548141479492,0.09450936317443848,57322.0,39.00807571411133,579,1
StandardGSGP,7770af08-ad46-11ef-8a43-e4a8dfc2a9a8,ppb,27,99,32.572452545166016,0.09382891654968262,58146.0,39.125831604003906,577,1
StandardGSGP,7770af08-ad46-11ef-8a43-e4a8dfc2a9a8,ppb,27,100,32.548828125,0.09368062019348145,58712.0,39.03350830078125,591,1
