StandardGSGP,39d41466-ad45-11ef-8623-e4a8dfc2a9a8,ppb,2,0,0.3166027367115021,0.0485081672668457,402.0,0.344922810792923,3,1
StandardGSGP,39d41466-ad45-11ef-8623-e4a8dfc2a9a8,ppb,2,1,0.304091215133667,0.09059715270996094,1030.0,0.2914223074913025,9,1
StandardGSGP,39d41466-ad45-11ef-8623-e4a8dfc2a9a8,ppb,2,2,0.30299949645996094,0.08878636360168457,1626.0,0.28740209341049194,15,1
StandardGSGP,39d41466-ad45-11ef-8623-e4a8dfc2a9a8,ppb,2,3,0.3000171184539795,0.09100341796875,2150.0,0.31560662388801575,25,1
StandardGSGP,39d41466-ad45-11ef-8623-e4a8dfc2a9a8,ppb,2,4,0.2991299033164978,0.08983206748962402,2724.0,0.2941621243953705,21,1
StandardGSGP,39d41466-ad45-11ef-8623-e4a8dfc2a9a8,ppb,2,5,0.2963414788246155,0.09133267402648926,3290.0,0.3206864297389984,31,1
StandardGSGP,39d41466-ad45-11ef-8623-e4a8dfc2a9a8,ppb,2,6,0.29195067286491394,0.09808635711669922,3812.0,0.32674968242645264,39,1
StandardGSGP,39d41466-ad45-11ef-8623-e4a8dfc2a9a8,ppb,2,7,0.29195067286491394,0.0944669246673584,4208.0,0.32674968242645264,39,1
StandardGSGP,39d41466-ad45-11ef-8623-e4a8dfc2a9a8,ppb,2,8,0.2886219620704651,0.09519648551940918,4742.0,0.33014172315597534,45,1
StandardGSGP,39d41466-ad45-11ef-8623-e4a8dfc2a9a8,ppb,2,9,0.2872554063796997,0.09251570701599121,5276.0,0.3106628358364105,57,1
StandardGSGP,39d41466-ad45-11ef-8623-e4a8dfc2a9a8,ppb,2,10,0.2872554063796997,0.09280800819396973,5806.0,0.3106628358364105,57,1
StandardGSGP,39d41466-ad45-11ef-8623-e4a8dfc2a9a8,ppb,2,11,0.2858903110027313,0.11192893981933594,6402.0,0.3232085406780243,57,1
StandardGSGP,39d41466-ad45-11ef-8623-e4a8dfc2a9a8,ppb,2,12,0.2858903110027313,0.10097146034240723,6882.0,0.3232085406780243,57,1
StandardGSGP,39d41466-ad45-11ef-8623-e4a8dfc2a9a8,ppb,2,13,0.2848159968852997,0.08954858779907227,7442.0,0.3384763300418854,69,1
StandardGSGP,39d41466-ad45-11ef-8623-e4a8dfc2a9a8,ppb,2,14,0.2828000783920288,0.09051370620727539,7922.0,0.3217775523662567,87,1
StandardGSGP,39d41466-ad45-11ef-8623-e4a8dfc2a9a8,ppb,2,15,0.2811867892742157,0.08850836753845215,8316.0,0.36375007033348083,93,1
StandardGSGP,39d41466-ad45-11ef-8623-e4a8dfc2a9a8,ppb,2,16,0.2783481180667877,0.08851766586303711,9142.0,0.3684487044811249,99,1
StandardGSGP,39d41466-ad45-11ef-8623-e4a8dfc2a9a8,ppb,2,17,0.2783481180667877,0.09418892860412598,9750.0,0.3684487044811249,99,1
StandardGSGP,39d41466-ad45-11ef-8623-e4a8dfc2a9a8,ppb,2,18,0.2783481180667877,0.0895071029663086,10370.0,0.3684487044811249,99,1
StandardGSGP,39d41466-ad45-11ef-8623-e4a8dfc2a9a8,ppb,2,19,0.27681049704551697,0.09970211982727051,11028.0,0.34908607602119446,111,1
StandardGSGP,39d41466-ad45-11ef-8623-e4a8dfc2a9a8,ppb,2,20,0.27545952796936035,0.10084414482116699,11628.0,0.36428841948509216,117,1
StandardGSGP,39d41466-ad45-11ef-8623-e4a8dfc2a9a8,ppb,2,21,0.2736782729625702,0.10252809524536133,12194.0,0.3566606640815735,123,1
StandardGSGP,39d41466-ad45-11ef-8623-e4a8dfc2a9a8,ppb,2,22,0.2723030149936676,0.1105203628540039,12770.0,0.34122639894485474,117,1
StandardGSGP,39d41466-ad45-11ef-8623-e4a8dfc2a9a8,ppb,2,23,0.2723030149936676,0.08936476707458496,13148.0,0.34122639894485474,117,1
StandardGSGP,39d41466-ad45-11ef-8623-e4a8dfc2a9a8,ppb,2,24,0.27214545011520386,0.08951306343078613,13720.0,0.3541755974292755,129,1
StandardGSGP,39d41466-ad45-11ef-8623-e4a8dfc2a9a8,ppb,2,25,0.27153196930885315,0.09681105613708496,14230.0,0.33751246333122253,135,1
StandardGSGP,39d41466-ad45-11ef-8623-e4a8dfc2a9a8,ppb,2,26,0.2686830163002014,0.10350966453552246,14816.0,0.34342092275619507,135,1
StandardGSGP,39d41466-ad45-11ef-8623-e4a8dfc2a9a8,ppb,2,27,0.2686830163002014,0.08995270729064941,15294.0,0.34342092275619507,135,1
StandardGSGP,39d41466-ad45-11ef-8623-e4a8dfc2a9a8,ppb,2,28,0.2686416506767273,0.09344649314880371,15834.0,0.34345361590385437,141,1
StandardGSGP,39d41466-ad45-11ef-8623-e4a8dfc2a9a8,ppb,2,29,0.2661835253238678,0.08850908279418945,16298.0,0.37540173530578613,171,1
StandardGSGP,39d41466-ad45-11ef-8623-e4a8dfc2a9a8,ppb,2,30,0.2661835253238678,0.09131026268005371,17192.0,0.37540173530578613,171,1
StandardGSGP,39d41466-ad45-11ef-8623-e4a8dfc2a9a8,ppb,2,31,0.2644670307636261,0.09322166442871094,18072.0,0.3673538863658905,183,1
StandardGSGP,39d41466-ad45-11ef-8623-e4a8dfc2a9a8,ppb,2,32,0.2644670307636261,0.08923196792602539,18740.0,0.3673538863658905,183,1
StandardGSGP,39d41466-ad45-11ef-8623-e4a8dfc2a9a8,ppb,2,33,0.26438072323799133,0.09360814094543457,19286.0,0.3673804700374603,189,1
StandardGSGP,39d41466-ad45-11ef-8623-e4a8dfc2a9a8,ppb,2,34,0.262685090303421,0.090576171875,19792.0,0.3724522292613983,203,1
StandardGSGP,39d41466-ad45-11ef-8623-e4a8dfc2a9a8,ppb,2,35,0.2624552249908447,0.09668350219726562,20472.0,0.37113285064697266,209,1
StandardGSGP,39d41466-ad45-11ef-8623-e4a8dfc2a9a8,ppb,2,36,0.2624552249908447,0.0957801342010498,21038.0,0.37113285064697266,209,1
StandardGSGP,39d41466-ad45-11ef-8623-e4a8dfc2a9a8,ppb,2,37,0.2624552249908447,0.08850979804992676,21652.0,0.37113285064697266,209,1
StandardGSGP,39d41466-ad45-11ef-8623-e4a8dfc2a9a8,ppb,2,38,0.25328966975212097,0.08651995658874512,22230.0,0.3529605567455292,227,1
StandardGSGP,39d41466-ad45-11ef-8623-e4a8dfc2a9a8,ppb,2,39,0.25328966975212097,0.09093475341796875,22830.0,0.3529605567455292,227,1
StandardGSGP,39d41466-ad45-11ef-8623-e4a8dfc2a9a8,ppb,2,40,0.2509978115558624,0.08854532241821289,23442.0,0.34827232360839844,239,1
StandardGSGP,39d41466-ad45-11ef-8623-e4a8dfc2a9a8,ppb,2,41,0.24939611554145813,0.08951210975646973,24050.0,0.3487473726272583,245,1
StandardGSGP,39d41466-ad45-11ef-8623-e4a8dfc2a9a8,ppb,2,42,0.24648679792881012,0.09077930450439453,24602.0,0.3637251555919647,245,1
StandardGSGP,39d41466-ad45-11ef-8623-e4a8dfc2a9a8,ppb,2,43,0.24641814827919006,0.0919954776763916,25260.0,0.3615903854370117,251,1
StandardGSGP,39d41466-ad45-11ef-8623-e4a8dfc2a9a8,ppb,2,44,0.24310949444770813,0.09466052055358887,25870.0,0.3524393141269684,257,1
StandardGSGP,39d41466-ad45-11ef-8623-e4a8dfc2a9a8,ppb,2,45,0.24310949444770813,0.10237431526184082,26374.0,0.3524393141269684,257,1
StandardGSGP,39d41466-ad45-11ef-8623-e4a8dfc2a9a8,ppb,2,46,0.24098467826843262,0.11582684516906738,26914.0,0.35384082794189453,269,1
StandardGSGP,39d41466-ad45-11ef-8623-e4a8dfc2a9a8,ppb,2,47,0.2403823435306549,0.10130143165588379,27378.0,0.3624156713485718,275,1
StandardGSGP,39d41466-ad45-11ef-8623-e4a8dfc2a9a8,ppb,2,48,0.2403823435306549,0.0924227237701416,27928.0,0.3624156713485718,275,1
StandardGSGP,39d41466-ad45-11ef-8623-e4a8dfc2a9a8,ppb,2,49,0.24028947949409485,0.0945119857788086,28470.0,0.3514392375946045,281,1
StandardGSGP,39d41466-ad45-11ef-8623-e4a8dfc2a9a8,ppb,2,50,0.23959919810295105,0.10373663902282715,29010.0,0.3498966693878174,293,1
StandardGSGP,39d41466-ad45-11ef-8623-e4a8dfc2a9a8,ppb,2,51,0.23959919810295105,0.09153866767883301,29646.0,0.3498966693878174,293,1
StandardGSGP,39d41466-ad45-11ef-8623-e4a8dfc2a9a8,ppb,2,52,0.23885390162467957,0.09000515937805176,30234.0,0.3507114350795746,299,1
StandardGSGP,39d41466-ad45-11ef-8623-e4a8dfc2a9a8,ppb,2,53,0.23885390162467957,0.09314751625061035,30730.0,0.3507114350795746,299,1
StandardGSGP,39d41466-ad45-11ef-8623-e4a8dfc2a9a8,ppb,2,54,0.23881796002388,0.08701586723327637,31192.0,0.3498868942260742,305,1
StandardGSGP,39d41466-ad45-11ef-8623-e4a8dfc2a9a8,ppb,2,55,0.23876167833805084,0.09951043128967285,31636.0,0.34805968403816223,311,1
StandardGSGP,39d41466-ad45-11ef-8623-e4a8dfc2a9a8,ppb,2,56,0.23852059245109558,0.08651137351989746,32082.0,0.3749063313007355,323,1
StandardGSGP,39d41466-ad45-11ef-8623-e4a8dfc2a9a8,ppb,2,57,0.23847894370555878,0.08851027488708496,32670.0,0.34387195110321045,329,1
StandardGSGP,39d41466-ad45-11ef-8623-e4a8dfc2a9a8,ppb,2,58,0.23789666593074799,0.09251117706298828,33246.0,0.3796981871128082,329,1
StandardGSGP,39d41466-ad45-11ef-8623-e4a8dfc2a9a8,ppb,2,59,0.23637177050113678,0.16362619400024414,33854.0,0.40034276247024536,341,1
StandardGSGP,39d41466-ad45-11ef-8623-e4a8dfc2a9a8,ppb,2,60,0.2339586317539215,0.08751058578491211,34430.0,0.4058496356010437,347,1
StandardGSGP,39d41466-ad45-11ef-8623-e4a8dfc2a9a8,ppb,2,61,0.2333684116601944,0.09049415588378906,35098.0,0.4072578549385071,353,1
StandardGSGP,39d41466-ad45-11ef-8623-e4a8dfc2a9a8,ppb,2,62,0.2333684116601944,0.09452080726623535,35744.0,0.4072578549385071,353,1
StandardGSGP,39d41466-ad45-11ef-8623-e4a8dfc2a9a8,ppb,2,63,0.232477605342865,0.09517264366149902,36300.0,0.40973374247550964,359,1
StandardGSGP,39d41466-ad45-11ef-8623-e4a8dfc2a9a8,ppb,2,64,0.232477605342865,0.08850717544555664,36822.0,0.40973374247550964,359,1
StandardGSGP,39d41466-ad45-11ef-8623-e4a8dfc2a9a8,ppb,2,65,0.23191604018211365,0.08651041984558105,37246.0,0.42046231031417847,371,1
StandardGSGP,39d41466-ad45-11ef-8623-e4a8dfc2a9a8,ppb,2,66,0.23034058511257172,0.09962630271911621,37710.0,0.41198956966400146,371,1
StandardGSGP,39d41466-ad45-11ef-8623-e4a8dfc2a9a8,ppb,2,67,0.23034058511257172,0.09891247749328613,38162.0,0.41198956966400146,371,1
StandardGSGP,39d41466-ad45-11ef-8623-e4a8dfc2a9a8,ppb,2,68,0.2298688441514969,0.08839225769042969,38576.0,0.4138331115245819,385,1
StandardGSGP,39d41466-ad45-11ef-8623-e4a8dfc2a9a8,ppb,2,69,0.2298688441514969,0.08891892433166504,38904.0,0.4138331115245819,385,1
StandardGSGP,39d41466-ad45-11ef-8623-e4a8dfc2a9a8,ppb,2,70,0.22776570916175842,0.09338974952697754,39418.0,0.400566965341568,395,1
StandardGSGP,39d41466-ad45-11ef-8623-e4a8dfc2a9a8,ppb,2,71,0.22776570916175842,0.09588193893432617,39936.0,0.400566965341568,395,1
StandardGSGP,39d41466-ad45-11ef-8623-e4a8dfc2a9a8,ppb,2,72,0.22770896553993225,0.08772706985473633,40464.0,0.3974328935146332,401,1
StandardGSGP,39d41466-ad45-11ef-8623-e4a8dfc2a9a8,ppb,2,73,0.226702481508255,0.08979415893554688,41050.0,0.40333595871925354,407,1
StandardGSGP,39d41466-ad45-11ef-8623-e4a8dfc2a9a8,ppb,2,74,0.226546511054039,0.08851146697998047,41456.0,0.40212059020996094,413,1
StandardGSGP,39d41466-ad45-11ef-8623-e4a8dfc2a9a8,ppb,2,75,0.226546511054039,0.08951640129089355,41910.0,0.40212059020996094,413,1
StandardGSGP,39d41466-ad45-11ef-8623-e4a8dfc2a9a8,ppb,2,76,0.226546511054039,0.08881378173828125,42338.0,0.40212059020996094,413,1
StandardGSGP,39d41466-ad45-11ef-8623-e4a8dfc2a9a8,ppb,2,77,0.22631196677684784,0.08851099014282227,42762.0,0.40255916118621826,419,1
StandardGSGP,39d41466-ad45-11ef-8623-e4a8dfc2a9a8,ppb,2,78,0.2255530208349228,0.08659934997558594,43202.0,0.40692824125289917,421,1
StandardGSGP,39d41466-ad45-11ef-8623-e4a8dfc2a9a8,ppb,2,79,0.22439825534820557,0.09553170204162598,43654.0,0.41071638464927673,427,1
StandardGSGP,39d41466-ad45-11ef-8623-e4a8dfc2a9a8,ppb,2,80,0.2222554236650467,0.09204626083374023,44110.0,0.43092283606529236,443,1
StandardGSGP,39d41466-ad45-11ef-8623-e4a8dfc2a9a8,ppb,2,81,0.2222554236650467,0.09590578079223633,44646.0,0.43092283606529236,443,1
StandardGSGP,39d41466-ad45-11ef-8623-e4a8dfc2a9a8,ppb,2,82,0.2222554236650467,0.1000065803527832,45316.0,0.43092283606529236,443,1
StandardGSGP,39d41466-ad45-11ef-8623-e4a8dfc2a9a8,ppb,2,83,0.22182145714759827,0.09450197219848633,45960.0,0.41321030259132385,461,1
StandardGSGP,39d41466-ad45-11ef-8623-e4a8dfc2a9a8,ppb,2,84,0.22182145714759827,0.08851265907287598,46400.0,0.41321030259132385,461,1
StandardGSGP,39d41466-ad45-11ef-8623-e4a8dfc2a9a8,ppb,2,85,0.22182145714759827,0.08851194381713867,46978.0,0.41321030259132385,461,1
StandardGSGP,39d41466-ad45-11ef-8623-e4a8dfc2a9a8,ppb,2,86,0.2218145877122879,0.08651089668273926,47438.0,0.4130198359489441,467,1
StandardGSGP,39d41466-ad45-11ef-8623-e4a8dfc2a9a8,ppb,2,87,0.22085575759410858,0.08818221092224121,47902.0,0.42211687564849854,473,1
StandardGSGP,39d41466-ad45-11ef-8623-e4a8dfc2a9a8,ppb,2,88,0.22085575759410858,0.09151053428649902,48360.0,0.42211687564849854,473,1
StandardGSGP,39d41466-ad45-11ef-8623-e4a8dfc2a9a8,ppb,2,89,0.22076468169689178,0.0910043716430664,48696.0,0.42118942737579346,479,1
StandardGSGP,39d41466-ad45-11ef-8623-e4a8dfc2a9a8,ppb,2,90,0.22076468169689178,0.08600616455078125,49072.0,0.42118942737579346,479,1
StandardGSGP,39d41466-ad45-11ef-8623-e4a8dfc2a9a8,ppb,2,91,0.22076468169689178,0.0952906608581543,49640.0,0.42118942737579346,479,1
StandardGSGP,39d41466-ad45-11ef-8623-e4a8dfc2a9a8,ppb,2,92,0.22053803503513336,0.09204864501953125,50240.0,0.4198034703731537,485,1
StandardGSGP,39d41466-ad45-11ef-8623-e4a8dfc2a9a8,ppb,2,93,0.220476895570755,0.0875091552734375,50514.0,0.4066014587879181,509,1
StandardGSGP,39d41466-ad45-11ef-8623-e4a8dfc2a9a8,ppb,2,94,0.22022801637649536,0.08751201629638672,51086.0,0.41470885276794434,491,1
StandardGSGP,39d41466-ad45-11ef-8623-e4a8dfc2a9a8,ppb,2,95,0.22007781267166138,0.08761000633239746,51544.0,0.4116504490375519,497,1
StandardGSGP,39d41466-ad45-11ef-8623-e4a8dfc2a9a8,ppb,2,96,0.21943864226341248,0.08968853950500488,51820.0,0.4210214912891388,503,1
StandardGSGP,39d41466-ad45-11ef-8623-e4a8dfc2a9a8,ppb,2,97,0.21943864226341248,0.08751463890075684,52110.0,0.4210214912891388,503,1
StandardGSGP,39d41466-ad45-11ef-8623-e4a8dfc2a9a8,ppb,2,98,0.2177286148071289,0.09251117706298828,52548.0,0.41564053297042847,509,1
StandardGSGP,39d41466-ad45-11ef-8623-e4a8dfc2a9a8,ppb,2,99,0.21772733330726624,0.0945127010345459,52932.0,0.4156269431114197,515,1
StandardGSGP,39d41466-ad45-11ef-8623-e4a8dfc2a9a8,ppb,2,100,0.2175370305776596,0.09535384178161621,52934.0,0.41711685061454773,521,1
StandardGSGP,e68cb496-ad45-11ef-8623-e4a8dfc2a9a8,ppb,2,0,34.05104064941406,0.04782867431640625,402.0,29.410184860229492,5,1
StandardGSGP,e68cb496-ad45-11ef-8623-e4a8dfc2a9a8,ppb,2,1,34.006446838378906,0.0895075798034668,976.0,29.387531280517578,11,1
StandardGSGP,e68cb496-ad45-11ef-8623-e4a8dfc2a9a8,ppb,2,2,33.86567306518555,0.09051156044006348,1612.0,29.245933532714844,11,1
StandardGSGP,e68cb496-ad45-11ef-8623-e4a8dfc2a9a8,ppb,2,3,33.72661590576172,0.08951449394226074,2180.0,29.138713836669922,23,1
StandardGSGP,e68cb496-ad45-11ef-8623-e4a8dfc2a9a8,ppb,2,4,33.686771392822266,0.09069299697875977,2584.0,29.241649627685547,29,1
StandardGSGP,e68cb496-ad45-11ef-8623-e4a8dfc2a9a8,ppb,2,5,33.46468734741211,0.08931303024291992,3064.0,29.025665283203125,29,1
StandardGSGP,e68cb496-ad45-11ef-8623-e4a8dfc2a9a8,ppb,2,6,33.33799362182617,0.09717488288879395,3736.0,29.06206512451172,41,1
StandardGSGP,e68cb496-ad45-11ef-8623-e4a8dfc2a9a8,ppb,2,7,33.147605895996094,0.09179902076721191,4324.0,28.85834312438965,41,1
StandardGSGP,e68cb496-ad45-11ef-8623-e4a8dfc2a9a8,ppb,2,8,33.11442565917969,0.09551453590393066,4854.0,28.84703826904297,41,1
StandardGSGP,e68cb496-ad45-11ef-8623-e4a8dfc2a9a8,ppb,2,9,33.01913833618164,0.09159159660339355,5314.0,28.81138038635254,47,1
StandardGSGP,e68cb496-ad45-11ef-8623-e4a8dfc2a9a8,ppb,2,10,32.92824935913086,0.08950996398925781,5744.0,28.779712677001953,59,1
StandardGSGP,e68cb496-ad45-11ef-8623-e4a8dfc2a9a8,ppb,2,11,32.819496154785156,0.10282731056213379,6278.0,28.811410903930664,65,1
StandardGSGP,e68cb496-ad45-11ef-8623-e4a8dfc2a9a8,ppb,2,12,32.669063568115234,0.10892987251281738,6854.0,28.69868278503418,71,1
StandardGSGP,e68cb496-ad45-11ef-8623-e4a8dfc2a9a8,ppb,2,13,32.612308502197266,0.08780121803283691,7552.0,28.69144630432129,79,1
StandardGSGP,e68cb496-ad45-11ef-8623-e4a8dfc2a9a8,ppb,2,14,32.49802780151367,0.08867239952087402,8170.0,28.659765243530273,85,1
StandardGSGP,e68cb496-ad45-11ef-8623-e4a8dfc2a9a8,ppb,2,15,32.385032653808594,0.09015178680419922,8812.0,28.63527488708496,89,1
StandardGSGP,e68cb496-ad45-11ef-8623-e4a8dfc2a9a8,ppb,2,16,32.244384765625,0.08900833129882812,9414.0,28.60323715209961,95,1
StandardGSGP,e68cb496-ad45-11ef-8623-e4a8dfc2a9a8,ppb,2,17,32.12849044799805,0.09272456169128418,9992.0,28.595163345336914,101,1
StandardGSGP,e68cb496-ad45-11ef-8623-e4a8dfc2a9a8,ppb,2,18,32.014747619628906,0.09451150894165039,10570.0,28.576171875,107,1
StandardGSGP,e68cb496-ad45-11ef-8623-e4a8dfc2a9a8,ppb,2,19,31.934085845947266,0.09159326553344727,11234.0,28.600339889526367,113,1
StandardGSGP,e68cb496-ad45-11ef-8623-e4a8dfc2a9a8,ppb,2,20,31.89066505432129,0.09270477294921875,11852.0,28.614809036254883,115,1
StandardGSGP,e68cb496-ad45-11ef-8623-e4a8dfc2a9a8,ppb,2,21,31.772968292236328,0.09067010879516602,12392.0,28.657474517822266,121,1
StandardGSGP,e68cb496-ad45-11ef-8623-e4a8dfc2a9a8,ppb,2,22,31.712574005126953,0.09577155113220215,12984.0,28.62418556213379,127,1
StandardGSGP,e68cb496-ad45-11ef-8623-e4a8dfc2a9a8,ppb,2,23,31.526592254638672,0.09128355979919434,13574.0,28.566429138183594,133,1
StandardGSGP,e68cb496-ad45-11ef-8623-e4a8dfc2a9a8,ppb,2,24,31.451810836791992,0.09041261672973633,14156.0,28.61992073059082,139,1
StandardGSGP,e68cb496-ad45-11ef-8623-e4a8dfc2a9a8,ppb,2,25,31.451810836791992,0.09080004692077637,14706.0,28.61992073059082,139,1
StandardGSGP,e68cb496-ad45-11ef-8623-e4a8dfc2a9a8,ppb,2,26,31.373966217041016,0.08863449096679688,15178.0,28.7136173248291,151,1
StandardGSGP,e68cb496-ad45-11ef-8623-e4a8dfc2a9a8,ppb,2,27,31.373966217041016,0.09051060676574707,15526.0,28.7136173248291,151,1
StandardGSGP,e68cb496-ad45-11ef-8623-e4a8dfc2a9a8,ppb,2,28,31.357086181640625,0.16251039505004883,15926.0,28.529499053955078,157,1
StandardGSGP,e68cb496-ad45-11ef-8623-e4a8dfc2a9a8,ppb,2,29,31.322141647338867,0.08673501014709473,16532.0,28.695110321044922,169,1
StandardGSGP,e68cb496-ad45-11ef-8623-e4a8dfc2a9a8,ppb,2,30,31.247522354125977,0.09050822257995605,17132.0,28.653167724609375,175,1
StandardGSGP,e68cb496-ad45-11ef-8623-e4a8dfc2a9a8,ppb,2,31,31.206161499023438,0.0885016918182373,17694.0,28.704010009765625,181,1
StandardGSGP,e68cb496-ad45-11ef-8623-e4a8dfc2a9a8,ppb,2,32,31.191219329833984,0.09568595886230469,18408.0,28.65221405029297,181,1
StandardGSGP,e68cb496-ad45-11ef-8623-e4a8dfc2a9a8,ppb,2,33,31.11664581298828,0.09031414985656738,19116.0,28.910877227783203,193,1
StandardGSGP,e68cb496-ad45-11ef-8623-e4a8dfc2a9a8,ppb,2,34,31.061983108520508,0.09150838851928711,19720.0,28.65825653076172,201,1
StandardGSGP,e68cb496-ad45-11ef-8623-e4a8dfc2a9a8,ppb,2,35,31.043533325195312,0.09078478813171387,20364.0,28.845449447631836,205,1
StandardGSGP,e68cb496-ad45-11ef-8623-e4a8dfc2a9a8,ppb,2,36,31.012496948242188,0.0987086296081543,21048.0,28.812150955200195,211,1
StandardGSGP,e68cb496-ad45-11ef-8623-e4a8dfc2a9a8,ppb,2,37,30.979406356811523,0.0899817943572998,21716.0,28.546186447143555,219,1
StandardGSGP,e68cb496-ad45-11ef-8623-e4a8dfc2a9a8,ppb,2,38,30.954784393310547,0.09651041030883789,22272.0,28.548606872558594,225,1
StandardGSGP,e68cb496-ad45-11ef-8623-e4a8dfc2a9a8,ppb,2,39,30.944910049438477,0.09113502502441406,22864.0,28.533769607543945,231,1
StandardGSGP,e68cb496-ad45-11ef-8623-e4a8dfc2a9a8,ppb,2,40,30.886350631713867,0.08859944343566895,23472.0,28.517465591430664,237,1
StandardGSGP,e68cb496-ad45-11ef-8623-e4a8dfc2a9a8,ppb,2,41,30.84816551208496,0.08842706680297852,24068.0,28.442689895629883,243,1
StandardGSGP,e68cb496-ad45-11ef-8623-e4a8dfc2a9a8,ppb,2,42,30.816783905029297,0.08951258659362793,24698.0,28.45673942565918,249,1
StandardGSGP,e68cb496-ad45-11ef-8623-e4a8dfc2a9a8,ppb,2,43,30.813518524169922,0.09083342552185059,25360.0,28.461090087890625,255,1
StandardGSGP,e68cb496-ad45-11ef-8623-e4a8dfc2a9a8,ppb,2,44,30.77439308166504,0.08907032012939453,26006.0,28.454004287719727,261,1
StandardGSGP,e68cb496-ad45-11ef-8623-e4a8dfc2a9a8,ppb,2,45,30.766494750976562,0.09050703048706055,26600.0,28.43903160095215,267,1
StandardGSGP,e68cb496-ad45-11ef-8623-e4a8dfc2a9a8,ppb,2,46,30.694133758544922,0.08970856666564941,27090.0,28.672273635864258,275,1
StandardGSGP,e68cb496-ad45-11ef-8623-e4a8dfc2a9a8,ppb,2,47,30.68986701965332,0.09702324867248535,27594.0,28.62116050720215,281,1
StandardGSGP,e68cb496-ad45-11ef-8623-e4a8dfc2a9a8,ppb,2,48,30.673994064331055,0.09450936317443848,28162.0,28.627498626708984,287,1
StandardGSGP,e68cb496-ad45-11ef-8623-e4a8dfc2a9a8,ppb,2,49,30.640453338623047,0.09051156044006348,28812.0,28.39301109313965,285,1
StandardGSGP,e68cb496-ad45-11ef-8623-e4a8dfc2a9a8,ppb,2,50,30.628334045410156,0.09504079818725586,29530.0,28.669208526611328,299,1
StandardGSGP,e68cb496-ad45-11ef-8623-e4a8dfc2a9a8,ppb,2,51,30.589067459106445,0.09195947647094727,30254.0,28.63288116455078,305,1
StandardGSGP,e68cb496-ad45-11ef-8623-e4a8dfc2a9a8,ppb,2,52,30.540782928466797,0.09513545036315918,30820.0,28.578306198120117,311,1
StandardGSGP,e68cb496-ad45-11ef-8623-e4a8dfc2a9a8,ppb,2,53,30.53580093383789,0.09404873847961426,31452.0,28.61707878112793,317,1
StandardGSGP,e68cb496-ad45-11ef-8623-e4a8dfc2a9a8,ppb,2,54,30.490938186645508,0.09463143348693848,32144.0,28.46889877319336,317,1
StandardGSGP,e68cb496-ad45-11ef-8623-e4a8dfc2a9a8,ppb,2,55,30.48662757873535,0.09291625022888184,32756.0,28.469924926757812,323,1
StandardGSGP,e68cb496-ad45-11ef-8623-e4a8dfc2a9a8,ppb,2,56,30.45482063293457,0.09259510040283203,33260.0,28.409730911254883,329,1
StandardGSGP,e68cb496-ad45-11ef-8623-e4a8dfc2a9a8,ppb,2,57,30.444475173950195,0.09115433692932129,33732.0,28.57672691345215,343,1
StandardGSGP,e68cb496-ad45-11ef-8623-e4a8dfc2a9a8,ppb,2,58,30.42755126953125,0.09251070022583008,34056.0,28.365964889526367,341,1
StandardGSGP,e68cb496-ad45-11ef-8623-e4a8dfc2a9a8,ppb,2,59,30.401620864868164,0.09157872200012207,34688.0,28.407596588134766,347,1
StandardGSGP,e68cb496-ad45-11ef-8623-e4a8dfc2a9a8,ppb,2,60,30.362783432006836,0.09156608581542969,35356.0,28.498464584350586,353,1
StandardGSGP,e68cb496-ad45-11ef-8623-e4a8dfc2a9a8,ppb,2,61,30.35344123840332,0.09351062774658203,36018.0,28.531070709228516,359,1
StandardGSGP,e68cb496-ad45-11ef-8623-e4a8dfc2a9a8,ppb,2,62,30.31574058532715,0.09151721000671387,36670.0,28.623485565185547,373,1
StandardGSGP,e68cb496-ad45-11ef-8623-e4a8dfc2a9a8,ppb,2,63,30.30340003967285,0.09198331832885742,37282.0,28.638776779174805,371,1
StandardGSGP,e68cb496-ad45-11ef-8623-e4a8dfc2a9a8,ppb,2,64,30.291658401489258,0.09151101112365723,37960.0,28.4625301361084,377,1
StandardGSGP,e68cb496-ad45-11ef-8623-e4a8dfc2a9a8,ppb,2,65,30.247394561767578,0.08978676795959473,38610.0,28.642681121826172,383,1
StandardGSGP,e68cb496-ad45-11ef-8623-e4a8dfc2a9a8,ppb,2,66,30.234914779663086,0.09051322937011719,39068.0,28.454084396362305,397,1
StandardGSGP,e68cb496-ad45-11ef-8623-e4a8dfc2a9a8,ppb,2,67,30.2183780670166,0.09194445610046387,39558.0,28.47454833984375,403,1
StandardGSGP,e68cb496-ad45-11ef-8623-e4a8dfc2a9a8,ppb,2,68,30.201393127441406,0.09496307373046875,40074.0,28.48744773864746,401,1
StandardGSGP,e68cb496-ad45-11ef-8623-e4a8dfc2a9a8,ppb,2,69,30.174711227416992,0.09061908721923828,40650.0,28.276193618774414,407,1
StandardGSGP,e68cb496-ad45-11ef-8623-e4a8dfc2a9a8,ppb,2,70,30.126296997070312,0.09100341796875,41264.0,28.159664154052734,413,1
StandardGSGP,e68cb496-ad45-11ef-8623-e4a8dfc2a9a8,ppb,2,71,30.108877182006836,0.08951187133789062,41846.0,28.29521369934082,419,1
StandardGSGP,e68cb496-ad45-11ef-8623-e4a8dfc2a9a8,ppb,2,72,30.101709365844727,0.08776378631591797,42368.0,28.326372146606445,425,1
StandardGSGP,e68cb496-ad45-11ef-8623-e4a8dfc2a9a8,ppb,2,73,30.07373809814453,0.09754514694213867,42938.0,28.186206817626953,431,1
StandardGSGP,e68cb496-ad45-11ef-8623-e4a8dfc2a9a8,ppb,2,74,30.04189109802246,0.08851003646850586,43556.0,28.38204574584961,437,1
StandardGSGP,e68cb496-ad45-11ef-8623-e4a8dfc2a9a8,ppb,2,75,30.0013484954834,0.08908534049987793,44232.0,28.217914581298828,443,1
StandardGSGP,e68cb496-ad45-11ef-8623-e4a8dfc2a9a8,ppb,2,76,29.989627838134766,0.09031486511230469,44870.0,28.266483306884766,449,1
StandardGSGP,e68cb496-ad45-11ef-8623-e4a8dfc2a9a8,ppb,2,77,29.986337661743164,0.08768987655639648,45438.0,28.44295310974121,455,1
StandardGSGP,e68cb496-ad45-11ef-8623-e4a8dfc2a9a8,ppb,2,78,29.96890640258789,0.09351992607116699,46052.0,28.416879653930664,461,1
StandardGSGP,e68cb496-ad45-11ef-8623-e4a8dfc2a9a8,ppb,2,79,29.92441749572754,0.10452461242675781,46568.0,28.081417083740234,467,1
StandardGSGP,e68cb496-ad45-11ef-8623-e4a8dfc2a9a8,ppb,2,80,29.87545394897461,0.0932929515838623,47114.0,28.16075897216797,473,1
StandardGSGP,e68cb496-ad45-11ef-8623-e4a8dfc2a9a8,ppb,2,81,29.84809112548828,0.08964014053344727,47656.0,28.124958038330078,479,1
StandardGSGP,e68cb496-ad45-11ef-8623-e4a8dfc2a9a8,ppb,2,82,29.840734481811523,0.09793567657470703,48310.0,28.033172607421875,485,1
StandardGSGP,e68cb496-ad45-11ef-8623-e4a8dfc2a9a8,ppb,2,83,29.838531494140625,0.09402823448181152,48922.0,28.19548988342285,491,1
StandardGSGP,e68cb496-ad45-11ef-8623-e4a8dfc2a9a8,ppb,2,84,29.788265228271484,0.09951496124267578,49586.0,28.350318908691406,497,1
StandardGSGP,e68cb496-ad45-11ef-8623-e4a8dfc2a9a8,ppb,2,85,29.768630981445312,0.09502363204956055,50122.0,28.110370635986328,503,1
StandardGSGP,e68cb496-ad45-11ef-8623-e4a8dfc2a9a8,ppb,2,86,29.748859405517578,0.09381580352783203,50672.0,28.136980056762695,509,1
StandardGSGP,e68cb496-ad45-11ef-8623-e4a8dfc2a9a8,ppb,2,87,29.73025894165039,0.09051322937011719,51284.0,28.1982421875,509,1
StandardGSGP,e68cb496-ad45-11ef-8623-e4a8dfc2a9a8,ppb,2,88,29.71800422668457,0.08934617042541504,51948.0,27.97681427001953,521,1
StandardGSGP,e68cb496-ad45-11ef-8623-e4a8dfc2a9a8,ppb,2,89,29.691438674926758,0.08789801597595215,52454.0,28.0986270904541,521,1
StandardGSGP,e68cb496-ad45-11ef-8623-e4a8dfc2a9a8,ppb,2,90,29.681413650512695,0.164595365524292,53026.0,28.25401496887207,527,1
StandardGSGP,e68cb496-ad45-11ef-8623-e4a8dfc2a9a8,ppb,2,91,29.670021057128906,0.09051060676574707,53582.0,28.210084915161133,533,1
StandardGSGP,e68cb496-ad45-11ef-8623-e4a8dfc2a9a8,ppb,2,92,29.594411849975586,0.1327352523803711,54118.0,28.179210662841797,539,1
StandardGSGP,e68cb496-ad45-11ef-8623-e4a8dfc2a9a8,ppb,2,93,29.594411849975586,0.08793115615844727,54536.0,28.179210662841797,539,1
StandardGSGP,e68cb496-ad45-11ef-8623-e4a8dfc2a9a8,ppb,2,94,29.594411849975586,0.08963322639465332,55026.0,28.179210662841797,539,1
StandardGSGP,e68cb496-ad45-11ef-8623-e4a8dfc2a9a8,ppb,2,95,29.571964263916016,0.09183478355407715,55428.0,28.24856185913086,551,1
StandardGSGP,e68cb496-ad45-11ef-8623-e4a8dfc2a9a8,ppb,2,96,29.566743850708008,0.0936422348022461,55788.0,28.110973358154297,557,1
StandardGSGP,e68cb496-ad45-11ef-8623-e4a8dfc2a9a8,ppb,2,97,29.493759155273438,0.09351825714111328,56320.0,28.077682495117188,563,1
StandardGSGP,e68cb496-ad45-11ef-8623-e4a8dfc2a9a8,ppb,2,98,29.457725524902344,0.09252476692199707,56912.0,28.012868881225586,569,1
StandardGSGP,e68cb496-ad45-11ef-8623-e4a8dfc2a9a8,ppb,2,99,29.457725524902344,0.08918952941894531,57352.0,28.012868881225586,569,1
StandardGSGP,e68cb496-ad45-11ef-8623-e4a8dfc2a9a8,ppb,2,100,29.456937789916992,0.09287738800048828,57828.0,27.923856735229492,581,1
