StandardGSGP,d52e3735-ad45-11ef-9ffb-e4a8dfc2a9a8,ppb,29,0,0.2985737919807434,0.04878664016723633,402.0,0.3547516465187073,3,1
StandardGSGP,d52e3735-ad45-11ef-9ffb-e4a8dfc2a9a8,ppb,29,1,0.2945055663585663,0.08701753616333008,936.0,0.3497690260410309,9,1
StandardGSGP,d52e3735-ad45-11ef-9ffb-e4a8dfc2a9a8,ppb,29,2,0.2928139865398407,0.09161829948425293,1510.0,0.34532687067985535,15,1
StandardGSGP,d52e3735-ad45-11ef-9ffb-e4a8dfc2a9a8,ppb,29,3,0.2861548066139221,0.09235525131225586,2048.0,0.4184185266494751,25,1
StandardGSGP,d52e3735-ad45-11ef-9ffb-e4a8dfc2a9a8,ppb,29,4,0.2845412790775299,0.0942389965057373,2594.0,0.3999529480934143,31,1
StandardGSGP,d52e3735-ad45-11ef-9ffb-e4a8dfc2a9a8,ppb,29,5,0.2808014750480652,0.09316349029541016,3262.0,0.41128116846084595,39,1
StandardGSGP,d52e3735-ad45-11ef-9ffb-e4a8dfc2a9a8,ppb,29,6,0.2744384706020355,0.0965266227722168,3910.0,0.38104963302612305,45,1
StandardGSGP,d52e3735-ad45-11ef-9ffb-e4a8dfc2a9a8,ppb,29,7,0.2743290364742279,0.09250879287719727,4510.0,0.4244823753833771,49,1
StandardGSGP,d52e3735-ad45-11ef-9ffb-e4a8dfc2a9a8,ppb,29,8,0.26723620295524597,0.09650826454162598,5150.0,0.357146292924881,55,1
StandardGSGP,d52e3735-ad45-11ef-9ffb-e4a8dfc2a9a8,ppb,29,9,0.26326531171798706,0.08987236022949219,5834.0,0.36476752161979675,57,1
StandardGSGP,d52e3735-ad45-11ef-9ffb-e4a8dfc2a9a8,ppb,29,10,0.26056286692619324,0.09095287322998047,6490.0,0.3711363673210144,63,1
StandardGSGP,d52e3735-ad45-11ef-9ffb-e4a8dfc2a9a8,ppb,29,11,0.25839245319366455,0.10318994522094727,7104.0,0.3554917275905609,75,1
StandardGSGP,d52e3735-ad45-11ef-9ffb-e4a8dfc2a9a8,ppb,29,12,0.25839245319366455,0.09783792495727539,7626.0,0.3554917275905609,75,1
StandardGSGP,d52e3735-ad45-11ef-9ffb-e4a8dfc2a9a8,ppb,29,13,0.25828817486763,0.08751106262207031,8272.0,0.33199214935302734,83,1
StandardGSGP,d52e3735-ad45-11ef-9ffb-e4a8dfc2a9a8,ppb,29,14,0.2571292221546173,0.09500432014465332,8810.0,0.3379535377025604,93,1
StandardGSGP,d52e3735-ad45-11ef-9ffb-e4a8dfc2a9a8,ppb,29,15,0.2535441219806671,0.08939194679260254,9250.0,0.33797526359558105,99,1
StandardGSGP,d52e3735-ad45-11ef-9ffb-e4a8dfc2a9a8,ppb,29,16,0.25280556082725525,0.11140990257263184,9964.0,0.3416912853717804,105,1
StandardGSGP,d52e3735-ad45-11ef-9ffb-e4a8dfc2a9a8,ppb,29,17,0.25231748819351196,0.09200716018676758,10690.0,0.3430861234664917,111,1
StandardGSGP,d52e3735-ad45-11ef-9ffb-e4a8dfc2a9a8,ppb,29,18,0.25078561902046204,0.08850646018981934,11332.0,0.33969706296920776,117,1
StandardGSGP,d52e3735-ad45-11ef-9ffb-e4a8dfc2a9a8,ppb,29,19,0.24507465958595276,0.09607386589050293,12008.0,0.3410569131374359,123,1
StandardGSGP,d52e3735-ad45-11ef-9ffb-e4a8dfc2a9a8,ppb,29,20,0.24446053802967072,0.09185051918029785,12670.0,0.34062913060188293,129,1
StandardGSGP,d52e3735-ad45-11ef-9ffb-e4a8dfc2a9a8,ppb,29,21,0.2425461709499359,0.08851242065429688,13328.0,0.3151450455188751,135,1
StandardGSGP,d52e3735-ad45-11ef-9ffb-e4a8dfc2a9a8,ppb,29,22,0.24135564267635345,0.09051012992858887,13972.0,0.3156691789627075,141,1
StandardGSGP,d52e3735-ad45-11ef-9ffb-e4a8dfc2a9a8,ppb,29,23,0.23971131443977356,0.08751416206359863,14484.0,0.3140835464000702,141,1
StandardGSGP,d52e3735-ad45-11ef-9ffb-e4a8dfc2a9a8,ppb,29,24,0.23971131443977356,0.08841705322265625,15072.0,0.3140835464000702,141,1
StandardGSGP,d52e3735-ad45-11ef-9ffb-e4a8dfc2a9a8,ppb,29,25,0.23950429260730743,0.08950138092041016,15600.0,0.31019893288612366,147,1
StandardGSGP,d52e3735-ad45-11ef-9ffb-e4a8dfc2a9a8,ppb,29,26,0.23950429260730743,0.08904814720153809,16082.0,0.31019893288612366,147,1
StandardGSGP,d52e3735-ad45-11ef-9ffb-e4a8dfc2a9a8,ppb,29,27,0.23712392151355743,0.08907175064086914,16642.0,0.3144947588443756,153,1
StandardGSGP,d52e3735-ad45-11ef-9ffb-e4a8dfc2a9a8,ppb,29,28,0.23001061379909515,0.08700346946716309,17076.0,0.3135790526866913,153,1
StandardGSGP,d52e3735-ad45-11ef-9ffb-e4a8dfc2a9a8,ppb,29,29,0.23001061379909515,0.08882689476013184,17122.0,0.3135790526866913,153,1
StandardGSGP,d52e3735-ad45-11ef-9ffb-e4a8dfc2a9a8,ppb,29,30,0.22986657917499542,0.08929586410522461,17248.0,0.32635748386383057,165,1
StandardGSGP,d52e3735-ad45-11ef-9ffb-e4a8dfc2a9a8,ppb,29,31,0.22986657917499542,0.09214377403259277,17464.0,0.32635748386383057,165,1
StandardGSGP,d52e3735-ad45-11ef-9ffb-e4a8dfc2a9a8,ppb,29,32,0.22875209152698517,0.09351205825805664,17886.0,0.3051536977291107,171,1
StandardGSGP,d52e3735-ad45-11ef-9ffb-e4a8dfc2a9a8,ppb,29,33,0.22860600054264069,0.09451985359191895,18304.0,0.3100881576538086,177,1
StandardGSGP,d52e3735-ad45-11ef-9ffb-e4a8dfc2a9a8,ppb,29,34,0.22725263237953186,0.09151625633239746,18678.0,0.32340744137763977,177,1
StandardGSGP,d52e3735-ad45-11ef-9ffb-e4a8dfc2a9a8,ppb,29,35,0.22541838884353638,0.08903312683105469,19068.0,0.3077924847602844,183,1
StandardGSGP,d52e3735-ad45-11ef-9ffb-e4a8dfc2a9a8,ppb,29,36,0.22541838884353638,0.0905447006225586,19582.0,0.3077924847602844,183,1
StandardGSGP,d52e3735-ad45-11ef-9ffb-e4a8dfc2a9a8,ppb,29,37,0.22062110900878906,0.09003829956054688,20046.0,0.31769809126853943,207,1
StandardGSGP,d52e3735-ad45-11ef-9ffb-e4a8dfc2a9a8,ppb,29,38,0.21952416002750397,0.0881805419921875,20492.0,0.3211430609226227,213,1
StandardGSGP,d52e3735-ad45-11ef-9ffb-e4a8dfc2a9a8,ppb,29,39,0.21952416002750397,0.0890200138092041,20908.0,0.3211430609226227,213,1
StandardGSGP,d52e3735-ad45-11ef-9ffb-e4a8dfc2a9a8,ppb,29,40,0.21952416002750397,0.09167361259460449,21552.0,0.3211430609226227,213,1
StandardGSGP,d52e3735-ad45-11ef-9ffb-e4a8dfc2a9a8,ppb,29,41,0.21946744620800018,0.08753466606140137,22132.0,0.31945356726646423,225,1
StandardGSGP,d52e3735-ad45-11ef-9ffb-e4a8dfc2a9a8,ppb,29,42,0.21946744620800018,0.08601880073547363,22582.0,0.31945356726646423,225,1
StandardGSGP,d52e3735-ad45-11ef-9ffb-e4a8dfc2a9a8,ppb,29,43,0.21660752594470978,0.0911567211151123,23180.0,0.3300909101963043,237,1
StandardGSGP,d52e3735-ad45-11ef-9ffb-e4a8dfc2a9a8,ppb,29,44,0.21660752594470978,0.09142041206359863,23570.0,0.3300909101963043,237,1
StandardGSGP,d52e3735-ad45-11ef-9ffb-e4a8dfc2a9a8,ppb,29,45,0.21660752594470978,0.08784198760986328,24194.0,0.3300909101963043,237,1
StandardGSGP,d52e3735-ad45-11ef-9ffb-e4a8dfc2a9a8,ppb,29,46,0.21573559939861298,0.09685945510864258,24870.0,0.3286990821361542,243,1
StandardGSGP,d52e3735-ad45-11ef-9ffb-e4a8dfc2a9a8,ppb,29,47,0.21571345627307892,0.0945122241973877,25242.0,0.32873570919036865,249,1
StandardGSGP,d52e3735-ad45-11ef-9ffb-e4a8dfc2a9a8,ppb,29,48,0.21169468760490417,0.0875101089477539,25664.0,0.3289290964603424,255,1
StandardGSGP,d52e3735-ad45-11ef-9ffb-e4a8dfc2a9a8,ppb,29,49,0.2114388644695282,0.0937650203704834,26182.0,0.32955458760261536,261,1
StandardGSGP,d52e3735-ad45-11ef-9ffb-e4a8dfc2a9a8,ppb,29,50,0.2114388644695282,0.090362548828125,26722.0,0.32955458760261536,261,1
StandardGSGP,d52e3735-ad45-11ef-9ffb-e4a8dfc2a9a8,ppb,29,51,0.2089509218931198,0.08961319923400879,27222.0,0.32715892791748047,273,1
StandardGSGP,d52e3735-ad45-11ef-9ffb-e4a8dfc2a9a8,ppb,29,52,0.20838662981987,0.09052586555480957,27718.0,0.3235980272293091,279,1
StandardGSGP,d52e3735-ad45-11ef-9ffb-e4a8dfc2a9a8,ppb,29,53,0.20832549035549164,0.08851099014282227,28228.0,0.3234265446662903,285,1
StandardGSGP,d52e3735-ad45-11ef-9ffb-e4a8dfc2a9a8,ppb,29,54,0.20832549035549164,0.0915064811706543,28854.0,0.3234265446662903,285,1
StandardGSGP,d52e3735-ad45-11ef-9ffb-e4a8dfc2a9a8,ppb,29,55,0.20559170842170715,0.09027481079101562,29404.0,0.32068464159965515,297,1
StandardGSGP,d52e3735-ad45-11ef-9ffb-e4a8dfc2a9a8,ppb,29,56,0.20559170842170715,0.08945512771606445,29908.0,0.32068464159965515,297,1
StandardGSGP,d52e3735-ad45-11ef-9ffb-e4a8dfc2a9a8,ppb,29,57,0.20559170842170715,0.08951187133789062,30508.0,0.32068464159965515,297,1
StandardGSGP,d52e3735-ad45-11ef-9ffb-e4a8dfc2a9a8,ppb,29,58,0.20461900532245636,0.09652042388916016,31068.0,0.3225151300430298,315,1
StandardGSGP,d52e3735-ad45-11ef-9ffb-e4a8dfc2a9a8,ppb,29,59,0.20461900532245636,0.09173011779785156,31670.0,0.3225151300430298,315,1
StandardGSGP,d52e3735-ad45-11ef-9ffb-e4a8dfc2a9a8,ppb,29,60,0.20461900532245636,0.09250903129577637,32264.0,0.3225151300430298,315,1
StandardGSGP,d52e3735-ad45-11ef-9ffb-e4a8dfc2a9a8,ppb,29,61,0.20461900532245636,0.08763551712036133,32838.0,0.3225151300430298,315,1
StandardGSGP,d52e3735-ad45-11ef-9ffb-e4a8dfc2a9a8,ppb,29,62,0.20461900532245636,0.08851885795593262,33338.0,0.3225151300430298,315,1
StandardGSGP,d52e3735-ad45-11ef-9ffb-e4a8dfc2a9a8,ppb,29,63,0.198679119348526,0.08837080001831055,33880.0,0.3182375133037567,327,1
StandardGSGP,d52e3735-ad45-11ef-9ffb-e4a8dfc2a9a8,ppb,29,64,0.198679119348526,0.08639287948608398,34448.0,0.3182375133037567,327,1
StandardGSGP,d52e3735-ad45-11ef-9ffb-e4a8dfc2a9a8,ppb,29,65,0.198679119348526,0.08953070640563965,35012.0,0.3182375133037567,327,1
StandardGSGP,d52e3735-ad45-11ef-9ffb-e4a8dfc2a9a8,ppb,29,66,0.19774824380874634,0.1073296070098877,35392.0,0.31879836320877075,339,1
StandardGSGP,d52e3735-ad45-11ef-9ffb-e4a8dfc2a9a8,ppb,29,67,0.19774824380874634,0.09051251411437988,35922.0,0.31879836320877075,339,1
StandardGSGP,d52e3735-ad45-11ef-9ffb-e4a8dfc2a9a8,ppb,29,68,0.19774824380874634,0.08850789070129395,36258.0,0.31879836320877075,339,1
StandardGSGP,d52e3735-ad45-11ef-9ffb-e4a8dfc2a9a8,ppb,29,69,0.19774824380874634,0.10744500160217285,36600.0,0.31879836320877075,339,1
StandardGSGP,d52e3735-ad45-11ef-9ffb-e4a8dfc2a9a8,ppb,29,70,0.19774824380874634,0.20403623580932617,36644.0,0.31879836320877075,339,1
StandardGSGP,d52e3735-ad45-11ef-9ffb-e4a8dfc2a9a8,ppb,29,71,0.19753412902355194,0.11202859878540039,36954.0,0.31741780042648315,345,1
StandardGSGP,d52e3735-ad45-11ef-9ffb-e4a8dfc2a9a8,ppb,29,72,0.19662220776081085,0.10631394386291504,37042.0,0.31973740458488464,369,1
StandardGSGP,d52e3735-ad45-11ef-9ffb-e4a8dfc2a9a8,ppb,29,73,0.19646181166172028,0.11086821556091309,37240.0,0.340288370847702,375,1
StandardGSGP,d52e3735-ad45-11ef-9ffb-e4a8dfc2a9a8,ppb,29,74,0.1960553377866745,0.09837675094604492,37448.0,0.32609573006629944,381,1
StandardGSGP,d52e3735-ad45-11ef-9ffb-e4a8dfc2a9a8,ppb,29,75,0.19547894597053528,0.10157895088195801,37884.0,0.3262860178947449,387,1
StandardGSGP,d52e3735-ad45-11ef-9ffb-e4a8dfc2a9a8,ppb,29,76,0.19547894597053528,0.10634303092956543,38530.0,0.3262860178947449,387,1
StandardGSGP,d52e3735-ad45-11ef-9ffb-e4a8dfc2a9a8,ppb,29,77,0.19547894597053528,0.10821723937988281,39106.0,0.3262860178947449,387,1
StandardGSGP,d52e3735-ad45-11ef-9ffb-e4a8dfc2a9a8,ppb,29,78,0.19438070058822632,0.12095451354980469,39500.0,0.3250252604484558,399,1
StandardGSGP,d52e3735-ad45-11ef-9ffb-e4a8dfc2a9a8,ppb,29,79,0.19416497647762299,0.10918474197387695,40134.0,0.32793116569519043,405,1
StandardGSGP,d52e3735-ad45-11ef-9ffb-e4a8dfc2a9a8,ppb,29,80,0.1932578980922699,0.11632704734802246,40714.0,0.3489891290664673,411,1
StandardGSGP,d52e3735-ad45-11ef-9ffb-e4a8dfc2a9a8,ppb,29,81,0.1918027698993683,0.10392975807189941,41418.0,0.34317639470100403,417,1
StandardGSGP,d52e3735-ad45-11ef-9ffb-e4a8dfc2a9a8,ppb,29,82,0.19177106022834778,0.09501409530639648,42002.0,0.34673675894737244,423,1
StandardGSGP,d52e3735-ad45-11ef-9ffb-e4a8dfc2a9a8,ppb,29,83,0.19084565341472626,0.10408568382263184,42562.0,0.3420180380344391,423,1
StandardGSGP,d52e3735-ad45-11ef-9ffb-e4a8dfc2a9a8,ppb,29,84,0.19084565341472626,0.1392204761505127,43302.0,0.3420180380344391,423,1
StandardGSGP,d52e3735-ad45-11ef-9ffb-e4a8dfc2a9a8,ppb,29,85,0.19036109745502472,0.13439035415649414,43806.0,0.3389613628387451,435,1
StandardGSGP,d52e3735-ad45-11ef-9ffb-e4a8dfc2a9a8,ppb,29,86,0.1902153640985489,0.10961151123046875,44496.0,0.33912602066993713,441,1
StandardGSGP,d52e3735-ad45-11ef-9ffb-e4a8dfc2a9a8,ppb,29,87,0.1890886425971985,0.08752059936523438,44894.0,0.34296733140945435,447,1
StandardGSGP,d52e3735-ad45-11ef-9ffb-e4a8dfc2a9a8,ppb,29,88,0.18808364868164062,0.09151363372802734,45470.0,0.34681951999664307,443,1
StandardGSGP,d52e3735-ad45-11ef-9ffb-e4a8dfc2a9a8,ppb,29,89,0.18808364868164062,0.0915076732635498,45988.0,0.34681951999664307,443,1
StandardGSGP,d52e3735-ad45-11ef-9ffb-e4a8dfc2a9a8,ppb,29,90,0.18808364868164062,0.09652161598205566,46472.0,0.34681951999664307,443,1
StandardGSGP,d52e3735-ad45-11ef-9ffb-e4a8dfc2a9a8,ppb,29,91,0.18560899794101715,0.08851242065429688,46904.0,0.3405824303627014,461,1
StandardGSGP,d52e3735-ad45-11ef-9ffb-e4a8dfc2a9a8,ppb,29,92,0.18363924324512482,0.08707857131958008,47264.0,0.3361063003540039,467,1
StandardGSGP,d52e3735-ad45-11ef-9ffb-e4a8dfc2a9a8,ppb,29,93,0.18363924324512482,0.08851027488708496,47568.0,0.3361063003540039,467,1
StandardGSGP,d52e3735-ad45-11ef-9ffb-e4a8dfc2a9a8,ppb,29,94,0.18363924324512482,0.09621024131774902,47890.0,0.3361063003540039,467,1
StandardGSGP,d52e3735-ad45-11ef-9ffb-e4a8dfc2a9a8,ppb,29,95,0.1836034506559372,0.0904543399810791,48428.0,0.33645233511924744,473,1
StandardGSGP,d52e3735-ad45-11ef-9ffb-e4a8dfc2a9a8,ppb,29,96,0.18347488343715668,0.09159493446350098,48804.0,0.3350830376148224,479,1
StandardGSGP,d52e3735-ad45-11ef-9ffb-e4a8dfc2a9a8,ppb,29,97,0.18347488343715668,0.09058809280395508,49244.0,0.3350830376148224,479,1
StandardGSGP,d52e3735-ad45-11ef-9ffb-e4a8dfc2a9a8,ppb,29,98,0.1833605021238327,0.09141349792480469,49580.0,0.32864242792129517,491,1
StandardGSGP,d52e3735-ad45-11ef-9ffb-e4a8dfc2a9a8,ppb,29,99,0.1833183914422989,0.09000158309936523,50062.0,0.30759096145629883,497,1
StandardGSGP,d52e3735-ad45-11ef-9ffb-e4a8dfc2a9a8,ppb,29,100,0.18254056572914124,0.08941864967346191,50676.0,0.30842116475105286,503,1
StandardGSGP,82f8d180-ad46-11ef-9ffb-e4a8dfc2a9a8,ppb,29,0,36.839847564697266,0.04799842834472656,402.0,57.40727233886719,7,1
StandardGSGP,82f8d180-ad46-11ef-9ffb-e4a8dfc2a9a8,ppb,29,1,36.837615966796875,0.09603762626647949,940.0,57.40552520751953,13,1
StandardGSGP,82f8d180-ad46-11ef-9ffb-e4a8dfc2a9a8,ppb,29,2,36.77731704711914,0.09518146514892578,1554.0,57.294307708740234,21,1
StandardGSGP,82f8d180-ad46-11ef-9ffb-e4a8dfc2a9a8,ppb,29,3,36.73358154296875,0.1031651496887207,2266.0,57.321048736572266,27,1
StandardGSGP,82f8d180-ad46-11ef-9ffb-e4a8dfc2a9a8,ppb,29,4,36.720558166503906,0.09375119209289551,3012.0,57.35306930541992,33,1
StandardGSGP,82f8d180-ad46-11ef-9ffb-e4a8dfc2a9a8,ppb,29,5,36.61820602416992,0.09168720245361328,3700.0,57.49385452270508,39,1
StandardGSGP,82f8d180-ad46-11ef-9ffb-e4a8dfc2a9a8,ppb,29,6,36.581642150878906,0.09267115592956543,4356.0,57.464046478271484,45,1
StandardGSGP,82f8d180-ad46-11ef-9ffb-e4a8dfc2a9a8,ppb,29,7,36.572200775146484,0.08951139450073242,4928.0,57.5154914855957,51,1
StandardGSGP,82f8d180-ad46-11ef-9ffb-e4a8dfc2a9a8,ppb,29,8,36.552581787109375,0.09321784973144531,5528.0,57.457244873046875,51,1
StandardGSGP,82f8d180-ad46-11ef-9ffb-e4a8dfc2a9a8,ppb,29,9,36.50177001953125,0.09450817108154297,6134.0,57.34346008300781,57,1
StandardGSGP,82f8d180-ad46-11ef-9ffb-e4a8dfc2a9a8,ppb,29,10,36.47011184692383,0.09051227569580078,6610.0,57.16181945800781,71,1
StandardGSGP,82f8d180-ad46-11ef-9ffb-e4a8dfc2a9a8,ppb,29,11,36.45466613769531,0.09409165382385254,7162.0,57.1627082824707,77,1
StandardGSGP,82f8d180-ad46-11ef-9ffb-e4a8dfc2a9a8,ppb,29,12,36.358741760253906,0.08993363380432129,7772.0,57.011322021484375,77,1
StandardGSGP,82f8d180-ad46-11ef-9ffb-e4a8dfc2a9a8,ppb,29,13,36.358741760253906,0.10253691673278809,8572.0,57.011322021484375,77,1
StandardGSGP,82f8d180-ad46-11ef-9ffb-e4a8dfc2a9a8,ppb,29,14,36.355464935302734,0.0969090461730957,9210.0,57.02547073364258,83,1
StandardGSGP,82f8d180-ad46-11ef-9ffb-e4a8dfc2a9a8,ppb,29,15,36.327667236328125,0.09047245979309082,9570.0,57.1314582824707,103,1
StandardGSGP,82f8d180-ad46-11ef-9ffb-e4a8dfc2a9a8,ppb,29,16,36.30791473388672,0.09021854400634766,9916.0,57.11824035644531,109,1
StandardGSGP,82f8d180-ad46-11ef-9ffb-e4a8dfc2a9a8,ppb,29,17,36.24970245361328,0.08863139152526855,10364.0,57.09848403930664,115,1
StandardGSGP,82f8d180-ad46-11ef-9ffb-e4a8dfc2a9a8,ppb,29,18,36.247310638427734,0.08968663215637207,11170.0,57.10983657836914,121,1
StandardGSGP,82f8d180-ad46-11ef-9ffb-e4a8dfc2a9a8,ppb,29,19,36.216339111328125,0.0933084487915039,11864.0,56.98206329345703,107,1
StandardGSGP,82f8d180-ad46-11ef-9ffb-e4a8dfc2a9a8,ppb,29,20,36.19272232055664,0.08751153945922852,12882.0,57.038631439208984,133,1
StandardGSGP,82f8d180-ad46-11ef-9ffb-e4a8dfc2a9a8,ppb,29,21,36.104183197021484,0.08951234817504883,13452.0,57.035911560058594,141,1
StandardGSGP,82f8d180-ad46-11ef-9ffb-e4a8dfc2a9a8,ppb,29,22,36.07516860961914,0.09824752807617188,13938.0,57.04145431518555,147,1
StandardGSGP,82f8d180-ad46-11ef-9ffb-e4a8dfc2a9a8,ppb,29,23,36.06488037109375,0.0927894115447998,14606.0,57.03623962402344,153,1
StandardGSGP,82f8d180-ad46-11ef-9ffb-e4a8dfc2a9a8,ppb,29,24,35.94499969482422,0.09414410591125488,15638.0,56.66486740112305,157,1
StandardGSGP,82f8d180-ad46-11ef-9ffb-e4a8dfc2a9a8,ppb,29,25,35.938419342041016,0.09419751167297363,16428.0,56.664676666259766,163,1
StandardGSGP,82f8d180-ad46-11ef-9ffb-e4a8dfc2a9a8,ppb,29,26,35.93571090698242,0.09350752830505371,16944.0,56.66215133666992,163,1
StandardGSGP,82f8d180-ad46-11ef-9ffb-e4a8dfc2a9a8,ppb,29,27,35.89921569824219,0.09005951881408691,17438.0,56.559547424316406,175,1
StandardGSGP,82f8d180-ad46-11ef-9ffb-e4a8dfc2a9a8,ppb,29,28,35.863792419433594,0.09000301361083984,17914.0,56.5782356262207,181,1
StandardGSGP,82f8d180-ad46-11ef-9ffb-e4a8dfc2a9a8,ppb,29,29,35.85667419433594,0.1005251407623291,18574.0,56.609840393066406,187,1
StandardGSGP,82f8d180-ad46-11ef-9ffb-e4a8dfc2a9a8,ppb,29,30,35.834693908691406,0.0924537181854248,19170.0,56.47385787963867,193,1
StandardGSGP,82f8d180-ad46-11ef-9ffb-e4a8dfc2a9a8,ppb,29,31,35.808692932128906,0.09626531600952148,19710.0,56.638370513916016,199,1
StandardGSGP,82f8d180-ad46-11ef-9ffb-e4a8dfc2a9a8,ppb,29,32,35.78636169433594,0.09694528579711914,20292.0,56.38962173461914,205,1
StandardGSGP,82f8d180-ad46-11ef-9ffb-e4a8dfc2a9a8,ppb,29,33,35.76237106323242,0.09062552452087402,20968.0,56.46718978881836,205,1
StandardGSGP,82f8d180-ad46-11ef-9ffb-e4a8dfc2a9a8,ppb,29,34,35.68872833251953,0.0942075252532959,21570.0,56.607872009277344,219,1
StandardGSGP,82f8d180-ad46-11ef-9ffb-e4a8dfc2a9a8,ppb,29,35,35.68872833251953,0.09341263771057129,22040.0,56.607872009277344,219,1
StandardGSGP,82f8d180-ad46-11ef-9ffb-e4a8dfc2a9a8,ppb,29,36,35.66705322265625,0.09210348129272461,22602.0,56.47947692871094,229,1
StandardGSGP,82f8d180-ad46-11ef-9ffb-e4a8dfc2a9a8,ppb,29,37,35.61275863647461,0.09519171714782715,23216.0,56.237083435058594,229,1
StandardGSGP,82f8d180-ad46-11ef-9ffb-e4a8dfc2a9a8,ppb,29,38,35.59386444091797,0.09451627731323242,23876.0,56.242393493652344,235,1
StandardGSGP,82f8d180-ad46-11ef-9ffb-e4a8dfc2a9a8,ppb,29,39,35.59386444091797,0.10253643989562988,24310.0,56.242393493652344,235,1
StandardGSGP,82f8d180-ad46-11ef-9ffb-e4a8dfc2a9a8,ppb,29,40,35.546478271484375,0.0882406234741211,24788.0,56.21831130981445,247,1
StandardGSGP,82f8d180-ad46-11ef-9ffb-e4a8dfc2a9a8,ppb,29,41,35.50463104248047,0.16293048858642578,25238.0,56.25495910644531,247,1
StandardGSGP,82f8d180-ad46-11ef-9ffb-e4a8dfc2a9a8,ppb,29,42,35.50094985961914,0.09551024436950684,25868.0,56.15857696533203,253,1
StandardGSGP,82f8d180-ad46-11ef-9ffb-e4a8dfc2a9a8,ppb,29,43,35.475669860839844,0.09013986587524414,26222.0,56.21263122558594,253,1
StandardGSGP,82f8d180-ad46-11ef-9ffb-e4a8dfc2a9a8,ppb,29,44,35.452205657958984,0.09157609939575195,26534.0,56.23289489746094,265,1
StandardGSGP,82f8d180-ad46-11ef-9ffb-e4a8dfc2a9a8,ppb,29,45,35.39269256591797,0.08850932121276855,26988.0,56.1647834777832,265,1
StandardGSGP,82f8d180-ad46-11ef-9ffb-e4a8dfc2a9a8,ppb,29,46,35.39234161376953,0.08963584899902344,27450.0,56.16178512573242,271,1
StandardGSGP,82f8d180-ad46-11ef-9ffb-e4a8dfc2a9a8,ppb,29,47,35.36688232421875,0.08968329429626465,27990.0,56.133453369140625,283,1
StandardGSGP,82f8d180-ad46-11ef-9ffb-e4a8dfc2a9a8,ppb,29,48,35.356632232666016,0.08916592597961426,28482.0,56.1531982421875,283,1
StandardGSGP,82f8d180-ad46-11ef-9ffb-e4a8dfc2a9a8,ppb,29,49,35.23875427246094,0.0895073413848877,28986.0,56.1137580871582,295,1
StandardGSGP,82f8d180-ad46-11ef-9ffb-e4a8dfc2a9a8,ppb,29,50,35.218994140625,0.08850955963134766,29704.0,56.0861701965332,289,1
StandardGSGP,82f8d180-ad46-11ef-9ffb-e4a8dfc2a9a8,ppb,29,51,35.218955993652344,0.09851932525634766,30414.0,56.085777282714844,295,1
StandardGSGP,82f8d180-ad46-11ef-9ffb-e4a8dfc2a9a8,ppb,29,52,35.197654724121094,0.09071612358093262,30842.0,56.03651809692383,295,1
StandardGSGP,82f8d180-ad46-11ef-9ffb-e4a8dfc2a9a8,ppb,29,53,35.16222381591797,0.09508872032165527,31186.0,55.988468170166016,301,1
StandardGSGP,82f8d180-ad46-11ef-9ffb-e4a8dfc2a9a8,ppb,29,54,35.12335205078125,0.09151291847229004,31336.0,56.181739807128906,315,1
StandardGSGP,82f8d180-ad46-11ef-9ffb-e4a8dfc2a9a8,ppb,29,55,35.111515045166016,0.0914926528930664,31620.0,55.86845016479492,331,1
StandardGSGP,82f8d180-ad46-11ef-9ffb-e4a8dfc2a9a8,ppb,29,56,35.08189392089844,0.09000396728515625,32324.0,55.84959030151367,337,1
StandardGSGP,82f8d180-ad46-11ef-9ffb-e4a8dfc2a9a8,ppb,29,57,35.068206787109375,0.09051203727722168,33380.0,55.86328887939453,343,1
StandardGSGP,82f8d180-ad46-11ef-9ffb-e4a8dfc2a9a8,ppb,29,58,35.04598617553711,0.09051132202148438,34444.0,55.70132827758789,351,1
StandardGSGP,82f8d180-ad46-11ef-9ffb-e4a8dfc2a9a8,ppb,29,59,35.01103210449219,0.09437704086303711,35302.0,55.651641845703125,355,1
StandardGSGP,82f8d180-ad46-11ef-9ffb-e4a8dfc2a9a8,ppb,29,60,34.99734878540039,0.09250950813293457,35882.0,55.638607025146484,343,1
StandardGSGP,82f8d180-ad46-11ef-9ffb-e4a8dfc2a9a8,ppb,29,61,34.970664978027344,0.09151220321655273,36450.0,55.80656051635742,371,1
StandardGSGP,82f8d180-ad46-11ef-9ffb-e4a8dfc2a9a8,ppb,29,62,34.94750213623047,0.10084772109985352,36608.0,55.715641021728516,377,1
StandardGSGP,82f8d180-ad46-11ef-9ffb-e4a8dfc2a9a8,ppb,29,63,34.92502975463867,0.08899974822998047,36794.0,55.5804328918457,383,1
StandardGSGP,82f8d180-ad46-11ef-9ffb-e4a8dfc2a9a8,ppb,29,64,34.86579132080078,0.08975386619567871,37428.0,55.3299674987793,367,1
StandardGSGP,82f8d180-ad46-11ef-9ffb-e4a8dfc2a9a8,ppb,29,65,34.85429763793945,0.09760856628417969,38132.0,55.38650131225586,373,1
StandardGSGP,82f8d180-ad46-11ef-9ffb-e4a8dfc2a9a8,ppb,29,66,34.82402801513672,0.09523963928222656,38836.0,55.36127853393555,379,1
StandardGSGP,82f8d180-ad46-11ef-9ffb-e4a8dfc2a9a8,ppb,29,67,34.79531478881836,0.0871434211730957,39102.0,55.397586822509766,385,1
StandardGSGP,82f8d180-ad46-11ef-9ffb-e4a8dfc2a9a8,ppb,29,68,34.767486572265625,0.08864617347717285,39104.0,55.58030700683594,415,1
StandardGSGP,82f8d180-ad46-11ef-9ffb-e4a8dfc2a9a8,ppb,29,69,34.74071502685547,0.09013128280639648,39728.0,55.310420989990234,397,1
StandardGSGP,82f8d180-ad46-11ef-9ffb-e4a8dfc2a9a8,ppb,29,70,34.72743606567383,0.09101700782775879,40408.0,55.39141845703125,403,1
StandardGSGP,82f8d180-ad46-11ef-9ffb-e4a8dfc2a9a8,ppb,29,71,34.70280075073242,0.09521865844726562,41102.0,55.37845230102539,409,1
StandardGSGP,82f8d180-ad46-11ef-9ffb-e4a8dfc2a9a8,ppb,29,72,34.683006286621094,0.09256172180175781,41448.0,55.328861236572266,415,1
StandardGSGP,82f8d180-ad46-11ef-9ffb-e4a8dfc2a9a8,ppb,29,73,34.60127639770508,0.0928487777709961,41992.0,55.35478210449219,415,1
StandardGSGP,82f8d180-ad46-11ef-9ffb-e4a8dfc2a9a8,ppb,29,74,34.600276947021484,0.0923004150390625,42578.0,55.37409210205078,421,1
StandardGSGP,82f8d180-ad46-11ef-9ffb-e4a8dfc2a9a8,ppb,29,75,34.58865737915039,0.09251046180725098,43036.0,55.30558776855469,427,1
StandardGSGP,82f8d180-ad46-11ef-9ffb-e4a8dfc2a9a8,ppb,29,76,34.540626525878906,0.10708427429199219,43344.0,55.31647491455078,433,1
StandardGSGP,82f8d180-ad46-11ef-9ffb-e4a8dfc2a9a8,ppb,29,77,34.52946853637695,0.09251832962036133,43758.0,55.154197692871094,439,1
StandardGSGP,82f8d180-ad46-11ef-9ffb-e4a8dfc2a9a8,ppb,29,78,34.51453399658203,0.08851146697998047,44280.0,55.2276725769043,445,1
StandardGSGP,82f8d180-ad46-11ef-9ffb-e4a8dfc2a9a8,ppb,29,79,34.47591018676758,0.08877015113830566,44800.0,55.26933288574219,451,1
StandardGSGP,82f8d180-ad46-11ef-9ffb-e4a8dfc2a9a8,ppb,29,80,34.44622802734375,0.08951044082641602,45472.0,55.223915100097656,457,1
StandardGSGP,82f8d180-ad46-11ef-9ffb-e4a8dfc2a9a8,ppb,29,81,34.435340881347656,0.0915229320526123,46118.0,55.22245407104492,463,1
StandardGSGP,82f8d180-ad46-11ef-9ffb-e4a8dfc2a9a8,ppb,29,82,34.423526763916016,0.08999037742614746,46626.0,55.265045166015625,469,1
StandardGSGP,82f8d180-ad46-11ef-9ffb-e4a8dfc2a9a8,ppb,29,83,34.376121520996094,0.09173703193664551,47322.0,55.278533935546875,469,1
StandardGSGP,82f8d180-ad46-11ef-9ffb-e4a8dfc2a9a8,ppb,29,84,34.349632263183594,0.09136343002319336,47856.0,55.19574737548828,477,1
StandardGSGP,82f8d180-ad46-11ef-9ffb-e4a8dfc2a9a8,ppb,29,85,34.328521728515625,0.08850932121276855,48302.0,55.055442810058594,481,1
StandardGSGP,82f8d180-ad46-11ef-9ffb-e4a8dfc2a9a8,ppb,29,86,34.317718505859375,0.09051036834716797,48736.0,55.087181091308594,487,1
StandardGSGP,82f8d180-ad46-11ef-9ffb-e4a8dfc2a9a8,ppb,29,87,34.29628372192383,0.08786153793334961,49314.0,55.25763702392578,493,1
StandardGSGP,82f8d180-ad46-11ef-9ffb-e4a8dfc2a9a8,ppb,29,88,34.27389907836914,0.08709335327148438,49922.0,55.31023406982422,499,1
StandardGSGP,82f8d180-ad46-11ef-9ffb-e4a8dfc2a9a8,ppb,29,89,34.24021530151367,0.08932614326477051,50520.0,54.99560546875,505,1
StandardGSGP,82f8d180-ad46-11ef-9ffb-e4a8dfc2a9a8,ppb,29,90,34.236610412597656,0.09334111213684082,51004.0,55.31038284301758,511,1
StandardGSGP,82f8d180-ad46-11ef-9ffb-e4a8dfc2a9a8,ppb,29,91,34.18810272216797,0.09050869941711426,51546.0,55.241455078125,517,1
StandardGSGP,82f8d180-ad46-11ef-9ffb-e4a8dfc2a9a8,ppb,29,92,34.18810272216797,0.08951020240783691,52144.0,55.241455078125,517,1
StandardGSGP,82f8d180-ad46-11ef-9ffb-e4a8dfc2a9a8,ppb,29,93,34.15517807006836,0.09700226783752441,52650.0,55.08192825317383,523,1
StandardGSGP,82f8d180-ad46-11ef-9ffb-e4a8dfc2a9a8,ppb,29,94,34.11465835571289,0.0959327220916748,53156.0,55.031864166259766,529,1
StandardGSGP,82f8d180-ad46-11ef-9ffb-e4a8dfc2a9a8,ppb,29,95,34.08555603027344,0.09551286697387695,53648.0,55.01091766357422,535,1
StandardGSGP,82f8d180-ad46-11ef-9ffb-e4a8dfc2a9a8,ppb,29,96,34.07400894165039,0.08851027488708496,54102.0,55.14562225341797,541,1
StandardGSGP,82f8d180-ad46-11ef-9ffb-e4a8dfc2a9a8,ppb,29,97,34.04367446899414,0.08977723121643066,54624.0,55.028785705566406,547,1
StandardGSGP,82f8d180-ad46-11ef-9ffb-e4a8dfc2a9a8,ppb,29,98,34.02793884277344,0.08863329887390137,55228.0,54.97167205810547,549,1
StandardGSGP,82f8d180-ad46-11ef-9ffb-e4a8dfc2a9a8,ppb,29,99,33.98101043701172,0.09159374237060547,55858.0,55.1075553894043,559,1
StandardGSGP,82f8d180-ad46-11ef-9ffb-e4a8dfc2a9a8,ppb,29,100,33.96630096435547,0.09350872039794922,56410.0,54.76392364501953,555,1
