StandardGSGP,8a8367df-ad45-11ef-91ba-e4a8dfc2a9a8,ppb,16,0,0.3222943842411041,0.04835247993469238,400.0,0.3503217101097107,3,1
StandardGSGP,8a8367df-ad45-11ef-91ba-e4a8dfc2a9a8,ppb,16,1,0.30618199706077576,0.09884881973266602,1010.0,0.35460275411605835,9,1
StandardGSGP,8a8367df-ad45-11ef-91ba-e4a8dfc2a9a8,ppb,16,2,0.28983163833618164,0.08884882926940918,1578.0,0.3413633108139038,19,1
StandardGSGP,8a8367df-ad45-11ef-91ba-e4a8dfc2a9a8,ppb,16,3,0.2868315577507019,0.08802413940429688,2172.0,0.33699020743370056,21,1
StandardGSGP,8a8367df-ad45-11ef-91ba-e4a8dfc2a9a8,ppb,16,4,0.2779974639415741,0.09111785888671875,2772.0,0.33856937289237976,27,1
StandardGSGP,8a8367df-ad45-11ef-91ba-e4a8dfc2a9a8,ppb,16,5,0.2773706316947937,0.09051084518432617,3308.0,0.31440550088882446,33,1
StandardGSGP,8a8367df-ad45-11ef-91ba-e4a8dfc2a9a8,ppb,16,6,0.27568501234054565,0.0875093936920166,3852.0,0.3388311266899109,39,1
StandardGSGP,8a8367df-ad45-11ef-91ba-e4a8dfc2a9a8,ppb,16,7,0.2744740843772888,0.08451318740844727,4402.0,0.3295905590057373,45,1
StandardGSGP,8a8367df-ad45-11ef-91ba-e4a8dfc2a9a8,ppb,16,8,0.2649095952510834,0.08751177787780762,4966.0,0.3268124461174011,51,1
StandardGSGP,8a8367df-ad45-11ef-91ba-e4a8dfc2a9a8,ppb,16,9,0.26451757550239563,0.08622407913208008,5554.0,0.3162807524204254,57,1
StandardGSGP,8a8367df-ad45-11ef-91ba-e4a8dfc2a9a8,ppb,16,10,0.26451757550239563,0.08658838272094727,6102.0,0.3162807524204254,57,1
StandardGSGP,8a8367df-ad45-11ef-91ba-e4a8dfc2a9a8,ppb,16,11,0.2621990442276001,0.0885157585144043,6662.0,0.3166353702545166,63,1
StandardGSGP,8a8367df-ad45-11ef-91ba-e4a8dfc2a9a8,ppb,16,12,0.25843968987464905,0.1011652946472168,7192.0,0.29818254709243774,75,1
StandardGSGP,8a8367df-ad45-11ef-91ba-e4a8dfc2a9a8,ppb,16,13,0.25194403529167175,0.10852193832397461,7728.0,0.307056725025177,75,1
StandardGSGP,8a8367df-ad45-11ef-91ba-e4a8dfc2a9a8,ppb,16,14,0.25194403529167175,0.09511113166809082,8236.0,0.307056725025177,75,1
StandardGSGP,8a8367df-ad45-11ef-91ba-e4a8dfc2a9a8,ppb,16,15,0.2501690983772278,0.08896422386169434,8870.0,0.30627116560935974,81,1
StandardGSGP,8a8367df-ad45-11ef-91ba-e4a8dfc2a9a8,ppb,16,16,0.2501690983772278,0.08521389961242676,9350.0,0.30627116560935974,81,1
StandardGSGP,8a8367df-ad45-11ef-91ba-e4a8dfc2a9a8,ppb,16,17,0.24448305368423462,0.08725452423095703,9704.0,0.3025760352611542,99,1
StandardGSGP,8a8367df-ad45-11ef-91ba-e4a8dfc2a9a8,ppb,16,18,0.24448305368423462,0.08851003646850586,10168.0,0.3025760352611542,99,1
StandardGSGP,8a8367df-ad45-11ef-91ba-e4a8dfc2a9a8,ppb,16,19,0.24300862848758698,0.08652114868164062,10672.0,0.297952264547348,111,1
StandardGSGP,8a8367df-ad45-11ef-91ba-e4a8dfc2a9a8,ppb,16,20,0.2430064082145691,0.08851075172424316,11254.0,0.30147477984428406,117,1
StandardGSGP,8a8367df-ad45-11ef-91ba-e4a8dfc2a9a8,ppb,16,21,0.2425200194120407,0.0915079116821289,11890.0,0.2975488603115082,123,1
StandardGSGP,8a8367df-ad45-11ef-91ba-e4a8dfc2a9a8,ppb,16,22,0.24207186698913574,0.08800172805786133,12522.0,0.3138125240802765,129,1
StandardGSGP,8a8367df-ad45-11ef-91ba-e4a8dfc2a9a8,ppb,16,23,0.24207186698913574,0.08851885795593262,13140.0,0.3138125240802765,129,1
StandardGSGP,8a8367df-ad45-11ef-91ba-e4a8dfc2a9a8,ppb,16,24,0.2393081784248352,0.08962035179138184,13740.0,0.31124991178512573,141,1
StandardGSGP,8a8367df-ad45-11ef-91ba-e4a8dfc2a9a8,ppb,16,25,0.2393081784248352,0.08850264549255371,14240.0,0.31124991178512573,141,1
StandardGSGP,8a8367df-ad45-11ef-91ba-e4a8dfc2a9a8,ppb,16,26,0.23863549530506134,0.08751320838928223,14742.0,0.31465157866477966,147,1
StandardGSGP,8a8367df-ad45-11ef-91ba-e4a8dfc2a9a8,ppb,16,27,0.23663896322250366,0.0888671875,15360.0,0.27771806716918945,159,1
StandardGSGP,8a8367df-ad45-11ef-91ba-e4a8dfc2a9a8,ppb,16,28,0.23663896322250366,0.08851075172424316,15838.0,0.27771806716918945,159,1
StandardGSGP,8a8367df-ad45-11ef-91ba-e4a8dfc2a9a8,ppb,16,29,0.234952911734581,0.08960628509521484,16552.0,0.3167398273944855,165,1
StandardGSGP,8a8367df-ad45-11ef-91ba-e4a8dfc2a9a8,ppb,16,30,0.23484258353710175,0.09368896484375,17168.0,0.31656768918037415,171,1
StandardGSGP,8a8367df-ad45-11ef-91ba-e4a8dfc2a9a8,ppb,16,31,0.23214176297187805,0.08958983421325684,17810.0,0.2896926701068878,177,1
StandardGSGP,8a8367df-ad45-11ef-91ba-e4a8dfc2a9a8,ppb,16,32,0.23214176297187805,0.08852028846740723,18390.0,0.2896926701068878,177,1
StandardGSGP,8a8367df-ad45-11ef-91ba-e4a8dfc2a9a8,ppb,16,33,0.23197157680988312,0.09054422378540039,18968.0,0.30550888180732727,189,1
StandardGSGP,8a8367df-ad45-11ef-91ba-e4a8dfc2a9a8,ppb,16,34,0.23072531819343567,0.09578371047973633,19532.0,0.30398476123809814,195,1
StandardGSGP,8a8367df-ad45-11ef-91ba-e4a8dfc2a9a8,ppb,16,35,0.22936135530471802,0.09183740615844727,20046.0,0.3013940453529358,201,1
StandardGSGP,8a8367df-ad45-11ef-91ba-e4a8dfc2a9a8,ppb,16,36,0.2286527156829834,0.09124445915222168,20518.0,0.2989566922187805,201,1
StandardGSGP,8a8367df-ad45-11ef-91ba-e4a8dfc2a9a8,ppb,16,37,0.2286527156829834,0.09249377250671387,21108.0,0.2989566922187805,201,1
StandardGSGP,8a8367df-ad45-11ef-91ba-e4a8dfc2a9a8,ppb,16,38,0.2286527156829834,0.09159731864929199,21642.0,0.2989566922187805,201,1
StandardGSGP,8a8367df-ad45-11ef-91ba-e4a8dfc2a9a8,ppb,16,39,0.2286527156829834,0.09463906288146973,22234.0,0.2989566922187805,201,1
StandardGSGP,8a8367df-ad45-11ef-91ba-e4a8dfc2a9a8,ppb,16,40,0.2286527156829834,0.08961677551269531,22840.0,0.2989566922187805,201,1
StandardGSGP,8a8367df-ad45-11ef-91ba-e4a8dfc2a9a8,ppb,16,41,0.22858181595802307,0.09050917625427246,23320.0,0.3197256326675415,231,1
StandardGSGP,8a8367df-ad45-11ef-91ba-e4a8dfc2a9a8,ppb,16,42,0.22831250727176666,0.08951115608215332,23848.0,0.3192121982574463,237,1
StandardGSGP,8a8367df-ad45-11ef-91ba-e4a8dfc2a9a8,ppb,16,43,0.22831250727176666,0.09594106674194336,24490.0,0.3192121982574463,237,1
StandardGSGP,8a8367df-ad45-11ef-91ba-e4a8dfc2a9a8,ppb,16,44,0.22395165264606476,0.08851003646850586,25004.0,0.2974962592124939,255,1
StandardGSGP,8a8367df-ad45-11ef-91ba-e4a8dfc2a9a8,ppb,16,45,0.22390200197696686,0.16164541244506836,25610.0,0.32226085662841797,255,1
StandardGSGP,8a8367df-ad45-11ef-91ba-e4a8dfc2a9a8,ppb,16,46,0.22300927340984344,0.09750986099243164,26386.0,0.3236766755580902,261,1
StandardGSGP,8a8367df-ad45-11ef-91ba-e4a8dfc2a9a8,ppb,16,47,0.22242002189159393,0.09275937080383301,26972.0,0.3224353492259979,261,1
StandardGSGP,8a8367df-ad45-11ef-91ba-e4a8dfc2a9a8,ppb,16,48,0.22242002189159393,0.08850955963134766,27558.0,0.3224353492259979,261,1
StandardGSGP,8a8367df-ad45-11ef-91ba-e4a8dfc2a9a8,ppb,16,49,0.22157597541809082,0.08650922775268555,27958.0,0.3175118863582611,273,1
StandardGSGP,8a8367df-ad45-11ef-91ba-e4a8dfc2a9a8,ppb,16,50,0.22157597541809082,0.09150576591491699,28496.0,0.3175118863582611,273,1
StandardGSGP,8a8367df-ad45-11ef-91ba-e4a8dfc2a9a8,ppb,16,51,0.22157597541809082,0.08751177787780762,28830.0,0.3175118863582611,273,1
StandardGSGP,8a8367df-ad45-11ef-91ba-e4a8dfc2a9a8,ppb,16,52,0.2191952019929886,0.0875239372253418,29062.0,0.3257066607475281,291,1
StandardGSGP,8a8367df-ad45-11ef-91ba-e4a8dfc2a9a8,ppb,16,53,0.218944251537323,0.09306216239929199,29566.0,0.32409462332725525,297,1
StandardGSGP,8a8367df-ad45-11ef-91ba-e4a8dfc2a9a8,ppb,16,54,0.21806269884109497,0.09317517280578613,30114.0,0.3306499421596527,297,1
StandardGSGP,8a8367df-ad45-11ef-91ba-e4a8dfc2a9a8,ppb,16,55,0.21806269884109497,0.09222173690795898,30670.0,0.3306499421596527,297,1
StandardGSGP,8a8367df-ad45-11ef-91ba-e4a8dfc2a9a8,ppb,16,56,0.21769645810127258,0.09396696090698242,31184.0,0.33124348521232605,309,1
StandardGSGP,8a8367df-ad45-11ef-91ba-e4a8dfc2a9a8,ppb,16,57,0.21754701435565948,0.09300422668457031,31772.0,0.3366149365901947,315,1
StandardGSGP,8a8367df-ad45-11ef-91ba-e4a8dfc2a9a8,ppb,16,58,0.21736162900924683,0.09550952911376953,32362.0,0.31165364384651184,321,1
StandardGSGP,8a8367df-ad45-11ef-91ba-e4a8dfc2a9a8,ppb,16,59,0.21736162900924683,0.0916750431060791,32862.0,0.31165364384651184,321,1
StandardGSGP,8a8367df-ad45-11ef-91ba-e4a8dfc2a9a8,ppb,16,60,0.21654638648033142,0.09000158309936523,33280.0,0.32368892431259155,327,1
StandardGSGP,8a8367df-ad45-11ef-91ba-e4a8dfc2a9a8,ppb,16,61,0.21591779589653015,0.09075021743774414,33692.0,0.3171757757663727,333,1
StandardGSGP,8a8367df-ad45-11ef-91ba-e4a8dfc2a9a8,ppb,16,62,0.21341277658939362,0.09378433227539062,34200.0,0.3177613615989685,339,1
StandardGSGP,8a8367df-ad45-11ef-91ba-e4a8dfc2a9a8,ppb,16,63,0.21341277658939362,0.09144997596740723,34706.0,0.3177613615989685,339,1
StandardGSGP,8a8367df-ad45-11ef-91ba-e4a8dfc2a9a8,ppb,16,64,0.21341277658939362,0.08912205696105957,35324.0,0.3177613615989685,339,1
StandardGSGP,8a8367df-ad45-11ef-91ba-e4a8dfc2a9a8,ppb,16,65,0.2080361694097519,0.0875098705291748,35842.0,0.3154187500476837,345,1
StandardGSGP,8a8367df-ad45-11ef-91ba-e4a8dfc2a9a8,ppb,16,66,0.2080361694097519,0.08884000778198242,36268.0,0.3154187500476837,345,1
StandardGSGP,8a8367df-ad45-11ef-91ba-e4a8dfc2a9a8,ppb,16,67,0.2080361694097519,0.09752249717712402,36770.0,0.3154187500476837,345,1
StandardGSGP,8a8367df-ad45-11ef-91ba-e4a8dfc2a9a8,ppb,16,68,0.2080361694097519,0.09836292266845703,37104.0,0.3154187500476837,345,1
StandardGSGP,8a8367df-ad45-11ef-91ba-e4a8dfc2a9a8,ppb,16,69,0.20776186883449554,0.09729361534118652,37196.0,0.3165748715400696,351,1
StandardGSGP,8a8367df-ad45-11ef-91ba-e4a8dfc2a9a8,ppb,16,70,0.20543095469474792,0.09230542182922363,37336.0,0.30276837944984436,371,1
StandardGSGP,8a8367df-ad45-11ef-91ba-e4a8dfc2a9a8,ppb,16,71,0.20543095469474792,0.09375286102294922,37924.0,0.30276837944984436,371,1
StandardGSGP,8a8367df-ad45-11ef-91ba-e4a8dfc2a9a8,ppb,16,72,0.20439040660858154,0.091064453125,38360.0,0.3028397560119629,393,1
StandardGSGP,8a8367df-ad45-11ef-91ba-e4a8dfc2a9a8,ppb,16,73,0.20408645272254944,0.09370017051696777,38744.0,0.3032400906085968,399,1
StandardGSGP,8a8367df-ad45-11ef-91ba-e4a8dfc2a9a8,ppb,16,74,0.20406393706798553,0.08823442459106445,39364.0,0.29368650913238525,405,1
StandardGSGP,8a8367df-ad45-11ef-91ba-e4a8dfc2a9a8,ppb,16,75,0.20337750017642975,0.09207749366760254,39840.0,0.3043937385082245,411,1
StandardGSGP,8a8367df-ad45-11ef-91ba-e4a8dfc2a9a8,ppb,16,76,0.20304441452026367,0.0982508659362793,40764.0,0.2931770086288452,417,1
StandardGSGP,8a8367df-ad45-11ef-91ba-e4a8dfc2a9a8,ppb,16,77,0.2027633637189865,0.0887138843536377,41348.0,0.30574390292167664,417,1
StandardGSGP,8a8367df-ad45-11ef-91ba-e4a8dfc2a9a8,ppb,16,78,0.19640228152275085,0.08908963203430176,42004.0,0.3215942680835724,429,1
StandardGSGP,8a8367df-ad45-11ef-91ba-e4a8dfc2a9a8,ppb,16,79,0.19640228152275085,0.09151124954223633,42808.0,0.3215942680835724,429,1
StandardGSGP,8a8367df-ad45-11ef-91ba-e4a8dfc2a9a8,ppb,16,80,0.19640228152275085,0.08951783180236816,43462.0,0.3215942680835724,429,1
StandardGSGP,8a8367df-ad45-11ef-91ba-e4a8dfc2a9a8,ppb,16,81,0.19640228152275085,0.09282970428466797,44178.0,0.3215942680835724,429,1
StandardGSGP,8a8367df-ad45-11ef-91ba-e4a8dfc2a9a8,ppb,16,82,0.19640228152275085,0.08993291854858398,44794.0,0.3215942680835724,429,1
StandardGSGP,8a8367df-ad45-11ef-91ba-e4a8dfc2a9a8,ppb,16,83,0.19640228152275085,0.08850288391113281,45320.0,0.3215942680835724,429,1
StandardGSGP,8a8367df-ad45-11ef-91ba-e4a8dfc2a9a8,ppb,16,84,0.19191306829452515,0.09761619567871094,45816.0,0.31927254796028137,459,1
StandardGSGP,8a8367df-ad45-11ef-91ba-e4a8dfc2a9a8,ppb,16,85,0.19191306829452515,0.09499382972717285,46072.0,0.31927254796028137,459,1
StandardGSGP,8a8367df-ad45-11ef-91ba-e4a8dfc2a9a8,ppb,16,86,0.19191306829452515,0.09153127670288086,46602.0,0.31927254796028137,459,1
StandardGSGP,8a8367df-ad45-11ef-91ba-e4a8dfc2a9a8,ppb,16,87,0.19017602503299713,0.09100866317749023,47002.0,0.31546518206596375,465,1
StandardGSGP,8a8367df-ad45-11ef-91ba-e4a8dfc2a9a8,ppb,16,88,0.18983563780784607,0.09113907814025879,47512.0,0.32697269320487976,477,1
StandardGSGP,8a8367df-ad45-11ef-91ba-e4a8dfc2a9a8,ppb,16,89,0.18968485295772552,0.09089231491088867,48068.0,0.32726284861564636,483,1
StandardGSGP,8a8367df-ad45-11ef-91ba-e4a8dfc2a9a8,ppb,16,90,0.18700948357582092,0.0905141830444336,48532.0,0.32617607712745667,489,1
StandardGSGP,8a8367df-ad45-11ef-91ba-e4a8dfc2a9a8,ppb,16,91,0.18700948357582092,0.0887293815612793,49172.0,0.32617607712745667,489,1
StandardGSGP,8a8367df-ad45-11ef-91ba-e4a8dfc2a9a8,ppb,16,92,0.18700948357582092,0.09351325035095215,49990.0,0.32617607712745667,489,1
StandardGSGP,8a8367df-ad45-11ef-91ba-e4a8dfc2a9a8,ppb,16,93,0.18700948357582092,0.0884394645690918,50516.0,0.32617607712745667,489,1
StandardGSGP,8a8367df-ad45-11ef-91ba-e4a8dfc2a9a8,ppb,16,94,0.18631502985954285,0.0875692367553711,50962.0,0.30780264735221863,513,1
StandardGSGP,8a8367df-ad45-11ef-91ba-e4a8dfc2a9a8,ppb,16,95,0.18159431219100952,0.09851717948913574,51460.0,0.3206072449684143,519,1
StandardGSGP,8a8367df-ad45-11ef-91ba-e4a8dfc2a9a8,ppb,16,96,0.18159431219100952,0.08951354026794434,52094.0,0.3206072449684143,519,1
StandardGSGP,8a8367df-ad45-11ef-91ba-e4a8dfc2a9a8,ppb,16,97,0.18157349526882172,0.09616494178771973,52686.0,0.3204779028892517,531,1
StandardGSGP,8a8367df-ad45-11ef-91ba-e4a8dfc2a9a8,ppb,16,98,0.1805245280265808,0.0872962474822998,53322.0,0.3175250291824341,525,1
StandardGSGP,8a8367df-ad45-11ef-91ba-e4a8dfc2a9a8,ppb,16,99,0.18031156063079834,0.08777427673339844,53886.0,0.3170364499092102,531,1
StandardGSGP,8a8367df-ad45-11ef-91ba-e4a8dfc2a9a8,ppb,16,100,0.17930828034877777,0.16773295402526855,54584.0,0.3078048825263977,537,1
StandardGSGP,374e5efd-ad46-11ef-91ba-e4a8dfc2a9a8,ppb,16,0,36.11603927612305,0.047876596450805664,400.0,40.53798294067383,3,1
StandardGSGP,374e5efd-ad46-11ef-91ba-e4a8dfc2a9a8,ppb,16,1,35.851131439208984,0.10114836692810059,998.0,40.22154998779297,9,1
StandardGSGP,374e5efd-ad46-11ef-91ba-e4a8dfc2a9a8,ppb,16,2,35.851131439208984,0.09270024299621582,1590.0,40.22154998779297,9,1
StandardGSGP,374e5efd-ad46-11ef-91ba-e4a8dfc2a9a8,ppb,16,3,35.851131439208984,0.09185194969177246,2048.0,40.22154998779297,9,1
StandardGSGP,374e5efd-ad46-11ef-91ba-e4a8dfc2a9a8,ppb,16,4,35.76382827758789,0.10052776336669922,2418.0,40.11130905151367,27,1
StandardGSGP,374e5efd-ad46-11ef-91ba-e4a8dfc2a9a8,ppb,16,5,35.51675033569336,0.09262561798095703,3000.0,39.84963607788086,33,1
StandardGSGP,374e5efd-ad46-11ef-91ba-e4a8dfc2a9a8,ppb,16,6,35.31957244873047,0.09350752830505371,3562.0,39.58719253540039,39,1
StandardGSGP,374e5efd-ad46-11ef-91ba-e4a8dfc2a9a8,ppb,16,7,35.18730545043945,0.08851099014282227,4264.0,39.467247009277344,39,1
StandardGSGP,374e5efd-ad46-11ef-91ba-e4a8dfc2a9a8,ppb,16,8,34.951351165771484,0.09673070907592773,4922.0,39.13252639770508,51,1
StandardGSGP,374e5efd-ad46-11ef-91ba-e4a8dfc2a9a8,ppb,16,9,34.860599517822266,0.08924651145935059,5500.0,39.01127624511719,57,1
StandardGSGP,374e5efd-ad46-11ef-91ba-e4a8dfc2a9a8,ppb,16,10,34.66399383544922,0.09151554107666016,6088.0,38.84940719604492,63,1
StandardGSGP,374e5efd-ad46-11ef-91ba-e4a8dfc2a9a8,ppb,16,11,34.48800277709961,0.10299539566040039,6776.0,38.607486724853516,69,1
StandardGSGP,374e5efd-ad46-11ef-91ba-e4a8dfc2a9a8,ppb,16,12,34.3548583984375,0.10104608535766602,7432.0,38.44353485107422,75,1
StandardGSGP,374e5efd-ad46-11ef-91ba-e4a8dfc2a9a8,ppb,16,13,34.181087493896484,0.11051011085510254,8066.0,38.3682975769043,81,1
StandardGSGP,374e5efd-ad46-11ef-91ba-e4a8dfc2a9a8,ppb,16,14,34.004886627197266,0.18413686752319336,8652.0,37.958370208740234,87,1
StandardGSGP,374e5efd-ad46-11ef-91ba-e4a8dfc2a9a8,ppb,16,15,33.89884948730469,0.08851408958435059,9258.0,37.883628845214844,93,1
StandardGSGP,374e5efd-ad46-11ef-91ba-e4a8dfc2a9a8,ppb,16,16,33.7513542175293,0.08884668350219727,9830.0,37.64044952392578,99,1
StandardGSGP,374e5efd-ad46-11ef-91ba-e4a8dfc2a9a8,ppb,16,17,33.58279037475586,0.10691452026367188,10432.0,37.41960906982422,105,1
StandardGSGP,374e5efd-ad46-11ef-91ba-e4a8dfc2a9a8,ppb,16,18,33.5413818359375,0.10390400886535645,10976.0,37.35132598876953,105,1
StandardGSGP,374e5efd-ad46-11ef-91ba-e4a8dfc2a9a8,ppb,16,19,33.368080139160156,0.10077929496765137,11568.0,37.37351989746094,117,1
StandardGSGP,374e5efd-ad46-11ef-91ba-e4a8dfc2a9a8,ppb,16,20,33.31053924560547,0.0994715690612793,12174.0,37.100250244140625,123,1
StandardGSGP,374e5efd-ad46-11ef-91ba-e4a8dfc2a9a8,ppb,16,21,33.17717742919922,0.10147547721862793,12720.0,37.07724380493164,129,1
StandardGSGP,374e5efd-ad46-11ef-91ba-e4a8dfc2a9a8,ppb,16,22,32.98957061767578,0.10714197158813477,13300.0,36.906005859375,135,1
StandardGSGP,374e5efd-ad46-11ef-91ba-e4a8dfc2a9a8,ppb,16,23,32.876583099365234,0.09724640846252441,14010.0,36.79911804199219,141,1
StandardGSGP,374e5efd-ad46-11ef-91ba-e4a8dfc2a9a8,ppb,16,24,32.7576904296875,0.11455249786376953,14678.0,36.2877082824707,147,1
StandardGSGP,374e5efd-ad46-11ef-91ba-e4a8dfc2a9a8,ppb,16,25,32.67707824707031,0.09666585922241211,15260.0,36.4502067565918,153,1
StandardGSGP,374e5efd-ad46-11ef-91ba-e4a8dfc2a9a8,ppb,16,26,32.61937713623047,0.1100318431854248,15828.0,36.433231353759766,159,1
StandardGSGP,374e5efd-ad46-11ef-91ba-e4a8dfc2a9a8,ppb,16,27,32.49005126953125,0.10512781143188477,16432.0,36.250240325927734,165,1
StandardGSGP,374e5efd-ad46-11ef-91ba-e4a8dfc2a9a8,ppb,16,28,32.43746566772461,0.09879493713378906,17028.0,36.158424377441406,171,1
StandardGSGP,374e5efd-ad46-11ef-91ba-e4a8dfc2a9a8,ppb,16,29,32.39216995239258,0.09990477561950684,17634.0,35.77583312988281,177,1
StandardGSGP,374e5efd-ad46-11ef-91ba-e4a8dfc2a9a8,ppb,16,30,32.29640197753906,0.09917879104614258,18184.0,35.96439743041992,183,1
StandardGSGP,374e5efd-ad46-11ef-91ba-e4a8dfc2a9a8,ppb,16,31,32.22804641723633,0.09843850135803223,18842.0,35.83184814453125,189,1
StandardGSGP,374e5efd-ad46-11ef-91ba-e4a8dfc2a9a8,ppb,16,32,32.12639617919922,0.10012507438659668,19454.0,35.31586837768555,195,1
StandardGSGP,374e5efd-ad46-11ef-91ba-e4a8dfc2a9a8,ppb,16,33,32.079681396484375,0.10453033447265625,20042.0,35.52028274536133,201,1
StandardGSGP,374e5efd-ad46-11ef-91ba-e4a8dfc2a9a8,ppb,16,34,31.95024871826172,0.10552525520324707,20682.0,35.05381393432617,207,1
StandardGSGP,374e5efd-ad46-11ef-91ba-e4a8dfc2a9a8,ppb,16,35,31.947551727294922,0.09651517868041992,21260.0,35.30059814453125,213,1
StandardGSGP,374e5efd-ad46-11ef-91ba-e4a8dfc2a9a8,ppb,16,36,31.866539001464844,0.09936666488647461,21814.0,34.911495208740234,213,1
StandardGSGP,374e5efd-ad46-11ef-91ba-e4a8dfc2a9a8,ppb,16,37,31.839303970336914,0.1020803451538086,22338.0,34.838096618652344,219,1
StandardGSGP,374e5efd-ad46-11ef-91ba-e4a8dfc2a9a8,ppb,16,38,31.78985595703125,0.1038973331451416,22820.0,35.07081985473633,231,1
StandardGSGP,374e5efd-ad46-11ef-91ba-e4a8dfc2a9a8,ppb,16,39,31.737438201904297,0.11734271049499512,23310.0,34.676918029785156,233,1
StandardGSGP,374e5efd-ad46-11ef-91ba-e4a8dfc2a9a8,ppb,16,40,31.728439331054688,0.11871457099914551,23870.0,34.562496185302734,237,1
StandardGSGP,374e5efd-ad46-11ef-91ba-e4a8dfc2a9a8,ppb,16,41,31.650562286376953,0.09217524528503418,24488.0,34.69491195678711,249,1
StandardGSGP,374e5efd-ad46-11ef-91ba-e4a8dfc2a9a8,ppb,16,42,31.625749588012695,0.09975004196166992,25080.0,34.71648025512695,255,1
StandardGSGP,374e5efd-ad46-11ef-91ba-e4a8dfc2a9a8,ppb,16,43,31.609617233276367,0.09572935104370117,25834.0,34.55976104736328,261,1
StandardGSGP,374e5efd-ad46-11ef-91ba-e4a8dfc2a9a8,ppb,16,44,31.571168899536133,0.10162043571472168,26552.0,34.473968505859375,267,1
StandardGSGP,374e5efd-ad46-11ef-91ba-e4a8dfc2a9a8,ppb,16,45,31.54340362548828,0.09435772895812988,27156.0,34.53369903564453,275,1
StandardGSGP,374e5efd-ad46-11ef-91ba-e4a8dfc2a9a8,ppb,16,46,31.51453399658203,0.10708451271057129,27728.0,34.460147857666016,281,1
StandardGSGP,374e5efd-ad46-11ef-91ba-e4a8dfc2a9a8,ppb,16,47,31.485801696777344,0.09050607681274414,28252.0,34.36568069458008,287,1
StandardGSGP,374e5efd-ad46-11ef-91ba-e4a8dfc2a9a8,ppb,16,48,31.47119140625,0.09551191329956055,28950.0,34.40605926513672,293,1
StandardGSGP,374e5efd-ad46-11ef-91ba-e4a8dfc2a9a8,ppb,16,49,31.441102981567383,0.09450984001159668,29532.0,34.29416275024414,301,1
StandardGSGP,374e5efd-ad46-11ef-91ba-e4a8dfc2a9a8,ppb,16,50,31.43174934387207,0.09851241111755371,30016.0,34.291996002197266,307,1
StandardGSGP,374e5efd-ad46-11ef-91ba-e4a8dfc2a9a8,ppb,16,51,31.402132034301758,0.1098332405090332,30628.0,34.31092834472656,303,1
StandardGSGP,374e5efd-ad46-11ef-91ba-e4a8dfc2a9a8,ppb,16,52,31.365495681762695,0.09275174140930176,31258.0,34.16884994506836,313,1
StandardGSGP,374e5efd-ad46-11ef-91ba-e4a8dfc2a9a8,ppb,16,53,31.331951141357422,0.10313129425048828,31702.0,34.252845764160156,315,1
StandardGSGP,374e5efd-ad46-11ef-91ba-e4a8dfc2a9a8,ppb,16,54,31.281505584716797,0.10293412208557129,32236.0,34.07707977294922,321,1
StandardGSGP,374e5efd-ad46-11ef-91ba-e4a8dfc2a9a8,ppb,16,55,31.259342193603516,0.09351396560668945,32734.0,34.02845764160156,327,1
StandardGSGP,374e5efd-ad46-11ef-91ba-e4a8dfc2a9a8,ppb,16,56,31.205001831054688,0.09639978408813477,33238.0,34.046165466308594,327,1
StandardGSGP,374e5efd-ad46-11ef-91ba-e4a8dfc2a9a8,ppb,16,57,31.205001831054688,0.1012735366821289,33832.0,34.046165466308594,327,1
StandardGSGP,374e5efd-ad46-11ef-91ba-e4a8dfc2a9a8,ppb,16,58,31.191469192504883,0.09197545051574707,34308.0,33.98546600341797,333,1
StandardGSGP,374e5efd-ad46-11ef-91ba-e4a8dfc2a9a8,ppb,16,59,31.138057708740234,0.09093642234802246,34710.0,33.77730178833008,339,1
StandardGSGP,374e5efd-ad46-11ef-91ba-e4a8dfc2a9a8,ppb,16,60,31.125410079956055,0.0988919734954834,35022.0,33.76558303833008,345,1
StandardGSGP,374e5efd-ad46-11ef-91ba-e4a8dfc2a9a8,ppb,16,61,31.1032657623291,0.10791206359863281,35344.0,33.84402847290039,357,1
StandardGSGP,374e5efd-ad46-11ef-91ba-e4a8dfc2a9a8,ppb,16,62,31.078874588012695,0.1137840747833252,35862.0,33.68272399902344,363,1
StandardGSGP,374e5efd-ad46-11ef-91ba-e4a8dfc2a9a8,ppb,16,63,31.042652130126953,0.10768961906433105,36498.0,33.68991470336914,363,1
StandardGSGP,374e5efd-ad46-11ef-91ba-e4a8dfc2a9a8,ppb,16,64,31.039100646972656,0.09375429153442383,37182.0,33.64347839355469,369,1
StandardGSGP,374e5efd-ad46-11ef-91ba-e4a8dfc2a9a8,ppb,16,65,30.97722625732422,0.09241104125976562,37744.0,33.7056884765625,375,1
StandardGSGP,374e5efd-ad46-11ef-91ba-e4a8dfc2a9a8,ppb,16,66,30.96844482421875,0.09237194061279297,38182.0,33.7056884765625,381,1
StandardGSGP,374e5efd-ad46-11ef-91ba-e4a8dfc2a9a8,ppb,16,67,30.959548950195312,0.09276509284973145,38776.0,33.63345718383789,387,1
StandardGSGP,374e5efd-ad46-11ef-91ba-e4a8dfc2a9a8,ppb,16,68,30.95571517944336,0.0930931568145752,39398.0,33.597591400146484,393,1
StandardGSGP,374e5efd-ad46-11ef-91ba-e4a8dfc2a9a8,ppb,16,69,30.910425186157227,0.0913546085357666,39836.0,33.56330871582031,399,1
StandardGSGP,374e5efd-ad46-11ef-91ba-e4a8dfc2a9a8,ppb,16,70,30.890722274780273,0.08851146697998047,40416.0,33.5423469543457,405,1
StandardGSGP,374e5efd-ad46-11ef-91ba-e4a8dfc2a9a8,ppb,16,71,30.879674911499023,0.10211563110351562,40984.0,33.36579513549805,413,1
StandardGSGP,374e5efd-ad46-11ef-91ba-e4a8dfc2a9a8,ppb,16,72,30.877729415893555,0.08957171440124512,41590.0,33.39159393310547,419,1
StandardGSGP,374e5efd-ad46-11ef-91ba-e4a8dfc2a9a8,ppb,16,73,30.840484619140625,0.09200382232666016,42176.0,33.317420959472656,425,1
StandardGSGP,374e5efd-ad46-11ef-91ba-e4a8dfc2a9a8,ppb,16,74,30.827882766723633,0.08941864967346191,42782.0,33.33438491821289,431,1
StandardGSGP,374e5efd-ad46-11ef-91ba-e4a8dfc2a9a8,ppb,16,75,30.826828002929688,0.0899512767791748,43458.0,33.308448791503906,437,1
StandardGSGP,374e5efd-ad46-11ef-91ba-e4a8dfc2a9a8,ppb,16,76,30.811126708984375,0.17400646209716797,44156.0,33.338523864746094,443,1
StandardGSGP,374e5efd-ad46-11ef-91ba-e4a8dfc2a9a8,ppb,16,77,30.769439697265625,0.09086871147155762,44752.0,33.24299621582031,443,1
StandardGSGP,374e5efd-ad46-11ef-91ba-e4a8dfc2a9a8,ppb,16,78,30.765512466430664,0.10005378723144531,45248.0,33.35151290893555,453,1
StandardGSGP,374e5efd-ad46-11ef-91ba-e4a8dfc2a9a8,ppb,16,79,30.729942321777344,0.09451484680175781,45850.0,33.354347229003906,455,1
StandardGSGP,374e5efd-ad46-11ef-91ba-e4a8dfc2a9a8,ppb,16,80,30.674667358398438,0.09067511558532715,46270.0,33.25401306152344,461,1
StandardGSGP,374e5efd-ad46-11ef-91ba-e4a8dfc2a9a8,ppb,16,81,30.67106056213379,0.0893402099609375,46686.0,33.23658752441406,467,1
StandardGSGP,374e5efd-ad46-11ef-91ba-e4a8dfc2a9a8,ppb,16,82,30.643606185913086,0.08776497840881348,47182.0,33.207366943359375,473,1
StandardGSGP,374e5efd-ad46-11ef-91ba-e4a8dfc2a9a8,ppb,16,83,30.636327743530273,0.0905148983001709,47764.0,33.08113098144531,479,1
StandardGSGP,374e5efd-ad46-11ef-91ba-e4a8dfc2a9a8,ppb,16,84,30.603784561157227,0.09633374214172363,48354.0,33.314186096191406,485,1
StandardGSGP,374e5efd-ad46-11ef-91ba-e4a8dfc2a9a8,ppb,16,85,30.534425735473633,0.08899879455566406,48976.0,33.14004135131836,485,1
StandardGSGP,374e5efd-ad46-11ef-91ba-e4a8dfc2a9a8,ppb,16,86,30.522165298461914,0.09467744827270508,49566.0,33.11888122558594,491,1
StandardGSGP,374e5efd-ad46-11ef-91ba-e4a8dfc2a9a8,ppb,16,87,30.50361442565918,0.09150552749633789,49978.0,33.09761428833008,497,1
StandardGSGP,374e5efd-ad46-11ef-91ba-e4a8dfc2a9a8,ppb,16,88,30.491518020629883,0.08990883827209473,50308.0,33.06896209716797,497,1
StandardGSGP,374e5efd-ad46-11ef-91ba-e4a8dfc2a9a8,ppb,16,89,30.470239639282227,0.09175825119018555,50774.0,33.02583312988281,509,1
StandardGSGP,374e5efd-ad46-11ef-91ba-e4a8dfc2a9a8,ppb,16,90,30.449996948242188,0.09310030937194824,51336.0,32.96894836425781,515,1
StandardGSGP,374e5efd-ad46-11ef-91ba-e4a8dfc2a9a8,ppb,16,91,30.41684341430664,0.0916743278503418,51930.0,32.99666213989258,515,1
StandardGSGP,374e5efd-ad46-11ef-91ba-e4a8dfc2a9a8,ppb,16,92,30.411340713500977,0.0929403305053711,52556.0,32.912635803222656,527,1
StandardGSGP,374e5efd-ad46-11ef-91ba-e4a8dfc2a9a8,ppb,16,93,30.37119483947754,0.0953969955444336,53192.0,33.01482009887695,527,1
StandardGSGP,374e5efd-ad46-11ef-91ba-e4a8dfc2a9a8,ppb,16,94,30.3607120513916,0.09056711196899414,53670.0,33.02269744873047,533,1
StandardGSGP,374e5efd-ad46-11ef-91ba-e4a8dfc2a9a8,ppb,16,95,30.35601234436035,0.0933523178100586,54068.0,32.982177734375,539,1
StandardGSGP,374e5efd-ad46-11ef-91ba-e4a8dfc2a9a8,ppb,16,96,30.341814041137695,0.12872099876403809,54446.0,32.92415237426758,545,1
StandardGSGP,374e5efd-ad46-11ef-91ba-e4a8dfc2a9a8,ppb,16,97,30.324872970581055,0.1362450122833252,54986.0,32.97751235961914,551,1
StandardGSGP,374e5efd-ad46-11ef-91ba-e4a8dfc2a9a8,ppb,16,98,30.32200813293457,0.11371660232543945,55482.0,32.91179275512695,557,1
StandardGSGP,374e5efd-ad46-11ef-91ba-e4a8dfc2a9a8,ppb,16,99,30.292957305908203,0.10023784637451172,56116.0,32.94939041137695,563,1
StandardGSGP,374e5efd-ad46-11ef-91ba-e4a8dfc2a9a8,ppb,16,100,30.290687561035156,0.09399938583374023,56778.0,33.03879928588867,569,1
