StandardGSGP,6776dc21-ad45-11ef-8fb6-e4a8dfc2a9a8,ppb,10,0,0.3302817642688751,0.04851579666137695,402.0,0.2874878942966461,3,1
StandardGSGP,6776dc21-ad45-11ef-8fb6-e4a8dfc2a9a8,ppb,10,1,0.3302817642688751,0.09752154350280762,946.0,0.2874878942966461,3,1
StandardGSGP,6776dc21-ad45-11ef-8fb6-e4a8dfc2a9a8,ppb,10,2,0.3183823823928833,0.09510183334350586,1534.0,0.2960822880268097,15,1
StandardGSGP,6776dc21-ad45-11ef-8fb6-e4a8dfc2a9a8,ppb,10,3,0.31604209542274475,0.09753966331481934,2072.0,0.37163498997688293,21,1
StandardGSGP,6776dc21-ad45-11ef-8fb6-e4a8dfc2a9a8,ppb,10,4,0.3053782284259796,0.09550786018371582,2616.0,0.3672312796115875,27,1
StandardGSGP,6776dc21-ad45-11ef-8fb6-e4a8dfc2a9a8,ppb,10,5,0.2990465760231018,0.09974503517150879,3058.0,0.3737456798553467,33,1
StandardGSGP,6776dc21-ad45-11ef-8fb6-e4a8dfc2a9a8,ppb,10,6,0.2898717522621155,0.09052562713623047,3570.0,0.36137717962265015,41,1
StandardGSGP,6776dc21-ad45-11ef-8fb6-e4a8dfc2a9a8,ppb,10,7,0.28967922925949097,0.09471797943115234,4140.0,0.36161577701568604,47,1
StandardGSGP,6776dc21-ad45-11ef-8fb6-e4a8dfc2a9a8,ppb,10,8,0.28963130712509155,0.09403109550476074,4846.0,0.3716849982738495,45,1
StandardGSGP,6776dc21-ad45-11ef-8fb6-e4a8dfc2a9a8,ppb,10,9,0.2881171405315399,0.09266805648803711,5376.0,0.34099844098091125,55,1
StandardGSGP,6776dc21-ad45-11ef-8fb6-e4a8dfc2a9a8,ppb,10,10,0.2848317623138428,0.09200692176818848,5880.0,0.34421658515930176,61,1
StandardGSGP,6776dc21-ad45-11ef-8fb6-e4a8dfc2a9a8,ppb,10,11,0.28024736046791077,0.09777545928955078,6466.0,0.36201128363609314,63,1
StandardGSGP,6776dc21-ad45-11ef-8fb6-e4a8dfc2a9a8,ppb,10,12,0.28024736046791077,0.09238624572753906,7120.0,0.36201128363609314,63,1
StandardGSGP,6776dc21-ad45-11ef-8fb6-e4a8dfc2a9a8,ppb,10,13,0.27964410185813904,0.09197831153869629,7666.0,0.34380042552948,73,1
StandardGSGP,6776dc21-ad45-11ef-8fb6-e4a8dfc2a9a8,ppb,10,14,0.27094975113868713,0.11022496223449707,8170.0,0.33475667238235474,79,1
StandardGSGP,6776dc21-ad45-11ef-8fb6-e4a8dfc2a9a8,ppb,10,15,0.2705744802951813,0.0890035629272461,8700.0,0.33435454964637756,85,1
StandardGSGP,6776dc21-ad45-11ef-8fb6-e4a8dfc2a9a8,ppb,10,16,0.26861774921417236,0.08832693099975586,9232.0,0.33423566818237305,91,1
StandardGSGP,6776dc21-ad45-11ef-8fb6-e4a8dfc2a9a8,ppb,10,17,0.26861774921417236,0.0926201343536377,9886.0,0.33423566818237305,91,1
StandardGSGP,6776dc21-ad45-11ef-8fb6-e4a8dfc2a9a8,ppb,10,18,0.2662835121154785,0.09151983261108398,10376.0,0.3250574767589569,97,1
StandardGSGP,6776dc21-ad45-11ef-8fb6-e4a8dfc2a9a8,ppb,10,19,0.262661337852478,0.08750724792480469,10792.0,0.31360575556755066,103,1
StandardGSGP,6776dc21-ad45-11ef-8fb6-e4a8dfc2a9a8,ppb,10,20,0.262661337852478,0.09784197807312012,11244.0,0.31360575556755066,103,1
StandardGSGP,6776dc21-ad45-11ef-8fb6-e4a8dfc2a9a8,ppb,10,21,0.26129743456840515,0.08679699897766113,11760.0,0.3226255774497986,115,1
StandardGSGP,6776dc21-ad45-11ef-8fb6-e4a8dfc2a9a8,ppb,10,22,0.2597760558128357,0.08725905418395996,12136.0,0.32486215233802795,121,1
StandardGSGP,6776dc21-ad45-11ef-8fb6-e4a8dfc2a9a8,ppb,10,23,0.2568870186805725,0.08951735496520996,12702.0,0.3369852304458618,127,1
StandardGSGP,6776dc21-ad45-11ef-8fb6-e4a8dfc2a9a8,ppb,10,24,0.2568870186805725,0.08831000328063965,13144.0,0.3369852304458618,127,1
StandardGSGP,6776dc21-ad45-11ef-8fb6-e4a8dfc2a9a8,ppb,10,25,0.24936172366142273,0.08990049362182617,13710.0,0.3108186423778534,139,1
StandardGSGP,6776dc21-ad45-11ef-8fb6-e4a8dfc2a9a8,ppb,10,26,0.24846215546131134,0.08954262733459473,14320.0,0.30891966819763184,145,1
StandardGSGP,6776dc21-ad45-11ef-8fb6-e4a8dfc2a9a8,ppb,10,27,0.2481716126203537,0.0895075798034668,14896.0,0.3109947741031647,151,1
StandardGSGP,6776dc21-ad45-11ef-8fb6-e4a8dfc2a9a8,ppb,10,28,0.24613754451274872,0.08851408958435059,15506.0,0.3096759617328644,157,1
StandardGSGP,6776dc21-ad45-11ef-8fb6-e4a8dfc2a9a8,ppb,10,29,0.24552810192108154,0.08851265907287598,16006.0,0.3093666136264801,157,1
StandardGSGP,6776dc21-ad45-11ef-8fb6-e4a8dfc2a9a8,ppb,10,30,0.2438911497592926,0.09634804725646973,16462.0,0.31504303216934204,163,1
StandardGSGP,6776dc21-ad45-11ef-8fb6-e4a8dfc2a9a8,ppb,10,31,0.24356043338775635,0.09445309638977051,17056.0,0.31486988067626953,169,1
StandardGSGP,6776dc21-ad45-11ef-8fb6-e4a8dfc2a9a8,ppb,10,32,0.24195827543735504,0.08827900886535645,17566.0,0.3130910098552704,169,1
StandardGSGP,6776dc21-ad45-11ef-8fb6-e4a8dfc2a9a8,ppb,10,33,0.24027416110038757,0.0859079360961914,18038.0,0.31123825907707214,175,1
StandardGSGP,6776dc21-ad45-11ef-8fb6-e4a8dfc2a9a8,ppb,10,34,0.24027416110038757,0.08951449394226074,18548.0,0.31123825907707214,175,1
StandardGSGP,6776dc21-ad45-11ef-8fb6-e4a8dfc2a9a8,ppb,10,35,0.23660123348236084,0.08851337432861328,19150.0,0.3100733458995819,193,1
StandardGSGP,6776dc21-ad45-11ef-8fb6-e4a8dfc2a9a8,ppb,10,36,0.23660123348236084,0.08951234817504883,19750.0,0.3100733458995819,193,1
StandardGSGP,6776dc21-ad45-11ef-8fb6-e4a8dfc2a9a8,ppb,10,37,0.23660123348236084,0.09551215171813965,20294.0,0.3100733458995819,193,1
StandardGSGP,6776dc21-ad45-11ef-8fb6-e4a8dfc2a9a8,ppb,10,38,0.23604264855384827,0.09000134468078613,20832.0,0.2935425043106079,205,1
StandardGSGP,6776dc21-ad45-11ef-8fb6-e4a8dfc2a9a8,ppb,10,39,0.23604264855384827,0.08650922775268555,21296.0,0.2935425043106079,205,1
StandardGSGP,6776dc21-ad45-11ef-8fb6-e4a8dfc2a9a8,ppb,10,40,0.23575104773044586,0.09351158142089844,21854.0,0.2953681945800781,217,1
StandardGSGP,6776dc21-ad45-11ef-8fb6-e4a8dfc2a9a8,ppb,10,41,0.23566484451293945,0.08951234817504883,22210.0,0.2950926125049591,223,1
StandardGSGP,6776dc21-ad45-11ef-8fb6-e4a8dfc2a9a8,ppb,10,42,0.2346688061952591,0.09151077270507812,22632.0,0.2825668752193451,229,1
StandardGSGP,6776dc21-ad45-11ef-8fb6-e4a8dfc2a9a8,ppb,10,43,0.23398049175739288,0.0865178108215332,23214.0,0.2833784222602844,235,1
StandardGSGP,6776dc21-ad45-11ef-8fb6-e4a8dfc2a9a8,ppb,10,44,0.23398049175739288,0.17223620414733887,23802.0,0.2833784222602844,235,1
StandardGSGP,6776dc21-ad45-11ef-8fb6-e4a8dfc2a9a8,ppb,10,45,0.23385438323020935,0.09804224967956543,24346.0,0.30205151438713074,247,1
StandardGSGP,6776dc21-ad45-11ef-8fb6-e4a8dfc2a9a8,ppb,10,46,0.23385438323020935,0.09796357154846191,24824.0,0.30205151438713074,247,1
StandardGSGP,6776dc21-ad45-11ef-8fb6-e4a8dfc2a9a8,ppb,10,47,0.230601966381073,0.10366058349609375,25284.0,0.3001478314399719,247,1
StandardGSGP,6776dc21-ad45-11ef-8fb6-e4a8dfc2a9a8,ppb,10,48,0.230601966381073,0.10404682159423828,25844.0,0.3001478314399719,247,1
StandardGSGP,6776dc21-ad45-11ef-8fb6-e4a8dfc2a9a8,ppb,10,49,0.22950245440006256,0.10102057456970215,26374.0,0.2990490198135376,253,1
StandardGSGP,6776dc21-ad45-11ef-8fb6-e4a8dfc2a9a8,ppb,10,50,0.22822895646095276,0.09506988525390625,26868.0,0.3054055869579315,253,1
StandardGSGP,6776dc21-ad45-11ef-8fb6-e4a8dfc2a9a8,ppb,10,51,0.22822895646095276,0.09930872917175293,27138.0,0.3054055869579315,253,1
StandardGSGP,6776dc21-ad45-11ef-8fb6-e4a8dfc2a9a8,ppb,10,52,0.22822895646095276,0.09550952911376953,27392.0,0.3054055869579315,253,1
StandardGSGP,6776dc21-ad45-11ef-8fb6-e4a8dfc2a9a8,ppb,10,53,0.22686640918254852,0.09351158142089844,27734.0,0.3023151457309723,271,1
StandardGSGP,6776dc21-ad45-11ef-8fb6-e4a8dfc2a9a8,ppb,10,54,0.22514939308166504,0.10226130485534668,27942.0,0.2943868041038513,261,1
StandardGSGP,6776dc21-ad45-11ef-8fb6-e4a8dfc2a9a8,ppb,10,55,0.22424496710300446,0.0935063362121582,28446.0,0.2961783707141876,267,1
StandardGSGP,6776dc21-ad45-11ef-8fb6-e4a8dfc2a9a8,ppb,10,56,0.22324125468730927,0.09997248649597168,28900.0,0.30009859800338745,289,1
StandardGSGP,6776dc21-ad45-11ef-8fb6-e4a8dfc2a9a8,ppb,10,57,0.22324125468730927,0.10489606857299805,29516.0,0.30009859800338745,289,1
StandardGSGP,6776dc21-ad45-11ef-8fb6-e4a8dfc2a9a8,ppb,10,58,0.22324125468730927,0.1124563217163086,30056.0,0.30009859800338745,289,1
StandardGSGP,6776dc21-ad45-11ef-8fb6-e4a8dfc2a9a8,ppb,10,59,0.22269774973392487,0.11545681953430176,30388.0,0.30033570528030396,295,1
StandardGSGP,6776dc21-ad45-11ef-8fb6-e4a8dfc2a9a8,ppb,10,60,0.22057700157165527,0.09524750709533691,30664.0,0.3254276216030121,291,1
StandardGSGP,6776dc21-ad45-11ef-8fb6-e4a8dfc2a9a8,ppb,10,61,0.22020041942596436,0.0919792652130127,31044.0,0.3061588704586029,319,1
StandardGSGP,6776dc21-ad45-11ef-8fb6-e4a8dfc2a9a8,ppb,10,62,0.22020041942596436,0.10701680183410645,31714.0,0.3061588704586029,319,1
StandardGSGP,6776dc21-ad45-11ef-8fb6-e4a8dfc2a9a8,ppb,10,63,0.21934615075588226,0.09398984909057617,32532.0,0.306331992149353,325,1
StandardGSGP,6776dc21-ad45-11ef-8fb6-e4a8dfc2a9a8,ppb,10,64,0.21934615075588226,0.10560750961303711,32884.0,0.306331992149353,325,1
StandardGSGP,6776dc21-ad45-11ef-8fb6-e4a8dfc2a9a8,ppb,10,65,0.21934615075588226,0.09451103210449219,33422.0,0.306331992149353,325,1
StandardGSGP,6776dc21-ad45-11ef-8fb6-e4a8dfc2a9a8,ppb,10,66,0.21825741231441498,0.09463882446289062,33800.0,0.36421284079551697,337,1
StandardGSGP,6776dc21-ad45-11ef-8fb6-e4a8dfc2a9a8,ppb,10,67,0.21507734060287476,0.09205484390258789,34156.0,0.3604161739349365,343,1
StandardGSGP,6776dc21-ad45-11ef-8fb6-e4a8dfc2a9a8,ppb,10,68,0.21507734060287476,0.10319066047668457,34578.0,0.3604161739349365,343,1
StandardGSGP,6776dc21-ad45-11ef-8fb6-e4a8dfc2a9a8,ppb,10,69,0.214381143450737,0.09427142143249512,35126.0,0.2949647307395935,355,1
StandardGSGP,6776dc21-ad45-11ef-8fb6-e4a8dfc2a9a8,ppb,10,70,0.214381143450737,0.1015167236328125,35782.0,0.2949647307395935,355,1
StandardGSGP,6776dc21-ad45-11ef-8fb6-e4a8dfc2a9a8,ppb,10,71,0.214381143450737,0.09180903434753418,36492.0,0.2949647307395935,355,1
StandardGSGP,6776dc21-ad45-11ef-8fb6-e4a8dfc2a9a8,ppb,10,72,0.2130303680896759,0.10648488998413086,37122.0,0.311719685792923,373,1
StandardGSGP,6776dc21-ad45-11ef-8fb6-e4a8dfc2a9a8,ppb,10,73,0.21139831840991974,0.09661293029785156,37644.0,0.31284278631210327,379,1
StandardGSGP,6776dc21-ad45-11ef-8fb6-e4a8dfc2a9a8,ppb,10,74,0.21139831840991974,0.09342551231384277,38194.0,0.31284278631210327,379,1
StandardGSGP,6776dc21-ad45-11ef-8fb6-e4a8dfc2a9a8,ppb,10,75,0.21139831840991974,0.09799480438232422,38806.0,0.31284278631210327,379,1
StandardGSGP,6776dc21-ad45-11ef-8fb6-e4a8dfc2a9a8,ppb,10,76,0.20969505608081818,0.09705591201782227,39418.0,0.31207969784736633,391,1
StandardGSGP,6776dc21-ad45-11ef-8fb6-e4a8dfc2a9a8,ppb,10,77,0.20969505608081818,0.09493517875671387,39836.0,0.31207969784736633,391,1
StandardGSGP,6776dc21-ad45-11ef-8fb6-e4a8dfc2a9a8,ppb,10,78,0.2091059386730194,0.09685134887695312,40356.0,0.31295445561408997,397,1
StandardGSGP,6776dc21-ad45-11ef-8fb6-e4a8dfc2a9a8,ppb,10,79,0.20905937254428864,0.0932009220123291,40752.0,0.31347715854644775,403,1
StandardGSGP,6776dc21-ad45-11ef-8fb6-e4a8dfc2a9a8,ppb,10,80,0.20808884501457214,0.09321904182434082,41120.0,0.31214892864227295,409,1
StandardGSGP,6776dc21-ad45-11ef-8fb6-e4a8dfc2a9a8,ppb,10,81,0.20808884501457214,0.12762713432312012,41594.0,0.31214892864227295,409,1
StandardGSGP,6776dc21-ad45-11ef-8fb6-e4a8dfc2a9a8,ppb,10,82,0.20808884501457214,0.10028672218322754,42116.0,0.31214892864227295,409,1
StandardGSGP,6776dc21-ad45-11ef-8fb6-e4a8dfc2a9a8,ppb,10,83,0.20808884501457214,0.10341167449951172,42592.0,0.31214892864227295,409,1
StandardGSGP,6776dc21-ad45-11ef-8fb6-e4a8dfc2a9a8,ppb,10,84,0.20694370567798615,0.09503173828125,43168.0,0.3045826554298401,427,1
StandardGSGP,6776dc21-ad45-11ef-8fb6-e4a8dfc2a9a8,ppb,10,85,0.20694370567798615,0.11499500274658203,43708.0,0.3045826554298401,427,1
StandardGSGP,6776dc21-ad45-11ef-8fb6-e4a8dfc2a9a8,ppb,10,86,0.20694370567798615,0.11133098602294922,44156.0,0.3045826554298401,427,1
StandardGSGP,6776dc21-ad45-11ef-8fb6-e4a8dfc2a9a8,ppb,10,87,0.20694370567798615,0.11050629615783691,44634.0,0.3045826554298401,427,1
StandardGSGP,6776dc21-ad45-11ef-8fb6-e4a8dfc2a9a8,ppb,10,88,0.20694370567798615,0.11354875564575195,45074.0,0.3045826554298401,427,1
StandardGSGP,6776dc21-ad45-11ef-8fb6-e4a8dfc2a9a8,ppb,10,89,0.2047060877084732,0.11564922332763672,45430.0,0.3027387261390686,457,1
StandardGSGP,6776dc21-ad45-11ef-8fb6-e4a8dfc2a9a8,ppb,10,90,0.2047060877084732,0.09488201141357422,45936.0,0.3027387261390686,457,1
StandardGSGP,6776dc21-ad45-11ef-8fb6-e4a8dfc2a9a8,ppb,10,91,0.2003474235534668,0.08954215049743652,46616.0,0.31532323360443115,469,1
StandardGSGP,6776dc21-ad45-11ef-8fb6-e4a8dfc2a9a8,ppb,10,92,0.1986965835094452,0.11413359642028809,46926.0,0.30982521176338196,475,1
StandardGSGP,6776dc21-ad45-11ef-8fb6-e4a8dfc2a9a8,ppb,10,93,0.19848865270614624,0.11619424819946289,47378.0,0.308001309633255,481,1
StandardGSGP,6776dc21-ad45-11ef-8fb6-e4a8dfc2a9a8,ppb,10,94,0.19848865270614624,0.11065912246704102,48184.0,0.308001309633255,481,1
StandardGSGP,6776dc21-ad45-11ef-8fb6-e4a8dfc2a9a8,ppb,10,95,0.19848865270614624,0.10920476913452148,49106.0,0.308001309633255,481,1
StandardGSGP,6776dc21-ad45-11ef-8fb6-e4a8dfc2a9a8,ppb,10,96,0.19802621006965637,0.11385679244995117,49700.0,0.30320051312446594,493,1
StandardGSGP,6776dc21-ad45-11ef-8fb6-e4a8dfc2a9a8,ppb,10,97,0.19717147946357727,0.11262965202331543,50252.0,0.31458044052124023,493,1
StandardGSGP,6776dc21-ad45-11ef-8fb6-e4a8dfc2a9a8,ppb,10,98,0.19717147946357727,0.10194516181945801,50782.0,0.31458044052124023,493,1
StandardGSGP,6776dc21-ad45-11ef-8fb6-e4a8dfc2a9a8,ppb,10,99,0.19396574795246124,0.11318826675415039,51336.0,0.3170221447944641,517,1
StandardGSGP,6776dc21-ad45-11ef-8fb6-e4a8dfc2a9a8,ppb,10,100,0.19396574795246124,0.12911510467529297,51744.0,0.3170221447944641,517,1
StandardGSGP,14e776d5-ad46-11ef-8fb6-e4a8dfc2a9a8,ppb,10,0,37.514198303222656,0.04989147186279297,402.0,39.27116012573242,7,1
StandardGSGP,14e776d5-ad46-11ef-8fb6-e4a8dfc2a9a8,ppb,10,1,37.44512176513672,0.10152888298034668,1004.0,39.088722229003906,13,1
StandardGSGP,14e776d5-ad46-11ef-8fb6-e4a8dfc2a9a8,ppb,10,2,37.44512176513672,0.10953521728515625,1676.0,39.088722229003906,13,1
StandardGSGP,14e776d5-ad46-11ef-8fb6-e4a8dfc2a9a8,ppb,10,3,37.228336334228516,0.09746718406677246,2362.0,37.137733459472656,21,1
StandardGSGP,14e776d5-ad46-11ef-8fb6-e4a8dfc2a9a8,ppb,10,4,36.76357650756836,0.1033182144165039,2940.0,36.668392181396484,27,1
StandardGSGP,14e776d5-ad46-11ef-8fb6-e4a8dfc2a9a8,ppb,10,5,36.76357650756836,0.09603571891784668,3478.0,36.668392181396484,27,1
StandardGSGP,14e776d5-ad46-11ef-8fb6-e4a8dfc2a9a8,ppb,10,6,36.57823944091797,0.10251355171203613,3936.0,36.3600959777832,39,1
StandardGSGP,14e776d5-ad46-11ef-8fb6-e4a8dfc2a9a8,ppb,10,7,36.53868865966797,0.09351158142089844,4318.0,36.4395637512207,39,1
StandardGSGP,14e776d5-ad46-11ef-8fb6-e4a8dfc2a9a8,ppb,10,8,36.340431213378906,0.11383605003356934,4842.0,36.1320686340332,51,1
StandardGSGP,14e776d5-ad46-11ef-8fb6-e4a8dfc2a9a8,ppb,10,9,35.97743606567383,0.10268425941467285,5312.0,35.762332916259766,57,1
StandardGSGP,14e776d5-ad46-11ef-8fb6-e4a8dfc2a9a8,ppb,10,10,35.953433990478516,0.11375904083251953,5966.0,35.8433952331543,57,1
StandardGSGP,14e776d5-ad46-11ef-8fb6-e4a8dfc2a9a8,ppb,10,11,35.65005874633789,0.08881950378417969,6514.0,35.551143646240234,63,1
StandardGSGP,14e776d5-ad46-11ef-8fb6-e4a8dfc2a9a8,ppb,10,12,35.65005874633789,0.0946495532989502,6978.0,35.551143646240234,63,1
StandardGSGP,14e776d5-ad46-11ef-8fb6-e4a8dfc2a9a8,ppb,10,13,35.297393798828125,0.0897834300994873,7480.0,35.19446563720703,69,1
StandardGSGP,14e776d5-ad46-11ef-8fb6-e4a8dfc2a9a8,ppb,10,14,35.10601043701172,0.09298467636108398,8010.0,35.0169563293457,75,1
StandardGSGP,14e776d5-ad46-11ef-8fb6-e4a8dfc2a9a8,ppb,10,15,35.00563430786133,0.08951091766357422,8500.0,34.911529541015625,81,1
StandardGSGP,14e776d5-ad46-11ef-8fb6-e4a8dfc2a9a8,ppb,10,16,34.77738571166992,0.17551660537719727,8842.0,34.67112350463867,87,1
StandardGSGP,14e776d5-ad46-11ef-8fb6-e4a8dfc2a9a8,ppb,10,17,34.75297927856445,0.08750629425048828,9224.0,34.6644172668457,93,1
StandardGSGP,14e776d5-ad46-11ef-8fb6-e4a8dfc2a9a8,ppb,10,18,34.54454803466797,0.10351228713989258,9816.0,34.46257400512695,93,1
StandardGSGP,14e776d5-ad46-11ef-8fb6-e4a8dfc2a9a8,ppb,10,19,34.34517288208008,0.09504365921020508,10422.0,34.2925910949707,99,1
StandardGSGP,14e776d5-ad46-11ef-8fb6-e4a8dfc2a9a8,ppb,10,20,34.3101921081543,0.10198616981506348,10934.0,34.16112518310547,115,1
StandardGSGP,14e776d5-ad46-11ef-8fb6-e4a8dfc2a9a8,ppb,10,21,34.15380859375,0.0906362533569336,11448.0,34.11918258666992,111,1
StandardGSGP,14e776d5-ad46-11ef-8fb6-e4a8dfc2a9a8,ppb,10,22,34.15074920654297,0.0957942008972168,11928.0,34.08811569213867,111,1
StandardGSGP,14e776d5-ad46-11ef-8fb6-e4a8dfc2a9a8,ppb,10,23,33.9151611328125,0.10777521133422852,12378.0,33.89256286621094,123,1
StandardGSGP,14e776d5-ad46-11ef-8fb6-e4a8dfc2a9a8,ppb,10,24,33.82059097290039,0.09652328491210938,12816.0,33.79238510131836,129,1
StandardGSGP,14e776d5-ad46-11ef-8fb6-e4a8dfc2a9a8,ppb,10,25,33.64794921875,0.09151673316955566,13304.0,33.528682708740234,129,1
StandardGSGP,14e776d5-ad46-11ef-8fb6-e4a8dfc2a9a8,ppb,10,26,33.631805419921875,0.09351992607116699,13952.0,33.49256134033203,135,1
StandardGSGP,14e776d5-ad46-11ef-8fb6-e4a8dfc2a9a8,ppb,10,27,33.54751205444336,0.09251141548156738,14482.0,33.42104721069336,141,1
StandardGSGP,14e776d5-ad46-11ef-8fb6-e4a8dfc2a9a8,ppb,10,28,33.49212646484375,0.09398484230041504,14966.0,33.38943862915039,153,1
StandardGSGP,14e776d5-ad46-11ef-8fb6-e4a8dfc2a9a8,ppb,10,29,33.41218948364258,0.0970771312713623,15432.0,33.33285903930664,147,1
StandardGSGP,14e776d5-ad46-11ef-8fb6-e4a8dfc2a9a8,ppb,10,30,33.26797103881836,0.08930039405822754,15908.0,33.3165397644043,165,1
StandardGSGP,14e776d5-ad46-11ef-8fb6-e4a8dfc2a9a8,ppb,10,31,33.11423110961914,0.08851194381713867,16482.0,33.16067886352539,171,1
StandardGSGP,14e776d5-ad46-11ef-8fb6-e4a8dfc2a9a8,ppb,10,32,33.10514450073242,0.08951282501220703,17120.0,33.15214920043945,177,1
StandardGSGP,14e776d5-ad46-11ef-8fb6-e4a8dfc2a9a8,ppb,10,33,32.9527702331543,0.0865180492401123,17760.0,32.80927276611328,171,1
StandardGSGP,14e776d5-ad46-11ef-8fb6-e4a8dfc2a9a8,ppb,10,34,32.85714340209961,0.0910181999206543,18310.0,32.72492980957031,179,1
StandardGSGP,14e776d5-ad46-11ef-8fb6-e4a8dfc2a9a8,ppb,10,35,32.84462356567383,0.09044194221496582,18764.0,32.6962890625,185,1
StandardGSGP,14e776d5-ad46-11ef-8fb6-e4a8dfc2a9a8,ppb,10,36,32.77294158935547,0.08851003646850586,19238.0,32.63938522338867,191,1
StandardGSGP,14e776d5-ad46-11ef-8fb6-e4a8dfc2a9a8,ppb,10,37,32.666683197021484,0.08994603157043457,19582.0,32.51821517944336,195,1
StandardGSGP,14e776d5-ad46-11ef-8fb6-e4a8dfc2a9a8,ppb,10,38,32.617183685302734,0.08915162086486816,20126.0,32.46809387207031,201,1
StandardGSGP,14e776d5-ad46-11ef-8fb6-e4a8dfc2a9a8,ppb,10,39,32.561710357666016,0.09427618980407715,20692.0,32.404296875,207,1
StandardGSGP,14e776d5-ad46-11ef-8fb6-e4a8dfc2a9a8,ppb,10,40,32.54490280151367,0.09530830383300781,21282.0,32.39641189575195,213,1
StandardGSGP,14e776d5-ad46-11ef-8fb6-e4a8dfc2a9a8,ppb,10,41,32.49710464477539,0.09050941467285156,21812.0,32.50104522705078,221,1
StandardGSGP,14e776d5-ad46-11ef-8fb6-e4a8dfc2a9a8,ppb,10,42,32.42338180541992,0.0885162353515625,22358.0,32.43152618408203,227,1
StandardGSGP,14e776d5-ad46-11ef-8fb6-e4a8dfc2a9a8,ppb,10,43,32.406742095947266,0.09409379959106445,22986.0,32.40586853027344,233,1
StandardGSGP,14e776d5-ad46-11ef-8fb6-e4a8dfc2a9a8,ppb,10,44,32.3765983581543,0.09951567649841309,23632.0,32.40452194213867,239,1
StandardGSGP,14e776d5-ad46-11ef-8fb6-e4a8dfc2a9a8,ppb,10,45,32.36400604248047,0.09766387939453125,24330.0,32.384002685546875,245,1
StandardGSGP,14e776d5-ad46-11ef-8fb6-e4a8dfc2a9a8,ppb,10,46,32.326202392578125,0.09752392768859863,25024.0,32.30617904663086,253,1
StandardGSGP,14e776d5-ad46-11ef-8fb6-e4a8dfc2a9a8,ppb,10,47,32.28769302368164,0.09552574157714844,25644.0,32.25446319580078,251,1
StandardGSGP,14e776d5-ad46-11ef-8fb6-e4a8dfc2a9a8,ppb,10,48,32.259674072265625,0.08877873420715332,26266.0,32.14410400390625,265,1
StandardGSGP,14e776d5-ad46-11ef-8fb6-e4a8dfc2a9a8,ppb,10,49,32.24176788330078,0.0909273624420166,26872.0,32.20866394042969,257,1
StandardGSGP,14e776d5-ad46-11ef-8fb6-e4a8dfc2a9a8,ppb,10,50,32.238365173339844,0.09096264839172363,27270.0,32.213706970214844,263,1
StandardGSGP,14e776d5-ad46-11ef-8fb6-e4a8dfc2a9a8,ppb,10,51,32.22324752807617,0.0946657657623291,27538.0,32.21834945678711,269,1
StandardGSGP,14e776d5-ad46-11ef-8fb6-e4a8dfc2a9a8,ppb,10,52,32.2011604309082,0.10072708129882812,27692.0,32.17279052734375,275,1
StandardGSGP,14e776d5-ad46-11ef-8fb6-e4a8dfc2a9a8,ppb,10,53,32.19118881225586,0.09691071510314941,28158.0,32.203102111816406,281,1
StandardGSGP,14e776d5-ad46-11ef-8fb6-e4a8dfc2a9a8,ppb,10,54,32.140541076660156,0.09037303924560547,28676.0,32.12579345703125,281,1
StandardGSGP,14e776d5-ad46-11ef-8fb6-e4a8dfc2a9a8,ppb,10,55,32.13497543334961,0.0874786376953125,29222.0,32.13310623168945,287,1
StandardGSGP,14e776d5-ad46-11ef-8fb6-e4a8dfc2a9a8,ppb,10,56,32.11896514892578,0.09351086616516113,29784.0,32.15361404418945,293,1
StandardGSGP,14e776d5-ad46-11ef-8fb6-e4a8dfc2a9a8,ppb,10,57,32.04198455810547,0.08850574493408203,29976.0,31.823896408081055,299,1
StandardGSGP,14e776d5-ad46-11ef-8fb6-e4a8dfc2a9a8,ppb,10,58,32.041378021240234,0.0921640396118164,30346.0,31.840036392211914,305,1
StandardGSGP,14e776d5-ad46-11ef-8fb6-e4a8dfc2a9a8,ppb,10,59,32.02760314941406,0.09534692764282227,30796.0,31.840328216552734,311,1
StandardGSGP,14e776d5-ad46-11ef-8fb6-e4a8dfc2a9a8,ppb,10,60,31.968778610229492,0.09328985214233398,31410.0,31.77614402770996,317,1
StandardGSGP,14e776d5-ad46-11ef-8fb6-e4a8dfc2a9a8,ppb,10,61,31.93337059020996,0.09051012992858887,32174.0,31.80316162109375,323,1
StandardGSGP,14e776d5-ad46-11ef-8fb6-e4a8dfc2a9a8,ppb,10,62,31.91390037536621,0.09451508522033691,32790.0,31.772293090820312,329,1
StandardGSGP,14e776d5-ad46-11ef-8fb6-e4a8dfc2a9a8,ppb,10,63,31.900835037231445,0.08951044082641602,33422.0,31.76073455810547,335,1
StandardGSGP,14e776d5-ad46-11ef-8fb6-e4a8dfc2a9a8,ppb,10,64,31.894472122192383,0.10351252555847168,34022.0,31.755037307739258,341,1
StandardGSGP,14e776d5-ad46-11ef-8fb6-e4a8dfc2a9a8,ppb,10,65,31.83236312866211,0.08782029151916504,34576.0,31.651565551757812,347,1
StandardGSGP,14e776d5-ad46-11ef-8fb6-e4a8dfc2a9a8,ppb,10,66,31.828866958618164,0.09089446067810059,35160.0,31.651975631713867,353,1
StandardGSGP,14e776d5-ad46-11ef-8fb6-e4a8dfc2a9a8,ppb,10,67,31.82157325744629,0.1010277271270752,35702.0,31.6529541015625,359,1
StandardGSGP,14e776d5-ad46-11ef-8fb6-e4a8dfc2a9a8,ppb,10,68,31.80742835998535,0.0945119857788086,36248.0,31.636445999145508,365,1
StandardGSGP,14e776d5-ad46-11ef-8fb6-e4a8dfc2a9a8,ppb,10,69,31.783935546875,0.08929800987243652,36838.0,31.537887573242188,371,1
StandardGSGP,14e776d5-ad46-11ef-8fb6-e4a8dfc2a9a8,ppb,10,70,31.779394149780273,0.09345412254333496,37498.0,31.603878021240234,371,1
StandardGSGP,14e776d5-ad46-11ef-8fb6-e4a8dfc2a9a8,ppb,10,71,31.771732330322266,0.09264540672302246,38144.0,31.633926391601562,385,1
StandardGSGP,14e776d5-ad46-11ef-8fb6-e4a8dfc2a9a8,ppb,10,72,31.745563507080078,0.09183526039123535,38712.0,31.59636116027832,391,1
StandardGSGP,14e776d5-ad46-11ef-8fb6-e4a8dfc2a9a8,ppb,10,73,31.713088989257812,0.0930027961730957,39264.0,31.510826110839844,395,1
StandardGSGP,14e776d5-ad46-11ef-8fb6-e4a8dfc2a9a8,ppb,10,74,31.704296112060547,0.092437744140625,39890.0,31.512407302856445,401,1
StandardGSGP,14e776d5-ad46-11ef-8fb6-e4a8dfc2a9a8,ppb,10,75,31.696090698242188,0.08850812911987305,40632.0,31.472396850585938,409,1
StandardGSGP,14e776d5-ad46-11ef-8fb6-e4a8dfc2a9a8,ppb,10,76,31.678424835205078,0.08950948715209961,41264.0,31.48949432373047,413,1
StandardGSGP,14e776d5-ad46-11ef-8fb6-e4a8dfc2a9a8,ppb,10,77,31.671878814697266,0.0897676944732666,41898.0,31.56060218811035,421,1
StandardGSGP,14e776d5-ad46-11ef-8fb6-e4a8dfc2a9a8,ppb,10,78,31.663366317749023,0.08881807327270508,42482.0,31.479686737060547,425,1
StandardGSGP,14e776d5-ad46-11ef-8fb6-e4a8dfc2a9a8,ppb,10,79,31.62564468383789,0.09051227569580078,43094.0,31.583187103271484,427,1
StandardGSGP,14e776d5-ad46-11ef-8fb6-e4a8dfc2a9a8,ppb,10,80,31.625503540039062,0.08816814422607422,43676.0,31.58757781982422,433,1
StandardGSGP,14e776d5-ad46-11ef-8fb6-e4a8dfc2a9a8,ppb,10,81,31.591798782348633,0.08912158012390137,44176.0,31.542783737182617,439,1
StandardGSGP,14e776d5-ad46-11ef-8fb6-e4a8dfc2a9a8,ppb,10,82,31.576141357421875,0.08951044082641602,44592.0,31.536399841308594,445,1
StandardGSGP,14e776d5-ad46-11ef-8fb6-e4a8dfc2a9a8,ppb,10,83,31.567893981933594,0.08833503723144531,45138.0,31.52364730834961,451,1
StandardGSGP,14e776d5-ad46-11ef-8fb6-e4a8dfc2a9a8,ppb,10,84,31.53351402282715,0.09400653839111328,45678.0,31.472158432006836,457,1
StandardGSGP,14e776d5-ad46-11ef-8fb6-e4a8dfc2a9a8,ppb,10,85,31.513259887695312,0.09051203727722168,46268.0,31.450313568115234,463,1
StandardGSGP,14e776d5-ad46-11ef-8fb6-e4a8dfc2a9a8,ppb,10,86,31.477636337280273,0.09165620803833008,46858.0,31.344924926757812,469,1
StandardGSGP,14e776d5-ad46-11ef-8fb6-e4a8dfc2a9a8,ppb,10,87,31.477636337280273,0.08950996398925781,47506.0,31.344924926757812,469,1
StandardGSGP,14e776d5-ad46-11ef-8fb6-e4a8dfc2a9a8,ppb,10,88,31.446304321289062,0.09150934219360352,47982.0,31.334774017333984,481,1
StandardGSGP,14e776d5-ad46-11ef-8fb6-e4a8dfc2a9a8,ppb,10,89,31.44437599182129,0.08851265907287598,48572.0,31.331056594848633,487,1
StandardGSGP,14e776d5-ad46-11ef-8fb6-e4a8dfc2a9a8,ppb,10,90,31.413803100585938,0.08810687065124512,49012.0,31.283769607543945,493,1
StandardGSGP,14e776d5-ad46-11ef-8fb6-e4a8dfc2a9a8,ppb,10,91,31.411056518554688,0.08791661262512207,49558.0,31.29021644592285,499,1
StandardGSGP,14e776d5-ad46-11ef-8fb6-e4a8dfc2a9a8,ppb,10,92,31.38945770263672,0.16502141952514648,50244.0,31.275400161743164,505,1
StandardGSGP,14e776d5-ad46-11ef-8fb6-e4a8dfc2a9a8,ppb,10,93,31.371631622314453,0.0910029411315918,50906.0,31.251873016357422,511,1
StandardGSGP,14e776d5-ad46-11ef-8fb6-e4a8dfc2a9a8,ppb,10,94,31.358661651611328,0.09412336349487305,51528.0,31.166353225708008,519,1
StandardGSGP,14e776d5-ad46-11ef-8fb6-e4a8dfc2a9a8,ppb,10,95,31.33083724975586,0.09017705917358398,52196.0,31.20553207397461,523,1
StandardGSGP,14e776d5-ad46-11ef-8fb6-e4a8dfc2a9a8,ppb,10,96,31.291717529296875,0.0910179615020752,52902.0,31.029443740844727,531,1
StandardGSGP,14e776d5-ad46-11ef-8fb6-e4a8dfc2a9a8,ppb,10,97,31.262365341186523,0.09650945663452148,53582.0,31.0898494720459,537,1
StandardGSGP,14e776d5-ad46-11ef-8fb6-e4a8dfc2a9a8,ppb,10,98,31.220909118652344,0.09451627731323242,54196.0,30.99681282043457,543,1
StandardGSGP,14e776d5-ad46-11ef-8fb6-e4a8dfc2a9a8,ppb,10,99,31.220840454101562,0.09033584594726562,54712.0,30.996652603149414,549,1
StandardGSGP,14e776d5-ad46-11ef-8fb6-e4a8dfc2a9a8,ppb,10,100,31.205347061157227,0.08992862701416016,55278.0,30.965065002441406,555,1
