StandardGSGP,a73bbe4c-ad45-11ef-9bff-e4a8dfc2a9a8,ppb,21,0,0.3144654631614685,0.05551004409790039,400.0,0.3173139691352844,3,1
StandardGSGP,a73bbe4c-ad45-11ef-9bff-e4a8dfc2a9a8,ppb,21,1,0.3063643276691437,0.08851337432861328,986.0,0.36355963349342346,9,1
StandardGSGP,a73bbe4c-ad45-11ef-9bff-e4a8dfc2a9a8,ppb,21,2,0.3035857677459717,0.09375190734863281,1550.0,0.30735015869140625,15,1
StandardGSGP,a73bbe4c-ad45-11ef-9bff-e4a8dfc2a9a8,ppb,21,3,0.30358147621154785,0.08750700950622559,2102.0,0.30732426047325134,21,1
StandardGSGP,a73bbe4c-ad45-11ef-9bff-e4a8dfc2a9a8,ppb,21,4,0.2987041175365448,0.08851242065429688,2574.0,0.33482956886291504,27,1
StandardGSGP,a73bbe4c-ad45-11ef-9bff-e4a8dfc2a9a8,ppb,21,5,0.29493236541748047,0.0998220443725586,3116.0,0.31838738918304443,33,1
StandardGSGP,a73bbe4c-ad45-11ef-9bff-e4a8dfc2a9a8,ppb,21,6,0.2816757261753082,0.09119868278503418,3720.0,0.2928498387336731,39,1
StandardGSGP,a73bbe4c-ad45-11ef-9bff-e4a8dfc2a9a8,ppb,21,7,0.2816757261753082,0.09451580047607422,4332.0,0.2928498387336731,39,1
StandardGSGP,a73bbe4c-ad45-11ef-9bff-e4a8dfc2a9a8,ppb,21,8,0.2816757261753082,0.09100770950317383,4900.0,0.2928498387336731,39,1
StandardGSGP,a73bbe4c-ad45-11ef-9bff-e4a8dfc2a9a8,ppb,21,9,0.28106173872947693,0.08750700950622559,5452.0,0.2972641885280609,51,1
StandardGSGP,a73bbe4c-ad45-11ef-9bff-e4a8dfc2a9a8,ppb,21,10,0.27983152866363525,0.09226346015930176,5966.0,0.2943546772003174,51,1
StandardGSGP,a73bbe4c-ad45-11ef-9bff-e4a8dfc2a9a8,ppb,21,11,0.2794152498245239,0.12656426429748535,6264.0,0.29484185576438904,57,1
StandardGSGP,a73bbe4c-ad45-11ef-9bff-e4a8dfc2a9a8,ppb,21,12,0.27628448605537415,0.09514236450195312,6714.0,0.2903975546360016,57,1
StandardGSGP,a73bbe4c-ad45-11ef-9bff-e4a8dfc2a9a8,ppb,21,13,0.27628448605537415,0.09766483306884766,7126.0,0.2903975546360016,57,1
StandardGSGP,a73bbe4c-ad45-11ef-9bff-e4a8dfc2a9a8,ppb,21,14,0.26870444416999817,0.09038758277893066,7580.0,0.2996276021003723,69,1
StandardGSGP,a73bbe4c-ad45-11ef-9bff-e4a8dfc2a9a8,ppb,21,15,0.2656707763671875,0.09238600730895996,7948.0,0.2901366949081421,75,1
StandardGSGP,a73bbe4c-ad45-11ef-9bff-e4a8dfc2a9a8,ppb,21,16,0.2649931311607361,0.09186863899230957,8246.0,0.28906771540641785,81,1
StandardGSGP,a73bbe4c-ad45-11ef-9bff-e4a8dfc2a9a8,ppb,21,17,0.2611701786518097,0.09364080429077148,8544.0,0.29386067390441895,81,1
StandardGSGP,a73bbe4c-ad45-11ef-9bff-e4a8dfc2a9a8,ppb,21,18,0.2513362169265747,0.08951306343078613,9044.0,0.2906990647315979,87,1
StandardGSGP,a73bbe4c-ad45-11ef-9bff-e4a8dfc2a9a8,ppb,21,19,0.2512018084526062,0.09581112861633301,9568.0,0.2898617386817932,93,1
StandardGSGP,a73bbe4c-ad45-11ef-9bff-e4a8dfc2a9a8,ppb,21,20,0.24872727692127228,0.09711480140686035,9936.0,0.2922373116016388,93,1
StandardGSGP,a73bbe4c-ad45-11ef-9bff-e4a8dfc2a9a8,ppb,21,21,0.2461661398410797,0.09357666969299316,10384.0,0.28850769996643066,105,1
StandardGSGP,a73bbe4c-ad45-11ef-9bff-e4a8dfc2a9a8,ppb,21,22,0.2461661398410797,0.08748149871826172,10864.0,0.28850769996643066,105,1
StandardGSGP,a73bbe4c-ad45-11ef-9bff-e4a8dfc2a9a8,ppb,21,23,0.24484707415103912,0.08972048759460449,11440.0,0.27861616015434265,117,1
StandardGSGP,a73bbe4c-ad45-11ef-9bff-e4a8dfc2a9a8,ppb,21,24,0.24484707415103912,0.08861494064331055,11948.0,0.27861616015434265,117,1
StandardGSGP,a73bbe4c-ad45-11ef-9bff-e4a8dfc2a9a8,ppb,21,25,0.24161075055599213,0.08725905418395996,12420.0,0.29291900992393494,123,1
StandardGSGP,a73bbe4c-ad45-11ef-9bff-e4a8dfc2a9a8,ppb,21,26,0.23479320108890533,0.08782672882080078,12988.0,0.2731568217277527,135,1
StandardGSGP,a73bbe4c-ad45-11ef-9bff-e4a8dfc2a9a8,ppb,21,27,0.23185983300209045,0.08662724494934082,13658.0,0.2889375388622284,135,1
StandardGSGP,a73bbe4c-ad45-11ef-9bff-e4a8dfc2a9a8,ppb,21,28,0.2312740683555603,0.09051108360290527,14262.0,0.2919803559780121,141,1
StandardGSGP,a73bbe4c-ad45-11ef-9bff-e4a8dfc2a9a8,ppb,21,29,0.2301272600889206,0.08650994300842285,14872.0,0.29150691628456116,147,1
StandardGSGP,a73bbe4c-ad45-11ef-9bff-e4a8dfc2a9a8,ppb,21,30,0.22340184450149536,0.09350895881652832,15426.0,0.28334841132164,147,1
StandardGSGP,a73bbe4c-ad45-11ef-9bff-e4a8dfc2a9a8,ppb,21,31,0.22336818277835846,0.09055423736572266,15850.0,0.2834905683994293,153,1
StandardGSGP,a73bbe4c-ad45-11ef-9bff-e4a8dfc2a9a8,ppb,21,32,0.223248690366745,0.08807897567749023,16222.0,0.28263309597969055,159,1
StandardGSGP,a73bbe4c-ad45-11ef-9bff-e4a8dfc2a9a8,ppb,21,33,0.22291158139705658,0.08951330184936523,16636.0,0.3015432357788086,171,1
StandardGSGP,a73bbe4c-ad45-11ef-9bff-e4a8dfc2a9a8,ppb,21,34,0.22007963061332703,0.09402132034301758,17198.0,0.2858565151691437,171,1
StandardGSGP,a73bbe4c-ad45-11ef-9bff-e4a8dfc2a9a8,ppb,21,35,0.22007963061332703,0.08650946617126465,17740.0,0.2858565151691437,171,1
StandardGSGP,a73bbe4c-ad45-11ef-9bff-e4a8dfc2a9a8,ppb,21,36,0.21977005898952484,0.09051156044006348,18316.0,0.28557926416397095,183,1
StandardGSGP,a73bbe4c-ad45-11ef-9bff-e4a8dfc2a9a8,ppb,21,37,0.2195935994386673,0.08950996398925781,18838.0,0.2867477834224701,189,1
StandardGSGP,a73bbe4c-ad45-11ef-9bff-e4a8dfc2a9a8,ppb,21,38,0.2195935994386673,0.09425783157348633,19466.0,0.2867477834224701,189,1
StandardGSGP,a73bbe4c-ad45-11ef-9bff-e4a8dfc2a9a8,ppb,21,39,0.2195935994386673,0.09024739265441895,20012.0,0.2867477834224701,189,1
StandardGSGP,a73bbe4c-ad45-11ef-9bff-e4a8dfc2a9a8,ppb,21,40,0.21945126354694366,0.09351658821105957,20574.0,0.29268878698349,207,1
StandardGSGP,a73bbe4c-ad45-11ef-9bff-e4a8dfc2a9a8,ppb,21,41,0.21524134278297424,0.09052157402038574,21196.0,0.2795559763908386,213,1
StandardGSGP,a73bbe4c-ad45-11ef-9bff-e4a8dfc2a9a8,ppb,21,42,0.21524134278297424,0.08952140808105469,21706.0,0.2795559763908386,213,1
StandardGSGP,a73bbe4c-ad45-11ef-9bff-e4a8dfc2a9a8,ppb,21,43,0.21524134278297424,0.0905299186706543,22318.0,0.2795559763908386,213,1
StandardGSGP,a73bbe4c-ad45-11ef-9bff-e4a8dfc2a9a8,ppb,21,44,0.21524134278297424,0.09361147880554199,22798.0,0.2795559763908386,213,1
StandardGSGP,a73bbe4c-ad45-11ef-9bff-e4a8dfc2a9a8,ppb,21,45,0.21524134278297424,0.09213757514953613,23300.0,0.2795559763908386,213,1
StandardGSGP,a73bbe4c-ad45-11ef-9bff-e4a8dfc2a9a8,ppb,21,46,0.21524134278297424,0.09430551528930664,23772.0,0.2795559763908386,213,1
StandardGSGP,a73bbe4c-ad45-11ef-9bff-e4a8dfc2a9a8,ppb,21,47,0.21524134278297424,0.09939336776733398,24240.0,0.2795559763908386,213,1
StandardGSGP,a73bbe4c-ad45-11ef-9bff-e4a8dfc2a9a8,ppb,21,48,0.21524134278297424,0.08989739418029785,24640.0,0.2795559763908386,213,1
StandardGSGP,a73bbe4c-ad45-11ef-9bff-e4a8dfc2a9a8,ppb,21,49,0.2149520218372345,0.09348821640014648,24744.0,0.27961403131484985,219,1
StandardGSGP,a73bbe4c-ad45-11ef-9bff-e4a8dfc2a9a8,ppb,21,50,0.21460066735744476,0.0937337875366211,24932.0,0.2857358157634735,245,1
StandardGSGP,a73bbe4c-ad45-11ef-9bff-e4a8dfc2a9a8,ppb,21,51,0.2113189697265625,0.09150958061218262,25034.0,0.27719587087631226,225,1
StandardGSGP,a73bbe4c-ad45-11ef-9bff-e4a8dfc2a9a8,ppb,21,52,0.2113189697265625,0.09850883483886719,25088.0,0.27719587087631226,225,1
StandardGSGP,a73bbe4c-ad45-11ef-9bff-e4a8dfc2a9a8,ppb,21,53,0.21123330295085907,0.08886528015136719,25582.0,0.2777542471885681,231,1
StandardGSGP,a73bbe4c-ad45-11ef-9bff-e4a8dfc2a9a8,ppb,21,54,0.21123330295085907,0.09154367446899414,25922.0,0.2777542471885681,231,1
StandardGSGP,a73bbe4c-ad45-11ef-9bff-e4a8dfc2a9a8,ppb,21,55,0.21001601219177246,0.08825922012329102,25980.0,0.2865581512451172,243,1
StandardGSGP,a73bbe4c-ad45-11ef-9bff-e4a8dfc2a9a8,ppb,21,56,0.21001601219177246,0.08850550651550293,26484.0,0.2865581512451172,243,1
StandardGSGP,a73bbe4c-ad45-11ef-9bff-e4a8dfc2a9a8,ppb,21,57,0.20893245935440063,0.09251785278320312,26718.0,0.28620445728302,249,1
StandardGSGP,a73bbe4c-ad45-11ef-9bff-e4a8dfc2a9a8,ppb,21,58,0.2080823928117752,0.09250974655151367,26800.0,0.27937060594558716,255,1
StandardGSGP,a73bbe4c-ad45-11ef-9bff-e4a8dfc2a9a8,ppb,21,59,0.2074824571609497,0.08851051330566406,27232.0,0.27754509449005127,261,1
StandardGSGP,a73bbe4c-ad45-11ef-9bff-e4a8dfc2a9a8,ppb,21,60,0.2074824571609497,0.09151077270507812,27228.0,0.27754509449005127,261,1
StandardGSGP,a73bbe4c-ad45-11ef-9bff-e4a8dfc2a9a8,ppb,21,61,0.2074824571609497,0.09133720397949219,27334.0,0.27754509449005127,261,1
StandardGSGP,a73bbe4c-ad45-11ef-9bff-e4a8dfc2a9a8,ppb,21,62,0.2074824571609497,0.09682202339172363,27792.0,0.27754509449005127,261,1
StandardGSGP,a73bbe4c-ad45-11ef-9bff-e4a8dfc2a9a8,ppb,21,63,0.20642589032649994,0.09250950813293457,28296.0,0.29071536660194397,279,1
StandardGSGP,a73bbe4c-ad45-11ef-9bff-e4a8dfc2a9a8,ppb,21,64,0.20642589032649994,0.09150958061218262,28776.0,0.29071536660194397,279,1
StandardGSGP,a73bbe4c-ad45-11ef-9bff-e4a8dfc2a9a8,ppb,21,65,0.20609097182750702,0.17503142356872559,29072.0,0.2900908887386322,285,1
StandardGSGP,a73bbe4c-ad45-11ef-9bff-e4a8dfc2a9a8,ppb,21,66,0.20609097182750702,0.08700275421142578,29410.0,0.2900908887386322,285,1
StandardGSGP,a73bbe4c-ad45-11ef-9bff-e4a8dfc2a9a8,ppb,21,67,0.20512551069259644,0.0941002368927002,29596.0,0.2792245149612427,297,1
StandardGSGP,a73bbe4c-ad45-11ef-9bff-e4a8dfc2a9a8,ppb,21,68,0.2046881467103958,0.0888376235961914,29918.0,0.29035046696662903,291,1
StandardGSGP,a73bbe4c-ad45-11ef-9bff-e4a8dfc2a9a8,ppb,21,69,0.20437221229076385,0.09508490562438965,30510.0,0.2894490957260132,303,1
StandardGSGP,a73bbe4c-ad45-11ef-9bff-e4a8dfc2a9a8,ppb,21,70,0.20437221229076385,0.0904092788696289,30996.0,0.2894490957260132,303,1
StandardGSGP,a73bbe4c-ad45-11ef-9bff-e4a8dfc2a9a8,ppb,21,71,0.20418812334537506,0.09351038932800293,31626.0,0.28932157158851624,309,1
StandardGSGP,a73bbe4c-ad45-11ef-9bff-e4a8dfc2a9a8,ppb,21,72,0.20418812334537506,0.08804488182067871,32158.0,0.28932157158851624,309,1
StandardGSGP,a73bbe4c-ad45-11ef-9bff-e4a8dfc2a9a8,ppb,21,73,0.20387296378612518,0.08951115608215332,32790.0,0.2894722521305084,315,1
StandardGSGP,a73bbe4c-ad45-11ef-9bff-e4a8dfc2a9a8,ppb,21,74,0.20382235944271088,0.0875101089477539,33344.0,0.28943318128585815,321,1
StandardGSGP,a73bbe4c-ad45-11ef-9bff-e4a8dfc2a9a8,ppb,21,75,0.20377373695373535,0.08952188491821289,33770.0,0.2875010073184967,321,1
StandardGSGP,a73bbe4c-ad45-11ef-9bff-e4a8dfc2a9a8,ppb,21,76,0.20233570039272308,0.08982563018798828,34066.0,0.28874799609184265,339,1
StandardGSGP,a73bbe4c-ad45-11ef-9bff-e4a8dfc2a9a8,ppb,21,77,0.20177534222602844,0.08700180053710938,34040.0,0.2878289222717285,345,1
StandardGSGP,a73bbe4c-ad45-11ef-9bff-e4a8dfc2a9a8,ppb,21,78,0.2016969621181488,0.08751058578491211,34588.0,0.2883688509464264,339,1
StandardGSGP,a73bbe4c-ad45-11ef-9bff-e4a8dfc2a9a8,ppb,21,79,0.2011043280363083,0.08863258361816406,35056.0,0.2860361337661743,357,1
StandardGSGP,a73bbe4c-ad45-11ef-9bff-e4a8dfc2a9a8,ppb,21,80,0.19943907856941223,0.09051227569580078,35546.0,0.2875494658946991,365,1
StandardGSGP,a73bbe4c-ad45-11ef-9bff-e4a8dfc2a9a8,ppb,21,81,0.19943907856941223,0.09151220321655273,36054.0,0.2875494658946991,365,1
StandardGSGP,a73bbe4c-ad45-11ef-9bff-e4a8dfc2a9a8,ppb,21,82,0.19615714251995087,0.09078836441040039,36682.0,0.2818088233470917,369,1
StandardGSGP,a73bbe4c-ad45-11ef-9bff-e4a8dfc2a9a8,ppb,21,83,0.19601458311080933,0.08719396591186523,37388.0,0.28195640444755554,375,1
StandardGSGP,a73bbe4c-ad45-11ef-9bff-e4a8dfc2a9a8,ppb,21,84,0.19601458311080933,0.0905156135559082,38028.0,0.28195640444755554,375,1
StandardGSGP,a73bbe4c-ad45-11ef-9bff-e4a8dfc2a9a8,ppb,21,85,0.19567498564720154,0.0875093936920166,38572.0,0.28435981273651123,381,1
StandardGSGP,a73bbe4c-ad45-11ef-9bff-e4a8dfc2a9a8,ppb,21,86,0.19242846965789795,0.09534168243408203,39042.0,0.29560133814811707,393,1
StandardGSGP,a73bbe4c-ad45-11ef-9bff-e4a8dfc2a9a8,ppb,21,87,0.19242846965789795,0.09050989151000977,39666.0,0.29560133814811707,393,1
StandardGSGP,a73bbe4c-ad45-11ef-9bff-e4a8dfc2a9a8,ppb,21,88,0.19242846965789795,0.08950972557067871,40340.0,0.29560133814811707,393,1
StandardGSGP,a73bbe4c-ad45-11ef-9bff-e4a8dfc2a9a8,ppb,21,89,0.192426398396492,0.09059762954711914,40930.0,0.28344613313674927,405,1
StandardGSGP,a73bbe4c-ad45-11ef-9bff-e4a8dfc2a9a8,ppb,21,90,0.19230788946151733,0.09192752838134766,41472.0,0.29304927587509155,405,1
StandardGSGP,a73bbe4c-ad45-11ef-9bff-e4a8dfc2a9a8,ppb,21,91,0.1921260803937912,0.0888361930847168,41740.0,0.29367712140083313,411,1
StandardGSGP,a73bbe4c-ad45-11ef-9bff-e4a8dfc2a9a8,ppb,21,92,0.19054415822029114,0.0889291763305664,42236.0,0.28338465094566345,417,1
StandardGSGP,a73bbe4c-ad45-11ef-9bff-e4a8dfc2a9a8,ppb,21,93,0.19054415822029114,0.09342575073242188,42686.0,0.28338465094566345,417,1
StandardGSGP,a73bbe4c-ad45-11ef-9bff-e4a8dfc2a9a8,ppb,21,94,0.18904079496860504,0.0855112075805664,43138.0,0.2816818952560425,429,1
StandardGSGP,a73bbe4c-ad45-11ef-9bff-e4a8dfc2a9a8,ppb,21,95,0.18904079496860504,0.09123468399047852,43624.0,0.2816818952560425,429,1
StandardGSGP,a73bbe4c-ad45-11ef-9bff-e4a8dfc2a9a8,ppb,21,96,0.18904079496860504,0.09350967407226562,44008.0,0.2816818952560425,429,1
StandardGSGP,a73bbe4c-ad45-11ef-9bff-e4a8dfc2a9a8,ppb,21,97,0.18904079496860504,0.09057784080505371,44588.0,0.2816818952560425,429,1
StandardGSGP,a73bbe4c-ad45-11ef-9bff-e4a8dfc2a9a8,ppb,21,98,0.18904079496860504,0.09891271591186523,45056.0,0.2816818952560425,429,1
StandardGSGP,a73bbe4c-ad45-11ef-9bff-e4a8dfc2a9a8,ppb,21,99,0.18904079496860504,0.08851027488708496,45552.0,0.2816818952560425,429,1
StandardGSGP,a73bbe4c-ad45-11ef-9bff-e4a8dfc2a9a8,ppb,21,100,0.18814420700073242,0.08851194381713867,46016.0,0.2833768129348755,441,1
StandardGSGP,54a86ad4-ad46-11ef-9bff-e4a8dfc2a9a8,ppb,21,0,49.93680953979492,0.052007436752319336,400.0,47.37062454223633,3,1
StandardGSGP,54a86ad4-ad46-11ef-9bff-e4a8dfc2a9a8,ppb,21,1,49.93680953979492,0.08817219734191895,962.0,47.37062454223633,3,1
StandardGSGP,54a86ad4-ad46-11ef-9bff-e4a8dfc2a9a8,ppb,21,2,49.92570114135742,0.08947324752807617,1502.0,47.3841667175293,15,1
StandardGSGP,54a86ad4-ad46-11ef-9bff-e4a8dfc2a9a8,ppb,21,3,49.887298583984375,0.09007477760314941,2040.0,47.30363082885742,15,1
StandardGSGP,54a86ad4-ad46-11ef-9bff-e4a8dfc2a9a8,ppb,21,4,49.864437103271484,0.09697389602661133,2430.0,47.3524055480957,21,1
StandardGSGP,54a86ad4-ad46-11ef-9bff-e4a8dfc2a9a8,ppb,21,5,49.82844161987305,0.09850835800170898,2874.0,47.28228759765625,21,1
StandardGSGP,54a86ad4-ad46-11ef-9bff-e4a8dfc2a9a8,ppb,21,6,49.77383804321289,0.08995652198791504,3356.0,47.182090759277344,33,1
StandardGSGP,54a86ad4-ad46-11ef-9bff-e4a8dfc2a9a8,ppb,21,7,49.66428756713867,0.09351062774658203,3900.0,47.169925689697266,39,1
StandardGSGP,54a86ad4-ad46-11ef-9bff-e4a8dfc2a9a8,ppb,21,8,49.6572380065918,0.09319257736206055,4446.0,47.170501708984375,45,1
StandardGSGP,54a86ad4-ad46-11ef-9bff-e4a8dfc2a9a8,ppb,21,9,49.58464813232422,0.09077954292297363,5060.0,47.132877349853516,51,1
StandardGSGP,54a86ad4-ad46-11ef-9bff-e4a8dfc2a9a8,ppb,21,10,49.55160903930664,0.09225344657897949,5664.0,47.11290740966797,57,1
StandardGSGP,54a86ad4-ad46-11ef-9bff-e4a8dfc2a9a8,ppb,21,11,49.507118225097656,0.10202288627624512,6242.0,47.062599182128906,57,1
StandardGSGP,54a86ad4-ad46-11ef-9bff-e4a8dfc2a9a8,ppb,21,12,49.50128936767578,0.09150981903076172,6796.0,47.049625396728516,69,1
StandardGSGP,54a86ad4-ad46-11ef-9bff-e4a8dfc2a9a8,ppb,21,13,49.429161071777344,0.09151411056518555,7254.0,47.024295806884766,75,1
StandardGSGP,54a86ad4-ad46-11ef-9bff-e4a8dfc2a9a8,ppb,21,14,49.31437683105469,0.09377098083496094,7712.0,46.987003326416016,81,1
StandardGSGP,54a86ad4-ad46-11ef-9bff-e4a8dfc2a9a8,ppb,21,15,49.30028533935547,0.09133458137512207,8396.0,47.0198860168457,87,1
StandardGSGP,54a86ad4-ad46-11ef-9bff-e4a8dfc2a9a8,ppb,21,16,49.282962799072266,0.09502315521240234,9056.0,46.908992767333984,87,1
StandardGSGP,54a86ad4-ad46-11ef-9bff-e4a8dfc2a9a8,ppb,21,17,49.25993347167969,0.08785438537597656,9636.0,46.96280288696289,93,1
StandardGSGP,54a86ad4-ad46-11ef-9bff-e4a8dfc2a9a8,ppb,21,18,49.23652648925781,0.08855700492858887,10094.0,46.909420013427734,99,1
StandardGSGP,54a86ad4-ad46-11ef-9bff-e4a8dfc2a9a8,ppb,21,19,49.19929504394531,0.09150862693786621,10548.0,46.7098388671875,99,1
StandardGSGP,54a86ad4-ad46-11ef-9bff-e4a8dfc2a9a8,ppb,21,20,49.170143127441406,0.0895087718963623,11116.0,46.812255859375,105,1
StandardGSGP,54a86ad4-ad46-11ef-9bff-e4a8dfc2a9a8,ppb,21,21,49.073326110839844,0.10051321983337402,11566.0,46.72812271118164,111,1
StandardGSGP,54a86ad4-ad46-11ef-9bff-e4a8dfc2a9a8,ppb,21,22,49.04879379272461,0.08903360366821289,11936.0,46.729705810546875,117,1
StandardGSGP,54a86ad4-ad46-11ef-9bff-e4a8dfc2a9a8,ppb,21,23,49.007179260253906,0.0875098705291748,12358.0,46.36748504638672,125,1
StandardGSGP,54a86ad4-ad46-11ef-9bff-e4a8dfc2a9a8,ppb,21,24,48.98487091064453,0.10508584976196289,12872.0,46.76073455810547,131,1
StandardGSGP,54a86ad4-ad46-11ef-9bff-e4a8dfc2a9a8,ppb,21,25,48.942447662353516,0.0936741828918457,13362.0,46.31259536743164,137,1
StandardGSGP,54a86ad4-ad46-11ef-9bff-e4a8dfc2a9a8,ppb,21,26,48.90242004394531,0.09383440017700195,13998.0,46.39808654785156,143,1
StandardGSGP,54a86ad4-ad46-11ef-9bff-e4a8dfc2a9a8,ppb,21,27,48.84002685546875,0.09061646461486816,14702.0,46.024295806884766,143,1
StandardGSGP,54a86ad4-ad46-11ef-9bff-e4a8dfc2a9a8,ppb,21,28,48.814517974853516,0.10429692268371582,15344.0,46.00431442260742,149,1
StandardGSGP,54a86ad4-ad46-11ef-9bff-e4a8dfc2a9a8,ppb,21,29,48.752689361572266,0.09893298149108887,15840.0,45.96974182128906,155,1
StandardGSGP,54a86ad4-ad46-11ef-9bff-e4a8dfc2a9a8,ppb,21,30,48.737369537353516,0.1017160415649414,16224.0,45.97878646850586,161,1
StandardGSGP,54a86ad4-ad46-11ef-9bff-e4a8dfc2a9a8,ppb,21,31,48.70006561279297,0.10322165489196777,16606.0,45.84467697143555,167,1
StandardGSGP,54a86ad4-ad46-11ef-9bff-e4a8dfc2a9a8,ppb,21,32,48.65309143066406,0.100006103515625,17150.0,45.771724700927734,167,1
StandardGSGP,54a86ad4-ad46-11ef-9bff-e4a8dfc2a9a8,ppb,21,33,48.60800552368164,0.10425591468811035,17780.0,45.70634841918945,173,1
StandardGSGP,54a86ad4-ad46-11ef-9bff-e4a8dfc2a9a8,ppb,21,34,48.574676513671875,0.10451841354370117,18382.0,45.74030685424805,185,1
StandardGSGP,54a86ad4-ad46-11ef-9bff-e4a8dfc2a9a8,ppb,21,35,48.5555419921875,0.1055135726928711,18820.0,45.704349517822266,191,1
StandardGSGP,54a86ad4-ad46-11ef-9bff-e4a8dfc2a9a8,ppb,21,36,48.542930603027344,0.10051321983337402,19336.0,45.77852249145508,197,1
StandardGSGP,54a86ad4-ad46-11ef-9bff-e4a8dfc2a9a8,ppb,21,37,48.50602722167969,0.10524988174438477,19862.0,45.756072998046875,203,1
StandardGSGP,54a86ad4-ad46-11ef-9bff-e4a8dfc2a9a8,ppb,21,38,48.467533111572266,0.11753630638122559,20562.0,45.685699462890625,209,1
StandardGSGP,54a86ad4-ad46-11ef-9bff-e4a8dfc2a9a8,ppb,21,39,48.357845306396484,0.1060941219329834,21146.0,45.651458740234375,203,1
StandardGSGP,54a86ad4-ad46-11ef-9bff-e4a8dfc2a9a8,ppb,21,40,48.33594512939453,0.13688206672668457,21762.0,45.65391159057617,209,1
StandardGSGP,54a86ad4-ad46-11ef-9bff-e4a8dfc2a9a8,ppb,21,41,48.32577896118164,0.18575215339660645,22282.0,45.65463638305664,215,1
StandardGSGP,54a86ad4-ad46-11ef-9bff-e4a8dfc2a9a8,ppb,21,42,48.30556869506836,0.10436224937438965,22268.0,45.59416961669922,221,1
StandardGSGP,54a86ad4-ad46-11ef-9bff-e4a8dfc2a9a8,ppb,21,43,48.264408111572266,0.11532044410705566,22576.0,45.58046340942383,227,1
StandardGSGP,54a86ad4-ad46-11ef-9bff-e4a8dfc2a9a8,ppb,21,44,48.21601486206055,0.11519980430603027,23188.0,45.47263717651367,233,1
StandardGSGP,54a86ad4-ad46-11ef-9bff-e4a8dfc2a9a8,ppb,21,45,48.047813415527344,0.08948278427124023,23812.0,45.47273635864258,239,1
StandardGSGP,54a86ad4-ad46-11ef-9bff-e4a8dfc2a9a8,ppb,21,46,48.03309631347656,0.09187436103820801,24476.0,45.514366149902344,245,1
StandardGSGP,54a86ad4-ad46-11ef-9bff-e4a8dfc2a9a8,ppb,21,47,47.92287063598633,0.09820079803466797,25060.0,45.34235382080078,251,1
StandardGSGP,54a86ad4-ad46-11ef-9bff-e4a8dfc2a9a8,ppb,21,48,47.908111572265625,0.09225153923034668,25640.0,45.330528259277344,257,1
StandardGSGP,54a86ad4-ad46-11ef-9bff-e4a8dfc2a9a8,ppb,21,49,47.875091552734375,0.10051918029785156,26152.0,45.251731872558594,263,1
StandardGSGP,54a86ad4-ad46-11ef-9bff-e4a8dfc2a9a8,ppb,21,50,47.86490249633789,0.09035587310791016,26740.0,45.27422332763672,269,1
StandardGSGP,54a86ad4-ad46-11ef-9bff-e4a8dfc2a9a8,ppb,21,51,47.83159255981445,0.09020376205444336,27384.0,45.273616790771484,275,1
StandardGSGP,54a86ad4-ad46-11ef-9bff-e4a8dfc2a9a8,ppb,21,52,47.76598358154297,0.09162569046020508,27976.0,45.03443908691406,281,1
StandardGSGP,54a86ad4-ad46-11ef-9bff-e4a8dfc2a9a8,ppb,21,53,47.73325729370117,0.09071993827819824,28664.0,45.00396728515625,287,1
StandardGSGP,54a86ad4-ad46-11ef-9bff-e4a8dfc2a9a8,ppb,21,54,47.678001403808594,0.09116458892822266,29268.0,44.99339294433594,293,1
StandardGSGP,54a86ad4-ad46-11ef-9bff-e4a8dfc2a9a8,ppb,21,55,47.650569915771484,0.09577178955078125,29824.0,44.940887451171875,299,1
StandardGSGP,54a86ad4-ad46-11ef-9bff-e4a8dfc2a9a8,ppb,21,56,47.56065368652344,0.08692622184753418,30458.0,44.82535171508789,305,1
StandardGSGP,54a86ad4-ad46-11ef-9bff-e4a8dfc2a9a8,ppb,21,57,47.55962371826172,0.08859610557556152,31028.0,44.82495880126953,311,1
StandardGSGP,54a86ad4-ad46-11ef-9bff-e4a8dfc2a9a8,ppb,21,58,47.50412368774414,0.09769558906555176,31618.0,44.763206481933594,317,1
StandardGSGP,54a86ad4-ad46-11ef-9bff-e4a8dfc2a9a8,ppb,21,59,47.50412368774414,0.0925743579864502,32206.0,44.763206481933594,317,1
StandardGSGP,54a86ad4-ad46-11ef-9bff-e4a8dfc2a9a8,ppb,21,60,47.443607330322266,0.09457159042358398,32814.0,44.672218322753906,329,1
StandardGSGP,54a86ad4-ad46-11ef-9bff-e4a8dfc2a9a8,ppb,21,61,47.443397521972656,0.09640789031982422,33420.0,44.66794967651367,335,1
StandardGSGP,54a86ad4-ad46-11ef-9bff-e4a8dfc2a9a8,ppb,21,62,47.442359924316406,0.10493874549865723,34018.0,44.66029739379883,341,1
StandardGSGP,54a86ad4-ad46-11ef-9bff-e4a8dfc2a9a8,ppb,21,63,47.417781829833984,0.10281991958618164,34534.0,44.75264358520508,341,1
StandardGSGP,54a86ad4-ad46-11ef-9bff-e4a8dfc2a9a8,ppb,21,64,47.33387756347656,0.10439372062683105,35110.0,44.47724151611328,347,1
StandardGSGP,54a86ad4-ad46-11ef-9bff-e4a8dfc2a9a8,ppb,21,65,47.30271530151367,0.09451031684875488,35582.0,44.69720458984375,353,1
StandardGSGP,54a86ad4-ad46-11ef-9bff-e4a8dfc2a9a8,ppb,21,66,47.2649040222168,0.09951210021972656,36016.0,44.67354202270508,359,1
StandardGSGP,54a86ad4-ad46-11ef-9bff-e4a8dfc2a9a8,ppb,21,67,47.24800109863281,0.09781765937805176,36480.0,44.76275634765625,365,1
StandardGSGP,54a86ad4-ad46-11ef-9bff-e4a8dfc2a9a8,ppb,21,68,47.18837356567383,0.08753252029418945,36958.0,44.48591613769531,371,1
StandardGSGP,54a86ad4-ad46-11ef-9bff-e4a8dfc2a9a8,ppb,21,69,47.15690994262695,0.09152460098266602,37538.0,44.442283630371094,377,1
StandardGSGP,54a86ad4-ad46-11ef-9bff-e4a8dfc2a9a8,ppb,21,70,47.1320915222168,0.09652209281921387,38054.0,44.553863525390625,377,1
StandardGSGP,54a86ad4-ad46-11ef-9bff-e4a8dfc2a9a8,ppb,21,71,47.07545471191406,0.09338521957397461,38690.0,44.43086242675781,389,1
StandardGSGP,54a86ad4-ad46-11ef-9bff-e4a8dfc2a9a8,ppb,21,72,47.033390045166016,0.08807849884033203,39360.0,44.39546203613281,389,1
StandardGSGP,54a86ad4-ad46-11ef-9bff-e4a8dfc2a9a8,ppb,21,73,47.014408111572266,0.09165620803833008,39838.0,44.3814582824707,395,1
StandardGSGP,54a86ad4-ad46-11ef-9bff-e4a8dfc2a9a8,ppb,21,74,46.97477722167969,0.09467935562133789,40396.0,44.41861343383789,401,1
StandardGSGP,54a86ad4-ad46-11ef-9bff-e4a8dfc2a9a8,ppb,21,75,46.8856201171875,0.09002280235290527,40800.0,44.21936798095703,407,1
StandardGSGP,54a86ad4-ad46-11ef-9bff-e4a8dfc2a9a8,ppb,21,76,46.877532958984375,0.08906722068786621,41176.0,44.24506759643555,413,1
StandardGSGP,54a86ad4-ad46-11ef-9bff-e4a8dfc2a9a8,ppb,21,77,46.77455520629883,0.08751296997070312,41746.0,44.19007110595703,413,1
StandardGSGP,54a86ad4-ad46-11ef-9bff-e4a8dfc2a9a8,ppb,21,78,46.77455520629883,0.0882256031036377,42378.0,44.19007110595703,413,1
StandardGSGP,54a86ad4-ad46-11ef-9bff-e4a8dfc2a9a8,ppb,21,79,46.72760772705078,0.08842086791992188,42856.0,44.1852912902832,425,1
StandardGSGP,54a86ad4-ad46-11ef-9bff-e4a8dfc2a9a8,ppb,21,80,46.71051788330078,0.08951091766357422,43230.0,43.86866760253906,437,1
StandardGSGP,54a86ad4-ad46-11ef-9bff-e4a8dfc2a9a8,ppb,21,81,46.68131637573242,0.10317182540893555,43526.0,44.077239990234375,437,1
StandardGSGP,54a86ad4-ad46-11ef-9bff-e4a8dfc2a9a8,ppb,21,82,46.607208251953125,0.09701800346374512,44176.0,43.72563171386719,449,1
StandardGSGP,54a86ad4-ad46-11ef-9bff-e4a8dfc2a9a8,ppb,21,83,46.5973014831543,0.09872603416442871,44922.0,43.66611099243164,455,1
StandardGSGP,54a86ad4-ad46-11ef-9bff-e4a8dfc2a9a8,ppb,21,84,46.55330276489258,0.09151005744934082,45648.0,43.523658752441406,461,1
StandardGSGP,54a86ad4-ad46-11ef-9bff-e4a8dfc2a9a8,ppb,21,85,46.51558303833008,0.09350967407226562,46448.0,43.69751739501953,467,1
StandardGSGP,54a86ad4-ad46-11ef-9bff-e4a8dfc2a9a8,ppb,21,86,46.492919921875,0.09163641929626465,47236.0,43.799217224121094,473,1
StandardGSGP,54a86ad4-ad46-11ef-9bff-e4a8dfc2a9a8,ppb,21,87,46.45989227294922,0.09351992607116699,47860.0,43.74471664428711,479,1
StandardGSGP,54a86ad4-ad46-11ef-9bff-e4a8dfc2a9a8,ppb,21,88,46.4461784362793,0.0901327133178711,48474.0,43.75099563598633,485,1
StandardGSGP,54a86ad4-ad46-11ef-9bff-e4a8dfc2a9a8,ppb,21,89,46.42556381225586,0.0949106216430664,49110.0,43.78573989868164,491,1
StandardGSGP,54a86ad4-ad46-11ef-9bff-e4a8dfc2a9a8,ppb,21,90,46.396854400634766,0.08851289749145508,49676.0,43.681365966796875,499,1
StandardGSGP,54a86ad4-ad46-11ef-9bff-e4a8dfc2a9a8,ppb,21,91,46.36302185058594,0.0986933708190918,50238.0,43.74700927734375,503,1
StandardGSGP,54a86ad4-ad46-11ef-9bff-e4a8dfc2a9a8,ppb,21,92,46.34235763549805,0.08792424201965332,50802.0,43.71800994873047,509,1
StandardGSGP,54a86ad4-ad46-11ef-9bff-e4a8dfc2a9a8,ppb,21,93,46.30612564086914,0.09712481498718262,51380.0,43.7608528137207,509,1
StandardGSGP,54a86ad4-ad46-11ef-9bff-e4a8dfc2a9a8,ppb,21,94,46.28407669067383,0.08674860000610352,51886.0,43.6630744934082,515,1
StandardGSGP,54a86ad4-ad46-11ef-9bff-e4a8dfc2a9a8,ppb,21,95,46.26622772216797,0.09351944923400879,52510.0,43.647891998291016,529,1
StandardGSGP,54a86ad4-ad46-11ef-9bff-e4a8dfc2a9a8,ppb,21,96,46.25128173828125,0.17119622230529785,53054.0,43.57492446899414,527,1
StandardGSGP,54a86ad4-ad46-11ef-9bff-e4a8dfc2a9a8,ppb,21,97,46.19564437866211,0.08953118324279785,53688.0,43.645164489746094,539,1
StandardGSGP,54a86ad4-ad46-11ef-9bff-e4a8dfc2a9a8,ppb,21,98,46.182342529296875,0.09620237350463867,54240.0,43.73900604248047,545,1
StandardGSGP,54a86ad4-ad46-11ef-9bff-e4a8dfc2a9a8,ppb,21,99,46.15376663208008,0.09069991111755371,54908.0,43.70975875854492,551,1
StandardGSGP,54a86ad4-ad46-11ef-9bff-e4a8dfc2a9a8,ppb,21,100,46.14155197143555,0.08651137351989746,55600.0,43.66389465332031,557,1
