StandardGSGP,3f8ab3c8-ad45-11ef-b2fc-e4a8dfc2a9a8,ppb,3,0,0.32665666937828064,0.0520021915435791,400.0,0.3363822400569916,3,1
StandardGSGP,3f8ab3c8-ad45-11ef-b2fc-e4a8dfc2a9a8,ppb,3,1,0.30588194727897644,0.09442424774169922,944.0,0.32298874855041504,9,1
StandardGSGP,3f8ab3c8-ad45-11ef-b2fc-e4a8dfc2a9a8,ppb,3,2,0.30272191762924194,0.09768390655517578,1552.0,0.31795334815979004,15,1
StandardGSGP,3f8ab3c8-ad45-11ef-b2fc-e4a8dfc2a9a8,ppb,3,3,0.29387733340263367,0.0895071029663086,2126.0,0.30721279978752136,21,1
StandardGSGP,3f8ab3c8-ad45-11ef-b2fc-e4a8dfc2a9a8,ppb,3,4,0.2867608964443207,0.08902454376220703,2706.0,0.2908674478530884,27,1
StandardGSGP,3f8ab3c8-ad45-11ef-b2fc-e4a8dfc2a9a8,ppb,3,5,0.2867608964443207,0.09147071838378906,3288.0,0.2908674478530884,27,1
StandardGSGP,3f8ab3c8-ad45-11ef-b2fc-e4a8dfc2a9a8,ppb,3,6,0.28570348024368286,0.09050941467285156,3862.0,0.2901087999343872,33,1
StandardGSGP,3f8ab3c8-ad45-11ef-b2fc-e4a8dfc2a9a8,ppb,3,7,0.2795708179473877,0.08951282501220703,4386.0,0.2827102839946747,45,1
StandardGSGP,3f8ab3c8-ad45-11ef-b2fc-e4a8dfc2a9a8,ppb,3,8,0.2775760591030121,0.08855104446411133,4896.0,0.31308069825172424,51,1
StandardGSGP,3f8ab3c8-ad45-11ef-b2fc-e4a8dfc2a9a8,ppb,3,9,0.2775760591030121,0.0905301570892334,5342.0,0.31308069825172424,51,1
StandardGSGP,3f8ab3c8-ad45-11ef-b2fc-e4a8dfc2a9a8,ppb,3,10,0.27378037571907043,0.09789347648620605,5884.0,0.28949928283691406,57,1
StandardGSGP,3f8ab3c8-ad45-11ef-b2fc-e4a8dfc2a9a8,ppb,3,11,0.2682063579559326,0.10458588600158691,6374.0,0.2907279133796692,63,1
StandardGSGP,3f8ab3c8-ad45-11ef-b2fc-e4a8dfc2a9a8,ppb,3,12,0.2679365575313568,0.08664274215698242,6842.0,0.2788119614124298,69,1
StandardGSGP,3f8ab3c8-ad45-11ef-b2fc-e4a8dfc2a9a8,ppb,3,13,0.26301106810569763,0.10921907424926758,7332.0,0.28667378425598145,75,1
StandardGSGP,3f8ab3c8-ad45-11ef-b2fc-e4a8dfc2a9a8,ppb,3,14,0.2623218297958374,0.09465312957763672,7852.0,0.2905022203922272,81,1
StandardGSGP,3f8ab3c8-ad45-11ef-b2fc-e4a8dfc2a9a8,ppb,3,15,0.26108214259147644,0.08610653877258301,8420.0,0.276021808385849,87,1
StandardGSGP,3f8ab3c8-ad45-11ef-b2fc-e4a8dfc2a9a8,ppb,3,16,0.26108214259147644,0.09252643585205078,8986.0,0.276021808385849,87,1
StandardGSGP,3f8ab3c8-ad45-11ef-b2fc-e4a8dfc2a9a8,ppb,3,17,0.26047906279563904,0.0880129337310791,9616.0,0.27551960945129395,95,1
StandardGSGP,3f8ab3c8-ad45-11ef-b2fc-e4a8dfc2a9a8,ppb,3,18,0.2589934766292572,0.09100484848022461,10274.0,0.2748892307281494,105,1
StandardGSGP,3f8ab3c8-ad45-11ef-b2fc-e4a8dfc2a9a8,ppb,3,19,0.25824856758117676,0.16285371780395508,10856.0,0.2889595031738281,111,1
StandardGSGP,3f8ab3c8-ad45-11ef-b2fc-e4a8dfc2a9a8,ppb,3,20,0.2505871653556824,0.0945122241973877,11464.0,0.2719610929489136,117,1
StandardGSGP,3f8ab3c8-ad45-11ef-b2fc-e4a8dfc2a9a8,ppb,3,21,0.24692381918430328,0.08650922775268555,12116.0,0.2704762816429138,123,1
StandardGSGP,3f8ab3c8-ad45-11ef-b2fc-e4a8dfc2a9a8,ppb,3,22,0.24645470082759857,0.08709597587585449,12722.0,0.2691672146320343,123,1
StandardGSGP,3f8ab3c8-ad45-11ef-b2fc-e4a8dfc2a9a8,ppb,3,23,0.24645470082759857,0.09072303771972656,13312.0,0.2691672146320343,123,1
StandardGSGP,3f8ab3c8-ad45-11ef-b2fc-e4a8dfc2a9a8,ppb,3,24,0.24189478158950806,0.09358739852905273,13882.0,0.269333153963089,141,1
StandardGSGP,3f8ab3c8-ad45-11ef-b2fc-e4a8dfc2a9a8,ppb,3,25,0.24189478158950806,0.09151864051818848,14362.0,0.269333153963089,141,1
StandardGSGP,3f8ab3c8-ad45-11ef-b2fc-e4a8dfc2a9a8,ppb,3,26,0.24173606932163239,0.09221506118774414,14830.0,0.27801209688186646,153,1
StandardGSGP,3f8ab3c8-ad45-11ef-b2fc-e4a8dfc2a9a8,ppb,3,27,0.24173606932163239,0.09656786918640137,15558.0,0.27801209688186646,153,1
StandardGSGP,3f8ab3c8-ad45-11ef-b2fc-e4a8dfc2a9a8,ppb,3,28,0.23679345846176147,0.08891868591308594,16190.0,0.260879784822464,165,1
StandardGSGP,3f8ab3c8-ad45-11ef-b2fc-e4a8dfc2a9a8,ppb,3,29,0.23679345846176147,0.0895078182220459,16814.0,0.260879784822464,165,1
StandardGSGP,3f8ab3c8-ad45-11ef-b2fc-e4a8dfc2a9a8,ppb,3,30,0.23597314953804016,0.09447097778320312,17314.0,0.2719559371471405,165,1
StandardGSGP,3f8ab3c8-ad45-11ef-b2fc-e4a8dfc2a9a8,ppb,3,31,0.2358534187078476,0.0985262393951416,17968.0,0.27102676033973694,171,1
StandardGSGP,3f8ab3c8-ad45-11ef-b2fc-e4a8dfc2a9a8,ppb,3,32,0.23555538058280945,0.0914924144744873,18486.0,0.269963800907135,177,1
StandardGSGP,3f8ab3c8-ad45-11ef-b2fc-e4a8dfc2a9a8,ppb,3,33,0.23387378454208374,0.0939798355102539,18782.0,0.2863123416900635,195,1
StandardGSGP,3f8ab3c8-ad45-11ef-b2fc-e4a8dfc2a9a8,ppb,3,34,0.23265017569065094,0.09054350852966309,19552.0,0.29032832384109497,195,1
StandardGSGP,3f8ab3c8-ad45-11ef-b2fc-e4a8dfc2a9a8,ppb,3,35,0.23089003562927246,0.08907246589660645,20020.0,0.30074572563171387,201,1
StandardGSGP,3f8ab3c8-ad45-11ef-b2fc-e4a8dfc2a9a8,ppb,3,36,0.23089003562927246,0.08850860595703125,20614.0,0.30074572563171387,201,1
StandardGSGP,3f8ab3c8-ad45-11ef-b2fc-e4a8dfc2a9a8,ppb,3,37,0.23089003562927246,0.0877225399017334,21248.0,0.30074572563171387,201,1
StandardGSGP,3f8ab3c8-ad45-11ef-b2fc-e4a8dfc2a9a8,ppb,3,38,0.22945700585842133,0.09467625617980957,21740.0,0.29463067650794983,207,1
StandardGSGP,3f8ab3c8-ad45-11ef-b2fc-e4a8dfc2a9a8,ppb,3,39,0.22732862830162048,0.09099483489990234,22328.0,0.2966528832912445,231,1
StandardGSGP,3f8ab3c8-ad45-11ef-b2fc-e4a8dfc2a9a8,ppb,3,40,0.22625261545181274,0.08551216125488281,22900.0,0.29364949464797974,225,1
StandardGSGP,3f8ab3c8-ad45-11ef-b2fc-e4a8dfc2a9a8,ppb,3,41,0.22522825002670288,0.08826088905334473,23348.0,0.295173317193985,231,1
StandardGSGP,3f8ab3c8-ad45-11ef-b2fc-e4a8dfc2a9a8,ppb,3,42,0.22522825002670288,0.08985519409179688,23928.0,0.295173317193985,231,1
StandardGSGP,3f8ab3c8-ad45-11ef-b2fc-e4a8dfc2a9a8,ppb,3,43,0.22522825002670288,0.08751058578491211,24472.0,0.295173317193985,231,1
StandardGSGP,3f8ab3c8-ad45-11ef-b2fc-e4a8dfc2a9a8,ppb,3,44,0.22435520589351654,0.09438943862915039,24896.0,0.29915058612823486,249,1
StandardGSGP,3f8ab3c8-ad45-11ef-b2fc-e4a8dfc2a9a8,ppb,3,45,0.22233712673187256,0.09450650215148926,25488.0,0.31306198239326477,255,1
StandardGSGP,3f8ab3c8-ad45-11ef-b2fc-e4a8dfc2a9a8,ppb,3,46,0.22233712673187256,0.0928351879119873,25860.0,0.31306198239326477,255,1
StandardGSGP,3f8ab3c8-ad45-11ef-b2fc-e4a8dfc2a9a8,ppb,3,47,0.21987488865852356,0.09123992919921875,26404.0,0.308527410030365,267,1
StandardGSGP,3f8ab3c8-ad45-11ef-b2fc-e4a8dfc2a9a8,ppb,3,48,0.2197694629430771,0.08978915214538574,26740.0,0.30013421177864075,273,1
StandardGSGP,3f8ab3c8-ad45-11ef-b2fc-e4a8dfc2a9a8,ppb,3,49,0.2197694629430771,0.08945083618164062,27308.0,0.30013421177864075,273,1
StandardGSGP,3f8ab3c8-ad45-11ef-b2fc-e4a8dfc2a9a8,ppb,3,50,0.2197076678276062,0.08751344680786133,27916.0,0.32427704334259033,279,1
StandardGSGP,3f8ab3c8-ad45-11ef-b2fc-e4a8dfc2a9a8,ppb,3,51,0.2188631296157837,0.08894968032836914,28420.0,0.30243363976478577,285,1
StandardGSGP,3f8ab3c8-ad45-11ef-b2fc-e4a8dfc2a9a8,ppb,3,52,0.2188631296157837,0.09016108512878418,29030.0,0.30243363976478577,285,1
StandardGSGP,3f8ab3c8-ad45-11ef-b2fc-e4a8dfc2a9a8,ppb,3,53,0.21866022050380707,0.09397101402282715,29690.0,0.29844367504119873,297,1
StandardGSGP,3f8ab3c8-ad45-11ef-b2fc-e4a8dfc2a9a8,ppb,3,54,0.21794795989990234,0.09650969505310059,30192.0,0.29887187480926514,303,1
StandardGSGP,3f8ab3c8-ad45-11ef-b2fc-e4a8dfc2a9a8,ppb,3,55,0.2176496535539627,0.09490323066711426,30662.0,0.30101048946380615,309,1
StandardGSGP,3f8ab3c8-ad45-11ef-b2fc-e4a8dfc2a9a8,ppb,3,56,0.21579618752002716,0.0919790267944336,31118.0,0.29632464051246643,315,1
StandardGSGP,3f8ab3c8-ad45-11ef-b2fc-e4a8dfc2a9a8,ppb,3,57,0.21368053555488586,0.09455537796020508,31626.0,0.2863239645957947,321,1
StandardGSGP,3f8ab3c8-ad45-11ef-b2fc-e4a8dfc2a9a8,ppb,3,58,0.21368053555488586,0.08750724792480469,32182.0,0.2863239645957947,321,1
StandardGSGP,3f8ab3c8-ad45-11ef-b2fc-e4a8dfc2a9a8,ppb,3,59,0.21368053555488586,0.0875086784362793,32756.0,0.2863239645957947,321,1
StandardGSGP,3f8ab3c8-ad45-11ef-b2fc-e4a8dfc2a9a8,ppb,3,60,0.21368053555488586,0.08951020240783691,33320.0,0.2863239645957947,321,1
StandardGSGP,3f8ab3c8-ad45-11ef-b2fc-e4a8dfc2a9a8,ppb,3,61,0.21368053555488586,0.09607172012329102,33878.0,0.2863239645957947,321,1
StandardGSGP,3f8ab3c8-ad45-11ef-b2fc-e4a8dfc2a9a8,ppb,3,62,0.21368001401424408,0.09680604934692383,34340.0,0.28613874316215515,327,1
StandardGSGP,3f8ab3c8-ad45-11ef-b2fc-e4a8dfc2a9a8,ppb,3,63,0.21244923770427704,0.09292864799499512,34732.0,0.29709216952323914,351,1
StandardGSGP,3f8ab3c8-ad45-11ef-b2fc-e4a8dfc2a9a8,ppb,3,64,0.21244923770427704,0.08977007865905762,35104.0,0.29709216952323914,351,1
StandardGSGP,3f8ab3c8-ad45-11ef-b2fc-e4a8dfc2a9a8,ppb,3,65,0.2113742232322693,0.09886360168457031,35686.0,0.2987266480922699,339,1
StandardGSGP,3f8ab3c8-ad45-11ef-b2fc-e4a8dfc2a9a8,ppb,3,66,0.21015281975269318,0.09478425979614258,36044.0,0.2968513071537018,345,1
StandardGSGP,3f8ab3c8-ad45-11ef-b2fc-e4a8dfc2a9a8,ppb,3,67,0.20940089225769043,0.09688925743103027,36538.0,0.29982486367225647,345,1
StandardGSGP,3f8ab3c8-ad45-11ef-b2fc-e4a8dfc2a9a8,ppb,3,68,0.20940089225769043,0.08751177787780762,36762.0,0.29982486367225647,345,1
StandardGSGP,3f8ab3c8-ad45-11ef-b2fc-e4a8dfc2a9a8,ppb,3,69,0.20829364657402039,0.09183430671691895,37102.0,0.29729029536247253,393,1
StandardGSGP,3f8ab3c8-ad45-11ef-b2fc-e4a8dfc2a9a8,ppb,3,70,0.20641301572322845,0.08972740173339844,37642.0,0.2925902307033539,399,1
StandardGSGP,3f8ab3c8-ad45-11ef-b2fc-e4a8dfc2a9a8,ppb,3,71,0.2055937945842743,0.09000444412231445,38362.0,0.28662729263305664,405,1
StandardGSGP,3f8ab3c8-ad45-11ef-b2fc-e4a8dfc2a9a8,ppb,3,72,0.20536603033542633,0.08851122856140137,38994.0,0.2864454686641693,411,1
StandardGSGP,3f8ab3c8-ad45-11ef-b2fc-e4a8dfc2a9a8,ppb,3,73,0.20501267910003662,0.08901500701904297,39576.0,0.2865019738674164,417,1
StandardGSGP,3f8ab3c8-ad45-11ef-b2fc-e4a8dfc2a9a8,ppb,3,74,0.2021835595369339,0.10003423690795898,40794.0,0.29791387915611267,423,1
StandardGSGP,3f8ab3c8-ad45-11ef-b2fc-e4a8dfc2a9a8,ppb,3,75,0.2021835595369339,0.08950948715209961,41932.0,0.29791387915611267,423,1
StandardGSGP,3f8ab3c8-ad45-11ef-b2fc-e4a8dfc2a9a8,ppb,3,76,0.2021835595369339,0.08689498901367188,42636.0,0.29791387915611267,423,1
StandardGSGP,3f8ab3c8-ad45-11ef-b2fc-e4a8dfc2a9a8,ppb,3,77,0.2021835595369339,0.09969496726989746,42966.0,0.29791387915611267,423,1
StandardGSGP,3f8ab3c8-ad45-11ef-b2fc-e4a8dfc2a9a8,ppb,3,78,0.2021835595369339,0.08911871910095215,43010.0,0.29791387915611267,423,1
StandardGSGP,3f8ab3c8-ad45-11ef-b2fc-e4a8dfc2a9a8,ppb,3,79,0.2021835595369339,0.09101724624633789,43630.0,0.29791387915611267,423,1
StandardGSGP,3f8ab3c8-ad45-11ef-b2fc-e4a8dfc2a9a8,ppb,3,80,0.20167751610279083,0.08950948715209961,44754.0,0.2994216978549957,429,1
StandardGSGP,3f8ab3c8-ad45-11ef-b2fc-e4a8dfc2a9a8,ppb,3,81,0.20167751610279083,0.0928030014038086,45204.0,0.2994216978549957,429,1
StandardGSGP,3f8ab3c8-ad45-11ef-b2fc-e4a8dfc2a9a8,ppb,3,82,0.2012719213962555,0.09153389930725098,45680.0,0.3058243691921234,465,1
StandardGSGP,3f8ab3c8-ad45-11ef-b2fc-e4a8dfc2a9a8,ppb,3,83,0.20024369657039642,0.09350728988647461,46460.0,0.30802541971206665,471,1
StandardGSGP,3f8ab3c8-ad45-11ef-b2fc-e4a8dfc2a9a8,ppb,3,84,0.20024369657039642,0.09051084518432617,46892.0,0.30802541971206665,471,1
StandardGSGP,3f8ab3c8-ad45-11ef-b2fc-e4a8dfc2a9a8,ppb,3,85,0.20024369657039642,0.09776902198791504,47546.0,0.30802541971206665,471,1
StandardGSGP,3f8ab3c8-ad45-11ef-b2fc-e4a8dfc2a9a8,ppb,3,86,0.20024369657039642,0.09051060676574707,47860.0,0.30802541971206665,471,1
StandardGSGP,3f8ab3c8-ad45-11ef-b2fc-e4a8dfc2a9a8,ppb,3,87,0.20024369657039642,0.16541504859924316,48478.0,0.30802541971206665,471,1
StandardGSGP,3f8ab3c8-ad45-11ef-b2fc-e4a8dfc2a9a8,ppb,3,88,0.20024369657039642,0.08983540534973145,49006.0,0.30802541971206665,471,1
StandardGSGP,3f8ab3c8-ad45-11ef-b2fc-e4a8dfc2a9a8,ppb,3,89,0.19918960332870483,0.09451055526733398,49592.0,0.2930810749530792,483,1
StandardGSGP,3f8ab3c8-ad45-11ef-b2fc-e4a8dfc2a9a8,ppb,3,90,0.19795845448970795,0.10644006729125977,50016.0,0.30418020486831665,507,1
StandardGSGP,3f8ab3c8-ad45-11ef-b2fc-e4a8dfc2a9a8,ppb,3,91,0.19795845448970795,0.09581279754638672,50606.0,0.30418020486831665,507,1
StandardGSGP,3f8ab3c8-ad45-11ef-b2fc-e4a8dfc2a9a8,ppb,3,92,0.19785402715206146,0.08951044082641602,51044.0,0.3179951012134552,519,1
StandardGSGP,3f8ab3c8-ad45-11ef-b2fc-e4a8dfc2a9a8,ppb,3,93,0.19717060029506683,0.09051012992858887,51828.0,0.31767016649246216,527,1
StandardGSGP,3f8ab3c8-ad45-11ef-b2fc-e4a8dfc2a9a8,ppb,3,94,0.19610010087490082,0.08751058578491211,52378.0,0.31377628445625305,531,1
StandardGSGP,3f8ab3c8-ad45-11ef-b2fc-e4a8dfc2a9a8,ppb,3,95,0.19610010087490082,0.08588862419128418,53182.0,0.31377628445625305,531,1
StandardGSGP,3f8ab3c8-ad45-11ef-b2fc-e4a8dfc2a9a8,ppb,3,96,0.19610010087490082,0.09231781959533691,53684.0,0.31377628445625305,531,1
StandardGSGP,3f8ab3c8-ad45-11ef-b2fc-e4a8dfc2a9a8,ppb,3,97,0.19610010087490082,0.08757257461547852,54260.0,0.31377628445625305,531,1
StandardGSGP,3f8ab3c8-ad45-11ef-b2fc-e4a8dfc2a9a8,ppb,3,98,0.19610010087490082,0.0890040397644043,54792.0,0.31377628445625305,531,1
StandardGSGP,3f8ab3c8-ad45-11ef-b2fc-e4a8dfc2a9a8,ppb,3,99,0.1959337741136551,0.09293222427368164,55358.0,0.314165860414505,549,1
StandardGSGP,3f8ab3c8-ad45-11ef-b2fc-e4a8dfc2a9a8,ppb,3,100,0.1959337741136551,0.08805346488952637,56014.0,0.314165860414505,549,1
StandardGSGP,ec473591-ad45-11ef-b2fc-e4a8dfc2a9a8,ppb,3,0,42.84064483642578,0.05100607872009277,400.0,41.5177001953125,7,1
StandardGSGP,ec473591-ad45-11ef-b2fc-e4a8dfc2a9a8,ppb,3,1,42.7685546875,0.08851146697998047,980.0,41.448490142822266,13,1
StandardGSGP,ec473591-ad45-11ef-b2fc-e4a8dfc2a9a8,ppb,3,2,42.71839141845703,0.08992457389831543,1666.0,41.4022216796875,19,1
StandardGSGP,ec473591-ad45-11ef-b2fc-e4a8dfc2a9a8,ppb,3,3,42.28618240356445,0.0902702808380127,2290.0,40.938987731933594,27,1
StandardGSGP,ec473591-ad45-11ef-b2fc-e4a8dfc2a9a8,ppb,3,4,42.22736740112305,0.09267425537109375,2876.0,40.875919342041016,33,1
StandardGSGP,ec473591-ad45-11ef-b2fc-e4a8dfc2a9a8,ppb,3,5,42.01881790161133,0.09498739242553711,3536.0,40.66510772705078,39,1
StandardGSGP,ec473591-ad45-11ef-b2fc-e4a8dfc2a9a8,ppb,3,6,41.850276947021484,0.09399604797363281,4234.0,40.49285125732422,45,1
StandardGSGP,ec473591-ad45-11ef-b2fc-e4a8dfc2a9a8,ppb,3,7,41.73602294921875,0.08948945999145508,4886.0,40.36168670654297,51,1
StandardGSGP,ec473591-ad45-11ef-b2fc-e4a8dfc2a9a8,ppb,3,8,41.500267028808594,0.08851146697998047,5496.0,40.1036491394043,57,1
StandardGSGP,ec473591-ad45-11ef-b2fc-e4a8dfc2a9a8,ppb,3,9,41.313926696777344,0.0905148983001709,6138.0,39.90324401855469,63,1
StandardGSGP,ec473591-ad45-11ef-b2fc-e4a8dfc2a9a8,ppb,3,10,41.06999206542969,0.0909111499786377,6762.0,39.6386604309082,69,1
StandardGSGP,ec473591-ad45-11ef-b2fc-e4a8dfc2a9a8,ppb,3,11,40.85562515258789,0.10350704193115234,7388.0,39.38654327392578,75,1
StandardGSGP,ec473591-ad45-11ef-b2fc-e4a8dfc2a9a8,ppb,3,12,40.8513069152832,0.09580278396606445,7956.0,39.382652282714844,81,1
StandardGSGP,ec473591-ad45-11ef-b2fc-e4a8dfc2a9a8,ppb,3,13,40.660667419433594,0.1012415885925293,8516.0,39.164127349853516,87,1
StandardGSGP,ec473591-ad45-11ef-b2fc-e4a8dfc2a9a8,ppb,3,14,40.567447662353516,0.09919929504394531,9104.0,39.07233810424805,93,1
StandardGSGP,ec473591-ad45-11ef-b2fc-e4a8dfc2a9a8,ppb,3,15,40.35173416137695,0.09551644325256348,9684.0,38.839656829833984,99,1
StandardGSGP,ec473591-ad45-11ef-b2fc-e4a8dfc2a9a8,ppb,3,16,40.168907165527344,0.09899520874023438,10316.0,38.6143684387207,105,1
StandardGSGP,ec473591-ad45-11ef-b2fc-e4a8dfc2a9a8,ppb,3,17,39.94060134887695,0.0945124626159668,10966.0,38.316402435302734,111,1
StandardGSGP,ec473591-ad45-11ef-b2fc-e4a8dfc2a9a8,ppb,3,18,39.69698715209961,0.10479617118835449,11654.0,38.105445861816406,117,1
StandardGSGP,ec473591-ad45-11ef-b2fc-e4a8dfc2a9a8,ppb,3,19,39.54520797729492,0.09158897399902344,12250.0,37.92459487915039,123,1
StandardGSGP,ec473591-ad45-11ef-b2fc-e4a8dfc2a9a8,ppb,3,20,39.23413848876953,0.09239053726196289,12826.0,37.75547409057617,129,1
StandardGSGP,ec473591-ad45-11ef-b2fc-e4a8dfc2a9a8,ppb,3,21,39.148826599121094,0.09051036834716797,13438.0,37.49175262451172,135,1
StandardGSGP,ec473591-ad45-11ef-b2fc-e4a8dfc2a9a8,ppb,3,22,38.949363708496094,0.09700679779052734,14024.0,37.31295394897461,141,1
StandardGSGP,ec473591-ad45-11ef-b2fc-e4a8dfc2a9a8,ppb,3,23,38.86825942993164,0.09256196022033691,14602.0,37.217735290527344,147,1
StandardGSGP,ec473591-ad45-11ef-b2fc-e4a8dfc2a9a8,ppb,3,24,38.66747283935547,0.09471678733825684,15142.0,37.00309753417969,153,1
StandardGSGP,ec473591-ad45-11ef-b2fc-e4a8dfc2a9a8,ppb,3,25,38.398902893066406,0.09851431846618652,15678.0,36.69379806518555,159,1
StandardGSGP,ec473591-ad45-11ef-b2fc-e4a8dfc2a9a8,ppb,3,26,38.398902893066406,0.0963289737701416,16184.0,36.69379806518555,159,1
StandardGSGP,ec473591-ad45-11ef-b2fc-e4a8dfc2a9a8,ppb,3,27,38.33244323730469,0.1033620834350586,16714.0,36.58173751831055,171,1
StandardGSGP,ec473591-ad45-11ef-b2fc-e4a8dfc2a9a8,ppb,3,28,38.072391510009766,0.10400009155273438,17296.0,36.283260345458984,177,1
StandardGSGP,ec473591-ad45-11ef-b2fc-e4a8dfc2a9a8,ppb,3,29,38.044029235839844,0.10451483726501465,17906.0,36.25244903564453,183,1
StandardGSGP,ec473591-ad45-11ef-b2fc-e4a8dfc2a9a8,ppb,3,30,37.864036560058594,0.10242891311645508,18536.0,36.07513427734375,189,1
StandardGSGP,ec473591-ad45-11ef-b2fc-e4a8dfc2a9a8,ppb,3,31,37.73712921142578,0.0980224609375,19254.0,35.91843795776367,195,1
StandardGSGP,ec473591-ad45-11ef-b2fc-e4a8dfc2a9a8,ppb,3,32,37.6095085144043,0.09351158142089844,20016.0,35.78962707519531,195,1
StandardGSGP,ec473591-ad45-11ef-b2fc-e4a8dfc2a9a8,ppb,3,33,37.491546630859375,0.09736251831054688,20632.0,35.66478729248047,207,1
StandardGSGP,ec473591-ad45-11ef-b2fc-e4a8dfc2a9a8,ppb,3,34,37.39650344848633,0.0965116024017334,21188.0,35.54692077636719,201,1
StandardGSGP,ec473591-ad45-11ef-b2fc-e4a8dfc2a9a8,ppb,3,35,37.321044921875,0.09543442726135254,21742.0,35.47438430786133,219,1
StandardGSGP,ec473591-ad45-11ef-b2fc-e4a8dfc2a9a8,ppb,3,36,37.29996871948242,0.09769415855407715,22196.0,35.43994903564453,213,1
StandardGSGP,ec473591-ad45-11ef-b2fc-e4a8dfc2a9a8,ppb,3,37,37.173370361328125,0.09574198722839355,22606.0,35.278717041015625,213,1
StandardGSGP,ec473591-ad45-11ef-b2fc-e4a8dfc2a9a8,ppb,3,38,37.12912368774414,0.09696340560913086,22962.0,35.269378662109375,237,1
StandardGSGP,ec473591-ad45-11ef-b2fc-e4a8dfc2a9a8,ppb,3,39,37.03425979614258,0.10149860382080078,23382.0,35.162506103515625,243,1
StandardGSGP,ec473591-ad45-11ef-b2fc-e4a8dfc2a9a8,ppb,3,40,37.00828170776367,0.0925137996673584,23790.0,35.162845611572266,249,1
StandardGSGP,ec473591-ad45-11ef-b2fc-e4a8dfc2a9a8,ppb,3,41,36.95164489746094,0.1000514030456543,24542.0,35.074520111083984,249,1
StandardGSGP,ec473591-ad45-11ef-b2fc-e4a8dfc2a9a8,ppb,3,42,36.87053680419922,0.10701560974121094,25282.0,34.848636627197266,243,1
StandardGSGP,ec473591-ad45-11ef-b2fc-e4a8dfc2a9a8,ppb,3,43,36.86015701293945,0.09400391578674316,26120.0,34.88134002685547,249,1
StandardGSGP,ec473591-ad45-11ef-b2fc-e4a8dfc2a9a8,ppb,3,44,36.757164001464844,0.09356188774108887,26518.0,34.747554779052734,255,1
StandardGSGP,ec473591-ad45-11ef-b2fc-e4a8dfc2a9a8,ppb,3,45,36.64598846435547,0.09339523315429688,26672.0,34.592498779296875,261,1
StandardGSGP,ec473591-ad45-11ef-b2fc-e4a8dfc2a9a8,ppb,3,46,36.60953140258789,0.09592771530151367,27062.0,34.669403076171875,267,1
StandardGSGP,ec473591-ad45-11ef-b2fc-e4a8dfc2a9a8,ppb,3,47,36.60084915161133,0.09917449951171875,27524.0,34.53276062011719,275,1
StandardGSGP,ec473591-ad45-11ef-b2fc-e4a8dfc2a9a8,ppb,3,48,36.54133224487305,0.10304737091064453,28034.0,34.59511947631836,287,1
StandardGSGP,ec473591-ad45-11ef-b2fc-e4a8dfc2a9a8,ppb,3,49,36.5035400390625,0.12116169929504395,28520.0,34.595462799072266,285,1
StandardGSGP,ec473591-ad45-11ef-b2fc-e4a8dfc2a9a8,ppb,3,50,36.464866638183594,0.11821222305297852,29134.0,34.44274139404297,291,1
StandardGSGP,ec473591-ad45-11ef-b2fc-e4a8dfc2a9a8,ppb,3,51,36.4205207824707,0.11476659774780273,29776.0,34.52280807495117,307,1
StandardGSGP,ec473591-ad45-11ef-b2fc-e4a8dfc2a9a8,ppb,3,52,36.356807708740234,0.1028280258178711,30486.0,34.45510482788086,303,1
StandardGSGP,ec473591-ad45-11ef-b2fc-e4a8dfc2a9a8,ppb,3,53,36.30756759643555,0.1103203296661377,31132.0,34.36030197143555,309,1
StandardGSGP,ec473591-ad45-11ef-b2fc-e4a8dfc2a9a8,ppb,3,54,36.288658142089844,0.1025078296661377,31660.0,34.33387756347656,315,1
StandardGSGP,ec473591-ad45-11ef-b2fc-e4a8dfc2a9a8,ppb,3,55,36.26573944091797,0.09982442855834961,32238.0,34.29670715332031,321,1
StandardGSGP,ec473591-ad45-11ef-b2fc-e4a8dfc2a9a8,ppb,3,56,36.22642135620117,0.09001970291137695,32720.0,34.27204513549805,327,1
StandardGSGP,ec473591-ad45-11ef-b2fc-e4a8dfc2a9a8,ppb,3,57,36.13373565673828,0.09751248359680176,33304.0,34.193599700927734,333,1
StandardGSGP,ec473591-ad45-11ef-b2fc-e4a8dfc2a9a8,ppb,3,58,36.114990234375,0.09950923919677734,33858.0,34.212669372558594,339,1
StandardGSGP,ec473591-ad45-11ef-b2fc-e4a8dfc2a9a8,ppb,3,59,36.08898162841797,0.09451484680175781,34438.0,34.20442199707031,345,1
StandardGSGP,ec473591-ad45-11ef-b2fc-e4a8dfc2a9a8,ppb,3,60,36.0316276550293,0.0915219783782959,34996.0,34.151851654052734,345,1
StandardGSGP,ec473591-ad45-11ef-b2fc-e4a8dfc2a9a8,ppb,3,61,36.02058029174805,0.09251070022583008,35518.0,34.144386291503906,351,1
StandardGSGP,ec473591-ad45-11ef-b2fc-e4a8dfc2a9a8,ppb,3,62,35.99790954589844,0.16524219512939453,36110.0,34.18131637573242,363,1
StandardGSGP,ec473591-ad45-11ef-b2fc-e4a8dfc2a9a8,ppb,3,63,35.94141387939453,0.09031462669372559,36466.0,34.039791107177734,357,1
StandardGSGP,ec473591-ad45-11ef-b2fc-e4a8dfc2a9a8,ppb,3,64,35.91729736328125,0.09577202796936035,36926.0,34.02415466308594,363,1
StandardGSGP,ec473591-ad45-11ef-b2fc-e4a8dfc2a9a8,ppb,3,65,35.8925895690918,0.09001040458679199,37572.0,34.01079177856445,369,1
StandardGSGP,ec473591-ad45-11ef-b2fc-e4a8dfc2a9a8,ppb,3,66,35.84042739868164,0.09409165382385254,37986.0,33.989234924316406,375,1
StandardGSGP,ec473591-ad45-11ef-b2fc-e4a8dfc2a9a8,ppb,3,67,35.84041213989258,0.10208821296691895,38266.0,33.98923110961914,383,1
StandardGSGP,ec473591-ad45-11ef-b2fc-e4a8dfc2a9a8,ppb,3,68,35.79335021972656,0.08950662612915039,38684.0,34.16572952270508,387,1
StandardGSGP,ec473591-ad45-11ef-b2fc-e4a8dfc2a9a8,ppb,3,69,35.7672119140625,0.09004426002502441,39222.0,34.15372848510742,393,1
StandardGSGP,ec473591-ad45-11ef-b2fc-e4a8dfc2a9a8,ppb,3,70,35.7672119140625,0.09544968605041504,39822.0,34.15372848510742,393,1
StandardGSGP,ec473591-ad45-11ef-b2fc-e4a8dfc2a9a8,ppb,3,71,35.718544006347656,0.09751272201538086,40446.0,33.95745849609375,405,1
StandardGSGP,ec473591-ad45-11ef-b2fc-e4a8dfc2a9a8,ppb,3,72,35.65975570678711,0.09050965309143066,40958.0,33.97452163696289,411,1
StandardGSGP,ec473591-ad45-11ef-b2fc-e4a8dfc2a9a8,ppb,3,73,35.57704162597656,0.0965120792388916,41646.0,33.93330001831055,417,1
StandardGSGP,ec473591-ad45-11ef-b2fc-e4a8dfc2a9a8,ppb,3,74,35.5435905456543,0.09097981452941895,42234.0,33.91800308227539,423,1
StandardGSGP,ec473591-ad45-11ef-b2fc-e4a8dfc2a9a8,ppb,3,75,35.538307189941406,0.09351134300231934,42760.0,33.88452911376953,423,1
StandardGSGP,ec473591-ad45-11ef-b2fc-e4a8dfc2a9a8,ppb,3,76,35.50493621826172,0.09580755233764648,43318.0,33.8720817565918,429,1
StandardGSGP,ec473591-ad45-11ef-b2fc-e4a8dfc2a9a8,ppb,3,77,35.498870849609375,0.09618330001831055,43882.0,33.90222930908203,441,1
StandardGSGP,ec473591-ad45-11ef-b2fc-e4a8dfc2a9a8,ppb,3,78,35.463706970214844,0.08861637115478516,44432.0,33.854644775390625,447,1
StandardGSGP,ec473591-ad45-11ef-b2fc-e4a8dfc2a9a8,ppb,3,79,35.41262435913086,0.08931732177734375,45036.0,33.852508544921875,447,1
StandardGSGP,ec473591-ad45-11ef-b2fc-e4a8dfc2a9a8,ppb,3,80,35.407386779785156,0.0901787281036377,45586.0,33.841121673583984,453,1
StandardGSGP,ec473591-ad45-11ef-b2fc-e4a8dfc2a9a8,ppb,3,81,35.39946746826172,0.08853769302368164,46048.0,33.79332733154297,459,1
StandardGSGP,ec473591-ad45-11ef-b2fc-e4a8dfc2a9a8,ppb,3,82,35.359619140625,0.08853793144226074,46530.0,33.82455825805664,465,1
StandardGSGP,ec473591-ad45-11ef-b2fc-e4a8dfc2a9a8,ppb,3,83,35.358909606933594,0.08792614936828613,47006.0,33.822349548339844,471,1
StandardGSGP,ec473591-ad45-11ef-b2fc-e4a8dfc2a9a8,ppb,3,84,35.34112548828125,0.09754347801208496,47632.0,33.8347282409668,477,1
StandardGSGP,ec473591-ad45-11ef-b2fc-e4a8dfc2a9a8,ppb,3,85,35.28460693359375,0.1037893295288086,48222.0,33.69120407104492,477,1
StandardGSGP,ec473591-ad45-11ef-b2fc-e4a8dfc2a9a8,ppb,3,86,35.280052185058594,0.09822368621826172,48686.0,33.69639587402344,485,1
StandardGSGP,ec473591-ad45-11ef-b2fc-e4a8dfc2a9a8,ppb,3,87,35.248008728027344,0.09249019622802734,49310.0,33.66110610961914,489,1
StandardGSGP,ec473591-ad45-11ef-b2fc-e4a8dfc2a9a8,ppb,3,88,35.23931884765625,0.0966496467590332,49690.0,33.6348762512207,495,1
StandardGSGP,ec473591-ad45-11ef-b2fc-e4a8dfc2a9a8,ppb,3,89,35.22533416748047,0.0910496711730957,50094.0,33.57960891723633,501,1
StandardGSGP,ec473591-ad45-11ef-b2fc-e4a8dfc2a9a8,ppb,3,90,35.152015686035156,0.09385132789611816,50614.0,33.62895202636719,507,1
StandardGSGP,ec473591-ad45-11ef-b2fc-e4a8dfc2a9a8,ppb,3,91,35.1319580078125,0.08832383155822754,51188.0,33.63498306274414,513,1
StandardGSGP,ec473591-ad45-11ef-b2fc-e4a8dfc2a9a8,ppb,3,92,35.09033203125,0.09051203727722168,51752.0,33.67453384399414,519,1
StandardGSGP,ec473591-ad45-11ef-b2fc-e4a8dfc2a9a8,ppb,3,93,35.08810043334961,0.09473800659179688,52322.0,33.674232482910156,525,1
StandardGSGP,ec473591-ad45-11ef-b2fc-e4a8dfc2a9a8,ppb,3,94,35.07151412963867,0.0916299819946289,52922.0,33.68927764892578,533,1
StandardGSGP,ec473591-ad45-11ef-b2fc-e4a8dfc2a9a8,ppb,3,95,35.050323486328125,0.09051680564880371,53574.0,33.645450592041016,537,1
StandardGSGP,ec473591-ad45-11ef-b2fc-e4a8dfc2a9a8,ppb,3,96,35.027400970458984,0.08998417854309082,54300.0,33.63875198364258,543,1
StandardGSGP,ec473591-ad45-11ef-b2fc-e4a8dfc2a9a8,ppb,3,97,34.99998474121094,0.0873112678527832,54962.0,33.632110595703125,553,1
StandardGSGP,ec473591-ad45-11ef-b2fc-e4a8dfc2a9a8,ppb,3,98,34.9465446472168,0.09169721603393555,55512.0,33.6044921875,555,1
StandardGSGP,ec473591-ad45-11ef-b2fc-e4a8dfc2a9a8,ppb,3,99,34.925968170166016,0.09732365608215332,56076.0,33.59389114379883,561,1
StandardGSGP,ec473591-ad45-11ef-b2fc-e4a8dfc2a9a8,ppb,3,100,34.85327911376953,0.09251284599304199,56690.0,33.67251968383789,567,1
