StandardGSGP,be34e5e4-ad45-11ef-825e-e4a8dfc2a9a8,ppb,25,0,0.3232380151748657,0.052190303802490234,402.0,0.3184671700000763,3,1
StandardGSGP,be34e5e4-ad45-11ef-825e-e4a8dfc2a9a8,ppb,25,1,0.30466338992118835,0.1051180362701416,934.0,0.2887584865093231,9,1
StandardGSGP,be34e5e4-ad45-11ef-825e-e4a8dfc2a9a8,ppb,25,2,0.2923370897769928,0.10952401161193848,1494.0,0.2885878086090088,15,1
StandardGSGP,be34e5e4-ad45-11ef-825e-e4a8dfc2a9a8,ppb,25,3,0.2923370897769928,0.0892643928527832,2032.0,0.2885878086090088,15,1
StandardGSGP,be34e5e4-ad45-11ef-825e-e4a8dfc2a9a8,ppb,25,4,0.28062573075294495,0.09028077125549316,2620.0,0.33049654960632324,27,1
StandardGSGP,be34e5e4-ad45-11ef-825e-e4a8dfc2a9a8,ppb,25,5,0.28041744232177734,0.09089970588684082,3194.0,0.3304969072341919,33,1
StandardGSGP,be34e5e4-ad45-11ef-825e-e4a8dfc2a9a8,ppb,25,6,0.2641206383705139,0.08651399612426758,3738.0,0.3371184766292572,33,1
StandardGSGP,be34e5e4-ad45-11ef-825e-e4a8dfc2a9a8,ppb,25,7,0.2641206383705139,0.08688926696777344,4138.0,0.3371184766292572,33,1
StandardGSGP,be34e5e4-ad45-11ef-825e-e4a8dfc2a9a8,ppb,25,8,0.2582588791847229,0.0995187759399414,4682.0,0.34101828932762146,45,1
StandardGSGP,be34e5e4-ad45-11ef-825e-e4a8dfc2a9a8,ppb,25,9,0.2582588791847229,0.08951330184936523,5158.0,0.34101828932762146,45,1
StandardGSGP,be34e5e4-ad45-11ef-825e-e4a8dfc2a9a8,ppb,25,10,0.2532100975513458,0.08873558044433594,5612.0,0.33517083525657654,57,1
StandardGSGP,be34e5e4-ad45-11ef-825e-e4a8dfc2a9a8,ppb,25,11,0.2532100975513458,0.13861703872680664,5996.0,0.33517083525657654,57,1
StandardGSGP,be34e5e4-ad45-11ef-825e-e4a8dfc2a9a8,ppb,25,12,0.25164681673049927,0.09272551536560059,6470.0,0.3418627977371216,69,1
StandardGSGP,be34e5e4-ad45-11ef-825e-e4a8dfc2a9a8,ppb,25,13,0.2498224973678589,0.08947992324829102,7254.0,0.3414779603481293,75,1
StandardGSGP,be34e5e4-ad45-11ef-825e-e4a8dfc2a9a8,ppb,25,14,0.24978061020374298,0.09491682052612305,7868.0,0.33853715658187866,81,1
StandardGSGP,be34e5e4-ad45-11ef-825e-e4a8dfc2a9a8,ppb,25,15,0.24729023873806,0.09130096435546875,8526.0,0.3410130441188812,87,1
StandardGSGP,be34e5e4-ad45-11ef-825e-e4a8dfc2a9a8,ppb,25,16,0.24729023873806,0.1138455867767334,9080.0,0.3410130441188812,87,1
StandardGSGP,be34e5e4-ad45-11ef-825e-e4a8dfc2a9a8,ppb,25,17,0.24729023873806,0.09022736549377441,9708.0,0.3410130441188812,87,1
StandardGSGP,be34e5e4-ad45-11ef-825e-e4a8dfc2a9a8,ppb,25,18,0.24616220593452454,0.09221482276916504,10140.0,0.3284010589122772,99,1
StandardGSGP,be34e5e4-ad45-11ef-825e-e4a8dfc2a9a8,ppb,25,19,0.24616220593452454,0.09321784973144531,10656.0,0.3284010589122772,99,1
StandardGSGP,be34e5e4-ad45-11ef-825e-e4a8dfc2a9a8,ppb,25,20,0.24053941667079926,0.1069939136505127,11176.0,0.3344350755214691,111,1
StandardGSGP,be34e5e4-ad45-11ef-825e-e4a8dfc2a9a8,ppb,25,21,0.233216792345047,0.09966373443603516,11700.0,0.35450080037117004,117,1
StandardGSGP,be34e5e4-ad45-11ef-825e-e4a8dfc2a9a8,ppb,25,22,0.2328605055809021,0.0965111255645752,12216.0,0.35235512256622314,123,1
StandardGSGP,be34e5e4-ad45-11ef-825e-e4a8dfc2a9a8,ppb,25,23,0.22835077345371246,0.09951329231262207,12718.0,0.35431718826293945,129,1
StandardGSGP,be34e5e4-ad45-11ef-825e-e4a8dfc2a9a8,ppb,25,24,0.22750145196914673,0.09169244766235352,13232.0,0.35490936040878296,135,1
StandardGSGP,be34e5e4-ad45-11ef-825e-e4a8dfc2a9a8,ppb,25,25,0.2253514528274536,0.08719348907470703,13890.0,0.3633156418800354,141,1
StandardGSGP,be34e5e4-ad45-11ef-825e-e4a8dfc2a9a8,ppb,25,26,0.22517208755016327,0.08838367462158203,14520.0,0.36159995198249817,147,1
StandardGSGP,be34e5e4-ad45-11ef-825e-e4a8dfc2a9a8,ppb,25,27,0.22515808045864105,0.08851265907287598,15116.0,0.34417054057121277,149,1
StandardGSGP,be34e5e4-ad45-11ef-825e-e4a8dfc2a9a8,ppb,25,28,0.2246711552143097,0.08850622177124023,15718.0,0.3611510694026947,153,1
StandardGSGP,be34e5e4-ad45-11ef-825e-e4a8dfc2a9a8,ppb,25,29,0.22009886801242828,0.08950948715209961,16296.0,0.33713895082473755,167,1
StandardGSGP,be34e5e4-ad45-11ef-825e-e4a8dfc2a9a8,ppb,25,30,0.22009886801242828,0.09586262702941895,16810.0,0.33713895082473755,167,1
StandardGSGP,be34e5e4-ad45-11ef-825e-e4a8dfc2a9a8,ppb,25,31,0.22009886801242828,0.08802103996276855,17362.0,0.33713895082473755,167,1
StandardGSGP,be34e5e4-ad45-11ef-825e-e4a8dfc2a9a8,ppb,25,32,0.22009886801242828,0.08751249313354492,17986.0,0.33713895082473755,167,1
StandardGSGP,be34e5e4-ad45-11ef-825e-e4a8dfc2a9a8,ppb,25,33,0.21888865530490875,0.08751058578491211,18456.0,0.3740750551223755,191,1
StandardGSGP,be34e5e4-ad45-11ef-825e-e4a8dfc2a9a8,ppb,25,34,0.21759282052516937,0.08780932426452637,19040.0,0.3742607831954956,197,1
StandardGSGP,be34e5e4-ad45-11ef-825e-e4a8dfc2a9a8,ppb,25,35,0.21589137613773346,0.0875084400177002,19656.0,0.36499083042144775,203,1
StandardGSGP,be34e5e4-ad45-11ef-825e-e4a8dfc2a9a8,ppb,25,36,0.21470916271209717,0.08887195587158203,20150.0,0.37848541140556335,209,1
StandardGSGP,be34e5e4-ad45-11ef-825e-e4a8dfc2a9a8,ppb,25,37,0.21470916271209717,0.0887458324432373,20954.0,0.37848541140556335,209,1
StandardGSGP,be34e5e4-ad45-11ef-825e-e4a8dfc2a9a8,ppb,25,38,0.21470916271209717,0.08859133720397949,21586.0,0.37848541140556335,209,1
StandardGSGP,be34e5e4-ad45-11ef-825e-e4a8dfc2a9a8,ppb,25,39,0.21470916271209717,0.08851003646850586,22316.0,0.37848541140556335,209,1
StandardGSGP,be34e5e4-ad45-11ef-825e-e4a8dfc2a9a8,ppb,25,40,0.21344389021396637,0.09651064872741699,22916.0,0.358643114566803,227,1
StandardGSGP,be34e5e4-ad45-11ef-825e-e4a8dfc2a9a8,ppb,25,41,0.21344389021396637,0.1005086898803711,23448.0,0.358643114566803,227,1
StandardGSGP,be34e5e4-ad45-11ef-825e-e4a8dfc2a9a8,ppb,25,42,0.21166172623634338,0.09250998497009277,24024.0,0.362273246049881,227,1
StandardGSGP,be34e5e4-ad45-11ef-825e-e4a8dfc2a9a8,ppb,25,43,0.21166172623634338,0.09194111824035645,24572.0,0.362273246049881,227,1
StandardGSGP,be34e5e4-ad45-11ef-825e-e4a8dfc2a9a8,ppb,25,44,0.21166172623634338,0.08690500259399414,25004.0,0.362273246049881,227,1
StandardGSGP,be34e5e4-ad45-11ef-825e-e4a8dfc2a9a8,ppb,25,45,0.21153701841831207,0.09250855445861816,25468.0,0.3621777892112732,233,1
StandardGSGP,be34e5e4-ad45-11ef-825e-e4a8dfc2a9a8,ppb,25,46,0.21153701841831207,0.09650683403015137,25806.0,0.3621777892112732,233,1
StandardGSGP,be34e5e4-ad45-11ef-825e-e4a8dfc2a9a8,ppb,25,47,0.21074643731117249,0.09298944473266602,26234.0,0.38311368227005005,275,1
StandardGSGP,be34e5e4-ad45-11ef-825e-e4a8dfc2a9a8,ppb,25,48,0.21074643731117249,0.08748006820678711,26970.0,0.38311368227005005,275,1
StandardGSGP,be34e5e4-ad45-11ef-825e-e4a8dfc2a9a8,ppb,25,49,0.21048420667648315,0.08948683738708496,27588.0,0.38224172592163086,287,1
StandardGSGP,be34e5e4-ad45-11ef-825e-e4a8dfc2a9a8,ppb,25,50,0.21004079282283783,0.08629322052001953,28018.0,0.37407392263412476,277,1
StandardGSGP,be34e5e4-ad45-11ef-825e-e4a8dfc2a9a8,ppb,25,51,0.21004079282283783,0.08709716796875,28668.0,0.37407392263412476,277,1
StandardGSGP,be34e5e4-ad45-11ef-825e-e4a8dfc2a9a8,ppb,25,52,0.20989926159381866,0.08749532699584961,29106.0,0.3779710829257965,283,1
StandardGSGP,be34e5e4-ad45-11ef-825e-e4a8dfc2a9a8,ppb,25,53,0.20607566833496094,0.08809041976928711,29104.0,0.3467564880847931,269,1
StandardGSGP,be34e5e4-ad45-11ef-825e-e4a8dfc2a9a8,ppb,25,54,0.20607566833496094,0.16688919067382812,29594.0,0.3467564880847931,269,1
StandardGSGP,be34e5e4-ad45-11ef-825e-e4a8dfc2a9a8,ppb,25,55,0.2053009420633316,0.09250950813293457,30128.0,0.34449946880340576,275,1
StandardGSGP,be34e5e4-ad45-11ef-825e-e4a8dfc2a9a8,ppb,25,56,0.205118328332901,0.09852480888366699,30512.0,0.3449063003063202,281,1
StandardGSGP,be34e5e4-ad45-11ef-825e-e4a8dfc2a9a8,ppb,25,57,0.205118328332901,0.09592676162719727,30480.0,0.3449063003063202,281,1
StandardGSGP,be34e5e4-ad45-11ef-825e-e4a8dfc2a9a8,ppb,25,58,0.20420001447200775,0.08795738220214844,30496.0,0.3490089774131775,287,1
StandardGSGP,be34e5e4-ad45-11ef-825e-e4a8dfc2a9a8,ppb,25,59,0.20420001447200775,0.09272956848144531,30844.0,0.3490089774131775,287,1
StandardGSGP,be34e5e4-ad45-11ef-825e-e4a8dfc2a9a8,ppb,25,60,0.20402665436267853,0.0867767333984375,31200.0,0.3435043394565582,293,1
StandardGSGP,be34e5e4-ad45-11ef-825e-e4a8dfc2a9a8,ppb,25,61,0.20269592106342316,0.0868384838104248,31020.0,0.34889349341392517,299,1
StandardGSGP,be34e5e4-ad45-11ef-825e-e4a8dfc2a9a8,ppb,25,62,0.20229728519916534,0.08851075172424316,31298.0,0.34945979714393616,305,1
StandardGSGP,be34e5e4-ad45-11ef-825e-e4a8dfc2a9a8,ppb,25,63,0.20014886558055878,0.0876302719116211,31680.0,0.3454221785068512,311,1
StandardGSGP,be34e5e4-ad45-11ef-825e-e4a8dfc2a9a8,ppb,25,64,0.19809946417808533,0.10051536560058594,32040.0,0.3429551124572754,317,1
StandardGSGP,be34e5e4-ad45-11ef-825e-e4a8dfc2a9a8,ppb,25,65,0.19809946417808533,0.08953857421875,32542.0,0.3429551124572754,317,1
StandardGSGP,be34e5e4-ad45-11ef-825e-e4a8dfc2a9a8,ppb,25,66,0.19809946417808533,0.0968027114868164,33000.0,0.3429551124572754,317,1
StandardGSGP,be34e5e4-ad45-11ef-825e-e4a8dfc2a9a8,ppb,25,67,0.19809946417808533,0.0880727767944336,33642.0,0.3429551124572754,317,1
StandardGSGP,be34e5e4-ad45-11ef-825e-e4a8dfc2a9a8,ppb,25,68,0.19779649376869202,0.10002970695495605,34056.0,0.34241220355033875,323,1
StandardGSGP,be34e5e4-ad45-11ef-825e-e4a8dfc2a9a8,ppb,25,69,0.19537577033042908,0.08960199356079102,34402.0,0.3438103497028351,323,1
StandardGSGP,be34e5e4-ad45-11ef-825e-e4a8dfc2a9a8,ppb,25,70,0.19537577033042908,0.0897221565246582,34788.0,0.3438103497028351,323,1
StandardGSGP,be34e5e4-ad45-11ef-825e-e4a8dfc2a9a8,ppb,25,71,0.19537577033042908,0.09724211692810059,35256.0,0.3438103497028351,323,1
StandardGSGP,be34e5e4-ad45-11ef-825e-e4a8dfc2a9a8,ppb,25,72,0.19537577033042908,0.09150981903076172,35466.0,0.3438103497028351,323,1
StandardGSGP,be34e5e4-ad45-11ef-825e-e4a8dfc2a9a8,ppb,25,73,0.19537577033042908,0.08951187133789062,35912.0,0.3438103497028351,323,1
StandardGSGP,be34e5e4-ad45-11ef-825e-e4a8dfc2a9a8,ppb,25,74,0.19429153203964233,0.08820104598999023,36440.0,0.3441823720932007,341,1
StandardGSGP,be34e5e4-ad45-11ef-825e-e4a8dfc2a9a8,ppb,25,75,0.1938883513212204,0.08803629875183105,36652.0,0.34597349166870117,347,1
StandardGSGP,be34e5e4-ad45-11ef-825e-e4a8dfc2a9a8,ppb,25,76,0.1938883513212204,0.09034371376037598,36718.0,0.34597349166870117,347,1
StandardGSGP,be34e5e4-ad45-11ef-825e-e4a8dfc2a9a8,ppb,25,77,0.1938883513212204,0.09804797172546387,37076.0,0.34597349166870117,347,1
StandardGSGP,be34e5e4-ad45-11ef-825e-e4a8dfc2a9a8,ppb,25,78,0.19240647554397583,0.08562850952148438,37074.0,0.32672756910324097,373,1
StandardGSGP,be34e5e4-ad45-11ef-825e-e4a8dfc2a9a8,ppb,25,79,0.19240647554397583,0.0940399169921875,37482.0,0.32672756910324097,373,1
StandardGSGP,be34e5e4-ad45-11ef-825e-e4a8dfc2a9a8,ppb,25,80,0.19240647554397583,0.08873820304870605,38036.0,0.32672756910324097,373,1
StandardGSGP,be34e5e4-ad45-11ef-825e-e4a8dfc2a9a8,ppb,25,81,0.19240647554397583,0.08829593658447266,38740.0,0.32672756910324097,373,1
StandardGSGP,be34e5e4-ad45-11ef-825e-e4a8dfc2a9a8,ppb,25,82,0.19136430323123932,0.08696484565734863,38922.0,0.32630833983421326,385,1
StandardGSGP,be34e5e4-ad45-11ef-825e-e4a8dfc2a9a8,ppb,25,83,0.19113659858703613,0.08838534355163574,39548.0,0.3246828317642212,391,1
StandardGSGP,be34e5e4-ad45-11ef-825e-e4a8dfc2a9a8,ppb,25,84,0.19034503400325775,0.08751368522644043,39892.0,0.3216753602027893,399,1
StandardGSGP,be34e5e4-ad45-11ef-825e-e4a8dfc2a9a8,ppb,25,85,0.19034503400325775,0.0890042781829834,40456.0,0.3216753602027893,399,1
StandardGSGP,be34e5e4-ad45-11ef-825e-e4a8dfc2a9a8,ppb,25,86,0.19034503400325775,0.08951473236083984,41146.0,0.3216753602027893,399,1
StandardGSGP,be34e5e4-ad45-11ef-825e-e4a8dfc2a9a8,ppb,25,87,0.18987606465816498,0.0897674560546875,41558.0,0.3092157542705536,411,1
StandardGSGP,be34e5e4-ad45-11ef-825e-e4a8dfc2a9a8,ppb,25,88,0.18899406492710114,0.09102058410644531,41952.0,0.3199869990348816,423,1
StandardGSGP,be34e5e4-ad45-11ef-825e-e4a8dfc2a9a8,ppb,25,89,0.18899406492710114,0.08751225471496582,42428.0,0.3199869990348816,423,1
StandardGSGP,be34e5e4-ad45-11ef-825e-e4a8dfc2a9a8,ppb,25,90,0.18899406492710114,0.09051251411437988,42826.0,0.3199869990348816,423,1
StandardGSGP,be34e5e4-ad45-11ef-825e-e4a8dfc2a9a8,ppb,25,91,0.18762832880020142,0.08865189552307129,43384.0,0.302564412355423,441,1
StandardGSGP,be34e5e4-ad45-11ef-825e-e4a8dfc2a9a8,ppb,25,92,0.18762832880020142,0.09347987174987793,43880.0,0.302564412355423,441,1
StandardGSGP,be34e5e4-ad45-11ef-825e-e4a8dfc2a9a8,ppb,25,93,0.18762832880020142,0.09018301963806152,44492.0,0.302564412355423,441,1
StandardGSGP,be34e5e4-ad45-11ef-825e-e4a8dfc2a9a8,ppb,25,94,0.18762832880020142,0.08744621276855469,45152.0,0.302564412355423,441,1
StandardGSGP,be34e5e4-ad45-11ef-825e-e4a8dfc2a9a8,ppb,25,95,0.18762832880020142,0.08755207061767578,45732.0,0.302564412355423,441,1
StandardGSGP,be34e5e4-ad45-11ef-825e-e4a8dfc2a9a8,ppb,25,96,0.18762832880020142,0.08894133567810059,46340.0,0.302564412355423,441,1
StandardGSGP,be34e5e4-ad45-11ef-825e-e4a8dfc2a9a8,ppb,25,97,0.18762832880020142,0.08768153190612793,46890.0,0.302564412355423,441,1
StandardGSGP,be34e5e4-ad45-11ef-825e-e4a8dfc2a9a8,ppb,25,98,0.18762832880020142,0.09001946449279785,47488.0,0.302564412355423,441,1
StandardGSGP,be34e5e4-ad45-11ef-825e-e4a8dfc2a9a8,ppb,25,99,0.1869497448205948,0.08870291709899902,47984.0,0.32146504521369934,479,1
StandardGSGP,be34e5e4-ad45-11ef-825e-e4a8dfc2a9a8,ppb,25,100,0.1869497448205948,0.08751225471496582,48504.0,0.32146504521369934,479,1
StandardGSGP,6bcfbfcc-ad46-11ef-825e-e4a8dfc2a9a8,ppb,25,0,37.695552825927734,0.04850625991821289,402.0,40.080989837646484,7,1
StandardGSGP,6bcfbfcc-ad46-11ef-825e-e4a8dfc2a9a8,ppb,25,1,37.63300704956055,0.08988022804260254,970.0,40.01044845581055,13,1
StandardGSGP,6bcfbfcc-ad46-11ef-825e-e4a8dfc2a9a8,ppb,25,2,37.44609451293945,0.0947716236114502,1606.0,39.815311431884766,19,1
StandardGSGP,6bcfbfcc-ad46-11ef-825e-e4a8dfc2a9a8,ppb,25,3,37.028987884521484,0.0985116958618164,2294.0,39.3546142578125,25,1
StandardGSGP,6bcfbfcc-ad46-11ef-825e-e4a8dfc2a9a8,ppb,25,4,36.80358123779297,0.0935821533203125,2958.0,39.059146881103516,31,1
StandardGSGP,6bcfbfcc-ad46-11ef-825e-e4a8dfc2a9a8,ppb,25,5,36.6627311706543,0.08902597427368164,3614.0,38.94075012207031,37,1
StandardGSGP,6bcfbfcc-ad46-11ef-825e-e4a8dfc2a9a8,ppb,25,6,36.52863693237305,0.0895090103149414,4188.0,38.80224609375,43,1
StandardGSGP,6bcfbfcc-ad46-11ef-825e-e4a8dfc2a9a8,ppb,25,7,36.258934020996094,0.09063267707824707,4760.0,38.48693084716797,43,1
StandardGSGP,6bcfbfcc-ad46-11ef-825e-e4a8dfc2a9a8,ppb,25,8,36.161800384521484,0.08942031860351562,5268.0,38.377159118652344,49,1
StandardGSGP,6bcfbfcc-ad46-11ef-825e-e4a8dfc2a9a8,ppb,25,9,35.91230392456055,0.08946037292480469,5738.0,38.12467575073242,61,1
StandardGSGP,6bcfbfcc-ad46-11ef-825e-e4a8dfc2a9a8,ppb,25,10,35.737361907958984,0.0879964828491211,6304.0,37.9133415222168,67,1
StandardGSGP,6bcfbfcc-ad46-11ef-825e-e4a8dfc2a9a8,ppb,25,11,35.48246765136719,0.09279894828796387,6924.0,37.635719299316406,73,1
StandardGSGP,6bcfbfcc-ad46-11ef-825e-e4a8dfc2a9a8,ppb,25,12,35.43928146362305,0.09350967407226562,7654.0,37.56560134887695,79,1
StandardGSGP,6bcfbfcc-ad46-11ef-825e-e4a8dfc2a9a8,ppb,25,13,35.0785026550293,0.09350991249084473,8380.0,37.150508880615234,85,1
StandardGSGP,6bcfbfcc-ad46-11ef-825e-e4a8dfc2a9a8,ppb,25,14,34.893619537353516,0.09068655967712402,9000.0,36.93852233886719,91,1
StandardGSGP,6bcfbfcc-ad46-11ef-825e-e4a8dfc2a9a8,ppb,25,15,34.749141693115234,0.09669971466064453,9622.0,36.774356842041016,97,1
StandardGSGP,6bcfbfcc-ad46-11ef-825e-e4a8dfc2a9a8,ppb,25,16,34.5994987487793,0.09323549270629883,10240.0,36.61427688598633,103,1
StandardGSGP,6bcfbfcc-ad46-11ef-825e-e4a8dfc2a9a8,ppb,25,17,34.28337097167969,0.11229848861694336,10908.0,36.246585845947266,109,1
StandardGSGP,6bcfbfcc-ad46-11ef-825e-e4a8dfc2a9a8,ppb,25,18,34.28337097167969,0.09151911735534668,11488.0,36.246585845947266,109,1
StandardGSGP,6bcfbfcc-ad46-11ef-825e-e4a8dfc2a9a8,ppb,25,19,34.10594177246094,0.09152889251708984,12002.0,35.97865295410156,121,1
StandardGSGP,6bcfbfcc-ad46-11ef-825e-e4a8dfc2a9a8,ppb,25,20,33.93912887573242,0.09753036499023438,12582.0,35.72990036010742,127,1
StandardGSGP,6bcfbfcc-ad46-11ef-825e-e4a8dfc2a9a8,ppb,25,21,33.81833267211914,0.09101104736328125,13160.0,35.58613204956055,133,1
StandardGSGP,6bcfbfcc-ad46-11ef-825e-e4a8dfc2a9a8,ppb,25,22,33.559329986572266,0.09153461456298828,13788.0,35.23712921142578,139,1
StandardGSGP,6bcfbfcc-ad46-11ef-825e-e4a8dfc2a9a8,ppb,25,23,33.475521087646484,0.09278154373168945,14398.0,35.128421783447266,145,1
StandardGSGP,6bcfbfcc-ad46-11ef-825e-e4a8dfc2a9a8,ppb,25,24,33.42481231689453,0.09211945533752441,15086.0,35.1336784362793,151,1
StandardGSGP,6bcfbfcc-ad46-11ef-825e-e4a8dfc2a9a8,ppb,25,25,33.14450454711914,0.10286998748779297,15662.0,34.78398513793945,157,1
StandardGSGP,6bcfbfcc-ad46-11ef-825e-e4a8dfc2a9a8,ppb,25,26,33.06626892089844,0.09513163566589355,16248.0,34.67232131958008,163,1
StandardGSGP,6bcfbfcc-ad46-11ef-825e-e4a8dfc2a9a8,ppb,25,27,33.02950668334961,0.0900874137878418,16824.0,34.6278190612793,169,1
StandardGSGP,6bcfbfcc-ad46-11ef-825e-e4a8dfc2a9a8,ppb,25,28,32.924835205078125,0.08890914916992188,17374.0,34.361122131347656,175,1
StandardGSGP,6bcfbfcc-ad46-11ef-825e-e4a8dfc2a9a8,ppb,25,29,32.80318069458008,0.09287667274475098,17982.0,34.3233642578125,175,1
StandardGSGP,6bcfbfcc-ad46-11ef-825e-e4a8dfc2a9a8,ppb,25,30,32.654754638671875,0.0955209732055664,18600.0,34.09442138671875,181,1
StandardGSGP,6bcfbfcc-ad46-11ef-825e-e4a8dfc2a9a8,ppb,25,31,32.62244415283203,0.0945122241973877,19134.0,33.93551254272461,193,1
StandardGSGP,6bcfbfcc-ad46-11ef-825e-e4a8dfc2a9a8,ppb,25,32,32.44651412963867,0.09506940841674805,19646.0,33.670555114746094,199,1
StandardGSGP,6bcfbfcc-ad46-11ef-825e-e4a8dfc2a9a8,ppb,25,33,32.38920593261719,0.09274172782897949,20116.0,33.73445129394531,199,1
StandardGSGP,6bcfbfcc-ad46-11ef-825e-e4a8dfc2a9a8,ppb,25,34,32.310821533203125,0.09144997596740723,20654.0,33.5770378112793,207,1
StandardGSGP,6bcfbfcc-ad46-11ef-825e-e4a8dfc2a9a8,ppb,25,35,32.214569091796875,0.09366893768310547,21246.0,33.42854309082031,213,1
StandardGSGP,6bcfbfcc-ad46-11ef-825e-e4a8dfc2a9a8,ppb,25,36,32.142051696777344,0.0940237045288086,21766.0,33.29960250854492,219,1
StandardGSGP,6bcfbfcc-ad46-11ef-825e-e4a8dfc2a9a8,ppb,25,37,32.06085968017578,0.09240913391113281,22316.0,33.162261962890625,225,1
StandardGSGP,6bcfbfcc-ad46-11ef-825e-e4a8dfc2a9a8,ppb,25,38,32.03864288330078,0.09578752517700195,22904.0,33.15249252319336,231,1
StandardGSGP,6bcfbfcc-ad46-11ef-825e-e4a8dfc2a9a8,ppb,25,39,31.9980411529541,0.16687345504760742,23526.0,33.0192756652832,237,1
StandardGSGP,6bcfbfcc-ad46-11ef-825e-e4a8dfc2a9a8,ppb,25,40,31.95510482788086,0.08868670463562012,24114.0,33.02424621582031,245,1
StandardGSGP,6bcfbfcc-ad46-11ef-825e-e4a8dfc2a9a8,ppb,25,41,31.92533302307129,0.08851099014282227,24706.0,32.98235321044922,251,1
StandardGSGP,6bcfbfcc-ad46-11ef-825e-e4a8dfc2a9a8,ppb,25,42,31.86324691772461,0.09251189231872559,25382.0,32.887996673583984,251,1
StandardGSGP,6bcfbfcc-ad46-11ef-825e-e4a8dfc2a9a8,ppb,25,43,31.843708038330078,0.09906315803527832,26064.0,32.84518814086914,257,1
StandardGSGP,6bcfbfcc-ad46-11ef-825e-e4a8dfc2a9a8,ppb,25,44,31.801143646240234,0.10281538963317871,26664.0,32.83607864379883,257,1
StandardGSGP,6bcfbfcc-ad46-11ef-825e-e4a8dfc2a9a8,ppb,25,45,31.775604248046875,0.10539555549621582,27102.0,32.653175354003906,269,1
StandardGSGP,6bcfbfcc-ad46-11ef-825e-e4a8dfc2a9a8,ppb,25,46,31.767658233642578,0.09113383293151855,27360.0,32.653160095214844,275,1
StandardGSGP,6bcfbfcc-ad46-11ef-825e-e4a8dfc2a9a8,ppb,25,47,31.74853515625,0.09268665313720703,27872.0,32.62960433959961,281,1
StandardGSGP,6bcfbfcc-ad46-11ef-825e-e4a8dfc2a9a8,ppb,25,48,31.744115829467773,0.08867192268371582,28384.0,32.690956115722656,275,1
StandardGSGP,6bcfbfcc-ad46-11ef-825e-e4a8dfc2a9a8,ppb,25,49,31.70451545715332,0.08865952491760254,28810.0,32.749698638916016,281,1
StandardGSGP,6bcfbfcc-ad46-11ef-825e-e4a8dfc2a9a8,ppb,25,50,31.687395095825195,0.08751225471496582,29260.0,32.684295654296875,287,1
StandardGSGP,6bcfbfcc-ad46-11ef-825e-e4a8dfc2a9a8,ppb,25,51,31.6500301361084,0.0990293025970459,29578.0,32.70652389526367,287,1
StandardGSGP,6bcfbfcc-ad46-11ef-825e-e4a8dfc2a9a8,ppb,25,52,31.616594314575195,0.09071826934814453,29904.0,32.53528594970703,301,1
StandardGSGP,6bcfbfcc-ad46-11ef-825e-e4a8dfc2a9a8,ppb,25,53,31.60504150390625,0.09363698959350586,30292.0,32.46566390991211,307,1
StandardGSGP,6bcfbfcc-ad46-11ef-825e-e4a8dfc2a9a8,ppb,25,54,31.553144454956055,0.10356569290161133,30798.0,32.435855865478516,313,1
StandardGSGP,6bcfbfcc-ad46-11ef-825e-e4a8dfc2a9a8,ppb,25,55,31.5507755279541,0.09368777275085449,31642.0,32.4697151184082,319,1
StandardGSGP,6bcfbfcc-ad46-11ef-825e-e4a8dfc2a9a8,ppb,25,56,31.539775848388672,0.09697246551513672,32316.0,32.416160583496094,325,1
StandardGSGP,6bcfbfcc-ad46-11ef-825e-e4a8dfc2a9a8,ppb,25,57,31.51432228088379,0.09194421768188477,32948.0,32.39714431762695,331,1
StandardGSGP,6bcfbfcc-ad46-11ef-825e-e4a8dfc2a9a8,ppb,25,58,31.488527297973633,0.09230899810791016,33548.0,32.45708084106445,337,1
StandardGSGP,6bcfbfcc-ad46-11ef-825e-e4a8dfc2a9a8,ppb,25,59,31.43791961669922,0.09848403930664062,34174.0,32.382423400878906,343,1
StandardGSGP,6bcfbfcc-ad46-11ef-825e-e4a8dfc2a9a8,ppb,25,60,31.43791961669922,0.09352374076843262,34824.0,32.382423400878906,343,1
StandardGSGP,6bcfbfcc-ad46-11ef-825e-e4a8dfc2a9a8,ppb,25,61,31.43473243713379,0.0895085334777832,35430.0,32.338165283203125,355,1
StandardGSGP,6bcfbfcc-ad46-11ef-825e-e4a8dfc2a9a8,ppb,25,62,31.430444717407227,0.08750557899475098,35930.0,32.33837127685547,361,1
StandardGSGP,6bcfbfcc-ad46-11ef-825e-e4a8dfc2a9a8,ppb,25,63,31.39894676208496,0.09251260757446289,36312.0,32.460018157958984,369,1
StandardGSGP,6bcfbfcc-ad46-11ef-825e-e4a8dfc2a9a8,ppb,25,64,31.336681365966797,0.09251165390014648,36988.0,32.27217102050781,367,1
StandardGSGP,6bcfbfcc-ad46-11ef-825e-e4a8dfc2a9a8,ppb,25,65,31.336681365966797,0.0965125560760498,37734.0,32.27217102050781,367,1
StandardGSGP,6bcfbfcc-ad46-11ef-825e-e4a8dfc2a9a8,ppb,25,66,31.315792083740234,0.09353828430175781,38192.0,32.24966812133789,379,1
StandardGSGP,6bcfbfcc-ad46-11ef-825e-e4a8dfc2a9a8,ppb,25,67,31.314199447631836,0.09893321990966797,38592.0,32.229366302490234,385,1
StandardGSGP,6bcfbfcc-ad46-11ef-825e-e4a8dfc2a9a8,ppb,25,68,31.25446128845215,0.0962522029876709,38962.0,32.28505325317383,391,1
StandardGSGP,6bcfbfcc-ad46-11ef-825e-e4a8dfc2a9a8,ppb,25,69,31.25031280517578,0.09078478813171387,39476.0,32.28440856933594,397,1
StandardGSGP,6bcfbfcc-ad46-11ef-825e-e4a8dfc2a9a8,ppb,25,70,31.23708152770996,0.09271883964538574,40120.0,32.23208236694336,397,1
StandardGSGP,6bcfbfcc-ad46-11ef-825e-e4a8dfc2a9a8,ppb,25,71,31.21315574645996,0.08951210975646973,40710.0,32.33998107910156,409,1
StandardGSGP,6bcfbfcc-ad46-11ef-825e-e4a8dfc2a9a8,ppb,25,72,31.20871353149414,0.09151673316955566,41334.0,32.27655792236328,415,1
StandardGSGP,6bcfbfcc-ad46-11ef-825e-e4a8dfc2a9a8,ppb,25,73,31.168519973754883,0.09375238418579102,41894.0,32.07497787475586,421,1
StandardGSGP,6bcfbfcc-ad46-11ef-825e-e4a8dfc2a9a8,ppb,25,74,31.150197982788086,0.09063434600830078,42532.0,32.08872985839844,427,1
StandardGSGP,6bcfbfcc-ad46-11ef-825e-e4a8dfc2a9a8,ppb,25,75,31.120153427124023,0.09459066390991211,43090.0,32.102046966552734,433,1
StandardGSGP,6bcfbfcc-ad46-11ef-825e-e4a8dfc2a9a8,ppb,25,76,31.11982536315918,0.09716081619262695,43742.0,32.102046966552734,439,1
StandardGSGP,6bcfbfcc-ad46-11ef-825e-e4a8dfc2a9a8,ppb,25,77,31.113584518432617,0.0961008071899414,44402.0,32.011104583740234,445,1
StandardGSGP,6bcfbfcc-ad46-11ef-825e-e4a8dfc2a9a8,ppb,25,78,31.090307235717773,0.09035992622375488,45054.0,32.06059646606445,451,1
StandardGSGP,6bcfbfcc-ad46-11ef-825e-e4a8dfc2a9a8,ppb,25,79,31.072832107543945,0.09050893783569336,45512.0,32.14042282104492,457,1
StandardGSGP,6bcfbfcc-ad46-11ef-825e-e4a8dfc2a9a8,ppb,25,80,31.044654846191406,0.08951091766357422,46126.0,32.16035842895508,457,1
StandardGSGP,6bcfbfcc-ad46-11ef-825e-e4a8dfc2a9a8,ppb,25,81,31.0314884185791,0.0927286148071289,46712.0,31.996740341186523,469,1
StandardGSGP,6bcfbfcc-ad46-11ef-825e-e4a8dfc2a9a8,ppb,25,82,31.019269943237305,0.09627771377563477,47288.0,32.11273193359375,469,1
StandardGSGP,6bcfbfcc-ad46-11ef-825e-e4a8dfc2a9a8,ppb,25,83,31.002172470092773,0.09366393089294434,47876.0,32.02216720581055,475,1
StandardGSGP,6bcfbfcc-ad46-11ef-825e-e4a8dfc2a9a8,ppb,25,84,30.9754581451416,0.09150457382202148,48340.0,32.058311462402344,487,1
StandardGSGP,6bcfbfcc-ad46-11ef-825e-e4a8dfc2a9a8,ppb,25,85,30.973934173583984,0.09275603294372559,48886.0,32.06747055053711,493,1
StandardGSGP,6bcfbfcc-ad46-11ef-825e-e4a8dfc2a9a8,ppb,25,86,30.940593719482422,0.09861636161804199,49558.0,32.00782775878906,499,1
StandardGSGP,6bcfbfcc-ad46-11ef-825e-e4a8dfc2a9a8,ppb,25,87,30.9151668548584,0.09068989753723145,50240.0,31.976442337036133,505,1
StandardGSGP,6bcfbfcc-ad46-11ef-825e-e4a8dfc2a9a8,ppb,25,88,30.889873504638672,0.09193801879882812,50946.0,32.04608917236328,505,1
StandardGSGP,6bcfbfcc-ad46-11ef-825e-e4a8dfc2a9a8,ppb,25,89,30.88429069519043,0.0961461067199707,51564.0,32.078041076660156,511,1
StandardGSGP,6bcfbfcc-ad46-11ef-825e-e4a8dfc2a9a8,ppb,25,90,30.86684226989746,0.08850860595703125,52074.0,32.149105072021484,517,1
StandardGSGP,6bcfbfcc-ad46-11ef-825e-e4a8dfc2a9a8,ppb,25,91,30.81840705871582,0.08951020240783691,52464.0,32.14869689941406,523,1
StandardGSGP,6bcfbfcc-ad46-11ef-825e-e4a8dfc2a9a8,ppb,25,92,30.800792694091797,0.08793210983276367,52864.0,32.19535827636719,529,1
StandardGSGP,6bcfbfcc-ad46-11ef-825e-e4a8dfc2a9a8,ppb,25,93,30.778425216674805,0.08968567848205566,53456.0,32.24298858642578,535,1
StandardGSGP,6bcfbfcc-ad46-11ef-825e-e4a8dfc2a9a8,ppb,25,94,30.778194427490234,0.08850622177124023,54074.0,32.15763473510742,541,1
StandardGSGP,6bcfbfcc-ad46-11ef-825e-e4a8dfc2a9a8,ppb,25,95,30.766887664794922,0.0945122241973877,54632.0,32.382972717285156,541,1
StandardGSGP,6bcfbfcc-ad46-11ef-825e-e4a8dfc2a9a8,ppb,25,96,30.75608253479004,0.0897979736328125,55208.0,32.24873733520508,547,1
StandardGSGP,6bcfbfcc-ad46-11ef-825e-e4a8dfc2a9a8,ppb,25,97,30.737104415893555,0.09351038932800293,55688.0,32.15802764892578,559,1
StandardGSGP,6bcfbfcc-ad46-11ef-825e-e4a8dfc2a9a8,ppb,25,98,30.719812393188477,0.09351038932800293,56222.0,32.209228515625,559,1
StandardGSGP,6bcfbfcc-ad46-11ef-825e-e4a8dfc2a9a8,ppb,25,99,30.708148956298828,0.0997917652130127,56794.0,32.082454681396484,571,1
StandardGSGP,6bcfbfcc-ad46-11ef-825e-e4a8dfc2a9a8,ppb,25,100,30.70159912109375,0.09277915954589844,57428.0,32.24793243408203,577,1
