StandardGSGP,0c8c8a58-ad32-11ef-aa44-e4a8dfc2a9a8,concrete_strength,13,0,0.23420816659927368,0.040290117263793945,884.0,0.2231767326593399,3,1
StandardGSGP,0c8c8a58-ad32-11ef-aa44-e4a8dfc2a9a8,concrete_strength,13,1,0.22399206459522247,0.061731576919555664,1486.0,0.21616235375404358,11,1
StandardGSGP,0c8c8a58-ad32-11ef-aa44-e4a8dfc2a9a8,concrete_strength,13,2,0.20382270216941833,0.06197714805603027,2244.0,0.20061147212982178,23,1
StandardGSGP,0c8c8a58-ad32-11ef-aa44-e4a8dfc2a9a8,concrete_strength,13,3,0.17749947309494019,0.057508230209350586,3104.0,0.17890770733356476,23,1
StandardGSGP,0c8c8a58-ad32-11ef-aa44-e4a8dfc2a9a8,concrete_strength,13,4,0.17749947309494019,0.05851459503173828,3814.0,0.17890770733356476,23,1
StandardGSGP,0c8c8a58-ad32-11ef-aa44-e4a8dfc2a9a8,concrete_strength,13,5,0.17749947309494019,0.05793309211730957,4328.0,0.17890770733356476,23,1
StandardGSGP,0c8c8a58-ad32-11ef-aa44-e4a8dfc2a9a8,concrete_strength,13,6,0.17749947309494019,0.1375119686126709,5276.0,0.17890770733356476,23,1
StandardGSGP,0c8c8a58-ad32-11ef-aa44-e4a8dfc2a9a8,concrete_strength,13,7,0.1711069643497467,0.06240224838256836,5982.0,0.17438548803329468,57,1
StandardGSGP,0c8c8a58-ad32-11ef-aa44-e4a8dfc2a9a8,concrete_strength,13,8,0.1711069643497467,0.06051802635192871,6726.0,0.17438548803329468,57,1
StandardGSGP,0c8c8a58-ad32-11ef-aa44-e4a8dfc2a9a8,concrete_strength,13,9,0.1711069643497467,0.06062483787536621,7302.0,0.17438548803329468,57,1
StandardGSGP,0c8c8a58-ad32-11ef-aa44-e4a8dfc2a9a8,concrete_strength,13,10,0.16037268936634064,0.06539392471313477,7878.0,0.17677685618400574,71,1
StandardGSGP,0c8c8a58-ad32-11ef-aa44-e4a8dfc2a9a8,concrete_strength,13,11,0.15426473319530487,0.0614008903503418,8506.0,0.1603982299566269,89,1
StandardGSGP,0c8c8a58-ad32-11ef-aa44-e4a8dfc2a9a8,concrete_strength,13,12,0.15426473319530487,0.06267428398132324,9288.0,0.1603982299566269,89,1
StandardGSGP,0c8c8a58-ad32-11ef-aa44-e4a8dfc2a9a8,concrete_strength,13,13,0.14693892002105713,0.06041383743286133,10206.0,0.1494426280260086,105,1
StandardGSGP,0c8c8a58-ad32-11ef-aa44-e4a8dfc2a9a8,concrete_strength,13,14,0.14693892002105713,0.06351232528686523,10882.0,0.1494426280260086,105,1
StandardGSGP,0c8c8a58-ad32-11ef-aa44-e4a8dfc2a9a8,concrete_strength,13,15,0.139612078666687,0.08065032958984375,11776.0,0.14367114007472992,103,1
StandardGSGP,0c8c8a58-ad32-11ef-aa44-e4a8dfc2a9a8,concrete_strength,13,16,0.139612078666687,0.0671379566192627,12360.0,0.14367114007472992,103,1
StandardGSGP,0c8c8a58-ad32-11ef-aa44-e4a8dfc2a9a8,concrete_strength,13,17,0.139612078666687,0.06151556968688965,13086.0,0.14367114007472992,103,1
StandardGSGP,0c8c8a58-ad32-11ef-aa44-e4a8dfc2a9a8,concrete_strength,13,18,0.139612078666687,0.06255173683166504,13728.0,0.14367114007472992,103,1
StandardGSGP,0c8c8a58-ad32-11ef-aa44-e4a8dfc2a9a8,concrete_strength,13,19,0.13730382919311523,0.06251144409179688,14368.0,0.14204289019107819,111,1
StandardGSGP,0c8c8a58-ad32-11ef-aa44-e4a8dfc2a9a8,concrete_strength,13,20,0.13665370643138885,0.05800795555114746,15336.0,0.14118392765522003,117,1
StandardGSGP,0c8c8a58-ad32-11ef-aa44-e4a8dfc2a9a8,concrete_strength,13,21,0.13665370643138885,0.06450438499450684,16102.0,0.14118392765522003,117,1
StandardGSGP,0c8c8a58-ad32-11ef-aa44-e4a8dfc2a9a8,concrete_strength,13,22,0.13665370643138885,0.07265472412109375,16464.0,0.14118392765522003,117,1
StandardGSGP,0c8c8a58-ad32-11ef-aa44-e4a8dfc2a9a8,concrete_strength,13,23,0.1284104734659195,0.05951118469238281,16662.0,0.1291794627904892,195,1
StandardGSGP,0c8c8a58-ad32-11ef-aa44-e4a8dfc2a9a8,concrete_strength,13,24,0.12770181894302368,0.06401300430297852,17214.0,0.12632553279399872,203,1
StandardGSGP,0c8c8a58-ad32-11ef-aa44-e4a8dfc2a9a8,concrete_strength,13,25,0.1264439970254898,0.06050682067871094,17656.0,0.1269313097000122,213,1
StandardGSGP,0c8c8a58-ad32-11ef-aa44-e4a8dfc2a9a8,concrete_strength,13,26,0.1264439970254898,0.06151294708251953,19096.0,0.1269313097000122,213,1
StandardGSGP,0c8c8a58-ad32-11ef-aa44-e4a8dfc2a9a8,concrete_strength,13,27,0.1264439970254898,0.06299877166748047,20366.0,0.1269313097000122,213,1
StandardGSGP,0c8c8a58-ad32-11ef-aa44-e4a8dfc2a9a8,concrete_strength,13,28,0.12393970042467117,0.05950593948364258,21624.0,0.1235877126455307,231,1
StandardGSGP,0c8c8a58-ad32-11ef-aa44-e4a8dfc2a9a8,concrete_strength,13,29,0.12393970042467117,0.05870771408081055,22488.0,0.1235877126455307,231,1
StandardGSGP,0c8c8a58-ad32-11ef-aa44-e4a8dfc2a9a8,concrete_strength,13,30,0.12371032685041428,0.06078600883483887,24144.0,0.12301573157310486,237,1
StandardGSGP,0c8c8a58-ad32-11ef-aa44-e4a8dfc2a9a8,concrete_strength,13,31,0.12371032685041428,0.06366229057312012,24768.0,0.12301573157310486,237,1
StandardGSGP,0c8c8a58-ad32-11ef-aa44-e4a8dfc2a9a8,concrete_strength,13,32,0.12371032685041428,0.06400513648986816,25798.0,0.12301573157310486,237,1
StandardGSGP,0c8c8a58-ad32-11ef-aa44-e4a8dfc2a9a8,concrete_strength,13,33,0.12371032685041428,0.0705101490020752,26936.0,0.12301573157310486,237,1
StandardGSGP,0c8c8a58-ad32-11ef-aa44-e4a8dfc2a9a8,concrete_strength,13,34,0.12371032685041428,0.07990860939025879,27824.0,0.12301573157310486,237,1
StandardGSGP,0c8c8a58-ad32-11ef-aa44-e4a8dfc2a9a8,concrete_strength,13,35,0.12371032685041428,0.06989693641662598,28998.0,0.12301573157310486,237,1
StandardGSGP,0c8c8a58-ad32-11ef-aa44-e4a8dfc2a9a8,concrete_strength,13,36,0.1235511526465416,0.05899977684020996,29528.0,0.12639470398426056,299,1
StandardGSGP,0c8c8a58-ad32-11ef-aa44-e4a8dfc2a9a8,concrete_strength,13,37,0.12196748703718185,0.0635073184967041,30048.0,0.12361475825309753,249,1
StandardGSGP,0c8c8a58-ad32-11ef-aa44-e4a8dfc2a9a8,concrete_strength,13,38,0.12195960432291031,0.05865764617919922,30838.0,0.1239858865737915,259,1
StandardGSGP,0c8c8a58-ad32-11ef-aa44-e4a8dfc2a9a8,concrete_strength,13,39,0.12195960432291031,0.06270265579223633,30992.0,0.1239858865737915,259,1
StandardGSGP,0c8c8a58-ad32-11ef-aa44-e4a8dfc2a9a8,concrete_strength,13,40,0.12158426642417908,0.06582307815551758,32500.0,0.12377569079399109,265,1
StandardGSGP,0c8c8a58-ad32-11ef-aa44-e4a8dfc2a9a8,concrete_strength,13,41,0.12158426642417908,0.06283760070800781,33284.0,0.12377569079399109,265,1
StandardGSGP,0c8c8a58-ad32-11ef-aa44-e4a8dfc2a9a8,concrete_strength,13,42,0.11838003247976303,0.0673520565032959,33954.0,0.12108276039361954,281,1
StandardGSGP,0c8c8a58-ad32-11ef-aa44-e4a8dfc2a9a8,concrete_strength,13,43,0.11838003247976303,0.062445640563964844,34100.0,0.12108276039361954,281,1
StandardGSGP,0c8c8a58-ad32-11ef-aa44-e4a8dfc2a9a8,concrete_strength,13,44,0.11832431703805923,0.05900096893310547,33652.0,0.1184440553188324,285,1
StandardGSGP,0c8c8a58-ad32-11ef-aa44-e4a8dfc2a9a8,concrete_strength,13,45,0.11832431703805923,0.06050539016723633,33578.0,0.1184440553188324,285,1
StandardGSGP,0c8c8a58-ad32-11ef-aa44-e4a8dfc2a9a8,concrete_strength,13,46,0.11832431703805923,0.06283044815063477,34200.0,0.1184440553188324,285,1
StandardGSGP,0c8c8a58-ad32-11ef-aa44-e4a8dfc2a9a8,concrete_strength,13,47,0.11832431703805923,0.05782175064086914,33364.0,0.1184440553188324,285,1
StandardGSGP,0c8c8a58-ad32-11ef-aa44-e4a8dfc2a9a8,concrete_strength,13,48,0.11832431703805923,0.0625922679901123,33374.0,0.1184440553188324,285,1
StandardGSGP,0c8c8a58-ad32-11ef-aa44-e4a8dfc2a9a8,concrete_strength,13,49,0.11832431703805923,0.060030460357666016,33164.0,0.1184440553188324,285,1
StandardGSGP,0c8c8a58-ad32-11ef-aa44-e4a8dfc2a9a8,concrete_strength,13,50,0.11832431703805923,0.06500530242919922,33634.0,0.1184440553188324,285,1
StandardGSGP,0c8c8a58-ad32-11ef-aa44-e4a8dfc2a9a8,concrete_strength,13,51,0.1181541234254837,0.06650829315185547,33842.0,0.11819691210985184,291,1
StandardGSGP,0c8c8a58-ad32-11ef-aa44-e4a8dfc2a9a8,concrete_strength,13,52,0.1181541234254837,0.06577324867248535,34510.0,0.11819691210985184,291,1
StandardGSGP,0c8c8a58-ad32-11ef-aa44-e4a8dfc2a9a8,concrete_strength,13,53,0.1181541234254837,0.06187915802001953,34974.0,0.11819691210985184,291,1
StandardGSGP,0c8c8a58-ad32-11ef-aa44-e4a8dfc2a9a8,concrete_strength,13,54,0.1181541234254837,0.058977365493774414,35382.0,0.11819691210985184,291,1
StandardGSGP,0c8c8a58-ad32-11ef-aa44-e4a8dfc2a9a8,concrete_strength,13,55,0.1181541234254837,0.06000351905822754,35034.0,0.11819691210985184,291,1
StandardGSGP,0c8c8a58-ad32-11ef-aa44-e4a8dfc2a9a8,concrete_strength,13,56,0.1181541234254837,0.05750632286071777,35140.0,0.11819691210985184,291,1
StandardGSGP,0c8c8a58-ad32-11ef-aa44-e4a8dfc2a9a8,concrete_strength,13,57,0.1181541234254837,0.06250905990600586,35022.0,0.11819691210985184,291,1
StandardGSGP,0c8c8a58-ad32-11ef-aa44-e4a8dfc2a9a8,concrete_strength,13,58,0.1181541234254837,0.06299996376037598,34872.0,0.11819691210985184,291,1
StandardGSGP,0c8c8a58-ad32-11ef-aa44-e4a8dfc2a9a8,concrete_strength,13,59,0.1181541234254837,0.13834834098815918,35266.0,0.11819691210985184,291,1
StandardGSGP,0c8c8a58-ad32-11ef-aa44-e4a8dfc2a9a8,concrete_strength,13,60,0.1181541234254837,0.06173062324523926,34666.0,0.11819691210985184,291,1
StandardGSGP,0c8c8a58-ad32-11ef-aa44-e4a8dfc2a9a8,concrete_strength,13,61,0.1181541234254837,0.06356978416442871,35206.0,0.11819691210985184,291,1
StandardGSGP,0c8c8a58-ad32-11ef-aa44-e4a8dfc2a9a8,concrete_strength,13,62,0.11743876338005066,0.06432604789733887,36136.0,0.11763026565313339,303,1
StandardGSGP,0c8c8a58-ad32-11ef-aa44-e4a8dfc2a9a8,concrete_strength,13,63,0.11743876338005066,0.06399846076965332,36524.0,0.11763026565313339,303,1
StandardGSGP,0c8c8a58-ad32-11ef-aa44-e4a8dfc2a9a8,concrete_strength,13,64,0.11743876338005066,0.07150650024414062,36782.0,0.11763026565313339,303,1
StandardGSGP,0c8c8a58-ad32-11ef-aa44-e4a8dfc2a9a8,concrete_strength,13,65,0.11715011298656464,0.06151127815246582,37400.0,0.11669230461120605,317,1
StandardGSGP,0c8c8a58-ad32-11ef-aa44-e4a8dfc2a9a8,concrete_strength,13,66,0.11715011298656464,0.06274628639221191,38486.0,0.11669230461120605,317,1
StandardGSGP,0c8c8a58-ad32-11ef-aa44-e4a8dfc2a9a8,concrete_strength,13,67,0.11715011298656464,0.062242984771728516,38744.0,0.11669230461120605,317,1
StandardGSGP,0c8c8a58-ad32-11ef-aa44-e4a8dfc2a9a8,concrete_strength,13,68,0.1171470656991005,0.0635073184967041,38796.0,0.11664292961359024,325,1
StandardGSGP,0c8c8a58-ad32-11ef-aa44-e4a8dfc2a9a8,concrete_strength,13,69,0.1171470656991005,0.06799530982971191,39136.0,0.11664292961359024,325,1
StandardGSGP,0c8c8a58-ad32-11ef-aa44-e4a8dfc2a9a8,concrete_strength,13,70,0.1171470656991005,0.059209585189819336,38840.0,0.11664292961359024,325,1
StandardGSGP,0c8c8a58-ad32-11ef-aa44-e4a8dfc2a9a8,concrete_strength,13,71,0.1171470656991005,0.06035327911376953,38494.0,0.11664292961359024,325,1
StandardGSGP,0c8c8a58-ad32-11ef-aa44-e4a8dfc2a9a8,concrete_strength,13,72,0.1171470656991005,0.060190439224243164,38702.0,0.11664292961359024,325,1
StandardGSGP,0c8c8a58-ad32-11ef-aa44-e4a8dfc2a9a8,concrete_strength,13,73,0.1171470656991005,0.06386303901672363,38620.0,0.11664292961359024,325,1
StandardGSGP,0c8c8a58-ad32-11ef-aa44-e4a8dfc2a9a8,concrete_strength,13,74,0.1171470656991005,0.06878018379211426,37510.0,0.11664292961359024,325,1
StandardGSGP,0c8c8a58-ad32-11ef-aa44-e4a8dfc2a9a8,concrete_strength,13,75,0.1171470656991005,0.06972527503967285,38592.0,0.11664292961359024,325,1
StandardGSGP,0c8c8a58-ad32-11ef-aa44-e4a8dfc2a9a8,concrete_strength,13,76,0.1171470656991005,0.06017661094665527,38450.0,0.11664292961359024,325,1
StandardGSGP,0c8c8a58-ad32-11ef-aa44-e4a8dfc2a9a8,concrete_strength,13,77,0.1171470656991005,0.06201004981994629,39298.0,0.11664292961359024,325,1
StandardGSGP,0c8c8a58-ad32-11ef-aa44-e4a8dfc2a9a8,concrete_strength,13,78,0.1171470656991005,0.058995962142944336,39154.0,0.11664292961359024,325,1
StandardGSGP,0c8c8a58-ad32-11ef-aa44-e4a8dfc2a9a8,concrete_strength,13,79,0.11705395579338074,0.06051063537597656,38894.0,0.11664603650569916,331,1
StandardGSGP,0c8c8a58-ad32-11ef-aa44-e4a8dfc2a9a8,concrete_strength,13,80,0.11705395579338074,0.06137847900390625,39424.0,0.11664603650569916,331,1
StandardGSGP,0c8c8a58-ad32-11ef-aa44-e4a8dfc2a9a8,concrete_strength,13,81,0.11705395579338074,0.060509681701660156,39816.0,0.11664603650569916,331,1
StandardGSGP,0c8c8a58-ad32-11ef-aa44-e4a8dfc2a9a8,concrete_strength,13,82,0.11701804399490356,0.06141304969787598,40556.0,0.11686670780181885,337,1
StandardGSGP,0c8c8a58-ad32-11ef-aa44-e4a8dfc2a9a8,concrete_strength,13,83,0.11701804399490356,0.05849456787109375,39256.0,0.11686670780181885,337,1
StandardGSGP,0c8c8a58-ad32-11ef-aa44-e4a8dfc2a9a8,concrete_strength,13,84,0.11701804399490356,0.06659269332885742,38222.0,0.11686670780181885,337,1
StandardGSGP,0c8c8a58-ad32-11ef-aa44-e4a8dfc2a9a8,concrete_strength,13,85,0.11593262851238251,0.06161189079284668,37748.0,0.11701011657714844,357,1
StandardGSGP,0c8c8a58-ad32-11ef-aa44-e4a8dfc2a9a8,concrete_strength,13,86,0.11508644372224808,0.0579986572265625,37874.0,0.11675703525543213,365,1
StandardGSGP,0c8c8a58-ad32-11ef-aa44-e4a8dfc2a9a8,concrete_strength,13,87,0.11501086503267288,0.0695652961730957,37898.0,0.11668079346418381,375,1
StandardGSGP,0c8c8a58-ad32-11ef-aa44-e4a8dfc2a9a8,concrete_strength,13,88,0.11501086503267288,0.05640578269958496,37912.0,0.11668079346418381,375,1
StandardGSGP,0c8c8a58-ad32-11ef-aa44-e4a8dfc2a9a8,concrete_strength,13,89,0.11491971462965012,0.06250667572021484,38826.0,0.11860288679599762,389,1
StandardGSGP,0c8c8a58-ad32-11ef-aa44-e4a8dfc2a9a8,concrete_strength,13,90,0.11491971462965012,0.06750726699829102,39764.0,0.11860288679599762,389,1
StandardGSGP,0c8c8a58-ad32-11ef-aa44-e4a8dfc2a9a8,concrete_strength,13,91,0.1143747940659523,0.06200289726257324,40536.0,0.11814805865287781,395,1
StandardGSGP,0c8c8a58-ad32-11ef-aa44-e4a8dfc2a9a8,concrete_strength,13,92,0.1143747940659523,0.05950736999511719,41296.0,0.11814805865287781,395,1
StandardGSGP,0c8c8a58-ad32-11ef-aa44-e4a8dfc2a9a8,concrete_strength,13,93,0.1143747940659523,0.060323238372802734,41992.0,0.11814805865287781,395,1
StandardGSGP,0c8c8a58-ad32-11ef-aa44-e4a8dfc2a9a8,concrete_strength,13,94,0.1143747940659523,0.05799388885498047,42402.0,0.11814805865287781,395,1
StandardGSGP,0c8c8a58-ad32-11ef-aa44-e4a8dfc2a9a8,concrete_strength,13,95,0.1143747940659523,0.06623649597167969,42926.0,0.11814805865287781,395,1
StandardGSGP,0c8c8a58-ad32-11ef-aa44-e4a8dfc2a9a8,concrete_strength,13,96,0.1143747940659523,0.061528921127319336,43380.0,0.11814805865287781,395,1
StandardGSGP,0c8c8a58-ad32-11ef-aa44-e4a8dfc2a9a8,concrete_strength,13,97,0.1143747940659523,0.06299638748168945,43744.0,0.11814805865287781,395,1
StandardGSGP,0c8c8a58-ad32-11ef-aa44-e4a8dfc2a9a8,concrete_strength,13,98,0.1143747940659523,0.06152915954589844,44416.0,0.11814805865287781,395,1
StandardGSGP,0c8c8a58-ad32-11ef-aa44-e4a8dfc2a9a8,concrete_strength,13,99,0.1143747940659523,0.06758332252502441,44946.0,0.11814805865287781,395,1
StandardGSGP,0c8c8a58-ad32-11ef-aa44-e4a8dfc2a9a8,concrete_strength,13,100,0.11431413888931274,0.06756305694580078,45872.0,0.11764083802700043,435,1
StandardGSGP,877ee8cd-ad32-11ef-aa44-e4a8dfc2a9a8,concrete_strength,13,0,28.36269760131836,0.037908077239990234,884.0,31.18393325805664,3,1
StandardGSGP,877ee8cd-ad32-11ef-aa44-e4a8dfc2a9a8,concrete_strength,13,1,28.36269760131836,0.0668344497680664,1566.0,31.18393325805664,3,1
StandardGSGP,877ee8cd-ad32-11ef-aa44-e4a8dfc2a9a8,concrete_strength,13,2,28.251502990722656,0.06745338439941406,2460.0,31.10690689086914,11,1
StandardGSGP,877ee8cd-ad32-11ef-aa44-e4a8dfc2a9a8,concrete_strength,13,3,27.935651779174805,0.06199765205383301,3090.0,30.88296127319336,21,1
StandardGSGP,877ee8cd-ad32-11ef-aa44-e4a8dfc2a9a8,concrete_strength,13,4,27.65371322631836,0.0669565200805664,3044.0,30.669239044189453,31,1
StandardGSGP,877ee8cd-ad32-11ef-aa44-e4a8dfc2a9a8,concrete_strength,13,5,27.501811981201172,0.0655066967010498,3510.0,30.565473556518555,37,1
StandardGSGP,877ee8cd-ad32-11ef-aa44-e4a8dfc2a9a8,concrete_strength,13,6,27.277814865112305,0.06822586059570312,4504.0,30.433244705200195,47,1
StandardGSGP,877ee8cd-ad32-11ef-aa44-e4a8dfc2a9a8,concrete_strength,13,7,27.156970977783203,0.06351089477539062,5514.0,30.280759811401367,53,1
StandardGSGP,877ee8cd-ad32-11ef-aa44-e4a8dfc2a9a8,concrete_strength,13,8,26.977182388305664,0.06551146507263184,6472.0,30.162324905395508,59,1
StandardGSGP,877ee8cd-ad32-11ef-aa44-e4a8dfc2a9a8,concrete_strength,13,9,26.747705459594727,0.06590580940246582,7398.0,30.095378875732422,75,1
StandardGSGP,877ee8cd-ad32-11ef-aa44-e4a8dfc2a9a8,concrete_strength,13,10,26.520429611206055,0.0632636547088623,8302.0,29.89964485168457,91,1
StandardGSGP,877ee8cd-ad32-11ef-aa44-e4a8dfc2a9a8,concrete_strength,13,11,26.191802978515625,0.06395459175109863,9084.0,29.724258422851562,99,1
StandardGSGP,877ee8cd-ad32-11ef-aa44-e4a8dfc2a9a8,concrete_strength,13,12,26.191457748413086,0.07099246978759766,10150.0,29.72297477722168,107,1
StandardGSGP,877ee8cd-ad32-11ef-aa44-e4a8dfc2a9a8,concrete_strength,13,13,25.998342514038086,0.06420731544494629,11266.0,29.602996826171875,105,1
StandardGSGP,877ee8cd-ad32-11ef-aa44-e4a8dfc2a9a8,concrete_strength,13,14,25.856393814086914,0.06850743293762207,12120.0,29.40478515625,133,1
StandardGSGP,877ee8cd-ad32-11ef-aa44-e4a8dfc2a9a8,concrete_strength,13,15,25.680513381958008,0.07778573036193848,13160.0,29.37355613708496,125,1
StandardGSGP,877ee8cd-ad32-11ef-aa44-e4a8dfc2a9a8,concrete_strength,13,16,25.538524627685547,0.09227418899536133,14316.0,29.245140075683594,149,1
StandardGSGP,877ee8cd-ad32-11ef-aa44-e4a8dfc2a9a8,concrete_strength,13,17,25.302888870239258,0.08551406860351562,15392.0,29.113210678100586,161,1
StandardGSGP,877ee8cd-ad32-11ef-aa44-e4a8dfc2a9a8,concrete_strength,13,18,25.270126342773438,0.07151031494140625,16296.0,29.06092071533203,161,1
StandardGSGP,877ee8cd-ad32-11ef-aa44-e4a8dfc2a9a8,concrete_strength,13,19,25.110694885253906,0.06250905990600586,17420.0,29.027246475219727,179,1
StandardGSGP,877ee8cd-ad32-11ef-aa44-e4a8dfc2a9a8,concrete_strength,13,20,24.946990966796875,0.06499791145324707,18348.0,28.922260284423828,173,1
StandardGSGP,877ee8cd-ad32-11ef-aa44-e4a8dfc2a9a8,concrete_strength,13,21,24.84961700439453,0.06750917434692383,19136.0,28.876020431518555,197,1
StandardGSGP,877ee8cd-ad32-11ef-aa44-e4a8dfc2a9a8,concrete_strength,13,22,24.700733184814453,0.07309293746948242,19816.0,28.809057235717773,205,1
StandardGSGP,877ee8cd-ad32-11ef-aa44-e4a8dfc2a9a8,concrete_strength,13,23,24.422088623046875,0.07119488716125488,20776.0,28.7058048248291,215,1
StandardGSGP,877ee8cd-ad32-11ef-aa44-e4a8dfc2a9a8,concrete_strength,13,24,24.422088623046875,0.06250667572021484,21808.0,28.7058048248291,215,1
StandardGSGP,877ee8cd-ad32-11ef-aa44-e4a8dfc2a9a8,concrete_strength,13,25,24.333911895751953,0.06551027297973633,22902.0,28.67551040649414,223,1
StandardGSGP,877ee8cd-ad32-11ef-aa44-e4a8dfc2a9a8,concrete_strength,13,26,24.154447555541992,0.06900548934936523,23904.0,28.63885498046875,235,1
StandardGSGP,877ee8cd-ad32-11ef-aa44-e4a8dfc2a9a8,concrete_strength,13,27,24.04643440246582,0.06814146041870117,24740.0,28.621967315673828,249,1
StandardGSGP,877ee8cd-ad32-11ef-aa44-e4a8dfc2a9a8,concrete_strength,13,28,24.016645431518555,0.06351065635681152,25546.0,28.48676872253418,265,1
StandardGSGP,877ee8cd-ad32-11ef-aa44-e4a8dfc2a9a8,concrete_strength,13,29,23.958091735839844,0.0670156478881836,26458.0,28.452251434326172,255,1
StandardGSGP,877ee8cd-ad32-11ef-aa44-e4a8dfc2a9a8,concrete_strength,13,30,23.885643005371094,0.06722760200500488,27564.0,28.479862213134766,277,1
StandardGSGP,877ee8cd-ad32-11ef-aa44-e4a8dfc2a9a8,concrete_strength,13,31,23.815570831298828,0.0706019401550293,28336.0,28.55868911743164,281,1
StandardGSGP,877ee8cd-ad32-11ef-aa44-e4a8dfc2a9a8,concrete_strength,13,32,23.74563217163086,0.06951022148132324,29044.0,28.35257911682129,285,1
StandardGSGP,877ee8cd-ad32-11ef-aa44-e4a8dfc2a9a8,concrete_strength,13,33,23.711687088012695,0.06800007820129395,30022.0,28.442293167114258,297,1
StandardGSGP,877ee8cd-ad32-11ef-aa44-e4a8dfc2a9a8,concrete_strength,13,34,23.623079299926758,0.0718836784362793,30844.0,28.3509521484375,303,1
StandardGSGP,877ee8cd-ad32-11ef-aa44-e4a8dfc2a9a8,concrete_strength,13,35,23.562402725219727,0.07357144355773926,31412.0,28.35699462890625,317,1
StandardGSGP,877ee8cd-ad32-11ef-aa44-e4a8dfc2a9a8,concrete_strength,13,36,23.478673934936523,0.13902950286865234,32066.0,28.394840240478516,329,1
StandardGSGP,877ee8cd-ad32-11ef-aa44-e4a8dfc2a9a8,concrete_strength,13,37,23.442249298095703,0.06975460052490234,32918.0,28.399742126464844,335,1
StandardGSGP,877ee8cd-ad32-11ef-aa44-e4a8dfc2a9a8,concrete_strength,13,38,23.398502349853516,0.06656551361083984,33934.0,28.367708206176758,355,1
StandardGSGP,877ee8cd-ad32-11ef-aa44-e4a8dfc2a9a8,concrete_strength,13,39,23.330602645874023,0.06499886512756348,34856.0,28.237918853759766,347,1
StandardGSGP,877ee8cd-ad32-11ef-aa44-e4a8dfc2a9a8,concrete_strength,13,40,23.287078857421875,0.06373357772827148,35802.0,28.06327247619629,351,1
StandardGSGP,877ee8cd-ad32-11ef-aa44-e4a8dfc2a9a8,concrete_strength,13,41,23.243221282958984,0.06697487831115723,36720.0,28.221988677978516,361,1
StandardGSGP,877ee8cd-ad32-11ef-aa44-e4a8dfc2a9a8,concrete_strength,13,42,23.215740203857422,0.0661778450012207,37200.0,28.01057243347168,359,1
StandardGSGP,877ee8cd-ad32-11ef-aa44-e4a8dfc2a9a8,concrete_strength,13,43,23.118026733398438,0.0642549991607666,37726.0,27.974231719970703,375,1
StandardGSGP,877ee8cd-ad32-11ef-aa44-e4a8dfc2a9a8,concrete_strength,13,44,23.10371208190918,0.06543946266174316,38736.0,27.912601470947266,381,1
StandardGSGP,877ee8cd-ad32-11ef-aa44-e4a8dfc2a9a8,concrete_strength,13,45,23.0692081451416,0.0710756778717041,39720.0,27.916019439697266,389,1
StandardGSGP,877ee8cd-ad32-11ef-aa44-e4a8dfc2a9a8,concrete_strength,13,46,22.973590850830078,0.06563639640808105,40496.0,27.996349334716797,425,1
StandardGSGP,877ee8cd-ad32-11ef-aa44-e4a8dfc2a9a8,concrete_strength,13,47,22.90127944946289,0.06456851959228516,41552.0,28.02857780456543,421,1
StandardGSGP,877ee8cd-ad32-11ef-aa44-e4a8dfc2a9a8,concrete_strength,13,48,22.842252731323242,0.0657951831817627,42640.0,27.902847290039062,427,1
StandardGSGP,877ee8cd-ad32-11ef-aa44-e4a8dfc2a9a8,concrete_strength,13,49,22.829477310180664,0.0652475357055664,44000.0,27.916912078857422,441,1
StandardGSGP,877ee8cd-ad32-11ef-aa44-e4a8dfc2a9a8,concrete_strength,13,50,22.766700744628906,0.07050180435180664,45138.0,27.77560043334961,457,1
StandardGSGP,877ee8cd-ad32-11ef-aa44-e4a8dfc2a9a8,concrete_strength,13,51,22.694778442382812,0.06699848175048828,46206.0,27.726055145263672,467,1
StandardGSGP,877ee8cd-ad32-11ef-aa44-e4a8dfc2a9a8,concrete_strength,13,52,22.6855411529541,0.06957745552062988,46976.0,27.726634979248047,477,1
StandardGSGP,877ee8cd-ad32-11ef-aa44-e4a8dfc2a9a8,concrete_strength,13,53,22.606935501098633,0.06450819969177246,47962.0,27.619762420654297,493,1
StandardGSGP,877ee8cd-ad32-11ef-aa44-e4a8dfc2a9a8,concrete_strength,13,54,22.574296951293945,0.07460618019104004,48892.0,27.671550750732422,479,1
StandardGSGP,877ee8cd-ad32-11ef-aa44-e4a8dfc2a9a8,concrete_strength,13,55,22.504056930541992,0.06622004508972168,49664.0,27.577186584472656,485,1
StandardGSGP,877ee8cd-ad32-11ef-aa44-e4a8dfc2a9a8,concrete_strength,13,56,22.438251495361328,0.06719350814819336,50454.0,27.625259399414062,495,1
StandardGSGP,877ee8cd-ad32-11ef-aa44-e4a8dfc2a9a8,concrete_strength,13,57,22.362821578979492,0.06765055656433105,51200.0,27.563350677490234,503,1
StandardGSGP,877ee8cd-ad32-11ef-aa44-e4a8dfc2a9a8,concrete_strength,13,58,22.35175323486328,0.07654047012329102,51788.0,27.54701042175293,509,1
StandardGSGP,877ee8cd-ad32-11ef-aa44-e4a8dfc2a9a8,concrete_strength,13,59,22.28824806213379,0.0760188102722168,52380.0,27.442983627319336,515,1
StandardGSGP,877ee8cd-ad32-11ef-aa44-e4a8dfc2a9a8,concrete_strength,13,60,22.24418830871582,0.06905841827392578,52920.0,27.390117645263672,531,1
StandardGSGP,877ee8cd-ad32-11ef-aa44-e4a8dfc2a9a8,concrete_strength,13,61,22.20314598083496,0.07666945457458496,53786.0,27.371353149414062,541,1
StandardGSGP,877ee8cd-ad32-11ef-aa44-e4a8dfc2a9a8,concrete_strength,13,62,22.161489486694336,0.07299232482910156,54732.0,27.41021728515625,555,1
StandardGSGP,877ee8cd-ad32-11ef-aa44-e4a8dfc2a9a8,concrete_strength,13,63,22.056392669677734,0.07035279273986816,55730.0,27.339229583740234,561,1
StandardGSGP,877ee8cd-ad32-11ef-aa44-e4a8dfc2a9a8,concrete_strength,13,64,22.00845718383789,0.06962704658508301,56614.0,27.224063873291016,571,1
StandardGSGP,877ee8cd-ad32-11ef-aa44-e4a8dfc2a9a8,concrete_strength,13,65,21.976381301879883,0.06824731826782227,57632.0,27.30927276611328,597,1
StandardGSGP,877ee8cd-ad32-11ef-aa44-e4a8dfc2a9a8,concrete_strength,13,66,21.970104217529297,0.07117605209350586,58944.0,27.25467300415039,611,1
StandardGSGP,877ee8cd-ad32-11ef-aa44-e4a8dfc2a9a8,concrete_strength,13,67,21.922988891601562,0.06952619552612305,59970.0,27.22873878479004,593,1
StandardGSGP,877ee8cd-ad32-11ef-aa44-e4a8dfc2a9a8,concrete_strength,13,68,21.80690574645996,0.06950831413269043,60956.0,27.161876678466797,605,1
StandardGSGP,877ee8cd-ad32-11ef-aa44-e4a8dfc2a9a8,concrete_strength,13,69,21.801624298095703,0.07361197471618652,61674.0,27.157913208007812,611,1
StandardGSGP,877ee8cd-ad32-11ef-aa44-e4a8dfc2a9a8,concrete_strength,13,70,21.777664184570312,0.07650351524353027,62528.0,27.069454193115234,623,1
StandardGSGP,877ee8cd-ad32-11ef-aa44-e4a8dfc2a9a8,concrete_strength,13,71,21.76247215270996,0.07150864601135254,63380.0,27.058773040771484,629,1
StandardGSGP,877ee8cd-ad32-11ef-aa44-e4a8dfc2a9a8,concrete_strength,13,72,21.658668518066406,0.07350945472717285,64194.0,27.04222869873047,627,1
StandardGSGP,877ee8cd-ad32-11ef-aa44-e4a8dfc2a9a8,concrete_strength,13,73,21.658668518066406,0.07434868812561035,65040.0,27.04222869873047,627,1
StandardGSGP,877ee8cd-ad32-11ef-aa44-e4a8dfc2a9a8,concrete_strength,13,74,21.624698638916016,0.07865309715270996,66282.0,26.930126190185547,661,1
StandardGSGP,877ee8cd-ad32-11ef-aa44-e4a8dfc2a9a8,concrete_strength,13,75,21.576387405395508,0.06751346588134766,66782.0,26.91006851196289,671,1
StandardGSGP,877ee8cd-ad32-11ef-aa44-e4a8dfc2a9a8,concrete_strength,13,76,21.53326416015625,0.07151532173156738,67580.0,26.856689453125,689,1
StandardGSGP,877ee8cd-ad32-11ef-aa44-e4a8dfc2a9a8,concrete_strength,13,77,21.53310775756836,0.07300591468811035,68878.0,26.859107971191406,699,1
StandardGSGP,877ee8cd-ad32-11ef-aa44-e4a8dfc2a9a8,concrete_strength,13,78,21.452205657958984,0.08199453353881836,69732.0,26.79636573791504,695,1
StandardGSGP,877ee8cd-ad32-11ef-aa44-e4a8dfc2a9a8,concrete_strength,13,79,21.408906936645508,0.08097290992736816,70502.0,26.789836883544922,707,1
StandardGSGP,877ee8cd-ad32-11ef-aa44-e4a8dfc2a9a8,concrete_strength,13,80,21.365772247314453,0.07451105117797852,71536.0,26.783580780029297,723,1
StandardGSGP,877ee8cd-ad32-11ef-aa44-e4a8dfc2a9a8,concrete_strength,13,81,21.349233627319336,0.06472015380859375,72640.0,26.772127151489258,729,1
StandardGSGP,877ee8cd-ad32-11ef-aa44-e4a8dfc2a9a8,concrete_strength,13,82,21.301183700561523,0.06749963760375977,73504.0,26.744911193847656,741,1
StandardGSGP,877ee8cd-ad32-11ef-aa44-e4a8dfc2a9a8,concrete_strength,13,83,21.268224716186523,0.06250953674316406,74398.0,26.68062400817871,751,1
StandardGSGP,877ee8cd-ad32-11ef-aa44-e4a8dfc2a9a8,concrete_strength,13,84,21.257593154907227,0.07151103019714355,75508.0,26.624467849731445,757,1
StandardGSGP,877ee8cd-ad32-11ef-aa44-e4a8dfc2a9a8,concrete_strength,13,85,21.19650650024414,0.06999444961547852,76608.0,26.663928985595703,771,1
StandardGSGP,877ee8cd-ad32-11ef-aa44-e4a8dfc2a9a8,concrete_strength,13,86,21.13927459716797,0.06550765037536621,77702.0,26.493757247924805,783,1
StandardGSGP,877ee8cd-ad32-11ef-aa44-e4a8dfc2a9a8,concrete_strength,13,87,21.115482330322266,0.0694122314453125,78710.0,26.492643356323242,797,1
StandardGSGP,877ee8cd-ad32-11ef-aa44-e4a8dfc2a9a8,concrete_strength,13,88,21.09438705444336,0.06312894821166992,80016.0,26.490955352783203,803,1
StandardGSGP,877ee8cd-ad32-11ef-aa44-e4a8dfc2a9a8,concrete_strength,13,89,21.057849884033203,0.1458752155303955,81314.0,26.66351318359375,821,1
StandardGSGP,877ee8cd-ad32-11ef-aa44-e4a8dfc2a9a8,concrete_strength,13,90,21.05171012878418,0.07000565528869629,82396.0,26.687347412109375,829,1
StandardGSGP,877ee8cd-ad32-11ef-aa44-e4a8dfc2a9a8,concrete_strength,13,91,21.04339027404785,0.07101154327392578,83342.0,26.656404495239258,841,1
StandardGSGP,877ee8cd-ad32-11ef-aa44-e4a8dfc2a9a8,concrete_strength,13,92,21.01367950439453,0.07150793075561523,84424.0,26.619970321655273,853,1
StandardGSGP,877ee8cd-ad32-11ef-aa44-e4a8dfc2a9a8,concrete_strength,13,93,20.98617172241211,0.06251049041748047,85334.0,26.65865135192871,857,1
StandardGSGP,877ee8cd-ad32-11ef-aa44-e4a8dfc2a9a8,concrete_strength,13,94,20.960500717163086,0.0681602954864502,86124.0,26.585674285888672,869,1
StandardGSGP,877ee8cd-ad32-11ef-aa44-e4a8dfc2a9a8,concrete_strength,13,95,20.924217224121094,0.06409716606140137,87066.0,26.565906524658203,859,1
StandardGSGP,877ee8cd-ad32-11ef-aa44-e4a8dfc2a9a8,concrete_strength,13,96,20.91040802001953,0.06498932838439941,88072.0,26.55123519897461,865,1
StandardGSGP,877ee8cd-ad32-11ef-aa44-e4a8dfc2a9a8,concrete_strength,13,97,20.909048080444336,0.06619143486022949,89066.0,26.563488006591797,877,1
StandardGSGP,877ee8cd-ad32-11ef-aa44-e4a8dfc2a9a8,concrete_strength,13,98,20.870893478393555,0.06566238403320312,89802.0,26.46343994140625,917,1
StandardGSGP,877ee8cd-ad32-11ef-aa44-e4a8dfc2a9a8,concrete_strength,13,99,20.870893478393555,0.06378388404846191,89870.0,26.46343994140625,917,1
StandardGSGP,877ee8cd-ad32-11ef-aa44-e4a8dfc2a9a8,concrete_strength,13,100,20.836910247802734,0.06853628158569336,91418.0,26.442047119140625,917,1
