StandardGSGP,382c2a88-ad32-11ef-b40e-e4a8dfc2a9a8,concrete_strength,24,0,0.26213201880455017,0.03899979591369629,880.0,0.2522582411766052,5,1
StandardGSGP,382c2a88-ad32-11ef-b40e-e4a8dfc2a9a8,concrete_strength,24,1,0.23394431173801422,0.06251263618469238,1502.0,0.2432107776403427,19,1
StandardGSGP,382c2a88-ad32-11ef-b40e-e4a8dfc2a9a8,concrete_strength,24,2,0.2046380639076233,0.05951118469238281,2286.0,0.19479036331176758,29,1
StandardGSGP,382c2a88-ad32-11ef-b40e-e4a8dfc2a9a8,concrete_strength,24,3,0.2046380639076233,0.0579991340637207,3226.0,0.19479036331176758,29,1
StandardGSGP,382c2a88-ad32-11ef-b40e-e4a8dfc2a9a8,concrete_strength,24,4,0.1566510796546936,0.06402730941772461,4098.0,0.15913906693458557,39,1
StandardGSGP,382c2a88-ad32-11ef-b40e-e4a8dfc2a9a8,concrete_strength,24,5,0.1566510796546936,0.06100869178771973,5034.0,0.15913906693458557,39,1
StandardGSGP,382c2a88-ad32-11ef-b40e-e4a8dfc2a9a8,concrete_strength,24,6,0.15123571455478668,0.0667886734008789,5786.0,0.15478280186653137,45,1
StandardGSGP,382c2a88-ad32-11ef-b40e-e4a8dfc2a9a8,concrete_strength,24,7,0.15123571455478668,0.06381797790527344,6490.0,0.15478280186653137,45,1
StandardGSGP,382c2a88-ad32-11ef-b40e-e4a8dfc2a9a8,concrete_strength,24,8,0.15123571455478668,0.06679725646972656,7174.0,0.15478280186653137,45,1
StandardGSGP,382c2a88-ad32-11ef-b40e-e4a8dfc2a9a8,concrete_strength,24,9,0.13719703257083893,0.06104254722595215,7914.0,0.1364326775074005,59,1
StandardGSGP,382c2a88-ad32-11ef-b40e-e4a8dfc2a9a8,concrete_strength,24,10,0.1334293633699417,0.0635521411895752,8512.0,0.13395269215106964,71,1
StandardGSGP,382c2a88-ad32-11ef-b40e-e4a8dfc2a9a8,concrete_strength,24,11,0.1334293633699417,0.059999704360961914,9114.0,0.13395269215106964,71,1
StandardGSGP,382c2a88-ad32-11ef-b40e-e4a8dfc2a9a8,concrete_strength,24,12,0.13314393162727356,0.054508209228515625,9534.0,0.13241060078144073,77,1
StandardGSGP,382c2a88-ad32-11ef-b40e-e4a8dfc2a9a8,concrete_strength,24,13,0.13314393162727356,0.06174731254577637,10088.0,0.13241060078144073,77,1
StandardGSGP,382c2a88-ad32-11ef-b40e-e4a8dfc2a9a8,concrete_strength,24,14,0.13314393162727356,0.06136751174926758,10552.0,0.13241060078144073,77,1
StandardGSGP,382c2a88-ad32-11ef-b40e-e4a8dfc2a9a8,concrete_strength,24,15,0.1319623440504074,0.06351041793823242,10918.0,0.13257288932800293,87,1
StandardGSGP,382c2a88-ad32-11ef-b40e-e4a8dfc2a9a8,concrete_strength,24,16,0.1319623440504074,0.06953072547912598,11372.0,0.13257288932800293,87,1
StandardGSGP,382c2a88-ad32-11ef-b40e-e4a8dfc2a9a8,concrete_strength,24,17,0.12766455113887787,0.06399869918823242,12014.0,0.13017188012599945,107,1
StandardGSGP,382c2a88-ad32-11ef-b40e-e4a8dfc2a9a8,concrete_strength,24,18,0.12740160524845123,0.06645965576171875,12348.0,0.12997496128082275,113,1
StandardGSGP,382c2a88-ad32-11ef-b40e-e4a8dfc2a9a8,concrete_strength,24,19,0.12740160524845123,0.06096816062927246,12828.0,0.12997496128082275,113,1
StandardGSGP,382c2a88-ad32-11ef-b40e-e4a8dfc2a9a8,concrete_strength,24,20,0.12740160524845123,0.057997703552246094,13634.0,0.12997496128082275,113,1
StandardGSGP,382c2a88-ad32-11ef-b40e-e4a8dfc2a9a8,concrete_strength,24,21,0.12740160524845123,0.06002688407897949,14548.0,0.12997496128082275,113,1
StandardGSGP,382c2a88-ad32-11ef-b40e-e4a8dfc2a9a8,concrete_strength,24,22,0.12733381986618042,0.05977964401245117,15374.0,0.12946686148643494,121,1
StandardGSGP,382c2a88-ad32-11ef-b40e-e4a8dfc2a9a8,concrete_strength,24,23,0.12715181708335876,0.06671833992004395,16014.0,0.13186287879943848,119,1
StandardGSGP,382c2a88-ad32-11ef-b40e-e4a8dfc2a9a8,concrete_strength,24,24,0.12618441879749298,0.07352280616760254,16460.0,0.12613119184970856,131,1
StandardGSGP,382c2a88-ad32-11ef-b40e-e4a8dfc2a9a8,concrete_strength,24,25,0.11997030675411224,0.06651067733764648,16620.0,0.12279723584651947,139,1
StandardGSGP,382c2a88-ad32-11ef-b40e-e4a8dfc2a9a8,concrete_strength,24,26,0.11997030675411224,0.06800031661987305,16286.0,0.12279723584651947,139,1
StandardGSGP,382c2a88-ad32-11ef-b40e-e4a8dfc2a9a8,concrete_strength,24,27,0.11997030675411224,0.06387901306152344,17340.0,0.12279723584651947,139,1
StandardGSGP,382c2a88-ad32-11ef-b40e-e4a8dfc2a9a8,concrete_strength,24,28,0.11997030675411224,0.06301736831665039,17058.0,0.12279723584651947,139,1
StandardGSGP,382c2a88-ad32-11ef-b40e-e4a8dfc2a9a8,concrete_strength,24,29,0.11935930699110031,0.06271600723266602,17532.0,0.11980639398097992,211,1
StandardGSGP,382c2a88-ad32-11ef-b40e-e4a8dfc2a9a8,concrete_strength,24,30,0.11899525672197342,0.06050753593444824,18572.0,0.12475541979074478,219,1
StandardGSGP,382c2a88-ad32-11ef-b40e-e4a8dfc2a9a8,concrete_strength,24,31,0.11495889723300934,0.05965423583984375,19296.0,0.1208811029791832,225,1
StandardGSGP,382c2a88-ad32-11ef-b40e-e4a8dfc2a9a8,concrete_strength,24,32,0.11495889723300934,0.06059861183166504,20604.0,0.1208811029791832,225,1
StandardGSGP,382c2a88-ad32-11ef-b40e-e4a8dfc2a9a8,concrete_strength,24,33,0.11495889723300934,0.0575106143951416,22140.0,0.1208811029791832,225,1
StandardGSGP,382c2a88-ad32-11ef-b40e-e4a8dfc2a9a8,concrete_strength,24,34,0.11495889723300934,0.06025052070617676,23164.0,0.1208811029791832,225,1
StandardGSGP,382c2a88-ad32-11ef-b40e-e4a8dfc2a9a8,concrete_strength,24,35,0.11495889723300934,0.06082653999328613,23994.0,0.1208811029791832,225,1
StandardGSGP,382c2a88-ad32-11ef-b40e-e4a8dfc2a9a8,concrete_strength,24,36,0.11495889723300934,0.06401467323303223,25102.0,0.1208811029791832,225,1
StandardGSGP,382c2a88-ad32-11ef-b40e-e4a8dfc2a9a8,concrete_strength,24,37,0.11495889723300934,0.06316018104553223,25862.0,0.1208811029791832,225,1
StandardGSGP,382c2a88-ad32-11ef-b40e-e4a8dfc2a9a8,concrete_strength,24,38,0.11363353580236435,0.06028604507446289,26762.0,0.11968257278203964,247,1
StandardGSGP,382c2a88-ad32-11ef-b40e-e4a8dfc2a9a8,concrete_strength,24,39,0.11363353580236435,0.0605626106262207,27484.0,0.11968257278203964,247,1
StandardGSGP,382c2a88-ad32-11ef-b40e-e4a8dfc2a9a8,concrete_strength,24,40,0.11250606179237366,0.06750679016113281,27392.0,0.11646097153425217,263,1
StandardGSGP,382c2a88-ad32-11ef-b40e-e4a8dfc2a9a8,concrete_strength,24,41,0.1120290607213974,0.06053471565246582,28262.0,0.11639809608459473,253,1
StandardGSGP,382c2a88-ad32-11ef-b40e-e4a8dfc2a9a8,concrete_strength,24,42,0.1120290607213974,0.060367584228515625,28154.0,0.11639809608459473,253,1
StandardGSGP,382c2a88-ad32-11ef-b40e-e4a8dfc2a9a8,concrete_strength,24,43,0.1120290607213974,0.05933976173400879,28752.0,0.11639809608459473,253,1
StandardGSGP,382c2a88-ad32-11ef-b40e-e4a8dfc2a9a8,concrete_strength,24,44,0.1120290607213974,0.06586337089538574,29302.0,0.11639809608459473,253,1
StandardGSGP,382c2a88-ad32-11ef-b40e-e4a8dfc2a9a8,concrete_strength,24,45,0.1120290607213974,0.06287980079650879,29838.0,0.11639809608459473,253,1
StandardGSGP,382c2a88-ad32-11ef-b40e-e4a8dfc2a9a8,concrete_strength,24,46,0.1120290607213974,0.13987183570861816,30442.0,0.11639809608459473,253,1
StandardGSGP,382c2a88-ad32-11ef-b40e-e4a8dfc2a9a8,concrete_strength,24,47,0.1120290607213974,0.06100034713745117,31374.0,0.11639809608459473,253,1
StandardGSGP,382c2a88-ad32-11ef-b40e-e4a8dfc2a9a8,concrete_strength,24,48,0.1120290607213974,0.06353187561035156,31902.0,0.11639809608459473,253,1
StandardGSGP,382c2a88-ad32-11ef-b40e-e4a8dfc2a9a8,concrete_strength,24,49,0.11070743203163147,0.06553769111633301,32244.0,0.11299405246973038,277,1
StandardGSGP,382c2a88-ad32-11ef-b40e-e4a8dfc2a9a8,concrete_strength,24,50,0.11070743203163147,0.06001448631286621,32482.0,0.11299405246973038,277,1
StandardGSGP,382c2a88-ad32-11ef-b40e-e4a8dfc2a9a8,concrete_strength,24,51,0.11070743203163147,0.06252574920654297,32626.0,0.11299405246973038,277,1
StandardGSGP,382c2a88-ad32-11ef-b40e-e4a8dfc2a9a8,concrete_strength,24,52,0.11070743203163147,0.06251835823059082,32940.0,0.11299405246973038,277,1
StandardGSGP,382c2a88-ad32-11ef-b40e-e4a8dfc2a9a8,concrete_strength,24,53,0.11070743203163147,0.06110262870788574,33716.0,0.11299405246973038,277,1
StandardGSGP,382c2a88-ad32-11ef-b40e-e4a8dfc2a9a8,concrete_strength,24,54,0.11070743203163147,0.05781102180480957,34176.0,0.11299405246973038,277,1
StandardGSGP,382c2a88-ad32-11ef-b40e-e4a8dfc2a9a8,concrete_strength,24,55,0.11070743203163147,0.06100296974182129,34274.0,0.11299405246973038,277,1
StandardGSGP,382c2a88-ad32-11ef-b40e-e4a8dfc2a9a8,concrete_strength,24,56,0.11070743203163147,0.06434059143066406,33458.0,0.11299405246973038,277,1
StandardGSGP,382c2a88-ad32-11ef-b40e-e4a8dfc2a9a8,concrete_strength,24,57,0.1105818971991539,0.0601651668548584,34580.0,0.11210131645202637,287,1
StandardGSGP,382c2a88-ad32-11ef-b40e-e4a8dfc2a9a8,concrete_strength,24,58,0.1105818971991539,0.05997276306152344,34954.0,0.11210131645202637,287,1
StandardGSGP,382c2a88-ad32-11ef-b40e-e4a8dfc2a9a8,concrete_strength,24,59,0.1105818971991539,0.06050586700439453,34878.0,0.11210131645202637,287,1
StandardGSGP,382c2a88-ad32-11ef-b40e-e4a8dfc2a9a8,concrete_strength,24,60,0.1105818971991539,0.06251001358032227,33490.0,0.11210131645202637,287,1
StandardGSGP,382c2a88-ad32-11ef-b40e-e4a8dfc2a9a8,concrete_strength,24,61,0.1105818971991539,0.05999445915222168,33820.0,0.11210131645202637,287,1
StandardGSGP,382c2a88-ad32-11ef-b40e-e4a8dfc2a9a8,concrete_strength,24,62,0.1105818971991539,0.06151151657104492,34388.0,0.11210131645202637,287,1
StandardGSGP,382c2a88-ad32-11ef-b40e-e4a8dfc2a9a8,concrete_strength,24,63,0.1105818971991539,0.06400156021118164,34504.0,0.11210131645202637,287,1
StandardGSGP,382c2a88-ad32-11ef-b40e-e4a8dfc2a9a8,concrete_strength,24,64,0.1105818971991539,0.05950498580932617,34966.0,0.11210131645202637,287,1
StandardGSGP,382c2a88-ad32-11ef-b40e-e4a8dfc2a9a8,concrete_strength,24,65,0.1105818971991539,0.06578636169433594,34888.0,0.11210131645202637,287,1
StandardGSGP,382c2a88-ad32-11ef-b40e-e4a8dfc2a9a8,concrete_strength,24,66,0.11023849248886108,0.06099510192871094,35074.0,0.11263055354356766,297,1
StandardGSGP,382c2a88-ad32-11ef-b40e-e4a8dfc2a9a8,concrete_strength,24,67,0.1064508855342865,0.06190896034240723,34898.0,0.11094040423631668,363,1
StandardGSGP,382c2a88-ad32-11ef-b40e-e4a8dfc2a9a8,concrete_strength,24,68,0.1064508855342865,0.06352519989013672,35362.0,0.11094040423631668,363,1
StandardGSGP,382c2a88-ad32-11ef-b40e-e4a8dfc2a9a8,concrete_strength,24,69,0.1064508855342865,0.060999393463134766,35158.0,0.11094040423631668,363,1
StandardGSGP,382c2a88-ad32-11ef-b40e-e4a8dfc2a9a8,concrete_strength,24,70,0.1064508855342865,0.06451678276062012,35538.0,0.11094040423631668,363,1
StandardGSGP,382c2a88-ad32-11ef-b40e-e4a8dfc2a9a8,concrete_strength,24,71,0.10550764203071594,0.0640568733215332,36732.0,0.11071108281612396,381,1
StandardGSGP,382c2a88-ad32-11ef-b40e-e4a8dfc2a9a8,concrete_strength,24,72,0.10456167906522751,0.06299495697021484,37330.0,0.11104799062013626,393,1
StandardGSGP,382c2a88-ad32-11ef-b40e-e4a8dfc2a9a8,concrete_strength,24,73,0.10456167906522751,0.05787086486816406,37568.0,0.11104799062013626,393,1
StandardGSGP,382c2a88-ad32-11ef-b40e-e4a8dfc2a9a8,concrete_strength,24,74,0.10456167906522751,0.0630033016204834,38504.0,0.11104799062013626,393,1
StandardGSGP,382c2a88-ad32-11ef-b40e-e4a8dfc2a9a8,concrete_strength,24,75,0.10456167906522751,0.06150650978088379,39022.0,0.11104799062013626,393,1
StandardGSGP,382c2a88-ad32-11ef-b40e-e4a8dfc2a9a8,concrete_strength,24,76,0.10456167906522751,0.06250786781311035,40734.0,0.11104799062013626,393,1
StandardGSGP,382c2a88-ad32-11ef-b40e-e4a8dfc2a9a8,concrete_strength,24,77,0.10456167906522751,0.06353998184204102,42000.0,0.11104799062013626,393,1
StandardGSGP,382c2a88-ad32-11ef-b40e-e4a8dfc2a9a8,concrete_strength,24,78,0.10456167906522751,0.059285640716552734,42706.0,0.11104799062013626,393,1
StandardGSGP,382c2a88-ad32-11ef-b40e-e4a8dfc2a9a8,concrete_strength,24,79,0.10456167906522751,0.0605165958404541,43122.0,0.11104799062013626,393,1
StandardGSGP,382c2a88-ad32-11ef-b40e-e4a8dfc2a9a8,concrete_strength,24,80,0.10456167906522751,0.06099987030029297,44130.0,0.11104799062013626,393,1
StandardGSGP,382c2a88-ad32-11ef-b40e-e4a8dfc2a9a8,concrete_strength,24,81,0.10456167906522751,0.0660858154296875,44100.0,0.11104799062013626,393,1
StandardGSGP,382c2a88-ad32-11ef-b40e-e4a8dfc2a9a8,concrete_strength,24,82,0.10456167906522751,0.06151008605957031,44766.0,0.11104799062013626,393,1
StandardGSGP,382c2a88-ad32-11ef-b40e-e4a8dfc2a9a8,concrete_strength,24,83,0.10390450805425644,0.059189796447753906,44876.0,0.10778268426656723,407,1
StandardGSGP,382c2a88-ad32-11ef-b40e-e4a8dfc2a9a8,concrete_strength,24,84,0.10390450805425644,0.0585172176361084,45010.0,0.10778268426656723,407,1
StandardGSGP,382c2a88-ad32-11ef-b40e-e4a8dfc2a9a8,concrete_strength,24,85,0.10390450805425644,0.05900096893310547,44542.0,0.10778268426656723,407,1
StandardGSGP,382c2a88-ad32-11ef-b40e-e4a8dfc2a9a8,concrete_strength,24,86,0.10390450805425644,0.061506032943725586,44594.0,0.10778268426656723,407,1
StandardGSGP,382c2a88-ad32-11ef-b40e-e4a8dfc2a9a8,concrete_strength,24,87,0.10390450805425644,0.06164145469665527,45288.0,0.10778268426656723,407,1
StandardGSGP,382c2a88-ad32-11ef-b40e-e4a8dfc2a9a8,concrete_strength,24,88,0.10390450805425644,0.05967593193054199,45542.0,0.10778268426656723,407,1
StandardGSGP,382c2a88-ad32-11ef-b40e-e4a8dfc2a9a8,concrete_strength,24,89,0.10390450805425644,0.06050872802734375,45692.0,0.10778268426656723,407,1
StandardGSGP,382c2a88-ad32-11ef-b40e-e4a8dfc2a9a8,concrete_strength,24,90,0.10382851958274841,0.06156802177429199,46056.0,0.11219046264886856,437,1
StandardGSGP,382c2a88-ad32-11ef-b40e-e4a8dfc2a9a8,concrete_strength,24,91,0.10382851958274841,0.06499934196472168,46156.0,0.11219046264886856,437,1
StandardGSGP,382c2a88-ad32-11ef-b40e-e4a8dfc2a9a8,concrete_strength,24,92,0.10354600846767426,0.06351065635681152,46248.0,0.11034179478883743,443,1
StandardGSGP,382c2a88-ad32-11ef-b40e-e4a8dfc2a9a8,concrete_strength,24,93,0.10354600846767426,0.06200242042541504,46804.0,0.11034179478883743,443,1
StandardGSGP,382c2a88-ad32-11ef-b40e-e4a8dfc2a9a8,concrete_strength,24,94,0.10353807359933853,0.05764055252075195,47428.0,0.11081366240978241,459,1
StandardGSGP,382c2a88-ad32-11ef-b40e-e4a8dfc2a9a8,concrete_strength,24,95,0.10342094302177429,0.0630190372467041,48242.0,0.11018665134906769,453,1
StandardGSGP,382c2a88-ad32-11ef-b40e-e4a8dfc2a9a8,concrete_strength,24,96,0.10342094302177429,0.06323361396789551,48344.0,0.11018665134906769,453,1
StandardGSGP,382c2a88-ad32-11ef-b40e-e4a8dfc2a9a8,concrete_strength,24,97,0.10342094302177429,0.061077117919921875,48882.0,0.11018665134906769,453,1
StandardGSGP,382c2a88-ad32-11ef-b40e-e4a8dfc2a9a8,concrete_strength,24,98,0.10342094302177429,0.06449222564697266,48958.0,0.11018665134906769,453,1
StandardGSGP,382c2a88-ad32-11ef-b40e-e4a8dfc2a9a8,concrete_strength,24,99,0.10342094302177429,0.06562542915344238,49338.0,0.11018665134906769,453,1
StandardGSGP,382c2a88-ad32-11ef-b40e-e4a8dfc2a9a8,concrete_strength,24,100,0.1034034788608551,0.058855533599853516,50110.0,0.11015891283750534,459,1
StandardGSGP,b68e0241-ad32-11ef-b40e-e4a8dfc2a9a8,concrete_strength,24,0,30.208127975463867,0.037262916564941406,880.0,31.273155212402344,7,1
StandardGSGP,b68e0241-ad32-11ef-b40e-e4a8dfc2a9a8,concrete_strength,24,1,29.78946876525879,0.06551241874694824,1582.0,30.83268928527832,17,1
StandardGSGP,b68e0241-ad32-11ef-b40e-e4a8dfc2a9a8,concrete_strength,24,2,29.664554595947266,0.06600236892700195,2440.0,30.69716453552246,23,1
StandardGSGP,b68e0241-ad32-11ef-b40e-e4a8dfc2a9a8,concrete_strength,24,3,29.377954483032227,0.06550860404968262,3234.0,30.41132926940918,31,1
StandardGSGP,b68e0241-ad32-11ef-b40e-e4a8dfc2a9a8,concrete_strength,24,4,28.996278762817383,0.06453418731689453,4144.0,30.003816604614258,51,1
StandardGSGP,b68e0241-ad32-11ef-b40e-e4a8dfc2a9a8,concrete_strength,24,5,28.72479820251465,0.06600666046142578,5258.0,29.744388580322266,43,1
StandardGSGP,b68e0241-ad32-11ef-b40e-e4a8dfc2a9a8,concrete_strength,24,6,28.083520889282227,0.06399106979370117,5966.0,29.07052993774414,55,1
StandardGSGP,b68e0241-ad32-11ef-b40e-e4a8dfc2a9a8,concrete_strength,24,7,27.87848663330078,0.06287789344787598,6850.0,28.808826446533203,67,1
StandardGSGP,b68e0241-ad32-11ef-b40e-e4a8dfc2a9a8,concrete_strength,24,8,27.539382934570312,0.06868219375610352,7464.0,28.481904983520508,89,1
StandardGSGP,b68e0241-ad32-11ef-b40e-e4a8dfc2a9a8,concrete_strength,24,9,27.035860061645508,0.07007241249084473,8252.0,27.93584442138672,79,1
StandardGSGP,b68e0241-ad32-11ef-b40e-e4a8dfc2a9a8,concrete_strength,24,10,26.892536163330078,0.06751537322998047,9176.0,27.792797088623047,91,1
StandardGSGP,b68e0241-ad32-11ef-b40e-e4a8dfc2a9a8,concrete_strength,24,11,26.338497161865234,0.06351590156555176,10244.0,27.22059440612793,107,1
StandardGSGP,b68e0241-ad32-11ef-b40e-e4a8dfc2a9a8,concrete_strength,24,12,26.182430267333984,0.05899930000305176,11200.0,27.048057556152344,113,1
StandardGSGP,b68e0241-ad32-11ef-b40e-e4a8dfc2a9a8,concrete_strength,24,13,25.681163787841797,0.06479692459106445,12340.0,26.53349494934082,127,1
StandardGSGP,b68e0241-ad32-11ef-b40e-e4a8dfc2a9a8,concrete_strength,24,14,25.41322135925293,0.06420207023620605,13276.0,26.247486114501953,127,1
StandardGSGP,b68e0241-ad32-11ef-b40e-e4a8dfc2a9a8,concrete_strength,24,15,25.034061431884766,0.0635061264038086,13984.0,25.859418869018555,129,1
StandardGSGP,b68e0241-ad32-11ef-b40e-e4a8dfc2a9a8,concrete_strength,24,16,24.75015640258789,0.06947875022888184,14838.0,25.54658317565918,145,1
StandardGSGP,b68e0241-ad32-11ef-b40e-e4a8dfc2a9a8,concrete_strength,24,17,24.691043853759766,0.07049751281738281,15608.0,25.512619018554688,165,1
StandardGSGP,b68e0241-ad32-11ef-b40e-e4a8dfc2a9a8,concrete_strength,24,18,24.109601974487305,0.06289267539978027,16164.0,24.903945922851562,167,1
StandardGSGP,b68e0241-ad32-11ef-b40e-e4a8dfc2a9a8,concrete_strength,24,19,23.934837341308594,0.07043051719665527,17120.0,24.723207473754883,179,1
StandardGSGP,b68e0241-ad32-11ef-b40e-e4a8dfc2a9a8,concrete_strength,24,20,23.43855094909668,0.06368875503540039,18066.0,24.209518432617188,193,1
StandardGSGP,b68e0241-ad32-11ef-b40e-e4a8dfc2a9a8,concrete_strength,24,21,23.18197250366211,0.06485319137573242,19108.0,23.935754776000977,201,1
StandardGSGP,b68e0241-ad32-11ef-b40e-e4a8dfc2a9a8,concrete_strength,24,22,22.5451602935791,0.06551003456115723,20172.0,23.28166961669922,207,1
StandardGSGP,b68e0241-ad32-11ef-b40e-e4a8dfc2a9a8,concrete_strength,24,23,22.5451602935791,0.06837701797485352,21166.0,23.28166961669922,207,1
StandardGSGP,b68e0241-ad32-11ef-b40e-e4a8dfc2a9a8,concrete_strength,24,24,22.395967483520508,0.06910276412963867,22286.0,23.123323440551758,223,1
StandardGSGP,b68e0241-ad32-11ef-b40e-e4a8dfc2a9a8,concrete_strength,24,25,22.124107360839844,0.07906627655029297,23272.0,22.813339233398438,235,1
StandardGSGP,b68e0241-ad32-11ef-b40e-e4a8dfc2a9a8,concrete_strength,24,26,21.982545852661133,0.0703120231628418,24300.0,22.68159294128418,255,1
StandardGSGP,b68e0241-ad32-11ef-b40e-e4a8dfc2a9a8,concrete_strength,24,27,21.487680435180664,0.06751751899719238,25454.0,22.133743286132812,261,1
StandardGSGP,b68e0241-ad32-11ef-b40e-e4a8dfc2a9a8,concrete_strength,24,28,21.275283813476562,0.06432247161865234,26472.0,21.919309616088867,259,1
StandardGSGP,b68e0241-ad32-11ef-b40e-e4a8dfc2a9a8,concrete_strength,24,29,20.855714797973633,0.06805300712585449,27514.0,21.46891975402832,265,1
StandardGSGP,b68e0241-ad32-11ef-b40e-e4a8dfc2a9a8,concrete_strength,24,30,20.726736068725586,0.06650948524475098,28544.0,21.29435920715332,283,1
StandardGSGP,b68e0241-ad32-11ef-b40e-e4a8dfc2a9a8,concrete_strength,24,31,20.564210891723633,0.0670006275177002,29226.0,21.147680282592773,287,1
StandardGSGP,b68e0241-ad32-11ef-b40e-e4a8dfc2a9a8,concrete_strength,24,32,20.208452224731445,0.06960892677307129,29874.0,20.732559204101562,305,1
StandardGSGP,b68e0241-ad32-11ef-b40e-e4a8dfc2a9a8,concrete_strength,24,33,19.914318084716797,0.07149219512939453,30578.0,20.42300796508789,311,1
StandardGSGP,b68e0241-ad32-11ef-b40e-e4a8dfc2a9a8,concrete_strength,24,34,19.743202209472656,0.07626843452453613,31694.0,20.229047775268555,319,1
StandardGSGP,b68e0241-ad32-11ef-b40e-e4a8dfc2a9a8,concrete_strength,24,35,19.386808395385742,0.06351232528686523,32636.0,19.836000442504883,325,1
StandardGSGP,b68e0241-ad32-11ef-b40e-e4a8dfc2a9a8,concrete_strength,24,36,19.08966827392578,0.07003378868103027,33760.0,19.50196647644043,333,1
StandardGSGP,b68e0241-ad32-11ef-b40e-e4a8dfc2a9a8,concrete_strength,24,37,19.01698112487793,0.06573796272277832,34612.0,19.428855895996094,339,1
StandardGSGP,b68e0241-ad32-11ef-b40e-e4a8dfc2a9a8,concrete_strength,24,38,18.89346694946289,0.06594491004943848,35460.0,19.27474594116211,357,1
StandardGSGP,b68e0241-ad32-11ef-b40e-e4a8dfc2a9a8,concrete_strength,24,39,18.581836700439453,0.06708121299743652,36300.0,18.942554473876953,357,1
StandardGSGP,b68e0241-ad32-11ef-b40e-e4a8dfc2a9a8,concrete_strength,24,40,18.560937881469727,0.06981611251831055,37386.0,18.912498474121094,365,1
StandardGSGP,b68e0241-ad32-11ef-b40e-e4a8dfc2a9a8,concrete_strength,24,41,18.239093780517578,0.06698107719421387,37888.0,18.53557777404785,379,1
StandardGSGP,b68e0241-ad32-11ef-b40e-e4a8dfc2a9a8,concrete_strength,24,42,18.044099807739258,0.06678056716918945,38616.0,18.325355529785156,395,1
StandardGSGP,b68e0241-ad32-11ef-b40e-e4a8dfc2a9a8,concrete_strength,24,43,17.856504440307617,0.0644540786743164,39734.0,18.10723876953125,413,1
StandardGSGP,b68e0241-ad32-11ef-b40e-e4a8dfc2a9a8,concrete_strength,24,44,17.745012283325195,0.06447625160217285,40556.0,17.977935791015625,425,1
StandardGSGP,b68e0241-ad32-11ef-b40e-e4a8dfc2a9a8,concrete_strength,24,45,17.5743408203125,0.06550717353820801,41658.0,17.758804321289062,413,1
StandardGSGP,b68e0241-ad32-11ef-b40e-e4a8dfc2a9a8,concrete_strength,24,46,17.45603370666504,0.06398200988769531,43024.0,17.636934280395508,421,1
StandardGSGP,b68e0241-ad32-11ef-b40e-e4a8dfc2a9a8,concrete_strength,24,47,17.265785217285156,0.06557774543762207,44172.0,17.41701889038086,447,1
StandardGSGP,b68e0241-ad32-11ef-b40e-e4a8dfc2a9a8,concrete_strength,24,48,17.143604278564453,0.06856203079223633,44888.0,17.259157180786133,451,1
StandardGSGP,b68e0241-ad32-11ef-b40e-e4a8dfc2a9a8,concrete_strength,24,49,16.935985565185547,0.07002472877502441,45592.0,17.010025024414062,465,1
StandardGSGP,b68e0241-ad32-11ef-b40e-e4a8dfc2a9a8,concrete_strength,24,50,16.729833602905273,0.06400132179260254,46432.0,16.725366592407227,465,1
StandardGSGP,b68e0241-ad32-11ef-b40e-e4a8dfc2a9a8,concrete_strength,24,51,16.566181182861328,0.07088208198547363,47658.0,16.506996154785156,473,1
StandardGSGP,b68e0241-ad32-11ef-b40e-e4a8dfc2a9a8,concrete_strength,24,52,16.327960968017578,0.07151150703430176,48580.0,16.17867088317871,481,1
StandardGSGP,b68e0241-ad32-11ef-b40e-e4a8dfc2a9a8,concrete_strength,24,53,16.303768157958984,0.0650031566619873,49362.0,16.156578063964844,487,1
StandardGSGP,b68e0241-ad32-11ef-b40e-e4a8dfc2a9a8,concrete_strength,24,54,16.118553161621094,0.06382942199707031,50026.0,15.873287200927734,497,1
StandardGSGP,b68e0241-ad32-11ef-b40e-e4a8dfc2a9a8,concrete_strength,24,55,16.080121994018555,0.06623435020446777,51078.0,15.861985206604004,509,1
StandardGSGP,b68e0241-ad32-11ef-b40e-e4a8dfc2a9a8,concrete_strength,24,56,15.945845603942871,0.06500911712646484,51852.0,15.647061347961426,503,1
StandardGSGP,b68e0241-ad32-11ef-b40e-e4a8dfc2a9a8,concrete_strength,24,57,15.845412254333496,0.06650900840759277,52594.0,15.562355041503906,533,1
StandardGSGP,b68e0241-ad32-11ef-b40e-e4a8dfc2a9a8,concrete_strength,24,58,15.788825035095215,0.06550216674804688,53250.0,15.421955108642578,545,1
StandardGSGP,b68e0241-ad32-11ef-b40e-e4a8dfc2a9a8,concrete_strength,24,59,15.716196060180664,0.06780385971069336,54000.0,15.456101417541504,553,1
StandardGSGP,b68e0241-ad32-11ef-b40e-e4a8dfc2a9a8,concrete_strength,24,60,15.610840797424316,0.0695047378540039,55346.0,15.314765930175781,563,1
StandardGSGP,b68e0241-ad32-11ef-b40e-e4a8dfc2a9a8,concrete_strength,24,61,15.60287857055664,0.06563568115234375,56662.0,15.295019149780273,573,1
StandardGSGP,b68e0241-ad32-11ef-b40e-e4a8dfc2a9a8,concrete_strength,24,62,15.516441345214844,0.06651115417480469,57698.0,15.160388946533203,587,1
StandardGSGP,b68e0241-ad32-11ef-b40e-e4a8dfc2a9a8,concrete_strength,24,63,15.472600936889648,0.06740880012512207,58730.0,14.998047828674316,577,1
StandardGSGP,b68e0241-ad32-11ef-b40e-e4a8dfc2a9a8,concrete_strength,24,64,15.40106201171875,0.06682443618774414,59508.0,14.967464447021484,583,1
StandardGSGP,b68e0241-ad32-11ef-b40e-e4a8dfc2a9a8,concrete_strength,24,65,15.366955757141113,0.06844735145568848,60202.0,14.904102325439453,605,1
StandardGSGP,b68e0241-ad32-11ef-b40e-e4a8dfc2a9a8,concrete_strength,24,66,15.338829040527344,0.06699800491333008,60606.0,14.869417190551758,607,1
StandardGSGP,b68e0241-ad32-11ef-b40e-e4a8dfc2a9a8,concrete_strength,24,67,15.326859474182129,0.06667041778564453,61144.0,14.834424018859863,619,1
StandardGSGP,b68e0241-ad32-11ef-b40e-e4a8dfc2a9a8,concrete_strength,24,68,15.304621696472168,0.144514799118042,61918.0,14.894749641418457,619,1
StandardGSGP,b68e0241-ad32-11ef-b40e-e4a8dfc2a9a8,concrete_strength,24,69,15.226304054260254,0.06519818305969238,62938.0,14.768402099609375,631,1
StandardGSGP,b68e0241-ad32-11ef-b40e-e4a8dfc2a9a8,concrete_strength,24,70,15.226304054260254,0.07351899147033691,64038.0,14.768402099609375,631,1
StandardGSGP,b68e0241-ad32-11ef-b40e-e4a8dfc2a9a8,concrete_strength,24,71,15.19789981842041,0.07000494003295898,64848.0,14.653514862060547,647,1
StandardGSGP,b68e0241-ad32-11ef-b40e-e4a8dfc2a9a8,concrete_strength,24,72,15.158443450927734,0.06960344314575195,65594.0,14.750639915466309,647,1
StandardGSGP,b68e0241-ad32-11ef-b40e-e4a8dfc2a9a8,concrete_strength,24,73,15.145062446594238,0.0700523853302002,66544.0,14.710603713989258,655,1
StandardGSGP,b68e0241-ad32-11ef-b40e-e4a8dfc2a9a8,concrete_strength,24,74,15.088207244873047,0.06697368621826172,67132.0,14.653753280639648,663,1
StandardGSGP,b68e0241-ad32-11ef-b40e-e4a8dfc2a9a8,concrete_strength,24,75,15.0867280960083,0.07165050506591797,67584.0,14.66768741607666,671,1
StandardGSGP,b68e0241-ad32-11ef-b40e-e4a8dfc2a9a8,concrete_strength,24,76,15.011309623718262,0.06697988510131836,68212.0,14.553930282592773,695,1
StandardGSGP,b68e0241-ad32-11ef-b40e-e4a8dfc2a9a8,concrete_strength,24,77,14.983469009399414,0.06601643562316895,69264.0,14.603806495666504,681,1
StandardGSGP,b68e0241-ad32-11ef-b40e-e4a8dfc2a9a8,concrete_strength,24,78,14.919109344482422,0.06950974464416504,70430.0,14.546247482299805,695,1
StandardGSGP,b68e0241-ad32-11ef-b40e-e4a8dfc2a9a8,concrete_strength,24,79,14.86932373046875,0.06399989128112793,70734.0,14.502826690673828,703,1
StandardGSGP,b68e0241-ad32-11ef-b40e-e4a8dfc2a9a8,concrete_strength,24,80,14.824934959411621,0.06702136993408203,70992.0,14.414546966552734,711,1
StandardGSGP,b68e0241-ad32-11ef-b40e-e4a8dfc2a9a8,concrete_strength,24,81,14.812239646911621,0.06839156150817871,71672.0,14.46955680847168,729,1
StandardGSGP,b68e0241-ad32-11ef-b40e-e4a8dfc2a9a8,concrete_strength,24,82,14.768941879272461,0.06769490242004395,72586.0,14.384593963623047,725,1
StandardGSGP,b68e0241-ad32-11ef-b40e-e4a8dfc2a9a8,concrete_strength,24,83,14.659005165100098,0.06469988822937012,73752.0,14.241626739501953,747,1
StandardGSGP,b68e0241-ad32-11ef-b40e-e4a8dfc2a9a8,concrete_strength,24,84,14.658285140991211,0.0689694881439209,74852.0,14.2420015335083,753,1
StandardGSGP,b68e0241-ad32-11ef-b40e-e4a8dfc2a9a8,concrete_strength,24,85,14.56754207611084,0.06519556045532227,75766.0,14.23773193359375,759,1
StandardGSGP,b68e0241-ad32-11ef-b40e-e4a8dfc2a9a8,concrete_strength,24,86,14.561389923095703,0.06650900840759277,76858.0,14.177326202392578,771,1
StandardGSGP,b68e0241-ad32-11ef-b40e-e4a8dfc2a9a8,concrete_strength,24,87,14.474339485168457,0.06851077079772949,77832.0,14.135458946228027,765,1
StandardGSGP,b68e0241-ad32-11ef-b40e-e4a8dfc2a9a8,concrete_strength,24,88,14.474339485168457,0.06831860542297363,78554.0,14.135458946228027,765,1
StandardGSGP,b68e0241-ad32-11ef-b40e-e4a8dfc2a9a8,concrete_strength,24,89,14.462103843688965,0.06716561317443848,79226.0,14.113197326660156,773,1
StandardGSGP,b68e0241-ad32-11ef-b40e-e4a8dfc2a9a8,concrete_strength,24,90,14.437064170837402,0.06528997421264648,79866.0,14.054523468017578,771,1
StandardGSGP,b68e0241-ad32-11ef-b40e-e4a8dfc2a9a8,concrete_strength,24,91,14.378552436828613,0.06453418731689453,80304.0,14.022367477416992,811,1
StandardGSGP,b68e0241-ad32-11ef-b40e-e4a8dfc2a9a8,concrete_strength,24,92,14.360638618469238,0.07458281517028809,80926.0,13.980121612548828,819,1
StandardGSGP,b68e0241-ad32-11ef-b40e-e4a8dfc2a9a8,concrete_strength,24,93,14.331696510314941,0.06775856018066406,81962.0,14.008544921875,829,1
StandardGSGP,b68e0241-ad32-11ef-b40e-e4a8dfc2a9a8,concrete_strength,24,94,14.30091381072998,0.06351232528686523,83142.0,13.964410781860352,845,1
StandardGSGP,b68e0241-ad32-11ef-b40e-e4a8dfc2a9a8,concrete_strength,24,95,14.297100067138672,0.06535005569458008,84232.0,13.961033821105957,851,1
StandardGSGP,b68e0241-ad32-11ef-b40e-e4a8dfc2a9a8,concrete_strength,24,96,14.27456283569336,0.06604671478271484,85476.0,13.845645904541016,861,1
StandardGSGP,b68e0241-ad32-11ef-b40e-e4a8dfc2a9a8,concrete_strength,24,97,14.248950004577637,0.0681600570678711,86824.0,13.919893264770508,881,1
StandardGSGP,b68e0241-ad32-11ef-b40e-e4a8dfc2a9a8,concrete_strength,24,98,14.236950874328613,0.07489633560180664,88118.0,13.891202926635742,887,1
StandardGSGP,b68e0241-ad32-11ef-b40e-e4a8dfc2a9a8,concrete_strength,24,99,14.151998519897461,0.06833124160766602,89362.0,13.855106353759766,899,1
StandardGSGP,b68e0241-ad32-11ef-b40e-e4a8dfc2a9a8,concrete_strength,24,100,14.149895668029785,0.06650996208190918,90310.0,13.853524208068848,913,1
