StandardGSGP,1cab302d-ad32-11ef-a934-e4a8dfc2a9a8,concrete_strength,17,0,0.22622211277484894,0.0399785041809082,880.0,0.2261728197336197,5,1
StandardGSGP,1cab302d-ad32-11ef-a934-e4a8dfc2a9a8,concrete_strength,17,1,0.22541558742523193,0.058628082275390625,1470.0,0.2238529473543167,13,1
StandardGSGP,1cab302d-ad32-11ef-a934-e4a8dfc2a9a8,concrete_strength,17,2,0.2038983404636383,0.06150507926940918,2224.0,0.20310468971729279,23,1
StandardGSGP,1cab302d-ad32-11ef-a934-e4a8dfc2a9a8,concrete_strength,17,3,0.18874603509902954,0.06250619888305664,2990.0,0.18193110823631287,27,1
StandardGSGP,1cab302d-ad32-11ef-a934-e4a8dfc2a9a8,concrete_strength,17,4,0.18272098898887634,0.0588226318359375,3712.0,0.1786818504333496,33,1
StandardGSGP,1cab302d-ad32-11ef-a934-e4a8dfc2a9a8,concrete_strength,17,5,0.1746055632829666,0.06625771522521973,4660.0,0.18242822587490082,49,1
StandardGSGP,1cab302d-ad32-11ef-a934-e4a8dfc2a9a8,concrete_strength,17,6,0.1746055632829666,0.062003135681152344,5666.0,0.18242822587490082,49,1
StandardGSGP,1cab302d-ad32-11ef-a934-e4a8dfc2a9a8,concrete_strength,17,7,0.16862069070339203,0.06551766395568848,6608.0,0.16413196921348572,67,1
StandardGSGP,1cab302d-ad32-11ef-a934-e4a8dfc2a9a8,concrete_strength,17,8,0.1573944389820099,0.06200432777404785,7428.0,0.15931808948516846,61,1
StandardGSGP,1cab302d-ad32-11ef-a934-e4a8dfc2a9a8,concrete_strength,17,9,0.1497265249490738,0.0635077953338623,8190.0,0.146827831864357,75,1
StandardGSGP,1cab302d-ad32-11ef-a934-e4a8dfc2a9a8,concrete_strength,17,10,0.1497265249490738,0.06151294708251953,8842.0,0.146827831864357,75,1
StandardGSGP,1cab302d-ad32-11ef-a934-e4a8dfc2a9a8,concrete_strength,17,11,0.1497265249490738,0.06220197677612305,9566.0,0.146827831864357,75,1
StandardGSGP,1cab302d-ad32-11ef-a934-e4a8dfc2a9a8,concrete_strength,17,12,0.14453375339508057,0.06391048431396484,10104.0,0.14350706338882446,83,1
StandardGSGP,1cab302d-ad32-11ef-a934-e4a8dfc2a9a8,concrete_strength,17,13,0.14453375339508057,0.07150554656982422,10770.0,0.14350706338882446,83,1
StandardGSGP,1cab302d-ad32-11ef-a934-e4a8dfc2a9a8,concrete_strength,17,14,0.14453375339508057,0.0643320083618164,11412.0,0.14350706338882446,83,1
StandardGSGP,1cab302d-ad32-11ef-a934-e4a8dfc2a9a8,concrete_strength,17,15,0.14292719960212708,0.06296586990356445,11978.0,0.13917846977710724,89,1
StandardGSGP,1cab302d-ad32-11ef-a934-e4a8dfc2a9a8,concrete_strength,17,16,0.14287877082824707,0.06551480293273926,12394.0,0.13683246076107025,117,1
StandardGSGP,1cab302d-ad32-11ef-a934-e4a8dfc2a9a8,concrete_strength,17,17,0.14287877082824707,0.05811190605163574,12916.0,0.13683246076107025,117,1
StandardGSGP,1cab302d-ad32-11ef-a934-e4a8dfc2a9a8,concrete_strength,17,18,0.1425490528345108,0.059240102767944336,13416.0,0.14117710292339325,103,1
StandardGSGP,1cab302d-ad32-11ef-a934-e4a8dfc2a9a8,concrete_strength,17,19,0.14077115058898926,0.060549020767211914,13438.0,0.13831530511379242,111,1
StandardGSGP,1cab302d-ad32-11ef-a934-e4a8dfc2a9a8,concrete_strength,17,20,0.13879293203353882,0.05799746513366699,14676.0,0.1356661170721054,117,1
StandardGSGP,1cab302d-ad32-11ef-a934-e4a8dfc2a9a8,concrete_strength,17,21,0.1387401968240738,0.060511112213134766,15536.0,0.13561400771141052,131,1
StandardGSGP,1cab302d-ad32-11ef-a934-e4a8dfc2a9a8,concrete_strength,17,22,0.13730856776237488,0.0632472038269043,16190.0,0.13226290047168732,139,1
StandardGSGP,1cab302d-ad32-11ef-a934-e4a8dfc2a9a8,concrete_strength,17,23,0.1368430107831955,0.0633246898651123,16626.0,0.13160280883312225,151,1
StandardGSGP,1cab302d-ad32-11ef-a934-e4a8dfc2a9a8,concrete_strength,17,24,0.1368430107831955,0.059515953063964844,16736.0,0.13160280883312225,151,1
StandardGSGP,1cab302d-ad32-11ef-a934-e4a8dfc2a9a8,concrete_strength,17,25,0.1368430107831955,0.06267356872558594,16882.0,0.13160280883312225,151,1
StandardGSGP,1cab302d-ad32-11ef-a934-e4a8dfc2a9a8,concrete_strength,17,26,0.13610590994358063,0.05974245071411133,17878.0,0.131902813911438,157,1
StandardGSGP,1cab302d-ad32-11ef-a934-e4a8dfc2a9a8,concrete_strength,17,27,0.13610590994358063,0.0661778450012207,18550.0,0.131902813911438,157,1
StandardGSGP,1cab302d-ad32-11ef-a934-e4a8dfc2a9a8,concrete_strength,17,28,0.13610590994358063,0.0607304573059082,19164.0,0.131902813911438,157,1
StandardGSGP,1cab302d-ad32-11ef-a934-e4a8dfc2a9a8,concrete_strength,17,29,0.13610590994358063,0.06512594223022461,20376.0,0.131902813911438,157,1
StandardGSGP,1cab302d-ad32-11ef-a934-e4a8dfc2a9a8,concrete_strength,17,30,0.13610590994358063,0.0680689811706543,21024.0,0.131902813911438,157,1
StandardGSGP,1cab302d-ad32-11ef-a934-e4a8dfc2a9a8,concrete_strength,17,31,0.13610590994358063,0.05897784233093262,21574.0,0.131902813911438,157,1
StandardGSGP,1cab302d-ad32-11ef-a934-e4a8dfc2a9a8,concrete_strength,17,32,0.13610590994358063,0.061541080474853516,21056.0,0.131902813911438,157,1
StandardGSGP,1cab302d-ad32-11ef-a934-e4a8dfc2a9a8,concrete_strength,17,33,0.13610590994358063,0.06735563278198242,21876.0,0.131902813911438,157,1
StandardGSGP,1cab302d-ad32-11ef-a934-e4a8dfc2a9a8,concrete_strength,17,34,0.13610590994358063,0.06000018119812012,22186.0,0.131902813911438,157,1
StandardGSGP,1cab302d-ad32-11ef-a934-e4a8dfc2a9a8,concrete_strength,17,35,0.13610590994358063,0.06451034545898438,23028.0,0.131902813911438,157,1
StandardGSGP,1cab302d-ad32-11ef-a934-e4a8dfc2a9a8,concrete_strength,17,36,0.13610590994358063,0.060190439224243164,22692.0,0.131902813911438,157,1
StandardGSGP,1cab302d-ad32-11ef-a934-e4a8dfc2a9a8,concrete_strength,17,37,0.13610590994358063,0.06658053398132324,22140.0,0.131902813911438,157,1
StandardGSGP,1cab302d-ad32-11ef-a934-e4a8dfc2a9a8,concrete_strength,17,38,0.13610590994358063,0.0645287036895752,21984.0,0.131902813911438,157,1
StandardGSGP,1cab302d-ad32-11ef-a934-e4a8dfc2a9a8,concrete_strength,17,39,0.13610590994358063,0.06000542640686035,21764.0,0.131902813911438,157,1
StandardGSGP,1cab302d-ad32-11ef-a934-e4a8dfc2a9a8,concrete_strength,17,40,0.13610590994358063,0.05852985382080078,22442.0,0.131902813911438,157,1
StandardGSGP,1cab302d-ad32-11ef-a934-e4a8dfc2a9a8,concrete_strength,17,41,0.13610590994358063,0.06452775001525879,23364.0,0.131902813911438,157,1
StandardGSGP,1cab302d-ad32-11ef-a934-e4a8dfc2a9a8,concrete_strength,17,42,0.13610590994358063,0.06400060653686523,23438.0,0.131902813911438,157,1
StandardGSGP,1cab302d-ad32-11ef-a934-e4a8dfc2a9a8,concrete_strength,17,43,0.13552962243556976,0.0615239143371582,23148.0,0.13066346943378448,191,1
StandardGSGP,1cab302d-ad32-11ef-a934-e4a8dfc2a9a8,concrete_strength,17,44,0.13549938797950745,0.07050919532775879,23508.0,0.13064005970954895,201,1
StandardGSGP,1cab302d-ad32-11ef-a934-e4a8dfc2a9a8,concrete_strength,17,45,0.13446512818336487,0.06200075149536133,24296.0,0.1290062665939331,197,1
StandardGSGP,1cab302d-ad32-11ef-a934-e4a8dfc2a9a8,concrete_strength,17,46,0.13446512818336487,0.056511640548706055,25064.0,0.1290062665939331,197,1
StandardGSGP,1cab302d-ad32-11ef-a934-e4a8dfc2a9a8,concrete_strength,17,47,0.13446512818336487,0.13351726531982422,24508.0,0.1290062665939331,197,1
StandardGSGP,1cab302d-ad32-11ef-a934-e4a8dfc2a9a8,concrete_strength,17,48,0.1343008130788803,0.06215476989746094,24836.0,0.13117380440235138,223,1
StandardGSGP,1cab302d-ad32-11ef-a934-e4a8dfc2a9a8,concrete_strength,17,49,0.13334843516349792,0.06155061721801758,25190.0,0.13074131309986115,211,1
StandardGSGP,1cab302d-ad32-11ef-a934-e4a8dfc2a9a8,concrete_strength,17,50,0.13334843516349792,0.059769630432128906,24808.0,0.13074131309986115,211,1
StandardGSGP,1cab302d-ad32-11ef-a934-e4a8dfc2a9a8,concrete_strength,17,51,0.13317963480949402,0.06261301040649414,24798.0,0.13491350412368774,223,1
StandardGSGP,1cab302d-ad32-11ef-a934-e4a8dfc2a9a8,concrete_strength,17,52,0.13317963480949402,0.06161212921142578,25524.0,0.13491350412368774,223,1
StandardGSGP,1cab302d-ad32-11ef-a934-e4a8dfc2a9a8,concrete_strength,17,53,0.13317963480949402,0.06250238418579102,26470.0,0.13491350412368774,223,1
StandardGSGP,1cab302d-ad32-11ef-a934-e4a8dfc2a9a8,concrete_strength,17,54,0.13317963480949402,0.05952048301696777,26302.0,0.13491350412368774,223,1
StandardGSGP,1cab302d-ad32-11ef-a934-e4a8dfc2a9a8,concrete_strength,17,55,0.12092367559671402,0.060169219970703125,26560.0,0.11942670494318008,243,1
StandardGSGP,1cab302d-ad32-11ef-a934-e4a8dfc2a9a8,concrete_strength,17,56,0.12092367559671402,0.06142473220825195,26494.0,0.11942670494318008,243,1
StandardGSGP,1cab302d-ad32-11ef-a934-e4a8dfc2a9a8,concrete_strength,17,57,0.12092367559671402,0.059507131576538086,26846.0,0.11942670494318008,243,1
StandardGSGP,1cab302d-ad32-11ef-a934-e4a8dfc2a9a8,concrete_strength,17,58,0.12092367559671402,0.06100058555603027,27370.0,0.11942670494318008,243,1
StandardGSGP,1cab302d-ad32-11ef-a934-e4a8dfc2a9a8,concrete_strength,17,59,0.12064649164676666,0.05836343765258789,28058.0,0.1169925108551979,249,1
StandardGSGP,1cab302d-ad32-11ef-a934-e4a8dfc2a9a8,concrete_strength,17,60,0.12062455713748932,0.06163811683654785,28592.0,0.11689536273479462,255,1
StandardGSGP,1cab302d-ad32-11ef-a934-e4a8dfc2a9a8,concrete_strength,17,61,0.12062455713748932,0.059500694274902344,29400.0,0.11689536273479462,255,1
StandardGSGP,1cab302d-ad32-11ef-a934-e4a8dfc2a9a8,concrete_strength,17,62,0.12062455713748932,0.05750870704650879,30006.0,0.11689536273479462,255,1
StandardGSGP,1cab302d-ad32-11ef-a934-e4a8dfc2a9a8,concrete_strength,17,63,0.12062455713748932,0.06623077392578125,30696.0,0.11689536273479462,255,1
StandardGSGP,1cab302d-ad32-11ef-a934-e4a8dfc2a9a8,concrete_strength,17,64,0.12062455713748932,0.06251406669616699,30660.0,0.11689536273479462,255,1
StandardGSGP,1cab302d-ad32-11ef-a934-e4a8dfc2a9a8,concrete_strength,17,65,0.12062455713748932,0.06350874900817871,30820.0,0.11689536273479462,255,1
StandardGSGP,1cab302d-ad32-11ef-a934-e4a8dfc2a9a8,concrete_strength,17,66,0.12062455713748932,0.06200003623962402,31126.0,0.11689536273479462,255,1
StandardGSGP,1cab302d-ad32-11ef-a934-e4a8dfc2a9a8,concrete_strength,17,67,0.12062455713748932,0.06151008605957031,31016.0,0.11689536273479462,255,1
StandardGSGP,1cab302d-ad32-11ef-a934-e4a8dfc2a9a8,concrete_strength,17,68,0.12062455713748932,0.06200361251831055,30896.0,0.11689536273479462,255,1
StandardGSGP,1cab302d-ad32-11ef-a934-e4a8dfc2a9a8,concrete_strength,17,69,0.12062455713748932,0.06150484085083008,31230.0,0.11689536273479462,255,1
StandardGSGP,1cab302d-ad32-11ef-a934-e4a8dfc2a9a8,concrete_strength,17,70,0.12062455713748932,0.061611175537109375,31514.0,0.11689536273479462,255,1
StandardGSGP,1cab302d-ad32-11ef-a934-e4a8dfc2a9a8,concrete_strength,17,71,0.12049771100282669,0.06603145599365234,31932.0,0.11635249108076096,271,1
StandardGSGP,1cab302d-ad32-11ef-a934-e4a8dfc2a9a8,concrete_strength,17,72,0.1202964037656784,0.06150460243225098,31392.0,0.11551931500434875,267,1
StandardGSGP,1cab302d-ad32-11ef-a934-e4a8dfc2a9a8,concrete_strength,17,73,0.1202964037656784,0.0595242977142334,30532.0,0.11551931500434875,267,1
StandardGSGP,1cab302d-ad32-11ef-a934-e4a8dfc2a9a8,concrete_strength,17,74,0.12005997449159622,0.06151247024536133,30102.0,0.11746667325496674,275,1
StandardGSGP,1cab302d-ad32-11ef-a934-e4a8dfc2a9a8,concrete_strength,17,75,0.12005997449159622,0.06085705757141113,30552.0,0.11746667325496674,275,1
StandardGSGP,1cab302d-ad32-11ef-a934-e4a8dfc2a9a8,concrete_strength,17,76,0.12005997449159622,0.06111574172973633,30758.0,0.11746667325496674,275,1
StandardGSGP,1cab302d-ad32-11ef-a934-e4a8dfc2a9a8,concrete_strength,17,77,0.12005997449159622,0.06155085563659668,31458.0,0.11746667325496674,275,1
StandardGSGP,1cab302d-ad32-11ef-a934-e4a8dfc2a9a8,concrete_strength,17,78,0.12005997449159622,0.06251144409179688,32016.0,0.11746667325496674,275,1
StandardGSGP,1cab302d-ad32-11ef-a934-e4a8dfc2a9a8,concrete_strength,17,79,0.12005997449159622,0.0685114860534668,32062.0,0.11746667325496674,275,1
StandardGSGP,1cab302d-ad32-11ef-a934-e4a8dfc2a9a8,concrete_strength,17,80,0.11986767500638962,0.05901217460632324,32584.0,0.11693446338176727,281,1
StandardGSGP,1cab302d-ad32-11ef-a934-e4a8dfc2a9a8,concrete_strength,17,81,0.11986767500638962,0.06705999374389648,33506.0,0.11693446338176727,281,1
StandardGSGP,1cab302d-ad32-11ef-a934-e4a8dfc2a9a8,concrete_strength,17,82,0.11933574825525284,0.061174631118774414,33930.0,0.11881708353757858,353,1
StandardGSGP,1cab302d-ad32-11ef-a934-e4a8dfc2a9a8,concrete_strength,17,83,0.11933574825525284,0.05750775337219238,35248.0,0.11881708353757858,353,1
StandardGSGP,1cab302d-ad32-11ef-a934-e4a8dfc2a9a8,concrete_strength,17,84,0.11933574825525284,0.06395816802978516,34990.0,0.11881708353757858,353,1
StandardGSGP,1cab302d-ad32-11ef-a934-e4a8dfc2a9a8,concrete_strength,17,85,0.11906763911247253,0.05860495567321777,35156.0,0.11798179894685745,329,1
StandardGSGP,1cab302d-ad32-11ef-a934-e4a8dfc2a9a8,concrete_strength,17,86,0.11906763911247253,0.06584692001342773,35474.0,0.11798179894685745,329,1
StandardGSGP,1cab302d-ad32-11ef-a934-e4a8dfc2a9a8,concrete_strength,17,87,0.11901213228702545,0.058795928955078125,36366.0,0.11794964969158173,337,1
StandardGSGP,1cab302d-ad32-11ef-a934-e4a8dfc2a9a8,concrete_strength,17,88,0.11815521121025085,0.05972576141357422,36816.0,0.11777930706739426,357,1
StandardGSGP,1cab302d-ad32-11ef-a934-e4a8dfc2a9a8,concrete_strength,17,89,0.11812161654233932,0.0592498779296875,37050.0,0.11782168596982956,367,1
StandardGSGP,1cab302d-ad32-11ef-a934-e4a8dfc2a9a8,concrete_strength,17,90,0.11812161654233932,0.058917999267578125,37584.0,0.11782168596982956,367,1
StandardGSGP,1cab302d-ad32-11ef-a934-e4a8dfc2a9a8,concrete_strength,17,91,0.11800975352525711,0.05950427055358887,38080.0,0.11760447919368744,375,1
StandardGSGP,1cab302d-ad32-11ef-a934-e4a8dfc2a9a8,concrete_strength,17,92,0.11800975352525711,0.05950927734375,38630.0,0.11760447919368744,375,1
StandardGSGP,1cab302d-ad32-11ef-a934-e4a8dfc2a9a8,concrete_strength,17,93,0.1170586496591568,0.05906057357788086,39194.0,0.11810072511434555,373,1
StandardGSGP,1cab302d-ad32-11ef-a934-e4a8dfc2a9a8,concrete_strength,17,94,0.11663669347763062,0.058721303939819336,39862.0,0.12035010755062103,387,1
StandardGSGP,1cab302d-ad32-11ef-a934-e4a8dfc2a9a8,concrete_strength,17,95,0.11600849777460098,0.06261610984802246,40248.0,0.118709035217762,393,1
StandardGSGP,1cab302d-ad32-11ef-a934-e4a8dfc2a9a8,concrete_strength,17,96,0.11600849777460098,0.058370351791381836,40814.0,0.118709035217762,393,1
StandardGSGP,1cab302d-ad32-11ef-a934-e4a8dfc2a9a8,concrete_strength,17,97,0.11600849777460098,0.060506582260131836,41102.0,0.118709035217762,393,1
StandardGSGP,1cab302d-ad32-11ef-a934-e4a8dfc2a9a8,concrete_strength,17,98,0.11571203172206879,0.06199812889099121,41546.0,0.11578692495822906,407,1
StandardGSGP,1cab302d-ad32-11ef-a934-e4a8dfc2a9a8,concrete_strength,17,99,0.11571203172206879,0.061653852462768555,42238.0,0.11578692495822906,407,1
StandardGSGP,1cab302d-ad32-11ef-a934-e4a8dfc2a9a8,concrete_strength,17,100,0.11571203172206879,0.05981874465942383,43230.0,0.11578692495822906,407,1
StandardGSGP,9889e726-ad32-11ef-a934-e4a8dfc2a9a8,concrete_strength,17,0,18.114389419555664,0.0375058650970459,880.0,17.551822662353516,7,1
StandardGSGP,9889e726-ad32-11ef-a934-e4a8dfc2a9a8,concrete_strength,17,1,18.09330177307129,0.06150031089782715,1664.0,17.5323429107666,17,1
StandardGSGP,9889e726-ad32-11ef-a934-e4a8dfc2a9a8,concrete_strength,17,2,17.796749114990234,0.06499981880187988,2566.0,17.266708374023438,15,1
StandardGSGP,9889e726-ad32-11ef-a934-e4a8dfc2a9a8,concrete_strength,17,3,17.751848220825195,0.06670832633972168,3228.0,17.23607635498047,21,1
StandardGSGP,9889e726-ad32-11ef-a934-e4a8dfc2a9a8,concrete_strength,17,4,17.402694702148438,0.06890153884887695,3828.0,16.920133590698242,27,1
StandardGSGP,9889e726-ad32-11ef-a934-e4a8dfc2a9a8,concrete_strength,17,5,17.402694702148438,0.07011771202087402,4604.0,16.920133590698242,27,1
StandardGSGP,9889e726-ad32-11ef-a934-e4a8dfc2a9a8,concrete_strength,17,6,17.1999568939209,0.06550884246826172,5138.0,16.7347469329834,51,1
StandardGSGP,9889e726-ad32-11ef-a934-e4a8dfc2a9a8,concrete_strength,17,7,17.11194610595703,0.06451630592346191,5858.0,16.663972854614258,59,1
StandardGSGP,9889e726-ad32-11ef-a934-e4a8dfc2a9a8,concrete_strength,17,8,16.97957992553711,0.06821680068969727,6450.0,16.53856086730957,81,1
StandardGSGP,9889e726-ad32-11ef-a934-e4a8dfc2a9a8,concrete_strength,17,9,16.7607479095459,0.06750726699829102,7636.0,16.396007537841797,73,1
StandardGSGP,9889e726-ad32-11ef-a934-e4a8dfc2a9a8,concrete_strength,17,10,16.652027130126953,0.06692004203796387,9016.0,16.27764320373535,105,1
StandardGSGP,9889e726-ad32-11ef-a934-e4a8dfc2a9a8,concrete_strength,17,11,16.57624626159668,0.06808829307556152,10100.0,16.217287063598633,117,1
StandardGSGP,9889e726-ad32-11ef-a934-e4a8dfc2a9a8,concrete_strength,17,12,16.441179275512695,0.13697266578674316,11120.0,16.10101890563965,109,1
StandardGSGP,9889e726-ad32-11ef-a934-e4a8dfc2a9a8,concrete_strength,17,13,16.345272064208984,0.06801033020019531,12268.0,16.021163940429688,115,1
StandardGSGP,9889e726-ad32-11ef-a934-e4a8dfc2a9a8,concrete_strength,17,14,16.166658401489258,0.08093953132629395,13318.0,15.920409202575684,133,1
StandardGSGP,9889e726-ad32-11ef-a934-e4a8dfc2a9a8,concrete_strength,17,15,16.09454345703125,0.06891179084777832,14128.0,15.86018180847168,141,1
StandardGSGP,9889e726-ad32-11ef-a934-e4a8dfc2a9a8,concrete_strength,17,16,16.059846878051758,0.06550383567810059,15016.0,15.828924179077148,141,1
StandardGSGP,9889e726-ad32-11ef-a934-e4a8dfc2a9a8,concrete_strength,17,17,15.935454368591309,0.06657838821411133,15870.0,15.755350112915039,161,1
StandardGSGP,9889e726-ad32-11ef-a934-e4a8dfc2a9a8,concrete_strength,17,18,15.853178977966309,0.06928253173828125,16560.0,15.722463607788086,173,1
StandardGSGP,9889e726-ad32-11ef-a934-e4a8dfc2a9a8,concrete_strength,17,19,15.758328437805176,0.09166812896728516,17712.0,15.64117431640625,183,1
StandardGSGP,9889e726-ad32-11ef-a934-e4a8dfc2a9a8,concrete_strength,17,20,15.736897468566895,0.06683850288391113,18720.0,15.622977256774902,191,1
StandardGSGP,9889e726-ad32-11ef-a934-e4a8dfc2a9a8,concrete_strength,17,21,15.639028549194336,0.06063342094421387,19740.0,15.59153938293457,197,1
StandardGSGP,9889e726-ad32-11ef-a934-e4a8dfc2a9a8,concrete_strength,17,22,15.610188484191895,0.06951093673706055,20952.0,15.523209571838379,213,1
StandardGSGP,9889e726-ad32-11ef-a934-e4a8dfc2a9a8,concrete_strength,17,23,15.53260326385498,0.06565380096435547,21784.0,15.485878944396973,227,1
StandardGSGP,9889e726-ad32-11ef-a934-e4a8dfc2a9a8,concrete_strength,17,24,15.492565155029297,0.07100486755371094,22678.0,15.52485179901123,235,1
StandardGSGP,9889e726-ad32-11ef-a934-e4a8dfc2a9a8,concrete_strength,17,25,15.474750518798828,0.06751179695129395,23802.0,15.408193588256836,229,1
StandardGSGP,9889e726-ad32-11ef-a934-e4a8dfc2a9a8,concrete_strength,17,26,15.438733100891113,0.06650829315185547,24858.0,15.430130958557129,247,1
StandardGSGP,9889e726-ad32-11ef-a934-e4a8dfc2a9a8,concrete_strength,17,27,15.337571144104004,0.0650022029876709,25788.0,15.421527862548828,259,1
StandardGSGP,9889e726-ad32-11ef-a934-e4a8dfc2a9a8,concrete_strength,17,28,15.32632064819336,0.06581449508666992,26998.0,15.405458450317383,275,1
StandardGSGP,9889e726-ad32-11ef-a934-e4a8dfc2a9a8,concrete_strength,17,29,15.267582893371582,0.06476044654846191,27842.0,15.36718463897705,273,1
StandardGSGP,9889e726-ad32-11ef-a934-e4a8dfc2a9a8,concrete_strength,17,30,15.211679458618164,0.06397318840026855,28412.0,15.349735260009766,289,1
StandardGSGP,9889e726-ad32-11ef-a934-e4a8dfc2a9a8,concrete_strength,17,31,15.139042854309082,0.06168842315673828,29438.0,15.317795753479004,297,1
StandardGSGP,9889e726-ad32-11ef-a934-e4a8dfc2a9a8,concrete_strength,17,32,15.139042854309082,0.06315183639526367,30424.0,15.317795753479004,297,1
StandardGSGP,9889e726-ad32-11ef-a934-e4a8dfc2a9a8,concrete_strength,17,33,15.090852737426758,0.06600356101989746,31198.0,15.349141120910645,303,1
StandardGSGP,9889e726-ad32-11ef-a934-e4a8dfc2a9a8,concrete_strength,17,34,15.024439811706543,0.0679936408996582,31926.0,15.275484085083008,325,1
StandardGSGP,9889e726-ad32-11ef-a934-e4a8dfc2a9a8,concrete_strength,17,35,15.018263816833496,0.07212471961975098,32954.0,15.262683868408203,331,1
StandardGSGP,9889e726-ad32-11ef-a934-e4a8dfc2a9a8,concrete_strength,17,36,14.973581314086914,0.06951355934143066,33588.0,15.195979118347168,335,1
StandardGSGP,9889e726-ad32-11ef-a934-e4a8dfc2a9a8,concrete_strength,17,37,14.973515510559082,0.06616377830505371,34258.0,15.195906639099121,345,1
StandardGSGP,9889e726-ad32-11ef-a934-e4a8dfc2a9a8,concrete_strength,17,38,14.92102336883545,0.06646132469177246,35072.0,15.225543975830078,371,1
StandardGSGP,9889e726-ad32-11ef-a934-e4a8dfc2a9a8,concrete_strength,17,39,14.8883638381958,0.06209158897399902,36294.0,15.159737586975098,379,1
StandardGSGP,9889e726-ad32-11ef-a934-e4a8dfc2a9a8,concrete_strength,17,40,14.837738037109375,0.06299805641174316,37208.0,15.18398666381836,377,1
StandardGSGP,9889e726-ad32-11ef-a934-e4a8dfc2a9a8,concrete_strength,17,41,14.783225059509277,0.06747961044311523,38210.0,15.073981285095215,389,1
StandardGSGP,9889e726-ad32-11ef-a934-e4a8dfc2a9a8,concrete_strength,17,42,14.756224632263184,0.06884264945983887,39558.0,15.058484077453613,395,1
StandardGSGP,9889e726-ad32-11ef-a934-e4a8dfc2a9a8,concrete_strength,17,43,14.679495811462402,0.0672922134399414,40740.0,14.975689888000488,401,1
StandardGSGP,9889e726-ad32-11ef-a934-e4a8dfc2a9a8,concrete_strength,17,44,14.67575454711914,0.06752300262451172,41590.0,14.913352012634277,411,1
StandardGSGP,9889e726-ad32-11ef-a934-e4a8dfc2a9a8,concrete_strength,17,45,14.626379013061523,0.06325459480285645,42450.0,14.948112487792969,417,1
StandardGSGP,9889e726-ad32-11ef-a934-e4a8dfc2a9a8,concrete_strength,17,46,14.553244590759277,0.06537938117980957,43284.0,14.839298248291016,447,1
StandardGSGP,9889e726-ad32-11ef-a934-e4a8dfc2a9a8,concrete_strength,17,47,14.553244590759277,0.07251334190368652,43810.0,14.839298248291016,447,1
StandardGSGP,9889e726-ad32-11ef-a934-e4a8dfc2a9a8,concrete_strength,17,48,14.500261306762695,0.0683894157409668,44500.0,14.855942726135254,443,1
StandardGSGP,9889e726-ad32-11ef-a934-e4a8dfc2a9a8,concrete_strength,17,49,14.497333526611328,0.06600165367126465,45656.0,14.864320755004883,463,1
StandardGSGP,9889e726-ad32-11ef-a934-e4a8dfc2a9a8,concrete_strength,17,50,14.4392728805542,0.06450772285461426,46770.0,14.784728050231934,461,1
StandardGSGP,9889e726-ad32-11ef-a934-e4a8dfc2a9a8,concrete_strength,17,51,14.4392728805542,0.06551218032836914,47848.0,14.784728050231934,461,1
StandardGSGP,9889e726-ad32-11ef-a934-e4a8dfc2a9a8,concrete_strength,17,52,14.346497535705566,0.06700634956359863,48700.0,14.730767250061035,487,1
StandardGSGP,9889e726-ad32-11ef-a934-e4a8dfc2a9a8,concrete_strength,17,53,14.320785522460938,0.0657341480255127,49510.0,14.689027786254883,499,1
StandardGSGP,9889e726-ad32-11ef-a934-e4a8dfc2a9a8,concrete_strength,17,54,14.27701187133789,0.07141804695129395,50624.0,14.57181167602539,525,1
StandardGSGP,9889e726-ad32-11ef-a934-e4a8dfc2a9a8,concrete_strength,17,55,14.175484657287598,0.06751060485839844,52166.0,14.548552513122559,509,1
StandardGSGP,9889e726-ad32-11ef-a934-e4a8dfc2a9a8,concrete_strength,17,56,14.172761917114258,0.06499862670898438,52984.0,14.544645309448242,515,1
StandardGSGP,9889e726-ad32-11ef-a934-e4a8dfc2a9a8,concrete_strength,17,57,14.132328033447266,0.06252026557922363,53476.0,14.544870376586914,525,1
StandardGSGP,9889e726-ad32-11ef-a934-e4a8dfc2a9a8,concrete_strength,17,58,13.985115051269531,0.06651496887207031,53680.0,14.322626113891602,537,1
StandardGSGP,9889e726-ad32-11ef-a934-e4a8dfc2a9a8,concrete_strength,17,59,13.970041275024414,0.06399917602539062,54132.0,14.305987358093262,547,1
StandardGSGP,9889e726-ad32-11ef-a934-e4a8dfc2a9a8,concrete_strength,17,60,13.967911720275879,0.06251144409179688,54986.0,14.30245304107666,557,1
StandardGSGP,9889e726-ad32-11ef-a934-e4a8dfc2a9a8,concrete_strength,17,61,13.920953750610352,0.06313705444335938,56022.0,14.2973051071167,567,1
StandardGSGP,9889e726-ad32-11ef-a934-e4a8dfc2a9a8,concrete_strength,17,62,13.879023551940918,0.06350207328796387,56994.0,14.253806114196777,575,1
StandardGSGP,9889e726-ad32-11ef-a934-e4a8dfc2a9a8,concrete_strength,17,63,13.870810508728027,0.06467938423156738,57982.0,14.250157356262207,587,1
StandardGSGP,9889e726-ad32-11ef-a934-e4a8dfc2a9a8,concrete_strength,17,64,13.827046394348145,0.06700277328491211,59070.0,14.22170352935791,591,1
StandardGSGP,9889e726-ad32-11ef-a934-e4a8dfc2a9a8,concrete_strength,17,65,13.827046394348145,0.06650876998901367,60038.0,14.22170352935791,591,1
StandardGSGP,9889e726-ad32-11ef-a934-e4a8dfc2a9a8,concrete_strength,17,66,13.774724006652832,0.0672905445098877,61040.0,14.14132022857666,623,1
StandardGSGP,9889e726-ad32-11ef-a934-e4a8dfc2a9a8,concrete_strength,17,67,13.73173713684082,0.06419062614440918,62134.0,14.155132293701172,623,1
StandardGSGP,9889e726-ad32-11ef-a934-e4a8dfc2a9a8,concrete_strength,17,68,13.73173713684082,0.06388568878173828,63268.0,14.155132293701172,623,1
StandardGSGP,9889e726-ad32-11ef-a934-e4a8dfc2a9a8,concrete_strength,17,69,13.706864356994629,0.06562471389770508,64434.0,14.111923217773438,629,1
StandardGSGP,9889e726-ad32-11ef-a934-e4a8dfc2a9a8,concrete_strength,17,70,13.661499977111816,0.06624031066894531,65006.0,14.123557090759277,651,1
StandardGSGP,9889e726-ad32-11ef-a934-e4a8dfc2a9a8,concrete_strength,17,71,13.602005004882812,0.07500195503234863,65660.0,14.002080917358398,647,1
StandardGSGP,9889e726-ad32-11ef-a934-e4a8dfc2a9a8,concrete_strength,17,72,13.553065299987793,0.06551504135131836,66652.0,14.00009822845459,655,1
StandardGSGP,9889e726-ad32-11ef-a934-e4a8dfc2a9a8,concrete_strength,17,73,13.529170989990234,0.06595849990844727,67546.0,13.995542526245117,663,1
StandardGSGP,9889e726-ad32-11ef-a934-e4a8dfc2a9a8,concrete_strength,17,74,13.518890380859375,0.06868910789489746,68062.0,13.96269416809082,673,1
StandardGSGP,9889e726-ad32-11ef-a934-e4a8dfc2a9a8,concrete_strength,17,75,13.518890380859375,0.06462550163269043,68530.0,13.96269416809082,673,1
StandardGSGP,9889e726-ad32-11ef-a934-e4a8dfc2a9a8,concrete_strength,17,76,13.494927406311035,0.14149260520935059,69228.0,13.902852058410645,685,1
StandardGSGP,9889e726-ad32-11ef-a934-e4a8dfc2a9a8,concrete_strength,17,77,13.433573722839355,0.06812167167663574,69944.0,13.859193801879883,695,1
StandardGSGP,9889e726-ad32-11ef-a934-e4a8dfc2a9a8,concrete_strength,17,78,13.409605026245117,0.06859993934631348,70954.0,13.924832344055176,721,1
StandardGSGP,9889e726-ad32-11ef-a934-e4a8dfc2a9a8,concrete_strength,17,79,13.37356948852539,0.07576131820678711,72260.0,13.827801704406738,727,1
StandardGSGP,9889e726-ad32-11ef-a934-e4a8dfc2a9a8,concrete_strength,17,80,13.298035621643066,0.07171416282653809,72888.0,13.725566864013672,729,1
StandardGSGP,9889e726-ad32-11ef-a934-e4a8dfc2a9a8,concrete_strength,17,81,13.1716890335083,0.07121467590332031,73334.0,13.613006591796875,739,1
StandardGSGP,9889e726-ad32-11ef-a934-e4a8dfc2a9a8,concrete_strength,17,82,13.1716890335083,0.0801689624786377,74336.0,13.613006591796875,739,1
StandardGSGP,9889e726-ad32-11ef-a934-e4a8dfc2a9a8,concrete_strength,17,83,13.14258098602295,0.06936073303222656,75384.0,13.58617115020752,753,1
StandardGSGP,9889e726-ad32-11ef-a934-e4a8dfc2a9a8,concrete_strength,17,84,13.129731178283691,0.07311224937438965,76308.0,13.600722312927246,773,1
StandardGSGP,9889e726-ad32-11ef-a934-e4a8dfc2a9a8,concrete_strength,17,85,13.08910083770752,0.0699310302734375,77096.0,13.566226959228516,759,1
StandardGSGP,9889e726-ad32-11ef-a934-e4a8dfc2a9a8,concrete_strength,17,86,12.929925918579102,0.07550573348999023,78086.0,13.366541862487793,807,1
StandardGSGP,9889e726-ad32-11ef-a934-e4a8dfc2a9a8,concrete_strength,17,87,12.929322242736816,0.07493162155151367,78980.0,13.366297721862793,821,1
StandardGSGP,9889e726-ad32-11ef-a934-e4a8dfc2a9a8,concrete_strength,17,88,12.91100025177002,0.08793139457702637,80110.0,13.343021392822266,815,1
StandardGSGP,9889e726-ad32-11ef-a934-e4a8dfc2a9a8,concrete_strength,17,89,12.888545036315918,0.08192634582519531,82122.0,13.309596061706543,831,1
StandardGSGP,9889e726-ad32-11ef-a934-e4a8dfc2a9a8,concrete_strength,17,90,12.86201000213623,0.07184958457946777,83832.0,13.325425148010254,829,1
StandardGSGP,9889e726-ad32-11ef-a934-e4a8dfc2a9a8,concrete_strength,17,91,12.861115455627441,0.07120180130004883,84824.0,13.3569917678833,853,1
StandardGSGP,9889e726-ad32-11ef-a934-e4a8dfc2a9a8,concrete_strength,17,92,12.80016803741455,0.07911849021911621,85942.0,13.254199981689453,861,1
StandardGSGP,9889e726-ad32-11ef-a934-e4a8dfc2a9a8,concrete_strength,17,93,12.785311698913574,0.08098936080932617,86430.0,13.242281913757324,855,1
StandardGSGP,9889e726-ad32-11ef-a934-e4a8dfc2a9a8,concrete_strength,17,94,12.778066635131836,0.0785064697265625,87088.0,13.198668479919434,885,1
StandardGSGP,9889e726-ad32-11ef-a934-e4a8dfc2a9a8,concrete_strength,17,95,12.76312255859375,0.07138586044311523,87882.0,13.236433982849121,875,1
StandardGSGP,9889e726-ad32-11ef-a934-e4a8dfc2a9a8,concrete_strength,17,96,12.69959545135498,0.07151150703430176,88756.0,13.104008674621582,903,1
StandardGSGP,9889e726-ad32-11ef-a934-e4a8dfc2a9a8,concrete_strength,17,97,12.6852445602417,0.08161449432373047,89912.0,13.076906204223633,909,1
StandardGSGP,9889e726-ad32-11ef-a934-e4a8dfc2a9a8,concrete_strength,17,98,12.575335502624512,0.08278083801269531,90674.0,12.970965385437012,919,1
StandardGSGP,9889e726-ad32-11ef-a934-e4a8dfc2a9a8,concrete_strength,17,99,12.575167655944824,0.09225106239318848,91842.0,12.967650413513184,927,1
StandardGSGP,9889e726-ad32-11ef-a934-e4a8dfc2a9a8,concrete_strength,17,100,12.564516067504883,0.08123230934143066,93354.0,12.947291374206543,929,1
