StandardGSGP,d8a11a92-ad31-11ef-a61a-e4a8dfc2a9a8,concrete_strength,0,0,0.29984939098358154,0.04551982879638672,858.0,0.3282511234283447,3,1
StandardGSGP,d8a11a92-ad31-11ef-a61a-e4a8dfc2a9a8,concrete_strength,0,1,0.25537699460983276,0.06983733177185059,1466.0,0.2376137375831604,9,1
StandardGSGP,d8a11a92-ad31-11ef-a61a-e4a8dfc2a9a8,concrete_strength,0,2,0.23571476340293884,0.06550860404968262,2234.0,0.2293279767036438,23,1
StandardGSGP,d8a11a92-ad31-11ef-a61a-e4a8dfc2a9a8,concrete_strength,0,3,0.21063534915447235,0.06227684020996094,2996.0,0.20651869475841522,31,1
StandardGSGP,d8a11a92-ad31-11ef-a61a-e4a8dfc2a9a8,concrete_strength,0,4,0.19196704030036926,0.06133317947387695,3794.0,0.18576067686080933,39,1
StandardGSGP,d8a11a92-ad31-11ef-a61a-e4a8dfc2a9a8,concrete_strength,0,5,0.19196704030036926,0.06316733360290527,4812.0,0.18576067686080933,39,1
StandardGSGP,d8a11a92-ad31-11ef-a61a-e4a8dfc2a9a8,concrete_strength,0,6,0.1820843517780304,0.06034135818481445,5694.0,0.1798635870218277,53,1
StandardGSGP,d8a11a92-ad31-11ef-a61a-e4a8dfc2a9a8,concrete_strength,0,7,0.1681521087884903,0.06399822235107422,6510.0,0.1740962713956833,61,1
StandardGSGP,d8a11a92-ad31-11ef-a61a-e4a8dfc2a9a8,concrete_strength,0,8,0.1615162342786789,0.06450843811035156,7314.0,0.16660000383853912,67,1
StandardGSGP,d8a11a92-ad31-11ef-a61a-e4a8dfc2a9a8,concrete_strength,0,9,0.152613565325737,0.0632319450378418,8026.0,0.15346160531044006,67,1
StandardGSGP,d8a11a92-ad31-11ef-a61a-e4a8dfc2a9a8,concrete_strength,0,10,0.14524510502815247,0.058995723724365234,8766.0,0.14831480383872986,77,1
StandardGSGP,d8a11a92-ad31-11ef-a61a-e4a8dfc2a9a8,concrete_strength,0,11,0.14524510502815247,0.06151103973388672,9326.0,0.14831480383872986,77,1
StandardGSGP,d8a11a92-ad31-11ef-a61a-e4a8dfc2a9a8,concrete_strength,0,12,0.14524510502815247,0.05729794502258301,9954.0,0.14831480383872986,77,1
StandardGSGP,d8a11a92-ad31-11ef-a61a-e4a8dfc2a9a8,concrete_strength,0,13,0.14524510502815247,0.05866694450378418,10864.0,0.14831480383872986,77,1
StandardGSGP,d8a11a92-ad31-11ef-a61a-e4a8dfc2a9a8,concrete_strength,0,14,0.13293932378292084,0.06450939178466797,11696.0,0.13756825029850006,123,1
StandardGSGP,d8a11a92-ad31-11ef-a61a-e4a8dfc2a9a8,concrete_strength,0,15,0.13293932378292084,0.06099557876586914,12430.0,0.13756825029850006,123,1
StandardGSGP,d8a11a92-ad31-11ef-a61a-e4a8dfc2a9a8,concrete_strength,0,16,0.13293932378292084,0.06658649444580078,12790.0,0.13756825029850006,123,1
StandardGSGP,d8a11a92-ad31-11ef-a61a-e4a8dfc2a9a8,concrete_strength,0,17,0.13293932378292084,0.05966663360595703,13578.0,0.13756825029850006,123,1
StandardGSGP,d8a11a92-ad31-11ef-a61a-e4a8dfc2a9a8,concrete_strength,0,18,0.13246940076351166,0.05899763107299805,14608.0,0.14249198138713837,151,1
StandardGSGP,d8a11a92-ad31-11ef-a61a-e4a8dfc2a9a8,concrete_strength,0,19,0.13246940076351166,0.06250834465026855,15664.0,0.14249198138713837,151,1
StandardGSGP,d8a11a92-ad31-11ef-a61a-e4a8dfc2a9a8,concrete_strength,0,20,0.13246940076351166,0.05926632881164551,16548.0,0.14249198138713837,151,1
StandardGSGP,d8a11a92-ad31-11ef-a61a-e4a8dfc2a9a8,concrete_strength,0,21,0.13246940076351166,0.06334853172302246,17856.0,0.14249198138713837,151,1
StandardGSGP,d8a11a92-ad31-11ef-a61a-e4a8dfc2a9a8,concrete_strength,0,22,0.12529566884040833,0.05650782585144043,18572.0,0.13139012455940247,157,1
StandardGSGP,d8a11a92-ad31-11ef-a61a-e4a8dfc2a9a8,concrete_strength,0,23,0.12529566884040833,0.05899858474731445,19450.0,0.13139012455940247,157,1
StandardGSGP,d8a11a92-ad31-11ef-a61a-e4a8dfc2a9a8,concrete_strength,0,24,0.12529566884040833,0.06151437759399414,20130.0,0.13139012455940247,157,1
StandardGSGP,d8a11a92-ad31-11ef-a61a-e4a8dfc2a9a8,concrete_strength,0,25,0.12529566884040833,0.06351232528686523,19828.0,0.13139012455940247,157,1
StandardGSGP,d8a11a92-ad31-11ef-a61a-e4a8dfc2a9a8,concrete_strength,0,26,0.12366177886724472,0.06675267219543457,20112.0,0.1294553130865097,179,1
StandardGSGP,d8a11a92-ad31-11ef-a61a-e4a8dfc2a9a8,concrete_strength,0,27,0.12366177886724472,0.06300592422485352,20654.0,0.1294553130865097,179,1
StandardGSGP,d8a11a92-ad31-11ef-a61a-e4a8dfc2a9a8,concrete_strength,0,28,0.12366177886724472,0.06050896644592285,21014.0,0.1294553130865097,179,1
StandardGSGP,d8a11a92-ad31-11ef-a61a-e4a8dfc2a9a8,concrete_strength,0,29,0.11774905771017075,0.07200932502746582,21374.0,0.11742507666349411,211,1
StandardGSGP,d8a11a92-ad31-11ef-a61a-e4a8dfc2a9a8,concrete_strength,0,30,0.11631552875041962,0.06659269332885742,22096.0,0.11284291744232178,227,1
StandardGSGP,d8a11a92-ad31-11ef-a61a-e4a8dfc2a9a8,concrete_strength,0,31,0.11568308621644974,0.05950808525085449,22918.0,0.11153937131166458,233,1
StandardGSGP,d8a11a92-ad31-11ef-a61a-e4a8dfc2a9a8,concrete_strength,0,32,0.11568308621644974,0.0599980354309082,23046.0,0.11153937131166458,233,1
StandardGSGP,d8a11a92-ad31-11ef-a61a-e4a8dfc2a9a8,concrete_strength,0,33,0.11455398797988892,0.06091809272766113,24382.0,0.11345433443784714,251,1
StandardGSGP,d8a11a92-ad31-11ef-a61a-e4a8dfc2a9a8,concrete_strength,0,34,0.11455398797988892,0.06514191627502441,25414.0,0.11345433443784714,251,1
StandardGSGP,d8a11a92-ad31-11ef-a61a-e4a8dfc2a9a8,concrete_strength,0,35,0.11455398797988892,0.06099724769592285,26326.0,0.11345433443784714,251,1
StandardGSGP,d8a11a92-ad31-11ef-a61a-e4a8dfc2a9a8,concrete_strength,0,36,0.1144021674990654,0.06103062629699707,27270.0,0.11291731148958206,273,1
StandardGSGP,d8a11a92-ad31-11ef-a61a-e4a8dfc2a9a8,concrete_strength,0,37,0.1144021674990654,0.06331539154052734,28434.0,0.11291731148958206,273,1
StandardGSGP,d8a11a92-ad31-11ef-a61a-e4a8dfc2a9a8,concrete_strength,0,38,0.1144021674990654,0.06274580955505371,29266.0,0.11291731148958206,273,1
StandardGSGP,d8a11a92-ad31-11ef-a61a-e4a8dfc2a9a8,concrete_strength,0,39,0.1144021674990654,0.13469171524047852,29766.0,0.11291731148958206,273,1
StandardGSGP,d8a11a92-ad31-11ef-a61a-e4a8dfc2a9a8,concrete_strength,0,40,0.1144021674990654,0.06451058387756348,30732.0,0.11291731148958206,273,1
StandardGSGP,d8a11a92-ad31-11ef-a61a-e4a8dfc2a9a8,concrete_strength,0,41,0.11423597484827042,0.0643625259399414,31382.0,0.11290328204631805,279,1
StandardGSGP,d8a11a92-ad31-11ef-a61a-e4a8dfc2a9a8,concrete_strength,0,42,0.1141069084405899,0.06350469589233398,31840.0,0.11581043899059296,337,1
StandardGSGP,d8a11a92-ad31-11ef-a61a-e4a8dfc2a9a8,concrete_strength,0,43,0.1141069084405899,0.06100106239318848,32488.0,0.11581043899059296,337,1
StandardGSGP,d8a11a92-ad31-11ef-a61a-e4a8dfc2a9a8,concrete_strength,0,44,0.1141069084405899,0.06250643730163574,33136.0,0.11581043899059296,337,1
StandardGSGP,d8a11a92-ad31-11ef-a61a-e4a8dfc2a9a8,concrete_strength,0,45,0.11396689713001251,0.06399941444396973,33844.0,0.11532871425151825,345,1
StandardGSGP,d8a11a92-ad31-11ef-a61a-e4a8dfc2a9a8,concrete_strength,0,46,0.11396689713001251,0.06234908103942871,35072.0,0.11532871425151825,345,1
StandardGSGP,d8a11a92-ad31-11ef-a61a-e4a8dfc2a9a8,concrete_strength,0,47,0.11396689713001251,0.06392478942871094,35740.0,0.11532871425151825,345,1
StandardGSGP,d8a11a92-ad31-11ef-a61a-e4a8dfc2a9a8,concrete_strength,0,48,0.11292631924152374,0.06100893020629883,37192.0,0.1134527251124382,351,1
StandardGSGP,d8a11a92-ad31-11ef-a61a-e4a8dfc2a9a8,concrete_strength,0,49,0.11292631924152374,0.06006121635437012,37802.0,0.1134527251124382,351,1
StandardGSGP,d8a11a92-ad31-11ef-a61a-e4a8dfc2a9a8,concrete_strength,0,50,0.11292631924152374,0.060134172439575195,38434.0,0.1134527251124382,351,1
StandardGSGP,d8a11a92-ad31-11ef-a61a-e4a8dfc2a9a8,concrete_strength,0,51,0.11292631924152374,0.06331467628479004,38998.0,0.1134527251124382,351,1
StandardGSGP,d8a11a92-ad31-11ef-a61a-e4a8dfc2a9a8,concrete_strength,0,52,0.11292631924152374,0.06351518630981445,38976.0,0.1134527251124382,351,1
StandardGSGP,d8a11a92-ad31-11ef-a61a-e4a8dfc2a9a8,concrete_strength,0,53,0.11292631924152374,0.05800223350524902,39402.0,0.1134527251124382,351,1
StandardGSGP,d8a11a92-ad31-11ef-a61a-e4a8dfc2a9a8,concrete_strength,0,54,0.11292631924152374,0.06310796737670898,40348.0,0.1134527251124382,351,1
StandardGSGP,d8a11a92-ad31-11ef-a61a-e4a8dfc2a9a8,concrete_strength,0,55,0.11292631924152374,0.0597231388092041,41332.0,0.1134527251124382,351,1
StandardGSGP,d8a11a92-ad31-11ef-a61a-e4a8dfc2a9a8,concrete_strength,0,56,0.11292631924152374,0.06390166282653809,40712.0,0.1134527251124382,351,1
StandardGSGP,d8a11a92-ad31-11ef-a61a-e4a8dfc2a9a8,concrete_strength,0,57,0.11292631924152374,0.061528682708740234,41200.0,0.1134527251124382,351,1
StandardGSGP,d8a11a92-ad31-11ef-a61a-e4a8dfc2a9a8,concrete_strength,0,58,0.11292631924152374,0.05952191352844238,41090.0,0.1134527251124382,351,1
StandardGSGP,d8a11a92-ad31-11ef-a61a-e4a8dfc2a9a8,concrete_strength,0,59,0.1121550053358078,0.06399369239807129,41398.0,0.11560698598623276,369,1
StandardGSGP,d8a11a92-ad31-11ef-a61a-e4a8dfc2a9a8,concrete_strength,0,60,0.11189093440771103,0.06571221351623535,42160.0,0.11516290158033371,375,1
StandardGSGP,d8a11a92-ad31-11ef-a61a-e4a8dfc2a9a8,concrete_strength,0,61,0.11189093440771103,0.0642082691192627,42228.0,0.11516290158033371,375,1
StandardGSGP,d8a11a92-ad31-11ef-a61a-e4a8dfc2a9a8,concrete_strength,0,62,0.11189093440771103,0.06011795997619629,42786.0,0.11516290158033371,375,1
StandardGSGP,d8a11a92-ad31-11ef-a61a-e4a8dfc2a9a8,concrete_strength,0,63,0.11189093440771103,0.06103062629699707,43884.0,0.11516290158033371,375,1
StandardGSGP,d8a11a92-ad31-11ef-a61a-e4a8dfc2a9a8,concrete_strength,0,64,0.11189093440771103,0.06500244140625,44474.0,0.11516290158033371,375,1
StandardGSGP,d8a11a92-ad31-11ef-a61a-e4a8dfc2a9a8,concrete_strength,0,65,0.11189093440771103,0.061105966567993164,44162.0,0.11516290158033371,375,1
StandardGSGP,d8a11a92-ad31-11ef-a61a-e4a8dfc2a9a8,concrete_strength,0,66,0.11189093440771103,0.05848407745361328,43856.0,0.11516290158033371,375,1
StandardGSGP,d8a11a92-ad31-11ef-a61a-e4a8dfc2a9a8,concrete_strength,0,67,0.11189093440771103,0.06257319450378418,44988.0,0.11516290158033371,375,1
StandardGSGP,d8a11a92-ad31-11ef-a61a-e4a8dfc2a9a8,concrete_strength,0,68,0.11189093440771103,0.06277894973754883,45860.0,0.11516290158033371,375,1
StandardGSGP,d8a11a92-ad31-11ef-a61a-e4a8dfc2a9a8,concrete_strength,0,69,0.11177130043506622,0.06452536582946777,44900.0,0.11219336092472076,393,1
StandardGSGP,d8a11a92-ad31-11ef-a61a-e4a8dfc2a9a8,concrete_strength,0,70,0.11097148805856705,0.057999372482299805,42500.0,0.11288148909807205,401,1
StandardGSGP,d8a11a92-ad31-11ef-a61a-e4a8dfc2a9a8,concrete_strength,0,71,0.11097148805856705,0.06051039695739746,42928.0,0.11288148909807205,401,1
StandardGSGP,d8a11a92-ad31-11ef-a61a-e4a8dfc2a9a8,concrete_strength,0,72,0.11097148805856705,0.06365132331848145,43146.0,0.11288148909807205,401,1
StandardGSGP,d8a11a92-ad31-11ef-a61a-e4a8dfc2a9a8,concrete_strength,0,73,0.11097148805856705,0.0615081787109375,43528.0,0.11288148909807205,401,1
StandardGSGP,d8a11a92-ad31-11ef-a61a-e4a8dfc2a9a8,concrete_strength,0,74,0.11097148805856705,0.059482574462890625,44678.0,0.11288148909807205,401,1
StandardGSGP,d8a11a92-ad31-11ef-a61a-e4a8dfc2a9a8,concrete_strength,0,75,0.11097148805856705,0.06099891662597656,45510.0,0.11288148909807205,401,1
StandardGSGP,d8a11a92-ad31-11ef-a61a-e4a8dfc2a9a8,concrete_strength,0,76,0.11097148805856705,0.06450605392456055,46124.0,0.11288148909807205,401,1
StandardGSGP,d8a11a92-ad31-11ef-a61a-e4a8dfc2a9a8,concrete_strength,0,77,0.11097148805856705,0.061285972595214844,45658.0,0.11288148909807205,401,1
StandardGSGP,d8a11a92-ad31-11ef-a61a-e4a8dfc2a9a8,concrete_strength,0,78,0.11006608605384827,0.05800437927246094,46490.0,0.11188728362321854,407,1
StandardGSGP,d8a11a92-ad31-11ef-a61a-e4a8dfc2a9a8,concrete_strength,0,79,0.11006608605384827,0.06197190284729004,46110.0,0.11188728362321854,407,1
StandardGSGP,d8a11a92-ad31-11ef-a61a-e4a8dfc2a9a8,concrete_strength,0,80,0.11006608605384827,0.06063365936279297,45736.0,0.11188728362321854,407,1
StandardGSGP,d8a11a92-ad31-11ef-a61a-e4a8dfc2a9a8,concrete_strength,0,81,0.11006608605384827,0.05963540077209473,46278.0,0.11188728362321854,407,1
StandardGSGP,d8a11a92-ad31-11ef-a61a-e4a8dfc2a9a8,concrete_strength,0,82,0.11006608605384827,0.06502795219421387,46324.0,0.11188728362321854,407,1
StandardGSGP,d8a11a92-ad31-11ef-a61a-e4a8dfc2a9a8,concrete_strength,0,83,0.11006608605384827,0.06335330009460449,45952.0,0.11188728362321854,407,1
StandardGSGP,d8a11a92-ad31-11ef-a61a-e4a8dfc2a9a8,concrete_strength,0,84,0.11006608605384827,0.0794210433959961,45176.0,0.11188728362321854,407,1
StandardGSGP,d8a11a92-ad31-11ef-a61a-e4a8dfc2a9a8,concrete_strength,0,85,0.11006608605384827,0.07260870933532715,45466.0,0.11188728362321854,407,1
StandardGSGP,d8a11a92-ad31-11ef-a61a-e4a8dfc2a9a8,concrete_strength,0,86,0.11006608605384827,0.0624995231628418,45730.0,0.11188728362321854,407,1
StandardGSGP,d8a11a92-ad31-11ef-a61a-e4a8dfc2a9a8,concrete_strength,0,87,0.11006608605384827,0.0745079517364502,46116.0,0.11188728362321854,407,1
StandardGSGP,d8a11a92-ad31-11ef-a61a-e4a8dfc2a9a8,concrete_strength,0,88,0.11006608605384827,0.07035970687866211,46024.0,0.11188728362321854,407,1
StandardGSGP,d8a11a92-ad31-11ef-a61a-e4a8dfc2a9a8,concrete_strength,0,89,0.11006608605384827,0.07475090026855469,46620.0,0.11188728362321854,407,1
StandardGSGP,d8a11a92-ad31-11ef-a61a-e4a8dfc2a9a8,concrete_strength,0,90,0.11006608605384827,0.06801676750183105,46870.0,0.11188728362321854,407,1
StandardGSGP,d8a11a92-ad31-11ef-a61a-e4a8dfc2a9a8,concrete_strength,0,91,0.10855035483837128,0.06629467010498047,46956.0,0.10966867953538895,429,1
StandardGSGP,d8a11a92-ad31-11ef-a61a-e4a8dfc2a9a8,concrete_strength,0,92,0.10855035483837128,0.16093158721923828,46940.0,0.10966867953538895,429,1
StandardGSGP,d8a11a92-ad31-11ef-a61a-e4a8dfc2a9a8,concrete_strength,0,93,0.10855035483837128,0.08174347877502441,46724.0,0.10966867953538895,429,1
StandardGSGP,d8a11a92-ad31-11ef-a61a-e4a8dfc2a9a8,concrete_strength,0,94,0.10855035483837128,0.07014107704162598,47266.0,0.10966867953538895,429,1
StandardGSGP,d8a11a92-ad31-11ef-a61a-e4a8dfc2a9a8,concrete_strength,0,95,0.10855035483837128,0.06751465797424316,47162.0,0.10966867953538895,429,1
StandardGSGP,d8a11a92-ad31-11ef-a61a-e4a8dfc2a9a8,concrete_strength,0,96,0.10855035483837128,0.06151008605957031,47682.0,0.10966867953538895,429,1
StandardGSGP,d8a11a92-ad31-11ef-a61a-e4a8dfc2a9a8,concrete_strength,0,97,0.10855035483837128,0.0630030632019043,47938.0,0.10966867953538895,429,1
StandardGSGP,d8a11a92-ad31-11ef-a61a-e4a8dfc2a9a8,concrete_strength,0,98,0.10855035483837128,0.06251788139343262,48538.0,0.10966867953538895,429,1
StandardGSGP,d8a11a92-ad31-11ef-a61a-e4a8dfc2a9a8,concrete_strength,0,99,0.10817430913448334,0.05934405326843262,48254.0,0.10519172996282578,445,1
StandardGSGP,d8a11a92-ad31-11ef-a61a-e4a8dfc2a9a8,concrete_strength,0,100,0.10817430913448334,0.05971574783325195,48480.0,0.10519172996282578,445,1
StandardGSGP,4fc5a9f3-ad32-11ef-834f-e4a8dfc2a9a8,concrete_strength,0,0,21.3302059173584,0.04299569129943848,858.0,20.583721160888672,3,1
StandardGSGP,4fc5a9f3-ad32-11ef-834f-e4a8dfc2a9a8,concrete_strength,0,1,21.272130966186523,0.06408023834228516,1484.0,20.525001525878906,9,1
StandardGSGP,4fc5a9f3-ad32-11ef-834f-e4a8dfc2a9a8,concrete_strength,0,2,21.13163948059082,0.07216501235961914,2272.0,20.376840591430664,15,1
StandardGSGP,4fc5a9f3-ad32-11ef-834f-e4a8dfc2a9a8,concrete_strength,0,3,21.031763076782227,0.07150721549987793,2976.0,20.27140998840332,21,1
StandardGSGP,4fc5a9f3-ad32-11ef-834f-e4a8dfc2a9a8,concrete_strength,0,4,20.752267837524414,0.07108569145202637,3560.0,19.967741012573242,39,1
StandardGSGP,4fc5a9f3-ad32-11ef-834f-e4a8dfc2a9a8,concrete_strength,0,5,20.706947326660156,0.0690770149230957,4438.0,19.92796516418457,47,1
StandardGSGP,4fc5a9f3-ad32-11ef-834f-e4a8dfc2a9a8,concrete_strength,0,6,20.449052810668945,0.06750154495239258,5314.0,19.658626556396484,43,1
StandardGSGP,4fc5a9f3-ad32-11ef-834f-e4a8dfc2a9a8,concrete_strength,0,7,20.362415313720703,0.07171964645385742,6328.0,19.56301498413086,67,1
StandardGSGP,4fc5a9f3-ad32-11ef-834f-e4a8dfc2a9a8,concrete_strength,0,8,20.121536254882812,0.13860082626342773,7388.0,19.30503273010254,85,1
StandardGSGP,4fc5a9f3-ad32-11ef-834f-e4a8dfc2a9a8,concrete_strength,0,9,20.043886184692383,0.06439590454101562,8274.0,19.227636337280273,75,1
StandardGSGP,4fc5a9f3-ad32-11ef-834f-e4a8dfc2a9a8,concrete_strength,0,10,19.78358268737793,0.06202864646911621,9058.0,18.9419002532959,81,1
StandardGSGP,4fc5a9f3-ad32-11ef-834f-e4a8dfc2a9a8,concrete_strength,0,11,19.75191879272461,0.07207870483398438,9748.0,18.901569366455078,101,1
StandardGSGP,4fc5a9f3-ad32-11ef-834f-e4a8dfc2a9a8,concrete_strength,0,12,19.617448806762695,0.06301689147949219,10444.0,18.761308670043945,97,1
StandardGSGP,4fc5a9f3-ad32-11ef-834f-e4a8dfc2a9a8,concrete_strength,0,13,19.469324111938477,0.06550860404968262,11202.0,18.606815338134766,123,1
StandardGSGP,4fc5a9f3-ad32-11ef-834f-e4a8dfc2a9a8,concrete_strength,0,14,19.396991729736328,0.0677483081817627,12354.0,18.53569793701172,109,1
StandardGSGP,4fc5a9f3-ad32-11ef-834f-e4a8dfc2a9a8,concrete_strength,0,15,19.209989547729492,0.06650876998901367,13188.0,18.31171417236328,145,1
StandardGSGP,4fc5a9f3-ad32-11ef-834f-e4a8dfc2a9a8,concrete_strength,0,16,19.16277503967285,0.0705101490020752,14110.0,18.250164031982422,143,1
StandardGSGP,4fc5a9f3-ad32-11ef-834f-e4a8dfc2a9a8,concrete_strength,0,17,19.135963439941406,0.0758368968963623,15076.0,18.240602493286133,165,1
StandardGSGP,4fc5a9f3-ad32-11ef-834f-e4a8dfc2a9a8,concrete_strength,0,18,18.974761962890625,0.07190895080566406,16124.0,18.0905704498291,149,1
StandardGSGP,4fc5a9f3-ad32-11ef-834f-e4a8dfc2a9a8,concrete_strength,0,19,18.87679100036621,0.06750774383544922,17286.0,17.97325897216797,165,1
StandardGSGP,4fc5a9f3-ad32-11ef-834f-e4a8dfc2a9a8,concrete_strength,0,20,18.850467681884766,0.06877374649047852,17750.0,17.96869468688965,167,1
StandardGSGP,4fc5a9f3-ad32-11ef-834f-e4a8dfc2a9a8,concrete_strength,0,21,18.793052673339844,0.0758826732635498,18226.0,17.8746395111084,179,1
StandardGSGP,4fc5a9f3-ad32-11ef-834f-e4a8dfc2a9a8,concrete_strength,0,22,18.677143096923828,0.07694172859191895,18952.0,17.736543655395508,191,1
StandardGSGP,4fc5a9f3-ad32-11ef-834f-e4a8dfc2a9a8,concrete_strength,0,23,18.656002044677734,0.06177163124084473,19786.0,17.756725311279297,203,1
StandardGSGP,4fc5a9f3-ad32-11ef-834f-e4a8dfc2a9a8,concrete_strength,0,24,18.591552734375,0.06386709213256836,20682.0,17.66024398803711,199,1
StandardGSGP,4fc5a9f3-ad32-11ef-834f-e4a8dfc2a9a8,concrete_strength,0,25,18.51559829711914,0.06524324417114258,21624.0,17.62630271911621,233,1
StandardGSGP,4fc5a9f3-ad32-11ef-834f-e4a8dfc2a9a8,concrete_strength,0,26,18.49460220336914,0.06651830673217773,22488.0,17.602739334106445,243,1
StandardGSGP,4fc5a9f3-ad32-11ef-834f-e4a8dfc2a9a8,concrete_strength,0,27,18.439725875854492,0.07277464866638184,23570.0,17.540220260620117,251,1
StandardGSGP,4fc5a9f3-ad32-11ef-834f-e4a8dfc2a9a8,concrete_strength,0,28,18.368000030517578,0.08690738677978516,24680.0,17.47209930419922,259,1
StandardGSGP,4fc5a9f3-ad32-11ef-834f-e4a8dfc2a9a8,concrete_strength,0,29,18.339488983154297,0.08137750625610352,25842.0,17.44664192199707,269,1
StandardGSGP,4fc5a9f3-ad32-11ef-834f-e4a8dfc2a9a8,concrete_strength,0,30,18.281953811645508,0.09351110458374023,27086.0,17.38463592529297,279,1
StandardGSGP,4fc5a9f3-ad32-11ef-834f-e4a8dfc2a9a8,concrete_strength,0,31,18.2430477142334,0.07851910591125488,28496.0,17.35518455505371,289,1
StandardGSGP,4fc5a9f3-ad32-11ef-834f-e4a8dfc2a9a8,concrete_strength,0,32,18.21371078491211,0.08003759384155273,29510.0,17.32942008972168,297,1
StandardGSGP,4fc5a9f3-ad32-11ef-834f-e4a8dfc2a9a8,concrete_strength,0,33,18.157705307006836,0.08769559860229492,30302.0,17.25647735595703,307,1
StandardGSGP,4fc5a9f3-ad32-11ef-834f-e4a8dfc2a9a8,concrete_strength,0,34,18.088205337524414,0.0830690860748291,31322.0,17.20222282409668,319,1
StandardGSGP,4fc5a9f3-ad32-11ef-834f-e4a8dfc2a9a8,concrete_strength,0,35,18.027482986450195,0.06407284736633301,32282.0,17.126754760742188,325,1
StandardGSGP,4fc5a9f3-ad32-11ef-834f-e4a8dfc2a9a8,concrete_strength,0,36,17.97547149658203,0.06432795524597168,33310.0,17.101762771606445,353,1
StandardGSGP,4fc5a9f3-ad32-11ef-834f-e4a8dfc2a9a8,concrete_strength,0,37,17.968364715576172,0.06551241874694824,34344.0,17.088478088378906,349,1
StandardGSGP,4fc5a9f3-ad32-11ef-834f-e4a8dfc2a9a8,concrete_strength,0,38,17.873395919799805,0.08825850486755371,35504.0,17.011337280273438,367,1
StandardGSGP,4fc5a9f3-ad32-11ef-834f-e4a8dfc2a9a8,concrete_strength,0,39,17.8631534576416,0.08558416366577148,36566.0,17.00826072692871,373,1
StandardGSGP,4fc5a9f3-ad32-11ef-834f-e4a8dfc2a9a8,concrete_strength,0,40,17.7995548248291,0.08222818374633789,37984.0,16.93398666381836,381,1
StandardGSGP,4fc5a9f3-ad32-11ef-834f-e4a8dfc2a9a8,concrete_strength,0,41,17.78849220275879,0.08547139167785645,39010.0,16.940475463867188,399,1
StandardGSGP,4fc5a9f3-ad32-11ef-834f-e4a8dfc2a9a8,concrete_strength,0,42,17.706602096557617,0.07995986938476562,39886.0,16.872421264648438,415,1
StandardGSGP,4fc5a9f3-ad32-11ef-834f-e4a8dfc2a9a8,concrete_strength,0,43,17.65866470336914,0.08174848556518555,40720.0,16.828479766845703,429,1
StandardGSGP,4fc5a9f3-ad32-11ef-834f-e4a8dfc2a9a8,concrete_strength,0,44,17.655717849731445,0.08942699432373047,41864.0,16.825824737548828,437,1
StandardGSGP,4fc5a9f3-ad32-11ef-834f-e4a8dfc2a9a8,concrete_strength,0,45,17.54958724975586,0.07061767578125,43086.0,16.69028663635254,417,1
StandardGSGP,4fc5a9f3-ad32-11ef-834f-e4a8dfc2a9a8,concrete_strength,0,46,17.544647216796875,0.06793594360351562,44382.0,16.68366241455078,427,1
StandardGSGP,4fc5a9f3-ad32-11ef-834f-e4a8dfc2a9a8,concrete_strength,0,47,17.520841598510742,0.06854653358459473,44906.0,16.657514572143555,433,1
StandardGSGP,4fc5a9f3-ad32-11ef-834f-e4a8dfc2a9a8,concrete_strength,0,48,17.46384620666504,0.07904267311096191,45086.0,16.61188316345215,445,1
StandardGSGP,4fc5a9f3-ad32-11ef-834f-e4a8dfc2a9a8,concrete_strength,0,49,17.358049392700195,0.1109468936920166,45282.0,16.502906799316406,457,1
StandardGSGP,4fc5a9f3-ad32-11ef-834f-e4a8dfc2a9a8,concrete_strength,0,50,17.342187881469727,0.09880208969116211,46270.0,16.49700164794922,469,1
StandardGSGP,4fc5a9f3-ad32-11ef-834f-e4a8dfc2a9a8,concrete_strength,0,51,17.335569381713867,0.12348103523254395,47160.0,16.488204956054688,465,1
StandardGSGP,4fc5a9f3-ad32-11ef-834f-e4a8dfc2a9a8,concrete_strength,0,52,17.239065170288086,0.07675647735595703,48212.0,16.40545654296875,485,1
StandardGSGP,4fc5a9f3-ad32-11ef-834f-e4a8dfc2a9a8,concrete_strength,0,53,17.224430084228516,0.06548714637756348,49152.0,16.394821166992188,497,1
StandardGSGP,4fc5a9f3-ad32-11ef-834f-e4a8dfc2a9a8,concrete_strength,0,54,17.170360565185547,0.0670008659362793,50188.0,16.341577529907227,503,1
StandardGSGP,4fc5a9f3-ad32-11ef-834f-e4a8dfc2a9a8,concrete_strength,0,55,17.169565200805664,0.06250762939453125,51320.0,16.33760643005371,511,1
StandardGSGP,4fc5a9f3-ad32-11ef-834f-e4a8dfc2a9a8,concrete_strength,0,56,17.093406677246094,0.0675196647644043,52062.0,16.252309799194336,519,1
StandardGSGP,4fc5a9f3-ad32-11ef-834f-e4a8dfc2a9a8,concrete_strength,0,57,17.081933975219727,0.0667269229888916,52620.0,16.242311477661133,525,1
StandardGSGP,4fc5a9f3-ad32-11ef-834f-e4a8dfc2a9a8,concrete_strength,0,58,17.035818099975586,0.06951022148132324,53344.0,16.22615623474121,531,1
StandardGSGP,4fc5a9f3-ad32-11ef-834f-e4a8dfc2a9a8,concrete_strength,0,59,17.00325584411621,0.06750941276550293,54264.0,16.167593002319336,545,1
StandardGSGP,4fc5a9f3-ad32-11ef-834f-e4a8dfc2a9a8,concrete_strength,0,60,16.982370376586914,0.07555913925170898,55262.0,16.150178909301758,557,1
StandardGSGP,4fc5a9f3-ad32-11ef-834f-e4a8dfc2a9a8,concrete_strength,0,61,16.90086555480957,0.07196331024169922,55780.0,16.029088973999023,557,1
StandardGSGP,4fc5a9f3-ad32-11ef-834f-e4a8dfc2a9a8,concrete_strength,0,62,16.880943298339844,0.06999826431274414,56830.0,16.01264762878418,563,1
StandardGSGP,4fc5a9f3-ad32-11ef-834f-e4a8dfc2a9a8,concrete_strength,0,63,16.84086036682129,0.06990218162536621,57678.0,15.965749740600586,575,1
StandardGSGP,4fc5a9f3-ad32-11ef-834f-e4a8dfc2a9a8,concrete_strength,0,64,16.83147621154785,0.0704355239868164,58554.0,15.965902328491211,593,1
StandardGSGP,4fc5a9f3-ad32-11ef-834f-e4a8dfc2a9a8,concrete_strength,0,65,16.77052879333496,0.07571601867675781,59210.0,15.892875671386719,591,1
StandardGSGP,4fc5a9f3-ad32-11ef-834f-e4a8dfc2a9a8,concrete_strength,0,66,16.756607055664062,0.07105779647827148,60254.0,15.891925811767578,603,1
StandardGSGP,4fc5a9f3-ad32-11ef-834f-e4a8dfc2a9a8,concrete_strength,0,67,16.71019744873047,0.0740501880645752,61282.0,15.840555191040039,603,1
StandardGSGP,4fc5a9f3-ad32-11ef-834f-e4a8dfc2a9a8,concrete_strength,0,68,16.663881301879883,0.06773018836975098,62322.0,15.763184547424316,627,1
StandardGSGP,4fc5a9f3-ad32-11ef-834f-e4a8dfc2a9a8,concrete_strength,0,69,16.611492156982422,0.0684819221496582,63294.0,15.719352722167969,635,1
StandardGSGP,4fc5a9f3-ad32-11ef-834f-e4a8dfc2a9a8,concrete_strength,0,70,16.572669982910156,0.06502127647399902,64324.0,15.681262969970703,641,1
StandardGSGP,4fc5a9f3-ad32-11ef-834f-e4a8dfc2a9a8,concrete_strength,0,71,16.544893264770508,0.06500411033630371,65378.0,15.667399406433105,653,1
StandardGSGP,4fc5a9f3-ad32-11ef-834f-e4a8dfc2a9a8,concrete_strength,0,72,16.498247146606445,0.06461787223815918,66222.0,15.602416038513184,669,1
StandardGSGP,4fc5a9f3-ad32-11ef-834f-e4a8dfc2a9a8,concrete_strength,0,73,16.46474266052246,0.06873703002929688,67186.0,15.597561836242676,667,1
StandardGSGP,4fc5a9f3-ad32-11ef-834f-e4a8dfc2a9a8,concrete_strength,0,74,16.36102867126465,0.06743168830871582,68108.0,15.474621772766113,683,1
StandardGSGP,4fc5a9f3-ad32-11ef-834f-e4a8dfc2a9a8,concrete_strength,0,75,16.32353973388672,0.0704348087310791,69022.0,15.439865112304688,693,1
StandardGSGP,4fc5a9f3-ad32-11ef-834f-e4a8dfc2a9a8,concrete_strength,0,76,16.30847930908203,0.14481782913208008,70244.0,15.435304641723633,695,1
StandardGSGP,4fc5a9f3-ad32-11ef-834f-e4a8dfc2a9a8,concrete_strength,0,77,16.245092391967773,0.06600332260131836,71124.0,15.382412910461426,723,1
StandardGSGP,4fc5a9f3-ad32-11ef-834f-e4a8dfc2a9a8,concrete_strength,0,78,16.239402770996094,0.06650733947753906,71680.0,15.37891960144043,733,1
StandardGSGP,4fc5a9f3-ad32-11ef-834f-e4a8dfc2a9a8,concrete_strength,0,79,16.20796775817871,0.06451058387756348,72622.0,15.341294288635254,735,1
StandardGSGP,4fc5a9f3-ad32-11ef-834f-e4a8dfc2a9a8,concrete_strength,0,80,16.196359634399414,0.06305789947509766,74178.0,15.327491760253906,751,1
StandardGSGP,4fc5a9f3-ad32-11ef-834f-e4a8dfc2a9a8,concrete_strength,0,81,16.17167091369629,0.06250786781311035,75156.0,15.319840431213379,739,1
StandardGSGP,4fc5a9f3-ad32-11ef-834f-e4a8dfc2a9a8,concrete_strength,0,82,16.14467430114746,0.06892275810241699,76136.0,15.312204360961914,747,1
StandardGSGP,4fc5a9f3-ad32-11ef-834f-e4a8dfc2a9a8,concrete_strength,0,83,16.062522888183594,0.06600189208984375,76932.0,15.209997177124023,769,1
StandardGSGP,4fc5a9f3-ad32-11ef-834f-e4a8dfc2a9a8,concrete_strength,0,84,16.062522888183594,0.06650900840759277,77540.0,15.209997177124023,769,1
StandardGSGP,4fc5a9f3-ad32-11ef-834f-e4a8dfc2a9a8,concrete_strength,0,85,15.977425575256348,0.06550884246826172,78444.0,15.13925838470459,785,1
StandardGSGP,4fc5a9f3-ad32-11ef-834f-e4a8dfc2a9a8,concrete_strength,0,86,15.969527244567871,0.06523942947387695,79484.0,15.130646705627441,791,1
StandardGSGP,4fc5a9f3-ad32-11ef-834f-e4a8dfc2a9a8,concrete_strength,0,87,15.936046600341797,0.06374812126159668,80096.0,15.091506958007812,793,1
StandardGSGP,4fc5a9f3-ad32-11ef-834f-e4a8dfc2a9a8,concrete_strength,0,88,15.916397094726562,0.06611514091491699,81162.0,15.072872161865234,809,1
StandardGSGP,4fc5a9f3-ad32-11ef-834f-e4a8dfc2a9a8,concrete_strength,0,89,15.818764686584473,0.07633590698242188,81940.0,14.96871566772461,819,1
StandardGSGP,4fc5a9f3-ad32-11ef-834f-e4a8dfc2a9a8,concrete_strength,0,90,15.818764686584473,0.07088708877563477,82342.0,14.96871566772461,819,1
StandardGSGP,4fc5a9f3-ad32-11ef-834f-e4a8dfc2a9a8,concrete_strength,0,91,15.791299819946289,0.07151460647583008,82814.0,14.979765892028809,841,1
StandardGSGP,4fc5a9f3-ad32-11ef-834f-e4a8dfc2a9a8,concrete_strength,0,92,15.77621841430664,0.06651425361633301,83666.0,14.919622421264648,837,1
StandardGSGP,4fc5a9f3-ad32-11ef-834f-e4a8dfc2a9a8,concrete_strength,0,93,15.723004341125488,0.0670013427734375,84654.0,14.878116607666016,849,1
StandardGSGP,4fc5a9f3-ad32-11ef-834f-e4a8dfc2a9a8,concrete_strength,0,94,15.69099235534668,0.07102084159851074,85544.0,14.850647926330566,857,1
StandardGSGP,4fc5a9f3-ad32-11ef-834f-e4a8dfc2a9a8,concrete_strength,0,95,15.622376441955566,0.06460118293762207,86454.0,14.771556854248047,867,1
StandardGSGP,4fc5a9f3-ad32-11ef-834f-e4a8dfc2a9a8,concrete_strength,0,96,15.598572731018066,0.07055497169494629,87380.0,14.751571655273438,873,1
StandardGSGP,4fc5a9f3-ad32-11ef-834f-e4a8dfc2a9a8,concrete_strength,0,97,15.562454223632812,0.07167935371398926,88400.0,14.714393615722656,883,1
StandardGSGP,4fc5a9f3-ad32-11ef-834f-e4a8dfc2a9a8,concrete_strength,0,98,15.524707794189453,0.06450939178466797,89172.0,14.676733016967773,891,1
StandardGSGP,4fc5a9f3-ad32-11ef-834f-e4a8dfc2a9a8,concrete_strength,0,99,15.485469818115234,0.06875348091125488,89646.0,14.654435157775879,897,1
StandardGSGP,4fc5a9f3-ad32-11ef-834f-e4a8dfc2a9a8,concrete_strength,0,100,15.45530891418457,0.06491470336914062,90392.0,14.615995407104492,913,1
