StandardGSGP,f906597a-ad31-11ef-b944-e4a8dfc2a9a8,concrete_strength,8,0,0.31558316946029663,0.03850984573364258,880.0,0.315522164106369,3,1
StandardGSGP,f906597a-ad31-11ef-b944-e4a8dfc2a9a8,concrete_strength,8,1,0.22702471911907196,0.060999393463134766,1556.0,0.23608438670635223,11,1
StandardGSGP,f906597a-ad31-11ef-b944-e4a8dfc2a9a8,concrete_strength,8,2,0.2103033810853958,0.05876779556274414,2338.0,0.20132626593112946,21,1
StandardGSGP,f906597a-ad31-11ef-b944-e4a8dfc2a9a8,concrete_strength,8,3,0.17782190442085266,0.06867027282714844,3052.0,0.17056317627429962,29,1
StandardGSGP,f906597a-ad31-11ef-b944-e4a8dfc2a9a8,concrete_strength,8,4,0.17720751464366913,0.06111645698547363,3882.0,0.17013414204120636,35,1
StandardGSGP,f906597a-ad31-11ef-b944-e4a8dfc2a9a8,concrete_strength,8,5,0.17720751464366913,0.06128048896789551,4784.0,0.17013414204120636,35,1
StandardGSGP,f906597a-ad31-11ef-b944-e4a8dfc2a9a8,concrete_strength,8,6,0.16853372752666473,0.0574648380279541,5704.0,0.15893639624118805,53,1
StandardGSGP,f906597a-ad31-11ef-b944-e4a8dfc2a9a8,concrete_strength,8,7,0.15655285120010376,0.059998512268066406,6154.0,0.14875313639640808,57,1
StandardGSGP,f906597a-ad31-11ef-b944-e4a8dfc2a9a8,concrete_strength,8,8,0.156518816947937,0.06150960922241211,6852.0,0.148820161819458,65,1
StandardGSGP,f906597a-ad31-11ef-b944-e4a8dfc2a9a8,concrete_strength,8,9,0.15594345331192017,0.06499266624450684,7940.0,0.14794400334358215,73,1
StandardGSGP,f906597a-ad31-11ef-b944-e4a8dfc2a9a8,concrete_strength,8,10,0.15594345331192017,0.06019473075866699,9048.0,0.14794400334358215,73,1
StandardGSGP,f906597a-ad31-11ef-b944-e4a8dfc2a9a8,concrete_strength,8,11,0.15594345331192017,0.06360197067260742,9768.0,0.14794400334358215,73,1
StandardGSGP,f906597a-ad31-11ef-b944-e4a8dfc2a9a8,concrete_strength,8,12,0.15542735159397125,0.05933070182800293,10484.0,0.1483975201845169,85,1
StandardGSGP,f906597a-ad31-11ef-b944-e4a8dfc2a9a8,concrete_strength,8,13,0.15478745102882385,0.06472325325012207,10818.0,0.1470545530319214,101,1
StandardGSGP,f906597a-ad31-11ef-b944-e4a8dfc2a9a8,concrete_strength,8,14,0.15084543824195862,0.06399369239807129,11522.0,0.13819003105163574,125,1
StandardGSGP,f906597a-ad31-11ef-b944-e4a8dfc2a9a8,concrete_strength,8,15,0.15084543824195862,0.06033515930175781,12236.0,0.13819003105163574,125,1
StandardGSGP,f906597a-ad31-11ef-b944-e4a8dfc2a9a8,concrete_strength,8,16,0.15084543824195862,0.07192778587341309,13030.0,0.13819003105163574,125,1
StandardGSGP,f906597a-ad31-11ef-b944-e4a8dfc2a9a8,concrete_strength,8,17,0.15084543824195862,0.06251382827758789,14082.0,0.13819003105163574,125,1
StandardGSGP,f906597a-ad31-11ef-b944-e4a8dfc2a9a8,concrete_strength,8,18,0.15084543824195862,0.05946683883666992,15318.0,0.13819003105163574,125,1
StandardGSGP,f906597a-ad31-11ef-b944-e4a8dfc2a9a8,concrete_strength,8,19,0.14918147027492523,0.06075429916381836,16232.0,0.14864060282707214,165,1
StandardGSGP,f906597a-ad31-11ef-b944-e4a8dfc2a9a8,concrete_strength,8,20,0.14918147027492523,0.06385326385498047,16804.0,0.14864060282707214,165,1
StandardGSGP,f906597a-ad31-11ef-b944-e4a8dfc2a9a8,concrete_strength,8,21,0.14918147027492523,0.06229901313781738,17638.0,0.14864060282707214,165,1
StandardGSGP,f906597a-ad31-11ef-b944-e4a8dfc2a9a8,concrete_strength,8,22,0.14918147027492523,0.06427121162414551,18174.0,0.14864060282707214,165,1
StandardGSGP,f906597a-ad31-11ef-b944-e4a8dfc2a9a8,concrete_strength,8,23,0.14918147027492523,0.060002803802490234,18992.0,0.14864060282707214,165,1
StandardGSGP,f906597a-ad31-11ef-b944-e4a8dfc2a9a8,concrete_strength,8,24,0.14918147027492523,0.059262752532958984,19652.0,0.14864060282707214,165,1
StandardGSGP,f906597a-ad31-11ef-b944-e4a8dfc2a9a8,concrete_strength,8,25,0.14252887666225433,0.06051182746887207,20434.0,0.1423744410276413,213,1
StandardGSGP,f906597a-ad31-11ef-b944-e4a8dfc2a9a8,concrete_strength,8,26,0.1422126293182373,0.059516191482543945,21238.0,0.1432778239250183,223,1
StandardGSGP,f906597a-ad31-11ef-b944-e4a8dfc2a9a8,concrete_strength,8,27,0.14079521596431732,0.06379318237304688,21774.0,0.14203962683677673,223,1
StandardGSGP,f906597a-ad31-11ef-b944-e4a8dfc2a9a8,concrete_strength,8,28,0.13922983407974243,0.061509132385253906,22976.0,0.14219415187835693,229,1
StandardGSGP,f906597a-ad31-11ef-b944-e4a8dfc2a9a8,concrete_strength,8,29,0.13922983407974243,0.06188559532165527,23368.0,0.14219415187835693,229,1
StandardGSGP,f906597a-ad31-11ef-b944-e4a8dfc2a9a8,concrete_strength,8,30,0.13922983407974243,0.06289815902709961,24246.0,0.14219415187835693,229,1
StandardGSGP,f906597a-ad31-11ef-b944-e4a8dfc2a9a8,concrete_strength,8,31,0.13922983407974243,0.06592464447021484,25746.0,0.14219415187835693,229,1
StandardGSGP,f906597a-ad31-11ef-b944-e4a8dfc2a9a8,concrete_strength,8,32,0.13892658054828644,0.0689995288848877,26484.0,0.1340472400188446,263,1
StandardGSGP,f906597a-ad31-11ef-b944-e4a8dfc2a9a8,concrete_strength,8,33,0.1367505043745041,0.057758331298828125,26932.0,0.14577017724514008,251,1
StandardGSGP,f906597a-ad31-11ef-b944-e4a8dfc2a9a8,concrete_strength,8,34,0.1357397586107254,0.05900073051452637,27682.0,0.14406941831111908,263,1
StandardGSGP,f906597a-ad31-11ef-b944-e4a8dfc2a9a8,concrete_strength,8,35,0.13167911767959595,0.06150484085083008,28478.0,0.14048385620117188,271,1
StandardGSGP,f906597a-ad31-11ef-b944-e4a8dfc2a9a8,concrete_strength,8,36,0.13167911767959595,0.06050682067871094,29198.0,0.14048385620117188,271,1
StandardGSGP,f906597a-ad31-11ef-b944-e4a8dfc2a9a8,concrete_strength,8,37,0.13127858936786652,0.06801128387451172,29928.0,0.14053665101528168,295,1
StandardGSGP,f906597a-ad31-11ef-b944-e4a8dfc2a9a8,concrete_strength,8,38,0.13127858936786652,0.06531476974487305,30136.0,0.14053665101528168,295,1
StandardGSGP,f906597a-ad31-11ef-b944-e4a8dfc2a9a8,concrete_strength,8,39,0.13127858936786652,0.060520172119140625,30364.0,0.14053665101528168,295,1
StandardGSGP,f906597a-ad31-11ef-b944-e4a8dfc2a9a8,concrete_strength,8,40,0.13127858936786652,0.06092667579650879,31348.0,0.14053665101528168,295,1
StandardGSGP,f906597a-ad31-11ef-b944-e4a8dfc2a9a8,concrete_strength,8,41,0.1286323070526123,0.06225228309631348,32332.0,0.13490378856658936,311,1
StandardGSGP,f906597a-ad31-11ef-b944-e4a8dfc2a9a8,concrete_strength,8,42,0.1286323070526123,0.05925416946411133,33266.0,0.13490378856658936,311,1
StandardGSGP,f906597a-ad31-11ef-b944-e4a8dfc2a9a8,concrete_strength,8,43,0.1286323070526123,0.06231379508972168,33848.0,0.13490378856658936,311,1
StandardGSGP,f906597a-ad31-11ef-b944-e4a8dfc2a9a8,concrete_strength,8,44,0.1286323070526123,0.06285738945007324,34372.0,0.13490378856658936,311,1
StandardGSGP,f906597a-ad31-11ef-b944-e4a8dfc2a9a8,concrete_strength,8,45,0.1286323070526123,0.05858635902404785,35140.0,0.13490378856658936,311,1
StandardGSGP,f906597a-ad31-11ef-b944-e4a8dfc2a9a8,concrete_strength,8,46,0.1286323070526123,0.06351041793823242,35962.0,0.13490378856658936,311,1
StandardGSGP,f906597a-ad31-11ef-b944-e4a8dfc2a9a8,concrete_strength,8,47,0.1286323070526123,0.06335735321044922,36676.0,0.13490378856658936,311,1
StandardGSGP,f906597a-ad31-11ef-b944-e4a8dfc2a9a8,concrete_strength,8,48,0.1286323070526123,0.0620577335357666,37278.0,0.13490378856658936,311,1
StandardGSGP,f906597a-ad31-11ef-b944-e4a8dfc2a9a8,concrete_strength,8,49,0.1286323070526123,0.06354117393493652,37996.0,0.13490378856658936,311,1
StandardGSGP,f906597a-ad31-11ef-b944-e4a8dfc2a9a8,concrete_strength,8,50,0.1286323070526123,0.06116986274719238,39176.0,0.13490378856658936,311,1
StandardGSGP,f906597a-ad31-11ef-b944-e4a8dfc2a9a8,concrete_strength,8,51,0.1286323070526123,0.061380624771118164,39982.0,0.13490378856658936,311,1
StandardGSGP,f906597a-ad31-11ef-b944-e4a8dfc2a9a8,concrete_strength,8,52,0.1286323070526123,0.06124997138977051,40570.0,0.13490378856658936,311,1
StandardGSGP,f906597a-ad31-11ef-b944-e4a8dfc2a9a8,concrete_strength,8,53,0.1286323070526123,0.06598210334777832,41996.0,0.13490378856658936,311,1
StandardGSGP,f906597a-ad31-11ef-b944-e4a8dfc2a9a8,concrete_strength,8,54,0.1286323070526123,0.06908202171325684,41074.0,0.13490378856658936,311,1
StandardGSGP,f906597a-ad31-11ef-b944-e4a8dfc2a9a8,concrete_strength,8,55,0.12824146449565887,0.06551718711853027,39706.0,0.13457567989826202,323,1
StandardGSGP,f906597a-ad31-11ef-b944-e4a8dfc2a9a8,concrete_strength,8,56,0.12824146449565887,0.06587481498718262,39116.0,0.13457567989826202,323,1
StandardGSGP,f906597a-ad31-11ef-b944-e4a8dfc2a9a8,concrete_strength,8,57,0.12824146449565887,0.06337380409240723,39638.0,0.13457567989826202,323,1
StandardGSGP,f906597a-ad31-11ef-b944-e4a8dfc2a9a8,concrete_strength,8,58,0.12824146449565887,0.06702589988708496,39984.0,0.13457567989826202,323,1
StandardGSGP,f906597a-ad31-11ef-b944-e4a8dfc2a9a8,concrete_strength,8,59,0.12824146449565887,0.057507991790771484,40534.0,0.13457567989826202,323,1
StandardGSGP,f906597a-ad31-11ef-b944-e4a8dfc2a9a8,concrete_strength,8,60,0.12824146449565887,0.05935168266296387,38798.0,0.13457567989826202,323,1
StandardGSGP,f906597a-ad31-11ef-b944-e4a8dfc2a9a8,concrete_strength,8,61,0.1277947872877121,0.06140875816345215,38422.0,0.13355006277561188,333,1
StandardGSGP,f906597a-ad31-11ef-b944-e4a8dfc2a9a8,concrete_strength,8,62,0.1277947872877121,0.059189558029174805,38306.0,0.13355006277561188,333,1
StandardGSGP,f906597a-ad31-11ef-b944-e4a8dfc2a9a8,concrete_strength,8,63,0.1277947872877121,0.06135869026184082,38134.0,0.13355006277561188,333,1
StandardGSGP,f906597a-ad31-11ef-b944-e4a8dfc2a9a8,concrete_strength,8,64,0.12728360295295715,0.06114506721496582,38072.0,0.13400296866893768,339,1
StandardGSGP,f906597a-ad31-11ef-b944-e4a8dfc2a9a8,concrete_strength,8,65,0.12728360295295715,0.059992313385009766,38820.0,0.13400296866893768,339,1
StandardGSGP,f906597a-ad31-11ef-b944-e4a8dfc2a9a8,concrete_strength,8,66,0.12653949856758118,0.06387186050415039,38340.0,0.13450780510902405,349,1
StandardGSGP,f906597a-ad31-11ef-b944-e4a8dfc2a9a8,concrete_strength,8,67,0.12653949856758118,0.13886046409606934,38530.0,0.13450780510902405,349,1
StandardGSGP,f906597a-ad31-11ef-b944-e4a8dfc2a9a8,concrete_strength,8,68,0.12501390278339386,0.06089949607849121,38988.0,0.13364431262016296,355,1
StandardGSGP,f906597a-ad31-11ef-b944-e4a8dfc2a9a8,concrete_strength,8,69,0.12501390278339386,0.059510231018066406,39162.0,0.13364431262016296,355,1
StandardGSGP,f906597a-ad31-11ef-b944-e4a8dfc2a9a8,concrete_strength,8,70,0.12501390278339386,0.06326580047607422,39598.0,0.13364431262016296,355,1
StandardGSGP,f906597a-ad31-11ef-b944-e4a8dfc2a9a8,concrete_strength,8,71,0.12501390278339386,0.06134390830993652,40130.0,0.13364431262016296,355,1
StandardGSGP,f906597a-ad31-11ef-b944-e4a8dfc2a9a8,concrete_strength,8,72,0.12501390278339386,0.05876898765563965,40566.0,0.13364431262016296,355,1
StandardGSGP,f906597a-ad31-11ef-b944-e4a8dfc2a9a8,concrete_strength,8,73,0.12501390278339386,0.0630040168762207,40422.0,0.13364431262016296,355,1
StandardGSGP,f906597a-ad31-11ef-b944-e4a8dfc2a9a8,concrete_strength,8,74,0.12501390278339386,0.060083866119384766,41230.0,0.13364431262016296,355,1
StandardGSGP,f906597a-ad31-11ef-b944-e4a8dfc2a9a8,concrete_strength,8,75,0.12501390278339386,0.06100726127624512,42066.0,0.13364431262016296,355,1
StandardGSGP,f906597a-ad31-11ef-b944-e4a8dfc2a9a8,concrete_strength,8,76,0.12501390278339386,0.060051918029785156,42450.0,0.13364431262016296,355,1
StandardGSGP,f906597a-ad31-11ef-b944-e4a8dfc2a9a8,concrete_strength,8,77,0.12501390278339386,0.06873846054077148,43632.0,0.13364431262016296,355,1
StandardGSGP,f906597a-ad31-11ef-b944-e4a8dfc2a9a8,concrete_strength,8,78,0.12501390278339386,0.06900596618652344,44564.0,0.13364431262016296,355,1
StandardGSGP,f906597a-ad31-11ef-b944-e4a8dfc2a9a8,concrete_strength,8,79,0.12501390278339386,0.058507442474365234,45440.0,0.13364431262016296,355,1
StandardGSGP,f906597a-ad31-11ef-b944-e4a8dfc2a9a8,concrete_strength,8,80,0.12501390278339386,0.0605165958404541,45400.0,0.13364431262016296,355,1
StandardGSGP,f906597a-ad31-11ef-b944-e4a8dfc2a9a8,concrete_strength,8,81,0.12501390278339386,0.059998273849487305,44788.0,0.13364431262016296,355,1
StandardGSGP,f906597a-ad31-11ef-b944-e4a8dfc2a9a8,concrete_strength,8,82,0.12501390278339386,0.06151413917541504,43128.0,0.13364431262016296,355,1
StandardGSGP,f906597a-ad31-11ef-b944-e4a8dfc2a9a8,concrete_strength,8,83,0.12501390278339386,0.060523033142089844,42920.0,0.13364431262016296,355,1
StandardGSGP,f906597a-ad31-11ef-b944-e4a8dfc2a9a8,concrete_strength,8,84,0.12501390278339386,0.06078481674194336,42600.0,0.13364431262016296,355,1
StandardGSGP,f906597a-ad31-11ef-b944-e4a8dfc2a9a8,concrete_strength,8,85,0.12498937547206879,0.06319046020507812,42290.0,0.13364477455615997,367,1
StandardGSGP,f906597a-ad31-11ef-b944-e4a8dfc2a9a8,concrete_strength,8,86,0.12498937547206879,0.06700491905212402,41694.0,0.13364477455615997,367,1
StandardGSGP,f906597a-ad31-11ef-b944-e4a8dfc2a9a8,concrete_strength,8,87,0.12498937547206879,0.06299734115600586,41784.0,0.13364477455615997,367,1
StandardGSGP,f906597a-ad31-11ef-b944-e4a8dfc2a9a8,concrete_strength,8,88,0.12498937547206879,0.06253814697265625,42902.0,0.13364477455615997,367,1
StandardGSGP,f906597a-ad31-11ef-b944-e4a8dfc2a9a8,concrete_strength,8,89,0.12498937547206879,0.06300878524780273,43900.0,0.13364477455615997,367,1
StandardGSGP,f906597a-ad31-11ef-b944-e4a8dfc2a9a8,concrete_strength,8,90,0.12497521191835403,0.06637430191040039,44490.0,0.13362807035446167,377,1
StandardGSGP,f906597a-ad31-11ef-b944-e4a8dfc2a9a8,concrete_strength,8,91,0.12497521191835403,0.06468892097473145,44698.0,0.13362807035446167,377,1
StandardGSGP,f906597a-ad31-11ef-b944-e4a8dfc2a9a8,concrete_strength,8,92,0.12497521191835403,0.06201052665710449,45018.0,0.13362807035446167,377,1
StandardGSGP,f906597a-ad31-11ef-b944-e4a8dfc2a9a8,concrete_strength,8,93,0.1226300299167633,0.06250739097595215,44412.0,0.13643714785575867,463,1
StandardGSGP,f906597a-ad31-11ef-b944-e4a8dfc2a9a8,concrete_strength,8,94,0.12089002877473831,0.06251311302185059,44930.0,0.1309242695569992,493,1
StandardGSGP,f906597a-ad31-11ef-b944-e4a8dfc2a9a8,concrete_strength,8,95,0.12089002877473831,0.06841516494750977,45488.0,0.1309242695569992,493,1
StandardGSGP,f906597a-ad31-11ef-b944-e4a8dfc2a9a8,concrete_strength,8,96,0.12089002877473831,0.05650615692138672,45778.0,0.1309242695569992,493,1
StandardGSGP,f906597a-ad31-11ef-b944-e4a8dfc2a9a8,concrete_strength,8,97,0.12089002877473831,0.06051063537597656,45366.0,0.1309242695569992,493,1
StandardGSGP,f906597a-ad31-11ef-b944-e4a8dfc2a9a8,concrete_strength,8,98,0.12026654183864594,0.0599977970123291,46108.0,0.1295243799686432,499,1
StandardGSGP,f906597a-ad31-11ef-b944-e4a8dfc2a9a8,concrete_strength,8,99,0.12026654183864594,0.0665121078491211,47318.0,0.1295243799686432,499,1
StandardGSGP,f906597a-ad31-11ef-b944-e4a8dfc2a9a8,concrete_strength,8,100,0.12025448679924011,0.06151413917541504,48568.0,0.12952223420143127,507,1
StandardGSGP,724dfdf8-ad32-11ef-b944-e4a8dfc2a9a8,concrete_strength,8,0,33.48368453979492,0.04293513298034668,880.0,34.89875030517578,3,1
StandardGSGP,724dfdf8-ad32-11ef-b944-e4a8dfc2a9a8,concrete_strength,8,1,32.962039947509766,0.07351398468017578,1436.0,34.37214660644531,9,1
StandardGSGP,724dfdf8-ad32-11ef-b944-e4a8dfc2a9a8,concrete_strength,8,2,32.66927719116211,0.07115745544433594,2228.0,34.11765670776367,25,1
StandardGSGP,724dfdf8-ad32-11ef-b944-e4a8dfc2a9a8,concrete_strength,8,3,32.329097747802734,0.07562994956970215,2896.0,33.77896499633789,31,1
StandardGSGP,724dfdf8-ad32-11ef-b944-e4a8dfc2a9a8,concrete_strength,8,4,31.786951065063477,0.06751060485839844,3906.0,33.189151763916016,37,1
StandardGSGP,724dfdf8-ad32-11ef-b944-e4a8dfc2a9a8,concrete_strength,8,5,31.432079315185547,0.06530046463012695,4892.0,32.801055908203125,45,1
StandardGSGP,724dfdf8-ad32-11ef-b944-e4a8dfc2a9a8,concrete_strength,8,6,31.431621551513672,0.06552624702453613,5672.0,32.80073547363281,55,1
StandardGSGP,724dfdf8-ad32-11ef-b944-e4a8dfc2a9a8,concrete_strength,8,7,30.753150939941406,0.06951904296875,6422.0,32.05823516845703,67,1
StandardGSGP,724dfdf8-ad32-11ef-b944-e4a8dfc2a9a8,concrete_strength,8,8,30.188005447387695,0.07002139091491699,7036.0,31.498510360717773,75,1
StandardGSGP,724dfdf8-ad32-11ef-b944-e4a8dfc2a9a8,concrete_strength,8,9,29.83301544189453,0.06900238990783691,7936.0,31.13900375366211,85,1
StandardGSGP,724dfdf8-ad32-11ef-b944-e4a8dfc2a9a8,concrete_strength,8,10,29.83301544189453,0.06587409973144531,8770.0,31.13900375366211,85,1
StandardGSGP,724dfdf8-ad32-11ef-b944-e4a8dfc2a9a8,concrete_strength,8,11,29.017589569091797,0.07368206977844238,9618.0,30.311674118041992,95,1
StandardGSGP,724dfdf8-ad32-11ef-b944-e4a8dfc2a9a8,concrete_strength,8,12,28.754989624023438,0.06400871276855469,10430.0,30.041038513183594,105,1
StandardGSGP,724dfdf8-ad32-11ef-b944-e4a8dfc2a9a8,concrete_strength,8,13,28.620426177978516,0.06450748443603516,11218.0,29.866924285888672,113,1
StandardGSGP,724dfdf8-ad32-11ef-b944-e4a8dfc2a9a8,concrete_strength,8,14,28.265596389770508,0.0654761791229248,12078.0,29.505779266357422,131,1
StandardGSGP,724dfdf8-ad32-11ef-b944-e4a8dfc2a9a8,concrete_strength,8,15,27.975021362304688,0.06863927841186523,13142.0,29.181568145751953,141,1
StandardGSGP,724dfdf8-ad32-11ef-b944-e4a8dfc2a9a8,concrete_strength,8,16,27.576248168945312,0.06670212745666504,13954.0,28.876535415649414,145,1
StandardGSGP,724dfdf8-ad32-11ef-b944-e4a8dfc2a9a8,concrete_strength,8,17,27.217082977294922,0.06601905822753906,15006.0,28.498876571655273,153,1
StandardGSGP,724dfdf8-ad32-11ef-b944-e4a8dfc2a9a8,concrete_strength,8,18,26.959732055664062,0.06363224983215332,15728.0,28.240257263183594,157,1
StandardGSGP,724dfdf8-ad32-11ef-b944-e4a8dfc2a9a8,concrete_strength,8,19,26.652402877807617,0.07199716567993164,16458.0,27.9255428314209,165,1
StandardGSGP,724dfdf8-ad32-11ef-b944-e4a8dfc2a9a8,concrete_strength,8,20,26.096256256103516,0.07023286819458008,17232.0,27.387664794921875,171,1
StandardGSGP,724dfdf8-ad32-11ef-b944-e4a8dfc2a9a8,concrete_strength,8,21,25.830293655395508,0.06850576400756836,18244.0,27.1253604888916,183,1
StandardGSGP,724dfdf8-ad32-11ef-b944-e4a8dfc2a9a8,concrete_strength,8,22,25.81103515625,0.06300044059753418,19322.0,27.101972579956055,199,1
StandardGSGP,724dfdf8-ad32-11ef-b944-e4a8dfc2a9a8,concrete_strength,8,23,25.498790740966797,0.06550908088684082,20184.0,26.749773025512695,205,1
StandardGSGP,724dfdf8-ad32-11ef-b944-e4a8dfc2a9a8,concrete_strength,8,24,25.04722023010254,0.06651067733764648,21258.0,26.298141479492188,217,1
StandardGSGP,724dfdf8-ad32-11ef-b944-e4a8dfc2a9a8,concrete_strength,8,25,24.85588264465332,0.06815981864929199,22360.0,26.1055965423584,231,1
StandardGSGP,724dfdf8-ad32-11ef-b944-e4a8dfc2a9a8,concrete_strength,8,26,24.4368953704834,0.0664985179901123,23504.0,25.69453239440918,233,1
StandardGSGP,724dfdf8-ad32-11ef-b944-e4a8dfc2a9a8,concrete_strength,8,27,24.29810333251953,0.07318258285522461,24492.0,25.512590408325195,255,1
StandardGSGP,724dfdf8-ad32-11ef-b944-e4a8dfc2a9a8,concrete_strength,8,28,24.152944564819336,0.06491327285766602,25464.0,25.45306396484375,247,1
StandardGSGP,724dfdf8-ad32-11ef-b944-e4a8dfc2a9a8,concrete_strength,8,29,23.64087677001953,0.06743979454040527,26408.0,24.84374237060547,265,1
StandardGSGP,724dfdf8-ad32-11ef-b944-e4a8dfc2a9a8,concrete_strength,8,30,22.967636108398438,0.06942129135131836,27586.0,24.14586067199707,275,1
StandardGSGP,724dfdf8-ad32-11ef-b944-e4a8dfc2a9a8,concrete_strength,8,31,22.967636108398438,0.1423788070678711,28424.0,24.14586067199707,275,1
StandardGSGP,724dfdf8-ad32-11ef-b944-e4a8dfc2a9a8,concrete_strength,8,32,22.762868881225586,0.07410335540771484,28958.0,23.902801513671875,299,1
StandardGSGP,724dfdf8-ad32-11ef-b944-e4a8dfc2a9a8,concrete_strength,8,33,22.536174774169922,0.06518840789794922,29922.0,23.695476531982422,301,1
StandardGSGP,724dfdf8-ad32-11ef-b944-e4a8dfc2a9a8,concrete_strength,8,34,22.353734970092773,0.06412458419799805,30952.0,23.48543357849121,311,1
StandardGSGP,724dfdf8-ad32-11ef-b944-e4a8dfc2a9a8,concrete_strength,8,35,22.202198028564453,0.06902241706848145,31866.0,23.326416015625,307,1
StandardGSGP,724dfdf8-ad32-11ef-b944-e4a8dfc2a9a8,concrete_strength,8,36,21.599531173706055,0.0654306411743164,32700.0,22.67074203491211,327,1
StandardGSGP,724dfdf8-ad32-11ef-b944-e4a8dfc2a9a8,concrete_strength,8,37,21.478954315185547,0.06700277328491211,33710.0,22.56572723388672,335,1
StandardGSGP,724dfdf8-ad32-11ef-b944-e4a8dfc2a9a8,concrete_strength,8,38,21.197715759277344,0.06700468063354492,34438.0,22.269071578979492,341,1
StandardGSGP,724dfdf8-ad32-11ef-b944-e4a8dfc2a9a8,concrete_strength,8,39,20.85198974609375,0.06951045989990234,35130.0,21.90420150756836,347,1
StandardGSGP,724dfdf8-ad32-11ef-b944-e4a8dfc2a9a8,concrete_strength,8,40,20.393409729003906,0.06792736053466797,35684.0,21.41571617126465,363,1
StandardGSGP,724dfdf8-ad32-11ef-b944-e4a8dfc2a9a8,concrete_strength,8,41,20.393409729003906,0.07093000411987305,36410.0,21.41571617126465,363,1
StandardGSGP,724dfdf8-ad32-11ef-b944-e4a8dfc2a9a8,concrete_strength,8,42,20.04496192932129,0.060509443283081055,37362.0,20.98209571838379,389,1
StandardGSGP,724dfdf8-ad32-11ef-b944-e4a8dfc2a9a8,concrete_strength,8,43,19.906370162963867,0.06961584091186523,38416.0,20.808334350585938,393,1
StandardGSGP,724dfdf8-ad32-11ef-b944-e4a8dfc2a9a8,concrete_strength,8,44,19.50174903869629,0.07100462913513184,39568.0,20.431575775146484,409,1
StandardGSGP,724dfdf8-ad32-11ef-b944-e4a8dfc2a9a8,concrete_strength,8,45,19.42074966430664,0.06450963020324707,40760.0,20.337207794189453,421,1
StandardGSGP,724dfdf8-ad32-11ef-b944-e4a8dfc2a9a8,concrete_strength,8,46,19.05074691772461,0.07475495338439941,42068.0,19.95033073425293,423,1
StandardGSGP,724dfdf8-ad32-11ef-b944-e4a8dfc2a9a8,concrete_strength,8,47,18.543672561645508,0.07505083084106445,43062.0,19.399328231811523,435,1
StandardGSGP,724dfdf8-ad32-11ef-b944-e4a8dfc2a9a8,concrete_strength,8,48,18.388566970825195,0.06540107727050781,44340.0,19.23031234741211,441,1
StandardGSGP,724dfdf8-ad32-11ef-b944-e4a8dfc2a9a8,concrete_strength,8,49,18.25873565673828,0.065704345703125,45430.0,19.105342864990234,445,1
StandardGSGP,724dfdf8-ad32-11ef-b944-e4a8dfc2a9a8,concrete_strength,8,50,18.07548713684082,0.06791567802429199,45956.0,18.85888671875,461,1
StandardGSGP,724dfdf8-ad32-11ef-b944-e4a8dfc2a9a8,concrete_strength,8,51,17.87618637084961,0.07199907302856445,46546.0,18.6536865234375,475,1
StandardGSGP,724dfdf8-ad32-11ef-b944-e4a8dfc2a9a8,concrete_strength,8,52,17.65776824951172,0.06949996948242188,47570.0,18.40481185913086,483,1
StandardGSGP,724dfdf8-ad32-11ef-b944-e4a8dfc2a9a8,concrete_strength,8,53,17.633840560913086,0.07081103324890137,48660.0,18.406309127807617,495,1
StandardGSGP,724dfdf8-ad32-11ef-b944-e4a8dfc2a9a8,concrete_strength,8,54,17.40443992614746,0.06651568412780762,49686.0,18.083269119262695,491,1
StandardGSGP,724dfdf8-ad32-11ef-b944-e4a8dfc2a9a8,concrete_strength,8,55,17.17962074279785,0.07260346412658691,50540.0,17.828380584716797,499,1
StandardGSGP,724dfdf8-ad32-11ef-b944-e4a8dfc2a9a8,concrete_strength,8,56,17.012514114379883,0.07125711441040039,51448.0,17.63566780090332,507,1
StandardGSGP,724dfdf8-ad32-11ef-b944-e4a8dfc2a9a8,concrete_strength,8,57,16.82533073425293,0.06751108169555664,52320.0,17.424213409423828,513,1
StandardGSGP,724dfdf8-ad32-11ef-b944-e4a8dfc2a9a8,concrete_strength,8,58,16.762683868408203,0.07200479507446289,53114.0,17.347551345825195,529,1
StandardGSGP,724dfdf8-ad32-11ef-b944-e4a8dfc2a9a8,concrete_strength,8,59,16.60894012451172,0.06650686264038086,53896.0,17.167509078979492,539,1
StandardGSGP,724dfdf8-ad32-11ef-b944-e4a8dfc2a9a8,concrete_strength,8,60,16.388927459716797,0.06850719451904297,54730.0,16.864633560180664,547,1
StandardGSGP,724dfdf8-ad32-11ef-b944-e4a8dfc2a9a8,concrete_strength,8,61,16.388927459716797,0.06500363349914551,55712.0,16.864633560180664,547,1
StandardGSGP,724dfdf8-ad32-11ef-b944-e4a8dfc2a9a8,concrete_strength,8,62,16.28382110595703,0.06395220756530762,56408.0,16.733339309692383,559,1
StandardGSGP,724dfdf8-ad32-11ef-b944-e4a8dfc2a9a8,concrete_strength,8,63,16.177202224731445,0.06564593315124512,57264.0,16.59278106689453,569,1
StandardGSGP,724dfdf8-ad32-11ef-b944-e4a8dfc2a9a8,concrete_strength,8,64,16.045185089111328,0.0650026798248291,57854.0,16.4449405670166,577,1
StandardGSGP,724dfdf8-ad32-11ef-b944-e4a8dfc2a9a8,concrete_strength,8,65,15.9518461227417,0.06966423988342285,58838.0,16.3171329498291,591,1
StandardGSGP,724dfdf8-ad32-11ef-b944-e4a8dfc2a9a8,concrete_strength,8,66,15.891650199890137,0.06610751152038574,59672.0,16.235919952392578,597,1
StandardGSGP,724dfdf8-ad32-11ef-b944-e4a8dfc2a9a8,concrete_strength,8,67,15.823371887207031,0.07054924964904785,60492.0,16.138473510742188,603,1
StandardGSGP,724dfdf8-ad32-11ef-b944-e4a8dfc2a9a8,concrete_strength,8,68,15.749124526977539,0.06798577308654785,61548.0,16.031822204589844,611,1
StandardGSGP,724dfdf8-ad32-11ef-b944-e4a8dfc2a9a8,concrete_strength,8,69,15.68007755279541,0.06788825988769531,62340.0,15.930000305175781,617,1
StandardGSGP,724dfdf8-ad32-11ef-b944-e4a8dfc2a9a8,concrete_strength,8,70,15.570120811462402,0.06852245330810547,63006.0,15.86049747467041,631,1
StandardGSGP,724dfdf8-ad32-11ef-b944-e4a8dfc2a9a8,concrete_strength,8,71,15.535110473632812,0.06900310516357422,63812.0,15.831727981567383,647,1
StandardGSGP,724dfdf8-ad32-11ef-b944-e4a8dfc2a9a8,concrete_strength,8,72,15.379461288452148,0.06995844841003418,64766.0,15.600558280944824,643,1
StandardGSGP,724dfdf8-ad32-11ef-b944-e4a8dfc2a9a8,concrete_strength,8,73,15.288142204284668,0.07250809669494629,65656.0,15.476212501525879,651,1
StandardGSGP,724dfdf8-ad32-11ef-b944-e4a8dfc2a9a8,concrete_strength,8,74,15.236043930053711,0.06400299072265625,66480.0,15.402503967285156,661,1
StandardGSGP,724dfdf8-ad32-11ef-b944-e4a8dfc2a9a8,concrete_strength,8,75,15.175769805908203,0.06600165367126465,67220.0,15.352655410766602,667,1
StandardGSGP,724dfdf8-ad32-11ef-b944-e4a8dfc2a9a8,concrete_strength,8,76,15.161474227905273,0.06793379783630371,67810.0,15.319031715393066,677,1
StandardGSGP,724dfdf8-ad32-11ef-b944-e4a8dfc2a9a8,concrete_strength,8,77,15.131331443786621,0.0685129165649414,68702.0,15.277924537658691,683,1
StandardGSGP,724dfdf8-ad32-11ef-b944-e4a8dfc2a9a8,concrete_strength,8,78,15.092966079711914,0.06703329086303711,69614.0,15.247784614562988,699,1
StandardGSGP,724dfdf8-ad32-11ef-b944-e4a8dfc2a9a8,concrete_strength,8,79,15.044561386108398,0.06467914581298828,70330.0,15.176871299743652,705,1
StandardGSGP,724dfdf8-ad32-11ef-b944-e4a8dfc2a9a8,concrete_strength,8,80,14.926836967468262,0.06424236297607422,71238.0,15.0890531539917,713,1
StandardGSGP,724dfdf8-ad32-11ef-b944-e4a8dfc2a9a8,concrete_strength,8,81,14.8858060836792,0.06630444526672363,72358.0,15.040888786315918,721,1
StandardGSGP,724dfdf8-ad32-11ef-b944-e4a8dfc2a9a8,concrete_strength,8,82,14.87434196472168,0.06597208976745605,73132.0,15.030141830444336,729,1
StandardGSGP,724dfdf8-ad32-11ef-b944-e4a8dfc2a9a8,concrete_strength,8,83,14.823126792907715,0.0684809684753418,74010.0,14.967756271362305,735,1
StandardGSGP,724dfdf8-ad32-11ef-b944-e4a8dfc2a9a8,concrete_strength,8,84,14.812569618225098,0.06499743461608887,74608.0,15.008255958557129,737,1
StandardGSGP,724dfdf8-ad32-11ef-b944-e4a8dfc2a9a8,concrete_strength,8,85,14.761151313781738,0.0673532485961914,75040.0,14.909875869750977,749,1
StandardGSGP,724dfdf8-ad32-11ef-b944-e4a8dfc2a9a8,concrete_strength,8,86,14.756775856018066,0.06551098823547363,75872.0,14.888486862182617,753,1
StandardGSGP,724dfdf8-ad32-11ef-b944-e4a8dfc2a9a8,concrete_strength,8,87,14.737537384033203,0.06647062301635742,76736.0,14.872452735900879,763,1
StandardGSGP,724dfdf8-ad32-11ef-b944-e4a8dfc2a9a8,concrete_strength,8,88,14.67818546295166,0.06550765037536621,77578.0,14.764693260192871,773,1
StandardGSGP,724dfdf8-ad32-11ef-b944-e4a8dfc2a9a8,concrete_strength,8,89,14.667118072509766,0.140167236328125,78434.0,14.780202865600586,773,1
StandardGSGP,724dfdf8-ad32-11ef-b944-e4a8dfc2a9a8,concrete_strength,8,90,14.617783546447754,0.06791830062866211,79032.0,14.70469856262207,787,1
StandardGSGP,724dfdf8-ad32-11ef-b944-e4a8dfc2a9a8,concrete_strength,8,91,14.59024429321289,0.06522631645202637,79700.0,14.674428939819336,787,1
StandardGSGP,724dfdf8-ad32-11ef-b944-e4a8dfc2a9a8,concrete_strength,8,92,14.56589412689209,0.06850862503051758,80648.0,14.618599891662598,799,1
StandardGSGP,724dfdf8-ad32-11ef-b944-e4a8dfc2a9a8,concrete_strength,8,93,14.509963035583496,0.06552910804748535,81438.0,14.625445365905762,809,1
StandardGSGP,724dfdf8-ad32-11ef-b944-e4a8dfc2a9a8,concrete_strength,8,94,14.473551750183105,0.06501889228820801,82348.0,14.556136131286621,817,1
StandardGSGP,724dfdf8-ad32-11ef-b944-e4a8dfc2a9a8,concrete_strength,8,95,14.468481063842773,0.07226300239562988,82898.0,14.570140838623047,833,1
StandardGSGP,724dfdf8-ad32-11ef-b944-e4a8dfc2a9a8,concrete_strength,8,96,14.376178741455078,0.06409597396850586,83462.0,14.47429370880127,841,1
StandardGSGP,724dfdf8-ad32-11ef-b944-e4a8dfc2a9a8,concrete_strength,8,97,14.356696128845215,0.06775259971618652,84434.0,14.468306541442871,847,1
StandardGSGP,724dfdf8-ad32-11ef-b944-e4a8dfc2a9a8,concrete_strength,8,98,14.34455680847168,0.06750917434692383,85310.0,14.429699897766113,865,1
StandardGSGP,724dfdf8-ad32-11ef-b944-e4a8dfc2a9a8,concrete_strength,8,99,14.310123443603516,0.06599998474121094,86176.0,14.400755882263184,873,1
StandardGSGP,724dfdf8-ad32-11ef-b944-e4a8dfc2a9a8,concrete_strength,8,100,14.274662017822266,0.06385207176208496,87140.0,14.363649368286133,879,1
