StandardGSGP,4bd952c3-ad32-11ef-932f-e4a8dfc2a9a8,concrete_strength,29,0,0.2762867510318756,0.037850379943847656,880.0,0.29760998487472534,3,1
StandardGSGP,4bd952c3-ad32-11ef-932f-e4a8dfc2a9a8,concrete_strength,29,1,0.26181307435035706,0.06112241744995117,1476.0,0.26092395186424255,19,1
StandardGSGP,4bd952c3-ad32-11ef-932f-e4a8dfc2a9a8,concrete_strength,29,2,0.2077636420726776,0.06200528144836426,2244.0,0.21295109391212463,19,1
StandardGSGP,4bd952c3-ad32-11ef-932f-e4a8dfc2a9a8,concrete_strength,29,3,0.2077636420726776,0.0663917064666748,3216.0,0.21295109391212463,19,1
StandardGSGP,4bd952c3-ad32-11ef-932f-e4a8dfc2a9a8,concrete_strength,29,4,0.2077636420726776,0.06373763084411621,4024.0,0.21295109391212463,19,1
StandardGSGP,4bd952c3-ad32-11ef-932f-e4a8dfc2a9a8,concrete_strength,29,5,0.17887237668037415,0.06500792503356934,4730.0,0.19119061529636383,29,1
StandardGSGP,4bd952c3-ad32-11ef-932f-e4a8dfc2a9a8,concrete_strength,29,6,0.17887237668037415,0.0776224136352539,5158.0,0.19119061529636383,29,1
StandardGSGP,4bd952c3-ad32-11ef-932f-e4a8dfc2a9a8,concrete_strength,29,7,0.16937494277954102,0.06763911247253418,5464.0,0.17912310361862183,65,1
StandardGSGP,4bd952c3-ad32-11ef-932f-e4a8dfc2a9a8,concrete_strength,29,8,0.1631140559911728,0.06450963020324707,6070.0,0.17036908864974976,73,1
StandardGSGP,4bd952c3-ad32-11ef-932f-e4a8dfc2a9a8,concrete_strength,29,9,0.1572582721710205,0.06200909614562988,7112.0,0.16383695602416992,81,1
StandardGSGP,4bd952c3-ad32-11ef-932f-e4a8dfc2a9a8,concrete_strength,29,10,0.15336892008781433,0.06679463386535645,8110.0,0.16019847989082336,93,1
StandardGSGP,4bd952c3-ad32-11ef-932f-e4a8dfc2a9a8,concrete_strength,29,11,0.15336892008781433,0.06407928466796875,9280.0,0.16019847989082336,93,1
StandardGSGP,4bd952c3-ad32-11ef-932f-e4a8dfc2a9a8,concrete_strength,29,12,0.15030938386917114,0.06064629554748535,9944.0,0.15640677511692047,95,1
StandardGSGP,4bd952c3-ad32-11ef-932f-e4a8dfc2a9a8,concrete_strength,29,13,0.15030938386917114,0.06351041793823242,10698.0,0.15640677511692047,95,1
StandardGSGP,4bd952c3-ad32-11ef-932f-e4a8dfc2a9a8,concrete_strength,29,14,0.14798544347286224,0.06540679931640625,11664.0,0.15391531586647034,127,1
StandardGSGP,4bd952c3-ad32-11ef-932f-e4a8dfc2a9a8,concrete_strength,29,15,0.14405600726604462,0.07397913932800293,12646.0,0.1511891782283783,109,1
StandardGSGP,4bd952c3-ad32-11ef-932f-e4a8dfc2a9a8,concrete_strength,29,16,0.14382228255271912,0.061387062072753906,13726.0,0.15450066328048706,123,1
StandardGSGP,4bd952c3-ad32-11ef-932f-e4a8dfc2a9a8,concrete_strength,29,17,0.13727892935276031,0.056511640548706055,14412.0,0.147416889667511,131,1
StandardGSGP,4bd952c3-ad32-11ef-932f-e4a8dfc2a9a8,concrete_strength,29,18,0.13727892935276031,0.05880427360534668,15028.0,0.147416889667511,131,1
StandardGSGP,4bd952c3-ad32-11ef-932f-e4a8dfc2a9a8,concrete_strength,29,19,0.13727892935276031,0.060095787048339844,15078.0,0.147416889667511,131,1
StandardGSGP,4bd952c3-ad32-11ef-932f-e4a8dfc2a9a8,concrete_strength,29,20,0.137131467461586,0.06310057640075684,15540.0,0.1501402109861374,145,1
StandardGSGP,4bd952c3-ad32-11ef-932f-e4a8dfc2a9a8,concrete_strength,29,21,0.137131467461586,0.06050229072570801,16280.0,0.1501402109861374,145,1
StandardGSGP,4bd952c3-ad32-11ef-932f-e4a8dfc2a9a8,concrete_strength,29,22,0.137131467461586,0.06898069381713867,16986.0,0.1501402109861374,145,1
StandardGSGP,4bd952c3-ad32-11ef-932f-e4a8dfc2a9a8,concrete_strength,29,23,0.137131467461586,0.06600189208984375,17620.0,0.1501402109861374,145,1
StandardGSGP,4bd952c3-ad32-11ef-932f-e4a8dfc2a9a8,concrete_strength,29,24,0.13460946083068848,0.06664609909057617,18148.0,0.14463622868061066,163,1
StandardGSGP,4bd952c3-ad32-11ef-932f-e4a8dfc2a9a8,concrete_strength,29,25,0.13460946083068848,0.0627906322479248,18716.0,0.14463622868061066,163,1
StandardGSGP,4bd952c3-ad32-11ef-932f-e4a8dfc2a9a8,concrete_strength,29,26,0.13309213519096375,0.06306600570678711,19002.0,0.14503903687000275,165,1
StandardGSGP,4bd952c3-ad32-11ef-932f-e4a8dfc2a9a8,concrete_strength,29,27,0.13180570304393768,0.06250643730163574,19286.0,0.14250448346138,173,1
StandardGSGP,4bd952c3-ad32-11ef-932f-e4a8dfc2a9a8,concrete_strength,29,28,0.13164936006069183,0.06326150894165039,19706.0,0.14309938251972198,173,1
StandardGSGP,4bd952c3-ad32-11ef-932f-e4a8dfc2a9a8,concrete_strength,29,29,0.13164936006069183,0.06207776069641113,20330.0,0.14309938251972198,173,1
StandardGSGP,4bd952c3-ad32-11ef-932f-e4a8dfc2a9a8,concrete_strength,29,30,0.13164936006069183,0.06051039695739746,20900.0,0.14309938251972198,173,1
StandardGSGP,4bd952c3-ad32-11ef-932f-e4a8dfc2a9a8,concrete_strength,29,31,0.13164936006069183,0.06052207946777344,21946.0,0.14309938251972198,173,1
StandardGSGP,4bd952c3-ad32-11ef-932f-e4a8dfc2a9a8,concrete_strength,29,32,0.13164936006069183,0.05999445915222168,22100.0,0.14309938251972198,173,1
StandardGSGP,4bd952c3-ad32-11ef-932f-e4a8dfc2a9a8,concrete_strength,29,33,0.13164936006069183,0.07000398635864258,22736.0,0.14309938251972198,173,1
StandardGSGP,4bd952c3-ad32-11ef-932f-e4a8dfc2a9a8,concrete_strength,29,34,0.13164936006069183,0.0644071102142334,23198.0,0.14309938251972198,173,1
StandardGSGP,4bd952c3-ad32-11ef-932f-e4a8dfc2a9a8,concrete_strength,29,35,0.12613387405872345,0.0579991340637207,24390.0,0.14040353894233704,247,1
StandardGSGP,4bd952c3-ad32-11ef-932f-e4a8dfc2a9a8,concrete_strength,29,36,0.12613387405872345,0.06050682067871094,24910.0,0.14040353894233704,247,1
StandardGSGP,4bd952c3-ad32-11ef-932f-e4a8dfc2a9a8,concrete_strength,29,37,0.12613387405872345,0.0630042552947998,25024.0,0.14040353894233704,247,1
StandardGSGP,4bd952c3-ad32-11ef-932f-e4a8dfc2a9a8,concrete_strength,29,38,0.12613387405872345,0.058992624282836914,25492.0,0.14040353894233704,247,1
StandardGSGP,4bd952c3-ad32-11ef-932f-e4a8dfc2a9a8,concrete_strength,29,39,0.12613387405872345,0.06687617301940918,25328.0,0.14040353894233704,247,1
StandardGSGP,4bd952c3-ad32-11ef-932f-e4a8dfc2a9a8,concrete_strength,29,40,0.12613387405872345,0.06100153923034668,25062.0,0.14040353894233704,247,1
StandardGSGP,4bd952c3-ad32-11ef-932f-e4a8dfc2a9a8,concrete_strength,29,41,0.12613387405872345,0.059500932693481445,25038.0,0.14040353894233704,247,1
StandardGSGP,4bd952c3-ad32-11ef-932f-e4a8dfc2a9a8,concrete_strength,29,42,0.12613387405872345,0.06751251220703125,26340.0,0.14040353894233704,247,1
StandardGSGP,4bd952c3-ad32-11ef-932f-e4a8dfc2a9a8,concrete_strength,29,43,0.12613387405872345,0.06199979782104492,26750.0,0.14040353894233704,247,1
StandardGSGP,4bd952c3-ad32-11ef-932f-e4a8dfc2a9a8,concrete_strength,29,44,0.12613387405872345,0.05952334403991699,27260.0,0.14040353894233704,247,1
StandardGSGP,4bd952c3-ad32-11ef-932f-e4a8dfc2a9a8,concrete_strength,29,45,0.12602975964546204,0.0610957145690918,28022.0,0.14023344218730927,281,1
StandardGSGP,4bd952c3-ad32-11ef-932f-e4a8dfc2a9a8,concrete_strength,29,46,0.12602975964546204,0.06299877166748047,28858.0,0.14023344218730927,281,1
StandardGSGP,4bd952c3-ad32-11ef-932f-e4a8dfc2a9a8,concrete_strength,29,47,0.12602975964546204,0.0661780834197998,30048.0,0.14023344218730927,281,1
StandardGSGP,4bd952c3-ad32-11ef-932f-e4a8dfc2a9a8,concrete_strength,29,48,0.12602975964546204,0.13769221305847168,30550.0,0.14023344218730927,281,1
StandardGSGP,4bd952c3-ad32-11ef-932f-e4a8dfc2a9a8,concrete_strength,29,49,0.1228063553571701,0.06550908088684082,30762.0,0.13678286969661713,291,1
StandardGSGP,4bd952c3-ad32-11ef-932f-e4a8dfc2a9a8,concrete_strength,29,50,0.1228063553571701,0.06651139259338379,31482.0,0.13678286969661713,291,1
StandardGSGP,4bd952c3-ad32-11ef-932f-e4a8dfc2a9a8,concrete_strength,29,51,0.1228063553571701,0.06328272819519043,32256.0,0.13678286969661713,291,1
StandardGSGP,4bd952c3-ad32-11ef-932f-e4a8dfc2a9a8,concrete_strength,29,52,0.1228063553571701,0.06263589859008789,33138.0,0.13678286969661713,291,1
StandardGSGP,4bd952c3-ad32-11ef-932f-e4a8dfc2a9a8,concrete_strength,29,53,0.1228063553571701,0.064727783203125,34274.0,0.13678286969661713,291,1
StandardGSGP,4bd952c3-ad32-11ef-932f-e4a8dfc2a9a8,concrete_strength,29,54,0.1228063553571701,0.05999469757080078,34742.0,0.13678286969661713,291,1
StandardGSGP,4bd952c3-ad32-11ef-932f-e4a8dfc2a9a8,concrete_strength,29,55,0.1228063553571701,0.06752324104309082,35202.0,0.13678286969661713,291,1
StandardGSGP,4bd952c3-ad32-11ef-932f-e4a8dfc2a9a8,concrete_strength,29,56,0.1228063553571701,0.061508893966674805,35196.0,0.13678286969661713,291,1
StandardGSGP,4bd952c3-ad32-11ef-932f-e4a8dfc2a9a8,concrete_strength,29,57,0.12220145761966705,0.0650014877319336,35138.0,0.13654035329818726,323,1
StandardGSGP,4bd952c3-ad32-11ef-932f-e4a8dfc2a9a8,concrete_strength,29,58,0.11939407885074615,0.06951260566711426,35920.0,0.1331338733434677,331,1
StandardGSGP,4bd952c3-ad32-11ef-932f-e4a8dfc2a9a8,concrete_strength,29,59,0.11939407885074615,0.05900406837463379,36530.0,0.1331338733434677,331,1
StandardGSGP,4bd952c3-ad32-11ef-932f-e4a8dfc2a9a8,concrete_strength,29,60,0.11939407885074615,0.059000253677368164,36812.0,0.1331338733434677,331,1
StandardGSGP,4bd952c3-ad32-11ef-932f-e4a8dfc2a9a8,concrete_strength,29,61,0.11939407885074615,0.05660581588745117,36992.0,0.1331338733434677,331,1
StandardGSGP,4bd952c3-ad32-11ef-932f-e4a8dfc2a9a8,concrete_strength,29,62,0.11906041949987411,0.057405710220336914,37662.0,0.1323954463005066,349,1
StandardGSGP,4bd952c3-ad32-11ef-932f-e4a8dfc2a9a8,concrete_strength,29,63,0.1187782883644104,0.06051135063171387,38286.0,0.13189177215099335,355,1
StandardGSGP,4bd952c3-ad32-11ef-932f-e4a8dfc2a9a8,concrete_strength,29,64,0.1176232323050499,0.06075406074523926,38154.0,0.1300320327281952,355,1
StandardGSGP,4bd952c3-ad32-11ef-932f-e4a8dfc2a9a8,concrete_strength,29,65,0.1176232323050499,0.060247182846069336,38498.0,0.1300320327281952,355,1
StandardGSGP,4bd952c3-ad32-11ef-932f-e4a8dfc2a9a8,concrete_strength,29,66,0.1176232323050499,0.0629892349243164,38594.0,0.1300320327281952,355,1
StandardGSGP,4bd952c3-ad32-11ef-932f-e4a8dfc2a9a8,concrete_strength,29,67,0.1176232323050499,0.05901694297790527,39022.0,0.1300320327281952,355,1
StandardGSGP,4bd952c3-ad32-11ef-932f-e4a8dfc2a9a8,concrete_strength,29,68,0.1170416995882988,0.06050539016723633,39678.0,0.12860657274723053,377,1
StandardGSGP,4bd952c3-ad32-11ef-932f-e4a8dfc2a9a8,concrete_strength,29,69,0.1170416995882988,0.06250810623168945,40214.0,0.12860657274723053,377,1
StandardGSGP,4bd952c3-ad32-11ef-932f-e4a8dfc2a9a8,concrete_strength,29,70,0.1170416995882988,0.05899930000305176,40912.0,0.12860657274723053,377,1
StandardGSGP,4bd952c3-ad32-11ef-932f-e4a8dfc2a9a8,concrete_strength,29,71,0.1170416995882988,0.060508012771606445,40942.0,0.12860657274723053,377,1
StandardGSGP,4bd952c3-ad32-11ef-932f-e4a8dfc2a9a8,concrete_strength,29,72,0.1170416995882988,0.05824160575866699,41788.0,0.12860657274723053,377,1
StandardGSGP,4bd952c3-ad32-11ef-932f-e4a8dfc2a9a8,concrete_strength,29,73,0.1170416995882988,0.06275129318237305,42428.0,0.12860657274723053,377,1
StandardGSGP,4bd952c3-ad32-11ef-932f-e4a8dfc2a9a8,concrete_strength,29,74,0.1170416995882988,0.06051182746887207,42842.0,0.12860657274723053,377,1
StandardGSGP,4bd952c3-ad32-11ef-932f-e4a8dfc2a9a8,concrete_strength,29,75,0.1170416995882988,0.06206917762756348,42574.0,0.12860657274723053,377,1
StandardGSGP,4bd952c3-ad32-11ef-932f-e4a8dfc2a9a8,concrete_strength,29,76,0.1170416995882988,0.06371927261352539,42786.0,0.12860657274723053,377,1
StandardGSGP,4bd952c3-ad32-11ef-932f-e4a8dfc2a9a8,concrete_strength,29,77,0.1167469471693039,0.06030607223510742,43234.0,0.1287538707256317,391,1
StandardGSGP,4bd952c3-ad32-11ef-932f-e4a8dfc2a9a8,concrete_strength,29,78,0.1167469471693039,0.06419754028320312,43758.0,0.1287538707256317,391,1
StandardGSGP,4bd952c3-ad32-11ef-932f-e4a8dfc2a9a8,concrete_strength,29,79,0.11674196273088455,0.06222724914550781,44002.0,0.12883888185024261,405,1
StandardGSGP,4bd952c3-ad32-11ef-932f-e4a8dfc2a9a8,concrete_strength,29,80,0.11674196273088455,0.06669974327087402,44722.0,0.12883888185024261,405,1
StandardGSGP,4bd952c3-ad32-11ef-932f-e4a8dfc2a9a8,concrete_strength,29,81,0.11403893679380417,0.06499719619750977,45074.0,0.12662214040756226,411,1
StandardGSGP,4bd952c3-ad32-11ef-932f-e4a8dfc2a9a8,concrete_strength,29,82,0.11403893679380417,0.06093478202819824,45086.0,0.12662214040756226,411,1
StandardGSGP,4bd952c3-ad32-11ef-932f-e4a8dfc2a9a8,concrete_strength,29,83,0.11403893679380417,0.05950641632080078,45752.0,0.12662214040756226,411,1
StandardGSGP,4bd952c3-ad32-11ef-932f-e4a8dfc2a9a8,concrete_strength,29,84,0.11385895311832428,0.0639948844909668,45160.0,0.1265072524547577,431,1
StandardGSGP,4bd952c3-ad32-11ef-932f-e4a8dfc2a9a8,concrete_strength,29,85,0.11385895311832428,0.06550860404968262,45562.0,0.1265072524547577,431,1
StandardGSGP,4bd952c3-ad32-11ef-932f-e4a8dfc2a9a8,concrete_strength,29,86,0.11385895311832428,0.06151938438415527,45880.0,0.1265072524547577,431,1
StandardGSGP,4bd952c3-ad32-11ef-932f-e4a8dfc2a9a8,concrete_strength,29,87,0.11385895311832428,0.0579984188079834,47030.0,0.1265072524547577,431,1
StandardGSGP,4bd952c3-ad32-11ef-932f-e4a8dfc2a9a8,concrete_strength,29,88,0.1128421500325203,0.056509971618652344,47472.0,0.12276612222194672,441,1
StandardGSGP,4bd952c3-ad32-11ef-932f-e4a8dfc2a9a8,concrete_strength,29,89,0.1128421500325203,0.05999350547790527,47458.0,0.12276612222194672,441,1
StandardGSGP,4bd952c3-ad32-11ef-932f-e4a8dfc2a9a8,concrete_strength,29,90,0.1128421500325203,0.06254172325134277,47670.0,0.12276612222194672,441,1
StandardGSGP,4bd952c3-ad32-11ef-932f-e4a8dfc2a9a8,concrete_strength,29,91,0.1128421500325203,0.06451058387756348,48036.0,0.12276612222194672,441,1
StandardGSGP,4bd952c3-ad32-11ef-932f-e4a8dfc2a9a8,concrete_strength,29,92,0.1128421500325203,0.06099963188171387,48420.0,0.12276612222194672,441,1
StandardGSGP,4bd952c3-ad32-11ef-932f-e4a8dfc2a9a8,concrete_strength,29,93,0.11245130002498627,0.05850958824157715,48112.0,0.12442024052143097,483,1
StandardGSGP,4bd952c3-ad32-11ef-932f-e4a8dfc2a9a8,concrete_strength,29,94,0.11245130002498627,0.058844566345214844,48558.0,0.12442024052143097,483,1
StandardGSGP,4bd952c3-ad32-11ef-932f-e4a8dfc2a9a8,concrete_strength,29,95,0.11245130002498627,0.05814051628112793,49320.0,0.12442024052143097,483,1
StandardGSGP,4bd952c3-ad32-11ef-932f-e4a8dfc2a9a8,concrete_strength,29,96,0.11245130002498627,0.06425023078918457,49634.0,0.12442024052143097,483,1
StandardGSGP,4bd952c3-ad32-11ef-932f-e4a8dfc2a9a8,concrete_strength,29,97,0.11245130002498627,0.060961008071899414,50116.0,0.12442024052143097,483,1
StandardGSGP,4bd952c3-ad32-11ef-932f-e4a8dfc2a9a8,concrete_strength,29,98,0.11245130002498627,0.06702923774719238,51042.0,0.12442024052143097,483,1
StandardGSGP,4bd952c3-ad32-11ef-932f-e4a8dfc2a9a8,concrete_strength,29,99,0.11245130002498627,0.058760881423950195,51816.0,0.12442024052143097,483,1
StandardGSGP,4bd952c3-ad32-11ef-932f-e4a8dfc2a9a8,concrete_strength,29,100,0.11245130002498627,0.059539794921875,52774.0,0.12442024052143097,483,1
StandardGSGP,cc417608-ad32-11ef-932f-e4a8dfc2a9a8,concrete_strength,29,0,28.025876998901367,0.03799915313720703,880.0,29.45157814025879,3,1
StandardGSGP,cc417608-ad32-11ef-932f-e4a8dfc2a9a8,concrete_strength,29,1,27.931459426879883,0.06750988960266113,1700.0,29.36981964111328,9,1
StandardGSGP,cc417608-ad32-11ef-932f-e4a8dfc2a9a8,concrete_strength,29,2,27.28404998779297,0.06900286674499512,2446.0,28.716638565063477,13,1
StandardGSGP,cc417608-ad32-11ef-932f-e4a8dfc2a9a8,concrete_strength,29,3,26.958576202392578,0.06451678276062012,2824.0,28.40996742248535,19,1
StandardGSGP,cc417608-ad32-11ef-932f-e4a8dfc2a9a8,concrete_strength,29,4,26.52021026611328,0.06550884246826172,3452.0,27.97577476501465,27,1
StandardGSGP,cc417608-ad32-11ef-932f-e4a8dfc2a9a8,concrete_strength,29,5,26.075244903564453,0.0650029182434082,4138.0,27.553974151611328,35,1
StandardGSGP,cc417608-ad32-11ef-932f-e4a8dfc2a9a8,concrete_strength,29,6,26.04339027404785,0.06551957130432129,4738.0,27.537235260009766,41,1
StandardGSGP,cc417608-ad32-11ef-932f-e4a8dfc2a9a8,concrete_strength,29,7,25.490999221801758,0.06929612159729004,5474.0,26.93788719177246,59,1
StandardGSGP,cc417608-ad32-11ef-932f-e4a8dfc2a9a8,concrete_strength,29,8,25.228492736816406,0.06666755676269531,6438.0,26.74447250366211,55,1
StandardGSGP,cc417608-ad32-11ef-932f-e4a8dfc2a9a8,concrete_strength,29,9,24.9951229095459,0.06598281860351562,7298.0,26.518049240112305,65,1
StandardGSGP,cc417608-ad32-11ef-932f-e4a8dfc2a9a8,concrete_strength,29,10,24.474441528320312,0.06645321846008301,8366.0,25.964723587036133,85,1
StandardGSGP,cc417608-ad32-11ef-932f-e4a8dfc2a9a8,concrete_strength,29,11,24.02375030517578,0.07036614418029785,8950.0,25.517969131469727,97,1
StandardGSGP,cc417608-ad32-11ef-932f-e4a8dfc2a9a8,concrete_strength,29,12,23.90459442138672,0.0701148509979248,9736.0,25.344436645507812,107,1
StandardGSGP,cc417608-ad32-11ef-932f-e4a8dfc2a9a8,concrete_strength,29,13,23.902673721313477,0.14272665977478027,10914.0,25.35110092163086,113,1
StandardGSGP,cc417608-ad32-11ef-932f-e4a8dfc2a9a8,concrete_strength,29,14,23.47673797607422,0.08042621612548828,12078.0,24.98943519592285,131,1
StandardGSGP,cc417608-ad32-11ef-932f-e4a8dfc2a9a8,concrete_strength,29,15,23.197568893432617,0.07450628280639648,13158.0,24.61779022216797,147,1
StandardGSGP,cc417608-ad32-11ef-932f-e4a8dfc2a9a8,concrete_strength,29,16,22.587629318237305,0.06358456611633301,14108.0,24.18210220336914,139,1
StandardGSGP,cc417608-ad32-11ef-932f-e4a8dfc2a9a8,concrete_strength,29,17,22.587627410888672,0.06791043281555176,15410.0,24.182302474975586,147,1
StandardGSGP,cc417608-ad32-11ef-932f-e4a8dfc2a9a8,concrete_strength,29,18,22.305221557617188,0.06499862670898438,16380.0,23.85748863220215,163,1
StandardGSGP,cc417608-ad32-11ef-932f-e4a8dfc2a9a8,concrete_strength,29,19,21.87662696838379,0.06661605834960938,16678.0,23.312509536743164,165,1
StandardGSGP,cc417608-ad32-11ef-932f-e4a8dfc2a9a8,concrete_strength,29,20,21.729747772216797,0.06587719917297363,17240.0,23.181385040283203,171,1
StandardGSGP,cc417608-ad32-11ef-932f-e4a8dfc2a9a8,concrete_strength,29,21,21.386323928833008,0.0669245719909668,18126.0,22.95429229736328,173,1
StandardGSGP,cc417608-ad32-11ef-932f-e4a8dfc2a9a8,concrete_strength,29,22,21.08662986755371,0.07050967216491699,18898.0,22.673967361450195,201,1
StandardGSGP,cc417608-ad32-11ef-932f-e4a8dfc2a9a8,concrete_strength,29,23,20.734821319580078,0.06491518020629883,19674.0,22.20145034790039,199,1
StandardGSGP,cc417608-ad32-11ef-932f-e4a8dfc2a9a8,concrete_strength,29,24,20.719579696655273,0.06798052787780762,20818.0,22.185895919799805,211,1
StandardGSGP,cc417608-ad32-11ef-932f-e4a8dfc2a9a8,concrete_strength,29,25,20.398237228393555,0.06850314140319824,21916.0,21.887847900390625,223,1
StandardGSGP,cc417608-ad32-11ef-932f-e4a8dfc2a9a8,concrete_strength,29,26,19.912986755371094,0.06666374206542969,22812.0,21.376039505004883,235,1
StandardGSGP,cc417608-ad32-11ef-932f-e4a8dfc2a9a8,concrete_strength,29,27,19.881229400634766,0.0672919750213623,23818.0,21.350812911987305,243,1
StandardGSGP,cc417608-ad32-11ef-932f-e4a8dfc2a9a8,concrete_strength,29,28,19.611480712890625,0.07050871849060059,24750.0,21.060068130493164,253,1
StandardGSGP,cc417608-ad32-11ef-932f-e4a8dfc2a9a8,concrete_strength,29,29,19.579469680786133,0.07548832893371582,25686.0,21.083044052124023,257,1
StandardGSGP,cc417608-ad32-11ef-932f-e4a8dfc2a9a8,concrete_strength,29,30,19.337663650512695,0.07667756080627441,26550.0,20.851360321044922,267,1
StandardGSGP,cc417608-ad32-11ef-932f-e4a8dfc2a9a8,concrete_strength,29,31,19.112041473388672,0.06700515747070312,27420.0,20.54974937438965,273,1
StandardGSGP,cc417608-ad32-11ef-932f-e4a8dfc2a9a8,concrete_strength,29,32,18.96384048461914,0.06450605392456055,28154.0,20.39003562927246,287,1
StandardGSGP,cc417608-ad32-11ef-932f-e4a8dfc2a9a8,concrete_strength,29,33,18.82478141784668,0.07090258598327637,28950.0,20.248924255371094,293,1
StandardGSGP,cc417608-ad32-11ef-932f-e4a8dfc2a9a8,concrete_strength,29,34,18.584728240966797,0.06482791900634766,29732.0,19.98118782043457,293,1
StandardGSGP,cc417608-ad32-11ef-932f-e4a8dfc2a9a8,concrete_strength,29,35,18.451730728149414,0.06855893135070801,30650.0,19.914670944213867,303,1
StandardGSGP,cc417608-ad32-11ef-932f-e4a8dfc2a9a8,concrete_strength,29,36,18.20182991027832,0.06548500061035156,31368.0,19.588197708129883,321,1
StandardGSGP,cc417608-ad32-11ef-932f-e4a8dfc2a9a8,concrete_strength,29,37,17.91402244567871,0.06962227821350098,32070.0,19.330305099487305,323,1
StandardGSGP,cc417608-ad32-11ef-932f-e4a8dfc2a9a8,concrete_strength,29,38,17.571136474609375,0.06799936294555664,33076.0,18.9698486328125,333,1
StandardGSGP,cc417608-ad32-11ef-932f-e4a8dfc2a9a8,concrete_strength,29,39,17.40654182434082,0.062338829040527344,33892.0,18.7989559173584,339,1
StandardGSGP,cc417608-ad32-11ef-932f-e4a8dfc2a9a8,concrete_strength,29,40,17.385242462158203,0.06397724151611328,34864.0,18.787071228027344,345,1
StandardGSGP,cc417608-ad32-11ef-932f-e4a8dfc2a9a8,concrete_strength,29,41,17.22075843811035,0.06299877166748047,35728.0,18.611976623535156,355,1
StandardGSGP,cc417608-ad32-11ef-932f-e4a8dfc2a9a8,concrete_strength,29,42,16.94647979736328,0.06551122665405273,36308.0,18.35547637939453,369,1
StandardGSGP,cc417608-ad32-11ef-932f-e4a8dfc2a9a8,concrete_strength,29,43,16.794109344482422,0.0635077953338623,37082.0,18.154382705688477,375,1
StandardGSGP,cc417608-ad32-11ef-932f-e4a8dfc2a9a8,concrete_strength,29,44,16.743383407592773,0.0621793270111084,38158.0,18.06508445739746,393,1
StandardGSGP,cc417608-ad32-11ef-932f-e4a8dfc2a9a8,concrete_strength,29,45,16.593814849853516,0.06650924682617188,39344.0,17.90172004699707,391,1
StandardGSGP,cc417608-ad32-11ef-932f-e4a8dfc2a9a8,concrete_strength,29,46,16.5490779876709,0.06939697265625,40646.0,17.852346420288086,409,1
StandardGSGP,cc417608-ad32-11ef-932f-e4a8dfc2a9a8,concrete_strength,29,47,16.468114852905273,0.06737828254699707,41462.0,17.704153060913086,411,1
StandardGSGP,cc417608-ad32-11ef-932f-e4a8dfc2a9a8,concrete_strength,29,48,16.28866958618164,0.06764721870422363,42576.0,17.596546173095703,409,1
StandardGSGP,cc417608-ad32-11ef-932f-e4a8dfc2a9a8,concrete_strength,29,49,16.129684448242188,0.06830525398254395,43064.0,17.45248794555664,417,1
StandardGSGP,cc417608-ad32-11ef-932f-e4a8dfc2a9a8,concrete_strength,29,50,16.129684448242188,0.06788396835327148,43756.0,17.45248794555664,417,1
StandardGSGP,cc417608-ad32-11ef-932f-e4a8dfc2a9a8,concrete_strength,29,51,15.947972297668457,0.06696844100952148,44078.0,17.227670669555664,431,1
StandardGSGP,cc417608-ad32-11ef-932f-e4a8dfc2a9a8,concrete_strength,29,52,15.873932838439941,0.06450772285461426,44476.0,17.147499084472656,445,1
StandardGSGP,cc417608-ad32-11ef-932f-e4a8dfc2a9a8,concrete_strength,29,53,15.786721229553223,0.0652003288269043,45160.0,17.029096603393555,455,1
StandardGSGP,cc417608-ad32-11ef-932f-e4a8dfc2a9a8,concrete_strength,29,54,15.683045387268066,0.0655057430267334,45970.0,16.914339065551758,461,1
StandardGSGP,cc417608-ad32-11ef-932f-e4a8dfc2a9a8,concrete_strength,29,55,15.680649757385254,0.06752157211303711,46904.0,16.916702270507812,471,1
StandardGSGP,cc417608-ad32-11ef-932f-e4a8dfc2a9a8,concrete_strength,29,56,15.626075744628906,0.06400012969970703,47826.0,16.82425308227539,489,1
StandardGSGP,cc417608-ad32-11ef-932f-e4a8dfc2a9a8,concrete_strength,29,57,15.54571533203125,0.06693458557128906,48828.0,16.718059539794922,489,1
StandardGSGP,cc417608-ad32-11ef-932f-e4a8dfc2a9a8,concrete_strength,29,58,15.408039093017578,0.06864786148071289,50006.0,16.663179397583008,517,1
StandardGSGP,cc417608-ad32-11ef-932f-e4a8dfc2a9a8,concrete_strength,29,59,15.380280494689941,0.0723428726196289,51012.0,16.626693725585938,525,1
StandardGSGP,cc417608-ad32-11ef-932f-e4a8dfc2a9a8,concrete_strength,29,60,15.373016357421875,0.07730436325073242,51996.0,16.62497901916504,535,1
StandardGSGP,cc417608-ad32-11ef-932f-e4a8dfc2a9a8,concrete_strength,29,61,15.279064178466797,0.06450891494750977,53372.0,16.534067153930664,543,1
StandardGSGP,cc417608-ad32-11ef-932f-e4a8dfc2a9a8,concrete_strength,29,62,15.264052391052246,0.06551146507263184,54808.0,16.511371612548828,551,1
StandardGSGP,cc417608-ad32-11ef-932f-e4a8dfc2a9a8,concrete_strength,29,63,15.158584594726562,0.06800055503845215,56058.0,16.382888793945312,559,1
StandardGSGP,cc417608-ad32-11ef-932f-e4a8dfc2a9a8,concrete_strength,29,64,15.07022762298584,0.06251239776611328,57006.0,16.3359432220459,569,1
StandardGSGP,cc417608-ad32-11ef-932f-e4a8dfc2a9a8,concrete_strength,29,65,15.06859302520752,0.06749892234802246,57980.0,16.333452224731445,579,1
StandardGSGP,cc417608-ad32-11ef-932f-e4a8dfc2a9a8,concrete_strength,29,66,15.011469841003418,0.06900191307067871,58800.0,16.260160446166992,583,1
StandardGSGP,cc417608-ad32-11ef-932f-e4a8dfc2a9a8,concrete_strength,29,67,14.896376609802246,0.07050585746765137,59390.0,16.153478622436523,603,1
StandardGSGP,cc417608-ad32-11ef-932f-e4a8dfc2a9a8,concrete_strength,29,68,14.857503890991211,0.07185196876525879,60090.0,16.077316284179688,609,1
StandardGSGP,cc417608-ad32-11ef-932f-e4a8dfc2a9a8,concrete_strength,29,69,14.828912734985352,0.06903934478759766,60878.0,16.02692413330078,631,1
StandardGSGP,cc417608-ad32-11ef-932f-e4a8dfc2a9a8,concrete_strength,29,70,14.794618606567383,0.06426429748535156,62150.0,16.057804107666016,627,1
StandardGSGP,cc417608-ad32-11ef-932f-e4a8dfc2a9a8,concrete_strength,29,71,14.671371459960938,0.06643462181091309,63478.0,15.890981674194336,641,1
StandardGSGP,cc417608-ad32-11ef-932f-e4a8dfc2a9a8,concrete_strength,29,72,14.671371459960938,0.06250882148742676,64366.0,15.890981674194336,641,1
StandardGSGP,cc417608-ad32-11ef-932f-e4a8dfc2a9a8,concrete_strength,29,73,14.617619514465332,0.06992053985595703,65430.0,15.832244873046875,647,1
StandardGSGP,cc417608-ad32-11ef-932f-e4a8dfc2a9a8,concrete_strength,29,74,14.612977981567383,0.06339359283447266,66306.0,15.822139739990234,657,1
StandardGSGP,cc417608-ad32-11ef-932f-e4a8dfc2a9a8,concrete_strength,29,75,14.565552711486816,0.0755305290222168,67062.0,15.799145698547363,665,1
StandardGSGP,cc417608-ad32-11ef-932f-e4a8dfc2a9a8,concrete_strength,29,76,14.531707763671875,0.06833362579345703,68046.0,15.74789047241211,689,1
StandardGSGP,cc417608-ad32-11ef-932f-e4a8dfc2a9a8,concrete_strength,29,77,14.499149322509766,0.1412060260772705,68820.0,15.718299865722656,695,1
StandardGSGP,cc417608-ad32-11ef-932f-e4a8dfc2a9a8,concrete_strength,29,78,14.465238571166992,0.0655975341796875,69770.0,15.643263816833496,705,1
StandardGSGP,cc417608-ad32-11ef-932f-e4a8dfc2a9a8,concrete_strength,29,79,14.43758487701416,0.08987045288085938,71046.0,15.663701057434082,709,1
StandardGSGP,cc417608-ad32-11ef-932f-e4a8dfc2a9a8,concrete_strength,29,80,14.414573669433594,0.06751418113708496,72128.0,15.60059928894043,719,1
StandardGSGP,cc417608-ad32-11ef-932f-e4a8dfc2a9a8,concrete_strength,29,81,14.383851051330566,0.06850719451904297,73096.0,15.613908767700195,721,1
StandardGSGP,cc417608-ad32-11ef-932f-e4a8dfc2a9a8,concrete_strength,29,82,14.383851051330566,0.06551027297973633,73984.0,15.613908767700195,721,1
StandardGSGP,cc417608-ad32-11ef-932f-e4a8dfc2a9a8,concrete_strength,29,83,14.286629676818848,0.06848931312561035,75066.0,15.455821990966797,739,1
StandardGSGP,cc417608-ad32-11ef-932f-e4a8dfc2a9a8,concrete_strength,29,84,14.231407165527344,0.0645132064819336,75760.0,15.373357772827148,745,1
StandardGSGP,cc417608-ad32-11ef-932f-e4a8dfc2a9a8,concrete_strength,29,85,14.225135803222656,0.06850934028625488,76714.0,15.384940147399902,751,1
StandardGSGP,cc417608-ad32-11ef-932f-e4a8dfc2a9a8,concrete_strength,29,86,14.051894187927246,0.06699943542480469,76900.0,15.233749389648438,765,1
StandardGSGP,cc417608-ad32-11ef-932f-e4a8dfc2a9a8,concrete_strength,29,87,14.027029037475586,0.06764912605285645,77226.0,15.190993309020996,771,1
StandardGSGP,cc417608-ad32-11ef-932f-e4a8dfc2a9a8,concrete_strength,29,88,14.016990661621094,0.07192420959472656,77430.0,15.155086517333984,785,1
StandardGSGP,cc417608-ad32-11ef-932f-e4a8dfc2a9a8,concrete_strength,29,89,14.01002025604248,0.07000136375427246,78422.0,15.18613338470459,783,1
StandardGSGP,cc417608-ad32-11ef-932f-e4a8dfc2a9a8,concrete_strength,29,90,13.992415428161621,0.07150816917419434,79470.0,15.138193130493164,811,1
StandardGSGP,cc417608-ad32-11ef-932f-e4a8dfc2a9a8,concrete_strength,29,91,13.960222244262695,0.06551003456115723,80644.0,15.091362953186035,819,1
StandardGSGP,cc417608-ad32-11ef-932f-e4a8dfc2a9a8,concrete_strength,29,92,13.937981605529785,0.06551742553710938,81836.0,15.071809768676758,849,1
StandardGSGP,cc417608-ad32-11ef-932f-e4a8dfc2a9a8,concrete_strength,29,93,13.925236701965332,0.06370258331298828,83064.0,15.059531211853027,855,1
StandardGSGP,cc417608-ad32-11ef-932f-e4a8dfc2a9a8,concrete_strength,29,94,13.892898559570312,0.06483912467956543,84386.0,15.027022361755371,847,1
StandardGSGP,cc417608-ad32-11ef-932f-e4a8dfc2a9a8,concrete_strength,29,95,13.825052261352539,0.06299424171447754,85342.0,14.97439193725586,861,1
StandardGSGP,cc417608-ad32-11ef-932f-e4a8dfc2a9a8,concrete_strength,29,96,13.721076011657715,0.06450581550598145,86500.0,14.851226806640625,867,1
StandardGSGP,cc417608-ad32-11ef-932f-e4a8dfc2a9a8,concrete_strength,29,97,13.708935737609863,0.06650710105895996,87452.0,14.811006546020508,873,1
StandardGSGP,cc417608-ad32-11ef-932f-e4a8dfc2a9a8,concrete_strength,29,98,13.694122314453125,0.06500363349914551,88344.0,14.819958686828613,877,1
StandardGSGP,cc417608-ad32-11ef-932f-e4a8dfc2a9a8,concrete_strength,29,99,13.612377166748047,0.06351184844970703,89258.0,14.764128684997559,895,1
StandardGSGP,cc417608-ad32-11ef-932f-e4a8dfc2a9a8,concrete_strength,29,100,13.599377632141113,0.06584787368774414,89886.0,14.734573364257812,901,1
