StandardGSGP,47ec4479-ad32-11ef-a1fc-e4a8dfc2a9a8,concrete_strength,28,0,0.3061797618865967,0.038927316665649414,888.0,0.3028484284877777,3,1
StandardGSGP,47ec4479-ad32-11ef-a1fc-e4a8dfc2a9a8,concrete_strength,28,1,0.21825090050697327,0.06150484085083008,1514.0,0.22428922355175018,17,1
StandardGSGP,47ec4479-ad32-11ef-a1fc-e4a8dfc2a9a8,concrete_strength,28,2,0.21578940749168396,0.05974769592285156,2198.0,0.2200515866279602,21,1
StandardGSGP,47ec4479-ad32-11ef-a1fc-e4a8dfc2a9a8,concrete_strength,28,3,0.2025054693222046,0.059998512268066406,3184.0,0.20930777490139008,33,1
StandardGSGP,47ec4479-ad32-11ef-a1fc-e4a8dfc2a9a8,concrete_strength,28,4,0.18085937201976776,0.06182527542114258,4092.0,0.1802142709493637,35,1
StandardGSGP,47ec4479-ad32-11ef-a1fc-e4a8dfc2a9a8,concrete_strength,28,5,0.16123424470424652,0.06550884246826172,4898.0,0.16632866859436035,45,1
StandardGSGP,47ec4479-ad32-11ef-a1fc-e4a8dfc2a9a8,concrete_strength,28,6,0.16123424470424652,0.05950641632080078,5562.0,0.16632866859436035,45,1
StandardGSGP,47ec4479-ad32-11ef-a1fc-e4a8dfc2a9a8,concrete_strength,28,7,0.15862055122852325,0.06350827217102051,6452.0,0.16456961631774902,53,1
StandardGSGP,47ec4479-ad32-11ef-a1fc-e4a8dfc2a9a8,concrete_strength,28,8,0.1452055275440216,0.06450867652893066,7268.0,0.15371422469615936,51,1
StandardGSGP,47ec4479-ad32-11ef-a1fc-e4a8dfc2a9a8,concrete_strength,28,9,0.14351239800453186,0.06713438034057617,7848.0,0.14970813691616058,57,1
StandardGSGP,47ec4479-ad32-11ef-a1fc-e4a8dfc2a9a8,concrete_strength,28,10,0.14351239800453186,0.06550812721252441,8152.0,0.14970813691616058,57,1
StandardGSGP,47ec4479-ad32-11ef-a1fc-e4a8dfc2a9a8,concrete_strength,28,11,0.14298677444458008,0.06654095649719238,8608.0,0.14922498166561127,65,1
StandardGSGP,47ec4479-ad32-11ef-a1fc-e4a8dfc2a9a8,concrete_strength,28,12,0.14298677444458008,0.06158280372619629,9154.0,0.14922498166561127,65,1
StandardGSGP,47ec4479-ad32-11ef-a1fc-e4a8dfc2a9a8,concrete_strength,28,13,0.14298677444458008,0.13614797592163086,9350.0,0.14922498166561127,65,1
StandardGSGP,47ec4479-ad32-11ef-a1fc-e4a8dfc2a9a8,concrete_strength,28,14,0.14020366966724396,0.05865073204040527,9684.0,0.14891833066940308,81,1
StandardGSGP,47ec4479-ad32-11ef-a1fc-e4a8dfc2a9a8,concrete_strength,28,15,0.14010123908519745,0.06674551963806152,10432.0,0.14887584745883942,91,1
StandardGSGP,47ec4479-ad32-11ef-a1fc-e4a8dfc2a9a8,concrete_strength,28,16,0.14004410803318024,0.0604405403137207,10852.0,0.14916466176509857,99,1
StandardGSGP,47ec4479-ad32-11ef-a1fc-e4a8dfc2a9a8,concrete_strength,28,17,0.14004410803318024,0.06467461585998535,11714.0,0.14916466176509857,99,1
StandardGSGP,47ec4479-ad32-11ef-a1fc-e4a8dfc2a9a8,concrete_strength,28,18,0.14004410803318024,0.06151080131530762,11856.0,0.14916466176509857,99,1
StandardGSGP,47ec4479-ad32-11ef-a1fc-e4a8dfc2a9a8,concrete_strength,28,19,0.13686144351959229,0.06750631332397461,12562.0,0.14263856410980225,131,1
StandardGSGP,47ec4479-ad32-11ef-a1fc-e4a8dfc2a9a8,concrete_strength,28,20,0.13638482987880707,0.0579981803894043,13492.0,0.14187128841876984,143,1
StandardGSGP,47ec4479-ad32-11ef-a1fc-e4a8dfc2a9a8,concrete_strength,28,21,0.1352272927761078,0.06150531768798828,14366.0,0.14140485227108002,137,1
StandardGSGP,47ec4479-ad32-11ef-a1fc-e4a8dfc2a9a8,concrete_strength,28,22,0.1352272927761078,0.06000113487243652,14900.0,0.14140485227108002,137,1
StandardGSGP,47ec4479-ad32-11ef-a1fc-e4a8dfc2a9a8,concrete_strength,28,23,0.13517773151397705,0.05850553512573242,15528.0,0.13972054421901703,155,1
StandardGSGP,47ec4479-ad32-11ef-a1fc-e4a8dfc2a9a8,concrete_strength,28,24,0.13517773151397705,0.06151437759399414,16146.0,0.13972054421901703,155,1
StandardGSGP,47ec4479-ad32-11ef-a1fc-e4a8dfc2a9a8,concrete_strength,28,25,0.13423952460289001,0.05999922752380371,16820.0,0.14042659103870392,175,1
StandardGSGP,47ec4479-ad32-11ef-a1fc-e4a8dfc2a9a8,concrete_strength,28,26,0.13423952460289001,0.05851149559020996,17768.0,0.14042659103870392,175,1
StandardGSGP,47ec4479-ad32-11ef-a1fc-e4a8dfc2a9a8,concrete_strength,28,27,0.13140973448753357,0.062081098556518555,18502.0,0.13786886632442474,197,1
StandardGSGP,47ec4479-ad32-11ef-a1fc-e4a8dfc2a9a8,concrete_strength,28,28,0.13020487129688263,0.06020760536193848,19514.0,0.13636106252670288,211,1
StandardGSGP,47ec4479-ad32-11ef-a1fc-e4a8dfc2a9a8,concrete_strength,28,29,0.13020487129688263,0.06201982498168945,20776.0,0.13636106252670288,211,1
StandardGSGP,47ec4479-ad32-11ef-a1fc-e4a8dfc2a9a8,concrete_strength,28,30,0.1281520426273346,0.0591588020324707,21698.0,0.14345771074295044,223,1
StandardGSGP,47ec4479-ad32-11ef-a1fc-e4a8dfc2a9a8,concrete_strength,28,31,0.12751153111457825,0.05951070785522461,22686.0,0.13410988450050354,229,1
StandardGSGP,47ec4479-ad32-11ef-a1fc-e4a8dfc2a9a8,concrete_strength,28,32,0.12606701254844666,0.056494712829589844,23590.0,0.13186638057231903,235,1
StandardGSGP,47ec4479-ad32-11ef-a1fc-e4a8dfc2a9a8,concrete_strength,28,33,0.12606525421142578,0.06299853324890137,24380.0,0.13187888264656067,241,1
StandardGSGP,47ec4479-ad32-11ef-a1fc-e4a8dfc2a9a8,concrete_strength,28,34,0.12606525421142578,0.05951118469238281,25376.0,0.13187888264656067,241,1
StandardGSGP,47ec4479-ad32-11ef-a1fc-e4a8dfc2a9a8,concrete_strength,28,35,0.12606525421142578,0.056998491287231445,26374.0,0.13187888264656067,241,1
StandardGSGP,47ec4479-ad32-11ef-a1fc-e4a8dfc2a9a8,concrete_strength,28,36,0.12606525421142578,0.06050729751586914,27646.0,0.13187888264656067,241,1
StandardGSGP,47ec4479-ad32-11ef-a1fc-e4a8dfc2a9a8,concrete_strength,28,37,0.12606525421142578,0.06250977516174316,28558.0,0.13187888264656067,241,1
StandardGSGP,47ec4479-ad32-11ef-a1fc-e4a8dfc2a9a8,concrete_strength,28,38,0.12565067410469055,0.06403255462646484,28904.0,0.13232968747615814,259,1
StandardGSGP,47ec4479-ad32-11ef-a1fc-e4a8dfc2a9a8,concrete_strength,28,39,0.12565067410469055,0.059508562088012695,29362.0,0.13232968747615814,259,1
StandardGSGP,47ec4479-ad32-11ef-a1fc-e4a8dfc2a9a8,concrete_strength,28,40,0.12450332939624786,0.05800175666809082,30064.0,0.13207747042179108,293,1
StandardGSGP,47ec4479-ad32-11ef-a1fc-e4a8dfc2a9a8,concrete_strength,28,41,0.12279051542282104,0.06241488456726074,30476.0,0.1358298361301422,275,1
StandardGSGP,47ec4479-ad32-11ef-a1fc-e4a8dfc2a9a8,concrete_strength,28,42,0.12279051542282104,0.059515953063964844,30034.0,0.1358298361301422,275,1
StandardGSGP,47ec4479-ad32-11ef-a1fc-e4a8dfc2a9a8,concrete_strength,28,43,0.12279051542282104,0.06058216094970703,30468.0,0.1358298361301422,275,1
StandardGSGP,47ec4479-ad32-11ef-a1fc-e4a8dfc2a9a8,concrete_strength,28,44,0.12279051542282104,0.058501482009887695,31190.0,0.1358298361301422,275,1
StandardGSGP,47ec4479-ad32-11ef-a1fc-e4a8dfc2a9a8,concrete_strength,28,45,0.12110447138547897,0.06051230430603027,31516.0,0.12568189203739166,295,1
StandardGSGP,47ec4479-ad32-11ef-a1fc-e4a8dfc2a9a8,concrete_strength,28,46,0.12010319530963898,0.05924272537231445,31728.0,0.12354008108377457,309,1
StandardGSGP,47ec4479-ad32-11ef-a1fc-e4a8dfc2a9a8,concrete_strength,28,47,0.11991406977176666,0.0648658275604248,32058.0,0.12386395037174225,321,1
StandardGSGP,47ec4479-ad32-11ef-a1fc-e4a8dfc2a9a8,concrete_strength,28,48,0.11893732100725174,0.06029343605041504,32234.0,0.12610839307308197,329,1
StandardGSGP,47ec4479-ad32-11ef-a1fc-e4a8dfc2a9a8,concrete_strength,28,49,0.11818958073854446,0.06440281867980957,33162.0,0.12638072669506073,341,1
StandardGSGP,47ec4479-ad32-11ef-a1fc-e4a8dfc2a9a8,concrete_strength,28,50,0.11818958073854446,0.0650177001953125,34216.0,0.12638072669506073,341,1
StandardGSGP,47ec4479-ad32-11ef-a1fc-e4a8dfc2a9a8,concrete_strength,28,51,0.11818958073854446,0.06798005104064941,34924.0,0.12638072669506073,341,1
StandardGSGP,47ec4479-ad32-11ef-a1fc-e4a8dfc2a9a8,concrete_strength,28,52,0.11807003617286682,0.06100344657897949,35836.0,0.12725232541561127,359,1
StandardGSGP,47ec4479-ad32-11ef-a1fc-e4a8dfc2a9a8,concrete_strength,28,53,0.11739528924226761,0.060515642166137695,36710.0,0.12617656588554382,367,1
StandardGSGP,47ec4479-ad32-11ef-a1fc-e4a8dfc2a9a8,concrete_strength,28,54,0.11739528924226761,0.06340432167053223,37258.0,0.12617656588554382,367,1
StandardGSGP,47ec4479-ad32-11ef-a1fc-e4a8dfc2a9a8,concrete_strength,28,55,0.11739528924226761,0.06629276275634766,38160.0,0.12617656588554382,367,1
StandardGSGP,47ec4479-ad32-11ef-a1fc-e4a8dfc2a9a8,concrete_strength,28,56,0.11711009591817856,0.06253480911254883,39070.0,0.12557284533977509,373,1
StandardGSGP,47ec4479-ad32-11ef-a1fc-e4a8dfc2a9a8,concrete_strength,28,57,0.11711009591817856,0.06628179550170898,39630.0,0.12557284533977509,373,1
StandardGSGP,47ec4479-ad32-11ef-a1fc-e4a8dfc2a9a8,concrete_strength,28,58,0.11711009591817856,0.06572413444519043,39834.0,0.12557284533977509,373,1
StandardGSGP,47ec4479-ad32-11ef-a1fc-e4a8dfc2a9a8,concrete_strength,28,59,0.11711009591817856,0.06337118148803711,40314.0,0.12557284533977509,373,1
StandardGSGP,47ec4479-ad32-11ef-a1fc-e4a8dfc2a9a8,concrete_strength,28,60,0.11711009591817856,0.059996843338012695,40636.0,0.12557284533977509,373,1
StandardGSGP,47ec4479-ad32-11ef-a1fc-e4a8dfc2a9a8,concrete_strength,28,61,0.11711009591817856,0.06502580642700195,40998.0,0.12557284533977509,373,1
StandardGSGP,47ec4479-ad32-11ef-a1fc-e4a8dfc2a9a8,concrete_strength,28,62,0.11650828272104263,0.06320071220397949,41162.0,0.12336156517267227,387,1
StandardGSGP,47ec4479-ad32-11ef-a1fc-e4a8dfc2a9a8,concrete_strength,28,63,0.11650828272104263,0.06321549415588379,41974.0,0.12336156517267227,387,1
StandardGSGP,47ec4479-ad32-11ef-a1fc-e4a8dfc2a9a8,concrete_strength,28,64,0.11637967824935913,0.0637059211730957,42394.0,0.12208550423383713,393,1
StandardGSGP,47ec4479-ad32-11ef-a1fc-e4a8dfc2a9a8,concrete_strength,28,65,0.11637967824935913,0.07351040840148926,43108.0,0.12208550423383713,393,1
StandardGSGP,47ec4479-ad32-11ef-a1fc-e4a8dfc2a9a8,concrete_strength,28,66,0.11637967824935913,0.06238293647766113,43826.0,0.12208550423383713,393,1
StandardGSGP,47ec4479-ad32-11ef-a1fc-e4a8dfc2a9a8,concrete_strength,28,67,0.11637694388628006,0.06566095352172852,44326.0,0.12186335027217865,399,1
StandardGSGP,47ec4479-ad32-11ef-a1fc-e4a8dfc2a9a8,concrete_strength,28,68,0.11637694388628006,0.06151413917541504,44456.0,0.12186335027217865,399,1
StandardGSGP,47ec4479-ad32-11ef-a1fc-e4a8dfc2a9a8,concrete_strength,28,69,0.11637694388628006,0.0710914134979248,44906.0,0.12186335027217865,399,1
StandardGSGP,47ec4479-ad32-11ef-a1fc-e4a8dfc2a9a8,concrete_strength,28,70,0.11637694388628006,0.06650614738464355,45724.0,0.12186335027217865,399,1
StandardGSGP,47ec4479-ad32-11ef-a1fc-e4a8dfc2a9a8,concrete_strength,28,71,0.11637694388628006,0.05951642990112305,46300.0,0.12186335027217865,399,1
StandardGSGP,47ec4479-ad32-11ef-a1fc-e4a8dfc2a9a8,concrete_strength,28,72,0.11603711545467377,0.06314969062805176,46588.0,0.12177333980798721,407,1
StandardGSGP,47ec4479-ad32-11ef-a1fc-e4a8dfc2a9a8,concrete_strength,28,73,0.11440609395503998,0.06351137161254883,46454.0,0.12174038589000702,413,1
StandardGSGP,47ec4479-ad32-11ef-a1fc-e4a8dfc2a9a8,concrete_strength,28,74,0.10987504571676254,0.058510780334472656,47062.0,0.12135693430900574,419,1
StandardGSGP,47ec4479-ad32-11ef-a1fc-e4a8dfc2a9a8,concrete_strength,28,75,0.10987504571676254,0.0655510425567627,47336.0,0.12135693430900574,419,1
StandardGSGP,47ec4479-ad32-11ef-a1fc-e4a8dfc2a9a8,concrete_strength,28,76,0.10987504571676254,0.056510210037231445,48160.0,0.12135693430900574,419,1
StandardGSGP,47ec4479-ad32-11ef-a1fc-e4a8dfc2a9a8,concrete_strength,28,77,0.10965424031019211,0.06077218055725098,48746.0,0.12091522663831711,425,1
StandardGSGP,47ec4479-ad32-11ef-a1fc-e4a8dfc2a9a8,concrete_strength,28,78,0.10965424031019211,0.0633995532989502,49010.0,0.12091522663831711,425,1
StandardGSGP,47ec4479-ad32-11ef-a1fc-e4a8dfc2a9a8,concrete_strength,28,79,0.10965424031019211,0.05868172645568848,50144.0,0.12091522663831711,425,1
StandardGSGP,47ec4479-ad32-11ef-a1fc-e4a8dfc2a9a8,concrete_strength,28,80,0.10965424031019211,0.06023573875427246,49228.0,0.12091522663831711,425,1
StandardGSGP,47ec4479-ad32-11ef-a1fc-e4a8dfc2a9a8,concrete_strength,28,81,0.10938029736280441,0.06043696403503418,48536.0,0.1220606341958046,433,1
StandardGSGP,47ec4479-ad32-11ef-a1fc-e4a8dfc2a9a8,concrete_strength,28,82,0.10938029736280441,0.060575008392333984,48478.0,0.1220606341958046,433,1
StandardGSGP,47ec4479-ad32-11ef-a1fc-e4a8dfc2a9a8,concrete_strength,28,83,0.10938029736280441,0.06525778770446777,48534.0,0.1220606341958046,433,1
StandardGSGP,47ec4479-ad32-11ef-a1fc-e4a8dfc2a9a8,concrete_strength,28,84,0.10938029736280441,0.060344696044921875,48558.0,0.1220606341958046,433,1
StandardGSGP,47ec4479-ad32-11ef-a1fc-e4a8dfc2a9a8,concrete_strength,28,85,0.10928591340780258,0.13051486015319824,49160.0,0.12333127856254578,443,1
StandardGSGP,47ec4479-ad32-11ef-a1fc-e4a8dfc2a9a8,concrete_strength,28,86,0.10928591340780258,0.06151318550109863,49184.0,0.12333127856254578,443,1
StandardGSGP,47ec4479-ad32-11ef-a1fc-e4a8dfc2a9a8,concrete_strength,28,87,0.10767854005098343,0.06659650802612305,49228.0,0.1173391342163086,453,1
StandardGSGP,47ec4479-ad32-11ef-a1fc-e4a8dfc2a9a8,concrete_strength,28,88,0.10767854005098343,0.060506343841552734,49310.0,0.1173391342163086,453,1
StandardGSGP,47ec4479-ad32-11ef-a1fc-e4a8dfc2a9a8,concrete_strength,28,89,0.10767854005098343,0.06188654899597168,49554.0,0.1173391342163086,453,1
StandardGSGP,47ec4479-ad32-11ef-a1fc-e4a8dfc2a9a8,concrete_strength,28,90,0.10767854005098343,0.060567617416381836,50246.0,0.1173391342163086,453,1
StandardGSGP,47ec4479-ad32-11ef-a1fc-e4a8dfc2a9a8,concrete_strength,28,91,0.10682711005210876,0.060510873794555664,50954.0,0.11566012352705002,479,1
StandardGSGP,47ec4479-ad32-11ef-a1fc-e4a8dfc2a9a8,concrete_strength,28,92,0.1060248613357544,0.06015276908874512,51230.0,0.1182796061038971,461,1
StandardGSGP,47ec4479-ad32-11ef-a1fc-e4a8dfc2a9a8,concrete_strength,28,93,0.1060248613357544,0.06000375747680664,51718.0,0.1182796061038971,461,1
StandardGSGP,47ec4479-ad32-11ef-a1fc-e4a8dfc2a9a8,concrete_strength,28,94,0.1060248613357544,0.0575108528137207,51842.0,0.1182796061038971,461,1
StandardGSGP,47ec4479-ad32-11ef-a1fc-e4a8dfc2a9a8,concrete_strength,28,95,0.1060248613357544,0.061362266540527344,52366.0,0.1182796061038971,461,1
StandardGSGP,47ec4479-ad32-11ef-a1fc-e4a8dfc2a9a8,concrete_strength,28,96,0.1060248613357544,0.0579991340637207,52832.0,0.1182796061038971,461,1
StandardGSGP,47ec4479-ad32-11ef-a1fc-e4a8dfc2a9a8,concrete_strength,28,97,0.1060248613357544,0.0575103759765625,53420.0,0.1182796061038971,461,1
StandardGSGP,47ec4479-ad32-11ef-a1fc-e4a8dfc2a9a8,concrete_strength,28,98,0.1060248613357544,0.0579981803894043,52764.0,0.1182796061038971,461,1
StandardGSGP,47ec4479-ad32-11ef-a1fc-e4a8dfc2a9a8,concrete_strength,28,99,0.10448393225669861,0.06450557708740234,52846.0,0.11814185976982117,479,1
StandardGSGP,47ec4479-ad32-11ef-a1fc-e4a8dfc2a9a8,concrete_strength,28,100,0.10448393225669861,0.0595090389251709,52362.0,0.11814185976982117,479,1
StandardGSGP,c7cf298e-ad32-11ef-a1fc-e4a8dfc2a9a8,concrete_strength,28,0,28.896076202392578,0.03899717330932617,888.0,28.86922836303711,3,1
StandardGSGP,c7cf298e-ad32-11ef-a1fc-e4a8dfc2a9a8,concrete_strength,28,1,28.871320724487305,0.07163429260253906,1672.0,28.84451675415039,15,1
StandardGSGP,c7cf298e-ad32-11ef-a1fc-e4a8dfc2a9a8,concrete_strength,28,2,28.835412979125977,0.0635080337524414,2550.0,28.772371292114258,15,1
StandardGSGP,c7cf298e-ad32-11ef-a1fc-e4a8dfc2a9a8,concrete_strength,28,3,28.729717254638672,0.06477689743041992,3050.0,28.686349868774414,29,1
StandardGSGP,c7cf298e-ad32-11ef-a1fc-e4a8dfc2a9a8,concrete_strength,28,4,28.641319274902344,0.06389808654785156,3648.0,28.575733184814453,41,1
StandardGSGP,c7cf298e-ad32-11ef-a1fc-e4a8dfc2a9a8,concrete_strength,28,5,28.512174606323242,0.06551146507263184,4478.0,28.40811538696289,51,1
StandardGSGP,c7cf298e-ad32-11ef-a1fc-e4a8dfc2a9a8,concrete_strength,28,6,28.446210861206055,0.06200361251831055,5398.0,28.26502227783203,49,1
StandardGSGP,c7cf298e-ad32-11ef-a1fc-e4a8dfc2a9a8,concrete_strength,28,7,28.41362762451172,0.07351064682006836,6246.0,28.28971290588379,61,1
StandardGSGP,c7cf298e-ad32-11ef-a1fc-e4a8dfc2a9a8,concrete_strength,28,8,28.285730361938477,0.06494736671447754,6992.0,28.164316177368164,63,1
StandardGSGP,c7cf298e-ad32-11ef-a1fc-e4a8dfc2a9a8,concrete_strength,28,9,28.25263023376465,0.0653386116027832,7686.0,28.162019729614258,73,1
StandardGSGP,c7cf298e-ad32-11ef-a1fc-e4a8dfc2a9a8,concrete_strength,28,10,28.14529037475586,0.06439876556396484,8550.0,28.047643661499023,79,1
StandardGSGP,c7cf298e-ad32-11ef-a1fc-e4a8dfc2a9a8,concrete_strength,28,11,28.00518035888672,0.06441259384155273,9298.0,27.886672973632812,87,1
StandardGSGP,c7cf298e-ad32-11ef-a1fc-e4a8dfc2a9a8,concrete_strength,28,12,27.88432502746582,0.06590962409973145,9798.0,27.747875213623047,95,1
StandardGSGP,c7cf298e-ad32-11ef-a1fc-e4a8dfc2a9a8,concrete_strength,28,13,27.860084533691406,0.06599926948547363,10568.0,27.71181297302246,105,1
StandardGSGP,c7cf298e-ad32-11ef-a1fc-e4a8dfc2a9a8,concrete_strength,28,14,27.61200523376465,0.0655977725982666,11416.0,27.43157958984375,111,1
StandardGSGP,c7cf298e-ad32-11ef-a1fc-e4a8dfc2a9a8,concrete_strength,28,15,27.52827262878418,0.07901978492736816,12112.0,27.33515167236328,127,1
StandardGSGP,c7cf298e-ad32-11ef-a1fc-e4a8dfc2a9a8,concrete_strength,28,16,27.492528915405273,0.06757497787475586,12896.0,27.297964096069336,141,1
StandardGSGP,c7cf298e-ad32-11ef-a1fc-e4a8dfc2a9a8,concrete_strength,28,17,27.343828201293945,0.06450748443603516,13582.0,27.12435531616211,139,1
StandardGSGP,c7cf298e-ad32-11ef-a1fc-e4a8dfc2a9a8,concrete_strength,28,18,27.284696578979492,0.06685519218444824,14772.0,27.064725875854492,145,1
StandardGSGP,c7cf298e-ad32-11ef-a1fc-e4a8dfc2a9a8,concrete_strength,28,19,27.116985321044922,0.06573104858398438,15872.0,26.87217140197754,163,1
StandardGSGP,c7cf298e-ad32-11ef-a1fc-e4a8dfc2a9a8,concrete_strength,28,20,27.0143985748291,0.06444168090820312,16648.0,26.75600242614746,181,1
StandardGSGP,c7cf298e-ad32-11ef-a1fc-e4a8dfc2a9a8,concrete_strength,28,21,26.858976364135742,0.0690462589263916,17560.0,26.55519676208496,181,1
StandardGSGP,c7cf298e-ad32-11ef-a1fc-e4a8dfc2a9a8,concrete_strength,28,22,26.810325622558594,0.0675203800201416,18674.0,26.522235870361328,179,1
StandardGSGP,c7cf298e-ad32-11ef-a1fc-e4a8dfc2a9a8,concrete_strength,28,23,26.666236877441406,0.06699848175048828,19820.0,26.3554744720459,185,1
StandardGSGP,c7cf298e-ad32-11ef-a1fc-e4a8dfc2a9a8,concrete_strength,28,24,26.511690139770508,0.06905174255371094,20914.0,26.16351890563965,201,1
StandardGSGP,c7cf298e-ad32-11ef-a1fc-e4a8dfc2a9a8,concrete_strength,28,25,26.44226837158203,0.06539797782897949,21260.0,26.086624145507812,209,1
StandardGSGP,c7cf298e-ad32-11ef-a1fc-e4a8dfc2a9a8,concrete_strength,28,26,26.361536026000977,0.06399846076965332,21880.0,25.92284393310547,215,1
StandardGSGP,c7cf298e-ad32-11ef-a1fc-e4a8dfc2a9a8,concrete_strength,28,27,26.299739837646484,0.06765556335449219,22688.0,25.907297134399414,217,1
StandardGSGP,c7cf298e-ad32-11ef-a1fc-e4a8dfc2a9a8,concrete_strength,28,28,26.2475643157959,0.06468367576599121,23440.0,25.81474494934082,231,1
StandardGSGP,c7cf298e-ad32-11ef-a1fc-e4a8dfc2a9a8,concrete_strength,28,29,26.15089225769043,0.07687044143676758,24178.0,25.70557403564453,241,1
StandardGSGP,c7cf298e-ad32-11ef-a1fc-e4a8dfc2a9a8,concrete_strength,28,30,25.906408309936523,0.0665431022644043,24888.0,25.429628372192383,247,1
StandardGSGP,c7cf298e-ad32-11ef-a1fc-e4a8dfc2a9a8,concrete_strength,28,31,25.906408309936523,0.06850695610046387,25940.0,25.429628372192383,247,1
StandardGSGP,c7cf298e-ad32-11ef-a1fc-e4a8dfc2a9a8,concrete_strength,28,32,25.88562774658203,0.06700444221496582,27100.0,25.407318115234375,283,1
StandardGSGP,c7cf298e-ad32-11ef-a1fc-e4a8dfc2a9a8,concrete_strength,28,33,25.832910537719727,0.06541681289672852,28226.0,25.35056495666504,289,1
StandardGSGP,c7cf298e-ad32-11ef-a1fc-e4a8dfc2a9a8,concrete_strength,28,34,25.65453338623047,0.07064175605773926,29076.0,25.11427116394043,297,1
StandardGSGP,c7cf298e-ad32-11ef-a1fc-e4a8dfc2a9a8,concrete_strength,28,35,25.606700897216797,0.06612801551818848,30308.0,25.062604904174805,309,1
StandardGSGP,c7cf298e-ad32-11ef-a1fc-e4a8dfc2a9a8,concrete_strength,28,36,25.58708381652832,0.06978940963745117,31226.0,25.035484313964844,303,1
StandardGSGP,c7cf298e-ad32-11ef-a1fc-e4a8dfc2a9a8,concrete_strength,28,37,25.423912048339844,0.06908941268920898,31886.0,24.904878616333008,329,1
StandardGSGP,c7cf298e-ad32-11ef-a1fc-e4a8dfc2a9a8,concrete_strength,28,38,25.42268180847168,0.06746578216552734,33014.0,24.903844833374023,335,1
StandardGSGP,c7cf298e-ad32-11ef-a1fc-e4a8dfc2a9a8,concrete_strength,28,39,25.38195037841797,0.07700300216674805,34028.0,24.799381256103516,333,1
StandardGSGP,c7cf298e-ad32-11ef-a1fc-e4a8dfc2a9a8,concrete_strength,28,40,25.325807571411133,0.06830453872680664,34966.0,24.725770950317383,345,1
StandardGSGP,c7cf298e-ad32-11ef-a1fc-e4a8dfc2a9a8,concrete_strength,28,41,25.27436637878418,0.06751060485839844,36012.0,24.662551879882812,351,1
StandardGSGP,c7cf298e-ad32-11ef-a1fc-e4a8dfc2a9a8,concrete_strength,28,42,25.202556610107422,0.13737702369689941,36738.0,24.61359214782715,381,1
StandardGSGP,c7cf298e-ad32-11ef-a1fc-e4a8dfc2a9a8,concrete_strength,28,43,25.170677185058594,0.08506965637207031,37744.0,24.688831329345703,387,1
StandardGSGP,c7cf298e-ad32-11ef-a1fc-e4a8dfc2a9a8,concrete_strength,28,44,24.95470428466797,0.08160662651062012,38664.0,24.359050750732422,393,1
StandardGSGP,c7cf298e-ad32-11ef-a1fc-e4a8dfc2a9a8,concrete_strength,28,45,24.917570114135742,0.08250880241394043,39730.0,24.304174423217773,401,1
StandardGSGP,c7cf298e-ad32-11ef-a1fc-e4a8dfc2a9a8,concrete_strength,28,46,24.825225830078125,0.07117772102355957,40450.0,24.233898162841797,407,1
StandardGSGP,c7cf298e-ad32-11ef-a1fc-e4a8dfc2a9a8,concrete_strength,28,47,24.79660987854004,0.07700443267822266,41482.0,24.17205047607422,423,1
StandardGSGP,c7cf298e-ad32-11ef-a1fc-e4a8dfc2a9a8,concrete_strength,28,48,24.772104263305664,0.07480287551879883,42396.0,24.125349044799805,431,1
StandardGSGP,c7cf298e-ad32-11ef-a1fc-e4a8dfc2a9a8,concrete_strength,28,49,24.690793991088867,0.07251310348510742,43410.0,24.02443504333496,441,1
StandardGSGP,c7cf298e-ad32-11ef-a1fc-e4a8dfc2a9a8,concrete_strength,28,50,24.622133255004883,0.07100534439086914,44252.0,23.938396453857422,451,1
StandardGSGP,c7cf298e-ad32-11ef-a1fc-e4a8dfc2a9a8,concrete_strength,28,51,24.5698299407959,0.07185006141662598,45188.0,23.867774963378906,461,1
StandardGSGP,c7cf298e-ad32-11ef-a1fc-e4a8dfc2a9a8,concrete_strength,28,52,24.44202995300293,0.07298707962036133,46144.0,23.729263305664062,467,1
StandardGSGP,c7cf298e-ad32-11ef-a1fc-e4a8dfc2a9a8,concrete_strength,28,53,24.39145278930664,0.07444930076599121,47160.0,23.659605026245117,473,1
StandardGSGP,c7cf298e-ad32-11ef-a1fc-e4a8dfc2a9a8,concrete_strength,28,54,24.189735412597656,0.08605718612670898,48320.0,23.461332321166992,481,1
StandardGSGP,c7cf298e-ad32-11ef-a1fc-e4a8dfc2a9a8,concrete_strength,28,55,24.189735412597656,0.08100652694702148,49158.0,23.461332321166992,481,1
StandardGSGP,c7cf298e-ad32-11ef-a1fc-e4a8dfc2a9a8,concrete_strength,28,56,24.189735412597656,0.0735628604888916,50002.0,23.461332321166992,481,1
StandardGSGP,c7cf298e-ad32-11ef-a1fc-e4a8dfc2a9a8,concrete_strength,28,57,24.131439208984375,0.07781791687011719,50530.0,23.377031326293945,495,1
StandardGSGP,c7cf298e-ad32-11ef-a1fc-e4a8dfc2a9a8,concrete_strength,28,58,24.11112403869629,0.07442998886108398,50572.0,23.3685359954834,495,1
StandardGSGP,c7cf298e-ad32-11ef-a1fc-e4a8dfc2a9a8,concrete_strength,28,59,23.99675941467285,0.0774543285369873,51140.0,23.20599937438965,507,1
StandardGSGP,c7cf298e-ad32-11ef-a1fc-e4a8dfc2a9a8,concrete_strength,28,60,23.996578216552734,0.0740816593170166,51854.0,23.212383270263672,515,1
StandardGSGP,c7cf298e-ad32-11ef-a1fc-e4a8dfc2a9a8,concrete_strength,28,61,23.91649627685547,0.0715341567993164,52436.0,23.135597229003906,521,1
StandardGSGP,c7cf298e-ad32-11ef-a1fc-e4a8dfc2a9a8,concrete_strength,28,62,23.862857818603516,0.08046436309814453,53214.0,23.102975845336914,533,1
StandardGSGP,c7cf298e-ad32-11ef-a1fc-e4a8dfc2a9a8,concrete_strength,28,63,23.83904457092285,0.08290743827819824,53876.0,23.05898666381836,539,1
StandardGSGP,c7cf298e-ad32-11ef-a1fc-e4a8dfc2a9a8,concrete_strength,28,64,23.809385299682617,0.09253287315368652,54788.0,22.96135711669922,543,1
StandardGSGP,c7cf298e-ad32-11ef-a1fc-e4a8dfc2a9a8,concrete_strength,28,65,23.739091873168945,0.08554458618164062,55758.0,22.898971557617188,549,1
StandardGSGP,c7cf298e-ad32-11ef-a1fc-e4a8dfc2a9a8,concrete_strength,28,66,23.664175033569336,0.0749974250793457,56688.0,22.84697151184082,559,1
StandardGSGP,c7cf298e-ad32-11ef-a1fc-e4a8dfc2a9a8,concrete_strength,28,67,23.618562698364258,0.07651185989379883,57672.0,22.772167205810547,579,1
StandardGSGP,c7cf298e-ad32-11ef-a1fc-e4a8dfc2a9a8,concrete_strength,28,68,23.561880111694336,0.07552719116210938,58450.0,22.715229034423828,591,1
StandardGSGP,c7cf298e-ad32-11ef-a1fc-e4a8dfc2a9a8,concrete_strength,28,69,23.492006301879883,0.0804448127746582,58762.0,22.625995635986328,605,1
StandardGSGP,c7cf298e-ad32-11ef-a1fc-e4a8dfc2a9a8,concrete_strength,28,70,23.38162612915039,0.08833765983581543,59798.0,22.484149932861328,577,1
StandardGSGP,c7cf298e-ad32-11ef-a1fc-e4a8dfc2a9a8,concrete_strength,28,71,23.38162612915039,0.07625269889831543,60744.0,22.484149932861328,577,1
StandardGSGP,c7cf298e-ad32-11ef-a1fc-e4a8dfc2a9a8,concrete_strength,28,72,23.355627059936523,0.07351279258728027,62068.0,22.499427795410156,649,1
StandardGSGP,c7cf298e-ad32-11ef-a1fc-e4a8dfc2a9a8,concrete_strength,28,73,23.222946166992188,0.08040213584899902,62556.0,22.29381561279297,599,1
StandardGSGP,c7cf298e-ad32-11ef-a1fc-e4a8dfc2a9a8,concrete_strength,28,74,23.216947555541992,0.08507370948791504,62288.0,22.292896270751953,607,1
StandardGSGP,c7cf298e-ad32-11ef-a1fc-e4a8dfc2a9a8,concrete_strength,28,75,23.17587661743164,0.08722972869873047,63352.0,22.23343849182129,605,1
StandardGSGP,c7cf298e-ad32-11ef-a1fc-e4a8dfc2a9a8,concrete_strength,28,76,23.165912628173828,0.07251358032226562,63150.0,22.22529411315918,627,1
StandardGSGP,c7cf298e-ad32-11ef-a1fc-e4a8dfc2a9a8,concrete_strength,28,77,23.0950870513916,0.06952261924743652,63148.0,22.14052963256836,617,1
StandardGSGP,c7cf298e-ad32-11ef-a1fc-e4a8dfc2a9a8,concrete_strength,28,78,23.046546936035156,0.07890629768371582,64118.0,22.081321716308594,637,1
StandardGSGP,c7cf298e-ad32-11ef-a1fc-e4a8dfc2a9a8,concrete_strength,28,79,22.91210174560547,0.07029962539672852,64444.0,21.90691566467285,651,1
StandardGSGP,c7cf298e-ad32-11ef-a1fc-e4a8dfc2a9a8,concrete_strength,28,80,22.91210174560547,0.0690009593963623,64794.0,21.90691566467285,651,1
StandardGSGP,c7cf298e-ad32-11ef-a1fc-e4a8dfc2a9a8,concrete_strength,28,81,22.858781814575195,0.07850813865661621,65668.0,21.86171531677246,659,1
StandardGSGP,c7cf298e-ad32-11ef-a1fc-e4a8dfc2a9a8,concrete_strength,28,82,22.82687759399414,0.06784415245056152,66728.0,21.83893585205078,667,1
StandardGSGP,c7cf298e-ad32-11ef-a1fc-e4a8dfc2a9a8,concrete_strength,28,83,22.774051666259766,0.06451630592346191,67624.0,21.78291893005371,697,1
StandardGSGP,c7cf298e-ad32-11ef-a1fc-e4a8dfc2a9a8,concrete_strength,28,84,22.763582229614258,0.06255340576171875,68294.0,21.766374588012695,705,1
StandardGSGP,c7cf298e-ad32-11ef-a1fc-e4a8dfc2a9a8,concrete_strength,28,85,22.71183967590332,0.06146955490112305,69336.0,21.755882263183594,713,1
StandardGSGP,c7cf298e-ad32-11ef-a1fc-e4a8dfc2a9a8,concrete_strength,28,86,22.599536895751953,0.06650638580322266,70444.0,21.644315719604492,685,1
StandardGSGP,c7cf298e-ad32-11ef-a1fc-e4a8dfc2a9a8,concrete_strength,28,87,22.52103614807129,0.067138671875,71588.0,21.550127029418945,693,1
StandardGSGP,c7cf298e-ad32-11ef-a1fc-e4a8dfc2a9a8,concrete_strength,28,88,22.461589813232422,0.07208538055419922,72326.0,21.447351455688477,703,1
StandardGSGP,c7cf298e-ad32-11ef-a1fc-e4a8dfc2a9a8,concrete_strength,28,89,22.413555145263672,0.06910300254821777,72164.0,21.430801391601562,711,1
StandardGSGP,c7cf298e-ad32-11ef-a1fc-e4a8dfc2a9a8,concrete_strength,28,90,22.29298210144043,0.06676506996154785,72168.0,21.320192337036133,731,1
StandardGSGP,c7cf298e-ad32-11ef-a1fc-e4a8dfc2a9a8,concrete_strength,28,91,22.276214599609375,0.06330204010009766,73138.0,21.299203872680664,737,1
StandardGSGP,c7cf298e-ad32-11ef-a1fc-e4a8dfc2a9a8,concrete_strength,28,92,22.211254119873047,0.0740194320678711,74180.0,21.22150421142578,755,1
StandardGSGP,c7cf298e-ad32-11ef-a1fc-e4a8dfc2a9a8,concrete_strength,28,93,22.182369232177734,0.07210540771484375,75282.0,21.19583511352539,767,1
StandardGSGP,c7cf298e-ad32-11ef-a1fc-e4a8dfc2a9a8,concrete_strength,28,94,22.14321517944336,0.06703019142150879,76632.0,21.135955810546875,773,1
StandardGSGP,c7cf298e-ad32-11ef-a1fc-e4a8dfc2a9a8,concrete_strength,28,95,22.11664581298828,0.07985734939575195,77728.0,21.09622573852539,793,1
StandardGSGP,c7cf298e-ad32-11ef-a1fc-e4a8dfc2a9a8,concrete_strength,28,96,22.09170913696289,0.06450891494750977,78916.0,21.109628677368164,801,1
StandardGSGP,c7cf298e-ad32-11ef-a1fc-e4a8dfc2a9a8,concrete_strength,28,97,22.01828384399414,0.0637044906616211,80036.0,20.965621948242188,809,1
StandardGSGP,c7cf298e-ad32-11ef-a1fc-e4a8dfc2a9a8,concrete_strength,28,98,21.981143951416016,0.06451249122619629,81104.0,21.040475845336914,831,1
StandardGSGP,c7cf298e-ad32-11ef-a1fc-e4a8dfc2a9a8,concrete_strength,28,99,21.90521812438965,0.06921219825744629,81926.0,20.840578079223633,833,1
StandardGSGP,c7cf298e-ad32-11ef-a1fc-e4a8dfc2a9a8,concrete_strength,28,100,21.897663116455078,0.0660243034362793,83106.0,20.832544326782227,839,1
