StandardGSGP,286fd84e-ad32-11ef-8441-e4a8dfc2a9a8,concrete_strength,20,0,0.2327701300382614,0.04050874710083008,894.0,0.23565535247325897,3,1
StandardGSGP,286fd84e-ad32-11ef-8441-e4a8dfc2a9a8,concrete_strength,20,1,0.2136600762605667,0.06899833679199219,1488.0,0.21433182060718536,9,1
StandardGSGP,286fd84e-ad32-11ef-8441-e4a8dfc2a9a8,concrete_strength,20,2,0.2136600762605667,0.08465123176574707,2142.0,0.21433182060718536,9,1
StandardGSGP,286fd84e-ad32-11ef-8441-e4a8dfc2a9a8,concrete_strength,20,3,0.19342732429504395,0.06250667572021484,2962.0,0.199806809425354,25,1
StandardGSGP,286fd84e-ad32-11ef-8441-e4a8dfc2a9a8,concrete_strength,20,4,0.19342732429504395,0.06155800819396973,3638.0,0.199806809425354,25,1
StandardGSGP,286fd84e-ad32-11ef-8441-e4a8dfc2a9a8,concrete_strength,20,5,0.19342732429504395,0.05954718589782715,4380.0,0.199806809425354,25,1
StandardGSGP,286fd84e-ad32-11ef-8441-e4a8dfc2a9a8,concrete_strength,20,6,0.17727144062519073,0.06629538536071777,5040.0,0.1846766322851181,35,1
StandardGSGP,286fd84e-ad32-11ef-8441-e4a8dfc2a9a8,concrete_strength,20,7,0.1748603880405426,0.06422877311706543,5570.0,0.18237100541591644,45,1
StandardGSGP,286fd84e-ad32-11ef-8441-e4a8dfc2a9a8,concrete_strength,20,8,0.1748603880405426,0.05923867225646973,6448.0,0.18237100541591644,45,1
StandardGSGP,286fd84e-ad32-11ef-8441-e4a8dfc2a9a8,concrete_strength,20,9,0.16602195799350739,0.06416845321655273,7030.0,0.17098595201969147,65,1
StandardGSGP,286fd84e-ad32-11ef-8441-e4a8dfc2a9a8,concrete_strength,20,10,0.16602195799350739,0.06199979782104492,7532.0,0.17098595201969147,65,1
StandardGSGP,286fd84e-ad32-11ef-8441-e4a8dfc2a9a8,concrete_strength,20,11,0.16602195799350739,0.06350898742675781,7996.0,0.17098595201969147,65,1
StandardGSGP,286fd84e-ad32-11ef-8441-e4a8dfc2a9a8,concrete_strength,20,12,0.1589152067899704,0.05774998664855957,8586.0,0.16930338740348816,87,1
StandardGSGP,286fd84e-ad32-11ef-8441-e4a8dfc2a9a8,concrete_strength,20,13,0.15785552561283112,0.059668779373168945,9484.0,0.1669713258743286,101,1
StandardGSGP,286fd84e-ad32-11ef-8441-e4a8dfc2a9a8,concrete_strength,20,14,0.15663395822048187,0.06450915336608887,10314.0,0.16173064708709717,87,1
StandardGSGP,286fd84e-ad32-11ef-8441-e4a8dfc2a9a8,concrete_strength,20,15,0.15570500493049622,0.06156468391418457,11238.0,0.1628936231136322,93,1
StandardGSGP,286fd84e-ad32-11ef-8441-e4a8dfc2a9a8,concrete_strength,20,16,0.15368866920471191,0.06297969818115234,12198.0,0.1597973257303238,101,1
StandardGSGP,286fd84e-ad32-11ef-8441-e4a8dfc2a9a8,concrete_strength,20,17,0.1359330415725708,0.05809807777404785,12718.0,0.140297532081604,139,1
StandardGSGP,286fd84e-ad32-11ef-8441-e4a8dfc2a9a8,concrete_strength,20,18,0.13580431044101715,0.06018853187561035,13270.0,0.14149431884288788,149,1
StandardGSGP,286fd84e-ad32-11ef-8441-e4a8dfc2a9a8,concrete_strength,20,19,0.13580431044101715,0.0600888729095459,14206.0,0.14149431884288788,149,1
StandardGSGP,286fd84e-ad32-11ef-8441-e4a8dfc2a9a8,concrete_strength,20,20,0.13114120066165924,0.08012819290161133,15302.0,0.14169371128082275,157,1
StandardGSGP,286fd84e-ad32-11ef-8441-e4a8dfc2a9a8,concrete_strength,20,21,0.13114120066165924,0.06755900382995605,16510.0,0.14169371128082275,157,1
StandardGSGP,286fd84e-ad32-11ef-8441-e4a8dfc2a9a8,concrete_strength,20,22,0.1308889091014862,0.06251645088195801,17746.0,0.13523583114147186,181,1
StandardGSGP,286fd84e-ad32-11ef-8441-e4a8dfc2a9a8,concrete_strength,20,23,0.1308889091014862,0.06252598762512207,18648.0,0.13523583114147186,181,1
StandardGSGP,286fd84e-ad32-11ef-8441-e4a8dfc2a9a8,concrete_strength,20,24,0.1287245899438858,0.06697535514831543,19564.0,0.1355217546224594,211,1
StandardGSGP,286fd84e-ad32-11ef-8441-e4a8dfc2a9a8,concrete_strength,20,25,0.1287245899438858,0.06205391883850098,20382.0,0.1355217546224594,211,1
StandardGSGP,286fd84e-ad32-11ef-8441-e4a8dfc2a9a8,concrete_strength,20,26,0.1287245899438858,0.057526588439941406,21316.0,0.1355217546224594,211,1
StandardGSGP,286fd84e-ad32-11ef-8441-e4a8dfc2a9a8,concrete_strength,20,27,0.1287245899438858,0.0579228401184082,22406.0,0.1355217546224594,211,1
StandardGSGP,286fd84e-ad32-11ef-8441-e4a8dfc2a9a8,concrete_strength,20,28,0.1287245899438858,0.06750798225402832,23452.0,0.1355217546224594,211,1
StandardGSGP,286fd84e-ad32-11ef-8441-e4a8dfc2a9a8,concrete_strength,20,29,0.1287245899438858,0.06479024887084961,24290.0,0.1355217546224594,211,1
StandardGSGP,286fd84e-ad32-11ef-8441-e4a8dfc2a9a8,concrete_strength,20,30,0.1287245899438858,0.07117152214050293,25154.0,0.1355217546224594,211,1
StandardGSGP,286fd84e-ad32-11ef-8441-e4a8dfc2a9a8,concrete_strength,20,31,0.12782925367355347,0.0615079402923584,25832.0,0.12696649134159088,281,1
StandardGSGP,286fd84e-ad32-11ef-8441-e4a8dfc2a9a8,concrete_strength,20,32,0.12549659609794617,0.06151437759399414,26278.0,0.12681400775909424,289,1
StandardGSGP,286fd84e-ad32-11ef-8441-e4a8dfc2a9a8,concrete_strength,20,33,0.12549659609794617,0.060883522033691406,26718.0,0.12681400775909424,289,1
StandardGSGP,286fd84e-ad32-11ef-8441-e4a8dfc2a9a8,concrete_strength,20,34,0.12549659609794617,0.061509132385253906,27640.0,0.12681400775909424,289,1
StandardGSGP,286fd84e-ad32-11ef-8441-e4a8dfc2a9a8,concrete_strength,20,35,0.12549659609794617,0.0619051456451416,28850.0,0.12681400775909424,289,1
StandardGSGP,286fd84e-ad32-11ef-8441-e4a8dfc2a9a8,concrete_strength,20,36,0.1252499669790268,0.06003260612487793,29734.0,0.12182235717773438,297,1
StandardGSGP,286fd84e-ad32-11ef-8441-e4a8dfc2a9a8,concrete_strength,20,37,0.12490244954824448,0.057509660720825195,30922.0,0.1216534823179245,305,1
StandardGSGP,286fd84e-ad32-11ef-8441-e4a8dfc2a9a8,concrete_strength,20,38,0.12471649795770645,0.059995412826538086,31746.0,0.13099655508995056,329,1
StandardGSGP,286fd84e-ad32-11ef-8441-e4a8dfc2a9a8,concrete_strength,20,39,0.1226169541478157,0.06050753593444824,33162.0,0.12514647841453552,337,1
StandardGSGP,286fd84e-ad32-11ef-8441-e4a8dfc2a9a8,concrete_strength,20,40,0.1226169541478157,0.05751323699951172,33556.0,0.12514647841453552,337,1
StandardGSGP,286fd84e-ad32-11ef-8441-e4a8dfc2a9a8,concrete_strength,20,41,0.1226169541478157,0.06499910354614258,34584.0,0.12514647841453552,337,1
StandardGSGP,286fd84e-ad32-11ef-8441-e4a8dfc2a9a8,concrete_strength,20,42,0.1226169541478157,0.06250905990600586,35688.0,0.12514647841453552,337,1
StandardGSGP,286fd84e-ad32-11ef-8441-e4a8dfc2a9a8,concrete_strength,20,43,0.1226169541478157,0.06152081489562988,36462.0,0.12514647841453552,337,1
StandardGSGP,286fd84e-ad32-11ef-8441-e4a8dfc2a9a8,concrete_strength,20,44,0.1226169541478157,0.06026792526245117,37138.0,0.12514647841453552,337,1
StandardGSGP,286fd84e-ad32-11ef-8441-e4a8dfc2a9a8,concrete_strength,20,45,0.1226169541478157,0.05908679962158203,37978.0,0.12514647841453552,337,1
StandardGSGP,286fd84e-ad32-11ef-8441-e4a8dfc2a9a8,concrete_strength,20,46,0.1225367933511734,0.060857295989990234,38868.0,0.1253695785999298,355,1
StandardGSGP,286fd84e-ad32-11ef-8441-e4a8dfc2a9a8,concrete_strength,20,47,0.11897056549787521,0.05602383613586426,39530.0,0.12429282814264297,361,1
StandardGSGP,286fd84e-ad32-11ef-8441-e4a8dfc2a9a8,concrete_strength,20,48,0.11897056549787521,0.061138153076171875,40592.0,0.12429282814264297,361,1
StandardGSGP,286fd84e-ad32-11ef-8441-e4a8dfc2a9a8,concrete_strength,20,49,0.11897056549787521,0.059998512268066406,41746.0,0.12429282814264297,361,1
StandardGSGP,286fd84e-ad32-11ef-8441-e4a8dfc2a9a8,concrete_strength,20,50,0.11895019561052322,0.0648491382598877,42420.0,0.1246483102440834,371,1
StandardGSGP,286fd84e-ad32-11ef-8441-e4a8dfc2a9a8,concrete_strength,20,51,0.11895019561052322,0.062001705169677734,42810.0,0.1246483102440834,371,1
StandardGSGP,286fd84e-ad32-11ef-8441-e4a8dfc2a9a8,concrete_strength,20,52,0.11895019561052322,0.06451153755187988,43144.0,0.1246483102440834,371,1
StandardGSGP,286fd84e-ad32-11ef-8441-e4a8dfc2a9a8,concrete_strength,20,53,0.11895019561052322,0.06051778793334961,43292.0,0.1246483102440834,371,1
StandardGSGP,286fd84e-ad32-11ef-8441-e4a8dfc2a9a8,concrete_strength,20,54,0.11877789348363876,0.06847000122070312,44022.0,0.12280288338661194,377,1
StandardGSGP,286fd84e-ad32-11ef-8441-e4a8dfc2a9a8,concrete_strength,20,55,0.11854366213083267,0.05941963195800781,44960.0,0.12337275594472885,377,1
StandardGSGP,286fd84e-ad32-11ef-8441-e4a8dfc2a9a8,concrete_strength,20,56,0.11854366213083267,0.06166696548461914,44958.0,0.12337275594472885,377,1
StandardGSGP,286fd84e-ad32-11ef-8441-e4a8dfc2a9a8,concrete_strength,20,57,0.11854366213083267,0.059918880462646484,44716.0,0.12337275594472885,377,1
StandardGSGP,286fd84e-ad32-11ef-8441-e4a8dfc2a9a8,concrete_strength,20,58,0.11821151524782181,0.06080746650695801,43366.0,0.12455400079488754,399,1
StandardGSGP,286fd84e-ad32-11ef-8441-e4a8dfc2a9a8,concrete_strength,20,59,0.11821151524782181,0.060509681701660156,43136.0,0.12455400079488754,399,1
StandardGSGP,286fd84e-ad32-11ef-8441-e4a8dfc2a9a8,concrete_strength,20,60,0.11816759407520294,0.06599855422973633,44278.0,0.12292522192001343,445,1
StandardGSGP,286fd84e-ad32-11ef-8441-e4a8dfc2a9a8,concrete_strength,20,61,0.11782985180616379,0.060512542724609375,44334.0,0.12220358103513718,461,1
StandardGSGP,286fd84e-ad32-11ef-8441-e4a8dfc2a9a8,concrete_strength,20,62,0.11636912077665329,0.059992074966430664,45768.0,0.1186036542057991,473,1
StandardGSGP,286fd84e-ad32-11ef-8441-e4a8dfc2a9a8,concrete_strength,20,63,0.11636912077665329,0.05901694297790527,46602.0,0.1186036542057991,473,1
StandardGSGP,286fd84e-ad32-11ef-8441-e4a8dfc2a9a8,concrete_strength,20,64,0.11636912077665329,0.1342759132385254,47404.0,0.1186036542057991,473,1
StandardGSGP,286fd84e-ad32-11ef-8441-e4a8dfc2a9a8,concrete_strength,20,65,0.11623942852020264,0.061506032943725586,47784.0,0.11850414425134659,479,1
StandardGSGP,286fd84e-ad32-11ef-8441-e4a8dfc2a9a8,concrete_strength,20,66,0.11607950180768967,0.05850982666015625,48336.0,0.118044413626194,481,1
StandardGSGP,286fd84e-ad32-11ef-8441-e4a8dfc2a9a8,concrete_strength,20,67,0.11607950180768967,0.060148000717163086,49194.0,0.118044413626194,481,1
StandardGSGP,286fd84e-ad32-11ef-8441-e4a8dfc2a9a8,concrete_strength,20,68,0.11607950180768967,0.060515403747558594,50132.0,0.118044413626194,481,1
StandardGSGP,286fd84e-ad32-11ef-8441-e4a8dfc2a9a8,concrete_strength,20,69,0.11603350192308426,0.06414937973022461,50926.0,0.11629538238048553,503,1
StandardGSGP,286fd84e-ad32-11ef-8441-e4a8dfc2a9a8,concrete_strength,20,70,0.11551198363304138,0.07299971580505371,51704.0,0.11542815715074539,509,1
StandardGSGP,286fd84e-ad32-11ef-8441-e4a8dfc2a9a8,concrete_strength,20,71,0.11524724960327148,0.06051015853881836,52100.0,0.11180773377418518,519,1
StandardGSGP,286fd84e-ad32-11ef-8441-e4a8dfc2a9a8,concrete_strength,20,72,0.11524724960327148,0.06429743766784668,52678.0,0.11180773377418518,519,1
StandardGSGP,286fd84e-ad32-11ef-8441-e4a8dfc2a9a8,concrete_strength,20,73,0.11524724960327148,0.06609511375427246,53562.0,0.11180773377418518,519,1
StandardGSGP,286fd84e-ad32-11ef-8441-e4a8dfc2a9a8,concrete_strength,20,74,0.11427415907382965,0.06374025344848633,54596.0,0.11337027698755264,525,1
StandardGSGP,286fd84e-ad32-11ef-8441-e4a8dfc2a9a8,concrete_strength,20,75,0.11427415907382965,0.062397003173828125,55124.0,0.11337027698755264,525,1
StandardGSGP,286fd84e-ad32-11ef-8441-e4a8dfc2a9a8,concrete_strength,20,76,0.11375101655721664,0.057999610900878906,55482.0,0.1111426129937172,533,1
StandardGSGP,286fd84e-ad32-11ef-8441-e4a8dfc2a9a8,concrete_strength,20,77,0.11375101655721664,0.06645417213439941,55752.0,0.1111426129937172,533,1
StandardGSGP,286fd84e-ad32-11ef-8441-e4a8dfc2a9a8,concrete_strength,20,78,0.11375101655721664,0.06299901008605957,56092.0,0.1111426129937172,533,1
StandardGSGP,286fd84e-ad32-11ef-8441-e4a8dfc2a9a8,concrete_strength,20,79,0.11375101655721664,0.06063199043273926,56710.0,0.1111426129937172,533,1
StandardGSGP,286fd84e-ad32-11ef-8441-e4a8dfc2a9a8,concrete_strength,20,80,0.11375101655721664,0.05951642990112305,57396.0,0.1111426129937172,533,1
StandardGSGP,286fd84e-ad32-11ef-8441-e4a8dfc2a9a8,concrete_strength,20,81,0.11183883249759674,0.06030106544494629,58256.0,0.11115720123052597,575,1
StandardGSGP,286fd84e-ad32-11ef-8441-e4a8dfc2a9a8,concrete_strength,20,82,0.11115043610334396,0.06722331047058105,59020.0,0.11032390594482422,583,1
StandardGSGP,286fd84e-ad32-11ef-8441-e4a8dfc2a9a8,concrete_strength,20,83,0.11115043610334396,0.05951046943664551,59614.0,0.11032390594482422,583,1
StandardGSGP,286fd84e-ad32-11ef-8441-e4a8dfc2a9a8,concrete_strength,20,84,0.1083260327577591,0.06499862670898438,60360.0,0.10682068765163422,593,1
StandardGSGP,286fd84e-ad32-11ef-8441-e4a8dfc2a9a8,concrete_strength,20,85,0.1083260327577591,0.06185746192932129,60768.0,0.10682068765163422,593,1
StandardGSGP,286fd84e-ad32-11ef-8441-e4a8dfc2a9a8,concrete_strength,20,86,0.1082584485411644,0.06099748611450195,61254.0,0.10731735080480576,603,1
StandardGSGP,286fd84e-ad32-11ef-8441-e4a8dfc2a9a8,concrete_strength,20,87,0.1077355146408081,0.059179067611694336,61928.0,0.10560807585716248,609,1
StandardGSGP,286fd84e-ad32-11ef-8441-e4a8dfc2a9a8,concrete_strength,20,88,0.1077355146408081,0.06638574600219727,62510.0,0.10560807585716248,609,1
StandardGSGP,286fd84e-ad32-11ef-8441-e4a8dfc2a9a8,concrete_strength,20,89,0.1077355146408081,0.05813431739807129,63254.0,0.10560807585716248,609,1
StandardGSGP,286fd84e-ad32-11ef-8441-e4a8dfc2a9a8,concrete_strength,20,90,0.1077355146408081,0.06644392013549805,63638.0,0.10560807585716248,609,1
StandardGSGP,286fd84e-ad32-11ef-8441-e4a8dfc2a9a8,concrete_strength,20,91,0.1077355146408081,0.0628352165222168,63622.0,0.10560807585716248,609,1
StandardGSGP,286fd84e-ad32-11ef-8441-e4a8dfc2a9a8,concrete_strength,20,92,0.1077355146408081,0.0608515739440918,64258.0,0.10560807585716248,609,1
StandardGSGP,286fd84e-ad32-11ef-8441-e4a8dfc2a9a8,concrete_strength,20,93,0.1077355146408081,0.06051373481750488,64682.0,0.10560807585716248,609,1
StandardGSGP,286fd84e-ad32-11ef-8441-e4a8dfc2a9a8,concrete_strength,20,94,0.1077355146408081,0.061846017837524414,64946.0,0.10560807585716248,609,1
StandardGSGP,286fd84e-ad32-11ef-8441-e4a8dfc2a9a8,concrete_strength,20,95,0.107297383248806,0.059999704360961914,65660.0,0.10677839070558548,617,1
StandardGSGP,286fd84e-ad32-11ef-8441-e4a8dfc2a9a8,concrete_strength,20,96,0.107297383248806,0.059523820877075195,65842.0,0.10677839070558548,617,1
StandardGSGP,286fd84e-ad32-11ef-8441-e4a8dfc2a9a8,concrete_strength,20,97,0.107297383248806,0.06100344657897949,67148.0,0.10677839070558548,617,1
StandardGSGP,286fd84e-ad32-11ef-8441-e4a8dfc2a9a8,concrete_strength,20,98,0.107297383248806,0.0637063980102539,67700.0,0.10677839070558548,617,1
StandardGSGP,286fd84e-ad32-11ef-8441-e4a8dfc2a9a8,concrete_strength,20,99,0.10608293861150742,0.059552907943725586,67788.0,0.10456977039575577,623,1
StandardGSGP,286fd84e-ad32-11ef-8441-e4a8dfc2a9a8,concrete_strength,20,100,0.10518226772546768,0.06167030334472656,68320.0,0.10398336499929428,629,1
StandardGSGP,a564e99f-ad32-11ef-8441-e4a8dfc2a9a8,concrete_strength,20,0,30.271682739257812,0.04402017593383789,894.0,29.32558822631836,3,1
StandardGSGP,a564e99f-ad32-11ef-8441-e4a8dfc2a9a8,concrete_strength,20,1,29.958528518676758,0.07047319412231445,1578.0,28.981632232666016,15,1
StandardGSGP,a564e99f-ad32-11ef-8441-e4a8dfc2a9a8,concrete_strength,20,2,29.70917320251465,0.0644984245300293,2560.0,28.698978424072266,31,1
StandardGSGP,a564e99f-ad32-11ef-8441-e4a8dfc2a9a8,concrete_strength,20,3,29.527673721313477,0.06615996360778809,3226.0,28.473237991333008,29,1
StandardGSGP,a564e99f-ad32-11ef-8441-e4a8dfc2a9a8,concrete_strength,20,4,29.36616325378418,0.06489038467407227,4260.0,28.312376022338867,43,1
StandardGSGP,a564e99f-ad32-11ef-8441-e4a8dfc2a9a8,concrete_strength,20,5,29.30970573425293,0.06450772285461426,5050.0,28.228071212768555,53,1
StandardGSGP,a564e99f-ad32-11ef-8441-e4a8dfc2a9a8,concrete_strength,20,6,28.921472549438477,0.07351112365722656,5690.0,27.79584312438965,83,1
StandardGSGP,a564e99f-ad32-11ef-8441-e4a8dfc2a9a8,concrete_strength,20,7,28.657670974731445,0.0769355297088623,6592.0,27.498424530029297,63,1
StandardGSGP,a564e99f-ad32-11ef-8441-e4a8dfc2a9a8,concrete_strength,20,8,28.28839683532715,0.07418990135192871,7682.0,27.091100692749023,97,1
StandardGSGP,a564e99f-ad32-11ef-8441-e4a8dfc2a9a8,concrete_strength,20,9,27.877769470214844,0.08118057250976562,9192.0,26.60496711730957,103,1
StandardGSGP,a564e99f-ad32-11ef-8441-e4a8dfc2a9a8,concrete_strength,20,10,27.800830841064453,0.08551168441772461,10376.0,26.497356414794922,117,1
StandardGSGP,a564e99f-ad32-11ef-8441-e4a8dfc2a9a8,concrete_strength,20,11,27.444364547729492,0.08099603652954102,11276.0,26.116971969604492,99,1
StandardGSGP,a564e99f-ad32-11ef-8441-e4a8dfc2a9a8,concrete_strength,20,12,27.112394332885742,0.07191967964172363,12036.0,25.71828269958496,105,1
StandardGSGP,a564e99f-ad32-11ef-8441-e4a8dfc2a9a8,concrete_strength,20,13,26.59453582763672,0.07522988319396973,12704.0,25.113208770751953,111,1
StandardGSGP,a564e99f-ad32-11ef-8441-e4a8dfc2a9a8,concrete_strength,20,14,26.363187789916992,0.08248567581176758,13054.0,24.853504180908203,119,1
StandardGSGP,a564e99f-ad32-11ef-8441-e4a8dfc2a9a8,concrete_strength,20,15,26.195144653320312,0.07617902755737305,13540.0,24.66575050354004,129,1
StandardGSGP,a564e99f-ad32-11ef-8441-e4a8dfc2a9a8,concrete_strength,20,16,26.02499771118164,0.07736086845397949,14152.0,24.45233917236328,139,1
StandardGSGP,a564e99f-ad32-11ef-8441-e4a8dfc2a9a8,concrete_strength,20,17,25.913070678710938,0.06699967384338379,14716.0,24.329565048217773,145,1
StandardGSGP,a564e99f-ad32-11ef-8441-e4a8dfc2a9a8,concrete_strength,20,18,25.750146865844727,0.07086968421936035,15632.0,24.148601531982422,161,1
StandardGSGP,a564e99f-ad32-11ef-8441-e4a8dfc2a9a8,concrete_strength,20,19,25.503442764282227,0.07209300994873047,16562.0,23.837421417236328,163,1
StandardGSGP,a564e99f-ad32-11ef-8441-e4a8dfc2a9a8,concrete_strength,20,20,25.365144729614258,0.07652783393859863,17466.0,23.67046356201172,175,1
StandardGSGP,a564e99f-ad32-11ef-8441-e4a8dfc2a9a8,concrete_strength,20,21,25.216306686401367,0.07770228385925293,18282.0,23.473798751831055,183,1
StandardGSGP,a564e99f-ad32-11ef-8441-e4a8dfc2a9a8,concrete_strength,20,22,25.046194076538086,0.14867925643920898,19074.0,23.26223373413086,203,1
StandardGSGP,a564e99f-ad32-11ef-8441-e4a8dfc2a9a8,concrete_strength,20,23,24.86886215209961,0.06951093673706055,20144.0,23.039400100708008,217,1
StandardGSGP,a564e99f-ad32-11ef-8441-e4a8dfc2a9a8,concrete_strength,20,24,24.792261123657227,0.06859016418457031,21378.0,22.931472778320312,223,1
StandardGSGP,a564e99f-ad32-11ef-8441-e4a8dfc2a9a8,concrete_strength,20,25,24.513410568237305,0.07755732536315918,22492.0,22.585514068603516,237,1
StandardGSGP,a564e99f-ad32-11ef-8441-e4a8dfc2a9a8,concrete_strength,20,26,24.435184478759766,0.07233285903930664,23694.0,22.503555297851562,243,1
StandardGSGP,a564e99f-ad32-11ef-8441-e4a8dfc2a9a8,concrete_strength,20,27,24.241863250732422,0.07952594757080078,24920.0,22.156169891357422,239,1
StandardGSGP,a564e99f-ad32-11ef-8441-e4a8dfc2a9a8,concrete_strength,20,28,23.99085235595703,0.08341860771179199,25964.0,21.84469223022461,251,1
StandardGSGP,a564e99f-ad32-11ef-8441-e4a8dfc2a9a8,concrete_strength,20,29,23.83964729309082,0.06699347496032715,26698.0,21.690841674804688,267,1
StandardGSGP,a564e99f-ad32-11ef-8441-e4a8dfc2a9a8,concrete_strength,20,30,23.803115844726562,0.07451009750366211,27552.0,21.602130889892578,263,1
StandardGSGP,a564e99f-ad32-11ef-8441-e4a8dfc2a9a8,concrete_strength,20,31,23.641447067260742,0.0767521858215332,28088.0,21.39524269104004,279,1
StandardGSGP,a564e99f-ad32-11ef-8441-e4a8dfc2a9a8,concrete_strength,20,32,23.579822540283203,0.07341384887695312,28668.0,21.275981903076172,289,1
StandardGSGP,a564e99f-ad32-11ef-8441-e4a8dfc2a9a8,concrete_strength,20,33,23.512617111206055,0.07127523422241211,29538.0,21.225341796875,303,1
StandardGSGP,a564e99f-ad32-11ef-8441-e4a8dfc2a9a8,concrete_strength,20,34,23.367504119873047,0.07545590400695801,30534.0,21.127548217773438,313,1
StandardGSGP,a564e99f-ad32-11ef-8441-e4a8dfc2a9a8,concrete_strength,20,35,23.23716163635254,0.07433938980102539,31504.0,20.9327392578125,327,1
StandardGSGP,a564e99f-ad32-11ef-8441-e4a8dfc2a9a8,concrete_strength,20,36,23.004125595092773,0.0877842903137207,32498.0,20.61082649230957,339,1
StandardGSGP,a564e99f-ad32-11ef-8441-e4a8dfc2a9a8,concrete_strength,20,37,22.83217430114746,0.06800174713134766,33762.0,20.369787216186523,353,1
StandardGSGP,a564e99f-ad32-11ef-8441-e4a8dfc2a9a8,concrete_strength,20,38,22.83217430114746,0.07005715370178223,35272.0,20.369787216186523,353,1
StandardGSGP,a564e99f-ad32-11ef-8441-e4a8dfc2a9a8,concrete_strength,20,39,22.798368453979492,0.07110095024108887,36170.0,20.35792350769043,351,1
StandardGSGP,a564e99f-ad32-11ef-8441-e4a8dfc2a9a8,concrete_strength,20,40,22.692689895629883,0.0667123794555664,36972.0,20.17015266418457,387,1
StandardGSGP,a564e99f-ad32-11ef-8441-e4a8dfc2a9a8,concrete_strength,20,41,22.5848388671875,0.06700396537780762,38020.0,20.03263282775879,377,1
StandardGSGP,a564e99f-ad32-11ef-8441-e4a8dfc2a9a8,concrete_strength,20,42,22.508331298828125,0.07170724868774414,39078.0,19.9619140625,399,1
StandardGSGP,a564e99f-ad32-11ef-8441-e4a8dfc2a9a8,concrete_strength,20,43,22.430612564086914,0.06737589836120605,40004.0,19.769868850708008,417,1
StandardGSGP,a564e99f-ad32-11ef-8441-e4a8dfc2a9a8,concrete_strength,20,44,22.424760818481445,0.06451082229614258,40848.0,19.821012496948242,423,1
StandardGSGP,a564e99f-ad32-11ef-8441-e4a8dfc2a9a8,concrete_strength,20,45,22.331472396850586,0.06250834465026855,42318.0,19.763769149780273,405,1
StandardGSGP,a564e99f-ad32-11ef-8441-e4a8dfc2a9a8,concrete_strength,20,46,22.29437828063965,0.062305450439453125,43350.0,19.598976135253906,463,1
StandardGSGP,a564e99f-ad32-11ef-8441-e4a8dfc2a9a8,concrete_strength,20,47,22.210981369018555,0.06751227378845215,44670.0,19.533559799194336,459,1
StandardGSGP,a564e99f-ad32-11ef-8441-e4a8dfc2a9a8,concrete_strength,20,48,22.165477752685547,0.06867694854736328,45926.0,19.4591121673584,465,1
StandardGSGP,a564e99f-ad32-11ef-8441-e4a8dfc2a9a8,concrete_strength,20,49,22.063583374023438,0.07251214981079102,47010.0,19.253625869750977,467,1
StandardGSGP,a564e99f-ad32-11ef-8441-e4a8dfc2a9a8,concrete_strength,20,50,22.044187545776367,0.06495451927185059,48310.0,19.21642303466797,483,1
StandardGSGP,a564e99f-ad32-11ef-8441-e4a8dfc2a9a8,concrete_strength,20,51,22.01717185974121,0.06476688385009766,49008.0,19.29627227783203,489,1
StandardGSGP,a564e99f-ad32-11ef-8441-e4a8dfc2a9a8,concrete_strength,20,52,21.982820510864258,0.06751012802124023,49808.0,19.197582244873047,505,1
StandardGSGP,a564e99f-ad32-11ef-8441-e4a8dfc2a9a8,concrete_strength,20,53,21.880661010742188,0.0630037784576416,50760.0,19.077533721923828,515,1
StandardGSGP,a564e99f-ad32-11ef-8441-e4a8dfc2a9a8,concrete_strength,20,54,21.82964324951172,0.06931662559509277,51788.0,19.050071716308594,515,1
StandardGSGP,a564e99f-ad32-11ef-8441-e4a8dfc2a9a8,concrete_strength,20,55,21.77474594116211,0.06550955772399902,52882.0,18.953105926513672,521,1
StandardGSGP,a564e99f-ad32-11ef-8441-e4a8dfc2a9a8,concrete_strength,20,56,21.746030807495117,0.06700348854064941,54108.0,18.8879451751709,553,1
StandardGSGP,a564e99f-ad32-11ef-8441-e4a8dfc2a9a8,concrete_strength,20,57,21.68164825439453,0.07817721366882324,55046.0,18.910701751708984,547,1
StandardGSGP,a564e99f-ad32-11ef-8441-e4a8dfc2a9a8,concrete_strength,20,58,21.58741569519043,0.06651115417480469,56170.0,18.728679656982422,553,1
StandardGSGP,a564e99f-ad32-11ef-8441-e4a8dfc2a9a8,concrete_strength,20,59,21.537918090820312,0.06766343116760254,57358.0,18.69119644165039,567,1
StandardGSGP,a564e99f-ad32-11ef-8441-e4a8dfc2a9a8,concrete_strength,20,60,21.493690490722656,0.06924104690551758,58068.0,18.660924911499023,577,1
StandardGSGP,a564e99f-ad32-11ef-8441-e4a8dfc2a9a8,concrete_strength,20,61,21.414403915405273,0.06496381759643555,58710.0,18.56838035583496,583,1
StandardGSGP,a564e99f-ad32-11ef-8441-e4a8dfc2a9a8,concrete_strength,20,62,21.378660202026367,0.06569504737854004,59528.0,18.545024871826172,597,1
StandardGSGP,a564e99f-ad32-11ef-8441-e4a8dfc2a9a8,concrete_strength,20,63,21.351764678955078,0.0650017261505127,60532.0,18.4239559173584,609,1
StandardGSGP,a564e99f-ad32-11ef-8441-e4a8dfc2a9a8,concrete_strength,20,64,21.306142807006836,0.07086062431335449,61372.0,18.458234786987305,603,1
StandardGSGP,a564e99f-ad32-11ef-8441-e4a8dfc2a9a8,concrete_strength,20,65,21.216888427734375,0.07203388214111328,62168.0,18.414899826049805,627,1
StandardGSGP,a564e99f-ad32-11ef-8441-e4a8dfc2a9a8,concrete_strength,20,66,21.153152465820312,0.06901407241821289,63320.0,18.35773277282715,637,1
StandardGSGP,a564e99f-ad32-11ef-8441-e4a8dfc2a9a8,concrete_strength,20,67,21.10551643371582,0.06682324409484863,63944.0,18.176219940185547,633,1
StandardGSGP,a564e99f-ad32-11ef-8441-e4a8dfc2a9a8,concrete_strength,20,68,21.025535583496094,0.06508684158325195,64822.0,18.213153839111328,655,1
StandardGSGP,a564e99f-ad32-11ef-8441-e4a8dfc2a9a8,concrete_strength,20,69,21.025535583496094,0.0643157958984375,65842.0,18.213153839111328,655,1
StandardGSGP,a564e99f-ad32-11ef-8441-e4a8dfc2a9a8,concrete_strength,20,70,20.980712890625,0.06550788879394531,66404.0,18.105871200561523,673,1
StandardGSGP,a564e99f-ad32-11ef-8441-e4a8dfc2a9a8,concrete_strength,20,71,20.888225555419922,0.06551051139831543,67384.0,17.954952239990234,663,1
StandardGSGP,a564e99f-ad32-11ef-8441-e4a8dfc2a9a8,concrete_strength,20,72,20.829509735107422,0.06597423553466797,68232.0,17.903797149658203,669,1
StandardGSGP,a564e99f-ad32-11ef-8441-e4a8dfc2a9a8,concrete_strength,20,73,20.826709747314453,0.06439328193664551,69056.0,17.972328186035156,701,1
StandardGSGP,a564e99f-ad32-11ef-8441-e4a8dfc2a9a8,concrete_strength,20,74,20.81133270263672,0.06336569786071777,69676.0,17.882535934448242,693,1
StandardGSGP,a564e99f-ad32-11ef-8441-e4a8dfc2a9a8,concrete_strength,20,75,20.75210952758789,0.0741419792175293,70120.0,17.928680419921875,719,1
StandardGSGP,a564e99f-ad32-11ef-8441-e4a8dfc2a9a8,concrete_strength,20,76,20.673227310180664,0.06750750541687012,70800.0,17.750823974609375,729,1
StandardGSGP,a564e99f-ad32-11ef-8441-e4a8dfc2a9a8,concrete_strength,20,77,20.67141342163086,0.06775641441345215,72212.0,17.748783111572266,741,1
StandardGSGP,a564e99f-ad32-11ef-8441-e4a8dfc2a9a8,concrete_strength,20,78,20.600914001464844,0.0681614875793457,73588.0,17.667320251464844,749,1
StandardGSGP,a564e99f-ad32-11ef-8441-e4a8dfc2a9a8,concrete_strength,20,79,20.57761573791504,0.0665135383605957,74910.0,17.684879302978516,743,1
StandardGSGP,a564e99f-ad32-11ef-8441-e4a8dfc2a9a8,concrete_strength,20,80,20.531524658203125,0.13654398918151855,75726.0,17.62863540649414,749,1
StandardGSGP,a564e99f-ad32-11ef-8441-e4a8dfc2a9a8,concrete_strength,20,81,20.49854278564453,0.0701141357421875,76302.0,17.629627227783203,755,1
StandardGSGP,a564e99f-ad32-11ef-8441-e4a8dfc2a9a8,concrete_strength,20,82,20.481386184692383,0.07451081275939941,76944.0,17.603164672851562,765,1
StandardGSGP,a564e99f-ad32-11ef-8441-e4a8dfc2a9a8,concrete_strength,20,83,20.43010139465332,0.06551051139831543,77772.0,17.54400062561035,777,1
StandardGSGP,a564e99f-ad32-11ef-8441-e4a8dfc2a9a8,concrete_strength,20,84,20.40216827392578,0.06651043891906738,78488.0,17.517820358276367,783,1
StandardGSGP,a564e99f-ad32-11ef-8441-e4a8dfc2a9a8,concrete_strength,20,85,20.368785858154297,0.06701326370239258,79312.0,17.470966339111328,795,1
StandardGSGP,a564e99f-ad32-11ef-8441-e4a8dfc2a9a8,concrete_strength,20,86,20.363332748413086,0.0665123462677002,80174.0,17.485992431640625,811,1
StandardGSGP,a564e99f-ad32-11ef-8441-e4a8dfc2a9a8,concrete_strength,20,87,20.336729049682617,0.06897258758544922,80884.0,17.425687789916992,807,1
StandardGSGP,a564e99f-ad32-11ef-8441-e4a8dfc2a9a8,concrete_strength,20,88,20.242246627807617,0.07697916030883789,81930.0,17.29143714904785,823,1
StandardGSGP,a564e99f-ad32-11ef-8441-e4a8dfc2a9a8,concrete_strength,20,89,20.224092483520508,0.06776142120361328,82860.0,17.27297019958496,829,1
StandardGSGP,a564e99f-ad32-11ef-8441-e4a8dfc2a9a8,concrete_strength,20,90,20.19835662841797,0.06551170349121094,83774.0,17.24239730834961,837,1
StandardGSGP,a564e99f-ad32-11ef-8441-e4a8dfc2a9a8,concrete_strength,20,91,20.17582893371582,0.06995081901550293,84726.0,17.251264572143555,847,1
StandardGSGP,a564e99f-ad32-11ef-8441-e4a8dfc2a9a8,concrete_strength,20,92,20.113889694213867,0.06600189208984375,85508.0,17.205123901367188,859,1
StandardGSGP,a564e99f-ad32-11ef-8441-e4a8dfc2a9a8,concrete_strength,20,93,20.113889694213867,0.06450891494750977,86266.0,17.205123901367188,859,1
StandardGSGP,a564e99f-ad32-11ef-8441-e4a8dfc2a9a8,concrete_strength,20,94,20.086448669433594,0.06950998306274414,87398.0,17.071197509765625,865,1
StandardGSGP,a564e99f-ad32-11ef-8441-e4a8dfc2a9a8,concrete_strength,20,95,20.00535011291504,0.06399965286254883,88478.0,17.12683868408203,899,1
StandardGSGP,a564e99f-ad32-11ef-8441-e4a8dfc2a9a8,concrete_strength,20,96,20.001331329345703,0.06451129913330078,89286.0,17.02062225341797,881,1
StandardGSGP,a564e99f-ad32-11ef-8441-e4a8dfc2a9a8,concrete_strength,20,97,19.91583824157715,0.0655660629272461,90094.0,16.986989974975586,887,1
StandardGSGP,a564e99f-ad32-11ef-8441-e4a8dfc2a9a8,concrete_strength,20,98,19.91583824157715,0.06599879264831543,91008.0,16.986989974975586,887,1
StandardGSGP,a564e99f-ad32-11ef-8441-e4a8dfc2a9a8,concrete_strength,20,99,19.84759521484375,0.06351041793823242,91570.0,16.981544494628906,943,1
StandardGSGP,a564e99f-ad32-11ef-8441-e4a8dfc2a9a8,concrete_strength,20,100,19.8389949798584,0.06604409217834473,92084.0,16.979202270507812,951,1
