StandardGSGP,2c56fcb2-ad32-11ef-b92f-e4a8dfc2a9a8,concrete_strength,21,0,0.22315572202205658,0.04549670219421387,898.0,0.23003683984279633,7,1
StandardGSGP,2c56fcb2-ad32-11ef-b92f-e4a8dfc2a9a8,concrete_strength,21,1,0.22210577130317688,0.0681610107421875,1408.0,0.2063327431678772,13,1
StandardGSGP,2c56fcb2-ad32-11ef-b92f-e4a8dfc2a9a8,concrete_strength,21,2,0.20938757061958313,0.057999610900878906,2154.0,0.19210484623908997,17,1
StandardGSGP,2c56fcb2-ad32-11ef-b92f-e4a8dfc2a9a8,concrete_strength,21,3,0.1807093769311905,0.06546545028686523,2976.0,0.1722666174173355,31,1
StandardGSGP,2c56fcb2-ad32-11ef-b92f-e4a8dfc2a9a8,concrete_strength,21,4,0.1807093769311905,0.05825638771057129,3806.0,0.1722666174173355,31,1
StandardGSGP,2c56fcb2-ad32-11ef-b92f-e4a8dfc2a9a8,concrete_strength,21,5,0.17894688248634338,0.06361007690429688,4400.0,0.17150522768497467,41,1
StandardGSGP,2c56fcb2-ad32-11ef-b92f-e4a8dfc2a9a8,concrete_strength,21,6,0.17340554296970367,0.05931806564331055,5188.0,0.15330812335014343,59,1
StandardGSGP,2c56fcb2-ad32-11ef-b92f-e4a8dfc2a9a8,concrete_strength,21,7,0.17340554296970367,0.0635066032409668,6008.0,0.15330812335014343,59,1
StandardGSGP,2c56fcb2-ad32-11ef-b92f-e4a8dfc2a9a8,concrete_strength,21,8,0.16375042498111725,0.06299352645874023,6752.0,0.14322426915168762,85,1
StandardGSGP,2c56fcb2-ad32-11ef-b92f-e4a8dfc2a9a8,concrete_strength,21,9,0.16375042498111725,0.059509992599487305,7684.0,0.14322426915168762,85,1
StandardGSGP,2c56fcb2-ad32-11ef-b92f-e4a8dfc2a9a8,concrete_strength,21,10,0.15771639347076416,0.0749967098236084,8698.0,0.14155611395835876,85,1
StandardGSGP,2c56fcb2-ad32-11ef-b92f-e4a8dfc2a9a8,concrete_strength,21,11,0.15771639347076416,0.07580900192260742,9732.0,0.14155611395835876,85,1
StandardGSGP,2c56fcb2-ad32-11ef-b92f-e4a8dfc2a9a8,concrete_strength,21,12,0.1496230959892273,0.05950450897216797,10454.0,0.13164816796779633,101,1
StandardGSGP,2c56fcb2-ad32-11ef-b92f-e4a8dfc2a9a8,concrete_strength,21,13,0.1496230959892273,0.059453487396240234,11310.0,0.13164816796779633,101,1
StandardGSGP,2c56fcb2-ad32-11ef-b92f-e4a8dfc2a9a8,concrete_strength,21,14,0.14802628755569458,0.06199908256530762,11984.0,0.13460156321525574,125,1
StandardGSGP,2c56fcb2-ad32-11ef-b92f-e4a8dfc2a9a8,concrete_strength,21,15,0.14802628755569458,0.06152224540710449,12554.0,0.13460156321525574,125,1
StandardGSGP,2c56fcb2-ad32-11ef-b92f-e4a8dfc2a9a8,concrete_strength,21,16,0.1412302404642105,0.059590816497802734,13368.0,0.130316823720932,119,1
StandardGSGP,2c56fcb2-ad32-11ef-b92f-e4a8dfc2a9a8,concrete_strength,21,17,0.1412302404642105,0.058501243591308594,14326.0,0.130316823720932,119,1
StandardGSGP,2c56fcb2-ad32-11ef-b92f-e4a8dfc2a9a8,concrete_strength,21,18,0.1412302404642105,0.05873584747314453,14788.0,0.130316823720932,119,1
StandardGSGP,2c56fcb2-ad32-11ef-b92f-e4a8dfc2a9a8,concrete_strength,21,19,0.14032310247421265,0.06099987030029297,15596.0,0.12817834317684174,133,1
StandardGSGP,2c56fcb2-ad32-11ef-b92f-e4a8dfc2a9a8,concrete_strength,21,20,0.14032310247421265,0.06047177314758301,16294.0,0.12817834317684174,133,1
StandardGSGP,2c56fcb2-ad32-11ef-b92f-e4a8dfc2a9a8,concrete_strength,21,21,0.13973036408424377,0.05890154838562012,16372.0,0.12764182686805725,153,1
StandardGSGP,2c56fcb2-ad32-11ef-b92f-e4a8dfc2a9a8,concrete_strength,21,22,0.13973036408424377,0.06100034713745117,16518.0,0.12764182686805725,153,1
StandardGSGP,2c56fcb2-ad32-11ef-b92f-e4a8dfc2a9a8,concrete_strength,21,23,0.13929276168346405,0.059500932693481445,16936.0,0.12816688418388367,159,1
StandardGSGP,2c56fcb2-ad32-11ef-b92f-e4a8dfc2a9a8,concrete_strength,21,24,0.13929276168346405,0.05849194526672363,17610.0,0.12816688418388367,159,1
StandardGSGP,2c56fcb2-ad32-11ef-b92f-e4a8dfc2a9a8,concrete_strength,21,25,0.13929276168346405,0.0595088005065918,18398.0,0.12816688418388367,159,1
StandardGSGP,2c56fcb2-ad32-11ef-b92f-e4a8dfc2a9a8,concrete_strength,21,26,0.13929276168346405,0.06351280212402344,19536.0,0.12816688418388367,159,1
StandardGSGP,2c56fcb2-ad32-11ef-b92f-e4a8dfc2a9a8,concrete_strength,21,27,0.13929276168346405,0.06700420379638672,20554.0,0.12816688418388367,159,1
StandardGSGP,2c56fcb2-ad32-11ef-b92f-e4a8dfc2a9a8,concrete_strength,21,28,0.13929276168346405,0.060651540756225586,21122.0,0.12816688418388367,159,1
StandardGSGP,2c56fcb2-ad32-11ef-b92f-e4a8dfc2a9a8,concrete_strength,21,29,0.13929276168346405,0.13163208961486816,21692.0,0.12816688418388367,159,1
StandardGSGP,2c56fcb2-ad32-11ef-b92f-e4a8dfc2a9a8,concrete_strength,21,30,0.13929276168346405,0.06093430519104004,21886.0,0.12816688418388367,159,1
StandardGSGP,2c56fcb2-ad32-11ef-b92f-e4a8dfc2a9a8,concrete_strength,21,31,0.13929276168346405,0.0635075569152832,22394.0,0.12816688418388367,159,1
StandardGSGP,2c56fcb2-ad32-11ef-b92f-e4a8dfc2a9a8,concrete_strength,21,32,0.13887327909469604,0.05799698829650879,22362.0,0.12630996108055115,165,1
StandardGSGP,2c56fcb2-ad32-11ef-b92f-e4a8dfc2a9a8,concrete_strength,21,33,0.1365157663822174,0.059438467025756836,21938.0,0.126771941781044,225,1
StandardGSGP,2c56fcb2-ad32-11ef-b92f-e4a8dfc2a9a8,concrete_strength,21,34,0.1365157663822174,0.06118416786193848,23412.0,0.126771941781044,225,1
StandardGSGP,2c56fcb2-ad32-11ef-b92f-e4a8dfc2a9a8,concrete_strength,21,35,0.1365157663822174,0.06079673767089844,23804.0,0.126771941781044,225,1
StandardGSGP,2c56fcb2-ad32-11ef-b92f-e4a8dfc2a9a8,concrete_strength,21,36,0.1365157663822174,0.05661630630493164,24778.0,0.126771941781044,225,1
StandardGSGP,2c56fcb2-ad32-11ef-b92f-e4a8dfc2a9a8,concrete_strength,21,37,0.1365157663822174,0.06275129318237305,26070.0,0.126771941781044,225,1
StandardGSGP,2c56fcb2-ad32-11ef-b92f-e4a8dfc2a9a8,concrete_strength,21,38,0.13639137148857117,0.06215715408325195,26720.0,0.12655949592590332,231,1
StandardGSGP,2c56fcb2-ad32-11ef-b92f-e4a8dfc2a9a8,concrete_strength,21,39,0.13477934896945953,0.06505775451660156,26466.0,0.1261381059885025,245,1
StandardGSGP,2c56fcb2-ad32-11ef-b92f-e4a8dfc2a9a8,concrete_strength,21,40,0.13477934896945953,0.06271958351135254,26424.0,0.1261381059885025,245,1
StandardGSGP,2c56fcb2-ad32-11ef-b92f-e4a8dfc2a9a8,concrete_strength,21,41,0.13251543045043945,0.0647587776184082,27016.0,0.12602730095386505,253,1
StandardGSGP,2c56fcb2-ad32-11ef-b92f-e4a8dfc2a9a8,concrete_strength,21,42,0.13251543045043945,0.060790300369262695,27810.0,0.12602730095386505,253,1
StandardGSGP,2c56fcb2-ad32-11ef-b92f-e4a8dfc2a9a8,concrete_strength,21,43,0.13251543045043945,0.06934165954589844,28724.0,0.12602730095386505,253,1
StandardGSGP,2c56fcb2-ad32-11ef-b92f-e4a8dfc2a9a8,concrete_strength,21,44,0.1313309669494629,0.06292223930358887,29312.0,0.12433721125125885,275,1
StandardGSGP,2c56fcb2-ad32-11ef-b92f-e4a8dfc2a9a8,concrete_strength,21,45,0.1313309669494629,0.061509132385253906,29562.0,0.12433721125125885,275,1
StandardGSGP,2c56fcb2-ad32-11ef-b92f-e4a8dfc2a9a8,concrete_strength,21,46,0.1313309669494629,0.06466341018676758,30280.0,0.12433721125125885,275,1
StandardGSGP,2c56fcb2-ad32-11ef-b92f-e4a8dfc2a9a8,concrete_strength,21,47,0.1310764104127884,0.0645148754119873,30484.0,0.12204655259847641,297,1
StandardGSGP,2c56fcb2-ad32-11ef-b92f-e4a8dfc2a9a8,concrete_strength,21,48,0.1310764104127884,0.06124281883239746,30676.0,0.12204655259847641,297,1
StandardGSGP,2c56fcb2-ad32-11ef-b92f-e4a8dfc2a9a8,concrete_strength,21,49,0.1310764104127884,0.061487674713134766,31080.0,0.12204655259847641,297,1
StandardGSGP,2c56fcb2-ad32-11ef-b92f-e4a8dfc2a9a8,concrete_strength,21,50,0.1310764104127884,0.06255173683166504,31700.0,0.12204655259847641,297,1
StandardGSGP,2c56fcb2-ad32-11ef-b92f-e4a8dfc2a9a8,concrete_strength,21,51,0.1310764104127884,0.06501579284667969,32604.0,0.12204655259847641,297,1
StandardGSGP,2c56fcb2-ad32-11ef-b92f-e4a8dfc2a9a8,concrete_strength,21,52,0.12910538911819458,0.06151175498962402,33358.0,0.1204625591635704,307,1
StandardGSGP,2c56fcb2-ad32-11ef-b92f-e4a8dfc2a9a8,concrete_strength,21,53,0.12910538911819458,0.06167793273925781,34028.0,0.1204625591635704,307,1
StandardGSGP,2c56fcb2-ad32-11ef-b92f-e4a8dfc2a9a8,concrete_strength,21,54,0.12751612067222595,0.0635521411895752,34928.0,0.12027584761381149,319,1
StandardGSGP,2c56fcb2-ad32-11ef-b92f-e4a8dfc2a9a8,concrete_strength,21,55,0.12751612067222595,0.06250762939453125,35534.0,0.12027584761381149,319,1
StandardGSGP,2c56fcb2-ad32-11ef-b92f-e4a8dfc2a9a8,concrete_strength,21,56,0.12751612067222595,0.061575889587402344,36268.0,0.12027584761381149,319,1
StandardGSGP,2c56fcb2-ad32-11ef-b92f-e4a8dfc2a9a8,concrete_strength,21,57,0.12751612067222595,0.061800241470336914,36714.0,0.12027584761381149,319,1
StandardGSGP,2c56fcb2-ad32-11ef-b92f-e4a8dfc2a9a8,concrete_strength,21,58,0.12751612067222595,0.06283426284790039,37350.0,0.12027584761381149,319,1
StandardGSGP,2c56fcb2-ad32-11ef-b92f-e4a8dfc2a9a8,concrete_strength,21,59,0.12751612067222595,0.0647592544555664,38392.0,0.12027584761381149,319,1
StandardGSGP,2c56fcb2-ad32-11ef-b92f-e4a8dfc2a9a8,concrete_strength,21,60,0.12751612067222595,0.061998605728149414,38138.0,0.12027584761381149,319,1
StandardGSGP,2c56fcb2-ad32-11ef-b92f-e4a8dfc2a9a8,concrete_strength,21,61,0.12751612067222595,0.06277179718017578,39360.0,0.12027584761381149,319,1
StandardGSGP,2c56fcb2-ad32-11ef-b92f-e4a8dfc2a9a8,concrete_strength,21,62,0.12751612067222595,0.06550908088684082,40358.0,0.12027584761381149,319,1
StandardGSGP,2c56fcb2-ad32-11ef-b92f-e4a8dfc2a9a8,concrete_strength,21,63,0.12707656621932983,0.05799221992492676,40420.0,0.12014420330524445,325,1
StandardGSGP,2c56fcb2-ad32-11ef-b92f-e4a8dfc2a9a8,concrete_strength,21,64,0.12707656621932983,0.06051039695739746,40890.0,0.12014420330524445,325,1
StandardGSGP,2c56fcb2-ad32-11ef-b92f-e4a8dfc2a9a8,concrete_strength,21,65,0.12707656621932983,0.05800032615661621,41030.0,0.12014420330524445,325,1
StandardGSGP,2c56fcb2-ad32-11ef-b92f-e4a8dfc2a9a8,concrete_strength,21,66,0.12707656621932983,0.060407400131225586,40632.0,0.12014420330524445,325,1
StandardGSGP,2c56fcb2-ad32-11ef-b92f-e4a8dfc2a9a8,concrete_strength,21,67,0.12620700895786285,0.06751298904418945,40912.0,0.11948108673095703,331,1
StandardGSGP,2c56fcb2-ad32-11ef-b92f-e4a8dfc2a9a8,concrete_strength,21,68,0.12620700895786285,0.05799531936645508,40066.0,0.11948108673095703,331,1
StandardGSGP,2c56fcb2-ad32-11ef-b92f-e4a8dfc2a9a8,concrete_strength,21,69,0.12620700895786285,0.06103992462158203,39852.0,0.11948108673095703,331,1
StandardGSGP,2c56fcb2-ad32-11ef-b92f-e4a8dfc2a9a8,concrete_strength,21,70,0.12620700895786285,0.06152486801147461,41054.0,0.11948108673095703,331,1
StandardGSGP,2c56fcb2-ad32-11ef-b92f-e4a8dfc2a9a8,concrete_strength,21,71,0.12620700895786285,0.06793975830078125,42392.0,0.11948108673095703,331,1
StandardGSGP,2c56fcb2-ad32-11ef-b92f-e4a8dfc2a9a8,concrete_strength,21,72,0.12620700895786285,0.06432104110717773,41606.0,0.11948108673095703,331,1
StandardGSGP,2c56fcb2-ad32-11ef-b92f-e4a8dfc2a9a8,concrete_strength,21,73,0.12620700895786285,0.0597379207611084,41336.0,0.11948108673095703,331,1
StandardGSGP,2c56fcb2-ad32-11ef-b92f-e4a8dfc2a9a8,concrete_strength,21,74,0.12620700895786285,0.06152462959289551,41140.0,0.11948108673095703,331,1
StandardGSGP,2c56fcb2-ad32-11ef-b92f-e4a8dfc2a9a8,concrete_strength,21,75,0.12620700895786285,0.059509992599487305,41568.0,0.11948108673095703,331,1
StandardGSGP,2c56fcb2-ad32-11ef-b92f-e4a8dfc2a9a8,concrete_strength,21,76,0.12620700895786285,0.059142112731933594,41204.0,0.11948108673095703,331,1
StandardGSGP,2c56fcb2-ad32-11ef-b92f-e4a8dfc2a9a8,concrete_strength,21,77,0.12620700895786285,0.06128191947937012,41786.0,0.11948108673095703,331,1
StandardGSGP,2c56fcb2-ad32-11ef-b92f-e4a8dfc2a9a8,concrete_strength,21,78,0.12620700895786285,0.057167768478393555,42264.0,0.11948108673095703,331,1
StandardGSGP,2c56fcb2-ad32-11ef-b92f-e4a8dfc2a9a8,concrete_strength,21,79,0.12620700895786285,0.06219005584716797,42924.0,0.11948108673095703,331,1
StandardGSGP,2c56fcb2-ad32-11ef-b92f-e4a8dfc2a9a8,concrete_strength,21,80,0.12620700895786285,0.0645139217376709,43694.0,0.11948108673095703,331,1
StandardGSGP,2c56fcb2-ad32-11ef-b92f-e4a8dfc2a9a8,concrete_strength,21,81,0.12620700895786285,0.06746602058410645,43070.0,0.11948108673095703,331,1
StandardGSGP,2c56fcb2-ad32-11ef-b92f-e4a8dfc2a9a8,concrete_strength,21,82,0.12620700895786285,0.0684194564819336,41882.0,0.11948108673095703,331,1
StandardGSGP,2c56fcb2-ad32-11ef-b92f-e4a8dfc2a9a8,concrete_strength,21,83,0.12620700895786285,0.06792044639587402,40790.0,0.11948108673095703,331,1
StandardGSGP,2c56fcb2-ad32-11ef-b92f-e4a8dfc2a9a8,concrete_strength,21,84,0.12620700895786285,0.058326005935668945,39342.0,0.11948108673095703,331,1
StandardGSGP,2c56fcb2-ad32-11ef-b92f-e4a8dfc2a9a8,concrete_strength,21,85,0.12620700895786285,0.06172680854797363,38670.0,0.11948108673095703,331,1
StandardGSGP,2c56fcb2-ad32-11ef-b92f-e4a8dfc2a9a8,concrete_strength,21,86,0.12620700895786285,0.06002354621887207,38428.0,0.11948108673095703,331,1
StandardGSGP,2c56fcb2-ad32-11ef-b92f-e4a8dfc2a9a8,concrete_strength,21,87,0.12620700895786285,0.14034152030944824,38838.0,0.11948108673095703,331,1
StandardGSGP,2c56fcb2-ad32-11ef-b92f-e4a8dfc2a9a8,concrete_strength,21,88,0.12586458027362823,0.06351256370544434,38692.0,0.11950446665287018,341,1
StandardGSGP,2c56fcb2-ad32-11ef-b92f-e4a8dfc2a9a8,concrete_strength,21,89,0.12586458027362823,0.06150531768798828,39042.0,0.11950446665287018,341,1
StandardGSGP,2c56fcb2-ad32-11ef-b92f-e4a8dfc2a9a8,concrete_strength,21,90,0.12490780651569366,0.06200003623962402,40848.0,0.11774662882089615,355,1
StandardGSGP,2c56fcb2-ad32-11ef-b92f-e4a8dfc2a9a8,concrete_strength,21,91,0.12490780651569366,0.06273150444030762,40788.0,0.11774662882089615,355,1
StandardGSGP,2c56fcb2-ad32-11ef-b92f-e4a8dfc2a9a8,concrete_strength,21,92,0.12490780651569366,0.060669660568237305,40406.0,0.11774662882089615,355,1
StandardGSGP,2c56fcb2-ad32-11ef-b92f-e4a8dfc2a9a8,concrete_strength,21,93,0.12490780651569366,0.06228041648864746,39900.0,0.11774662882089615,355,1
StandardGSGP,2c56fcb2-ad32-11ef-b92f-e4a8dfc2a9a8,concrete_strength,21,94,0.12490780651569366,0.0635066032409668,40316.0,0.11774662882089615,355,1
StandardGSGP,2c56fcb2-ad32-11ef-b92f-e4a8dfc2a9a8,concrete_strength,21,95,0.12490780651569366,0.05899858474731445,40028.0,0.11774662882089615,355,1
StandardGSGP,2c56fcb2-ad32-11ef-b92f-e4a8dfc2a9a8,concrete_strength,21,96,0.12490780651569366,0.05916643142700195,40202.0,0.11774662882089615,355,1
StandardGSGP,2c56fcb2-ad32-11ef-b92f-e4a8dfc2a9a8,concrete_strength,21,97,0.12490780651569366,0.06086087226867676,39654.0,0.11774662882089615,355,1
StandardGSGP,2c56fcb2-ad32-11ef-b92f-e4a8dfc2a9a8,concrete_strength,21,98,0.12490780651569366,0.05999922752380371,40530.0,0.11774662882089615,355,1
StandardGSGP,2c56fcb2-ad32-11ef-b92f-e4a8dfc2a9a8,concrete_strength,21,99,0.12490780651569366,0.061910152435302734,41010.0,0.11774662882089615,355,1
StandardGSGP,2c56fcb2-ad32-11ef-b92f-e4a8dfc2a9a8,concrete_strength,21,100,0.12490780651569366,0.05924034118652344,40890.0,0.11774662882089615,355,1
StandardGSGP,a9cc5e42-ad32-11ef-b92f-e4a8dfc2a9a8,concrete_strength,21,0,36.532291412353516,0.042012929916381836,898.0,35.523681640625,3,1
StandardGSGP,a9cc5e42-ad32-11ef-b92f-e4a8dfc2a9a8,concrete_strength,21,1,36.51069259643555,0.06650829315185547,1738.0,35.52290344238281,13,1
StandardGSGP,a9cc5e42-ad32-11ef-b92f-e4a8dfc2a9a8,concrete_strength,21,2,35.900753021240234,0.06350946426391602,2572.0,34.88801574707031,23,1
StandardGSGP,a9cc5e42-ad32-11ef-b92f-e4a8dfc2a9a8,concrete_strength,21,3,35.316749572753906,0.06699919700622559,3652.0,34.302650451660156,31,1
StandardGSGP,a9cc5e42-ad32-11ef-b92f-e4a8dfc2a9a8,concrete_strength,21,4,34.715152740478516,0.06221199035644531,4082.0,33.712982177734375,39,1
StandardGSGP,a9cc5e42-ad32-11ef-b92f-e4a8dfc2a9a8,concrete_strength,21,5,34.715152740478516,0.0719442367553711,4728.0,33.712982177734375,39,1
StandardGSGP,a9cc5e42-ad32-11ef-b92f-e4a8dfc2a9a8,concrete_strength,21,6,34.35111618041992,0.06400322914123535,5396.0,33.276885986328125,45,1
StandardGSGP,a9cc5e42-ad32-11ef-b92f-e4a8dfc2a9a8,concrete_strength,21,7,34.091251373291016,0.07165288925170898,6132.0,33.01673889160156,61,1
StandardGSGP,a9cc5e42-ad32-11ef-b92f-e4a8dfc2a9a8,concrete_strength,21,8,33.671485900878906,0.0685110092163086,6922.0,32.60319519042969,61,1
StandardGSGP,a9cc5e42-ad32-11ef-b92f-e4a8dfc2a9a8,concrete_strength,21,9,33.49562454223633,0.06800580024719238,7644.0,32.4282112121582,67,1
StandardGSGP,a9cc5e42-ad32-11ef-b92f-e4a8dfc2a9a8,concrete_strength,21,10,33.203941345214844,0.06845927238464355,8584.0,32.12417984008789,85,1
StandardGSGP,a9cc5e42-ad32-11ef-b92f-e4a8dfc2a9a8,concrete_strength,21,11,32.46340560913086,0.061509132385253906,9202.0,31.386743545532227,83,1
StandardGSGP,a9cc5e42-ad32-11ef-b92f-e4a8dfc2a9a8,concrete_strength,21,12,32.211238861083984,0.062009572982788086,9772.0,31.13784408569336,93,1
StandardGSGP,a9cc5e42-ad32-11ef-b92f-e4a8dfc2a9a8,concrete_strength,21,13,32.080997467041016,0.07423925399780273,10598.0,31.001550674438477,101,1
StandardGSGP,a9cc5e42-ad32-11ef-b92f-e4a8dfc2a9a8,concrete_strength,21,14,31.714859008789062,0.06551313400268555,11482.0,30.635515213012695,115,1
StandardGSGP,a9cc5e42-ad32-11ef-b92f-e4a8dfc2a9a8,concrete_strength,21,15,31.381669998168945,0.06493639945983887,12508.0,30.250905990600586,129,1
StandardGSGP,a9cc5e42-ad32-11ef-b92f-e4a8dfc2a9a8,concrete_strength,21,16,30.96235466003418,0.06563496589660645,13618.0,29.7445068359375,137,1
StandardGSGP,a9cc5e42-ad32-11ef-b92f-e4a8dfc2a9a8,concrete_strength,21,17,30.669666290283203,0.06557989120483398,14750.0,29.449729919433594,155,1
StandardGSGP,a9cc5e42-ad32-11ef-b92f-e4a8dfc2a9a8,concrete_strength,21,18,30.426822662353516,0.06750774383544922,15884.0,29.204544067382812,163,1
StandardGSGP,a9cc5e42-ad32-11ef-b92f-e4a8dfc2a9a8,concrete_strength,21,19,30.06610107421875,0.06501555442810059,16774.0,28.92847442626953,161,1
StandardGSGP,a9cc5e42-ad32-11ef-b92f-e4a8dfc2a9a8,concrete_strength,21,20,29.82143211364746,0.06826305389404297,17730.0,28.555978775024414,183,1
StandardGSGP,a9cc5e42-ad32-11ef-b92f-e4a8dfc2a9a8,concrete_strength,21,21,29.563901901245117,0.07831692695617676,18382.0,28.421321868896484,177,1
StandardGSGP,a9cc5e42-ad32-11ef-b92f-e4a8dfc2a9a8,concrete_strength,21,22,29.306795120239258,0.06943416595458984,19158.0,28.037614822387695,207,1
StandardGSGP,a9cc5e42-ad32-11ef-b92f-e4a8dfc2a9a8,concrete_strength,21,23,29.05747413635254,0.06389355659484863,20254.0,27.89769744873047,203,1
StandardGSGP,a9cc5e42-ad32-11ef-b92f-e4a8dfc2a9a8,concrete_strength,21,24,28.46774673461914,0.0644693374633789,21146.0,27.207639694213867,219,1
StandardGSGP,a9cc5e42-ad32-11ef-b92f-e4a8dfc2a9a8,concrete_strength,21,25,28.46774673461914,0.0640110969543457,22310.0,27.207639694213867,219,1
StandardGSGP,a9cc5e42-ad32-11ef-b92f-e4a8dfc2a9a8,concrete_strength,21,26,28.22584342956543,0.06733369827270508,23130.0,26.954877853393555,235,1
StandardGSGP,a9cc5e42-ad32-11ef-b92f-e4a8dfc2a9a8,concrete_strength,21,27,27.859647750854492,0.06750941276550293,24218.0,26.671920776367188,237,1
StandardGSGP,a9cc5e42-ad32-11ef-b92f-e4a8dfc2a9a8,concrete_strength,21,28,27.267139434814453,0.06700420379638672,25222.0,26.071767807006836,245,1
StandardGSGP,a9cc5e42-ad32-11ef-b92f-e4a8dfc2a9a8,concrete_strength,21,29,27.000429153442383,0.06300497055053711,26218.0,25.801593780517578,253,1
StandardGSGP,a9cc5e42-ad32-11ef-b92f-e4a8dfc2a9a8,concrete_strength,21,30,27.000417709350586,0.06650900840759277,27016.0,25.801586151123047,259,1
StandardGSGP,a9cc5e42-ad32-11ef-b92f-e4a8dfc2a9a8,concrete_strength,21,31,26.56438446044922,0.06406831741333008,27550.0,25.348087310791016,259,1
StandardGSGP,a9cc5e42-ad32-11ef-b92f-e4a8dfc2a9a8,concrete_strength,21,32,26.17757797241211,0.06254005432128906,27896.0,24.97069549560547,279,1
StandardGSGP,a9cc5e42-ad32-11ef-b92f-e4a8dfc2a9a8,concrete_strength,21,33,26.009262084960938,0.06951093673706055,28758.0,24.799619674682617,291,1
StandardGSGP,a9cc5e42-ad32-11ef-b92f-e4a8dfc2a9a8,concrete_strength,21,34,25.603187561035156,0.06750607490539551,29682.0,24.385944366455078,297,1
StandardGSGP,a9cc5e42-ad32-11ef-b92f-e4a8dfc2a9a8,concrete_strength,21,35,25.443315505981445,0.06601095199584961,30702.0,24.23636245727539,305,1
StandardGSGP,a9cc5e42-ad32-11ef-b92f-e4a8dfc2a9a8,concrete_strength,21,36,25.01951789855957,0.06395125389099121,31564.0,23.788320541381836,323,1
StandardGSGP,a9cc5e42-ad32-11ef-b92f-e4a8dfc2a9a8,concrete_strength,21,37,24.418123245239258,0.0666816234588623,32508.0,23.19054412841797,327,1
StandardGSGP,a9cc5e42-ad32-11ef-b92f-e4a8dfc2a9a8,concrete_strength,21,38,24.394508361816406,0.07482314109802246,33404.0,23.16370391845703,333,1
StandardGSGP,a9cc5e42-ad32-11ef-b92f-e4a8dfc2a9a8,concrete_strength,21,39,23.91057777404785,0.07058954238891602,34492.0,22.66429328918457,343,1
StandardGSGP,a9cc5e42-ad32-11ef-b92f-e4a8dfc2a9a8,concrete_strength,21,40,23.583370208740234,0.07019376754760742,35510.0,22.33319664001465,355,1
StandardGSGP,a9cc5e42-ad32-11ef-b92f-e4a8dfc2a9a8,concrete_strength,21,41,23.112323760986328,0.06768250465393066,36342.0,21.831594467163086,371,1
StandardGSGP,a9cc5e42-ad32-11ef-b92f-e4a8dfc2a9a8,concrete_strength,21,42,22.58534812927246,0.06597399711608887,37112.0,21.33685302734375,377,1
StandardGSGP,a9cc5e42-ad32-11ef-b92f-e4a8dfc2a9a8,concrete_strength,21,43,22.066131591796875,0.0662839412689209,38088.0,20.830425262451172,389,1
StandardGSGP,a9cc5e42-ad32-11ef-b92f-e4a8dfc2a9a8,concrete_strength,21,44,22.020076751708984,0.14778828620910645,39344.0,20.8265438079834,405,1
StandardGSGP,a9cc5e42-ad32-11ef-b92f-e4a8dfc2a9a8,concrete_strength,21,45,21.496164321899414,0.07481193542480469,40398.0,20.241296768188477,395,1
StandardGSGP,a9cc5e42-ad32-11ef-b92f-e4a8dfc2a9a8,concrete_strength,21,46,21.15164566040039,0.06550836563110352,41328.0,19.890182495117188,405,1
StandardGSGP,a9cc5e42-ad32-11ef-b92f-e4a8dfc2a9a8,concrete_strength,21,47,20.990829467773438,0.06600141525268555,42228.0,19.725505828857422,411,1
StandardGSGP,a9cc5e42-ad32-11ef-b92f-e4a8dfc2a9a8,concrete_strength,21,48,20.87806510925293,0.06637763977050781,42884.0,19.618953704833984,411,1
StandardGSGP,a9cc5e42-ad32-11ef-b92f-e4a8dfc2a9a8,concrete_strength,21,49,20.460481643676758,0.0655221939086914,43302.0,19.20062828063965,423,1
StandardGSGP,a9cc5e42-ad32-11ef-b92f-e4a8dfc2a9a8,concrete_strength,21,50,20.32944107055664,0.07478761672973633,43814.0,18.994998931884766,445,1
StandardGSGP,a9cc5e42-ad32-11ef-b92f-e4a8dfc2a9a8,concrete_strength,21,51,19.95772361755371,0.06699514389038086,44558.0,18.618099212646484,455,1
StandardGSGP,a9cc5e42-ad32-11ef-b92f-e4a8dfc2a9a8,concrete_strength,21,52,19.49340057373047,0.06552767753601074,45566.0,18.155017852783203,461,1
StandardGSGP,a9cc5e42-ad32-11ef-b92f-e4a8dfc2a9a8,concrete_strength,21,53,19.49239158630371,0.06752467155456543,46576.0,18.15411949157715,469,1
StandardGSGP,a9cc5e42-ad32-11ef-b92f-e4a8dfc2a9a8,concrete_strength,21,54,19.352556228637695,0.06499123573303223,47874.0,18.025474548339844,479,1
StandardGSGP,a9cc5e42-ad32-11ef-b92f-e4a8dfc2a9a8,concrete_strength,21,55,19.258071899414062,0.06851625442504883,48792.0,17.92780113220215,483,1
StandardGSGP,a9cc5e42-ad32-11ef-b92f-e4a8dfc2a9a8,concrete_strength,21,56,19.164897918701172,0.06651902198791504,49522.0,17.82634925842285,503,1
StandardGSGP,a9cc5e42-ad32-11ef-b92f-e4a8dfc2a9a8,concrete_strength,21,57,18.913223266601562,0.06499433517456055,50342.0,17.591154098510742,497,1
StandardGSGP,a9cc5e42-ad32-11ef-b92f-e4a8dfc2a9a8,concrete_strength,21,58,18.628583908081055,0.06715536117553711,51380.0,17.290491104125977,517,1
StandardGSGP,a9cc5e42-ad32-11ef-b92f-e4a8dfc2a9a8,concrete_strength,21,59,18.339330673217773,0.06493639945983887,51924.0,16.97104263305664,525,1
StandardGSGP,a9cc5e42-ad32-11ef-b92f-e4a8dfc2a9a8,concrete_strength,21,60,18.339330673217773,0.06920504570007324,52630.0,16.97104263305664,525,1
StandardGSGP,a9cc5e42-ad32-11ef-b92f-e4a8dfc2a9a8,concrete_strength,21,61,18.06947898864746,0.06650757789611816,53720.0,16.774349212646484,523,1
StandardGSGP,a9cc5e42-ad32-11ef-b92f-e4a8dfc2a9a8,concrete_strength,21,62,17.955463409423828,0.06451129913330078,54826.0,16.61850357055664,549,1
StandardGSGP,a9cc5e42-ad32-11ef-b92f-e4a8dfc2a9a8,concrete_strength,21,63,17.805156707763672,0.06334972381591797,55512.0,16.458797454833984,567,1
StandardGSGP,a9cc5e42-ad32-11ef-b92f-e4a8dfc2a9a8,concrete_strength,21,64,17.68112564086914,0.06962919235229492,56298.0,16.355377197265625,573,1
StandardGSGP,a9cc5e42-ad32-11ef-b92f-e4a8dfc2a9a8,concrete_strength,21,65,17.608022689819336,0.06686162948608398,57450.0,16.288755416870117,579,1
StandardGSGP,a9cc5e42-ad32-11ef-b92f-e4a8dfc2a9a8,concrete_strength,21,66,17.473718643188477,0.0687553882598877,58604.0,16.165681838989258,587,1
StandardGSGP,a9cc5e42-ad32-11ef-b92f-e4a8dfc2a9a8,concrete_strength,21,67,17.271881103515625,0.06706500053405762,59352.0,15.977810859680176,595,1
StandardGSGP,a9cc5e42-ad32-11ef-b92f-e4a8dfc2a9a8,concrete_strength,21,68,17.21306037902832,0.06416559219360352,60478.0,15.886398315429688,605,1
StandardGSGP,a9cc5e42-ad32-11ef-b92f-e4a8dfc2a9a8,concrete_strength,21,69,17.17226219177246,0.06717467308044434,61268.0,15.780517578125,595,1
StandardGSGP,a9cc5e42-ad32-11ef-b92f-e4a8dfc2a9a8,concrete_strength,21,70,17.101240158081055,0.0717930793762207,61896.0,15.718923568725586,613,1
StandardGSGP,a9cc5e42-ad32-11ef-b92f-e4a8dfc2a9a8,concrete_strength,21,71,16.953447341918945,0.06909728050231934,62438.0,15.564841270446777,613,1
StandardGSGP,a9cc5e42-ad32-11ef-b92f-e4a8dfc2a9a8,concrete_strength,21,72,16.857177734375,0.0705099105834961,62854.0,15.489272117614746,621,1
StandardGSGP,a9cc5e42-ad32-11ef-b92f-e4a8dfc2a9a8,concrete_strength,21,73,16.798961639404297,0.06850695610046387,63376.0,15.449145317077637,627,1
StandardGSGP,a9cc5e42-ad32-11ef-b92f-e4a8dfc2a9a8,concrete_strength,21,74,16.74979019165039,0.06650638580322266,63930.0,15.455016136169434,635,1
StandardGSGP,a9cc5e42-ad32-11ef-b92f-e4a8dfc2a9a8,concrete_strength,21,75,16.697654724121094,0.0645139217376709,64612.0,15.411431312561035,643,1
StandardGSGP,a9cc5e42-ad32-11ef-b92f-e4a8dfc2a9a8,concrete_strength,21,76,16.697654724121094,0.06697702407836914,65198.0,15.411431312561035,643,1
StandardGSGP,a9cc5e42-ad32-11ef-b92f-e4a8dfc2a9a8,concrete_strength,21,77,16.64847183227539,0.06745195388793945,66176.0,15.374738693237305,663,1
StandardGSGP,a9cc5e42-ad32-11ef-b92f-e4a8dfc2a9a8,concrete_strength,21,78,16.631731033325195,0.062186241149902344,67024.0,15.330068588256836,673,1
StandardGSGP,a9cc5e42-ad32-11ef-b92f-e4a8dfc2a9a8,concrete_strength,21,79,16.51258659362793,0.06532120704650879,67988.0,15.220599174499512,699,1
StandardGSGP,a9cc5e42-ad32-11ef-b92f-e4a8dfc2a9a8,concrete_strength,21,80,16.51105308532715,0.06450462341308594,69074.0,15.236483573913574,711,1
StandardGSGP,a9cc5e42-ad32-11ef-b92f-e4a8dfc2a9a8,concrete_strength,21,81,16.4206600189209,0.06795144081115723,70180.0,15.139984130859375,725,1
StandardGSGP,a9cc5e42-ad32-11ef-b92f-e4a8dfc2a9a8,concrete_strength,21,82,16.40458869934082,0.0698390007019043,71744.0,15.116703033447266,731,1
StandardGSGP,a9cc5e42-ad32-11ef-b92f-e4a8dfc2a9a8,concrete_strength,21,83,16.338266372680664,0.07067275047302246,72956.0,15.071166038513184,739,1
StandardGSGP,a9cc5e42-ad32-11ef-b92f-e4a8dfc2a9a8,concrete_strength,21,84,16.330636978149414,0.06668376922607422,73948.0,15.042445182800293,745,1
StandardGSGP,a9cc5e42-ad32-11ef-b92f-e4a8dfc2a9a8,concrete_strength,21,85,16.299293518066406,0.06556582450866699,75160.0,15.027698516845703,759,1
StandardGSGP,a9cc5e42-ad32-11ef-b92f-e4a8dfc2a9a8,concrete_strength,21,86,16.276123046875,0.06357502937316895,76134.0,15.017938613891602,765,1
StandardGSGP,a9cc5e42-ad32-11ef-b92f-e4a8dfc2a9a8,concrete_strength,21,87,16.23211097717285,0.06351137161254883,77074.0,14.972740173339844,771,1
StandardGSGP,a9cc5e42-ad32-11ef-b92f-e4a8dfc2a9a8,concrete_strength,21,88,16.145931243896484,0.07072067260742188,77944.0,14.896601676940918,791,1
StandardGSGP,a9cc5e42-ad32-11ef-b92f-e4a8dfc2a9a8,concrete_strength,21,89,16.066017150878906,0.06499695777893066,79030.0,14.832609176635742,787,1
StandardGSGP,a9cc5e42-ad32-11ef-b92f-e4a8dfc2a9a8,concrete_strength,21,90,16.050945281982422,0.06677889823913574,80390.0,14.840372085571289,793,1
StandardGSGP,a9cc5e42-ad32-11ef-b92f-e4a8dfc2a9a8,concrete_strength,21,91,16.020296096801758,0.06479358673095703,81414.0,14.776222229003906,807,1
StandardGSGP,a9cc5e42-ad32-11ef-b92f-e4a8dfc2a9a8,concrete_strength,21,92,15.989081382751465,0.06805038452148438,81956.0,14.822982788085938,829,1
StandardGSGP,a9cc5e42-ad32-11ef-b92f-e4a8dfc2a9a8,concrete_strength,21,93,15.941764831542969,0.06452369689941406,82278.0,14.745728492736816,819,1
StandardGSGP,a9cc5e42-ad32-11ef-b92f-e4a8dfc2a9a8,concrete_strength,21,94,15.927595138549805,0.06752538681030273,83058.0,14.697466850280762,835,1
StandardGSGP,a9cc5e42-ad32-11ef-b92f-e4a8dfc2a9a8,concrete_strength,21,95,15.896004676818848,0.06933426856994629,84128.0,14.685590744018555,841,1
StandardGSGP,a9cc5e42-ad32-11ef-b92f-e4a8dfc2a9a8,concrete_strength,21,96,15.877946853637695,0.06651854515075684,84958.0,14.651869773864746,853,1
StandardGSGP,a9cc5e42-ad32-11ef-b92f-e4a8dfc2a9a8,concrete_strength,21,97,15.805304527282715,0.0749659538269043,85948.0,14.632564544677734,859,1
StandardGSGP,a9cc5e42-ad32-11ef-b92f-e4a8dfc2a9a8,concrete_strength,21,98,15.79635238647461,0.07184553146362305,86740.0,14.600826263427734,865,1
StandardGSGP,a9cc5e42-ad32-11ef-b92f-e4a8dfc2a9a8,concrete_strength,21,99,15.782912254333496,0.06777739524841309,87548.0,14.633818626403809,867,1
StandardGSGP,a9cc5e42-ad32-11ef-b92f-e4a8dfc2a9a8,concrete_strength,21,100,15.733335494995117,0.06750869750976562,88462.0,14.544841766357422,879,1
