StandardGSGP,04b80a41-ad32-11ef-8eae-e4a8dfc2a9a8,concrete_strength,11,0,0.276216059923172,0.03879857063293457,886.0,0.3026813268661499,7,1
StandardGSGP,04b80a41-ad32-11ef-8eae-e4a8dfc2a9a8,concrete_strength,11,1,0.20922863483428955,0.09734082221984863,1482.0,0.22697484493255615,15,1
StandardGSGP,04b80a41-ad32-11ef-8eae-e4a8dfc2a9a8,concrete_strength,11,2,0.19253408908843994,0.06116533279418945,2144.0,0.1963239312171936,31,1
StandardGSGP,04b80a41-ad32-11ef-8eae-e4a8dfc2a9a8,concrete_strength,11,3,0.18527981638908386,0.05773568153381348,3068.0,0.19591878354549408,27,1
StandardGSGP,04b80a41-ad32-11ef-8eae-e4a8dfc2a9a8,concrete_strength,11,4,0.18055355548858643,0.0639197826385498,3988.0,0.18806540966033936,27,1
StandardGSGP,04b80a41-ad32-11ef-8eae-e4a8dfc2a9a8,concrete_strength,11,5,0.1767524927854538,0.0579984188079834,4878.0,0.1850128173828125,39,1
StandardGSGP,04b80a41-ad32-11ef-8eae-e4a8dfc2a9a8,concrete_strength,11,6,0.16996115446090698,0.06325864791870117,5494.0,0.17787368595600128,49,1
StandardGSGP,04b80a41-ad32-11ef-8eae-e4a8dfc2a9a8,concrete_strength,11,7,0.16636158525943756,0.07188701629638672,5806.0,0.17507806420326233,61,1
StandardGSGP,04b80a41-ad32-11ef-8eae-e4a8dfc2a9a8,concrete_strength,11,8,0.16636158525943756,0.06152844429016113,6396.0,0.17507806420326233,61,1
StandardGSGP,04b80a41-ad32-11ef-8eae-e4a8dfc2a9a8,concrete_strength,11,9,0.1622839719057083,0.0630183219909668,7080.0,0.1683393120765686,89,1
StandardGSGP,04b80a41-ad32-11ef-8eae-e4a8dfc2a9a8,concrete_strength,11,10,0.15566067397594452,0.06000113487243652,7914.0,0.16328908503055573,85,1
StandardGSGP,04b80a41-ad32-11ef-8eae-e4a8dfc2a9a8,concrete_strength,11,11,0.15549123287200928,0.06050753593444824,8942.0,0.163107767701149,93,1
StandardGSGP,04b80a41-ad32-11ef-8eae-e4a8dfc2a9a8,concrete_strength,11,12,0.15262074768543243,0.0608675479888916,9868.0,0.15949706733226776,103,1
StandardGSGP,04b80a41-ad32-11ef-8eae-e4a8dfc2a9a8,concrete_strength,11,13,0.15262074768543243,0.059999704360961914,10654.0,0.15949706733226776,103,1
StandardGSGP,04b80a41-ad32-11ef-8eae-e4a8dfc2a9a8,concrete_strength,11,14,0.1510733664035797,0.061785221099853516,11474.0,0.15264292061328888,111,1
StandardGSGP,04b80a41-ad32-11ef-8eae-e4a8dfc2a9a8,concrete_strength,11,15,0.14955709874629974,0.05864548683166504,12344.0,0.15209870040416718,121,1
StandardGSGP,04b80a41-ad32-11ef-8eae-e4a8dfc2a9a8,concrete_strength,11,16,0.14955709874629974,0.06451201438903809,13344.0,0.15209870040416718,121,1
StandardGSGP,04b80a41-ad32-11ef-8eae-e4a8dfc2a9a8,concrete_strength,11,17,0.1450960636138916,0.06051230430603027,14224.0,0.14652611315250397,145,1
StandardGSGP,04b80a41-ad32-11ef-8eae-e4a8dfc2a9a8,concrete_strength,11,18,0.1450960636138916,0.05700063705444336,14862.0,0.14652611315250397,145,1
StandardGSGP,04b80a41-ad32-11ef-8eae-e4a8dfc2a9a8,concrete_strength,11,19,0.1450960636138916,0.13802742958068848,15746.0,0.14652611315250397,145,1
StandardGSGP,04b80a41-ad32-11ef-8eae-e4a8dfc2a9a8,concrete_strength,11,20,0.1439981609582901,0.07165288925170898,16462.0,0.14384664595127106,153,1
StandardGSGP,04b80a41-ad32-11ef-8eae-e4a8dfc2a9a8,concrete_strength,11,21,0.1439981609582901,0.05890250205993652,17006.0,0.14384664595127106,153,1
StandardGSGP,04b80a41-ad32-11ef-8eae-e4a8dfc2a9a8,concrete_strength,11,22,0.1439981609582901,0.0595090389251709,17912.0,0.14384664595127106,153,1
StandardGSGP,04b80a41-ad32-11ef-8eae-e4a8dfc2a9a8,concrete_strength,11,23,0.1439981609582901,0.0584864616394043,18572.0,0.14384664595127106,153,1
StandardGSGP,04b80a41-ad32-11ef-8eae-e4a8dfc2a9a8,concrete_strength,11,24,0.14227527379989624,0.06570577621459961,18728.0,0.14584322273731232,199,1
StandardGSGP,04b80a41-ad32-11ef-8eae-e4a8dfc2a9a8,concrete_strength,11,25,0.14223483204841614,0.06312108039855957,18886.0,0.1457347720861435,205,1
StandardGSGP,04b80a41-ad32-11ef-8eae-e4a8dfc2a9a8,concrete_strength,11,26,0.14208504557609558,0.05745887756347656,19582.0,0.14557389914989471,211,1
StandardGSGP,04b80a41-ad32-11ef-8eae-e4a8dfc2a9a8,concrete_strength,11,27,0.14208504557609558,0.060507774353027344,20562.0,0.14557389914989471,211,1
StandardGSGP,04b80a41-ad32-11ef-8eae-e4a8dfc2a9a8,concrete_strength,11,28,0.14199423789978027,0.05885124206542969,21518.0,0.14258818328380585,219,1
StandardGSGP,04b80a41-ad32-11ef-8eae-e4a8dfc2a9a8,concrete_strength,11,29,0.13476882874965668,0.059003591537475586,22358.0,0.13850177824497223,223,1
StandardGSGP,04b80a41-ad32-11ef-8eae-e4a8dfc2a9a8,concrete_strength,11,30,0.13476882874965668,0.05951070785522461,23006.0,0.13850177824497223,223,1
StandardGSGP,04b80a41-ad32-11ef-8eae-e4a8dfc2a9a8,concrete_strength,11,31,0.13476882874965668,0.06650280952453613,24122.0,0.13850177824497223,223,1
StandardGSGP,04b80a41-ad32-11ef-8eae-e4a8dfc2a9a8,concrete_strength,11,32,0.13234971463680267,0.06707167625427246,24692.0,0.13462947309017181,233,1
StandardGSGP,04b80a41-ad32-11ef-8eae-e4a8dfc2a9a8,concrete_strength,11,33,0.13234971463680267,0.0605165958404541,25246.0,0.13462947309017181,233,1
StandardGSGP,04b80a41-ad32-11ef-8eae-e4a8dfc2a9a8,concrete_strength,11,34,0.13234971463680267,0.061964988708496094,26116.0,0.13462947309017181,233,1
StandardGSGP,04b80a41-ad32-11ef-8eae-e4a8dfc2a9a8,concrete_strength,11,35,0.13234971463680267,0.06450796127319336,27054.0,0.13462947309017181,233,1
StandardGSGP,04b80a41-ad32-11ef-8eae-e4a8dfc2a9a8,concrete_strength,11,36,0.13234971463680267,0.0695352554321289,27720.0,0.13462947309017181,233,1
StandardGSGP,04b80a41-ad32-11ef-8eae-e4a8dfc2a9a8,concrete_strength,11,37,0.13196848332881927,0.061194658279418945,28434.0,0.13472886383533478,287,1
StandardGSGP,04b80a41-ad32-11ef-8eae-e4a8dfc2a9a8,concrete_strength,11,38,0.13196848332881927,0.06251263618469238,28674.0,0.13472886383533478,287,1
StandardGSGP,04b80a41-ad32-11ef-8eae-e4a8dfc2a9a8,concrete_strength,11,39,0.13196848332881927,0.061739444732666016,29032.0,0.13472886383533478,287,1
StandardGSGP,04b80a41-ad32-11ef-8eae-e4a8dfc2a9a8,concrete_strength,11,40,0.13196848332881927,0.060828208923339844,30314.0,0.13472886383533478,287,1
StandardGSGP,04b80a41-ad32-11ef-8eae-e4a8dfc2a9a8,concrete_strength,11,41,0.13196848332881927,0.059508323669433594,31462.0,0.13472886383533478,287,1
StandardGSGP,04b80a41-ad32-11ef-8eae-e4a8dfc2a9a8,concrete_strength,11,42,0.13196848332881927,0.06000256538391113,32360.0,0.13472886383533478,287,1
StandardGSGP,04b80a41-ad32-11ef-8eae-e4a8dfc2a9a8,concrete_strength,11,43,0.13196848332881927,0.059507131576538086,33064.0,0.13472886383533478,287,1
StandardGSGP,04b80a41-ad32-11ef-8eae-e4a8dfc2a9a8,concrete_strength,11,44,0.13196848332881927,0.06251406669616699,33368.0,0.13472886383533478,287,1
StandardGSGP,04b80a41-ad32-11ef-8eae-e4a8dfc2a9a8,concrete_strength,11,45,0.13196848332881927,0.06569910049438477,33968.0,0.13472886383533478,287,1
StandardGSGP,04b80a41-ad32-11ef-8eae-e4a8dfc2a9a8,concrete_strength,11,46,0.13196848332881927,0.05984020233154297,34812.0,0.13472886383533478,287,1
StandardGSGP,04b80a41-ad32-11ef-8eae-e4a8dfc2a9a8,concrete_strength,11,47,0.13196848332881927,0.059484243392944336,35184.0,0.13472886383533478,287,1
StandardGSGP,04b80a41-ad32-11ef-8eae-e4a8dfc2a9a8,concrete_strength,11,48,0.1312447190284729,0.0594789981842041,35294.0,0.13279424607753754,301,1
StandardGSGP,04b80a41-ad32-11ef-8eae-e4a8dfc2a9a8,concrete_strength,11,49,0.1312447190284729,0.058513641357421875,34854.0,0.13279424607753754,301,1
StandardGSGP,04b80a41-ad32-11ef-8eae-e4a8dfc2a9a8,concrete_strength,11,50,0.13110755383968353,0.058001041412353516,34784.0,0.13674288988113403,401,1
StandardGSGP,04b80a41-ad32-11ef-8eae-e4a8dfc2a9a8,concrete_strength,11,51,0.13110755383968353,0.061489105224609375,35818.0,0.13674288988113403,401,1
StandardGSGP,04b80a41-ad32-11ef-8eae-e4a8dfc2a9a8,concrete_strength,11,52,0.13110755383968353,0.05840349197387695,35824.0,0.13674288988113403,401,1
StandardGSGP,04b80a41-ad32-11ef-8eae-e4a8dfc2a9a8,concrete_strength,11,53,0.13110755383968353,0.062001943588256836,38014.0,0.13674288988113403,401,1
StandardGSGP,04b80a41-ad32-11ef-8eae-e4a8dfc2a9a8,concrete_strength,11,54,0.13107363879680634,0.06151127815246582,39306.0,0.13503685593605042,415,1
StandardGSGP,04b80a41-ad32-11ef-8eae-e4a8dfc2a9a8,concrete_strength,11,55,0.13034555315971375,0.06250977516174316,40440.0,0.1360163688659668,423,1
StandardGSGP,04b80a41-ad32-11ef-8eae-e4a8dfc2a9a8,concrete_strength,11,56,0.13034555315971375,0.06207442283630371,41362.0,0.1360163688659668,423,1
StandardGSGP,04b80a41-ad32-11ef-8eae-e4a8dfc2a9a8,concrete_strength,11,57,0.13034555315971375,0.06150555610656738,42312.0,0.1360163688659668,423,1
StandardGSGP,04b80a41-ad32-11ef-8eae-e4a8dfc2a9a8,concrete_strength,11,58,0.13015326857566833,0.06000161170959473,43402.0,0.13612787425518036,431,1
StandardGSGP,04b80a41-ad32-11ef-8eae-e4a8dfc2a9a8,concrete_strength,11,59,0.13015326857566833,0.05950427055358887,44274.0,0.13612787425518036,431,1
StandardGSGP,04b80a41-ad32-11ef-8eae-e4a8dfc2a9a8,concrete_strength,11,60,0.13015326857566833,0.060086965560913086,45116.0,0.13612787425518036,431,1
StandardGSGP,04b80a41-ad32-11ef-8eae-e4a8dfc2a9a8,concrete_strength,11,61,0.12891681492328644,0.06399726867675781,46362.0,0.13263903558254242,467,1
StandardGSGP,04b80a41-ad32-11ef-8eae-e4a8dfc2a9a8,concrete_strength,11,62,0.12891681492328644,0.0597844123840332,47062.0,0.13263903558254242,467,1
StandardGSGP,04b80a41-ad32-11ef-8eae-e4a8dfc2a9a8,concrete_strength,11,63,0.12864339351654053,0.0603482723236084,47454.0,0.13496460020542145,473,1
StandardGSGP,04b80a41-ad32-11ef-8eae-e4a8dfc2a9a8,concrete_strength,11,64,0.127705916762352,0.06445765495300293,47866.0,0.13122911751270294,483,1
StandardGSGP,04b80a41-ad32-11ef-8eae-e4a8dfc2a9a8,concrete_strength,11,65,0.12713637948036194,0.06278014183044434,48974.0,0.131212055683136,491,1
StandardGSGP,04b80a41-ad32-11ef-8eae-e4a8dfc2a9a8,concrete_strength,11,66,0.12707452476024628,0.06143379211425781,50152.0,0.13267162442207336,489,1
StandardGSGP,04b80a41-ad32-11ef-8eae-e4a8dfc2a9a8,concrete_strength,11,67,0.12641429901123047,0.06513214111328125,51070.0,0.131435364484787,499,1
StandardGSGP,04b80a41-ad32-11ef-8eae-e4a8dfc2a9a8,concrete_strength,11,68,0.12641429901123047,0.06734776496887207,51660.0,0.131435364484787,499,1
StandardGSGP,04b80a41-ad32-11ef-8eae-e4a8dfc2a9a8,concrete_strength,11,69,0.12561355531215668,0.061002254486083984,52544.0,0.13112840056419373,511,1
StandardGSGP,04b80a41-ad32-11ef-8eae-e4a8dfc2a9a8,concrete_strength,11,70,0.12561355531215668,0.057999610900878906,53154.0,0.13112840056419373,511,1
StandardGSGP,04b80a41-ad32-11ef-8eae-e4a8dfc2a9a8,concrete_strength,11,71,0.12525537610054016,0.06511497497558594,54148.0,0.13049794733524323,523,1
StandardGSGP,04b80a41-ad32-11ef-8eae-e4a8dfc2a9a8,concrete_strength,11,72,0.12525537610054016,0.13431835174560547,54756.0,0.13049794733524323,523,1
StandardGSGP,04b80a41-ad32-11ef-8eae-e4a8dfc2a9a8,concrete_strength,11,73,0.12525537610054016,0.062023162841796875,55340.0,0.13049794733524323,523,1
StandardGSGP,04b80a41-ad32-11ef-8eae-e4a8dfc2a9a8,concrete_strength,11,74,0.12525537610054016,0.059998273849487305,56478.0,0.13049794733524323,523,1
StandardGSGP,04b80a41-ad32-11ef-8eae-e4a8dfc2a9a8,concrete_strength,11,75,0.12525537610054016,0.06250667572021484,57308.0,0.13049794733524323,523,1
StandardGSGP,04b80a41-ad32-11ef-8eae-e4a8dfc2a9a8,concrete_strength,11,76,0.12525537610054016,0.06376957893371582,57438.0,0.13049794733524323,523,1
StandardGSGP,04b80a41-ad32-11ef-8eae-e4a8dfc2a9a8,concrete_strength,11,77,0.12485776841640472,0.06139683723449707,57428.0,0.12948860228061676,539,1
StandardGSGP,04b80a41-ad32-11ef-8eae-e4a8dfc2a9a8,concrete_strength,11,78,0.12485776841640472,0.06031346321105957,57694.0,0.12948860228061676,539,1
StandardGSGP,04b80a41-ad32-11ef-8eae-e4a8dfc2a9a8,concrete_strength,11,79,0.12485776841640472,0.06133008003234863,58204.0,0.12948860228061676,539,1
StandardGSGP,04b80a41-ad32-11ef-8eae-e4a8dfc2a9a8,concrete_strength,11,80,0.12485776841640472,0.060683250427246094,58774.0,0.12948860228061676,539,1
StandardGSGP,04b80a41-ad32-11ef-8eae-e4a8dfc2a9a8,concrete_strength,11,81,0.12485776841640472,0.06005573272705078,59748.0,0.12948860228061676,539,1
StandardGSGP,04b80a41-ad32-11ef-8eae-e4a8dfc2a9a8,concrete_strength,11,82,0.12485776841640472,0.06247830390930176,60218.0,0.12948860228061676,539,1
StandardGSGP,04b80a41-ad32-11ef-8eae-e4a8dfc2a9a8,concrete_strength,11,83,0.12485776841640472,0.07077169418334961,60442.0,0.12948860228061676,539,1
StandardGSGP,04b80a41-ad32-11ef-8eae-e4a8dfc2a9a8,concrete_strength,11,84,0.12485776841640472,0.06605076789855957,60904.0,0.12948860228061676,539,1
StandardGSGP,04b80a41-ad32-11ef-8eae-e4a8dfc2a9a8,concrete_strength,11,85,0.1247657835483551,0.06331348419189453,61386.0,0.12961384654045105,545,1
StandardGSGP,04b80a41-ad32-11ef-8eae-e4a8dfc2a9a8,concrete_strength,11,86,0.1247657835483551,0.06983447074890137,60842.0,0.12961384654045105,545,1
StandardGSGP,04b80a41-ad32-11ef-8eae-e4a8dfc2a9a8,concrete_strength,11,87,0.12353753298521042,0.06384706497192383,60838.0,0.12737098336219788,559,1
StandardGSGP,04b80a41-ad32-11ef-8eae-e4a8dfc2a9a8,concrete_strength,11,88,0.12353753298521042,0.061171531677246094,60684.0,0.12737098336219788,559,1
StandardGSGP,04b80a41-ad32-11ef-8eae-e4a8dfc2a9a8,concrete_strength,11,89,0.12353753298521042,0.05850839614868164,62214.0,0.12737098336219788,559,1
StandardGSGP,04b80a41-ad32-11ef-8eae-e4a8dfc2a9a8,concrete_strength,11,90,0.12353753298521042,0.06797337532043457,63396.0,0.12737098336219788,559,1
StandardGSGP,04b80a41-ad32-11ef-8eae-e4a8dfc2a9a8,concrete_strength,11,91,0.12353753298521042,0.06242227554321289,64464.0,0.12737098336219788,559,1
StandardGSGP,04b80a41-ad32-11ef-8eae-e4a8dfc2a9a8,concrete_strength,11,92,0.1230185478925705,0.059331417083740234,64640.0,0.13061203062534332,581,1
StandardGSGP,04b80a41-ad32-11ef-8eae-e4a8dfc2a9a8,concrete_strength,11,93,0.1230185478925705,0.055921316146850586,66828.0,0.13061203062534332,581,1
StandardGSGP,04b80a41-ad32-11ef-8eae-e4a8dfc2a9a8,concrete_strength,11,94,0.1230185478925705,0.06099438667297363,67280.0,0.13061203062534332,581,1
StandardGSGP,04b80a41-ad32-11ef-8eae-e4a8dfc2a9a8,concrete_strength,11,95,0.1230185478925705,0.06250882148742676,70198.0,0.13061203062534332,581,1
StandardGSGP,04b80a41-ad32-11ef-8eae-e4a8dfc2a9a8,concrete_strength,11,96,0.1230185478925705,0.06351113319396973,72504.0,0.13061203062534332,581,1
StandardGSGP,04b80a41-ad32-11ef-8eae-e4a8dfc2a9a8,concrete_strength,11,97,0.1230185478925705,0.0619966983795166,71660.0,0.13061203062534332,581,1
StandardGSGP,04b80a41-ad32-11ef-8eae-e4a8dfc2a9a8,concrete_strength,11,98,0.1230185478925705,0.05912446975708008,71746.0,0.13061203062534332,581,1
StandardGSGP,04b80a41-ad32-11ef-8eae-e4a8dfc2a9a8,concrete_strength,11,99,0.12276976555585861,0.06010746955871582,71164.0,0.12710343301296234,765,1
StandardGSGP,04b80a41-ad32-11ef-8eae-e4a8dfc2a9a8,concrete_strength,11,100,0.12276976555585861,0.060503482818603516,71942.0,0.12710343301296234,765,1
StandardGSGP,7f01c783-ad32-11ef-8eae-e4a8dfc2a9a8,concrete_strength,11,0,25.93830108642578,0.03949689865112305,886.0,26.105003356933594,3,1
StandardGSGP,7f01c783-ad32-11ef-8eae-e4a8dfc2a9a8,concrete_strength,11,1,25.926586151123047,0.06600332260131836,1580.0,26.094310760498047,11,1
StandardGSGP,7f01c783-ad32-11ef-8eae-e4a8dfc2a9a8,concrete_strength,11,2,25.44607162475586,0.06699395179748535,2424.0,25.61431121826172,25,1
StandardGSGP,7f01c783-ad32-11ef-8eae-e4a8dfc2a9a8,concrete_strength,11,3,25.44607162475586,0.06650996208190918,2942.0,25.61431121826172,25,1
StandardGSGP,7f01c783-ad32-11ef-8eae-e4a8dfc2a9a8,concrete_strength,11,4,25.204864501953125,0.06551313400268555,3746.0,25.3938045501709,35,1
StandardGSGP,7f01c783-ad32-11ef-8eae-e4a8dfc2a9a8,concrete_strength,11,5,25.00761604309082,0.06399941444396973,4640.0,25.18596076965332,39,1
StandardGSGP,7f01c783-ad32-11ef-8eae-e4a8dfc2a9a8,concrete_strength,11,6,24.899860382080078,0.0642392635345459,5598.0,25.11231231689453,51,1
StandardGSGP,7f01c783-ad32-11ef-8eae-e4a8dfc2a9a8,concrete_strength,11,7,24.561243057250977,0.06630134582519531,6588.0,24.773962020874023,57,1
StandardGSGP,7f01c783-ad32-11ef-8eae-e4a8dfc2a9a8,concrete_strength,11,8,24.343589782714844,0.06365394592285156,7062.0,24.55715560913086,69,1
StandardGSGP,7f01c783-ad32-11ef-8eae-e4a8dfc2a9a8,concrete_strength,11,9,24.12499237060547,0.06650471687316895,7578.0,24.29690170288086,63,1
StandardGSGP,7f01c783-ad32-11ef-8eae-e4a8dfc2a9a8,concrete_strength,11,10,23.75838279724121,0.07051825523376465,8022.0,23.90666389465332,73,1
StandardGSGP,7f01c783-ad32-11ef-8eae-e4a8dfc2a9a8,concrete_strength,11,11,23.605375289916992,0.06514954566955566,8948.0,23.773082733154297,89,1
StandardGSGP,7f01c783-ad32-11ef-8eae-e4a8dfc2a9a8,concrete_strength,11,12,23.429166793823242,0.08586812019348145,9722.0,23.594707489013672,101,1
StandardGSGP,7f01c783-ad32-11ef-8eae-e4a8dfc2a9a8,concrete_strength,11,13,23.15631675720215,0.06264305114746094,10318.0,23.343027114868164,105,1
StandardGSGP,7f01c783-ad32-11ef-8eae-e4a8dfc2a9a8,concrete_strength,11,14,22.676116943359375,0.06600356101989746,11252.0,22.908376693725586,129,1
StandardGSGP,7f01c783-ad32-11ef-8eae-e4a8dfc2a9a8,concrete_strength,11,15,22.430870056152344,0.06727743148803711,12606.0,22.664012908935547,137,1
StandardGSGP,7f01c783-ad32-11ef-8eae-e4a8dfc2a9a8,concrete_strength,11,16,22.22323226928711,0.0644981861114502,13808.0,22.469789505004883,145,1
StandardGSGP,7f01c783-ad32-11ef-8eae-e4a8dfc2a9a8,concrete_strength,11,17,21.89295768737793,0.06630992889404297,14794.0,22.155012130737305,153,1
StandardGSGP,7f01c783-ad32-11ef-8eae-e4a8dfc2a9a8,concrete_strength,11,18,21.71916389465332,0.06337881088256836,16018.0,22.02526092529297,171,1
StandardGSGP,7f01c783-ad32-11ef-8eae-e4a8dfc2a9a8,concrete_strength,11,19,21.495010375976562,0.06750917434692383,17306.0,21.7981014251709,181,1
StandardGSGP,7f01c783-ad32-11ef-8eae-e4a8dfc2a9a8,concrete_strength,11,20,21.409921646118164,0.06356692314147949,18424.0,21.71030616760254,197,1
StandardGSGP,7f01c783-ad32-11ef-8eae-e4a8dfc2a9a8,concrete_strength,11,21,21.218368530273438,0.06665897369384766,19310.0,21.522647857666016,193,1
StandardGSGP,7f01c783-ad32-11ef-8eae-e4a8dfc2a9a8,concrete_strength,11,22,20.907268524169922,0.06851458549499512,20242.0,21.22403907775879,199,1
StandardGSGP,7f01c783-ad32-11ef-8eae-e4a8dfc2a9a8,concrete_strength,11,23,20.907268524169922,0.06688141822814941,21042.0,21.22403907775879,199,1
StandardGSGP,7f01c783-ad32-11ef-8eae-e4a8dfc2a9a8,concrete_strength,11,24,20.72894859313965,0.06851482391357422,21922.0,21.04638671875,207,1
StandardGSGP,7f01c783-ad32-11ef-8eae-e4a8dfc2a9a8,concrete_strength,11,25,20.61720085144043,0.06774759292602539,22584.0,20.90178680419922,239,1
StandardGSGP,7f01c783-ad32-11ef-8eae-e4a8dfc2a9a8,concrete_strength,11,26,20.344926834106445,0.06250476837158203,23160.0,20.627384185791016,227,1
StandardGSGP,7f01c783-ad32-11ef-8eae-e4a8dfc2a9a8,concrete_strength,11,27,20.268341064453125,0.06950569152832031,24228.0,20.594757080078125,259,1
StandardGSGP,7f01c783-ad32-11ef-8eae-e4a8dfc2a9a8,concrete_strength,11,28,20.058059692382812,0.06788253784179688,25344.0,20.410295486450195,261,1
StandardGSGP,7f01c783-ad32-11ef-8eae-e4a8dfc2a9a8,concrete_strength,11,29,20.011154174804688,0.06751632690429688,26546.0,20.337087631225586,275,1
StandardGSGP,7f01c783-ad32-11ef-8eae-e4a8dfc2a9a8,concrete_strength,11,30,19.710302352905273,0.06951403617858887,27714.0,20.051311492919922,287,1
StandardGSGP,7f01c783-ad32-11ef-8eae-e4a8dfc2a9a8,concrete_strength,11,31,19.597450256347656,0.06959867477416992,28556.0,19.998355865478516,289,1
StandardGSGP,7f01c783-ad32-11ef-8eae-e4a8dfc2a9a8,concrete_strength,11,32,19.43531036376953,0.06551814079284668,29560.0,19.867876052856445,295,1
StandardGSGP,7f01c783-ad32-11ef-8eae-e4a8dfc2a9a8,concrete_strength,11,33,19.311275482177734,0.06359386444091797,30590.0,19.729080200195312,301,1
StandardGSGP,7f01c783-ad32-11ef-8eae-e4a8dfc2a9a8,concrete_strength,11,34,19.139307022094727,0.06851530075073242,31688.0,19.5471134185791,317,1
StandardGSGP,7f01c783-ad32-11ef-8eae-e4a8dfc2a9a8,concrete_strength,11,35,18.97716522216797,0.06920981407165527,32570.0,19.390979766845703,327,1
StandardGSGP,7f01c783-ad32-11ef-8eae-e4a8dfc2a9a8,concrete_strength,11,36,18.839792251586914,0.06644344329833984,33354.0,19.268970489501953,337,1
StandardGSGP,7f01c783-ad32-11ef-8eae-e4a8dfc2a9a8,concrete_strength,11,37,18.804431915283203,0.06567859649658203,34350.0,19.24993324279785,349,1
StandardGSGP,7f01c783-ad32-11ef-8eae-e4a8dfc2a9a8,concrete_strength,11,38,18.71923828125,0.06328010559082031,35092.0,19.172788619995117,347,1
StandardGSGP,7f01c783-ad32-11ef-8eae-e4a8dfc2a9a8,concrete_strength,11,39,18.547712326049805,0.0657663345336914,35874.0,18.998489379882812,355,1
StandardGSGP,7f01c783-ad32-11ef-8eae-e4a8dfc2a9a8,concrete_strength,11,40,18.444053649902344,0.15006208419799805,36576.0,18.91130256652832,367,1
StandardGSGP,7f01c783-ad32-11ef-8eae-e4a8dfc2a9a8,concrete_strength,11,41,18.36441421508789,0.06752943992614746,37344.0,18.873106002807617,379,1
StandardGSGP,7f01c783-ad32-11ef-8eae-e4a8dfc2a9a8,concrete_strength,11,42,18.28334617614746,0.06452274322509766,37998.0,18.780437469482422,385,1
StandardGSGP,7f01c783-ad32-11ef-8eae-e4a8dfc2a9a8,concrete_strength,11,43,18.233652114868164,0.06599569320678711,39016.0,18.758100509643555,397,1
StandardGSGP,7f01c783-ad32-11ef-8eae-e4a8dfc2a9a8,concrete_strength,11,44,18.01887321472168,0.07054257392883301,39824.0,18.599987030029297,409,1
StandardGSGP,7f01c783-ad32-11ef-8eae-e4a8dfc2a9a8,concrete_strength,11,45,17.992698669433594,0.06821298599243164,40912.0,18.573022842407227,415,1
StandardGSGP,7f01c783-ad32-11ef-8eae-e4a8dfc2a9a8,concrete_strength,11,46,17.927217483520508,0.06896662712097168,41782.0,18.452945709228516,419,1
StandardGSGP,7f01c783-ad32-11ef-8eae-e4a8dfc2a9a8,concrete_strength,11,47,17.832563400268555,0.07167410850524902,42858.0,18.466781616210938,427,1
StandardGSGP,7f01c783-ad32-11ef-8eae-e4a8dfc2a9a8,concrete_strength,11,48,17.779569625854492,0.06779122352600098,43584.0,18.4248104095459,435,1
StandardGSGP,7f01c783-ad32-11ef-8eae-e4a8dfc2a9a8,concrete_strength,11,49,17.70214080810547,0.06324124336242676,44360.0,18.298620223999023,439,1
StandardGSGP,7f01c783-ad32-11ef-8eae-e4a8dfc2a9a8,concrete_strength,11,50,17.638418197631836,0.07448148727416992,45352.0,18.302228927612305,459,1
StandardGSGP,7f01c783-ad32-11ef-8eae-e4a8dfc2a9a8,concrete_strength,11,51,17.544605255126953,0.07865643501281738,46218.0,18.239988327026367,469,1
StandardGSGP,7f01c783-ad32-11ef-8eae-e4a8dfc2a9a8,concrete_strength,11,52,17.503108978271484,0.06950807571411133,47198.0,18.116098403930664,471,1
StandardGSGP,7f01c783-ad32-11ef-8eae-e4a8dfc2a9a8,concrete_strength,11,53,17.413005828857422,0.06333279609680176,48146.0,18.09360122680664,479,1
StandardGSGP,7f01c783-ad32-11ef-8eae-e4a8dfc2a9a8,concrete_strength,11,54,17.24844741821289,0.0645608901977539,48840.0,17.961278915405273,473,1
StandardGSGP,7f01c783-ad32-11ef-8eae-e4a8dfc2a9a8,concrete_strength,11,55,17.12992286682129,0.07251262664794922,49476.0,17.834716796875,481,1
StandardGSGP,7f01c783-ad32-11ef-8eae-e4a8dfc2a9a8,concrete_strength,11,56,17.12900161743164,0.06800293922424316,50018.0,17.834531784057617,495,1
StandardGSGP,7f01c783-ad32-11ef-8eae-e4a8dfc2a9a8,concrete_strength,11,57,17.104196548461914,0.07550668716430664,50480.0,17.80192756652832,487,1
StandardGSGP,7f01c783-ad32-11ef-8eae-e4a8dfc2a9a8,concrete_strength,11,58,17.077091217041016,0.06984710693359375,50718.0,17.787919998168945,497,1
StandardGSGP,7f01c783-ad32-11ef-8eae-e4a8dfc2a9a8,concrete_strength,11,59,17.01222038269043,0.06759929656982422,51508.0,17.740896224975586,511,1
StandardGSGP,7f01c783-ad32-11ef-8eae-e4a8dfc2a9a8,concrete_strength,11,60,16.98050880432129,0.06527400016784668,52494.0,17.749013900756836,521,1
StandardGSGP,7f01c783-ad32-11ef-8eae-e4a8dfc2a9a8,concrete_strength,11,61,16.837398529052734,0.06396198272705078,53384.0,17.643274307250977,529,1
StandardGSGP,7f01c783-ad32-11ef-8eae-e4a8dfc2a9a8,concrete_strength,11,62,16.74831771850586,0.0657041072845459,53784.0,17.60708999633789,539,1
StandardGSGP,7f01c783-ad32-11ef-8eae-e4a8dfc2a9a8,concrete_strength,11,63,16.690288543701172,0.06551122665405273,54886.0,17.539766311645508,553,1
StandardGSGP,7f01c783-ad32-11ef-8eae-e4a8dfc2a9a8,concrete_strength,11,64,16.614702224731445,0.06905078887939453,55924.0,17.50741958618164,563,1
StandardGSGP,7f01c783-ad32-11ef-8eae-e4a8dfc2a9a8,concrete_strength,11,65,16.57819366455078,0.07490229606628418,56518.0,17.454708099365234,569,1
StandardGSGP,7f01c783-ad32-11ef-8eae-e4a8dfc2a9a8,concrete_strength,11,66,16.55752944946289,0.07100534439086914,57544.0,17.443164825439453,575,1
StandardGSGP,7f01c783-ad32-11ef-8eae-e4a8dfc2a9a8,concrete_strength,11,67,16.49631690979004,0.0689992904663086,58362.0,17.438438415527344,595,1
StandardGSGP,7f01c783-ad32-11ef-8eae-e4a8dfc2a9a8,concrete_strength,11,68,16.44846534729004,0.06844925880432129,59438.0,17.442731857299805,599,1
StandardGSGP,7f01c783-ad32-11ef-8eae-e4a8dfc2a9a8,concrete_strength,11,69,16.38752555847168,0.07118821144104004,60338.0,17.405311584472656,607,1
StandardGSGP,7f01c783-ad32-11ef-8eae-e4a8dfc2a9a8,concrete_strength,11,70,16.34473419189453,0.07900142669677734,61364.0,17.37960433959961,617,1
StandardGSGP,7f01c783-ad32-11ef-8eae-e4a8dfc2a9a8,concrete_strength,11,71,16.294902801513672,0.07443523406982422,62436.0,17.36477279663086,631,1
StandardGSGP,7f01c783-ad32-11ef-8eae-e4a8dfc2a9a8,concrete_strength,11,72,16.26352310180664,0.0680239200592041,63158.0,17.357194900512695,637,1
StandardGSGP,7f01c783-ad32-11ef-8eae-e4a8dfc2a9a8,concrete_strength,11,73,16.179410934448242,0.06951022148132324,64302.0,17.2641658782959,643,1
StandardGSGP,7f01c783-ad32-11ef-8eae-e4a8dfc2a9a8,concrete_strength,11,74,16.094982147216797,0.0729978084564209,65300.0,17.23948860168457,641,1
StandardGSGP,7f01c783-ad32-11ef-8eae-e4a8dfc2a9a8,concrete_strength,11,75,16.056032180786133,0.07495999336242676,66090.0,17.214784622192383,649,1
StandardGSGP,7f01c783-ad32-11ef-8eae-e4a8dfc2a9a8,concrete_strength,11,76,16.034820556640625,0.06950974464416504,66818.0,17.21823501586914,649,1
StandardGSGP,7f01c783-ad32-11ef-8eae-e4a8dfc2a9a8,concrete_strength,11,77,15.991889953613281,0.07152414321899414,66818.0,17.151308059692383,667,1
StandardGSGP,7f01c783-ad32-11ef-8eae-e4a8dfc2a9a8,concrete_strength,11,78,15.905674934387207,0.07801008224487305,67302.0,17.15637969970703,679,1
StandardGSGP,7f01c783-ad32-11ef-8eae-e4a8dfc2a9a8,concrete_strength,11,79,15.876845359802246,0.06852984428405762,67952.0,17.134267807006836,699,1
StandardGSGP,7f01c783-ad32-11ef-8eae-e4a8dfc2a9a8,concrete_strength,11,80,15.872601509094238,0.0694878101348877,69000.0,17.13579750061035,691,1
StandardGSGP,7f01c783-ad32-11ef-8eae-e4a8dfc2a9a8,concrete_strength,11,81,15.850537300109863,0.06633543968200684,70110.0,17.06578254699707,699,1
StandardGSGP,7f01c783-ad32-11ef-8eae-e4a8dfc2a9a8,concrete_strength,11,82,15.827095031738281,0.06588125228881836,71244.0,17.008819580078125,715,1
StandardGSGP,7f01c783-ad32-11ef-8eae-e4a8dfc2a9a8,concrete_strength,11,83,15.728010177612305,0.06768012046813965,71942.0,16.960588455200195,727,1
StandardGSGP,7f01c783-ad32-11ef-8eae-e4a8dfc2a9a8,concrete_strength,11,84,15.728010177612305,0.06643342971801758,73086.0,16.960588455200195,727,1
StandardGSGP,7f01c783-ad32-11ef-8eae-e4a8dfc2a9a8,concrete_strength,11,85,15.686899185180664,0.06629610061645508,73996.0,16.91013526916504,745,1
StandardGSGP,7f01c783-ad32-11ef-8eae-e4a8dfc2a9a8,concrete_strength,11,86,15.677559852600098,0.07056641578674316,74982.0,16.907926559448242,757,1
StandardGSGP,7f01c783-ad32-11ef-8eae-e4a8dfc2a9a8,concrete_strength,11,87,15.61215877532959,0.07050418853759766,76088.0,16.871706008911133,763,1
StandardGSGP,7f01c783-ad32-11ef-8eae-e4a8dfc2a9a8,concrete_strength,11,88,15.518001556396484,0.07200288772583008,77050.0,16.86020851135254,765,1
StandardGSGP,7f01c783-ad32-11ef-8eae-e4a8dfc2a9a8,concrete_strength,11,89,15.518001556396484,0.06349039077758789,77928.0,16.86020851135254,765,1
StandardGSGP,7f01c783-ad32-11ef-8eae-e4a8dfc2a9a8,concrete_strength,11,90,15.50505542755127,0.0815131664276123,78708.0,16.84433364868164,781,1
StandardGSGP,7f01c783-ad32-11ef-8eae-e4a8dfc2a9a8,concrete_strength,11,91,15.473515510559082,0.07361555099487305,79312.0,16.814359664916992,785,1
StandardGSGP,7f01c783-ad32-11ef-8eae-e4a8dfc2a9a8,concrete_strength,11,92,15.4503812789917,0.06800222396850586,79566.0,16.79200553894043,803,1
StandardGSGP,7f01c783-ad32-11ef-8eae-e4a8dfc2a9a8,concrete_strength,11,93,15.43183708190918,0.06452059745788574,80552.0,16.839031219482422,803,1
StandardGSGP,7f01c783-ad32-11ef-8eae-e4a8dfc2a9a8,concrete_strength,11,94,15.405264854431152,0.06450939178466797,81582.0,16.793060302734375,817,1
StandardGSGP,7f01c783-ad32-11ef-8eae-e4a8dfc2a9a8,concrete_strength,11,95,15.356873512268066,0.07534074783325195,82632.0,16.742101669311523,823,1
StandardGSGP,7f01c783-ad32-11ef-8eae-e4a8dfc2a9a8,concrete_strength,11,96,15.346460342407227,0.07915663719177246,83682.0,16.717212677001953,817,1
StandardGSGP,7f01c783-ad32-11ef-8eae-e4a8dfc2a9a8,concrete_strength,11,97,15.290596961975098,0.06997466087341309,84652.0,16.62355613708496,861,1
StandardGSGP,7f01c783-ad32-11ef-8eae-e4a8dfc2a9a8,concrete_strength,11,98,15.290596961975098,0.06560754776000977,85216.0,16.62355613708496,861,1
StandardGSGP,7f01c783-ad32-11ef-8eae-e4a8dfc2a9a8,concrete_strength,11,99,15.204305648803711,0.06855583190917969,86080.0,16.631715774536133,869,1
StandardGSGP,7f01c783-ad32-11ef-8eae-e4a8dfc2a9a8,concrete_strength,11,100,15.204305648803711,0.06648707389831543,87376.0,16.631715774536133,869,1
