StandardGSGP,44097011-ad32-11ef-945d-e4a8dfc2a9a8,concrete_strength,27,0,0.24576391279697418,0.03750777244567871,880.0,0.23545721173286438,7,1
StandardGSGP,44097011-ad32-11ef-945d-e4a8dfc2a9a8,concrete_strength,27,1,0.20428510010242462,0.06451129913330078,1452.0,0.20038114488124847,13,1
StandardGSGP,44097011-ad32-11ef-945d-e4a8dfc2a9a8,concrete_strength,27,2,0.1803399622440338,0.06550908088684082,2338.0,0.20068536698818207,23,1
StandardGSGP,44097011-ad32-11ef-945d-e4a8dfc2a9a8,concrete_strength,27,3,0.1803399622440338,0.06578207015991211,3338.0,0.20068536698818207,23,1
StandardGSGP,44097011-ad32-11ef-945d-e4a8dfc2a9a8,concrete_strength,27,4,0.16527476906776428,0.0614626407623291,4134.0,0.16812452673912048,45,1
StandardGSGP,44097011-ad32-11ef-945d-e4a8dfc2a9a8,concrete_strength,27,5,0.16311310231685638,0.06512570381164551,4818.0,0.16675056517124176,53,1
StandardGSGP,44097011-ad32-11ef-945d-e4a8dfc2a9a8,concrete_strength,27,6,0.16211481392383575,0.059510231018066406,5834.0,0.16566671431064606,61,1
StandardGSGP,44097011-ad32-11ef-945d-e4a8dfc2a9a8,concrete_strength,27,7,0.15638884902000427,0.058837175369262695,6742.0,0.15698161721229553,65,1
StandardGSGP,44097011-ad32-11ef-945d-e4a8dfc2a9a8,concrete_strength,27,8,0.15638884902000427,0.06096529960632324,7710.0,0.15698161721229553,65,1
StandardGSGP,44097011-ad32-11ef-945d-e4a8dfc2a9a8,concrete_strength,27,9,0.1486627757549286,0.06251168251037598,8418.0,0.15279395878314972,83,1
StandardGSGP,44097011-ad32-11ef-945d-e4a8dfc2a9a8,concrete_strength,27,10,0.14507728815078735,0.05650782585144043,9072.0,0.15677741169929504,89,1
StandardGSGP,44097011-ad32-11ef-945d-e4a8dfc2a9a8,concrete_strength,27,11,0.14457279443740845,0.06299924850463867,10074.0,0.1487308293581009,89,1
StandardGSGP,44097011-ad32-11ef-945d-e4a8dfc2a9a8,concrete_strength,27,12,0.14253927767276764,0.0685110092163086,11088.0,0.14636392891407013,99,1
StandardGSGP,44097011-ad32-11ef-945d-e4a8dfc2a9a8,concrete_strength,27,13,0.14008894562721252,0.06051158905029297,12048.0,0.1443825364112854,107,1
StandardGSGP,44097011-ad32-11ef-945d-e4a8dfc2a9a8,concrete_strength,27,14,0.1391010582447052,0.06646418571472168,12854.0,0.14402906596660614,109,1
StandardGSGP,44097011-ad32-11ef-945d-e4a8dfc2a9a8,concrete_strength,27,15,0.1389937847852707,0.05902457237243652,13014.0,0.1411375105381012,111,1
StandardGSGP,44097011-ad32-11ef-945d-e4a8dfc2a9a8,concrete_strength,27,16,0.13526935875415802,0.06690073013305664,13648.0,0.1400274634361267,123,1
StandardGSGP,44097011-ad32-11ef-945d-e4a8dfc2a9a8,concrete_strength,27,17,0.13526935875415802,0.06332874298095703,14316.0,0.1400274634361267,123,1
StandardGSGP,44097011-ad32-11ef-945d-e4a8dfc2a9a8,concrete_strength,27,18,0.13526935875415802,0.0607609748840332,14922.0,0.1400274634361267,123,1
StandardGSGP,44097011-ad32-11ef-945d-e4a8dfc2a9a8,concrete_strength,27,19,0.13526935875415802,0.061003923416137695,15500.0,0.1400274634361267,123,1
StandardGSGP,44097011-ad32-11ef-945d-e4a8dfc2a9a8,concrete_strength,27,20,0.13526935875415802,0.06050586700439453,16164.0,0.1400274634361267,123,1
StandardGSGP,44097011-ad32-11ef-945d-e4a8dfc2a9a8,concrete_strength,27,21,0.1334613412618637,0.06060647964477539,16858.0,0.1387520134449005,143,1
StandardGSGP,44097011-ad32-11ef-945d-e4a8dfc2a9a8,concrete_strength,27,22,0.1329825073480606,0.06258273124694824,17120.0,0.13741199672222137,151,1
StandardGSGP,44097011-ad32-11ef-945d-e4a8dfc2a9a8,concrete_strength,27,23,0.1329825073480606,0.06974053382873535,17570.0,0.13741199672222137,151,1
StandardGSGP,44097011-ad32-11ef-945d-e4a8dfc2a9a8,concrete_strength,27,24,0.1322048008441925,0.06151580810546875,17446.0,0.13704104721546173,159,1
StandardGSGP,44097011-ad32-11ef-945d-e4a8dfc2a9a8,concrete_strength,27,25,0.12941202521324158,0.0625772476196289,18166.0,0.13193325698375702,157,1
StandardGSGP,44097011-ad32-11ef-945d-e4a8dfc2a9a8,concrete_strength,27,26,0.12874050438404083,0.06074929237365723,18376.0,0.13506029546260834,181,1
StandardGSGP,44097011-ad32-11ef-945d-e4a8dfc2a9a8,concrete_strength,27,27,0.12874050438404083,0.06335806846618652,18794.0,0.13506029546260834,181,1
StandardGSGP,44097011-ad32-11ef-945d-e4a8dfc2a9a8,concrete_strength,27,28,0.12874050438404083,0.06401181221008301,19512.0,0.13506029546260834,181,1
StandardGSGP,44097011-ad32-11ef-945d-e4a8dfc2a9a8,concrete_strength,27,29,0.1254948377609253,0.06231260299682617,20514.0,0.13136446475982666,189,1
StandardGSGP,44097011-ad32-11ef-945d-e4a8dfc2a9a8,concrete_strength,27,30,0.12530942261219025,0.06100201606750488,21304.0,0.12751039862632751,213,1
StandardGSGP,44097011-ad32-11ef-945d-e4a8dfc2a9a8,concrete_strength,27,31,0.12530942261219025,0.058507680892944336,22088.0,0.12751039862632751,213,1
StandardGSGP,44097011-ad32-11ef-945d-e4a8dfc2a9a8,concrete_strength,27,32,0.12530942261219025,0.05850982666015625,22744.0,0.12751039862632751,213,1
StandardGSGP,44097011-ad32-11ef-945d-e4a8dfc2a9a8,concrete_strength,27,33,0.12530942261219025,0.06199789047241211,23138.0,0.12751039862632751,213,1
StandardGSGP,44097011-ad32-11ef-945d-e4a8dfc2a9a8,concrete_strength,27,34,0.12530942261219025,0.05950450897216797,23762.0,0.12751039862632751,213,1
StandardGSGP,44097011-ad32-11ef-945d-e4a8dfc2a9a8,concrete_strength,27,35,0.12530942261219025,0.06374049186706543,24152.0,0.12751039862632751,213,1
StandardGSGP,44097011-ad32-11ef-945d-e4a8dfc2a9a8,concrete_strength,27,36,0.12530942261219025,0.05899763107299805,25090.0,0.12751039862632751,213,1
StandardGSGP,44097011-ad32-11ef-945d-e4a8dfc2a9a8,concrete_strength,27,37,0.12530942261219025,0.06250905990600586,25190.0,0.12751039862632751,213,1
StandardGSGP,44097011-ad32-11ef-945d-e4a8dfc2a9a8,concrete_strength,27,38,0.12530942261219025,0.06100201606750488,25548.0,0.12751039862632751,213,1
StandardGSGP,44097011-ad32-11ef-945d-e4a8dfc2a9a8,concrete_strength,27,39,0.1251804083585739,0.06374931335449219,26214.0,0.12750864028930664,219,1
StandardGSGP,44097011-ad32-11ef-945d-e4a8dfc2a9a8,concrete_strength,27,40,0.1251804083585739,0.05966901779174805,26252.0,0.12750864028930664,219,1
StandardGSGP,44097011-ad32-11ef-945d-e4a8dfc2a9a8,concrete_strength,27,41,0.1251804083585739,0.06400203704833984,26142.0,0.12750864028930664,219,1
StandardGSGP,44097011-ad32-11ef-945d-e4a8dfc2a9a8,concrete_strength,27,42,0.1251804083585739,0.0655069351196289,26074.0,0.12750864028930664,219,1
StandardGSGP,44097011-ad32-11ef-945d-e4a8dfc2a9a8,concrete_strength,27,43,0.1251804083585739,0.06251311302185059,26556.0,0.12750864028930664,219,1
StandardGSGP,44097011-ad32-11ef-945d-e4a8dfc2a9a8,concrete_strength,27,44,0.1251804083585739,0.06151223182678223,27080.0,0.12750864028930664,219,1
StandardGSGP,44097011-ad32-11ef-945d-e4a8dfc2a9a8,concrete_strength,27,45,0.1251804083585739,0.05789828300476074,26906.0,0.12750864028930664,219,1
StandardGSGP,44097011-ad32-11ef-945d-e4a8dfc2a9a8,concrete_strength,27,46,0.12477003782987595,0.06227278709411621,26838.0,0.1258355677127838,249,1
StandardGSGP,44097011-ad32-11ef-945d-e4a8dfc2a9a8,concrete_strength,27,47,0.12477003782987595,0.05928802490234375,27042.0,0.1258355677127838,249,1
StandardGSGP,44097011-ad32-11ef-945d-e4a8dfc2a9a8,concrete_strength,27,48,0.12477003782987595,0.06511378288269043,27094.0,0.1258355677127838,249,1
StandardGSGP,44097011-ad32-11ef-945d-e4a8dfc2a9a8,concrete_strength,27,49,0.12477003782987595,0.06750750541687012,27460.0,0.1258355677127838,249,1
StandardGSGP,44097011-ad32-11ef-945d-e4a8dfc2a9a8,concrete_strength,27,50,0.12477003782987595,0.059262752532958984,28404.0,0.1258355677127838,249,1
StandardGSGP,44097011-ad32-11ef-945d-e4a8dfc2a9a8,concrete_strength,27,51,0.12420717626810074,0.05950808525085449,29218.0,0.12649913132190704,255,1
StandardGSGP,44097011-ad32-11ef-945d-e4a8dfc2a9a8,concrete_strength,27,52,0.12403521686792374,0.059267520904541016,29810.0,0.12624160945415497,261,1
StandardGSGP,44097011-ad32-11ef-945d-e4a8dfc2a9a8,concrete_strength,27,53,0.12403521686792374,0.14442968368530273,30248.0,0.12624160945415497,261,1
StandardGSGP,44097011-ad32-11ef-945d-e4a8dfc2a9a8,concrete_strength,27,54,0.12403521686792374,0.061005353927612305,31198.0,0.12624160945415497,261,1
StandardGSGP,44097011-ad32-11ef-945d-e4a8dfc2a9a8,concrete_strength,27,55,0.12403521686792374,0.060585975646972656,32072.0,0.12624160945415497,261,1
StandardGSGP,44097011-ad32-11ef-945d-e4a8dfc2a9a8,concrete_strength,27,56,0.12403521686792374,0.06051182746887207,32382.0,0.12624160945415497,261,1
StandardGSGP,44097011-ad32-11ef-945d-e4a8dfc2a9a8,concrete_strength,27,57,0.12403521686792374,0.059359073638916016,32642.0,0.12624160945415497,261,1
StandardGSGP,44097011-ad32-11ef-945d-e4a8dfc2a9a8,concrete_strength,27,58,0.12403521686792374,0.057721853256225586,33328.0,0.12624160945415497,261,1
StandardGSGP,44097011-ad32-11ef-945d-e4a8dfc2a9a8,concrete_strength,27,59,0.12403521686792374,0.06038951873779297,33662.0,0.12624160945415497,261,1
StandardGSGP,44097011-ad32-11ef-945d-e4a8dfc2a9a8,concrete_strength,27,60,0.12403521686792374,0.05999946594238281,33232.0,0.12624160945415497,261,1
StandardGSGP,44097011-ad32-11ef-945d-e4a8dfc2a9a8,concrete_strength,27,61,0.12403521686792374,0.059149742126464844,33346.0,0.12624160945415497,261,1
StandardGSGP,44097011-ad32-11ef-945d-e4a8dfc2a9a8,concrete_strength,27,62,0.12403521686792374,0.06000375747680664,33044.0,0.12624160945415497,261,1
StandardGSGP,44097011-ad32-11ef-945d-e4a8dfc2a9a8,concrete_strength,27,63,0.12403521686792374,0.061506032943725586,32754.0,0.12624160945415497,261,1
StandardGSGP,44097011-ad32-11ef-945d-e4a8dfc2a9a8,concrete_strength,27,64,0.12403521686792374,0.0620725154876709,32966.0,0.12624160945415497,261,1
StandardGSGP,44097011-ad32-11ef-945d-e4a8dfc2a9a8,concrete_strength,27,65,0.12403521686792374,0.061327457427978516,32562.0,0.12624160945415497,261,1
StandardGSGP,44097011-ad32-11ef-945d-e4a8dfc2a9a8,concrete_strength,27,66,0.12403521686792374,0.06151080131530762,32838.0,0.12624160945415497,261,1
StandardGSGP,44097011-ad32-11ef-945d-e4a8dfc2a9a8,concrete_strength,27,67,0.12403521686792374,0.059694528579711914,33354.0,0.12624160945415497,261,1
StandardGSGP,44097011-ad32-11ef-945d-e4a8dfc2a9a8,concrete_strength,27,68,0.12403453141450882,0.06290531158447266,33402.0,0.12622787058353424,279,1
StandardGSGP,44097011-ad32-11ef-945d-e4a8dfc2a9a8,concrete_strength,27,69,0.12403453141450882,0.0631251335144043,33944.0,0.12622787058353424,279,1
StandardGSGP,44097011-ad32-11ef-945d-e4a8dfc2a9a8,concrete_strength,27,70,0.12403453141450882,0.06897163391113281,34630.0,0.12622787058353424,279,1
StandardGSGP,44097011-ad32-11ef-945d-e4a8dfc2a9a8,concrete_strength,27,71,0.12403453141450882,0.06473374366760254,34764.0,0.12622787058353424,279,1
StandardGSGP,44097011-ad32-11ef-945d-e4a8dfc2a9a8,concrete_strength,27,72,0.12328188866376877,0.06151223182678223,34562.0,0.12730886042118073,457,1
StandardGSGP,44097011-ad32-11ef-945d-e4a8dfc2a9a8,concrete_strength,27,73,0.12328188866376877,0.06364011764526367,35114.0,0.12730886042118073,457,1
StandardGSGP,44097011-ad32-11ef-945d-e4a8dfc2a9a8,concrete_strength,27,74,0.12328188866376877,0.06336641311645508,37372.0,0.12730886042118073,457,1
StandardGSGP,44097011-ad32-11ef-945d-e4a8dfc2a9a8,concrete_strength,27,75,0.12328188866376877,0.06160092353820801,39420.0,0.12730886042118073,457,1
StandardGSGP,44097011-ad32-11ef-945d-e4a8dfc2a9a8,concrete_strength,27,76,0.12240490317344666,0.06400680541992188,43206.0,0.1272236555814743,467,1
StandardGSGP,44097011-ad32-11ef-945d-e4a8dfc2a9a8,concrete_strength,27,77,0.12202318757772446,0.060446739196777344,44846.0,0.12713125348091125,463,1
StandardGSGP,44097011-ad32-11ef-945d-e4a8dfc2a9a8,concrete_strength,27,78,0.12202318757772446,0.06550788879394531,47184.0,0.12713125348091125,463,1
StandardGSGP,44097011-ad32-11ef-945d-e4a8dfc2a9a8,concrete_strength,27,79,0.12202318757772446,0.06300139427185059,47816.0,0.12713125348091125,463,1
StandardGSGP,44097011-ad32-11ef-945d-e4a8dfc2a9a8,concrete_strength,27,80,0.12111485749483109,0.05750679969787598,48648.0,0.12529580295085907,497,1
StandardGSGP,44097011-ad32-11ef-945d-e4a8dfc2a9a8,concrete_strength,27,81,0.12042628973722458,0.06251192092895508,49672.0,0.1264016032218933,503,1
StandardGSGP,44097011-ad32-11ef-945d-e4a8dfc2a9a8,concrete_strength,27,82,0.12042628973722458,0.06099867820739746,51034.0,0.1264016032218933,503,1
StandardGSGP,44097011-ad32-11ef-945d-e4a8dfc2a9a8,concrete_strength,27,83,0.12042628973722458,0.06018638610839844,52308.0,0.1264016032218933,503,1
StandardGSGP,44097011-ad32-11ef-945d-e4a8dfc2a9a8,concrete_strength,27,84,0.12042628973722458,0.06834554672241211,53290.0,0.1264016032218933,503,1
StandardGSGP,44097011-ad32-11ef-945d-e4a8dfc2a9a8,concrete_strength,27,85,0.12042628973722458,0.060999155044555664,53672.0,0.1264016032218933,503,1
StandardGSGP,44097011-ad32-11ef-945d-e4a8dfc2a9a8,concrete_strength,27,86,0.1190868616104126,0.060503482818603516,54352.0,0.11546257883310318,541,1
StandardGSGP,44097011-ad32-11ef-945d-e4a8dfc2a9a8,concrete_strength,27,87,0.1190868616104126,0.06411480903625488,55136.0,0.11546257883310318,541,1
StandardGSGP,44097011-ad32-11ef-945d-e4a8dfc2a9a8,concrete_strength,27,88,0.1190868616104126,0.06050705909729004,55660.0,0.11546257883310318,541,1
StandardGSGP,44097011-ad32-11ef-945d-e4a8dfc2a9a8,concrete_strength,27,89,0.1190868616104126,0.062262773513793945,56368.0,0.11546257883310318,541,1
StandardGSGP,44097011-ad32-11ef-945d-e4a8dfc2a9a8,concrete_strength,27,90,0.11838826537132263,0.06245875358581543,56988.0,0.11674752831459045,569,1
StandardGSGP,44097011-ad32-11ef-945d-e4a8dfc2a9a8,concrete_strength,27,91,0.11838826537132263,0.06150627136230469,57526.0,0.11674752831459045,569,1
StandardGSGP,44097011-ad32-11ef-945d-e4a8dfc2a9a8,concrete_strength,27,92,0.11838826537132263,0.06751012802124023,58460.0,0.11674752831459045,569,1
StandardGSGP,44097011-ad32-11ef-945d-e4a8dfc2a9a8,concrete_strength,27,93,0.11838826537132263,0.061998605728149414,59344.0,0.11674752831459045,569,1
StandardGSGP,44097011-ad32-11ef-945d-e4a8dfc2a9a8,concrete_strength,27,94,0.11838826537132263,0.06121516227722168,60170.0,0.11674752831459045,569,1
StandardGSGP,44097011-ad32-11ef-945d-e4a8dfc2a9a8,concrete_strength,27,95,0.11838826537132263,0.06114554405212402,60842.0,0.11674752831459045,569,1
StandardGSGP,44097011-ad32-11ef-945d-e4a8dfc2a9a8,concrete_strength,27,96,0.11838826537132263,0.06199908256530762,61324.0,0.11674752831459045,569,1
StandardGSGP,44097011-ad32-11ef-945d-e4a8dfc2a9a8,concrete_strength,27,97,0.11838826537132263,0.06118273735046387,62146.0,0.11674752831459045,569,1
StandardGSGP,44097011-ad32-11ef-945d-e4a8dfc2a9a8,concrete_strength,27,98,0.11838826537132263,0.06536030769348145,62432.0,0.11674752831459045,569,1
StandardGSGP,44097011-ad32-11ef-945d-e4a8dfc2a9a8,concrete_strength,27,99,0.11838826537132263,0.061998844146728516,62132.0,0.11674752831459045,569,1
StandardGSGP,44097011-ad32-11ef-945d-e4a8dfc2a9a8,concrete_strength,27,100,0.11838826537132263,0.05951070785522461,62826.0,0.11674752831459045,569,1
StandardGSGP,c38a1504-ad32-11ef-945d-e4a8dfc2a9a8,concrete_strength,27,0,35.80521774291992,0.04483914375305176,880.0,35.031063079833984,3,1
StandardGSGP,c38a1504-ad32-11ef-945d-e4a8dfc2a9a8,concrete_strength,27,1,35.70408248901367,0.06942105293273926,1638.0,34.934024810791016,17,1
StandardGSGP,c38a1504-ad32-11ef-945d-e4a8dfc2a9a8,concrete_strength,27,2,35.53579330444336,0.06736207008361816,2402.0,34.754417419433594,19,1
StandardGSGP,c38a1504-ad32-11ef-945d-e4a8dfc2a9a8,concrete_strength,27,3,34.92506408691406,0.0650339126586914,3352.0,34.164981842041016,39,1
StandardGSGP,c38a1504-ad32-11ef-945d-e4a8dfc2a9a8,concrete_strength,27,4,34.77743911743164,0.07050871849060059,4212.0,34.016780853271484,43,1
StandardGSGP,c38a1504-ad32-11ef-945d-e4a8dfc2a9a8,concrete_strength,27,5,34.44023132324219,0.06800389289855957,5266.0,33.659339904785156,57,1
StandardGSGP,c38a1504-ad32-11ef-945d-e4a8dfc2a9a8,concrete_strength,27,6,34.20289611816406,0.06570577621459961,6272.0,33.4302978515625,65,1
StandardGSGP,c38a1504-ad32-11ef-945d-e4a8dfc2a9a8,concrete_strength,27,7,33.74053955078125,0.061510324478149414,7274.0,32.99764633178711,71,1
StandardGSGP,c38a1504-ad32-11ef-945d-e4a8dfc2a9a8,concrete_strength,27,8,33.44486999511719,0.06400418281555176,8352.0,32.72706604003906,79,1
StandardGSGP,c38a1504-ad32-11ef-945d-e4a8dfc2a9a8,concrete_strength,27,9,32.76941680908203,0.06284403800964355,9110.0,32.03661346435547,97,1
StandardGSGP,c38a1504-ad32-11ef-945d-e4a8dfc2a9a8,concrete_strength,27,10,32.626617431640625,0.06251287460327148,9970.0,31.89655876159668,101,1
StandardGSGP,c38a1504-ad32-11ef-945d-e4a8dfc2a9a8,concrete_strength,27,11,32.17082214355469,0.07400679588317871,10874.0,31.449800491333008,103,1
StandardGSGP,c38a1504-ad32-11ef-945d-e4a8dfc2a9a8,concrete_strength,27,12,32.04319763183594,0.06687474250793457,11920.0,31.332006454467773,125,1
StandardGSGP,c38a1504-ad32-11ef-945d-e4a8dfc2a9a8,concrete_strength,27,13,31.695449829101562,0.0675356388092041,12676.0,30.996824264526367,125,1
StandardGSGP,c38a1504-ad32-11ef-945d-e4a8dfc2a9a8,concrete_strength,27,14,31.321456909179688,0.06400418281555176,13316.0,30.608930587768555,131,1
StandardGSGP,c38a1504-ad32-11ef-945d-e4a8dfc2a9a8,concrete_strength,27,15,31.072511672973633,0.06728553771972656,13866.0,30.369726181030273,139,1
StandardGSGP,c38a1504-ad32-11ef-945d-e4a8dfc2a9a8,concrete_strength,27,16,30.33057975769043,0.06868553161621094,14694.0,29.640626907348633,149,1
StandardGSGP,c38a1504-ad32-11ef-945d-e4a8dfc2a9a8,concrete_strength,27,17,30.33057975769043,0.06609535217285156,15600.0,29.640626907348633,149,1
StandardGSGP,c38a1504-ad32-11ef-945d-e4a8dfc2a9a8,concrete_strength,27,18,29.789384841918945,0.06699848175048828,16568.0,29.076467514038086,167,1
StandardGSGP,c38a1504-ad32-11ef-945d-e4a8dfc2a9a8,concrete_strength,27,19,29.70214080810547,0.06641268730163574,17350.0,28.986072540283203,175,1
StandardGSGP,c38a1504-ad32-11ef-945d-e4a8dfc2a9a8,concrete_strength,27,20,29.326879501342773,0.06467652320861816,18062.0,28.67093276977539,177,1
StandardGSGP,c38a1504-ad32-11ef-945d-e4a8dfc2a9a8,concrete_strength,27,21,29.13494300842285,0.06499814987182617,18796.0,28.491344451904297,189,1
StandardGSGP,c38a1504-ad32-11ef-945d-e4a8dfc2a9a8,concrete_strength,27,22,28.714061737060547,0.06469869613647461,19818.0,28.113468170166016,197,1
StandardGSGP,c38a1504-ad32-11ef-945d-e4a8dfc2a9a8,concrete_strength,27,23,28.501235961914062,0.06673908233642578,20738.0,27.875625610351562,213,1
StandardGSGP,c38a1504-ad32-11ef-945d-e4a8dfc2a9a8,concrete_strength,27,24,28.37444305419922,0.0680389404296875,21348.0,27.776945114135742,221,1
StandardGSGP,c38a1504-ad32-11ef-945d-e4a8dfc2a9a8,concrete_strength,27,25,27.647905349731445,0.06825613975524902,22290.0,27.071531295776367,229,1
StandardGSGP,c38a1504-ad32-11ef-945d-e4a8dfc2a9a8,concrete_strength,27,26,27.639848709106445,0.13979029655456543,23216.0,27.060792922973633,237,1
StandardGSGP,c38a1504-ad32-11ef-945d-e4a8dfc2a9a8,concrete_strength,27,27,26.9200439453125,0.06549954414367676,24176.0,26.36324119567871,251,1
StandardGSGP,c38a1504-ad32-11ef-945d-e4a8dfc2a9a8,concrete_strength,27,28,26.669862747192383,0.0679934024810791,24934.0,26.08340072631836,255,1
StandardGSGP,c38a1504-ad32-11ef-945d-e4a8dfc2a9a8,concrete_strength,27,29,26.065568923950195,0.06600260734558105,25752.0,25.51245880126953,269,1
StandardGSGP,c38a1504-ad32-11ef-945d-e4a8dfc2a9a8,concrete_strength,27,30,25.960912704467773,0.06650662422180176,26644.0,25.403295516967773,275,1
StandardGSGP,c38a1504-ad32-11ef-945d-e4a8dfc2a9a8,concrete_strength,27,31,25.396156311035156,0.06759381294250488,27726.0,24.857425689697266,279,1
StandardGSGP,c38a1504-ad32-11ef-945d-e4a8dfc2a9a8,concrete_strength,27,32,25.12528419494629,0.0661935806274414,28808.0,24.634685516357422,293,1
StandardGSGP,c38a1504-ad32-11ef-945d-e4a8dfc2a9a8,concrete_strength,27,33,24.712568283081055,0.06399703025817871,29724.0,24.24873924255371,309,1
StandardGSGP,c38a1504-ad32-11ef-945d-e4a8dfc2a9a8,concrete_strength,27,34,24.014514923095703,0.06369376182556152,30720.0,23.58490562438965,317,1
StandardGSGP,c38a1504-ad32-11ef-945d-e4a8dfc2a9a8,concrete_strength,27,35,23.42641258239746,0.06600475311279297,31690.0,23.027286529541016,323,1
StandardGSGP,c38a1504-ad32-11ef-945d-e4a8dfc2a9a8,concrete_strength,27,36,23.42641258239746,0.06400418281555176,32848.0,23.027286529541016,323,1
StandardGSGP,c38a1504-ad32-11ef-945d-e4a8dfc2a9a8,concrete_strength,27,37,23.117218017578125,0.06652021408081055,34036.0,22.73536491394043,331,1
StandardGSGP,c38a1504-ad32-11ef-945d-e4a8dfc2a9a8,concrete_strength,27,38,22.92080307006836,0.06618928909301758,34928.0,22.540203094482422,337,1
StandardGSGP,c38a1504-ad32-11ef-945d-e4a8dfc2a9a8,concrete_strength,27,39,22.51194190979004,0.06627750396728516,35450.0,22.15691566467285,363,1
StandardGSGP,c38a1504-ad32-11ef-945d-e4a8dfc2a9a8,concrete_strength,27,40,22.36797523498535,0.06731319427490234,36384.0,22.031618118286133,375,1
StandardGSGP,c38a1504-ad32-11ef-945d-e4a8dfc2a9a8,concrete_strength,27,41,22.089025497436523,0.06910204887390137,37688.0,21.76216697692871,373,1
StandardGSGP,c38a1504-ad32-11ef-945d-e4a8dfc2a9a8,concrete_strength,27,42,21.66444206237793,0.07399702072143555,38942.0,21.370737075805664,399,1
StandardGSGP,c38a1504-ad32-11ef-945d-e4a8dfc2a9a8,concrete_strength,27,43,21.33452606201172,0.06805777549743652,39756.0,21.05647087097168,407,1
StandardGSGP,c38a1504-ad32-11ef-945d-e4a8dfc2a9a8,concrete_strength,27,44,21.0711612701416,0.0722496509552002,40874.0,20.817258834838867,413,1
StandardGSGP,c38a1504-ad32-11ef-945d-e4a8dfc2a9a8,concrete_strength,27,45,21.0711612701416,0.07304811477661133,42088.0,20.817258834838867,413,1
StandardGSGP,c38a1504-ad32-11ef-945d-e4a8dfc2a9a8,concrete_strength,27,46,20.69859504699707,0.07523274421691895,43062.0,20.482248306274414,441,1
StandardGSGP,c38a1504-ad32-11ef-945d-e4a8dfc2a9a8,concrete_strength,27,47,20.574262619018555,0.06508755683898926,43990.0,20.368680953979492,447,1
StandardGSGP,c38a1504-ad32-11ef-945d-e4a8dfc2a9a8,concrete_strength,27,48,20.37893295288086,0.0698537826538086,44912.0,20.186845779418945,455,1
StandardGSGP,c38a1504-ad32-11ef-945d-e4a8dfc2a9a8,concrete_strength,27,49,20.180288314819336,0.07215523719787598,46130.0,20.010400772094727,463,1
StandardGSGP,c38a1504-ad32-11ef-945d-e4a8dfc2a9a8,concrete_strength,27,50,19.989599227905273,0.0651249885559082,47288.0,19.82761573791504,483,1
StandardGSGP,c38a1504-ad32-11ef-945d-e4a8dfc2a9a8,concrete_strength,27,51,19.82430076599121,0.06519031524658203,48298.0,19.670618057250977,483,1
StandardGSGP,c38a1504-ad32-11ef-945d-e4a8dfc2a9a8,concrete_strength,27,52,19.65003204345703,0.07159662246704102,49404.0,19.532684326171875,493,1
StandardGSGP,c38a1504-ad32-11ef-945d-e4a8dfc2a9a8,concrete_strength,27,53,19.36166000366211,0.06954526901245117,50428.0,19.325271606445312,515,1
StandardGSGP,c38a1504-ad32-11ef-945d-e4a8dfc2a9a8,concrete_strength,27,54,19.185344696044922,0.06774282455444336,51364.0,19.0953311920166,503,1
StandardGSGP,c38a1504-ad32-11ef-945d-e4a8dfc2a9a8,concrete_strength,27,55,18.9346923828125,0.06572294235229492,52080.0,18.847183227539062,517,1
StandardGSGP,c38a1504-ad32-11ef-945d-e4a8dfc2a9a8,concrete_strength,27,56,18.820556640625,0.06850862503051758,52818.0,18.741886138916016,531,1
StandardGSGP,c38a1504-ad32-11ef-945d-e4a8dfc2a9a8,concrete_strength,27,57,18.637489318847656,0.06850862503051758,53624.0,18.63683319091797,545,1
StandardGSGP,c38a1504-ad32-11ef-945d-e4a8dfc2a9a8,concrete_strength,27,58,18.573352813720703,0.06650424003601074,54472.0,18.61469268798828,549,1
StandardGSGP,c38a1504-ad32-11ef-945d-e4a8dfc2a9a8,concrete_strength,27,59,18.30474281311035,0.06600022315979004,55496.0,18.389131546020508,563,1
StandardGSGP,c38a1504-ad32-11ef-945d-e4a8dfc2a9a8,concrete_strength,27,60,18.13711166381836,0.06951332092285156,56582.0,18.253923416137695,573,1
StandardGSGP,c38a1504-ad32-11ef-945d-e4a8dfc2a9a8,concrete_strength,27,61,18.011667251586914,0.06898713111877441,57710.0,18.025733947753906,593,1
StandardGSGP,c38a1504-ad32-11ef-945d-e4a8dfc2a9a8,concrete_strength,27,62,17.667612075805664,0.06947827339172363,58696.0,17.729637145996094,607,1
StandardGSGP,c38a1504-ad32-11ef-945d-e4a8dfc2a9a8,concrete_strength,27,63,17.603620529174805,0.06720733642578125,59366.0,17.683841705322266,613,1
StandardGSGP,c38a1504-ad32-11ef-945d-e4a8dfc2a9a8,concrete_strength,27,64,17.415706634521484,0.0706472396850586,60974.0,17.535165786743164,619,1
StandardGSGP,c38a1504-ad32-11ef-945d-e4a8dfc2a9a8,concrete_strength,27,65,17.23859405517578,0.06523013114929199,62708.0,17.394851684570312,635,1
StandardGSGP,c38a1504-ad32-11ef-945d-e4a8dfc2a9a8,concrete_strength,27,66,17.027902603149414,0.07243680953979492,63746.0,17.221158981323242,647,1
StandardGSGP,c38a1504-ad32-11ef-945d-e4a8dfc2a9a8,concrete_strength,27,67,16.979116439819336,0.0657351016998291,64524.0,17.18751335144043,655,1
StandardGSGP,c38a1504-ad32-11ef-945d-e4a8dfc2a9a8,concrete_strength,27,68,16.866653442382812,0.06798434257507324,65704.0,17.114105224609375,669,1
StandardGSGP,c38a1504-ad32-11ef-945d-e4a8dfc2a9a8,concrete_strength,27,69,16.655500411987305,0.07403445243835449,66934.0,16.87643814086914,663,1
StandardGSGP,c38a1504-ad32-11ef-945d-e4a8dfc2a9a8,concrete_strength,27,70,16.617090225219727,0.06751060485839844,67902.0,16.84923553466797,669,1
StandardGSGP,c38a1504-ad32-11ef-945d-e4a8dfc2a9a8,concrete_strength,27,71,16.575838088989258,0.0645151138305664,68668.0,16.823673248291016,687,1
StandardGSGP,c38a1504-ad32-11ef-945d-e4a8dfc2a9a8,concrete_strength,27,72,16.540403366088867,0.07050108909606934,69488.0,16.802284240722656,707,1
StandardGSGP,c38a1504-ad32-11ef-945d-e4a8dfc2a9a8,concrete_strength,27,73,16.46772003173828,0.06506085395812988,70134.0,16.737215042114258,703,1
StandardGSGP,c38a1504-ad32-11ef-945d-e4a8dfc2a9a8,concrete_strength,27,74,16.36920928955078,0.06550717353820801,71032.0,16.687625885009766,713,1
StandardGSGP,c38a1504-ad32-11ef-945d-e4a8dfc2a9a8,concrete_strength,27,75,16.320871353149414,0.06951236724853516,72052.0,16.627099990844727,725,1
StandardGSGP,c38a1504-ad32-11ef-945d-e4a8dfc2a9a8,concrete_strength,27,76,16.276575088500977,0.07160162925720215,72968.0,16.632652282714844,739,1
StandardGSGP,c38a1504-ad32-11ef-945d-e4a8dfc2a9a8,concrete_strength,27,77,16.157997131347656,0.07365226745605469,73694.0,16.563161849975586,747,1
StandardGSGP,c38a1504-ad32-11ef-945d-e4a8dfc2a9a8,concrete_strength,27,78,16.148351669311523,0.06651067733764648,74702.0,16.54787826538086,753,1
StandardGSGP,c38a1504-ad32-11ef-945d-e4a8dfc2a9a8,concrete_strength,27,79,16.12200927734375,0.06540608406066895,75730.0,16.520816802978516,751,1
StandardGSGP,c38a1504-ad32-11ef-945d-e4a8dfc2a9a8,concrete_strength,27,80,16.081172943115234,0.0642554759979248,76778.0,16.488880157470703,753,1
StandardGSGP,c38a1504-ad32-11ef-945d-e4a8dfc2a9a8,concrete_strength,27,81,16.0261287689209,0.0723104476928711,77778.0,16.426746368408203,767,1
StandardGSGP,c38a1504-ad32-11ef-945d-e4a8dfc2a9a8,concrete_strength,27,82,15.993782997131348,0.06869101524353027,78268.0,16.45486068725586,781,1
StandardGSGP,c38a1504-ad32-11ef-945d-e4a8dfc2a9a8,concrete_strength,27,83,15.961892127990723,0.06414461135864258,78638.0,16.41510772705078,775,1
StandardGSGP,c38a1504-ad32-11ef-945d-e4a8dfc2a9a8,concrete_strength,27,84,15.961892127990723,0.07068967819213867,79676.0,16.41510772705078,775,1
StandardGSGP,c38a1504-ad32-11ef-945d-e4a8dfc2a9a8,concrete_strength,27,85,15.866169929504395,0.06221652030944824,80602.0,16.37194061279297,817,1
StandardGSGP,c38a1504-ad32-11ef-945d-e4a8dfc2a9a8,concrete_strength,27,86,15.862836837768555,0.07176780700683594,81904.0,16.275230407714844,819,1
StandardGSGP,c38a1504-ad32-11ef-945d-e4a8dfc2a9a8,concrete_strength,27,87,15.786609649658203,0.0659630298614502,82848.0,16.316865921020508,841,1
StandardGSGP,c38a1504-ad32-11ef-945d-e4a8dfc2a9a8,concrete_strength,27,88,15.766191482543945,0.1390225887298584,83728.0,16.296524047851562,851,1
StandardGSGP,c38a1504-ad32-11ef-945d-e4a8dfc2a9a8,concrete_strength,27,89,15.674920082092285,0.07050967216491699,84918.0,16.21502685546875,857,1
StandardGSGP,c38a1504-ad32-11ef-945d-e4a8dfc2a9a8,concrete_strength,27,90,15.637480735778809,0.06992340087890625,86384.0,16.131574630737305,865,1
StandardGSGP,c38a1504-ad32-11ef-945d-e4a8dfc2a9a8,concrete_strength,27,91,15.58983325958252,0.06661200523376465,87528.0,16.096345901489258,879,1
StandardGSGP,c38a1504-ad32-11ef-945d-e4a8dfc2a9a8,concrete_strength,27,92,15.53646183013916,0.07089066505432129,88578.0,15.989035606384277,873,1
StandardGSGP,c38a1504-ad32-11ef-945d-e4a8dfc2a9a8,concrete_strength,27,93,15.52125072479248,0.07513022422790527,89444.0,15.977972984313965,879,1
StandardGSGP,c38a1504-ad32-11ef-945d-e4a8dfc2a9a8,concrete_strength,27,94,15.49103832244873,0.06651854515075684,90014.0,15.973489761352539,897,1
StandardGSGP,c38a1504-ad32-11ef-945d-e4a8dfc2a9a8,concrete_strength,27,95,15.464262962341309,0.06299996376037598,90652.0,15.922410011291504,901,1
StandardGSGP,c38a1504-ad32-11ef-945d-e4a8dfc2a9a8,concrete_strength,27,96,15.398825645446777,0.0677497386932373,91462.0,15.920305252075195,917,1
StandardGSGP,c38a1504-ad32-11ef-945d-e4a8dfc2a9a8,concrete_strength,27,97,15.36617374420166,0.06872296333312988,91960.0,15.896270751953125,925,1
StandardGSGP,c38a1504-ad32-11ef-945d-e4a8dfc2a9a8,concrete_strength,27,98,15.355463981628418,0.06765317916870117,92952.0,15.898270606994629,933,1
StandardGSGP,c38a1504-ad32-11ef-945d-e4a8dfc2a9a8,concrete_strength,27,99,15.311748504638672,0.0655059814453125,93898.0,15.812931060791016,931,1
StandardGSGP,c38a1504-ad32-11ef-945d-e4a8dfc2a9a8,concrete_strength,27,100,15.266589164733887,0.06851387023925781,94572.0,15.848998069763184,953,1
