StandardGSGP,3d455f63-ad42-11ef-8a43-e4a8dfc2a9a8,ld50,27,0,0.24093720316886902,0.052028656005859375,400.0,0.4153507649898529,3,1
StandardGSGP,3d455f63-ad42-11ef-8a43-e4a8dfc2a9a8,ld50,27,1,0.24093720316886902,0.09068918228149414,922.0,0.4153507649898529,3,1
StandardGSGP,3d455f63-ad42-11ef-8a43-e4a8dfc2a9a8,ld50,27,2,0.23799653351306915,0.09344983100891113,1476.0,0.3911387324333191,15,1
StandardGSGP,3d455f63-ad42-11ef-8a43-e4a8dfc2a9a8,ld50,27,3,0.23799653351306915,0.0976252555847168,2058.0,0.3911387324333191,15,1
StandardGSGP,3d455f63-ad42-11ef-8a43-e4a8dfc2a9a8,ld50,27,4,0.23692212998867035,0.11369156837463379,2504.0,0.40512141585350037,15,1
StandardGSGP,3d455f63-ad42-11ef-8a43-e4a8dfc2a9a8,ld50,27,5,0.23406989872455597,0.09792923927307129,2914.0,0.3778434991836548,21,1
StandardGSGP,3d455f63-ad42-11ef-8a43-e4a8dfc2a9a8,ld50,27,6,0.23379281163215637,0.08738255500793457,3200.0,0.37205445766448975,27,1
StandardGSGP,3d455f63-ad42-11ef-8a43-e4a8dfc2a9a8,ld50,27,7,0.23379281163215637,0.09039020538330078,3642.0,0.37205445766448975,27,1
StandardGSGP,3d455f63-ad42-11ef-8a43-e4a8dfc2a9a8,ld50,27,8,0.23356349766254425,0.09265255928039551,4230.0,0.3747828006744385,33,1
StandardGSGP,3d455f63-ad42-11ef-8a43-e4a8dfc2a9a8,ld50,27,9,0.2331436276435852,0.08951044082641602,4754.0,0.3779078722000122,45,1
StandardGSGP,3d455f63-ad42-11ef-8a43-e4a8dfc2a9a8,ld50,27,10,0.23306266963481903,0.09551477432250977,5280.0,0.37427186965942383,39,1
StandardGSGP,3d455f63-ad42-11ef-8a43-e4a8dfc2a9a8,ld50,27,11,0.23306266963481903,0.11393976211547852,5542.0,0.37427186965942383,39,1
StandardGSGP,3d455f63-ad42-11ef-8a43-e4a8dfc2a9a8,ld50,27,12,0.23259219527244568,0.09752058982849121,5876.0,0.37648653984069824,45,1
StandardGSGP,3d455f63-ad42-11ef-8a43-e4a8dfc2a9a8,ld50,27,13,0.23259219527244568,0.09778022766113281,6334.0,0.37648653984069824,45,1
StandardGSGP,3d455f63-ad42-11ef-8a43-e4a8dfc2a9a8,ld50,27,14,0.23238185048103333,0.17923903465270996,6858.0,0.37691205739974976,63,1
StandardGSGP,3d455f63-ad42-11ef-8a43-e4a8dfc2a9a8,ld50,27,15,0.23238185048103333,0.09386372566223145,7348.0,0.37691205739974976,63,1
StandardGSGP,3d455f63-ad42-11ef-8a43-e4a8dfc2a9a8,ld50,27,16,0.23061831295490265,0.09051227569580078,7692.0,0.3830883800983429,69,1
StandardGSGP,3d455f63-ad42-11ef-8a43-e4a8dfc2a9a8,ld50,27,17,0.22822561860084534,0.09151196479797363,8128.0,0.37396079301834106,63,1
StandardGSGP,3d455f63-ad42-11ef-8a43-e4a8dfc2a9a8,ld50,27,18,0.22777868807315826,0.08941054344177246,8346.0,0.3740946352481842,69,1
StandardGSGP,3d455f63-ad42-11ef-8a43-e4a8dfc2a9a8,ld50,27,19,0.22729307413101196,0.09930777549743652,8802.0,0.37268930673599243,75,1
StandardGSGP,3d455f63-ad42-11ef-8a43-e4a8dfc2a9a8,ld50,27,20,0.22729307413101196,0.09252166748046875,9224.0,0.37268930673599243,75,1
StandardGSGP,3d455f63-ad42-11ef-8a43-e4a8dfc2a9a8,ld50,27,21,0.22729307413101196,0.09771513938903809,9490.0,0.37268930673599243,75,1
StandardGSGP,3d455f63-ad42-11ef-8a43-e4a8dfc2a9a8,ld50,27,22,0.22636955976486206,0.0954580307006836,9816.0,0.37894749641418457,81,1
StandardGSGP,3d455f63-ad42-11ef-8a43-e4a8dfc2a9a8,ld50,27,23,0.22612100839614868,0.09072303771972656,10124.0,0.36183246970176697,99,1
StandardGSGP,3d455f63-ad42-11ef-8a43-e4a8dfc2a9a8,ld50,27,24,0.22527989745140076,0.09646272659301758,10358.0,0.3668779134750366,107,1
StandardGSGP,3d455f63-ad42-11ef-8a43-e4a8dfc2a9a8,ld50,27,25,0.22527989745140076,0.09006905555725098,10588.0,0.3668779134750366,107,1
StandardGSGP,3d455f63-ad42-11ef-8a43-e4a8dfc2a9a8,ld50,27,26,0.22231817245483398,0.09255075454711914,11190.0,0.37020614743232727,119,1
StandardGSGP,3d455f63-ad42-11ef-8a43-e4a8dfc2a9a8,ld50,27,27,0.22231817245483398,0.0899667739868164,11716.0,0.37020614743232727,119,1
StandardGSGP,3d455f63-ad42-11ef-8a43-e4a8dfc2a9a8,ld50,27,28,0.22120249271392822,0.08907079696655273,12402.0,0.37939974665641785,131,1
StandardGSGP,3d455f63-ad42-11ef-8a43-e4a8dfc2a9a8,ld50,27,29,0.22103704512119293,0.08769559860229492,13040.0,0.36321336030960083,135,1
StandardGSGP,3d455f63-ad42-11ef-8a43-e4a8dfc2a9a8,ld50,27,30,0.22044411301612854,0.09091305732727051,13770.0,0.36081793904304504,137,1
StandardGSGP,3d455f63-ad42-11ef-8a43-e4a8dfc2a9a8,ld50,27,31,0.22044411301612854,0.09672284126281738,14504.0,0.36081793904304504,137,1
StandardGSGP,3d455f63-ad42-11ef-8a43-e4a8dfc2a9a8,ld50,27,32,0.22044411301612854,0.09270691871643066,15168.0,0.36081793904304504,137,1
StandardGSGP,3d455f63-ad42-11ef-8a43-e4a8dfc2a9a8,ld50,27,33,0.219321146607399,0.09194183349609375,15656.0,0.37276360392570496,143,1
StandardGSGP,3d455f63-ad42-11ef-8a43-e4a8dfc2a9a8,ld50,27,34,0.21862715482711792,0.09250688552856445,16192.0,0.3675696849822998,157,1
StandardGSGP,3d455f63-ad42-11ef-8a43-e4a8dfc2a9a8,ld50,27,35,0.2185327410697937,0.09334206581115723,16758.0,0.3868349492549896,173,1
StandardGSGP,3d455f63-ad42-11ef-8a43-e4a8dfc2a9a8,ld50,27,36,0.2185327410697937,0.09717273712158203,17364.0,0.3868349492549896,173,1
StandardGSGP,3d455f63-ad42-11ef-8a43-e4a8dfc2a9a8,ld50,27,37,0.21755361557006836,0.08753347396850586,17718.0,0.36998075246810913,167,1
StandardGSGP,3d455f63-ad42-11ef-8a43-e4a8dfc2a9a8,ld50,27,38,0.21630510687828064,0.08751630783081055,18216.0,0.3756438195705414,173,1
StandardGSGP,3d455f63-ad42-11ef-8a43-e4a8dfc2a9a8,ld50,27,39,0.21555638313293457,0.09194231033325195,18444.0,0.37231311202049255,197,1
StandardGSGP,3d455f63-ad42-11ef-8a43-e4a8dfc2a9a8,ld50,27,40,0.21555638313293457,0.0876469612121582,18924.0,0.37231311202049255,197,1
StandardGSGP,3d455f63-ad42-11ef-8a43-e4a8dfc2a9a8,ld50,27,41,0.21555638313293457,0.08901000022888184,19722.0,0.37231311202049255,197,1
StandardGSGP,3d455f63-ad42-11ef-8a43-e4a8dfc2a9a8,ld50,27,42,0.21555638313293457,0.08900713920593262,20066.0,0.37231311202049255,197,1
StandardGSGP,3d455f63-ad42-11ef-8a43-e4a8dfc2a9a8,ld50,27,43,0.21555638313293457,0.08850741386413574,20896.0,0.37231311202049255,197,1
StandardGSGP,3d455f63-ad42-11ef-8a43-e4a8dfc2a9a8,ld50,27,44,0.21555638313293457,0.08852744102478027,21536.0,0.37231311202049255,197,1
StandardGSGP,3d455f63-ad42-11ef-8a43-e4a8dfc2a9a8,ld50,27,45,0.21486322581768036,0.08704495429992676,21786.0,0.36596599221229553,209,1
StandardGSGP,3d455f63-ad42-11ef-8a43-e4a8dfc2a9a8,ld50,27,46,0.21431243419647217,0.08651041984558105,22226.0,0.3855685591697693,239,1
StandardGSGP,3d455f63-ad42-11ef-8a43-e4a8dfc2a9a8,ld50,27,47,0.21351413428783417,0.08663821220397949,22410.0,0.382612019777298,245,1
StandardGSGP,3d455f63-ad42-11ef-8a43-e4a8dfc2a9a8,ld50,27,48,0.21351413428783417,0.09076452255249023,22886.0,0.382612019777298,245,1
StandardGSGP,3d455f63-ad42-11ef-8a43-e4a8dfc2a9a8,ld50,27,49,0.21351413428783417,0.0875101089477539,23502.0,0.382612019777298,245,1
StandardGSGP,3d455f63-ad42-11ef-8a43-e4a8dfc2a9a8,ld50,27,50,0.21280896663665771,0.08955049514770508,23900.0,0.3784860670566559,251,1
StandardGSGP,3d455f63-ad42-11ef-8a43-e4a8dfc2a9a8,ld50,27,51,0.21276046335697174,0.09414410591125488,24870.0,0.3744278848171234,257,1
StandardGSGP,3d455f63-ad42-11ef-8a43-e4a8dfc2a9a8,ld50,27,52,0.21270424127578735,0.08800339698791504,26016.0,0.37496232986450195,263,1
StandardGSGP,3d455f63-ad42-11ef-8a43-e4a8dfc2a9a8,ld50,27,53,0.211948961019516,0.08803772926330566,26580.0,0.3735501766204834,263,1
StandardGSGP,3d455f63-ad42-11ef-8a43-e4a8dfc2a9a8,ld50,27,54,0.2116580754518509,0.08783817291259766,27166.0,0.37815821170806885,269,1
StandardGSGP,3d455f63-ad42-11ef-8a43-e4a8dfc2a9a8,ld50,27,55,0.21077048778533936,0.0939946174621582,27620.0,0.3764307200908661,269,1
StandardGSGP,3d455f63-ad42-11ef-8a43-e4a8dfc2a9a8,ld50,27,56,0.21077048778533936,0.08851003646850586,28052.0,0.3764307200908661,269,1
StandardGSGP,3d455f63-ad42-11ef-8a43-e4a8dfc2a9a8,ld50,27,57,0.21077048778533936,0.0904383659362793,28610.0,0.3764307200908661,269,1
StandardGSGP,3d455f63-ad42-11ef-8a43-e4a8dfc2a9a8,ld50,27,58,0.21077048778533936,0.08991050720214844,28996.0,0.3764307200908661,269,1
StandardGSGP,3d455f63-ad42-11ef-8a43-e4a8dfc2a9a8,ld50,27,59,0.21077048778533936,0.09289360046386719,29420.0,0.3764307200908661,269,1
StandardGSGP,3d455f63-ad42-11ef-8a43-e4a8dfc2a9a8,ld50,27,60,0.21077048778533936,0.09065985679626465,29972.0,0.3764307200908661,269,1
StandardGSGP,3d455f63-ad42-11ef-8a43-e4a8dfc2a9a8,ld50,27,61,0.21077048778533936,0.08794188499450684,30408.0,0.3764307200908661,269,1
StandardGSGP,3d455f63-ad42-11ef-8a43-e4a8dfc2a9a8,ld50,27,62,0.21077048778533936,0.09715080261230469,31012.0,0.3764307200908661,269,1
StandardGSGP,3d455f63-ad42-11ef-8a43-e4a8dfc2a9a8,ld50,27,63,0.21077020466327667,0.09479022026062012,31344.0,0.37627917528152466,275,1
StandardGSGP,3d455f63-ad42-11ef-8a43-e4a8dfc2a9a8,ld50,27,64,0.21070358157157898,0.09651064872741699,31034.0,0.37965860962867737,281,1
StandardGSGP,3d455f63-ad42-11ef-8a43-e4a8dfc2a9a8,ld50,27,65,0.21070358157157898,0.0910041332244873,31238.0,0.37965860962867737,281,1
StandardGSGP,3d455f63-ad42-11ef-8a43-e4a8dfc2a9a8,ld50,27,66,0.20990632474422455,0.10205650329589844,30660.0,0.3753625452518463,287,1
StandardGSGP,3d455f63-ad42-11ef-8a43-e4a8dfc2a9a8,ld50,27,67,0.20990632474422455,0.09547305107116699,30750.0,0.3753625452518463,287,1
StandardGSGP,3d455f63-ad42-11ef-8a43-e4a8dfc2a9a8,ld50,27,68,0.20990632474422455,0.08739662170410156,31236.0,0.3753625452518463,287,1
StandardGSGP,3d455f63-ad42-11ef-8a43-e4a8dfc2a9a8,ld50,27,69,0.20990632474422455,0.08764910697937012,31390.0,0.3753625452518463,287,1
StandardGSGP,3d455f63-ad42-11ef-8a43-e4a8dfc2a9a8,ld50,27,70,0.20990632474422455,0.09348678588867188,31760.0,0.3753625452518463,287,1
StandardGSGP,3d455f63-ad42-11ef-8a43-e4a8dfc2a9a8,ld50,27,71,0.20976366102695465,0.10096573829650879,32206.0,0.37086451053619385,317,1
StandardGSGP,3d455f63-ad42-11ef-8a43-e4a8dfc2a9a8,ld50,27,72,0.20976366102695465,0.09436511993408203,32690.0,0.37086451053619385,317,1
StandardGSGP,3d455f63-ad42-11ef-8a43-e4a8dfc2a9a8,ld50,27,73,0.20976366102695465,0.09150958061218262,32862.0,0.37086451053619385,317,1
StandardGSGP,3d455f63-ad42-11ef-8a43-e4a8dfc2a9a8,ld50,27,74,0.209647998213768,0.08871579170227051,33002.0,0.3851792514324188,335,1
StandardGSGP,3d455f63-ad42-11ef-8a43-e4a8dfc2a9a8,ld50,27,75,0.20945389568805695,0.09450888633728027,33526.0,0.386203408241272,341,1
StandardGSGP,3d455f63-ad42-11ef-8a43-e4a8dfc2a9a8,ld50,27,76,0.20935273170471191,0.0917046070098877,34428.0,0.3862684369087219,347,1
StandardGSGP,3d455f63-ad42-11ef-8a43-e4a8dfc2a9a8,ld50,27,77,0.2092968374490738,0.0865471363067627,34958.0,0.38775575160980225,347,1
StandardGSGP,3d455f63-ad42-11ef-8a43-e4a8dfc2a9a8,ld50,27,78,0.20919354259967804,0.09158062934875488,35498.0,0.3773171007633209,359,1
StandardGSGP,3d455f63-ad42-11ef-8a43-e4a8dfc2a9a8,ld50,27,79,0.20919354259967804,0.09014654159545898,35986.0,0.3773171007633209,359,1
StandardGSGP,3d455f63-ad42-11ef-8a43-e4a8dfc2a9a8,ld50,27,80,0.20919354259967804,0.09164571762084961,36762.0,0.3773171007633209,359,1
StandardGSGP,3d455f63-ad42-11ef-8a43-e4a8dfc2a9a8,ld50,27,81,0.20919354259967804,0.08782362937927246,37366.0,0.3773171007633209,359,1
StandardGSGP,3d455f63-ad42-11ef-8a43-e4a8dfc2a9a8,ld50,27,82,0.2081201672554016,0.08753728866577148,37722.0,0.38767194747924805,377,1
StandardGSGP,3d455f63-ad42-11ef-8a43-e4a8dfc2a9a8,ld50,27,83,0.2081201672554016,0.0852959156036377,38212.0,0.38767194747924805,377,1
StandardGSGP,3d455f63-ad42-11ef-8a43-e4a8dfc2a9a8,ld50,27,84,0.2081201672554016,0.09180736541748047,38724.0,0.38767194747924805,377,1
StandardGSGP,3d455f63-ad42-11ef-8a43-e4a8dfc2a9a8,ld50,27,85,0.2081201672554016,0.08822154998779297,39376.0,0.38767194747924805,377,1
StandardGSGP,3d455f63-ad42-11ef-8a43-e4a8dfc2a9a8,ld50,27,86,0.2081201672554016,0.16401982307434082,39856.0,0.38767194747924805,377,1
StandardGSGP,3d455f63-ad42-11ef-8a43-e4a8dfc2a9a8,ld50,27,87,0.2081201672554016,0.08851075172424316,40292.0,0.38767194747924805,377,1
StandardGSGP,3d455f63-ad42-11ef-8a43-e4a8dfc2a9a8,ld50,27,88,0.2081201672554016,0.09250926971435547,40818.0,0.38767194747924805,377,1
StandardGSGP,3d455f63-ad42-11ef-8a43-e4a8dfc2a9a8,ld50,27,89,0.2081201672554016,0.08971929550170898,40994.0,0.38767194747924805,377,1
StandardGSGP,3d455f63-ad42-11ef-8a43-e4a8dfc2a9a8,ld50,27,90,0.2081201672554016,0.08960270881652832,40810.0,0.38767194747924805,377,1
StandardGSGP,3d455f63-ad42-11ef-8a43-e4a8dfc2a9a8,ld50,27,91,0.2081201672554016,0.10495185852050781,40658.0,0.38767194747924805,377,1
StandardGSGP,3d455f63-ad42-11ef-8a43-e4a8dfc2a9a8,ld50,27,92,0.2081201672554016,0.0967245101928711,40798.0,0.38767194747924805,377,1
StandardGSGP,3d455f63-ad42-11ef-8a43-e4a8dfc2a9a8,ld50,27,93,0.2081201672554016,0.08600616455078125,41162.0,0.38767194747924805,377,1
StandardGSGP,3d455f63-ad42-11ef-8a43-e4a8dfc2a9a8,ld50,27,94,0.2081201672554016,0.09143638610839844,41456.0,0.38767194747924805,377,1
StandardGSGP,3d455f63-ad42-11ef-8a43-e4a8dfc2a9a8,ld50,27,95,0.2081201672554016,0.08850622177124023,41674.0,0.38767194747924805,377,1
StandardGSGP,3d455f63-ad42-11ef-8a43-e4a8dfc2a9a8,ld50,27,96,0.20775368809700012,0.08894753456115723,41666.0,0.3933926820755005,413,1
StandardGSGP,3d455f63-ad42-11ef-8a43-e4a8dfc2a9a8,ld50,27,97,0.20775368809700012,0.09051132202148438,42128.0,0.3933926820755005,413,1
StandardGSGP,3d455f63-ad42-11ef-8a43-e4a8dfc2a9a8,ld50,27,98,0.20775368809700012,0.09566998481750488,42832.0,0.3933926820755005,413,1
StandardGSGP,3d455f63-ad42-11ef-8a43-e4a8dfc2a9a8,ld50,27,99,0.2076941579580307,0.0897679328918457,43042.0,0.3954930603504181,425,1
StandardGSGP,3d455f63-ad42-11ef-8a43-e4a8dfc2a9a8,ld50,27,100,0.2076941579580307,0.08951210975646973,43466.0,0.3954930603504181,425,1
StandardGSGP,e4c8ed16-ad42-11ef-bebf-e4a8dfc2a9a8,ld50,27,0,1797.728515625,0.13336515426635742,1342.0,3031.7626953125,3,1
StandardGSGP,e4c8ed16-ad42-11ef-bebf-e4a8dfc2a9a8,ld50,27,1,1797.728515625,0.09276938438415527,1560.0,3031.7626953125,3,1
StandardGSGP,e4c8ed16-ad42-11ef-bebf-e4a8dfc2a9a8,ld50,27,2,1797.728515625,0.08986854553222656,1894.0,3031.7626953125,3,1
StandardGSGP,e4c8ed16-ad42-11ef-bebf-e4a8dfc2a9a8,ld50,27,3,1797.7091064453125,0.08854079246520996,2192.0,3031.724609375,15,1
StandardGSGP,e4c8ed16-ad42-11ef-bebf-e4a8dfc2a9a8,ld50,27,4,1797.532470703125,0.08835363388061523,2720.0,3031.440673828125,9,1
StandardGSGP,e4c8ed16-ad42-11ef-bebf-e4a8dfc2a9a8,ld50,27,5,1797.5194091796875,0.08636832237243652,3098.0,3031.405029296875,15,1
StandardGSGP,e4c8ed16-ad42-11ef-bebf-e4a8dfc2a9a8,ld50,27,6,1797.4954833984375,0.09022784233093262,3502.0,3031.372802734375,27,1
StandardGSGP,e4c8ed16-ad42-11ef-bebf-e4a8dfc2a9a8,ld50,27,7,1797.3663330078125,0.08535313606262207,3748.0,3031.173583984375,21,1
StandardGSGP,e4c8ed16-ad42-11ef-bebf-e4a8dfc2a9a8,ld50,27,8,1797.334228515625,0.08536338806152344,4046.0,3031.087890625,33,1
StandardGSGP,e4c8ed16-ad42-11ef-bebf-e4a8dfc2a9a8,ld50,27,9,1797.263916015625,0.08120155334472656,4244.0,3031.00390625,39,1
StandardGSGP,e4c8ed16-ad42-11ef-bebf-e4a8dfc2a9a8,ld50,27,10,1797.237548828125,0.08551239967346191,4676.0,3030.93505859375,45,1
StandardGSGP,e4c8ed16-ad42-11ef-bebf-e4a8dfc2a9a8,ld50,27,11,1797.12646484375,0.11662888526916504,5110.0,3030.77099609375,45,1
StandardGSGP,e4c8ed16-ad42-11ef-bebf-e4a8dfc2a9a8,ld50,27,12,1797.1197509765625,0.08798432350158691,5644.0,3030.77099609375,53,1
StandardGSGP,e4c8ed16-ad42-11ef-bebf-e4a8dfc2a9a8,ld50,27,13,1796.952880859375,0.08513617515563965,6204.0,3030.45458984375,63,1
StandardGSGP,e4c8ed16-ad42-11ef-bebf-e4a8dfc2a9a8,ld50,27,14,1796.890625,0.08579015731811523,6792.0,3030.31591796875,69,1
StandardGSGP,e4c8ed16-ad42-11ef-bebf-e4a8dfc2a9a8,ld50,27,15,1796.869140625,0.08453941345214844,7360.0,3030.2890625,75,1
StandardGSGP,e4c8ed16-ad42-11ef-bebf-e4a8dfc2a9a8,ld50,27,16,1796.7506103515625,0.08649969100952148,7958.0,3030.0810546875,81,1
StandardGSGP,e4c8ed16-ad42-11ef-bebf-e4a8dfc2a9a8,ld50,27,17,1796.5977783203125,0.08276557922363281,8562.0,3029.806884765625,87,1
StandardGSGP,e4c8ed16-ad42-11ef-bebf-e4a8dfc2a9a8,ld50,27,18,1796.5977783203125,0.08294486999511719,9108.0,3029.806884765625,87,1
StandardGSGP,e4c8ed16-ad42-11ef-bebf-e4a8dfc2a9a8,ld50,27,19,1796.56005859375,0.0845041275024414,9692.0,3029.760986328125,99,1
StandardGSGP,e4c8ed16-ad42-11ef-bebf-e4a8dfc2a9a8,ld50,27,20,1796.42529296875,0.08651256561279297,10268.0,3029.5478515625,105,1
StandardGSGP,e4c8ed16-ad42-11ef-bebf-e4a8dfc2a9a8,ld50,27,21,1796.4168701171875,0.08813691139221191,10774.0,3029.5595703125,111,1
StandardGSGP,e4c8ed16-ad42-11ef-bebf-e4a8dfc2a9a8,ld50,27,22,1796.33203125,0.08451080322265625,11410.0,3029.363525390625,117,1
StandardGSGP,e4c8ed16-ad42-11ef-bebf-e4a8dfc2a9a8,ld50,27,23,1796.288330078125,0.08312106132507324,12028.0,3029.398193359375,117,1
StandardGSGP,e4c8ed16-ad42-11ef-bebf-e4a8dfc2a9a8,ld50,27,24,1796.191162109375,0.09242510795593262,12566.0,3029.1640625,123,1
StandardGSGP,e4c8ed16-ad42-11ef-bebf-e4a8dfc2a9a8,ld50,27,25,1796.0615234375,0.08354616165161133,13108.0,3028.94677734375,129,1
StandardGSGP,e4c8ed16-ad42-11ef-bebf-e4a8dfc2a9a8,ld50,27,26,1796.0615234375,0.15809082984924316,13692.0,3028.94677734375,129,1
StandardGSGP,e4c8ed16-ad42-11ef-bebf-e4a8dfc2a9a8,ld50,27,27,1796.0501708984375,0.08445572853088379,14150.0,3028.918701171875,135,1
StandardGSGP,e4c8ed16-ad42-11ef-bebf-e4a8dfc2a9a8,ld50,27,28,1795.9307861328125,0.09230780601501465,14656.0,3028.816162109375,147,1
StandardGSGP,e4c8ed16-ad42-11ef-bebf-e4a8dfc2a9a8,ld50,27,29,1795.86572265625,0.08151936531066895,15120.0,3028.713134765625,153,1
StandardGSGP,e4c8ed16-ad42-11ef-bebf-e4a8dfc2a9a8,ld50,27,30,1795.7833251953125,0.09419798851013184,15554.0,3028.570556640625,159,1
StandardGSGP,e4c8ed16-ad42-11ef-bebf-e4a8dfc2a9a8,ld50,27,31,1795.6519775390625,0.08790373802185059,16166.0,3028.3505859375,165,1
StandardGSGP,e4c8ed16-ad42-11ef-bebf-e4a8dfc2a9a8,ld50,27,32,1795.6300048828125,0.08550667762756348,16726.0,3028.3349609375,171,1
StandardGSGP,e4c8ed16-ad42-11ef-bebf-e4a8dfc2a9a8,ld50,27,33,1795.50634765625,0.08251404762268066,17296.0,3028.143798828125,179,1
StandardGSGP,e4c8ed16-ad42-11ef-bebf-e4a8dfc2a9a8,ld50,27,34,1795.4874267578125,0.08441424369812012,18038.0,3028.114990234375,185,1
StandardGSGP,e4c8ed16-ad42-11ef-bebf-e4a8dfc2a9a8,ld50,27,35,1795.37890625,0.08453249931335449,18626.0,3027.8896484375,183,1
StandardGSGP,e4c8ed16-ad42-11ef-bebf-e4a8dfc2a9a8,ld50,27,36,1795.3526611328125,0.08534979820251465,19188.0,3027.846923828125,189,1
StandardGSGP,e4c8ed16-ad42-11ef-bebf-e4a8dfc2a9a8,ld50,27,37,1795.23095703125,0.08716058731079102,19708.0,3027.657958984375,195,1
StandardGSGP,e4c8ed16-ad42-11ef-bebf-e4a8dfc2a9a8,ld50,27,38,1795.138916015625,0.08851075172424316,20210.0,3027.501708984375,203,1
StandardGSGP,e4c8ed16-ad42-11ef-bebf-e4a8dfc2a9a8,ld50,27,39,1795.0196533203125,0.0830540657043457,20736.0,3027.30029296875,207,1
StandardGSGP,e4c8ed16-ad42-11ef-bebf-e4a8dfc2a9a8,ld50,27,40,1795.0196533203125,0.08816337585449219,21328.0,3027.30029296875,207,1
StandardGSGP,e4c8ed16-ad42-11ef-bebf-e4a8dfc2a9a8,ld50,27,41,1794.940185546875,0.08958268165588379,21872.0,3027.141357421875,219,1
StandardGSGP,e4c8ed16-ad42-11ef-bebf-e4a8dfc2a9a8,ld50,27,42,1794.8634033203125,0.08975815773010254,22406.0,3027.027099609375,219,1
StandardGSGP,e4c8ed16-ad42-11ef-bebf-e4a8dfc2a9a8,ld50,27,43,1794.806884765625,0.08526396751403809,22934.0,3026.997314453125,225,1
StandardGSGP,e4c8ed16-ad42-11ef-bebf-e4a8dfc2a9a8,ld50,27,44,1794.7752685546875,0.08551335334777832,23472.0,3026.846435546875,237,1
StandardGSGP,e4c8ed16-ad42-11ef-bebf-e4a8dfc2a9a8,ld50,27,45,1794.5657958984375,0.08752202987670898,24046.0,3026.477783203125,243,1
StandardGSGP,e4c8ed16-ad42-11ef-bebf-e4a8dfc2a9a8,ld50,27,46,1794.369384765625,0.08421802520751953,24610.0,3026.150390625,249,1
StandardGSGP,e4c8ed16-ad42-11ef-bebf-e4a8dfc2a9a8,ld50,27,47,1794.369384765625,0.0895688533782959,25192.0,3026.150390625,249,1
StandardGSGP,e4c8ed16-ad42-11ef-bebf-e4a8dfc2a9a8,ld50,27,48,1794.369384765625,0.08600282669067383,25736.0,3026.150390625,249,1
StandardGSGP,e4c8ed16-ad42-11ef-bebf-e4a8dfc2a9a8,ld50,27,49,1794.3546142578125,0.08451223373413086,26290.0,3026.1240234375,255,1
StandardGSGP,e4c8ed16-ad42-11ef-bebf-e4a8dfc2a9a8,ld50,27,50,1794.2685546875,0.08584213256835938,26800.0,3025.977783203125,261,1
StandardGSGP,e4c8ed16-ad42-11ef-bebf-e4a8dfc2a9a8,ld50,27,51,1794.2108154296875,0.08916974067687988,27264.0,3025.880615234375,267,1
StandardGSGP,e4c8ed16-ad42-11ef-bebf-e4a8dfc2a9a8,ld50,27,52,1794.0599365234375,0.08810973167419434,27690.0,3025.609130859375,273,1
StandardGSGP,e4c8ed16-ad42-11ef-bebf-e4a8dfc2a9a8,ld50,27,53,1794.0599365234375,0.09035944938659668,28180.0,3025.609130859375,273,1
StandardGSGP,e4c8ed16-ad42-11ef-bebf-e4a8dfc2a9a8,ld50,27,54,1794.0341796875,0.09081387519836426,28578.0,3025.568359375,279,1
StandardGSGP,e4c8ed16-ad42-11ef-bebf-e4a8dfc2a9a8,ld50,27,55,1793.90283203125,0.08679866790771484,29012.0,3025.3291015625,285,1
StandardGSGP,e4c8ed16-ad42-11ef-bebf-e4a8dfc2a9a8,ld50,27,56,1793.8358154296875,0.0847480297088623,29550.0,3025.3408203125,303,1
StandardGSGP,e4c8ed16-ad42-11ef-bebf-e4a8dfc2a9a8,ld50,27,57,1793.7398681640625,0.08800315856933594,30230.0,3025.125244140625,311,1
StandardGSGP,e4c8ed16-ad42-11ef-bebf-e4a8dfc2a9a8,ld50,27,58,1793.69775390625,0.08550810813903809,30888.0,3025.064208984375,315,1
StandardGSGP,e4c8ed16-ad42-11ef-bebf-e4a8dfc2a9a8,ld50,27,59,1793.617919921875,0.08682942390441895,31580.0,3024.916015625,321,1
StandardGSGP,e4c8ed16-ad42-11ef-bebf-e4a8dfc2a9a8,ld50,27,60,1793.4959716796875,0.08601164817810059,32248.0,3024.7158203125,327,1
StandardGSGP,e4c8ed16-ad42-11ef-bebf-e4a8dfc2a9a8,ld50,27,61,1793.3756103515625,0.08530139923095703,33010.0,3024.511474609375,333,1
StandardGSGP,e4c8ed16-ad42-11ef-bebf-e4a8dfc2a9a8,ld50,27,62,1793.365478515625,0.08687901496887207,33732.0,3024.49072265625,333,1
StandardGSGP,e4c8ed16-ad42-11ef-bebf-e4a8dfc2a9a8,ld50,27,63,1793.3482666015625,0.09404826164245605,34354.0,3024.46337890625,339,1
StandardGSGP,e4c8ed16-ad42-11ef-bebf-e4a8dfc2a9a8,ld50,27,64,1793.26806640625,0.0828704833984375,34928.0,3024.30810546875,345,1
StandardGSGP,e4c8ed16-ad42-11ef-bebf-e4a8dfc2a9a8,ld50,27,65,1793.22021484375,0.0925455093383789,35560.0,3024.241455078125,351,1
StandardGSGP,e4c8ed16-ad42-11ef-bebf-e4a8dfc2a9a8,ld50,27,66,1793.070556640625,0.08843779563903809,36114.0,3023.985595703125,351,1
StandardGSGP,e4c8ed16-ad42-11ef-bebf-e4a8dfc2a9a8,ld50,27,67,1792.990966796875,0.08610844612121582,36534.0,3023.84375,363,1
StandardGSGP,e4c8ed16-ad42-11ef-bebf-e4a8dfc2a9a8,ld50,27,68,1792.939697265625,0.09484505653381348,36910.0,3023.768798828125,363,1
StandardGSGP,e4c8ed16-ad42-11ef-bebf-e4a8dfc2a9a8,ld50,27,69,1792.88134765625,0.08502840995788574,37336.0,3023.669189453125,369,1
StandardGSGP,e4c8ed16-ad42-11ef-bebf-e4a8dfc2a9a8,ld50,27,70,1792.768310546875,0.08477497100830078,37932.0,3023.472412109375,375,1
StandardGSGP,e4c8ed16-ad42-11ef-bebf-e4a8dfc2a9a8,ld50,27,71,1792.7164306640625,0.08406496047973633,38464.0,3023.3759765625,381,1
StandardGSGP,e4c8ed16-ad42-11ef-bebf-e4a8dfc2a9a8,ld50,27,72,1792.550537109375,0.08301591873168945,39006.0,3023.0888671875,387,1
StandardGSGP,e4c8ed16-ad42-11ef-bebf-e4a8dfc2a9a8,ld50,27,73,1792.4141845703125,0.0855257511138916,39512.0,3022.851318359375,393,1
StandardGSGP,e4c8ed16-ad42-11ef-bebf-e4a8dfc2a9a8,ld50,27,74,1792.3280029296875,0.09750509262084961,40018.0,3022.695068359375,399,1
StandardGSGP,e4c8ed16-ad42-11ef-bebf-e4a8dfc2a9a8,ld50,27,75,1792.275146484375,0.08853769302368164,40506.0,3022.603759765625,405,1
StandardGSGP,e4c8ed16-ad42-11ef-bebf-e4a8dfc2a9a8,ld50,27,76,1792.123291015625,0.08313846588134766,41056.0,3022.344482421875,411,1
StandardGSGP,e4c8ed16-ad42-11ef-bebf-e4a8dfc2a9a8,ld50,27,77,1792.123291015625,0.08502888679504395,41614.0,3022.344482421875,411,1
StandardGSGP,e4c8ed16-ad42-11ef-bebf-e4a8dfc2a9a8,ld50,27,78,1792.1082763671875,0.09436488151550293,42140.0,3022.314697265625,417,1
StandardGSGP,e4c8ed16-ad42-11ef-bebf-e4a8dfc2a9a8,ld50,27,79,1792.0235595703125,0.09255218505859375,42716.0,3022.1484375,423,1
StandardGSGP,e4c8ed16-ad42-11ef-bebf-e4a8dfc2a9a8,ld50,27,80,1791.9765625,0.08350992202758789,43340.0,3022.067138671875,429,1
StandardGSGP,e4c8ed16-ad42-11ef-bebf-e4a8dfc2a9a8,ld50,27,81,1791.8782958984375,0.1586625576019287,43910.0,3021.898193359375,435,1
StandardGSGP,e4c8ed16-ad42-11ef-bebf-e4a8dfc2a9a8,ld50,27,82,1791.832763671875,0.08400225639343262,44462.0,3021.8193359375,435,1
StandardGSGP,e4c8ed16-ad42-11ef-bebf-e4a8dfc2a9a8,ld50,27,83,1791.832763671875,0.08328080177307129,44920.0,3021.8193359375,435,1
StandardGSGP,e4c8ed16-ad42-11ef-bebf-e4a8dfc2a9a8,ld50,27,84,1791.6549072265625,0.0855093002319336,45236.0,3021.495361328125,447,1
StandardGSGP,e4c8ed16-ad42-11ef-bebf-e4a8dfc2a9a8,ld50,27,85,1791.6453857421875,0.08451104164123535,45650.0,3021.477783203125,453,1
StandardGSGP,e4c8ed16-ad42-11ef-bebf-e4a8dfc2a9a8,ld50,27,86,1791.558349609375,0.09201288223266602,46096.0,3021.33935546875,459,1
StandardGSGP,e4c8ed16-ad42-11ef-bebf-e4a8dfc2a9a8,ld50,27,87,1791.4693603515625,0.09153032302856445,46660.0,3021.2822265625,477,1
StandardGSGP,e4c8ed16-ad42-11ef-bebf-e4a8dfc2a9a8,ld50,27,88,1791.376708984375,0.1132500171661377,47212.0,3021.009033203125,471,1
StandardGSGP,e4c8ed16-ad42-11ef-bebf-e4a8dfc2a9a8,ld50,27,89,1791.376708984375,0.10418367385864258,47748.0,3021.009033203125,471,1
StandardGSGP,e4c8ed16-ad42-11ef-bebf-e4a8dfc2a9a8,ld50,27,90,1791.373291015625,0.09157705307006836,48494.0,3021.109619140625,495,1
StandardGSGP,e4c8ed16-ad42-11ef-bebf-e4a8dfc2a9a8,ld50,27,91,1791.1658935546875,0.08902955055236816,49120.0,3020.641357421875,477,1
StandardGSGP,e4c8ed16-ad42-11ef-bebf-e4a8dfc2a9a8,ld50,27,92,1790.9825439453125,0.08733701705932617,49756.0,3020.331787109375,483,1
StandardGSGP,e4c8ed16-ad42-11ef-bebf-e4a8dfc2a9a8,ld50,27,93,1790.901123046875,0.09284472465515137,50190.0,3020.187255859375,489,1
StandardGSGP,e4c8ed16-ad42-11ef-bebf-e4a8dfc2a9a8,ld50,27,94,1790.8074951171875,0.08852815628051758,50506.0,3019.998779296875,497,1
StandardGSGP,e4c8ed16-ad42-11ef-bebf-e4a8dfc2a9a8,ld50,27,95,1790.8074951171875,0.08924484252929688,50888.0,3019.998779296875,497,1
StandardGSGP,e4c8ed16-ad42-11ef-bebf-e4a8dfc2a9a8,ld50,27,96,1790.7725830078125,0.08613705635070801,50908.0,3019.928466796875,501,1
StandardGSGP,e4c8ed16-ad42-11ef-bebf-e4a8dfc2a9a8,ld50,27,97,1790.7176513671875,0.09485435485839844,51226.0,3019.8984375,507,1
StandardGSGP,e4c8ed16-ad42-11ef-bebf-e4a8dfc2a9a8,ld50,27,98,1790.63330078125,0.08881092071533203,51604.0,3019.734619140625,513,1
StandardGSGP,e4c8ed16-ad42-11ef-bebf-e4a8dfc2a9a8,ld50,27,99,1790.4708251953125,0.08982658386230469,52244.0,3019.487060546875,527,1
StandardGSGP,e4c8ed16-ad42-11ef-bebf-e4a8dfc2a9a8,ld50,27,100,1790.4669189453125,0.08351755142211914,52846.0,3019.485595703125,533,1
