StandardGSGP,48a55929-ad42-11ef-9ffb-e4a8dfc2a9a8,ld50,29,0,0.2322186678647995,0.060927629470825195,402.0,0.28321683406829834,3,1
StandardGSGP,48a55929-ad42-11ef-9ffb-e4a8dfc2a9a8,ld50,29,1,0.21692396700382233,0.09805941581726074,984.0,0.26012635231018066,9,1
StandardGSGP,48a55929-ad42-11ef-9ffb-e4a8dfc2a9a8,ld50,29,2,0.21340343356132507,0.10204029083251953,1634.0,0.27052420377731323,19,1
StandardGSGP,48a55929-ad42-11ef-9ffb-e4a8dfc2a9a8,ld50,29,3,0.21270236372947693,0.10907578468322754,2214.0,0.25696560740470886,25,1
StandardGSGP,48a55929-ad42-11ef-9ffb-e4a8dfc2a9a8,ld50,29,4,0.20632612705230713,0.11911511421203613,2832.0,0.25898483395576477,25,1
StandardGSGP,48a55929-ad42-11ef-9ffb-e4a8dfc2a9a8,ld50,29,5,0.20632299780845642,0.1120615005493164,3450.0,0.25897908210754395,31,1
StandardGSGP,48a55929-ad42-11ef-9ffb-e4a8dfc2a9a8,ld50,29,6,0.20632299780845642,0.1134636402130127,4044.0,0.25897908210754395,31,1
StandardGSGP,48a55929-ad42-11ef-9ffb-e4a8dfc2a9a8,ld50,29,7,0.20632299780845642,0.17694783210754395,4678.0,0.25897908210754395,31,1
StandardGSGP,48a55929-ad42-11ef-9ffb-e4a8dfc2a9a8,ld50,29,8,0.20632299780845642,0.09451603889465332,5118.0,0.25897908210754395,31,1
StandardGSGP,48a55929-ad42-11ef-9ffb-e4a8dfc2a9a8,ld50,29,9,0.2056432068347931,0.1075446605682373,5666.0,0.2617776095867157,43,1
StandardGSGP,48a55929-ad42-11ef-9ffb-e4a8dfc2a9a8,ld50,29,10,0.2051546275615692,0.10385727882385254,6146.0,0.2687642574310303,43,1
StandardGSGP,48a55929-ad42-11ef-9ffb-e4a8dfc2a9a8,ld50,29,11,0.20309039950370789,0.10030937194824219,6486.0,0.2621991038322449,49,1
StandardGSGP,48a55929-ad42-11ef-9ffb-e4a8dfc2a9a8,ld50,29,12,0.2028631716966629,0.10352087020874023,6854.0,0.26542308926582336,55,1
StandardGSGP,48a55929-ad42-11ef-9ffb-e4a8dfc2a9a8,ld50,29,13,0.2028631716966629,0.10319375991821289,7046.0,0.26542308926582336,55,1
StandardGSGP,48a55929-ad42-11ef-9ffb-e4a8dfc2a9a8,ld50,29,14,0.20189359784126282,0.10178375244140625,7128.0,0.2639593482017517,85,1
StandardGSGP,48a55929-ad42-11ef-9ffb-e4a8dfc2a9a8,ld50,29,15,0.2015713006258011,0.10539674758911133,7914.0,0.26414206624031067,67,1
StandardGSGP,48a55929-ad42-11ef-9ffb-e4a8dfc2a9a8,ld50,29,16,0.2015713006258011,0.09887003898620605,8374.0,0.26414206624031067,67,1
StandardGSGP,48a55929-ad42-11ef-9ffb-e4a8dfc2a9a8,ld50,29,17,0.2005671113729477,0.11005878448486328,8678.0,0.2730865180492401,79,1
StandardGSGP,48a55929-ad42-11ef-9ffb-e4a8dfc2a9a8,ld50,29,18,0.19979536533355713,0.09238696098327637,8974.0,0.2612326741218567,73,1
StandardGSGP,48a55929-ad42-11ef-9ffb-e4a8dfc2a9a8,ld50,29,19,0.19979536533355713,0.09250688552856445,9220.0,0.2612326741218567,73,1
StandardGSGP,48a55929-ad42-11ef-9ffb-e4a8dfc2a9a8,ld50,29,20,0.19881229102611542,0.09551024436950684,9590.0,0.2676277458667755,97,1
StandardGSGP,48a55929-ad42-11ef-9ffb-e4a8dfc2a9a8,ld50,29,21,0.19881229102611542,0.09096145629882812,10040.0,0.2676277458667755,97,1
StandardGSGP,48a55929-ad42-11ef-9ffb-e4a8dfc2a9a8,ld50,29,22,0.19881229102611542,0.09251046180725098,10588.0,0.2676277458667755,97,1
StandardGSGP,48a55929-ad42-11ef-9ffb-e4a8dfc2a9a8,ld50,29,23,0.1977633386850357,0.10052633285522461,10978.0,0.2647787928581238,91,1
StandardGSGP,48a55929-ad42-11ef-9ffb-e4a8dfc2a9a8,ld50,29,24,0.1977633386850357,0.09949564933776855,11794.0,0.2647787928581238,91,1
StandardGSGP,48a55929-ad42-11ef-9ffb-e4a8dfc2a9a8,ld50,29,25,0.1977633386850357,0.09779477119445801,12296.0,0.2647787928581238,91,1
StandardGSGP,48a55929-ad42-11ef-9ffb-e4a8dfc2a9a8,ld50,29,26,0.1977633386850357,0.08912134170532227,12630.0,0.2647787928581238,91,1
StandardGSGP,48a55929-ad42-11ef-9ffb-e4a8dfc2a9a8,ld50,29,27,0.1968202143907547,0.08900928497314453,13198.0,0.26067396998405457,97,1
StandardGSGP,48a55929-ad42-11ef-9ffb-e4a8dfc2a9a8,ld50,29,28,0.19654877483844757,0.08847403526306152,13484.0,0.2626301646232605,97,1
StandardGSGP,48a55929-ad42-11ef-9ffb-e4a8dfc2a9a8,ld50,29,29,0.19618672132492065,0.09085822105407715,13186.0,0.2623980939388275,103,1
StandardGSGP,48a55929-ad42-11ef-9ffb-e4a8dfc2a9a8,ld50,29,30,0.19434401392936707,0.0890653133392334,12808.0,0.2618221342563629,109,1
StandardGSGP,48a55929-ad42-11ef-9ffb-e4a8dfc2a9a8,ld50,29,31,0.19434401392936707,0.09002685546875,13134.0,0.2618221342563629,109,1
StandardGSGP,48a55929-ad42-11ef-9ffb-e4a8dfc2a9a8,ld50,29,32,0.19434401392936707,0.09959578514099121,13580.0,0.2618221342563629,109,1
StandardGSGP,48a55929-ad42-11ef-9ffb-e4a8dfc2a9a8,ld50,29,33,0.19434401392936707,0.09490275382995605,13964.0,0.2618221342563629,109,1
StandardGSGP,48a55929-ad42-11ef-9ffb-e4a8dfc2a9a8,ld50,29,34,0.19425660371780396,0.09750795364379883,14100.0,0.2606183886528015,115,1
StandardGSGP,48a55929-ad42-11ef-9ffb-e4a8dfc2a9a8,ld50,29,35,0.1942232847213745,0.08709955215454102,14358.0,0.25814488530158997,121,1
StandardGSGP,48a55929-ad42-11ef-9ffb-e4a8dfc2a9a8,ld50,29,36,0.1942232847213745,0.09082365036010742,14338.0,0.25814488530158997,121,1
StandardGSGP,48a55929-ad42-11ef-9ffb-e4a8dfc2a9a8,ld50,29,37,0.1942232847213745,0.08850693702697754,14398.0,0.25814488530158997,121,1
StandardGSGP,48a55929-ad42-11ef-9ffb-e4a8dfc2a9a8,ld50,29,38,0.1942232847213745,0.08651041984558105,14766.0,0.25814488530158997,121,1
StandardGSGP,48a55929-ad42-11ef-9ffb-e4a8dfc2a9a8,ld50,29,39,0.19410455226898193,0.10052347183227539,14596.0,0.2580142319202423,133,1
StandardGSGP,48a55929-ad42-11ef-9ffb-e4a8dfc2a9a8,ld50,29,40,0.19410455226898193,0.09403634071350098,14998.0,0.2580142319202423,133,1
StandardGSGP,48a55929-ad42-11ef-9ffb-e4a8dfc2a9a8,ld50,29,41,0.19406160712242126,0.09819531440734863,15114.0,0.2549050748348236,145,1
StandardGSGP,48a55929-ad42-11ef-9ffb-e4a8dfc2a9a8,ld50,29,42,0.19406160712242126,0.1025094985961914,15490.0,0.2549050748348236,145,1
StandardGSGP,48a55929-ad42-11ef-9ffb-e4a8dfc2a9a8,ld50,29,43,0.1940457969903946,0.10222578048706055,15896.0,0.257483571767807,145,1
StandardGSGP,48a55929-ad42-11ef-9ffb-e4a8dfc2a9a8,ld50,29,44,0.1940457969903946,0.09265851974487305,16280.0,0.257483571767807,145,1
StandardGSGP,48a55929-ad42-11ef-9ffb-e4a8dfc2a9a8,ld50,29,45,0.1940457969903946,0.09565448760986328,16720.0,0.257483571767807,145,1
StandardGSGP,48a55929-ad42-11ef-9ffb-e4a8dfc2a9a8,ld50,29,46,0.1940457969903946,0.10053205490112305,16874.0,0.257483571767807,145,1
StandardGSGP,48a55929-ad42-11ef-9ffb-e4a8dfc2a9a8,ld50,29,47,0.19371992349624634,0.10101604461669922,17014.0,0.26057860255241394,169,1
StandardGSGP,48a55929-ad42-11ef-9ffb-e4a8dfc2a9a8,ld50,29,48,0.19371992349624634,0.10367393493652344,17462.0,0.26057860255241394,169,1
StandardGSGP,48a55929-ad42-11ef-9ffb-e4a8dfc2a9a8,ld50,29,49,0.19371992349624634,0.09071826934814453,17896.0,0.26057860255241394,169,1
StandardGSGP,48a55929-ad42-11ef-9ffb-e4a8dfc2a9a8,ld50,29,50,0.19371992349624634,0.08903741836547852,18348.0,0.26057860255241394,169,1
StandardGSGP,48a55929-ad42-11ef-9ffb-e4a8dfc2a9a8,ld50,29,51,0.1933770328760147,0.09308147430419922,18878.0,0.2629440724849701,175,1
StandardGSGP,48a55929-ad42-11ef-9ffb-e4a8dfc2a9a8,ld50,29,52,0.1933770328760147,0.09068560600280762,19048.0,0.2629440724849701,175,1
StandardGSGP,48a55929-ad42-11ef-9ffb-e4a8dfc2a9a8,ld50,29,53,0.1933770328760147,0.0907895565032959,19292.0,0.2629440724849701,175,1
StandardGSGP,48a55929-ad42-11ef-9ffb-e4a8dfc2a9a8,ld50,29,54,0.1933770328760147,0.09473276138305664,19766.0,0.2629440724849701,175,1
StandardGSGP,48a55929-ad42-11ef-9ffb-e4a8dfc2a9a8,ld50,29,55,0.1933770328760147,0.09159731864929199,19988.0,0.2629440724849701,175,1
StandardGSGP,48a55929-ad42-11ef-9ffb-e4a8dfc2a9a8,ld50,29,56,0.19229598343372345,0.09052157402038574,20468.0,0.26990175247192383,217,1
StandardGSGP,48a55929-ad42-11ef-9ffb-e4a8dfc2a9a8,ld50,29,57,0.19193127751350403,0.09716653823852539,20976.0,0.26343196630477905,223,1
StandardGSGP,48a55929-ad42-11ef-9ffb-e4a8dfc2a9a8,ld50,29,58,0.19193127751350403,0.09700298309326172,21452.0,0.26343196630477905,223,1
StandardGSGP,48a55929-ad42-11ef-9ffb-e4a8dfc2a9a8,ld50,29,59,0.1914813369512558,0.09336209297180176,22046.0,0.26456430554389954,223,1
StandardGSGP,48a55929-ad42-11ef-9ffb-e4a8dfc2a9a8,ld50,29,60,0.18991953134536743,0.08881831169128418,22918.0,0.2635745108127594,241,1
StandardGSGP,48a55929-ad42-11ef-9ffb-e4a8dfc2a9a8,ld50,29,61,0.18991953134536743,0.08750724792480469,23806.0,0.2635745108127594,241,1
StandardGSGP,48a55929-ad42-11ef-9ffb-e4a8dfc2a9a8,ld50,29,62,0.189239501953125,0.08783364295959473,24476.0,0.2658163905143738,247,1
StandardGSGP,48a55929-ad42-11ef-9ffb-e4a8dfc2a9a8,ld50,29,63,0.18875068426132202,0.08921170234680176,25218.0,0.2679336667060852,253,1
StandardGSGP,48a55929-ad42-11ef-9ffb-e4a8dfc2a9a8,ld50,29,64,0.18875068426132202,0.0920557975769043,25850.0,0.2679336667060852,253,1
StandardGSGP,48a55929-ad42-11ef-9ffb-e4a8dfc2a9a8,ld50,29,65,0.18875068426132202,0.09101009368896484,26412.0,0.2679336667060852,253,1
StandardGSGP,48a55929-ad42-11ef-9ffb-e4a8dfc2a9a8,ld50,29,66,0.18875068426132202,0.09151124954223633,27114.0,0.2679336667060852,253,1
StandardGSGP,48a55929-ad42-11ef-9ffb-e4a8dfc2a9a8,ld50,29,67,0.18875068426132202,0.08968520164489746,27732.0,0.2679336667060852,253,1
StandardGSGP,48a55929-ad42-11ef-9ffb-e4a8dfc2a9a8,ld50,29,68,0.18875068426132202,0.08651137351989746,28078.0,0.2679336667060852,253,1
StandardGSGP,48a55929-ad42-11ef-9ffb-e4a8dfc2a9a8,ld50,29,69,0.18875068426132202,0.0965120792388916,28534.0,0.2679336667060852,253,1
StandardGSGP,48a55929-ad42-11ef-9ffb-e4a8dfc2a9a8,ld50,29,70,0.18875068426132202,0.09423065185546875,28784.0,0.2679336667060852,253,1
StandardGSGP,48a55929-ad42-11ef-9ffb-e4a8dfc2a9a8,ld50,29,71,0.18875068426132202,0.09351158142089844,28992.0,0.2679336667060852,253,1
StandardGSGP,48a55929-ad42-11ef-9ffb-e4a8dfc2a9a8,ld50,29,72,0.18875068426132202,0.08800292015075684,29154.0,0.2679336667060852,253,1
StandardGSGP,48a55929-ad42-11ef-9ffb-e4a8dfc2a9a8,ld50,29,73,0.1885714828968048,0.09009432792663574,29236.0,0.26408860087394714,283,1
StandardGSGP,48a55929-ad42-11ef-9ffb-e4a8dfc2a9a8,ld50,29,74,0.1883237510919571,0.09791302680969238,29284.0,0.263656884431839,289,1
StandardGSGP,48a55929-ad42-11ef-9ffb-e4a8dfc2a9a8,ld50,29,75,0.1883237510919571,0.16402578353881836,29612.0,0.263656884431839,289,1
StandardGSGP,48a55929-ad42-11ef-9ffb-e4a8dfc2a9a8,ld50,29,76,0.1883237510919571,0.0933692455291748,30086.0,0.263656884431839,289,1
StandardGSGP,48a55929-ad42-11ef-9ffb-e4a8dfc2a9a8,ld50,29,77,0.1883237510919571,0.09752440452575684,30078.0,0.263656884431839,289,1
StandardGSGP,48a55929-ad42-11ef-9ffb-e4a8dfc2a9a8,ld50,29,78,0.1883237510919571,0.09379172325134277,30398.0,0.263656884431839,289,1
StandardGSGP,48a55929-ad42-11ef-9ffb-e4a8dfc2a9a8,ld50,29,79,0.1883237510919571,0.09457540512084961,30994.0,0.263656884431839,289,1
StandardGSGP,48a55929-ad42-11ef-9ffb-e4a8dfc2a9a8,ld50,29,80,0.1876283884048462,0.09024286270141602,31522.0,0.26092952489852905,319,1
StandardGSGP,48a55929-ad42-11ef-9ffb-e4a8dfc2a9a8,ld50,29,81,0.1876283884048462,0.09379315376281738,31862.0,0.26092952489852905,319,1
StandardGSGP,48a55929-ad42-11ef-9ffb-e4a8dfc2a9a8,ld50,29,82,0.1869860142469406,0.09252691268920898,32478.0,0.2669326364994049,331,1
StandardGSGP,48a55929-ad42-11ef-9ffb-e4a8dfc2a9a8,ld50,29,83,0.1869860142469406,0.08953380584716797,32986.0,0.2669326364994049,331,1
StandardGSGP,48a55929-ad42-11ef-9ffb-e4a8dfc2a9a8,ld50,29,84,0.18659541010856628,0.08952593803405762,33488.0,0.26417574286460876,337,1
StandardGSGP,48a55929-ad42-11ef-9ffb-e4a8dfc2a9a8,ld50,29,85,0.18659541010856628,0.08871722221374512,33686.0,0.26417574286460876,337,1
StandardGSGP,48a55929-ad42-11ef-9ffb-e4a8dfc2a9a8,ld50,29,86,0.18650980293750763,0.09962582588195801,34154.0,0.27538856863975525,343,1
StandardGSGP,48a55929-ad42-11ef-9ffb-e4a8dfc2a9a8,ld50,29,87,0.18501637876033783,0.08608317375183105,35014.0,0.2769990563392639,349,1
StandardGSGP,48a55929-ad42-11ef-9ffb-e4a8dfc2a9a8,ld50,29,88,0.18501637876033783,0.09595036506652832,35738.0,0.2769990563392639,349,1
StandardGSGP,48a55929-ad42-11ef-9ffb-e4a8dfc2a9a8,ld50,29,89,0.18501637876033783,0.08885931968688965,36470.0,0.2769990563392639,349,1
StandardGSGP,48a55929-ad42-11ef-9ffb-e4a8dfc2a9a8,ld50,29,90,0.18335554003715515,0.09056496620178223,37036.0,0.26908326148986816,355,1
StandardGSGP,48a55929-ad42-11ef-9ffb-e4a8dfc2a9a8,ld50,29,91,0.18319474160671234,0.09282827377319336,37442.0,0.26704415678977966,361,1
StandardGSGP,48a55929-ad42-11ef-9ffb-e4a8dfc2a9a8,ld50,29,92,0.18319474160671234,0.09251713752746582,37924.0,0.26704415678977966,361,1
StandardGSGP,48a55929-ad42-11ef-9ffb-e4a8dfc2a9a8,ld50,29,93,0.18319474160671234,0.09252476692199707,38286.0,0.26704415678977966,361,1
StandardGSGP,48a55929-ad42-11ef-9ffb-e4a8dfc2a9a8,ld50,29,94,0.18319474160671234,0.0878608226776123,38680.0,0.26704415678977966,361,1
StandardGSGP,48a55929-ad42-11ef-9ffb-e4a8dfc2a9a8,ld50,29,95,0.18319474160671234,0.0891423225402832,39058.0,0.26704415678977966,361,1
StandardGSGP,48a55929-ad42-11ef-9ffb-e4a8dfc2a9a8,ld50,29,96,0.18311849236488342,0.09443020820617676,39316.0,0.2684876322746277,373,1
StandardGSGP,48a55929-ad42-11ef-9ffb-e4a8dfc2a9a8,ld50,29,97,0.18311849236488342,0.09101414680480957,39634.0,0.2684876322746277,373,1
StandardGSGP,48a55929-ad42-11ef-9ffb-e4a8dfc2a9a8,ld50,29,98,0.1829787790775299,0.09066629409790039,39946.0,0.26899537444114685,379,1
StandardGSGP,48a55929-ad42-11ef-9ffb-e4a8dfc2a9a8,ld50,29,99,0.1829787790775299,0.09135246276855469,40230.0,0.26899537444114685,379,1
StandardGSGP,48a55929-ad42-11ef-9ffb-e4a8dfc2a9a8,ld50,29,100,0.1829787790775299,0.0918569564819336,40650.0,0.26899537444114685,379,1
StandardGSGP,efc95c26-ad42-11ef-b1b0-e4a8dfc2a9a8,ld50,29,0,2186.256103515625,0.12701773643493652,1342.0,2720.7451171875,3,1
StandardGSGP,efc95c26-ad42-11ef-b1b0-e4a8dfc2a9a8,ld50,29,1,2186.25048828125,0.08423709869384766,1612.0,2720.74560546875,9,1
StandardGSGP,efc95c26-ad42-11ef-b1b0-e4a8dfc2a9a8,ld50,29,2,2186.11962890625,0.08793878555297852,1970.0,2720.60205078125,9,1
StandardGSGP,efc95c26-ad42-11ef-b1b0-e4a8dfc2a9a8,ld50,29,3,2186.08154296875,0.08713889122009277,2354.0,2720.580810546875,15,1
StandardGSGP,efc95c26-ad42-11ef-b1b0-e4a8dfc2a9a8,ld50,29,4,2185.769287109375,0.08467411994934082,2860.0,2720.197998046875,15,1
StandardGSGP,efc95c26-ad42-11ef-b1b0-e4a8dfc2a9a8,ld50,29,5,2185.43408203125,0.0857093334197998,3344.0,2719.81298828125,21,1
StandardGSGP,efc95c26-ad42-11ef-b1b0-e4a8dfc2a9a8,ld50,29,6,2185.433349609375,0.08902406692504883,3658.0,2719.81298828125,35,1
StandardGSGP,efc95c26-ad42-11ef-b1b0-e4a8dfc2a9a8,ld50,29,7,2185.34033203125,0.0815126895904541,4124.0,2719.700439453125,33,1
StandardGSGP,efc95c26-ad42-11ef-b1b0-e4a8dfc2a9a8,ld50,29,8,2185.1953125,0.09833121299743652,4608.0,2719.539794921875,39,1
StandardGSGP,efc95c26-ad42-11ef-b1b0-e4a8dfc2a9a8,ld50,29,9,2184.99853515625,0.09466147422790527,4972.0,2719.339111328125,39,1
StandardGSGP,efc95c26-ad42-11ef-b1b0-e4a8dfc2a9a8,ld50,29,10,2184.8857421875,0.09445714950561523,5472.0,2719.192138671875,57,1
StandardGSGP,efc95c26-ad42-11ef-b1b0-e4a8dfc2a9a8,ld50,29,11,2184.704833984375,0.16776657104492188,5918.0,2718.997314453125,57,1
StandardGSGP,efc95c26-ad42-11ef-b1b0-e4a8dfc2a9a8,ld50,29,12,2184.59423828125,0.08890366554260254,6324.0,2718.876708984375,69,1
StandardGSGP,efc95c26-ad42-11ef-b1b0-e4a8dfc2a9a8,ld50,29,13,2184.45361328125,0.088623046875,6868.0,2718.7685546875,63,1
StandardGSGP,efc95c26-ad42-11ef-b1b0-e4a8dfc2a9a8,ld50,29,14,2184.148193359375,0.09053349494934082,7474.0,2718.420654296875,69,1
StandardGSGP,efc95c26-ad42-11ef-b1b0-e4a8dfc2a9a8,ld50,29,15,2184.148193359375,0.08580446243286133,8080.0,2718.420654296875,69,1
StandardGSGP,efc95c26-ad42-11ef-b1b0-e4a8dfc2a9a8,ld50,29,16,2183.9619140625,0.08933639526367188,8556.0,2718.21923828125,75,1
StandardGSGP,efc95c26-ad42-11ef-b1b0-e4a8dfc2a9a8,ld50,29,17,2183.87353515625,0.09020471572875977,9090.0,2718.003173828125,99,1
StandardGSGP,efc95c26-ad42-11ef-b1b0-e4a8dfc2a9a8,ld50,29,18,2183.56298828125,0.08678150177001953,9682.0,2717.67431640625,105,1
StandardGSGP,efc95c26-ad42-11ef-b1b0-e4a8dfc2a9a8,ld50,29,19,2183.56298828125,0.0859224796295166,10274.0,2717.67431640625,105,1
StandardGSGP,efc95c26-ad42-11ef-b1b0-e4a8dfc2a9a8,ld50,29,20,2183.421875,0.08420586585998535,10844.0,2717.505615234375,117,1
StandardGSGP,efc95c26-ad42-11ef-b1b0-e4a8dfc2a9a8,ld50,29,21,2183.13720703125,0.10304784774780273,11466.0,2717.2333984375,123,1
StandardGSGP,efc95c26-ad42-11ef-b1b0-e4a8dfc2a9a8,ld50,29,22,2183.11376953125,0.09023404121398926,12092.0,2717.221435546875,129,1
StandardGSGP,efc95c26-ad42-11ef-b1b0-e4a8dfc2a9a8,ld50,29,23,2182.868408203125,0.09833693504333496,12788.0,2716.944580078125,135,1
StandardGSGP,efc95c26-ad42-11ef-b1b0-e4a8dfc2a9a8,ld50,29,24,2182.8388671875,0.10284161567687988,13396.0,2716.911865234375,141,1
StandardGSGP,efc95c26-ad42-11ef-b1b0-e4a8dfc2a9a8,ld50,29,25,2182.759033203125,0.09737181663513184,14104.0,2716.855712890625,147,1
StandardGSGP,efc95c26-ad42-11ef-b1b0-e4a8dfc2a9a8,ld50,29,26,2182.6298828125,0.10151052474975586,14794.0,2716.548583984375,153,1
StandardGSGP,efc95c26-ad42-11ef-b1b0-e4a8dfc2a9a8,ld50,29,27,2182.501953125,0.09452009201049805,15414.0,2716.547607421875,159,1
StandardGSGP,efc95c26-ad42-11ef-b1b0-e4a8dfc2a9a8,ld50,29,28,2182.4697265625,0.09464240074157715,16130.0,2716.4111328125,165,1
StandardGSGP,efc95c26-ad42-11ef-b1b0-e4a8dfc2a9a8,ld50,29,29,2182.189453125,0.09476661682128906,16870.0,2716.1875,171,1
StandardGSGP,efc95c26-ad42-11ef-b1b0-e4a8dfc2a9a8,ld50,29,30,2181.9931640625,0.09359526634216309,17478.0,2715.91796875,171,1
StandardGSGP,efc95c26-ad42-11ef-b1b0-e4a8dfc2a9a8,ld50,29,31,2181.7783203125,0.09251213073730469,18118.0,2715.554931640625,177,1
StandardGSGP,efc95c26-ad42-11ef-b1b0-e4a8dfc2a9a8,ld50,29,32,2181.49853515625,0.1020212173461914,18686.0,2715.38623046875,185,1
StandardGSGP,efc95c26-ad42-11ef-b1b0-e4a8dfc2a9a8,ld50,29,33,2181.494384765625,0.09051179885864258,19264.0,2715.38134765625,191,1
StandardGSGP,efc95c26-ad42-11ef-b1b0-e4a8dfc2a9a8,ld50,29,34,2181.3251953125,0.09377455711364746,19728.0,2715.0546875,191,1
StandardGSGP,efc95c26-ad42-11ef-b1b0-e4a8dfc2a9a8,ld50,29,35,2181.2431640625,0.0937035083770752,20208.0,2715.117431640625,197,1
StandardGSGP,efc95c26-ad42-11ef-b1b0-e4a8dfc2a9a8,ld50,29,36,2181.17529296875,0.10783505439758301,20772.0,2714.99951171875,207,1
StandardGSGP,efc95c26-ad42-11ef-b1b0-e4a8dfc2a9a8,ld50,29,37,2180.94677734375,0.10341954231262207,21240.0,2714.736328125,209,1
StandardGSGP,efc95c26-ad42-11ef-b1b0-e4a8dfc2a9a8,ld50,29,38,2180.707275390625,0.11027765274047852,21742.0,2714.5244140625,221,1
StandardGSGP,efc95c26-ad42-11ef-b1b0-e4a8dfc2a9a8,ld50,29,39,2180.707275390625,0.0978541374206543,22268.0,2714.5244140625,221,1
StandardGSGP,efc95c26-ad42-11ef-b1b0-e4a8dfc2a9a8,ld50,29,40,2180.466064453125,0.09039425849914551,22798.0,2714.1064453125,225,1
StandardGSGP,efc95c26-ad42-11ef-b1b0-e4a8dfc2a9a8,ld50,29,41,2180.37744140625,0.09151220321655273,23380.0,2714.0908203125,233,1
StandardGSGP,efc95c26-ad42-11ef-b1b0-e4a8dfc2a9a8,ld50,29,42,2180.282470703125,0.08874368667602539,24038.0,2713.9755859375,241,1
StandardGSGP,efc95c26-ad42-11ef-b1b0-e4a8dfc2a9a8,ld50,29,43,2180.219970703125,0.09299373626708984,24640.0,2713.99169921875,245,1
StandardGSGP,efc95c26-ad42-11ef-b1b0-e4a8dfc2a9a8,ld50,29,44,2180.073974609375,0.08909106254577637,25284.0,2713.810546875,257,1
StandardGSGP,efc95c26-ad42-11ef-b1b0-e4a8dfc2a9a8,ld50,29,45,2179.984619140625,0.08643078804016113,25832.0,2713.714599609375,263,1
StandardGSGP,efc95c26-ad42-11ef-b1b0-e4a8dfc2a9a8,ld50,29,46,2179.759033203125,0.09390401840209961,26306.0,2713.462158203125,263,1
StandardGSGP,efc95c26-ad42-11ef-b1b0-e4a8dfc2a9a8,ld50,29,47,2179.6806640625,0.0885324478149414,26916.0,2713.3046875,265,1
StandardGSGP,efc95c26-ad42-11ef-b1b0-e4a8dfc2a9a8,ld50,29,48,2179.3544921875,0.08450698852539062,27528.0,2712.94287109375,271,1
StandardGSGP,efc95c26-ad42-11ef-b1b0-e4a8dfc2a9a8,ld50,29,49,2179.178466796875,0.0855107307434082,28102.0,2712.739013671875,277,1
StandardGSGP,efc95c26-ad42-11ef-b1b0-e4a8dfc2a9a8,ld50,29,50,2179.156494140625,0.08450961112976074,28678.0,2712.72802734375,283,1
StandardGSGP,efc95c26-ad42-11ef-b1b0-e4a8dfc2a9a8,ld50,29,51,2179.0400390625,0.0856926441192627,29286.0,2712.628662109375,291,1
StandardGSGP,efc95c26-ad42-11ef-b1b0-e4a8dfc2a9a8,ld50,29,52,2179.0400390625,0.08659529685974121,29920.0,2712.628662109375,291,1
StandardGSGP,efc95c26-ad42-11ef-b1b0-e4a8dfc2a9a8,ld50,29,53,2178.807861328125,0.08812642097473145,30494.0,2712.3720703125,297,1
StandardGSGP,efc95c26-ad42-11ef-b1b0-e4a8dfc2a9a8,ld50,29,54,2178.610595703125,0.08187317848205566,30956.0,2712.077392578125,301,1
StandardGSGP,efc95c26-ad42-11ef-b1b0-e4a8dfc2a9a8,ld50,29,55,2178.507568359375,0.08339309692382812,31424.0,2712.024169921875,303,1
StandardGSGP,efc95c26-ad42-11ef-b1b0-e4a8dfc2a9a8,ld50,29,56,2178.507568359375,0.08350348472595215,31954.0,2712.024169921875,303,1
StandardGSGP,efc95c26-ad42-11ef-b1b0-e4a8dfc2a9a8,ld50,29,57,2178.299072265625,0.08499431610107422,32474.0,2711.842041015625,309,1
StandardGSGP,efc95c26-ad42-11ef-b1b0-e4a8dfc2a9a8,ld50,29,58,2178.05419921875,0.08930277824401855,32916.0,2711.5654296875,315,1
StandardGSGP,efc95c26-ad42-11ef-b1b0-e4a8dfc2a9a8,ld50,29,59,2177.993408203125,0.0904233455657959,33222.0,2711.507080078125,321,1
StandardGSGP,efc95c26-ad42-11ef-b1b0-e4a8dfc2a9a8,ld50,29,60,2177.82470703125,0.09516763687133789,33430.0,2711.24609375,349,1
StandardGSGP,efc95c26-ad42-11ef-b1b0-e4a8dfc2a9a8,ld50,29,61,2177.583740234375,0.09350967407226562,33840.0,2710.99609375,355,1
StandardGSGP,efc95c26-ad42-11ef-b1b0-e4a8dfc2a9a8,ld50,29,62,2177.5830078125,0.08951425552368164,34516.0,2710.995361328125,361,1
StandardGSGP,efc95c26-ad42-11ef-b1b0-e4a8dfc2a9a8,ld50,29,63,2177.558837890625,0.08772802352905273,35048.0,2710.964111328125,367,1
StandardGSGP,efc95c26-ad42-11ef-b1b0-e4a8dfc2a9a8,ld50,29,64,2177.359619140625,0.08715200424194336,35796.0,2710.73486328125,373,1
StandardGSGP,efc95c26-ad42-11ef-b1b0-e4a8dfc2a9a8,ld50,29,65,2177.285400390625,0.08709096908569336,36448.0,2710.668701171875,375,1
StandardGSGP,efc95c26-ad42-11ef-b1b0-e4a8dfc2a9a8,ld50,29,66,2177.178466796875,0.17127251625061035,37450.0,2710.52734375,379,1
StandardGSGP,efc95c26-ad42-11ef-b1b0-e4a8dfc2a9a8,ld50,29,67,2177.136962890625,0.0835111141204834,38240.0,2710.452880859375,385,1
StandardGSGP,efc95c26-ad42-11ef-b1b0-e4a8dfc2a9a8,ld50,29,68,2177.03271484375,0.09143185615539551,38862.0,2710.402587890625,397,1
StandardGSGP,efc95c26-ad42-11ef-b1b0-e4a8dfc2a9a8,ld50,29,69,2176.715576171875,0.08921575546264648,39620.0,2710.003662109375,399,1
StandardGSGP,efc95c26-ad42-11ef-b1b0-e4a8dfc2a9a8,ld50,29,70,2176.591796875,0.08548474311828613,40228.0,2709.869140625,405,1
StandardGSGP,efc95c26-ad42-11ef-b1b0-e4a8dfc2a9a8,ld50,29,71,2176.336181640625,0.0982656478881836,40888.0,2709.5712890625,405,1
StandardGSGP,efc95c26-ad42-11ef-b1b0-e4a8dfc2a9a8,ld50,29,72,2176.29833984375,0.09233355522155762,41514.0,2709.5283203125,411,1
StandardGSGP,efc95c26-ad42-11ef-b1b0-e4a8dfc2a9a8,ld50,29,73,2176.212646484375,0.08300256729125977,42126.0,2709.43994140625,423,1
StandardGSGP,efc95c26-ad42-11ef-b1b0-e4a8dfc2a9a8,ld50,29,74,2175.775146484375,0.08463907241821289,42640.0,2708.939208984375,429,1
StandardGSGP,efc95c26-ad42-11ef-b1b0-e4a8dfc2a9a8,ld50,29,75,2175.730712890625,0.08434510231018066,43152.0,2708.89404296875,435,1
StandardGSGP,efc95c26-ad42-11ef-b1b0-e4a8dfc2a9a8,ld50,29,76,2175.594482421875,0.08602190017700195,43700.0,2708.783203125,441,1
StandardGSGP,efc95c26-ad42-11ef-b1b0-e4a8dfc2a9a8,ld50,29,77,2175.347412109375,0.08861017227172852,44308.0,2708.4892578125,447,1
StandardGSGP,efc95c26-ad42-11ef-b1b0-e4a8dfc2a9a8,ld50,29,78,2175.240966796875,0.08730959892272949,44942.0,2708.37255859375,453,1
StandardGSGP,efc95c26-ad42-11ef-b1b0-e4a8dfc2a9a8,ld50,29,79,2175.212646484375,0.08583688735961914,45668.0,2708.34228515625,459,1
StandardGSGP,efc95c26-ad42-11ef-b1b0-e4a8dfc2a9a8,ld50,29,80,2175.212646484375,0.08324241638183594,46342.0,2708.34228515625,459,1
StandardGSGP,efc95c26-ad42-11ef-b1b0-e4a8dfc2a9a8,ld50,29,81,2175.0205078125,0.08557844161987305,46914.0,2708.129150390625,471,1
StandardGSGP,efc95c26-ad42-11ef-b1b0-e4a8dfc2a9a8,ld50,29,82,2174.77294921875,0.08350658416748047,47490.0,2707.82177734375,477,1
StandardGSGP,efc95c26-ad42-11ef-b1b0-e4a8dfc2a9a8,ld50,29,83,2174.752685546875,0.08151412010192871,48132.0,2707.87939453125,477,1
StandardGSGP,efc95c26-ad42-11ef-b1b0-e4a8dfc2a9a8,ld50,29,84,2174.708251953125,0.0916907787322998,48666.0,2707.759765625,487,1
StandardGSGP,efc95c26-ad42-11ef-b1b0-e4a8dfc2a9a8,ld50,29,85,2174.4892578125,0.09521222114562988,49248.0,2707.586181640625,489,1
StandardGSGP,efc95c26-ad42-11ef-b1b0-e4a8dfc2a9a8,ld50,29,86,2174.4892578125,0.08753561973571777,49878.0,2707.586181640625,489,1
StandardGSGP,efc95c26-ad42-11ef-b1b0-e4a8dfc2a9a8,ld50,29,87,2174.34912109375,0.09052443504333496,50394.0,2707.36669921875,501,1
StandardGSGP,efc95c26-ad42-11ef-b1b0-e4a8dfc2a9a8,ld50,29,88,2174.08056640625,0.0925455093383789,51004.0,2707.0556640625,507,1
StandardGSGP,efc95c26-ad42-11ef-b1b0-e4a8dfc2a9a8,ld50,29,89,2174.08056640625,0.08730888366699219,51602.0,2707.0556640625,507,1
StandardGSGP,efc95c26-ad42-11ef-b1b0-e4a8dfc2a9a8,ld50,29,90,2173.982177734375,0.08674860000610352,52230.0,2706.99560546875,525,1
StandardGSGP,efc95c26-ad42-11ef-b1b0-e4a8dfc2a9a8,ld50,29,91,2173.946533203125,0.0916135311126709,52864.0,2706.83154296875,531,1
StandardGSGP,efc95c26-ad42-11ef-b1b0-e4a8dfc2a9a8,ld50,29,92,2173.87255859375,0.08401131629943848,53384.0,2706.749267578125,537,1
StandardGSGP,efc95c26-ad42-11ef-b1b0-e4a8dfc2a9a8,ld50,29,93,2173.84716796875,0.08784842491149902,53912.0,2706.8154296875,537,1
StandardGSGP,efc95c26-ad42-11ef-b1b0-e4a8dfc2a9a8,ld50,29,94,2173.48193359375,0.08653068542480469,54506.0,2706.373291015625,543,1
StandardGSGP,efc95c26-ad42-11ef-b1b0-e4a8dfc2a9a8,ld50,29,95,2173.464111328125,0.08396291732788086,55088.0,2706.35546875,549,1
StandardGSGP,efc95c26-ad42-11ef-b1b0-e4a8dfc2a9a8,ld50,29,96,2173.314697265625,0.08671212196350098,55754.0,2706.1220703125,561,1
StandardGSGP,efc95c26-ad42-11ef-b1b0-e4a8dfc2a9a8,ld50,29,97,2173.10107421875,0.08350872993469238,56290.0,2705.977783203125,561,1
StandardGSGP,efc95c26-ad42-11ef-b1b0-e4a8dfc2a9a8,ld50,29,98,2172.8447265625,0.08751177787780762,56802.0,2705.664306640625,561,1
StandardGSGP,efc95c26-ad42-11ef-b1b0-e4a8dfc2a9a8,ld50,29,99,2172.8447265625,0.08700132369995117,57302.0,2705.664306640625,561,1
StandardGSGP,efc95c26-ad42-11ef-b1b0-e4a8dfc2a9a8,ld50,29,100,2172.630615234375,0.0847935676574707,57866.0,2705.42724609375,579,1
