StandardGSGP,e70365b9-ad41-11ef-83eb-e4a8dfc2a9a8,ld50,12,0,0.23466795682907104,0.04770469665527344,400.0,0.2774291932582855,3,1
StandardGSGP,e70365b9-ad41-11ef-83eb-e4a8dfc2a9a8,ld50,12,1,0.23451164364814758,0.08678793907165527,972.0,0.2771610915660858,9,1
StandardGSGP,e70365b9-ad41-11ef-83eb-e4a8dfc2a9a8,ld50,12,2,0.22890719771385193,0.09274601936340332,1538.0,0.25914129614830017,15,1
StandardGSGP,e70365b9-ad41-11ef-83eb-e4a8dfc2a9a8,ld50,12,3,0.22417356073856354,0.09080004692077637,2062.0,0.25768041610717773,21,1
StandardGSGP,e70365b9-ad41-11ef-83eb-e4a8dfc2a9a8,ld50,12,4,0.22284840047359467,0.09451937675476074,2534.0,0.2577780485153198,27,1
StandardGSGP,e70365b9-ad41-11ef-83eb-e4a8dfc2a9a8,ld50,12,5,0.22284840047359467,0.09452223777770996,3066.0,0.2577780485153198,27,1
StandardGSGP,e70365b9-ad41-11ef-83eb-e4a8dfc2a9a8,ld50,12,6,0.22284840047359467,0.09031891822814941,3554.0,0.2577780485153198,27,1
StandardGSGP,e70365b9-ad41-11ef-83eb-e4a8dfc2a9a8,ld50,12,7,0.22271381318569183,0.08751106262207031,4056.0,0.2622414231300354,33,1
StandardGSGP,e70365b9-ad41-11ef-83eb-e4a8dfc2a9a8,ld50,12,8,0.22228209674358368,0.08773374557495117,4698.0,0.2560330629348755,45,1
StandardGSGP,e70365b9-ad41-11ef-83eb-e4a8dfc2a9a8,ld50,12,9,0.22228209674358368,0.09342718124389648,5174.0,0.2560330629348755,45,1
StandardGSGP,e70365b9-ad41-11ef-83eb-e4a8dfc2a9a8,ld50,12,10,0.22228209674358368,0.09361839294433594,5722.0,0.2560330629348755,45,1
StandardGSGP,e70365b9-ad41-11ef-83eb-e4a8dfc2a9a8,ld50,12,11,0.22141247987747192,0.09712409973144531,6220.0,0.2557053565979004,51,1
StandardGSGP,e70365b9-ad41-11ef-83eb-e4a8dfc2a9a8,ld50,12,12,0.2206401228904724,0.10598111152648926,6686.0,0.2560388743877411,51,1
StandardGSGP,e70365b9-ad41-11ef-83eb-e4a8dfc2a9a8,ld50,12,13,0.22061553597450256,0.08746075630187988,7162.0,0.2579818069934845,57,1
StandardGSGP,e70365b9-ad41-11ef-83eb-e4a8dfc2a9a8,ld50,12,14,0.22061553597450256,0.08793520927429199,7540.0,0.2579818069934845,57,1
StandardGSGP,e70365b9-ad41-11ef-83eb-e4a8dfc2a9a8,ld50,12,15,0.22061553597450256,0.08651208877563477,7694.0,0.2579818069934845,57,1
StandardGSGP,e70365b9-ad41-11ef-83eb-e4a8dfc2a9a8,ld50,12,16,0.22061553597450256,0.08750653266906738,8206.0,0.2579818069934845,57,1
StandardGSGP,e70365b9-ad41-11ef-83eb-e4a8dfc2a9a8,ld50,12,17,0.22047464549541473,0.08771586418151855,8594.0,0.25817036628723145,63,1
StandardGSGP,e70365b9-ad41-11ef-83eb-e4a8dfc2a9a8,ld50,12,18,0.2203456163406372,0.09750986099243164,8926.0,0.25686708092689514,63,1
StandardGSGP,e70365b9-ad41-11ef-83eb-e4a8dfc2a9a8,ld50,12,19,0.22029832005500793,0.09551000595092773,9058.0,0.258450448513031,69,1
StandardGSGP,e70365b9-ad41-11ef-83eb-e4a8dfc2a9a8,ld50,12,20,0.21968179941177368,0.08850550651550293,9334.0,0.2544539272785187,75,1
StandardGSGP,e70365b9-ad41-11ef-83eb-e4a8dfc2a9a8,ld50,12,21,0.2165963053703308,0.08951234817504883,9552.0,0.25450578331947327,87,1
StandardGSGP,e70365b9-ad41-11ef-83eb-e4a8dfc2a9a8,ld50,12,22,0.2165963053703308,0.09446072578430176,9890.0,0.25450578331947327,87,1
StandardGSGP,e70365b9-ad41-11ef-83eb-e4a8dfc2a9a8,ld50,12,23,0.2165963053703308,0.09473514556884766,10294.0,0.25450578331947327,87,1
StandardGSGP,e70365b9-ad41-11ef-83eb-e4a8dfc2a9a8,ld50,12,24,0.21650488674640656,0.10133576393127441,10512.0,0.2555122971534729,99,1
StandardGSGP,e70365b9-ad41-11ef-83eb-e4a8dfc2a9a8,ld50,12,25,0.2157827466726303,0.09450888633728027,10996.0,0.25610610842704773,111,1
StandardGSGP,e70365b9-ad41-11ef-83eb-e4a8dfc2a9a8,ld50,12,26,0.21512265503406525,0.09051132202148438,11296.0,0.2550627291202545,117,1
StandardGSGP,e70365b9-ad41-11ef-83eb-e4a8dfc2a9a8,ld50,12,27,0.2147720456123352,0.0895082950592041,11814.0,0.2551421523094177,117,1
StandardGSGP,e70365b9-ad41-11ef-83eb-e4a8dfc2a9a8,ld50,12,28,0.21430663764476776,0.08951020240783691,12436.0,0.2665945291519165,123,1
StandardGSGP,e70365b9-ad41-11ef-83eb-e4a8dfc2a9a8,ld50,12,29,0.21430663764476776,0.08988642692565918,12990.0,0.2665945291519165,123,1
StandardGSGP,e70365b9-ad41-11ef-83eb-e4a8dfc2a9a8,ld50,12,30,0.21430663764476776,0.09160542488098145,13472.0,0.2665945291519165,123,1
StandardGSGP,e70365b9-ad41-11ef-83eb-e4a8dfc2a9a8,ld50,12,31,0.21430663764476776,0.09151887893676758,14014.0,0.2665945291519165,123,1
StandardGSGP,e70365b9-ad41-11ef-83eb-e4a8dfc2a9a8,ld50,12,32,0.21425385773181915,0.09073162078857422,14640.0,0.2666870057582855,129,1
StandardGSGP,e70365b9-ad41-11ef-83eb-e4a8dfc2a9a8,ld50,12,33,0.21425385773181915,0.0900123119354248,14998.0,0.2666870057582855,129,1
StandardGSGP,e70365b9-ad41-11ef-83eb-e4a8dfc2a9a8,ld50,12,34,0.2140665054321289,0.09130716323852539,15396.0,0.26666203141212463,135,1
StandardGSGP,e70365b9-ad41-11ef-83eb-e4a8dfc2a9a8,ld50,12,35,0.21375922858715057,0.08604598045349121,15904.0,0.25944510102272034,165,1
StandardGSGP,e70365b9-ad41-11ef-83eb-e4a8dfc2a9a8,ld50,12,36,0.21375922858715057,0.08870840072631836,16140.0,0.25944510102272034,165,1
StandardGSGP,e70365b9-ad41-11ef-83eb-e4a8dfc2a9a8,ld50,12,37,0.2129685878753662,0.10591864585876465,16472.0,0.2571522295475006,171,1
StandardGSGP,e70365b9-ad41-11ef-83eb-e4a8dfc2a9a8,ld50,12,38,0.21030820906162262,0.09684419631958008,16954.0,0.2625196576118469,177,1
StandardGSGP,e70365b9-ad41-11ef-83eb-e4a8dfc2a9a8,ld50,12,39,0.21013671159744263,0.09075355529785156,17254.0,0.26361754536628723,183,1
StandardGSGP,e70365b9-ad41-11ef-83eb-e4a8dfc2a9a8,ld50,12,40,0.21013671159744263,0.09853410720825195,18110.0,0.26361754536628723,183,1
StandardGSGP,e70365b9-ad41-11ef-83eb-e4a8dfc2a9a8,ld50,12,41,0.21013671159744263,0.08962297439575195,18842.0,0.26361754536628723,183,1
StandardGSGP,e70365b9-ad41-11ef-83eb-e4a8dfc2a9a8,ld50,12,42,0.21013671159744263,0.09023427963256836,19492.0,0.26361754536628723,183,1
StandardGSGP,e70365b9-ad41-11ef-83eb-e4a8dfc2a9a8,ld50,12,43,0.21013671159744263,0.08777689933776855,20104.0,0.26361754536628723,183,1
StandardGSGP,e70365b9-ad41-11ef-83eb-e4a8dfc2a9a8,ld50,12,44,0.21010765433311462,0.09131407737731934,20624.0,0.2604483962059021,207,1
StandardGSGP,e70365b9-ad41-11ef-83eb-e4a8dfc2a9a8,ld50,12,45,0.21010765433311462,0.0883326530456543,20982.0,0.2604483962059021,207,1
StandardGSGP,e70365b9-ad41-11ef-83eb-e4a8dfc2a9a8,ld50,12,46,0.21010765433311462,0.0939168930053711,21510.0,0.2604483962059021,207,1
StandardGSGP,e70365b9-ad41-11ef-83eb-e4a8dfc2a9a8,ld50,12,47,0.20927435159683228,0.09650516510009766,21872.0,0.26063796877861023,213,1
StandardGSGP,e70365b9-ad41-11ef-83eb-e4a8dfc2a9a8,ld50,12,48,0.20927435159683228,0.10527300834655762,22258.0,0.26063796877861023,213,1
StandardGSGP,e70365b9-ad41-11ef-83eb-e4a8dfc2a9a8,ld50,12,49,0.20829592645168304,0.10090517997741699,22410.0,0.2548292577266693,219,1
StandardGSGP,e70365b9-ad41-11ef-83eb-e4a8dfc2a9a8,ld50,12,50,0.20605921745300293,0.1665515899658203,23056.0,0.25670841336250305,231,1
StandardGSGP,e70365b9-ad41-11ef-83eb-e4a8dfc2a9a8,ld50,12,51,0.20605921745300293,0.09417200088500977,23548.0,0.25670841336250305,231,1
StandardGSGP,e70365b9-ad41-11ef-83eb-e4a8dfc2a9a8,ld50,12,52,0.20605921745300293,0.08920526504516602,24088.0,0.25670841336250305,231,1
StandardGSGP,e70365b9-ad41-11ef-83eb-e4a8dfc2a9a8,ld50,12,53,0.20605921745300293,0.09399056434631348,24452.0,0.25670841336250305,231,1
StandardGSGP,e70365b9-ad41-11ef-83eb-e4a8dfc2a9a8,ld50,12,54,0.20605921745300293,0.08785796165466309,24924.0,0.25670841336250305,231,1
StandardGSGP,e70365b9-ad41-11ef-83eb-e4a8dfc2a9a8,ld50,12,55,0.20604756474494934,0.089508056640625,25564.0,0.2565901279449463,237,1
StandardGSGP,e70365b9-ad41-11ef-83eb-e4a8dfc2a9a8,ld50,12,56,0.20604756474494934,0.09182071685791016,26176.0,0.2565901279449463,237,1
StandardGSGP,e70365b9-ad41-11ef-83eb-e4a8dfc2a9a8,ld50,12,57,0.20604756474494934,0.08680367469787598,26556.0,0.2565901279449463,237,1
StandardGSGP,e70365b9-ad41-11ef-83eb-e4a8dfc2a9a8,ld50,12,58,0.20604756474494934,0.09050822257995605,27130.0,0.2565901279449463,237,1
StandardGSGP,e70365b9-ad41-11ef-83eb-e4a8dfc2a9a8,ld50,12,59,0.20586702227592468,0.08951640129089355,27416.0,0.25687748193740845,243,1
StandardGSGP,e70365b9-ad41-11ef-83eb-e4a8dfc2a9a8,ld50,12,60,0.20586702227592468,0.09354329109191895,27746.0,0.25687748193740845,243,1
StandardGSGP,e70365b9-ad41-11ef-83eb-e4a8dfc2a9a8,ld50,12,61,0.20560404658317566,0.0882875919342041,27696.0,0.26601818203926086,267,1
StandardGSGP,e70365b9-ad41-11ef-83eb-e4a8dfc2a9a8,ld50,12,62,0.2050628364086151,0.09050893783569336,27510.0,0.25978490710258484,249,1
StandardGSGP,e70365b9-ad41-11ef-83eb-e4a8dfc2a9a8,ld50,12,63,0.20409557223320007,0.09092140197753906,27830.0,0.27500811219215393,279,1
StandardGSGP,e70365b9-ad41-11ef-83eb-e4a8dfc2a9a8,ld50,12,64,0.20409557223320007,0.09236598014831543,27902.0,0.27500811219215393,279,1
StandardGSGP,e70365b9-ad41-11ef-83eb-e4a8dfc2a9a8,ld50,12,65,0.20396766066551208,0.08678603172302246,28150.0,0.2753603160381317,285,1
StandardGSGP,e70365b9-ad41-11ef-83eb-e4a8dfc2a9a8,ld50,12,66,0.20396766066551208,0.10123658180236816,28578.0,0.2753603160381317,285,1
StandardGSGP,e70365b9-ad41-11ef-83eb-e4a8dfc2a9a8,ld50,12,67,0.20378148555755615,0.0905294418334961,29246.0,0.26951026916503906,303,1
StandardGSGP,e70365b9-ad41-11ef-83eb-e4a8dfc2a9a8,ld50,12,68,0.20378148555755615,0.0865170955657959,29814.0,0.26951026916503906,303,1
StandardGSGP,e70365b9-ad41-11ef-83eb-e4a8dfc2a9a8,ld50,12,69,0.2037445306777954,0.08801627159118652,30446.0,0.2696981728076935,311,1
StandardGSGP,e70365b9-ad41-11ef-83eb-e4a8dfc2a9a8,ld50,12,70,0.2032606601715088,0.08898448944091797,31030.0,0.2718871831893921,309,1
StandardGSGP,e70365b9-ad41-11ef-83eb-e4a8dfc2a9a8,ld50,12,71,0.2032606601715088,0.08751654624938965,31542.0,0.2718871831893921,309,1
StandardGSGP,e70365b9-ad41-11ef-83eb-e4a8dfc2a9a8,ld50,12,72,0.2032606601715088,0.0875093936920166,32196.0,0.2718871831893921,309,1
StandardGSGP,e70365b9-ad41-11ef-83eb-e4a8dfc2a9a8,ld50,12,73,0.2032576948404312,0.08615612983703613,32720.0,0.27202871441841125,315,1
StandardGSGP,e70365b9-ad41-11ef-83eb-e4a8dfc2a9a8,ld50,12,74,0.2032576948404312,0.08851265907287598,33112.0,0.27202871441841125,315,1
StandardGSGP,e70365b9-ad41-11ef-83eb-e4a8dfc2a9a8,ld50,12,75,0.2032576948404312,0.09230446815490723,33354.0,0.27202871441841125,315,1
StandardGSGP,e70365b9-ad41-11ef-83eb-e4a8dfc2a9a8,ld50,12,76,0.2032576948404312,0.09012627601623535,33720.0,0.27202871441841125,315,1
StandardGSGP,e70365b9-ad41-11ef-83eb-e4a8dfc2a9a8,ld50,12,77,0.2026423215866089,0.08740520477294922,33972.0,0.2722358703613281,321,1
StandardGSGP,e70365b9-ad41-11ef-83eb-e4a8dfc2a9a8,ld50,12,78,0.2026423215866089,0.08784341812133789,34522.0,0.2722358703613281,321,1
StandardGSGP,e70365b9-ad41-11ef-83eb-e4a8dfc2a9a8,ld50,12,79,0.2026423215866089,0.08607792854309082,35094.0,0.2722358703613281,321,1
StandardGSGP,e70365b9-ad41-11ef-83eb-e4a8dfc2a9a8,ld50,12,80,0.2022295594215393,0.0899655818939209,35568.0,0.27485817670822144,327,1
StandardGSGP,e70365b9-ad41-11ef-83eb-e4a8dfc2a9a8,ld50,12,81,0.2022295594215393,0.0998697280883789,35866.0,0.27485817670822144,327,1
StandardGSGP,e70365b9-ad41-11ef-83eb-e4a8dfc2a9a8,ld50,12,82,0.2022295594215393,0.09088015556335449,36006.0,0.27485817670822144,327,1
StandardGSGP,e70365b9-ad41-11ef-83eb-e4a8dfc2a9a8,ld50,12,83,0.2022295594215393,0.09131383895874023,36194.0,0.27485817670822144,327,1
StandardGSGP,e70365b9-ad41-11ef-83eb-e4a8dfc2a9a8,ld50,12,84,0.2022295594215393,0.08967828750610352,36588.0,0.27485817670822144,327,1
StandardGSGP,e70365b9-ad41-11ef-83eb-e4a8dfc2a9a8,ld50,12,85,0.2022295594215393,0.08882451057434082,37086.0,0.27485817670822144,327,1
StandardGSGP,e70365b9-ad41-11ef-83eb-e4a8dfc2a9a8,ld50,12,86,0.20213989913463593,0.09715032577514648,37062.0,0.27701589465141296,339,1
StandardGSGP,e70365b9-ad41-11ef-83eb-e4a8dfc2a9a8,ld50,12,87,0.20213989913463593,0.09055948257446289,37384.0,0.27701589465141296,339,1
StandardGSGP,e70365b9-ad41-11ef-83eb-e4a8dfc2a9a8,ld50,12,88,0.20170475542545319,0.09288620948791504,37352.0,0.27801722288131714,345,1
StandardGSGP,e70365b9-ad41-11ef-83eb-e4a8dfc2a9a8,ld50,12,89,0.20170475542545319,0.09250760078430176,37066.0,0.27801722288131714,345,1
StandardGSGP,e70365b9-ad41-11ef-83eb-e4a8dfc2a9a8,ld50,12,90,0.20170475542545319,0.09022235870361328,37024.0,0.27801722288131714,345,1
StandardGSGP,e70365b9-ad41-11ef-83eb-e4a8dfc2a9a8,ld50,12,91,0.20162533223628998,0.09251022338867188,37184.0,0.2778821587562561,351,1
StandardGSGP,e70365b9-ad41-11ef-83eb-e4a8dfc2a9a8,ld50,12,92,0.20072917640209198,0.09051895141601562,37434.0,0.2904552221298218,369,1
StandardGSGP,e70365b9-ad41-11ef-83eb-e4a8dfc2a9a8,ld50,12,93,0.20072917640209198,0.09251022338867188,38000.0,0.2904552221298218,369,1
StandardGSGP,e70365b9-ad41-11ef-83eb-e4a8dfc2a9a8,ld50,12,94,0.20072917640209198,0.08662700653076172,38432.0,0.2904552221298218,369,1
StandardGSGP,e70365b9-ad41-11ef-83eb-e4a8dfc2a9a8,ld50,12,95,0.20066089928150177,0.09452533721923828,38644.0,0.2914367914199829,375,1
StandardGSGP,e70365b9-ad41-11ef-83eb-e4a8dfc2a9a8,ld50,12,96,0.20066089928150177,0.08850812911987305,39246.0,0.2914367914199829,375,1
StandardGSGP,e70365b9-ad41-11ef-83eb-e4a8dfc2a9a8,ld50,12,97,0.20066089928150177,0.09567594528198242,39670.0,0.2914367914199829,375,1
StandardGSGP,e70365b9-ad41-11ef-83eb-e4a8dfc2a9a8,ld50,12,98,0.20066089928150177,0.09206151962280273,40000.0,0.2914367914199829,375,1
StandardGSGP,e70365b9-ad41-11ef-83eb-e4a8dfc2a9a8,ld50,12,99,0.20066089928150177,0.08927178382873535,40110.0,0.2914367914199829,375,1
StandardGSGP,e70365b9-ad41-11ef-83eb-e4a8dfc2a9a8,ld50,12,100,0.20066089928150177,0.09522867202758789,40422.0,0.2914367914199829,375,1
StandardGSGP,911716d2-ad42-11ef-86cc-e4a8dfc2a9a8,ld50,12,0,2349.404052734375,0.14033126831054688,1340.0,2525.174072265625,63,1
StandardGSGP,911716d2-ad42-11ef-86cc-e4a8dfc2a9a8,ld50,12,1,2349.341064453125,0.08553409576416016,1780.0,2525.1181640625,69,1
StandardGSGP,911716d2-ad42-11ef-86cc-e4a8dfc2a9a8,ld50,12,2,2349.17236328125,0.09588789939880371,2744.0,2524.959716796875,75,1
StandardGSGP,911716d2-ad42-11ef-86cc-e4a8dfc2a9a8,ld50,12,3,2349.142578125,0.08547258377075195,3866.0,2524.927734375,81,1
StandardGSGP,911716d2-ad42-11ef-86cc-e4a8dfc2a9a8,ld50,12,4,2349.024169921875,0.0881648063659668,5192.0,2524.812744140625,81,1
StandardGSGP,911716d2-ad42-11ef-86cc-e4a8dfc2a9a8,ld50,12,5,2348.786376953125,0.09207820892333984,7022.0,2524.59033203125,87,1
StandardGSGP,911716d2-ad42-11ef-86cc-e4a8dfc2a9a8,ld50,12,6,2348.537841796875,0.08800101280212402,9192.0,2524.343994140625,95,1
StandardGSGP,911716d2-ad42-11ef-86cc-e4a8dfc2a9a8,ld50,12,7,2348.43603515625,0.08586406707763672,10228.0,2524.190185546875,107,1
StandardGSGP,911716d2-ad42-11ef-86cc-e4a8dfc2a9a8,ld50,12,8,2348.3388671875,0.08585977554321289,10864.0,2524.144287109375,101,1
StandardGSGP,911716d2-ad42-11ef-86cc-e4a8dfc2a9a8,ld50,12,9,2348.07177734375,0.08986377716064453,11366.0,2523.829345703125,119,1
StandardGSGP,911716d2-ad42-11ef-86cc-e4a8dfc2a9a8,ld50,12,10,2347.93798828125,0.08560490608215332,11886.0,2523.689208984375,125,1
StandardGSGP,911716d2-ad42-11ef-86cc-e4a8dfc2a9a8,ld50,12,11,2347.711181640625,0.08933162689208984,12496.0,2523.462646484375,131,1
StandardGSGP,911716d2-ad42-11ef-86cc-e4a8dfc2a9a8,ld50,12,12,2347.540771484375,0.09589624404907227,13132.0,2523.29345703125,137,1
StandardGSGP,911716d2-ad42-11ef-86cc-e4a8dfc2a9a8,ld50,12,13,2347.405517578125,0.08528518676757812,13724.0,2523.165283203125,143,1
StandardGSGP,911716d2-ad42-11ef-86cc-e4a8dfc2a9a8,ld50,12,14,2347.387451171875,0.08322834968566895,14396.0,2523.14013671875,149,1
StandardGSGP,911716d2-ad42-11ef-86cc-e4a8dfc2a9a8,ld50,12,15,2347.387451171875,0.08401346206665039,14994.0,2523.14013671875,149,1
StandardGSGP,911716d2-ad42-11ef-86cc-e4a8dfc2a9a8,ld50,12,16,2347.255615234375,0.0985114574432373,15744.0,2523.010498046875,161,1
StandardGSGP,911716d2-ad42-11ef-86cc-e4a8dfc2a9a8,ld50,12,17,2347.080810546875,0.09010887145996094,16384.0,2522.877197265625,165,1
StandardGSGP,911716d2-ad42-11ef-86cc-e4a8dfc2a9a8,ld50,12,18,2347.027587890625,0.08377289772033691,16992.0,2522.852783203125,161,1
StandardGSGP,911716d2-ad42-11ef-86cc-e4a8dfc2a9a8,ld50,12,19,2346.99853515625,0.08976030349731445,17678.0,2522.801025390625,171,1
StandardGSGP,911716d2-ad42-11ef-86cc-e4a8dfc2a9a8,ld50,12,20,2346.841796875,0.08852243423461914,18270.0,2522.693115234375,167,1
StandardGSGP,911716d2-ad42-11ef-86cc-e4a8dfc2a9a8,ld50,12,21,2346.812744140625,0.09331440925598145,18776.0,2522.639404296875,181,1
StandardGSGP,911716d2-ad42-11ef-86cc-e4a8dfc2a9a8,ld50,12,22,2346.584716796875,0.08351397514343262,19302.0,2522.338623046875,197,1
StandardGSGP,911716d2-ad42-11ef-86cc-e4a8dfc2a9a8,ld50,12,23,2346.235595703125,0.08450984954833984,19862.0,2522.012451171875,203,1
StandardGSGP,911716d2-ad42-11ef-86cc-e4a8dfc2a9a8,ld50,12,24,2346.235595703125,0.09489250183105469,20460.0,2522.012451171875,203,1
StandardGSGP,911716d2-ad42-11ef-86cc-e4a8dfc2a9a8,ld50,12,25,2346.040283203125,0.08496236801147461,20984.0,2521.822021484375,209,1
StandardGSGP,911716d2-ad42-11ef-86cc-e4a8dfc2a9a8,ld50,12,26,2345.734375,0.08739328384399414,21512.0,2521.5322265625,215,1
StandardGSGP,911716d2-ad42-11ef-86cc-e4a8dfc2a9a8,ld50,12,27,2345.4677734375,0.08741116523742676,22084.0,2521.2490234375,221,1
StandardGSGP,911716d2-ad42-11ef-86cc-e4a8dfc2a9a8,ld50,12,28,2345.46337890625,0.10095953941345215,22622.0,2521.249267578125,227,1
StandardGSGP,911716d2-ad42-11ef-86cc-e4a8dfc2a9a8,ld50,12,29,2345.408447265625,0.10458755493164062,23194.0,2521.189697265625,227,1
StandardGSGP,911716d2-ad42-11ef-86cc-e4a8dfc2a9a8,ld50,12,30,2345.407958984375,0.09674620628356934,23730.0,2521.18701171875,233,1
StandardGSGP,911716d2-ad42-11ef-86cc-e4a8dfc2a9a8,ld50,12,31,2345.17041015625,0.08808684349060059,24238.0,2520.968994140625,245,1
StandardGSGP,911716d2-ad42-11ef-86cc-e4a8dfc2a9a8,ld50,12,32,2345.10888671875,0.09107041358947754,24804.0,2520.9072265625,251,1
StandardGSGP,911716d2-ad42-11ef-86cc-e4a8dfc2a9a8,ld50,12,33,2344.794921875,0.08776354789733887,25340.0,2520.59521484375,257,1
StandardGSGP,911716d2-ad42-11ef-86cc-e4a8dfc2a9a8,ld50,12,34,2344.733154296875,0.08757662773132324,25938.0,2520.524169921875,263,1
StandardGSGP,911716d2-ad42-11ef-86cc-e4a8dfc2a9a8,ld50,12,35,2344.71435546875,0.09094882011413574,26536.0,2520.503173828125,269,1
StandardGSGP,911716d2-ad42-11ef-86cc-e4a8dfc2a9a8,ld50,12,36,2344.342529296875,0.08815670013427734,27174.0,2520.1298828125,275,1
StandardGSGP,911716d2-ad42-11ef-86cc-e4a8dfc2a9a8,ld50,12,37,2344.16845703125,0.08592700958251953,27820.0,2519.95458984375,281,1
StandardGSGP,911716d2-ad42-11ef-86cc-e4a8dfc2a9a8,ld50,12,38,2343.7646484375,0.08300280570983887,28480.0,2519.560791015625,289,1
StandardGSGP,911716d2-ad42-11ef-86cc-e4a8dfc2a9a8,ld50,12,39,2343.7646484375,0.08902144432067871,29160.0,2519.560791015625,289,1
StandardGSGP,911716d2-ad42-11ef-86cc-e4a8dfc2a9a8,ld50,12,40,2343.68310546875,0.0873403549194336,29802.0,2519.47119140625,299,1
StandardGSGP,911716d2-ad42-11ef-86cc-e4a8dfc2a9a8,ld50,12,41,2343.63720703125,0.08684039115905762,30430.0,2519.407958984375,305,1
StandardGSGP,911716d2-ad42-11ef-86cc-e4a8dfc2a9a8,ld50,12,42,2343.45068359375,0.08687114715576172,31010.0,2519.210693359375,311,1
StandardGSGP,911716d2-ad42-11ef-86cc-e4a8dfc2a9a8,ld50,12,43,2343.31689453125,0.08651161193847656,31622.0,2519.1240234375,317,1
StandardGSGP,911716d2-ad42-11ef-86cc-e4a8dfc2a9a8,ld50,12,44,2343.220458984375,0.08669877052307129,32202.0,2518.996826171875,317,1
StandardGSGP,911716d2-ad42-11ef-86cc-e4a8dfc2a9a8,ld50,12,45,2343.204345703125,0.09516143798828125,32776.0,2519.01806640625,329,1
StandardGSGP,911716d2-ad42-11ef-86cc-e4a8dfc2a9a8,ld50,12,46,2343.12060546875,0.0892632007598877,33264.0,2518.89794921875,323,1
StandardGSGP,911716d2-ad42-11ef-86cc-e4a8dfc2a9a8,ld50,12,47,2342.852294921875,0.16113638877868652,33760.0,2518.62939453125,329,1
StandardGSGP,911716d2-ad42-11ef-86cc-e4a8dfc2a9a8,ld50,12,48,2342.74755859375,0.0868215560913086,34274.0,2518.50732421875,349,1
StandardGSGP,911716d2-ad42-11ef-86cc-e4a8dfc2a9a8,ld50,12,49,2342.591552734375,0.09478282928466797,34878.0,2518.34716796875,341,1
StandardGSGP,911716d2-ad42-11ef-86cc-e4a8dfc2a9a8,ld50,12,50,2342.397216796875,0.08501267433166504,35540.0,2518.154541015625,347,1
StandardGSGP,911716d2-ad42-11ef-86cc-e4a8dfc2a9a8,ld50,12,51,2342.332763671875,0.09232378005981445,36110.0,2518.1552734375,365,1
StandardGSGP,911716d2-ad42-11ef-86cc-e4a8dfc2a9a8,ld50,12,52,2342.166015625,0.08400726318359375,36664.0,2517.98486328125,371,1
StandardGSGP,911716d2-ad42-11ef-86cc-e4a8dfc2a9a8,ld50,12,53,2342.156005859375,0.08983063697814941,37166.0,2517.927001953125,373,1
StandardGSGP,911716d2-ad42-11ef-86cc-e4a8dfc2a9a8,ld50,12,54,2341.83984375,0.08618664741516113,37716.0,2517.607177734375,379,1
StandardGSGP,911716d2-ad42-11ef-86cc-e4a8dfc2a9a8,ld50,12,55,2341.823486328125,0.08623051643371582,38314.0,2517.5927734375,385,1
StandardGSGP,911716d2-ad42-11ef-86cc-e4a8dfc2a9a8,ld50,12,56,2341.550537109375,0.082855224609375,38866.0,2517.40478515625,395,1
StandardGSGP,911716d2-ad42-11ef-86cc-e4a8dfc2a9a8,ld50,12,57,2341.49462890625,0.08340120315551758,39434.0,2517.337646484375,401,1
StandardGSGP,911716d2-ad42-11ef-86cc-e4a8dfc2a9a8,ld50,12,58,2341.105224609375,0.08884286880493164,40160.0,2516.95654296875,407,1
StandardGSGP,911716d2-ad42-11ef-86cc-e4a8dfc2a9a8,ld50,12,59,2341.031982421875,0.08570408821105957,40864.0,2516.892333984375,407,1
StandardGSGP,911716d2-ad42-11ef-86cc-e4a8dfc2a9a8,ld50,12,60,2341.031982421875,0.09943389892578125,41484.0,2516.892333984375,407,1
StandardGSGP,911716d2-ad42-11ef-86cc-e4a8dfc2a9a8,ld50,12,61,2340.837158203125,0.08784627914428711,42078.0,2516.655029296875,419,1
StandardGSGP,911716d2-ad42-11ef-86cc-e4a8dfc2a9a8,ld50,12,62,2340.6181640625,0.08751487731933594,42684.0,2516.45263671875,425,1
StandardGSGP,911716d2-ad42-11ef-86cc-e4a8dfc2a9a8,ld50,12,63,2340.6181640625,0.09396743774414062,43264.0,2516.45263671875,425,1
StandardGSGP,911716d2-ad42-11ef-86cc-e4a8dfc2a9a8,ld50,12,64,2340.51513671875,0.08608627319335938,43778.0,2516.33349609375,437,1
StandardGSGP,911716d2-ad42-11ef-86cc-e4a8dfc2a9a8,ld50,12,65,2340.0517578125,0.08477973937988281,44210.0,2515.858154296875,443,1
StandardGSGP,911716d2-ad42-11ef-86cc-e4a8dfc2a9a8,ld50,12,66,2340.0517578125,0.08350634574890137,44762.0,2515.858154296875,443,1
StandardGSGP,911716d2-ad42-11ef-86cc-e4a8dfc2a9a8,ld50,12,67,2339.99267578125,0.08396053314208984,45270.0,2515.798583984375,443,1
StandardGSGP,911716d2-ad42-11ef-86cc-e4a8dfc2a9a8,ld50,12,68,2339.735107421875,0.08711695671081543,45838.0,2515.54052734375,455,1
StandardGSGP,911716d2-ad42-11ef-86cc-e4a8dfc2a9a8,ld50,12,69,2339.735107421875,0.086517333984375,46246.0,2515.54052734375,455,1
StandardGSGP,911716d2-ad42-11ef-86cc-e4a8dfc2a9a8,ld50,12,70,2339.697265625,0.08650946617126465,46722.0,2515.500244140625,467,1
StandardGSGP,911716d2-ad42-11ef-86cc-e4a8dfc2a9a8,ld50,12,71,2339.219970703125,0.09972524642944336,47230.0,2515.033447265625,467,1
StandardGSGP,911716d2-ad42-11ef-86cc-e4a8dfc2a9a8,ld50,12,72,2339.219970703125,0.09253382682800293,47770.0,2515.033447265625,467,1
StandardGSGP,911716d2-ad42-11ef-86cc-e4a8dfc2a9a8,ld50,12,73,2338.998291015625,0.09302377700805664,48324.0,2514.8154296875,485,1
StandardGSGP,911716d2-ad42-11ef-86cc-e4a8dfc2a9a8,ld50,12,74,2338.78466796875,0.0875084400177002,48806.0,2514.6142578125,491,1
StandardGSGP,911716d2-ad42-11ef-86cc-e4a8dfc2a9a8,ld50,12,75,2338.541259765625,0.09144473075866699,49354.0,2514.36181640625,491,1
StandardGSGP,911716d2-ad42-11ef-86cc-e4a8dfc2a9a8,ld50,12,76,2338.47314453125,0.08901071548461914,49888.0,2514.31640625,503,1
StandardGSGP,911716d2-ad42-11ef-86cc-e4a8dfc2a9a8,ld50,12,77,2338.394775390625,0.08612704277038574,50416.0,2514.215576171875,497,1
StandardGSGP,911716d2-ad42-11ef-86cc-e4a8dfc2a9a8,ld50,12,78,2338.25732421875,0.0837397575378418,50976.0,2514.0673828125,503,1
StandardGSGP,911716d2-ad42-11ef-86cc-e4a8dfc2a9a8,ld50,12,79,2338.18359375,0.08651089668273926,51586.0,2514.025390625,521,1
StandardGSGP,911716d2-ad42-11ef-86cc-e4a8dfc2a9a8,ld50,12,80,2338.08349609375,0.08650827407836914,52186.0,2513.90234375,515,1
StandardGSGP,911716d2-ad42-11ef-86cc-e4a8dfc2a9a8,ld50,12,81,2337.916015625,0.11094117164611816,52734.0,2513.7568359375,527,1
StandardGSGP,911716d2-ad42-11ef-86cc-e4a8dfc2a9a8,ld50,12,82,2337.77294921875,0.0979008674621582,53288.0,2513.641845703125,533,1
StandardGSGP,911716d2-ad42-11ef-86cc-e4a8dfc2a9a8,ld50,12,83,2337.75634765625,0.09040594100952148,53952.0,2513.603271484375,545,1
StandardGSGP,911716d2-ad42-11ef-86cc-e4a8dfc2a9a8,ld50,12,84,2337.36572265625,0.08697175979614258,54486.0,2513.18212890625,539,1
StandardGSGP,911716d2-ad42-11ef-86cc-e4a8dfc2a9a8,ld50,12,85,2337.36572265625,0.08814454078674316,55076.0,2513.18212890625,539,1
StandardGSGP,911716d2-ad42-11ef-86cc-e4a8dfc2a9a8,ld50,12,86,2337.155517578125,0.08451080322265625,55620.0,2513.123291015625,557,1
StandardGSGP,911716d2-ad42-11ef-86cc-e4a8dfc2a9a8,ld50,12,87,2337.155517578125,0.08800554275512695,56172.0,2513.123291015625,557,1
StandardGSGP,911716d2-ad42-11ef-86cc-e4a8dfc2a9a8,ld50,12,88,2337.09228515625,0.08334469795227051,56682.0,2512.881591796875,557,1
StandardGSGP,911716d2-ad42-11ef-86cc-e4a8dfc2a9a8,ld50,12,89,2336.6318359375,0.0855109691619873,57160.0,2512.435302734375,563,1
StandardGSGP,911716d2-ad42-11ef-86cc-e4a8dfc2a9a8,ld50,12,90,2336.6318359375,0.08366703987121582,57626.0,2512.435302734375,563,1
StandardGSGP,911716d2-ad42-11ef-86cc-e4a8dfc2a9a8,ld50,12,91,2336.543212890625,0.08491921424865723,58002.0,2512.3857421875,575,1
StandardGSGP,911716d2-ad42-11ef-86cc-e4a8dfc2a9a8,ld50,12,92,2336.1884765625,0.0855095386505127,58430.0,2512.089599609375,581,1
StandardGSGP,911716d2-ad42-11ef-86cc-e4a8dfc2a9a8,ld50,12,93,2336.170166015625,0.08261919021606445,58896.0,2512.0576171875,587,1
StandardGSGP,911716d2-ad42-11ef-86cc-e4a8dfc2a9a8,ld50,12,94,2336.146728515625,0.08300423622131348,59378.0,2512.03857421875,593,1
StandardGSGP,911716d2-ad42-11ef-86cc-e4a8dfc2a9a8,ld50,12,95,2335.918701171875,0.08450603485107422,59930.0,2511.845947265625,611,1
StandardGSGP,911716d2-ad42-11ef-86cc-e4a8dfc2a9a8,ld50,12,96,2335.918701171875,0.08451151847839355,60480.0,2511.845947265625,611,1
StandardGSGP,911716d2-ad42-11ef-86cc-e4a8dfc2a9a8,ld50,12,97,2335.7578125,0.0835118293762207,60994.0,2511.69189453125,623,1
StandardGSGP,911716d2-ad42-11ef-86cc-e4a8dfc2a9a8,ld50,12,98,2335.65478515625,0.08350968360900879,61650.0,2511.50146484375,611,1
StandardGSGP,911716d2-ad42-11ef-86cc-e4a8dfc2a9a8,ld50,12,99,2335.37548828125,0.08827877044677734,62078.0,2511.289306640625,617,1
StandardGSGP,911716d2-ad42-11ef-86cc-e4a8dfc2a9a8,ld50,12,100,2335.156005859375,0.0876607894897461,62718.0,2511.080322265625,623,1
