StandardGSGP,42fd6946-ad42-11ef-b11d-e4a8dfc2a9a8,ld50,28,0,0.23798133432865143,0.04720783233642578,400.0,0.2217932939529419,7,1
StandardGSGP,42fd6946-ad42-11ef-b11d-e4a8dfc2a9a8,ld50,28,1,0.23706670105457306,0.0928487777709961,954.0,0.35233137011528015,9,1
StandardGSGP,42fd6946-ad42-11ef-b11d-e4a8dfc2a9a8,ld50,28,2,0.23463858664035797,0.09100627899169922,1534.0,0.22002550959587097,19,1
StandardGSGP,42fd6946-ad42-11ef-b11d-e4a8dfc2a9a8,ld50,28,3,0.23306065797805786,0.09223771095275879,2158.0,0.22803598642349243,25,1
StandardGSGP,42fd6946-ad42-11ef-b11d-e4a8dfc2a9a8,ld50,28,4,0.23008470237255096,0.08866238594055176,2752.0,0.2299513816833496,31,1
StandardGSGP,42fd6946-ad42-11ef-b11d-e4a8dfc2a9a8,ld50,28,5,0.22646509110927582,0.08976483345031738,3420.0,0.3613249659538269,33,1
StandardGSGP,42fd6946-ad42-11ef-b11d-e4a8dfc2a9a8,ld50,28,6,0.22411656379699707,0.09250903129577637,4018.0,0.36583101749420166,39,1
StandardGSGP,42fd6946-ad42-11ef-b11d-e4a8dfc2a9a8,ld50,28,7,0.22411656379699707,0.0883638858795166,4646.0,0.36583101749420166,39,1
StandardGSGP,42fd6946-ad42-11ef-b11d-e4a8dfc2a9a8,ld50,28,8,0.22013559937477112,0.09336233139038086,5196.0,0.3599473834037781,45,1
StandardGSGP,42fd6946-ad42-11ef-b11d-e4a8dfc2a9a8,ld50,28,9,0.2199355661869049,0.09150910377502441,5762.0,0.3571116328239441,51,1
StandardGSGP,42fd6946-ad42-11ef-b11d-e4a8dfc2a9a8,ld50,28,10,0.2199355661869049,0.0886380672454834,6268.0,0.3571116328239441,51,1
StandardGSGP,42fd6946-ad42-11ef-b11d-e4a8dfc2a9a8,ld50,28,11,0.21956071257591248,0.09324860572814941,6626.0,0.35983332991600037,57,1
StandardGSGP,42fd6946-ad42-11ef-b11d-e4a8dfc2a9a8,ld50,28,12,0.21837855875492096,0.09335923194885254,7086.0,0.3546733856201172,57,1
StandardGSGP,42fd6946-ad42-11ef-b11d-e4a8dfc2a9a8,ld50,28,13,0.21684351563453674,0.08677124977111816,7358.0,0.3539203703403473,63,1
StandardGSGP,42fd6946-ad42-11ef-b11d-e4a8dfc2a9a8,ld50,28,14,0.21684351563453674,0.08600449562072754,7744.0,0.3539203703403473,63,1
StandardGSGP,42fd6946-ad42-11ef-b11d-e4a8dfc2a9a8,ld50,28,15,0.21684351563453674,0.08791112899780273,8100.0,0.3539203703403473,63,1
StandardGSGP,42fd6946-ad42-11ef-b11d-e4a8dfc2a9a8,ld50,28,16,0.21684351563453674,0.10589146614074707,8544.0,0.3539203703403473,63,1
StandardGSGP,42fd6946-ad42-11ef-b11d-e4a8dfc2a9a8,ld50,28,17,0.2162896990776062,0.0895085334777832,8874.0,0.3568313419818878,69,1
StandardGSGP,42fd6946-ad42-11ef-b11d-e4a8dfc2a9a8,ld50,28,18,0.2162896990776062,0.08851027488708496,9316.0,0.3568313419818878,69,1
StandardGSGP,42fd6946-ad42-11ef-b11d-e4a8dfc2a9a8,ld50,28,19,0.2162896990776062,0.09424686431884766,9824.0,0.3568313419818878,69,1
StandardGSGP,42fd6946-ad42-11ef-b11d-e4a8dfc2a9a8,ld50,28,20,0.2162896990776062,0.10183048248291016,10386.0,0.3568313419818878,69,1
StandardGSGP,42fd6946-ad42-11ef-b11d-e4a8dfc2a9a8,ld50,28,21,0.21603751182556152,0.0875093936920166,10672.0,0.3664957582950592,81,1
StandardGSGP,42fd6946-ad42-11ef-b11d-e4a8dfc2a9a8,ld50,28,22,0.21603751182556152,0.0882418155670166,11074.0,0.3664957582950592,81,1
StandardGSGP,42fd6946-ad42-11ef-b11d-e4a8dfc2a9a8,ld50,28,23,0.21603751182556152,0.08870816230773926,11260.0,0.3664957582950592,81,1
StandardGSGP,42fd6946-ad42-11ef-b11d-e4a8dfc2a9a8,ld50,28,24,0.21489453315734863,0.08751249313354492,11652.0,0.3606998920440674,99,1
StandardGSGP,42fd6946-ad42-11ef-b11d-e4a8dfc2a9a8,ld50,28,25,0.21489453315734863,0.09551262855529785,11878.0,0.3606998920440674,99,1
StandardGSGP,42fd6946-ad42-11ef-b11d-e4a8dfc2a9a8,ld50,28,26,0.21399767696857452,0.10072183609008789,12074.0,0.36261290311813354,105,1
StandardGSGP,42fd6946-ad42-11ef-b11d-e4a8dfc2a9a8,ld50,28,27,0.21399767696857452,0.09150958061218262,12426.0,0.36261290311813354,105,1
StandardGSGP,42fd6946-ad42-11ef-b11d-e4a8dfc2a9a8,ld50,28,28,0.2139347493648529,0.09587740898132324,12808.0,0.358737975358963,111,1
StandardGSGP,42fd6946-ad42-11ef-b11d-e4a8dfc2a9a8,ld50,28,29,0.2139347493648529,0.09542512893676758,13356.0,0.358737975358963,111,1
StandardGSGP,42fd6946-ad42-11ef-b11d-e4a8dfc2a9a8,ld50,28,30,0.2139347493648529,0.08752799034118652,13738.0,0.358737975358963,111,1
StandardGSGP,42fd6946-ad42-11ef-b11d-e4a8dfc2a9a8,ld50,28,31,0.2129393368959427,0.09445929527282715,14302.0,0.3725165128707886,141,1
StandardGSGP,42fd6946-ad42-11ef-b11d-e4a8dfc2a9a8,ld50,28,32,0.2129393368959427,0.09050798416137695,14460.0,0.3725165128707886,141,1
StandardGSGP,42fd6946-ad42-11ef-b11d-e4a8dfc2a9a8,ld50,28,33,0.2129393368959427,0.09125137329101562,14360.0,0.3725165128707886,141,1
StandardGSGP,42fd6946-ad42-11ef-b11d-e4a8dfc2a9a8,ld50,28,34,0.2129393368959427,0.08851194381713867,14842.0,0.3725165128707886,141,1
StandardGSGP,42fd6946-ad42-11ef-b11d-e4a8dfc2a9a8,ld50,28,35,0.21227146685123444,0.09279346466064453,15098.0,0.38289132714271545,147,1
StandardGSGP,42fd6946-ad42-11ef-b11d-e4a8dfc2a9a8,ld50,28,36,0.21217884123325348,0.08685445785522461,15550.0,0.38348039984703064,153,1
StandardGSGP,42fd6946-ad42-11ef-b11d-e4a8dfc2a9a8,ld50,28,37,0.21206456422805786,0.08981537818908691,16138.0,0.38389021158218384,153,1
StandardGSGP,42fd6946-ad42-11ef-b11d-e4a8dfc2a9a8,ld50,28,38,0.2119525671005249,0.08913516998291016,16540.0,0.38471174240112305,159,1
StandardGSGP,42fd6946-ad42-11ef-b11d-e4a8dfc2a9a8,ld50,28,39,0.2116081714630127,0.08851122856140137,16904.0,0.3832375109195709,159,1
StandardGSGP,42fd6946-ad42-11ef-b11d-e4a8dfc2a9a8,ld50,28,40,0.2116081714630127,0.08850908279418945,17414.0,0.3832375109195709,159,1
StandardGSGP,42fd6946-ad42-11ef-b11d-e4a8dfc2a9a8,ld50,28,41,0.21147578954696655,0.08973097801208496,17884.0,0.383466511964798,171,1
StandardGSGP,42fd6946-ad42-11ef-b11d-e4a8dfc2a9a8,ld50,28,42,0.21147578954696655,0.0890038013458252,18398.0,0.383466511964798,171,1
StandardGSGP,42fd6946-ad42-11ef-b11d-e4a8dfc2a9a8,ld50,28,43,0.21098320186138153,0.0918421745300293,18878.0,0.3790675103664398,177,1
StandardGSGP,42fd6946-ad42-11ef-b11d-e4a8dfc2a9a8,ld50,28,44,0.2108929604291916,0.09291315078735352,19276.0,0.37725627422332764,183,1
StandardGSGP,42fd6946-ad42-11ef-b11d-e4a8dfc2a9a8,ld50,28,45,0.21059590578079224,0.0895078182220459,19598.0,0.37893155217170715,195,1
StandardGSGP,42fd6946-ad42-11ef-b11d-e4a8dfc2a9a8,ld50,28,46,0.21059590578079224,0.0885157585144043,20260.0,0.37893155217170715,195,1
StandardGSGP,42fd6946-ad42-11ef-b11d-e4a8dfc2a9a8,ld50,28,47,0.21059590578079224,0.08997225761413574,20554.0,0.37893155217170715,195,1
StandardGSGP,42fd6946-ad42-11ef-b11d-e4a8dfc2a9a8,ld50,28,48,0.2101108282804489,0.09306144714355469,21078.0,0.38279208540916443,201,1
StandardGSGP,42fd6946-ad42-11ef-b11d-e4a8dfc2a9a8,ld50,28,49,0.20989549160003662,0.1707134246826172,21352.0,0.3819424510002136,207,1
StandardGSGP,42fd6946-ad42-11ef-b11d-e4a8dfc2a9a8,ld50,28,50,0.20976416766643524,0.0912938117980957,21614.0,0.38310834765434265,213,1
StandardGSGP,42fd6946-ad42-11ef-b11d-e4a8dfc2a9a8,ld50,28,51,0.20976372063159943,0.09495735168457031,22126.0,0.3788011968135834,231,1
StandardGSGP,42fd6946-ad42-11ef-b11d-e4a8dfc2a9a8,ld50,28,52,0.20974023640155792,0.09289360046386719,22698.0,0.38220715522766113,219,1
StandardGSGP,42fd6946-ad42-11ef-b11d-e4a8dfc2a9a8,ld50,28,53,0.20974023640155792,0.08995723724365234,23234.0,0.38220715522766113,219,1
StandardGSGP,42fd6946-ad42-11ef-b11d-e4a8dfc2a9a8,ld50,28,54,0.20974023640155792,0.09662628173828125,23800.0,0.38220715522766113,219,1
StandardGSGP,42fd6946-ad42-11ef-b11d-e4a8dfc2a9a8,ld50,28,55,0.20974023640155792,0.08924722671508789,24444.0,0.38220715522766113,219,1
StandardGSGP,42fd6946-ad42-11ef-b11d-e4a8dfc2a9a8,ld50,28,56,0.20972813665866852,0.08850765228271484,24790.0,0.3820189833641052,225,1
StandardGSGP,42fd6946-ad42-11ef-b11d-e4a8dfc2a9a8,ld50,28,57,0.2091824859380722,0.08774137496948242,24826.0,0.3779089152812958,261,1
StandardGSGP,42fd6946-ad42-11ef-b11d-e4a8dfc2a9a8,ld50,28,58,0.2091824859380722,0.0915994644165039,25292.0,0.3779089152812958,261,1
StandardGSGP,42fd6946-ad42-11ef-b11d-e4a8dfc2a9a8,ld50,28,59,0.2091824859380722,0.09053540229797363,25810.0,0.3779089152812958,261,1
StandardGSGP,42fd6946-ad42-11ef-b11d-e4a8dfc2a9a8,ld50,28,60,0.2091824859380722,0.09053516387939453,26428.0,0.3779089152812958,261,1
StandardGSGP,42fd6946-ad42-11ef-b11d-e4a8dfc2a9a8,ld50,28,61,0.20863738656044006,0.0905454158782959,26954.0,0.3692285120487213,267,1
StandardGSGP,42fd6946-ad42-11ef-b11d-e4a8dfc2a9a8,ld50,28,62,0.20863738656044006,0.0898740291595459,27422.0,0.3692285120487213,267,1
StandardGSGP,42fd6946-ad42-11ef-b11d-e4a8dfc2a9a8,ld50,28,63,0.20863738656044006,0.09385085105895996,27876.0,0.3692285120487213,267,1
StandardGSGP,42fd6946-ad42-11ef-b11d-e4a8dfc2a9a8,ld50,28,64,0.20803296566009521,0.0885171890258789,28684.0,0.3663505017757416,273,1
StandardGSGP,42fd6946-ad42-11ef-b11d-e4a8dfc2a9a8,ld50,28,65,0.20676976442337036,0.08771038055419922,29334.0,0.36751314997673035,279,1
StandardGSGP,42fd6946-ad42-11ef-b11d-e4a8dfc2a9a8,ld50,28,66,0.20676976442337036,0.08714699745178223,29690.0,0.36751314997673035,279,1
StandardGSGP,42fd6946-ad42-11ef-b11d-e4a8dfc2a9a8,ld50,28,67,0.2057487517595291,0.08773541450500488,30180.0,0.3759433627128601,285,1
StandardGSGP,42fd6946-ad42-11ef-b11d-e4a8dfc2a9a8,ld50,28,68,0.2057487517595291,0.08751249313354492,30358.0,0.3759433627128601,285,1
StandardGSGP,42fd6946-ad42-11ef-b11d-e4a8dfc2a9a8,ld50,28,69,0.20500512421131134,0.08951568603515625,30542.0,0.3713137209415436,303,1
StandardGSGP,42fd6946-ad42-11ef-b11d-e4a8dfc2a9a8,ld50,28,70,0.20500512421131134,0.09024190902709961,31158.0,0.3713137209415436,303,1
StandardGSGP,42fd6946-ad42-11ef-b11d-e4a8dfc2a9a8,ld50,28,71,0.20408093929290771,0.09750986099243164,31722.0,0.3704092800617218,309,1
StandardGSGP,42fd6946-ad42-11ef-b11d-e4a8dfc2a9a8,ld50,28,72,0.20408093929290771,0.09253883361816406,31816.0,0.3704092800617218,309,1
StandardGSGP,42fd6946-ad42-11ef-b11d-e4a8dfc2a9a8,ld50,28,73,0.203932523727417,0.08796453475952148,32416.0,0.3691200613975525,315,1
StandardGSGP,42fd6946-ad42-11ef-b11d-e4a8dfc2a9a8,ld50,28,74,0.20378263294696808,0.09461426734924316,32842.0,0.3683077096939087,315,1
StandardGSGP,42fd6946-ad42-11ef-b11d-e4a8dfc2a9a8,ld50,28,75,0.20373181998729706,0.08770179748535156,33056.0,0.3676820695400238,321,1
StandardGSGP,42fd6946-ad42-11ef-b11d-e4a8dfc2a9a8,ld50,28,76,0.20326188206672668,0.09910917282104492,33428.0,0.3676983118057251,333,1
StandardGSGP,42fd6946-ad42-11ef-b11d-e4a8dfc2a9a8,ld50,28,77,0.20326188206672668,0.09472346305847168,33710.0,0.3676983118057251,333,1
StandardGSGP,42fd6946-ad42-11ef-b11d-e4a8dfc2a9a8,ld50,28,78,0.20307980477809906,0.0905141830444336,34174.0,0.3714308440685272,333,1
StandardGSGP,42fd6946-ad42-11ef-b11d-e4a8dfc2a9a8,ld50,28,79,0.20286516845226288,0.09050607681274414,34514.0,0.3710273504257202,339,1
StandardGSGP,42fd6946-ad42-11ef-b11d-e4a8dfc2a9a8,ld50,28,80,0.20286516845226288,0.09069061279296875,34888.0,0.3710273504257202,339,1
StandardGSGP,42fd6946-ad42-11ef-b11d-e4a8dfc2a9a8,ld50,28,81,0.20279449224472046,0.09123802185058594,35254.0,0.3599809408187866,351,1
StandardGSGP,42fd6946-ad42-11ef-b11d-e4a8dfc2a9a8,ld50,28,82,0.20251041650772095,0.08882331848144531,35688.0,0.35960853099823,357,1
StandardGSGP,42fd6946-ad42-11ef-b11d-e4a8dfc2a9a8,ld50,28,83,0.20239324867725372,0.08989477157592773,36190.0,0.36935165524482727,357,1
StandardGSGP,42fd6946-ad42-11ef-b11d-e4a8dfc2a9a8,ld50,28,84,0.20239324867725372,0.08867621421813965,36634.0,0.36935165524482727,357,1
StandardGSGP,42fd6946-ad42-11ef-b11d-e4a8dfc2a9a8,ld50,28,85,0.20239324867725372,0.09451055526733398,37132.0,0.36935165524482727,357,1
StandardGSGP,42fd6946-ad42-11ef-b11d-e4a8dfc2a9a8,ld50,28,86,0.20239324867725372,0.10064029693603516,37518.0,0.36935165524482727,357,1
StandardGSGP,42fd6946-ad42-11ef-b11d-e4a8dfc2a9a8,ld50,28,87,0.20239324867725372,0.09756994247436523,37842.0,0.36935165524482727,357,1
StandardGSGP,42fd6946-ad42-11ef-b11d-e4a8dfc2a9a8,ld50,28,88,0.20226269960403442,0.08986806869506836,38314.0,0.3691037893295288,363,1
StandardGSGP,42fd6946-ad42-11ef-b11d-e4a8dfc2a9a8,ld50,28,89,0.20226269960403442,0.09201693534851074,38562.0,0.3691037893295288,363,1
StandardGSGP,42fd6946-ad42-11ef-b11d-e4a8dfc2a9a8,ld50,28,90,0.20226269960403442,0.0947723388671875,38656.0,0.3691037893295288,363,1
StandardGSGP,42fd6946-ad42-11ef-b11d-e4a8dfc2a9a8,ld50,28,91,0.20219199359416962,0.10151243209838867,39032.0,0.37060558795928955,369,1
StandardGSGP,42fd6946-ad42-11ef-b11d-e4a8dfc2a9a8,ld50,28,92,0.20206481218338013,0.09750795364379883,39156.0,0.3677082657814026,369,1
StandardGSGP,42fd6946-ad42-11ef-b11d-e4a8dfc2a9a8,ld50,28,93,0.20206481218338013,0.09637188911437988,39472.0,0.3677082657814026,369,1
StandardGSGP,42fd6946-ad42-11ef-b11d-e4a8dfc2a9a8,ld50,28,94,0.20206481218338013,0.09551119804382324,39616.0,0.3677082657814026,369,1
StandardGSGP,42fd6946-ad42-11ef-b11d-e4a8dfc2a9a8,ld50,28,95,0.20206481218338013,0.09176206588745117,40142.0,0.3677082657814026,369,1
StandardGSGP,42fd6946-ad42-11ef-b11d-e4a8dfc2a9a8,ld50,28,96,0.20206297934055328,0.0965571403503418,40626.0,0.3678446412086487,375,1
StandardGSGP,42fd6946-ad42-11ef-b11d-e4a8dfc2a9a8,ld50,28,97,0.20206297934055328,0.10508441925048828,40612.0,0.3678446412086487,375,1
StandardGSGP,42fd6946-ad42-11ef-b11d-e4a8dfc2a9a8,ld50,28,98,0.20161020755767822,0.1005103588104248,40928.0,0.3711666166782379,423,1
StandardGSGP,42fd6946-ad42-11ef-b11d-e4a8dfc2a9a8,ld50,28,99,0.20161020755767822,0.0939795970916748,41434.0,0.3711666166782379,423,1
StandardGSGP,42fd6946-ad42-11ef-b11d-e4a8dfc2a9a8,ld50,28,100,0.20137007534503937,0.09351062774658203,41766.0,0.3731358051300049,435,1
StandardGSGP,ea4bf87c-ad42-11ef-80d2-e4a8dfc2a9a8,ld50,28,0,2195.649658203125,0.12647700309753418,1344.0,1966.6473388671875,31,1
StandardGSGP,ea4bf87c-ad42-11ef-80d2-e4a8dfc2a9a8,ld50,28,1,2195.625,0.08601236343383789,1544.0,1966.6767578125,37,1
StandardGSGP,ea4bf87c-ad42-11ef-80d2-e4a8dfc2a9a8,ld50,28,2,2195.6005859375,0.08350682258605957,2014.0,1966.6483154296875,37,1
StandardGSGP,ea4bf87c-ad42-11ef-80d2-e4a8dfc2a9a8,ld50,28,3,2195.505859375,0.08504843711853027,2906.0,1966.58642578125,49,1
StandardGSGP,ea4bf87c-ad42-11ef-80d2-e4a8dfc2a9a8,ld50,28,4,2195.21484375,0.08376336097717285,3968.0,1966.36962890625,55,1
StandardGSGP,ea4bf87c-ad42-11ef-80d2-e4a8dfc2a9a8,ld50,28,5,2195.21484375,0.08791232109069824,5266.0,1966.36962890625,55,1
StandardGSGP,ea4bf87c-ad42-11ef-80d2-e4a8dfc2a9a8,ld50,28,6,2195.107177734375,0.0895082950592041,6162.0,1966.2904052734375,61,1
StandardGSGP,ea4bf87c-ad42-11ef-80d2-e4a8dfc2a9a8,ld50,28,7,2195.008056640625,0.0846855640411377,7118.0,1966.216064453125,61,1
StandardGSGP,ea4bf87c-ad42-11ef-80d2-e4a8dfc2a9a8,ld50,28,8,2194.956298828125,0.08400440216064453,7696.0,1966.1729736328125,67,1
StandardGSGP,ea4bf87c-ad42-11ef-80d2-e4a8dfc2a9a8,ld50,28,9,2194.956298828125,0.08926701545715332,8204.0,1966.1729736328125,67,1
StandardGSGP,ea4bf87c-ad42-11ef-80d2-e4a8dfc2a9a8,ld50,28,10,2194.7841796875,0.08650898933410645,8572.0,1966.0595703125,79,1
StandardGSGP,ea4bf87c-ad42-11ef-80d2-e4a8dfc2a9a8,ld50,28,11,2194.655517578125,0.10721468925476074,9048.0,1965.949951171875,73,1
StandardGSGP,ea4bf87c-ad42-11ef-80d2-e4a8dfc2a9a8,ld50,28,12,2194.60986328125,0.11957836151123047,9286.0,1965.9146728515625,79,1
StandardGSGP,ea4bf87c-ad42-11ef-80d2-e4a8dfc2a9a8,ld50,28,13,2194.52685546875,0.0849609375,9560.0,1965.8538818359375,85,1
StandardGSGP,ea4bf87c-ad42-11ef-80d2-e4a8dfc2a9a8,ld50,28,14,2194.322265625,0.09507417678833008,9884.0,1965.7005615234375,91,1
StandardGSGP,ea4bf87c-ad42-11ef-80d2-e4a8dfc2a9a8,ld50,28,15,2194.1728515625,0.08187699317932129,10254.0,1965.6473388671875,97,1
StandardGSGP,ea4bf87c-ad42-11ef-80d2-e4a8dfc2a9a8,ld50,28,16,2194.1181640625,0.08751153945922852,10660.0,1965.5400390625,103,1
StandardGSGP,ea4bf87c-ad42-11ef-80d2-e4a8dfc2a9a8,ld50,28,17,2193.987060546875,0.09381413459777832,11126.0,1965.4027099609375,109,1
StandardGSGP,ea4bf87c-ad42-11ef-80d2-e4a8dfc2a9a8,ld50,28,18,2193.884033203125,0.09240508079528809,11732.0,1965.404541015625,115,1
StandardGSGP,ea4bf87c-ad42-11ef-80d2-e4a8dfc2a9a8,ld50,28,19,2193.8740234375,0.08517789840698242,12300.0,1965.398681640625,121,1
StandardGSGP,ea4bf87c-ad42-11ef-80d2-e4a8dfc2a9a8,ld50,28,20,2193.755126953125,0.09415555000305176,12806.0,1965.4019775390625,121,1
StandardGSGP,ea4bf87c-ad42-11ef-80d2-e4a8dfc2a9a8,ld50,28,21,2193.6435546875,0.08992147445678711,13222.0,1965.2330322265625,127,1
StandardGSGP,ea4bf87c-ad42-11ef-80d2-e4a8dfc2a9a8,ld50,28,22,2193.574951171875,0.09301972389221191,13646.0,1965.1827392578125,133,1
StandardGSGP,ea4bf87c-ad42-11ef-80d2-e4a8dfc2a9a8,ld50,28,23,2193.5341796875,0.08200669288635254,14148.0,1965.177734375,139,1
StandardGSGP,ea4bf87c-ad42-11ef-80d2-e4a8dfc2a9a8,ld50,28,24,2193.50634765625,0.08379173278808594,14686.0,1965.108642578125,145,1
StandardGSGP,ea4bf87c-ad42-11ef-80d2-e4a8dfc2a9a8,ld50,28,25,2193.3564453125,0.08270120620727539,15168.0,1965.010498046875,151,1
StandardGSGP,ea4bf87c-ad42-11ef-80d2-e4a8dfc2a9a8,ld50,28,26,2193.3564453125,0.08326983451843262,15760.0,1965.010498046875,151,1
StandardGSGP,ea4bf87c-ad42-11ef-80d2-e4a8dfc2a9a8,ld50,28,27,2193.30908203125,0.09251117706298828,16336.0,1964.927490234375,165,1
StandardGSGP,ea4bf87c-ad42-11ef-80d2-e4a8dfc2a9a8,ld50,28,28,2193.185302734375,0.08989405632019043,16968.0,1964.8477783203125,171,1
StandardGSGP,ea4bf87c-ad42-11ef-80d2-e4a8dfc2a9a8,ld50,28,29,2193.16015625,0.08861804008483887,17542.0,1964.838623046875,171,1
StandardGSGP,ea4bf87c-ad42-11ef-80d2-e4a8dfc2a9a8,ld50,28,30,2193.057373046875,0.08851790428161621,18126.0,1964.7413330078125,177,1
StandardGSGP,ea4bf87c-ad42-11ef-80d2-e4a8dfc2a9a8,ld50,28,31,2192.963134765625,0.08861184120178223,18622.0,1964.684814453125,183,1
StandardGSGP,ea4bf87c-ad42-11ef-80d2-e4a8dfc2a9a8,ld50,28,32,2192.890625,0.09250831604003906,19212.0,1964.7001953125,193,1
StandardGSGP,ea4bf87c-ad42-11ef-80d2-e4a8dfc2a9a8,ld50,28,33,2192.82568359375,0.08768892288208008,19800.0,1964.601318359375,195,1
StandardGSGP,ea4bf87c-ad42-11ef-80d2-e4a8dfc2a9a8,ld50,28,34,2192.82421875,0.08313345909118652,20336.0,1964.60009765625,201,1
StandardGSGP,ea4bf87c-ad42-11ef-80d2-e4a8dfc2a9a8,ld50,28,35,2192.71435546875,0.0915079116821289,20934.0,1964.6875,211,1
StandardGSGP,ea4bf87c-ad42-11ef-80d2-e4a8dfc2a9a8,ld50,28,36,2192.551025390625,0.0855109691619873,21472.0,1964.5560302734375,217,1
StandardGSGP,ea4bf87c-ad42-11ef-80d2-e4a8dfc2a9a8,ld50,28,37,2192.525390625,0.08651494979858398,22056.0,1964.517822265625,223,1
StandardGSGP,ea4bf87c-ad42-11ef-80d2-e4a8dfc2a9a8,ld50,28,38,2192.398193359375,0.0872199535369873,22668.0,1964.4732666015625,231,1
StandardGSGP,ea4bf87c-ad42-11ef-80d2-e4a8dfc2a9a8,ld50,28,39,2192.31982421875,0.09056329727172852,23342.0,1964.390869140625,235,1
StandardGSGP,ea4bf87c-ad42-11ef-80d2-e4a8dfc2a9a8,ld50,28,40,2192.283935546875,0.08831501007080078,24008.0,1964.3609619140625,243,1
StandardGSGP,ea4bf87c-ad42-11ef-80d2-e4a8dfc2a9a8,ld50,28,41,2192.133544921875,0.08581280708312988,24648.0,1964.2357177734375,247,1
StandardGSGP,ea4bf87c-ad42-11ef-80d2-e4a8dfc2a9a8,ld50,28,42,2192.108642578125,0.08936691284179688,25278.0,1964.290771484375,247,1
StandardGSGP,ea4bf87c-ad42-11ef-80d2-e4a8dfc2a9a8,ld50,28,43,2192.0224609375,0.08762836456298828,25838.0,1964.212646484375,259,1
StandardGSGP,ea4bf87c-ad42-11ef-80d2-e4a8dfc2a9a8,ld50,28,44,2191.942138671875,0.08949160575866699,26428.0,1964.2281494140625,259,1
StandardGSGP,ea4bf87c-ad42-11ef-80d2-e4a8dfc2a9a8,ld50,28,45,2191.869384765625,0.08611726760864258,27010.0,1964.1417236328125,265,1
StandardGSGP,ea4bf87c-ad42-11ef-80d2-e4a8dfc2a9a8,ld50,28,46,2191.7978515625,0.09670639038085938,27576.0,1964.0792236328125,277,1
StandardGSGP,ea4bf87c-ad42-11ef-80d2-e4a8dfc2a9a8,ld50,28,47,2191.70458984375,0.08559274673461914,28128.0,1964.0509033203125,271,1
StandardGSGP,ea4bf87c-ad42-11ef-80d2-e4a8dfc2a9a8,ld50,28,48,2191.64111328125,0.16224980354309082,28698.0,1964.0289306640625,283,1
StandardGSGP,ea4bf87c-ad42-11ef-80d2-e4a8dfc2a9a8,ld50,28,49,2191.447265625,0.08500242233276367,29330.0,1963.8515625,277,1
StandardGSGP,ea4bf87c-ad42-11ef-80d2-e4a8dfc2a9a8,ld50,28,50,2191.339111328125,0.09907650947570801,29842.0,1963.761962890625,283,1
StandardGSGP,ea4bf87c-ad42-11ef-80d2-e4a8dfc2a9a8,ld50,28,51,2191.17431640625,0.08759450912475586,30250.0,1963.6307373046875,289,1
StandardGSGP,ea4bf87c-ad42-11ef-80d2-e4a8dfc2a9a8,ld50,28,52,2191.0927734375,0.08775472640991211,30528.0,1963.570556640625,295,1
StandardGSGP,ea4bf87c-ad42-11ef-80d2-e4a8dfc2a9a8,ld50,28,53,2191.0693359375,0.08388352394104004,30746.0,1963.5711669921875,301,1
StandardGSGP,ea4bf87c-ad42-11ef-80d2-e4a8dfc2a9a8,ld50,28,54,2191.064453125,0.08650898933410645,31128.0,1963.5438232421875,307,1
StandardGSGP,ea4bf87c-ad42-11ef-80d2-e4a8dfc2a9a8,ld50,28,55,2190.973388671875,0.08551239967346191,31666.0,1963.469482421875,313,1
StandardGSGP,ea4bf87c-ad42-11ef-80d2-e4a8dfc2a9a8,ld50,28,56,2190.801513671875,0.09130024909973145,31910.0,1963.3575439453125,319,1
StandardGSGP,ea4bf87c-ad42-11ef-80d2-e4a8dfc2a9a8,ld50,28,57,2190.7705078125,0.08650541305541992,32426.0,1963.38818359375,319,1
StandardGSGP,ea4bf87c-ad42-11ef-80d2-e4a8dfc2a9a8,ld50,28,58,2190.652587890625,0.09156298637390137,33018.0,1963.248779296875,331,1
StandardGSGP,ea4bf87c-ad42-11ef-80d2-e4a8dfc2a9a8,ld50,28,59,2190.57373046875,0.08737730979919434,33500.0,1963.229736328125,341,1
StandardGSGP,ea4bf87c-ad42-11ef-80d2-e4a8dfc2a9a8,ld50,28,60,2190.548828125,0.08750581741333008,34086.0,1963.21630859375,347,1
StandardGSGP,ea4bf87c-ad42-11ef-80d2-e4a8dfc2a9a8,ld50,28,61,2190.483642578125,0.08750677108764648,34646.0,1963.16796875,353,1
StandardGSGP,ea4bf87c-ad42-11ef-80d2-e4a8dfc2a9a8,ld50,28,62,2190.454833984375,0.08851122856140137,35312.0,1963.1724853515625,359,1
StandardGSGP,ea4bf87c-ad42-11ef-80d2-e4a8dfc2a9a8,ld50,28,63,2190.32470703125,0.08650946617126465,35944.0,1963.0830078125,365,1
StandardGSGP,ea4bf87c-ad42-11ef-80d2-e4a8dfc2a9a8,ld50,28,64,2190.228515625,0.08707427978515625,36596.0,1963.016357421875,371,1
StandardGSGP,ea4bf87c-ad42-11ef-80d2-e4a8dfc2a9a8,ld50,28,65,2190.080078125,0.08952164649963379,37196.0,1962.9136962890625,377,1
StandardGSGP,ea4bf87c-ad42-11ef-80d2-e4a8dfc2a9a8,ld50,28,66,2190.072265625,0.09011530876159668,37828.0,1962.9083251953125,383,1
StandardGSGP,ea4bf87c-ad42-11ef-80d2-e4a8dfc2a9a8,ld50,28,67,2189.853515625,0.08850979804992676,38434.0,1962.7674560546875,389,1
StandardGSGP,ea4bf87c-ad42-11ef-80d2-e4a8dfc2a9a8,ld50,28,68,2189.800048828125,0.08554959297180176,39084.0,1962.6915283203125,385,1
StandardGSGP,ea4bf87c-ad42-11ef-80d2-e4a8dfc2a9a8,ld50,28,69,2189.7890625,0.09200334548950195,39624.0,1962.6903076171875,391,1
StandardGSGP,ea4bf87c-ad42-11ef-80d2-e4a8dfc2a9a8,ld50,28,70,2189.725830078125,0.08450889587402344,40120.0,1962.599365234375,397,1
StandardGSGP,ea4bf87c-ad42-11ef-80d2-e4a8dfc2a9a8,ld50,28,71,2189.564453125,0.09051084518432617,40634.0,1962.617919921875,397,1
StandardGSGP,ea4bf87c-ad42-11ef-80d2-e4a8dfc2a9a8,ld50,28,72,2189.508056640625,0.08374881744384766,41042.0,1962.405029296875,409,1
StandardGSGP,ea4bf87c-ad42-11ef-80d2-e4a8dfc2a9a8,ld50,28,73,2189.42626953125,0.08957576751708984,41484.0,1962.5267333984375,403,1
StandardGSGP,ea4bf87c-ad42-11ef-80d2-e4a8dfc2a9a8,ld50,28,74,2189.37890625,0.08840274810791016,42000.0,1962.3228759765625,421,1
StandardGSGP,ea4bf87c-ad42-11ef-80d2-e4a8dfc2a9a8,ld50,28,75,2189.37890625,0.08738160133361816,42552.0,1962.3228759765625,421,1
StandardGSGP,ea4bf87c-ad42-11ef-80d2-e4a8dfc2a9a8,ld50,28,76,2189.2197265625,0.08919239044189453,42994.0,1962.1942138671875,433,1
StandardGSGP,ea4bf87c-ad42-11ef-80d2-e4a8dfc2a9a8,ld50,28,77,2189.140869140625,0.09539270401000977,43478.0,1962.3404541015625,433,1
StandardGSGP,ea4bf87c-ad42-11ef-80d2-e4a8dfc2a9a8,ld50,28,78,2189.140869140625,0.09514880180358887,43966.0,1962.3404541015625,433,1
StandardGSGP,ea4bf87c-ad42-11ef-80d2-e4a8dfc2a9a8,ld50,28,79,2189.04931640625,0.09511256217956543,44434.0,1962.3720703125,445,1
StandardGSGP,ea4bf87c-ad42-11ef-80d2-e4a8dfc2a9a8,ld50,28,80,2189.005615234375,0.09776473045349121,44954.0,1962.3411865234375,451,1
StandardGSGP,ea4bf87c-ad42-11ef-80d2-e4a8dfc2a9a8,ld50,28,81,2188.810791015625,0.09650945663452148,45510.0,1962.1981201171875,457,1
StandardGSGP,ea4bf87c-ad42-11ef-80d2-e4a8dfc2a9a8,ld50,28,82,2188.75732421875,0.08500409126281738,46050.0,1962.16015625,463,1
StandardGSGP,ea4bf87c-ad42-11ef-80d2-e4a8dfc2a9a8,ld50,28,83,2188.702880859375,0.08634305000305176,46652.0,1962.14990234375,469,1
StandardGSGP,ea4bf87c-ad42-11ef-80d2-e4a8dfc2a9a8,ld50,28,84,2188.655517578125,0.08250570297241211,47280.0,1962.080078125,475,1
StandardGSGP,ea4bf87c-ad42-11ef-80d2-e4a8dfc2a9a8,ld50,28,85,2188.439208984375,0.0855104923248291,47890.0,1961.9671630859375,475,1
StandardGSGP,ea4bf87c-ad42-11ef-80d2-e4a8dfc2a9a8,ld50,28,86,2188.297119140625,0.0897369384765625,48446.0,1961.86376953125,483,1
StandardGSGP,ea4bf87c-ad42-11ef-80d2-e4a8dfc2a9a8,ld50,28,87,2188.11767578125,0.08651161193847656,48916.0,1961.7122802734375,489,1
StandardGSGP,ea4bf87c-ad42-11ef-80d2-e4a8dfc2a9a8,ld50,28,88,2188.037109375,0.08282804489135742,49380.0,1961.658447265625,495,1
StandardGSGP,ea4bf87c-ad42-11ef-80d2-e4a8dfc2a9a8,ld50,28,89,2187.91796875,0.08465695381164551,49924.0,1961.5953369140625,501,1
StandardGSGP,ea4bf87c-ad42-11ef-80d2-e4a8dfc2a9a8,ld50,28,90,2187.89013671875,0.0852811336517334,50478.0,1961.537841796875,507,1
StandardGSGP,ea4bf87c-ad42-11ef-80d2-e4a8dfc2a9a8,ld50,28,91,2187.783203125,0.08267545700073242,51102.0,1961.473876953125,513,1
StandardGSGP,ea4bf87c-ad42-11ef-80d2-e4a8dfc2a9a8,ld50,28,92,2187.563720703125,0.08450746536254883,51718.0,1961.335693359375,519,1
StandardGSGP,ea4bf87c-ad42-11ef-80d2-e4a8dfc2a9a8,ld50,28,93,2187.55322265625,0.08243393898010254,52386.0,1961.311767578125,525,1
StandardGSGP,ea4bf87c-ad42-11ef-80d2-e4a8dfc2a9a8,ld50,28,94,2187.441162109375,0.0835115909576416,53002.0,1961.22509765625,531,1
StandardGSGP,ea4bf87c-ad42-11ef-80d2-e4a8dfc2a9a8,ld50,28,95,2187.33447265625,0.08608818054199219,53614.0,1961.1356201171875,537,1
StandardGSGP,ea4bf87c-ad42-11ef-80d2-e4a8dfc2a9a8,ld50,28,96,2187.3095703125,0.0875542163848877,54202.0,1961.1353759765625,537,1
StandardGSGP,ea4bf87c-ad42-11ef-80d2-e4a8dfc2a9a8,ld50,28,97,2187.282958984375,0.08353066444396973,54788.0,1961.1063232421875,549,1
StandardGSGP,ea4bf87c-ad42-11ef-80d2-e4a8dfc2a9a8,ld50,28,98,2187.200927734375,0.09029221534729004,55352.0,1961.040283203125,549,1
StandardGSGP,ea4bf87c-ad42-11ef-80d2-e4a8dfc2a9a8,ld50,28,99,2187.13671875,0.08350968360900879,55924.0,1961.03369140625,559,1
StandardGSGP,ea4bf87c-ad42-11ef-80d2-e4a8dfc2a9a8,ld50,28,100,2186.9755859375,0.08551025390625,56482.0,1960.9056396484375,561,1
