StandardGSGP,20ad9080-ad37-11ef-a0b6-e4a8dfc2a9a8,efficiency_heating,27,0,0.24290291965007782,0.029999732971191406,606.0,0.26110097765922546,3,1
StandardGSGP,20ad9080-ad37-11ef-a0b6-e4a8dfc2a9a8,efficiency_heating,27,1,0.21245712041854858,0.05500197410583496,1332.0,0.22925390303134918,9,1
StandardGSGP,20ad9080-ad37-11ef-a0b6-e4a8dfc2a9a8,efficiency_heating,27,2,0.15534037351608276,0.05550885200500488,2166.0,0.17375428974628448,15,1
StandardGSGP,20ad9080-ad37-11ef-a0b6-e4a8dfc2a9a8,efficiency_heating,27,3,0.153249591588974,0.056513309478759766,2774.0,0.1715065985918045,25,1
StandardGSGP,20ad9080-ad37-11ef-a0b6-e4a8dfc2a9a8,efficiency_heating,27,4,0.1527121663093567,0.05599522590637207,3446.0,0.1707880198955536,35,1
StandardGSGP,20ad9080-ad37-11ef-a0b6-e4a8dfc2a9a8,efficiency_heating,27,5,0.14180681109428406,0.05724930763244629,4164.0,0.15987849235534668,41,1
StandardGSGP,20ad9080-ad37-11ef-a0b6-e4a8dfc2a9a8,efficiency_heating,27,6,0.14180681109428406,0.062178611755371094,5078.0,0.15987849235534668,41,1
StandardGSGP,20ad9080-ad37-11ef-a0b6-e4a8dfc2a9a8,efficiency_heating,27,7,0.11864204704761505,0.05535459518432617,5742.0,0.132355734705925,47,1
StandardGSGP,20ad9080-ad37-11ef-a0b6-e4a8dfc2a9a8,efficiency_heating,27,8,0.11565495282411575,0.056914329528808594,6398.0,0.1282837986946106,55,1
StandardGSGP,20ad9080-ad37-11ef-a0b6-e4a8dfc2a9a8,efficiency_heating,27,9,0.11565495282411575,0.05722641944885254,7126.0,0.1282837986946106,55,1
StandardGSGP,20ad9080-ad37-11ef-a0b6-e4a8dfc2a9a8,efficiency_heating,27,10,0.11565495282411575,0.05551433563232422,7944.0,0.1282837986946106,55,1
StandardGSGP,20ad9080-ad37-11ef-a0b6-e4a8dfc2a9a8,efficiency_heating,27,11,0.11540959030389786,0.059160470962524414,8506.0,0.12009773403406143,85,1
StandardGSGP,20ad9080-ad37-11ef-a0b6-e4a8dfc2a9a8,efficiency_heating,27,12,0.11540959030389786,0.05750751495361328,8818.0,0.12009773403406143,85,1
StandardGSGP,20ad9080-ad37-11ef-a0b6-e4a8dfc2a9a8,efficiency_heating,27,13,0.11540959030389786,0.05550885200500488,9526.0,0.12009773403406143,85,1
StandardGSGP,20ad9080-ad37-11ef-a0b6-e4a8dfc2a9a8,efficiency_heating,27,14,0.1044195219874382,0.058042287826538086,10224.0,0.11860878765583038,93,1
StandardGSGP,20ad9080-ad37-11ef-a0b6-e4a8dfc2a9a8,efficiency_heating,27,15,0.1044195219874382,0.05588507652282715,11046.0,0.11860878765583038,93,1
StandardGSGP,20ad9080-ad37-11ef-a0b6-e4a8dfc2a9a8,efficiency_heating,27,16,0.1044195219874382,0.054999589920043945,11752.0,0.11860878765583038,93,1
StandardGSGP,20ad9080-ad37-11ef-a0b6-e4a8dfc2a9a8,efficiency_heating,27,17,0.1044195219874382,0.05850100517272949,12496.0,0.11860878765583038,93,1
StandardGSGP,20ad9080-ad37-11ef-a0b6-e4a8dfc2a9a8,efficiency_heating,27,18,0.10346906632184982,0.05704164505004883,13106.0,0.1161499172449112,109,1
StandardGSGP,20ad9080-ad37-11ef-a0b6-e4a8dfc2a9a8,efficiency_heating,27,19,0.10346906632184982,0.05600142478942871,13176.0,0.1161499172449112,109,1
StandardGSGP,20ad9080-ad37-11ef-a0b6-e4a8dfc2a9a8,efficiency_heating,27,20,0.10346906632184982,0.05751776695251465,13400.0,0.1161499172449112,109,1
StandardGSGP,20ad9080-ad37-11ef-a0b6-e4a8dfc2a9a8,efficiency_heating,27,21,0.10056950151920319,0.056998252868652344,13462.0,0.10922995209693909,113,1
StandardGSGP,20ad9080-ad37-11ef-a0b6-e4a8dfc2a9a8,efficiency_heating,27,22,0.10056950151920319,0.056513071060180664,13632.0,0.10922995209693909,113,1
StandardGSGP,20ad9080-ad37-11ef-a0b6-e4a8dfc2a9a8,efficiency_heating,27,23,0.09780538082122803,0.05579876899719238,14232.0,0.10364384949207306,135,1
StandardGSGP,20ad9080-ad37-11ef-a0b6-e4a8dfc2a9a8,efficiency_heating,27,24,0.09780538082122803,0.060608863830566406,14858.0,0.10364384949207306,135,1
StandardGSGP,20ad9080-ad37-11ef-a0b6-e4a8dfc2a9a8,efficiency_heating,27,25,0.09780538082122803,0.057537078857421875,15468.0,0.10364384949207306,135,1
StandardGSGP,20ad9080-ad37-11ef-a0b6-e4a8dfc2a9a8,efficiency_heating,27,26,0.09780538082122803,0.058998823165893555,16258.0,0.10364384949207306,135,1
StandardGSGP,20ad9080-ad37-11ef-a0b6-e4a8dfc2a9a8,efficiency_heating,27,27,0.09394324570894241,0.05753278732299805,17096.0,0.09621170908212662,171,1
StandardGSGP,20ad9080-ad37-11ef-a0b6-e4a8dfc2a9a8,efficiency_heating,27,28,0.09338642656803131,0.05701589584350586,17652.0,0.09556637704372406,177,1
StandardGSGP,20ad9080-ad37-11ef-a0b6-e4a8dfc2a9a8,efficiency_heating,27,29,0.09278491884469986,0.05752682685852051,18436.0,0.09541306644678116,185,1
StandardGSGP,20ad9080-ad37-11ef-a0b6-e4a8dfc2a9a8,efficiency_heating,27,30,0.0911581888794899,0.06051754951477051,19282.0,0.09867080301046371,183,1
StandardGSGP,20ad9080-ad37-11ef-a0b6-e4a8dfc2a9a8,efficiency_heating,27,31,0.0911581888794899,0.0554509162902832,19908.0,0.09867080301046371,183,1
StandardGSGP,20ad9080-ad37-11ef-a0b6-e4a8dfc2a9a8,efficiency_heating,27,32,0.0911581888794899,0.05520176887512207,20956.0,0.09867080301046371,183,1
StandardGSGP,20ad9080-ad37-11ef-a0b6-e4a8dfc2a9a8,efficiency_heating,27,33,0.09045567363500595,0.059999704360961914,21724.0,0.0990648865699768,199,1
StandardGSGP,20ad9080-ad37-11ef-a0b6-e4a8dfc2a9a8,efficiency_heating,27,34,0.09045567363500595,0.06451225280761719,22280.0,0.0990648865699768,199,1
StandardGSGP,20ad9080-ad37-11ef-a0b6-e4a8dfc2a9a8,efficiency_heating,27,35,0.09045567363500595,0.05851030349731445,23210.0,0.0990648865699768,199,1
StandardGSGP,20ad9080-ad37-11ef-a0b6-e4a8dfc2a9a8,efficiency_heating,27,36,0.09045567363500595,0.0579981803894043,23802.0,0.0990648865699768,199,1
StandardGSGP,20ad9080-ad37-11ef-a0b6-e4a8dfc2a9a8,efficiency_heating,27,37,0.09045567363500595,0.05852627754211426,24586.0,0.0990648865699768,199,1
StandardGSGP,20ad9080-ad37-11ef-a0b6-e4a8dfc2a9a8,efficiency_heating,27,38,0.09041155129671097,0.05700349807739258,25880.0,0.09898983687162399,205,1
StandardGSGP,20ad9080-ad37-11ef-a0b6-e4a8dfc2a9a8,efficiency_heating,27,39,0.09041155129671097,0.05650687217712402,26186.0,0.09898983687162399,205,1
StandardGSGP,20ad9080-ad37-11ef-a0b6-e4a8dfc2a9a8,efficiency_heating,27,40,0.09041155129671097,0.056092023849487305,26412.0,0.09898983687162399,205,1
StandardGSGP,20ad9080-ad37-11ef-a0b6-e4a8dfc2a9a8,efficiency_heating,27,41,0.09041155129671097,0.05507636070251465,26876.0,0.09898983687162399,205,1
StandardGSGP,20ad9080-ad37-11ef-a0b6-e4a8dfc2a9a8,efficiency_heating,27,42,0.09041155129671097,0.05718731880187988,26486.0,0.09898983687162399,205,1
StandardGSGP,20ad9080-ad37-11ef-a0b6-e4a8dfc2a9a8,efficiency_heating,27,43,0.08925982564687729,0.05488252639770508,26984.0,0.09656617790460587,211,1
StandardGSGP,20ad9080-ad37-11ef-a0b6-e4a8dfc2a9a8,efficiency_heating,27,44,0.08925982564687729,0.05357217788696289,27068.0,0.09656617790460587,211,1
StandardGSGP,20ad9080-ad37-11ef-a0b6-e4a8dfc2a9a8,efficiency_heating,27,45,0.08925982564687729,0.05300402641296387,28128.0,0.09656617790460587,211,1
StandardGSGP,20ad9080-ad37-11ef-a0b6-e4a8dfc2a9a8,efficiency_heating,27,46,0.08917596936225891,0.05350923538208008,28420.0,0.09684542566537857,217,1
StandardGSGP,20ad9080-ad37-11ef-a0b6-e4a8dfc2a9a8,efficiency_heating,27,47,0.0877799242734909,0.05916571617126465,28718.0,0.09336621314287186,223,1
StandardGSGP,20ad9080-ad37-11ef-a0b6-e4a8dfc2a9a8,efficiency_heating,27,48,0.0877799242734909,0.05541276931762695,29704.0,0.09336621314287186,223,1
StandardGSGP,20ad9080-ad37-11ef-a0b6-e4a8dfc2a9a8,efficiency_heating,27,49,0.08548421412706375,0.059507131576538086,30208.0,0.09693516045808792,237,1
StandardGSGP,20ad9080-ad37-11ef-a0b6-e4a8dfc2a9a8,efficiency_heating,27,50,0.08548421412706375,0.0642690658569336,29740.0,0.09693516045808792,237,1
StandardGSGP,20ad9080-ad37-11ef-a0b6-e4a8dfc2a9a8,efficiency_heating,27,51,0.08548421412706375,0.05551314353942871,31156.0,0.09693516045808792,237,1
StandardGSGP,20ad9080-ad37-11ef-a0b6-e4a8dfc2a9a8,efficiency_heating,27,52,0.08548421412706375,0.062424659729003906,32528.0,0.09693516045808792,237,1
StandardGSGP,20ad9080-ad37-11ef-a0b6-e4a8dfc2a9a8,efficiency_heating,27,53,0.08548421412706375,0.057643890380859375,32252.0,0.09693516045808792,237,1
StandardGSGP,20ad9080-ad37-11ef-a0b6-e4a8dfc2a9a8,efficiency_heating,27,54,0.08548421412706375,0.057515621185302734,32226.0,0.09693516045808792,237,1
StandardGSGP,20ad9080-ad37-11ef-a0b6-e4a8dfc2a9a8,efficiency_heating,27,55,0.08548421412706375,0.05712699890136719,32174.0,0.09693516045808792,237,1
StandardGSGP,20ad9080-ad37-11ef-a0b6-e4a8dfc2a9a8,efficiency_heating,27,56,0.08548421412706375,0.053777217864990234,32978.0,0.09693516045808792,237,1
StandardGSGP,20ad9080-ad37-11ef-a0b6-e4a8dfc2a9a8,efficiency_heating,27,57,0.08548421412706375,0.12986302375793457,33136.0,0.09693516045808792,237,1
StandardGSGP,20ad9080-ad37-11ef-a0b6-e4a8dfc2a9a8,efficiency_heating,27,58,0.08548421412706375,0.056507110595703125,32598.0,0.09693516045808792,237,1
StandardGSGP,20ad9080-ad37-11ef-a0b6-e4a8dfc2a9a8,efficiency_heating,27,59,0.08548421412706375,0.056899070739746094,32784.0,0.09693516045808792,237,1
StandardGSGP,20ad9080-ad37-11ef-a0b6-e4a8dfc2a9a8,efficiency_heating,27,60,0.08548421412706375,0.058377742767333984,33436.0,0.09693516045808792,237,1
StandardGSGP,20ad9080-ad37-11ef-a0b6-e4a8dfc2a9a8,efficiency_heating,27,61,0.08534897118806839,0.054702043533325195,34180.0,0.0969051644206047,245,1
StandardGSGP,20ad9080-ad37-11ef-a0b6-e4a8dfc2a9a8,efficiency_heating,27,62,0.08534897118806839,0.0569610595703125,34184.0,0.0969051644206047,245,1
StandardGSGP,20ad9080-ad37-11ef-a0b6-e4a8dfc2a9a8,efficiency_heating,27,63,0.08534897118806839,0.0575098991394043,34216.0,0.0969051644206047,245,1
StandardGSGP,20ad9080-ad37-11ef-a0b6-e4a8dfc2a9a8,efficiency_heating,27,64,0.08534897118806839,0.05500435829162598,32898.0,0.0969051644206047,245,1
StandardGSGP,20ad9080-ad37-11ef-a0b6-e4a8dfc2a9a8,efficiency_heating,27,65,0.08504021912813187,0.05850839614868164,33130.0,0.09695006906986237,255,1
StandardGSGP,20ad9080-ad37-11ef-a0b6-e4a8dfc2a9a8,efficiency_heating,27,66,0.08504021912813187,0.056128501892089844,33114.0,0.09695006906986237,255,1
StandardGSGP,20ad9080-ad37-11ef-a0b6-e4a8dfc2a9a8,efficiency_heating,27,67,0.08504021912813187,0.05977129936218262,33644.0,0.09695006906986237,255,1
StandardGSGP,20ad9080-ad37-11ef-a0b6-e4a8dfc2a9a8,efficiency_heating,27,68,0.08504021912813187,0.0575108528137207,35640.0,0.09695006906986237,255,1
StandardGSGP,20ad9080-ad37-11ef-a0b6-e4a8dfc2a9a8,efficiency_heating,27,69,0.08504021912813187,0.05899977684020996,34846.0,0.09695006906986237,255,1
StandardGSGP,20ad9080-ad37-11ef-a0b6-e4a8dfc2a9a8,efficiency_heating,27,70,0.08451459556818008,0.06186532974243164,35438.0,0.09805680811405182,263,1
StandardGSGP,20ad9080-ad37-11ef-a0b6-e4a8dfc2a9a8,efficiency_heating,27,71,0.0836324691772461,0.055516719818115234,34144.0,0.09548830986022949,261,1
StandardGSGP,20ad9080-ad37-11ef-a0b6-e4a8dfc2a9a8,efficiency_heating,27,72,0.0836324691772461,0.0578458309173584,34972.0,0.09548830986022949,261,1
StandardGSGP,20ad9080-ad37-11ef-a0b6-e4a8dfc2a9a8,efficiency_heating,27,73,0.0836324691772461,0.05744647979736328,33522.0,0.09548830986022949,261,1
StandardGSGP,20ad9080-ad37-11ef-a0b6-e4a8dfc2a9a8,efficiency_heating,27,74,0.0836324691772461,0.05499911308288574,34182.0,0.09548830986022949,261,1
StandardGSGP,20ad9080-ad37-11ef-a0b6-e4a8dfc2a9a8,efficiency_heating,27,75,0.0836324691772461,0.058329105377197266,33928.0,0.09548830986022949,261,1
StandardGSGP,20ad9080-ad37-11ef-a0b6-e4a8dfc2a9a8,efficiency_heating,27,76,0.0836324691772461,0.06402707099914551,34714.0,0.09548830986022949,261,1
StandardGSGP,20ad9080-ad37-11ef-a0b6-e4a8dfc2a9a8,efficiency_heating,27,77,0.0836324691772461,0.059003591537475586,34696.0,0.09548830986022949,261,1
StandardGSGP,20ad9080-ad37-11ef-a0b6-e4a8dfc2a9a8,efficiency_heating,27,78,0.0836324691772461,0.05551028251647949,36108.0,0.09548830986022949,261,1
StandardGSGP,20ad9080-ad37-11ef-a0b6-e4a8dfc2a9a8,efficiency_heating,27,79,0.0836324691772461,0.05701255798339844,36514.0,0.09548830986022949,261,1
StandardGSGP,20ad9080-ad37-11ef-a0b6-e4a8dfc2a9a8,efficiency_heating,27,80,0.0836324691772461,0.06091809272766113,37058.0,0.09548830986022949,261,1
StandardGSGP,20ad9080-ad37-11ef-a0b6-e4a8dfc2a9a8,efficiency_heating,27,81,0.0836324691772461,0.06696486473083496,37714.0,0.09548830986022949,261,1
StandardGSGP,20ad9080-ad37-11ef-a0b6-e4a8dfc2a9a8,efficiency_heating,27,82,0.0836324691772461,0.05960488319396973,36476.0,0.09548830986022949,261,1
StandardGSGP,20ad9080-ad37-11ef-a0b6-e4a8dfc2a9a8,efficiency_heating,27,83,0.0836324691772461,0.05659031867980957,36116.0,0.09548830986022949,261,1
StandardGSGP,20ad9080-ad37-11ef-a0b6-e4a8dfc2a9a8,efficiency_heating,27,84,0.0836324691772461,0.05996131896972656,38722.0,0.09548830986022949,261,1
StandardGSGP,20ad9080-ad37-11ef-a0b6-e4a8dfc2a9a8,efficiency_heating,27,85,0.0836324691772461,0.0579986572265625,38486.0,0.09548830986022949,261,1
StandardGSGP,20ad9080-ad37-11ef-a0b6-e4a8dfc2a9a8,efficiency_heating,27,86,0.0836324691772461,0.05984926223754883,37782.0,0.09548830986022949,261,1
StandardGSGP,20ad9080-ad37-11ef-a0b6-e4a8dfc2a9a8,efficiency_heating,27,87,0.0836324691772461,0.06284070014953613,36848.0,0.09548830986022949,261,1
StandardGSGP,20ad9080-ad37-11ef-a0b6-e4a8dfc2a9a8,efficiency_heating,27,88,0.0836324691772461,0.0605466365814209,35400.0,0.09548830986022949,261,1
StandardGSGP,20ad9080-ad37-11ef-a0b6-e4a8dfc2a9a8,efficiency_heating,27,89,0.0836324691772461,0.06052851676940918,35666.0,0.09548830986022949,261,1
StandardGSGP,20ad9080-ad37-11ef-a0b6-e4a8dfc2a9a8,efficiency_heating,27,90,0.0836324691772461,0.05951046943664551,34078.0,0.09548830986022949,261,1
StandardGSGP,20ad9080-ad37-11ef-a0b6-e4a8dfc2a9a8,efficiency_heating,27,91,0.0836324691772461,0.05862712860107422,34436.0,0.09548830986022949,261,1
StandardGSGP,20ad9080-ad37-11ef-a0b6-e4a8dfc2a9a8,efficiency_heating,27,92,0.0836324691772461,0.0641319751739502,33766.0,0.09548830986022949,261,1
StandardGSGP,20ad9080-ad37-11ef-a0b6-e4a8dfc2a9a8,efficiency_heating,27,93,0.0836324691772461,0.06644749641418457,33596.0,0.09548830986022949,261,1
StandardGSGP,20ad9080-ad37-11ef-a0b6-e4a8dfc2a9a8,efficiency_heating,27,94,0.0836324691772461,0.055773258209228516,33344.0,0.09548830986022949,261,1
StandardGSGP,20ad9080-ad37-11ef-a0b6-e4a8dfc2a9a8,efficiency_heating,27,95,0.0836324691772461,0.06600213050842285,33198.0,0.09548830986022949,261,1
StandardGSGP,20ad9080-ad37-11ef-a0b6-e4a8dfc2a9a8,efficiency_heating,27,96,0.0836324691772461,0.05950808525085449,33122.0,0.09548830986022949,261,1
StandardGSGP,20ad9080-ad37-11ef-a0b6-e4a8dfc2a9a8,efficiency_heating,27,97,0.08362852782011032,0.0642082691192627,33654.0,0.09546179324388504,267,1
StandardGSGP,20ad9080-ad37-11ef-a0b6-e4a8dfc2a9a8,efficiency_heating,27,98,0.08362852782011032,0.06823348999023438,34266.0,0.09546179324388504,267,1
StandardGSGP,20ad9080-ad37-11ef-a0b6-e4a8dfc2a9a8,efficiency_heating,27,99,0.08362852782011032,0.05514836311340332,34160.0,0.09546179324388504,267,1
StandardGSGP,20ad9080-ad37-11ef-a0b6-e4a8dfc2a9a8,efficiency_heating,27,100,0.08362852782011032,0.05878305435180664,33778.0,0.09546179324388504,267,1
StandardGSGP,9c9160dc-ad37-11ef-945d-e4a8dfc2a9a8,efficiency_heating,27,0,14.382219314575195,0.03733372688293457,880.0,15.414342880249023,3,1
StandardGSGP,9c9160dc-ad37-11ef-945d-e4a8dfc2a9a8,efficiency_heating,27,1,14.382180213928223,0.0630807876586914,1680.0,15.414289474487305,9,1
StandardGSGP,9c9160dc-ad37-11ef-945d-e4a8dfc2a9a8,efficiency_heating,27,2,14.187601089477539,0.06500053405761719,2958.0,15.214370727539062,19,1
StandardGSGP,9c9160dc-ad37-11ef-945d-e4a8dfc2a9a8,efficiency_heating,27,3,13.702058792114258,0.06551122665405273,3752.0,14.710678100585938,35,1
StandardGSGP,9c9160dc-ad37-11ef-945d-e4a8dfc2a9a8,efficiency_heating,27,4,13.566468238830566,0.06328797340393066,3710.0,14.57253360748291,41,1
StandardGSGP,9c9160dc-ad37-11ef-945d-e4a8dfc2a9a8,efficiency_heating,27,5,13.339254379272461,0.0642402172088623,4436.0,14.328157424926758,49,1
StandardGSGP,9c9160dc-ad37-11ef-945d-e4a8dfc2a9a8,efficiency_heating,27,6,13.035362243652344,0.06352400779724121,5646.0,14.011903762817383,59,1
StandardGSGP,9c9160dc-ad37-11ef-945d-e4a8dfc2a9a8,efficiency_heating,27,7,12.89398193359375,0.06778335571289062,6690.0,13.861838340759277,69,1
StandardGSGP,9c9160dc-ad37-11ef-945d-e4a8dfc2a9a8,efficiency_heating,27,8,12.62895393371582,0.0636298656463623,7722.0,13.580058097839355,79,1
StandardGSGP,9c9160dc-ad37-11ef-945d-e4a8dfc2a9a8,efficiency_heating,27,9,12.514355659484863,0.06712007522583008,8656.0,13.450451850891113,87,1
StandardGSGP,9c9160dc-ad37-11ef-945d-e4a8dfc2a9a8,efficiency_heating,27,10,12.270181655883789,0.0624547004699707,9552.0,13.17564868927002,99,1
StandardGSGP,9c9160dc-ad37-11ef-945d-e4a8dfc2a9a8,efficiency_heating,27,11,12.197104454040527,0.06838726997375488,10570.0,13.138734817504883,113,1
StandardGSGP,9c9160dc-ad37-11ef-945d-e4a8dfc2a9a8,efficiency_heating,27,12,12.132392883300781,0.07035040855407715,11734.0,13.064988136291504,125,1
StandardGSGP,9c9160dc-ad37-11ef-945d-e4a8dfc2a9a8,efficiency_heating,27,13,11.9851713180542,0.06950831413269043,12534.0,12.93720817565918,135,1
StandardGSGP,9c9160dc-ad37-11ef-945d-e4a8dfc2a9a8,efficiency_heating,27,14,11.907791137695312,0.06300497055053711,13480.0,12.849162101745605,143,1
StandardGSGP,9c9160dc-ad37-11ef-945d-e4a8dfc2a9a8,efficiency_heating,27,15,11.69066047668457,0.0675053596496582,14718.0,12.595733642578125,153,1
StandardGSGP,9c9160dc-ad37-11ef-945d-e4a8dfc2a9a8,efficiency_heating,27,16,11.63472843170166,0.0730898380279541,15732.0,12.527997016906738,157,1
StandardGSGP,9c9160dc-ad37-11ef-945d-e4a8dfc2a9a8,efficiency_heating,27,17,11.469778060913086,0.06198740005493164,16750.0,12.34821891784668,163,1
StandardGSGP,9c9160dc-ad37-11ef-945d-e4a8dfc2a9a8,efficiency_heating,27,18,11.346453666687012,0.06593513488769531,17682.0,12.182774543762207,175,1
StandardGSGP,9c9160dc-ad37-11ef-945d-e4a8dfc2a9a8,efficiency_heating,27,19,11.311810493469238,0.06426286697387695,18460.0,12.13564395904541,181,1
StandardGSGP,9c9160dc-ad37-11ef-945d-e4a8dfc2a9a8,efficiency_heating,27,20,11.27340316772461,0.06502771377563477,19164.0,12.060676574707031,193,1
StandardGSGP,9c9160dc-ad37-11ef-945d-e4a8dfc2a9a8,efficiency_heating,27,21,11.121614456176758,0.07531595230102539,20056.0,11.89511489868164,201,1
StandardGSGP,9c9160dc-ad37-11ef-945d-e4a8dfc2a9a8,efficiency_heating,27,22,11.121614456176758,0.07144975662231445,21116.0,11.89511489868164,201,1
StandardGSGP,9c9160dc-ad37-11ef-945d-e4a8dfc2a9a8,efficiency_heating,27,23,10.980476379394531,0.06965231895446777,22076.0,11.76276683807373,221,1
StandardGSGP,9c9160dc-ad37-11ef-945d-e4a8dfc2a9a8,efficiency_heating,27,24,10.88094711303711,0.0673975944519043,22856.0,11.671539306640625,243,1
StandardGSGP,9c9160dc-ad37-11ef-945d-e4a8dfc2a9a8,efficiency_heating,27,25,10.821379661560059,0.06551742553710938,23774.0,11.574884414672852,219,1
StandardGSGP,9c9160dc-ad37-11ef-945d-e4a8dfc2a9a8,efficiency_heating,27,26,10.729737281799316,0.06251907348632812,24806.0,11.521876335144043,253,1
StandardGSGP,9c9160dc-ad37-11ef-945d-e4a8dfc2a9a8,efficiency_heating,27,27,10.718159675598145,0.06299448013305664,25750.0,11.502898216247559,261,1
StandardGSGP,9c9160dc-ad37-11ef-945d-e4a8dfc2a9a8,efficiency_heating,27,28,10.638055801391602,0.06452393531799316,26766.0,11.437920570373535,247,1
StandardGSGP,9c9160dc-ad37-11ef-945d-e4a8dfc2a9a8,efficiency_heating,27,29,10.512332916259766,0.06485962867736816,27886.0,11.273662567138672,277,1
StandardGSGP,9c9160dc-ad37-11ef-945d-e4a8dfc2a9a8,efficiency_heating,27,30,10.480591773986816,0.06399774551391602,28496.0,11.246156692504883,283,1
StandardGSGP,9c9160dc-ad37-11ef-945d-e4a8dfc2a9a8,efficiency_heating,27,31,10.444758415222168,0.06252813339233398,28710.0,11.21231460571289,293,1
StandardGSGP,9c9160dc-ad37-11ef-945d-e4a8dfc2a9a8,efficiency_heating,27,32,10.411856651306152,0.06390929222106934,29460.0,11.23478889465332,277,1
StandardGSGP,9c9160dc-ad37-11ef-945d-e4a8dfc2a9a8,efficiency_heating,27,33,10.340893745422363,0.06899905204772949,31228.0,11.055340766906738,311,1
StandardGSGP,9c9160dc-ad37-11ef-945d-e4a8dfc2a9a8,efficiency_heating,27,34,10.338333129882812,0.06380295753479004,31966.0,11.033955574035645,319,1
StandardGSGP,9c9160dc-ad37-11ef-945d-e4a8dfc2a9a8,efficiency_heating,27,35,10.261316299438477,0.07417798042297363,32980.0,10.959075927734375,341,1
StandardGSGP,9c9160dc-ad37-11ef-945d-e4a8dfc2a9a8,efficiency_heating,27,36,10.261316299438477,0.06195783615112305,33558.0,10.959075927734375,341,1
StandardGSGP,9c9160dc-ad37-11ef-945d-e4a8dfc2a9a8,efficiency_heating,27,37,10.229677200317383,0.06597256660461426,34422.0,10.89663314819336,333,1
StandardGSGP,9c9160dc-ad37-11ef-945d-e4a8dfc2a9a8,efficiency_heating,27,38,10.208740234375,0.06995487213134766,35796.0,10.90132999420166,371,1
StandardGSGP,9c9160dc-ad37-11ef-945d-e4a8dfc2a9a8,efficiency_heating,27,39,10.082667350769043,0.07238936424255371,36782.0,10.754510879516602,375,1
StandardGSGP,9c9160dc-ad37-11ef-945d-e4a8dfc2a9a8,efficiency_heating,27,40,10.010396957397461,0.060347795486450195,36970.0,10.717585563659668,395,1
StandardGSGP,9c9160dc-ad37-11ef-945d-e4a8dfc2a9a8,efficiency_heating,27,41,9.97790813446045,0.06384563446044922,38072.0,10.60520076751709,387,1
StandardGSGP,9c9160dc-ad37-11ef-945d-e4a8dfc2a9a8,efficiency_heating,27,42,9.967674255371094,0.0656583309173584,39630.0,10.681857109069824,419,1
StandardGSGP,9c9160dc-ad37-11ef-945d-e4a8dfc2a9a8,efficiency_heating,27,43,9.89816665649414,0.1365664005279541,41542.0,10.619678497314453,431,1
StandardGSGP,9c9160dc-ad37-11ef-945d-e4a8dfc2a9a8,efficiency_heating,27,44,9.846953392028809,0.07038187980651855,42692.0,10.502453804016113,419,1
StandardGSGP,9c9160dc-ad37-11ef-945d-e4a8dfc2a9a8,efficiency_heating,27,45,9.817227363586426,0.0639488697052002,43980.0,10.48158073425293,451,1
StandardGSGP,9c9160dc-ad37-11ef-945d-e4a8dfc2a9a8,efficiency_heating,27,46,9.730006217956543,0.06902503967285156,45242.0,10.46395206451416,451,1
StandardGSGP,9c9160dc-ad37-11ef-945d-e4a8dfc2a9a8,efficiency_heating,27,47,9.730006217956543,0.08187580108642578,46102.0,10.46395206451416,451,1
StandardGSGP,9c9160dc-ad37-11ef-945d-e4a8dfc2a9a8,efficiency_heating,27,48,9.694491386413574,0.07355093955993652,46498.0,10.3096284866333,443,1
StandardGSGP,9c9160dc-ad37-11ef-945d-e4a8dfc2a9a8,efficiency_heating,27,49,9.535584449768066,0.06895852088928223,47330.0,10.24886417388916,469,1
StandardGSGP,9c9160dc-ad37-11ef-945d-e4a8dfc2a9a8,efficiency_heating,27,50,9.535513877868652,0.06325268745422363,47800.0,10.248847961425781,479,1
StandardGSGP,9c9160dc-ad37-11ef-945d-e4a8dfc2a9a8,efficiency_heating,27,51,9.473676681518555,0.06000328063964844,48190.0,10.126254081726074,493,1
StandardGSGP,9c9160dc-ad37-11ef-945d-e4a8dfc2a9a8,efficiency_heating,27,52,9.439614295959473,0.0630042552947998,49374.0,10.141793251037598,493,1
StandardGSGP,9c9160dc-ad37-11ef-945d-e4a8dfc2a9a8,efficiency_heating,27,53,9.339689254760742,0.0645132064819336,50218.0,10.066176414489746,509,1
StandardGSGP,9c9160dc-ad37-11ef-945d-e4a8dfc2a9a8,efficiency_heating,27,54,9.339689254760742,0.07751250267028809,51084.0,10.066176414489746,509,1
StandardGSGP,9c9160dc-ad37-11ef-945d-e4a8dfc2a9a8,efficiency_heating,27,55,9.24461841583252,0.06847596168518066,52664.0,9.935111045837402,525,1
StandardGSGP,9c9160dc-ad37-11ef-945d-e4a8dfc2a9a8,efficiency_heating,27,56,9.234222412109375,0.06470799446105957,53456.0,9.9097900390625,531,1
StandardGSGP,9c9160dc-ad37-11ef-945d-e4a8dfc2a9a8,efficiency_heating,27,57,9.213383674621582,0.0742948055267334,53908.0,9.870463371276855,539,1
StandardGSGP,9c9160dc-ad37-11ef-945d-e4a8dfc2a9a8,efficiency_heating,27,58,9.054926872253418,0.06538271903991699,54756.0,9.71780014038086,551,1
StandardGSGP,9c9160dc-ad37-11ef-945d-e4a8dfc2a9a8,efficiency_heating,27,59,9.050383567810059,0.06450772285461426,55806.0,9.723334312438965,571,1
StandardGSGP,9c9160dc-ad37-11ef-945d-e4a8dfc2a9a8,efficiency_heating,27,60,8.927350044250488,0.06791853904724121,57046.0,9.541231155395508,577,1
StandardGSGP,9c9160dc-ad37-11ef-945d-e4a8dfc2a9a8,efficiency_heating,27,61,8.88632583618164,0.07029199600219727,58382.0,9.57082462310791,583,1
StandardGSGP,9c9160dc-ad37-11ef-945d-e4a8dfc2a9a8,efficiency_heating,27,62,8.859230995178223,0.06352424621582031,59248.0,9.482099533081055,583,1
StandardGSGP,9c9160dc-ad37-11ef-945d-e4a8dfc2a9a8,efficiency_heating,27,63,8.674531936645508,0.06999516487121582,59920.0,9.381486892700195,607,1
StandardGSGP,9c9160dc-ad37-11ef-945d-e4a8dfc2a9a8,efficiency_heating,27,64,8.672040939331055,0.07082605361938477,60806.0,9.321402549743652,617,1
StandardGSGP,9c9160dc-ad37-11ef-945d-e4a8dfc2a9a8,efficiency_heating,27,65,8.653299331665039,0.07381463050842285,61768.0,9.3519287109375,617,1
StandardGSGP,9c9160dc-ad37-11ef-945d-e4a8dfc2a9a8,efficiency_heating,27,66,8.643418312072754,0.06917905807495117,62836.0,9.31542682647705,627,1
StandardGSGP,9c9160dc-ad37-11ef-945d-e4a8dfc2a9a8,efficiency_heating,27,67,8.61598014831543,0.06282639503479004,63780.0,9.30455207824707,637,1
StandardGSGP,9c9160dc-ad37-11ef-945d-e4a8dfc2a9a8,efficiency_heating,27,68,8.574920654296875,0.06223917007446289,64538.0,9.262444496154785,645,1
StandardGSGP,9c9160dc-ad37-11ef-945d-e4a8dfc2a9a8,efficiency_heating,27,69,8.543686866760254,0.060510873794555664,65464.0,9.223587989807129,659,1
StandardGSGP,9c9160dc-ad37-11ef-945d-e4a8dfc2a9a8,efficiency_heating,27,70,8.517511367797852,0.0705106258392334,66384.0,9.194353103637695,653,1
StandardGSGP,9c9160dc-ad37-11ef-945d-e4a8dfc2a9a8,efficiency_heating,27,71,8.471452713012695,0.08056378364562988,67240.0,9.146453857421875,659,1
StandardGSGP,9c9160dc-ad37-11ef-945d-e4a8dfc2a9a8,efficiency_heating,27,72,8.290453910827637,0.07603335380554199,67944.0,8.965170860290527,677,1
StandardGSGP,9c9160dc-ad37-11ef-945d-e4a8dfc2a9a8,efficiency_heating,27,73,8.289825439453125,0.0647573471069336,68592.0,8.964401245117188,685,1
StandardGSGP,9c9160dc-ad37-11ef-945d-e4a8dfc2a9a8,efficiency_heating,27,74,8.256629943847656,0.06326603889465332,69140.0,8.93612003326416,691,1
StandardGSGP,9c9160dc-ad37-11ef-945d-e4a8dfc2a9a8,efficiency_heating,27,75,8.103199005126953,0.06171774864196777,69862.0,8.777405738830566,709,1
StandardGSGP,9c9160dc-ad37-11ef-945d-e4a8dfc2a9a8,efficiency_heating,27,76,8.087443351745605,0.06835150718688965,71126.0,8.721768379211426,715,1
StandardGSGP,9c9160dc-ad37-11ef-945d-e4a8dfc2a9a8,efficiency_heating,27,77,7.867794990539551,0.06395602226257324,72068.0,8.49781322479248,735,1
StandardGSGP,9c9160dc-ad37-11ef-945d-e4a8dfc2a9a8,efficiency_heating,27,78,7.867794990539551,0.06814932823181152,73010.0,8.49781322479248,735,1
StandardGSGP,9c9160dc-ad37-11ef-945d-e4a8dfc2a9a8,efficiency_heating,27,79,7.867732524871826,0.06751084327697754,73704.0,8.498028755187988,747,1
StandardGSGP,9c9160dc-ad37-11ef-945d-e4a8dfc2a9a8,efficiency_heating,27,80,7.787592887878418,0.06274819374084473,74678.0,8.426556587219238,731,1
StandardGSGP,9c9160dc-ad37-11ef-945d-e4a8dfc2a9a8,efficiency_heating,27,81,7.766976356506348,0.06599807739257812,75758.0,8.434490203857422,757,1
StandardGSGP,9c9160dc-ad37-11ef-945d-e4a8dfc2a9a8,efficiency_heating,27,82,7.6912841796875,0.06523346900939941,76680.0,8.321845054626465,775,1
StandardGSGP,9c9160dc-ad37-11ef-945d-e4a8dfc2a9a8,efficiency_heating,27,83,7.6892876625061035,0.06740617752075195,76832.0,8.319092750549316,783,1
StandardGSGP,9c9160dc-ad37-11ef-945d-e4a8dfc2a9a8,efficiency_heating,27,84,7.6853413581848145,0.06228780746459961,77830.0,8.312061309814453,791,1
StandardGSGP,9c9160dc-ad37-11ef-945d-e4a8dfc2a9a8,efficiency_heating,27,85,7.602768898010254,0.06551098823547363,79258.0,8.22323989868164,781,1
StandardGSGP,9c9160dc-ad37-11ef-945d-e4a8dfc2a9a8,efficiency_heating,27,86,7.551130294799805,0.06382346153259277,80632.0,8.134687423706055,811,1
StandardGSGP,9c9160dc-ad37-11ef-945d-e4a8dfc2a9a8,efficiency_heating,27,87,7.379618167877197,0.0659952163696289,81252.0,7.993014812469482,811,1
StandardGSGP,9c9160dc-ad37-11ef-945d-e4a8dfc2a9a8,efficiency_heating,27,88,7.37143611907959,0.06351041793823242,81578.0,7.988890647888184,817,1
StandardGSGP,9c9160dc-ad37-11ef-945d-e4a8dfc2a9a8,efficiency_heating,27,89,7.355639934539795,0.07154345512390137,82618.0,7.973222255706787,831,1
StandardGSGP,9c9160dc-ad37-11ef-945d-e4a8dfc2a9a8,efficiency_heating,27,90,7.3251519203186035,0.0639955997467041,83876.0,7.920787811279297,847,1
StandardGSGP,9c9160dc-ad37-11ef-945d-e4a8dfc2a9a8,efficiency_heating,27,91,7.202373504638672,0.06452488899230957,84720.0,7.844733238220215,849,1
StandardGSGP,9c9160dc-ad37-11ef-945d-e4a8dfc2a9a8,efficiency_heating,27,92,7.127895355224609,0.06752586364746094,85762.0,7.713165760040283,859,1
StandardGSGP,9c9160dc-ad37-11ef-945d-e4a8dfc2a9a8,efficiency_heating,27,93,7.098361968994141,0.0713341236114502,86750.0,7.744931221008301,863,1
StandardGSGP,9c9160dc-ad37-11ef-945d-e4a8dfc2a9a8,efficiency_heating,27,94,7.063011646270752,0.06517958641052246,87680.0,7.67719841003418,869,1
StandardGSGP,9c9160dc-ad37-11ef-945d-e4a8dfc2a9a8,efficiency_heating,27,95,6.868850231170654,0.06524968147277832,88352.0,7.459431171417236,899,1
StandardGSGP,9c9160dc-ad37-11ef-945d-e4a8dfc2a9a8,efficiency_heating,27,96,6.868850231170654,0.14386439323425293,89238.0,7.459431171417236,899,1
StandardGSGP,9c9160dc-ad37-11ef-945d-e4a8dfc2a9a8,efficiency_heating,27,97,6.859873294830322,0.06451630592346191,90290.0,7.427453517913818,915,1
StandardGSGP,9c9160dc-ad37-11ef-945d-e4a8dfc2a9a8,efficiency_heating,27,98,6.7176313400268555,0.06300210952758789,91650.0,7.324078559875488,913,1
StandardGSGP,9c9160dc-ad37-11ef-945d-e4a8dfc2a9a8,efficiency_heating,27,99,6.676124095916748,0.06894755363464355,92664.0,7.230206489562988,927,1
StandardGSGP,9c9160dc-ad37-11ef-945d-e4a8dfc2a9a8,efficiency_heating,27,100,6.674055576324463,0.061266183853149414,93534.0,7.27653169631958,931,1
