StandardGSGP,f7bd9a4d-ad36-11ef-9f19-e4a8dfc2a9a8,efficiency_heating,16,0,0.24859777092933655,0.028919696807861328,596.0,0.24262411892414093,3,1
StandardGSGP,f7bd9a4d-ad36-11ef-9f19-e4a8dfc2a9a8,efficiency_heating,16,1,0.21981944143772125,0.06055855751037598,1354.0,0.20796868205070496,11,1
StandardGSGP,f7bd9a4d-ad36-11ef-9f19-e4a8dfc2a9a8,efficiency_heating,16,2,0.15265952050685883,0.058957815170288086,2250.0,0.13665840029716492,21,1
StandardGSGP,f7bd9a4d-ad36-11ef-9f19-e4a8dfc2a9a8,efficiency_heating,16,3,0.15265952050685883,0.06078934669494629,3168.0,0.13665840029716492,21,1
StandardGSGP,f7bd9a4d-ad36-11ef-9f19-e4a8dfc2a9a8,efficiency_heating,16,4,0.1435978263616562,0.06206512451171875,3890.0,0.12891362607479095,33,1
StandardGSGP,f7bd9a4d-ad36-11ef-9f19-e4a8dfc2a9a8,efficiency_heating,16,5,0.12557248771190643,0.05852675437927246,4466.0,0.11136772483587265,43,1
StandardGSGP,f7bd9a4d-ad36-11ef-9f19-e4a8dfc2a9a8,efficiency_heating,16,6,0.12557248771190643,0.05600333213806152,5350.0,0.11136772483587265,43,1
StandardGSGP,f7bd9a4d-ad36-11ef-9f19-e4a8dfc2a9a8,efficiency_heating,16,7,0.12557248771190643,0.05650615692138672,6116.0,0.11136772483587265,43,1
StandardGSGP,f7bd9a4d-ad36-11ef-9f19-e4a8dfc2a9a8,efficiency_heating,16,8,0.12357579916715622,0.06038188934326172,6844.0,0.10955660045146942,55,1
StandardGSGP,f7bd9a4d-ad36-11ef-9f19-e4a8dfc2a9a8,efficiency_heating,16,9,0.12327887117862701,0.06299948692321777,7204.0,0.10936349630355835,63,1
StandardGSGP,f7bd9a4d-ad36-11ef-9f19-e4a8dfc2a9a8,efficiency_heating,16,10,0.11278127133846283,0.05950736999511719,7866.0,0.11621934920549393,83,1
StandardGSGP,f7bd9a4d-ad36-11ef-9f19-e4a8dfc2a9a8,efficiency_heating,16,11,0.11278127133846283,0.05600166320800781,8344.0,0.11621934920549393,83,1
StandardGSGP,f7bd9a4d-ad36-11ef-9f19-e4a8dfc2a9a8,efficiency_heating,16,12,0.10102594643831253,0.057507991790771484,9066.0,0.0962926521897316,91,1
StandardGSGP,f7bd9a4d-ad36-11ef-9f19-e4a8dfc2a9a8,efficiency_heating,16,13,0.10102594643831253,0.057514190673828125,9836.0,0.0962926521897316,91,1
StandardGSGP,f7bd9a4d-ad36-11ef-9f19-e4a8dfc2a9a8,efficiency_heating,16,14,0.10094111412763596,0.054996490478515625,10782.0,0.09649164974689484,101,1
StandardGSGP,f7bd9a4d-ad36-11ef-9f19-e4a8dfc2a9a8,efficiency_heating,16,15,0.0976552665233612,0.05750536918640137,11476.0,0.09597714245319366,111,1
StandardGSGP,f7bd9a4d-ad36-11ef-9f19-e4a8dfc2a9a8,efficiency_heating,16,16,0.0976552665233612,0.055008649826049805,12144.0,0.09597714245319366,111,1
StandardGSGP,f7bd9a4d-ad36-11ef-9f19-e4a8dfc2a9a8,efficiency_heating,16,17,0.0964636504650116,0.06673526763916016,12696.0,0.09676262736320496,121,1
StandardGSGP,f7bd9a4d-ad36-11ef-9f19-e4a8dfc2a9a8,efficiency_heating,16,18,0.09357307106256485,0.05769801139831543,13218.0,0.09652537107467651,121,1
StandardGSGP,f7bd9a4d-ad36-11ef-9f19-e4a8dfc2a9a8,efficiency_heating,16,19,0.09357307106256485,0.05776810646057129,13980.0,0.09652537107467651,121,1
StandardGSGP,f7bd9a4d-ad36-11ef-9f19-e4a8dfc2a9a8,efficiency_heating,16,20,0.09357307106256485,0.06151747703552246,14654.0,0.09652537107467651,121,1
StandardGSGP,f7bd9a4d-ad36-11ef-9f19-e4a8dfc2a9a8,efficiency_heating,16,21,0.09357307106256485,0.06121826171875,15414.0,0.09652537107467651,121,1
StandardGSGP,f7bd9a4d-ad36-11ef-9f19-e4a8dfc2a9a8,efficiency_heating,16,22,0.08776799589395523,0.05450582504272461,16326.0,0.08743315935134888,131,1
StandardGSGP,f7bd9a4d-ad36-11ef-9f19-e4a8dfc2a9a8,efficiency_heating,16,23,0.08776799589395523,0.06055569648742676,17076.0,0.08743315935134888,131,1
StandardGSGP,f7bd9a4d-ad36-11ef-9f19-e4a8dfc2a9a8,efficiency_heating,16,24,0.08776799589395523,0.0629730224609375,17500.0,0.08743315935134888,131,1
StandardGSGP,f7bd9a4d-ad36-11ef-9f19-e4a8dfc2a9a8,efficiency_heating,16,25,0.08776799589395523,0.05655789375305176,17958.0,0.08743315935134888,131,1
StandardGSGP,f7bd9a4d-ad36-11ef-9f19-e4a8dfc2a9a8,efficiency_heating,16,26,0.08776799589395523,0.05559706687927246,18398.0,0.08743315935134888,131,1
StandardGSGP,f7bd9a4d-ad36-11ef-9f19-e4a8dfc2a9a8,efficiency_heating,16,27,0.08776799589395523,0.13301777839660645,19472.0,0.08743315935134888,131,1
StandardGSGP,f7bd9a4d-ad36-11ef-9f19-e4a8dfc2a9a8,efficiency_heating,16,28,0.08776799589395523,0.05299830436706543,19984.0,0.08743315935134888,131,1
StandardGSGP,f7bd9a4d-ad36-11ef-9f19-e4a8dfc2a9a8,efficiency_heating,16,29,0.08776799589395523,0.05851101875305176,20282.0,0.08743315935134888,131,1
StandardGSGP,f7bd9a4d-ad36-11ef-9f19-e4a8dfc2a9a8,efficiency_heating,16,30,0.08776799589395523,0.057526588439941406,20580.0,0.08743315935134888,131,1
StandardGSGP,f7bd9a4d-ad36-11ef-9f19-e4a8dfc2a9a8,efficiency_heating,16,31,0.08776799589395523,0.0550386905670166,20908.0,0.08743315935134888,131,1
StandardGSGP,f7bd9a4d-ad36-11ef-9f19-e4a8dfc2a9a8,efficiency_heating,16,32,0.08776799589395523,0.06050992012023926,21186.0,0.08743315935134888,131,1
StandardGSGP,f7bd9a4d-ad36-11ef-9f19-e4a8dfc2a9a8,efficiency_heating,16,33,0.08776799589395523,0.057305335998535156,21290.0,0.08743315935134888,131,1
StandardGSGP,f7bd9a4d-ad36-11ef-9f19-e4a8dfc2a9a8,efficiency_heating,16,34,0.08776799589395523,0.058530569076538086,21578.0,0.08743315935134888,131,1
StandardGSGP,f7bd9a4d-ad36-11ef-9f19-e4a8dfc2a9a8,efficiency_heating,16,35,0.08776799589395523,0.057520151138305664,22082.0,0.08743315935134888,131,1
StandardGSGP,f7bd9a4d-ad36-11ef-9f19-e4a8dfc2a9a8,efficiency_heating,16,36,0.08776799589395523,0.05899500846862793,21878.0,0.08743315935134888,131,1
StandardGSGP,f7bd9a4d-ad36-11ef-9f19-e4a8dfc2a9a8,efficiency_heating,16,37,0.08776799589395523,0.054526329040527344,22276.0,0.08743315935134888,131,1
StandardGSGP,f7bd9a4d-ad36-11ef-9f19-e4a8dfc2a9a8,efficiency_heating,16,38,0.08776799589395523,0.05869269371032715,22280.0,0.08743315935134888,131,1
StandardGSGP,f7bd9a4d-ad36-11ef-9f19-e4a8dfc2a9a8,efficiency_heating,16,39,0.08776799589395523,0.05954480171203613,22662.0,0.08743315935134888,131,1
StandardGSGP,f7bd9a4d-ad36-11ef-9f19-e4a8dfc2a9a8,efficiency_heating,16,40,0.08776799589395523,0.05501222610473633,22742.0,0.08743315935134888,131,1
StandardGSGP,f7bd9a4d-ad36-11ef-9f19-e4a8dfc2a9a8,efficiency_heating,16,41,0.08776799589395523,0.05887460708618164,21756.0,0.08743315935134888,131,1
StandardGSGP,f7bd9a4d-ad36-11ef-9f19-e4a8dfc2a9a8,efficiency_heating,16,42,0.08776799589395523,0.05551648139953613,20824.0,0.08743315935134888,131,1
StandardGSGP,f7bd9a4d-ad36-11ef-9f19-e4a8dfc2a9a8,efficiency_heating,16,43,0.08776799589395523,0.055707454681396484,21192.0,0.08743315935134888,131,1
StandardGSGP,f7bd9a4d-ad36-11ef-9f19-e4a8dfc2a9a8,efficiency_heating,16,44,0.08776799589395523,0.058795928955078125,21066.0,0.08743315935134888,131,1
StandardGSGP,f7bd9a4d-ad36-11ef-9f19-e4a8dfc2a9a8,efficiency_heating,16,45,0.08776799589395523,0.058004140853881836,21180.0,0.08743315935134888,131,1
StandardGSGP,f7bd9a4d-ad36-11ef-9f19-e4a8dfc2a9a8,efficiency_heating,16,46,0.08776799589395523,0.05954337120056152,21344.0,0.08743315935134888,131,1
StandardGSGP,f7bd9a4d-ad36-11ef-9f19-e4a8dfc2a9a8,efficiency_heating,16,47,0.0875844955444336,0.056199073791503906,19608.0,0.0872991755604744,139,1
StandardGSGP,f7bd9a4d-ad36-11ef-9f19-e4a8dfc2a9a8,efficiency_heating,16,48,0.0875844955444336,0.05400538444519043,19732.0,0.0872991755604744,139,1
StandardGSGP,f7bd9a4d-ad36-11ef-9f19-e4a8dfc2a9a8,efficiency_heating,16,49,0.08490622043609619,0.05490589141845703,19750.0,0.0841590091586113,163,1
StandardGSGP,f7bd9a4d-ad36-11ef-9f19-e4a8dfc2a9a8,efficiency_heating,16,50,0.08490622043609619,0.05599784851074219,19384.0,0.0841590091586113,163,1
StandardGSGP,f7bd9a4d-ad36-11ef-9f19-e4a8dfc2a9a8,efficiency_heating,16,51,0.08490622043609619,0.056509971618652344,19548.0,0.0841590091586113,163,1
StandardGSGP,f7bd9a4d-ad36-11ef-9f19-e4a8dfc2a9a8,efficiency_heating,16,52,0.08490622043609619,0.05500173568725586,20164.0,0.0841590091586113,163,1
StandardGSGP,f7bd9a4d-ad36-11ef-9f19-e4a8dfc2a9a8,efficiency_heating,16,53,0.08490622043609619,0.054781436920166016,20008.0,0.0841590091586113,163,1
StandardGSGP,f7bd9a4d-ad36-11ef-9f19-e4a8dfc2a9a8,efficiency_heating,16,54,0.08490622043609619,0.056269168853759766,20946.0,0.0841590091586113,163,1
StandardGSGP,f7bd9a4d-ad36-11ef-9f19-e4a8dfc2a9a8,efficiency_heating,16,55,0.08490622043609619,0.05872631072998047,21556.0,0.0841590091586113,163,1
StandardGSGP,f7bd9a4d-ad36-11ef-9f19-e4a8dfc2a9a8,efficiency_heating,16,56,0.08227144926786423,0.05535435676574707,20598.0,0.08316786587238312,177,1
StandardGSGP,f7bd9a4d-ad36-11ef-9f19-e4a8dfc2a9a8,efficiency_heating,16,57,0.08227144926786423,0.05318427085876465,21002.0,0.08316786587238312,177,1
StandardGSGP,f7bd9a4d-ad36-11ef-9f19-e4a8dfc2a9a8,efficiency_heating,16,58,0.08227144926786423,0.05351114273071289,21582.0,0.08316786587238312,177,1
StandardGSGP,f7bd9a4d-ad36-11ef-9f19-e4a8dfc2a9a8,efficiency_heating,16,59,0.08227144926786423,0.05400347709655762,21710.0,0.08316786587238312,177,1
StandardGSGP,f7bd9a4d-ad36-11ef-9f19-e4a8dfc2a9a8,efficiency_heating,16,60,0.08227144926786423,0.056513071060180664,22186.0,0.08316786587238312,177,1
StandardGSGP,f7bd9a4d-ad36-11ef-9f19-e4a8dfc2a9a8,efficiency_heating,16,61,0.08227144926786423,0.05650949478149414,22966.0,0.08316786587238312,177,1
StandardGSGP,f7bd9a4d-ad36-11ef-9f19-e4a8dfc2a9a8,efficiency_heating,16,62,0.08227144926786423,0.05916428565979004,22612.0,0.08316786587238312,177,1
StandardGSGP,f7bd9a4d-ad36-11ef-9f19-e4a8dfc2a9a8,efficiency_heating,16,63,0.08227144926786423,0.060512542724609375,22710.0,0.08316786587238312,177,1
StandardGSGP,f7bd9a4d-ad36-11ef-9f19-e4a8dfc2a9a8,efficiency_heating,16,64,0.08227144926786423,0.05469632148742676,22574.0,0.08316786587238312,177,1
StandardGSGP,f7bd9a4d-ad36-11ef-9f19-e4a8dfc2a9a8,efficiency_heating,16,65,0.08227144926786423,0.0571136474609375,22926.0,0.08316786587238312,177,1
StandardGSGP,f7bd9a4d-ad36-11ef-9f19-e4a8dfc2a9a8,efficiency_heating,16,66,0.08227144926786423,0.05493450164794922,23686.0,0.08316786587238312,177,1
StandardGSGP,f7bd9a4d-ad36-11ef-9f19-e4a8dfc2a9a8,efficiency_heating,16,67,0.08227144926786423,0.056508541107177734,23340.0,0.08316786587238312,177,1
StandardGSGP,f7bd9a4d-ad36-11ef-9f19-e4a8dfc2a9a8,efficiency_heating,16,68,0.08227144926786423,0.056195974349975586,23406.0,0.08316786587238312,177,1
StandardGSGP,f7bd9a4d-ad36-11ef-9f19-e4a8dfc2a9a8,efficiency_heating,16,69,0.08227144926786423,0.05751347541809082,23218.0,0.08316786587238312,177,1
StandardGSGP,f7bd9a4d-ad36-11ef-9f19-e4a8dfc2a9a8,efficiency_heating,16,70,0.08227144926786423,0.06203651428222656,23256.0,0.08316786587238312,177,1
StandardGSGP,f7bd9a4d-ad36-11ef-9f19-e4a8dfc2a9a8,efficiency_heating,16,71,0.08227144926786423,0.05951285362243652,23214.0,0.08316786587238312,177,1
StandardGSGP,f7bd9a4d-ad36-11ef-9f19-e4a8dfc2a9a8,efficiency_heating,16,72,0.08227144926786423,0.05989885330200195,22982.0,0.08316786587238312,177,1
StandardGSGP,f7bd9a4d-ad36-11ef-9f19-e4a8dfc2a9a8,efficiency_heating,16,73,0.08227144926786423,0.05753159523010254,23608.0,0.08316786587238312,177,1
StandardGSGP,f7bd9a4d-ad36-11ef-9f19-e4a8dfc2a9a8,efficiency_heating,16,74,0.08227144926786423,0.06402158737182617,24238.0,0.08316786587238312,177,1
StandardGSGP,f7bd9a4d-ad36-11ef-9f19-e4a8dfc2a9a8,efficiency_heating,16,75,0.08227144926786423,0.06667399406433105,24688.0,0.08316786587238312,177,1
StandardGSGP,f7bd9a4d-ad36-11ef-9f19-e4a8dfc2a9a8,efficiency_heating,16,76,0.08227144926786423,0.06077837944030762,25168.0,0.08316786587238312,177,1
StandardGSGP,f7bd9a4d-ad36-11ef-9f19-e4a8dfc2a9a8,efficiency_heating,16,77,0.08194992691278458,0.06400704383850098,25754.0,0.08245783299207687,187,1
StandardGSGP,f7bd9a4d-ad36-11ef-9f19-e4a8dfc2a9a8,efficiency_heating,16,78,0.08194992691278458,0.05652117729187012,25184.0,0.08245783299207687,187,1
StandardGSGP,f7bd9a4d-ad36-11ef-9f19-e4a8dfc2a9a8,efficiency_heating,16,79,0.08194992691278458,0.06795310974121094,26066.0,0.08245783299207687,187,1
StandardGSGP,f7bd9a4d-ad36-11ef-9f19-e4a8dfc2a9a8,efficiency_heating,16,80,0.08194992691278458,0.06725049018859863,25926.0,0.08245783299207687,187,1
StandardGSGP,f7bd9a4d-ad36-11ef-9f19-e4a8dfc2a9a8,efficiency_heating,16,81,0.08194992691278458,0.06219172477722168,26338.0,0.08245783299207687,187,1
StandardGSGP,f7bd9a4d-ad36-11ef-9f19-e4a8dfc2a9a8,efficiency_heating,16,82,0.08153823018074036,0.06238889694213867,26298.0,0.0816454216837883,193,1
StandardGSGP,f7bd9a4d-ad36-11ef-9f19-e4a8dfc2a9a8,efficiency_heating,16,83,0.08133523166179657,0.057997941970825195,25892.0,0.08145816624164581,207,1
StandardGSGP,f7bd9a4d-ad36-11ef-9f19-e4a8dfc2a9a8,efficiency_heating,16,84,0.08133523166179657,0.060735225677490234,26566.0,0.08145816624164581,207,1
StandardGSGP,f7bd9a4d-ad36-11ef-9f19-e4a8dfc2a9a8,efficiency_heating,16,85,0.08133523166179657,0.13834166526794434,25632.0,0.08145816624164581,207,1
StandardGSGP,f7bd9a4d-ad36-11ef-9f19-e4a8dfc2a9a8,efficiency_heating,16,86,0.08133523166179657,0.05869340896606445,25624.0,0.08145816624164581,207,1
StandardGSGP,f7bd9a4d-ad36-11ef-9f19-e4a8dfc2a9a8,efficiency_heating,16,87,0.08133523166179657,0.056380510330200195,25884.0,0.08145816624164581,207,1
StandardGSGP,f7bd9a4d-ad36-11ef-9f19-e4a8dfc2a9a8,efficiency_heating,16,88,0.08133523166179657,0.057006120681762695,26444.0,0.08145816624164581,207,1
StandardGSGP,f7bd9a4d-ad36-11ef-9f19-e4a8dfc2a9a8,efficiency_heating,16,89,0.08133523166179657,0.057558536529541016,26982.0,0.08145816624164581,207,1
StandardGSGP,f7bd9a4d-ad36-11ef-9f19-e4a8dfc2a9a8,efficiency_heating,16,90,0.08133523166179657,0.056880950927734375,26846.0,0.08145816624164581,207,1
StandardGSGP,f7bd9a4d-ad36-11ef-9f19-e4a8dfc2a9a8,efficiency_heating,16,91,0.08133523166179657,0.058510780334472656,27028.0,0.08145816624164581,207,1
StandardGSGP,f7bd9a4d-ad36-11ef-9f19-e4a8dfc2a9a8,efficiency_heating,16,92,0.08133523166179657,0.05699872970581055,27386.0,0.08145816624164581,207,1
StandardGSGP,f7bd9a4d-ad36-11ef-9f19-e4a8dfc2a9a8,efficiency_heating,16,93,0.08133523166179657,0.0592498779296875,27530.0,0.08145816624164581,207,1
StandardGSGP,f7bd9a4d-ad36-11ef-9f19-e4a8dfc2a9a8,efficiency_heating,16,94,0.08133523166179657,0.056143999099731445,27290.0,0.08145816624164581,207,1
StandardGSGP,f7bd9a4d-ad36-11ef-9f19-e4a8dfc2a9a8,efficiency_heating,16,95,0.08133523166179657,0.06152629852294922,26670.0,0.08145816624164581,207,1
StandardGSGP,f7bd9a4d-ad36-11ef-9f19-e4a8dfc2a9a8,efficiency_heating,16,96,0.08133523166179657,0.058507442474365234,26988.0,0.08145816624164581,207,1
StandardGSGP,f7bd9a4d-ad36-11ef-9f19-e4a8dfc2a9a8,efficiency_heating,16,97,0.08133523166179657,0.0613858699798584,26834.0,0.08145816624164581,207,1
StandardGSGP,f7bd9a4d-ad36-11ef-9f19-e4a8dfc2a9a8,efficiency_heating,16,98,0.08133523166179657,0.05550742149353027,26890.0,0.08145816624164581,207,1
StandardGSGP,f7bd9a4d-ad36-11ef-9f19-e4a8dfc2a9a8,efficiency_heating,16,99,0.08133523166179657,0.05851459503173828,27274.0,0.08145816624164581,207,1
StandardGSGP,f7bd9a4d-ad36-11ef-9f19-e4a8dfc2a9a8,efficiency_heating,16,100,0.08133523166179657,0.057000160217285156,27530.0,0.08145816624164581,207,1
StandardGSGP,6e1de548-ad37-11ef-a610-e4a8dfc2a9a8,efficiency_heating,16,0,11.654630661010742,0.04092264175415039,878.0,11.51034927368164,7,1
StandardGSGP,6e1de548-ad37-11ef-a610-e4a8dfc2a9a8,efficiency_heating,16,1,11.653101921081543,0.08465743064880371,1590.0,11.51137638092041,17,1
StandardGSGP,6e1de548-ad37-11ef-a610-e4a8dfc2a9a8,efficiency_heating,16,2,11.565808296203613,0.06341314315795898,2428.0,11.42880630493164,27,1
StandardGSGP,6e1de548-ad37-11ef-a610-e4a8dfc2a9a8,efficiency_heating,16,3,11.482857704162598,0.06914758682250977,3342.0,11.289144515991211,31,1
StandardGSGP,6e1de548-ad37-11ef-a610-e4a8dfc2a9a8,efficiency_heating,16,4,11.459080696105957,0.06511211395263672,4552.0,11.26157283782959,39,1
StandardGSGP,6e1de548-ad37-11ef-a610-e4a8dfc2a9a8,efficiency_heating,16,5,11.26582145690918,0.06417512893676758,5394.0,11.075041770935059,55,1
StandardGSGP,6e1de548-ad37-11ef-a610-e4a8dfc2a9a8,efficiency_heating,16,6,11.247652053833008,0.06891369819641113,5926.0,11.03758430480957,61,1
StandardGSGP,6e1de548-ad37-11ef-a610-e4a8dfc2a9a8,efficiency_heating,16,7,11.1913423538208,0.06669306755065918,7078.0,10.970185279846191,67,1
StandardGSGP,6e1de548-ad37-11ef-a610-e4a8dfc2a9a8,efficiency_heating,16,8,11.1913423538208,0.06450986862182617,8070.0,10.970185279846191,67,1
StandardGSGP,6e1de548-ad37-11ef-a610-e4a8dfc2a9a8,efficiency_heating,16,9,11.166878700256348,0.06510782241821289,8674.0,10.934890747070312,73,1
StandardGSGP,6e1de548-ad37-11ef-a610-e4a8dfc2a9a8,efficiency_heating,16,10,11.123470306396484,0.06599998474121094,9302.0,10.910852432250977,95,1
StandardGSGP,6e1de548-ad37-11ef-a610-e4a8dfc2a9a8,efficiency_heating,16,11,10.9829740524292,0.06506657600402832,9808.0,10.742814064025879,95,1
StandardGSGP,6e1de548-ad37-11ef-a610-e4a8dfc2a9a8,efficiency_heating,16,12,10.9829740524292,0.06743121147155762,10836.0,10.742814064025879,95,1
StandardGSGP,6e1de548-ad37-11ef-a610-e4a8dfc2a9a8,efficiency_heating,16,13,10.98151969909668,0.06946682929992676,11982.0,10.731647491455078,103,1
StandardGSGP,6e1de548-ad37-11ef-a610-e4a8dfc2a9a8,efficiency_heating,16,14,10.9651460647583,0.06833982467651367,12686.0,10.720975875854492,119,1
StandardGSGP,6e1de548-ad37-11ef-a610-e4a8dfc2a9a8,efficiency_heating,16,15,10.934403419494629,0.06601834297180176,12766.0,10.675273895263672,133,1
StandardGSGP,6e1de548-ad37-11ef-a610-e4a8dfc2a9a8,efficiency_heating,16,16,10.91158676147461,0.06289911270141602,13210.0,10.669439315795898,133,1
StandardGSGP,6e1de548-ad37-11ef-a610-e4a8dfc2a9a8,efficiency_heating,16,17,10.844935417175293,0.0657196044921875,14074.0,10.593082427978516,127,1
StandardGSGP,6e1de548-ad37-11ef-a610-e4a8dfc2a9a8,efficiency_heating,16,18,10.824668884277344,0.06450939178466797,15068.0,10.59127140045166,135,1
StandardGSGP,6e1de548-ad37-11ef-a610-e4a8dfc2a9a8,efficiency_heating,16,19,10.720273971557617,0.06699824333190918,15634.0,10.521736145019531,141,1
StandardGSGP,6e1de548-ad37-11ef-a610-e4a8dfc2a9a8,efficiency_heating,16,20,10.69049072265625,0.05975818634033203,16148.0,10.40312385559082,179,1
StandardGSGP,6e1de548-ad37-11ef-a610-e4a8dfc2a9a8,efficiency_heating,16,21,10.687416076660156,0.06364774703979492,17454.0,10.451778411865234,147,1
StandardGSGP,6e1de548-ad37-11ef-a610-e4a8dfc2a9a8,efficiency_heating,16,22,10.664044380187988,0.06099677085876465,18756.0,10.44733715057373,157,1
StandardGSGP,6e1de548-ad37-11ef-a610-e4a8dfc2a9a8,efficiency_heating,16,23,10.474571228027344,0.06650781631469727,19038.0,10.277607917785645,167,1
StandardGSGP,6e1de548-ad37-11ef-a610-e4a8dfc2a9a8,efficiency_heating,16,24,10.45692253112793,0.06468367576599121,19212.0,10.224660873413086,175,1
StandardGSGP,6e1de548-ad37-11ef-a610-e4a8dfc2a9a8,efficiency_heating,16,25,10.4567289352417,0.06335186958312988,19746.0,10.237911224365234,185,1
StandardGSGP,6e1de548-ad37-11ef-a610-e4a8dfc2a9a8,efficiency_heating,16,26,10.433914184570312,0.06373476982116699,19566.0,10.20664119720459,181,1
StandardGSGP,6e1de548-ad37-11ef-a610-e4a8dfc2a9a8,efficiency_heating,16,27,10.40925407409668,0.13950157165527344,20184.0,10.134718894958496,201,1
StandardGSGP,6e1de548-ad37-11ef-a610-e4a8dfc2a9a8,efficiency_heating,16,28,10.36492919921875,0.06250882148742676,20482.0,10.127684593200684,213,1
StandardGSGP,6e1de548-ad37-11ef-a610-e4a8dfc2a9a8,efficiency_heating,16,29,10.340302467346191,0.06350898742675781,21168.0,10.146730422973633,225,1
StandardGSGP,6e1de548-ad37-11ef-a610-e4a8dfc2a9a8,efficiency_heating,16,30,10.282286643981934,0.062314748764038086,22140.0,9.998908042907715,207,1
StandardGSGP,6e1de548-ad37-11ef-a610-e4a8dfc2a9a8,efficiency_heating,16,31,10.182677268981934,0.061678171157836914,23354.0,9.942846298217773,221,1
StandardGSGP,6e1de548-ad37-11ef-a610-e4a8dfc2a9a8,efficiency_heating,16,32,10.164624214172363,0.06742644309997559,24098.0,9.918726921081543,231,1
StandardGSGP,6e1de548-ad37-11ef-a610-e4a8dfc2a9a8,efficiency_heating,16,33,10.157567024230957,0.06499862670898438,24434.0,9.878355026245117,237,1
StandardGSGP,6e1de548-ad37-11ef-a610-e4a8dfc2a9a8,efficiency_heating,16,34,9.971497535705566,0.06650948524475098,24844.0,9.667884826660156,251,1
StandardGSGP,6e1de548-ad37-11ef-a610-e4a8dfc2a9a8,efficiency_heating,16,35,9.971296310424805,0.07051324844360352,25438.0,9.619850158691406,263,1
StandardGSGP,6e1de548-ad37-11ef-a610-e4a8dfc2a9a8,efficiency_heating,16,36,9.948552131652832,0.06401467323303223,26294.0,9.680025100708008,269,1
StandardGSGP,6e1de548-ad37-11ef-a610-e4a8dfc2a9a8,efficiency_heating,16,37,9.904213905334473,0.0595090389251709,27510.0,9.563444137573242,279,1
StandardGSGP,6e1de548-ad37-11ef-a610-e4a8dfc2a9a8,efficiency_heating,16,38,9.88509464263916,0.06151080131530762,28726.0,9.488200187683105,285,1
StandardGSGP,6e1de548-ad37-11ef-a610-e4a8dfc2a9a8,efficiency_heating,16,39,9.87707233428955,0.06801342964172363,29668.0,9.523211479187012,291,1
StandardGSGP,6e1de548-ad37-11ef-a610-e4a8dfc2a9a8,efficiency_heating,16,40,9.85049819946289,0.06653428077697754,30550.0,9.423467636108398,293,1
StandardGSGP,6e1de548-ad37-11ef-a610-e4a8dfc2a9a8,efficiency_heating,16,41,9.720727920532227,0.06664204597473145,31282.0,9.323200225830078,315,1
StandardGSGP,6e1de548-ad37-11ef-a610-e4a8dfc2a9a8,efficiency_heating,16,42,9.709314346313477,0.0660257339477539,31948.0,9.288481712341309,327,1
StandardGSGP,6e1de548-ad37-11ef-a610-e4a8dfc2a9a8,efficiency_heating,16,43,9.707720756530762,0.07292461395263672,32724.0,9.284601211547852,333,1
StandardGSGP,6e1de548-ad37-11ef-a610-e4a8dfc2a9a8,efficiency_heating,16,44,9.628796577453613,0.06331539154052734,33790.0,9.179068565368652,347,1
StandardGSGP,6e1de548-ad37-11ef-a610-e4a8dfc2a9a8,efficiency_heating,16,45,9.594433784484863,0.0634775161743164,35018.0,9.138891220092773,353,1
StandardGSGP,6e1de548-ad37-11ef-a610-e4a8dfc2a9a8,efficiency_heating,16,46,9.514235496520996,0.06366276741027832,36116.0,9.041934967041016,367,1
StandardGSGP,6e1de548-ad37-11ef-a610-e4a8dfc2a9a8,efficiency_heating,16,47,9.495049476623535,0.062371253967285156,37278.0,9.016561508178711,365,1
StandardGSGP,6e1de548-ad37-11ef-a610-e4a8dfc2a9a8,efficiency_heating,16,48,9.466364860534668,0.06375789642333984,38186.0,9.023592948913574,373,1
StandardGSGP,6e1de548-ad37-11ef-a610-e4a8dfc2a9a8,efficiency_heating,16,49,9.443814277648926,0.0631098747253418,38930.0,9.016866683959961,389,1
StandardGSGP,6e1de548-ad37-11ef-a610-e4a8dfc2a9a8,efficiency_heating,16,50,9.385395050048828,0.06648492813110352,39348.0,8.914090156555176,389,1
StandardGSGP,6e1de548-ad37-11ef-a610-e4a8dfc2a9a8,efficiency_heating,16,51,9.275328636169434,0.0657036304473877,39784.0,8.899128913879395,401,1
StandardGSGP,6e1de548-ad37-11ef-a610-e4a8dfc2a9a8,efficiency_heating,16,52,9.237137794494629,0.06172895431518555,40414.0,8.897945404052734,411,1
StandardGSGP,6e1de548-ad37-11ef-a610-e4a8dfc2a9a8,efficiency_heating,16,53,9.178706169128418,0.06448841094970703,41464.0,8.830744743347168,417,1
StandardGSGP,6e1de548-ad37-11ef-a610-e4a8dfc2a9a8,efficiency_heating,16,54,9.178706169128418,0.06427121162414551,42764.0,8.830744743347168,417,1
StandardGSGP,6e1de548-ad37-11ef-a610-e4a8dfc2a9a8,efficiency_heating,16,55,9.178706169128418,0.06984448432922363,43832.0,8.830744743347168,417,1
StandardGSGP,6e1de548-ad37-11ef-a610-e4a8dfc2a9a8,efficiency_heating,16,56,9.167231559753418,0.06717872619628906,44632.0,8.78857707977295,449,1
StandardGSGP,6e1de548-ad37-11ef-a610-e4a8dfc2a9a8,efficiency_heating,16,57,8.912500381469727,0.06401586532592773,44924.0,8.560791015625,453,1
StandardGSGP,6e1de548-ad37-11ef-a610-e4a8dfc2a9a8,efficiency_heating,16,58,8.861780166625977,0.06251263618469238,45704.0,8.49696159362793,461,1
StandardGSGP,6e1de548-ad37-11ef-a610-e4a8dfc2a9a8,efficiency_heating,16,59,8.834155082702637,0.06350922584533691,46928.0,8.43128490447998,477,1
StandardGSGP,6e1de548-ad37-11ef-a610-e4a8dfc2a9a8,efficiency_heating,16,60,8.732985496520996,0.0636589527130127,48044.0,8.35049819946289,487,1
StandardGSGP,6e1de548-ad37-11ef-a610-e4a8dfc2a9a8,efficiency_heating,16,61,8.707343101501465,0.06920361518859863,49008.0,8.323348045349121,493,1
StandardGSGP,6e1de548-ad37-11ef-a610-e4a8dfc2a9a8,efficiency_heating,16,62,8.61428451538086,0.06754469871520996,49890.0,8.182692527770996,501,1
StandardGSGP,6e1de548-ad37-11ef-a610-e4a8dfc2a9a8,efficiency_heating,16,63,8.568183898925781,0.06499814987182617,50976.0,8.130492210388184,509,1
StandardGSGP,6e1de548-ad37-11ef-a610-e4a8dfc2a9a8,efficiency_heating,16,64,8.541712760925293,0.06665611267089844,51974.0,8.03165054321289,523,1
StandardGSGP,6e1de548-ad37-11ef-a610-e4a8dfc2a9a8,efficiency_heating,16,65,8.503430366516113,0.0629127025604248,52760.0,8.027295112609863,525,1
StandardGSGP,6e1de548-ad37-11ef-a610-e4a8dfc2a9a8,efficiency_heating,16,66,8.447574615478516,0.0636453628540039,53518.0,7.919365406036377,543,1
StandardGSGP,6e1de548-ad37-11ef-a610-e4a8dfc2a9a8,efficiency_heating,16,67,8.41091251373291,0.0734860897064209,54156.0,7.916391849517822,557,1
StandardGSGP,6e1de548-ad37-11ef-a610-e4a8dfc2a9a8,efficiency_heating,16,68,8.369098663330078,0.06110525131225586,55068.0,7.803615093231201,557,1
StandardGSGP,6e1de548-ad37-11ef-a610-e4a8dfc2a9a8,efficiency_heating,16,69,8.260432243347168,0.06399893760681152,56504.0,7.720694541931152,567,1
StandardGSGP,6e1de548-ad37-11ef-a610-e4a8dfc2a9a8,efficiency_heating,16,70,8.260432243347168,0.06272125244140625,57888.0,7.720694541931152,567,1
StandardGSGP,6e1de548-ad37-11ef-a610-e4a8dfc2a9a8,efficiency_heating,16,71,8.17634391784668,0.06454348564147949,58654.0,7.628261089324951,587,1
StandardGSGP,6e1de548-ad37-11ef-a610-e4a8dfc2a9a8,efficiency_heating,16,72,8.153318405151367,0.06299877166748047,59334.0,7.630375385284424,593,1
StandardGSGP,6e1de548-ad37-11ef-a610-e4a8dfc2a9a8,efficiency_heating,16,73,8.130041122436523,0.06564640998840332,60114.0,7.602793216705322,593,1
StandardGSGP,6e1de548-ad37-11ef-a610-e4a8dfc2a9a8,efficiency_heating,16,74,8.046156883239746,0.06318092346191406,60982.0,7.5355706214904785,609,1
StandardGSGP,6e1de548-ad37-11ef-a610-e4a8dfc2a9a8,efficiency_heating,16,75,7.983709812164307,0.06498861312866211,61968.0,7.38629674911499,613,1
StandardGSGP,6e1de548-ad37-11ef-a610-e4a8dfc2a9a8,efficiency_heating,16,76,7.92331075668335,0.07640790939331055,62906.0,7.441546440124512,639,1
StandardGSGP,6e1de548-ad37-11ef-a610-e4a8dfc2a9a8,efficiency_heating,16,77,7.916635990142822,0.07374858856201172,63750.0,7.435568332672119,645,1
StandardGSGP,6e1de548-ad37-11ef-a610-e4a8dfc2a9a8,efficiency_heating,16,78,7.881858825683594,0.06407332420349121,64528.0,7.398963451385498,661,1
StandardGSGP,6e1de548-ad37-11ef-a610-e4a8dfc2a9a8,efficiency_heating,16,79,7.80263614654541,0.0656118392944336,65638.0,7.317531108856201,667,1
StandardGSGP,6e1de548-ad37-11ef-a610-e4a8dfc2a9a8,efficiency_heating,16,80,7.797021865844727,0.06573057174682617,66988.0,7.21434211730957,667,1
StandardGSGP,6e1de548-ad37-11ef-a610-e4a8dfc2a9a8,efficiency_heating,16,81,7.771690368652344,0.06769537925720215,67794.0,7.220363616943359,673,1
StandardGSGP,6e1de548-ad37-11ef-a610-e4a8dfc2a9a8,efficiency_heating,16,82,7.737077713012695,0.06509280204772949,68908.0,7.2071919441223145,687,1
StandardGSGP,6e1de548-ad37-11ef-a610-e4a8dfc2a9a8,efficiency_heating,16,83,7.686120510101318,0.06510114669799805,69792.0,7.154041767120361,697,1
StandardGSGP,6e1de548-ad37-11ef-a610-e4a8dfc2a9a8,efficiency_heating,16,84,7.686120510101318,0.06499743461608887,70586.0,7.154041767120361,697,1
StandardGSGP,6e1de548-ad37-11ef-a610-e4a8dfc2a9a8,efficiency_heating,16,85,7.648649215698242,0.07111835479736328,71482.0,7.1427083015441895,721,1
StandardGSGP,6e1de548-ad37-11ef-a610-e4a8dfc2a9a8,efficiency_heating,16,86,7.599093437194824,0.06965374946594238,72414.0,7.066553115844727,735,1
StandardGSGP,6e1de548-ad37-11ef-a610-e4a8dfc2a9a8,efficiency_heating,16,87,7.5990753173828125,0.06951308250427246,73214.0,7.066537857055664,743,1
StandardGSGP,6e1de548-ad37-11ef-a610-e4a8dfc2a9a8,efficiency_heating,16,88,7.440807819366455,0.06432104110717773,74408.0,6.893523693084717,749,1
StandardGSGP,6e1de548-ad37-11ef-a610-e4a8dfc2a9a8,efficiency_heating,16,89,7.425070762634277,0.13646316528320312,75266.0,6.884805202484131,755,1
StandardGSGP,6e1de548-ad37-11ef-a610-e4a8dfc2a9a8,efficiency_heating,16,90,7.401625633239746,0.0639946460723877,76236.0,6.850216388702393,765,1
StandardGSGP,6e1de548-ad37-11ef-a610-e4a8dfc2a9a8,efficiency_heating,16,91,7.375427722930908,0.06309628486633301,77398.0,6.822673797607422,779,1
StandardGSGP,6e1de548-ad37-11ef-a610-e4a8dfc2a9a8,efficiency_heating,16,92,7.345322608947754,0.06650376319885254,78166.0,6.827499866485596,787,1
StandardGSGP,6e1de548-ad37-11ef-a610-e4a8dfc2a9a8,efficiency_heating,16,93,7.329836368560791,0.06299662590026855,79118.0,6.813322067260742,793,1
StandardGSGP,6e1de548-ad37-11ef-a610-e4a8dfc2a9a8,efficiency_heating,16,94,7.320187568664551,0.06616926193237305,80238.0,6.781542778015137,807,1
StandardGSGP,6e1de548-ad37-11ef-a610-e4a8dfc2a9a8,efficiency_heating,16,95,7.269147872924805,0.06322717666625977,81110.0,6.668274879455566,809,1
StandardGSGP,6e1de548-ad37-11ef-a610-e4a8dfc2a9a8,efficiency_heating,16,96,7.261070251464844,0.06193876266479492,82036.0,6.7167277336120605,837,1
StandardGSGP,6e1de548-ad37-11ef-a610-e4a8dfc2a9a8,efficiency_heating,16,97,7.221701622009277,0.07832050323486328,82822.0,6.608947277069092,827,1
StandardGSGP,6e1de548-ad37-11ef-a610-e4a8dfc2a9a8,efficiency_heating,16,98,7.221701622009277,0.06602048873901367,83672.0,6.608947277069092,827,1
StandardGSGP,6e1de548-ad37-11ef-a610-e4a8dfc2a9a8,efficiency_heating,16,99,7.171944618225098,0.06400132179260254,84550.0,6.519228458404541,847,1
StandardGSGP,6e1de548-ad37-11ef-a610-e4a8dfc2a9a8,efficiency_heating,16,100,7.132312774658203,0.06507062911987305,85214.0,6.515908718109131,833,1
