StandardGSGP,c7d10b8a-ad36-11ef-9055-e4a8dfc2a9a8,efficiency_heating,3,0,0.245794415473938,0.029369831085205078,598.0,0.2503257393836975,3,1
StandardGSGP,c7d10b8a-ad36-11ef-9055-e4a8dfc2a9a8,efficiency_heating,3,1,0.19528409838676453,0.057509660720825195,1446.0,0.1848180741071701,11,1
StandardGSGP,c7d10b8a-ad36-11ef-9055-e4a8dfc2a9a8,efficiency_heating,3,2,0.19528409838676453,0.056012868881225586,2290.0,0.1848180741071701,11,1
StandardGSGP,c7d10b8a-ad36-11ef-9055-e4a8dfc2a9a8,efficiency_heating,3,3,0.1503378003835678,0.05450773239135742,3018.0,0.15660282969474792,27,1
StandardGSGP,c7d10b8a-ad36-11ef-9055-e4a8dfc2a9a8,efficiency_heating,3,4,0.1503378003835678,0.06491732597351074,3766.0,0.15660282969474792,27,1
StandardGSGP,c7d10b8a-ad36-11ef-9055-e4a8dfc2a9a8,efficiency_heating,3,5,0.1503378003835678,0.057181596755981445,4352.0,0.15660282969474792,27,1
StandardGSGP,c7d10b8a-ad36-11ef-9055-e4a8dfc2a9a8,efficiency_heating,3,6,0.1497446447610855,0.05607795715332031,5044.0,0.15400734543800354,39,1
StandardGSGP,c7d10b8a-ad36-11ef-9055-e4a8dfc2a9a8,efficiency_heating,3,7,0.1361534148454666,0.05452585220336914,5668.0,0.14135146141052246,49,1
StandardGSGP,c7d10b8a-ad36-11ef-9055-e4a8dfc2a9a8,efficiency_heating,3,8,0.1335688829421997,0.05606389045715332,6214.0,0.13423685729503632,73,1
StandardGSGP,c7d10b8a-ad36-11ef-9055-e4a8dfc2a9a8,efficiency_heating,3,9,0.11365663260221481,0.05399346351623535,6612.0,0.11882146447896957,79,1
StandardGSGP,c7d10b8a-ad36-11ef-9055-e4a8dfc2a9a8,efficiency_heating,3,10,0.11365663260221481,0.05705618858337402,7566.0,0.11882146447896957,79,1
StandardGSGP,c7d10b8a-ad36-11ef-9055-e4a8dfc2a9a8,efficiency_heating,3,11,0.11365663260221481,0.05848073959350586,8550.0,0.11882146447896957,79,1
StandardGSGP,c7d10b8a-ad36-11ef-9055-e4a8dfc2a9a8,efficiency_heating,3,12,0.11365663260221481,0.05999898910522461,9604.0,0.11882146447896957,79,1
StandardGSGP,c7d10b8a-ad36-11ef-9055-e4a8dfc2a9a8,efficiency_heating,3,13,0.1132601872086525,0.059665679931640625,10492.0,0.11768455058336258,85,1
StandardGSGP,c7d10b8a-ad36-11ef-9055-e4a8dfc2a9a8,efficiency_heating,3,14,0.1132601872086525,0.05898880958557129,11062.0,0.11768455058336258,85,1
StandardGSGP,c7d10b8a-ad36-11ef-9055-e4a8dfc2a9a8,efficiency_heating,3,15,0.10805133730173111,0.05917024612426758,11738.0,0.1091904565691948,129,1
StandardGSGP,c7d10b8a-ad36-11ef-9055-e4a8dfc2a9a8,efficiency_heating,3,16,0.10805133730173111,0.13485074043273926,12574.0,0.1091904565691948,129,1
StandardGSGP,c7d10b8a-ad36-11ef-9055-e4a8dfc2a9a8,efficiency_heating,3,17,0.10595893859863281,0.06080889701843262,13452.0,0.10685595124959946,139,1
StandardGSGP,c7d10b8a-ad36-11ef-9055-e4a8dfc2a9a8,efficiency_heating,3,18,0.10403572767972946,0.055525779724121094,14352.0,0.10335077345371246,147,1
StandardGSGP,c7d10b8a-ad36-11ef-9055-e4a8dfc2a9a8,efficiency_heating,3,19,0.10403572767972946,0.08152055740356445,15212.0,0.10335077345371246,147,1
StandardGSGP,c7d10b8a-ad36-11ef-9055-e4a8dfc2a9a8,efficiency_heating,3,20,0.10403572767972946,0.058870792388916016,16172.0,0.10335077345371246,147,1
StandardGSGP,c7d10b8a-ad36-11ef-9055-e4a8dfc2a9a8,efficiency_heating,3,21,0.10173569619655609,0.054533958435058594,17012.0,0.09973102807998657,163,1
StandardGSGP,c7d10b8a-ad36-11ef-9055-e4a8dfc2a9a8,efficiency_heating,3,22,0.10173569619655609,0.060982465744018555,17954.0,0.09973102807998657,163,1
StandardGSGP,c7d10b8a-ad36-11ef-9055-e4a8dfc2a9a8,efficiency_heating,3,23,0.10173569619655609,0.05501914024353027,18704.0,0.09973102807998657,163,1
StandardGSGP,c7d10b8a-ad36-11ef-9055-e4a8dfc2a9a8,efficiency_heating,3,24,0.09971983730792999,0.054001569747924805,19440.0,0.09758838266134262,173,1
StandardGSGP,c7d10b8a-ad36-11ef-9055-e4a8dfc2a9a8,efficiency_heating,3,25,0.09971983730792999,0.055504798889160156,19970.0,0.09758838266134262,173,1
StandardGSGP,c7d10b8a-ad36-11ef-9055-e4a8dfc2a9a8,efficiency_heating,3,26,0.09971983730792999,0.05981159210205078,20340.0,0.09758838266134262,173,1
StandardGSGP,c7d10b8a-ad36-11ef-9055-e4a8dfc2a9a8,efficiency_heating,3,27,0.09971983730792999,0.057717084884643555,21136.0,0.09758838266134262,173,1
StandardGSGP,c7d10b8a-ad36-11ef-9055-e4a8dfc2a9a8,efficiency_heating,3,28,0.09971983730792999,0.06100797653198242,21758.0,0.09758838266134262,173,1
StandardGSGP,c7d10b8a-ad36-11ef-9055-e4a8dfc2a9a8,efficiency_heating,3,29,0.09659580141305923,0.06500244140625,22268.0,0.09310536831617355,179,1
StandardGSGP,c7d10b8a-ad36-11ef-9055-e4a8dfc2a9a8,efficiency_heating,3,30,0.09659580141305923,0.06843876838684082,22476.0,0.09310536831617355,179,1
StandardGSGP,c7d10b8a-ad36-11ef-9055-e4a8dfc2a9a8,efficiency_heating,3,31,0.09659580141305923,0.06235933303833008,23128.0,0.09310536831617355,179,1
StandardGSGP,c7d10b8a-ad36-11ef-9055-e4a8dfc2a9a8,efficiency_heating,3,32,0.09659580141305923,0.055005788803100586,23592.0,0.09310536831617355,179,1
StandardGSGP,c7d10b8a-ad36-11ef-9055-e4a8dfc2a9a8,efficiency_heating,3,33,0.09659580141305923,0.05550670623779297,24662.0,0.09310536831617355,179,1
StandardGSGP,c7d10b8a-ad36-11ef-9055-e4a8dfc2a9a8,efficiency_heating,3,34,0.09659580141305923,0.054508209228515625,24988.0,0.09310536831617355,179,1
StandardGSGP,c7d10b8a-ad36-11ef-9055-e4a8dfc2a9a8,efficiency_heating,3,35,0.09659580141305923,0.06346940994262695,25414.0,0.09310536831617355,179,1
StandardGSGP,c7d10b8a-ad36-11ef-9055-e4a8dfc2a9a8,efficiency_heating,3,36,0.09659580141305923,0.05617094039916992,25762.0,0.09310536831617355,179,1
StandardGSGP,c7d10b8a-ad36-11ef-9055-e4a8dfc2a9a8,efficiency_heating,3,37,0.09654795378446579,0.056000709533691406,26162.0,0.092804916203022,187,1
StandardGSGP,c7d10b8a-ad36-11ef-9055-e4a8dfc2a9a8,efficiency_heating,3,38,0.09654795378446579,0.05567145347595215,25448.0,0.092804916203022,187,1
StandardGSGP,c7d10b8a-ad36-11ef-9055-e4a8dfc2a9a8,efficiency_heating,3,39,0.09654795378446579,0.05300140380859375,25176.0,0.092804916203022,187,1
StandardGSGP,c7d10b8a-ad36-11ef-9055-e4a8dfc2a9a8,efficiency_heating,3,40,0.09654795378446579,0.05737757682800293,24466.0,0.092804916203022,187,1
StandardGSGP,c7d10b8a-ad36-11ef-9055-e4a8dfc2a9a8,efficiency_heating,3,41,0.09654795378446579,0.05728745460510254,23548.0,0.092804916203022,187,1
StandardGSGP,c7d10b8a-ad36-11ef-9055-e4a8dfc2a9a8,efficiency_heating,3,42,0.09654795378446579,0.05557870864868164,22970.0,0.092804916203022,187,1
StandardGSGP,c7d10b8a-ad36-11ef-9055-e4a8dfc2a9a8,efficiency_heating,3,43,0.09654795378446579,0.05314803123474121,23648.0,0.092804916203022,187,1
StandardGSGP,c7d10b8a-ad36-11ef-9055-e4a8dfc2a9a8,efficiency_heating,3,44,0.09654795378446579,0.05400276184082031,23882.0,0.092804916203022,187,1
StandardGSGP,c7d10b8a-ad36-11ef-9055-e4a8dfc2a9a8,efficiency_heating,3,45,0.09654795378446579,0.05550527572631836,24384.0,0.092804916203022,187,1
StandardGSGP,c7d10b8a-ad36-11ef-9055-e4a8dfc2a9a8,efficiency_heating,3,46,0.09654795378446579,0.058513641357421875,24872.0,0.092804916203022,187,1
StandardGSGP,c7d10b8a-ad36-11ef-9055-e4a8dfc2a9a8,efficiency_heating,3,47,0.09654795378446579,0.05499839782714844,24778.0,0.092804916203022,187,1
StandardGSGP,c7d10b8a-ad36-11ef-9055-e4a8dfc2a9a8,efficiency_heating,3,48,0.09654795378446579,0.061510562896728516,25396.0,0.092804916203022,187,1
StandardGSGP,c7d10b8a-ad36-11ef-9055-e4a8dfc2a9a8,efficiency_heating,3,49,0.09654795378446579,0.05499672889709473,25712.0,0.092804916203022,187,1
StandardGSGP,c7d10b8a-ad36-11ef-9055-e4a8dfc2a9a8,efficiency_heating,3,50,0.09654795378446579,0.05651092529296875,26146.0,0.092804916203022,187,1
StandardGSGP,c7d10b8a-ad36-11ef-9055-e4a8dfc2a9a8,efficiency_heating,3,51,0.09654795378446579,0.05799698829650879,26888.0,0.092804916203022,187,1
StandardGSGP,c7d10b8a-ad36-11ef-9055-e4a8dfc2a9a8,efficiency_heating,3,52,0.09654795378446579,0.05751466751098633,27340.0,0.092804916203022,187,1
StandardGSGP,c7d10b8a-ad36-11ef-9055-e4a8dfc2a9a8,efficiency_heating,3,53,0.09654795378446579,0.0569310188293457,28254.0,0.092804916203022,187,1
StandardGSGP,c7d10b8a-ad36-11ef-9055-e4a8dfc2a9a8,efficiency_heating,3,54,0.09654795378446579,0.05852031707763672,28356.0,0.092804916203022,187,1
StandardGSGP,c7d10b8a-ad36-11ef-9055-e4a8dfc2a9a8,efficiency_heating,3,55,0.09651580452919006,0.05550861358642578,28102.0,0.09281638264656067,193,1
StandardGSGP,c7d10b8a-ad36-11ef-9055-e4a8dfc2a9a8,efficiency_heating,3,56,0.09651580452919006,0.06224846839904785,28964.0,0.09281638264656067,193,1
StandardGSGP,c7d10b8a-ad36-11ef-9055-e4a8dfc2a9a8,efficiency_heating,3,57,0.09651580452919006,0.05883169174194336,29106.0,0.09281638264656067,193,1
StandardGSGP,c7d10b8a-ad36-11ef-9055-e4a8dfc2a9a8,efficiency_heating,3,58,0.09651580452919006,0.05915021896362305,27896.0,0.09281638264656067,193,1
StandardGSGP,c7d10b8a-ad36-11ef-9055-e4a8dfc2a9a8,efficiency_heating,3,59,0.09651580452919006,0.057970285415649414,28536.0,0.09281638264656067,193,1
StandardGSGP,c7d10b8a-ad36-11ef-9055-e4a8dfc2a9a8,efficiency_heating,3,60,0.09651580452919006,0.05938100814819336,29356.0,0.09281638264656067,193,1
StandardGSGP,c7d10b8a-ad36-11ef-9055-e4a8dfc2a9a8,efficiency_heating,3,61,0.09651580452919006,0.058538198471069336,30076.0,0.09281638264656067,193,1
StandardGSGP,c7d10b8a-ad36-11ef-9055-e4a8dfc2a9a8,efficiency_heating,3,62,0.09651580452919006,0.06226301193237305,30068.0,0.09281638264656067,193,1
StandardGSGP,c7d10b8a-ad36-11ef-9055-e4a8dfc2a9a8,efficiency_heating,3,63,0.09651580452919006,0.06271600723266602,29964.0,0.09281638264656067,193,1
StandardGSGP,c7d10b8a-ad36-11ef-9055-e4a8dfc2a9a8,efficiency_heating,3,64,0.09651580452919006,0.05499863624572754,27634.0,0.09281638264656067,193,1
StandardGSGP,c7d10b8a-ad36-11ef-9055-e4a8dfc2a9a8,efficiency_heating,3,65,0.09651580452919006,0.05856752395629883,25248.0,0.09281638264656067,193,1
StandardGSGP,c7d10b8a-ad36-11ef-9055-e4a8dfc2a9a8,efficiency_heating,3,66,0.09651580452919006,0.05641674995422363,24150.0,0.09281638264656067,193,1
StandardGSGP,c7d10b8a-ad36-11ef-9055-e4a8dfc2a9a8,efficiency_heating,3,67,0.09651580452919006,0.06248331069946289,24788.0,0.09281638264656067,193,1
StandardGSGP,c7d10b8a-ad36-11ef-9055-e4a8dfc2a9a8,efficiency_heating,3,68,0.09651580452919006,0.05674409866333008,24858.0,0.09281638264656067,193,1
StandardGSGP,c7d10b8a-ad36-11ef-9055-e4a8dfc2a9a8,efficiency_heating,3,69,0.09651580452919006,0.05766916275024414,24796.0,0.09281638264656067,193,1
StandardGSGP,c7d10b8a-ad36-11ef-9055-e4a8dfc2a9a8,efficiency_heating,3,70,0.09651580452919006,0.05713009834289551,25322.0,0.09281638264656067,193,1
StandardGSGP,c7d10b8a-ad36-11ef-9055-e4a8dfc2a9a8,efficiency_heating,3,71,0.09651580452919006,0.0555264949798584,25364.0,0.09281638264656067,193,1
StandardGSGP,c7d10b8a-ad36-11ef-9055-e4a8dfc2a9a8,efficiency_heating,3,72,0.09651580452919006,0.054601192474365234,25410.0,0.09281638264656067,193,1
StandardGSGP,c7d10b8a-ad36-11ef-9055-e4a8dfc2a9a8,efficiency_heating,3,73,0.09651580452919006,0.05549740791320801,26286.0,0.09281638264656067,193,1
StandardGSGP,c7d10b8a-ad36-11ef-9055-e4a8dfc2a9a8,efficiency_heating,3,74,0.09651580452919006,0.1300199031829834,26494.0,0.09281638264656067,193,1
StandardGSGP,c7d10b8a-ad36-11ef-9055-e4a8dfc2a9a8,efficiency_heating,3,75,0.09651580452919006,0.054717063903808594,26498.0,0.09281638264656067,193,1
StandardGSGP,c7d10b8a-ad36-11ef-9055-e4a8dfc2a9a8,efficiency_heating,3,76,0.09651580452919006,0.05457329750061035,27866.0,0.09281638264656067,193,1
StandardGSGP,c7d10b8a-ad36-11ef-9055-e4a8dfc2a9a8,efficiency_heating,3,77,0.09651580452919006,0.06237983703613281,28820.0,0.09281638264656067,193,1
StandardGSGP,c7d10b8a-ad36-11ef-9055-e4a8dfc2a9a8,efficiency_heating,3,78,0.09651580452919006,0.05514097213745117,28516.0,0.09281638264656067,193,1
StandardGSGP,c7d10b8a-ad36-11ef-9055-e4a8dfc2a9a8,efficiency_heating,3,79,0.09651580452919006,0.0555112361907959,28478.0,0.09281638264656067,193,1
StandardGSGP,c7d10b8a-ad36-11ef-9055-e4a8dfc2a9a8,efficiency_heating,3,80,0.09651580452919006,0.053929805755615234,28568.0,0.09281638264656067,193,1
StandardGSGP,c7d10b8a-ad36-11ef-9055-e4a8dfc2a9a8,efficiency_heating,3,81,0.09651580452919006,0.055463552474975586,28132.0,0.09281638264656067,193,1
StandardGSGP,c7d10b8a-ad36-11ef-9055-e4a8dfc2a9a8,efficiency_heating,3,82,0.09235406666994095,0.056272268295288086,26706.0,0.09156636893749237,227,1
StandardGSGP,c7d10b8a-ad36-11ef-9055-e4a8dfc2a9a8,efficiency_heating,3,83,0.09235406666994095,0.05591011047363281,26164.0,0.09156636893749237,227,1
StandardGSGP,c7d10b8a-ad36-11ef-9055-e4a8dfc2a9a8,efficiency_heating,3,84,0.09235406666994095,0.056514739990234375,26390.0,0.09156636893749237,227,1
StandardGSGP,c7d10b8a-ad36-11ef-9055-e4a8dfc2a9a8,efficiency_heating,3,85,0.09235406666994095,0.05500292778015137,26548.0,0.09156636893749237,227,1
StandardGSGP,c7d10b8a-ad36-11ef-9055-e4a8dfc2a9a8,efficiency_heating,3,86,0.09235406666994095,0.054511070251464844,26734.0,0.09156636893749237,227,1
StandardGSGP,c7d10b8a-ad36-11ef-9055-e4a8dfc2a9a8,efficiency_heating,3,87,0.09235406666994095,0.05600118637084961,27064.0,0.09156636893749237,227,1
StandardGSGP,c7d10b8a-ad36-11ef-9055-e4a8dfc2a9a8,efficiency_heating,3,88,0.09235406666994095,0.056510210037231445,27326.0,0.09156636893749237,227,1
StandardGSGP,c7d10b8a-ad36-11ef-9055-e4a8dfc2a9a8,efficiency_heating,3,89,0.09235406666994095,0.05651044845581055,27808.0,0.09156636893749237,227,1
StandardGSGP,c7d10b8a-ad36-11ef-9055-e4a8dfc2a9a8,efficiency_heating,3,90,0.09235406666994095,0.05534982681274414,28728.0,0.09156636893749237,227,1
StandardGSGP,c7d10b8a-ad36-11ef-9055-e4a8dfc2a9a8,efficiency_heating,3,91,0.09166151285171509,0.05450916290283203,29510.0,0.09079106897115707,233,1
StandardGSGP,c7d10b8a-ad36-11ef-9055-e4a8dfc2a9a8,efficiency_heating,3,92,0.09166151285171509,0.058475494384765625,30082.0,0.09079106897115707,233,1
StandardGSGP,c7d10b8a-ad36-11ef-9055-e4a8dfc2a9a8,efficiency_heating,3,93,0.09116186946630478,0.05551648139953613,30426.0,0.09053900092840195,241,1
StandardGSGP,c7d10b8a-ad36-11ef-9055-e4a8dfc2a9a8,efficiency_heating,3,94,0.09116186946630478,0.054795026779174805,30872.0,0.09053900092840195,241,1
StandardGSGP,c7d10b8a-ad36-11ef-9055-e4a8dfc2a9a8,efficiency_heating,3,95,0.09116186946630478,0.055505990982055664,31698.0,0.09053900092840195,241,1
StandardGSGP,c7d10b8a-ad36-11ef-9055-e4a8dfc2a9a8,efficiency_heating,3,96,0.09116186946630478,0.05684924125671387,31596.0,0.09053900092840195,241,1
StandardGSGP,c7d10b8a-ad36-11ef-9055-e4a8dfc2a9a8,efficiency_heating,3,97,0.09116186946630478,0.058142900466918945,32682.0,0.09053900092840195,241,1
StandardGSGP,c7d10b8a-ad36-11ef-9055-e4a8dfc2a9a8,efficiency_heating,3,98,0.09116186946630478,0.05951237678527832,32668.0,0.09053900092840195,241,1
StandardGSGP,c7d10b8a-ad36-11ef-9055-e4a8dfc2a9a8,efficiency_heating,3,99,0.09116186946630478,0.05399751663208008,31316.0,0.09053900092840195,241,1
StandardGSGP,c7d10b8a-ad36-11ef-9055-e4a8dfc2a9a8,efficiency_heating,3,100,0.09116186946630478,0.0575101375579834,30816.0,0.09053900092840195,241,1
StandardGSGP,382c66d5-ad37-11ef-aafe-e4a8dfc2a9a8,efficiency_heating,3,0,12.243082046508789,0.03700423240661621,862.0,12.541216850280762,3,1
StandardGSGP,382c66d5-ad37-11ef-aafe-e4a8dfc2a9a8,efficiency_heating,3,1,12.068824768066406,0.061510562896728516,1410.0,12.37097454071045,15,1
StandardGSGP,382c66d5-ad37-11ef-aafe-e4a8dfc2a9a8,efficiency_heating,3,2,11.817167282104492,0.06145119667053223,2270.0,12.125208854675293,15,1
StandardGSGP,382c66d5-ad37-11ef-aafe-e4a8dfc2a9a8,efficiency_heating,3,3,11.573715209960938,0.06408190727233887,3234.0,11.887743949890137,29,1
StandardGSGP,382c66d5-ad37-11ef-aafe-e4a8dfc2a9a8,efficiency_heating,3,4,11.353302001953125,0.06329178810119629,4334.0,11.669243812561035,41,1
StandardGSGP,382c66d5-ad37-11ef-aafe-e4a8dfc2a9a8,efficiency_heating,3,5,11.010774612426758,0.06515240669250488,4970.0,11.322066307067871,69,1
StandardGSGP,382c66d5-ad37-11ef-aafe-e4a8dfc2a9a8,efficiency_heating,3,6,10.816085815429688,0.061509132385253906,5936.0,11.136908531188965,71,1
StandardGSGP,382c66d5-ad37-11ef-aafe-e4a8dfc2a9a8,efficiency_heating,3,7,10.600208282470703,0.06451249122619629,7040.0,10.920980453491211,87,1
StandardGSGP,382c66d5-ad37-11ef-aafe-e4a8dfc2a9a8,efficiency_heating,3,8,10.397414207458496,0.0691673755645752,8204.0,10.718402862548828,99,1
StandardGSGP,382c66d5-ad37-11ef-aafe-e4a8dfc2a9a8,efficiency_heating,3,9,10.317567825317383,0.06189584732055664,9380.0,10.634654998779297,107,1
StandardGSGP,382c66d5-ad37-11ef-aafe-e4a8dfc2a9a8,efficiency_heating,3,10,10.148975372314453,0.14583373069763184,10898.0,10.472777366638184,107,1
StandardGSGP,382c66d5-ad37-11ef-aafe-e4a8dfc2a9a8,efficiency_heating,3,11,9.914236068725586,0.0625157356262207,12444.0,10.229369163513184,125,1
StandardGSGP,382c66d5-ad37-11ef-aafe-e4a8dfc2a9a8,efficiency_heating,3,12,9.758040428161621,0.0645151138305664,13610.0,10.06240463256836,137,1
StandardGSGP,382c66d5-ad37-11ef-aafe-e4a8dfc2a9a8,efficiency_heating,3,13,9.69159984588623,0.06400036811828613,14584.0,10.006321907043457,161,1
StandardGSGP,382c66d5-ad37-11ef-aafe-e4a8dfc2a9a8,efficiency_heating,3,14,9.58884048461914,0.07802605628967285,15468.0,9.886877059936523,155,1
StandardGSGP,382c66d5-ad37-11ef-aafe-e4a8dfc2a9a8,efficiency_heating,3,15,9.544634819030762,0.0700843334197998,16494.0,9.838897705078125,167,1
StandardGSGP,382c66d5-ad37-11ef-aafe-e4a8dfc2a9a8,efficiency_heating,3,16,9.476523399353027,0.06807088851928711,17594.0,9.765392303466797,173,1
StandardGSGP,382c66d5-ad37-11ef-aafe-e4a8dfc2a9a8,efficiency_heating,3,17,9.287901878356934,0.06365561485290527,18688.0,9.6021728515625,175,1
StandardGSGP,382c66d5-ad37-11ef-aafe-e4a8dfc2a9a8,efficiency_heating,3,18,9.287901878356934,0.06353139877319336,19534.0,9.6021728515625,175,1
StandardGSGP,382c66d5-ad37-11ef-aafe-e4a8dfc2a9a8,efficiency_heating,3,19,9.173492431640625,0.0619964599609375,20328.0,9.47481632232666,193,1
StandardGSGP,382c66d5-ad37-11ef-aafe-e4a8dfc2a9a8,efficiency_heating,3,20,9.170002937316895,0.06450486183166504,20928.0,9.468437194824219,203,1
StandardGSGP,382c66d5-ad37-11ef-aafe-e4a8dfc2a9a8,efficiency_heating,3,21,9.09991455078125,0.06693005561828613,20818.0,9.379877090454102,215,1
StandardGSGP,382c66d5-ad37-11ef-aafe-e4a8dfc2a9a8,efficiency_heating,3,22,9.00532341003418,0.06500673294067383,21730.0,9.283198356628418,237,1
StandardGSGP,382c66d5-ad37-11ef-aafe-e4a8dfc2a9a8,efficiency_heating,3,23,9.000323295593262,0.06750607490539551,22874.0,9.265039443969727,239,1
StandardGSGP,382c66d5-ad37-11ef-aafe-e4a8dfc2a9a8,efficiency_heating,3,24,8.953322410583496,0.06600522994995117,24360.0,9.221831321716309,257,1
StandardGSGP,382c66d5-ad37-11ef-aafe-e4a8dfc2a9a8,efficiency_heating,3,25,8.834219932556152,0.06267333030700684,25650.0,9.09394359588623,249,1
StandardGSGP,382c66d5-ad37-11ef-aafe-e4a8dfc2a9a8,efficiency_heating,3,26,8.658987045288086,0.06850743293762207,26840.0,8.898711204528809,289,1
StandardGSGP,382c66d5-ad37-11ef-aafe-e4a8dfc2a9a8,efficiency_heating,3,27,8.594635009765625,0.06350946426391602,27896.0,8.799216270446777,303,1
StandardGSGP,382c66d5-ad37-11ef-aafe-e4a8dfc2a9a8,efficiency_heating,3,28,8.525357246398926,0.062158823013305664,28558.0,8.75153636932373,269,1
StandardGSGP,382c66d5-ad37-11ef-aafe-e4a8dfc2a9a8,efficiency_heating,3,29,8.457704544067383,0.061106204986572266,29746.0,8.643373489379883,329,1
StandardGSGP,382c66d5-ad37-11ef-aafe-e4a8dfc2a9a8,efficiency_heating,3,30,8.405293464660645,0.06397461891174316,31024.0,8.630916595458984,285,1
StandardGSGP,382c66d5-ad37-11ef-aafe-e4a8dfc2a9a8,efficiency_heating,3,31,8.405293464660645,0.06399917602539062,32066.0,8.630916595458984,285,1
StandardGSGP,382c66d5-ad37-11ef-aafe-e4a8dfc2a9a8,efficiency_heating,3,32,8.334732055664062,0.06427335739135742,33688.0,8.504703521728516,367,1
StandardGSGP,382c66d5-ad37-11ef-aafe-e4a8dfc2a9a8,efficiency_heating,3,33,8.302374839782715,0.0645132064819336,34136.0,8.428991317749023,349,1
StandardGSGP,382c66d5-ad37-11ef-aafe-e4a8dfc2a9a8,efficiency_heating,3,34,8.2664794921875,0.06318378448486328,34814.0,8.385355949401855,357,1
StandardGSGP,382c66d5-ad37-11ef-aafe-e4a8dfc2a9a8,efficiency_heating,3,35,8.245445251464844,0.06751155853271484,36192.0,8.356973648071289,363,1
StandardGSGP,382c66d5-ad37-11ef-aafe-e4a8dfc2a9a8,efficiency_heating,3,36,8.210858345031738,0.06050825119018555,37292.0,8.358409881591797,385,1
StandardGSGP,382c66d5-ad37-11ef-aafe-e4a8dfc2a9a8,efficiency_heating,3,37,8.101227760314941,0.07220864295959473,37780.0,8.22256088256836,377,1
StandardGSGP,382c66d5-ad37-11ef-aafe-e4a8dfc2a9a8,efficiency_heating,3,38,8.051480293273926,0.06250381469726562,38832.0,8.185027122497559,389,1
StandardGSGP,382c66d5-ad37-11ef-aafe-e4a8dfc2a9a8,efficiency_heating,3,39,8.017349243164062,0.06650900840759277,40294.0,8.109209060668945,399,1
StandardGSGP,382c66d5-ad37-11ef-aafe-e4a8dfc2a9a8,efficiency_heating,3,40,7.995816707611084,0.06841015815734863,41402.0,8.115833282470703,401,1
StandardGSGP,382c66d5-ad37-11ef-aafe-e4a8dfc2a9a8,efficiency_heating,3,41,7.93817138671875,0.06049942970275879,41536.0,8.00971794128418,411,1
StandardGSGP,382c66d5-ad37-11ef-aafe-e4a8dfc2a9a8,efficiency_heating,3,42,7.894554615020752,0.06251764297485352,42198.0,7.983036518096924,417,1
StandardGSGP,382c66d5-ad37-11ef-aafe-e4a8dfc2a9a8,efficiency_heating,3,43,7.840645790100098,0.06099867820739746,42976.0,7.942374229431152,425,1
StandardGSGP,382c66d5-ad37-11ef-aafe-e4a8dfc2a9a8,efficiency_heating,3,44,7.835752487182617,0.06151008605957031,43758.0,7.924910068511963,437,1
StandardGSGP,382c66d5-ad37-11ef-aafe-e4a8dfc2a9a8,efficiency_heating,3,45,7.7865705490112305,0.06450867652893066,44414.0,7.880121231079102,439,1
StandardGSGP,382c66d5-ad37-11ef-aafe-e4a8dfc2a9a8,efficiency_heating,3,46,7.723282337188721,0.0670006275177002,44984.0,7.797791957855225,445,1
StandardGSGP,382c66d5-ad37-11ef-aafe-e4a8dfc2a9a8,efficiency_heating,3,47,7.723282337188721,0.060507774353027344,45676.0,7.797791957855225,445,1
StandardGSGP,382c66d5-ad37-11ef-aafe-e4a8dfc2a9a8,efficiency_heating,3,48,7.681874752044678,0.06469273567199707,46746.0,7.747767925262451,451,1
StandardGSGP,382c66d5-ad37-11ef-aafe-e4a8dfc2a9a8,efficiency_heating,3,49,7.659830093383789,0.06578373908996582,47382.0,7.680470943450928,463,1
StandardGSGP,382c66d5-ad37-11ef-aafe-e4a8dfc2a9a8,efficiency_heating,3,50,7.6385884284973145,0.06251072883605957,47706.0,7.660222053527832,471,1
StandardGSGP,382c66d5-ad37-11ef-aafe-e4a8dfc2a9a8,efficiency_heating,3,51,7.566365718841553,0.06438541412353516,48018.0,7.5812835693359375,479,1
StandardGSGP,382c66d5-ad37-11ef-aafe-e4a8dfc2a9a8,efficiency_heating,3,52,7.452787399291992,0.06970381736755371,48976.0,7.493489742279053,485,1
StandardGSGP,382c66d5-ad37-11ef-aafe-e4a8dfc2a9a8,efficiency_heating,3,53,7.452787399291992,0.061878204345703125,50054.0,7.493489742279053,485,1
StandardGSGP,382c66d5-ad37-11ef-aafe-e4a8dfc2a9a8,efficiency_heating,3,54,7.435001373291016,0.06299972534179688,50906.0,7.493782043457031,501,1
StandardGSGP,382c66d5-ad37-11ef-aafe-e4a8dfc2a9a8,efficiency_heating,3,55,7.398883819580078,0.060997962951660156,51300.0,7.440914630889893,507,1
StandardGSGP,382c66d5-ad37-11ef-aafe-e4a8dfc2a9a8,efficiency_heating,3,56,7.364806175231934,0.06833386421203613,51722.0,7.377897262573242,515,1
StandardGSGP,382c66d5-ad37-11ef-aafe-e4a8dfc2a9a8,efficiency_heating,3,57,7.330821990966797,0.06378602981567383,52310.0,7.354630947113037,523,1
StandardGSGP,382c66d5-ad37-11ef-aafe-e4a8dfc2a9a8,efficiency_heating,3,58,7.279299259185791,0.06035256385803223,52988.0,7.271958351135254,525,1
StandardGSGP,382c66d5-ad37-11ef-aafe-e4a8dfc2a9a8,efficiency_heating,3,59,7.221561431884766,0.06251072883605957,53842.0,7.239963531494141,541,1
StandardGSGP,382c66d5-ad37-11ef-aafe-e4a8dfc2a9a8,efficiency_heating,3,60,7.179718017578125,0.06059384346008301,54602.0,7.17055606842041,553,1
StandardGSGP,382c66d5-ad37-11ef-aafe-e4a8dfc2a9a8,efficiency_heating,3,61,7.065969467163086,0.06513571739196777,55260.0,7.060853004455566,561,1
StandardGSGP,382c66d5-ad37-11ef-aafe-e4a8dfc2a9a8,efficiency_heating,3,62,7.023083209991455,0.06779146194458008,56412.0,7.039618492126465,575,1
StandardGSGP,382c66d5-ad37-11ef-aafe-e4a8dfc2a9a8,efficiency_heating,3,63,7.019257545471191,0.06099891662597656,57644.0,7.029914379119873,583,1
StandardGSGP,382c66d5-ad37-11ef-aafe-e4a8dfc2a9a8,efficiency_heating,3,64,6.935848236083984,0.0635066032409668,58824.0,6.908756256103516,585,1
StandardGSGP,382c66d5-ad37-11ef-aafe-e4a8dfc2a9a8,efficiency_heating,3,65,6.8153557777404785,0.06951045989990234,59878.0,6.84718656539917,601,1
StandardGSGP,382c66d5-ad37-11ef-aafe-e4a8dfc2a9a8,efficiency_heating,3,66,6.792881488800049,0.06500387191772461,60864.0,6.8199849128723145,607,1
StandardGSGP,382c66d5-ad37-11ef-aafe-e4a8dfc2a9a8,efficiency_heating,3,67,6.786401748657227,0.06073760986328125,61708.0,6.76961088180542,619,1
StandardGSGP,382c66d5-ad37-11ef-aafe-e4a8dfc2a9a8,efficiency_heating,3,68,6.570868968963623,0.14256572723388672,62534.0,6.595497131347656,631,1
StandardGSGP,382c66d5-ad37-11ef-aafe-e4a8dfc2a9a8,efficiency_heating,3,69,6.559800148010254,0.06712794303894043,63646.0,6.5717620849609375,639,1
StandardGSGP,382c66d5-ad37-11ef-aafe-e4a8dfc2a9a8,efficiency_heating,3,70,6.512383937835693,0.06271147727966309,64680.0,6.491093635559082,639,1
StandardGSGP,382c66d5-ad37-11ef-aafe-e4a8dfc2a9a8,efficiency_heating,3,71,6.489245891571045,0.06500387191772461,65590.0,6.457205772399902,645,1
StandardGSGP,382c66d5-ad37-11ef-aafe-e4a8dfc2a9a8,efficiency_heating,3,72,6.360070705413818,0.06250548362731934,66282.0,6.314656734466553,659,1
StandardGSGP,382c66d5-ad37-11ef-aafe-e4a8dfc2a9a8,efficiency_heating,3,73,6.352017402648926,0.06152033805847168,66588.0,6.31456184387207,665,1
StandardGSGP,382c66d5-ad37-11ef-aafe-e4a8dfc2a9a8,efficiency_heating,3,74,6.323182582855225,0.06448841094970703,67366.0,6.282769680023193,671,1
StandardGSGP,382c66d5-ad37-11ef-aafe-e4a8dfc2a9a8,efficiency_heating,3,75,6.298128604888916,0.06987524032592773,68476.0,6.217796325683594,677,1
StandardGSGP,382c66d5-ad37-11ef-aafe-e4a8dfc2a9a8,efficiency_heating,3,76,6.255159854888916,0.062399864196777344,69348.0,6.217860221862793,697,1
StandardGSGP,382c66d5-ad37-11ef-aafe-e4a8dfc2a9a8,efficiency_heating,3,77,6.220417022705078,0.06656908988952637,69992.0,6.17379093170166,685,1
StandardGSGP,382c66d5-ad37-11ef-aafe-e4a8dfc2a9a8,efficiency_heating,3,78,6.138384819030762,0.06552529335021973,70744.0,6.080208778381348,703,1
StandardGSGP,382c66d5-ad37-11ef-aafe-e4a8dfc2a9a8,efficiency_heating,3,79,6.098515510559082,0.06553077697753906,71420.0,6.038607597351074,699,1
StandardGSGP,382c66d5-ad37-11ef-aafe-e4a8dfc2a9a8,efficiency_heating,3,80,6.0917558670043945,0.06700992584228516,71958.0,6.030121803283691,705,1
StandardGSGP,382c66d5-ad37-11ef-aafe-e4a8dfc2a9a8,efficiency_heating,3,81,6.082260608673096,0.0635228157043457,72320.0,6.009767055511475,711,1
StandardGSGP,382c66d5-ad37-11ef-aafe-e4a8dfc2a9a8,efficiency_heating,3,82,6.065922260284424,0.06464886665344238,72526.0,5.992911338806152,717,1
StandardGSGP,382c66d5-ad37-11ef-aafe-e4a8dfc2a9a8,efficiency_heating,3,83,6.010689735412598,0.0650033950805664,73078.0,5.888125419616699,729,1
StandardGSGP,382c66d5-ad37-11ef-aafe-e4a8dfc2a9a8,efficiency_heating,3,84,5.963128089904785,0.06651043891906738,73702.0,5.864309310913086,739,1
StandardGSGP,382c66d5-ad37-11ef-aafe-e4a8dfc2a9a8,efficiency_heating,3,85,5.963128089904785,0.06451249122619629,74604.0,5.864309310913086,739,1
StandardGSGP,382c66d5-ad37-11ef-aafe-e4a8dfc2a9a8,efficiency_heating,3,86,5.932843208312988,0.06615257263183594,75458.0,5.861295223236084,775,1
StandardGSGP,382c66d5-ad37-11ef-aafe-e4a8dfc2a9a8,efficiency_heating,3,87,5.927209854125977,0.0736241340637207,76462.0,5.847042083740234,755,1
StandardGSGP,382c66d5-ad37-11ef-aafe-e4a8dfc2a9a8,efficiency_heating,3,88,5.915177822113037,0.06316089630126953,77152.0,5.8307204246521,793,1
StandardGSGP,382c66d5-ad37-11ef-aafe-e4a8dfc2a9a8,efficiency_heating,3,89,5.915177822113037,0.0654599666595459,78326.0,5.8307204246521,793,1
StandardGSGP,382c66d5-ad37-11ef-aafe-e4a8dfc2a9a8,efficiency_heating,3,90,5.872406005859375,0.06213092803955078,79756.0,5.78695011138916,797,1
StandardGSGP,382c66d5-ad37-11ef-aafe-e4a8dfc2a9a8,efficiency_heating,3,91,5.803022384643555,0.06550765037536621,81198.0,5.685027599334717,805,1
StandardGSGP,382c66d5-ad37-11ef-aafe-e4a8dfc2a9a8,efficiency_heating,3,92,5.803022384643555,0.0675201416015625,82206.0,5.685027599334717,805,1
StandardGSGP,382c66d5-ad37-11ef-aafe-e4a8dfc2a9a8,efficiency_heating,3,93,5.743417263031006,0.06600499153137207,82732.0,5.5982441902160645,835,1
StandardGSGP,382c66d5-ad37-11ef-aafe-e4a8dfc2a9a8,efficiency_heating,3,94,5.736710071563721,0.06850886344909668,83412.0,5.571361541748047,853,1
StandardGSGP,382c66d5-ad37-11ef-aafe-e4a8dfc2a9a8,efficiency_heating,3,95,5.673923492431641,0.06251025199890137,84342.0,5.505588054656982,841,1
StandardGSGP,382c66d5-ad37-11ef-aafe-e4a8dfc2a9a8,efficiency_heating,3,96,5.644044399261475,0.06300044059753418,85704.0,5.4555511474609375,853,1
StandardGSGP,382c66d5-ad37-11ef-aafe-e4a8dfc2a9a8,efficiency_heating,3,97,5.567283630371094,0.06451630592346191,86854.0,5.459494113922119,855,1
StandardGSGP,382c66d5-ad37-11ef-aafe-e4a8dfc2a9a8,efficiency_heating,3,98,5.54899263381958,0.06100320816040039,86638.0,5.484889030456543,863,1
StandardGSGP,382c66d5-ad37-11ef-aafe-e4a8dfc2a9a8,efficiency_heating,3,99,5.538197994232178,0.06378388404846191,87228.0,5.426139831542969,881,1
StandardGSGP,382c66d5-ad37-11ef-aafe-e4a8dfc2a9a8,efficiency_heating,3,100,5.503841400146484,0.064910888671875,88400.0,5.343091011047363,887,1
