StandardGSGP,2803eb1d-ad37-11ef-a7d0-e4a8dfc2a9a8,efficiency_heating,29,0,0.2672520875930786,0.027997255325317383,612.0,0.26400846242904663,3,1
StandardGSGP,2803eb1d-ad37-11ef-a7d0-e4a8dfc2a9a8,efficiency_heating,29,1,0.24196840822696686,0.054044485092163086,1352.0,0.2360566109418869,9,1
StandardGSGP,2803eb1d-ad37-11ef-a7d0-e4a8dfc2a9a8,efficiency_heating,29,2,0.20288226008415222,0.05504250526428223,2116.0,0.19337035715579987,31,1
StandardGSGP,2803eb1d-ad37-11ef-a7d0-e4a8dfc2a9a8,efficiency_heating,29,3,0.175901859998703,0.05472397804260254,2960.0,0.15919701755046844,27,1
StandardGSGP,2803eb1d-ad37-11ef-a7d0-e4a8dfc2a9a8,efficiency_heating,29,4,0.1517411768436432,0.06253409385681152,3944.0,0.1405167579650879,35,1
StandardGSGP,2803eb1d-ad37-11ef-a7d0-e4a8dfc2a9a8,efficiency_heating,29,5,0.12522169947624207,0.05650973320007324,4766.0,0.10353586822748184,43,1
StandardGSGP,2803eb1d-ad37-11ef-a7d0-e4a8dfc2a9a8,efficiency_heating,29,6,0.12522169947624207,0.05522465705871582,5510.0,0.10353586822748184,43,1
StandardGSGP,2803eb1d-ad37-11ef-a7d0-e4a8dfc2a9a8,efficiency_heating,29,7,0.12522169947624207,0.05600428581237793,6288.0,0.10353586822748184,43,1
StandardGSGP,2803eb1d-ad37-11ef-a7d0-e4a8dfc2a9a8,efficiency_heating,29,8,0.12522169947624207,0.06322002410888672,6958.0,0.10353586822748184,43,1
StandardGSGP,2803eb1d-ad37-11ef-a7d0-e4a8dfc2a9a8,efficiency_heating,29,9,0.10616429895162582,0.05973482131958008,7528.0,0.0924738273024559,49,1
StandardGSGP,2803eb1d-ad37-11ef-a7d0-e4a8dfc2a9a8,efficiency_heating,29,10,0.10615195333957672,0.0535125732421875,8250.0,0.09249867498874664,55,1
StandardGSGP,2803eb1d-ad37-11ef-a7d0-e4a8dfc2a9a8,efficiency_heating,29,11,0.1037081927061081,0.05576896667480469,8878.0,0.08770852535963058,63,1
StandardGSGP,2803eb1d-ad37-11ef-a7d0-e4a8dfc2a9a8,efficiency_heating,29,12,0.1037081927061081,0.062166452407836914,9640.0,0.08770852535963058,63,1
StandardGSGP,2803eb1d-ad37-11ef-a7d0-e4a8dfc2a9a8,efficiency_heating,29,13,0.1037081927061081,0.05851125717163086,10218.0,0.08770852535963058,63,1
StandardGSGP,2803eb1d-ad37-11ef-a7d0-e4a8dfc2a9a8,efficiency_heating,29,14,0.09901534020900726,0.054999589920043945,10670.0,0.08517026901245117,79,1
StandardGSGP,2803eb1d-ad37-11ef-a7d0-e4a8dfc2a9a8,efficiency_heating,29,15,0.09838947653770447,0.05951118469238281,11176.0,0.08588016033172607,87,1
StandardGSGP,2803eb1d-ad37-11ef-a7d0-e4a8dfc2a9a8,efficiency_heating,29,16,0.09838947653770447,0.05406618118286133,11678.0,0.08588016033172607,87,1
StandardGSGP,2803eb1d-ad37-11ef-a7d0-e4a8dfc2a9a8,efficiency_heating,29,17,0.09838947653770447,0.05907034873962402,12566.0,0.08588016033172607,87,1
StandardGSGP,2803eb1d-ad37-11ef-a7d0-e4a8dfc2a9a8,efficiency_heating,29,18,0.09838947653770447,0.05712413787841797,13142.0,0.08588016033172607,87,1
StandardGSGP,2803eb1d-ad37-11ef-a7d0-e4a8dfc2a9a8,efficiency_heating,29,19,0.09838947653770447,0.058998823165893555,13464.0,0.08588016033172607,87,1
StandardGSGP,2803eb1d-ad37-11ef-a7d0-e4a8dfc2a9a8,efficiency_heating,29,20,0.09838947653770447,0.05951118469238281,14152.0,0.08588016033172607,87,1
StandardGSGP,2803eb1d-ad37-11ef-a7d0-e4a8dfc2a9a8,efficiency_heating,29,21,0.09838947653770447,0.056003570556640625,14214.0,0.08588016033172607,87,1
StandardGSGP,2803eb1d-ad37-11ef-a7d0-e4a8dfc2a9a8,efficiency_heating,29,22,0.09838947653770447,0.05850648880004883,14684.0,0.08588016033172607,87,1
StandardGSGP,2803eb1d-ad37-11ef-a7d0-e4a8dfc2a9a8,efficiency_heating,29,23,0.09838947653770447,0.0625150203704834,15244.0,0.08588016033172607,87,1
StandardGSGP,2803eb1d-ad37-11ef-a7d0-e4a8dfc2a9a8,efficiency_heating,29,24,0.09838947653770447,0.05899977684020996,15522.0,0.08588016033172607,87,1
StandardGSGP,2803eb1d-ad37-11ef-a7d0-e4a8dfc2a9a8,efficiency_heating,29,25,0.09838947653770447,0.0617372989654541,15778.0,0.08588016033172607,87,1
StandardGSGP,2803eb1d-ad37-11ef-a7d0-e4a8dfc2a9a8,efficiency_heating,29,26,0.09838947653770447,0.057511329650878906,15510.0,0.08588016033172607,87,1
StandardGSGP,2803eb1d-ad37-11ef-a7d0-e4a8dfc2a9a8,efficiency_heating,29,27,0.09838947653770447,0.0599827766418457,15050.0,0.08588016033172607,87,1
StandardGSGP,2803eb1d-ad37-11ef-a7d0-e4a8dfc2a9a8,efficiency_heating,29,28,0.09838947653770447,0.0603489875793457,14888.0,0.08588016033172607,87,1
StandardGSGP,2803eb1d-ad37-11ef-a7d0-e4a8dfc2a9a8,efficiency_heating,29,29,0.09838947653770447,0.05521440505981445,14524.0,0.08588016033172607,87,1
StandardGSGP,2803eb1d-ad37-11ef-a7d0-e4a8dfc2a9a8,efficiency_heating,29,30,0.09838947653770447,0.05757927894592285,14846.0,0.08588016033172607,87,1
StandardGSGP,2803eb1d-ad37-11ef-a7d0-e4a8dfc2a9a8,efficiency_heating,29,31,0.09838947653770447,0.060211181640625,15276.0,0.08588016033172607,87,1
StandardGSGP,2803eb1d-ad37-11ef-a7d0-e4a8dfc2a9a8,efficiency_heating,29,32,0.09838947653770447,0.0612337589263916,15532.0,0.08588016033172607,87,1
StandardGSGP,2803eb1d-ad37-11ef-a7d0-e4a8dfc2a9a8,efficiency_heating,29,33,0.09838947653770447,0.05738639831542969,16250.0,0.08588016033172607,87,1
StandardGSGP,2803eb1d-ad37-11ef-a7d0-e4a8dfc2a9a8,efficiency_heating,29,34,0.09838947653770447,0.05999565124511719,16508.0,0.08588016033172607,87,1
StandardGSGP,2803eb1d-ad37-11ef-a7d0-e4a8dfc2a9a8,efficiency_heating,29,35,0.09838947653770447,0.06050729751586914,16522.0,0.08588016033172607,87,1
StandardGSGP,2803eb1d-ad37-11ef-a7d0-e4a8dfc2a9a8,efficiency_heating,29,36,0.09838947653770447,0.06350970268249512,16344.0,0.08588016033172607,87,1
StandardGSGP,2803eb1d-ad37-11ef-a7d0-e4a8dfc2a9a8,efficiency_heating,29,37,0.09838947653770447,0.05700039863586426,16054.0,0.08588016033172607,87,1
StandardGSGP,2803eb1d-ad37-11ef-a7d0-e4a8dfc2a9a8,efficiency_heating,29,38,0.09838947653770447,0.058899879455566406,15374.0,0.08588016033172607,87,1
StandardGSGP,2803eb1d-ad37-11ef-a7d0-e4a8dfc2a9a8,efficiency_heating,29,39,0.09838947653770447,0.06773519515991211,15486.0,0.08588016033172607,87,1
StandardGSGP,2803eb1d-ad37-11ef-a7d0-e4a8dfc2a9a8,efficiency_heating,29,40,0.09838947653770447,0.12951898574829102,15150.0,0.08588016033172607,87,1
StandardGSGP,2803eb1d-ad37-11ef-a7d0-e4a8dfc2a9a8,efficiency_heating,29,41,0.09838947653770447,0.05700254440307617,15744.0,0.08588016033172607,87,1
StandardGSGP,2803eb1d-ad37-11ef-a7d0-e4a8dfc2a9a8,efficiency_heating,29,42,0.09838947653770447,0.05700516700744629,16074.0,0.08588016033172607,87,1
StandardGSGP,2803eb1d-ad37-11ef-a7d0-e4a8dfc2a9a8,efficiency_heating,29,43,0.09814906120300293,0.055767059326171875,15810.0,0.08592211455106735,99,1
StandardGSGP,2803eb1d-ad37-11ef-a7d0-e4a8dfc2a9a8,efficiency_heating,29,44,0.09764017909765244,0.05685687065124512,15382.0,0.08813457190990448,115,1
StandardGSGP,2803eb1d-ad37-11ef-a7d0-e4a8dfc2a9a8,efficiency_heating,29,45,0.09764017909765244,0.05720710754394531,16278.0,0.08813457190990448,115,1
StandardGSGP,2803eb1d-ad37-11ef-a7d0-e4a8dfc2a9a8,efficiency_heating,29,46,0.09764017909765244,0.061003923416137695,17266.0,0.08813457190990448,115,1
StandardGSGP,2803eb1d-ad37-11ef-a7d0-e4a8dfc2a9a8,efficiency_heating,29,47,0.09764017909765244,0.05792593955993652,17312.0,0.08813457190990448,115,1
StandardGSGP,2803eb1d-ad37-11ef-a7d0-e4a8dfc2a9a8,efficiency_heating,29,48,0.09764017909765244,0.05904793739318848,17688.0,0.08813457190990448,115,1
StandardGSGP,2803eb1d-ad37-11ef-a7d0-e4a8dfc2a9a8,efficiency_heating,29,49,0.09764017909765244,0.060506582260131836,18358.0,0.08813457190990448,115,1
StandardGSGP,2803eb1d-ad37-11ef-a7d0-e4a8dfc2a9a8,efficiency_heating,29,50,0.09764017909765244,0.05453634262084961,17766.0,0.08813457190990448,115,1
StandardGSGP,2803eb1d-ad37-11ef-a7d0-e4a8dfc2a9a8,efficiency_heating,29,51,0.09764017909765244,0.056009531021118164,17764.0,0.08813457190990448,115,1
StandardGSGP,2803eb1d-ad37-11ef-a7d0-e4a8dfc2a9a8,efficiency_heating,29,52,0.09764017909765244,0.05957770347595215,17552.0,0.08813457190990448,115,1
StandardGSGP,2803eb1d-ad37-11ef-a7d0-e4a8dfc2a9a8,efficiency_heating,29,53,0.09764017909765244,0.055512189865112305,18380.0,0.08813457190990448,115,1
StandardGSGP,2803eb1d-ad37-11ef-a7d0-e4a8dfc2a9a8,efficiency_heating,29,54,0.09764017909765244,0.056998491287231445,17728.0,0.08813457190990448,115,1
StandardGSGP,2803eb1d-ad37-11ef-a7d0-e4a8dfc2a9a8,efficiency_heating,29,55,0.09693986177444458,0.055373430252075195,17702.0,0.0874117910861969,123,1
StandardGSGP,2803eb1d-ad37-11ef-a7d0-e4a8dfc2a9a8,efficiency_heating,29,56,0.09693986177444458,0.05499887466430664,17810.0,0.0874117910861969,123,1
StandardGSGP,2803eb1d-ad37-11ef-a7d0-e4a8dfc2a9a8,efficiency_heating,29,57,0.09693986177444458,0.058976173400878906,17854.0,0.0874117910861969,123,1
StandardGSGP,2803eb1d-ad37-11ef-a7d0-e4a8dfc2a9a8,efficiency_heating,29,58,0.09693986177444458,0.05545353889465332,18438.0,0.0874117910861969,123,1
StandardGSGP,2803eb1d-ad37-11ef-a7d0-e4a8dfc2a9a8,efficiency_heating,29,59,0.09693986177444458,0.058635711669921875,18442.0,0.0874117910861969,123,1
StandardGSGP,2803eb1d-ad37-11ef-a7d0-e4a8dfc2a9a8,efficiency_heating,29,60,0.09679657220840454,0.05951428413391113,18588.0,0.08570025861263275,135,1
StandardGSGP,2803eb1d-ad37-11ef-a7d0-e4a8dfc2a9a8,efficiency_heating,29,61,0.09679657220840454,0.056327104568481445,19092.0,0.08570025861263275,135,1
StandardGSGP,2803eb1d-ad37-11ef-a7d0-e4a8dfc2a9a8,efficiency_heating,29,62,0.09679657220840454,0.06250905990600586,20116.0,0.08570025861263275,135,1
StandardGSGP,2803eb1d-ad37-11ef-a7d0-e4a8dfc2a9a8,efficiency_heating,29,63,0.09679657220840454,0.05517578125,20868.0,0.08570025861263275,135,1
StandardGSGP,2803eb1d-ad37-11ef-a7d0-e4a8dfc2a9a8,efficiency_heating,29,64,0.09679657220840454,0.05411481857299805,21224.0,0.08570025861263275,135,1
StandardGSGP,2803eb1d-ad37-11ef-a7d0-e4a8dfc2a9a8,efficiency_heating,29,65,0.09647972136735916,0.06251025199890137,20790.0,0.08632998168468475,141,1
StandardGSGP,2803eb1d-ad37-11ef-a7d0-e4a8dfc2a9a8,efficiency_heating,29,66,0.09273076802492142,0.06399917602539062,20356.0,0.0835101306438446,143,1
StandardGSGP,2803eb1d-ad37-11ef-a7d0-e4a8dfc2a9a8,efficiency_heating,29,67,0.09273076802492142,0.05550646781921387,19922.0,0.0835101306438446,143,1
StandardGSGP,2803eb1d-ad37-11ef-a7d0-e4a8dfc2a9a8,efficiency_heating,29,68,0.09273076802492142,0.05400395393371582,19840.0,0.0835101306438446,143,1
StandardGSGP,2803eb1d-ad37-11ef-a7d0-e4a8dfc2a9a8,efficiency_heating,29,69,0.09273076802492142,0.05204606056213379,20542.0,0.0835101306438446,143,1
StandardGSGP,2803eb1d-ad37-11ef-a7d0-e4a8dfc2a9a8,efficiency_heating,29,70,0.09273076802492142,0.056511640548706055,20522.0,0.0835101306438446,143,1
StandardGSGP,2803eb1d-ad37-11ef-a7d0-e4a8dfc2a9a8,efficiency_heating,29,71,0.09239384531974792,0.05769014358520508,21840.0,0.08330509811639786,153,1
StandardGSGP,2803eb1d-ad37-11ef-a7d0-e4a8dfc2a9a8,efficiency_heating,29,72,0.0913700982928276,0.05783200263977051,21310.0,0.08153779804706573,151,1
StandardGSGP,2803eb1d-ad37-11ef-a7d0-e4a8dfc2a9a8,efficiency_heating,29,73,0.0913700982928276,0.0602116584777832,21838.0,0.08153779804706573,151,1
StandardGSGP,2803eb1d-ad37-11ef-a7d0-e4a8dfc2a9a8,efficiency_heating,29,74,0.0913700982928276,0.05750608444213867,21642.0,0.08153779804706573,151,1
StandardGSGP,2803eb1d-ad37-11ef-a7d0-e4a8dfc2a9a8,efficiency_heating,29,75,0.0913700982928276,0.06064033508300781,21828.0,0.08153779804706573,151,1
StandardGSGP,2803eb1d-ad37-11ef-a7d0-e4a8dfc2a9a8,efficiency_heating,29,76,0.0913700982928276,0.06002330780029297,22074.0,0.08153779804706573,151,1
StandardGSGP,2803eb1d-ad37-11ef-a7d0-e4a8dfc2a9a8,efficiency_heating,29,77,0.0913700982928276,0.054099321365356445,22574.0,0.08153779804706573,151,1
StandardGSGP,2803eb1d-ad37-11ef-a7d0-e4a8dfc2a9a8,efficiency_heating,29,78,0.09119923412799835,0.0559999942779541,22864.0,0.08101703971624374,157,1
StandardGSGP,2803eb1d-ad37-11ef-a7d0-e4a8dfc2a9a8,efficiency_heating,29,79,0.09119923412799835,0.055834293365478516,23466.0,0.08101703971624374,157,1
StandardGSGP,2803eb1d-ad37-11ef-a7d0-e4a8dfc2a9a8,efficiency_heating,29,80,0.09094607830047607,0.0540008544921875,21892.0,0.08073361963033676,165,1
StandardGSGP,2803eb1d-ad37-11ef-a7d0-e4a8dfc2a9a8,efficiency_heating,29,81,0.09094607830047607,0.05800199508666992,21360.0,0.08073361963033676,165,1
StandardGSGP,2803eb1d-ad37-11ef-a7d0-e4a8dfc2a9a8,efficiency_heating,29,82,0.09094607830047607,0.05800747871398926,22516.0,0.08073361963033676,165,1
StandardGSGP,2803eb1d-ad37-11ef-a7d0-e4a8dfc2a9a8,efficiency_heating,29,83,0.09094607830047607,0.05600428581237793,23140.0,0.08073361963033676,165,1
StandardGSGP,2803eb1d-ad37-11ef-a7d0-e4a8dfc2a9a8,efficiency_heating,29,84,0.09094607830047607,0.05629563331604004,24226.0,0.08073361963033676,165,1
StandardGSGP,2803eb1d-ad37-11ef-a7d0-e4a8dfc2a9a8,efficiency_heating,29,85,0.09094607830047607,0.055002689361572266,24452.0,0.08073361963033676,165,1
StandardGSGP,2803eb1d-ad37-11ef-a7d0-e4a8dfc2a9a8,efficiency_heating,29,86,0.09094607830047607,0.057726144790649414,24772.0,0.08073361963033676,165,1
StandardGSGP,2803eb1d-ad37-11ef-a7d0-e4a8dfc2a9a8,efficiency_heating,29,87,0.09094607830047607,0.06654191017150879,25912.0,0.08073361963033676,165,1
StandardGSGP,2803eb1d-ad37-11ef-a7d0-e4a8dfc2a9a8,efficiency_heating,29,88,0.09094607830047607,0.0569303035736084,25500.0,0.08073361963033676,165,1
StandardGSGP,2803eb1d-ad37-11ef-a7d0-e4a8dfc2a9a8,efficiency_heating,29,89,0.09094607830047607,0.05450868606567383,25468.0,0.08073361963033676,165,1
StandardGSGP,2803eb1d-ad37-11ef-a7d0-e4a8dfc2a9a8,efficiency_heating,29,90,0.09094607830047607,0.05600309371948242,26224.0,0.08073361963033676,165,1
StandardGSGP,2803eb1d-ad37-11ef-a7d0-e4a8dfc2a9a8,efficiency_heating,29,91,0.09094607830047607,0.060498952865600586,27518.0,0.08073361963033676,165,1
StandardGSGP,2803eb1d-ad37-11ef-a7d0-e4a8dfc2a9a8,efficiency_heating,29,92,0.09094607830047607,0.05550956726074219,28718.0,0.08073361963033676,165,1
StandardGSGP,2803eb1d-ad37-11ef-a7d0-e4a8dfc2a9a8,efficiency_heating,29,93,0.09094607830047607,0.0576014518737793,28528.0,0.08073361963033676,165,1
StandardGSGP,2803eb1d-ad37-11ef-a7d0-e4a8dfc2a9a8,efficiency_heating,29,94,0.09094607830047607,0.054526567459106445,28880.0,0.08073361963033676,165,1
StandardGSGP,2803eb1d-ad37-11ef-a7d0-e4a8dfc2a9a8,efficiency_heating,29,95,0.09094607830047607,0.05650973320007324,28356.0,0.08073361963033676,165,1
StandardGSGP,2803eb1d-ad37-11ef-a7d0-e4a8dfc2a9a8,efficiency_heating,29,96,0.09094607830047607,0.05651068687438965,27788.0,0.08073361963033676,165,1
StandardGSGP,2803eb1d-ad37-11ef-a7d0-e4a8dfc2a9a8,efficiency_heating,29,97,0.09094607830047607,0.05500006675720215,25942.0,0.08073361963033676,165,1
StandardGSGP,2803eb1d-ad37-11ef-a7d0-e4a8dfc2a9a8,efficiency_heating,29,98,0.09094607830047607,0.056969642639160156,25228.0,0.08073361963033676,165,1
StandardGSGP,2803eb1d-ad37-11ef-a7d0-e4a8dfc2a9a8,efficiency_heating,29,99,0.09094607830047607,0.054558515548706055,23714.0,0.08073361963033676,165,1
StandardGSGP,2803eb1d-ad37-11ef-a7d0-e4a8dfc2a9a8,efficiency_heating,29,100,0.09094607830047607,0.12865829467773438,23138.0,0.08073361963033676,165,1
StandardGSGP,a4da94bc-ad37-11ef-932f-e4a8dfc2a9a8,efficiency_heating,29,0,5.280742168426514,0.03800821304321289,880.0,4.934415340423584,3,1
StandardGSGP,a4da94bc-ad37-11ef-932f-e4a8dfc2a9a8,efficiency_heating,29,1,5.221832275390625,0.06451106071472168,1648.0,4.860930442810059,15,1
StandardGSGP,a4da94bc-ad37-11ef-932f-e4a8dfc2a9a8,efficiency_heating,29,2,5.1127448081970215,0.06199789047241211,2332.0,4.747950553894043,21,1
StandardGSGP,a4da94bc-ad37-11ef-932f-e4a8dfc2a9a8,efficiency_heating,29,3,5.079259872436523,0.07073545455932617,3292.0,4.734663009643555,35,1
StandardGSGP,a4da94bc-ad37-11ef-932f-e4a8dfc2a9a8,efficiency_heating,29,4,5.039292812347412,0.06553053855895996,4076.0,4.696463584899902,47,1
StandardGSGP,a4da94bc-ad37-11ef-932f-e4a8dfc2a9a8,efficiency_heating,29,5,4.98808479309082,0.0633232593536377,5246.0,4.627578258514404,59,1
StandardGSGP,a4da94bc-ad37-11ef-932f-e4a8dfc2a9a8,efficiency_heating,29,6,4.951419353485107,0.06667017936706543,6182.0,4.6096720695495605,67,1
StandardGSGP,a4da94bc-ad37-11ef-932f-e4a8dfc2a9a8,efficiency_heating,29,7,4.918756008148193,0.06380248069763184,7304.0,4.574816703796387,79,1
StandardGSGP,a4da94bc-ad37-11ef-932f-e4a8dfc2a9a8,efficiency_heating,29,8,4.887242794036865,0.06846046447753906,8424.0,4.55124044418335,93,1
StandardGSGP,a4da94bc-ad37-11ef-932f-e4a8dfc2a9a8,efficiency_heating,29,9,4.8828511238098145,0.08228373527526855,9348.0,4.555790901184082,93,1
StandardGSGP,a4da94bc-ad37-11ef-932f-e4a8dfc2a9a8,efficiency_heating,29,10,4.847360610961914,0.08150339126586914,10220.0,4.517306804656982,105,1
StandardGSGP,a4da94bc-ad37-11ef-932f-e4a8dfc2a9a8,efficiency_heating,29,11,4.821478843688965,0.06951045989990234,11246.0,4.476864337921143,113,1
StandardGSGP,a4da94bc-ad37-11ef-932f-e4a8dfc2a9a8,efficiency_heating,29,12,4.806461334228516,0.07066559791564941,12110.0,4.453042984008789,125,1
StandardGSGP,a4da94bc-ad37-11ef-932f-e4a8dfc2a9a8,efficiency_heating,29,13,4.768381118774414,0.06402301788330078,12980.0,4.45037317276001,133,1
StandardGSGP,a4da94bc-ad37-11ef-932f-e4a8dfc2a9a8,efficiency_heating,29,14,4.756275177001953,0.06502509117126465,13874.0,4.431882381439209,143,1
StandardGSGP,a4da94bc-ad37-11ef-932f-e4a8dfc2a9a8,efficiency_heating,29,15,4.735720157623291,0.0684974193572998,14796.0,4.385948657989502,151,1
StandardGSGP,a4da94bc-ad37-11ef-932f-e4a8dfc2a9a8,efficiency_heating,29,16,4.646492958068848,0.062334299087524414,15836.0,4.31450891494751,163,1
StandardGSGP,a4da94bc-ad37-11ef-932f-e4a8dfc2a9a8,efficiency_heating,29,17,4.613842010498047,0.060272216796875,16978.0,4.2953009605407715,169,1
StandardGSGP,a4da94bc-ad37-11ef-932f-e4a8dfc2a9a8,efficiency_heating,29,18,4.583066463470459,0.0655829906463623,18040.0,4.254471778869629,185,1
StandardGSGP,a4da94bc-ad37-11ef-932f-e4a8dfc2a9a8,efficiency_heating,29,19,4.577442169189453,0.06386566162109375,19030.0,4.253488540649414,193,1
StandardGSGP,a4da94bc-ad37-11ef-932f-e4a8dfc2a9a8,efficiency_heating,29,20,4.56078577041626,0.06656956672668457,19820.0,4.245645523071289,195,1
StandardGSGP,a4da94bc-ad37-11ef-932f-e4a8dfc2a9a8,efficiency_heating,29,21,4.552833080291748,0.06451892852783203,20820.0,4.23494291305542,223,1
StandardGSGP,a4da94bc-ad37-11ef-932f-e4a8dfc2a9a8,efficiency_heating,29,22,4.529416561126709,0.06891965866088867,21670.0,4.231243133544922,213,1
StandardGSGP,a4da94bc-ad37-11ef-932f-e4a8dfc2a9a8,efficiency_heating,29,23,4.529416084289551,0.0715172290802002,22494.0,4.2312421798706055,229,1
StandardGSGP,a4da94bc-ad37-11ef-932f-e4a8dfc2a9a8,efficiency_heating,29,24,4.501317501068115,0.07382392883300781,23510.0,4.140557289123535,239,1
StandardGSGP,a4da94bc-ad37-11ef-932f-e4a8dfc2a9a8,efficiency_heating,29,25,4.463640213012695,0.06309795379638672,24298.0,4.216724872589111,263,1
StandardGSGP,a4da94bc-ad37-11ef-932f-e4a8dfc2a9a8,efficiency_heating,29,26,4.463640213012695,0.06850790977478027,25092.0,4.216724872589111,263,1
StandardGSGP,a4da94bc-ad37-11ef-932f-e4a8dfc2a9a8,efficiency_heating,29,27,4.440772533416748,0.0705106258392334,26050.0,4.099058151245117,269,1
StandardGSGP,a4da94bc-ad37-11ef-932f-e4a8dfc2a9a8,efficiency_heating,29,28,4.427100658416748,0.14156508445739746,27296.0,4.084475040435791,275,1
StandardGSGP,a4da94bc-ad37-11ef-932f-e4a8dfc2a9a8,efficiency_heating,29,29,4.406854629516602,0.06436681747436523,28248.0,4.084277629852295,271,1
StandardGSGP,a4da94bc-ad37-11ef-932f-e4a8dfc2a9a8,efficiency_heating,29,30,4.3852362632751465,0.06819748878479004,29206.0,4.056750297546387,295,1
StandardGSGP,a4da94bc-ad37-11ef-932f-e4a8dfc2a9a8,efficiency_heating,29,31,4.3570685386657715,0.07043099403381348,29932.0,4.069455623626709,305,1
StandardGSGP,a4da94bc-ad37-11ef-932f-e4a8dfc2a9a8,efficiency_heating,29,32,4.351562976837158,0.06543707847595215,30626.0,4.067906379699707,303,1
StandardGSGP,a4da94bc-ad37-11ef-932f-e4a8dfc2a9a8,efficiency_heating,29,33,4.345850944519043,0.06708240509033203,31652.0,4.060841083526611,321,1
StandardGSGP,a4da94bc-ad37-11ef-932f-e4a8dfc2a9a8,efficiency_heating,29,34,4.312388896942139,0.06668591499328613,32376.0,4.012457847595215,329,1
StandardGSGP,a4da94bc-ad37-11ef-932f-e4a8dfc2a9a8,efficiency_heating,29,35,4.291529655456543,0.06429505348205566,33254.0,4.054197311401367,343,1
StandardGSGP,a4da94bc-ad37-11ef-932f-e4a8dfc2a9a8,efficiency_heating,29,36,4.28616189956665,0.06673622131347656,34364.0,4.058207988739014,349,1
StandardGSGP,a4da94bc-ad37-11ef-932f-e4a8dfc2a9a8,efficiency_heating,29,37,4.202012062072754,0.06630754470825195,35404.0,3.9594879150390625,367,1
StandardGSGP,a4da94bc-ad37-11ef-932f-e4a8dfc2a9a8,efficiency_heating,29,38,4.178552150726318,0.06150245666503906,36422.0,3.9560301303863525,373,1
StandardGSGP,a4da94bc-ad37-11ef-932f-e4a8dfc2a9a8,efficiency_heating,29,39,4.174668312072754,0.066162109375,37258.0,3.9505841732025146,387,1
StandardGSGP,a4da94bc-ad37-11ef-932f-e4a8dfc2a9a8,efficiency_heating,29,40,4.163626194000244,0.0641026496887207,38342.0,3.953115463256836,389,1
StandardGSGP,a4da94bc-ad37-11ef-932f-e4a8dfc2a9a8,efficiency_heating,29,41,4.125421524047852,0.06250905990600586,39630.0,3.927424430847168,395,1
StandardGSGP,a4da94bc-ad37-11ef-932f-e4a8dfc2a9a8,efficiency_heating,29,42,4.1169514656066895,0.06286954879760742,40770.0,3.9151270389556885,401,1
StandardGSGP,a4da94bc-ad37-11ef-932f-e4a8dfc2a9a8,efficiency_heating,29,43,4.114513397216797,0.06175351142883301,41424.0,3.9122235774993896,409,1
StandardGSGP,a4da94bc-ad37-11ef-932f-e4a8dfc2a9a8,efficiency_heating,29,44,4.089537143707275,0.06151247024536133,42174.0,3.872129440307617,423,1
StandardGSGP,a4da94bc-ad37-11ef-932f-e4a8dfc2a9a8,efficiency_heating,29,45,4.08165168762207,0.058600664138793945,42820.0,3.8781745433807373,431,1
StandardGSGP,a4da94bc-ad37-11ef-932f-e4a8dfc2a9a8,efficiency_heating,29,46,4.044601917266846,0.06971096992492676,43738.0,3.8380322456359863,439,1
StandardGSGP,a4da94bc-ad37-11ef-932f-e4a8dfc2a9a8,efficiency_heating,29,47,4.042707443237305,0.06945514678955078,44790.0,3.8375582695007324,447,1
StandardGSGP,a4da94bc-ad37-11ef-932f-e4a8dfc2a9a8,efficiency_heating,29,48,4.021141529083252,0.06722855567932129,45616.0,3.813514232635498,451,1
StandardGSGP,a4da94bc-ad37-11ef-932f-e4a8dfc2a9a8,efficiency_heating,29,49,4.0211052894592285,0.06099891662597656,46340.0,3.8134682178497314,457,1
StandardGSGP,a4da94bc-ad37-11ef-932f-e4a8dfc2a9a8,efficiency_heating,29,50,4.009715557098389,0.06582212448120117,46960.0,3.814607858657837,463,1
StandardGSGP,a4da94bc-ad37-11ef-932f-e4a8dfc2a9a8,efficiency_heating,29,51,3.9880974292755127,0.06420540809631348,47630.0,3.7806625366210938,473,1
StandardGSGP,a4da94bc-ad37-11ef-932f-e4a8dfc2a9a8,efficiency_heating,29,52,3.9880974292755127,0.06196093559265137,48478.0,3.7806625366210938,473,1
StandardGSGP,a4da94bc-ad37-11ef-932f-e4a8dfc2a9a8,efficiency_heating,29,53,3.9880974292755127,0.06846380233764648,49378.0,3.7806625366210938,473,1
StandardGSGP,a4da94bc-ad37-11ef-932f-e4a8dfc2a9a8,efficiency_heating,29,54,3.9771533012390137,0.06823039054870605,50356.0,3.7765848636627197,499,1
StandardGSGP,a4da94bc-ad37-11ef-932f-e4a8dfc2a9a8,efficiency_heating,29,55,3.9556210041046143,0.06587839126586914,50790.0,3.77606463432312,529,1
StandardGSGP,a4da94bc-ad37-11ef-932f-e4a8dfc2a9a8,efficiency_heating,29,56,3.9414029121398926,0.06362295150756836,51630.0,3.732123851776123,511,1
StandardGSGP,a4da94bc-ad37-11ef-932f-e4a8dfc2a9a8,efficiency_heating,29,57,3.933323621749878,0.06150412559509277,52660.0,3.7269248962402344,519,1
StandardGSGP,a4da94bc-ad37-11ef-932f-e4a8dfc2a9a8,efficiency_heating,29,58,3.924453020095825,0.06606364250183105,53856.0,3.7206790447235107,525,1
StandardGSGP,a4da94bc-ad37-11ef-932f-e4a8dfc2a9a8,efficiency_heating,29,59,3.9164998531341553,0.06416797637939453,54788.0,3.723212480545044,531,1
StandardGSGP,a4da94bc-ad37-11ef-932f-e4a8dfc2a9a8,efficiency_heating,29,60,3.9164998531341553,0.07044577598571777,54782.0,3.723212480545044,531,1
StandardGSGP,a4da94bc-ad37-11ef-932f-e4a8dfc2a9a8,efficiency_heating,29,61,3.915750503540039,0.06199932098388672,55650.0,3.7097384929656982,551,1
StandardGSGP,a4da94bc-ad37-11ef-932f-e4a8dfc2a9a8,efficiency_heating,29,62,3.904902458190918,0.060509681701660156,56212.0,3.7030389308929443,567,1
StandardGSGP,a4da94bc-ad37-11ef-932f-e4a8dfc2a9a8,efficiency_heating,29,63,3.873535394668579,0.06600451469421387,56880.0,3.6652510166168213,581,1
StandardGSGP,a4da94bc-ad37-11ef-932f-e4a8dfc2a9a8,efficiency_heating,29,64,3.8710060119628906,0.06200385093688965,57902.0,3.6577863693237305,577,1
StandardGSGP,a4da94bc-ad37-11ef-932f-e4a8dfc2a9a8,efficiency_heating,29,65,3.863945722579956,0.0635066032409668,58692.0,3.6673474311828613,597,1
StandardGSGP,a4da94bc-ad37-11ef-932f-e4a8dfc2a9a8,efficiency_heating,29,66,3.8617513179779053,0.06600356101989746,59708.0,3.658555269241333,611,1
StandardGSGP,a4da94bc-ad37-11ef-932f-e4a8dfc2a9a8,efficiency_heating,29,67,3.85957407951355,0.06961917877197266,60848.0,3.6394951343536377,597,1
StandardGSGP,a4da94bc-ad37-11ef-932f-e4a8dfc2a9a8,efficiency_heating,29,68,3.851045846939087,0.06551170349121094,61648.0,3.635615348815918,607,1
StandardGSGP,a4da94bc-ad37-11ef-932f-e4a8dfc2a9a8,efficiency_heating,29,69,3.8417937755584717,0.06550931930541992,62596.0,3.6317691802978516,621,1
StandardGSGP,a4da94bc-ad37-11ef-932f-e4a8dfc2a9a8,efficiency_heating,29,70,3.8390769958496094,0.07088422775268555,63734.0,3.6322829723358154,629,1
StandardGSGP,a4da94bc-ad37-11ef-932f-e4a8dfc2a9a8,efficiency_heating,29,71,3.83201265335083,0.07000184059143066,64496.0,3.6216542720794678,643,1
StandardGSGP,a4da94bc-ad37-11ef-932f-e4a8dfc2a9a8,efficiency_heating,29,72,3.831284284591675,0.06249213218688965,65184.0,3.6084656715393066,661,1
StandardGSGP,a4da94bc-ad37-11ef-932f-e4a8dfc2a9a8,efficiency_heating,29,73,3.7457878589630127,0.0709989070892334,66338.0,3.5188164710998535,665,1
StandardGSGP,a4da94bc-ad37-11ef-932f-e4a8dfc2a9a8,efficiency_heating,29,74,3.7457878589630127,0.06369829177856445,67392.0,3.5188164710998535,665,1
StandardGSGP,a4da94bc-ad37-11ef-932f-e4a8dfc2a9a8,efficiency_heating,29,75,3.7428157329559326,0.06304430961608887,68230.0,3.5191473960876465,675,1
StandardGSGP,a4da94bc-ad37-11ef-932f-e4a8dfc2a9a8,efficiency_heating,29,76,3.7319161891937256,0.06932830810546875,69066.0,3.4981417655944824,671,1
StandardGSGP,a4da94bc-ad37-11ef-932f-e4a8dfc2a9a8,efficiency_heating,29,77,3.7160377502441406,0.0649116039276123,69564.0,3.4814453125,693,1
StandardGSGP,a4da94bc-ad37-11ef-932f-e4a8dfc2a9a8,efficiency_heating,29,78,3.715857744216919,0.06589603424072266,70196.0,3.4791150093078613,709,1
StandardGSGP,a4da94bc-ad37-11ef-932f-e4a8dfc2a9a8,efficiency_heating,29,79,3.699986696243286,0.06273603439331055,70926.0,3.4675588607788086,687,1
StandardGSGP,a4da94bc-ad37-11ef-932f-e4a8dfc2a9a8,efficiency_heating,29,80,3.690721035003662,0.0635225772857666,71736.0,3.4522738456726074,697,1
StandardGSGP,a4da94bc-ad37-11ef-932f-e4a8dfc2a9a8,efficiency_heating,29,81,3.6788792610168457,0.06636309623718262,72132.0,3.439028739929199,713,1
StandardGSGP,a4da94bc-ad37-11ef-932f-e4a8dfc2a9a8,efficiency_heating,29,82,3.6788792610168457,0.06613302230834961,72278.0,3.439028739929199,713,1
StandardGSGP,a4da94bc-ad37-11ef-932f-e4a8dfc2a9a8,efficiency_heating,29,83,3.675225257873535,0.060502052307128906,72382.0,3.4383678436279297,721,1
StandardGSGP,a4da94bc-ad37-11ef-932f-e4a8dfc2a9a8,efficiency_heating,29,84,3.656705617904663,0.0625154972076416,73092.0,3.4155118465423584,741,1
StandardGSGP,a4da94bc-ad37-11ef-932f-e4a8dfc2a9a8,efficiency_heating,29,85,3.656705617904663,0.06826949119567871,73906.0,3.4155118465423584,741,1
StandardGSGP,a4da94bc-ad37-11ef-932f-e4a8dfc2a9a8,efficiency_heating,29,86,3.647193670272827,0.13763117790222168,74794.0,3.39668607711792,755,1
StandardGSGP,a4da94bc-ad37-11ef-932f-e4a8dfc2a9a8,efficiency_heating,29,87,3.646913528442383,0.06552314758300781,76074.0,3.397974729537964,765,1
StandardGSGP,a4da94bc-ad37-11ef-932f-e4a8dfc2a9a8,efficiency_heating,29,88,3.63686466217041,0.06250619888305664,77300.0,3.3655171394348145,787,1
StandardGSGP,a4da94bc-ad37-11ef-932f-e4a8dfc2a9a8,efficiency_heating,29,89,3.632596015930176,0.06916689872741699,78438.0,3.3737943172454834,783,1
StandardGSGP,a4da94bc-ad37-11ef-932f-e4a8dfc2a9a8,efficiency_heating,29,90,3.6309468746185303,0.0650014877319336,79446.0,3.3654139041900635,797,1
StandardGSGP,a4da94bc-ad37-11ef-932f-e4a8dfc2a9a8,efficiency_heating,29,91,3.625944137573242,0.06350564956665039,80352.0,3.362685441970825,805,1
StandardGSGP,a4da94bc-ad37-11ef-932f-e4a8dfc2a9a8,efficiency_heating,29,92,3.6155242919921875,0.06567978858947754,81440.0,3.3757591247558594,821,1
StandardGSGP,a4da94bc-ad37-11ef-932f-e4a8dfc2a9a8,efficiency_heating,29,93,3.5889294147491455,0.06700301170349121,82166.0,3.351153612136841,823,1
StandardGSGP,a4da94bc-ad37-11ef-932f-e4a8dfc2a9a8,efficiency_heating,29,94,3.580117702484131,0.06476783752441406,83102.0,3.3576791286468506,833,1
StandardGSGP,a4da94bc-ad37-11ef-932f-e4a8dfc2a9a8,efficiency_heating,29,95,3.580117702484131,0.06675171852111816,84076.0,3.3576791286468506,833,1
StandardGSGP,a4da94bc-ad37-11ef-932f-e4a8dfc2a9a8,efficiency_heating,29,96,3.580117702484131,0.06455874443054199,84950.0,3.3576791286468506,833,1
StandardGSGP,a4da94bc-ad37-11ef-932f-e4a8dfc2a9a8,efficiency_heating,29,97,3.5753493309020996,0.0643317699432373,85760.0,3.351520538330078,857,1
StandardGSGP,a4da94bc-ad37-11ef-932f-e4a8dfc2a9a8,efficiency_heating,29,98,3.5753493309020996,0.06366395950317383,86584.0,3.351520538330078,857,1
StandardGSGP,a4da94bc-ad37-11ef-932f-e4a8dfc2a9a8,efficiency_heating,29,99,3.5725224018096924,0.06899905204772949,87258.0,3.353151321411133,867,1
StandardGSGP,a4da94bc-ad37-11ef-932f-e4a8dfc2a9a8,efficiency_heating,29,100,3.5694634914398193,0.07460188865661621,87946.0,3.350376605987549,873,1
