StandardGSGP,ff4fc237-ad36-11ef-880a-e4a8dfc2a9a8,efficiency_heating,18,0,0.21480801701545715,0.03178000450134277,588.0,0.20627841353416443,7,1
StandardGSGP,ff4fc237-ad36-11ef-880a-e4a8dfc2a9a8,efficiency_heating,18,1,0.17831142246723175,0.0621793270111084,1344.0,0.1665351241827011,13,1
StandardGSGP,ff4fc237-ad36-11ef-880a-e4a8dfc2a9a8,efficiency_heating,18,2,0.17831142246723175,0.057451725006103516,2254.0,0.1665351241827011,13,1
StandardGSGP,ff4fc237-ad36-11ef-880a-e4a8dfc2a9a8,efficiency_heating,18,3,0.16105617582798004,0.05800342559814453,3070.0,0.14865641295909882,25,1
StandardGSGP,ff4fc237-ad36-11ef-880a-e4a8dfc2a9a8,efficiency_heating,18,4,0.15879102051258087,0.05350160598754883,3882.0,0.1522902399301529,43,1
StandardGSGP,ff4fc237-ad36-11ef-880a-e4a8dfc2a9a8,efficiency_heating,18,5,0.15849880874156952,0.05844259262084961,4518.0,0.14298710227012634,39,1
StandardGSGP,ff4fc237-ad36-11ef-880a-e4a8dfc2a9a8,efficiency_heating,18,6,0.15747074782848358,0.06099700927734375,5228.0,0.1515050232410431,43,1
StandardGSGP,ff4fc237-ad36-11ef-880a-e4a8dfc2a9a8,efficiency_heating,18,7,0.15538156032562256,0.05551552772521973,5922.0,0.1479571908712387,87,1
StandardGSGP,ff4fc237-ad36-11ef-880a-e4a8dfc2a9a8,efficiency_heating,18,8,0.14945511519908905,0.0650026798248291,6602.0,0.1390928477048874,71,1
StandardGSGP,ff4fc237-ad36-11ef-880a-e4a8dfc2a9a8,efficiency_heating,18,9,0.14725053310394287,0.05570054054260254,7328.0,0.14380629360675812,59,1
StandardGSGP,ff4fc237-ad36-11ef-880a-e4a8dfc2a9a8,efficiency_heating,18,10,0.14587050676345825,0.05361151695251465,8208.0,0.14104513823986053,93,1
StandardGSGP,ff4fc237-ad36-11ef-880a-e4a8dfc2a9a8,efficiency_heating,18,11,0.1453084945678711,0.13116741180419922,8912.0,0.14074717462062836,101,1
StandardGSGP,ff4fc237-ad36-11ef-880a-e4a8dfc2a9a8,efficiency_heating,18,12,0.13685552775859833,0.060507774353027344,9504.0,0.13293229043483734,107,1
StandardGSGP,ff4fc237-ad36-11ef-880a-e4a8dfc2a9a8,efficiency_heating,18,13,0.13685552775859833,0.054998159408569336,10634.0,0.13293229043483734,107,1
StandardGSGP,ff4fc237-ad36-11ef-880a-e4a8dfc2a9a8,efficiency_heating,18,14,0.13685552775859833,0.053582191467285156,12042.0,0.13293229043483734,107,1
StandardGSGP,ff4fc237-ad36-11ef-880a-e4a8dfc2a9a8,efficiency_heating,18,15,0.13685552775859833,0.05565333366394043,13384.0,0.13293229043483734,107,1
StandardGSGP,ff4fc237-ad36-11ef-880a-e4a8dfc2a9a8,efficiency_heating,18,16,0.13685552775859833,0.05801701545715332,14098.0,0.13293229043483734,107,1
StandardGSGP,ff4fc237-ad36-11ef-880a-e4a8dfc2a9a8,efficiency_heating,18,17,0.13685552775859833,0.058531761169433594,14634.0,0.13293229043483734,107,1
StandardGSGP,ff4fc237-ad36-11ef-880a-e4a8dfc2a9a8,efficiency_heating,18,18,0.13685552775859833,0.05672740936279297,15008.0,0.13293229043483734,107,1
StandardGSGP,ff4fc237-ad36-11ef-880a-e4a8dfc2a9a8,efficiency_heating,18,19,0.13677458465099335,0.055449724197387695,15132.0,0.13226714730262756,113,1
StandardGSGP,ff4fc237-ad36-11ef-880a-e4a8dfc2a9a8,efficiency_heating,18,20,0.13677458465099335,0.05781435966491699,15134.0,0.13226714730262756,113,1
StandardGSGP,ff4fc237-ad36-11ef-880a-e4a8dfc2a9a8,efficiency_heating,18,21,0.13677458465099335,0.06148529052734375,15492.0,0.13226714730262756,113,1
StandardGSGP,ff4fc237-ad36-11ef-880a-e4a8dfc2a9a8,efficiency_heating,18,22,0.13672471046447754,0.053716182708740234,15858.0,0.13270393013954163,123,1
StandardGSGP,ff4fc237-ad36-11ef-880a-e4a8dfc2a9a8,efficiency_heating,18,23,0.1359737664461136,0.0565032958984375,16204.0,0.13159340620040894,129,1
StandardGSGP,ff4fc237-ad36-11ef-880a-e4a8dfc2a9a8,efficiency_heating,18,24,0.1359737664461136,0.06003570556640625,16884.0,0.13159340620040894,129,1
StandardGSGP,ff4fc237-ad36-11ef-880a-e4a8dfc2a9a8,efficiency_heating,18,25,0.1359737664461136,0.05933976173400879,17406.0,0.13159340620040894,129,1
StandardGSGP,ff4fc237-ad36-11ef-880a-e4a8dfc2a9a8,efficiency_heating,18,26,0.1359737664461136,0.05851101875305176,17766.0,0.13159340620040894,129,1
StandardGSGP,ff4fc237-ad36-11ef-880a-e4a8dfc2a9a8,efficiency_heating,18,27,0.13505591452121735,0.05700278282165527,18564.0,0.1307491511106491,143,1
StandardGSGP,ff4fc237-ad36-11ef-880a-e4a8dfc2a9a8,efficiency_heating,18,28,0.13505591452121735,0.05450558662414551,19332.0,0.1307491511106491,143,1
StandardGSGP,ff4fc237-ad36-11ef-880a-e4a8dfc2a9a8,efficiency_heating,18,29,0.13505521416664124,0.06051278114318848,19214.0,0.13095711171627045,149,1
StandardGSGP,ff4fc237-ad36-11ef-880a-e4a8dfc2a9a8,efficiency_heating,18,30,0.13505521416664124,0.061393022537231445,19772.0,0.13095711171627045,149,1
StandardGSGP,ff4fc237-ad36-11ef-880a-e4a8dfc2a9a8,efficiency_heating,18,31,0.13505521416664124,0.05550861358642578,20236.0,0.13095711171627045,149,1
StandardGSGP,ff4fc237-ad36-11ef-880a-e4a8dfc2a9a8,efficiency_heating,18,32,0.13505521416664124,0.06017804145812988,20466.0,0.13095711171627045,149,1
StandardGSGP,ff4fc237-ad36-11ef-880a-e4a8dfc2a9a8,efficiency_heating,18,33,0.13505521416664124,0.05850696563720703,21308.0,0.13095711171627045,149,1
StandardGSGP,ff4fc237-ad36-11ef-880a-e4a8dfc2a9a8,efficiency_heating,18,34,0.13505521416664124,0.07109642028808594,21808.0,0.13095711171627045,149,1
StandardGSGP,ff4fc237-ad36-11ef-880a-e4a8dfc2a9a8,efficiency_heating,18,35,0.13505521416664124,0.06099653244018555,22068.0,0.13095711171627045,149,1
StandardGSGP,ff4fc237-ad36-11ef-880a-e4a8dfc2a9a8,efficiency_heating,18,36,0.13505521416664124,0.06051754951477051,22700.0,0.13095711171627045,149,1
StandardGSGP,ff4fc237-ad36-11ef-880a-e4a8dfc2a9a8,efficiency_heating,18,37,0.13505521416664124,0.05850553512573242,22568.0,0.13095711171627045,149,1
StandardGSGP,ff4fc237-ad36-11ef-880a-e4a8dfc2a9a8,efficiency_heating,18,38,0.13505521416664124,0.05999326705932617,23262.0,0.13095711171627045,149,1
StandardGSGP,ff4fc237-ad36-11ef-880a-e4a8dfc2a9a8,efficiency_heating,18,39,0.13505521416664124,0.061980485916137695,23280.0,0.13095711171627045,149,1
StandardGSGP,ff4fc237-ad36-11ef-880a-e4a8dfc2a9a8,efficiency_heating,18,40,0.13457299768924713,0.06033158302307129,23552.0,0.1297786384820938,179,1
StandardGSGP,ff4fc237-ad36-11ef-880a-e4a8dfc2a9a8,efficiency_heating,18,41,0.1324724704027176,0.06351947784423828,22994.0,0.12896020710468292,187,1
StandardGSGP,ff4fc237-ad36-11ef-880a-e4a8dfc2a9a8,efficiency_heating,18,42,0.13180364668369293,0.06290221214294434,23670.0,0.1283320188522339,195,1
StandardGSGP,ff4fc237-ad36-11ef-880a-e4a8dfc2a9a8,efficiency_heating,18,43,0.13180364668369293,0.06286334991455078,23036.0,0.1283320188522339,195,1
StandardGSGP,ff4fc237-ad36-11ef-880a-e4a8dfc2a9a8,efficiency_heating,18,44,0.13180364668369293,0.061509132385253906,22758.0,0.1283320188522339,195,1
StandardGSGP,ff4fc237-ad36-11ef-880a-e4a8dfc2a9a8,efficiency_heating,18,45,0.13180364668369293,0.0714271068572998,23090.0,0.1283320188522339,195,1
StandardGSGP,ff4fc237-ad36-11ef-880a-e4a8dfc2a9a8,efficiency_heating,18,46,0.13180364668369293,0.058999061584472656,24230.0,0.1283320188522339,195,1
StandardGSGP,ff4fc237-ad36-11ef-880a-e4a8dfc2a9a8,efficiency_heating,18,47,0.13180364668369293,0.06427836418151855,24348.0,0.1283320188522339,195,1
StandardGSGP,ff4fc237-ad36-11ef-880a-e4a8dfc2a9a8,efficiency_heating,18,48,0.13180364668369293,0.06099820137023926,25328.0,0.1283320188522339,195,1
StandardGSGP,ff4fc237-ad36-11ef-880a-e4a8dfc2a9a8,efficiency_heating,18,49,0.12716129422187805,0.05882525444030762,25132.0,0.12761932611465454,257,1
StandardGSGP,ff4fc237-ad36-11ef-880a-e4a8dfc2a9a8,efficiency_heating,18,50,0.12716129422187805,0.06388378143310547,25350.0,0.12761932611465454,257,1
StandardGSGP,ff4fc237-ad36-11ef-880a-e4a8dfc2a9a8,efficiency_heating,18,51,0.12716129422187805,0.05800032615661621,25964.0,0.12761932611465454,257,1
StandardGSGP,ff4fc237-ad36-11ef-880a-e4a8dfc2a9a8,efficiency_heating,18,52,0.12716129422187805,0.061696767807006836,27798.0,0.12761932611465454,257,1
StandardGSGP,ff4fc237-ad36-11ef-880a-e4a8dfc2a9a8,efficiency_heating,18,53,0.12716129422187805,0.06505465507507324,29120.0,0.12761932611465454,257,1
StandardGSGP,ff4fc237-ad36-11ef-880a-e4a8dfc2a9a8,efficiency_heating,18,54,0.12686337530612946,0.06200432777404785,29954.0,0.12728701531887054,267,1
StandardGSGP,ff4fc237-ad36-11ef-880a-e4a8dfc2a9a8,efficiency_heating,18,55,0.12686337530612946,0.06434297561645508,29698.0,0.12728701531887054,267,1
StandardGSGP,ff4fc237-ad36-11ef-880a-e4a8dfc2a9a8,efficiency_heating,18,56,0.12686337530612946,0.07175493240356445,30306.0,0.12728701531887054,267,1
StandardGSGP,ff4fc237-ad36-11ef-880a-e4a8dfc2a9a8,efficiency_heating,18,57,0.12613007426261902,0.07047247886657715,30942.0,0.12586095929145813,275,1
StandardGSGP,ff4fc237-ad36-11ef-880a-e4a8dfc2a9a8,efficiency_heating,18,58,0.12613007426261902,0.06521153450012207,31850.0,0.12586095929145813,275,1
StandardGSGP,ff4fc237-ad36-11ef-880a-e4a8dfc2a9a8,efficiency_heating,18,59,0.12613007426261902,0.06151008605957031,32172.0,0.12586095929145813,275,1
StandardGSGP,ff4fc237-ad36-11ef-880a-e4a8dfc2a9a8,efficiency_heating,18,60,0.12443476170301437,0.06718063354492188,32486.0,0.1252647042274475,281,1
StandardGSGP,ff4fc237-ad36-11ef-880a-e4a8dfc2a9a8,efficiency_heating,18,61,0.12383473664522171,0.06000041961669922,32728.0,0.12534894049167633,283,1
StandardGSGP,ff4fc237-ad36-11ef-880a-e4a8dfc2a9a8,efficiency_heating,18,62,0.1232476457953453,0.06551551818847656,32356.0,0.12425239384174347,291,1
StandardGSGP,ff4fc237-ad36-11ef-880a-e4a8dfc2a9a8,efficiency_heating,18,63,0.1232476457953453,0.06755971908569336,32618.0,0.12425239384174347,291,1
StandardGSGP,ff4fc237-ad36-11ef-880a-e4a8dfc2a9a8,efficiency_heating,18,64,0.1232476457953453,0.06151151657104492,33470.0,0.12425239384174347,291,1
StandardGSGP,ff4fc237-ad36-11ef-880a-e4a8dfc2a9a8,efficiency_heating,18,65,0.12312829494476318,0.06329894065856934,34780.0,0.12350311875343323,297,1
StandardGSGP,ff4fc237-ad36-11ef-880a-e4a8dfc2a9a8,efficiency_heating,18,66,0.12312829494476318,0.06806397438049316,35064.0,0.12350311875343323,297,1
StandardGSGP,ff4fc237-ad36-11ef-880a-e4a8dfc2a9a8,efficiency_heating,18,67,0.12312829494476318,0.0632021427154541,34644.0,0.12350311875343323,297,1
StandardGSGP,ff4fc237-ad36-11ef-880a-e4a8dfc2a9a8,efficiency_heating,18,68,0.12312829494476318,0.06960535049438477,34906.0,0.12350311875343323,297,1
StandardGSGP,ff4fc237-ad36-11ef-880a-e4a8dfc2a9a8,efficiency_heating,18,69,0.12312829494476318,0.06748676300048828,34634.0,0.12350311875343323,297,1
StandardGSGP,ff4fc237-ad36-11ef-880a-e4a8dfc2a9a8,efficiency_heating,18,70,0.12292508780956268,0.05711627006530762,34910.0,0.12335770577192307,307,1
StandardGSGP,ff4fc237-ad36-11ef-880a-e4a8dfc2a9a8,efficiency_heating,18,71,0.12292508780956268,0.059033870697021484,35262.0,0.12335770577192307,307,1
StandardGSGP,ff4fc237-ad36-11ef-880a-e4a8dfc2a9a8,efficiency_heating,18,72,0.12292508780956268,0.059004783630371094,35394.0,0.12335770577192307,307,1
StandardGSGP,ff4fc237-ad36-11ef-880a-e4a8dfc2a9a8,efficiency_heating,18,73,0.12292508780956268,0.0589146614074707,35974.0,0.12335770577192307,307,1
StandardGSGP,ff4fc237-ad36-11ef-880a-e4a8dfc2a9a8,efficiency_heating,18,74,0.12292508780956268,0.06502676010131836,36530.0,0.12335770577192307,307,1
StandardGSGP,ff4fc237-ad36-11ef-880a-e4a8dfc2a9a8,efficiency_heating,18,75,0.12292508780956268,0.06769585609436035,37358.0,0.12335770577192307,307,1
StandardGSGP,ff4fc237-ad36-11ef-880a-e4a8dfc2a9a8,efficiency_heating,18,76,0.12292508780956268,0.05902862548828125,38152.0,0.12335770577192307,307,1
StandardGSGP,ff4fc237-ad36-11ef-880a-e4a8dfc2a9a8,efficiency_heating,18,77,0.12292508780956268,0.14226150512695312,38670.0,0.12335770577192307,307,1
StandardGSGP,ff4fc237-ad36-11ef-880a-e4a8dfc2a9a8,efficiency_heating,18,78,0.12292508780956268,0.06572318077087402,37706.0,0.12335770577192307,307,1
StandardGSGP,ff4fc237-ad36-11ef-880a-e4a8dfc2a9a8,efficiency_heating,18,79,0.12292508780956268,0.07540035247802734,37452.0,0.12335770577192307,307,1
StandardGSGP,ff4fc237-ad36-11ef-880a-e4a8dfc2a9a8,efficiency_heating,18,80,0.12160331010818481,0.054061174392700195,37140.0,0.12326367199420929,313,1
StandardGSGP,ff4fc237-ad36-11ef-880a-e4a8dfc2a9a8,efficiency_heating,18,81,0.12160331010818481,0.05900382995605469,37204.0,0.12326367199420929,313,1
StandardGSGP,ff4fc237-ad36-11ef-880a-e4a8dfc2a9a8,efficiency_heating,18,82,0.12053553760051727,0.06051301956176758,37958.0,0.12219063192605972,327,1
StandardGSGP,ff4fc237-ad36-11ef-880a-e4a8dfc2a9a8,efficiency_heating,18,83,0.12053553760051727,0.05913043022155762,38350.0,0.12219063192605972,327,1
StandardGSGP,ff4fc237-ad36-11ef-880a-e4a8dfc2a9a8,efficiency_heating,18,84,0.12053553760051727,0.05706906318664551,38614.0,0.12219063192605972,327,1
StandardGSGP,ff4fc237-ad36-11ef-880a-e4a8dfc2a9a8,efficiency_heating,18,85,0.12053553760051727,0.059069156646728516,38192.0,0.12219063192605972,327,1
StandardGSGP,ff4fc237-ad36-11ef-880a-e4a8dfc2a9a8,efficiency_heating,18,86,0.12035224586725235,0.05658674240112305,38226.0,0.12212146073579788,341,1
StandardGSGP,ff4fc237-ad36-11ef-880a-e4a8dfc2a9a8,efficiency_heating,18,87,0.11979549378156662,0.06382942199707031,37462.0,0.12777653336524963,347,1
StandardGSGP,ff4fc237-ad36-11ef-880a-e4a8dfc2a9a8,efficiency_heating,18,88,0.11979549378156662,0.0559999942779541,37326.0,0.12777653336524963,347,1
StandardGSGP,ff4fc237-ad36-11ef-880a-e4a8dfc2a9a8,efficiency_heating,18,89,0.11979549378156662,0.061510562896728516,37796.0,0.12777653336524963,347,1
StandardGSGP,ff4fc237-ad36-11ef-880a-e4a8dfc2a9a8,efficiency_heating,18,90,0.11700466275215149,0.055510520935058594,38132.0,0.12556639313697815,369,1
StandardGSGP,ff4fc237-ad36-11ef-880a-e4a8dfc2a9a8,efficiency_heating,18,91,0.11700466275215149,0.060581207275390625,38272.0,0.12556639313697815,369,1
StandardGSGP,ff4fc237-ad36-11ef-880a-e4a8dfc2a9a8,efficiency_heating,18,92,0.11700466275215149,0.05871868133544922,38446.0,0.12556639313697815,369,1
StandardGSGP,ff4fc237-ad36-11ef-880a-e4a8dfc2a9a8,efficiency_heating,18,93,0.11700466275215149,0.06254887580871582,38872.0,0.12556639313697815,369,1
StandardGSGP,ff4fc237-ad36-11ef-880a-e4a8dfc2a9a8,efficiency_heating,18,94,0.11642269790172577,0.06206989288330078,39446.0,0.12418407946825027,375,1
StandardGSGP,ff4fc237-ad36-11ef-880a-e4a8dfc2a9a8,efficiency_heating,18,95,0.11642269790172577,0.058515310287475586,40220.0,0.12418407946825027,375,1
StandardGSGP,ff4fc237-ad36-11ef-880a-e4a8dfc2a9a8,efficiency_heating,18,96,0.11642269790172577,0.05425596237182617,41218.0,0.12418407946825027,375,1
StandardGSGP,ff4fc237-ad36-11ef-880a-e4a8dfc2a9a8,efficiency_heating,18,97,0.11642269790172577,0.06100153923034668,41598.0,0.12418407946825027,375,1
StandardGSGP,ff4fc237-ad36-11ef-880a-e4a8dfc2a9a8,efficiency_heating,18,98,0.11642269790172577,0.06600761413574219,42224.0,0.12418407946825027,375,1
StandardGSGP,ff4fc237-ad36-11ef-880a-e4a8dfc2a9a8,efficiency_heating,18,99,0.11642269790172577,0.05687737464904785,42808.0,0.12418407946825027,375,1
StandardGSGP,ff4fc237-ad36-11ef-880a-e4a8dfc2a9a8,efficiency_heating,18,100,0.1159161776304245,0.05449414253234863,43434.0,0.1235901489853859,387,1
StandardGSGP,76523a25-ad37-11ef-a730-e4a8dfc2a9a8,efficiency_heating,18,0,9.308464050292969,0.03850674629211426,908.0,8.728690147399902,3,1
StandardGSGP,76523a25-ad37-11ef-a730-e4a8dfc2a9a8,efficiency_heating,18,1,8.963700294494629,0.06000185012817383,1580.0,8.45718765258789,9,1
StandardGSGP,76523a25-ad37-11ef-a730-e4a8dfc2a9a8,efficiency_heating,18,2,8.8864107131958,0.06377935409545898,2284.0,8.39993667602539,21,1
StandardGSGP,76523a25-ad37-11ef-a730-e4a8dfc2a9a8,efficiency_heating,18,3,8.646307945251465,0.06152915954589844,3012.0,8.229762077331543,33,1
StandardGSGP,76523a25-ad37-11ef-a730-e4a8dfc2a9a8,efficiency_heating,18,4,8.646307945251465,0.06622719764709473,3650.0,8.229762077331543,33,1
StandardGSGP,76523a25-ad37-11ef-a730-e4a8dfc2a9a8,efficiency_heating,18,5,8.587847709655762,0.06122756004333496,4492.0,8.182737350463867,47,1
StandardGSGP,76523a25-ad37-11ef-a730-e4a8dfc2a9a8,efficiency_heating,18,6,8.56471061706543,0.06651139259338379,5536.0,8.18041706085205,39,1
StandardGSGP,76523a25-ad37-11ef-a730-e4a8dfc2a9a8,efficiency_heating,18,7,8.3508939743042,0.06844711303710938,6188.0,7.975298881530762,51,1
StandardGSGP,76523a25-ad37-11ef-a730-e4a8dfc2a9a8,efficiency_heating,18,8,8.280243873596191,0.06770181655883789,6572.0,7.932520389556885,65,1
StandardGSGP,76523a25-ad37-11ef-a730-e4a8dfc2a9a8,efficiency_heating,18,9,8.173373222351074,0.06553483009338379,7368.0,7.955293655395508,67,1
StandardGSGP,76523a25-ad37-11ef-a730-e4a8dfc2a9a8,efficiency_heating,18,10,8.104677200317383,0.0707864761352539,7872.0,7.850390911102295,71,1
StandardGSGP,76523a25-ad37-11ef-a730-e4a8dfc2a9a8,efficiency_heating,18,11,8.001198768615723,0.06556129455566406,8456.0,7.833795547485352,79,1
StandardGSGP,76523a25-ad37-11ef-a730-e4a8dfc2a9a8,efficiency_heating,18,12,7.841647624969482,0.06776094436645508,9166.0,7.720472812652588,99,1
StandardGSGP,76523a25-ad37-11ef-a730-e4a8dfc2a9a8,efficiency_heating,18,13,7.839176654815674,0.06822896003723145,10104.0,7.717696189880371,111,1
StandardGSGP,76523a25-ad37-11ef-a730-e4a8dfc2a9a8,efficiency_heating,18,14,7.820666790008545,0.16877031326293945,10970.0,7.69312858581543,107,1
StandardGSGP,76523a25-ad37-11ef-a730-e4a8dfc2a9a8,efficiency_heating,18,15,7.57532262802124,0.06551241874694824,11982.0,7.522727012634277,119,1
StandardGSGP,76523a25-ad37-11ef-a730-e4a8dfc2a9a8,efficiency_heating,18,16,7.570082187652588,0.06321573257446289,12848.0,7.517211437225342,125,1
StandardGSGP,76523a25-ad37-11ef-a730-e4a8dfc2a9a8,efficiency_heating,18,17,7.400839805603027,0.06328773498535156,13580.0,7.412987232208252,139,1
StandardGSGP,76523a25-ad37-11ef-a730-e4a8dfc2a9a8,efficiency_heating,18,18,7.400839805603027,0.06946921348571777,14462.0,7.412987232208252,139,1
StandardGSGP,76523a25-ad37-11ef-a730-e4a8dfc2a9a8,efficiency_heating,18,19,7.370442867279053,0.06081843376159668,15342.0,7.318236827850342,155,1
StandardGSGP,76523a25-ad37-11ef-a730-e4a8dfc2a9a8,efficiency_heating,18,20,7.312589645385742,0.06299996376037598,16168.0,7.268397331237793,171,1
StandardGSGP,76523a25-ad37-11ef-a730-e4a8dfc2a9a8,efficiency_heating,18,21,7.243607044219971,0.06550931930541992,16980.0,7.21395206451416,179,1
StandardGSGP,76523a25-ad37-11ef-a730-e4a8dfc2a9a8,efficiency_heating,18,22,7.237122535705566,0.06953144073486328,18084.0,7.224868297576904,187,1
StandardGSGP,76523a25-ad37-11ef-a730-e4a8dfc2a9a8,efficiency_heating,18,23,7.17704439163208,0.06523585319519043,19210.0,7.181768417358398,179,1
StandardGSGP,76523a25-ad37-11ef-a730-e4a8dfc2a9a8,efficiency_heating,18,24,7.171849250793457,0.06341099739074707,20080.0,7.169807434082031,191,1
StandardGSGP,76523a25-ad37-11ef-a730-e4a8dfc2a9a8,efficiency_heating,18,25,7.138572692871094,0.061559200286865234,20946.0,7.14291524887085,197,1
StandardGSGP,76523a25-ad37-11ef-a730-e4a8dfc2a9a8,efficiency_heating,18,26,7.063815593719482,0.06282448768615723,21410.0,7.055846691131592,195,1
StandardGSGP,76523a25-ad37-11ef-a730-e4a8dfc2a9a8,efficiency_heating,18,27,7.020440101623535,0.06274533271789551,21802.0,7.046513557434082,205,1
StandardGSGP,76523a25-ad37-11ef-a730-e4a8dfc2a9a8,efficiency_heating,18,28,7.008586406707764,0.07359790802001953,22162.0,7.081455707550049,213,1
StandardGSGP,76523a25-ad37-11ef-a730-e4a8dfc2a9a8,efficiency_heating,18,29,7.003392219543457,0.06545877456665039,22738.0,7.074041366577148,225,1
StandardGSGP,76523a25-ad37-11ef-a730-e4a8dfc2a9a8,efficiency_heating,18,30,6.945338726043701,0.07035303115844727,23158.0,7.026508331298828,233,1
StandardGSGP,76523a25-ad37-11ef-a730-e4a8dfc2a9a8,efficiency_heating,18,31,6.940281867980957,0.0690913200378418,24066.0,6.972018718719482,239,1
StandardGSGP,76523a25-ad37-11ef-a730-e4a8dfc2a9a8,efficiency_heating,18,32,6.921858787536621,0.06699609756469727,25000.0,6.989107131958008,241,1
StandardGSGP,76523a25-ad37-11ef-a730-e4a8dfc2a9a8,efficiency_heating,18,33,6.857883930206299,0.06951689720153809,25802.0,6.8702473640441895,245,1
StandardGSGP,76523a25-ad37-11ef-a730-e4a8dfc2a9a8,efficiency_heating,18,34,6.774197578430176,0.06786608695983887,26478.0,6.752117156982422,259,1
StandardGSGP,76523a25-ad37-11ef-a730-e4a8dfc2a9a8,efficiency_heating,18,35,6.755189418792725,0.07362556457519531,27046.0,6.752194881439209,267,1
StandardGSGP,76523a25-ad37-11ef-a730-e4a8dfc2a9a8,efficiency_heating,18,36,6.733862400054932,0.06499981880187988,27636.0,6.758211612701416,275,1
StandardGSGP,76523a25-ad37-11ef-a730-e4a8dfc2a9a8,efficiency_heating,18,37,6.704185485839844,0.06751084327697754,28264.0,6.807623386383057,281,1
StandardGSGP,76523a25-ad37-11ef-a730-e4a8dfc2a9a8,efficiency_heating,18,38,6.674761772155762,0.06880974769592285,29206.0,6.706090450286865,293,1
StandardGSGP,76523a25-ad37-11ef-a730-e4a8dfc2a9a8,efficiency_heating,18,39,6.608497619628906,0.07141971588134766,30012.0,6.703474044799805,301,1
StandardGSGP,76523a25-ad37-11ef-a730-e4a8dfc2a9a8,efficiency_heating,18,40,6.552490711212158,0.07051253318786621,31062.0,6.6488823890686035,305,1
StandardGSGP,76523a25-ad37-11ef-a730-e4a8dfc2a9a8,efficiency_heating,18,41,6.552490711212158,0.06750655174255371,31996.0,6.6488823890686035,305,1
StandardGSGP,76523a25-ad37-11ef-a730-e4a8dfc2a9a8,efficiency_heating,18,42,6.501458168029785,0.0650031566619873,32558.0,6.646761417388916,329,1
StandardGSGP,76523a25-ad37-11ef-a730-e4a8dfc2a9a8,efficiency_heating,18,43,6.501458168029785,0.08201098442077637,33172.0,6.646761417388916,329,1
StandardGSGP,76523a25-ad37-11ef-a730-e4a8dfc2a9a8,efficiency_heating,18,44,6.455237865447998,0.07350826263427734,34198.0,6.5742082595825195,325,1
StandardGSGP,76523a25-ad37-11ef-a730-e4a8dfc2a9a8,efficiency_heating,18,45,6.452919006347656,0.06551718711853027,35080.0,6.544107437133789,351,1
StandardGSGP,76523a25-ad37-11ef-a730-e4a8dfc2a9a8,efficiency_heating,18,46,6.365525245666504,0.0690011978149414,35508.0,6.403057098388672,339,1
StandardGSGP,76523a25-ad37-11ef-a730-e4a8dfc2a9a8,efficiency_heating,18,47,6.3614654541015625,0.06451153755187988,35880.0,6.397162914276123,347,1
StandardGSGP,76523a25-ad37-11ef-a730-e4a8dfc2a9a8,efficiency_heating,18,48,6.294571399688721,0.07555460929870605,36334.0,6.365422248840332,353,1
StandardGSGP,76523a25-ad37-11ef-a730-e4a8dfc2a9a8,efficiency_heating,18,49,6.27185583114624,0.07119107246398926,36882.0,6.400722026824951,361,1
StandardGSGP,76523a25-ad37-11ef-a730-e4a8dfc2a9a8,efficiency_heating,18,50,6.264646053314209,0.07241415977478027,37542.0,6.382726669311523,369,1
StandardGSGP,76523a25-ad37-11ef-a730-e4a8dfc2a9a8,efficiency_heating,18,51,6.1572465896606445,0.06550955772399902,38068.0,6.370748043060303,393,1
StandardGSGP,76523a25-ad37-11ef-a730-e4a8dfc2a9a8,efficiency_heating,18,52,6.151725769042969,0.06831192970275879,38610.0,6.3381547927856445,403,1
StandardGSGP,76523a25-ad37-11ef-a730-e4a8dfc2a9a8,efficiency_heating,18,53,6.095895290374756,0.06801652908325195,39598.0,6.250214099884033,393,1
StandardGSGP,76523a25-ad37-11ef-a730-e4a8dfc2a9a8,efficiency_heating,18,54,6.0952606201171875,0.06706738471984863,40872.0,6.256778717041016,403,1
StandardGSGP,76523a25-ad37-11ef-a730-e4a8dfc2a9a8,efficiency_heating,18,55,6.068293571472168,0.06579208374023438,42640.0,6.310061931610107,427,1
StandardGSGP,76523a25-ad37-11ef-a730-e4a8dfc2a9a8,efficiency_heating,18,56,6.063165664672852,0.07470417022705078,43026.0,6.262314796447754,435,1
StandardGSGP,76523a25-ad37-11ef-a730-e4a8dfc2a9a8,efficiency_heating,18,57,5.9342732429504395,0.06486797332763672,43316.0,6.176494121551514,445,1
StandardGSGP,76523a25-ad37-11ef-a730-e4a8dfc2a9a8,efficiency_heating,18,58,5.931807041168213,0.06349802017211914,44410.0,6.191425323486328,459,1
StandardGSGP,76523a25-ad37-11ef-a730-e4a8dfc2a9a8,efficiency_heating,18,59,5.921162128448486,0.06600213050842285,45750.0,6.204204559326172,471,1
StandardGSGP,76523a25-ad37-11ef-a730-e4a8dfc2a9a8,efficiency_heating,18,60,5.91012716293335,0.06275105476379395,47160.0,6.092889785766602,471,1
StandardGSGP,76523a25-ad37-11ef-a730-e4a8dfc2a9a8,efficiency_heating,18,61,5.8967485427856445,0.0605168342590332,48286.0,6.092191219329834,481,1
StandardGSGP,76523a25-ad37-11ef-a730-e4a8dfc2a9a8,efficiency_heating,18,62,5.758209228515625,0.061339378356933594,49222.0,5.959414482116699,503,1
StandardGSGP,76523a25-ad37-11ef-a730-e4a8dfc2a9a8,efficiency_heating,18,63,5.75364875793457,0.06402301788330078,50106.0,5.952553749084473,509,1
StandardGSGP,76523a25-ad37-11ef-a730-e4a8dfc2a9a8,efficiency_heating,18,64,5.742966175079346,0.06774020195007324,51064.0,5.953877925872803,521,1
StandardGSGP,76523a25-ad37-11ef-a730-e4a8dfc2a9a8,efficiency_heating,18,65,5.677746772766113,0.06043362617492676,52422.0,5.939662933349609,533,1
StandardGSGP,76523a25-ad37-11ef-a730-e4a8dfc2a9a8,efficiency_heating,18,66,5.677746772766113,0.0690619945526123,53760.0,5.939662933349609,533,1
StandardGSGP,76523a25-ad37-11ef-a730-e4a8dfc2a9a8,efficiency_heating,18,67,5.666899681091309,0.06661081314086914,54956.0,5.944818496704102,545,1
StandardGSGP,76523a25-ad37-11ef-a730-e4a8dfc2a9a8,efficiency_heating,18,68,5.659796237945557,0.06273698806762695,55826.0,5.910635948181152,565,1
StandardGSGP,76523a25-ad37-11ef-a730-e4a8dfc2a9a8,efficiency_heating,18,69,5.648622512817383,0.06250452995300293,56528.0,5.910935878753662,569,1
StandardGSGP,76523a25-ad37-11ef-a730-e4a8dfc2a9a8,efficiency_heating,18,70,5.615708827972412,0.06992506980895996,57348.0,5.917141437530518,573,1
StandardGSGP,76523a25-ad37-11ef-a730-e4a8dfc2a9a8,efficiency_heating,18,71,5.537461280822754,0.06775665283203125,58598.0,5.850899696350098,597,1
StandardGSGP,76523a25-ad37-11ef-a730-e4a8dfc2a9a8,efficiency_heating,18,72,5.537461280822754,0.07350587844848633,59348.0,5.850899696350098,597,1
StandardGSGP,76523a25-ad37-11ef-a730-e4a8dfc2a9a8,efficiency_heating,18,73,5.504909038543701,0.07650971412658691,60220.0,5.891854763031006,595,1
StandardGSGP,76523a25-ad37-11ef-a730-e4a8dfc2a9a8,efficiency_heating,18,74,5.495247840881348,0.06764411926269531,61310.0,5.8799333572387695,609,1
StandardGSGP,76523a25-ad37-11ef-a730-e4a8dfc2a9a8,efficiency_heating,18,75,5.492321491241455,0.0752401351928711,62184.0,5.894110202789307,609,1
StandardGSGP,76523a25-ad37-11ef-a730-e4a8dfc2a9a8,efficiency_heating,18,76,5.4833478927612305,0.07550859451293945,62434.0,5.879307746887207,615,1
StandardGSGP,76523a25-ad37-11ef-a730-e4a8dfc2a9a8,efficiency_heating,18,77,5.4123005867004395,0.06660318374633789,62908.0,5.821216106414795,645,1
StandardGSGP,76523a25-ad37-11ef-a730-e4a8dfc2a9a8,efficiency_heating,18,78,5.409695625305176,0.1437058448791504,63824.0,5.820047378540039,651,1
StandardGSGP,76523a25-ad37-11ef-a730-e4a8dfc2a9a8,efficiency_heating,18,79,5.38293981552124,0.07146501541137695,64922.0,5.791804313659668,651,1
StandardGSGP,76523a25-ad37-11ef-a730-e4a8dfc2a9a8,efficiency_heating,18,80,5.367879867553711,0.06650972366333008,66368.0,5.719293594360352,659,1
StandardGSGP,76523a25-ad37-11ef-a730-e4a8dfc2a9a8,efficiency_heating,18,81,5.353887557983398,0.07716751098632812,67542.0,5.777907371520996,683,1
StandardGSGP,76523a25-ad37-11ef-a730-e4a8dfc2a9a8,efficiency_heating,18,82,5.348169326782227,0.0663447380065918,68124.0,5.763322353363037,689,1
StandardGSGP,76523a25-ad37-11ef-a730-e4a8dfc2a9a8,efficiency_heating,18,83,5.237081527709961,0.07695865631103516,68940.0,5.647652626037598,697,1
StandardGSGP,76523a25-ad37-11ef-a730-e4a8dfc2a9a8,efficiency_heating,18,84,5.225866794586182,0.07356071472167969,69794.0,5.613100051879883,703,1
StandardGSGP,76523a25-ad37-11ef-a730-e4a8dfc2a9a8,efficiency_heating,18,85,5.221975803375244,0.07018685340881348,70666.0,5.581475257873535,711,1
StandardGSGP,76523a25-ad37-11ef-a730-e4a8dfc2a9a8,efficiency_heating,18,86,5.21427583694458,0.07638406753540039,71792.0,5.569781303405762,717,1
StandardGSGP,76523a25-ad37-11ef-a730-e4a8dfc2a9a8,efficiency_heating,18,87,5.178983211517334,0.06952905654907227,72682.0,5.517341613769531,723,1
StandardGSGP,76523a25-ad37-11ef-a730-e4a8dfc2a9a8,efficiency_heating,18,88,5.169508457183838,0.09624648094177246,73494.0,5.521263599395752,729,1
StandardGSGP,76523a25-ad37-11ef-a730-e4a8dfc2a9a8,efficiency_heating,18,89,5.155300617218018,0.08185625076293945,74160.0,5.510725498199463,737,1
StandardGSGP,76523a25-ad37-11ef-a730-e4a8dfc2a9a8,efficiency_heating,18,90,5.053776741027832,0.08576774597167969,74924.0,5.413482666015625,759,1
StandardGSGP,76523a25-ad37-11ef-a730-e4a8dfc2a9a8,efficiency_heating,18,91,5.053776741027832,0.08434748649597168,75676.0,5.413482666015625,759,1
StandardGSGP,76523a25-ad37-11ef-a730-e4a8dfc2a9a8,efficiency_heating,18,92,5.044890880584717,0.09096217155456543,76458.0,5.443264484405518,783,1
StandardGSGP,76523a25-ad37-11ef-a730-e4a8dfc2a9a8,efficiency_heating,18,93,5.044890880584717,0.08741188049316406,77652.0,5.443264484405518,783,1
StandardGSGP,76523a25-ad37-11ef-a730-e4a8dfc2a9a8,efficiency_heating,18,94,5.027751445770264,0.09480428695678711,79198.0,5.413341999053955,801,1
StandardGSGP,76523a25-ad37-11ef-a730-e4a8dfc2a9a8,efficiency_heating,18,95,5.027751445770264,0.06917309761047363,80492.0,5.413341999053955,801,1
StandardGSGP,76523a25-ad37-11ef-a730-e4a8dfc2a9a8,efficiency_heating,18,96,4.968825340270996,0.07454466819763184,81446.0,5.375433921813965,809,1
StandardGSGP,76523a25-ad37-11ef-a730-e4a8dfc2a9a8,efficiency_heating,18,97,4.968823432922363,0.06968140602111816,82516.0,5.375012397766113,819,1
StandardGSGP,76523a25-ad37-11ef-a730-e4a8dfc2a9a8,efficiency_heating,18,98,4.9412841796875,0.07527971267700195,83234.0,5.340210437774658,833,1
StandardGSGP,76523a25-ad37-11ef-a730-e4a8dfc2a9a8,efficiency_heating,18,99,4.934151649475098,0.06665158271789551,83806.0,5.312232494354248,847,1
StandardGSGP,76523a25-ad37-11ef-a730-e4a8dfc2a9a8,efficiency_heating,18,100,4.921605110168457,0.07751226425170898,84532.0,5.364295959472656,833,1
