StandardGSGP,0a709a07-ad37-11ef-85e1-e4a8dfc2a9a8,efficiency_heating,21,0,0.2606617212295532,0.026494503021240234,592.0,0.23173221945762634,3,1
StandardGSGP,0a709a07-ad37-11ef-85e1-e4a8dfc2a9a8,efficiency_heating,21,1,0.1874179095029831,0.06051492691040039,1288.0,0.19365981221199036,13,1
StandardGSGP,0a709a07-ad37-11ef-85e1-e4a8dfc2a9a8,efficiency_heating,21,2,0.1874179095029831,0.05998349189758301,2128.0,0.19365981221199036,13,1
StandardGSGP,0a709a07-ad37-11ef-85e1-e4a8dfc2a9a8,efficiency_heating,21,3,0.1874179095029831,0.05650806427001953,2952.0,0.19365981221199036,13,1
StandardGSGP,0a709a07-ad37-11ef-85e1-e4a8dfc2a9a8,efficiency_heating,21,4,0.1853562295436859,0.05510234832763672,3558.0,0.19126607477664948,29,1
StandardGSGP,0a709a07-ad37-11ef-85e1-e4a8dfc2a9a8,efficiency_heating,21,5,0.1853562295436859,0.06225991249084473,4202.0,0.19126607477664948,29,1
StandardGSGP,0a709a07-ad37-11ef-85e1-e4a8dfc2a9a8,efficiency_heating,21,6,0.17828232049942017,0.06263875961303711,4840.0,0.18167661130428314,39,1
StandardGSGP,0a709a07-ad37-11ef-85e1-e4a8dfc2a9a8,efficiency_heating,21,7,0.17649641633033752,0.05752992630004883,5562.0,0.18103322386741638,45,1
StandardGSGP,0a709a07-ad37-11ef-85e1-e4a8dfc2a9a8,efficiency_heating,21,8,0.15903137624263763,0.05651235580444336,6040.0,0.16733701527118683,71,1
StandardGSGP,0a709a07-ad37-11ef-85e1-e4a8dfc2a9a8,efficiency_heating,21,9,0.14428287744522095,0.05651068687438965,6802.0,0.15325146913528442,83,1
StandardGSGP,0a709a07-ad37-11ef-85e1-e4a8dfc2a9a8,efficiency_heating,21,10,0.14428287744522095,0.05500197410583496,7514.0,0.15325146913528442,83,1
StandardGSGP,0a709a07-ad37-11ef-85e1-e4a8dfc2a9a8,efficiency_heating,21,11,0.14428287744522095,0.05250906944274902,8368.0,0.15325146913528442,83,1
StandardGSGP,0a709a07-ad37-11ef-85e1-e4a8dfc2a9a8,efficiency_heating,21,12,0.14428287744522095,0.054514408111572266,9288.0,0.15325146913528442,83,1
StandardGSGP,0a709a07-ad37-11ef-85e1-e4a8dfc2a9a8,efficiency_heating,21,13,0.13662706315517426,0.05550885200500488,10380.0,0.14479710161685944,103,1
StandardGSGP,0a709a07-ad37-11ef-85e1-e4a8dfc2a9a8,efficiency_heating,21,14,0.13662706315517426,0.05900120735168457,11384.0,0.14479710161685944,103,1
StandardGSGP,0a709a07-ad37-11ef-85e1-e4a8dfc2a9a8,efficiency_heating,21,15,0.13662706315517426,0.0565028190612793,12374.0,0.14479710161685944,103,1
StandardGSGP,0a709a07-ad37-11ef-85e1-e4a8dfc2a9a8,efficiency_heating,21,16,0.13454626500606537,0.057511091232299805,13220.0,0.14244437217712402,123,1
StandardGSGP,0a709a07-ad37-11ef-85e1-e4a8dfc2a9a8,efficiency_heating,21,17,0.13450869917869568,0.05913376808166504,14258.0,0.14378228783607483,113,1
StandardGSGP,0a709a07-ad37-11ef-85e1-e4a8dfc2a9a8,efficiency_heating,21,18,0.13450869917869568,0.061513662338256836,14454.0,0.14378228783607483,113,1
StandardGSGP,0a709a07-ad37-11ef-85e1-e4a8dfc2a9a8,efficiency_heating,21,19,0.13450869917869568,0.05294489860534668,15078.0,0.14378228783607483,113,1
StandardGSGP,0a709a07-ad37-11ef-85e1-e4a8dfc2a9a8,efficiency_heating,21,20,0.13450869917869568,0.13001155853271484,15704.0,0.14378228783607483,113,1
StandardGSGP,0a709a07-ad37-11ef-85e1-e4a8dfc2a9a8,efficiency_heating,21,21,0.12941186130046844,0.05599784851074219,16116.0,0.13701584935188293,135,1
StandardGSGP,0a709a07-ad37-11ef-85e1-e4a8dfc2a9a8,efficiency_heating,21,22,0.12541888654232025,0.05651044845581055,16520.0,0.13224004209041595,143,1
StandardGSGP,0a709a07-ad37-11ef-85e1-e4a8dfc2a9a8,efficiency_heating,21,23,0.12293854355812073,0.056528568267822266,16380.0,0.12694263458251953,141,1
StandardGSGP,0a709a07-ad37-11ef-85e1-e4a8dfc2a9a8,efficiency_heating,21,24,0.12293854355812073,0.056748390197753906,17120.0,0.12694263458251953,141,1
StandardGSGP,0a709a07-ad37-11ef-85e1-e4a8dfc2a9a8,efficiency_heating,21,25,0.11941346526145935,0.05450940132141113,17836.0,0.11515630036592484,191,1
StandardGSGP,0a709a07-ad37-11ef-85e1-e4a8dfc2a9a8,efficiency_heating,21,26,0.11941346526145935,0.05483579635620117,18554.0,0.11515630036592484,191,1
StandardGSGP,0a709a07-ad37-11ef-85e1-e4a8dfc2a9a8,efficiency_heating,21,27,0.11941346526145935,0.05651068687438965,19086.0,0.11515630036592484,191,1
StandardGSGP,0a709a07-ad37-11ef-85e1-e4a8dfc2a9a8,efficiency_heating,21,28,0.11018871515989304,0.05499863624572754,19450.0,0.10894466936588287,173,1
StandardGSGP,0a709a07-ad37-11ef-85e1-e4a8dfc2a9a8,efficiency_heating,21,29,0.11018871515989304,0.06354045867919922,19882.0,0.10894466936588287,173,1
StandardGSGP,0a709a07-ad37-11ef-85e1-e4a8dfc2a9a8,efficiency_heating,21,30,0.09954410791397095,0.06757926940917969,20964.0,0.10207090526819229,179,1
StandardGSGP,0a709a07-ad37-11ef-85e1-e4a8dfc2a9a8,efficiency_heating,21,31,0.09954410791397095,0.059000492095947266,21150.0,0.10207090526819229,179,1
StandardGSGP,0a709a07-ad37-11ef-85e1-e4a8dfc2a9a8,efficiency_heating,21,32,0.0947314128279686,0.05650925636291504,21586.0,0.09856268763542175,195,1
StandardGSGP,0a709a07-ad37-11ef-85e1-e4a8dfc2a9a8,efficiency_heating,21,33,0.0947314128279686,0.058889150619506836,22092.0,0.09856268763542175,195,1
StandardGSGP,0a709a07-ad37-11ef-85e1-e4a8dfc2a9a8,efficiency_heating,21,34,0.0947314128279686,0.05750584602355957,22960.0,0.09856268763542175,195,1
StandardGSGP,0a709a07-ad37-11ef-85e1-e4a8dfc2a9a8,efficiency_heating,21,35,0.0928502008318901,0.05550408363342285,23324.0,0.09410584717988968,221,1
StandardGSGP,0a709a07-ad37-11ef-85e1-e4a8dfc2a9a8,efficiency_heating,21,36,0.0928502008318901,0.055998802185058594,23462.0,0.09410584717988968,221,1
StandardGSGP,0a709a07-ad37-11ef-85e1-e4a8dfc2a9a8,efficiency_heating,21,37,0.0928502008318901,0.05951094627380371,23474.0,0.09410584717988968,221,1
StandardGSGP,0a709a07-ad37-11ef-85e1-e4a8dfc2a9a8,efficiency_heating,21,38,0.0928502008318901,0.05851030349731445,23820.0,0.09410584717988968,221,1
StandardGSGP,0a709a07-ad37-11ef-85e1-e4a8dfc2a9a8,efficiency_heating,21,39,0.0928502008318901,0.06053352355957031,24308.0,0.09410584717988968,221,1
StandardGSGP,0a709a07-ad37-11ef-85e1-e4a8dfc2a9a8,efficiency_heating,21,40,0.09228905290365219,0.05951118469238281,25186.0,0.09352055191993713,241,1
StandardGSGP,0a709a07-ad37-11ef-85e1-e4a8dfc2a9a8,efficiency_heating,21,41,0.09228905290365219,0.05364727973937988,26018.0,0.09352055191993713,241,1
StandardGSGP,0a709a07-ad37-11ef-85e1-e4a8dfc2a9a8,efficiency_heating,21,42,0.09222625195980072,0.055077552795410156,26848.0,0.09437251091003418,247,1
StandardGSGP,0a709a07-ad37-11ef-85e1-e4a8dfc2a9a8,efficiency_heating,21,43,0.0905660018324852,0.05774426460266113,27626.0,0.09393127262592316,251,1
StandardGSGP,0a709a07-ad37-11ef-85e1-e4a8dfc2a9a8,efficiency_heating,21,44,0.0905660018324852,0.05652141571044922,28238.0,0.09393127262592316,251,1
StandardGSGP,0a709a07-ad37-11ef-85e1-e4a8dfc2a9a8,efficiency_heating,21,45,0.0905660018324852,0.057674407958984375,28678.0,0.09393127262592316,251,1
StandardGSGP,0a709a07-ad37-11ef-85e1-e4a8dfc2a9a8,efficiency_heating,21,46,0.0905660018324852,0.05759859085083008,29082.0,0.09393127262592316,251,1
StandardGSGP,0a709a07-ad37-11ef-85e1-e4a8dfc2a9a8,efficiency_heating,21,47,0.08689313381910324,0.05534934997558594,29394.0,0.08583971112966537,279,1
StandardGSGP,0a709a07-ad37-11ef-85e1-e4a8dfc2a9a8,efficiency_heating,21,48,0.08689313381910324,0.05960822105407715,29596.0,0.08583971112966537,279,1
StandardGSGP,0a709a07-ad37-11ef-85e1-e4a8dfc2a9a8,efficiency_heating,21,49,0.08689313381910324,0.08668732643127441,29990.0,0.08583971112966537,279,1
StandardGSGP,0a709a07-ad37-11ef-85e1-e4a8dfc2a9a8,efficiency_heating,21,50,0.08689313381910324,0.07161879539489746,30318.0,0.08583971112966537,279,1
StandardGSGP,0a709a07-ad37-11ef-85e1-e4a8dfc2a9a8,efficiency_heating,21,51,0.08469957113265991,0.05951404571533203,30748.0,0.08613849431276321,293,1
StandardGSGP,0a709a07-ad37-11ef-85e1-e4a8dfc2a9a8,efficiency_heating,21,52,0.08469957113265991,0.05399680137634277,31504.0,0.08613849431276321,293,1
StandardGSGP,0a709a07-ad37-11ef-85e1-e4a8dfc2a9a8,efficiency_heating,21,53,0.08469957113265991,0.056510210037231445,32116.0,0.08613849431276321,293,1
StandardGSGP,0a709a07-ad37-11ef-85e1-e4a8dfc2a9a8,efficiency_heating,21,54,0.08469957113265991,0.056139230728149414,32730.0,0.08613849431276321,293,1
StandardGSGP,0a709a07-ad37-11ef-85e1-e4a8dfc2a9a8,efficiency_heating,21,55,0.08469957113265991,0.0545041561126709,33196.0,0.08613849431276321,293,1
StandardGSGP,0a709a07-ad37-11ef-85e1-e4a8dfc2a9a8,efficiency_heating,21,56,0.08469957113265991,0.054999589920043945,33802.0,0.08613849431276321,293,1
StandardGSGP,0a709a07-ad37-11ef-85e1-e4a8dfc2a9a8,efficiency_heating,21,57,0.08469957113265991,0.058937788009643555,34682.0,0.08613849431276321,293,1
StandardGSGP,0a709a07-ad37-11ef-85e1-e4a8dfc2a9a8,efficiency_heating,21,58,0.08469957113265991,0.0555112361907959,34948.0,0.08613849431276321,293,1
StandardGSGP,0a709a07-ad37-11ef-85e1-e4a8dfc2a9a8,efficiency_heating,21,59,0.08469957113265991,0.061997413635253906,35504.0,0.08613849431276321,293,1
StandardGSGP,0a709a07-ad37-11ef-85e1-e4a8dfc2a9a8,efficiency_heating,21,60,0.0840287134051323,0.059508562088012695,35432.0,0.08642511069774628,299,1
StandardGSGP,0a709a07-ad37-11ef-85e1-e4a8dfc2a9a8,efficiency_heating,21,61,0.0840287134051323,0.05710482597351074,35436.0,0.08642511069774628,299,1
StandardGSGP,0a709a07-ad37-11ef-85e1-e4a8dfc2a9a8,efficiency_heating,21,62,0.0840287134051323,0.060736894607543945,35498.0,0.08642511069774628,299,1
StandardGSGP,0a709a07-ad37-11ef-85e1-e4a8dfc2a9a8,efficiency_heating,21,63,0.08193200826644897,0.05530238151550293,35212.0,0.0832945704460144,319,1
StandardGSGP,0a709a07-ad37-11ef-85e1-e4a8dfc2a9a8,efficiency_heating,21,64,0.08193200826644897,0.05783200263977051,34962.0,0.0832945704460144,319,1
StandardGSGP,0a709a07-ad37-11ef-85e1-e4a8dfc2a9a8,efficiency_heating,21,65,0.08193200826644897,0.05560588836669922,34960.0,0.0832945704460144,319,1
StandardGSGP,0a709a07-ad37-11ef-85e1-e4a8dfc2a9a8,efficiency_heating,21,66,0.08193200826644897,0.06378531455993652,35520.0,0.0832945704460144,319,1
StandardGSGP,0a709a07-ad37-11ef-85e1-e4a8dfc2a9a8,efficiency_heating,21,67,0.08193200826644897,0.05550956726074219,36558.0,0.0832945704460144,319,1
StandardGSGP,0a709a07-ad37-11ef-85e1-e4a8dfc2a9a8,efficiency_heating,21,68,0.08193200826644897,0.055092573165893555,36884.0,0.0832945704460144,319,1
StandardGSGP,0a709a07-ad37-11ef-85e1-e4a8dfc2a9a8,efficiency_heating,21,69,0.08193200826644897,0.054171085357666016,36822.0,0.0832945704460144,319,1
StandardGSGP,0a709a07-ad37-11ef-85e1-e4a8dfc2a9a8,efficiency_heating,21,70,0.08177437633275986,0.05654025077819824,37510.0,0.08301567286252975,329,1
StandardGSGP,0a709a07-ad37-11ef-85e1-e4a8dfc2a9a8,efficiency_heating,21,71,0.08177437633275986,0.05399799346923828,37950.0,0.08301567286252975,329,1
StandardGSGP,0a709a07-ad37-11ef-85e1-e4a8dfc2a9a8,efficiency_heating,21,72,0.08177437633275986,0.05650973320007324,38414.0,0.08301567286252975,329,1
StandardGSGP,0a709a07-ad37-11ef-85e1-e4a8dfc2a9a8,efficiency_heating,21,73,0.08177437633275986,0.055002689361572266,38648.0,0.08301567286252975,329,1
StandardGSGP,0a709a07-ad37-11ef-85e1-e4a8dfc2a9a8,efficiency_heating,21,74,0.08177437633275986,0.05588984489440918,39196.0,0.08301567286252975,329,1
StandardGSGP,0a709a07-ad37-11ef-85e1-e4a8dfc2a9a8,efficiency_heating,21,75,0.08177437633275986,0.059873342514038086,38896.0,0.08301567286252975,329,1
StandardGSGP,0a709a07-ad37-11ef-85e1-e4a8dfc2a9a8,efficiency_heating,21,76,0.08177437633275986,0.05701494216918945,38730.0,0.08301567286252975,329,1
StandardGSGP,0a709a07-ad37-11ef-85e1-e4a8dfc2a9a8,efficiency_heating,21,77,0.08177437633275986,0.05514121055603027,38760.0,0.08301567286252975,329,1
StandardGSGP,0a709a07-ad37-11ef-85e1-e4a8dfc2a9a8,efficiency_heating,21,78,0.08177437633275986,0.06032204627990723,39228.0,0.08301567286252975,329,1
StandardGSGP,0a709a07-ad37-11ef-85e1-e4a8dfc2a9a8,efficiency_heating,21,79,0.08177437633275986,0.06218671798706055,40178.0,0.08301567286252975,329,1
StandardGSGP,0a709a07-ad37-11ef-85e1-e4a8dfc2a9a8,efficiency_heating,21,80,0.08177437633275986,0.06051945686340332,40514.0,0.08301567286252975,329,1
StandardGSGP,0a709a07-ad37-11ef-85e1-e4a8dfc2a9a8,efficiency_heating,21,81,0.08177437633275986,0.055619239807128906,40472.0,0.08301567286252975,329,1
StandardGSGP,0a709a07-ad37-11ef-85e1-e4a8dfc2a9a8,efficiency_heating,21,82,0.08177437633275986,0.13085556030273438,41244.0,0.08301567286252975,329,1
StandardGSGP,0a709a07-ad37-11ef-85e1-e4a8dfc2a9a8,efficiency_heating,21,83,0.08177437633275986,0.05710339546203613,41242.0,0.08301567286252975,329,1
StandardGSGP,0a709a07-ad37-11ef-85e1-e4a8dfc2a9a8,efficiency_heating,21,84,0.08177437633275986,0.05383491516113281,41054.0,0.08301567286252975,329,1
StandardGSGP,0a709a07-ad37-11ef-85e1-e4a8dfc2a9a8,efficiency_heating,21,85,0.08177437633275986,0.05399942398071289,40106.0,0.08301567286252975,329,1
StandardGSGP,0a709a07-ad37-11ef-85e1-e4a8dfc2a9a8,efficiency_heating,21,86,0.08177437633275986,0.05451154708862305,40376.0,0.08301567286252975,329,1
StandardGSGP,0a709a07-ad37-11ef-85e1-e4a8dfc2a9a8,efficiency_heating,21,87,0.08177437633275986,0.05500435829162598,41950.0,0.08301567286252975,329,1
StandardGSGP,0a709a07-ad37-11ef-85e1-e4a8dfc2a9a8,efficiency_heating,21,88,0.08177437633275986,0.0565032958984375,43306.0,0.08301567286252975,329,1
StandardGSGP,0a709a07-ad37-11ef-85e1-e4a8dfc2a9a8,efficiency_heating,21,89,0.08177437633275986,0.05951237678527832,42262.0,0.08301567286252975,329,1
StandardGSGP,0a709a07-ad37-11ef-85e1-e4a8dfc2a9a8,efficiency_heating,21,90,0.08177437633275986,0.0559999942779541,42772.0,0.08301567286252975,329,1
StandardGSGP,0a709a07-ad37-11ef-85e1-e4a8dfc2a9a8,efficiency_heating,21,91,0.08177437633275986,0.05758190155029297,42328.0,0.08301567286252975,329,1
StandardGSGP,0a709a07-ad37-11ef-85e1-e4a8dfc2a9a8,efficiency_heating,21,92,0.08177437633275986,0.05352640151977539,41126.0,0.08301567286252975,329,1
StandardGSGP,0a709a07-ad37-11ef-85e1-e4a8dfc2a9a8,efficiency_heating,21,93,0.08177437633275986,0.05567193031311035,40862.0,0.08301567286252975,329,1
StandardGSGP,0a709a07-ad37-11ef-85e1-e4a8dfc2a9a8,efficiency_heating,21,94,0.08177437633275986,0.05500912666320801,39844.0,0.08301567286252975,329,1
StandardGSGP,0a709a07-ad37-11ef-85e1-e4a8dfc2a9a8,efficiency_heating,21,95,0.08177437633275986,0.05951189994812012,41118.0,0.08301567286252975,329,1
StandardGSGP,0a709a07-ad37-11ef-85e1-e4a8dfc2a9a8,efficiency_heating,21,96,0.08177437633275986,0.05331873893737793,40856.0,0.08301567286252975,329,1
StandardGSGP,0a709a07-ad37-11ef-85e1-e4a8dfc2a9a8,efficiency_heating,21,97,0.08177437633275986,0.058901071548461914,42086.0,0.08301567286252975,329,1
StandardGSGP,0a709a07-ad37-11ef-85e1-e4a8dfc2a9a8,efficiency_heating,21,98,0.08177437633275986,0.05551290512084961,41408.0,0.08301567286252975,329,1
StandardGSGP,0a709a07-ad37-11ef-85e1-e4a8dfc2a9a8,efficiency_heating,21,99,0.08177437633275986,0.056998252868652344,40886.0,0.08301567286252975,329,1
StandardGSGP,0a709a07-ad37-11ef-85e1-e4a8dfc2a9a8,efficiency_heating,21,100,0.08177437633275986,0.06450676918029785,40404.0,0.08301567286252975,329,1
StandardGSGP,8342ddb8-ad37-11ef-b92f-e4a8dfc2a9a8,efficiency_heating,21,0,6.035809516906738,0.04149770736694336,898.0,6.146757125854492,3,1
StandardGSGP,8342ddb8-ad37-11ef-b92f-e4a8dfc2a9a8,efficiency_heating,21,1,5.679463863372803,0.06774258613586426,1508.0,5.792411804199219,17,1
StandardGSGP,8342ddb8-ad37-11ef-b92f-e4a8dfc2a9a8,efficiency_heating,21,2,5.359003067016602,0.06351137161254883,2300.0,5.474368572235107,29,1
StandardGSGP,8342ddb8-ad37-11ef-b92f-e4a8dfc2a9a8,efficiency_heating,21,3,5.2213664054870605,0.06508874893188477,3180.0,5.328572750091553,25,1
StandardGSGP,8342ddb8-ad37-11ef-b92f-e4a8dfc2a9a8,efficiency_heating,21,4,5.107870101928711,0.06200242042541504,4030.0,5.223830223083496,35,1
StandardGSGP,8342ddb8-ad37-11ef-b92f-e4a8dfc2a9a8,efficiency_heating,21,5,4.801272869110107,0.06551170349121094,4836.0,4.918614387512207,45,1
StandardGSGP,8342ddb8-ad37-11ef-b92f-e4a8dfc2a9a8,efficiency_heating,21,6,4.7307868003845215,0.06451010704040527,5480.0,4.843994617462158,59,1
StandardGSGP,8342ddb8-ad37-11ef-b92f-e4a8dfc2a9a8,efficiency_heating,21,7,4.6460700035095215,0.06830954551696777,6538.0,4.751625061035156,67,1
StandardGSGP,8342ddb8-ad37-11ef-b92f-e4a8dfc2a9a8,efficiency_heating,21,8,4.61348295211792,0.06851053237915039,7572.0,4.7432026863098145,87,1
StandardGSGP,8342ddb8-ad37-11ef-b92f-e4a8dfc2a9a8,efficiency_heating,21,9,4.574395179748535,0.06400799751281738,8392.0,4.657738208770752,101,1
StandardGSGP,8342ddb8-ad37-11ef-b92f-e4a8dfc2a9a8,efficiency_heating,21,10,4.543646335601807,0.0640261173248291,9288.0,4.613617897033691,111,1
StandardGSGP,8342ddb8-ad37-11ef-b92f-e4a8dfc2a9a8,efficiency_heating,21,11,4.531052589416504,0.0655519962310791,10556.0,4.637026309967041,93,1
StandardGSGP,8342ddb8-ad37-11ef-b92f-e4a8dfc2a9a8,efficiency_heating,21,12,4.52739953994751,0.06217646598815918,11252.0,4.633481025695801,111,1
StandardGSGP,8342ddb8-ad37-11ef-b92f-e4a8dfc2a9a8,efficiency_heating,21,13,4.346158981323242,0.06100797653198242,12230.0,4.427445411682129,119,1
StandardGSGP,8342ddb8-ad37-11ef-b92f-e4a8dfc2a9a8,efficiency_heating,21,14,4.314844131469727,0.06604862213134766,13436.0,4.410566329956055,131,1
StandardGSGP,8342ddb8-ad37-11ef-b92f-e4a8dfc2a9a8,efficiency_heating,21,15,4.314844131469727,0.14709234237670898,14336.0,4.410566329956055,131,1
StandardGSGP,8342ddb8-ad37-11ef-b92f-e4a8dfc2a9a8,efficiency_heating,21,16,4.279322147369385,0.06141519546508789,14748.0,4.3971171379089355,135,1
StandardGSGP,8342ddb8-ad37-11ef-b92f-e4a8dfc2a9a8,efficiency_heating,21,17,4.257572650909424,0.06552600860595703,15262.0,4.36002779006958,151,1
StandardGSGP,8342ddb8-ad37-11ef-b92f-e4a8dfc2a9a8,efficiency_heating,21,18,4.236910820007324,0.06038403511047363,15892.0,4.362502574920654,165,1
StandardGSGP,8342ddb8-ad37-11ef-b92f-e4a8dfc2a9a8,efficiency_heating,21,19,4.210991859436035,0.06260299682617188,16722.0,4.341914653778076,177,1
StandardGSGP,8342ddb8-ad37-11ef-b92f-e4a8dfc2a9a8,efficiency_heating,21,20,4.210991859436035,0.06959414482116699,17668.0,4.341914653778076,177,1
StandardGSGP,8342ddb8-ad37-11ef-b92f-e4a8dfc2a9a8,efficiency_heating,21,21,4.169137477874756,0.06300973892211914,18580.0,4.299166202545166,189,1
StandardGSGP,8342ddb8-ad37-11ef-b92f-e4a8dfc2a9a8,efficiency_heating,21,22,4.129593372344971,0.06893181800842285,19656.0,4.244693279266357,197,1
StandardGSGP,8342ddb8-ad37-11ef-b92f-e4a8dfc2a9a8,efficiency_heating,21,23,4.092166900634766,0.06751632690429688,20260.0,4.214339733123779,205,1
StandardGSGP,8342ddb8-ad37-11ef-b92f-e4a8dfc2a9a8,efficiency_heating,21,24,4.092166900634766,0.06457734107971191,21356.0,4.214339733123779,205,1
StandardGSGP,8342ddb8-ad37-11ef-b92f-e4a8dfc2a9a8,efficiency_heating,21,25,4.070964813232422,0.059996843338012695,22276.0,4.195436000823975,223,1
StandardGSGP,8342ddb8-ad37-11ef-b92f-e4a8dfc2a9a8,efficiency_heating,21,26,3.9941983222961426,0.06650447845458984,23094.0,4.111639022827148,231,1
StandardGSGP,8342ddb8-ad37-11ef-b92f-e4a8dfc2a9a8,efficiency_heating,21,27,3.982478141784668,0.06754612922668457,24114.0,4.100982666015625,241,1
StandardGSGP,8342ddb8-ad37-11ef-b92f-e4a8dfc2a9a8,efficiency_heating,21,28,3.9684042930603027,0.06699585914611816,24998.0,4.084613800048828,247,1
StandardGSGP,8342ddb8-ad37-11ef-b92f-e4a8dfc2a9a8,efficiency_heating,21,29,3.9642527103424072,0.06597280502319336,25966.0,4.121525764465332,259,1
StandardGSGP,8342ddb8-ad37-11ef-b92f-e4a8dfc2a9a8,efficiency_heating,21,30,3.9066622257232666,0.06451821327209473,26952.0,4.034676551818848,271,1
StandardGSGP,8342ddb8-ad37-11ef-b92f-e4a8dfc2a9a8,efficiency_heating,21,31,3.8950982093811035,0.06474995613098145,27740.0,4.014277458190918,277,1
StandardGSGP,8342ddb8-ad37-11ef-b92f-e4a8dfc2a9a8,efficiency_heating,21,32,3.8942103385925293,0.06389832496643066,28400.0,4.017698764801025,277,1
StandardGSGP,8342ddb8-ad37-11ef-b92f-e4a8dfc2a9a8,efficiency_heating,21,33,3.8741507530212402,0.06400251388549805,29216.0,3.996076822280884,295,1
StandardGSGP,8342ddb8-ad37-11ef-b92f-e4a8dfc2a9a8,efficiency_heating,21,34,3.871161937713623,0.06700468063354492,29956.0,3.9868178367614746,303,1
StandardGSGP,8342ddb8-ad37-11ef-b92f-e4a8dfc2a9a8,efficiency_heating,21,35,3.862971305847168,0.06551122665405273,30794.0,3.9819729328155518,317,1
StandardGSGP,8342ddb8-ad37-11ef-b92f-e4a8dfc2a9a8,efficiency_heating,21,36,3.8572540283203125,0.06146359443664551,32124.0,3.973093032836914,325,1
StandardGSGP,8342ddb8-ad37-11ef-b92f-e4a8dfc2a9a8,efficiency_heating,21,37,3.850032091140747,0.06304049491882324,33222.0,3.9583802223205566,329,1
StandardGSGP,8342ddb8-ad37-11ef-b92f-e4a8dfc2a9a8,efficiency_heating,21,38,3.8423166275024414,0.06883764266967773,34248.0,3.9670803546905518,343,1
StandardGSGP,8342ddb8-ad37-11ef-b92f-e4a8dfc2a9a8,efficiency_heating,21,39,3.834343671798706,0.06700348854064941,35048.0,3.9441583156585693,349,1
StandardGSGP,8342ddb8-ad37-11ef-b92f-e4a8dfc2a9a8,efficiency_heating,21,40,3.831690549850464,0.06465983390808105,35848.0,3.9456839561462402,363,1
StandardGSGP,8342ddb8-ad37-11ef-b92f-e4a8dfc2a9a8,efficiency_heating,21,41,3.8258872032165527,0.06753945350646973,36760.0,3.9425952434539795,377,1
StandardGSGP,8342ddb8-ad37-11ef-b92f-e4a8dfc2a9a8,efficiency_heating,21,42,3.8258168697357178,0.06650996208190918,37516.0,3.9418282508850098,387,1
StandardGSGP,8342ddb8-ad37-11ef-b92f-e4a8dfc2a9a8,efficiency_heating,21,43,3.8048651218414307,0.0655527114868164,38606.0,3.8995847702026367,399,1
StandardGSGP,8342ddb8-ad37-11ef-b92f-e4a8dfc2a9a8,efficiency_heating,21,44,3.794215202331543,0.06499218940734863,39562.0,3.8977108001708984,391,1
StandardGSGP,8342ddb8-ad37-11ef-b92f-e4a8dfc2a9a8,efficiency_heating,21,45,3.7942066192626953,0.06219148635864258,40422.0,3.897697687149048,399,1
StandardGSGP,8342ddb8-ad37-11ef-b92f-e4a8dfc2a9a8,efficiency_heating,21,46,3.769604444503784,0.0639958381652832,41540.0,3.8502142429351807,401,1
StandardGSGP,8342ddb8-ad37-11ef-b92f-e4a8dfc2a9a8,efficiency_heating,21,47,3.7668514251708984,0.06751894950866699,42268.0,3.85341215133667,409,1
StandardGSGP,8342ddb8-ad37-11ef-b92f-e4a8dfc2a9a8,efficiency_heating,21,48,3.7668514251708984,0.06151318550109863,42802.0,3.85341215133667,409,1
StandardGSGP,8342ddb8-ad37-11ef-b92f-e4a8dfc2a9a8,efficiency_heating,21,49,3.7629995346069336,0.06541275978088379,43088.0,3.8468589782714844,425,1
StandardGSGP,8342ddb8-ad37-11ef-b92f-e4a8dfc2a9a8,efficiency_heating,21,50,3.7569260597229004,0.06426024436950684,43644.0,3.8449745178222656,427,1
StandardGSGP,8342ddb8-ad37-11ef-b92f-e4a8dfc2a9a8,efficiency_heating,21,51,3.741488218307495,0.06698203086853027,44412.0,3.8091559410095215,443,1
StandardGSGP,8342ddb8-ad37-11ef-b92f-e4a8dfc2a9a8,efficiency_heating,21,52,3.7411844730377197,0.0683126449584961,45182.0,3.8100433349609375,453,1
StandardGSGP,8342ddb8-ad37-11ef-b92f-e4a8dfc2a9a8,efficiency_heating,21,53,3.729445219039917,0.06379032135009766,46088.0,3.7911059856414795,453,1
StandardGSGP,8342ddb8-ad37-11ef-b92f-e4a8dfc2a9a8,efficiency_heating,21,54,3.729445219039917,0.06315493583679199,46858.0,3.7911059856414795,453,1
StandardGSGP,8342ddb8-ad37-11ef-b92f-e4a8dfc2a9a8,efficiency_heating,21,55,3.723508358001709,0.07199931144714355,47476.0,3.7883923053741455,473,1
StandardGSGP,8342ddb8-ad37-11ef-b92f-e4a8dfc2a9a8,efficiency_heating,21,56,3.721997022628784,0.0642235279083252,48308.0,3.7871317863464355,471,1
StandardGSGP,8342ddb8-ad37-11ef-b92f-e4a8dfc2a9a8,efficiency_heating,21,57,3.710482597351074,0.0694735050201416,48704.0,3.764456033706665,483,1
StandardGSGP,8342ddb8-ad37-11ef-b92f-e4a8dfc2a9a8,efficiency_heating,21,58,3.706927537918091,0.06941771507263184,49588.0,3.764711856842041,493,1
StandardGSGP,8342ddb8-ad37-11ef-b92f-e4a8dfc2a9a8,efficiency_heating,21,59,3.6987059116363525,0.06225156784057617,50440.0,3.7524869441986084,497,1
StandardGSGP,8342ddb8-ad37-11ef-b92f-e4a8dfc2a9a8,efficiency_heating,21,60,3.6943397521972656,0.060121774673461914,51248.0,3.7538516521453857,519,1
StandardGSGP,8342ddb8-ad37-11ef-b92f-e4a8dfc2a9a8,efficiency_heating,21,61,3.6904804706573486,0.06463766098022461,52150.0,3.7425057888031006,531,1
StandardGSGP,8342ddb8-ad37-11ef-b92f-e4a8dfc2a9a8,efficiency_heating,21,62,3.6758551597595215,0.0680234432220459,53004.0,3.736029863357544,531,1
StandardGSGP,8342ddb8-ad37-11ef-b92f-e4a8dfc2a9a8,efficiency_heating,21,63,3.6756508350372314,0.06057333946228027,54220.0,3.7351105213165283,539,1
StandardGSGP,8342ddb8-ad37-11ef-b92f-e4a8dfc2a9a8,efficiency_heating,21,64,3.67226505279541,0.07000088691711426,55316.0,3.7300009727478027,543,1
StandardGSGP,8342ddb8-ad37-11ef-b92f-e4a8dfc2a9a8,efficiency_heating,21,65,3.6720969676971436,0.06950926780700684,56140.0,3.729877233505249,549,1
StandardGSGP,8342ddb8-ad37-11ef-b92f-e4a8dfc2a9a8,efficiency_heating,21,66,3.662872076034546,0.06041240692138672,56490.0,3.7153255939483643,567,1
StandardGSGP,8342ddb8-ad37-11ef-b92f-e4a8dfc2a9a8,efficiency_heating,21,67,3.6522104740142822,0.06472468376159668,57056.0,3.688784122467041,571,1
StandardGSGP,8342ddb8-ad37-11ef-b92f-e4a8dfc2a9a8,efficiency_heating,21,68,3.646960496902466,0.06150627136230469,57664.0,3.6834144592285156,581,1
StandardGSGP,8342ddb8-ad37-11ef-b92f-e4a8dfc2a9a8,efficiency_heating,21,69,3.646960496902466,0.06351161003112793,58622.0,3.6834144592285156,581,1
StandardGSGP,8342ddb8-ad37-11ef-b92f-e4a8dfc2a9a8,efficiency_heating,21,70,3.6310737133026123,0.06690812110900879,59824.0,3.6608595848083496,609,1
StandardGSGP,8342ddb8-ad37-11ef-b92f-e4a8dfc2a9a8,efficiency_heating,21,71,3.630641460418701,0.06712746620178223,61130.0,3.660017967224121,617,1
StandardGSGP,8342ddb8-ad37-11ef-b92f-e4a8dfc2a9a8,efficiency_heating,21,72,3.6257669925689697,0.06750798225402832,62276.0,3.6548550128936768,617,1
StandardGSGP,8342ddb8-ad37-11ef-b92f-e4a8dfc2a9a8,efficiency_heating,21,73,3.6211798191070557,0.06400585174560547,63336.0,3.639808416366577,627,1
StandardGSGP,8342ddb8-ad37-11ef-b92f-e4a8dfc2a9a8,efficiency_heating,21,74,3.6208479404449463,0.0650777816772461,64188.0,3.639782428741455,637,1
StandardGSGP,8342ddb8-ad37-11ef-b92f-e4a8dfc2a9a8,efficiency_heating,21,75,3.613523006439209,0.06413888931274414,64790.0,3.636228084564209,641,1
StandardGSGP,8342ddb8-ad37-11ef-b92f-e4a8dfc2a9a8,efficiency_heating,21,76,3.603600025177002,0.06507563591003418,65700.0,3.6163713932037354,665,1
StandardGSGP,8342ddb8-ad37-11ef-b92f-e4a8dfc2a9a8,efficiency_heating,21,77,3.6012918949127197,0.0652763843536377,66538.0,3.61326003074646,671,1
StandardGSGP,8342ddb8-ad37-11ef-b92f-e4a8dfc2a9a8,efficiency_heating,21,78,3.6012918949127197,0.06551790237426758,67076.0,3.61326003074646,671,1
StandardGSGP,8342ddb8-ad37-11ef-b92f-e4a8dfc2a9a8,efficiency_heating,21,79,3.596625566482544,0.06498837471008301,67892.0,3.6073296070098877,689,1
StandardGSGP,8342ddb8-ad37-11ef-b92f-e4a8dfc2a9a8,efficiency_heating,21,80,3.596625566482544,0.0635073184967041,69138.0,3.6073296070098877,689,1
StandardGSGP,8342ddb8-ad37-11ef-b92f-e4a8dfc2a9a8,efficiency_heating,21,81,3.5887582302093506,0.0622563362121582,70244.0,3.5934386253356934,707,1
StandardGSGP,8342ddb8-ad37-11ef-b92f-e4a8dfc2a9a8,efficiency_heating,21,82,3.5868241786956787,0.0724020004272461,71464.0,3.5795013904571533,719,1
StandardGSGP,8342ddb8-ad37-11ef-b92f-e4a8dfc2a9a8,efficiency_heating,21,83,3.579694986343384,0.0630030632019043,72322.0,3.5841023921966553,721,1
StandardGSGP,8342ddb8-ad37-11ef-b92f-e4a8dfc2a9a8,efficiency_heating,21,84,3.57738995552063,0.06309008598327637,73054.0,3.587383508682251,727,1
StandardGSGP,8342ddb8-ad37-11ef-b92f-e4a8dfc2a9a8,efficiency_heating,21,85,3.571437120437622,0.06574702262878418,73980.0,3.57721209526062,733,1
StandardGSGP,8342ddb8-ad37-11ef-b92f-e4a8dfc2a9a8,efficiency_heating,21,86,3.5704081058502197,0.06089305877685547,74478.0,3.5764408111572266,739,1
StandardGSGP,8342ddb8-ad37-11ef-b92f-e4a8dfc2a9a8,efficiency_heating,21,87,3.5701169967651367,0.13578367233276367,75182.0,3.5794076919555664,747,1
StandardGSGP,8342ddb8-ad37-11ef-b92f-e4a8dfc2a9a8,efficiency_heating,21,88,3.56840443611145,0.06651163101196289,75804.0,3.566868543624878,755,1
StandardGSGP,8342ddb8-ad37-11ef-b92f-e4a8dfc2a9a8,efficiency_heating,21,89,3.5663514137268066,0.06450891494750977,76348.0,3.571368455886841,763,1
StandardGSGP,8342ddb8-ad37-11ef-b92f-e4a8dfc2a9a8,efficiency_heating,21,90,3.56419038772583,0.06518435478210449,77214.0,3.566722869873047,771,1
StandardGSGP,8342ddb8-ad37-11ef-b92f-e4a8dfc2a9a8,efficiency_heating,21,91,3.563340187072754,0.06250739097595215,78098.0,3.561840057373047,773,1
StandardGSGP,8342ddb8-ad37-11ef-b92f-e4a8dfc2a9a8,efficiency_heating,21,92,3.5612964630126953,0.06856107711791992,78804.0,3.5610506534576416,781,1
StandardGSGP,8342ddb8-ad37-11ef-b92f-e4a8dfc2a9a8,efficiency_heating,21,93,3.5571658611297607,0.06405329704284668,79746.0,3.545262098312378,795,1
StandardGSGP,8342ddb8-ad37-11ef-b92f-e4a8dfc2a9a8,efficiency_heating,21,94,3.5548362731933594,0.06250691413879395,80600.0,3.5257251262664795,807,1
StandardGSGP,8342ddb8-ad37-11ef-b92f-e4a8dfc2a9a8,efficiency_heating,21,95,3.5548362731933594,0.06538033485412598,81118.0,3.5257251262664795,807,1
StandardGSGP,8342ddb8-ad37-11ef-b92f-e4a8dfc2a9a8,efficiency_heating,21,96,3.552495002746582,0.0660855770111084,81678.0,3.5405194759368896,815,1
StandardGSGP,8342ddb8-ad37-11ef-b92f-e4a8dfc2a9a8,efficiency_heating,21,97,3.549544334411621,0.06550931930541992,82846.0,3.528768539428711,825,1
StandardGSGP,8342ddb8-ad37-11ef-b92f-e4a8dfc2a9a8,efficiency_heating,21,98,3.549544334411621,0.06451106071472168,83788.0,3.528768539428711,825,1
StandardGSGP,8342ddb8-ad37-11ef-b92f-e4a8dfc2a9a8,efficiency_heating,21,99,3.54545259475708,0.06523776054382324,84554.0,3.5270960330963135,845,1
StandardGSGP,8342ddb8-ad37-11ef-b92f-e4a8dfc2a9a8,efficiency_heating,21,100,3.5453624725341797,0.06488990783691406,85174.0,3.5268750190734863,853,1
