StandardGSGP,e8ffd6b6-ad36-11ef-afc3-e4a8dfc2a9a8,efficiency_heating,12,0,0.32292062044143677,0.02800464630126953,590.0,0.3001510500907898,3,1
StandardGSGP,e8ffd6b6-ad36-11ef-afc3-e4a8dfc2a9a8,efficiency_heating,12,1,0.24729840457439423,0.05450129508972168,1338.0,0.23286868631839752,15,1
StandardGSGP,e8ffd6b6-ad36-11ef-afc3-e4a8dfc2a9a8,efficiency_heating,12,2,0.22534853219985962,0.05742764472961426,2180.0,0.20899398624897003,23,1
StandardGSGP,e8ffd6b6-ad36-11ef-afc3-e4a8dfc2a9a8,efficiency_heating,12,3,0.14813676476478577,0.056618452072143555,3082.0,0.14477525651454926,39,1
StandardGSGP,e8ffd6b6-ad36-11ef-afc3-e4a8dfc2a9a8,efficiency_heating,12,4,0.14360445737838745,0.05729103088378906,3998.0,0.13874676823616028,49,1
StandardGSGP,e8ffd6b6-ad36-11ef-afc3-e4a8dfc2a9a8,efficiency_heating,12,5,0.14360445737838745,0.056073904037475586,4746.0,0.13874676823616028,49,1
StandardGSGP,e8ffd6b6-ad36-11ef-afc3-e4a8dfc2a9a8,efficiency_heating,12,6,0.14360445737838745,0.0605168342590332,5596.0,0.13874676823616028,49,1
StandardGSGP,e8ffd6b6-ad36-11ef-afc3-e4a8dfc2a9a8,efficiency_heating,12,7,0.13204148411750793,0.05850934982299805,6616.0,0.13809987902641296,79,1
StandardGSGP,e8ffd6b6-ad36-11ef-afc3-e4a8dfc2a9a8,efficiency_heating,12,8,0.12746891379356384,0.057000160217285156,7574.0,0.12951698899269104,81,1
StandardGSGP,e8ffd6b6-ad36-11ef-afc3-e4a8dfc2a9a8,efficiency_heating,12,9,0.12640069425106049,0.055509328842163086,8444.0,0.12844136357307434,91,1
StandardGSGP,e8ffd6b6-ad36-11ef-afc3-e4a8dfc2a9a8,efficiency_heating,12,10,0.12572211027145386,0.05401420593261719,9388.0,0.12761186063289642,97,1
StandardGSGP,e8ffd6b6-ad36-11ef-afc3-e4a8dfc2a9a8,efficiency_heating,12,11,0.12572211027145386,0.05648684501647949,10508.0,0.12761186063289642,97,1
StandardGSGP,e8ffd6b6-ad36-11ef-afc3-e4a8dfc2a9a8,efficiency_heating,12,12,0.12572211027145386,0.055871009826660156,11470.0,0.12761186063289642,97,1
StandardGSGP,e8ffd6b6-ad36-11ef-afc3-e4a8dfc2a9a8,efficiency_heating,12,13,0.1233273297548294,0.06089496612548828,12126.0,0.11864219605922699,109,1
StandardGSGP,e8ffd6b6-ad36-11ef-afc3-e4a8dfc2a9a8,efficiency_heating,12,14,0.120723195374012,0.055510520935058594,12662.0,0.1146324872970581,121,1
StandardGSGP,e8ffd6b6-ad36-11ef-afc3-e4a8dfc2a9a8,efficiency_heating,12,15,0.120723195374012,0.055979013442993164,13402.0,0.1146324872970581,121,1
StandardGSGP,e8ffd6b6-ad36-11ef-afc3-e4a8dfc2a9a8,efficiency_heating,12,16,0.12023075670003891,0.060260772705078125,14228.0,0.11364572495222092,129,1
StandardGSGP,e8ffd6b6-ad36-11ef-afc3-e4a8dfc2a9a8,efficiency_heating,12,17,0.12023075670003891,0.05863785743713379,14988.0,0.11364572495222092,129,1
StandardGSGP,e8ffd6b6-ad36-11ef-afc3-e4a8dfc2a9a8,efficiency_heating,12,18,0.12023075670003891,0.06047701835632324,15766.0,0.11364572495222092,129,1
StandardGSGP,e8ffd6b6-ad36-11ef-afc3-e4a8dfc2a9a8,efficiency_heating,12,19,0.11953822523355484,0.058510780334472656,16514.0,0.11304111778736115,139,1
StandardGSGP,e8ffd6b6-ad36-11ef-afc3-e4a8dfc2a9a8,efficiency_heating,12,20,0.11953822523355484,0.0579981803894043,17476.0,0.11304111778736115,139,1
StandardGSGP,e8ffd6b6-ad36-11ef-afc3-e4a8dfc2a9a8,efficiency_heating,12,21,0.11953822523355484,0.05881333351135254,18296.0,0.11304111778736115,139,1
StandardGSGP,e8ffd6b6-ad36-11ef-afc3-e4a8dfc2a9a8,efficiency_heating,12,22,0.11934174597263336,0.05850529670715332,18434.0,0.1125323623418808,149,1
StandardGSGP,e8ffd6b6-ad36-11ef-afc3-e4a8dfc2a9a8,efficiency_heating,12,23,0.11847344785928726,0.053997039794921875,18684.0,0.11406826227903366,157,1
StandardGSGP,e8ffd6b6-ad36-11ef-afc3-e4a8dfc2a9a8,efficiency_heating,12,24,0.11733228713274002,0.058510780334472656,19082.0,0.11232961714267731,163,1
StandardGSGP,e8ffd6b6-ad36-11ef-afc3-e4a8dfc2a9a8,efficiency_heating,12,25,0.11733228713274002,0.05899930000305176,19060.0,0.11232961714267731,163,1
StandardGSGP,e8ffd6b6-ad36-11ef-afc3-e4a8dfc2a9a8,efficiency_heating,12,26,0.11640389263629913,0.06454658508300781,19276.0,0.11022502183914185,183,1
StandardGSGP,e8ffd6b6-ad36-11ef-afc3-e4a8dfc2a9a8,efficiency_heating,12,27,0.11640389263629913,0.06807827949523926,19732.0,0.11022502183914185,183,1
StandardGSGP,e8ffd6b6-ad36-11ef-afc3-e4a8dfc2a9a8,efficiency_heating,12,28,0.11637334525585175,0.06143927574157715,20400.0,0.11074602603912354,193,1
StandardGSGP,e8ffd6b6-ad36-11ef-afc3-e4a8dfc2a9a8,efficiency_heating,12,29,0.11628591269254684,0.05851030349731445,21256.0,0.11030633747577667,193,1
StandardGSGP,e8ffd6b6-ad36-11ef-afc3-e4a8dfc2a9a8,efficiency_heating,12,30,0.11628591269254684,0.05405545234680176,22050.0,0.11030633747577667,193,1
StandardGSGP,e8ffd6b6-ad36-11ef-afc3-e4a8dfc2a9a8,efficiency_heating,12,31,0.11628591269254684,0.05800485610961914,22998.0,0.11030633747577667,193,1
StandardGSGP,e8ffd6b6-ad36-11ef-afc3-e4a8dfc2a9a8,efficiency_heating,12,32,0.11596979945898056,0.061640024185180664,23586.0,0.11007144302129745,217,1
StandardGSGP,e8ffd6b6-ad36-11ef-afc3-e4a8dfc2a9a8,efficiency_heating,12,33,0.11596979945898056,0.05467510223388672,24128.0,0.11007144302129745,217,1
StandardGSGP,e8ffd6b6-ad36-11ef-afc3-e4a8dfc2a9a8,efficiency_heating,12,34,0.11596979945898056,0.05552482604980469,24328.0,0.11007144302129745,217,1
StandardGSGP,e8ffd6b6-ad36-11ef-afc3-e4a8dfc2a9a8,efficiency_heating,12,35,0.11596979945898056,0.054633378982543945,25042.0,0.11007144302129745,217,1
StandardGSGP,e8ffd6b6-ad36-11ef-afc3-e4a8dfc2a9a8,efficiency_heating,12,36,0.11596979945898056,0.05750632286071777,25730.0,0.11007144302129745,217,1
StandardGSGP,e8ffd6b6-ad36-11ef-afc3-e4a8dfc2a9a8,efficiency_heating,12,37,0.11596979945898056,0.055509090423583984,26284.0,0.11007144302129745,217,1
StandardGSGP,e8ffd6b6-ad36-11ef-afc3-e4a8dfc2a9a8,efficiency_heating,12,38,0.11596979945898056,0.0579986572265625,26704.0,0.11007144302129745,217,1
StandardGSGP,e8ffd6b6-ad36-11ef-afc3-e4a8dfc2a9a8,efficiency_heating,12,39,0.11596979945898056,0.05450773239135742,26950.0,0.11007144302129745,217,1
StandardGSGP,e8ffd6b6-ad36-11ef-afc3-e4a8dfc2a9a8,efficiency_heating,12,40,0.11596979945898056,0.05699920654296875,27104.0,0.11007144302129745,217,1
StandardGSGP,e8ffd6b6-ad36-11ef-afc3-e4a8dfc2a9a8,efficiency_heating,12,41,0.11596979945898056,0.05676603317260742,27384.0,0.11007144302129745,217,1
StandardGSGP,e8ffd6b6-ad36-11ef-afc3-e4a8dfc2a9a8,efficiency_heating,12,42,0.11596979945898056,0.05285072326660156,27500.0,0.11007144302129745,217,1
StandardGSGP,e8ffd6b6-ad36-11ef-afc3-e4a8dfc2a9a8,efficiency_heating,12,43,0.11596979945898056,0.056063175201416016,28068.0,0.11007144302129745,217,1
StandardGSGP,e8ffd6b6-ad36-11ef-afc3-e4a8dfc2a9a8,efficiency_heating,12,44,0.11596979945898056,0.05553436279296875,28188.0,0.11007144302129745,217,1
StandardGSGP,e8ffd6b6-ad36-11ef-afc3-e4a8dfc2a9a8,efficiency_heating,12,45,0.11596979945898056,0.06041240692138672,29162.0,0.11007144302129745,217,1
StandardGSGP,e8ffd6b6-ad36-11ef-afc3-e4a8dfc2a9a8,efficiency_heating,12,46,0.11596979945898056,0.05850934982299805,30892.0,0.11007144302129745,217,1
StandardGSGP,e8ffd6b6-ad36-11ef-afc3-e4a8dfc2a9a8,efficiency_heating,12,47,0.11596979945898056,0.05499386787414551,31892.0,0.11007144302129745,217,1
StandardGSGP,e8ffd6b6-ad36-11ef-afc3-e4a8dfc2a9a8,efficiency_heating,12,48,0.11596979945898056,0.05500435829162598,32646.0,0.11007144302129745,217,1
StandardGSGP,e8ffd6b6-ad36-11ef-afc3-e4a8dfc2a9a8,efficiency_heating,12,49,0.11596979945898056,0.05550980567932129,33446.0,0.11007144302129745,217,1
StandardGSGP,e8ffd6b6-ad36-11ef-afc3-e4a8dfc2a9a8,efficiency_heating,12,50,0.11596979945898056,0.12956690788269043,33308.0,0.11007144302129745,217,1
StandardGSGP,e8ffd6b6-ad36-11ef-afc3-e4a8dfc2a9a8,efficiency_heating,12,51,0.11596979945898056,0.05851149559020996,33618.0,0.11007144302129745,217,1
StandardGSGP,e8ffd6b6-ad36-11ef-afc3-e4a8dfc2a9a8,efficiency_heating,12,52,0.11596979945898056,0.06423449516296387,32994.0,0.11007144302129745,217,1
StandardGSGP,e8ffd6b6-ad36-11ef-afc3-e4a8dfc2a9a8,efficiency_heating,12,53,0.11596979945898056,0.05550861358642578,33326.0,0.11007144302129745,217,1
StandardGSGP,e8ffd6b6-ad36-11ef-afc3-e4a8dfc2a9a8,efficiency_heating,12,54,0.11596979945898056,0.05654788017272949,34882.0,0.11007144302129745,217,1
StandardGSGP,e8ffd6b6-ad36-11ef-afc3-e4a8dfc2a9a8,efficiency_heating,12,55,0.11596979945898056,0.0596923828125,35108.0,0.11007144302129745,217,1
StandardGSGP,e8ffd6b6-ad36-11ef-afc3-e4a8dfc2a9a8,efficiency_heating,12,56,0.11596979945898056,0.05719470977783203,34418.0,0.11007144302129745,217,1
StandardGSGP,e8ffd6b6-ad36-11ef-afc3-e4a8dfc2a9a8,efficiency_heating,12,57,0.11596979945898056,0.05820584297180176,33716.0,0.11007144302129745,217,1
StandardGSGP,e8ffd6b6-ad36-11ef-afc3-e4a8dfc2a9a8,efficiency_heating,12,58,0.11562957614660263,0.05969858169555664,32438.0,0.10974439978599548,223,1
StandardGSGP,e8ffd6b6-ad36-11ef-afc3-e4a8dfc2a9a8,efficiency_heating,12,59,0.11551275849342346,0.05783867835998535,31604.0,0.10972702503204346,231,1
StandardGSGP,e8ffd6b6-ad36-11ef-afc3-e4a8dfc2a9a8,efficiency_heating,12,60,0.11551275849342346,0.0564579963684082,30988.0,0.10972702503204346,231,1
StandardGSGP,e8ffd6b6-ad36-11ef-afc3-e4a8dfc2a9a8,efficiency_heating,12,61,0.11551275849342346,0.05881810188293457,28832.0,0.10972702503204346,231,1
StandardGSGP,e8ffd6b6-ad36-11ef-afc3-e4a8dfc2a9a8,efficiency_heating,12,62,0.11551275849342346,0.059197187423706055,29664.0,0.10972702503204346,231,1
StandardGSGP,e8ffd6b6-ad36-11ef-afc3-e4a8dfc2a9a8,efficiency_heating,12,63,0.11551275849342346,0.060303449630737305,28184.0,0.10972702503204346,231,1
StandardGSGP,e8ffd6b6-ad36-11ef-afc3-e4a8dfc2a9a8,efficiency_heating,12,64,0.1151849627494812,0.059000253677368164,27948.0,0.10935278236865997,243,1
StandardGSGP,e8ffd6b6-ad36-11ef-afc3-e4a8dfc2a9a8,efficiency_heating,12,65,0.1149250939488411,0.059638023376464844,28170.0,0.10931624472141266,253,1
StandardGSGP,e8ffd6b6-ad36-11ef-afc3-e4a8dfc2a9a8,efficiency_heating,12,66,0.1149250939488411,0.05756831169128418,28166.0,0.10931624472141266,253,1
StandardGSGP,e8ffd6b6-ad36-11ef-afc3-e4a8dfc2a9a8,efficiency_heating,12,67,0.11376451700925827,0.05788874626159668,28954.0,0.10958432406187057,261,1
StandardGSGP,e8ffd6b6-ad36-11ef-afc3-e4a8dfc2a9a8,efficiency_heating,12,68,0.11376451700925827,0.06023573875427246,29756.0,0.10958432406187057,261,1
StandardGSGP,e8ffd6b6-ad36-11ef-afc3-e4a8dfc2a9a8,efficiency_heating,12,69,0.11376451700925827,0.05901360511779785,30286.0,0.10958432406187057,261,1
StandardGSGP,e8ffd6b6-ad36-11ef-afc3-e4a8dfc2a9a8,efficiency_heating,12,70,0.11376451700925827,0.056507110595703125,30568.0,0.10958432406187057,261,1
StandardGSGP,e8ffd6b6-ad36-11ef-afc3-e4a8dfc2a9a8,efficiency_heating,12,71,0.11345705389976501,0.05652117729187012,30908.0,0.10871466994285583,285,1
StandardGSGP,e8ffd6b6-ad36-11ef-afc3-e4a8dfc2a9a8,efficiency_heating,12,72,0.11345705389976501,0.055994510650634766,31468.0,0.10871466994285583,285,1
StandardGSGP,e8ffd6b6-ad36-11ef-afc3-e4a8dfc2a9a8,efficiency_heating,12,73,0.11329564452171326,0.05851912498474121,31898.0,0.10862945020198822,291,1
StandardGSGP,e8ffd6b6-ad36-11ef-afc3-e4a8dfc2a9a8,efficiency_heating,12,74,0.11329564452171326,0.06000518798828125,32466.0,0.10862945020198822,291,1
StandardGSGP,e8ffd6b6-ad36-11ef-afc3-e4a8dfc2a9a8,efficiency_heating,12,75,0.11329564452171326,0.06995224952697754,32550.0,0.10862945020198822,291,1
StandardGSGP,e8ffd6b6-ad36-11ef-afc3-e4a8dfc2a9a8,efficiency_heating,12,76,0.11329564452171326,0.05851030349731445,33026.0,0.10862945020198822,291,1
StandardGSGP,e8ffd6b6-ad36-11ef-afc3-e4a8dfc2a9a8,efficiency_heating,12,77,0.11329564452171326,0.05629611015319824,33590.0,0.10862945020198822,291,1
StandardGSGP,e8ffd6b6-ad36-11ef-afc3-e4a8dfc2a9a8,efficiency_heating,12,78,0.11329564452171326,0.059514760971069336,34426.0,0.10862945020198822,291,1
StandardGSGP,e8ffd6b6-ad36-11ef-afc3-e4a8dfc2a9a8,efficiency_heating,12,79,0.11329564452171326,0.05800604820251465,34864.0,0.10862945020198822,291,1
StandardGSGP,e8ffd6b6-ad36-11ef-afc3-e4a8dfc2a9a8,efficiency_heating,12,80,0.11329564452171326,0.0595097541809082,34884.0,0.10862945020198822,291,1
StandardGSGP,e8ffd6b6-ad36-11ef-afc3-e4a8dfc2a9a8,efficiency_heating,12,81,0.1119060069322586,0.06451225280761719,34778.0,0.10680735111236572,301,1
StandardGSGP,e8ffd6b6-ad36-11ef-afc3-e4a8dfc2a9a8,efficiency_heating,12,82,0.1119060069322586,0.05935359001159668,35408.0,0.10680735111236572,301,1
StandardGSGP,e8ffd6b6-ad36-11ef-afc3-e4a8dfc2a9a8,efficiency_heating,12,83,0.1119060069322586,0.05870771408081055,35544.0,0.10680735111236572,301,1
StandardGSGP,e8ffd6b6-ad36-11ef-afc3-e4a8dfc2a9a8,efficiency_heating,12,84,0.1119060069322586,0.057586669921875,35928.0,0.10680735111236572,301,1
StandardGSGP,e8ffd6b6-ad36-11ef-afc3-e4a8dfc2a9a8,efficiency_heating,12,85,0.10980985313653946,0.05988168716430664,36630.0,0.10394497215747833,307,1
StandardGSGP,e8ffd6b6-ad36-11ef-afc3-e4a8dfc2a9a8,efficiency_heating,12,86,0.10980985313653946,0.05707597732543945,36136.0,0.10394497215747833,307,1
StandardGSGP,e8ffd6b6-ad36-11ef-afc3-e4a8dfc2a9a8,efficiency_heating,12,87,0.10980985313653946,0.056739091873168945,35854.0,0.10394497215747833,307,1
StandardGSGP,e8ffd6b6-ad36-11ef-afc3-e4a8dfc2a9a8,efficiency_heating,12,88,0.10980985313653946,0.057511091232299805,36432.0,0.10394497215747833,307,1
StandardGSGP,e8ffd6b6-ad36-11ef-afc3-e4a8dfc2a9a8,efficiency_heating,12,89,0.10980985313653946,0.05651211738586426,36816.0,0.10394497215747833,307,1
StandardGSGP,e8ffd6b6-ad36-11ef-afc3-e4a8dfc2a9a8,efficiency_heating,12,90,0.10980985313653946,0.058999061584472656,37326.0,0.10394497215747833,307,1
StandardGSGP,e8ffd6b6-ad36-11ef-afc3-e4a8dfc2a9a8,efficiency_heating,12,91,0.10825560241937637,0.06046915054321289,37768.0,0.10266093164682388,315,1
StandardGSGP,e8ffd6b6-ad36-11ef-afc3-e4a8dfc2a9a8,efficiency_heating,12,92,0.10825560241937637,0.05426287651062012,37190.0,0.10266093164682388,315,1
StandardGSGP,e8ffd6b6-ad36-11ef-afc3-e4a8dfc2a9a8,efficiency_heating,12,93,0.10825560241937637,0.05493354797363281,37234.0,0.10266093164682388,315,1
StandardGSGP,e8ffd6b6-ad36-11ef-afc3-e4a8dfc2a9a8,efficiency_heating,12,94,0.10825560241937637,0.05605292320251465,37628.0,0.10266093164682388,315,1
StandardGSGP,e8ffd6b6-ad36-11ef-afc3-e4a8dfc2a9a8,efficiency_heating,12,95,0.10825560241937637,0.05799460411071777,37210.0,0.10266093164682388,315,1
StandardGSGP,e8ffd6b6-ad36-11ef-afc3-e4a8dfc2a9a8,efficiency_heating,12,96,0.10777679830789566,0.058934926986694336,36824.0,0.1030467301607132,321,1
StandardGSGP,e8ffd6b6-ad36-11ef-afc3-e4a8dfc2a9a8,efficiency_heating,12,97,0.10777679830789566,0.05699801445007324,37276.0,0.1030467301607132,321,1
StandardGSGP,e8ffd6b6-ad36-11ef-afc3-e4a8dfc2a9a8,efficiency_heating,12,98,0.10777679830789566,0.05853080749511719,38364.0,0.1030467301607132,321,1
StandardGSGP,e8ffd6b6-ad36-11ef-afc3-e4a8dfc2a9a8,efficiency_heating,12,99,0.10777679830789566,0.05626535415649414,38982.0,0.1030467301607132,321,1
StandardGSGP,e8ffd6b6-ad36-11ef-afc3-e4a8dfc2a9a8,efficiency_heating,12,100,0.10777679830789566,0.06449222564697266,40352.0,0.1030467301607132,321,1
StandardGSGP,5d30210f-ad37-11ef-88db-e4a8dfc2a9a8,efficiency_heating,12,0,9.144536018371582,0.03699684143066406,884.0,9.125012397766113,3,1
StandardGSGP,5d30210f-ad37-11ef-88db-e4a8dfc2a9a8,efficiency_heating,12,1,8.820028305053711,0.06251168251037598,1662.0,8.751398086547852,13,1
StandardGSGP,5d30210f-ad37-11ef-88db-e4a8dfc2a9a8,efficiency_heating,12,2,8.540694236755371,0.06625914573669434,2396.0,8.399658203125,21,1
StandardGSGP,5d30210f-ad37-11ef-88db-e4a8dfc2a9a8,efficiency_heating,12,3,8.50636100769043,0.06610870361328125,3118.0,8.353608131408691,27,1
StandardGSGP,5d30210f-ad37-11ef-88db-e4a8dfc2a9a8,efficiency_heating,12,4,8.437440872192383,0.06539630889892578,3688.0,8.275321006774902,43,1
StandardGSGP,5d30210f-ad37-11ef-88db-e4a8dfc2a9a8,efficiency_heating,12,5,8.376091003417969,0.07441878318786621,4408.0,8.178557395935059,47,1
StandardGSGP,5d30210f-ad37-11ef-88db-e4a8dfc2a9a8,efficiency_heating,12,6,8.313403129577637,0.07542562484741211,5256.0,8.117655754089355,55,1
StandardGSGP,5d30210f-ad37-11ef-88db-e4a8dfc2a9a8,efficiency_heating,12,7,8.267337799072266,0.06980395317077637,6286.0,8.02566909790039,57,1
StandardGSGP,5d30210f-ad37-11ef-88db-e4a8dfc2a9a8,efficiency_heating,12,8,8.234678268432617,0.06651473045349121,7464.0,7.963912487030029,79,1
StandardGSGP,5d30210f-ad37-11ef-88db-e4a8dfc2a9a8,efficiency_heating,12,9,8.158190727233887,0.07351136207580566,8412.0,7.883368015289307,83,1
StandardGSGP,5d30210f-ad37-11ef-88db-e4a8dfc2a9a8,efficiency_heating,12,10,8.104578018188477,0.07790946960449219,9050.0,7.823855400085449,85,1
StandardGSGP,5d30210f-ad37-11ef-88db-e4a8dfc2a9a8,efficiency_heating,12,11,7.996997833251953,0.07698583602905273,10084.0,7.686511039733887,89,1
StandardGSGP,5d30210f-ad37-11ef-88db-e4a8dfc2a9a8,efficiency_heating,12,12,7.996997833251953,0.07282257080078125,10982.0,7.686511039733887,89,1
StandardGSGP,5d30210f-ad37-11ef-88db-e4a8dfc2a9a8,efficiency_heating,12,13,7.9728169441223145,0.07098102569580078,11222.0,7.656899929046631,111,1
StandardGSGP,5d30210f-ad37-11ef-88db-e4a8dfc2a9a8,efficiency_heating,12,14,7.874120712280273,0.07702755928039551,11944.0,7.568198204040527,119,1
StandardGSGP,5d30210f-ad37-11ef-88db-e4a8dfc2a9a8,efficiency_heating,12,15,7.874120712280273,0.07479429244995117,12796.0,7.568198204040527,119,1
StandardGSGP,5d30210f-ad37-11ef-88db-e4a8dfc2a9a8,efficiency_heating,12,16,7.818604469299316,0.07953214645385742,13500.0,7.47567892074585,133,1
StandardGSGP,5d30210f-ad37-11ef-88db-e4a8dfc2a9a8,efficiency_heating,12,17,7.801876544952393,0.07425737380981445,14326.0,7.507081508636475,141,1
StandardGSGP,5d30210f-ad37-11ef-88db-e4a8dfc2a9a8,efficiency_heating,12,18,7.749133586883545,0.06763172149658203,15052.0,7.431495666503906,153,1
StandardGSGP,5d30210f-ad37-11ef-88db-e4a8dfc2a9a8,efficiency_heating,12,19,7.749095916748047,0.07100725173950195,15896.0,7.431997299194336,161,1
StandardGSGP,5d30210f-ad37-11ef-88db-e4a8dfc2a9a8,efficiency_heating,12,20,7.744131565093994,0.06350922584533691,16598.0,7.424180030822754,165,1
StandardGSGP,5d30210f-ad37-11ef-88db-e4a8dfc2a9a8,efficiency_heating,12,21,7.716126441955566,0.0651097297668457,17466.0,7.366724491119385,167,1
StandardGSGP,5d30210f-ad37-11ef-88db-e4a8dfc2a9a8,efficiency_heating,12,22,7.692904472351074,0.06800317764282227,18208.0,7.357359409332275,183,1
StandardGSGP,5d30210f-ad37-11ef-88db-e4a8dfc2a9a8,efficiency_heating,12,23,7.507727146148682,0.07672715187072754,19032.0,7.159238338470459,191,1
StandardGSGP,5d30210f-ad37-11ef-88db-e4a8dfc2a9a8,efficiency_heating,12,24,7.493461608886719,0.06251144409179688,19418.0,7.142520427703857,199,1
StandardGSGP,5d30210f-ad37-11ef-88db-e4a8dfc2a9a8,efficiency_heating,12,25,7.484866142272949,0.07263922691345215,20170.0,7.137596607208252,209,1
StandardGSGP,5d30210f-ad37-11ef-88db-e4a8dfc2a9a8,efficiency_heating,12,26,7.454171657562256,0.08637189865112305,21160.0,7.118767261505127,213,1
StandardGSGP,5d30210f-ad37-11ef-88db-e4a8dfc2a9a8,efficiency_heating,12,27,7.407565593719482,0.07790517807006836,22196.0,7.055360317230225,227,1
StandardGSGP,5d30210f-ad37-11ef-88db-e4a8dfc2a9a8,efficiency_heating,12,28,7.3893866539001465,0.08131861686706543,23252.0,7.05717658996582,237,1
StandardGSGP,5d30210f-ad37-11ef-88db-e4a8dfc2a9a8,efficiency_heating,12,29,7.351308822631836,0.0845186710357666,24174.0,7.048429489135742,237,1
StandardGSGP,5d30210f-ad37-11ef-88db-e4a8dfc2a9a8,efficiency_heating,12,30,7.2785563468933105,0.0680382251739502,25068.0,6.896649360656738,243,1
StandardGSGP,5d30210f-ad37-11ef-88db-e4a8dfc2a9a8,efficiency_heating,12,31,7.274411678314209,0.06776785850524902,25814.0,6.892239570617676,249,1
StandardGSGP,5d30210f-ad37-11ef-88db-e4a8dfc2a9a8,efficiency_heating,12,32,7.249337673187256,0.06731820106506348,26462.0,6.879487037658691,267,1
StandardGSGP,5d30210f-ad37-11ef-88db-e4a8dfc2a9a8,efficiency_heating,12,33,7.225761890411377,0.06633663177490234,27044.0,6.86616325378418,275,1
StandardGSGP,5d30210f-ad37-11ef-88db-e4a8dfc2a9a8,efficiency_heating,12,34,7.199882507324219,0.06499934196472168,27750.0,6.820394515991211,271,1
StandardGSGP,5d30210f-ad37-11ef-88db-e4a8dfc2a9a8,efficiency_heating,12,35,7.199600696563721,0.07028388977050781,28844.0,6.823247909545898,281,1
StandardGSGP,5d30210f-ad37-11ef-88db-e4a8dfc2a9a8,efficiency_heating,12,36,7.150061130523682,0.06203937530517578,29900.0,6.7947564125061035,305,1
StandardGSGP,5d30210f-ad37-11ef-88db-e4a8dfc2a9a8,efficiency_heating,12,37,7.132852554321289,0.06500411033630371,30496.0,6.76627254486084,295,1
StandardGSGP,5d30210f-ad37-11ef-88db-e4a8dfc2a9a8,efficiency_heating,12,38,7.082478046417236,0.06099748611450195,31428.0,6.729246139526367,319,1
StandardGSGP,5d30210f-ad37-11ef-88db-e4a8dfc2a9a8,efficiency_heating,12,39,7.045970916748047,0.0693962574005127,32404.0,6.675607681274414,307,1
StandardGSGP,5d30210f-ad37-11ef-88db-e4a8dfc2a9a8,efficiency_heating,12,40,6.963461399078369,0.06458592414855957,32802.0,6.561896800994873,315,1
StandardGSGP,5d30210f-ad37-11ef-88db-e4a8dfc2a9a8,efficiency_heating,12,41,6.912308692932129,0.0608677864074707,33574.0,6.49757194519043,335,1
StandardGSGP,5d30210f-ad37-11ef-88db-e4a8dfc2a9a8,efficiency_heating,12,42,6.882477760314941,0.0665123462677002,34264.0,6.4784417152404785,341,1
StandardGSGP,5d30210f-ad37-11ef-88db-e4a8dfc2a9a8,efficiency_heating,12,43,6.772569179534912,0.0672755241394043,34878.0,6.377126216888428,357,1
StandardGSGP,5d30210f-ad37-11ef-88db-e4a8dfc2a9a8,efficiency_heating,12,44,6.748776912689209,0.06323480606079102,35806.0,6.343702793121338,365,1
StandardGSGP,5d30210f-ad37-11ef-88db-e4a8dfc2a9a8,efficiency_heating,12,45,6.741534233093262,0.13385677337646484,36720.0,6.348713397979736,381,1
StandardGSGP,5d30210f-ad37-11ef-88db-e4a8dfc2a9a8,efficiency_heating,12,46,6.687061786651611,0.06353616714477539,37782.0,6.280640125274658,373,1
StandardGSGP,5d30210f-ad37-11ef-88db-e4a8dfc2a9a8,efficiency_heating,12,47,6.6831135749816895,0.06224942207336426,39008.0,6.282329559326172,385,1
StandardGSGP,5d30210f-ad37-11ef-88db-e4a8dfc2a9a8,efficiency_heating,12,48,6.679845333099365,0.0650022029876709,40038.0,6.276426792144775,381,1
StandardGSGP,5d30210f-ad37-11ef-88db-e4a8dfc2a9a8,efficiency_heating,12,49,6.598673343658447,0.06550407409667969,40726.0,6.203856468200684,407,1
StandardGSGP,5d30210f-ad37-11ef-88db-e4a8dfc2a9a8,efficiency_heating,12,50,6.598673343658447,0.06488752365112305,41042.0,6.203856468200684,407,1
StandardGSGP,5d30210f-ad37-11ef-88db-e4a8dfc2a9a8,efficiency_heating,12,51,6.565183639526367,0.06852436065673828,41634.0,6.151630401611328,415,1
StandardGSGP,5d30210f-ad37-11ef-88db-e4a8dfc2a9a8,efficiency_heating,12,52,6.532212734222412,0.06357240676879883,42328.0,6.102499485015869,419,1
StandardGSGP,5d30210f-ad37-11ef-88db-e4a8dfc2a9a8,efficiency_heating,12,53,6.500296592712402,0.07686662673950195,43206.0,6.070367336273193,437,1
StandardGSGP,5d30210f-ad37-11ef-88db-e4a8dfc2a9a8,efficiency_heating,12,54,6.486745834350586,0.06729769706726074,44060.0,6.06795072555542,435,1
StandardGSGP,5d30210f-ad37-11ef-88db-e4a8dfc2a9a8,efficiency_heating,12,55,6.472640514373779,0.06827855110168457,44808.0,6.0566606521606445,443,1
StandardGSGP,5d30210f-ad37-11ef-88db-e4a8dfc2a9a8,efficiency_heating,12,56,6.462321758270264,0.06415677070617676,45676.0,6.051509857177734,459,1
StandardGSGP,5d30210f-ad37-11ef-88db-e4a8dfc2a9a8,efficiency_heating,12,57,6.4418158531188965,0.06551337242126465,46192.0,6.023782730102539,471,1
StandardGSGP,5d30210f-ad37-11ef-88db-e4a8dfc2a9a8,efficiency_heating,12,58,6.36287260055542,0.06264352798461914,46928.0,5.948482990264893,471,1
StandardGSGP,5d30210f-ad37-11ef-88db-e4a8dfc2a9a8,efficiency_heating,12,59,6.36287260055542,0.06473612785339355,47694.0,5.948482990264893,471,1
StandardGSGP,5d30210f-ad37-11ef-88db-e4a8dfc2a9a8,efficiency_heating,12,60,6.306748867034912,0.0700371265411377,48606.0,5.921995162963867,493,1
StandardGSGP,5d30210f-ad37-11ef-88db-e4a8dfc2a9a8,efficiency_heating,12,61,6.295361042022705,0.07100439071655273,49370.0,5.911350727081299,505,1
StandardGSGP,5d30210f-ad37-11ef-88db-e4a8dfc2a9a8,efficiency_heating,12,62,6.256214141845703,0.06550407409667969,50162.0,5.869720935821533,509,1
StandardGSGP,5d30210f-ad37-11ef-88db-e4a8dfc2a9a8,efficiency_heating,12,63,6.253974914550781,0.06550979614257812,51376.0,5.88333797454834,523,1
StandardGSGP,5d30210f-ad37-11ef-88db-e4a8dfc2a9a8,efficiency_heating,12,64,6.231213569641113,0.061003923416137695,52730.0,5.877902030944824,535,1
StandardGSGP,5d30210f-ad37-11ef-88db-e4a8dfc2a9a8,efficiency_heating,12,65,6.101467132568359,0.06450319290161133,53778.0,5.7131524085998535,541,1
StandardGSGP,5d30210f-ad37-11ef-88db-e4a8dfc2a9a8,efficiency_heating,12,66,6.091109275817871,0.06150507926940918,54574.0,5.7059221267700195,551,1
StandardGSGP,5d30210f-ad37-11ef-88db-e4a8dfc2a9a8,efficiency_heating,12,67,6.091109275817871,0.0630035400390625,55628.0,5.7059221267700195,551,1
StandardGSGP,5d30210f-ad37-11ef-88db-e4a8dfc2a9a8,efficiency_heating,12,68,6.058782577514648,0.06250452995300293,56500.0,5.642083168029785,555,1
StandardGSGP,5d30210f-ad37-11ef-88db-e4a8dfc2a9a8,efficiency_heating,12,69,6.045904636383057,0.06250858306884766,57194.0,5.647254467010498,561,1
StandardGSGP,5d30210f-ad37-11ef-88db-e4a8dfc2a9a8,efficiency_heating,12,70,6.02606201171875,0.06200051307678223,57998.0,5.6407647132873535,585,1
StandardGSGP,5d30210f-ad37-11ef-88db-e4a8dfc2a9a8,efficiency_heating,12,71,5.9979424476623535,0.06795549392700195,58682.0,5.609363555908203,611,1
StandardGSGP,5d30210f-ad37-11ef-88db-e4a8dfc2a9a8,efficiency_heating,12,72,5.996560096740723,0.06585359573364258,59544.0,5.628215312957764,593,1
StandardGSGP,5d30210f-ad37-11ef-88db-e4a8dfc2a9a8,efficiency_heating,12,73,5.976955890655518,0.06393671035766602,60788.0,5.594906330108643,623,1
StandardGSGP,5d30210f-ad37-11ef-88db-e4a8dfc2a9a8,efficiency_heating,12,74,5.955994129180908,0.07135915756225586,62476.0,5.580873966217041,635,1
StandardGSGP,5d30210f-ad37-11ef-88db-e4a8dfc2a9a8,efficiency_heating,12,75,5.950366973876953,0.0635519027709961,64226.0,5.5696797370910645,637,1
StandardGSGP,5d30210f-ad37-11ef-88db-e4a8dfc2a9a8,efficiency_heating,12,76,5.941430568695068,0.06972122192382812,65574.0,5.5658040046691895,651,1
StandardGSGP,5d30210f-ad37-11ef-88db-e4a8dfc2a9a8,efficiency_heating,12,77,5.9114990234375,0.06828641891479492,66616.0,5.5529375076293945,679,1
StandardGSGP,5d30210f-ad37-11ef-88db-e4a8dfc2a9a8,efficiency_heating,12,78,5.9052276611328125,0.06790733337402344,67820.0,5.535479545593262,665,1
StandardGSGP,5d30210f-ad37-11ef-88db-e4a8dfc2a9a8,efficiency_heating,12,79,5.871649265289307,0.06544208526611328,68650.0,5.541658878326416,707,1
StandardGSGP,5d30210f-ad37-11ef-88db-e4a8dfc2a9a8,efficiency_heating,12,80,5.864847660064697,0.06927180290222168,69816.0,5.527393817901611,693,1
StandardGSGP,5d30210f-ad37-11ef-88db-e4a8dfc2a9a8,efficiency_heating,12,81,5.846511363983154,0.06309080123901367,70682.0,5.4879045486450195,681,1
StandardGSGP,5d30210f-ad37-11ef-88db-e4a8dfc2a9a8,efficiency_heating,12,82,5.783809661865234,0.06400251388549805,71822.0,5.43729829788208,697,1
StandardGSGP,5d30210f-ad37-11ef-88db-e4a8dfc2a9a8,efficiency_heating,12,83,5.760636329650879,0.06429052352905273,72394.0,5.4228925704956055,705,1
StandardGSGP,5d30210f-ad37-11ef-88db-e4a8dfc2a9a8,efficiency_heating,12,84,5.748940944671631,0.06262087821960449,72642.0,5.404761791229248,711,1
StandardGSGP,5d30210f-ad37-11ef-88db-e4a8dfc2a9a8,efficiency_heating,12,85,5.711460590362549,0.062340497970581055,72846.0,5.393005847930908,743,1
StandardGSGP,5d30210f-ad37-11ef-88db-e4a8dfc2a9a8,efficiency_heating,12,86,5.62627649307251,0.07050681114196777,73388.0,5.26414155960083,725,1
StandardGSGP,5d30210f-ad37-11ef-88db-e4a8dfc2a9a8,efficiency_heating,12,87,5.625969409942627,0.0645132064819336,74436.0,5.264824867248535,735,1
StandardGSGP,5d30210f-ad37-11ef-88db-e4a8dfc2a9a8,efficiency_heating,12,88,5.613241672515869,0.062139034271240234,75112.0,5.251473903656006,743,1
StandardGSGP,5d30210f-ad37-11ef-88db-e4a8dfc2a9a8,efficiency_heating,12,89,5.599600315093994,0.06551003456115723,75530.0,5.245474815368652,751,1
StandardGSGP,5d30210f-ad37-11ef-88db-e4a8dfc2a9a8,efficiency_heating,12,90,5.575409889221191,0.06844687461853027,76002.0,5.233894348144531,757,1
StandardGSGP,5d30210f-ad37-11ef-88db-e4a8dfc2a9a8,efficiency_heating,12,91,5.568717002868652,0.06500792503356934,76938.0,5.231003284454346,763,1
StandardGSGP,5d30210f-ad37-11ef-88db-e4a8dfc2a9a8,efficiency_heating,12,92,5.5595879554748535,0.061509132385253906,77832.0,5.242821216583252,769,1
StandardGSGP,5d30210f-ad37-11ef-88db-e4a8dfc2a9a8,efficiency_heating,12,93,5.524287700653076,0.06351017951965332,78344.0,5.205451011657715,779,1
StandardGSGP,5d30210f-ad37-11ef-88db-e4a8dfc2a9a8,efficiency_heating,12,94,5.504267692565918,0.0630030632019043,78986.0,5.164365291595459,795,1
StandardGSGP,5d30210f-ad37-11ef-88db-e4a8dfc2a9a8,efficiency_heating,12,95,5.467050075531006,0.06363081932067871,79810.0,5.156789302825928,799,1
StandardGSGP,5d30210f-ad37-11ef-88db-e4a8dfc2a9a8,efficiency_heating,12,96,5.45835018157959,0.06350946426391602,80786.0,5.141068458557129,811,1
StandardGSGP,5d30210f-ad37-11ef-88db-e4a8dfc2a9a8,efficiency_heating,12,97,5.451467037200928,0.06343650817871094,81606.0,5.1361002922058105,813,1
StandardGSGP,5d30210f-ad37-11ef-88db-e4a8dfc2a9a8,efficiency_heating,12,98,5.435169696807861,0.06321430206298828,82428.0,5.141185283660889,831,1
StandardGSGP,5d30210f-ad37-11ef-88db-e4a8dfc2a9a8,efficiency_heating,12,99,5.431095123291016,0.0644066333770752,83296.0,5.133850574493408,839,1
StandardGSGP,5d30210f-ad37-11ef-88db-e4a8dfc2a9a8,efficiency_heating,12,100,5.412215232849121,0.05899858474731445,84506.0,5.109796524047852,861,1
