StandardGSGP,745253db-ad39-11ef-880a-e4a8dfc2a9a8,efficiency_cooling,18,0,0.1884317398071289,0.027371883392333984,588.0,0.18031226098537445,7,1
StandardGSGP,745253db-ad39-11ef-880a-e4a8dfc2a9a8,efficiency_cooling,18,1,0.16766288876533508,0.055518150329589844,1370.0,0.1622844785451889,13,1
StandardGSGP,745253db-ad39-11ef-880a-e4a8dfc2a9a8,efficiency_cooling,18,2,0.16766288876533508,0.05552101135253906,2234.0,0.1622844785451889,13,1
StandardGSGP,745253db-ad39-11ef-880a-e4a8dfc2a9a8,efficiency_cooling,18,3,0.16223157942295074,0.05699419975280762,3038.0,0.1566706746816635,25,1
StandardGSGP,745253db-ad39-11ef-880a-e4a8dfc2a9a8,efficiency_cooling,18,4,0.16223157942295074,0.06081366539001465,3854.0,0.1566706746816635,25,1
StandardGSGP,745253db-ad39-11ef-880a-e4a8dfc2a9a8,efficiency_cooling,18,5,0.1565597951412201,0.06051778793334961,4568.0,0.1472695767879486,33,1
StandardGSGP,745253db-ad39-11ef-880a-e4a8dfc2a9a8,efficiency_cooling,18,6,0.13128191232681274,0.062126874923706055,5234.0,0.13754060864448547,47,1
StandardGSGP,745253db-ad39-11ef-880a-e4a8dfc2a9a8,efficiency_cooling,18,7,0.13128191232681274,0.05953574180603027,5926.0,0.13754060864448547,47,1
StandardGSGP,745253db-ad39-11ef-880a-e4a8dfc2a9a8,efficiency_cooling,18,8,0.13128191232681274,0.060022592544555664,6604.0,0.13754060864448547,47,1
StandardGSGP,745253db-ad39-11ef-880a-e4a8dfc2a9a8,efficiency_cooling,18,9,0.13128191232681274,0.05860137939453125,7152.0,0.13754060864448547,47,1
StandardGSGP,745253db-ad39-11ef-880a-e4a8dfc2a9a8,efficiency_cooling,18,10,0.12745945155620575,0.05472111701965332,7830.0,0.13960829377174377,83,1
StandardGSGP,745253db-ad39-11ef-880a-e4a8dfc2a9a8,efficiency_cooling,18,11,0.1164964959025383,0.1303870677947998,8598.0,0.12662625312805176,89,1
StandardGSGP,745253db-ad39-11ef-880a-e4a8dfc2a9a8,efficiency_cooling,18,12,0.10834880918264389,0.056005239486694336,9464.0,0.11807981133460999,99,1
StandardGSGP,745253db-ad39-11ef-880a-e4a8dfc2a9a8,efficiency_cooling,18,13,0.10834880918264389,0.05658292770385742,10322.0,0.11807981133460999,99,1
StandardGSGP,745253db-ad39-11ef-880a-e4a8dfc2a9a8,efficiency_cooling,18,14,0.10834880918264389,0.05383706092834473,11240.0,0.11807981133460999,99,1
StandardGSGP,745253db-ad39-11ef-880a-e4a8dfc2a9a8,efficiency_cooling,18,15,0.09760748594999313,0.05552530288696289,12034.0,0.1046345978975296,125,1
StandardGSGP,745253db-ad39-11ef-880a-e4a8dfc2a9a8,efficiency_cooling,18,16,0.09760748594999313,0.06551361083984375,12750.0,0.1046345978975296,125,1
StandardGSGP,745253db-ad39-11ef-880a-e4a8dfc2a9a8,efficiency_cooling,18,17,0.09714143723249435,0.07686376571655273,13366.0,0.10334434360265732,135,1
StandardGSGP,745253db-ad39-11ef-880a-e4a8dfc2a9a8,efficiency_cooling,18,18,0.09714143723249435,0.05756092071533203,13816.0,0.10334434360265732,135,1
StandardGSGP,745253db-ad39-11ef-880a-e4a8dfc2a9a8,efficiency_cooling,18,19,0.09656695276498795,0.05550861358642578,14654.0,0.10274970531463623,141,1
StandardGSGP,745253db-ad39-11ef-880a-e4a8dfc2a9a8,efficiency_cooling,18,20,0.09656695276498795,0.05800318717956543,15314.0,0.10274970531463623,141,1
StandardGSGP,745253db-ad39-11ef-880a-e4a8dfc2a9a8,efficiency_cooling,18,21,0.09655484557151794,0.058357954025268555,16106.0,0.10273682326078415,151,1
StandardGSGP,745253db-ad39-11ef-880a-e4a8dfc2a9a8,efficiency_cooling,18,22,0.09540558606386185,0.055117130279541016,16772.0,0.101261205971241,151,1
StandardGSGP,745253db-ad39-11ef-880a-e4a8dfc2a9a8,efficiency_cooling,18,23,0.09540558606386185,0.05900001525878906,17606.0,0.101261205971241,151,1
StandardGSGP,745253db-ad39-11ef-880a-e4a8dfc2a9a8,efficiency_cooling,18,24,0.09540558606386185,0.055509328842163086,18442.0,0.101261205971241,151,1
StandardGSGP,745253db-ad39-11ef-880a-e4a8dfc2a9a8,efficiency_cooling,18,25,0.09508561342954636,0.06559419631958008,19160.0,0.10022135823965073,161,1
StandardGSGP,745253db-ad39-11ef-880a-e4a8dfc2a9a8,efficiency_cooling,18,26,0.09508561342954636,0.05692410469055176,19852.0,0.10022135823965073,161,1
StandardGSGP,745253db-ad39-11ef-880a-e4a8dfc2a9a8,efficiency_cooling,18,27,0.09508561342954636,0.05655932426452637,20850.0,0.10022135823965073,161,1
StandardGSGP,745253db-ad39-11ef-880a-e4a8dfc2a9a8,efficiency_cooling,18,28,0.09508561342954636,0.058747291564941406,21534.0,0.10022135823965073,161,1
StandardGSGP,745253db-ad39-11ef-880a-e4a8dfc2a9a8,efficiency_cooling,18,29,0.09432068467140198,0.058554887771606445,22212.0,0.09957063943147659,167,1
StandardGSGP,745253db-ad39-11ef-880a-e4a8dfc2a9a8,efficiency_cooling,18,30,0.09432068467140198,0.056585073471069336,23146.0,0.09957063943147659,167,1
StandardGSGP,745253db-ad39-11ef-880a-e4a8dfc2a9a8,efficiency_cooling,18,31,0.09432068467140198,0.054875850677490234,23818.0,0.09957063943147659,167,1
StandardGSGP,745253db-ad39-11ef-880a-e4a8dfc2a9a8,efficiency_cooling,18,32,0.09432068467140198,0.057279109954833984,24076.0,0.09957063943147659,167,1
StandardGSGP,745253db-ad39-11ef-880a-e4a8dfc2a9a8,efficiency_cooling,18,33,0.09432068467140198,0.05687093734741211,25174.0,0.09957063943147659,167,1
StandardGSGP,745253db-ad39-11ef-880a-e4a8dfc2a9a8,efficiency_cooling,18,34,0.09432068467140198,0.0607151985168457,25450.0,0.09957063943147659,167,1
StandardGSGP,745253db-ad39-11ef-880a-e4a8dfc2a9a8,efficiency_cooling,18,35,0.09432068467140198,0.05800032615661621,25586.0,0.09957063943147659,167,1
StandardGSGP,745253db-ad39-11ef-880a-e4a8dfc2a9a8,efficiency_cooling,18,36,0.09432068467140198,0.057523250579833984,26168.0,0.09957063943147659,167,1
StandardGSGP,745253db-ad39-11ef-880a-e4a8dfc2a9a8,efficiency_cooling,18,37,0.09432068467140198,0.05402183532714844,26228.0,0.09957063943147659,167,1
StandardGSGP,745253db-ad39-11ef-880a-e4a8dfc2a9a8,efficiency_cooling,18,38,0.09432068467140198,0.05599689483642578,26572.0,0.09957063943147659,167,1
StandardGSGP,745253db-ad39-11ef-880a-e4a8dfc2a9a8,efficiency_cooling,18,39,0.09432068467140198,0.05850839614868164,26642.0,0.09957063943147659,167,1
StandardGSGP,745253db-ad39-11ef-880a-e4a8dfc2a9a8,efficiency_cooling,18,40,0.09432068467140198,0.05899953842163086,26746.0,0.09957063943147659,167,1
StandardGSGP,745253db-ad39-11ef-880a-e4a8dfc2a9a8,efficiency_cooling,18,41,0.09432068467140198,0.0595552921295166,25888.0,0.09957063943147659,167,1
StandardGSGP,745253db-ad39-11ef-880a-e4a8dfc2a9a8,efficiency_cooling,18,42,0.09432068467140198,0.059508562088012695,25652.0,0.09957063943147659,167,1
StandardGSGP,745253db-ad39-11ef-880a-e4a8dfc2a9a8,efficiency_cooling,18,43,0.09432068467140198,0.058861494064331055,24988.0,0.09957063943147659,167,1
StandardGSGP,745253db-ad39-11ef-880a-e4a8dfc2a9a8,efficiency_cooling,18,44,0.09432068467140198,0.0585019588470459,24890.0,0.09957063943147659,167,1
StandardGSGP,745253db-ad39-11ef-880a-e4a8dfc2a9a8,efficiency_cooling,18,45,0.09432068467140198,0.06055092811584473,25676.0,0.09957063943147659,167,1
StandardGSGP,745253db-ad39-11ef-880a-e4a8dfc2a9a8,efficiency_cooling,18,46,0.09432068467140198,0.05750608444213867,27324.0,0.09957063943147659,167,1
StandardGSGP,745253db-ad39-11ef-880a-e4a8dfc2a9a8,efficiency_cooling,18,47,0.09432068467140198,0.057507991790771484,27246.0,0.09957063943147659,167,1
StandardGSGP,745253db-ad39-11ef-880a-e4a8dfc2a9a8,efficiency_cooling,18,48,0.09432068467140198,0.059003353118896484,27908.0,0.09957063943147659,167,1
StandardGSGP,745253db-ad39-11ef-880a-e4a8dfc2a9a8,efficiency_cooling,18,49,0.09432068467140198,0.05698704719543457,26154.0,0.09957063943147659,167,1
StandardGSGP,745253db-ad39-11ef-880a-e4a8dfc2a9a8,efficiency_cooling,18,50,0.09432068467140198,0.06159210205078125,25344.0,0.09957063943147659,167,1
StandardGSGP,745253db-ad39-11ef-880a-e4a8dfc2a9a8,efficiency_cooling,18,51,0.09432068467140198,0.060517311096191406,25072.0,0.09957063943147659,167,1
StandardGSGP,745253db-ad39-11ef-880a-e4a8dfc2a9a8,efficiency_cooling,18,52,0.09432068467140198,0.05852246284484863,25596.0,0.09957063943147659,167,1
StandardGSGP,745253db-ad39-11ef-880a-e4a8dfc2a9a8,efficiency_cooling,18,53,0.09432068467140198,0.05699920654296875,25170.0,0.09957063943147659,167,1
StandardGSGP,745253db-ad39-11ef-880a-e4a8dfc2a9a8,efficiency_cooling,18,54,0.0942535251379013,0.05534243583679199,24406.0,0.09937572479248047,177,1
StandardGSGP,745253db-ad39-11ef-880a-e4a8dfc2a9a8,efficiency_cooling,18,55,0.0942535251379013,0.06100201606750488,23580.0,0.09937572479248047,177,1
StandardGSGP,745253db-ad39-11ef-880a-e4a8dfc2a9a8,efficiency_cooling,18,56,0.0942535251379013,0.056578636169433594,22564.0,0.09937572479248047,177,1
StandardGSGP,745253db-ad39-11ef-880a-e4a8dfc2a9a8,efficiency_cooling,18,57,0.0942535251379013,0.056188106536865234,22542.0,0.09937572479248047,177,1
StandardGSGP,745253db-ad39-11ef-880a-e4a8dfc2a9a8,efficiency_cooling,18,58,0.0938296914100647,0.05499553680419922,22460.0,0.09858718514442444,185,1
StandardGSGP,745253db-ad39-11ef-880a-e4a8dfc2a9a8,efficiency_cooling,18,59,0.0938296914100647,0.05650639533996582,22712.0,0.09858718514442444,185,1
StandardGSGP,745253db-ad39-11ef-880a-e4a8dfc2a9a8,efficiency_cooling,18,60,0.0938296914100647,0.056581974029541016,23358.0,0.09858718514442444,185,1
StandardGSGP,745253db-ad39-11ef-880a-e4a8dfc2a9a8,efficiency_cooling,18,61,0.0938296914100647,0.05738091468811035,23862.0,0.09858718514442444,185,1
StandardGSGP,745253db-ad39-11ef-880a-e4a8dfc2a9a8,efficiency_cooling,18,62,0.0938296914100647,0.05965280532836914,23860.0,0.09858718514442444,185,1
StandardGSGP,745253db-ad39-11ef-880a-e4a8dfc2a9a8,efficiency_cooling,18,63,0.0938296914100647,0.061722755432128906,23880.0,0.09858718514442444,185,1
StandardGSGP,745253db-ad39-11ef-880a-e4a8dfc2a9a8,efficiency_cooling,18,64,0.0938296914100647,0.061528921127319336,24952.0,0.09858718514442444,185,1
StandardGSGP,745253db-ad39-11ef-880a-e4a8dfc2a9a8,efficiency_cooling,18,65,0.09313890337944031,0.06423544883728027,26434.0,0.09837944805622101,191,1
StandardGSGP,745253db-ad39-11ef-880a-e4a8dfc2a9a8,efficiency_cooling,18,66,0.09313890337944031,0.05981588363647461,26404.0,0.09837944805622101,191,1
StandardGSGP,745253db-ad39-11ef-880a-e4a8dfc2a9a8,efficiency_cooling,18,67,0.09313890337944031,0.05604100227355957,25630.0,0.09837944805622101,191,1
StandardGSGP,745253db-ad39-11ef-880a-e4a8dfc2a9a8,efficiency_cooling,18,68,0.09313890337944031,0.05965304374694824,25814.0,0.09837944805622101,191,1
StandardGSGP,745253db-ad39-11ef-880a-e4a8dfc2a9a8,efficiency_cooling,18,69,0.09313890337944031,0.05458331108093262,25680.0,0.09837944805622101,191,1
StandardGSGP,745253db-ad39-11ef-880a-e4a8dfc2a9a8,efficiency_cooling,18,70,0.09313890337944031,0.05245041847229004,25448.0,0.09837944805622101,191,1
StandardGSGP,745253db-ad39-11ef-880a-e4a8dfc2a9a8,efficiency_cooling,18,71,0.09313890337944031,0.05481076240539551,26314.0,0.09837944805622101,191,1
StandardGSGP,745253db-ad39-11ef-880a-e4a8dfc2a9a8,efficiency_cooling,18,72,0.09313890337944031,0.05600762367248535,25890.0,0.09837944805622101,191,1
StandardGSGP,745253db-ad39-11ef-880a-e4a8dfc2a9a8,efficiency_cooling,18,73,0.09313890337944031,0.05964469909667969,26012.0,0.09837944805622101,191,1
StandardGSGP,745253db-ad39-11ef-880a-e4a8dfc2a9a8,efficiency_cooling,18,74,0.09313890337944031,0.05910921096801758,26982.0,0.09837944805622101,191,1
StandardGSGP,745253db-ad39-11ef-880a-e4a8dfc2a9a8,efficiency_cooling,18,75,0.09313890337944031,0.0564117431640625,27090.0,0.09837944805622101,191,1
StandardGSGP,745253db-ad39-11ef-880a-e4a8dfc2a9a8,efficiency_cooling,18,76,0.09313890337944031,0.05611896514892578,29832.0,0.09837944805622101,191,1
StandardGSGP,745253db-ad39-11ef-880a-e4a8dfc2a9a8,efficiency_cooling,18,77,0.09313890337944031,0.056908607482910156,30700.0,0.09837944805622101,191,1
StandardGSGP,745253db-ad39-11ef-880a-e4a8dfc2a9a8,efficiency_cooling,18,78,0.09313890337944031,0.053507089614868164,28600.0,0.09837944805622101,191,1
StandardGSGP,745253db-ad39-11ef-880a-e4a8dfc2a9a8,efficiency_cooling,18,79,0.09313890337944031,0.13019680976867676,28588.0,0.09837944805622101,191,1
StandardGSGP,745253db-ad39-11ef-880a-e4a8dfc2a9a8,efficiency_cooling,18,80,0.09313890337944031,0.05382370948791504,28712.0,0.09837944805622101,191,1
StandardGSGP,745253db-ad39-11ef-880a-e4a8dfc2a9a8,efficiency_cooling,18,81,0.09313890337944031,0.05887556076049805,27776.0,0.09837944805622101,191,1
StandardGSGP,745253db-ad39-11ef-880a-e4a8dfc2a9a8,efficiency_cooling,18,82,0.09313890337944031,0.06156134605407715,28378.0,0.09837944805622101,191,1
StandardGSGP,745253db-ad39-11ef-880a-e4a8dfc2a9a8,efficiency_cooling,18,83,0.09287349879741669,0.05951046943664551,27882.0,0.09767422825098038,197,1
StandardGSGP,745253db-ad39-11ef-880a-e4a8dfc2a9a8,efficiency_cooling,18,84,0.09287349879741669,0.059253692626953125,27172.0,0.09767422825098038,197,1
StandardGSGP,745253db-ad39-11ef-880a-e4a8dfc2a9a8,efficiency_cooling,18,85,0.09287349879741669,0.05750775337219238,27338.0,0.09767422825098038,197,1
StandardGSGP,745253db-ad39-11ef-880a-e4a8dfc2a9a8,efficiency_cooling,18,86,0.09287349879741669,0.0556635856628418,27534.0,0.09767422825098038,197,1
StandardGSGP,745253db-ad39-11ef-880a-e4a8dfc2a9a8,efficiency_cooling,18,87,0.09287349879741669,0.060965776443481445,26874.0,0.09767422825098038,197,1
StandardGSGP,745253db-ad39-11ef-880a-e4a8dfc2a9a8,efficiency_cooling,18,88,0.09287349879741669,0.057523488998413086,27836.0,0.09767422825098038,197,1
StandardGSGP,745253db-ad39-11ef-880a-e4a8dfc2a9a8,efficiency_cooling,18,89,0.09287349879741669,0.060996055603027344,27472.0,0.09767422825098038,197,1
StandardGSGP,745253db-ad39-11ef-880a-e4a8dfc2a9a8,efficiency_cooling,18,90,0.09287349879741669,0.05550813674926758,28020.0,0.09767422825098038,197,1
StandardGSGP,745253db-ad39-11ef-880a-e4a8dfc2a9a8,efficiency_cooling,18,91,0.09287349879741669,0.05600166320800781,27814.0,0.09767422825098038,197,1
StandardGSGP,745253db-ad39-11ef-880a-e4a8dfc2a9a8,efficiency_cooling,18,92,0.09287349879741669,0.05550980567932129,27538.0,0.09767422825098038,197,1
StandardGSGP,745253db-ad39-11ef-880a-e4a8dfc2a9a8,efficiency_cooling,18,93,0.09287349879741669,0.05850958824157715,27052.0,0.09767422825098038,197,1
StandardGSGP,745253db-ad39-11ef-880a-e4a8dfc2a9a8,efficiency_cooling,18,94,0.09287349879741669,0.06429052352905273,27414.0,0.09767422825098038,197,1
StandardGSGP,745253db-ad39-11ef-880a-e4a8dfc2a9a8,efficiency_cooling,18,95,0.09287349879741669,0.06043291091918945,27496.0,0.09767422825098038,197,1
StandardGSGP,745253db-ad39-11ef-880a-e4a8dfc2a9a8,efficiency_cooling,18,96,0.09287349879741669,0.052825212478637695,27994.0,0.09767422825098038,197,1
StandardGSGP,745253db-ad39-11ef-880a-e4a8dfc2a9a8,efficiency_cooling,18,97,0.09287349879741669,0.058504343032836914,27928.0,0.09767422825098038,197,1
StandardGSGP,745253db-ad39-11ef-880a-e4a8dfc2a9a8,efficiency_cooling,18,98,0.09287349879741669,0.05756521224975586,27792.0,0.09767422825098038,197,1
StandardGSGP,745253db-ad39-11ef-880a-e4a8dfc2a9a8,efficiency_cooling,18,99,0.09287349879741669,0.056243896484375,27382.0,0.09767422825098038,197,1
StandardGSGP,745253db-ad39-11ef-880a-e4a8dfc2a9a8,efficiency_cooling,18,100,0.09286540746688843,0.05584454536437988,28110.0,0.09767913073301315,203,1
StandardGSGP,eb43a67e-ad39-11ef-a730-e4a8dfc2a9a8,efficiency_cooling,18,0,10.236493110656738,0.03899073600769043,908.0,9.172005653381348,3,1
StandardGSGP,eb43a67e-ad39-11ef-a730-e4a8dfc2a9a8,efficiency_cooling,18,1,9.724849700927734,0.06569170951843262,1580.0,8.720199584960938,9,1
StandardGSGP,eb43a67e-ad39-11ef-a730-e4a8dfc2a9a8,efficiency_cooling,18,2,9.601597785949707,0.06995820999145508,2284.0,8.613984107971191,21,1
StandardGSGP,eb43a67e-ad39-11ef-a730-e4a8dfc2a9a8,efficiency_cooling,18,3,9.202890396118164,0.06737089157104492,3012.0,8.277369499206543,33,1
StandardGSGP,eb43a67e-ad39-11ef-a730-e4a8dfc2a9a8,efficiency_cooling,18,4,9.202890396118164,0.06451630592346191,3650.0,8.277369499206543,33,1
StandardGSGP,eb43a67e-ad39-11ef-a730-e4a8dfc2a9a8,efficiency_cooling,18,5,9.122900009155273,0.059996604919433594,4496.0,8.208230972290039,47,1
StandardGSGP,eb43a67e-ad39-11ef-a730-e4a8dfc2a9a8,efficiency_cooling,18,6,9.046833038330078,0.077972412109375,5534.0,8.151371955871582,39,1
StandardGSGP,eb43a67e-ad39-11ef-a730-e4a8dfc2a9a8,efficiency_cooling,18,7,8.680365562438965,0.07453608512878418,6170.0,7.883225440979004,59,1
StandardGSGP,eb43a67e-ad39-11ef-a730-e4a8dfc2a9a8,efficiency_cooling,18,8,8.672239303588867,0.06651115417480469,6828.0,7.877799987792969,83,1
StandardGSGP,eb43a67e-ad39-11ef-a730-e4a8dfc2a9a8,efficiency_cooling,18,9,8.388408660888672,0.06728553771972656,7828.0,7.689976215362549,75,1
StandardGSGP,eb43a67e-ad39-11ef-a730-e4a8dfc2a9a8,efficiency_cooling,18,10,8.297343254089355,0.06651759147644043,8606.0,7.608924865722656,91,1
StandardGSGP,eb43a67e-ad39-11ef-a730-e4a8dfc2a9a8,efficiency_cooling,18,11,8.11634349822998,0.06904363632202148,9608.0,7.551247596740723,97,1
StandardGSGP,eb43a67e-ad39-11ef-a730-e4a8dfc2a9a8,efficiency_cooling,18,12,7.94014835357666,0.0722205638885498,10522.0,7.379280090332031,97,1
StandardGSGP,eb43a67e-ad39-11ef-a730-e4a8dfc2a9a8,efficiency_cooling,18,13,7.882533073425293,0.0685117244720459,11562.0,7.426039695739746,127,1
StandardGSGP,eb43a67e-ad39-11ef-a730-e4a8dfc2a9a8,efficiency_cooling,18,14,7.792314529418945,0.07822322845458984,12404.0,7.230776786804199,117,1
StandardGSGP,eb43a67e-ad39-11ef-a730-e4a8dfc2a9a8,efficiency_cooling,18,15,7.618704319000244,0.0699615478515625,13404.0,7.1313605308532715,117,1
StandardGSGP,eb43a67e-ad39-11ef-a730-e4a8dfc2a9a8,efficiency_cooling,18,16,7.490695953369141,0.07195734977722168,14020.0,7.047760009765625,135,1
StandardGSGP,eb43a67e-ad39-11ef-a730-e4a8dfc2a9a8,efficiency_cooling,18,17,7.401240825653076,0.07238268852233887,13996.0,6.9985809326171875,137,1
StandardGSGP,eb43a67e-ad39-11ef-a730-e4a8dfc2a9a8,efficiency_cooling,18,18,7.366099834442139,0.06690406799316406,14800.0,7.036343097686768,159,1
StandardGSGP,eb43a67e-ad39-11ef-a730-e4a8dfc2a9a8,efficiency_cooling,18,19,7.25136137008667,0.0648949146270752,15684.0,7.018616199493408,155,1
StandardGSGP,eb43a67e-ad39-11ef-a730-e4a8dfc2a9a8,efficiency_cooling,18,20,7.25136137008667,0.06660223007202148,16572.0,7.018616199493408,155,1
StandardGSGP,eb43a67e-ad39-11ef-a730-e4a8dfc2a9a8,efficiency_cooling,18,21,7.1320576667785645,0.0645143985748291,17540.0,6.833926677703857,177,1
StandardGSGP,eb43a67e-ad39-11ef-a730-e4a8dfc2a9a8,efficiency_cooling,18,22,7.116550922393799,0.0670022964477539,18346.0,6.842261791229248,185,1
StandardGSGP,eb43a67e-ad39-11ef-a730-e4a8dfc2a9a8,efficiency_cooling,18,23,7.0791521072387695,0.06450724601745605,18876.0,6.902472019195557,199,1
StandardGSGP,eb43a67e-ad39-11ef-a730-e4a8dfc2a9a8,efficiency_cooling,18,24,7.079076766967773,0.06722331047058105,19838.0,6.903059005737305,205,1
StandardGSGP,eb43a67e-ad39-11ef-a730-e4a8dfc2a9a8,efficiency_cooling,18,25,7.047543525695801,0.06576728820800781,21086.0,6.792666435241699,209,1
StandardGSGP,eb43a67e-ad39-11ef-a730-e4a8dfc2a9a8,efficiency_cooling,18,26,6.974502086639404,0.0630185604095459,22064.0,6.799331188201904,219,1
StandardGSGP,eb43a67e-ad39-11ef-a730-e4a8dfc2a9a8,efficiency_cooling,18,27,6.931648254394531,0.06350994110107422,22894.0,6.795783042907715,221,1
StandardGSGP,eb43a67e-ad39-11ef-a730-e4a8dfc2a9a8,efficiency_cooling,18,28,6.921723365783691,0.1367180347442627,23778.0,6.8524956703186035,229,1
StandardGSGP,eb43a67e-ad39-11ef-a730-e4a8dfc2a9a8,efficiency_cooling,18,29,6.917916297912598,0.06051349639892578,24500.0,6.846241474151611,241,1
StandardGSGP,eb43a67e-ad39-11ef-a730-e4a8dfc2a9a8,efficiency_cooling,18,30,6.856843948364258,0.06075787544250488,25088.0,6.799264907836914,249,1
StandardGSGP,eb43a67e-ad39-11ef-a730-e4a8dfc2a9a8,efficiency_cooling,18,31,6.851914882659912,0.06357598304748535,25832.0,6.723455429077148,255,1
StandardGSGP,eb43a67e-ad39-11ef-a730-e4a8dfc2a9a8,efficiency_cooling,18,32,6.835940837860107,0.06732559204101562,26618.0,6.7619452476501465,257,1
StandardGSGP,eb43a67e-ad39-11ef-a730-e4a8dfc2a9a8,efficiency_cooling,18,33,6.777297019958496,0.06371259689331055,27346.0,6.625178813934326,261,1
StandardGSGP,eb43a67e-ad39-11ef-a730-e4a8dfc2a9a8,efficiency_cooling,18,34,6.69166898727417,0.06451535224914551,28098.0,6.48429012298584,275,1
StandardGSGP,eb43a67e-ad39-11ef-a730-e4a8dfc2a9a8,efficiency_cooling,18,35,6.672358512878418,0.06209516525268555,28676.0,6.491893768310547,283,1
StandardGSGP,eb43a67e-ad39-11ef-a730-e4a8dfc2a9a8,efficiency_cooling,18,36,6.650668144226074,0.06244158744812012,29232.0,6.508876323699951,291,1
StandardGSGP,eb43a67e-ad39-11ef-a730-e4a8dfc2a9a8,efficiency_cooling,18,37,6.620998859405518,0.06251049041748047,29826.0,6.5919413566589355,297,1
StandardGSGP,eb43a67e-ad39-11ef-a730-e4a8dfc2a9a8,efficiency_cooling,18,38,6.598744869232178,0.06550955772399902,30752.0,6.468574047088623,309,1
StandardGSGP,eb43a67e-ad39-11ef-a730-e4a8dfc2a9a8,efficiency_cooling,18,39,6.526898384094238,0.05999588966369629,31592.0,6.479480266571045,317,1
StandardGSGP,eb43a67e-ad39-11ef-a730-e4a8dfc2a9a8,efficiency_cooling,18,40,6.467034816741943,0.0671987533569336,32598.0,6.421061038970947,321,1
StandardGSGP,eb43a67e-ad39-11ef-a730-e4a8dfc2a9a8,efficiency_cooling,18,41,6.467034816741943,0.06550931930541992,33534.0,6.421061038970947,321,1
StandardGSGP,eb43a67e-ad39-11ef-a730-e4a8dfc2a9a8,efficiency_cooling,18,42,6.435531139373779,0.06199479103088379,34118.0,6.291584491729736,349,1
StandardGSGP,eb43a67e-ad39-11ef-a730-e4a8dfc2a9a8,efficiency_cooling,18,43,6.392038345336914,0.06450867652893066,34774.0,6.3443121910095215,363,1
StandardGSGP,eb43a67e-ad39-11ef-a730-e4a8dfc2a9a8,efficiency_cooling,18,44,6.369100093841553,0.06650757789611816,35794.0,6.353717803955078,341,1
StandardGSGP,eb43a67e-ad39-11ef-a730-e4a8dfc2a9a8,efficiency_cooling,18,45,6.359340190887451,0.0650022029876709,36838.0,6.321895599365234,375,1
StandardGSGP,eb43a67e-ad39-11ef-a730-e4a8dfc2a9a8,efficiency_cooling,18,46,6.277795791625977,0.06438469886779785,37648.0,6.28898286819458,379,1
StandardGSGP,eb43a67e-ad39-11ef-a730-e4a8dfc2a9a8,efficiency_cooling,18,47,6.272830009460449,0.06689262390136719,38218.0,6.281097888946533,385,1
StandardGSGP,eb43a67e-ad39-11ef-a730-e4a8dfc2a9a8,efficiency_cooling,18,48,6.223751068115234,0.06299901008605957,39006.0,6.208960056304932,385,1
StandardGSGP,eb43a67e-ad39-11ef-a730-e4a8dfc2a9a8,efficiency_cooling,18,49,6.220926761627197,0.06461834907531738,40172.0,6.275709629058838,407,1
StandardGSGP,eb43a67e-ad39-11ef-a730-e4a8dfc2a9a8,efficiency_cooling,18,50,6.187062740325928,0.06267952919006348,41034.0,6.208029747009277,411,1
StandardGSGP,eb43a67e-ad39-11ef-a730-e4a8dfc2a9a8,efficiency_cooling,18,51,6.148528575897217,0.06399917602539062,41952.0,6.367786884307861,425,1
StandardGSGP,eb43a67e-ad39-11ef-a730-e4a8dfc2a9a8,efficiency_cooling,18,52,6.1294355392456055,0.06551027297973633,42532.0,6.310630798339844,435,1
StandardGSGP,eb43a67e-ad39-11ef-a730-e4a8dfc2a9a8,efficiency_cooling,18,53,6.083482265472412,0.06423497200012207,43598.0,6.25618839263916,433,1
StandardGSGP,eb43a67e-ad39-11ef-a730-e4a8dfc2a9a8,efficiency_cooling,18,54,6.056920051574707,0.06637787818908691,44406.0,6.177984237670898,443,1
StandardGSGP,eb43a67e-ad39-11ef-a730-e4a8dfc2a9a8,efficiency_cooling,18,55,6.043790817260742,0.0663144588470459,45708.0,6.167876720428467,451,1
StandardGSGP,eb43a67e-ad39-11ef-a730-e4a8dfc2a9a8,efficiency_cooling,18,56,6.020364761352539,0.06249499320983887,46582.0,6.181133270263672,461,1
StandardGSGP,eb43a67e-ad39-11ef-a730-e4a8dfc2a9a8,efficiency_cooling,18,57,5.914691925048828,0.06453919410705566,47060.0,6.1662278175354,477,1
StandardGSGP,eb43a67e-ad39-11ef-a730-e4a8dfc2a9a8,efficiency_cooling,18,58,5.912672996520996,0.06691479682922363,47734.0,6.16532039642334,487,1
StandardGSGP,eb43a67e-ad39-11ef-a730-e4a8dfc2a9a8,efficiency_cooling,18,59,5.8982133865356445,0.07051205635070801,48878.0,6.027365207672119,501,1
StandardGSGP,eb43a67e-ad39-11ef-a730-e4a8dfc2a9a8,efficiency_cooling,18,60,5.857405185699463,0.06300759315490723,50214.0,6.023497104644775,503,1
StandardGSGP,eb43a67e-ad39-11ef-a730-e4a8dfc2a9a8,efficiency_cooling,18,61,5.83918571472168,0.05887126922607422,51376.0,6.017308235168457,513,1
StandardGSGP,eb43a67e-ad39-11ef-a730-e4a8dfc2a9a8,efficiency_cooling,18,62,5.736699104309082,0.0605015754699707,52114.0,6.027525901794434,517,1
StandardGSGP,eb43a67e-ad39-11ef-a730-e4a8dfc2a9a8,efficiency_cooling,18,63,5.726478099822998,0.06299829483032227,52890.0,5.949435234069824,527,1
StandardGSGP,eb43a67e-ad39-11ef-a730-e4a8dfc2a9a8,efficiency_cooling,18,64,5.6649322509765625,0.06356120109558105,53770.0,5.782942771911621,543,1
StandardGSGP,eb43a67e-ad39-11ef-a730-e4a8dfc2a9a8,efficiency_cooling,18,65,5.646611213684082,0.07421326637268066,54590.0,5.845788478851318,557,1
StandardGSGP,eb43a67e-ad39-11ef-a730-e4a8dfc2a9a8,efficiency_cooling,18,66,5.646611213684082,0.06773567199707031,55232.0,5.845788478851318,557,1
StandardGSGP,eb43a67e-ad39-11ef-a730-e4a8dfc2a9a8,efficiency_cooling,18,67,5.628804683685303,0.06279230117797852,56358.0,5.792727947235107,569,1
StandardGSGP,eb43a67e-ad39-11ef-a730-e4a8dfc2a9a8,efficiency_cooling,18,68,5.628804683685303,0.06590747833251953,57430.0,5.792727947235107,569,1
StandardGSGP,eb43a67e-ad39-11ef-a730-e4a8dfc2a9a8,efficiency_cooling,18,69,5.617150783538818,0.06299924850463867,58492.0,5.812620162963867,587,1
StandardGSGP,eb43a67e-ad39-11ef-a730-e4a8dfc2a9a8,efficiency_cooling,18,70,5.564355373382568,0.06504464149475098,59198.0,5.841894626617432,595,1
StandardGSGP,eb43a67e-ad39-11ef-a730-e4a8dfc2a9a8,efficiency_cooling,18,71,5.535763263702393,0.07147979736328125,59914.0,5.6949143409729,607,1
StandardGSGP,eb43a67e-ad39-11ef-a730-e4a8dfc2a9a8,efficiency_cooling,18,72,5.535732269287109,0.07105827331542969,60740.0,5.694881439208984,613,1
StandardGSGP,eb43a67e-ad39-11ef-a730-e4a8dfc2a9a8,efficiency_cooling,18,73,5.465783596038818,0.07680130004882812,61806.0,5.780582904815674,621,1
StandardGSGP,eb43a67e-ad39-11ef-a730-e4a8dfc2a9a8,efficiency_cooling,18,74,5.446197986602783,0.06719040870666504,62674.0,5.69643497467041,627,1
StandardGSGP,eb43a67e-ad39-11ef-a730-e4a8dfc2a9a8,efficiency_cooling,18,75,5.43954610824585,0.06400346755981445,63488.0,5.7127203941345215,641,1
StandardGSGP,eb43a67e-ad39-11ef-a730-e4a8dfc2a9a8,efficiency_cooling,18,76,5.428778171539307,0.06408882141113281,64260.0,5.67466926574707,653,1
StandardGSGP,eb43a67e-ad39-11ef-a730-e4a8dfc2a9a8,efficiency_cooling,18,77,5.381259441375732,0.06519937515258789,65228.0,5.6348724365234375,647,1
StandardGSGP,eb43a67e-ad39-11ef-a730-e4a8dfc2a9a8,efficiency_cooling,18,78,5.366471767425537,0.06845641136169434,66310.0,5.708664417266846,677,1
StandardGSGP,eb43a67e-ad39-11ef-a730-e4a8dfc2a9a8,efficiency_cooling,18,79,5.325343608856201,0.06899333000183105,67528.0,5.501864433288574,673,1
StandardGSGP,eb43a67e-ad39-11ef-a730-e4a8dfc2a9a8,efficiency_cooling,18,80,5.321026802062988,0.06357002258300781,68722.0,5.5163679122924805,681,1
StandardGSGP,eb43a67e-ad39-11ef-a730-e4a8dfc2a9a8,efficiency_cooling,18,81,5.301472187042236,0.0687706470489502,69776.0,5.497393608093262,707,1
StandardGSGP,eb43a67e-ad39-11ef-a730-e4a8dfc2a9a8,efficiency_cooling,18,82,5.301205635070801,0.07085442543029785,70588.0,5.489444255828857,715,1
StandardGSGP,eb43a67e-ad39-11ef-a730-e4a8dfc2a9a8,efficiency_cooling,18,83,5.22169303894043,0.06993365287780762,71334.0,5.54328727722168,709,1
StandardGSGP,eb43a67e-ad39-11ef-a730-e4a8dfc2a9a8,efficiency_cooling,18,84,5.206386566162109,0.06312727928161621,72180.0,5.4954705238342285,715,1
StandardGSGP,eb43a67e-ad39-11ef-a730-e4a8dfc2a9a8,efficiency_cooling,18,85,5.1977925300598145,0.06599855422973633,73018.0,5.448502063751221,723,1
StandardGSGP,eb43a67e-ad39-11ef-a730-e4a8dfc2a9a8,efficiency_cooling,18,86,5.183276176452637,0.07206034660339355,73640.0,5.4312825202941895,729,1
StandardGSGP,eb43a67e-ad39-11ef-a730-e4a8dfc2a9a8,efficiency_cooling,18,87,5.163106918334961,0.0645146369934082,73934.0,5.398923873901367,735,1
StandardGSGP,eb43a67e-ad39-11ef-a730-e4a8dfc2a9a8,efficiency_cooling,18,88,5.149247646331787,0.07100033760070801,74584.0,5.3988871574401855,741,1
StandardGSGP,eb43a67e-ad39-11ef-a730-e4a8dfc2a9a8,efficiency_cooling,18,89,5.132503032684326,0.07460355758666992,75242.0,5.3609232902526855,747,1
StandardGSGP,eb43a67e-ad39-11ef-a730-e4a8dfc2a9a8,efficiency_cooling,18,90,5.029735565185547,0.06861758232116699,76042.0,5.234798908233643,769,1
StandardGSGP,eb43a67e-ad39-11ef-a730-e4a8dfc2a9a8,efficiency_cooling,18,91,5.029735565185547,0.07350897789001465,76814.0,5.234798908233643,769,1
StandardGSGP,eb43a67e-ad39-11ef-a730-e4a8dfc2a9a8,efficiency_cooling,18,92,5.018780708312988,0.1455087661743164,77586.0,5.252567291259766,789,1
StandardGSGP,eb43a67e-ad39-11ef-a730-e4a8dfc2a9a8,efficiency_cooling,18,93,5.016892433166504,0.07277822494506836,78834.0,5.253929615020752,813,1
StandardGSGP,eb43a67e-ad39-11ef-a730-e4a8dfc2a9a8,efficiency_cooling,18,94,4.991396903991699,0.06942033767700195,80276.0,5.231776237487793,811,1
StandardGSGP,eb43a67e-ad39-11ef-a730-e4a8dfc2a9a8,efficiency_cooling,18,95,4.989780426025391,0.0657052993774414,81516.0,5.308303356170654,813,1
StandardGSGP,eb43a67e-ad39-11ef-a730-e4a8dfc2a9a8,efficiency_cooling,18,96,4.9342427253723145,0.06552958488464355,82568.0,5.184410572052002,839,1
StandardGSGP,eb43a67e-ad39-11ef-a730-e4a8dfc2a9a8,efficiency_cooling,18,97,4.934199810028076,0.0665140151977539,83438.0,5.185390949249268,847,1
StandardGSGP,eb43a67e-ad39-11ef-a730-e4a8dfc2a9a8,efficiency_cooling,18,98,4.914248466491699,0.07027983665466309,84516.0,5.153787612915039,863,1
StandardGSGP,eb43a67e-ad39-11ef-a730-e4a8dfc2a9a8,efficiency_cooling,18,99,4.9063544273376465,0.06435704231262207,86074.0,5.181972026824951,853,1
StandardGSGP,eb43a67e-ad39-11ef-a730-e4a8dfc2a9a8,efficiency_cooling,18,100,4.863636493682861,0.06832575798034668,87198.0,5.173367023468018,861,1
