StandardGSGP,6d0204b0-ad39-11ef-9f19-e4a8dfc2a9a8,efficiency_cooling,16,0,0.20761169493198395,0.02750420570373535,596.0,0.19294163584709167,3,1
StandardGSGP,6d0204b0-ad39-11ef-9f19-e4a8dfc2a9a8,efficiency_cooling,16,1,0.19302210211753845,0.05600118637084961,1350.0,0.18312492966651917,27,1
StandardGSGP,6d0204b0-ad39-11ef-9f19-e4a8dfc2a9a8,efficiency_cooling,16,2,0.13330674171447754,0.055504798889160156,2264.0,0.11814223229885101,21,1
StandardGSGP,6d0204b0-ad39-11ef-9f19-e4a8dfc2a9a8,efficiency_cooling,16,3,0.13330674171447754,0.06497812271118164,3192.0,0.11814223229885101,21,1
StandardGSGP,6d0204b0-ad39-11ef-9f19-e4a8dfc2a9a8,efficiency_cooling,16,4,0.13330674171447754,0.06156158447265625,3970.0,0.11814223229885101,21,1
StandardGSGP,6d0204b0-ad39-11ef-9f19-e4a8dfc2a9a8,efficiency_cooling,16,5,0.13330674171447754,0.05601382255554199,4552.0,0.11814223229885101,21,1
StandardGSGP,6d0204b0-ad39-11ef-9f19-e4a8dfc2a9a8,efficiency_cooling,16,6,0.12963522970676422,0.0566401481628418,5350.0,0.11183173209428787,49,1
StandardGSGP,6d0204b0-ad39-11ef-9f19-e4a8dfc2a9a8,efficiency_cooling,16,7,0.12421057373285294,0.06199789047241211,5924.0,0.10795021057128906,45,1
StandardGSGP,6d0204b0-ad39-11ef-9f19-e4a8dfc2a9a8,efficiency_cooling,16,8,0.12155889719724655,0.057517290115356445,6334.0,0.10646697133779526,55,1
StandardGSGP,6d0204b0-ad39-11ef-9f19-e4a8dfc2a9a8,efficiency_cooling,16,9,0.12071153521537781,0.05800366401672363,6866.0,0.11358920484781265,63,1
StandardGSGP,6d0204b0-ad39-11ef-9f19-e4a8dfc2a9a8,efficiency_cooling,16,10,0.112571582198143,0.05550718307495117,7408.0,0.10777615010738373,65,1
StandardGSGP,6d0204b0-ad39-11ef-9f19-e4a8dfc2a9a8,efficiency_cooling,16,11,0.112571582198143,0.05651140213012695,8236.0,0.10777615010738373,65,1
StandardGSGP,6d0204b0-ad39-11ef-9f19-e4a8dfc2a9a8,efficiency_cooling,16,12,0.11204585433006287,0.055998802185058594,8972.0,0.10342918336391449,73,1
StandardGSGP,6d0204b0-ad39-11ef-9f19-e4a8dfc2a9a8,efficiency_cooling,16,13,0.11204585433006287,0.06150937080383301,9624.0,0.10342918336391449,73,1
StandardGSGP,6d0204b0-ad39-11ef-9f19-e4a8dfc2a9a8,efficiency_cooling,16,14,0.11094603687524796,0.059461355209350586,10174.0,0.10198910534381866,83,1
StandardGSGP,6d0204b0-ad39-11ef-9f19-e4a8dfc2a9a8,efficiency_cooling,16,15,0.10828201472759247,0.054270267486572266,10254.0,0.10049539804458618,83,1
StandardGSGP,6d0204b0-ad39-11ef-9f19-e4a8dfc2a9a8,efficiency_cooling,16,16,0.10793773084878922,0.05604720115661621,10952.0,0.09946504235267639,91,1
StandardGSGP,6d0204b0-ad39-11ef-9f19-e4a8dfc2a9a8,efficiency_cooling,16,17,0.1073676273226738,0.05979800224304199,11324.0,0.10281368345022202,89,1
StandardGSGP,6d0204b0-ad39-11ef-9f19-e4a8dfc2a9a8,efficiency_cooling,16,18,0.10670583695173264,0.059731483459472656,11630.0,0.10061965137720108,119,1
StandardGSGP,6d0204b0-ad39-11ef-9f19-e4a8dfc2a9a8,efficiency_cooling,16,19,0.10670583695173264,0.05559277534484863,12126.0,0.10061965137720108,119,1
StandardGSGP,6d0204b0-ad39-11ef-9f19-e4a8dfc2a9a8,efficiency_cooling,16,20,0.10670583695173264,0.06051921844482422,12656.0,0.10061965137720108,119,1
StandardGSGP,6d0204b0-ad39-11ef-9f19-e4a8dfc2a9a8,efficiency_cooling,16,21,0.10670583695173264,0.06935834884643555,13204.0,0.10061965137720108,119,1
StandardGSGP,6d0204b0-ad39-11ef-9f19-e4a8dfc2a9a8,efficiency_cooling,16,22,0.10670016705989838,0.0653376579284668,14174.0,0.10061249881982803,129,1
StandardGSGP,6d0204b0-ad39-11ef-9f19-e4a8dfc2a9a8,efficiency_cooling,16,23,0.10670016705989838,0.05952191352844238,15080.0,0.10061249881982803,129,1
StandardGSGP,6d0204b0-ad39-11ef-9f19-e4a8dfc2a9a8,efficiency_cooling,16,24,0.10670016705989838,0.05451560020446777,15858.0,0.10061249881982803,129,1
StandardGSGP,6d0204b0-ad39-11ef-9f19-e4a8dfc2a9a8,efficiency_cooling,16,25,0.10670016705989838,0.05801749229431152,16624.0,0.10061249881982803,129,1
StandardGSGP,6d0204b0-ad39-11ef-9f19-e4a8dfc2a9a8,efficiency_cooling,16,26,0.10670016705989838,0.05527472496032715,17440.0,0.10061249881982803,129,1
StandardGSGP,6d0204b0-ad39-11ef-9f19-e4a8dfc2a9a8,efficiency_cooling,16,27,0.10670016705989838,0.13435721397399902,18258.0,0.10061249881982803,129,1
StandardGSGP,6d0204b0-ad39-11ef-9f19-e4a8dfc2a9a8,efficiency_cooling,16,28,0.10670016705989838,0.05552387237548828,19034.0,0.10061249881982803,129,1
StandardGSGP,6d0204b0-ad39-11ef-9f19-e4a8dfc2a9a8,efficiency_cooling,16,29,0.10670016705989838,0.057996273040771484,19442.0,0.10061249881982803,129,1
StandardGSGP,6d0204b0-ad39-11ef-9f19-e4a8dfc2a9a8,efficiency_cooling,16,30,0.10670016705989838,0.05652642250061035,20374.0,0.10061249881982803,129,1
StandardGSGP,6d0204b0-ad39-11ef-9f19-e4a8dfc2a9a8,efficiency_cooling,16,31,0.10670016705989838,0.05499887466430664,21006.0,0.10061249881982803,129,1
StandardGSGP,6d0204b0-ad39-11ef-9f19-e4a8dfc2a9a8,efficiency_cooling,16,32,0.10670016705989838,0.05550694465637207,21016.0,0.10061249881982803,129,1
StandardGSGP,6d0204b0-ad39-11ef-9f19-e4a8dfc2a9a8,efficiency_cooling,16,33,0.10670016705989838,0.055510520935058594,21436.0,0.10061249881982803,129,1
StandardGSGP,6d0204b0-ad39-11ef-9f19-e4a8dfc2a9a8,efficiency_cooling,16,34,0.10670016705989838,0.055999755859375,22066.0,0.10061249881982803,129,1
StandardGSGP,6d0204b0-ad39-11ef-9f19-e4a8dfc2a9a8,efficiency_cooling,16,35,0.10670016705989838,0.05551600456237793,22612.0,0.10061249881982803,129,1
StandardGSGP,6d0204b0-ad39-11ef-9f19-e4a8dfc2a9a8,efficiency_cooling,16,36,0.10670016705989838,0.05611228942871094,22806.0,0.10061249881982803,129,1
StandardGSGP,6d0204b0-ad39-11ef-9f19-e4a8dfc2a9a8,efficiency_cooling,16,37,0.10670016705989838,0.055873870849609375,22704.0,0.10061249881982803,129,1
StandardGSGP,6d0204b0-ad39-11ef-9f19-e4a8dfc2a9a8,efficiency_cooling,16,38,0.10670016705989838,0.05912160873413086,22524.0,0.10061249881982803,129,1
StandardGSGP,6d0204b0-ad39-11ef-9f19-e4a8dfc2a9a8,efficiency_cooling,16,39,0.10670016705989838,0.0596463680267334,22640.0,0.10061249881982803,129,1
StandardGSGP,6d0204b0-ad39-11ef-9f19-e4a8dfc2a9a8,efficiency_cooling,16,40,0.10670016705989838,0.054023027420043945,22574.0,0.10061249881982803,129,1
StandardGSGP,6d0204b0-ad39-11ef-9f19-e4a8dfc2a9a8,efficiency_cooling,16,41,0.10670016705989838,0.05399942398071289,21746.0,0.10061249881982803,129,1
StandardGSGP,6d0204b0-ad39-11ef-9f19-e4a8dfc2a9a8,efficiency_cooling,16,42,0.10670016705989838,0.05350995063781738,20238.0,0.10061249881982803,129,1
StandardGSGP,6d0204b0-ad39-11ef-9f19-e4a8dfc2a9a8,efficiency_cooling,16,43,0.10670016705989838,0.06099891662597656,20774.0,0.10061249881982803,129,1
StandardGSGP,6d0204b0-ad39-11ef-9f19-e4a8dfc2a9a8,efficiency_cooling,16,44,0.10670016705989838,0.061508893966674805,21122.0,0.10061249881982803,129,1
StandardGSGP,6d0204b0-ad39-11ef-9f19-e4a8dfc2a9a8,efficiency_cooling,16,45,0.10605815052986145,0.06050920486450195,20956.0,0.10051552206277847,135,1
StandardGSGP,6d0204b0-ad39-11ef-9f19-e4a8dfc2a9a8,efficiency_cooling,16,46,0.10566305369138718,0.05699968338012695,20670.0,0.10041569173336029,143,1
StandardGSGP,6d0204b0-ad39-11ef-9f19-e4a8dfc2a9a8,efficiency_cooling,16,47,0.10566305369138718,0.05684852600097656,18658.0,0.10041569173336029,143,1
StandardGSGP,6d0204b0-ad39-11ef-9f19-e4a8dfc2a9a8,efficiency_cooling,16,48,0.10566305369138718,0.05465221405029297,18038.0,0.10041569173336029,143,1
StandardGSGP,6d0204b0-ad39-11ef-9f19-e4a8dfc2a9a8,efficiency_cooling,16,49,0.10248811542987823,0.055830955505371094,18208.0,0.09770707041025162,187,1
StandardGSGP,6d0204b0-ad39-11ef-9f19-e4a8dfc2a9a8,efficiency_cooling,16,50,0.10247424244880676,0.056002140045166016,18384.0,0.09776464849710464,197,1
StandardGSGP,6d0204b0-ad39-11ef-9f19-e4a8dfc2a9a8,efficiency_cooling,16,51,0.10247424244880676,0.058003902435302734,19066.0,0.09776464849710464,197,1
StandardGSGP,6d0204b0-ad39-11ef-9f19-e4a8dfc2a9a8,efficiency_cooling,16,52,0.10247424244880676,0.055510520935058594,19882.0,0.09776464849710464,197,1
StandardGSGP,6d0204b0-ad39-11ef-9f19-e4a8dfc2a9a8,efficiency_cooling,16,53,0.10247424244880676,0.0548553466796875,20552.0,0.09776464849710464,197,1
StandardGSGP,6d0204b0-ad39-11ef-9f19-e4a8dfc2a9a8,efficiency_cooling,16,54,0.10247424244880676,0.057079315185546875,21448.0,0.09776464849710464,197,1
StandardGSGP,6d0204b0-ad39-11ef-9f19-e4a8dfc2a9a8,efficiency_cooling,16,55,0.10247424244880676,0.06050920486450195,22026.0,0.09776464849710464,197,1
StandardGSGP,6d0204b0-ad39-11ef-9f19-e4a8dfc2a9a8,efficiency_cooling,16,56,0.10247424244880676,0.05599784851074219,22620.0,0.09776464849710464,197,1
StandardGSGP,6d0204b0-ad39-11ef-9f19-e4a8dfc2a9a8,efficiency_cooling,16,57,0.1015845462679863,0.05391216278076172,23506.0,0.0965898260474205,225,1
StandardGSGP,6d0204b0-ad39-11ef-9f19-e4a8dfc2a9a8,efficiency_cooling,16,58,0.10151378065347672,0.05359530448913574,24100.0,0.09830446541309357,233,1
StandardGSGP,6d0204b0-ad39-11ef-9f19-e4a8dfc2a9a8,efficiency_cooling,16,59,0.10151378065347672,0.0555112361907959,24768.0,0.09830446541309357,233,1
StandardGSGP,6d0204b0-ad39-11ef-9f19-e4a8dfc2a9a8,efficiency_cooling,16,60,0.10151378065347672,0.05900263786315918,26046.0,0.09830446541309357,233,1
StandardGSGP,6d0204b0-ad39-11ef-9f19-e4a8dfc2a9a8,efficiency_cooling,16,61,0.10151378065347672,0.06650543212890625,27248.0,0.09830446541309357,233,1
StandardGSGP,6d0204b0-ad39-11ef-9f19-e4a8dfc2a9a8,efficiency_cooling,16,62,0.10106834769248962,0.05927109718322754,27892.0,0.09726440906524658,241,1
StandardGSGP,6d0204b0-ad39-11ef-9f19-e4a8dfc2a9a8,efficiency_cooling,16,63,0.10106834769248962,0.058936119079589844,28412.0,0.09726440906524658,241,1
StandardGSGP,6d0204b0-ad39-11ef-9f19-e4a8dfc2a9a8,efficiency_cooling,16,64,0.10106834769248962,0.05650782585144043,28636.0,0.09726440906524658,241,1
StandardGSGP,6d0204b0-ad39-11ef-9f19-e4a8dfc2a9a8,efficiency_cooling,16,65,0.09969349205493927,0.06021261215209961,29432.0,0.09564048796892166,249,1
StandardGSGP,6d0204b0-ad39-11ef-9f19-e4a8dfc2a9a8,efficiency_cooling,16,66,0.09969349205493927,0.05636930465698242,30036.0,0.09564048796892166,249,1
StandardGSGP,6d0204b0-ad39-11ef-9f19-e4a8dfc2a9a8,efficiency_cooling,16,67,0.09930655360221863,0.058508872985839844,29902.0,0.09620144963264465,265,1
StandardGSGP,6d0204b0-ad39-11ef-9f19-e4a8dfc2a9a8,efficiency_cooling,16,68,0.09930655360221863,0.05699872970581055,30578.0,0.09620144963264465,265,1
StandardGSGP,6d0204b0-ad39-11ef-9f19-e4a8dfc2a9a8,efficiency_cooling,16,69,0.09638705104589462,0.06151080131530762,30046.0,0.0952712893486023,275,1
StandardGSGP,6d0204b0-ad39-11ef-9f19-e4a8dfc2a9a8,efficiency_cooling,16,70,0.09585914015769958,0.06351041793823242,29602.0,0.09067834913730621,291,1
StandardGSGP,6d0204b0-ad39-11ef-9f19-e4a8dfc2a9a8,efficiency_cooling,16,71,0.09585914015769958,0.05599832534790039,29504.0,0.09067834913730621,291,1
StandardGSGP,6d0204b0-ad39-11ef-9f19-e4a8dfc2a9a8,efficiency_cooling,16,72,0.09585914015769958,0.056640625,30224.0,0.09067834913730621,291,1
StandardGSGP,6d0204b0-ad39-11ef-9f19-e4a8dfc2a9a8,efficiency_cooling,16,73,0.09585914015769958,0.06448888778686523,30990.0,0.09067834913730621,291,1
StandardGSGP,6d0204b0-ad39-11ef-9f19-e4a8dfc2a9a8,efficiency_cooling,16,74,0.09585914015769958,0.05739474296569824,31698.0,0.09067834913730621,291,1
StandardGSGP,6d0204b0-ad39-11ef-9f19-e4a8dfc2a9a8,efficiency_cooling,16,75,0.09585914015769958,0.05751943588256836,32402.0,0.09067834913730621,291,1
StandardGSGP,6d0204b0-ad39-11ef-9f19-e4a8dfc2a9a8,efficiency_cooling,16,76,0.09585914015769958,0.05399942398071289,33066.0,0.09067834913730621,291,1
StandardGSGP,6d0204b0-ad39-11ef-9f19-e4a8dfc2a9a8,efficiency_cooling,16,77,0.09585914015769958,0.058272600173950195,33904.0,0.09067834913730621,291,1
StandardGSGP,6d0204b0-ad39-11ef-9f19-e4a8dfc2a9a8,efficiency_cooling,16,78,0.09585914015769958,0.05423736572265625,34240.0,0.09067834913730621,291,1
StandardGSGP,6d0204b0-ad39-11ef-9f19-e4a8dfc2a9a8,efficiency_cooling,16,79,0.09585914015769958,0.05750918388366699,34840.0,0.09067834913730621,291,1
StandardGSGP,6d0204b0-ad39-11ef-9f19-e4a8dfc2a9a8,efficiency_cooling,16,80,0.09585914015769958,0.0570070743560791,34934.0,0.09067834913730621,291,1
StandardGSGP,6d0204b0-ad39-11ef-9f19-e4a8dfc2a9a8,efficiency_cooling,16,81,0.09585914015769958,0.05750608444213867,35474.0,0.09067834913730621,291,1
StandardGSGP,6d0204b0-ad39-11ef-9f19-e4a8dfc2a9a8,efficiency_cooling,16,82,0.09459684044122696,0.05650901794433594,35384.0,0.08885209262371063,297,1
StandardGSGP,6d0204b0-ad39-11ef-9f19-e4a8dfc2a9a8,efficiency_cooling,16,83,0.09459684044122696,0.05512380599975586,35156.0,0.08885209262371063,297,1
StandardGSGP,6d0204b0-ad39-11ef-9f19-e4a8dfc2a9a8,efficiency_cooling,16,84,0.09459684044122696,0.05550980567932129,35868.0,0.08885209262371063,297,1
StandardGSGP,6d0204b0-ad39-11ef-9f19-e4a8dfc2a9a8,efficiency_cooling,16,85,0.09459684044122696,0.1309034824371338,35540.0,0.08885209262371063,297,1
StandardGSGP,6d0204b0-ad39-11ef-9f19-e4a8dfc2a9a8,efficiency_cooling,16,86,0.09459684044122696,0.05451035499572754,35696.0,0.08885209262371063,297,1
StandardGSGP,6d0204b0-ad39-11ef-9f19-e4a8dfc2a9a8,efficiency_cooling,16,87,0.09459684044122696,0.0561833381652832,35860.0,0.08885209262371063,297,1
StandardGSGP,6d0204b0-ad39-11ef-9f19-e4a8dfc2a9a8,efficiency_cooling,16,88,0.09459684044122696,0.056238651275634766,36006.0,0.08885209262371063,297,1
StandardGSGP,6d0204b0-ad39-11ef-9f19-e4a8dfc2a9a8,efficiency_cooling,16,89,0.09459684044122696,0.05603337287902832,36274.0,0.08885209262371063,297,1
StandardGSGP,6d0204b0-ad39-11ef-9f19-e4a8dfc2a9a8,efficiency_cooling,16,90,0.09459684044122696,0.05634617805480957,36350.0,0.08885209262371063,297,1
StandardGSGP,6d0204b0-ad39-11ef-9f19-e4a8dfc2a9a8,efficiency_cooling,16,91,0.09459684044122696,0.057509660720825195,36686.0,0.08885209262371063,297,1
StandardGSGP,6d0204b0-ad39-11ef-9f19-e4a8dfc2a9a8,efficiency_cooling,16,92,0.09459684044122696,0.0559999942779541,37390.0,0.08885209262371063,297,1
StandardGSGP,6d0204b0-ad39-11ef-9f19-e4a8dfc2a9a8,efficiency_cooling,16,93,0.09459684044122696,0.07006144523620605,37882.0,0.08885209262371063,297,1
StandardGSGP,6d0204b0-ad39-11ef-9f19-e4a8dfc2a9a8,efficiency_cooling,16,94,0.09459684044122696,0.06209516525268555,37274.0,0.08885209262371063,297,1
StandardGSGP,6d0204b0-ad39-11ef-9f19-e4a8dfc2a9a8,efficiency_cooling,16,95,0.09459684044122696,0.07198882102966309,37054.0,0.08885209262371063,297,1
StandardGSGP,6d0204b0-ad39-11ef-9f19-e4a8dfc2a9a8,efficiency_cooling,16,96,0.09459684044122696,0.058508872985839844,37224.0,0.08885209262371063,297,1
StandardGSGP,6d0204b0-ad39-11ef-9f19-e4a8dfc2a9a8,efficiency_cooling,16,97,0.09459684044122696,0.0568239688873291,37232.0,0.08885209262371063,297,1
StandardGSGP,6d0204b0-ad39-11ef-9f19-e4a8dfc2a9a8,efficiency_cooling,16,98,0.09459684044122696,0.05793333053588867,36284.0,0.08885209262371063,297,1
StandardGSGP,6d0204b0-ad39-11ef-9f19-e4a8dfc2a9a8,efficiency_cooling,16,99,0.09459684044122696,0.06102156639099121,36584.0,0.08885209262371063,297,1
StandardGSGP,6d0204b0-ad39-11ef-9f19-e4a8dfc2a9a8,efficiency_cooling,16,100,0.09459684044122696,0.05888795852661133,36896.0,0.08885209262371063,297,1
StandardGSGP,e2f5aaf3-ad39-11ef-a610-e4a8dfc2a9a8,efficiency_cooling,16,0,11.051453590393066,0.042610883712768555,878.0,10.65808391571045,7,1
StandardGSGP,e2f5aaf3-ad39-11ef-a610-e4a8dfc2a9a8,efficiency_cooling,16,1,11.038840293884277,0.06299901008605957,1590.0,10.656246185302734,19,1
StandardGSGP,e2f5aaf3-ad39-11ef-a610-e4a8dfc2a9a8,efficiency_cooling,16,2,10.936360359191895,0.06700873374938965,2428.0,10.548300743103027,27,1
StandardGSGP,e2f5aaf3-ad39-11ef-a610-e4a8dfc2a9a8,efficiency_cooling,16,3,10.920114517211914,0.06644105911254883,3388.0,10.493956565856934,33,1
StandardGSGP,e2f5aaf3-ad39-11ef-a610-e4a8dfc2a9a8,efficiency_cooling,16,4,10.887864112854004,0.06299948692321777,4460.0,10.506471633911133,49,1
StandardGSGP,e2f5aaf3-ad39-11ef-a610-e4a8dfc2a9a8,efficiency_cooling,16,5,10.746850967407227,0.06196260452270508,5380.0,10.2920503616333,55,1
StandardGSGP,e2f5aaf3-ad39-11ef-a610-e4a8dfc2a9a8,efficiency_cooling,16,6,10.707610130310059,0.06450867652893066,6074.0,10.29931354522705,57,1
StandardGSGP,e2f5aaf3-ad39-11ef-a610-e4a8dfc2a9a8,efficiency_cooling,16,7,10.706778526306152,0.06349444389343262,6946.0,10.298584938049316,69,1
StandardGSGP,e2f5aaf3-ad39-11ef-a610-e4a8dfc2a9a8,efficiency_cooling,16,8,10.656229972839355,0.06267380714416504,7742.0,10.243934631347656,75,1
StandardGSGP,e2f5aaf3-ad39-11ef-a610-e4a8dfc2a9a8,efficiency_cooling,16,9,10.61291790008545,0.06348204612731934,8536.0,10.2362060546875,93,1
StandardGSGP,e2f5aaf3-ad39-11ef-a610-e4a8dfc2a9a8,efficiency_cooling,16,10,10.550822257995605,0.06599974632263184,9456.0,10.185272216796875,85,1
StandardGSGP,e2f5aaf3-ad39-11ef-a610-e4a8dfc2a9a8,efficiency_cooling,16,11,10.453657150268555,0.06515336036682129,10484.0,10.067462921142578,115,1
StandardGSGP,e2f5aaf3-ad39-11ef-a610-e4a8dfc2a9a8,efficiency_cooling,16,12,10.442429542541504,0.06036114692687988,11378.0,10.095048904418945,113,1
StandardGSGP,e2f5aaf3-ad39-11ef-a610-e4a8dfc2a9a8,efficiency_cooling,16,13,10.427502632141113,0.06400132179260254,11944.0,10.130793571472168,121,1
StandardGSGP,e2f5aaf3-ad39-11ef-a610-e4a8dfc2a9a8,efficiency_cooling,16,14,10.426340103149414,0.06496834754943848,12856.0,10.113578796386719,129,1
StandardGSGP,e2f5aaf3-ad39-11ef-a610-e4a8dfc2a9a8,efficiency_cooling,16,15,10.399658203125,0.06451988220214844,13948.0,10.065813064575195,127,1
StandardGSGP,e2f5aaf3-ad39-11ef-a610-e4a8dfc2a9a8,efficiency_cooling,16,16,10.360363960266113,0.0700523853302002,14504.0,10.016599655151367,155,1
StandardGSGP,e2f5aaf3-ad39-11ef-a610-e4a8dfc2a9a8,efficiency_cooling,16,17,10.306375503540039,0.06251120567321777,15542.0,9.944082260131836,145,1
StandardGSGP,e2f5aaf3-ad39-11ef-a610-e4a8dfc2a9a8,efficiency_cooling,16,18,10.27569580078125,0.06351137161254883,16468.0,9.937640190124512,153,1
StandardGSGP,e2f5aaf3-ad39-11ef-a610-e4a8dfc2a9a8,efficiency_cooling,16,19,10.145633697509766,0.061701297760009766,17232.0,9.858576774597168,159,1
StandardGSGP,e2f5aaf3-ad39-11ef-a610-e4a8dfc2a9a8,efficiency_cooling,16,20,10.129364967346191,0.06051182746887207,17674.0,9.799777030944824,187,1
StandardGSGP,e2f5aaf3-ad39-11ef-a610-e4a8dfc2a9a8,efficiency_cooling,16,21,10.12499713897705,0.06700253486633301,18222.0,9.784646987915039,177,1
StandardGSGP,e2f5aaf3-ad39-11ef-a610-e4a8dfc2a9a8,efficiency_cooling,16,22,10.097725868225098,0.06200361251831055,19436.0,9.787652015686035,175,1
StandardGSGP,e2f5aaf3-ad39-11ef-a610-e4a8dfc2a9a8,efficiency_cooling,16,23,9.918546676635742,0.06187558174133301,19922.0,9.632497787475586,185,1
StandardGSGP,e2f5aaf3-ad39-11ef-a610-e4a8dfc2a9a8,efficiency_cooling,16,24,9.913372039794922,0.06333446502685547,20514.0,9.58313274383545,193,1
StandardGSGP,e2f5aaf3-ad39-11ef-a610-e4a8dfc2a9a8,efficiency_cooling,16,25,9.90922737121582,0.06155657768249512,21394.0,9.59546184539795,203,1
StandardGSGP,e2f5aaf3-ad39-11ef-a610-e4a8dfc2a9a8,efficiency_cooling,16,26,9.877840995788574,0.0705101490020752,21682.0,9.641143798828125,205,1
StandardGSGP,e2f5aaf3-ad39-11ef-a610-e4a8dfc2a9a8,efficiency_cooling,16,27,9.856855392456055,0.06700348854064941,21948.0,9.606389999389648,221,1
StandardGSGP,e2f5aaf3-ad39-11ef-a610-e4a8dfc2a9a8,efficiency_cooling,16,28,9.814764976501465,0.06872296333312988,22448.0,9.558347702026367,231,1
StandardGSGP,e2f5aaf3-ad39-11ef-a610-e4a8dfc2a9a8,efficiency_cooling,16,29,9.794955253601074,0.06424546241760254,23340.0,9.514121055603027,243,1
StandardGSGP,e2f5aaf3-ad39-11ef-a610-e4a8dfc2a9a8,efficiency_cooling,16,30,9.726218223571777,0.07022809982299805,24216.0,9.429744720458984,237,1
StandardGSGP,e2f5aaf3-ad39-11ef-a610-e4a8dfc2a9a8,efficiency_cooling,16,31,9.634897232055664,0.061005353927612305,25312.0,9.302923202514648,239,1
StandardGSGP,e2f5aaf3-ad39-11ef-a610-e4a8dfc2a9a8,efficiency_cooling,16,32,9.625601768493652,0.06852483749389648,25854.0,9.285334587097168,249,1
StandardGSGP,e2f5aaf3-ad39-11ef-a610-e4a8dfc2a9a8,efficiency_cooling,16,33,9.609720230102539,0.061505794525146484,26124.0,9.280966758728027,251,1
StandardGSGP,e2f5aaf3-ad39-11ef-a610-e4a8dfc2a9a8,efficiency_cooling,16,34,9.437373161315918,0.06299829483032227,26694.0,9.037365913391113,269,1
StandardGSGP,e2f5aaf3-ad39-11ef-a610-e4a8dfc2a9a8,efficiency_cooling,16,35,9.437373161315918,0.06750798225402832,27224.0,9.037365913391113,269,1
StandardGSGP,e2f5aaf3-ad39-11ef-a610-e4a8dfc2a9a8,efficiency_cooling,16,36,9.399210929870605,0.062493324279785156,28126.0,9.043810844421387,287,1
StandardGSGP,e2f5aaf3-ad39-11ef-a610-e4a8dfc2a9a8,efficiency_cooling,16,37,9.380367279052734,0.0619659423828125,29284.0,8.964614868164062,299,1
StandardGSGP,e2f5aaf3-ad39-11ef-a610-e4a8dfc2a9a8,efficiency_cooling,16,38,9.360034942626953,0.06151080131530762,30420.0,8.97867202758789,293,1
StandardGSGP,e2f5aaf3-ad39-11ef-a610-e4a8dfc2a9a8,efficiency_cooling,16,39,9.312204360961914,0.061003923416137695,31304.0,8.952580451965332,307,1
StandardGSGP,e2f5aaf3-ad39-11ef-a610-e4a8dfc2a9a8,efficiency_cooling,16,40,9.291919708251953,0.06289029121398926,32172.0,8.921707153320312,313,1
StandardGSGP,e2f5aaf3-ad39-11ef-a610-e4a8dfc2a9a8,efficiency_cooling,16,41,9.223648071289062,0.06582069396972656,32776.0,8.85153865814209,323,1
StandardGSGP,e2f5aaf3-ad39-11ef-a610-e4a8dfc2a9a8,efficiency_cooling,16,42,9.185566902160645,0.06600284576416016,33286.0,8.779569625854492,335,1
StandardGSGP,e2f5aaf3-ad39-11ef-a610-e4a8dfc2a9a8,efficiency_cooling,16,43,9.1780424118042,0.13519906997680664,34196.0,8.72049331665039,341,1
StandardGSGP,e2f5aaf3-ad39-11ef-a610-e4a8dfc2a9a8,efficiency_cooling,16,44,9.083819389343262,0.06400847434997559,35488.0,8.640236854553223,355,1
StandardGSGP,e2f5aaf3-ad39-11ef-a610-e4a8dfc2a9a8,efficiency_cooling,16,45,9.05008602142334,0.06622099876403809,36288.0,8.600829124450684,361,1
StandardGSGP,e2f5aaf3-ad39-11ef-a610-e4a8dfc2a9a8,efficiency_cooling,16,46,8.995821952819824,0.06188821792602539,37054.0,8.48934555053711,371,1
StandardGSGP,e2f5aaf3-ad39-11ef-a610-e4a8dfc2a9a8,efficiency_cooling,16,47,8.934590339660645,0.06099581718444824,38116.0,8.453466415405273,373,1
StandardGSGP,e2f5aaf3-ad39-11ef-a610-e4a8dfc2a9a8,efficiency_cooling,16,48,8.928421974182129,0.06010603904724121,38874.0,8.449949264526367,381,1
StandardGSGP,e2f5aaf3-ad39-11ef-a610-e4a8dfc2a9a8,efficiency_cooling,16,49,8.917960166931152,0.06285476684570312,39548.0,8.452731132507324,387,1
StandardGSGP,e2f5aaf3-ad39-11ef-a610-e4a8dfc2a9a8,efficiency_cooling,16,50,8.855280876159668,0.06456351280212402,40060.0,8.392738342285156,397,1
StandardGSGP,e2f5aaf3-ad39-11ef-a610-e4a8dfc2a9a8,efficiency_cooling,16,51,8.8143310546875,0.06493687629699707,40614.0,8.467398643493652,409,1
StandardGSGP,e2f5aaf3-ad39-11ef-a610-e4a8dfc2a9a8,efficiency_cooling,16,52,8.808756828308105,0.06141042709350586,41332.0,8.32669448852539,409,1
StandardGSGP,e2f5aaf3-ad39-11ef-a610-e4a8dfc2a9a8,efficiency_cooling,16,53,8.75721263885498,0.06099748611450195,42170.0,8.396238327026367,415,1
StandardGSGP,e2f5aaf3-ad39-11ef-a610-e4a8dfc2a9a8,efficiency_cooling,16,54,8.731931686401367,0.06174516677856445,43188.0,8.322453498840332,425,1
StandardGSGP,e2f5aaf3-ad39-11ef-a610-e4a8dfc2a9a8,efficiency_cooling,16,55,8.713537216186523,0.06359553337097168,44146.0,8.297812461853027,433,1
StandardGSGP,e2f5aaf3-ad39-11ef-a610-e4a8dfc2a9a8,efficiency_cooling,16,56,8.662782669067383,0.06553030014038086,44760.0,8.222764015197754,459,1
StandardGSGP,e2f5aaf3-ad39-11ef-a610-e4a8dfc2a9a8,efficiency_cooling,16,57,8.461612701416016,0.06741738319396973,45408.0,8.11334228515625,455,1
StandardGSGP,e2f5aaf3-ad39-11ef-a610-e4a8dfc2a9a8,efficiency_cooling,16,58,8.416687965393066,0.06200408935546875,46634.0,8.0548095703125,463,1
StandardGSGP,e2f5aaf3-ad39-11ef-a610-e4a8dfc2a9a8,efficiency_cooling,16,59,8.387362480163574,0.06349658966064453,47972.0,7.970015048980713,479,1
StandardGSGP,e2f5aaf3-ad39-11ef-a610-e4a8dfc2a9a8,efficiency_cooling,16,60,8.292556762695312,0.06351447105407715,48546.0,7.836962699890137,485,1
StandardGSGP,e2f5aaf3-ad39-11ef-a610-e4a8dfc2a9a8,efficiency_cooling,16,61,8.280911445617676,0.06929731369018555,49250.0,7.824418067932129,495,1
StandardGSGP,e2f5aaf3-ad39-11ef-a610-e4a8dfc2a9a8,efficiency_cooling,16,62,8.1782808303833,0.06552457809448242,50118.0,7.753378391265869,503,1
StandardGSGP,e2f5aaf3-ad39-11ef-a610-e4a8dfc2a9a8,efficiency_cooling,16,63,8.133634567260742,0.06328797340393066,51192.0,7.698143005371094,511,1
StandardGSGP,e2f5aaf3-ad39-11ef-a610-e4a8dfc2a9a8,efficiency_cooling,16,64,8.106797218322754,0.0630042552947998,52094.0,7.5625104904174805,525,1
StandardGSGP,e2f5aaf3-ad39-11ef-a610-e4a8dfc2a9a8,efficiency_cooling,16,65,8.06969165802002,0.06585121154785156,52862.0,7.576695919036865,527,1
StandardGSGP,e2f5aaf3-ad39-11ef-a610-e4a8dfc2a9a8,efficiency_cooling,16,66,8.023649215698242,0.06312751770019531,53742.0,7.44983434677124,545,1
StandardGSGP,e2f5aaf3-ad39-11ef-a610-e4a8dfc2a9a8,efficiency_cooling,16,67,7.993519306182861,0.06353950500488281,54296.0,7.468136310577393,559,1
StandardGSGP,e2f5aaf3-ad39-11ef-a610-e4a8dfc2a9a8,efficiency_cooling,16,68,7.945039749145508,0.05950498580932617,55244.0,7.32565975189209,559,1
StandardGSGP,e2f5aaf3-ad39-11ef-a610-e4a8dfc2a9a8,efficiency_cooling,16,69,7.859912872314453,0.06373739242553711,56606.0,7.283145427703857,569,1
StandardGSGP,e2f5aaf3-ad39-11ef-a610-e4a8dfc2a9a8,efficiency_cooling,16,70,7.859912872314453,0.06850981712341309,57904.0,7.283145427703857,569,1
StandardGSGP,e2f5aaf3-ad39-11ef-a610-e4a8dfc2a9a8,efficiency_cooling,16,71,7.804807186126709,0.07150840759277344,58530.0,7.221856117248535,589,1
StandardGSGP,e2f5aaf3-ad39-11ef-a610-e4a8dfc2a9a8,efficiency_cooling,16,72,7.779112339019775,0.06650638580322266,59086.0,7.236436367034912,595,1
StandardGSGP,e2f5aaf3-ad39-11ef-a610-e4a8dfc2a9a8,efficiency_cooling,16,73,7.757396221160889,0.06600332260131836,60108.0,7.208627223968506,595,1
StandardGSGP,e2f5aaf3-ad39-11ef-a610-e4a8dfc2a9a8,efficiency_cooling,16,74,7.680085182189941,0.06554651260375977,61120.0,7.1544108390808105,611,1
StandardGSGP,e2f5aaf3-ad39-11ef-a610-e4a8dfc2a9a8,efficiency_cooling,16,75,7.6191205978393555,0.06850671768188477,62144.0,6.99618673324585,615,1
StandardGSGP,e2f5aaf3-ad39-11ef-a610-e4a8dfc2a9a8,efficiency_cooling,16,76,7.571619510650635,0.06400179862976074,63060.0,7.085961818695068,641,1
StandardGSGP,e2f5aaf3-ad39-11ef-a610-e4a8dfc2a9a8,efficiency_cooling,16,77,7.5653395652771,0.06550765037536621,63930.0,7.080625534057617,647,1
StandardGSGP,e2f5aaf3-ad39-11ef-a610-e4a8dfc2a9a8,efficiency_cooling,16,78,7.549967288970947,0.06350445747375488,64754.0,7.060693264007568,663,1
StandardGSGP,e2f5aaf3-ad39-11ef-a610-e4a8dfc2a9a8,efficiency_cooling,16,79,7.452512741088867,0.06364607810974121,65682.0,6.966863632202148,669,1
StandardGSGP,e2f5aaf3-ad39-11ef-a610-e4a8dfc2a9a8,efficiency_cooling,16,80,7.44966459274292,0.06341361999511719,67054.0,6.9663004875183105,675,1
StandardGSGP,e2f5aaf3-ad39-11ef-a610-e4a8dfc2a9a8,efficiency_cooling,16,81,7.4220967292785645,0.06456851959228516,67802.0,6.911149024963379,681,1
StandardGSGP,e2f5aaf3-ad39-11ef-a610-e4a8dfc2a9a8,efficiency_cooling,16,82,7.370587348937988,0.06400227546691895,68938.0,6.820578098297119,689,1
StandardGSGP,e2f5aaf3-ad39-11ef-a610-e4a8dfc2a9a8,efficiency_cooling,16,83,7.37058687210083,0.06450796127319336,70016.0,6.820576190948486,695,1
StandardGSGP,e2f5aaf3-ad39-11ef-a610-e4a8dfc2a9a8,efficiency_cooling,16,84,7.3563971519470215,0.06433272361755371,70894.0,6.820720195770264,717,1
StandardGSGP,e2f5aaf3-ad39-11ef-a610-e4a8dfc2a9a8,efficiency_cooling,16,85,7.299243450164795,0.06400322914123535,71812.0,6.802223205566406,723,1
StandardGSGP,e2f5aaf3-ad39-11ef-a610-e4a8dfc2a9a8,efficiency_cooling,16,86,7.252666473388672,0.06290698051452637,72478.0,6.731527805328369,739,1
StandardGSGP,e2f5aaf3-ad39-11ef-a610-e4a8dfc2a9a8,efficiency_cooling,16,87,7.2526655197143555,0.06453514099121094,73544.0,6.731546878814697,745,1
StandardGSGP,e2f5aaf3-ad39-11ef-a610-e4a8dfc2a9a8,efficiency_cooling,16,88,7.106072425842285,0.06400156021118164,74924.0,6.552255153656006,751,1
StandardGSGP,e2f5aaf3-ad39-11ef-a610-e4a8dfc2a9a8,efficiency_cooling,16,89,7.082741737365723,0.06250810623168945,76202.0,6.502823352813721,773,1
StandardGSGP,e2f5aaf3-ad39-11ef-a610-e4a8dfc2a9a8,efficiency_cooling,16,90,7.067293643951416,0.06551027297973633,77004.0,6.515817642211914,767,1
StandardGSGP,e2f5aaf3-ad39-11ef-a610-e4a8dfc2a9a8,efficiency_cooling,16,91,7.053476333618164,0.06499838829040527,77798.0,6.486085414886475,781,1
StandardGSGP,e2f5aaf3-ad39-11ef-a610-e4a8dfc2a9a8,efficiency_cooling,16,92,7.011406421661377,0.06151223182678223,78538.0,6.46396541595459,781,1
StandardGSGP,e2f5aaf3-ad39-11ef-a610-e4a8dfc2a9a8,efficiency_cooling,16,93,7.002474784851074,0.06451129913330078,79494.0,6.450153350830078,787,1
StandardGSGP,e2f5aaf3-ad39-11ef-a610-e4a8dfc2a9a8,efficiency_cooling,16,94,7.001920223236084,0.06222105026245117,80314.0,6.447450160980225,793,1
StandardGSGP,e2f5aaf3-ad39-11ef-a610-e4a8dfc2a9a8,efficiency_cooling,16,95,6.952789306640625,0.06685090065002441,80726.0,6.311529159545898,807,1
StandardGSGP,e2f5aaf3-ad39-11ef-a610-e4a8dfc2a9a8,efficiency_cooling,16,96,6.9269304275512695,0.06256651878356934,81364.0,6.382317543029785,813,1
StandardGSGP,e2f5aaf3-ad39-11ef-a610-e4a8dfc2a9a8,efficiency_cooling,16,97,6.917901515960693,0.06699872016906738,82404.0,6.31624174118042,823,1
StandardGSGP,e2f5aaf3-ad39-11ef-a610-e4a8dfc2a9a8,efficiency_cooling,16,98,6.8951029777526855,0.06938576698303223,83166.0,6.272758483886719,831,1
StandardGSGP,e2f5aaf3-ad39-11ef-a610-e4a8dfc2a9a8,efficiency_cooling,16,99,6.843856334686279,0.06616044044494629,84140.0,6.195602893829346,843,1
StandardGSGP,e2f5aaf3-ad39-11ef-a610-e4a8dfc2a9a8,efficiency_cooling,16,100,6.814607620239258,0.06600046157836914,84902.0,6.2024383544921875,837,1
