StandardGSGP,95c926f9-ad39-11ef-a0b6-e4a8dfc2a9a8,efficiency_cooling,27,0,0.19652581214904785,0.027074813842773438,606.0,0.21006417274475098,3,1
StandardGSGP,95c926f9-ad39-11ef-a0b6-e4a8dfc2a9a8,efficiency_cooling,27,1,0.17620398104190826,0.05483222007751465,1340.0,0.18462765216827393,9,1
StandardGSGP,95c926f9-ad39-11ef-a0b6-e4a8dfc2a9a8,efficiency_cooling,27,2,0.13792619109153748,0.0594935417175293,2154.0,0.14265669882297516,15,1
StandardGSGP,95c926f9-ad39-11ef-a0b6-e4a8dfc2a9a8,efficiency_cooling,27,3,0.137642502784729,0.05906844139099121,2692.0,0.14190399646759033,25,1
StandardGSGP,95c926f9-ad39-11ef-a0b6-e4a8dfc2a9a8,efficiency_cooling,27,4,0.137642502784729,0.0547947883605957,3360.0,0.14190399646759033,25,1
StandardGSGP,95c926f9-ad39-11ef-a0b6-e4a8dfc2a9a8,efficiency_cooling,27,5,0.1241658627986908,0.05405235290527344,4108.0,0.13217389583587646,41,1
StandardGSGP,95c926f9-ad39-11ef-a0b6-e4a8dfc2a9a8,efficiency_cooling,27,6,0.1241658627986908,0.06450891494750977,5082.0,0.13217389583587646,41,1
StandardGSGP,95c926f9-ad39-11ef-a0b6-e4a8dfc2a9a8,efficiency_cooling,27,7,0.1241658627986908,0.06091809272766113,5692.0,0.13217389583587646,41,1
StandardGSGP,95c926f9-ad39-11ef-a0b6-e4a8dfc2a9a8,efficiency_cooling,27,8,0.12414821982383728,0.0630033016204834,6316.0,0.13245069980621338,49,1
StandardGSGP,95c926f9-ad39-11ef-a0b6-e4a8dfc2a9a8,efficiency_cooling,27,9,0.12106787413358688,0.057518720626831055,6916.0,0.1278376281261444,61,1
StandardGSGP,95c926f9-ad39-11ef-a0b6-e4a8dfc2a9a8,efficiency_cooling,27,10,0.12106787413358688,0.05803036689758301,7498.0,0.1278376281261444,61,1
StandardGSGP,95c926f9-ad39-11ef-a0b6-e4a8dfc2a9a8,efficiency_cooling,27,11,0.11808716505765915,0.057000160217285156,7988.0,0.12558378279209137,71,1
StandardGSGP,95c926f9-ad39-11ef-a0b6-e4a8dfc2a9a8,efficiency_cooling,27,12,0.11808716505765915,0.056513309478759766,8518.0,0.12558378279209137,71,1
StandardGSGP,95c926f9-ad39-11ef-a0b6-e4a8dfc2a9a8,efficiency_cooling,27,13,0.11808716505765915,0.05909848213195801,9392.0,0.12558378279209137,71,1
StandardGSGP,95c926f9-ad39-11ef-a0b6-e4a8dfc2a9a8,efficiency_cooling,27,14,0.11808716505765915,0.05945110321044922,9814.0,0.12558378279209137,71,1
StandardGSGP,95c926f9-ad39-11ef-a0b6-e4a8dfc2a9a8,efficiency_cooling,27,15,0.11808716505765915,0.05628347396850586,10496.0,0.12558378279209137,71,1
StandardGSGP,95c926f9-ad39-11ef-a0b6-e4a8dfc2a9a8,efficiency_cooling,27,16,0.11808716505765915,0.056871891021728516,11294.0,0.12558378279209137,71,1
StandardGSGP,95c926f9-ad39-11ef-a0b6-e4a8dfc2a9a8,efficiency_cooling,27,17,0.11534538865089417,0.06351089477539062,11826.0,0.12502041459083557,125,1
StandardGSGP,95c926f9-ad39-11ef-a0b6-e4a8dfc2a9a8,efficiency_cooling,27,18,0.11534538865089417,0.06316065788269043,12516.0,0.12502041459083557,125,1
StandardGSGP,95c926f9-ad39-11ef-a0b6-e4a8dfc2a9a8,efficiency_cooling,27,19,0.11534538865089417,0.0615084171295166,12806.0,0.12502041459083557,125,1
StandardGSGP,95c926f9-ad39-11ef-a0b6-e4a8dfc2a9a8,efficiency_cooling,27,20,0.11534538865089417,0.06052041053771973,13194.0,0.12502041459083557,125,1
StandardGSGP,95c926f9-ad39-11ef-a0b6-e4a8dfc2a9a8,efficiency_cooling,27,21,0.11534538865089417,0.060996055603027344,13636.0,0.12502041459083557,125,1
StandardGSGP,95c926f9-ad39-11ef-a0b6-e4a8dfc2a9a8,efficiency_cooling,27,22,0.11508211493492126,0.05550956726074219,14142.0,0.12384719401597977,135,1
StandardGSGP,95c926f9-ad39-11ef-a0b6-e4a8dfc2a9a8,efficiency_cooling,27,23,0.11508211493492126,0.05300283432006836,15184.0,0.12384719401597977,135,1
StandardGSGP,95c926f9-ad39-11ef-a0b6-e4a8dfc2a9a8,efficiency_cooling,27,24,0.11508211493492126,0.059507131576538086,16030.0,0.12384719401597977,135,1
StandardGSGP,95c926f9-ad39-11ef-a0b6-e4a8dfc2a9a8,efficiency_cooling,27,25,0.11508211493492126,0.05541491508483887,17110.0,0.12384719401597977,135,1
StandardGSGP,95c926f9-ad39-11ef-a0b6-e4a8dfc2a9a8,efficiency_cooling,27,26,0.11508211493492126,0.06036639213562012,17670.0,0.12384719401597977,135,1
StandardGSGP,95c926f9-ad39-11ef-a0b6-e4a8dfc2a9a8,efficiency_cooling,27,27,0.11508211493492126,0.06258296966552734,18440.0,0.12384719401597977,135,1
StandardGSGP,95c926f9-ad39-11ef-a0b6-e4a8dfc2a9a8,efficiency_cooling,27,28,0.11486463248729706,0.056000471115112305,19578.0,0.12262378633022308,141,1
StandardGSGP,95c926f9-ad39-11ef-a0b6-e4a8dfc2a9a8,efficiency_cooling,27,29,0.11486463248729706,0.058524131774902344,20254.0,0.12262378633022308,141,1
StandardGSGP,95c926f9-ad39-11ef-a0b6-e4a8dfc2a9a8,efficiency_cooling,27,30,0.11486463248729706,0.05851554870605469,21400.0,0.12262378633022308,141,1
StandardGSGP,95c926f9-ad39-11ef-a0b6-e4a8dfc2a9a8,efficiency_cooling,27,31,0.11464939266443253,0.05599856376647949,22028.0,0.11970529705286026,147,1
StandardGSGP,95c926f9-ad39-11ef-a0b6-e4a8dfc2a9a8,efficiency_cooling,27,32,0.11237842589616776,0.05540871620178223,22804.0,0.12140477448701859,151,1
StandardGSGP,95c926f9-ad39-11ef-a0b6-e4a8dfc2a9a8,efficiency_cooling,27,33,0.11237842589616776,0.05989885330200195,23102.0,0.12140477448701859,151,1
StandardGSGP,95c926f9-ad39-11ef-a0b6-e4a8dfc2a9a8,efficiency_cooling,27,34,0.11163610219955444,0.06515097618103027,22660.0,0.12021692842245102,165,1
StandardGSGP,95c926f9-ad39-11ef-a0b6-e4a8dfc2a9a8,efficiency_cooling,27,35,0.11163610219955444,0.05552339553833008,22742.0,0.12021692842245102,165,1
StandardGSGP,95c926f9-ad39-11ef-a0b6-e4a8dfc2a9a8,efficiency_cooling,27,36,0.11163610219955444,0.05651068687438965,23272.0,0.12021692842245102,165,1
StandardGSGP,95c926f9-ad39-11ef-a0b6-e4a8dfc2a9a8,efficiency_cooling,27,37,0.11163610219955444,0.061295509338378906,24142.0,0.12021692842245102,165,1
StandardGSGP,95c926f9-ad39-11ef-a0b6-e4a8dfc2a9a8,efficiency_cooling,27,38,0.11163610219955444,0.0633702278137207,25506.0,0.12021692842245102,165,1
StandardGSGP,95c926f9-ad39-11ef-a0b6-e4a8dfc2a9a8,efficiency_cooling,27,39,0.11163610219955444,0.05551481246948242,25902.0,0.12021692842245102,165,1
StandardGSGP,95c926f9-ad39-11ef-a0b6-e4a8dfc2a9a8,efficiency_cooling,27,40,0.11163610219955444,0.06381583213806152,26652.0,0.12021692842245102,165,1
StandardGSGP,95c926f9-ad39-11ef-a0b6-e4a8dfc2a9a8,efficiency_cooling,27,41,0.11163610219955444,0.05969381332397461,26668.0,0.12021692842245102,165,1
StandardGSGP,95c926f9-ad39-11ef-a0b6-e4a8dfc2a9a8,efficiency_cooling,27,42,0.11163610219955444,0.05902886390686035,24884.0,0.12021692842245102,165,1
StandardGSGP,95c926f9-ad39-11ef-a0b6-e4a8dfc2a9a8,efficiency_cooling,27,43,0.11163610219955444,0.05352663993835449,26588.0,0.12021692842245102,165,1
StandardGSGP,95c926f9-ad39-11ef-a0b6-e4a8dfc2a9a8,efficiency_cooling,27,44,0.11023838073015213,0.056676387786865234,26420.0,0.12160371243953705,177,1
StandardGSGP,95c926f9-ad39-11ef-a0b6-e4a8dfc2a9a8,efficiency_cooling,27,45,0.11023838073015213,0.05451798439025879,27116.0,0.12160371243953705,177,1
StandardGSGP,95c926f9-ad39-11ef-a0b6-e4a8dfc2a9a8,efficiency_cooling,27,46,0.11023838073015213,0.053995370864868164,27452.0,0.12160371243953705,177,1
StandardGSGP,95c926f9-ad39-11ef-a0b6-e4a8dfc2a9a8,efficiency_cooling,27,47,0.11023838073015213,0.05962085723876953,29082.0,0.12160371243953705,177,1
StandardGSGP,95c926f9-ad39-11ef-a0b6-e4a8dfc2a9a8,efficiency_cooling,27,48,0.10962390899658203,0.055002689361572266,29758.0,0.12093435972929001,187,1
StandardGSGP,95c926f9-ad39-11ef-a0b6-e4a8dfc2a9a8,efficiency_cooling,27,49,0.10962390899658203,0.12679195404052734,29288.0,0.12093435972929001,187,1
StandardGSGP,95c926f9-ad39-11ef-a0b6-e4a8dfc2a9a8,efficiency_cooling,27,50,0.10962390899658203,0.054996490478515625,28346.0,0.12093435972929001,187,1
StandardGSGP,95c926f9-ad39-11ef-a0b6-e4a8dfc2a9a8,efficiency_cooling,27,51,0.10859017074108124,0.05583357810974121,28642.0,0.11669512093067169,217,1
StandardGSGP,95c926f9-ad39-11ef-a0b6-e4a8dfc2a9a8,efficiency_cooling,27,52,0.10859017074108124,0.05741405487060547,30094.0,0.11669512093067169,217,1
StandardGSGP,95c926f9-ad39-11ef-a0b6-e4a8dfc2a9a8,efficiency_cooling,27,53,0.10859017074108124,0.06051015853881836,30594.0,0.11669512093067169,217,1
StandardGSGP,95c926f9-ad39-11ef-a0b6-e4a8dfc2a9a8,efficiency_cooling,27,54,0.10859017074108124,0.058510780334472656,30452.0,0.11669512093067169,217,1
StandardGSGP,95c926f9-ad39-11ef-a0b6-e4a8dfc2a9a8,efficiency_cooling,27,55,0.10859017074108124,0.056122541427612305,30888.0,0.11669512093067169,217,1
StandardGSGP,95c926f9-ad39-11ef-a0b6-e4a8dfc2a9a8,efficiency_cooling,27,56,0.10859017074108124,0.05222058296203613,29830.0,0.11669512093067169,217,1
StandardGSGP,95c926f9-ad39-11ef-a0b6-e4a8dfc2a9a8,efficiency_cooling,27,57,0.10795638710260391,0.057000160217285156,29398.0,0.11628742516040802,235,1
StandardGSGP,95c926f9-ad39-11ef-a0b6-e4a8dfc2a9a8,efficiency_cooling,27,58,0.10795638710260391,0.05450916290283203,28858.0,0.11628742516040802,235,1
StandardGSGP,95c926f9-ad39-11ef-a0b6-e4a8dfc2a9a8,efficiency_cooling,27,59,0.10795638710260391,0.05600285530090332,29148.0,0.11628742516040802,235,1
StandardGSGP,95c926f9-ad39-11ef-a0b6-e4a8dfc2a9a8,efficiency_cooling,27,60,0.10613177716732025,0.05650806427001953,29188.0,0.11786813288927078,271,1
StandardGSGP,95c926f9-ad39-11ef-a0b6-e4a8dfc2a9a8,efficiency_cooling,27,61,0.1050187423825264,0.055510759353637695,29588.0,0.1166062206029892,283,1
StandardGSGP,95c926f9-ad39-11ef-a0b6-e4a8dfc2a9a8,efficiency_cooling,27,62,0.1050187423825264,0.056998252868652344,30540.0,0.1166062206029892,283,1
StandardGSGP,95c926f9-ad39-11ef-a0b6-e4a8dfc2a9a8,efficiency_cooling,27,63,0.1050187423825264,0.05825042724609375,30724.0,0.1166062206029892,283,1
StandardGSGP,95c926f9-ad39-11ef-a0b6-e4a8dfc2a9a8,efficiency_cooling,27,64,0.1042516902089119,0.056009769439697266,31666.0,0.1125924214720726,309,1
StandardGSGP,95c926f9-ad39-11ef-a0b6-e4a8dfc2a9a8,efficiency_cooling,27,65,0.103556789457798,0.05651998519897461,32672.0,0.11077424138784409,315,1
StandardGSGP,95c926f9-ad39-11ef-a0b6-e4a8dfc2a9a8,efficiency_cooling,27,66,0.103556789457798,0.05853080749511719,32980.0,0.11077424138784409,315,1
StandardGSGP,95c926f9-ad39-11ef-a0b6-e4a8dfc2a9a8,efficiency_cooling,27,67,0.103556789457798,0.057997703552246094,34090.0,0.11077424138784409,315,1
StandardGSGP,95c926f9-ad39-11ef-a0b6-e4a8dfc2a9a8,efficiency_cooling,27,68,0.103556789457798,0.05722498893737793,34904.0,0.11077424138784409,315,1
StandardGSGP,95c926f9-ad39-11ef-a0b6-e4a8dfc2a9a8,efficiency_cooling,27,69,0.103556789457798,0.05891275405883789,35232.0,0.11077424138784409,315,1
StandardGSGP,95c926f9-ad39-11ef-a0b6-e4a8dfc2a9a8,efficiency_cooling,27,70,0.10331606864929199,0.061157941818237305,36102.0,0.1109057292342186,323,1
StandardGSGP,95c926f9-ad39-11ef-a0b6-e4a8dfc2a9a8,efficiency_cooling,27,71,0.1019749715924263,0.056509971618652344,35808.0,0.10875426977872849,321,1
StandardGSGP,95c926f9-ad39-11ef-a0b6-e4a8dfc2a9a8,efficiency_cooling,27,72,0.1019749715924263,0.05673694610595703,36480.0,0.10875426977872849,321,1
StandardGSGP,95c926f9-ad39-11ef-a0b6-e4a8dfc2a9a8,efficiency_cooling,27,73,0.1019749715924263,0.05899548530578613,36996.0,0.10875426977872849,321,1
StandardGSGP,95c926f9-ad39-11ef-a0b6-e4a8dfc2a9a8,efficiency_cooling,27,74,0.1019749715924263,0.05673336982727051,37496.0,0.10875426977872849,321,1
StandardGSGP,95c926f9-ad39-11ef-a0b6-e4a8dfc2a9a8,efficiency_cooling,27,75,0.1019749715924263,0.05724954605102539,37484.0,0.10875426977872849,321,1
StandardGSGP,95c926f9-ad39-11ef-a0b6-e4a8dfc2a9a8,efficiency_cooling,27,76,0.1019749715924263,0.061876535415649414,37848.0,0.10875426977872849,321,1
StandardGSGP,95c926f9-ad39-11ef-a0b6-e4a8dfc2a9a8,efficiency_cooling,27,77,0.1019749715924263,0.05584979057312012,38500.0,0.10875426977872849,321,1
StandardGSGP,95c926f9-ad39-11ef-a0b6-e4a8dfc2a9a8,efficiency_cooling,27,78,0.1019749715924263,0.05450940132141113,38946.0,0.10875426977872849,321,1
StandardGSGP,95c926f9-ad39-11ef-a0b6-e4a8dfc2a9a8,efficiency_cooling,27,79,0.1019749715924263,0.05856060981750488,39478.0,0.10875426977872849,321,1
StandardGSGP,95c926f9-ad39-11ef-a0b6-e4a8dfc2a9a8,efficiency_cooling,27,80,0.1019749715924263,0.05722236633300781,39582.0,0.10875426977872849,321,1
StandardGSGP,95c926f9-ad39-11ef-a0b6-e4a8dfc2a9a8,efficiency_cooling,27,81,0.1019749715924263,0.057024240493774414,39814.0,0.10875426977872849,321,1
StandardGSGP,95c926f9-ad39-11ef-a0b6-e4a8dfc2a9a8,efficiency_cooling,27,82,0.1019749715924263,0.05400586128234863,39624.0,0.10875426977872849,321,1
StandardGSGP,95c926f9-ad39-11ef-a0b6-e4a8dfc2a9a8,efficiency_cooling,27,83,0.1019749715924263,0.058847904205322266,39416.0,0.10875426977872849,321,1
StandardGSGP,95c926f9-ad39-11ef-a0b6-e4a8dfc2a9a8,efficiency_cooling,27,84,0.1019749715924263,0.05899953842163086,40358.0,0.10875426977872849,321,1
StandardGSGP,95c926f9-ad39-11ef-a0b6-e4a8dfc2a9a8,efficiency_cooling,27,85,0.1019749715924263,0.05851340293884277,40810.0,0.10875426977872849,321,1
StandardGSGP,95c926f9-ad39-11ef-a0b6-e4a8dfc2a9a8,efficiency_cooling,27,86,0.1019749715924263,0.05949044227600098,40708.0,0.10875426977872849,321,1
StandardGSGP,95c926f9-ad39-11ef-a0b6-e4a8dfc2a9a8,efficiency_cooling,27,87,0.1019749715924263,0.05450892448425293,40228.0,0.10875426977872849,321,1
StandardGSGP,95c926f9-ad39-11ef-a0b6-e4a8dfc2a9a8,efficiency_cooling,27,88,0.1019749715924263,0.057756662368774414,40470.0,0.10875426977872849,321,1
StandardGSGP,95c926f9-ad39-11ef-a0b6-e4a8dfc2a9a8,efficiency_cooling,27,89,0.10150235891342163,0.05699419975280762,41250.0,0.11152651160955429,375,1
StandardGSGP,95c926f9-ad39-11ef-a0b6-e4a8dfc2a9a8,efficiency_cooling,27,90,0.10150235891342163,0.056509971618652344,40762.0,0.11152651160955429,375,1
StandardGSGP,95c926f9-ad39-11ef-a0b6-e4a8dfc2a9a8,efficiency_cooling,27,91,0.10061335563659668,0.05484485626220703,41236.0,0.11067996919155121,385,1
StandardGSGP,95c926f9-ad39-11ef-a0b6-e4a8dfc2a9a8,efficiency_cooling,27,92,0.09847743809223175,0.05672478675842285,40792.0,0.10830353200435638,391,1
StandardGSGP,95c926f9-ad39-11ef-a0b6-e4a8dfc2a9a8,efficiency_cooling,27,93,0.09847743809223175,0.06065797805786133,41216.0,0.10830353200435638,391,1
StandardGSGP,95c926f9-ad39-11ef-a0b6-e4a8dfc2a9a8,efficiency_cooling,27,94,0.09847743809223175,0.05721855163574219,41660.0,0.10830353200435638,391,1
StandardGSGP,95c926f9-ad39-11ef-a0b6-e4a8dfc2a9a8,efficiency_cooling,27,95,0.09847743809223175,0.06004834175109863,42368.0,0.10830353200435638,391,1
StandardGSGP,95c926f9-ad39-11ef-a0b6-e4a8dfc2a9a8,efficiency_cooling,27,96,0.09847743809223175,0.06100201606750488,43352.0,0.10830353200435638,391,1
StandardGSGP,95c926f9-ad39-11ef-a0b6-e4a8dfc2a9a8,efficiency_cooling,27,97,0.09847743809223175,0.05849885940551758,43562.0,0.10830353200435638,391,1
StandardGSGP,95c926f9-ad39-11ef-a0b6-e4a8dfc2a9a8,efficiency_cooling,27,98,0.09603148698806763,0.0595860481262207,43706.0,0.10541518032550812,411,1
StandardGSGP,95c926f9-ad39-11ef-a0b6-e4a8dfc2a9a8,efficiency_cooling,27,99,0.09603148698806763,0.054000139236450195,44316.0,0.10541518032550812,411,1
StandardGSGP,95c926f9-ad39-11ef-a0b6-e4a8dfc2a9a8,efficiency_cooling,27,100,0.09603148698806763,0.0575106143951416,44942.0,0.10541518032550812,411,1
StandardGSGP,10bbd557-ad3a-11ef-945d-e4a8dfc2a9a8,efficiency_cooling,27,0,15.521202087402344,0.04263162612915039,880.0,16.849002838134766,3,1
StandardGSGP,10bbd557-ad3a-11ef-945d-e4a8dfc2a9a8,efficiency_cooling,27,1,15.521202087402344,0.06745171546936035,1680.0,16.849002838134766,3,1
StandardGSGP,10bbd557-ad3a-11ef-945d-e4a8dfc2a9a8,efficiency_cooling,27,2,15.28986644744873,0.06707096099853516,2934.0,16.614103317260742,19,1
StandardGSGP,10bbd557-ad3a-11ef-945d-e4a8dfc2a9a8,efficiency_cooling,27,3,14.699236869812012,0.13885951042175293,3702.0,16.01065444946289,35,1
StandardGSGP,10bbd557-ad3a-11ef-945d-e4a8dfc2a9a8,efficiency_cooling,27,4,14.533845901489258,0.06251049041748047,4008.0,15.843552589416504,41,1
StandardGSGP,10bbd557-ad3a-11ef-945d-e4a8dfc2a9a8,efficiency_cooling,27,5,14.251266479492188,0.07028746604919434,4420.0,15.542258262634277,49,1
StandardGSGP,10bbd557-ad3a-11ef-945d-e4a8dfc2a9a8,efficiency_cooling,27,6,13.842225074768066,0.06551122665405273,5646.0,15.131063461303711,59,1
StandardGSGP,10bbd557-ad3a-11ef-945d-e4a8dfc2a9a8,efficiency_cooling,27,7,13.666196823120117,0.06351637840270996,6692.0,14.94642448425293,69,1
StandardGSGP,10bbd557-ad3a-11ef-945d-e4a8dfc2a9a8,efficiency_cooling,27,8,13.263291358947754,0.060997724533081055,7726.0,14.530319213867188,79,1
StandardGSGP,10bbd557-ad3a-11ef-945d-e4a8dfc2a9a8,efficiency_cooling,27,9,13.089835166931152,0.08324718475341797,8652.0,14.344244956970215,87,1
StandardGSGP,10bbd557-ad3a-11ef-945d-e4a8dfc2a9a8,efficiency_cooling,27,10,12.76236629486084,0.06300735473632812,9550.0,13.992897987365723,99,1
StandardGSGP,10bbd557-ad3a-11ef-945d-e4a8dfc2a9a8,efficiency_cooling,27,11,12.581724166870117,0.06600332260131836,10610.0,13.775717735290527,105,1
StandardGSGP,10bbd557-ad3a-11ef-945d-e4a8dfc2a9a8,efficiency_cooling,27,12,12.551885604858398,0.06253337860107422,11704.0,13.760854721069336,115,1
StandardGSGP,10bbd557-ad3a-11ef-945d-e4a8dfc2a9a8,efficiency_cooling,27,13,12.342569351196289,0.07889676094055176,12420.0,13.509140014648438,127,1
StandardGSGP,10bbd557-ad3a-11ef-945d-e4a8dfc2a9a8,efficiency_cooling,27,14,12.19599723815918,0.0702521800994873,13058.0,13.338831901550293,135,1
StandardGSGP,10bbd557-ad3a-11ef-945d-e4a8dfc2a9a8,efficiency_cooling,27,15,12.027568817138672,0.06406831741333008,13732.0,13.136039733886719,145,1
StandardGSGP,10bbd557-ad3a-11ef-945d-e4a8dfc2a9a8,efficiency_cooling,27,16,11.90711498260498,0.06667041778564453,14868.0,12.985395431518555,151,1
StandardGSGP,10bbd557-ad3a-11ef-945d-e4a8dfc2a9a8,efficiency_cooling,27,17,11.828059196472168,0.060211181640625,15902.0,12.883781433105469,163,1
StandardGSGP,10bbd557-ad3a-11ef-945d-e4a8dfc2a9a8,efficiency_cooling,27,18,11.770598411560059,0.06717777252197266,16952.0,12.831655502319336,169,1
StandardGSGP,10bbd557-ad3a-11ef-945d-e4a8dfc2a9a8,efficiency_cooling,27,19,11.642820358276367,0.06500554084777832,17888.0,12.626797676086426,179,1
StandardGSGP,10bbd557-ad3a-11ef-945d-e4a8dfc2a9a8,efficiency_cooling,27,20,11.619397163391113,0.06306934356689453,18802.0,12.588615417480469,185,1
StandardGSGP,10bbd557-ad3a-11ef-945d-e4a8dfc2a9a8,efficiency_cooling,27,21,11.460221290588379,0.06299877166748047,19782.0,12.41379451751709,187,1
StandardGSGP,10bbd557-ad3a-11ef-945d-e4a8dfc2a9a8,efficiency_cooling,27,22,11.460221290588379,0.0665125846862793,20558.0,12.41379451751709,187,1
StandardGSGP,10bbd557-ad3a-11ef-945d-e4a8dfc2a9a8,efficiency_cooling,27,23,11.388310432434082,0.06550788879394531,21380.0,12.314653396606445,223,1
StandardGSGP,10bbd557-ad3a-11ef-945d-e4a8dfc2a9a8,efficiency_cooling,27,24,11.276741027832031,0.06699991226196289,22100.0,12.219496726989746,245,1
StandardGSGP,10bbd557-ad3a-11ef-945d-e4a8dfc2a9a8,efficiency_cooling,27,25,11.14466667175293,0.06406378746032715,23028.0,12.064705848693848,205,1
StandardGSGP,10bbd557-ad3a-11ef-945d-e4a8dfc2a9a8,efficiency_cooling,27,26,11.100444793701172,0.06181526184082031,24314.0,12.054905891418457,255,1
StandardGSGP,10bbd557-ad3a-11ef-945d-e4a8dfc2a9a8,efficiency_cooling,27,27,11.089174270629883,0.060605764389038086,25124.0,12.033918380737305,263,1
StandardGSGP,10bbd557-ad3a-11ef-945d-e4a8dfc2a9a8,efficiency_cooling,27,28,11.001899719238281,0.06293749809265137,25522.0,11.970196723937988,233,1
StandardGSGP,10bbd557-ad3a-11ef-945d-e4a8dfc2a9a8,efficiency_cooling,27,29,10.898969650268555,0.06920456886291504,26530.0,11.808650970458984,279,1
StandardGSGP,10bbd557-ad3a-11ef-945d-e4a8dfc2a9a8,efficiency_cooling,27,30,10.86080265045166,0.0630044937133789,27894.0,11.78078842163086,285,1
StandardGSGP,10bbd557-ad3a-11ef-945d-e4a8dfc2a9a8,efficiency_cooling,27,31,10.817577362060547,0.0625154972076416,27962.0,11.715702056884766,267,1
StandardGSGP,10bbd557-ad3a-11ef-945d-e4a8dfc2a9a8,efficiency_cooling,27,32,10.797324180603027,0.06773734092712402,28066.0,11.783791542053223,263,1
StandardGSGP,10bbd557-ad3a-11ef-945d-e4a8dfc2a9a8,efficiency_cooling,27,33,10.686772346496582,0.07361483573913574,30106.0,11.542867660522461,285,1
StandardGSGP,10bbd557-ad3a-11ef-945d-e4a8dfc2a9a8,efficiency_cooling,27,34,10.668538093566895,0.06492304801940918,30970.0,11.560609817504883,299,1
StandardGSGP,10bbd557-ad3a-11ef-945d-e4a8dfc2a9a8,efficiency_cooling,27,35,10.596449851989746,0.0645151138305664,31352.0,11.436431884765625,315,1
StandardGSGP,10bbd557-ad3a-11ef-945d-e4a8dfc2a9a8,efficiency_cooling,27,36,10.59334945678711,0.06098818778991699,31346.0,11.44788932800293,323,1
StandardGSGP,10bbd557-ad3a-11ef-945d-e4a8dfc2a9a8,efficiency_cooling,27,37,10.56808090209961,0.06650996208190918,32072.0,11.439936637878418,335,1
StandardGSGP,10bbd557-ad3a-11ef-945d-e4a8dfc2a9a8,efficiency_cooling,27,38,10.546061515808105,0.06395483016967773,33432.0,11.377685546875,345,1
StandardGSGP,10bbd557-ad3a-11ef-945d-e4a8dfc2a9a8,efficiency_cooling,27,39,10.37002944946289,0.06499791145324707,34644.0,11.222322463989258,343,1
StandardGSGP,10bbd557-ad3a-11ef-945d-e4a8dfc2a9a8,efficiency_cooling,27,40,10.31805419921875,0.06046342849731445,35452.0,11.174725532531738,369,1
StandardGSGP,10bbd557-ad3a-11ef-945d-e4a8dfc2a9a8,efficiency_cooling,27,41,10.252161026000977,0.06363892555236816,36322.0,11.057586669921875,355,1
StandardGSGP,10bbd557-ad3a-11ef-945d-e4a8dfc2a9a8,efficiency_cooling,27,42,10.252155303955078,0.06061434745788574,37196.0,11.05758285522461,363,1
StandardGSGP,10bbd557-ad3a-11ef-945d-e4a8dfc2a9a8,efficiency_cooling,27,43,10.186245918273926,0.06401395797729492,38342.0,11.062211036682129,405,1
StandardGSGP,10bbd557-ad3a-11ef-945d-e4a8dfc2a9a8,efficiency_cooling,27,44,10.16844654083252,0.06300735473632812,39376.0,11.04248332977295,413,1
StandardGSGP,10bbd557-ad3a-11ef-945d-e4a8dfc2a9a8,efficiency_cooling,27,45,10.119022369384766,0.061504364013671875,40762.0,11.035551071166992,419,1
StandardGSGP,10bbd557-ad3a-11ef-945d-e4a8dfc2a9a8,efficiency_cooling,27,46,10.0000638961792,0.06450939178466797,42722.0,10.892927169799805,425,1
StandardGSGP,10bbd557-ad3a-11ef-945d-e4a8dfc2a9a8,efficiency_cooling,27,47,10.0000638961792,0.06299901008605957,43846.0,10.892927169799805,425,1
StandardGSGP,10bbd557-ad3a-11ef-945d-e4a8dfc2a9a8,efficiency_cooling,27,48,9.943232536315918,0.06151080131530762,44780.0,10.814372062683105,453,1
StandardGSGP,10bbd557-ad3a-11ef-945d-e4a8dfc2a9a8,efficiency_cooling,27,49,9.821474075317383,0.06652545928955078,45566.0,10.685487747192383,443,1
StandardGSGP,10bbd557-ad3a-11ef-945d-e4a8dfc2a9a8,efficiency_cooling,27,50,9.821474075317383,0.06225752830505371,46150.0,10.685487747192383,443,1
StandardGSGP,10bbd557-ad3a-11ef-945d-e4a8dfc2a9a8,efficiency_cooling,27,51,9.776168823242188,0.06150984764099121,46908.0,10.639019012451172,485,1
StandardGSGP,10bbd557-ad3a-11ef-945d-e4a8dfc2a9a8,efficiency_cooling,27,52,9.724074363708496,0.06351089477539062,47320.0,10.59248161315918,467,1
StandardGSGP,10bbd557-ad3a-11ef-945d-e4a8dfc2a9a8,efficiency_cooling,27,53,9.588799476623535,0.06222653388977051,48310.0,10.490291595458984,483,1
StandardGSGP,10bbd557-ad3a-11ef-945d-e4a8dfc2a9a8,efficiency_cooling,27,54,9.574976921081543,0.06528019905090332,49542.0,10.494708061218262,493,1
StandardGSGP,10bbd557-ad3a-11ef-945d-e4a8dfc2a9a8,efficiency_cooling,27,55,9.529966354370117,0.067047119140625,50606.0,10.437921524047852,501,1
StandardGSGP,10bbd557-ad3a-11ef-945d-e4a8dfc2a9a8,efficiency_cooling,27,56,9.476971626281738,0.06998968124389648,51340.0,10.41085147857666,501,1
StandardGSGP,10bbd557-ad3a-11ef-945d-e4a8dfc2a9a8,efficiency_cooling,27,57,9.444070816040039,0.06350302696228027,51586.0,10.372124671936035,511,1
StandardGSGP,10bbd557-ad3a-11ef-945d-e4a8dfc2a9a8,efficiency_cooling,27,58,9.35816764831543,0.061508893966674805,52524.0,10.225693702697754,529,1
StandardGSGP,10bbd557-ad3a-11ef-945d-e4a8dfc2a9a8,efficiency_cooling,27,59,9.327150344848633,0.06399917602539062,53308.0,10.24582576751709,525,1
StandardGSGP,10bbd557-ad3a-11ef-945d-e4a8dfc2a9a8,efficiency_cooling,27,60,9.170051574707031,0.06850957870483398,54412.0,9.983159065246582,547,1
StandardGSGP,10bbd557-ad3a-11ef-945d-e4a8dfc2a9a8,efficiency_cooling,27,61,9.170051574707031,0.06025242805480957,55364.0,9.983159065246582,547,1
StandardGSGP,10bbd557-ad3a-11ef-945d-e4a8dfc2a9a8,efficiency_cooling,27,62,9.107142448425293,0.06724953651428223,55892.0,9.9297456741333,553,1
StandardGSGP,10bbd557-ad3a-11ef-945d-e4a8dfc2a9a8,efficiency_cooling,27,63,8.927240371704102,0.06514334678649902,56392.0,9.808988571166992,567,1
StandardGSGP,10bbd557-ad3a-11ef-945d-e4a8dfc2a9a8,efficiency_cooling,27,64,8.924067497253418,0.06350278854370117,57316.0,9.82474422454834,573,1
StandardGSGP,10bbd557-ad3a-11ef-945d-e4a8dfc2a9a8,efficiency_cooling,27,65,8.90761947631836,0.1375131607055664,58124.0,9.783621788024902,573,1
StandardGSGP,10bbd557-ad3a-11ef-945d-e4a8dfc2a9a8,efficiency_cooling,27,66,8.905372619628906,0.06979870796203613,58854.0,9.799266815185547,581,1
StandardGSGP,10bbd557-ad3a-11ef-945d-e4a8dfc2a9a8,efficiency_cooling,27,67,8.876749992370605,0.06399846076965332,59498.0,9.77518367767334,599,1
StandardGSGP,10bbd557-ad3a-11ef-945d-e4a8dfc2a9a8,efficiency_cooling,27,68,8.81086254119873,0.06311297416687012,60404.0,9.72028636932373,607,1
StandardGSGP,10bbd557-ad3a-11ef-945d-e4a8dfc2a9a8,efficiency_cooling,27,69,8.77144718170166,0.06601262092590332,61328.0,9.679965019226074,611,1
StandardGSGP,10bbd557-ad3a-11ef-945d-e4a8dfc2a9a8,efficiency_cooling,27,70,8.738066673278809,0.06871271133422852,62300.0,9.626313209533691,621,1
StandardGSGP,10bbd557-ad3a-11ef-945d-e4a8dfc2a9a8,efficiency_cooling,27,71,8.72780704498291,0.06835293769836426,63210.0,9.643108367919922,617,1
StandardGSGP,10bbd557-ad3a-11ef-945d-e4a8dfc2a9a8,efficiency_cooling,27,72,8.540358543395996,0.06336092948913574,63884.0,9.423617362976074,631,1
StandardGSGP,10bbd557-ad3a-11ef-945d-e4a8dfc2a9a8,efficiency_cooling,27,73,8.539212226867676,0.06302857398986816,64492.0,9.428193092346191,637,1
StandardGSGP,10bbd557-ad3a-11ef-945d-e4a8dfc2a9a8,efficiency_cooling,27,74,8.494922637939453,0.06300783157348633,65030.0,9.396090507507324,645,1
StandardGSGP,10bbd557-ad3a-11ef-945d-e4a8dfc2a9a8,efficiency_cooling,27,75,8.338910102844238,0.06564188003540039,65492.0,9.235742568969727,663,1
StandardGSGP,10bbd557-ad3a-11ef-945d-e4a8dfc2a9a8,efficiency_cooling,27,76,8.338844299316406,0.06498050689697266,66492.0,9.23025131225586,673,1
StandardGSGP,10bbd557-ad3a-11ef-945d-e4a8dfc2a9a8,efficiency_cooling,27,77,8.128446578979492,0.06150650978088379,67458.0,8.954895973205566,689,1
StandardGSGP,10bbd557-ad3a-11ef-945d-e4a8dfc2a9a8,efficiency_cooling,27,78,8.128446578979492,0.06363368034362793,68498.0,8.954895973205566,689,1
StandardGSGP,10bbd557-ad3a-11ef-945d-e4a8dfc2a9a8,efficiency_cooling,27,79,8.128334045410156,0.0639946460723877,69202.0,8.955097198486328,701,1
StandardGSGP,10bbd557-ad3a-11ef-945d-e4a8dfc2a9a8,efficiency_cooling,27,80,8.049188613891602,0.06950688362121582,70074.0,8.884310722351074,685,1
StandardGSGP,10bbd557-ad3a-11ef-945d-e4a8dfc2a9a8,efficiency_cooling,27,81,8.014471054077148,0.07450747489929199,71214.0,8.894124031066895,711,1
StandardGSGP,10bbd557-ad3a-11ef-945d-e4a8dfc2a9a8,efficiency_cooling,27,82,7.952347755432129,0.06501483917236328,72058.0,8.771920204162598,729,1
StandardGSGP,10bbd557-ad3a-11ef-945d-e4a8dfc2a9a8,efficiency_cooling,27,83,7.9508209228515625,0.06283450126647949,72358.0,8.769277572631836,737,1
StandardGSGP,10bbd557-ad3a-11ef-945d-e4a8dfc2a9a8,efficiency_cooling,27,84,7.942246913909912,0.06351113319396973,73368.0,8.806028366088867,737,1
StandardGSGP,10bbd557-ad3a-11ef-945d-e4a8dfc2a9a8,efficiency_cooling,27,85,7.860925197601318,0.06351399421691895,74650.0,8.766700744628906,739,1
StandardGSGP,10bbd557-ad3a-11ef-945d-e4a8dfc2a9a8,efficiency_cooling,27,86,7.8003692626953125,0.07150411605834961,75876.0,8.563783645629883,765,1
StandardGSGP,10bbd557-ad3a-11ef-945d-e4a8dfc2a9a8,efficiency_cooling,27,87,7.5914506912231445,0.06751441955566406,76442.0,8.410544395446777,765,1
StandardGSGP,10bbd557-ad3a-11ef-945d-e4a8dfc2a9a8,efficiency_cooling,27,88,7.577763080596924,0.06200718879699707,77066.0,8.407092094421387,771,1
StandardGSGP,10bbd557-ad3a-11ef-945d-e4a8dfc2a9a8,efficiency_cooling,27,89,7.566678047180176,0.06900453567504883,78252.0,8.390373229980469,785,1
StandardGSGP,10bbd557-ad3a-11ef-945d-e4a8dfc2a9a8,efficiency_cooling,27,90,7.536497116088867,0.06551313400268555,79134.0,8.330857276916504,801,1
StandardGSGP,10bbd557-ad3a-11ef-945d-e4a8dfc2a9a8,efficiency_cooling,27,91,7.39149284362793,0.06250834465026855,80160.0,8.24844741821289,803,1
StandardGSGP,10bbd557-ad3a-11ef-945d-e4a8dfc2a9a8,efficiency_cooling,27,92,7.328216075897217,0.06551218032836914,81174.0,8.190269470214844,807,1
StandardGSGP,10bbd557-ad3a-11ef-945d-e4a8dfc2a9a8,efficiency_cooling,27,93,7.290496349334717,0.06513237953186035,82162.0,8.161322593688965,817,1
StandardGSGP,10bbd557-ad3a-11ef-945d-e4a8dfc2a9a8,efficiency_cooling,27,94,7.271054744720459,0.06482815742492676,83066.0,8.09542465209961,823,1
StandardGSGP,10bbd557-ad3a-11ef-945d-e4a8dfc2a9a8,efficiency_cooling,27,95,7.096997261047363,0.06943821907043457,83660.0,7.888054847717285,853,1
StandardGSGP,10bbd557-ad3a-11ef-945d-e4a8dfc2a9a8,efficiency_cooling,27,96,7.096997261047363,0.06450867652893066,84450.0,7.888054847717285,853,1
StandardGSGP,10bbd557-ad3a-11ef-945d-e4a8dfc2a9a8,efficiency_cooling,27,97,7.0836381912231445,0.06351041793823242,85568.0,7.923810958862305,871,1
StandardGSGP,10bbd557-ad3a-11ef-945d-e4a8dfc2a9a8,efficiency_cooling,27,98,6.936394691467285,0.062000274658203125,86820.0,7.748235702514648,867,1
StandardGSGP,10bbd557-ad3a-11ef-945d-e4a8dfc2a9a8,efficiency_cooling,27,99,6.900205612182617,0.06451058387756348,88010.0,7.645962715148926,881,1
StandardGSGP,10bbd557-ad3a-11ef-945d-e4a8dfc2a9a8,efficiency_cooling,27,100,6.89646577835083,0.060003042221069336,88952.0,7.654778480529785,887,1
