StandardGSGP,532bdd66-ad39-11ef-911a-e4a8dfc2a9a8,efficiency_cooling,9,0,0.23434926569461823,0.02758026123046875,608.0,0.2374391406774521,3,1
StandardGSGP,532bdd66-ad39-11ef-911a-e4a8dfc2a9a8,efficiency_cooling,9,1,0.22681725025177002,0.05602836608886719,1296.0,0.2308720499277115,9,1
StandardGSGP,532bdd66-ad39-11ef-911a-e4a8dfc2a9a8,efficiency_cooling,9,2,0.21203143894672394,0.05462288856506348,1996.0,0.21708664298057556,19,1
StandardGSGP,532bdd66-ad39-11ef-911a-e4a8dfc2a9a8,efficiency_cooling,9,3,0.19937892258167267,0.06000399589538574,2590.0,0.20664899051189423,29,1
StandardGSGP,532bdd66-ad39-11ef-911a-e4a8dfc2a9a8,efficiency_cooling,9,4,0.18369899690151215,0.05650138854980469,3362.0,0.1920720934867859,31,1
StandardGSGP,532bdd66-ad39-11ef-911a-e4a8dfc2a9a8,efficiency_cooling,9,5,0.17105500400066376,0.0575108528137207,4118.0,0.17808836698532104,33,1
StandardGSGP,532bdd66-ad39-11ef-911a-e4a8dfc2a9a8,efficiency_cooling,9,6,0.17105500400066376,0.059507131576538086,4846.0,0.17808836698532104,33,1
StandardGSGP,532bdd66-ad39-11ef-911a-e4a8dfc2a9a8,efficiency_cooling,9,7,0.17105500400066376,0.058515310287475586,5514.0,0.17808836698532104,33,1
StandardGSGP,532bdd66-ad39-11ef-911a-e4a8dfc2a9a8,efficiency_cooling,9,8,0.1627221703529358,0.06000685691833496,6172.0,0.1686633676290512,47,1
StandardGSGP,532bdd66-ad39-11ef-911a-e4a8dfc2a9a8,efficiency_cooling,9,9,0.1588008552789688,0.0568850040435791,7020.0,0.1542714238166809,63,1
StandardGSGP,532bdd66-ad39-11ef-911a-e4a8dfc2a9a8,efficiency_cooling,9,10,0.13417655229568481,0.0557398796081543,7618.0,0.14774571359157562,71,1
StandardGSGP,532bdd66-ad39-11ef-911a-e4a8dfc2a9a8,efficiency_cooling,9,11,0.13090282678604126,0.0579988956451416,8212.0,0.1448550671339035,77,1
StandardGSGP,532bdd66-ad39-11ef-911a-e4a8dfc2a9a8,efficiency_cooling,9,12,0.13090282678604126,0.055507659912109375,8840.0,0.1448550671339035,77,1
StandardGSGP,532bdd66-ad39-11ef-911a-e4a8dfc2a9a8,efficiency_cooling,9,13,0.13090282678604126,0.056002140045166016,9390.0,0.1448550671339035,77,1
StandardGSGP,532bdd66-ad39-11ef-911a-e4a8dfc2a9a8,efficiency_cooling,9,14,0.13090282678604126,0.06121373176574707,9988.0,0.1448550671339035,77,1
StandardGSGP,532bdd66-ad39-11ef-911a-e4a8dfc2a9a8,efficiency_cooling,9,15,0.13090282678604126,0.05613231658935547,10602.0,0.1448550671339035,77,1
StandardGSGP,532bdd66-ad39-11ef-911a-e4a8dfc2a9a8,efficiency_cooling,9,16,0.1245928406715393,0.0531010627746582,11300.0,0.1375526487827301,85,1
StandardGSGP,532bdd66-ad39-11ef-911a-e4a8dfc2a9a8,efficiency_cooling,9,17,0.12318357080221176,0.054506778717041016,11578.0,0.1360275000333786,93,1
StandardGSGP,532bdd66-ad39-11ef-911a-e4a8dfc2a9a8,efficiency_cooling,9,18,0.12318357080221176,0.06935763359069824,12228.0,0.1360275000333786,93,1
StandardGSGP,532bdd66-ad39-11ef-911a-e4a8dfc2a9a8,efficiency_cooling,9,19,0.12318357080221176,0.05472850799560547,12502.0,0.1360275000333786,93,1
StandardGSGP,532bdd66-ad39-11ef-911a-e4a8dfc2a9a8,efficiency_cooling,9,20,0.11514013260602951,0.061568260192871094,12784.0,0.12647686898708344,109,1
StandardGSGP,532bdd66-ad39-11ef-911a-e4a8dfc2a9a8,efficiency_cooling,9,21,0.11514013260602951,0.0550229549407959,13040.0,0.12647686898708344,109,1
StandardGSGP,532bdd66-ad39-11ef-911a-e4a8dfc2a9a8,efficiency_cooling,9,22,0.113002248108387,0.056305885314941406,13452.0,0.12554897367954254,117,1
StandardGSGP,532bdd66-ad39-11ef-911a-e4a8dfc2a9a8,efficiency_cooling,9,23,0.11108066886663437,0.056984663009643555,14216.0,0.12129895389080048,139,1
StandardGSGP,532bdd66-ad39-11ef-911a-e4a8dfc2a9a8,efficiency_cooling,9,24,0.11108066886663437,0.05996203422546387,14662.0,0.12129895389080048,139,1
StandardGSGP,532bdd66-ad39-11ef-911a-e4a8dfc2a9a8,efficiency_cooling,9,25,0.11108066886663437,0.05251455307006836,15178.0,0.12129895389080048,139,1
StandardGSGP,532bdd66-ad39-11ef-911a-e4a8dfc2a9a8,efficiency_cooling,9,26,0.1090649738907814,0.05982780456542969,15970.0,0.11939791589975357,149,1
StandardGSGP,532bdd66-ad39-11ef-911a-e4a8dfc2a9a8,efficiency_cooling,9,27,0.1090649738907814,0.05885648727416992,16566.0,0.11939791589975357,149,1
StandardGSGP,532bdd66-ad39-11ef-911a-e4a8dfc2a9a8,efficiency_cooling,9,28,0.1090649738907814,0.058953285217285156,17470.0,0.11939791589975357,149,1
StandardGSGP,532bdd66-ad39-11ef-911a-e4a8dfc2a9a8,efficiency_cooling,9,29,0.1090649738907814,0.061509132385253906,18150.0,0.11939791589975357,149,1
StandardGSGP,532bdd66-ad39-11ef-911a-e4a8dfc2a9a8,efficiency_cooling,9,30,0.10783292353153229,0.05500221252441406,18756.0,0.11821608245372772,197,1
StandardGSGP,532bdd66-ad39-11ef-911a-e4a8dfc2a9a8,efficiency_cooling,9,31,0.10783292353153229,0.1326127052307129,19288.0,0.11821608245372772,197,1
StandardGSGP,532bdd66-ad39-11ef-911a-e4a8dfc2a9a8,efficiency_cooling,9,32,0.10783292353153229,0.05616188049316406,20212.0,0.11821608245372772,197,1
StandardGSGP,532bdd66-ad39-11ef-911a-e4a8dfc2a9a8,efficiency_cooling,9,33,0.10783292353153229,0.057509422302246094,20988.0,0.11821608245372772,197,1
StandardGSGP,532bdd66-ad39-11ef-911a-e4a8dfc2a9a8,efficiency_cooling,9,34,0.10783292353153229,0.05650687217712402,21580.0,0.11821608245372772,197,1
StandardGSGP,532bdd66-ad39-11ef-911a-e4a8dfc2a9a8,efficiency_cooling,9,35,0.10783292353153229,0.05843830108642578,22200.0,0.11821608245372772,197,1
StandardGSGP,532bdd66-ad39-11ef-911a-e4a8dfc2a9a8,efficiency_cooling,9,36,0.10783292353153229,0.05623054504394531,22570.0,0.11821608245372772,197,1
StandardGSGP,532bdd66-ad39-11ef-911a-e4a8dfc2a9a8,efficiency_cooling,9,37,0.10783292353153229,0.05450868606567383,23118.0,0.11821608245372772,197,1
StandardGSGP,532bdd66-ad39-11ef-911a-e4a8dfc2a9a8,efficiency_cooling,9,38,0.10783292353153229,0.05851101875305176,23758.0,0.11821608245372772,197,1
StandardGSGP,532bdd66-ad39-11ef-911a-e4a8dfc2a9a8,efficiency_cooling,9,39,0.10783292353153229,0.05500340461730957,24550.0,0.11821608245372772,197,1
StandardGSGP,532bdd66-ad39-11ef-911a-e4a8dfc2a9a8,efficiency_cooling,9,40,0.10507746040821075,0.05400443077087402,25446.0,0.11481344699859619,211,1
StandardGSGP,532bdd66-ad39-11ef-911a-e4a8dfc2a9a8,efficiency_cooling,9,41,0.10507746040821075,0.05550718307495117,25694.0,0.11481344699859619,211,1
StandardGSGP,532bdd66-ad39-11ef-911a-e4a8dfc2a9a8,efficiency_cooling,9,42,0.10507746040821075,0.05700087547302246,26146.0,0.11481344699859619,211,1
StandardGSGP,532bdd66-ad39-11ef-911a-e4a8dfc2a9a8,efficiency_cooling,9,43,0.10507746040821075,0.05828571319580078,25862.0,0.11481344699859619,211,1
StandardGSGP,532bdd66-ad39-11ef-911a-e4a8dfc2a9a8,efficiency_cooling,9,44,0.10430129617452621,0.06049823760986328,26264.0,0.10743160545825958,243,1
StandardGSGP,532bdd66-ad39-11ef-911a-e4a8dfc2a9a8,efficiency_cooling,9,45,0.10430129617452621,0.05750608444213867,26898.0,0.10743160545825958,243,1
StandardGSGP,532bdd66-ad39-11ef-911a-e4a8dfc2a9a8,efficiency_cooling,9,46,0.10430129617452621,0.05722928047180176,27216.0,0.10743160545825958,243,1
StandardGSGP,532bdd66-ad39-11ef-911a-e4a8dfc2a9a8,efficiency_cooling,9,47,0.10430129617452621,0.05814099311828613,27570.0,0.10743160545825958,243,1
StandardGSGP,532bdd66-ad39-11ef-911a-e4a8dfc2a9a8,efficiency_cooling,9,48,0.10430129617452621,0.06151294708251953,27702.0,0.10743160545825958,243,1
StandardGSGP,532bdd66-ad39-11ef-911a-e4a8dfc2a9a8,efficiency_cooling,9,49,0.10430129617452621,0.06238293647766113,28664.0,0.10743160545825958,243,1
StandardGSGP,532bdd66-ad39-11ef-911a-e4a8dfc2a9a8,efficiency_cooling,9,50,0.10430129617452621,0.05999898910522461,29506.0,0.10743160545825958,243,1
StandardGSGP,532bdd66-ad39-11ef-911a-e4a8dfc2a9a8,efficiency_cooling,9,51,0.10430129617452621,0.05951118469238281,29578.0,0.10743160545825958,243,1
StandardGSGP,532bdd66-ad39-11ef-911a-e4a8dfc2a9a8,efficiency_cooling,9,52,0.10430129617452621,0.05799698829650879,30326.0,0.10743160545825958,243,1
StandardGSGP,532bdd66-ad39-11ef-911a-e4a8dfc2a9a8,efficiency_cooling,9,53,0.10430129617452621,0.05892157554626465,30668.0,0.10743160545825958,243,1
StandardGSGP,532bdd66-ad39-11ef-911a-e4a8dfc2a9a8,efficiency_cooling,9,54,0.10430129617452621,0.05410265922546387,32078.0,0.10743160545825958,243,1
StandardGSGP,532bdd66-ad39-11ef-911a-e4a8dfc2a9a8,efficiency_cooling,9,55,0.10430129617452621,0.06400513648986816,33092.0,0.10743160545825958,243,1
StandardGSGP,532bdd66-ad39-11ef-911a-e4a8dfc2a9a8,efficiency_cooling,9,56,0.10400985926389694,0.057024478912353516,34370.0,0.107464998960495,253,1
StandardGSGP,532bdd66-ad39-11ef-911a-e4a8dfc2a9a8,efficiency_cooling,9,57,0.10400985926389694,0.06266379356384277,34552.0,0.107464998960495,253,1
StandardGSGP,532bdd66-ad39-11ef-911a-e4a8dfc2a9a8,efficiency_cooling,9,58,0.10400985926389694,0.05931401252746582,35476.0,0.107464998960495,253,1
StandardGSGP,532bdd66-ad39-11ef-911a-e4a8dfc2a9a8,efficiency_cooling,9,59,0.10400985926389694,0.06451058387756348,34602.0,0.107464998960495,253,1
StandardGSGP,532bdd66-ad39-11ef-911a-e4a8dfc2a9a8,efficiency_cooling,9,60,0.10400985926389694,0.05699753761291504,34392.0,0.107464998960495,253,1
StandardGSGP,532bdd66-ad39-11ef-911a-e4a8dfc2a9a8,efficiency_cooling,9,61,0.1005844995379448,0.06189250946044922,34714.0,0.10357016324996948,267,1
StandardGSGP,532bdd66-ad39-11ef-911a-e4a8dfc2a9a8,efficiency_cooling,9,62,0.1005844995379448,0.055696964263916016,35610.0,0.10357016324996948,267,1
StandardGSGP,532bdd66-ad39-11ef-911a-e4a8dfc2a9a8,efficiency_cooling,9,63,0.1005844995379448,0.05924057960510254,35184.0,0.10357016324996948,267,1
StandardGSGP,532bdd66-ad39-11ef-911a-e4a8dfc2a9a8,efficiency_cooling,9,64,0.1005844995379448,0.05744743347167969,34928.0,0.10357016324996948,267,1
StandardGSGP,532bdd66-ad39-11ef-911a-e4a8dfc2a9a8,efficiency_cooling,9,65,0.1005844995379448,0.05999946594238281,34456.0,0.10357016324996948,267,1
StandardGSGP,532bdd66-ad39-11ef-911a-e4a8dfc2a9a8,efficiency_cooling,9,66,0.1005844995379448,0.0576019287109375,33664.0,0.10357016324996948,267,1
StandardGSGP,532bdd66-ad39-11ef-911a-e4a8dfc2a9a8,efficiency_cooling,9,67,0.1005844995379448,0.05878853797912598,33094.0,0.10357016324996948,267,1
StandardGSGP,532bdd66-ad39-11ef-911a-e4a8dfc2a9a8,efficiency_cooling,9,68,0.1005844995379448,0.05569124221801758,33940.0,0.10357016324996948,267,1
StandardGSGP,532bdd66-ad39-11ef-911a-e4a8dfc2a9a8,efficiency_cooling,9,69,0.1005844995379448,0.058746337890625,33446.0,0.10357016324996948,267,1
StandardGSGP,532bdd66-ad39-11ef-911a-e4a8dfc2a9a8,efficiency_cooling,9,70,0.1005844995379448,0.057964324951171875,33542.0,0.10357016324996948,267,1
StandardGSGP,532bdd66-ad39-11ef-911a-e4a8dfc2a9a8,efficiency_cooling,9,71,0.1005844995379448,0.05751156806945801,34274.0,0.10357016324996948,267,1
StandardGSGP,532bdd66-ad39-11ef-911a-e4a8dfc2a9a8,efficiency_cooling,9,72,0.1005844995379448,0.057999372482299805,35866.0,0.10357016324996948,267,1
StandardGSGP,532bdd66-ad39-11ef-911a-e4a8dfc2a9a8,efficiency_cooling,9,73,0.1005844995379448,0.06663632392883301,35982.0,0.10357016324996948,267,1
StandardGSGP,532bdd66-ad39-11ef-911a-e4a8dfc2a9a8,efficiency_cooling,9,74,0.0988873615860939,0.05839705467224121,35490.0,0.1039072573184967,321,1
StandardGSGP,532bdd66-ad39-11ef-911a-e4a8dfc2a9a8,efficiency_cooling,9,75,0.0988873615860939,0.05794954299926758,36336.0,0.1039072573184967,321,1
StandardGSGP,532bdd66-ad39-11ef-911a-e4a8dfc2a9a8,efficiency_cooling,9,76,0.0988873615860939,0.0719599723815918,36516.0,0.1039072573184967,321,1
StandardGSGP,532bdd66-ad39-11ef-911a-e4a8dfc2a9a8,efficiency_cooling,9,77,0.0988873615860939,0.06774473190307617,36522.0,0.1039072573184967,321,1
StandardGSGP,532bdd66-ad39-11ef-911a-e4a8dfc2a9a8,efficiency_cooling,9,78,0.0988873615860939,0.06700325012207031,36742.0,0.1039072573184967,321,1
StandardGSGP,532bdd66-ad39-11ef-911a-e4a8dfc2a9a8,efficiency_cooling,9,79,0.0988873615860939,0.06150674819946289,37018.0,0.1039072573184967,321,1
StandardGSGP,532bdd66-ad39-11ef-911a-e4a8dfc2a9a8,efficiency_cooling,9,80,0.0988873615860939,0.06157422065734863,37076.0,0.1039072573184967,321,1
StandardGSGP,532bdd66-ad39-11ef-911a-e4a8dfc2a9a8,efficiency_cooling,9,81,0.0988873615860939,0.06308269500732422,37270.0,0.1039072573184967,321,1
StandardGSGP,532bdd66-ad39-11ef-911a-e4a8dfc2a9a8,efficiency_cooling,9,82,0.0988873615860939,0.061507225036621094,37734.0,0.1039072573184967,321,1
StandardGSGP,532bdd66-ad39-11ef-911a-e4a8dfc2a9a8,efficiency_cooling,9,83,0.09702444076538086,0.059711456298828125,37838.0,0.10072530806064606,333,1
StandardGSGP,532bdd66-ad39-11ef-911a-e4a8dfc2a9a8,efficiency_cooling,9,84,0.09702444076538086,0.06197071075439453,38200.0,0.10072530806064606,333,1
StandardGSGP,532bdd66-ad39-11ef-911a-e4a8dfc2a9a8,efficiency_cooling,9,85,0.09702444076538086,0.06351470947265625,37950.0,0.10072530806064606,333,1
StandardGSGP,532bdd66-ad39-11ef-911a-e4a8dfc2a9a8,efficiency_cooling,9,86,0.09702444076538086,0.06851053237915039,37630.0,0.10072530806064606,333,1
StandardGSGP,532bdd66-ad39-11ef-911a-e4a8dfc2a9a8,efficiency_cooling,9,87,0.09702444076538086,0.05800127983093262,38272.0,0.10072530806064606,333,1
StandardGSGP,532bdd66-ad39-11ef-911a-e4a8dfc2a9a8,efficiency_cooling,9,88,0.09702444076538086,0.06259846687316895,38884.0,0.10072530806064606,333,1
StandardGSGP,532bdd66-ad39-11ef-911a-e4a8dfc2a9a8,efficiency_cooling,9,89,0.09702444076538086,0.06611824035644531,38988.0,0.10072530806064606,333,1
StandardGSGP,532bdd66-ad39-11ef-911a-e4a8dfc2a9a8,efficiency_cooling,9,90,0.09675636142492294,0.05937504768371582,39564.0,0.09987430274486542,343,1
StandardGSGP,532bdd66-ad39-11ef-911a-e4a8dfc2a9a8,efficiency_cooling,9,91,0.09654944390058517,0.057507991790771484,40016.0,0.09910384565591812,355,1
StandardGSGP,532bdd66-ad39-11ef-911a-e4a8dfc2a9a8,efficiency_cooling,9,92,0.09654944390058517,0.059473276138305664,40402.0,0.09910384565591812,355,1
StandardGSGP,532bdd66-ad39-11ef-911a-e4a8dfc2a9a8,efficiency_cooling,9,93,0.09654944390058517,0.06516098976135254,40486.0,0.09910384565591812,355,1
StandardGSGP,532bdd66-ad39-11ef-911a-e4a8dfc2a9a8,efficiency_cooling,9,94,0.09654944390058517,0.07103157043457031,40538.0,0.09910384565591812,355,1
StandardGSGP,532bdd66-ad39-11ef-911a-e4a8dfc2a9a8,efficiency_cooling,9,95,0.0964704379439354,0.13907814025878906,40184.0,0.09895141422748566,361,1
StandardGSGP,532bdd66-ad39-11ef-911a-e4a8dfc2a9a8,efficiency_cooling,9,96,0.0964704379439354,0.06936335563659668,41260.0,0.09895141422748566,361,1
StandardGSGP,532bdd66-ad39-11ef-911a-e4a8dfc2a9a8,efficiency_cooling,9,97,0.0964704379439354,0.06949520111083984,41570.0,0.09895141422748566,361,1
StandardGSGP,532bdd66-ad39-11ef-911a-e4a8dfc2a9a8,efficiency_cooling,9,98,0.0964704379439354,0.07244324684143066,42258.0,0.09895141422748566,361,1
StandardGSGP,532bdd66-ad39-11ef-911a-e4a8dfc2a9a8,efficiency_cooling,9,99,0.0964704379439354,0.07093000411987305,43100.0,0.09895141422748566,361,1
StandardGSGP,532bdd66-ad39-11ef-911a-e4a8dfc2a9a8,efficiency_cooling,9,100,0.0964704379439354,0.0656123161315918,43292.0,0.09895141422748566,361,1
StandardGSGP,c6233975-ad39-11ef-b5dc-e4a8dfc2a9a8,efficiency_cooling,9,0,16.51558494567871,0.042240142822265625,888.0,15.870379447937012,7,1
StandardGSGP,c6233975-ad39-11ef-b5dc-e4a8dfc2a9a8,efficiency_cooling,9,1,16.44805335998535,0.07098937034606934,1530.0,15.805493354797363,13,1
StandardGSGP,c6233975-ad39-11ef-b5dc-e4a8dfc2a9a8,efficiency_cooling,9,2,16.29926300048828,0.0615081787109375,2256.0,15.604305267333984,17,1
StandardGSGP,c6233975-ad39-11ef-b5dc-e4a8dfc2a9a8,efficiency_cooling,9,3,16.234939575195312,0.06528210639953613,2936.0,15.526854515075684,23,1
StandardGSGP,c6233975-ad39-11ef-b5dc-e4a8dfc2a9a8,efficiency_cooling,9,4,16.126609802246094,0.07550621032714844,3640.0,15.391731262207031,43,1
StandardGSGP,c6233975-ad39-11ef-b5dc-e4a8dfc2a9a8,efficiency_cooling,9,5,16.021183013916016,0.06156492233276367,4430.0,15.284716606140137,39,1
StandardGSGP,c6233975-ad39-11ef-b5dc-e4a8dfc2a9a8,efficiency_cooling,9,6,15.924703598022461,0.062003374099731445,5322.0,15.137385368347168,51,1
StandardGSGP,c6233975-ad39-11ef-b5dc-e4a8dfc2a9a8,efficiency_cooling,9,7,15.857563972473145,0.062272071838378906,6038.0,15.058425903320312,57,1
StandardGSGP,c6233975-ad39-11ef-b5dc-e4a8dfc2a9a8,efficiency_cooling,9,8,15.738337516784668,0.06074666976928711,6858.0,14.907079696655273,73,1
StandardGSGP,c6233975-ad39-11ef-b5dc-e4a8dfc2a9a8,efficiency_cooling,9,9,15.661181449890137,0.06224679946899414,7930.0,14.801761627197266,87,1
StandardGSGP,c6233975-ad39-11ef-b5dc-e4a8dfc2a9a8,efficiency_cooling,9,10,15.647068977355957,0.085052490234375,8712.0,14.784914016723633,95,1
StandardGSGP,c6233975-ad39-11ef-b5dc-e4a8dfc2a9a8,efficiency_cooling,9,11,15.526822090148926,0.07674884796142578,9770.0,14.609869956970215,95,1
StandardGSGP,c6233975-ad39-11ef-b5dc-e4a8dfc2a9a8,efficiency_cooling,9,12,15.489211082458496,0.06814789772033691,11048.0,14.580299377441406,131,1
StandardGSGP,c6233975-ad39-11ef-b5dc-e4a8dfc2a9a8,efficiency_cooling,9,13,15.445499420166016,0.06912040710449219,11858.0,14.471150398254395,117,1
StandardGSGP,c6233975-ad39-11ef-b5dc-e4a8dfc2a9a8,efficiency_cooling,9,14,15.396092414855957,0.06830906867980957,12586.0,14.472116470336914,115,1
StandardGSGP,c6233975-ad39-11ef-b5dc-e4a8dfc2a9a8,efficiency_cooling,9,15,15.38031005859375,0.06856989860534668,13352.0,14.445794105529785,123,1
StandardGSGP,c6233975-ad39-11ef-b5dc-e4a8dfc2a9a8,efficiency_cooling,9,16,15.36756420135498,0.06952500343322754,13752.0,14.417886734008789,135,1
StandardGSGP,c6233975-ad39-11ef-b5dc-e4a8dfc2a9a8,efficiency_cooling,9,17,15.289497375488281,0.06773495674133301,14230.0,14.319886207580566,139,1
StandardGSGP,c6233975-ad39-11ef-b5dc-e4a8dfc2a9a8,efficiency_cooling,9,18,15.278039932250977,0.08060216903686523,15002.0,14.331151962280273,147,1
StandardGSGP,c6233975-ad39-11ef-b5dc-e4a8dfc2a9a8,efficiency_cooling,9,19,15.270281791687012,0.07478094100952148,15736.0,14.298280715942383,151,1
StandardGSGP,c6233975-ad39-11ef-b5dc-e4a8dfc2a9a8,efficiency_cooling,9,20,15.253114700317383,0.06492066383361816,16360.0,14.269700050354004,155,1
StandardGSGP,c6233975-ad39-11ef-b5dc-e4a8dfc2a9a8,efficiency_cooling,9,21,15.250866889953613,0.0671544075012207,17108.0,14.263594627380371,167,1
StandardGSGP,c6233975-ad39-11ef-b5dc-e4a8dfc2a9a8,efficiency_cooling,9,22,15.19342041015625,0.061949729919433594,17714.0,14.197977066040039,181,1
StandardGSGP,c6233975-ad39-11ef-b5dc-e4a8dfc2a9a8,efficiency_cooling,9,23,15.19342041015625,0.06566071510314941,18386.0,14.197977066040039,181,1
StandardGSGP,c6233975-ad39-11ef-b5dc-e4a8dfc2a9a8,efficiency_cooling,9,24,15.080245971679688,0.06400036811828613,19276.0,14.08194351196289,207,1
StandardGSGP,c6233975-ad39-11ef-b5dc-e4a8dfc2a9a8,efficiency_cooling,9,25,15.061790466308594,0.06350946426391602,20206.0,14.092096328735352,213,1
StandardGSGP,c6233975-ad39-11ef-b5dc-e4a8dfc2a9a8,efficiency_cooling,9,26,15.049569129943848,0.06302857398986816,21396.0,14.07968521118164,225,1
StandardGSGP,c6233975-ad39-11ef-b5dc-e4a8dfc2a9a8,efficiency_cooling,9,27,14.957757949829102,0.06450700759887695,22736.0,14.037625312805176,231,1
StandardGSGP,c6233975-ad39-11ef-b5dc-e4a8dfc2a9a8,efficiency_cooling,9,28,14.940950393676758,0.06246447563171387,23844.0,13.995723724365234,237,1
StandardGSGP,c6233975-ad39-11ef-b5dc-e4a8dfc2a9a8,efficiency_cooling,9,29,14.935792922973633,0.06506776809692383,24774.0,13.985257148742676,251,1
StandardGSGP,c6233975-ad39-11ef-b5dc-e4a8dfc2a9a8,efficiency_cooling,9,30,14.908257484436035,0.06812000274658203,25626.0,13.976694107055664,243,1
StandardGSGP,c6233975-ad39-11ef-b5dc-e4a8dfc2a9a8,efficiency_cooling,9,31,14.891254425048828,0.06417059898376465,26470.0,13.89903450012207,269,1
StandardGSGP,c6233975-ad39-11ef-b5dc-e4a8dfc2a9a8,efficiency_cooling,9,32,14.870020866394043,0.06200146675109863,27386.0,13.942166328430176,271,1
StandardGSGP,c6233975-ad39-11ef-b5dc-e4a8dfc2a9a8,efficiency_cooling,9,33,14.84204387664795,0.061014413833618164,28290.0,13.916165351867676,279,1
StandardGSGP,c6233975-ad39-11ef-b5dc-e4a8dfc2a9a8,efficiency_cooling,9,34,14.835206985473633,0.060845136642456055,28966.0,13.95312213897705,281,1
StandardGSGP,c6233975-ad39-11ef-b5dc-e4a8dfc2a9a8,efficiency_cooling,9,35,14.819196701049805,0.0661458969116211,29584.0,13.949512481689453,293,1
StandardGSGP,c6233975-ad39-11ef-b5dc-e4a8dfc2a9a8,efficiency_cooling,9,36,14.788722038269043,0.07559466361999512,30506.0,13.93295955657959,301,1
StandardGSGP,c6233975-ad39-11ef-b5dc-e4a8dfc2a9a8,efficiency_cooling,9,37,14.760004997253418,0.0641627311706543,31272.0,13.877555847167969,307,1
StandardGSGP,c6233975-ad39-11ef-b5dc-e4a8dfc2a9a8,efficiency_cooling,9,38,14.734307289123535,0.06100344657897949,32040.0,13.882216453552246,319,1
StandardGSGP,c6233975-ad39-11ef-b5dc-e4a8dfc2a9a8,efficiency_cooling,9,39,14.695562362670898,0.06739234924316406,32830.0,13.7898530960083,327,1
StandardGSGP,c6233975-ad39-11ef-b5dc-e4a8dfc2a9a8,efficiency_cooling,9,40,14.64896011352539,0.0664529800415039,33744.0,13.756957054138184,337,1
StandardGSGP,c6233975-ad39-11ef-b5dc-e4a8dfc2a9a8,efficiency_cooling,9,41,14.64896011352539,0.061507463455200195,34712.0,13.756957054138184,337,1
StandardGSGP,c6233975-ad39-11ef-b5dc-e4a8dfc2a9a8,efficiency_cooling,9,42,14.629746437072754,0.06250834465026855,35318.0,13.73886775970459,347,1
StandardGSGP,c6233975-ad39-11ef-b5dc-e4a8dfc2a9a8,efficiency_cooling,9,43,14.616950035095215,0.06251311302185059,36008.0,13.727909088134766,357,1
StandardGSGP,c6233975-ad39-11ef-b5dc-e4a8dfc2a9a8,efficiency_cooling,9,44,14.604650497436523,0.06755757331848145,36756.0,13.709070205688477,373,1
StandardGSGP,c6233975-ad39-11ef-b5dc-e4a8dfc2a9a8,efficiency_cooling,9,45,14.578899383544922,0.06452608108520508,37656.0,13.682861328125,381,1
StandardGSGP,c6233975-ad39-11ef-b5dc-e4a8dfc2a9a8,efficiency_cooling,9,46,14.572559356689453,0.06580853462219238,38580.0,13.684453964233398,379,1
StandardGSGP,c6233975-ad39-11ef-b5dc-e4a8dfc2a9a8,efficiency_cooling,9,47,14.546902656555176,0.0663139820098877,39548.0,13.645380020141602,399,1
StandardGSGP,c6233975-ad39-11ef-b5dc-e4a8dfc2a9a8,efficiency_cooling,9,48,14.542764663696289,0.06720590591430664,40384.0,13.669327735900879,403,1
StandardGSGP,c6233975-ad39-11ef-b5dc-e4a8dfc2a9a8,efficiency_cooling,9,49,14.489212036132812,0.06651163101196289,41186.0,13.592415809631348,419,1
StandardGSGP,c6233975-ad39-11ef-b5dc-e4a8dfc2a9a8,efficiency_cooling,9,50,14.465658187866211,0.0650022029876709,41976.0,13.583456039428711,435,1
StandardGSGP,c6233975-ad39-11ef-b5dc-e4a8dfc2a9a8,efficiency_cooling,9,51,14.464879035949707,0.0659937858581543,43194.0,13.585046768188477,441,1
StandardGSGP,c6233975-ad39-11ef-b5dc-e4a8dfc2a9a8,efficiency_cooling,9,52,14.442146301269531,0.07181572914123535,44518.0,13.566240310668945,453,1
StandardGSGP,c6233975-ad39-11ef-b5dc-e4a8dfc2a9a8,efficiency_cooling,9,53,14.41706371307373,0.06910419464111328,45846.0,13.572657585144043,463,1
StandardGSGP,c6233975-ad39-11ef-b5dc-e4a8dfc2a9a8,efficiency_cooling,9,54,14.383746147155762,0.06347322463989258,46712.0,13.470653533935547,467,1
StandardGSGP,c6233975-ad39-11ef-b5dc-e4a8dfc2a9a8,efficiency_cooling,9,55,14.373766899108887,0.13702178001403809,47478.0,13.483498573303223,477,1
StandardGSGP,c6233975-ad39-11ef-b5dc-e4a8dfc2a9a8,efficiency_cooling,9,56,14.31998062133789,0.06299901008605957,48404.0,13.427972793579102,473,1
StandardGSGP,c6233975-ad39-11ef-b5dc-e4a8dfc2a9a8,efficiency_cooling,9,57,14.31998062133789,0.06450796127319336,49294.0,13.427972793579102,473,1
StandardGSGP,c6233975-ad39-11ef-b5dc-e4a8dfc2a9a8,efficiency_cooling,9,58,14.308894157409668,0.06551098823547363,50112.0,13.407851219177246,503,1
StandardGSGP,c6233975-ad39-11ef-b5dc-e4a8dfc2a9a8,efficiency_cooling,9,59,14.274470329284668,0.06405997276306152,50516.0,13.376520156860352,509,1
StandardGSGP,c6233975-ad39-11ef-b5dc-e4a8dfc2a9a8,efficiency_cooling,9,60,14.274470329284668,0.06412172317504883,51154.0,13.376520156860352,509,1
StandardGSGP,c6233975-ad39-11ef-b5dc-e4a8dfc2a9a8,efficiency_cooling,9,61,14.265893936157227,0.0681617259979248,52090.0,13.383745193481445,523,1
StandardGSGP,c6233975-ad39-11ef-b5dc-e4a8dfc2a9a8,efficiency_cooling,9,62,14.217326164245605,0.06699895858764648,53376.0,13.318990707397461,529,1
StandardGSGP,c6233975-ad39-11ef-b5dc-e4a8dfc2a9a8,efficiency_cooling,9,63,14.216506004333496,0.06495308876037598,54244.0,13.335344314575195,541,1
StandardGSGP,c6233975-ad39-11ef-b5dc-e4a8dfc2a9a8,efficiency_cooling,9,64,14.204217910766602,0.06029629707336426,55096.0,13.335177421569824,547,1
StandardGSGP,c6233975-ad39-11ef-b5dc-e4a8dfc2a9a8,efficiency_cooling,9,65,14.1181001663208,0.06181812286376953,55836.0,13.258814811706543,557,1
StandardGSGP,c6233975-ad39-11ef-b5dc-e4a8dfc2a9a8,efficiency_cooling,9,66,14.107470512390137,0.06250905990600586,56652.0,13.248912811279297,563,1
StandardGSGP,c6233975-ad39-11ef-b5dc-e4a8dfc2a9a8,efficiency_cooling,9,67,14.086043357849121,0.06499576568603516,57612.0,13.237641334533691,569,1
StandardGSGP,c6233975-ad39-11ef-b5dc-e4a8dfc2a9a8,efficiency_cooling,9,68,14.077466011047363,0.06251883506774902,58070.0,13.252606391906738,579,1
StandardGSGP,c6233975-ad39-11ef-b5dc-e4a8dfc2a9a8,efficiency_cooling,9,69,14.046798706054688,0.06452131271362305,58826.0,13.212024688720703,581,1
StandardGSGP,c6233975-ad39-11ef-b5dc-e4a8dfc2a9a8,efficiency_cooling,9,70,14.04599666595459,0.0630033016204834,59598.0,13.211698532104492,589,1
StandardGSGP,c6233975-ad39-11ef-b5dc-e4a8dfc2a9a8,efficiency_cooling,9,71,14.017396926879883,0.07503318786621094,60406.0,13.157843589782715,599,1
StandardGSGP,c6233975-ad39-11ef-b5dc-e4a8dfc2a9a8,efficiency_cooling,9,72,13.988594055175781,0.06250977516174316,61184.0,13.154831886291504,627,1
StandardGSGP,c6233975-ad39-11ef-b5dc-e4a8dfc2a9a8,efficiency_cooling,9,73,13.988480567932129,0.06400036811828613,61998.0,13.154764175415039,637,1
StandardGSGP,c6233975-ad39-11ef-b5dc-e4a8dfc2a9a8,efficiency_cooling,9,74,13.973551750183105,0.06347775459289551,63182.0,13.135891914367676,649,1
StandardGSGP,c6233975-ad39-11ef-b5dc-e4a8dfc2a9a8,efficiency_cooling,9,75,13.922414779663086,0.06351137161254883,64478.0,13.072219848632812,659,1
StandardGSGP,c6233975-ad39-11ef-b5dc-e4a8dfc2a9a8,efficiency_cooling,9,76,13.922414779663086,0.06600117683410645,66080.0,13.072219848632812,659,1
StandardGSGP,c6233975-ad39-11ef-b5dc-e4a8dfc2a9a8,efficiency_cooling,9,77,13.900869369506836,0.0665128231048584,67432.0,13.052693367004395,679,1
StandardGSGP,c6233975-ad39-11ef-b5dc-e4a8dfc2a9a8,efficiency_cooling,9,78,13.900191307067871,0.06792211532592773,68258.0,13.054068565368652,693,1
StandardGSGP,c6233975-ad39-11ef-b5dc-e4a8dfc2a9a8,efficiency_cooling,9,79,13.889872550964355,0.06490254402160645,69204.0,13.04381275177002,685,1
StandardGSGP,c6233975-ad39-11ef-b5dc-e4a8dfc2a9a8,efficiency_cooling,9,80,13.86475944519043,0.06586337089538574,70436.0,13.0421724319458,703,1
StandardGSGP,c6233975-ad39-11ef-b5dc-e4a8dfc2a9a8,efficiency_cooling,9,81,13.859941482543945,0.06715846061706543,71358.0,13.021855354309082,715,1
StandardGSGP,c6233975-ad39-11ef-b5dc-e4a8dfc2a9a8,efficiency_cooling,9,82,13.859941482543945,0.06125760078430176,71876.0,13.021855354309082,715,1
StandardGSGP,c6233975-ad39-11ef-b5dc-e4a8dfc2a9a8,efficiency_cooling,9,83,13.822816848754883,0.06827616691589355,73120.0,13.002103805541992,729,1
StandardGSGP,c6233975-ad39-11ef-b5dc-e4a8dfc2a9a8,efficiency_cooling,9,84,13.818381309509277,0.06575894355773926,74476.0,13.000772476196289,751,1
StandardGSGP,c6233975-ad39-11ef-b5dc-e4a8dfc2a9a8,efficiency_cooling,9,85,13.773449897766113,0.06419181823730469,75586.0,12.919581413269043,761,1
StandardGSGP,c6233975-ad39-11ef-b5dc-e4a8dfc2a9a8,efficiency_cooling,9,86,13.763219833374023,0.06299901008605957,76652.0,12.966075897216797,779,1
StandardGSGP,c6233975-ad39-11ef-b5dc-e4a8dfc2a9a8,efficiency_cooling,9,87,13.690022468566895,0.06351757049560547,77804.0,12.888086318969727,793,1
StandardGSGP,c6233975-ad39-11ef-b5dc-e4a8dfc2a9a8,efficiency_cooling,9,88,13.689970970153809,0.06500101089477539,78558.0,12.891866683959961,803,1
StandardGSGP,c6233975-ad39-11ef-b5dc-e4a8dfc2a9a8,efficiency_cooling,9,89,13.64599323272705,0.06500434875488281,79862.0,12.875821113586426,799,1
StandardGSGP,c6233975-ad39-11ef-b5dc-e4a8dfc2a9a8,efficiency_cooling,9,90,13.64273738861084,0.06951045989990234,81130.0,12.873591423034668,809,1
StandardGSGP,c6233975-ad39-11ef-b5dc-e4a8dfc2a9a8,efficiency_cooling,9,91,13.635773658752441,0.06913948059082031,82218.0,12.866104125976562,823,1
StandardGSGP,c6233975-ad39-11ef-b5dc-e4a8dfc2a9a8,efficiency_cooling,9,92,13.625473976135254,0.06537485122680664,82886.0,12.918546676635742,829,1
StandardGSGP,c6233975-ad39-11ef-b5dc-e4a8dfc2a9a8,efficiency_cooling,9,93,13.389492988586426,0.06419110298156738,83530.0,12.624868392944336,831,1
StandardGSGP,c6233975-ad39-11ef-b5dc-e4a8dfc2a9a8,efficiency_cooling,9,94,13.389492988586426,0.06827378273010254,84306.0,12.624868392944336,831,1
StandardGSGP,c6233975-ad39-11ef-b5dc-e4a8dfc2a9a8,efficiency_cooling,9,95,13.348973274230957,0.0643911361694336,85204.0,12.615178108215332,855,1
StandardGSGP,c6233975-ad39-11ef-b5dc-e4a8dfc2a9a8,efficiency_cooling,9,96,13.348973274230957,0.06217837333679199,85898.0,12.615178108215332,855,1
StandardGSGP,c6233975-ad39-11ef-b5dc-e4a8dfc2a9a8,efficiency_cooling,9,97,13.330845832824707,0.06569123268127441,86492.0,12.59959888458252,873,1
StandardGSGP,c6233975-ad39-11ef-b5dc-e4a8dfc2a9a8,efficiency_cooling,9,98,13.150546073913574,0.06705403327941895,87424.0,12.475476264953613,885,1
StandardGSGP,c6233975-ad39-11ef-b5dc-e4a8dfc2a9a8,efficiency_cooling,9,99,13.149227142333984,0.0712883472442627,88612.0,12.467708587646484,891,1
StandardGSGP,c6233975-ad39-11ef-b5dc-e4a8dfc2a9a8,efficiency_cooling,9,100,13.115311622619629,0.0595090389251709,89746.0,12.417187690734863,899,1
