StandardGSGP,7800e432-ad39-11ef-a92e-e4a8dfc2a9a8,efficiency_cooling,19,0,0.2536028325557709,0.029003381729125977,608.0,0.27210158109664917,3,1
StandardGSGP,7800e432-ad39-11ef-a92e-e4a8dfc2a9a8,efficiency_cooling,19,1,0.24605976045131683,0.05852460861206055,1302.0,0.2649497091770172,13,1
StandardGSGP,7800e432-ad39-11ef-a92e-e4a8dfc2a9a8,efficiency_cooling,19,2,0.21313437819480896,0.060638427734375,2158.0,0.2150731086730957,15,1
StandardGSGP,7800e432-ad39-11ef-a92e-e4a8dfc2a9a8,efficiency_cooling,19,3,0.19056442379951477,0.06039142608642578,2934.0,0.1853441447019577,23,1
StandardGSGP,7800e432-ad39-11ef-a92e-e4a8dfc2a9a8,efficiency_cooling,19,4,0.19056442379951477,0.05834174156188965,3606.0,0.1853441447019577,23,1
StandardGSGP,7800e432-ad39-11ef-a92e-e4a8dfc2a9a8,efficiency_cooling,19,5,0.18941909074783325,0.058999061584472656,4278.0,0.18399330973625183,29,1
StandardGSGP,7800e432-ad39-11ef-a92e-e4a8dfc2a9a8,efficiency_cooling,19,6,0.18457452952861786,0.06751871109008789,4916.0,0.18111586570739746,35,1
StandardGSGP,7800e432-ad39-11ef-a92e-e4a8dfc2a9a8,efficiency_cooling,19,7,0.18457452952861786,0.05879497528076172,5556.0,0.18111586570739746,35,1
StandardGSGP,7800e432-ad39-11ef-a92e-e4a8dfc2a9a8,efficiency_cooling,19,8,0.17339035868644714,0.06341266632080078,6052.0,0.16504058241844177,45,1
StandardGSGP,7800e432-ad39-11ef-a92e-e4a8dfc2a9a8,efficiency_cooling,19,9,0.17126023769378662,0.061989784240722656,6608.0,0.16307756304740906,55,1
StandardGSGP,7800e432-ad39-11ef-a92e-e4a8dfc2a9a8,efficiency_cooling,19,10,0.15945297479629517,0.06052064895629883,7058.0,0.16561245918273926,77,1
StandardGSGP,7800e432-ad39-11ef-a92e-e4a8dfc2a9a8,efficiency_cooling,19,11,0.15945297479629517,0.05744361877441406,7808.0,0.16561245918273926,77,1
StandardGSGP,7800e432-ad39-11ef-a92e-e4a8dfc2a9a8,efficiency_cooling,19,12,0.15259402990341187,0.0595090389251709,8482.0,0.1638224869966507,83,1
StandardGSGP,7800e432-ad39-11ef-a92e-e4a8dfc2a9a8,efficiency_cooling,19,13,0.15259402990341187,0.05734682083129883,9266.0,0.1638224869966507,83,1
StandardGSGP,7800e432-ad39-11ef-a92e-e4a8dfc2a9a8,efficiency_cooling,19,14,0.15154115855693817,0.0568239688873291,10168.0,0.1600879579782486,111,1
StandardGSGP,7800e432-ad39-11ef-a92e-e4a8dfc2a9a8,efficiency_cooling,19,15,0.1417858749628067,0.05750894546508789,10888.0,0.153913676738739,107,1
StandardGSGP,7800e432-ad39-11ef-a92e-e4a8dfc2a9a8,efficiency_cooling,19,16,0.1417858749628067,0.06385064125061035,11842.0,0.153913676738739,107,1
StandardGSGP,7800e432-ad39-11ef-a92e-e4a8dfc2a9a8,efficiency_cooling,19,17,0.1417858749628067,0.06140017509460449,12540.0,0.153913676738739,107,1
StandardGSGP,7800e432-ad39-11ef-a92e-e4a8dfc2a9a8,efficiency_cooling,19,18,0.13759849965572357,0.0581965446472168,13152.0,0.14728888869285583,115,1
StandardGSGP,7800e432-ad39-11ef-a92e-e4a8dfc2a9a8,efficiency_cooling,19,19,0.12718269228935242,0.05771136283874512,13758.0,0.136160209774971,139,1
StandardGSGP,7800e432-ad39-11ef-a92e-e4a8dfc2a9a8,efficiency_cooling,19,20,0.12718269228935242,0.055639028549194336,14554.0,0.136160209774971,139,1
StandardGSGP,7800e432-ad39-11ef-a92e-e4a8dfc2a9a8,efficiency_cooling,19,21,0.12718269228935242,0.0600733757019043,15462.0,0.136160209774971,139,1
StandardGSGP,7800e432-ad39-11ef-a92e-e4a8dfc2a9a8,efficiency_cooling,19,22,0.12638278305530548,0.05652356147766113,16212.0,0.13490845263004303,151,1
StandardGSGP,7800e432-ad39-11ef-a92e-e4a8dfc2a9a8,efficiency_cooling,19,23,0.12638278305530548,0.059814453125,16932.0,0.13490845263004303,151,1
StandardGSGP,7800e432-ad39-11ef-a92e-e4a8dfc2a9a8,efficiency_cooling,19,24,0.12638278305530548,0.05650162696838379,17866.0,0.13490845263004303,151,1
StandardGSGP,7800e432-ad39-11ef-a92e-e4a8dfc2a9a8,efficiency_cooling,19,25,0.12638278305530548,0.05650806427001953,18490.0,0.13490845263004303,151,1
StandardGSGP,7800e432-ad39-11ef-a92e-e4a8dfc2a9a8,efficiency_cooling,19,26,0.12638278305530548,0.05699443817138672,19026.0,0.13490845263004303,151,1
StandardGSGP,7800e432-ad39-11ef-a92e-e4a8dfc2a9a8,efficiency_cooling,19,27,0.12638278305530548,0.0585179328918457,19632.0,0.13490845263004303,151,1
StandardGSGP,7800e432-ad39-11ef-a92e-e4a8dfc2a9a8,efficiency_cooling,19,28,0.12638278305530548,0.0579984188079834,20072.0,0.13490845263004303,151,1
StandardGSGP,7800e432-ad39-11ef-a92e-e4a8dfc2a9a8,efficiency_cooling,19,29,0.12638278305530548,0.05717039108276367,20570.0,0.13490845263004303,151,1
StandardGSGP,7800e432-ad39-11ef-a92e-e4a8dfc2a9a8,efficiency_cooling,19,30,0.12638278305530548,0.059955596923828125,20858.0,0.13490845263004303,151,1
StandardGSGP,7800e432-ad39-11ef-a92e-e4a8dfc2a9a8,efficiency_cooling,19,31,0.12638278305530548,0.055547237396240234,21608.0,0.13490845263004303,151,1
StandardGSGP,7800e432-ad39-11ef-a92e-e4a8dfc2a9a8,efficiency_cooling,19,32,0.12638278305530548,0.06251120567321777,22748.0,0.13490845263004303,151,1
StandardGSGP,7800e432-ad39-11ef-a92e-e4a8dfc2a9a8,efficiency_cooling,19,33,0.12638278305530548,0.0559995174407959,23286.0,0.13490845263004303,151,1
StandardGSGP,7800e432-ad39-11ef-a92e-e4a8dfc2a9a8,efficiency_cooling,19,34,0.12638278305530548,0.0575101375579834,23588.0,0.13490845263004303,151,1
StandardGSGP,7800e432-ad39-11ef-a92e-e4a8dfc2a9a8,efficiency_cooling,19,35,0.1241312250494957,0.05401349067687988,23244.0,0.13403241336345673,157,1
StandardGSGP,7800e432-ad39-11ef-a92e-e4a8dfc2a9a8,efficiency_cooling,19,36,0.1241312250494957,0.05450797080993652,22144.0,0.13403241336345673,157,1
StandardGSGP,7800e432-ad39-11ef-a92e-e4a8dfc2a9a8,efficiency_cooling,19,37,0.12319650501012802,0.13051247596740723,22892.0,0.13281001150608063,163,1
StandardGSGP,7800e432-ad39-11ef-a92e-e4a8dfc2a9a8,efficiency_cooling,19,38,0.12319650501012802,0.05673480033874512,23216.0,0.13281001150608063,163,1
StandardGSGP,7800e432-ad39-11ef-a92e-e4a8dfc2a9a8,efficiency_cooling,19,39,0.12319650501012802,0.05804586410522461,23926.0,0.13281001150608063,163,1
StandardGSGP,7800e432-ad39-11ef-a92e-e4a8dfc2a9a8,efficiency_cooling,19,40,0.12319650501012802,0.05493330955505371,23884.0,0.13281001150608063,163,1
StandardGSGP,7800e432-ad39-11ef-a92e-e4a8dfc2a9a8,efficiency_cooling,19,41,0.12319650501012802,0.05651116371154785,23718.0,0.13281001150608063,163,1
StandardGSGP,7800e432-ad39-11ef-a92e-e4a8dfc2a9a8,efficiency_cooling,19,42,0.12319650501012802,0.055999755859375,22768.0,0.13281001150608063,163,1
StandardGSGP,7800e432-ad39-11ef-a92e-e4a8dfc2a9a8,efficiency_cooling,19,43,0.12319650501012802,0.05730700492858887,22624.0,0.13281001150608063,163,1
StandardGSGP,7800e432-ad39-11ef-a92e-e4a8dfc2a9a8,efficiency_cooling,19,44,0.12319650501012802,0.05600404739379883,22072.0,0.13281001150608063,163,1
StandardGSGP,7800e432-ad39-11ef-a92e-e4a8dfc2a9a8,efficiency_cooling,19,45,0.12272384017705917,0.056509971618652344,21596.0,0.13914240896701813,169,1
StandardGSGP,7800e432-ad39-11ef-a92e-e4a8dfc2a9a8,efficiency_cooling,19,46,0.12272384017705917,0.056510210037231445,21992.0,0.13914240896701813,169,1
StandardGSGP,7800e432-ad39-11ef-a92e-e4a8dfc2a9a8,efficiency_cooling,19,47,0.12193326652050018,0.05654478073120117,22296.0,0.13867659866809845,179,1
StandardGSGP,7800e432-ad39-11ef-a92e-e4a8dfc2a9a8,efficiency_cooling,19,48,0.1210222840309143,0.054511070251464844,22496.0,0.13823474943637848,189,1
StandardGSGP,7800e432-ad39-11ef-a92e-e4a8dfc2a9a8,efficiency_cooling,19,49,0.1210222840309143,0.0579984188079834,22534.0,0.13823474943637848,189,1
StandardGSGP,7800e432-ad39-11ef-a92e-e4a8dfc2a9a8,efficiency_cooling,19,50,0.1210222840309143,0.05968832969665527,23288.0,0.13823474943637848,189,1
StandardGSGP,7800e432-ad39-11ef-a92e-e4a8dfc2a9a8,efficiency_cooling,19,51,0.1210222840309143,0.05632138252258301,24382.0,0.13823474943637848,189,1
StandardGSGP,7800e432-ad39-11ef-a92e-e4a8dfc2a9a8,efficiency_cooling,19,52,0.1210222840309143,0.0609896183013916,24998.0,0.13823474943637848,189,1
StandardGSGP,7800e432-ad39-11ef-a92e-e4a8dfc2a9a8,efficiency_cooling,19,53,0.12002988904714584,0.06351089477539062,25938.0,0.1379179209470749,197,1
StandardGSGP,7800e432-ad39-11ef-a92e-e4a8dfc2a9a8,efficiency_cooling,19,54,0.12002988904714584,0.05600166320800781,26884.0,0.1379179209470749,197,1
StandardGSGP,7800e432-ad39-11ef-a92e-e4a8dfc2a9a8,efficiency_cooling,19,55,0.11857183277606964,0.05619311332702637,27344.0,0.13585470616817474,203,1
StandardGSGP,7800e432-ad39-11ef-a92e-e4a8dfc2a9a8,efficiency_cooling,19,56,0.11857183277606964,0.05434083938598633,28084.0,0.13585470616817474,203,1
StandardGSGP,7800e432-ad39-11ef-a92e-e4a8dfc2a9a8,efficiency_cooling,19,57,0.11857183277606964,0.0579986572265625,28658.0,0.13585470616817474,203,1
StandardGSGP,7800e432-ad39-11ef-a92e-e4a8dfc2a9a8,efficiency_cooling,19,58,0.11857183277606964,0.05855894088745117,28822.0,0.13585470616817474,203,1
StandardGSGP,7800e432-ad39-11ef-a92e-e4a8dfc2a9a8,efficiency_cooling,19,59,0.11857183277606964,0.0579991340637207,28388.0,0.13585470616817474,203,1
StandardGSGP,7800e432-ad39-11ef-a92e-e4a8dfc2a9a8,efficiency_cooling,19,60,0.11857183277606964,0.05874228477478027,27690.0,0.13585470616817474,203,1
StandardGSGP,7800e432-ad39-11ef-a92e-e4a8dfc2a9a8,efficiency_cooling,19,61,0.11857183277606964,0.056915998458862305,28030.0,0.13585470616817474,203,1
StandardGSGP,7800e432-ad39-11ef-a92e-e4a8dfc2a9a8,efficiency_cooling,19,62,0.11857183277606964,0.05670571327209473,28304.0,0.13585470616817474,203,1
StandardGSGP,7800e432-ad39-11ef-a92e-e4a8dfc2a9a8,efficiency_cooling,19,63,0.11857183277606964,0.056513071060180664,28352.0,0.13585470616817474,203,1
StandardGSGP,7800e432-ad39-11ef-a92e-e4a8dfc2a9a8,efficiency_cooling,19,64,0.11857183277606964,0.057164669036865234,28228.0,0.13585470616817474,203,1
StandardGSGP,7800e432-ad39-11ef-a92e-e4a8dfc2a9a8,efficiency_cooling,19,65,0.11857183277606964,0.061540842056274414,28624.0,0.13585470616817474,203,1
StandardGSGP,7800e432-ad39-11ef-a92e-e4a8dfc2a9a8,efficiency_cooling,19,66,0.11857183277606964,0.05399799346923828,28136.0,0.13585470616817474,203,1
StandardGSGP,7800e432-ad39-11ef-a92e-e4a8dfc2a9a8,efficiency_cooling,19,67,0.11857183277606964,0.05753207206726074,28490.0,0.13585470616817474,203,1
StandardGSGP,7800e432-ad39-11ef-a92e-e4a8dfc2a9a8,efficiency_cooling,19,68,0.11857183277606964,0.05243945121765137,28210.0,0.13585470616817474,203,1
StandardGSGP,7800e432-ad39-11ef-a92e-e4a8dfc2a9a8,efficiency_cooling,19,69,0.11857183277606964,0.0575103759765625,28072.0,0.13585470616817474,203,1
StandardGSGP,7800e432-ad39-11ef-a92e-e4a8dfc2a9a8,efficiency_cooling,19,70,0.11857183277606964,0.05604243278503418,26776.0,0.13585470616817474,203,1
StandardGSGP,7800e432-ad39-11ef-a92e-e4a8dfc2a9a8,efficiency_cooling,19,71,0.11857183277606964,0.05799674987792969,26396.0,0.13585470616817474,203,1
StandardGSGP,7800e432-ad39-11ef-a92e-e4a8dfc2a9a8,efficiency_cooling,19,72,0.11857183277606964,0.057509422302246094,26634.0,0.13585470616817474,203,1
StandardGSGP,7800e432-ad39-11ef-a92e-e4a8dfc2a9a8,efficiency_cooling,19,73,0.11857183277606964,0.058035850524902344,26980.0,0.13585470616817474,203,1
StandardGSGP,7800e432-ad39-11ef-a92e-e4a8dfc2a9a8,efficiency_cooling,19,74,0.11857183277606964,0.05607891082763672,26688.0,0.13585470616817474,203,1
StandardGSGP,7800e432-ad39-11ef-a92e-e4a8dfc2a9a8,efficiency_cooling,19,75,0.11857183277606964,0.05727863311767578,27272.0,0.13585470616817474,203,1
StandardGSGP,7800e432-ad39-11ef-a92e-e4a8dfc2a9a8,efficiency_cooling,19,76,0.11857183277606964,0.05633044242858887,28172.0,0.13585470616817474,203,1
StandardGSGP,7800e432-ad39-11ef-a92e-e4a8dfc2a9a8,efficiency_cooling,19,77,0.11857183277606964,0.055323123931884766,28230.0,0.13585470616817474,203,1
StandardGSGP,7800e432-ad39-11ef-a92e-e4a8dfc2a9a8,efficiency_cooling,19,78,0.1181313544511795,0.06100273132324219,28592.0,0.13546134531497955,217,1
StandardGSGP,7800e432-ad39-11ef-a92e-e4a8dfc2a9a8,efficiency_cooling,19,79,0.1181313544511795,0.06150698661804199,27774.0,0.13546134531497955,217,1
StandardGSGP,7800e432-ad39-11ef-a92e-e4a8dfc2a9a8,efficiency_cooling,19,80,0.11710052937269211,0.06419229507446289,27816.0,0.13248440623283386,225,1
StandardGSGP,7800e432-ad39-11ef-a92e-e4a8dfc2a9a8,efficiency_cooling,19,81,0.11710052937269211,0.061676740646362305,27290.0,0.13248440623283386,225,1
StandardGSGP,7800e432-ad39-11ef-a92e-e4a8dfc2a9a8,efficiency_cooling,19,82,0.11710052937269211,0.061537742614746094,26994.0,0.13248440623283386,225,1
StandardGSGP,7800e432-ad39-11ef-a92e-e4a8dfc2a9a8,efficiency_cooling,19,83,0.11710052937269211,0.06050872802734375,27182.0,0.13248440623283386,225,1
StandardGSGP,7800e432-ad39-11ef-a92e-e4a8dfc2a9a8,efficiency_cooling,19,84,0.11710052937269211,0.06088590621948242,27772.0,0.13248440623283386,225,1
StandardGSGP,7800e432-ad39-11ef-a92e-e4a8dfc2a9a8,efficiency_cooling,19,85,0.11710052937269211,0.055695533752441406,28722.0,0.13248440623283386,225,1
StandardGSGP,7800e432-ad39-11ef-a92e-e4a8dfc2a9a8,efficiency_cooling,19,86,0.11710052937269211,0.053475141525268555,29444.0,0.13248440623283386,225,1
StandardGSGP,7800e432-ad39-11ef-a92e-e4a8dfc2a9a8,efficiency_cooling,19,87,0.11710052937269211,0.057248592376708984,30062.0,0.13248440623283386,225,1
StandardGSGP,7800e432-ad39-11ef-a92e-e4a8dfc2a9a8,efficiency_cooling,19,88,0.11710052937269211,0.055060625076293945,30142.0,0.13248440623283386,225,1
StandardGSGP,7800e432-ad39-11ef-a92e-e4a8dfc2a9a8,efficiency_cooling,19,89,0.11704165488481522,0.06053447723388672,30268.0,0.13237977027893066,237,1
StandardGSGP,7800e432-ad39-11ef-a92e-e4a8dfc2a9a8,efficiency_cooling,19,90,0.11704165488481522,0.05450916290283203,29950.0,0.13237977027893066,237,1
StandardGSGP,7800e432-ad39-11ef-a92e-e4a8dfc2a9a8,efficiency_cooling,19,91,0.11704165488481522,0.0560002326965332,29924.0,0.13237977027893066,237,1
StandardGSGP,7800e432-ad39-11ef-a92e-e4a8dfc2a9a8,efficiency_cooling,19,92,0.11704165488481522,0.05451536178588867,30536.0,0.13237977027893066,237,1
StandardGSGP,7800e432-ad39-11ef-a92e-e4a8dfc2a9a8,efficiency_cooling,19,93,0.11704165488481522,0.05700850486755371,30576.0,0.13237977027893066,237,1
StandardGSGP,7800e432-ad39-11ef-a92e-e4a8dfc2a9a8,efficiency_cooling,19,94,0.11704165488481522,0.05751347541809082,29920.0,0.13237977027893066,237,1
StandardGSGP,7800e432-ad39-11ef-a92e-e4a8dfc2a9a8,efficiency_cooling,19,95,0.11704165488481522,0.06051206588745117,30552.0,0.13237977027893066,237,1
StandardGSGP,7800e432-ad39-11ef-a92e-e4a8dfc2a9a8,efficiency_cooling,19,96,0.11704165488481522,0.055999755859375,30752.0,0.13237977027893066,237,1
StandardGSGP,7800e432-ad39-11ef-a92e-e4a8dfc2a9a8,efficiency_cooling,19,97,0.11704165488481522,0.05851125717163086,30968.0,0.13237977027893066,237,1
StandardGSGP,7800e432-ad39-11ef-a92e-e4a8dfc2a9a8,efficiency_cooling,19,98,0.11704065650701523,0.05511188507080078,31532.0,0.13238182663917542,245,1
StandardGSGP,7800e432-ad39-11ef-a92e-e4a8dfc2a9a8,efficiency_cooling,19,99,0.11617173999547958,0.0595095157623291,31322.0,0.13650718331336975,247,1
StandardGSGP,7800e432-ad39-11ef-a92e-e4a8dfc2a9a8,efficiency_cooling,19,100,0.11617173999547958,0.06152009963989258,32250.0,0.13650718331336975,247,1
StandardGSGP,ef776d4c-ad39-11ef-8c31-e4a8dfc2a9a8,efficiency_cooling,19,0,10.087570190429688,0.04597187042236328,882.0,9.55016040802002,3,1
StandardGSGP,ef776d4c-ad39-11ef-8c31-e4a8dfc2a9a8,efficiency_cooling,19,1,10.087570190429688,0.06522369384765625,1506.0,9.55016040802002,3,1
StandardGSGP,ef776d4c-ad39-11ef-8c31-e4a8dfc2a9a8,efficiency_cooling,19,2,9.978751182556152,0.06257510185241699,2198.0,9.442957878112793,17,1
StandardGSGP,ef776d4c-ad39-11ef-8c31-e4a8dfc2a9a8,efficiency_cooling,19,3,9.593873023986816,0.06904101371765137,2968.0,9.06135368347168,25,1
StandardGSGP,ef776d4c-ad39-11ef-8c31-e4a8dfc2a9a8,efficiency_cooling,19,4,9.319944381713867,0.07200264930725098,3406.0,8.792344093322754,31,1
StandardGSGP,ef776d4c-ad39-11ef-8c31-e4a8dfc2a9a8,efficiency_cooling,19,5,9.192566871643066,0.07057332992553711,4450.0,8.681196212768555,51,1
StandardGSGP,ef776d4c-ad39-11ef-8c31-e4a8dfc2a9a8,efficiency_cooling,19,6,8.961214065551758,0.06550884246826172,5182.0,8.457117080688477,57,1
StandardGSGP,ef776d4c-ad39-11ef-8c31-e4a8dfc2a9a8,efficiency_cooling,19,7,8.809114456176758,0.06399655342102051,5978.0,8.309955596923828,69,1
StandardGSGP,ef776d4c-ad39-11ef-8c31-e4a8dfc2a9a8,efficiency_cooling,19,8,8.67705249786377,0.06607317924499512,7168.0,8.179306030273438,73,1
StandardGSGP,ef776d4c-ad39-11ef-8c31-e4a8dfc2a9a8,efficiency_cooling,19,9,8.323701858520508,0.0658884048461914,7966.0,7.848511695861816,89,1
StandardGSGP,ef776d4c-ad39-11ef-8c31-e4a8dfc2a9a8,efficiency_cooling,19,10,8.201759338378906,0.06599831581115723,8968.0,7.7432403564453125,91,1
StandardGSGP,ef776d4c-ad39-11ef-8c31-e4a8dfc2a9a8,efficiency_cooling,19,11,8.145478248596191,0.06279230117797852,9750.0,7.685391426086426,91,1
StandardGSGP,ef776d4c-ad39-11ef-8c31-e4a8dfc2a9a8,efficiency_cooling,19,12,8.00539493560791,0.07453131675720215,10814.0,7.574085712432861,105,1
StandardGSGP,ef776d4c-ad39-11ef-8c31-e4a8dfc2a9a8,efficiency_cooling,19,13,7.9255242347717285,0.06899404525756836,11678.0,7.486005783081055,119,1
StandardGSGP,ef776d4c-ad39-11ef-8c31-e4a8dfc2a9a8,efficiency_cooling,19,14,7.77011775970459,0.06824779510498047,12518.0,7.388768672943115,127,1
StandardGSGP,ef776d4c-ad39-11ef-8c31-e4a8dfc2a9a8,efficiency_cooling,19,15,7.737280368804932,0.07751035690307617,13566.0,7.368985176086426,135,1
StandardGSGP,ef776d4c-ad39-11ef-8c31-e4a8dfc2a9a8,efficiency_cooling,19,16,7.722506999969482,0.06752371788024902,14378.0,7.357505798339844,147,1
StandardGSGP,ef776d4c-ad39-11ef-8c31-e4a8dfc2a9a8,efficiency_cooling,19,17,7.50529670715332,0.06999921798706055,15378.0,7.124803066253662,153,1
StandardGSGP,ef776d4c-ad39-11ef-8c31-e4a8dfc2a9a8,efficiency_cooling,19,18,7.469491481781006,0.0710914134979248,16162.0,7.1364850997924805,163,1
StandardGSGP,ef776d4c-ad39-11ef-8c31-e4a8dfc2a9a8,efficiency_cooling,19,19,7.459592342376709,0.08078718185424805,17106.0,7.089181423187256,167,1
StandardGSGP,ef776d4c-ad39-11ef-8c31-e4a8dfc2a9a8,efficiency_cooling,19,20,7.321506500244141,0.0660550594329834,17868.0,6.952937602996826,175,1
StandardGSGP,ef776d4c-ad39-11ef-8c31-e4a8dfc2a9a8,efficiency_cooling,19,21,7.307509899139404,0.07053565979003906,18874.0,6.9501447677612305,181,1
StandardGSGP,ef776d4c-ad39-11ef-8c31-e4a8dfc2a9a8,efficiency_cooling,19,22,7.29602575302124,0.0661613941192627,19640.0,6.925614356994629,191,1
StandardGSGP,ef776d4c-ad39-11ef-8c31-e4a8dfc2a9a8,efficiency_cooling,19,23,7.29057502746582,0.06688475608825684,20372.0,6.908632278442383,195,1
StandardGSGP,ef776d4c-ad39-11ef-8c31-e4a8dfc2a9a8,efficiency_cooling,19,24,7.228335380554199,0.06299996376037598,20898.0,6.852781295776367,219,1
StandardGSGP,ef776d4c-ad39-11ef-8c31-e4a8dfc2a9a8,efficiency_cooling,19,25,7.201250076293945,0.06351351737976074,21652.0,6.814758777618408,211,1
StandardGSGP,ef776d4c-ad39-11ef-8c31-e4a8dfc2a9a8,efficiency_cooling,19,26,7.189722537994385,0.06904458999633789,22706.0,6.807561874389648,237,1
StandardGSGP,ef776d4c-ad39-11ef-8c31-e4a8dfc2a9a8,efficiency_cooling,19,27,7.168638706207275,0.07256627082824707,24252.0,6.814244747161865,245,1
StandardGSGP,ef776d4c-ad39-11ef-8c31-e4a8dfc2a9a8,efficiency_cooling,19,28,7.119589805603027,0.06450772285461426,25304.0,6.707047939300537,259,1
StandardGSGP,ef776d4c-ad39-11ef-8c31-e4a8dfc2a9a8,efficiency_cooling,19,29,7.0115766525268555,0.061749935150146484,26062.0,6.646792411804199,255,1
StandardGSGP,ef776d4c-ad39-11ef-8c31-e4a8dfc2a9a8,efficiency_cooling,19,30,7.0115766525268555,0.06200051307678223,27124.0,6.646792411804199,255,1
StandardGSGP,ef776d4c-ad39-11ef-8c31-e4a8dfc2a9a8,efficiency_cooling,19,31,6.965921878814697,0.06576800346374512,28104.0,6.542277812957764,279,1
StandardGSGP,ef776d4c-ad39-11ef-8c31-e4a8dfc2a9a8,efficiency_cooling,19,32,6.927651405334473,0.05750918388366699,28496.0,6.545801639556885,295,1
StandardGSGP,ef776d4c-ad39-11ef-8c31-e4a8dfc2a9a8,efficiency_cooling,19,33,6.815394401550293,0.07187843322753906,28988.0,6.4650726318359375,285,1
StandardGSGP,ef776d4c-ad39-11ef-8c31-e4a8dfc2a9a8,efficiency_cooling,19,34,6.80932092666626,0.0631256103515625,30382.0,6.458614826202393,291,1
StandardGSGP,ef776d4c-ad39-11ef-8c31-e4a8dfc2a9a8,efficiency_cooling,19,35,6.773366451263428,0.061963558197021484,31396.0,6.428536415100098,307,1
StandardGSGP,ef776d4c-ad39-11ef-8c31-e4a8dfc2a9a8,efficiency_cooling,19,36,6.760618686676025,0.06325101852416992,31794.0,6.393923759460449,317,1
StandardGSGP,ef776d4c-ad39-11ef-8c31-e4a8dfc2a9a8,efficiency_cooling,19,37,6.759708881378174,0.06751108169555664,31900.0,6.395235538482666,323,1
StandardGSGP,ef776d4c-ad39-11ef-8c31-e4a8dfc2a9a8,efficiency_cooling,19,38,6.652423858642578,0.0640568733215332,32798.0,6.31348991394043,321,1
StandardGSGP,ef776d4c-ad39-11ef-8c31-e4a8dfc2a9a8,efficiency_cooling,19,39,6.640360355377197,0.06400036811828613,33848.0,6.289582252502441,333,1
StandardGSGP,ef776d4c-ad39-11ef-8c31-e4a8dfc2a9a8,efficiency_cooling,19,40,6.622013568878174,0.06275796890258789,34572.0,6.271795749664307,335,1
StandardGSGP,ef776d4c-ad39-11ef-8c31-e4a8dfc2a9a8,efficiency_cooling,19,41,6.5728440284729,0.06429624557495117,35228.0,6.189949035644531,345,1
StandardGSGP,ef776d4c-ad39-11ef-8c31-e4a8dfc2a9a8,efficiency_cooling,19,42,6.5651140213012695,0.0632476806640625,35546.0,6.187908172607422,355,1
StandardGSGP,ef776d4c-ad39-11ef-8c31-e4a8dfc2a9a8,efficiency_cooling,19,43,6.522434711456299,0.06465435028076172,36390.0,6.177884101867676,367,1
StandardGSGP,ef776d4c-ad39-11ef-8c31-e4a8dfc2a9a8,efficiency_cooling,19,44,6.51555061340332,0.06651139259338379,37098.0,6.146201133728027,363,1
StandardGSGP,ef776d4c-ad39-11ef-8c31-e4a8dfc2a9a8,efficiency_cooling,19,45,6.445476531982422,0.06660604476928711,37982.0,6.100963115692139,381,1
StandardGSGP,ef776d4c-ad39-11ef-8c31-e4a8dfc2a9a8,efficiency_cooling,19,46,6.436978816986084,0.06577754020690918,38784.0,6.111091613769531,391,1
StandardGSGP,ef776d4c-ad39-11ef-8c31-e4a8dfc2a9a8,efficiency_cooling,19,47,6.412532806396484,0.06443071365356445,39696.0,6.039087772369385,405,1
StandardGSGP,ef776d4c-ad39-11ef-8c31-e4a8dfc2a9a8,efficiency_cooling,19,48,6.389966011047363,0.06299614906311035,40760.0,6.027066707611084,391,1
StandardGSGP,ef776d4c-ad39-11ef-8c31-e4a8dfc2a9a8,efficiency_cooling,19,49,6.309018611907959,0.0615236759185791,41456.0,5.903539180755615,417,1
StandardGSGP,ef776d4c-ad39-11ef-8c31-e4a8dfc2a9a8,efficiency_cooling,19,50,6.308697700500488,0.06150650978088379,42560.0,5.903308868408203,429,1
StandardGSGP,ef776d4c-ad39-11ef-8c31-e4a8dfc2a9a8,efficiency_cooling,19,51,6.277333736419678,0.13750743865966797,43398.0,5.8994059562683105,439,1
StandardGSGP,ef776d4c-ad39-11ef-8c31-e4a8dfc2a9a8,efficiency_cooling,19,52,6.269950866699219,0.06052088737487793,44126.0,5.88214111328125,445,1
StandardGSGP,ef776d4c-ad39-11ef-8c31-e4a8dfc2a9a8,efficiency_cooling,19,53,6.260984897613525,0.06668353080749512,44882.0,5.881510257720947,447,1
StandardGSGP,ef776d4c-ad39-11ef-8c31-e4a8dfc2a9a8,efficiency_cooling,19,54,6.251825332641602,0.0635080337524414,45826.0,5.889425754547119,453,1
StandardGSGP,ef776d4c-ad39-11ef-8c31-e4a8dfc2a9a8,efficiency_cooling,19,55,6.217436790466309,0.06551051139831543,46608.0,5.860520362854004,473,1
StandardGSGP,ef776d4c-ad39-11ef-8c31-e4a8dfc2a9a8,efficiency_cooling,19,56,6.216716289520264,0.0675210952758789,47488.0,5.827404499053955,481,1
StandardGSGP,ef776d4c-ad39-11ef-8c31-e4a8dfc2a9a8,efficiency_cooling,19,57,6.1117472648620605,0.0695195198059082,48180.0,5.737906455993652,491,1
StandardGSGP,ef776d4c-ad39-11ef-8c31-e4a8dfc2a9a8,efficiency_cooling,19,58,6.096145153045654,0.06497049331665039,49138.0,5.753275394439697,489,1
StandardGSGP,ef776d4c-ad39-11ef-8c31-e4a8dfc2a9a8,efficiency_cooling,19,59,6.096145153045654,0.05962181091308594,50132.0,5.753275394439697,489,1
StandardGSGP,ef776d4c-ad39-11ef-8c31-e4a8dfc2a9a8,efficiency_cooling,19,60,5.950526714324951,0.06375813484191895,51224.0,5.57345724105835,517,1
StandardGSGP,ef776d4c-ad39-11ef-8c31-e4a8dfc2a9a8,efficiency_cooling,19,61,5.950526714324951,0.06383371353149414,52002.0,5.57345724105835,517,1
StandardGSGP,ef776d4c-ad39-11ef-8c31-e4a8dfc2a9a8,efficiency_cooling,19,62,5.89117431640625,0.06395936012268066,52856.0,5.553273677825928,525,1
StandardGSGP,ef776d4c-ad39-11ef-8c31-e4a8dfc2a9a8,efficiency_cooling,19,63,5.858520984649658,0.06502795219421387,53972.0,5.513156890869141,549,1
StandardGSGP,ef776d4c-ad39-11ef-8c31-e4a8dfc2a9a8,efficiency_cooling,19,64,5.791985988616943,0.06256294250488281,54924.0,5.441848278045654,547,1
StandardGSGP,ef776d4c-ad39-11ef-8c31-e4a8dfc2a9a8,efficiency_cooling,19,65,5.789058685302734,0.06394481658935547,55594.0,5.39755916595459,559,1
StandardGSGP,ef776d4c-ad39-11ef-8c31-e4a8dfc2a9a8,efficiency_cooling,19,66,5.697033882141113,0.06151628494262695,56508.0,5.360735893249512,563,1
StandardGSGP,ef776d4c-ad39-11ef-8c31-e4a8dfc2a9a8,efficiency_cooling,19,67,5.6944074630737305,0.06416201591491699,57478.0,5.361905097961426,569,1
StandardGSGP,ef776d4c-ad39-11ef-8c31-e4a8dfc2a9a8,efficiency_cooling,19,68,5.65716028213501,0.06750822067260742,58140.0,5.319520950317383,585,1
StandardGSGP,ef776d4c-ad39-11ef-8c31-e4a8dfc2a9a8,efficiency_cooling,19,69,5.618801593780518,0.0645139217376709,59030.0,5.319563388824463,593,1
StandardGSGP,ef776d4c-ad39-11ef-8c31-e4a8dfc2a9a8,efficiency_cooling,19,70,5.618801593780518,0.0671849250793457,59880.0,5.319563388824463,593,1
StandardGSGP,ef776d4c-ad39-11ef-8c31-e4a8dfc2a9a8,efficiency_cooling,19,71,5.543264865875244,0.06576418876647949,60818.0,5.2514214515686035,609,1
StandardGSGP,ef776d4c-ad39-11ef-8c31-e4a8dfc2a9a8,efficiency_cooling,19,72,5.538393020629883,0.07068324089050293,61696.0,5.2183356285095215,609,1
StandardGSGP,ef776d4c-ad39-11ef-8c31-e4a8dfc2a9a8,efficiency_cooling,19,73,5.499344825744629,0.06354022026062012,62444.0,5.173194885253906,621,1
StandardGSGP,ef776d4c-ad39-11ef-8c31-e4a8dfc2a9a8,efficiency_cooling,19,74,5.431713581085205,0.0630033016204834,63216.0,5.147191524505615,637,1
StandardGSGP,ef776d4c-ad39-11ef-8c31-e4a8dfc2a9a8,efficiency_cooling,19,75,5.407766342163086,0.06151866912841797,63852.0,5.114069938659668,647,1
StandardGSGP,ef776d4c-ad39-11ef-8c31-e4a8dfc2a9a8,efficiency_cooling,19,76,5.4063520431518555,0.06885409355163574,64880.0,5.102731227874756,653,1
StandardGSGP,ef776d4c-ad39-11ef-8c31-e4a8dfc2a9a8,efficiency_cooling,19,77,5.3599042892456055,0.0632631778717041,66072.0,5.086941719055176,667,1
StandardGSGP,ef776d4c-ad39-11ef-8c31-e4a8dfc2a9a8,efficiency_cooling,19,78,5.357655048370361,0.062479496002197266,67102.0,5.089513778686523,675,1
StandardGSGP,ef776d4c-ad39-11ef-8c31-e4a8dfc2a9a8,efficiency_cooling,19,79,5.326225280761719,0.06383800506591797,67898.0,5.037691116333008,667,1
StandardGSGP,ef776d4c-ad39-11ef-8c31-e4a8dfc2a9a8,efficiency_cooling,19,80,5.185695648193359,0.0615079402923584,68896.0,4.881504058837891,685,1
StandardGSGP,ef776d4c-ad39-11ef-8c31-e4a8dfc2a9a8,efficiency_cooling,19,81,5.185695648193359,0.06251025199890137,69416.0,4.881504058837891,685,1
StandardGSGP,ef776d4c-ad39-11ef-8c31-e4a8dfc2a9a8,efficiency_cooling,19,82,5.174252986907959,0.0630033016204834,70058.0,4.871392726898193,691,1
StandardGSGP,ef776d4c-ad39-11ef-8c31-e4a8dfc2a9a8,efficiency_cooling,19,83,5.174188613891602,0.06850790977478027,70784.0,4.871337413787842,697,1
StandardGSGP,ef776d4c-ad39-11ef-8c31-e4a8dfc2a9a8,efficiency_cooling,19,84,5.160638809204102,0.05946493148803711,71482.0,4.871406555175781,709,1
StandardGSGP,ef776d4c-ad39-11ef-8c31-e4a8dfc2a9a8,efficiency_cooling,19,85,5.124147415161133,0.06078982353210449,71946.0,4.842785358428955,713,1
StandardGSGP,ef776d4c-ad39-11ef-8c31-e4a8dfc2a9a8,efficiency_cooling,19,86,5.122344970703125,0.06607890129089355,72788.0,4.838700771331787,723,1
StandardGSGP,ef776d4c-ad39-11ef-8c31-e4a8dfc2a9a8,efficiency_cooling,19,87,5.083837032318115,0.06018972396850586,73496.0,4.799744606018066,727,1
StandardGSGP,ef776d4c-ad39-11ef-8c31-e4a8dfc2a9a8,efficiency_cooling,19,88,5.078901290893555,0.05875372886657715,73992.0,4.809759140014648,743,1
StandardGSGP,ef776d4c-ad39-11ef-8c31-e4a8dfc2a9a8,efficiency_cooling,19,89,5.060774326324463,0.06167125701904297,74558.0,4.760166645050049,741,1
StandardGSGP,ef776d4c-ad39-11ef-8c31-e4a8dfc2a9a8,efficiency_cooling,19,90,5.046160697937012,0.063995361328125,75388.0,4.7747602462768555,753,1
StandardGSGP,ef776d4c-ad39-11ef-8c31-e4a8dfc2a9a8,efficiency_cooling,19,91,5.001652240753174,0.06555938720703125,76494.0,4.69820499420166,761,1
StandardGSGP,ef776d4c-ad39-11ef-8c31-e4a8dfc2a9a8,efficiency_cooling,19,92,5.001652240753174,0.061507463455200195,77000.0,4.69820499420166,761,1
StandardGSGP,ef776d4c-ad39-11ef-8c31-e4a8dfc2a9a8,efficiency_cooling,19,93,4.963492393493652,0.06350898742675781,77616.0,4.6516547203063965,773,1
StandardGSGP,ef776d4c-ad39-11ef-8c31-e4a8dfc2a9a8,efficiency_cooling,19,94,4.949080944061279,0.06219935417175293,78412.0,4.669010639190674,789,1
StandardGSGP,ef776d4c-ad39-11ef-8c31-e4a8dfc2a9a8,efficiency_cooling,19,95,4.930448532104492,0.06669855117797852,79360.0,4.665709972381592,797,1
StandardGSGP,ef776d4c-ad39-11ef-8c31-e4a8dfc2a9a8,efficiency_cooling,19,96,4.91129207611084,0.06453323364257812,80254.0,4.619415283203125,809,1
StandardGSGP,ef776d4c-ad39-11ef-8c31-e4a8dfc2a9a8,efficiency_cooling,19,97,4.902978420257568,0.06399917602539062,81220.0,4.622191905975342,813,1
StandardGSGP,ef776d4c-ad39-11ef-8c31-e4a8dfc2a9a8,efficiency_cooling,19,98,4.869174003601074,0.06453299522399902,82268.0,4.589958667755127,819,1
StandardGSGP,ef776d4c-ad39-11ef-8c31-e4a8dfc2a9a8,efficiency_cooling,19,99,4.86356258392334,0.06425595283508301,83014.0,4.5950469970703125,833,1
StandardGSGP,ef776d4c-ad39-11ef-8c31-e4a8dfc2a9a8,efficiency_cooling,19,100,4.863508224487305,0.06399798393249512,83644.0,4.595168590545654,839,1
