StandardGSGP,9d0d9642-ad39-11ef-a7d0-e4a8dfc2a9a8,efficiency_cooling,29,0,0.24205322563648224,0.02774786949157715,612.0,0.23792053759098053,3,1
StandardGSGP,9d0d9642-ad39-11ef-a7d0-e4a8dfc2a9a8,efficiency_cooling,29,1,0.20319370925426483,0.055313825607299805,1346.0,0.19454167783260345,9,1
StandardGSGP,9d0d9642-ad39-11ef-a7d0-e4a8dfc2a9a8,efficiency_cooling,29,2,0.18261198699474335,0.0555109977722168,2124.0,0.17585761845111847,31,1
StandardGSGP,9d0d9642-ad39-11ef-a7d0-e4a8dfc2a9a8,efficiency_cooling,29,3,0.1660829484462738,0.055577993392944336,3006.0,0.1625627726316452,41,1
StandardGSGP,9d0d9642-ad39-11ef-a7d0-e4a8dfc2a9a8,efficiency_cooling,29,4,0.16588807106018066,0.05702090263366699,3956.0,0.15456905961036682,45,1
StandardGSGP,9d0d9642-ad39-11ef-a7d0-e4a8dfc2a9a8,efficiency_cooling,29,5,0.1606796532869339,0.05822253227233887,4832.0,0.16596826910972595,47,1
StandardGSGP,9d0d9642-ad39-11ef-a7d0-e4a8dfc2a9a8,efficiency_cooling,29,6,0.1487823873758316,0.060163021087646484,5674.0,0.13703490793704987,51,1
StandardGSGP,9d0d9642-ad39-11ef-a7d0-e4a8dfc2a9a8,efficiency_cooling,29,7,0.14825427532196045,0.05551958084106445,6648.0,0.14184129238128662,57,1
StandardGSGP,9d0d9642-ad39-11ef-a7d0-e4a8dfc2a9a8,efficiency_cooling,29,8,0.1286662518978119,0.05804252624511719,7496.0,0.11270437389612198,71,1
StandardGSGP,9d0d9642-ad39-11ef-a7d0-e4a8dfc2a9a8,efficiency_cooling,29,9,0.12170769274234772,0.056307077407836914,8152.0,0.11880160123109818,67,1
StandardGSGP,9d0d9642-ad39-11ef-a7d0-e4a8dfc2a9a8,efficiency_cooling,29,10,0.11261569708585739,0.05822491645812988,8820.0,0.10260036587715149,83,1
StandardGSGP,9d0d9642-ad39-11ef-a7d0-e4a8dfc2a9a8,efficiency_cooling,29,11,0.11261569708585739,0.056511640548706055,9560.0,0.10260036587715149,83,1
StandardGSGP,9d0d9642-ad39-11ef-a7d0-e4a8dfc2a9a8,efficiency_cooling,29,12,0.11261569708585739,0.05951261520385742,10096.0,0.10260036587715149,83,1
StandardGSGP,9d0d9642-ad39-11ef-a7d0-e4a8dfc2a9a8,efficiency_cooling,29,13,0.11261569708585739,0.05499839782714844,10752.0,0.10260036587715149,83,1
StandardGSGP,9d0d9642-ad39-11ef-a7d0-e4a8dfc2a9a8,efficiency_cooling,29,14,0.11261569708585739,0.053511857986450195,11344.0,0.10260036587715149,83,1
StandardGSGP,9d0d9642-ad39-11ef-a7d0-e4a8dfc2a9a8,efficiency_cooling,29,15,0.11261569708585739,0.06304526329040527,11720.0,0.10260036587715149,83,1
StandardGSGP,9d0d9642-ad39-11ef-a7d0-e4a8dfc2a9a8,efficiency_cooling,29,16,0.11261569708585739,0.05751180648803711,12160.0,0.10260036587715149,83,1
StandardGSGP,9d0d9642-ad39-11ef-a7d0-e4a8dfc2a9a8,efficiency_cooling,29,17,0.11007622629404068,0.05527830123901367,12976.0,0.10659895837306976,95,1
StandardGSGP,9d0d9642-ad39-11ef-a7d0-e4a8dfc2a9a8,efficiency_cooling,29,18,0.11007622629404068,0.06399726867675781,13686.0,0.10659895837306976,95,1
StandardGSGP,9d0d9642-ad39-11ef-a7d0-e4a8dfc2a9a8,efficiency_cooling,29,19,0.11007622629404068,0.05878615379333496,14658.0,0.10659895837306976,95,1
StandardGSGP,9d0d9642-ad39-11ef-a7d0-e4a8dfc2a9a8,efficiency_cooling,29,20,0.11007622629404068,0.05999898910522461,15564.0,0.10659895837306976,95,1
StandardGSGP,9d0d9642-ad39-11ef-a7d0-e4a8dfc2a9a8,efficiency_cooling,29,21,0.1071413978934288,0.06052899360656738,16084.0,0.10400301963090897,107,1
StandardGSGP,9d0d9642-ad39-11ef-a7d0-e4a8dfc2a9a8,efficiency_cooling,29,22,0.1071413978934288,0.0575108528137207,17012.0,0.10400301963090897,107,1
StandardGSGP,9d0d9642-ad39-11ef-a7d0-e4a8dfc2a9a8,efficiency_cooling,29,23,0.1071413978934288,0.06200003623962402,17242.0,0.10400301963090897,107,1
StandardGSGP,9d0d9642-ad39-11ef-a7d0-e4a8dfc2a9a8,efficiency_cooling,29,24,0.1071413978934288,0.05451178550720215,17420.0,0.10400301963090897,107,1
StandardGSGP,9d0d9642-ad39-11ef-a7d0-e4a8dfc2a9a8,efficiency_cooling,29,25,0.10520914196968079,0.059539079666137695,18298.0,0.09848148375749588,115,1
StandardGSGP,9d0d9642-ad39-11ef-a7d0-e4a8dfc2a9a8,efficiency_cooling,29,26,0.10520914196968079,0.06143522262573242,18136.0,0.09848148375749588,115,1
StandardGSGP,9d0d9642-ad39-11ef-a7d0-e4a8dfc2a9a8,efficiency_cooling,29,27,0.10226502269506454,0.057303428649902344,18104.0,0.09505999088287354,127,1
StandardGSGP,9d0d9642-ad39-11ef-a7d0-e4a8dfc2a9a8,efficiency_cooling,29,28,0.10226502269506454,0.06151270866394043,18784.0,0.09505999088287354,127,1
StandardGSGP,9d0d9642-ad39-11ef-a7d0-e4a8dfc2a9a8,efficiency_cooling,29,29,0.10226502269506454,0.05669093132019043,18324.0,0.09505999088287354,127,1
StandardGSGP,9d0d9642-ad39-11ef-a7d0-e4a8dfc2a9a8,efficiency_cooling,29,30,0.10226502269506454,0.06597280502319336,17878.0,0.09505999088287354,127,1
StandardGSGP,9d0d9642-ad39-11ef-a7d0-e4a8dfc2a9a8,efficiency_cooling,29,31,0.10226502269506454,0.05787324905395508,17868.0,0.09505999088287354,127,1
StandardGSGP,9d0d9642-ad39-11ef-a7d0-e4a8dfc2a9a8,efficiency_cooling,29,32,0.10226502269506454,0.0605158805847168,18660.0,0.09505999088287354,127,1
StandardGSGP,9d0d9642-ad39-11ef-a7d0-e4a8dfc2a9a8,efficiency_cooling,29,33,0.10226502269506454,0.058600425720214844,18854.0,0.09505999088287354,127,1
StandardGSGP,9d0d9642-ad39-11ef-a7d0-e4a8dfc2a9a8,efficiency_cooling,29,34,0.10226502269506454,0.0625309944152832,19018.0,0.09505999088287354,127,1
StandardGSGP,9d0d9642-ad39-11ef-a7d0-e4a8dfc2a9a8,efficiency_cooling,29,35,0.10226502269506454,0.059001922607421875,19262.0,0.09505999088287354,127,1
StandardGSGP,9d0d9642-ad39-11ef-a7d0-e4a8dfc2a9a8,efficiency_cooling,29,36,0.10226502269506454,0.13112735748291016,19806.0,0.09505999088287354,127,1
StandardGSGP,9d0d9642-ad39-11ef-a7d0-e4a8dfc2a9a8,efficiency_cooling,29,37,0.10226502269506454,0.0571897029876709,19102.0,0.09505999088287354,127,1
StandardGSGP,9d0d9642-ad39-11ef-a7d0-e4a8dfc2a9a8,efficiency_cooling,29,38,0.10226502269506454,0.05851101875305176,18532.0,0.09505999088287354,127,1
StandardGSGP,9d0d9642-ad39-11ef-a7d0-e4a8dfc2a9a8,efficiency_cooling,29,39,0.10226502269506454,0.060515403747558594,19072.0,0.09505999088287354,127,1
StandardGSGP,9d0d9642-ad39-11ef-a7d0-e4a8dfc2a9a8,efficiency_cooling,29,40,0.10226502269506454,0.06200051307678223,19228.0,0.09505999088287354,127,1
StandardGSGP,9d0d9642-ad39-11ef-a7d0-e4a8dfc2a9a8,efficiency_cooling,29,41,0.10226502269506454,0.0603635311126709,19926.0,0.09505999088287354,127,1
StandardGSGP,9d0d9642-ad39-11ef-a7d0-e4a8dfc2a9a8,efficiency_cooling,29,42,0.10226502269506454,0.05801582336425781,20568.0,0.09505999088287354,127,1
StandardGSGP,9d0d9642-ad39-11ef-a7d0-e4a8dfc2a9a8,efficiency_cooling,29,43,0.1022568866610527,0.05401730537414551,19998.0,0.09506738930940628,139,1
StandardGSGP,9d0d9642-ad39-11ef-a7d0-e4a8dfc2a9a8,efficiency_cooling,29,44,0.1022568866610527,0.05551433563232422,19770.0,0.09506738930940628,139,1
StandardGSGP,9d0d9642-ad39-11ef-a7d0-e4a8dfc2a9a8,efficiency_cooling,29,45,0.1022568866610527,0.059207916259765625,20164.0,0.09506738930940628,139,1
StandardGSGP,9d0d9642-ad39-11ef-a7d0-e4a8dfc2a9a8,efficiency_cooling,29,46,0.1022568866610527,0.0595095157623291,20090.0,0.09506738930940628,139,1
StandardGSGP,9d0d9642-ad39-11ef-a7d0-e4a8dfc2a9a8,efficiency_cooling,29,47,0.1022568866610527,0.05456972122192383,20220.0,0.09506738930940628,139,1
StandardGSGP,9d0d9642-ad39-11ef-a7d0-e4a8dfc2a9a8,efficiency_cooling,29,48,0.1022568866610527,0.05551266670227051,20706.0,0.09506738930940628,139,1
StandardGSGP,9d0d9642-ad39-11ef-a7d0-e4a8dfc2a9a8,efficiency_cooling,29,49,0.1022568866610527,0.0606989860534668,22130.0,0.09506738930940628,139,1
StandardGSGP,9d0d9642-ad39-11ef-a7d0-e4a8dfc2a9a8,efficiency_cooling,29,50,0.1022568866610527,0.05299520492553711,22314.0,0.09506738930940628,139,1
StandardGSGP,9d0d9642-ad39-11ef-a7d0-e4a8dfc2a9a8,efficiency_cooling,29,51,0.1022568866610527,0.060509681701660156,20632.0,0.09506738930940628,139,1
StandardGSGP,9d0d9642-ad39-11ef-a7d0-e4a8dfc2a9a8,efficiency_cooling,29,52,0.10211431980133057,0.05800151824951172,19942.0,0.09129097312688828,145,1
StandardGSGP,9d0d9642-ad39-11ef-a7d0-e4a8dfc2a9a8,efficiency_cooling,29,53,0.10211431980133057,0.055513620376586914,20568.0,0.09129097312688828,145,1
StandardGSGP,9d0d9642-ad39-11ef-a7d0-e4a8dfc2a9a8,efficiency_cooling,29,54,0.10211431980133057,0.057015419006347656,20632.0,0.09129097312688828,145,1
StandardGSGP,9d0d9642-ad39-11ef-a7d0-e4a8dfc2a9a8,efficiency_cooling,29,55,0.10119354724884033,0.05845212936401367,21244.0,0.09258116036653519,153,1
StandardGSGP,9d0d9642-ad39-11ef-a7d0-e4a8dfc2a9a8,efficiency_cooling,29,56,0.10119354724884033,0.0555109977722168,22358.0,0.09258116036653519,153,1
StandardGSGP,9d0d9642-ad39-11ef-a7d0-e4a8dfc2a9a8,efficiency_cooling,29,57,0.10119354724884033,0.057000160217285156,23298.0,0.09258116036653519,153,1
StandardGSGP,9d0d9642-ad39-11ef-a7d0-e4a8dfc2a9a8,efficiency_cooling,29,58,0.10119354724884033,0.053807973861694336,23262.0,0.09258116036653519,153,1
StandardGSGP,9d0d9642-ad39-11ef-a7d0-e4a8dfc2a9a8,efficiency_cooling,29,59,0.10119354724884033,0.05633974075317383,22386.0,0.09258116036653519,153,1
StandardGSGP,9d0d9642-ad39-11ef-a7d0-e4a8dfc2a9a8,efficiency_cooling,29,60,0.10119354724884033,0.05885791778564453,21880.0,0.09258116036653519,153,1
StandardGSGP,9d0d9642-ad39-11ef-a7d0-e4a8dfc2a9a8,efficiency_cooling,29,61,0.10119354724884033,0.055065155029296875,21914.0,0.09258116036653519,153,1
StandardGSGP,9d0d9642-ad39-11ef-a7d0-e4a8dfc2a9a8,efficiency_cooling,29,62,0.10119354724884033,0.057652950286865234,22822.0,0.09258116036653519,153,1
StandardGSGP,9d0d9642-ad39-11ef-a7d0-e4a8dfc2a9a8,efficiency_cooling,29,63,0.10119354724884033,0.05549788475036621,23196.0,0.09258116036653519,153,1
StandardGSGP,9d0d9642-ad39-11ef-a7d0-e4a8dfc2a9a8,efficiency_cooling,29,64,0.10119354724884033,0.05665326118469238,23158.0,0.09258116036653519,153,1
StandardGSGP,9d0d9642-ad39-11ef-a7d0-e4a8dfc2a9a8,efficiency_cooling,29,65,0.10011545568704605,0.05550718307495117,23150.0,0.09020623564720154,165,1
StandardGSGP,9d0d9642-ad39-11ef-a7d0-e4a8dfc2a9a8,efficiency_cooling,29,66,0.10011545568704605,0.05651044845581055,22982.0,0.09020623564720154,165,1
StandardGSGP,9d0d9642-ad39-11ef-a7d0-e4a8dfc2a9a8,efficiency_cooling,29,67,0.10000980645418167,0.0560002326965332,22844.0,0.09038237482309341,171,1
StandardGSGP,9d0d9642-ad39-11ef-a7d0-e4a8dfc2a9a8,efficiency_cooling,29,68,0.10000980645418167,0.056516408920288086,22768.0,0.09038237482309341,171,1
StandardGSGP,9d0d9642-ad39-11ef-a7d0-e4a8dfc2a9a8,efficiency_cooling,29,69,0.10000980645418167,0.058184146881103516,24532.0,0.09038237482309341,171,1
StandardGSGP,9d0d9642-ad39-11ef-a7d0-e4a8dfc2a9a8,efficiency_cooling,29,70,0.10000980645418167,0.05750894546508789,25410.0,0.09038237482309341,171,1
StandardGSGP,9d0d9642-ad39-11ef-a7d0-e4a8dfc2a9a8,efficiency_cooling,29,71,0.10000980645418167,0.059517860412597656,26370.0,0.09038237482309341,171,1
StandardGSGP,9d0d9642-ad39-11ef-a7d0-e4a8dfc2a9a8,efficiency_cooling,29,72,0.09983622282743454,0.0550079345703125,25134.0,0.0906384140253067,177,1
StandardGSGP,9d0d9642-ad39-11ef-a7d0-e4a8dfc2a9a8,efficiency_cooling,29,73,0.09955096989870071,0.06386232376098633,25136.0,0.09408944845199585,231,1
StandardGSGP,9d0d9642-ad39-11ef-a7d0-e4a8dfc2a9a8,efficiency_cooling,29,74,0.09955096989870071,0.054997920989990234,25958.0,0.09408944845199585,231,1
StandardGSGP,9d0d9642-ad39-11ef-a7d0-e4a8dfc2a9a8,efficiency_cooling,29,75,0.09955096989870071,0.060713768005371094,26392.0,0.09408944845199585,231,1
StandardGSGP,9d0d9642-ad39-11ef-a7d0-e4a8dfc2a9a8,efficiency_cooling,29,76,0.09680537134408951,0.06064963340759277,26892.0,0.09456011652946472,239,1
StandardGSGP,9d0d9642-ad39-11ef-a7d0-e4a8dfc2a9a8,efficiency_cooling,29,77,0.09680537134408951,0.05899834632873535,27396.0,0.09456011652946472,239,1
StandardGSGP,9d0d9642-ad39-11ef-a7d0-e4a8dfc2a9a8,efficiency_cooling,29,78,0.09680537134408951,0.058510541915893555,27330.0,0.09456011652946472,239,1
StandardGSGP,9d0d9642-ad39-11ef-a7d0-e4a8dfc2a9a8,efficiency_cooling,29,79,0.09680537134408951,0.05700039863586426,27218.0,0.09456011652946472,239,1
StandardGSGP,9d0d9642-ad39-11ef-a7d0-e4a8dfc2a9a8,efficiency_cooling,29,80,0.09680537134408951,0.05850815773010254,26770.0,0.09456011652946472,239,1
StandardGSGP,9d0d9642-ad39-11ef-a7d0-e4a8dfc2a9a8,efficiency_cooling,29,81,0.09680537134408951,0.06250977516174316,27022.0,0.09456011652946472,239,1
StandardGSGP,9d0d9642-ad39-11ef-a7d0-e4a8dfc2a9a8,efficiency_cooling,29,82,0.09680537134408951,0.060588836669921875,27494.0,0.09456011652946472,239,1
StandardGSGP,9d0d9642-ad39-11ef-a7d0-e4a8dfc2a9a8,efficiency_cooling,29,83,0.09680537134408951,0.06241250038146973,28228.0,0.09456011652946472,239,1
StandardGSGP,9d0d9642-ad39-11ef-a7d0-e4a8dfc2a9a8,efficiency_cooling,29,84,0.09680537134408951,0.05800151824951172,28822.0,0.09456011652946472,239,1
StandardGSGP,9d0d9642-ad39-11ef-a7d0-e4a8dfc2a9a8,efficiency_cooling,29,85,0.09680537134408951,0.05650901794433594,29536.0,0.09456011652946472,239,1
StandardGSGP,9d0d9642-ad39-11ef-a7d0-e4a8dfc2a9a8,efficiency_cooling,29,86,0.09680537134408951,0.057507991790771484,30390.0,0.09456011652946472,239,1
StandardGSGP,9d0d9642-ad39-11ef-a7d0-e4a8dfc2a9a8,efficiency_cooling,29,87,0.09540776163339615,0.05678057670593262,31050.0,0.09188707172870636,249,1
StandardGSGP,9d0d9642-ad39-11ef-a7d0-e4a8dfc2a9a8,efficiency_cooling,29,88,0.09540776163339615,0.055510520935058594,31404.0,0.09188707172870636,249,1
StandardGSGP,9d0d9642-ad39-11ef-a7d0-e4a8dfc2a9a8,efficiency_cooling,29,89,0.09540776163339615,0.05499744415283203,31806.0,0.09188707172870636,249,1
StandardGSGP,9d0d9642-ad39-11ef-a7d0-e4a8dfc2a9a8,efficiency_cooling,29,90,0.09495434165000916,0.06113600730895996,31614.0,0.09143269807100296,261,1
StandardGSGP,9d0d9642-ad39-11ef-a7d0-e4a8dfc2a9a8,efficiency_cooling,29,91,0.09428847581148148,0.05878043174743652,32480.0,0.09045723080635071,269,1
StandardGSGP,9d0d9642-ad39-11ef-a7d0-e4a8dfc2a9a8,efficiency_cooling,29,92,0.09428847581148148,0.06774616241455078,34392.0,0.09045723080635071,269,1
StandardGSGP,9d0d9642-ad39-11ef-a7d0-e4a8dfc2a9a8,efficiency_cooling,29,93,0.09428847581148148,0.06817460060119629,35276.0,0.09045723080635071,269,1
StandardGSGP,9d0d9642-ad39-11ef-a7d0-e4a8dfc2a9a8,efficiency_cooling,29,94,0.0942460373044014,0.06235480308532715,36134.0,0.09001682698726654,279,1
StandardGSGP,9d0d9642-ad39-11ef-a7d0-e4a8dfc2a9a8,efficiency_cooling,29,95,0.0942460373044014,0.05999946594238281,35386.0,0.09001682698726654,279,1
StandardGSGP,9d0d9642-ad39-11ef-a7d0-e4a8dfc2a9a8,efficiency_cooling,29,96,0.0942460373044014,0.06051182746887207,35980.0,0.09001682698726654,279,1
StandardGSGP,9d0d9642-ad39-11ef-a7d0-e4a8dfc2a9a8,efficiency_cooling,29,97,0.0942460373044014,0.06174135208129883,35180.0,0.09001682698726654,279,1
StandardGSGP,9d0d9642-ad39-11ef-a7d0-e4a8dfc2a9a8,efficiency_cooling,29,98,0.0942460373044014,0.14442110061645508,34434.0,0.09001682698726654,279,1
StandardGSGP,9d0d9642-ad39-11ef-a7d0-e4a8dfc2a9a8,efficiency_cooling,29,99,0.0942460373044014,0.06251239776611328,33314.0,0.09001682698726654,279,1
StandardGSGP,9d0d9642-ad39-11ef-a7d0-e4a8dfc2a9a8,efficiency_cooling,29,100,0.0942460373044014,0.06299233436584473,33372.0,0.09001682698726654,279,1
StandardGSGP,18eb3408-ad3a-11ef-932f-e4a8dfc2a9a8,efficiency_cooling,29,0,5.80803108215332,0.03889036178588867,880.0,5.601810932159424,3,1
StandardGSGP,18eb3408-ad3a-11ef-932f-e4a8dfc2a9a8,efficiency_cooling,29,1,5.697803974151611,0.06951403617858887,1648.0,5.489169120788574,15,1
StandardGSGP,18eb3408-ad3a-11ef-932f-e4a8dfc2a9a8,efficiency_cooling,29,2,5.435975551605225,0.06680488586425781,2332.0,5.233891010284424,21,1
StandardGSGP,18eb3408-ad3a-11ef-932f-e4a8dfc2a9a8,efficiency_cooling,29,3,5.342308044433594,0.06972384452819824,3314.0,5.128274440765381,41,1
StandardGSGP,18eb3408-ad3a-11ef-932f-e4a8dfc2a9a8,efficiency_cooling,29,4,5.3232197761535645,0.06741714477539062,4086.0,5.112019062042236,47,1
StandardGSGP,18eb3408-ad3a-11ef-932f-e4a8dfc2a9a8,efficiency_cooling,29,5,4.956488132476807,0.07147741317749023,5404.0,4.741880893707275,57,1
StandardGSGP,18eb3408-ad3a-11ef-932f-e4a8dfc2a9a8,efficiency_cooling,29,6,4.694909572601318,0.06481528282165527,6394.0,4.4816813468933105,69,1
StandardGSGP,18eb3408-ad3a-11ef-932f-e4a8dfc2a9a8,efficiency_cooling,29,7,4.60521936416626,0.06186652183532715,7438.0,4.391785621643066,83,1
StandardGSGP,18eb3408-ad3a-11ef-932f-e4a8dfc2a9a8,efficiency_cooling,29,8,4.539236068725586,0.06450963020324707,8494.0,4.335692405700684,79,1
StandardGSGP,18eb3408-ad3a-11ef-932f-e4a8dfc2a9a8,efficiency_cooling,29,9,4.5041584968566895,0.0626223087310791,9518.0,4.329941749572754,87,1
StandardGSGP,18eb3408-ad3a-11ef-932f-e4a8dfc2a9a8,efficiency_cooling,29,10,4.451677322387695,0.07722115516662598,10530.0,4.310962200164795,95,1
StandardGSGP,18eb3408-ad3a-11ef-932f-e4a8dfc2a9a8,efficiency_cooling,29,11,4.451677322387695,0.07449698448181152,11166.0,4.310962200164795,95,1
StandardGSGP,18eb3408-ad3a-11ef-932f-e4a8dfc2a9a8,efficiency_cooling,29,12,4.451677322387695,0.06551027297973633,11850.0,4.310962200164795,95,1
StandardGSGP,18eb3408-ad3a-11ef-932f-e4a8dfc2a9a8,efficiency_cooling,29,13,4.427191257476807,0.06264686584472656,12338.0,4.274547100067139,109,1
StandardGSGP,18eb3408-ad3a-11ef-932f-e4a8dfc2a9a8,efficiency_cooling,29,14,4.413209438323975,0.07050752639770508,13144.0,4.247309684753418,157,1
StandardGSGP,18eb3408-ad3a-11ef-932f-e4a8dfc2a9a8,efficiency_cooling,29,15,4.366068363189697,0.07643580436706543,13954.0,4.232243061065674,133,1
StandardGSGP,18eb3408-ad3a-11ef-932f-e4a8dfc2a9a8,efficiency_cooling,29,16,4.325830936431885,0.0635061264038086,15456.0,4.144542217254639,177,1
StandardGSGP,18eb3408-ad3a-11ef-932f-e4a8dfc2a9a8,efficiency_cooling,29,17,4.297515392303467,0.06602215766906738,16672.0,4.124801158905029,183,1
StandardGSGP,18eb3408-ad3a-11ef-932f-e4a8dfc2a9a8,efficiency_cooling,29,18,4.2764506340026855,0.06512117385864258,17894.0,4.105944633483887,199,1
StandardGSGP,18eb3408-ad3a-11ef-932f-e4a8dfc2a9a8,efficiency_cooling,29,19,4.27256441116333,0.06832385063171387,19884.0,4.104410171508789,207,1
StandardGSGP,18eb3408-ad3a-11ef-932f-e4a8dfc2a9a8,efficiency_cooling,29,20,4.25773811340332,0.06576299667358398,21120.0,4.078405857086182,209,1
StandardGSGP,18eb3408-ad3a-11ef-932f-e4a8dfc2a9a8,efficiency_cooling,29,21,4.249231815338135,0.06351733207702637,22138.0,4.082269191741943,237,1
StandardGSGP,18eb3408-ad3a-11ef-932f-e4a8dfc2a9a8,efficiency_cooling,29,22,4.230766773223877,0.06638693809509277,23048.0,4.087807655334473,227,1
StandardGSGP,18eb3408-ad3a-11ef-932f-e4a8dfc2a9a8,efficiency_cooling,29,23,4.230766296386719,0.06450748443603516,23910.0,4.0878071784973145,243,1
StandardGSGP,18eb3408-ad3a-11ef-932f-e4a8dfc2a9a8,efficiency_cooling,29,24,4.219094753265381,0.06550765037536621,24826.0,4.03844690322876,253,1
StandardGSGP,18eb3408-ad3a-11ef-932f-e4a8dfc2a9a8,efficiency_cooling,29,25,4.183326721191406,0.0629892349243164,25628.0,4.099064350128174,277,1
StandardGSGP,18eb3408-ad3a-11ef-932f-e4a8dfc2a9a8,efficiency_cooling,29,26,4.183326721191406,0.06399679183959961,26546.0,4.099064350128174,277,1
StandardGSGP,18eb3408-ad3a-11ef-932f-e4a8dfc2a9a8,efficiency_cooling,29,27,4.1788787841796875,0.07250857353210449,27372.0,3.9890480041503906,275,1
StandardGSGP,18eb3408-ad3a-11ef-932f-e4a8dfc2a9a8,efficiency_cooling,29,28,4.162347316741943,0.06955718994140625,28496.0,3.9705238342285156,305,1
StandardGSGP,18eb3408-ad3a-11ef-932f-e4a8dfc2a9a8,efficiency_cooling,29,29,4.136746406555176,0.06298995018005371,29492.0,4.0354108810424805,289,1
StandardGSGP,18eb3408-ad3a-11ef-932f-e4a8dfc2a9a8,efficiency_cooling,29,30,4.1219482421875,0.0655663013458252,30580.0,4.033768177032471,301,1
StandardGSGP,18eb3408-ad3a-11ef-932f-e4a8dfc2a9a8,efficiency_cooling,29,31,4.117956638336182,0.07251477241516113,31604.0,3.9977848529815674,333,1
StandardGSGP,18eb3408-ad3a-11ef-932f-e4a8dfc2a9a8,efficiency_cooling,29,32,4.098330020904541,0.06804108619689941,32246.0,3.959965467453003,331,1
StandardGSGP,18eb3408-ad3a-11ef-932f-e4a8dfc2a9a8,efficiency_cooling,29,33,4.096914291381836,0.06562304496765137,33320.0,3.957524299621582,337,1
StandardGSGP,18eb3408-ad3a-11ef-932f-e4a8dfc2a9a8,efficiency_cooling,29,34,4.074350833892822,0.0635073184967041,34078.0,3.92783260345459,357,1
StandardGSGP,18eb3408-ad3a-11ef-932f-e4a8dfc2a9a8,efficiency_cooling,29,35,4.057696342468262,0.06000351905822754,35140.0,3.911832332611084,363,1
StandardGSGP,18eb3408-ad3a-11ef-932f-e4a8dfc2a9a8,efficiency_cooling,29,36,4.055160045623779,0.0635061264038086,36860.0,3.9199540615081787,381,1
StandardGSGP,18eb3408-ad3a-11ef-932f-e4a8dfc2a9a8,efficiency_cooling,29,37,4.019885540008545,0.06854009628295898,38030.0,3.878525972366333,379,1
StandardGSGP,18eb3408-ad3a-11ef-932f-e4a8dfc2a9a8,efficiency_cooling,29,38,4.0035858154296875,0.06290173530578613,38844.0,3.8808341026306152,385,1
StandardGSGP,18eb3408-ad3a-11ef-932f-e4a8dfc2a9a8,efficiency_cooling,29,39,3.997912645339966,0.061335086822509766,39598.0,3.8782877922058105,399,1
StandardGSGP,18eb3408-ad3a-11ef-932f-e4a8dfc2a9a8,efficiency_cooling,29,40,3.990727663040161,0.06408858299255371,40298.0,3.882113218307495,401,1
StandardGSGP,18eb3408-ad3a-11ef-932f-e4a8dfc2a9a8,efficiency_cooling,29,41,3.959662437438965,0.06457352638244629,41026.0,3.8712596893310547,407,1
StandardGSGP,18eb3408-ad3a-11ef-932f-e4a8dfc2a9a8,efficiency_cooling,29,42,3.958022117614746,0.06589365005493164,41930.0,3.8715460300445557,413,1
StandardGSGP,18eb3408-ad3a-11ef-932f-e4a8dfc2a9a8,efficiency_cooling,29,43,3.9551913738250732,0.06043434143066406,42656.0,3.868018627166748,429,1
StandardGSGP,18eb3408-ad3a-11ef-932f-e4a8dfc2a9a8,efficiency_cooling,29,44,3.9356689453125,0.06500244140625,43430.0,3.819528102874756,443,1
StandardGSGP,18eb3408-ad3a-11ef-932f-e4a8dfc2a9a8,efficiency_cooling,29,45,3.9329187870025635,0.06082320213317871,44256.0,3.8384337425231934,451,1
StandardGSGP,18eb3408-ad3a-11ef-932f-e4a8dfc2a9a8,efficiency_cooling,29,46,3.9198546409606934,0.06450819969177246,45406.0,3.8021721839904785,451,1
StandardGSGP,18eb3408-ad3a-11ef-932f-e4a8dfc2a9a8,efficiency_cooling,29,47,3.911644220352173,0.06499934196472168,46534.0,3.8079354763031006,465,1
StandardGSGP,18eb3408-ad3a-11ef-932f-e4a8dfc2a9a8,efficiency_cooling,29,48,3.90620493888855,0.06550931930541992,47492.0,3.784379005432129,463,1
StandardGSGP,18eb3408-ad3a-11ef-932f-e4a8dfc2a9a8,efficiency_cooling,29,49,3.9061906337738037,0.06151223182678223,47988.0,3.7843918800354004,475,1
StandardGSGP,18eb3408-ad3a-11ef-932f-e4a8dfc2a9a8,efficiency_cooling,29,50,3.896059274673462,0.06938576698303223,48442.0,3.794238567352295,469,1
StandardGSGP,18eb3408-ad3a-11ef-932f-e4a8dfc2a9a8,efficiency_cooling,29,51,3.874718189239502,0.06657838821411133,49104.0,3.7623507976531982,485,1
StandardGSGP,18eb3408-ad3a-11ef-932f-e4a8dfc2a9a8,efficiency_cooling,29,52,3.874718189239502,0.06523871421813965,49840.0,3.7623507976531982,485,1
StandardGSGP,18eb3408-ad3a-11ef-932f-e4a8dfc2a9a8,efficiency_cooling,29,53,3.874718189239502,0.06396913528442383,50604.0,3.7623507976531982,485,1
StandardGSGP,18eb3408-ad3a-11ef-932f-e4a8dfc2a9a8,efficiency_cooling,29,54,3.8558616638183594,0.06557965278625488,51444.0,3.755009651184082,515,1
StandardGSGP,18eb3408-ad3a-11ef-932f-e4a8dfc2a9a8,efficiency_cooling,29,55,3.8558616638183594,0.06451058387756348,51890.0,3.755009651184082,515,1
StandardGSGP,18eb3408-ad3a-11ef-932f-e4a8dfc2a9a8,efficiency_cooling,29,56,3.853527307510376,0.06399846076965332,52544.0,3.77339506149292,527,1
StandardGSGP,18eb3408-ad3a-11ef-932f-e4a8dfc2a9a8,efficiency_cooling,29,57,3.8512752056121826,0.06151127815246582,53668.0,3.760504722595215,535,1
StandardGSGP,18eb3408-ad3a-11ef-932f-e4a8dfc2a9a8,efficiency_cooling,29,58,3.8481483459472656,0.06488156318664551,54798.0,3.7591452598571777,541,1
StandardGSGP,18eb3408-ad3a-11ef-932f-e4a8dfc2a9a8,efficiency_cooling,29,59,3.845477342605591,0.0646204948425293,55638.0,3.7324581146240234,565,1
StandardGSGP,18eb3408-ad3a-11ef-932f-e4a8dfc2a9a8,efficiency_cooling,29,60,3.841534376144409,0.13702130317687988,56788.0,3.7638750076293945,571,1
StandardGSGP,18eb3408-ad3a-11ef-932f-e4a8dfc2a9a8,efficiency_cooling,29,61,3.8381333351135254,0.06122851371765137,57886.0,3.767930507659912,597,1
StandardGSGP,18eb3408-ad3a-11ef-932f-e4a8dfc2a9a8,efficiency_cooling,29,62,3.832918643951416,0.06238722801208496,59016.0,3.751894950866699,603,1
StandardGSGP,18eb3408-ad3a-11ef-932f-e4a8dfc2a9a8,efficiency_cooling,29,63,3.8284378051757812,0.06450891494750977,60498.0,3.760132074356079,611,1
StandardGSGP,18eb3408-ad3a-11ef-932f-e4a8dfc2a9a8,efficiency_cooling,29,64,3.8134207725524902,0.06399965286254883,61464.0,3.7174534797668457,609,1
StandardGSGP,18eb3408-ad3a-11ef-932f-e4a8dfc2a9a8,efficiency_cooling,29,65,3.8090903759002686,0.06251168251037598,62450.0,3.7009546756744385,621,1
StandardGSGP,18eb3408-ad3a-11ef-932f-e4a8dfc2a9a8,efficiency_cooling,29,66,3.8059680461883545,0.06551361083984375,63328.0,3.7300941944122314,629,1
StandardGSGP,18eb3408-ad3a-11ef-932f-e4a8dfc2a9a8,efficiency_cooling,29,67,3.8058204650878906,0.06326675415039062,63720.0,3.697784900665283,629,1
StandardGSGP,18eb3408-ad3a-11ef-932f-e4a8dfc2a9a8,efficiency_cooling,29,68,3.8013319969177246,0.06651449203491211,64156.0,3.720515727996826,647,1
StandardGSGP,18eb3408-ad3a-11ef-932f-e4a8dfc2a9a8,efficiency_cooling,29,69,3.7924883365631104,0.06810331344604492,64940.0,3.6841588020324707,651,1
StandardGSGP,18eb3408-ad3a-11ef-932f-e4a8dfc2a9a8,efficiency_cooling,29,70,3.7924883365631104,0.06679558753967285,65850.0,3.6841588020324707,651,1
StandardGSGP,18eb3408-ad3a-11ef-932f-e4a8dfc2a9a8,efficiency_cooling,29,71,3.7924883365631104,0.06661081314086914,66878.0,3.6841588020324707,651,1
StandardGSGP,18eb3408-ad3a-11ef-932f-e4a8dfc2a9a8,efficiency_cooling,29,72,3.790832996368408,0.06451749801635742,67608.0,3.668499231338501,677,1
StandardGSGP,18eb3408-ad3a-11ef-932f-e4a8dfc2a9a8,efficiency_cooling,29,73,3.756098985671997,0.06970691680908203,68248.0,3.625222682952881,687,1
StandardGSGP,18eb3408-ad3a-11ef-932f-e4a8dfc2a9a8,efficiency_cooling,29,74,3.756098985671997,0.06751894950866699,68916.0,3.625222682952881,687,1
StandardGSGP,18eb3408-ad3a-11ef-932f-e4a8dfc2a9a8,efficiency_cooling,29,75,3.752190589904785,0.07351160049438477,69816.0,3.626133918762207,697,1
StandardGSGP,18eb3408-ad3a-11ef-932f-e4a8dfc2a9a8,efficiency_cooling,29,76,3.750290632247925,0.06900501251220703,70694.0,3.6165170669555664,707,1
StandardGSGP,18eb3408-ad3a-11ef-932f-e4a8dfc2a9a8,efficiency_cooling,29,77,3.7424235343933105,0.06511330604553223,71530.0,3.605678081512451,725,1
StandardGSGP,18eb3408-ad3a-11ef-932f-e4a8dfc2a9a8,efficiency_cooling,29,78,3.7415897846221924,0.06784200668334961,72412.0,3.584974527359009,719,1
StandardGSGP,18eb3408-ad3a-11ef-932f-e4a8dfc2a9a8,efficiency_cooling,29,79,3.707732677459717,0.06351351737976074,73350.0,3.58723521232605,727,1
StandardGSGP,18eb3408-ad3a-11ef-932f-e4a8dfc2a9a8,efficiency_cooling,29,80,3.7041897773742676,0.0639955997467041,74334.0,3.57641339302063,737,1
StandardGSGP,18eb3408-ad3a-11ef-932f-e4a8dfc2a9a8,efficiency_cooling,29,81,3.700798988342285,0.06351566314697266,75124.0,3.5771660804748535,753,1
StandardGSGP,18eb3408-ad3a-11ef-932f-e4a8dfc2a9a8,efficiency_cooling,29,82,3.700798988342285,0.06370067596435547,75866.0,3.5771660804748535,753,1
StandardGSGP,18eb3408-ad3a-11ef-932f-e4a8dfc2a9a8,efficiency_cooling,29,83,3.699612617492676,0.06082344055175781,76288.0,3.5692787170410156,767,1
StandardGSGP,18eb3408-ad3a-11ef-932f-e4a8dfc2a9a8,efficiency_cooling,29,84,3.6984856128692627,0.06151223182678223,77464.0,3.5665335655212402,783,1
StandardGSGP,18eb3408-ad3a-11ef-932f-e4a8dfc2a9a8,efficiency_cooling,29,85,3.690434694290161,0.06302428245544434,78414.0,3.5452985763549805,795,1
StandardGSGP,18eb3408-ad3a-11ef-932f-e4a8dfc2a9a8,efficiency_cooling,29,86,3.6900956630706787,0.06250572204589844,79458.0,3.5602729320526123,805,1
StandardGSGP,18eb3408-ad3a-11ef-932f-e4a8dfc2a9a8,efficiency_cooling,29,87,3.688476800918579,0.06497359275817871,80712.0,3.555427074432373,809,1
StandardGSGP,18eb3408-ad3a-11ef-932f-e4a8dfc2a9a8,efficiency_cooling,29,88,3.683582067489624,0.061994314193725586,81918.0,3.562408924102783,827,1
StandardGSGP,18eb3408-ad3a-11ef-932f-e4a8dfc2a9a8,efficiency_cooling,29,89,3.6804661750793457,0.06797909736633301,82810.0,3.531346082687378,833,1
StandardGSGP,18eb3408-ad3a-11ef-932f-e4a8dfc2a9a8,efficiency_cooling,29,90,3.6804661750793457,0.06551718711853027,83608.0,3.531346082687378,833,1
StandardGSGP,18eb3408-ad3a-11ef-932f-e4a8dfc2a9a8,efficiency_cooling,29,91,3.6804661750793457,0.06418395042419434,84406.0,3.531346082687378,833,1
StandardGSGP,18eb3408-ad3a-11ef-932f-e4a8dfc2a9a8,efficiency_cooling,29,92,3.679755687713623,0.0651547908782959,85282.0,3.5271100997924805,843,1
StandardGSGP,18eb3408-ad3a-11ef-932f-e4a8dfc2a9a8,efficiency_cooling,29,93,3.677025079727173,0.06351208686828613,85802.0,3.554558277130127,869,1
StandardGSGP,18eb3408-ad3a-11ef-932f-e4a8dfc2a9a8,efficiency_cooling,29,94,3.654284954071045,0.06419205665588379,86368.0,3.5572657585144043,879,1
StandardGSGP,18eb3408-ad3a-11ef-932f-e4a8dfc2a9a8,efficiency_cooling,29,95,3.654284954071045,0.06114959716796875,87008.0,3.5572657585144043,879,1
StandardGSGP,18eb3408-ad3a-11ef-932f-e4a8dfc2a9a8,efficiency_cooling,29,96,3.6500468254089355,0.06928586959838867,88098.0,3.565070152282715,895,1
StandardGSGP,18eb3408-ad3a-11ef-932f-e4a8dfc2a9a8,efficiency_cooling,29,97,3.6487314701080322,0.06399846076965332,89714.0,3.571547508239746,899,1
StandardGSGP,18eb3408-ad3a-11ef-932f-e4a8dfc2a9a8,efficiency_cooling,29,98,3.6472575664520264,0.06950759887695312,91094.0,3.5510079860687256,905,1
StandardGSGP,18eb3408-ad3a-11ef-932f-e4a8dfc2a9a8,efficiency_cooling,29,99,3.6453542709350586,0.060510873794555664,92052.0,3.557032585144043,921,1
StandardGSGP,18eb3408-ad3a-11ef-932f-e4a8dfc2a9a8,efficiency_cooling,29,100,3.6453542709350586,0.06574177742004395,92864.0,3.557032585144043,921,1
