StandardGP,474e1c0a-ad9f-11ef-95a7-e4a8dfc2a9a8,dataset_1,0,0,0.1328241527080536,0.0796055793762207,1342.0,0.11243769526481628,3,1
StandardGP,474e1c0a-ad9f-11ef-95a7-e4a8dfc2a9a8,dataset_1,0,1,0.1328241527080536,0.03299427032470703,746.0,0.11243769526481628,3,1
StandardGP,474e1c0a-ad9f-11ef-95a7-e4a8dfc2a9a8,dataset_1,0,2,0.1328241527080536,0.03047633171081543,720.0,0.11243769526481628,3,1
StandardGP,474e1c0a-ad9f-11ef-95a7-e4a8dfc2a9a8,dataset_1,0,3,0.1328241527080536,0.026004552841186523,634.0,0.11243769526481628,3,1
StandardGP,474e1c0a-ad9f-11ef-95a7-e4a8dfc2a9a8,dataset_1,0,4,0.13076753914356232,0.02397894859313965,538.0,0.11552340537309647,3,1
StandardGP,474e1c0a-ad9f-11ef-95a7-e4a8dfc2a9a8,dataset_1,0,5,0.13076753914356232,0.022049665451049805,608.0,0.11552340537309647,3,1
StandardGP,474e1c0a-ad9f-11ef-95a7-e4a8dfc2a9a8,dataset_1,0,6,0.0843360424041748,0.018016815185546875,614.0,0.07357937842607498,7,1
StandardGP,474e1c0a-ad9f-11ef-95a7-e4a8dfc2a9a8,dataset_1,0,7,0.0843360424041748,0.028728246688842773,652.0,0.07357937842607498,7,1
StandardGP,474e1c0a-ad9f-11ef-95a7-e4a8dfc2a9a8,dataset_1,0,8,0.0843360424041748,0.019370317459106445,702.0,0.07357937842607498,7,1
StandardGP,474e1c0a-ad9f-11ef-95a7-e4a8dfc2a9a8,dataset_1,0,9,0.0843360424041748,0.019311904907226562,680.0,0.07357937842607498,7,1
StandardGP,474e1c0a-ad9f-11ef-95a7-e4a8dfc2a9a8,dataset_1,0,10,0.07896576076745987,0.02101445198059082,688.0,0.0717015415430069,7,1
StandardGP,474e1c0a-ad9f-11ef-95a7-e4a8dfc2a9a8,dataset_1,0,11,0.07896576076745987,0.022257328033447266,676.0,0.0717015415430069,7,1
StandardGP,474e1c0a-ad9f-11ef-95a7-e4a8dfc2a9a8,dataset_1,0,12,0.07896576076745987,0.01927471160888672,684.0,0.0717015415430069,7,1
StandardGP,474e1c0a-ad9f-11ef-95a7-e4a8dfc2a9a8,dataset_1,0,13,0.07527855783700943,0.022036075592041016,712.0,0.0694107934832573,7,1
StandardGP,474e1c0a-ad9f-11ef-95a7-e4a8dfc2a9a8,dataset_1,0,14,0.0722394734621048,0.024358510971069336,764.0,0.06345843523740768,11,1
StandardGP,474e1c0a-ad9f-11ef-95a7-e4a8dfc2a9a8,dataset_1,0,15,0.05131060630083084,0.025226116180419922,850.0,0.04286789149045944,23,1
StandardGP,474e1c0a-ad9f-11ef-95a7-e4a8dfc2a9a8,dataset_1,0,16,0.05131060630083084,0.02504253387451172,964.0,0.04286789149045944,23,1
StandardGP,474e1c0a-ad9f-11ef-95a7-e4a8dfc2a9a8,dataset_1,0,17,0.05131060630083084,0.027203798294067383,1092.0,0.04286789149045944,23,1
StandardGP,474e1c0a-ad9f-11ef-95a7-e4a8dfc2a9a8,dataset_1,0,18,0.05131060630083084,0.030201435089111328,1298.0,0.04286789149045944,23,1
StandardGP,474e1c0a-ad9f-11ef-95a7-e4a8dfc2a9a8,dataset_1,0,19,0.046584662050008774,0.037337541580200195,1600.0,0.04017138481140137,19,1
StandardGP,474e1c0a-ad9f-11ef-95a7-e4a8dfc2a9a8,dataset_1,0,20,0.046125996857881546,0.05077672004699707,2154.0,0.04087798669934273,27,1
StandardGP,474e1c0a-ad9f-11ef-95a7-e4a8dfc2a9a8,dataset_1,0,21,0.046125996857881546,0.04736638069152832,2074.0,0.04087798669934273,27,1
StandardGP,474e1c0a-ad9f-11ef-95a7-e4a8dfc2a9a8,dataset_1,0,22,0.046125996857881546,0.05215191841125488,2330.0,0.04087798669934273,27,1
StandardGP,474e1c0a-ad9f-11ef-95a7-e4a8dfc2a9a8,dataset_1,0,23,0.046125996857881546,0.05438566207885742,2300.0,0.04087798669934273,27,1
StandardGP,474e1c0a-ad9f-11ef-95a7-e4a8dfc2a9a8,dataset_1,0,24,0.045000430196523666,0.06127357482910156,2856.0,0.04151078686118126,43,1
StandardGP,474e1c0a-ad9f-11ef-95a7-e4a8dfc2a9a8,dataset_1,0,25,0.04421818256378174,0.06436443328857422,3066.0,0.04284899681806564,43,1
StandardGP,474e1c0a-ad9f-11ef-95a7-e4a8dfc2a9a8,dataset_1,0,26,0.04420555755496025,0.07141900062561035,3274.0,0.04153497517108917,43,1
StandardGP,474e1c0a-ad9f-11ef-95a7-e4a8dfc2a9a8,dataset_1,0,27,0.04420555755496025,0.0739583969116211,3336.0,0.04153497517108917,43,1
StandardGP,474e1c0a-ad9f-11ef-95a7-e4a8dfc2a9a8,dataset_1,0,28,0.04420555755496025,0.08054661750793457,3716.0,0.04153497517108917,43,1
StandardGP,474e1c0a-ad9f-11ef-95a7-e4a8dfc2a9a8,dataset_1,0,29,0.04420555755496025,0.09210395812988281,3990.0,0.04153497517108917,43,1
StandardGP,474e1c0a-ad9f-11ef-95a7-e4a8dfc2a9a8,dataset_1,0,30,0.044199224561452866,0.09398698806762695,4080.0,0.04124335199594498,43,1
StandardGP,474e1c0a-ad9f-11ef-95a7-e4a8dfc2a9a8,dataset_1,0,31,0.044199224561452866,0.09893584251403809,4284.0,0.04124335199594498,43,1
StandardGP,474e1c0a-ad9f-11ef-95a7-e4a8dfc2a9a8,dataset_1,0,32,0.04415234550833702,0.10680913925170898,4496.0,0.041362542659044266,51,1
StandardGP,474e1c0a-ad9f-11ef-95a7-e4a8dfc2a9a8,dataset_1,0,33,0.043919552117586136,0.11069416999816895,4638.0,0.04150780290365219,51,1
StandardGP,474e1c0a-ad9f-11ef-95a7-e4a8dfc2a9a8,dataset_1,0,34,0.043919552117586136,0.1058037281036377,4502.0,0.04150780290365219,51,1
StandardGP,474e1c0a-ad9f-11ef-95a7-e4a8dfc2a9a8,dataset_1,0,35,0.04386642575263977,0.11142873764038086,4370.0,0.040853895246982574,43,1
StandardGP,474e1c0a-ad9f-11ef-95a7-e4a8dfc2a9a8,dataset_1,0,36,0.04386642575263977,0.10174345970153809,4512.0,0.040853895246982574,43,1
StandardGP,474e1c0a-ad9f-11ef-95a7-e4a8dfc2a9a8,dataset_1,0,37,0.04385799542069435,0.09910464286804199,4494.0,0.04078502953052521,43,1
StandardGP,474e1c0a-ad9f-11ef-95a7-e4a8dfc2a9a8,dataset_1,0,38,0.04385799542069435,0.09740424156188965,4460.0,0.04078502953052521,43,1
StandardGP,474e1c0a-ad9f-11ef-95a7-e4a8dfc2a9a8,dataset_1,0,39,0.04385799542069435,0.1025397777557373,4556.0,0.04078502953052521,43,1
StandardGP,474e1c0a-ad9f-11ef-95a7-e4a8dfc2a9a8,dataset_1,0,40,0.04225893318653107,0.10486912727355957,4848.0,0.03821547329425812,51,1
StandardGP,474e1c0a-ad9f-11ef-95a7-e4a8dfc2a9a8,dataset_1,0,41,0.04225893318653107,0.1101839542388916,4812.0,0.03821547329425812,51,1
StandardGP,474e1c0a-ad9f-11ef-95a7-e4a8dfc2a9a8,dataset_1,0,42,0.04225893318653107,0.12257528305053711,4880.0,0.03821547329425812,51,1
StandardGP,474e1c0a-ad9f-11ef-95a7-e4a8dfc2a9a8,dataset_1,0,43,0.04225893318653107,0.10198283195495605,4834.0,0.03821547329425812,51,1
StandardGP,474e1c0a-ad9f-11ef-95a7-e4a8dfc2a9a8,dataset_1,0,44,0.04225893318653107,0.10677719116210938,4928.0,0.03821547329425812,51,1
StandardGP,474e1c0a-ad9f-11ef-95a7-e4a8dfc2a9a8,dataset_1,0,45,0.04225893318653107,0.10254096984863281,4916.0,0.03821547329425812,51,1
StandardGP,474e1c0a-ad9f-11ef-95a7-e4a8dfc2a9a8,dataset_1,0,46,0.041385848075151443,0.11054468154907227,4808.0,0.03857092931866646,67,1
StandardGP,474e1c0a-ad9f-11ef-95a7-e4a8dfc2a9a8,dataset_1,0,47,0.04112917184829712,0.11214041709899902,4974.0,0.03824117034673691,67,1
StandardGP,474e1c0a-ad9f-11ef-95a7-e4a8dfc2a9a8,dataset_1,0,48,0.04112917184829712,0.1257033348083496,5208.0,0.03824117034673691,67,1
StandardGP,474e1c0a-ad9f-11ef-95a7-e4a8dfc2a9a8,dataset_1,0,49,0.03989539295434952,0.11290669441223145,5082.0,0.0373656190931797,67,1
StandardGP,474e1c0a-ad9f-11ef-95a7-e4a8dfc2a9a8,dataset_1,0,50,0.03989539295434952,0.11335968971252441,5184.0,0.0373656190931797,67,1
StandardGP,474e1c0a-ad9f-11ef-95a7-e4a8dfc2a9a8,dataset_1,0,51,0.03989539295434952,0.13300585746765137,5072.0,0.0373656190931797,67,1
StandardGP,474e1c0a-ad9f-11ef-95a7-e4a8dfc2a9a8,dataset_1,0,52,0.03989539295434952,0.10944700241088867,5024.0,0.0373656190931797,67,1
StandardGP,474e1c0a-ad9f-11ef-95a7-e4a8dfc2a9a8,dataset_1,0,53,0.03989539295434952,0.12019848823547363,5190.0,0.0373656190931797,67,1
StandardGP,474e1c0a-ad9f-11ef-95a7-e4a8dfc2a9a8,dataset_1,0,54,0.03989539295434952,0.14072322845458984,5208.0,0.0373656190931797,67,1
StandardGP,474e1c0a-ad9f-11ef-95a7-e4a8dfc2a9a8,dataset_1,0,55,0.03989539295434952,0.12712764739990234,5036.0,0.0373656190931797,67,1
StandardGP,474e1c0a-ad9f-11ef-95a7-e4a8dfc2a9a8,dataset_1,0,56,0.03989539295434952,0.11963367462158203,4904.0,0.0373656190931797,67,1
StandardGP,474e1c0a-ad9f-11ef-95a7-e4a8dfc2a9a8,dataset_1,0,57,0.03989539295434952,0.11275053024291992,5116.0,0.0373656190931797,67,1
StandardGP,474e1c0a-ad9f-11ef-95a7-e4a8dfc2a9a8,dataset_1,0,58,0.03926972299814224,0.1266484260559082,5316.0,0.03646482154726982,63,1
StandardGP,474e1c0a-ad9f-11ef-95a7-e4a8dfc2a9a8,dataset_1,0,59,0.03926972299814224,0.12873077392578125,5206.0,0.03646482154726982,63,1
StandardGP,474e1c0a-ad9f-11ef-95a7-e4a8dfc2a9a8,dataset_1,0,60,0.03926972299814224,0.14024662971496582,5192.0,0.03646482154726982,63,1
StandardGP,474e1c0a-ad9f-11ef-95a7-e4a8dfc2a9a8,dataset_1,0,61,0.03926972299814224,0.1352226734161377,5532.0,0.03646482154726982,63,1
StandardGP,474e1c0a-ad9f-11ef-95a7-e4a8dfc2a9a8,dataset_1,0,62,0.03926972299814224,0.1416921615600586,5212.0,0.03646482154726982,63,1
StandardGP,474e1c0a-ad9f-11ef-95a7-e4a8dfc2a9a8,dataset_1,0,63,0.03926972299814224,0.1311192512512207,5270.0,0.03646482154726982,63,1
StandardGP,474e1c0a-ad9f-11ef-95a7-e4a8dfc2a9a8,dataset_1,0,64,0.03926972299814224,0.1225125789642334,5006.0,0.03646482154726982,63,1
StandardGP,474e1c0a-ad9f-11ef-95a7-e4a8dfc2a9a8,dataset_1,0,65,0.038560714572668076,0.12790274620056152,5452.0,0.03577585518360138,59,1
StandardGP,474e1c0a-ad9f-11ef-95a7-e4a8dfc2a9a8,dataset_1,0,66,0.038560714572668076,0.11575579643249512,5160.0,0.03577585518360138,59,1
StandardGP,474e1c0a-ad9f-11ef-95a7-e4a8dfc2a9a8,dataset_1,0,67,0.038560714572668076,0.11594152450561523,5212.0,0.03577585518360138,59,1
StandardGP,474e1c0a-ad9f-11ef-95a7-e4a8dfc2a9a8,dataset_1,0,68,0.038560714572668076,0.12240481376647949,5248.0,0.03577585518360138,59,1
StandardGP,474e1c0a-ad9f-11ef-95a7-e4a8dfc2a9a8,dataset_1,0,69,0.038560714572668076,0.12911272048950195,5258.0,0.03577585518360138,59,1
StandardGP,474e1c0a-ad9f-11ef-95a7-e4a8dfc2a9a8,dataset_1,0,70,0.038208797574043274,0.13318634033203125,5106.0,0.036318473517894745,55,1
StandardGP,474e1c0a-ad9f-11ef-95a7-e4a8dfc2a9a8,dataset_1,0,71,0.038208797574043274,0.11545681953430176,5524.0,0.036318473517894745,55,1
StandardGP,474e1c0a-ad9f-11ef-95a7-e4a8dfc2a9a8,dataset_1,0,72,0.038208797574043274,0.12675046920776367,5442.0,0.036318473517894745,55,1
StandardGP,474e1c0a-ad9f-11ef-95a7-e4a8dfc2a9a8,dataset_1,0,73,0.038208797574043274,0.16760635375976562,5684.0,0.036318473517894745,55,1
StandardGP,474e1c0a-ad9f-11ef-95a7-e4a8dfc2a9a8,dataset_1,0,74,0.038208797574043274,0.16811847686767578,5524.0,0.036318473517894745,55,1
StandardGP,474e1c0a-ad9f-11ef-95a7-e4a8dfc2a9a8,dataset_1,0,75,0.038208797574043274,0.12810349464416504,5592.0,0.036318473517894745,55,1
StandardGP,474e1c0a-ad9f-11ef-95a7-e4a8dfc2a9a8,dataset_1,0,76,0.038208797574043274,0.12503433227539062,5576.0,0.036318473517894745,55,1
StandardGP,474e1c0a-ad9f-11ef-95a7-e4a8dfc2a9a8,dataset_1,0,77,0.038208797574043274,0.13161396980285645,5534.0,0.036318473517894745,55,1
StandardGP,474e1c0a-ad9f-11ef-95a7-e4a8dfc2a9a8,dataset_1,0,78,0.038208797574043274,0.12715744972229004,5596.0,0.036318473517894745,55,1
StandardGP,474e1c0a-ad9f-11ef-95a7-e4a8dfc2a9a8,dataset_1,0,79,0.03754981607198715,0.1381833553314209,5604.0,0.03542158007621765,67,1
StandardGP,474e1c0a-ad9f-11ef-95a7-e4a8dfc2a9a8,dataset_1,0,80,0.03754981607198715,0.1251506805419922,5624.0,0.03542158007621765,67,1
StandardGP,474e1c0a-ad9f-11ef-95a7-e4a8dfc2a9a8,dataset_1,0,81,0.03754981607198715,0.1514291763305664,5598.0,0.03542158007621765,67,1
StandardGP,474e1c0a-ad9f-11ef-95a7-e4a8dfc2a9a8,dataset_1,0,82,0.03754981607198715,0.12668418884277344,5286.0,0.03542158007621765,67,1
StandardGP,474e1c0a-ad9f-11ef-95a7-e4a8dfc2a9a8,dataset_1,0,83,0.03754981607198715,0.14868998527526855,5880.0,0.03542158007621765,67,1
StandardGP,474e1c0a-ad9f-11ef-95a7-e4a8dfc2a9a8,dataset_1,0,84,0.03754981607198715,0.13669657707214355,5436.0,0.03542158007621765,67,1
StandardGP,474e1c0a-ad9f-11ef-95a7-e4a8dfc2a9a8,dataset_1,0,85,0.03754981607198715,0.15056991577148438,5844.0,0.03542158007621765,67,1
StandardGP,474e1c0a-ad9f-11ef-95a7-e4a8dfc2a9a8,dataset_1,0,86,0.03754981607198715,0.1522960662841797,5704.0,0.03542158007621765,67,1
StandardGP,474e1c0a-ad9f-11ef-95a7-e4a8dfc2a9a8,dataset_1,0,87,0.03754981607198715,0.13860774040222168,5902.0,0.03542158007621765,67,1
StandardGP,474e1c0a-ad9f-11ef-95a7-e4a8dfc2a9a8,dataset_1,0,88,0.03754981607198715,0.15427422523498535,5940.0,0.03542158007621765,67,1
StandardGP,474e1c0a-ad9f-11ef-95a7-e4a8dfc2a9a8,dataset_1,0,89,0.03754981607198715,0.11745953559875488,5850.0,0.03542158007621765,67,1
StandardGP,474e1c0a-ad9f-11ef-95a7-e4a8dfc2a9a8,dataset_1,0,90,0.03754981607198715,0.11502599716186523,5484.0,0.03542158007621765,67,1
StandardGP,474e1c0a-ad9f-11ef-95a7-e4a8dfc2a9a8,dataset_1,0,91,0.03754981607198715,0.10105586051940918,5186.0,0.03542158007621765,67,1
StandardGP,474e1c0a-ad9f-11ef-95a7-e4a8dfc2a9a8,dataset_1,0,92,0.03754981607198715,0.10954594612121582,5314.0,0.03542158007621765,67,1
StandardGP,474e1c0a-ad9f-11ef-95a7-e4a8dfc2a9a8,dataset_1,0,93,0.03754981607198715,0.12519478797912598,5656.0,0.03542158007621765,67,1
StandardGP,474e1c0a-ad9f-11ef-95a7-e4a8dfc2a9a8,dataset_1,0,94,0.03754981607198715,0.11102175712585449,5454.0,0.03542158007621765,67,1
StandardGP,474e1c0a-ad9f-11ef-95a7-e4a8dfc2a9a8,dataset_1,0,95,0.03754981607198715,0.10634279251098633,5168.0,0.03542158007621765,67,1
StandardGP,474e1c0a-ad9f-11ef-95a7-e4a8dfc2a9a8,dataset_1,0,96,0.03754981607198715,0.11034107208251953,5496.0,0.03542158007621765,67,1
StandardGP,474e1c0a-ad9f-11ef-95a7-e4a8dfc2a9a8,dataset_1,0,97,0.03754981607198715,0.11108970642089844,5416.0,0.03542158007621765,67,1
StandardGP,474e1c0a-ad9f-11ef-95a7-e4a8dfc2a9a8,dataset_1,0,98,0.03754981607198715,0.09653663635253906,5028.0,0.03542158007621765,67,1
StandardGP,474e1c0a-ad9f-11ef-95a7-e4a8dfc2a9a8,dataset_1,0,99,0.03754981607198715,0.09669232368469238,5256.0,0.03542158007621765,67,1
StandardGP,474e1c0a-ad9f-11ef-95a7-e4a8dfc2a9a8,dataset_1,0,100,0.03754981607198715,0.09582924842834473,5070.0,0.03542158007621765,67,1
StandardGP,76a05209-ad9f-11ef-833a-e4a8dfc2a9a8,dataset_1,0,0,0.1328241527080536,0.07905769348144531,1342.0,0.11243769526481628,3,1
StandardGP,76a05209-ad9f-11ef-833a-e4a8dfc2a9a8,dataset_1,0,1,0.1328241527080536,0.03456687927246094,746.0,0.11243769526481628,3,1
StandardGP,76a05209-ad9f-11ef-833a-e4a8dfc2a9a8,dataset_1,0,2,0.1328241527080536,0.03299522399902344,720.0,0.11243769526481628,3,1
StandardGP,76a05209-ad9f-11ef-833a-e4a8dfc2a9a8,dataset_1,0,3,0.1328241527080536,0.023996353149414062,634.0,0.11243769526481628,3,1
StandardGP,76a05209-ad9f-11ef-833a-e4a8dfc2a9a8,dataset_1,0,4,0.13076753914356232,0.021939992904663086,538.0,0.11552340537309647,3,1
StandardGP,76a05209-ad9f-11ef-833a-e4a8dfc2a9a8,dataset_1,0,5,0.13076753914356232,0.01926398277282715,608.0,0.11552340537309647,3,1
StandardGP,76a05209-ad9f-11ef-833a-e4a8dfc2a9a8,dataset_1,0,6,0.0843360424041748,0.018002033233642578,614.0,0.07357937842607498,7,1
StandardGP,76a05209-ad9f-11ef-833a-e4a8dfc2a9a8,dataset_1,0,7,0.0843360424041748,0.020003795623779297,652.0,0.07357937842607498,7,1
StandardGP,76a05209-ad9f-11ef-833a-e4a8dfc2a9a8,dataset_1,0,8,0.0843360424041748,0.022310495376586914,702.0,0.07357937842607498,7,1
StandardGP,76a05209-ad9f-11ef-833a-e4a8dfc2a9a8,dataset_1,0,9,0.0843360424041748,0.020534038543701172,680.0,0.07357937842607498,7,1
StandardGP,76a05209-ad9f-11ef-833a-e4a8dfc2a9a8,dataset_1,0,10,0.07896576076745987,0.019997119903564453,688.0,0.0717015415430069,7,1
StandardGP,76a05209-ad9f-11ef-833a-e4a8dfc2a9a8,dataset_1,0,11,0.07896576076745987,0.021009445190429688,676.0,0.0717015415430069,7,1
StandardGP,76a05209-ad9f-11ef-833a-e4a8dfc2a9a8,dataset_1,0,12,0.07896576076745987,0.020004987716674805,684.0,0.0717015415430069,7,1
StandardGP,76a05209-ad9f-11ef-833a-e4a8dfc2a9a8,dataset_1,0,13,0.07527855783700943,0.021138668060302734,712.0,0.0694107934832573,7,1
StandardGP,76a05209-ad9f-11ef-833a-e4a8dfc2a9a8,dataset_1,0,14,0.0722394734621048,0.022033214569091797,764.0,0.06345843523740768,11,1
StandardGP,76a05209-ad9f-11ef-833a-e4a8dfc2a9a8,dataset_1,0,15,0.05131060630083084,0.022999286651611328,850.0,0.04286789149045944,23,1
StandardGP,76a05209-ad9f-11ef-833a-e4a8dfc2a9a8,dataset_1,0,16,0.05131060630083084,0.024989843368530273,964.0,0.04286789149045944,23,1
StandardGP,76a05209-ad9f-11ef-833a-e4a8dfc2a9a8,dataset_1,0,17,0.05131060630083084,0.028064966201782227,1092.0,0.04286789149045944,23,1
StandardGP,76a05209-ad9f-11ef-833a-e4a8dfc2a9a8,dataset_1,0,18,0.05131060630083084,0.03098011016845703,1298.0,0.04286789149045944,23,1
StandardGP,76a05209-ad9f-11ef-833a-e4a8dfc2a9a8,dataset_1,0,19,0.046584662050008774,0.04107975959777832,1600.0,0.04017138481140137,19,1
StandardGP,76a05209-ad9f-11ef-833a-e4a8dfc2a9a8,dataset_1,0,20,0.046125996857881546,0.05980825424194336,2154.0,0.04087798669934273,27,1
StandardGP,76a05209-ad9f-11ef-833a-e4a8dfc2a9a8,dataset_1,0,21,0.046125996857881546,0.05225491523742676,2074.0,0.04087798669934273,27,1
StandardGP,76a05209-ad9f-11ef-833a-e4a8dfc2a9a8,dataset_1,0,22,0.046125996857881546,0.0621485710144043,2330.0,0.04087798669934273,27,1
StandardGP,76a05209-ad9f-11ef-833a-e4a8dfc2a9a8,dataset_1,0,23,0.046125996857881546,0.05352902412414551,2300.0,0.04087798669934273,27,1
StandardGP,76a05209-ad9f-11ef-833a-e4a8dfc2a9a8,dataset_1,0,24,0.045000430196523666,0.06515192985534668,2856.0,0.04151078686118126,43,1
StandardGP,76a05209-ad9f-11ef-833a-e4a8dfc2a9a8,dataset_1,0,25,0.04421818256378174,0.07642531394958496,3066.0,0.04284899681806564,43,1
StandardGP,76a05209-ad9f-11ef-833a-e4a8dfc2a9a8,dataset_1,0,26,0.04420555755496025,0.07156610488891602,3274.0,0.04153497517108917,43,1
StandardGP,76a05209-ad9f-11ef-833a-e4a8dfc2a9a8,dataset_1,0,27,0.04420555755496025,0.07384300231933594,3336.0,0.04153497517108917,43,1
StandardGP,76a05209-ad9f-11ef-833a-e4a8dfc2a9a8,dataset_1,0,28,0.04420555755496025,0.08278870582580566,3716.0,0.04153497517108917,43,1
StandardGP,76a05209-ad9f-11ef-833a-e4a8dfc2a9a8,dataset_1,0,29,0.04420555755496025,0.10331535339355469,3990.0,0.04153497517108917,43,1
StandardGP,76a05209-ad9f-11ef-833a-e4a8dfc2a9a8,dataset_1,0,30,0.044199224561452866,0.09521222114562988,4080.0,0.04124335199594498,43,1
StandardGP,76a05209-ad9f-11ef-833a-e4a8dfc2a9a8,dataset_1,0,31,0.044199224561452866,0.10863804817199707,4284.0,0.04124335199594498,43,1
StandardGP,76a05209-ad9f-11ef-833a-e4a8dfc2a9a8,dataset_1,0,32,0.04415234550833702,0.11388635635375977,4496.0,0.041362542659044266,51,1
StandardGP,76a05209-ad9f-11ef-833a-e4a8dfc2a9a8,dataset_1,0,33,0.043919552117586136,0.11674332618713379,4638.0,0.04150780290365219,51,1
StandardGP,76a05209-ad9f-11ef-833a-e4a8dfc2a9a8,dataset_1,0,34,0.043919552117586136,0.10852575302124023,4502.0,0.04150780290365219,51,1
StandardGP,76a05209-ad9f-11ef-833a-e4a8dfc2a9a8,dataset_1,0,35,0.04386642575263977,0.11652326583862305,4370.0,0.040853895246982574,43,1
StandardGP,76a05209-ad9f-11ef-833a-e4a8dfc2a9a8,dataset_1,0,36,0.04386642575263977,0.10552477836608887,4512.0,0.040853895246982574,43,1
StandardGP,76a05209-ad9f-11ef-833a-e4a8dfc2a9a8,dataset_1,0,37,0.04385799542069435,0.10251927375793457,4494.0,0.04078502953052521,43,1
StandardGP,76a05209-ad9f-11ef-833a-e4a8dfc2a9a8,dataset_1,0,38,0.04385799542069435,0.10152649879455566,4460.0,0.04078502953052521,43,1
StandardGP,76a05209-ad9f-11ef-833a-e4a8dfc2a9a8,dataset_1,0,39,0.04385799542069435,0.1055135726928711,4556.0,0.04078502953052521,43,1
StandardGP,76a05209-ad9f-11ef-833a-e4a8dfc2a9a8,dataset_1,0,40,0.04225893318653107,0.1045217514038086,4848.0,0.03821547329425812,51,1
StandardGP,76a05209-ad9f-11ef-833a-e4a8dfc2a9a8,dataset_1,0,41,0.04225893318653107,0.1180422306060791,4812.0,0.03821547329425812,51,1
StandardGP,76a05209-ad9f-11ef-833a-e4a8dfc2a9a8,dataset_1,0,42,0.04225893318653107,0.10152053833007812,4880.0,0.03821547329425812,51,1
StandardGP,76a05209-ad9f-11ef-833a-e4a8dfc2a9a8,dataset_1,0,43,0.04225893318653107,0.10402536392211914,4834.0,0.03821547329425812,51,1
StandardGP,76a05209-ad9f-11ef-833a-e4a8dfc2a9a8,dataset_1,0,44,0.04225893318653107,0.1085214614868164,4928.0,0.03821547329425812,51,1
StandardGP,76a05209-ad9f-11ef-833a-e4a8dfc2a9a8,dataset_1,0,45,0.04225893318653107,0.10252165794372559,4916.0,0.03821547329425812,51,1
StandardGP,76a05209-ad9f-11ef-833a-e4a8dfc2a9a8,dataset_1,0,46,0.041385848075151443,0.11152172088623047,4808.0,0.03857092931866646,67,1
StandardGP,76a05209-ad9f-11ef-833a-e4a8dfc2a9a8,dataset_1,0,47,0.04112917184829712,0.11351776123046875,4974.0,0.03824117034673691,67,1
StandardGP,76a05209-ad9f-11ef-833a-e4a8dfc2a9a8,dataset_1,0,48,0.04112917184829712,0.12699007987976074,5208.0,0.03824117034673691,67,1
StandardGP,76a05209-ad9f-11ef-833a-e4a8dfc2a9a8,dataset_1,0,49,0.03989539295434952,0.113037109375,5082.0,0.0373656190931797,67,1
StandardGP,76a05209-ad9f-11ef-833a-e4a8dfc2a9a8,dataset_1,0,50,0.03989539295434952,0.11452412605285645,5184.0,0.0373656190931797,67,1
StandardGP,76a05209-ad9f-11ef-833a-e4a8dfc2a9a8,dataset_1,0,51,0.03989539295434952,0.13551807403564453,5072.0,0.0373656190931797,67,1
StandardGP,76a05209-ad9f-11ef-833a-e4a8dfc2a9a8,dataset_1,0,52,0.03989539295434952,0.11052274703979492,5024.0,0.0373656190931797,67,1
StandardGP,76a05209-ad9f-11ef-833a-e4a8dfc2a9a8,dataset_1,0,53,0.03989539295434952,0.12202882766723633,5190.0,0.0373656190931797,67,1
StandardGP,76a05209-ad9f-11ef-833a-e4a8dfc2a9a8,dataset_1,0,54,0.03989539295434952,0.13425922393798828,5208.0,0.0373656190931797,67,1
StandardGP,76a05209-ad9f-11ef-833a-e4a8dfc2a9a8,dataset_1,0,55,0.03989539295434952,0.11052870750427246,5036.0,0.0373656190931797,67,1
StandardGP,76a05209-ad9f-11ef-833a-e4a8dfc2a9a8,dataset_1,0,56,0.03989539295434952,0.10051941871643066,4904.0,0.0373656190931797,67,1
StandardGP,76a05209-ad9f-11ef-833a-e4a8dfc2a9a8,dataset_1,0,57,0.03989539295434952,0.10357356071472168,5116.0,0.0373656190931797,67,1
StandardGP,76a05209-ad9f-11ef-833a-e4a8dfc2a9a8,dataset_1,0,58,0.03926972299814224,0.20112061500549316,5316.0,0.03646482154726982,63,1
StandardGP,76a05209-ad9f-11ef-833a-e4a8dfc2a9a8,dataset_1,0,59,0.03926972299814224,0.10251879692077637,5206.0,0.03646482154726982,63,1
StandardGP,76a05209-ad9f-11ef-833a-e4a8dfc2a9a8,dataset_1,0,60,0.03926972299814224,0.11551904678344727,5192.0,0.03646482154726982,63,1
StandardGP,76a05209-ad9f-11ef-833a-e4a8dfc2a9a8,dataset_1,0,61,0.03926972299814224,0.11353111267089844,5532.0,0.03646482154726982,63,1
StandardGP,76a05209-ad9f-11ef-833a-e4a8dfc2a9a8,dataset_1,0,62,0.03926972299814224,0.11205673217773438,5212.0,0.03646482154726982,63,1
StandardGP,76a05209-ad9f-11ef-833a-e4a8dfc2a9a8,dataset_1,0,63,0.03926972299814224,0.11758255958557129,5270.0,0.03646482154726982,63,1
StandardGP,76a05209-ad9f-11ef-833a-e4a8dfc2a9a8,dataset_1,0,64,0.03926972299814224,0.11424732208251953,5006.0,0.03646482154726982,63,1
StandardGP,76a05209-ad9f-11ef-833a-e4a8dfc2a9a8,dataset_1,0,65,0.038560714572668076,0.10248517990112305,5452.0,0.03577585518360138,59,1
StandardGP,76a05209-ad9f-11ef-833a-e4a8dfc2a9a8,dataset_1,0,66,0.038560714572668076,0.09425497055053711,5160.0,0.03577585518360138,59,1
StandardGP,76a05209-ad9f-11ef-833a-e4a8dfc2a9a8,dataset_1,0,67,0.038560714572668076,0.0955209732055664,5212.0,0.03577585518360138,59,1
StandardGP,76a05209-ad9f-11ef-833a-e4a8dfc2a9a8,dataset_1,0,68,0.038560714572668076,0.09608888626098633,5248.0,0.03577585518360138,59,1
StandardGP,76a05209-ad9f-11ef-833a-e4a8dfc2a9a8,dataset_1,0,69,0.038560714572668076,0.09754085540771484,5258.0,0.03577585518360138,59,1
StandardGP,76a05209-ad9f-11ef-833a-e4a8dfc2a9a8,dataset_1,0,70,0.038208797574043274,0.10252904891967773,5106.0,0.036318473517894745,55,1
StandardGP,76a05209-ad9f-11ef-833a-e4a8dfc2a9a8,dataset_1,0,71,0.038208797574043274,0.10305404663085938,5524.0,0.036318473517894745,55,1
StandardGP,76a05209-ad9f-11ef-833a-e4a8dfc2a9a8,dataset_1,0,72,0.038208797574043274,0.10881400108337402,5442.0,0.036318473517894745,55,1
StandardGP,76a05209-ad9f-11ef-833a-e4a8dfc2a9a8,dataset_1,0,73,0.038208797574043274,0.11152148246765137,5684.0,0.036318473517894745,55,1
StandardGP,76a05209-ad9f-11ef-833a-e4a8dfc2a9a8,dataset_1,0,74,0.038208797574043274,0.10651040077209473,5524.0,0.036318473517894745,55,1
StandardGP,76a05209-ad9f-11ef-833a-e4a8dfc2a9a8,dataset_1,0,75,0.038208797574043274,0.10752320289611816,5592.0,0.036318473517894745,55,1
StandardGP,76a05209-ad9f-11ef-833a-e4a8dfc2a9a8,dataset_1,0,76,0.038208797574043274,0.1075143814086914,5576.0,0.036318473517894745,55,1
StandardGP,76a05209-ad9f-11ef-833a-e4a8dfc2a9a8,dataset_1,0,77,0.038208797574043274,0.1150350570678711,5534.0,0.036318473517894745,55,1
StandardGP,76a05209-ad9f-11ef-833a-e4a8dfc2a9a8,dataset_1,0,78,0.038208797574043274,0.10851883888244629,5596.0,0.036318473517894745,55,1
StandardGP,76a05209-ad9f-11ef-833a-e4a8dfc2a9a8,dataset_1,0,79,0.03754981607198715,0.11948347091674805,5604.0,0.03542158007621765,67,1
StandardGP,76a05209-ad9f-11ef-833a-e4a8dfc2a9a8,dataset_1,0,80,0.03754981607198715,0.10852646827697754,5624.0,0.03542158007621765,67,1
StandardGP,76a05209-ad9f-11ef-833a-e4a8dfc2a9a8,dataset_1,0,81,0.03754981607198715,0.12997770309448242,5598.0,0.03542158007621765,67,1
StandardGP,76a05209-ad9f-11ef-833a-e4a8dfc2a9a8,dataset_1,0,82,0.03754981607198715,0.10817408561706543,5286.0,0.03542158007621765,67,1
StandardGP,76a05209-ad9f-11ef-833a-e4a8dfc2a9a8,dataset_1,0,83,0.03754981607198715,0.11944985389709473,5880.0,0.03542158007621765,67,1
StandardGP,76a05209-ad9f-11ef-833a-e4a8dfc2a9a8,dataset_1,0,84,0.03754981607198715,0.11618208885192871,5436.0,0.03542158007621765,67,1
StandardGP,76a05209-ad9f-11ef-833a-e4a8dfc2a9a8,dataset_1,0,85,0.03754981607198715,0.12840533256530762,5844.0,0.03542158007621765,67,1
StandardGP,76a05209-ad9f-11ef-833a-e4a8dfc2a9a8,dataset_1,0,86,0.03754981607198715,0.1295640468597412,5704.0,0.03542158007621765,67,1
StandardGP,76a05209-ad9f-11ef-833a-e4a8dfc2a9a8,dataset_1,0,87,0.03754981607198715,0.11958885192871094,5902.0,0.03542158007621765,67,1
StandardGP,76a05209-ad9f-11ef-833a-e4a8dfc2a9a8,dataset_1,0,88,0.03754981607198715,0.14033794403076172,5940.0,0.03542158007621765,67,1
StandardGP,76a05209-ad9f-11ef-833a-e4a8dfc2a9a8,dataset_1,0,89,0.03754981607198715,0.1138143539428711,5850.0,0.03542158007621765,67,1
StandardGP,76a05209-ad9f-11ef-833a-e4a8dfc2a9a8,dataset_1,0,90,0.03754981607198715,0.11235928535461426,5484.0,0.03542158007621765,67,1
StandardGP,76a05209-ad9f-11ef-833a-e4a8dfc2a9a8,dataset_1,0,91,0.03754981607198715,0.10366535186767578,5186.0,0.03542158007621765,67,1
StandardGP,76a05209-ad9f-11ef-833a-e4a8dfc2a9a8,dataset_1,0,92,0.03754981607198715,0.11149907112121582,5314.0,0.03542158007621765,67,1
StandardGP,76a05209-ad9f-11ef-833a-e4a8dfc2a9a8,dataset_1,0,93,0.03754981607198715,0.12546586990356445,5656.0,0.03542158007621765,67,1
StandardGP,76a05209-ad9f-11ef-833a-e4a8dfc2a9a8,dataset_1,0,94,0.03754981607198715,0.11272501945495605,5454.0,0.03542158007621765,67,1
StandardGP,76a05209-ad9f-11ef-833a-e4a8dfc2a9a8,dataset_1,0,95,0.03754981607198715,0.10757589340209961,5168.0,0.03542158007621765,67,1
StandardGP,76a05209-ad9f-11ef-833a-e4a8dfc2a9a8,dataset_1,0,96,0.03754981607198715,0.11240482330322266,5496.0,0.03542158007621765,67,1
StandardGP,76a05209-ad9f-11ef-833a-e4a8dfc2a9a8,dataset_1,0,97,0.03754981607198715,0.11482739448547363,5416.0,0.03542158007621765,67,1
StandardGP,76a05209-ad9f-11ef-833a-e4a8dfc2a9a8,dataset_1,0,98,0.03754981607198715,0.09784889221191406,5028.0,0.03542158007621765,67,1
StandardGP,76a05209-ad9f-11ef-833a-e4a8dfc2a9a8,dataset_1,0,99,0.03754981607198715,0.09887218475341797,5256.0,0.03542158007621765,67,1
StandardGP,76a05209-ad9f-11ef-833a-e4a8dfc2a9a8,dataset_1,0,100,0.03754981607198715,0.09444046020507812,5070.0,0.03542158007621765,67,1
StandardGP,b442322c-ad9f-11ef-980c-e4a8dfc2a9a8,dataset_1,0,0,130.07847595214844,0.06975340843200684,1342.0,116.46269989013672,3,1
StandardGP,b442322c-ad9f-11ef-980c-e4a8dfc2a9a8,dataset_1,0,1,130.07847595214844,0.040096282958984375,1098.0,116.46269989013672,3,1
StandardGP,b442322c-ad9f-11ef-980c-e4a8dfc2a9a8,dataset_1,0,2,123.69190216064453,0.04099893569946289,1254.0,106.74991607666016,7,1
StandardGP,b442322c-ad9f-11ef-980c-e4a8dfc2a9a8,dataset_1,0,3,123.69190216064453,0.03996777534484863,1206.0,106.74991607666016,7,1
StandardGP,b442322c-ad9f-11ef-980c-e4a8dfc2a9a8,dataset_1,0,4,123.69190216064453,0.02816629409790039,1110.0,106.74991607666016,7,1
StandardGP,b442322c-ad9f-11ef-980c-e4a8dfc2a9a8,dataset_1,0,5,118.83998107910156,0.02799510955810547,918.0,101.6964111328125,7,1
StandardGP,b442322c-ad9f-11ef-980c-e4a8dfc2a9a8,dataset_1,0,6,118.83998107910156,0.0240628719329834,844.0,101.6964111328125,7,1
StandardGP,b442322c-ad9f-11ef-980c-e4a8dfc2a9a8,dataset_1,0,7,111.11343383789062,0.02549886703491211,874.0,95.86099243164062,15,1
StandardGP,b442322c-ad9f-11ef-980c-e4a8dfc2a9a8,dataset_1,0,8,111.11343383789062,0.026007652282714844,884.0,95.86099243164062,15,1
StandardGP,b442322c-ad9f-11ef-980c-e4a8dfc2a9a8,dataset_1,0,9,111.11343383789062,0.027999401092529297,912.0,95.86099243164062,15,1
StandardGP,b442322c-ad9f-11ef-980c-e4a8dfc2a9a8,dataset_1,0,10,111.11343383789062,0.025149106979370117,902.0,95.86099243164062,15,1
StandardGP,b442322c-ad9f-11ef-980c-e4a8dfc2a9a8,dataset_1,0,11,111.11343383789062,0.027632474899291992,986.0,95.86099243164062,15,1
StandardGP,b442322c-ad9f-11ef-980c-e4a8dfc2a9a8,dataset_1,0,12,111.09149169921875,0.03190755844116211,1100.0,97.52208709716797,15,1
StandardGP,b442322c-ad9f-11ef-980c-e4a8dfc2a9a8,dataset_1,0,13,111.09149169921875,0.0325627326965332,1160.0,97.52208709716797,15,1
StandardGP,b442322c-ad9f-11ef-980c-e4a8dfc2a9a8,dataset_1,0,14,111.09149169921875,0.03249406814575195,1280.0,97.52208709716797,15,1
StandardGP,b442322c-ad9f-11ef-980c-e4a8dfc2a9a8,dataset_1,0,15,111.09149169921875,0.0335993766784668,1472.0,97.52208709716797,15,1
StandardGP,b442322c-ad9f-11ef-980c-e4a8dfc2a9a8,dataset_1,0,16,111.09149169921875,0.04046773910522461,1612.0,97.52208709716797,15,1
StandardGP,b442322c-ad9f-11ef-980c-e4a8dfc2a9a8,dataset_1,0,17,111.09149169921875,0.03853940963745117,1770.0,97.52208709716797,15,1
StandardGP,b442322c-ad9f-11ef-980c-e4a8dfc2a9a8,dataset_1,0,18,110.1285171508789,0.045012474060058594,2136.0,93.39909362792969,15,1
StandardGP,b442322c-ad9f-11ef-980c-e4a8dfc2a9a8,dataset_1,0,19,110.1285171508789,0.0499730110168457,2528.0,93.39909362792969,15,1
StandardGP,b442322c-ad9f-11ef-980c-e4a8dfc2a9a8,dataset_1,0,20,110.1285171508789,0.049036502838134766,2510.0,93.39909362792969,15,1
StandardGP,b442322c-ad9f-11ef-980c-e4a8dfc2a9a8,dataset_1,0,21,110.1285171508789,0.0525660514831543,2748.0,93.39909362792969,15,1
StandardGP,b442322c-ad9f-11ef-980c-e4a8dfc2a9a8,dataset_1,0,22,110.1285171508789,0.05527830123901367,2866.0,93.39909362792969,15,1
StandardGP,b442322c-ad9f-11ef-980c-e4a8dfc2a9a8,dataset_1,0,23,102.29134368896484,0.061997175216674805,3290.0,116.79473114013672,31,1
StandardGP,b442322c-ad9f-11ef-980c-e4a8dfc2a9a8,dataset_1,0,24,102.2899169921875,0.06989383697509766,3776.0,116.79350280761719,35,1
StandardGP,b442322c-ad9f-11ef-980c-e4a8dfc2a9a8,dataset_1,0,25,102.2899169921875,0.07846188545227051,4234.0,116.79350280761719,35,1
StandardGP,b442322c-ad9f-11ef-980c-e4a8dfc2a9a8,dataset_1,0,26,102.2899169921875,0.08365273475646973,4340.0,116.79350280761719,35,1
StandardGP,b442322c-ad9f-11ef-980c-e4a8dfc2a9a8,dataset_1,0,27,102.2899169921875,0.08503580093383789,4694.0,116.79350280761719,35,1
StandardGP,b442322c-ad9f-11ef-980c-e4a8dfc2a9a8,dataset_1,0,28,102.2899169921875,0.09438276290893555,5342.0,116.79350280761719,35,1
StandardGP,b442322c-ad9f-11ef-980c-e4a8dfc2a9a8,dataset_1,0,29,102.2899169921875,0.11233878135681152,6086.0,116.79350280761719,35,1
StandardGP,b442322c-ad9f-11ef-980c-e4a8dfc2a9a8,dataset_1,0,30,102.2899169921875,0.12056803703308105,6726.0,116.79350280761719,35,1
StandardGP,b442322c-ad9f-11ef-980c-e4a8dfc2a9a8,dataset_1,0,31,102.28988647460938,0.12960338592529297,7282.0,116.7934799194336,59,1
StandardGP,b442322c-ad9f-11ef-980c-e4a8dfc2a9a8,dataset_1,0,32,102.28988647460938,0.13501572608947754,7540.0,116.7934799194336,59,1
StandardGP,b442322c-ad9f-11ef-980c-e4a8dfc2a9a8,dataset_1,0,33,101.6688003540039,0.14673948287963867,8176.0,116.63945007324219,51,1
StandardGP,b442322c-ad9f-11ef-980c-e4a8dfc2a9a8,dataset_1,0,34,100.51935577392578,0.17621684074401855,9096.0,87.43787384033203,35,1
StandardGP,b442322c-ad9f-11ef-980c-e4a8dfc2a9a8,dataset_1,0,35,100.51935577392578,0.17783427238464355,9532.0,87.43787384033203,35,1
StandardGP,b442322c-ad9f-11ef-980c-e4a8dfc2a9a8,dataset_1,0,36,100.51935577392578,0.1535933017730713,8632.0,87.43787384033203,35,1
StandardGP,b442322c-ad9f-11ef-980c-e4a8dfc2a9a8,dataset_1,0,37,98.3966064453125,0.16251206398010254,8792.0,88.12879180908203,131,1
StandardGP,b442322c-ad9f-11ef-980c-e4a8dfc2a9a8,dataset_1,0,38,98.39543151855469,0.1989612579345703,9892.0,88.17096710205078,131,1
StandardGP,b442322c-ad9f-11ef-980c-e4a8dfc2a9a8,dataset_1,0,39,98.38208770751953,0.1828455924987793,9792.0,88.14138793945312,131,1
StandardGP,b442322c-ad9f-11ef-980c-e4a8dfc2a9a8,dataset_1,0,40,98.34969329833984,0.20000767707824707,10328.0,88.13298797607422,131,1
StandardGP,b442322c-ad9f-11ef-980c-e4a8dfc2a9a8,dataset_1,0,41,98.34969329833984,0.21016383171081543,10816.0,88.13298797607422,131,1
StandardGP,b442322c-ad9f-11ef-980c-e4a8dfc2a9a8,dataset_1,0,42,98.34969329833984,0.30077219009399414,11944.0,88.13298797607422,131,1
StandardGP,b442322c-ad9f-11ef-980c-e4a8dfc2a9a8,dataset_1,0,43,98.34952545166016,0.2764878273010254,13440.0,88.15005493164062,91,1
StandardGP,b442322c-ad9f-11ef-980c-e4a8dfc2a9a8,dataset_1,0,44,98.34952545166016,0.24956202507019043,13256.0,88.15005493164062,91,1
StandardGP,b442322c-ad9f-11ef-980c-e4a8dfc2a9a8,dataset_1,0,45,98.33966827392578,0.2610299587249756,13456.0,88.11848449707031,107,1
StandardGP,b442322c-ad9f-11ef-980c-e4a8dfc2a9a8,dataset_1,0,46,98.3370361328125,0.23107218742370605,12448.0,88.10533142089844,91,1
StandardGP,b442322c-ad9f-11ef-980c-e4a8dfc2a9a8,dataset_1,0,47,98.3370361328125,0.2227630615234375,11988.0,88.10533142089844,91,1
StandardGP,b442322c-ad9f-11ef-980c-e4a8dfc2a9a8,dataset_1,0,48,98.08306121826172,0.2678539752960205,12600.0,88.59284210205078,147,1
StandardGP,b442322c-ad9f-11ef-980c-e4a8dfc2a9a8,dataset_1,0,49,98.08306121826172,0.2445240020751953,12416.0,88.59284210205078,147,1
StandardGP,b442322c-ad9f-11ef-980c-e4a8dfc2a9a8,dataset_1,0,50,97.83997344970703,0.2543680667877197,14108.0,88.13335418701172,147,1
StandardGP,b442322c-ad9f-11ef-980c-e4a8dfc2a9a8,dataset_1,0,51,97.79000091552734,0.28627610206604004,14336.0,88.03533935546875,139,1
StandardGP,b442322c-ad9f-11ef-980c-e4a8dfc2a9a8,dataset_1,0,52,97.78999328613281,0.3193836212158203,14640.0,88.0353775024414,91,1
StandardGP,b442322c-ad9f-11ef-980c-e4a8dfc2a9a8,dataset_1,0,53,97.78999328613281,0.2989692687988281,14532.0,88.0353775024414,91,1
StandardGP,b442322c-ad9f-11ef-980c-e4a8dfc2a9a8,dataset_1,0,54,97.78999328613281,0.25194239616394043,13740.0,88.0353775024414,91,1
StandardGP,b442322c-ad9f-11ef-980c-e4a8dfc2a9a8,dataset_1,0,55,97.78999328613281,0.2855677604675293,14156.0,88.0353775024414,91,1
StandardGP,b442322c-ad9f-11ef-980c-e4a8dfc2a9a8,dataset_1,0,56,92.43338775634766,0.2503488063812256,14444.0,107.9090805053711,83,1
StandardGP,b442322c-ad9f-11ef-980c-e4a8dfc2a9a8,dataset_1,0,57,92.43338775634766,0.19512581825256348,12472.0,107.9090805053711,83,1
StandardGP,b442322c-ad9f-11ef-980c-e4a8dfc2a9a8,dataset_1,0,58,92.43338775634766,0.19671964645385742,12552.0,107.9090805053711,83,1
StandardGP,b442322c-ad9f-11ef-980c-e4a8dfc2a9a8,dataset_1,0,59,92.43338775634766,0.20981478691101074,12260.0,107.9090805053711,83,1
StandardGP,b442322c-ad9f-11ef-980c-e4a8dfc2a9a8,dataset_1,0,60,92.43338775634766,0.1885209083557129,11388.0,107.9090805053711,83,1
StandardGP,b442322c-ad9f-11ef-980c-e4a8dfc2a9a8,dataset_1,0,61,92.43338775634766,0.1888597011566162,11884.0,107.9090805053711,83,1
StandardGP,b442322c-ad9f-11ef-980c-e4a8dfc2a9a8,dataset_1,0,62,92.43338775634766,0.17281317710876465,11292.0,107.9090805053711,83,1
StandardGP,b442322c-ad9f-11ef-980c-e4a8dfc2a9a8,dataset_1,0,63,90.96044158935547,0.18793392181396484,11948.0,80.87859344482422,131,1
StandardGP,b442322c-ad9f-11ef-980c-e4a8dfc2a9a8,dataset_1,0,64,87.27604675292969,0.2153639793395996,12408.0,76.00975036621094,131,1
StandardGP,b442322c-ad9f-11ef-980c-e4a8dfc2a9a8,dataset_1,0,65,87.27604675292969,0.306210994720459,13080.0,76.00975036621094,131,1
StandardGP,b442322c-ad9f-11ef-980c-e4a8dfc2a9a8,dataset_1,0,66,87.27604675292969,0.21920108795166016,13828.0,76.00975036621094,131,1
StandardGP,b442322c-ad9f-11ef-980c-e4a8dfc2a9a8,dataset_1,0,67,87.27604675292969,0.24643683433532715,14556.0,76.00975036621094,131,1
StandardGP,b442322c-ad9f-11ef-980c-e4a8dfc2a9a8,dataset_1,0,68,87.25723266601562,0.26625609397888184,14244.0,75.98121643066406,131,1
StandardGP,b442322c-ad9f-11ef-980c-e4a8dfc2a9a8,dataset_1,0,69,87.25723266601562,0.23264765739440918,13268.0,75.98121643066406,131,1
StandardGP,b442322c-ad9f-11ef-980c-e4a8dfc2a9a8,dataset_1,0,70,87.25723266601562,0.24503684043884277,13244.0,75.98121643066406,131,1
StandardGP,b442322c-ad9f-11ef-980c-e4a8dfc2a9a8,dataset_1,0,71,87.25723266601562,0.26557350158691406,13912.0,75.98121643066406,131,1
StandardGP,b442322c-ad9f-11ef-980c-e4a8dfc2a9a8,dataset_1,0,72,87.25723266601562,0.2432842254638672,13884.0,75.98121643066406,131,1
StandardGP,b442322c-ad9f-11ef-980c-e4a8dfc2a9a8,dataset_1,0,73,87.25723266601562,0.24155497550964355,13652.0,75.98121643066406,131,1
StandardGP,b442322c-ad9f-11ef-980c-e4a8dfc2a9a8,dataset_1,0,74,87.19278717041016,0.23903322219848633,14024.0,75.96837615966797,139,1
StandardGP,b442322c-ad9f-11ef-980c-e4a8dfc2a9a8,dataset_1,0,75,86.71605682373047,0.24106073379516602,14280.0,77.75218200683594,167,1
StandardGP,b442322c-ad9f-11ef-980c-e4a8dfc2a9a8,dataset_1,0,76,86.68360900878906,0.22522211074829102,13200.0,77.73950958251953,151,1
StandardGP,b442322c-ad9f-11ef-980c-e4a8dfc2a9a8,dataset_1,0,77,86.68360900878906,0.22474908828735352,13296.0,77.73950958251953,151,1
StandardGP,b442322c-ad9f-11ef-980c-e4a8dfc2a9a8,dataset_1,0,78,86.68360900878906,0.21526360511779785,12912.0,77.73950958251953,151,1
StandardGP,b442322c-ad9f-11ef-980c-e4a8dfc2a9a8,dataset_1,0,79,86.68360900878906,0.2505764961242676,13488.0,77.73950958251953,151,1
StandardGP,b442322c-ad9f-11ef-980c-e4a8dfc2a9a8,dataset_1,0,80,86.68360900878906,0.2271876335144043,13408.0,77.73950958251953,151,1
StandardGP,b442322c-ad9f-11ef-980c-e4a8dfc2a9a8,dataset_1,0,81,86.04303741455078,0.23747467994689941,13852.0,73.13426208496094,131,1
StandardGP,b442322c-ad9f-11ef-980c-e4a8dfc2a9a8,dataset_1,0,82,86.04303741455078,0.2507905960083008,14248.0,73.13426208496094,131,1
StandardGP,b442322c-ad9f-11ef-980c-e4a8dfc2a9a8,dataset_1,0,83,85.828857421875,0.2422192096710205,14320.0,76.41378021240234,147,1
StandardGP,b442322c-ad9f-11ef-980c-e4a8dfc2a9a8,dataset_1,0,84,85.828857421875,0.256852388381958,14540.0,76.41378021240234,147,1
StandardGP,b442322c-ad9f-11ef-980c-e4a8dfc2a9a8,dataset_1,0,85,85.828857421875,0.32711172103881836,14316.0,76.41378021240234,147,1
StandardGP,b442322c-ad9f-11ef-980c-e4a8dfc2a9a8,dataset_1,0,86,85.828857421875,0.2620701789855957,14460.0,76.41378021240234,147,1
StandardGP,b442322c-ad9f-11ef-980c-e4a8dfc2a9a8,dataset_1,0,87,85.828857421875,0.22893977165222168,14096.0,76.41378021240234,147,1
StandardGP,b442322c-ad9f-11ef-980c-e4a8dfc2a9a8,dataset_1,0,88,85.828857421875,0.25911831855773926,14200.0,76.41378021240234,147,1
StandardGP,b442322c-ad9f-11ef-980c-e4a8dfc2a9a8,dataset_1,0,89,85.828857421875,0.2522881031036377,13808.0,76.41378021240234,147,1
StandardGP,b442322c-ad9f-11ef-980c-e4a8dfc2a9a8,dataset_1,0,90,85.828857421875,0.2546398639678955,14024.0,76.41378021240234,147,1
StandardGP,b442322c-ad9f-11ef-980c-e4a8dfc2a9a8,dataset_1,0,91,85.828857421875,0.24722862243652344,13744.0,76.41378021240234,147,1
StandardGP,b442322c-ad9f-11ef-980c-e4a8dfc2a9a8,dataset_1,0,92,85.828857421875,0.26120758056640625,13460.0,76.41378021240234,147,1
StandardGP,b442322c-ad9f-11ef-980c-e4a8dfc2a9a8,dataset_1,0,93,85.81122589111328,0.23937630653381348,13448.0,76.36442565917969,147,1
StandardGP,b442322c-ad9f-11ef-980c-e4a8dfc2a9a8,dataset_1,0,94,85.81122589111328,0.2580447196960449,14032.0,76.36442565917969,147,1
StandardGP,b442322c-ad9f-11ef-980c-e4a8dfc2a9a8,dataset_1,0,95,85.81122589111328,0.2637643814086914,13476.0,76.36442565917969,147,1
StandardGP,b442322c-ad9f-11ef-980c-e4a8dfc2a9a8,dataset_1,0,96,85.81122589111328,0.2580549716949463,13784.0,76.36442565917969,147,1
StandardGP,b442322c-ad9f-11ef-980c-e4a8dfc2a9a8,dataset_1,0,97,85.81122589111328,0.24859857559204102,13984.0,76.36442565917969,147,1
StandardGP,b442322c-ad9f-11ef-980c-e4a8dfc2a9a8,dataset_1,0,98,85.81122589111328,0.27062273025512695,14044.0,76.36442565917969,147,1
StandardGP,b442322c-ad9f-11ef-980c-e4a8dfc2a9a8,dataset_1,0,99,82.93815612792969,0.273024320602417,14596.0,90.91515350341797,155,1
StandardGP,b442322c-ad9f-11ef-980c-e4a8dfc2a9a8,dataset_1,0,100,82.93815612792969,0.25958847999572754,14636.0,90.91515350341797,155,1
