StandardGSGP,62c9b64d-ad3e-11ef-ba51-e4a8dfc2a9a8,parkinson_updrs,9,0,0.27487510442733765,0.10917162895202637,2156.0,0.27867478132247925,5,1
StandardGSGP,62c9b64d-ad3e-11ef-ba51-e4a8dfc2a9a8,parkinson_updrs,9,1,0.25473883748054504,0.07951068878173828,1614.0,0.2599369287490845,11,1
StandardGSGP,62c9b64d-ad3e-11ef-ba51-e4a8dfc2a9a8,parkinson_updrs,9,2,0.22901438176631927,0.07675290107727051,2030.0,0.2377343624830246,51,1
StandardGSGP,62c9b64d-ad3e-11ef-ba51-e4a8dfc2a9a8,parkinson_updrs,9,3,0.22420717775821686,0.07500052452087402,2806.0,0.23321808874607086,59,1
StandardGSGP,62c9b64d-ad3e-11ef-ba51-e4a8dfc2a9a8,parkinson_updrs,9,4,0.22194047272205353,0.09015393257141113,3822.0,0.23005838692188263,75,1
StandardGSGP,62c9b64d-ad3e-11ef-ba51-e4a8dfc2a9a8,parkinson_updrs,9,5,0.22139377892017365,0.08087325096130371,4906.0,0.22937250137329102,83,1
StandardGSGP,62c9b64d-ad3e-11ef-ba51-e4a8dfc2a9a8,parkinson_updrs,9,6,0.219406396150589,0.08449244499206543,5738.0,0.2274864763021469,79,1
StandardGSGP,62c9b64d-ad3e-11ef-ba51-e4a8dfc2a9a8,parkinson_updrs,9,7,0.219406396150589,0.08458733558654785,6734.0,0.2274864763021469,79,1
StandardGSGP,62c9b64d-ad3e-11ef-ba51-e4a8dfc2a9a8,parkinson_updrs,9,8,0.219406396150589,0.08005332946777344,7712.0,0.2274864763021469,79,1
StandardGSGP,62c9b64d-ad3e-11ef-ba51-e4a8dfc2a9a8,parkinson_updrs,9,9,0.2133379429578781,0.07892656326293945,8520.0,0.22316493093967438,89,1
StandardGSGP,62c9b64d-ad3e-11ef-ba51-e4a8dfc2a9a8,parkinson_updrs,9,10,0.21274599432945251,0.07951164245605469,9618.0,0.22198522090911865,85,1
StandardGSGP,62c9b64d-ad3e-11ef-ba51-e4a8dfc2a9a8,parkinson_updrs,9,11,0.21197761595249176,0.08536076545715332,10002.0,0.22149167954921722,95,1
StandardGSGP,62c9b64d-ad3e-11ef-ba51-e4a8dfc2a9a8,parkinson_updrs,9,12,0.21197761595249176,0.08983492851257324,10606.0,0.22149167954921722,95,1
StandardGSGP,62c9b64d-ad3e-11ef-ba51-e4a8dfc2a9a8,parkinson_updrs,9,13,0.21127325296401978,0.08350372314453125,11334.0,0.2211766541004181,103,1
StandardGSGP,62c9b64d-ad3e-11ef-ba51-e4a8dfc2a9a8,parkinson_updrs,9,14,0.21127325296401978,0.08987903594970703,12022.0,0.2211766541004181,103,1
StandardGSGP,62c9b64d-ad3e-11ef-ba51-e4a8dfc2a9a8,parkinson_updrs,9,15,0.21127325296401978,0.0901186466217041,12604.0,0.2211766541004181,103,1
StandardGSGP,62c9b64d-ad3e-11ef-ba51-e4a8dfc2a9a8,parkinson_updrs,9,16,0.21120953559875488,0.08397078514099121,13104.0,0.22108711302280426,109,1
StandardGSGP,62c9b64d-ad3e-11ef-ba51-e4a8dfc2a9a8,parkinson_updrs,9,17,0.2103700190782547,0.09523558616638184,13734.0,0.2197907269001007,115,1
StandardGSGP,62c9b64d-ad3e-11ef-ba51-e4a8dfc2a9a8,parkinson_updrs,9,18,0.21034100651741028,0.08251523971557617,14174.0,0.21981173753738403,121,1
StandardGSGP,62c9b64d-ad3e-11ef-ba51-e4a8dfc2a9a8,parkinson_updrs,9,19,0.21034100651741028,0.08911252021789551,14756.0,0.21981173753738403,121,1
StandardGSGP,62c9b64d-ad3e-11ef-ba51-e4a8dfc2a9a8,parkinson_updrs,9,20,0.21034100651741028,0.08623504638671875,15388.0,0.21981173753738403,121,1
StandardGSGP,62c9b64d-ad3e-11ef-ba51-e4a8dfc2a9a8,parkinson_updrs,9,21,0.21002663671970367,0.07434391975402832,16292.0,0.21872074902057648,127,1
StandardGSGP,62c9b64d-ad3e-11ef-ba51-e4a8dfc2a9a8,parkinson_updrs,9,22,0.21002663671970367,0.07508444786071777,16984.0,0.21872074902057648,127,1
StandardGSGP,62c9b64d-ad3e-11ef-ba51-e4a8dfc2a9a8,parkinson_updrs,9,23,0.21002663671970367,0.07950186729431152,17322.0,0.21872074902057648,127,1
StandardGSGP,62c9b64d-ad3e-11ef-ba51-e4a8dfc2a9a8,parkinson_updrs,9,24,0.21002663671970367,0.07150149345397949,17400.0,0.21872074902057648,127,1
StandardGSGP,62c9b64d-ad3e-11ef-ba51-e4a8dfc2a9a8,parkinson_updrs,9,25,0.21002663671970367,0.07085227966308594,17504.0,0.21872074902057648,127,1
StandardGSGP,62c9b64d-ad3e-11ef-ba51-e4a8dfc2a9a8,parkinson_updrs,9,26,0.21002663671970367,0.0709981918334961,17958.0,0.21872074902057648,127,1
StandardGSGP,62c9b64d-ad3e-11ef-ba51-e4a8dfc2a9a8,parkinson_updrs,9,27,0.21002663671970367,0.07350730895996094,18148.0,0.21872074902057648,127,1
StandardGSGP,62c9b64d-ad3e-11ef-ba51-e4a8dfc2a9a8,parkinson_updrs,9,28,0.21002663671970367,0.07050848007202148,18844.0,0.21872074902057648,127,1
StandardGSGP,62c9b64d-ad3e-11ef-ba51-e4a8dfc2a9a8,parkinson_updrs,9,29,0.21002663671970367,0.07852506637573242,19256.0,0.21872074902057648,127,1
StandardGSGP,62c9b64d-ad3e-11ef-ba51-e4a8dfc2a9a8,parkinson_updrs,9,30,0.21002663671970367,0.07895517349243164,19796.0,0.21872074902057648,127,1
StandardGSGP,62c9b64d-ad3e-11ef-ba51-e4a8dfc2a9a8,parkinson_updrs,9,31,0.21002663671970367,0.0743095874786377,20700.0,0.21872074902057648,127,1
StandardGSGP,62c9b64d-ad3e-11ef-ba51-e4a8dfc2a9a8,parkinson_updrs,9,32,0.21002663671970367,0.07199335098266602,21870.0,0.21872074902057648,127,1
StandardGSGP,62c9b64d-ad3e-11ef-ba51-e4a8dfc2a9a8,parkinson_updrs,9,33,0.2084181159734726,0.14641690254211426,22086.0,0.21650350093841553,267,1
StandardGSGP,62c9b64d-ad3e-11ef-ba51-e4a8dfc2a9a8,parkinson_updrs,9,34,0.2084181159734726,0.07423615455627441,22050.0,0.21650350093841553,267,1
StandardGSGP,62c9b64d-ad3e-11ef-ba51-e4a8dfc2a9a8,parkinson_updrs,9,35,0.2084181159734726,0.07150530815124512,22524.0,0.21650350093841553,267,1
StandardGSGP,62c9b64d-ad3e-11ef-ba51-e4a8dfc2a9a8,parkinson_updrs,9,36,0.2084181159734726,0.06850552558898926,22738.0,0.21650350093841553,267,1
StandardGSGP,62c9b64d-ad3e-11ef-ba51-e4a8dfc2a9a8,parkinson_updrs,9,37,0.2084181159734726,0.07939028739929199,23756.0,0.21650350093841553,267,1
StandardGSGP,62c9b64d-ad3e-11ef-ba51-e4a8dfc2a9a8,parkinson_updrs,9,38,0.2084181159734726,0.07556748390197754,24688.0,0.21650350093841553,267,1
StandardGSGP,62c9b64d-ad3e-11ef-ba51-e4a8dfc2a9a8,parkinson_updrs,9,39,0.20652031898498535,0.08063626289367676,25588.0,0.2140970528125763,273,1
StandardGSGP,62c9b64d-ad3e-11ef-ba51-e4a8dfc2a9a8,parkinson_updrs,9,40,0.20652031898498535,0.0738823413848877,25590.0,0.2140970528125763,273,1
StandardGSGP,62c9b64d-ad3e-11ef-ba51-e4a8dfc2a9a8,parkinson_updrs,9,41,0.20652031898498535,0.07398438453674316,26740.0,0.2140970528125763,273,1
StandardGSGP,62c9b64d-ad3e-11ef-ba51-e4a8dfc2a9a8,parkinson_updrs,9,42,0.20618921518325806,0.07328200340270996,27152.0,0.21397282183170319,287,1
StandardGSGP,62c9b64d-ad3e-11ef-ba51-e4a8dfc2a9a8,parkinson_updrs,9,43,0.20618921518325806,0.07305335998535156,28566.0,0.21397282183170319,287,1
StandardGSGP,62c9b64d-ad3e-11ef-ba51-e4a8dfc2a9a8,parkinson_updrs,9,44,0.20618921518325806,0.0755002498626709,29382.0,0.21397282183170319,287,1
StandardGSGP,62c9b64d-ad3e-11ef-ba51-e4a8dfc2a9a8,parkinson_updrs,9,45,0.20618921518325806,0.0729837417602539,30034.0,0.21397282183170319,287,1
StandardGSGP,62c9b64d-ad3e-11ef-ba51-e4a8dfc2a9a8,parkinson_updrs,9,46,0.20618921518325806,0.07228851318359375,30492.0,0.21397282183170319,287,1
StandardGSGP,62c9b64d-ad3e-11ef-ba51-e4a8dfc2a9a8,parkinson_updrs,9,47,0.20618921518325806,0.07754111289978027,31726.0,0.21397282183170319,287,1
StandardGSGP,62c9b64d-ad3e-11ef-ba51-e4a8dfc2a9a8,parkinson_updrs,9,48,0.20618921518325806,0.07599663734436035,32478.0,0.21397282183170319,287,1
StandardGSGP,62c9b64d-ad3e-11ef-ba51-e4a8dfc2a9a8,parkinson_updrs,9,49,0.20618921518325806,0.07652401924133301,32902.0,0.21397282183170319,287,1
StandardGSGP,62c9b64d-ad3e-11ef-ba51-e4a8dfc2a9a8,parkinson_updrs,9,50,0.20618921518325806,0.07686233520507812,33340.0,0.21397282183170319,287,1
StandardGSGP,62c9b64d-ad3e-11ef-ba51-e4a8dfc2a9a8,parkinson_updrs,9,51,0.2058059424161911,0.07733988761901855,34070.0,0.21414677798748016,301,1
StandardGSGP,62c9b64d-ad3e-11ef-ba51-e4a8dfc2a9a8,parkinson_updrs,9,52,0.2058059424161911,0.07869458198547363,34454.0,0.21414677798748016,301,1
StandardGSGP,62c9b64d-ad3e-11ef-ba51-e4a8dfc2a9a8,parkinson_updrs,9,53,0.2058059424161911,0.07402157783508301,34536.0,0.21414677798748016,301,1
StandardGSGP,62c9b64d-ad3e-11ef-ba51-e4a8dfc2a9a8,parkinson_updrs,9,54,0.2058059424161911,0.07667994499206543,34974.0,0.21414677798748016,301,1
StandardGSGP,62c9b64d-ad3e-11ef-ba51-e4a8dfc2a9a8,parkinson_updrs,9,55,0.20547284185886383,0.08049130439758301,36142.0,0.2137189656496048,307,1
StandardGSGP,62c9b64d-ad3e-11ef-ba51-e4a8dfc2a9a8,parkinson_updrs,9,56,0.20473027229309082,0.07491946220397949,36284.0,0.2148369699716568,353,1
StandardGSGP,62c9b64d-ad3e-11ef-ba51-e4a8dfc2a9a8,parkinson_updrs,9,57,0.20392444729804993,0.0772850513458252,36588.0,0.21389199793338776,361,1
StandardGSGP,62c9b64d-ad3e-11ef-ba51-e4a8dfc2a9a8,parkinson_updrs,9,58,0.20392444729804993,0.07600665092468262,36948.0,0.21389199793338776,361,1
StandardGSGP,62c9b64d-ad3e-11ef-ba51-e4a8dfc2a9a8,parkinson_updrs,9,59,0.20392444729804993,0.07625532150268555,38214.0,0.21389199793338776,361,1
StandardGSGP,62c9b64d-ad3e-11ef-ba51-e4a8dfc2a9a8,parkinson_updrs,9,60,0.20392444729804993,0.07751107215881348,38854.0,0.21389199793338776,361,1
StandardGSGP,62c9b64d-ad3e-11ef-ba51-e4a8dfc2a9a8,parkinson_updrs,9,61,0.20392444729804993,0.08054065704345703,39246.0,0.21389199793338776,361,1
StandardGSGP,62c9b64d-ad3e-11ef-ba51-e4a8dfc2a9a8,parkinson_updrs,9,62,0.20392444729804993,0.07593011856079102,39760.0,0.21389199793338776,361,1
StandardGSGP,62c9b64d-ad3e-11ef-ba51-e4a8dfc2a9a8,parkinson_updrs,9,63,0.20392444729804993,0.07793116569519043,40482.0,0.21389199793338776,361,1
StandardGSGP,62c9b64d-ad3e-11ef-ba51-e4a8dfc2a9a8,parkinson_updrs,9,64,0.20392444729804993,0.07603287696838379,41086.0,0.21389199793338776,361,1
StandardGSGP,62c9b64d-ad3e-11ef-ba51-e4a8dfc2a9a8,parkinson_updrs,9,65,0.20392444729804993,0.07712292671203613,42344.0,0.21389199793338776,361,1
StandardGSGP,62c9b64d-ad3e-11ef-ba51-e4a8dfc2a9a8,parkinson_updrs,9,66,0.20392444729804993,0.07979226112365723,42516.0,0.21389199793338776,361,1
StandardGSGP,62c9b64d-ad3e-11ef-ba51-e4a8dfc2a9a8,parkinson_updrs,9,67,0.20392444729804993,0.0765082836151123,43370.0,0.21389199793338776,361,1
StandardGSGP,62c9b64d-ad3e-11ef-ba51-e4a8dfc2a9a8,parkinson_updrs,9,68,0.20392444729804993,0.07329750061035156,44026.0,0.21389199793338776,361,1
StandardGSGP,62c9b64d-ad3e-11ef-ba51-e4a8dfc2a9a8,parkinson_updrs,9,69,0.20377320051193237,0.07251262664794922,45046.0,0.21411055326461792,375,1
StandardGSGP,62c9b64d-ad3e-11ef-ba51-e4a8dfc2a9a8,parkinson_updrs,9,70,0.20377320051193237,0.07251334190368652,44940.0,0.21411055326461792,375,1
StandardGSGP,62c9b64d-ad3e-11ef-ba51-e4a8dfc2a9a8,parkinson_updrs,9,71,0.20377320051193237,0.0725090503692627,46224.0,0.21411055326461792,375,1
StandardGSGP,62c9b64d-ad3e-11ef-ba51-e4a8dfc2a9a8,parkinson_updrs,9,72,0.20377320051193237,0.07300519943237305,46872.0,0.21411055326461792,375,1
StandardGSGP,62c9b64d-ad3e-11ef-ba51-e4a8dfc2a9a8,parkinson_updrs,9,73,0.20376457273960114,0.07629847526550293,46212.0,0.21402885019779205,383,1
StandardGSGP,62c9b64d-ad3e-11ef-ba51-e4a8dfc2a9a8,parkinson_updrs,9,74,0.20376457273960114,0.07088255882263184,46842.0,0.21402885019779205,383,1
StandardGSGP,62c9b64d-ad3e-11ef-ba51-e4a8dfc2a9a8,parkinson_updrs,9,75,0.20376457273960114,0.07193899154663086,46580.0,0.21402885019779205,383,1
StandardGSGP,62c9b64d-ad3e-11ef-ba51-e4a8dfc2a9a8,parkinson_updrs,9,76,0.20376457273960114,0.07407522201538086,47656.0,0.21402885019779205,383,1
StandardGSGP,62c9b64d-ad3e-11ef-ba51-e4a8dfc2a9a8,parkinson_updrs,9,77,0.20376457273960114,0.07723808288574219,47780.0,0.21402885019779205,383,1
StandardGSGP,62c9b64d-ad3e-11ef-ba51-e4a8dfc2a9a8,parkinson_updrs,9,78,0.20376457273960114,0.07288694381713867,48562.0,0.21402885019779205,383,1
StandardGSGP,62c9b64d-ad3e-11ef-ba51-e4a8dfc2a9a8,parkinson_updrs,9,79,0.20376457273960114,0.07563996315002441,48320.0,0.21402885019779205,383,1
StandardGSGP,62c9b64d-ad3e-11ef-ba51-e4a8dfc2a9a8,parkinson_updrs,9,80,0.20376457273960114,0.07351016998291016,48340.0,0.21402885019779205,383,1
StandardGSGP,62c9b64d-ad3e-11ef-ba51-e4a8dfc2a9a8,parkinson_updrs,9,81,0.20303548872470856,0.07109594345092773,48468.0,0.21470719575881958,449,1
StandardGSGP,62c9b64d-ad3e-11ef-ba51-e4a8dfc2a9a8,parkinson_updrs,9,82,0.20303548872470856,0.06950259208679199,49378.0,0.21470719575881958,449,1
StandardGSGP,62c9b64d-ad3e-11ef-ba51-e4a8dfc2a9a8,parkinson_updrs,9,83,0.20303548872470856,0.07350969314575195,50530.0,0.21470719575881958,449,1
StandardGSGP,62c9b64d-ad3e-11ef-ba51-e4a8dfc2a9a8,parkinson_updrs,9,84,0.20303548872470856,0.07451534271240234,52086.0,0.21470719575881958,449,1
StandardGSGP,62c9b64d-ad3e-11ef-ba51-e4a8dfc2a9a8,parkinson_updrs,9,85,0.20298831164836884,0.07300543785095215,53830.0,0.21463651955127716,459,1
StandardGSGP,62c9b64d-ad3e-11ef-ba51-e4a8dfc2a9a8,parkinson_updrs,9,86,0.20298831164836884,0.07158041000366211,53006.0,0.21463651955127716,459,1
StandardGSGP,62c9b64d-ad3e-11ef-ba51-e4a8dfc2a9a8,parkinson_updrs,9,87,0.20298831164836884,0.07249879837036133,52998.0,0.21463651955127716,459,1
StandardGSGP,62c9b64d-ad3e-11ef-ba51-e4a8dfc2a9a8,parkinson_updrs,9,88,0.20259304344654083,0.07728886604309082,52918.0,0.21244747936725616,451,1
StandardGSGP,62c9b64d-ad3e-11ef-ba51-e4a8dfc2a9a8,parkinson_updrs,9,89,0.20259304344654083,0.08736205101013184,52736.0,0.21244747936725616,451,1
StandardGSGP,62c9b64d-ad3e-11ef-ba51-e4a8dfc2a9a8,parkinson_updrs,9,90,0.20259304344654083,0.07907319068908691,53150.0,0.21244747936725616,451,1
StandardGSGP,62c9b64d-ad3e-11ef-ba51-e4a8dfc2a9a8,parkinson_updrs,9,91,0.20259304344654083,0.07499575614929199,53770.0,0.21244747936725616,451,1
StandardGSGP,62c9b64d-ad3e-11ef-ba51-e4a8dfc2a9a8,parkinson_updrs,9,92,0.20259304344654083,0.07529664039611816,53112.0,0.21244747936725616,451,1
StandardGSGP,62c9b64d-ad3e-11ef-ba51-e4a8dfc2a9a8,parkinson_updrs,9,93,0.20259304344654083,0.1565389633178711,52512.0,0.21244747936725616,451,1
StandardGSGP,62c9b64d-ad3e-11ef-ba51-e4a8dfc2a9a8,parkinson_updrs,9,94,0.20259304344654083,0.07534503936767578,53370.0,0.21244747936725616,451,1
StandardGSGP,62c9b64d-ad3e-11ef-ba51-e4a8dfc2a9a8,parkinson_updrs,9,95,0.20259304344654083,0.07250332832336426,53834.0,0.21244747936725616,451,1
StandardGSGP,62c9b64d-ad3e-11ef-ba51-e4a8dfc2a9a8,parkinson_updrs,9,96,0.20259304344654083,0.07403826713562012,53902.0,0.21244747936725616,451,1
StandardGSGP,62c9b64d-ad3e-11ef-ba51-e4a8dfc2a9a8,parkinson_updrs,9,97,0.20259304344654083,0.07206225395202637,54068.0,0.21244747936725616,451,1
StandardGSGP,62c9b64d-ad3e-11ef-ba51-e4a8dfc2a9a8,parkinson_updrs,9,98,0.20259304344654083,0.07199358940124512,54502.0,0.21244747936725616,451,1
StandardGSGP,62c9b64d-ad3e-11ef-ba51-e4a8dfc2a9a8,parkinson_updrs,9,99,0.20259304344654083,0.07218480110168457,54570.0,0.21244747936725616,451,1
StandardGSGP,62c9b64d-ad3e-11ef-ba51-e4a8dfc2a9a8,parkinson_updrs,9,100,0.20259304344654083,0.07779383659362793,54932.0,0.21244747936725616,451,1
StandardGSGP,f8ea560b-ad3e-11ef-a55f-e4a8dfc2a9a8,parkinson_updrs,9,0,22.122575759887695,0.07100391387939453,1364.0,21.24260711669922,15,1
StandardGSGP,f8ea560b-ad3e-11ef-a55f-e4a8dfc2a9a8,parkinson_updrs,9,1,22.11550521850586,0.0760045051574707,1370.0,21.23662757873535,21,1
StandardGSGP,f8ea560b-ad3e-11ef-a55f-e4a8dfc2a9a8,parkinson_updrs,9,2,21.782495498657227,0.08651518821716309,2432.0,22.41596221923828,21,1
StandardGSGP,f8ea560b-ad3e-11ef-a55f-e4a8dfc2a9a8,parkinson_updrs,9,3,21.736587524414062,0.07750463485717773,3330.0,22.37019157409668,27,1
StandardGSGP,f8ea560b-ad3e-11ef-a55f-e4a8dfc2a9a8,parkinson_updrs,9,4,21.326391220092773,0.07958531379699707,3978.0,21.9565372467041,41,1
StandardGSGP,f8ea560b-ad3e-11ef-a55f-e4a8dfc2a9a8,parkinson_updrs,9,5,21.31310272216797,0.0786740779876709,4480.0,21.942962646484375,51,1
StandardGSGP,f8ea560b-ad3e-11ef-a55f-e4a8dfc2a9a8,parkinson_updrs,9,6,20.90336799621582,0.08000349998474121,5064.0,21.528886795043945,59,1
StandardGSGP,f8ea560b-ad3e-11ef-a55f-e4a8dfc2a9a8,parkinson_updrs,9,7,20.7511043548584,0.07772636413574219,5770.0,21.375385284423828,59,1
StandardGSGP,f8ea560b-ad3e-11ef-a55f-e4a8dfc2a9a8,parkinson_updrs,9,8,20.45366096496582,0.1565248966217041,6642.0,21.07428741455078,55,1
StandardGSGP,f8ea560b-ad3e-11ef-a55f-e4a8dfc2a9a8,parkinson_updrs,9,9,20.24167251586914,0.07515835762023926,7408.0,20.85964584350586,61,1
StandardGSGP,f8ea560b-ad3e-11ef-a55f-e4a8dfc2a9a8,parkinson_updrs,9,10,19.68581199645996,0.08107542991638184,8078.0,20.30013084411621,87,1
StandardGSGP,f8ea560b-ad3e-11ef-a55f-e4a8dfc2a9a8,parkinson_updrs,9,11,19.147878646850586,0.08299756050109863,8414.0,19.754899978637695,97,1
StandardGSGP,f8ea560b-ad3e-11ef-a55f-e4a8dfc2a9a8,parkinson_updrs,9,12,19.136404037475586,0.07875514030456543,9048.0,19.75356674194336,85,1
StandardGSGP,f8ea560b-ad3e-11ef-a55f-e4a8dfc2a9a8,parkinson_updrs,9,13,18.75677490234375,0.08076953887939453,10168.0,19.35799789428711,107,1
StandardGSGP,f8ea560b-ad3e-11ef-a55f-e4a8dfc2a9a8,parkinson_updrs,9,14,18.38458824157715,0.09320211410522461,11042.0,18.99420738220215,95,1
StandardGSGP,f8ea560b-ad3e-11ef-a55f-e4a8dfc2a9a8,parkinson_updrs,9,15,18.278627395629883,0.07750415802001953,11652.0,18.8731689453125,123,1
StandardGSGP,f8ea560b-ad3e-11ef-a55f-e4a8dfc2a9a8,parkinson_updrs,9,16,18.00030517578125,0.07793760299682617,12406.0,18.60286521911621,111,1
StandardGSGP,f8ea560b-ad3e-11ef-a55f-e4a8dfc2a9a8,parkinson_updrs,9,17,17.602062225341797,0.0745697021484375,12996.0,18.195465087890625,119,1
StandardGSGP,f8ea560b-ad3e-11ef-a55f-e4a8dfc2a9a8,parkinson_updrs,9,18,17.209918975830078,0.0792393684387207,13496.0,17.77846908569336,139,1
StandardGSGP,f8ea560b-ad3e-11ef-a55f-e4a8dfc2a9a8,parkinson_updrs,9,19,16.859779357910156,0.07611370086669922,13900.0,17.420703887939453,145,1
StandardGSGP,f8ea560b-ad3e-11ef-a55f-e4a8dfc2a9a8,parkinson_updrs,9,20,16.542882919311523,0.08302879333496094,14668.0,17.114866256713867,129,1
StandardGSGP,f8ea560b-ad3e-11ef-a55f-e4a8dfc2a9a8,parkinson_updrs,9,21,16.018157958984375,0.08050918579101562,15494.0,16.58782386779785,139,1
StandardGSGP,f8ea560b-ad3e-11ef-a55f-e4a8dfc2a9a8,parkinson_updrs,9,22,15.925132751464844,0.0778970718383789,16164.0,16.461002349853516,171,1
StandardGSGP,f8ea560b-ad3e-11ef-a55f-e4a8dfc2a9a8,parkinson_updrs,9,23,15.705747604370117,0.07987809181213379,16656.0,16.2370548248291,175,1
StandardGSGP,f8ea560b-ad3e-11ef-a55f-e4a8dfc2a9a8,parkinson_updrs,9,24,15.34773063659668,0.08252716064453125,17074.0,15.86605453491211,187,1
StandardGSGP,f8ea560b-ad3e-11ef-a55f-e4a8dfc2a9a8,parkinson_updrs,9,25,15.160944938659668,0.0821845531463623,18024.0,15.673040390014648,187,1
StandardGSGP,f8ea560b-ad3e-11ef-a55f-e4a8dfc2a9a8,parkinson_updrs,9,26,14.896342277526855,0.08612394332885742,19328.0,15.399552345275879,201,1
StandardGSGP,f8ea560b-ad3e-11ef-a55f-e4a8dfc2a9a8,parkinson_updrs,9,27,14.565958976745605,0.07952332496643066,20522.0,15.055013656616211,201,1
StandardGSGP,f8ea560b-ad3e-11ef-a55f-e4a8dfc2a9a8,parkinson_updrs,9,28,14.565958976745605,0.08304715156555176,21344.0,15.055013656616211,201,1
StandardGSGP,f8ea560b-ad3e-11ef-a55f-e4a8dfc2a9a8,parkinson_updrs,9,29,14.425189971923828,0.08051037788391113,21976.0,14.907735824584961,207,1
StandardGSGP,f8ea560b-ad3e-11ef-a55f-e4a8dfc2a9a8,parkinson_updrs,9,30,13.936488151550293,0.0800018310546875,22608.0,14.394455909729004,225,1
StandardGSGP,f8ea560b-ad3e-11ef-a55f-e4a8dfc2a9a8,parkinson_updrs,9,31,13.891345024108887,0.07749438285827637,23104.0,14.348099708557129,223,1
StandardGSGP,f8ea560b-ad3e-11ef-a55f-e4a8dfc2a9a8,parkinson_updrs,9,32,13.728304862976074,0.07882952690124512,23568.0,14.17383861541748,219,1
StandardGSGP,f8ea560b-ad3e-11ef-a55f-e4a8dfc2a9a8,parkinson_updrs,9,33,13.414441108703613,0.07650208473205566,23986.0,13.841289520263672,225,1
StandardGSGP,f8ea560b-ad3e-11ef-a55f-e4a8dfc2a9a8,parkinson_updrs,9,34,13.309549331665039,0.0769968032836914,24474.0,13.728910446166992,233,1
StandardGSGP,f8ea560b-ad3e-11ef-a55f-e4a8dfc2a9a8,parkinson_updrs,9,35,13.029496192932129,0.0790102481842041,24930.0,13.426947593688965,239,1
StandardGSGP,f8ea560b-ad3e-11ef-a55f-e4a8dfc2a9a8,parkinson_updrs,9,36,12.797883987426758,0.07950425148010254,25352.0,13.174609184265137,245,1
StandardGSGP,f8ea560b-ad3e-11ef-a55f-e4a8dfc2a9a8,parkinson_updrs,9,37,12.695357322692871,0.07577013969421387,25758.0,13.061483383178711,255,1
StandardGSGP,f8ea560b-ad3e-11ef-a55f-e4a8dfc2a9a8,parkinson_updrs,9,38,12.60668659210205,0.07750988006591797,26308.0,12.964348793029785,253,1
StandardGSGP,f8ea560b-ad3e-11ef-a55f-e4a8dfc2a9a8,parkinson_updrs,9,39,12.462736129760742,0.07351517677307129,26740.0,12.803567886352539,267,1
StandardGSGP,f8ea560b-ad3e-11ef-a55f-e4a8dfc2a9a8,parkinson_updrs,9,40,12.328736305236816,0.07900261878967285,27186.0,12.655823707580566,269,1
StandardGSGP,f8ea560b-ad3e-11ef-a55f-e4a8dfc2a9a8,parkinson_updrs,9,41,12.2680025100708,0.07950639724731445,27952.0,12.584310531616211,283,1
StandardGSGP,f8ea560b-ad3e-11ef-a55f-e4a8dfc2a9a8,parkinson_updrs,9,42,12.185462951660156,0.08063697814941406,28544.0,12.493654251098633,287,1
StandardGSGP,f8ea560b-ad3e-11ef-a55f-e4a8dfc2a9a8,parkinson_updrs,9,43,11.962589263916016,0.07660102844238281,29196.0,12.234076499938965,295,1
StandardGSGP,f8ea560b-ad3e-11ef-a55f-e4a8dfc2a9a8,parkinson_updrs,9,44,11.94006061553955,0.07760143280029297,29866.0,12.207420349121094,305,1
StandardGSGP,f8ea560b-ad3e-11ef-a55f-e4a8dfc2a9a8,parkinson_updrs,9,45,11.813310623168945,0.07700824737548828,30592.0,12.053701400756836,311,1
StandardGSGP,f8ea560b-ad3e-11ef-a55f-e4a8dfc2a9a8,parkinson_updrs,9,46,11.754404067993164,0.07599878311157227,31242.0,11.984859466552734,317,1
StandardGSGP,f8ea560b-ad3e-11ef-a55f-e4a8dfc2a9a8,parkinson_updrs,9,47,11.70601749420166,0.0755007266998291,32108.0,11.933759689331055,319,1
StandardGSGP,f8ea560b-ad3e-11ef-a55f-e4a8dfc2a9a8,parkinson_updrs,9,48,11.650249481201172,0.0839681625366211,32958.0,11.851276397705078,335,1
StandardGSGP,f8ea560b-ad3e-11ef-a55f-e4a8dfc2a9a8,parkinson_updrs,9,49,11.604666709899902,0.08151125907897949,33858.0,11.792986869812012,337,1
StandardGSGP,f8ea560b-ad3e-11ef-a55f-e4a8dfc2a9a8,parkinson_updrs,9,50,11.57179069519043,0.07699155807495117,34636.0,11.751744270324707,345,1
StandardGSGP,f8ea560b-ad3e-11ef-a55f-e4a8dfc2a9a8,parkinson_updrs,9,51,11.504389762878418,0.07799935340881348,35424.0,11.644684791564941,369,1
StandardGSGP,f8ea560b-ad3e-11ef-a55f-e4a8dfc2a9a8,parkinson_updrs,9,52,11.466705322265625,0.07882165908813477,36144.0,11.579405784606934,375,1
StandardGSGP,f8ea560b-ad3e-11ef-a55f-e4a8dfc2a9a8,parkinson_updrs,9,53,11.451351165771484,0.0884866714477539,37054.0,11.553020477294922,365,1
StandardGSGP,f8ea560b-ad3e-11ef-a55f-e4a8dfc2a9a8,parkinson_updrs,9,54,11.435978889465332,0.0799264907836914,38048.0,11.514289855957031,373,1
StandardGSGP,f8ea560b-ad3e-11ef-a55f-e4a8dfc2a9a8,parkinson_updrs,9,55,11.425222396850586,0.07982611656188965,39272.0,11.496933937072754,405,1
StandardGSGP,f8ea560b-ad3e-11ef-a55f-e4a8dfc2a9a8,parkinson_updrs,9,56,11.413902282714844,0.07801008224487305,39960.0,11.501898765563965,409,1
StandardGSGP,f8ea560b-ad3e-11ef-a55f-e4a8dfc2a9a8,parkinson_updrs,9,57,11.401789665222168,0.07978534698486328,40668.0,11.49680233001709,417,1
StandardGSGP,f8ea560b-ad3e-11ef-a55f-e4a8dfc2a9a8,parkinson_updrs,9,58,11.401789665222168,0.0834345817565918,42100.0,11.49680233001709,417,1
StandardGSGP,f8ea560b-ad3e-11ef-a55f-e4a8dfc2a9a8,parkinson_updrs,9,59,11.39924144744873,0.08020663261413574,43126.0,11.48237133026123,429,1
StandardGSGP,f8ea560b-ad3e-11ef-a55f-e4a8dfc2a9a8,parkinson_updrs,9,60,11.390332221984863,0.0795140266418457,43714.0,11.48585033416748,435,1
StandardGSGP,f8ea560b-ad3e-11ef-a55f-e4a8dfc2a9a8,parkinson_updrs,9,61,11.377721786499023,0.0745077133178711,44208.0,11.45614242553711,435,1
StandardGSGP,f8ea560b-ad3e-11ef-a55f-e4a8dfc2a9a8,parkinson_updrs,9,62,11.37762451171875,0.086639404296875,44720.0,11.456949234008789,441,1
StandardGSGP,f8ea560b-ad3e-11ef-a55f-e4a8dfc2a9a8,parkinson_updrs,9,63,11.364006042480469,0.16234254837036133,45442.0,11.445785522460938,441,1
StandardGSGP,f8ea560b-ad3e-11ef-a55f-e4a8dfc2a9a8,parkinson_updrs,9,64,11.358627319335938,0.08050751686096191,46012.0,11.426237106323242,457,1
StandardGSGP,f8ea560b-ad3e-11ef-a55f-e4a8dfc2a9a8,parkinson_updrs,9,65,11.351496696472168,0.08244824409484863,46458.0,11.428482055664062,461,1
StandardGSGP,f8ea560b-ad3e-11ef-a55f-e4a8dfc2a9a8,parkinson_updrs,9,66,11.33337688446045,0.07826876640319824,46706.0,11.389473915100098,467,1
StandardGSGP,f8ea560b-ad3e-11ef-a55f-e4a8dfc2a9a8,parkinson_updrs,9,67,11.328622817993164,0.07855057716369629,47328.0,11.40783405303955,473,1
StandardGSGP,f8ea560b-ad3e-11ef-a55f-e4a8dfc2a9a8,parkinson_updrs,9,68,11.328399658203125,0.08190274238586426,48280.0,11.414356231689453,485,1
StandardGSGP,f8ea560b-ad3e-11ef-a55f-e4a8dfc2a9a8,parkinson_updrs,9,69,11.312671661376953,0.07891011238098145,49000.0,11.3883638381958,485,1
StandardGSGP,f8ea560b-ad3e-11ef-a55f-e4a8dfc2a9a8,parkinson_updrs,9,70,11.312664985656738,0.07811188697814941,49498.0,11.388358116149902,493,1
StandardGSGP,f8ea560b-ad3e-11ef-a55f-e4a8dfc2a9a8,parkinson_updrs,9,71,11.312664985656738,0.08250999450683594,50146.0,11.388358116149902,493,1
StandardGSGP,f8ea560b-ad3e-11ef-a55f-e4a8dfc2a9a8,parkinson_updrs,9,72,11.30990982055664,0.07250618934631348,50652.0,11.392727851867676,513,1
StandardGSGP,f8ea560b-ad3e-11ef-a55f-e4a8dfc2a9a8,parkinson_updrs,9,73,11.268906593322754,0.07851505279541016,51322.0,11.395356178283691,523,1
StandardGSGP,f8ea560b-ad3e-11ef-a55f-e4a8dfc2a9a8,parkinson_updrs,9,74,11.268906593322754,0.07499837875366211,52122.0,11.395356178283691,523,1
StandardGSGP,f8ea560b-ad3e-11ef-a55f-e4a8dfc2a9a8,parkinson_updrs,9,75,11.268070220947266,0.08184027671813965,52964.0,11.392695426940918,529,1
StandardGSGP,f8ea560b-ad3e-11ef-a55f-e4a8dfc2a9a8,parkinson_updrs,9,76,11.26423168182373,0.08751988410949707,53784.0,11.37178897857666,539,1
StandardGSGP,f8ea560b-ad3e-11ef-a55f-e4a8dfc2a9a8,parkinson_updrs,9,77,11.249917030334473,0.07903242111206055,54748.0,11.363656997680664,545,1
StandardGSGP,f8ea560b-ad3e-11ef-a55f-e4a8dfc2a9a8,parkinson_updrs,9,78,11.249168395996094,0.07950687408447266,55432.0,11.37056827545166,551,1
StandardGSGP,f8ea560b-ad3e-11ef-a55f-e4a8dfc2a9a8,parkinson_updrs,9,79,11.243289947509766,0.07473301887512207,56140.0,11.360980033874512,559,1
StandardGSGP,f8ea560b-ad3e-11ef-a55f-e4a8dfc2a9a8,parkinson_updrs,9,80,11.243289947509766,0.08467864990234375,56858.0,11.360980033874512,559,1
StandardGSGP,f8ea560b-ad3e-11ef-a55f-e4a8dfc2a9a8,parkinson_updrs,9,81,11.238804817199707,0.08300209045410156,57550.0,11.354935646057129,585,1
StandardGSGP,f8ea560b-ad3e-11ef-a55f-e4a8dfc2a9a8,parkinson_updrs,9,82,11.237730979919434,0.07369279861450195,58302.0,11.35109806060791,585,1
StandardGSGP,f8ea560b-ad3e-11ef-a55f-e4a8dfc2a9a8,parkinson_updrs,9,83,11.23509407043457,0.07394123077392578,58944.0,11.358803749084473,599,1
StandardGSGP,f8ea560b-ad3e-11ef-a55f-e4a8dfc2a9a8,parkinson_updrs,9,84,11.223856925964355,0.07751131057739258,59860.0,11.337160110473633,611,1
StandardGSGP,f8ea560b-ad3e-11ef-a55f-e4a8dfc2a9a8,parkinson_updrs,9,85,11.219316482543945,0.07619380950927734,60790.0,11.321301460266113,593,1
StandardGSGP,f8ea560b-ad3e-11ef-a55f-e4a8dfc2a9a8,parkinson_updrs,9,86,11.214534759521484,0.07837796211242676,61514.0,11.34147834777832,601,1
StandardGSGP,f8ea560b-ad3e-11ef-a55f-e4a8dfc2a9a8,parkinson_updrs,9,87,11.213703155517578,0.07650613784790039,62650.0,11.328038215637207,609,1
StandardGSGP,f8ea560b-ad3e-11ef-a55f-e4a8dfc2a9a8,parkinson_updrs,9,88,11.211807250976562,0.07832622528076172,63476.0,11.32579231262207,615,1
StandardGSGP,f8ea560b-ad3e-11ef-a55f-e4a8dfc2a9a8,parkinson_updrs,9,89,11.208273887634277,0.08151078224182129,63712.0,11.311245918273926,627,1
StandardGSGP,f8ea560b-ad3e-11ef-a55f-e4a8dfc2a9a8,parkinson_updrs,9,90,11.205166816711426,0.07350993156433105,63784.0,11.312421798706055,623,1
StandardGSGP,f8ea560b-ad3e-11ef-a55f-e4a8dfc2a9a8,parkinson_updrs,9,91,11.202372550964355,0.08063983917236328,64386.0,11.332755088806152,635,1
StandardGSGP,f8ea560b-ad3e-11ef-a55f-e4a8dfc2a9a8,parkinson_updrs,9,92,11.197779655456543,0.08566904067993164,64840.0,11.318285942077637,657,1
StandardGSGP,f8ea560b-ad3e-11ef-a55f-e4a8dfc2a9a8,parkinson_updrs,9,93,11.197151184082031,0.08148860931396484,65024.0,11.322320938110352,651,1
StandardGSGP,f8ea560b-ad3e-11ef-a55f-e4a8dfc2a9a8,parkinson_updrs,9,94,11.186576843261719,0.08036994934082031,65720.0,11.31453800201416,649,1
StandardGSGP,f8ea560b-ad3e-11ef-a55f-e4a8dfc2a9a8,parkinson_updrs,9,95,11.179283142089844,0.07850861549377441,66684.0,11.293904304504395,657,1
StandardGSGP,f8ea560b-ad3e-11ef-a55f-e4a8dfc2a9a8,parkinson_updrs,9,96,11.179283142089844,0.0745086669921875,67316.0,11.293904304504395,657,1
StandardGSGP,f8ea560b-ad3e-11ef-a55f-e4a8dfc2a9a8,parkinson_updrs,9,97,11.177508354187012,0.07599830627441406,67450.0,11.302786827087402,669,1
StandardGSGP,f8ea560b-ad3e-11ef-a55f-e4a8dfc2a9a8,parkinson_updrs,9,98,11.17639446258545,0.07650899887084961,67814.0,11.289093017578125,671,1
StandardGSGP,f8ea560b-ad3e-11ef-a55f-e4a8dfc2a9a8,parkinson_updrs,9,99,11.165525436401367,0.08516573905944824,68248.0,11.312382698059082,683,1
StandardGSGP,f8ea560b-ad3e-11ef-a55f-e4a8dfc2a9a8,parkinson_updrs,9,100,11.163753509521484,0.07950639724731445,68814.0,11.309306144714355,689,1
