StandardGSGP,b167518b-ad3e-11ef-b330-e4a8dfc2a9a8,parkinson_updrs,25,0,0.2594730257987976,0.10922431945800781,2156.0,0.25678256154060364,3,1
StandardGSGP,b167518b-ad3e-11ef-b330-e4a8dfc2a9a8,parkinson_updrs,25,1,0.2372146099805832,0.07251095771789551,1828.0,0.23910558223724365,9,1
StandardGSGP,b167518b-ad3e-11ef-b330-e4a8dfc2a9a8,parkinson_updrs,25,2,0.2372146099805832,0.07271361351013184,2404.0,0.23910558223724365,9,1
StandardGSGP,b167518b-ad3e-11ef-b330-e4a8dfc2a9a8,parkinson_updrs,25,3,0.22095392644405365,0.14935898780822754,2728.0,0.2196221649646759,23,1
StandardGSGP,b167518b-ad3e-11ef-b330-e4a8dfc2a9a8,parkinson_updrs,25,4,0.22095392644405365,0.07527589797973633,3300.0,0.2196221649646759,23,1
StandardGSGP,b167518b-ad3e-11ef-b330-e4a8dfc2a9a8,parkinson_updrs,25,5,0.22095392644405365,0.0754849910736084,3994.0,0.2196221649646759,23,1
StandardGSGP,b167518b-ad3e-11ef-b330-e4a8dfc2a9a8,parkinson_updrs,25,6,0.22095392644405365,0.07675457000732422,4858.0,0.2196221649646759,23,1
StandardGSGP,b167518b-ad3e-11ef-b330-e4a8dfc2a9a8,parkinson_updrs,25,7,0.2187880426645279,0.07343626022338867,5496.0,0.2173621505498886,47,1
StandardGSGP,b167518b-ad3e-11ef-b330-e4a8dfc2a9a8,parkinson_updrs,25,8,0.2187880426645279,0.07262802124023438,6180.0,0.2173621505498886,47,1
StandardGSGP,b167518b-ad3e-11ef-b330-e4a8dfc2a9a8,parkinson_updrs,25,9,0.21876846253871918,0.07292556762695312,6880.0,0.21733108162879944,53,1
StandardGSGP,b167518b-ad3e-11ef-b330-e4a8dfc2a9a8,parkinson_updrs,25,10,0.21876846253871918,0.07407450675964355,7744.0,0.21733108162879944,53,1
StandardGSGP,b167518b-ad3e-11ef-b330-e4a8dfc2a9a8,parkinson_updrs,25,11,0.21876846253871918,0.08281397819519043,8436.0,0.21733108162879944,53,1
StandardGSGP,b167518b-ad3e-11ef-b330-e4a8dfc2a9a8,parkinson_updrs,25,12,0.21876846253871918,0.08311581611633301,8964.0,0.21733108162879944,53,1
StandardGSGP,b167518b-ad3e-11ef-b330-e4a8dfc2a9a8,parkinson_updrs,25,13,0.21722383797168732,0.07500743865966797,9508.0,0.21658039093017578,77,1
StandardGSGP,b167518b-ad3e-11ef-b330-e4a8dfc2a9a8,parkinson_updrs,25,14,0.21722383797168732,0.07150554656982422,10178.0,0.21658039093017578,77,1
StandardGSGP,b167518b-ad3e-11ef-b330-e4a8dfc2a9a8,parkinson_updrs,25,15,0.21722383797168732,0.07202267646789551,10586.0,0.21658039093017578,77,1
StandardGSGP,b167518b-ad3e-11ef-b330-e4a8dfc2a9a8,parkinson_updrs,25,16,0.21722383797168732,0.07394933700561523,11476.0,0.21658039093017578,77,1
StandardGSGP,b167518b-ad3e-11ef-b330-e4a8dfc2a9a8,parkinson_updrs,25,17,0.21722383797168732,0.0769505500793457,11690.0,0.21658039093017578,77,1
StandardGSGP,b167518b-ad3e-11ef-b330-e4a8dfc2a9a8,parkinson_updrs,25,18,0.21722383797168732,0.07619595527648926,12296.0,0.21658039093017578,77,1
StandardGSGP,b167518b-ad3e-11ef-b330-e4a8dfc2a9a8,parkinson_updrs,25,19,0.21722383797168732,0.07485246658325195,12860.0,0.21658039093017578,77,1
StandardGSGP,b167518b-ad3e-11ef-b330-e4a8dfc2a9a8,parkinson_updrs,25,20,0.21722383797168732,0.0709068775177002,13262.0,0.21658039093017578,77,1
StandardGSGP,b167518b-ad3e-11ef-b330-e4a8dfc2a9a8,parkinson_updrs,25,21,0.21722383797168732,0.07063817977905273,13510.0,0.21658039093017578,77,1
StandardGSGP,b167518b-ad3e-11ef-b330-e4a8dfc2a9a8,parkinson_updrs,25,22,0.21722383797168732,0.07005906105041504,13774.0,0.21658039093017578,77,1
StandardGSGP,b167518b-ad3e-11ef-b330-e4a8dfc2a9a8,parkinson_updrs,25,23,0.21722383797168732,0.07213759422302246,14396.0,0.21658039093017578,77,1
StandardGSGP,b167518b-ad3e-11ef-b330-e4a8dfc2a9a8,parkinson_updrs,25,24,0.21722383797168732,0.0703582763671875,15014.0,0.21658039093017578,77,1
StandardGSGP,b167518b-ad3e-11ef-b330-e4a8dfc2a9a8,parkinson_updrs,25,25,0.21722383797168732,0.07002735137939453,15936.0,0.21658039093017578,77,1
StandardGSGP,b167518b-ad3e-11ef-b330-e4a8dfc2a9a8,parkinson_updrs,25,26,0.21722383797168732,0.07159185409545898,16386.0,0.21658039093017578,77,1
StandardGSGP,b167518b-ad3e-11ef-b330-e4a8dfc2a9a8,parkinson_updrs,25,27,0.21722383797168732,0.0706930160522461,16292.0,0.21658039093017578,77,1
StandardGSGP,b167518b-ad3e-11ef-b330-e4a8dfc2a9a8,parkinson_updrs,25,28,0.21722383797168732,0.07314229011535645,16872.0,0.21658039093017578,77,1
StandardGSGP,b167518b-ad3e-11ef-b330-e4a8dfc2a9a8,parkinson_updrs,25,29,0.21722383797168732,0.07199954986572266,17192.0,0.21658039093017578,77,1
StandardGSGP,b167518b-ad3e-11ef-b330-e4a8dfc2a9a8,parkinson_updrs,25,30,0.21689985692501068,0.07993960380554199,17656.0,0.21625596284866333,95,1
StandardGSGP,b167518b-ad3e-11ef-b330-e4a8dfc2a9a8,parkinson_updrs,25,31,0.21689985692501068,0.07452559471130371,17232.0,0.21625596284866333,95,1
StandardGSGP,b167518b-ad3e-11ef-b330-e4a8dfc2a9a8,parkinson_updrs,25,32,0.21689985692501068,0.07363700866699219,16770.0,0.21625596284866333,95,1
StandardGSGP,b167518b-ad3e-11ef-b330-e4a8dfc2a9a8,parkinson_updrs,25,33,0.21689985692501068,0.07366633415222168,18130.0,0.21625596284866333,95,1
StandardGSGP,b167518b-ad3e-11ef-b330-e4a8dfc2a9a8,parkinson_updrs,25,34,0.21689985692501068,0.07250499725341797,18420.0,0.21625596284866333,95,1
StandardGSGP,b167518b-ad3e-11ef-b330-e4a8dfc2a9a8,parkinson_updrs,25,35,0.2161058932542801,0.07550764083862305,19338.0,0.2157943695783615,103,1
StandardGSGP,b167518b-ad3e-11ef-b330-e4a8dfc2a9a8,parkinson_updrs,25,36,0.21529315412044525,0.07055377960205078,19526.0,0.21676787734031677,245,1
StandardGSGP,b167518b-ad3e-11ef-b330-e4a8dfc2a9a8,parkinson_updrs,25,37,0.21414855122566223,0.07284140586853027,18742.0,0.21547509729862213,251,1
StandardGSGP,b167518b-ad3e-11ef-b330-e4a8dfc2a9a8,parkinson_updrs,25,38,0.21414855122566223,0.07300257682800293,19514.0,0.21547509729862213,251,1
StandardGSGP,b167518b-ad3e-11ef-b330-e4a8dfc2a9a8,parkinson_updrs,25,39,0.21414855122566223,0.07359957695007324,21156.0,0.21547509729862213,251,1
StandardGSGP,b167518b-ad3e-11ef-b330-e4a8dfc2a9a8,parkinson_updrs,25,40,0.21414855122566223,0.07575273513793945,21306.0,0.21547509729862213,251,1
StandardGSGP,b167518b-ad3e-11ef-b330-e4a8dfc2a9a8,parkinson_updrs,25,41,0.21414855122566223,0.07954239845275879,20536.0,0.21547509729862213,251,1
StandardGSGP,b167518b-ad3e-11ef-b330-e4a8dfc2a9a8,parkinson_updrs,25,42,0.21414855122566223,0.07352280616760254,22268.0,0.21547509729862213,251,1
StandardGSGP,b167518b-ad3e-11ef-b330-e4a8dfc2a9a8,parkinson_updrs,25,43,0.21414855122566223,0.07199358940124512,22252.0,0.21547509729862213,251,1
StandardGSGP,b167518b-ad3e-11ef-b330-e4a8dfc2a9a8,parkinson_updrs,25,44,0.21414855122566223,0.0769205093383789,22286.0,0.21547509729862213,251,1
StandardGSGP,b167518b-ad3e-11ef-b330-e4a8dfc2a9a8,parkinson_updrs,25,45,0.21414855122566223,0.07607078552246094,22186.0,0.21547509729862213,251,1
StandardGSGP,b167518b-ad3e-11ef-b330-e4a8dfc2a9a8,parkinson_updrs,25,46,0.21414855122566223,0.07686495780944824,23326.0,0.21547509729862213,251,1
StandardGSGP,b167518b-ad3e-11ef-b330-e4a8dfc2a9a8,parkinson_updrs,25,47,0.21414855122566223,0.07350873947143555,24042.0,0.21547509729862213,251,1
StandardGSGP,b167518b-ad3e-11ef-b330-e4a8dfc2a9a8,parkinson_updrs,25,48,0.21414855122566223,0.06899738311767578,24286.0,0.21547509729862213,251,1
StandardGSGP,b167518b-ad3e-11ef-b330-e4a8dfc2a9a8,parkinson_updrs,25,49,0.21391192078590393,0.07250690460205078,25484.0,0.21499261260032654,257,1
StandardGSGP,b167518b-ad3e-11ef-b330-e4a8dfc2a9a8,parkinson_updrs,25,50,0.21391192078590393,0.07240939140319824,25992.0,0.21499261260032654,257,1
StandardGSGP,b167518b-ad3e-11ef-b330-e4a8dfc2a9a8,parkinson_updrs,25,51,0.21391192078590393,0.07206320762634277,26998.0,0.21499261260032654,257,1
StandardGSGP,b167518b-ad3e-11ef-b330-e4a8dfc2a9a8,parkinson_updrs,25,52,0.21391192078590393,0.06968426704406738,27664.0,0.21499261260032654,257,1
StandardGSGP,b167518b-ad3e-11ef-b330-e4a8dfc2a9a8,parkinson_updrs,25,53,0.21391192078590393,0.07250642776489258,27808.0,0.21499261260032654,257,1
StandardGSGP,b167518b-ad3e-11ef-b330-e4a8dfc2a9a8,parkinson_updrs,25,54,0.21391192078590393,0.0710444450378418,28724.0,0.21499261260032654,257,1
StandardGSGP,b167518b-ad3e-11ef-b330-e4a8dfc2a9a8,parkinson_updrs,25,55,0.21352487802505493,0.07292652130126953,28956.0,0.2151111215353012,265,1
StandardGSGP,b167518b-ad3e-11ef-b330-e4a8dfc2a9a8,parkinson_updrs,25,56,0.21352487802505493,0.0714559555053711,29228.0,0.2151111215353012,265,1
StandardGSGP,b167518b-ad3e-11ef-b330-e4a8dfc2a9a8,parkinson_updrs,25,57,0.21352487802505493,0.07232952117919922,29790.0,0.2151111215353012,265,1
StandardGSGP,b167518b-ad3e-11ef-b330-e4a8dfc2a9a8,parkinson_updrs,25,58,0.21352487802505493,0.07643413543701172,30022.0,0.2151111215353012,265,1
StandardGSGP,b167518b-ad3e-11ef-b330-e4a8dfc2a9a8,parkinson_updrs,25,59,0.21352487802505493,0.07350993156433105,30636.0,0.2151111215353012,265,1
StandardGSGP,b167518b-ad3e-11ef-b330-e4a8dfc2a9a8,parkinson_updrs,25,60,0.21352487802505493,0.07612156867980957,31422.0,0.2151111215353012,265,1
StandardGSGP,b167518b-ad3e-11ef-b330-e4a8dfc2a9a8,parkinson_updrs,25,61,0.21352487802505493,0.08206009864807129,32286.0,0.2151111215353012,265,1
StandardGSGP,b167518b-ad3e-11ef-b330-e4a8dfc2a9a8,parkinson_updrs,25,62,0.21352487802505493,0.07604837417602539,33080.0,0.2151111215353012,265,1
StandardGSGP,b167518b-ad3e-11ef-b330-e4a8dfc2a9a8,parkinson_updrs,25,63,0.21352487802505493,0.07284069061279297,33574.0,0.2151111215353012,265,1
StandardGSGP,b167518b-ad3e-11ef-b330-e4a8dfc2a9a8,parkinson_updrs,25,64,0.21352487802505493,0.07414054870605469,33922.0,0.2151111215353012,265,1
StandardGSGP,b167518b-ad3e-11ef-b330-e4a8dfc2a9a8,parkinson_updrs,25,65,0.21352487802505493,0.0726327896118164,34390.0,0.2151111215353012,265,1
StandardGSGP,b167518b-ad3e-11ef-b330-e4a8dfc2a9a8,parkinson_updrs,25,66,0.21352487802505493,0.08289384841918945,34624.0,0.2151111215353012,265,1
StandardGSGP,b167518b-ad3e-11ef-b330-e4a8dfc2a9a8,parkinson_updrs,25,67,0.21352487802505493,0.15469074249267578,35530.0,0.2151111215353012,265,1
StandardGSGP,b167518b-ad3e-11ef-b330-e4a8dfc2a9a8,parkinson_updrs,25,68,0.21352487802505493,0.07250642776489258,36056.0,0.2151111215353012,265,1
StandardGSGP,b167518b-ad3e-11ef-b330-e4a8dfc2a9a8,parkinson_updrs,25,69,0.21352487802505493,0.072509765625,35794.0,0.2151111215353012,265,1
StandardGSGP,b167518b-ad3e-11ef-b330-e4a8dfc2a9a8,parkinson_updrs,25,70,0.21352487802505493,0.07851004600524902,35582.0,0.2151111215353012,265,1
StandardGSGP,b167518b-ad3e-11ef-b330-e4a8dfc2a9a8,parkinson_updrs,25,71,0.21352487802505493,0.07585430145263672,35290.0,0.2151111215353012,265,1
StandardGSGP,b167518b-ad3e-11ef-b330-e4a8dfc2a9a8,parkinson_updrs,25,72,0.21352487802505493,0.07248997688293457,35710.0,0.2151111215353012,265,1
StandardGSGP,b167518b-ad3e-11ef-b330-e4a8dfc2a9a8,parkinson_updrs,25,73,0.21352487802505493,0.07665228843688965,35910.0,0.2151111215353012,265,1
StandardGSGP,b167518b-ad3e-11ef-b330-e4a8dfc2a9a8,parkinson_updrs,25,74,0.21344195306301117,0.07436108589172363,35706.0,0.2150009572505951,273,1
StandardGSGP,b167518b-ad3e-11ef-b330-e4a8dfc2a9a8,parkinson_updrs,25,75,0.21344195306301117,0.06988406181335449,34942.0,0.2150009572505951,273,1
StandardGSGP,b167518b-ad3e-11ef-b330-e4a8dfc2a9a8,parkinson_updrs,25,76,0.21344195306301117,0.07469463348388672,34952.0,0.2150009572505951,273,1
StandardGSGP,b167518b-ad3e-11ef-b330-e4a8dfc2a9a8,parkinson_updrs,25,77,0.21344195306301117,0.07270431518554688,36564.0,0.2150009572505951,273,1
StandardGSGP,b167518b-ad3e-11ef-b330-e4a8dfc2a9a8,parkinson_updrs,25,78,0.21344195306301117,0.07956767082214355,35460.0,0.2150009572505951,273,1
StandardGSGP,b167518b-ad3e-11ef-b330-e4a8dfc2a9a8,parkinson_updrs,25,79,0.21344195306301117,0.07451510429382324,35798.0,0.2150009572505951,273,1
StandardGSGP,b167518b-ad3e-11ef-b330-e4a8dfc2a9a8,parkinson_updrs,25,80,0.21344195306301117,0.07451367378234863,35402.0,0.2150009572505951,273,1
StandardGSGP,b167518b-ad3e-11ef-b330-e4a8dfc2a9a8,parkinson_updrs,25,81,0.21344195306301117,0.07550191879272461,35284.0,0.2150009572505951,273,1
StandardGSGP,b167518b-ad3e-11ef-b330-e4a8dfc2a9a8,parkinson_updrs,25,82,0.21344195306301117,0.06900310516357422,35540.0,0.2150009572505951,273,1
StandardGSGP,b167518b-ad3e-11ef-b330-e4a8dfc2a9a8,parkinson_updrs,25,83,0.21340379118919373,0.07412075996398926,37080.0,0.2147672325372696,281,1
StandardGSGP,b167518b-ad3e-11ef-b330-e4a8dfc2a9a8,parkinson_updrs,25,84,0.21340379118919373,0.07712960243225098,37640.0,0.2147672325372696,281,1
StandardGSGP,b167518b-ad3e-11ef-b330-e4a8dfc2a9a8,parkinson_updrs,25,85,0.21340379118919373,0.07681155204772949,38274.0,0.2147672325372696,281,1
StandardGSGP,b167518b-ad3e-11ef-b330-e4a8dfc2a9a8,parkinson_updrs,25,86,0.21340379118919373,0.07150650024414062,39152.0,0.2147672325372696,281,1
StandardGSGP,b167518b-ad3e-11ef-b330-e4a8dfc2a9a8,parkinson_updrs,25,87,0.21340379118919373,0.07300043106079102,41242.0,0.2147672325372696,281,1
StandardGSGP,b167518b-ad3e-11ef-b330-e4a8dfc2a9a8,parkinson_updrs,25,88,0.21340379118919373,0.07051420211791992,43170.0,0.2147672325372696,281,1
StandardGSGP,b167518b-ad3e-11ef-b330-e4a8dfc2a9a8,parkinson_updrs,25,89,0.21340379118919373,0.07022690773010254,44536.0,0.2147672325372696,281,1
StandardGSGP,b167518b-ad3e-11ef-b330-e4a8dfc2a9a8,parkinson_updrs,25,90,0.21340379118919373,0.0715019702911377,45154.0,0.2147672325372696,281,1
StandardGSGP,b167518b-ad3e-11ef-b330-e4a8dfc2a9a8,parkinson_updrs,25,91,0.21340379118919373,0.07853960990905762,46016.0,0.2147672325372696,281,1
StandardGSGP,b167518b-ad3e-11ef-b330-e4a8dfc2a9a8,parkinson_updrs,25,92,0.21337175369262695,0.07450723648071289,46662.0,0.21461452543735504,305,1
StandardGSGP,b167518b-ad3e-11ef-b330-e4a8dfc2a9a8,parkinson_updrs,25,93,0.21337175369262695,0.07150411605834961,46966.0,0.21461452543735504,305,1
StandardGSGP,b167518b-ad3e-11ef-b330-e4a8dfc2a9a8,parkinson_updrs,25,94,0.21337175369262695,0.07150959968566895,50000.0,0.21461452543735504,305,1
StandardGSGP,b167518b-ad3e-11ef-b330-e4a8dfc2a9a8,parkinson_updrs,25,95,0.21337175369262695,0.06900215148925781,48236.0,0.21461452543735504,305,1
StandardGSGP,b167518b-ad3e-11ef-b330-e4a8dfc2a9a8,parkinson_updrs,25,96,0.21337144076824188,0.07550573348999023,46644.0,0.2146129310131073,311,1
StandardGSGP,b167518b-ad3e-11ef-b330-e4a8dfc2a9a8,parkinson_updrs,25,97,0.21337144076824188,0.07367444038391113,45828.0,0.2146129310131073,311,1
StandardGSGP,b167518b-ad3e-11ef-b330-e4a8dfc2a9a8,parkinson_updrs,25,98,0.21337144076824188,0.07650613784790039,45418.0,0.2146129310131073,311,1
StandardGSGP,b167518b-ad3e-11ef-b330-e4a8dfc2a9a8,parkinson_updrs,25,99,0.21337144076824188,0.07551074028015137,43132.0,0.2146129310131073,311,1
StandardGSGP,b167518b-ad3e-11ef-b330-e4a8dfc2a9a8,parkinson_updrs,25,100,0.21337144076824188,0.07500386238098145,41658.0,0.2146129310131073,311,1
StandardGSGP,4c6c9d0f-ad3f-11ef-8fda-e4a8dfc2a9a8,parkinson_updrs,25,0,12.562901496887207,0.06840705871582031,1368.0,12.707685470581055,3,1
StandardGSGP,4c6c9d0f-ad3f-11ef-8fda-e4a8dfc2a9a8,parkinson_updrs,25,1,12.500319480895996,0.07527375221252441,1944.0,12.638931274414062,11,1
StandardGSGP,4c6c9d0f-ad3f-11ef-8fda-e4a8dfc2a9a8,parkinson_updrs,25,2,12.474950790405273,0.08544564247131348,2976.0,12.610283851623535,13,1
StandardGSGP,4c6c9d0f-ad3f-11ef-8fda-e4a8dfc2a9a8,parkinson_updrs,25,3,12.423016548156738,0.07897114753723145,3008.0,12.552741050720215,19,1
StandardGSGP,4c6c9d0f-ad3f-11ef-8fda-e4a8dfc2a9a8,parkinson_updrs,25,4,12.350310325622559,0.08504676818847656,2746.0,12.471921920776367,27,1
StandardGSGP,4c6c9d0f-ad3f-11ef-8fda-e4a8dfc2a9a8,parkinson_updrs,25,5,12.30715560913086,0.07930159568786621,3378.0,12.417471885681152,29,1
StandardGSGP,4c6c9d0f-ad3f-11ef-8fda-e4a8dfc2a9a8,parkinson_updrs,25,6,12.25855827331543,0.07736706733703613,4084.0,12.360234260559082,35,1
StandardGSGP,4c6c9d0f-ad3f-11ef-8fda-e4a8dfc2a9a8,parkinson_updrs,25,7,12.165328025817871,0.08026480674743652,4668.0,12.2407808303833,41,1
StandardGSGP,4c6c9d0f-ad3f-11ef-8fda-e4a8dfc2a9a8,parkinson_updrs,25,8,12.149279594421387,0.09799718856811523,5214.0,12.214954376220703,47,1
StandardGSGP,4c6c9d0f-ad3f-11ef-8fda-e4a8dfc2a9a8,parkinson_updrs,25,9,12.107346534729004,0.08300232887268066,5804.0,12.166783332824707,55,1
StandardGSGP,4c6c9d0f-ad3f-11ef-8fda-e4a8dfc2a9a8,parkinson_updrs,25,10,12.10632610321045,0.08181476593017578,6430.0,12.16463565826416,63,1
StandardGSGP,4c6c9d0f-ad3f-11ef-8fda-e4a8dfc2a9a8,parkinson_updrs,25,11,12.078490257263184,0.08464384078979492,7042.0,12.121750831604004,77,1
StandardGSGP,4c6c9d0f-ad3f-11ef-8fda-e4a8dfc2a9a8,parkinson_updrs,25,12,12.064525604248047,0.09137248992919922,8036.0,12.11451244354248,83,1
StandardGSGP,4c6c9d0f-ad3f-11ef-8fda-e4a8dfc2a9a8,parkinson_updrs,25,13,12.048758506774902,0.08052730560302734,8814.0,12.110536575317383,85,1
StandardGSGP,4c6c9d0f-ad3f-11ef-8fda-e4a8dfc2a9a8,parkinson_updrs,25,14,12.047164916992188,0.08119821548461914,9706.0,12.10797119140625,91,1
StandardGSGP,4c6c9d0f-ad3f-11ef-8fda-e4a8dfc2a9a8,parkinson_updrs,25,15,12.03219223022461,0.07751131057739258,10368.0,12.081578254699707,93,1
StandardGSGP,4c6c9d0f-ad3f-11ef-8fda-e4a8dfc2a9a8,parkinson_updrs,25,16,12.005709648132324,0.08100581169128418,11052.0,12.056950569152832,109,1
StandardGSGP,4c6c9d0f-ad3f-11ef-8fda-e4a8dfc2a9a8,parkinson_updrs,25,17,12.003746032714844,0.07977485656738281,11762.0,12.05248737335205,117,1
StandardGSGP,4c6c9d0f-ad3f-11ef-8fda-e4a8dfc2a9a8,parkinson_updrs,25,18,12.00367546081543,0.08002567291259766,12440.0,12.054662704467773,115,1
StandardGSGP,4c6c9d0f-ad3f-11ef-8fda-e4a8dfc2a9a8,parkinson_updrs,25,19,11.98843765258789,0.08040499687194824,13086.0,12.028701782226562,125,1
StandardGSGP,4c6c9d0f-ad3f-11ef-8fda-e4a8dfc2a9a8,parkinson_updrs,25,20,11.968770980834961,0.08175182342529297,13686.0,12.011014938354492,133,1
StandardGSGP,4c6c9d0f-ad3f-11ef-8fda-e4a8dfc2a9a8,parkinson_updrs,25,21,11.96505355834961,0.17293858528137207,14274.0,12.004633903503418,139,1
StandardGSGP,4c6c9d0f-ad3f-11ef-8fda-e4a8dfc2a9a8,parkinson_updrs,25,22,11.93547534942627,0.07828259468078613,14862.0,11.979083061218262,151,1
StandardGSGP,4c6c9d0f-ad3f-11ef-8fda-e4a8dfc2a9a8,parkinson_updrs,25,23,11.930315017700195,0.08919572830200195,15514.0,11.966803550720215,173,1
StandardGSGP,4c6c9d0f-ad3f-11ef-8fda-e4a8dfc2a9a8,parkinson_updrs,25,24,11.912481307983398,0.08328127861022949,16338.0,11.947343826293945,165,1
StandardGSGP,4c6c9d0f-ad3f-11ef-8fda-e4a8dfc2a9a8,parkinson_updrs,25,25,11.895342826843262,0.07782745361328125,17244.0,11.938201904296875,173,1
StandardGSGP,4c6c9d0f-ad3f-11ef-8fda-e4a8dfc2a9a8,parkinson_updrs,25,26,11.89022159576416,0.0855560302734375,18146.0,11.935324668884277,183,1
StandardGSGP,4c6c9d0f-ad3f-11ef-8fda-e4a8dfc2a9a8,parkinson_updrs,25,27,11.89022159576416,0.07850384712219238,18726.0,11.935324668884277,183,1
StandardGSGP,4c6c9d0f-ad3f-11ef-8fda-e4a8dfc2a9a8,parkinson_updrs,25,28,11.888671875,0.07816815376281738,19200.0,11.92840576171875,195,1
StandardGSGP,4c6c9d0f-ad3f-11ef-8fda-e4a8dfc2a9a8,parkinson_updrs,25,29,11.881292343139648,0.08236074447631836,19990.0,11.927255630493164,195,1
StandardGSGP,4c6c9d0f-ad3f-11ef-8fda-e4a8dfc2a9a8,parkinson_updrs,25,30,11.853554725646973,0.08063960075378418,20906.0,11.888162612915039,213,1
StandardGSGP,4c6c9d0f-ad3f-11ef-8fda-e4a8dfc2a9a8,parkinson_updrs,25,31,11.853554725646973,0.08028125762939453,21548.0,11.888162612915039,213,1
StandardGSGP,4c6c9d0f-ad3f-11ef-8fda-e4a8dfc2a9a8,parkinson_updrs,25,32,11.85241413116455,0.07773542404174805,22204.0,11.891429901123047,219,1
StandardGSGP,4c6c9d0f-ad3f-11ef-8fda-e4a8dfc2a9a8,parkinson_updrs,25,33,11.841745376586914,0.07713627815246582,22852.0,11.871176719665527,227,1
StandardGSGP,4c6c9d0f-ad3f-11ef-8fda-e4a8dfc2a9a8,parkinson_updrs,25,34,11.825172424316406,0.07802867889404297,23570.0,11.861068725585938,231,1
StandardGSGP,4c6c9d0f-ad3f-11ef-8fda-e4a8dfc2a9a8,parkinson_updrs,25,35,11.825172424316406,0.08199167251586914,24370.0,11.861068725585938,231,1
StandardGSGP,4c6c9d0f-ad3f-11ef-8fda-e4a8dfc2a9a8,parkinson_updrs,25,36,11.804615020751953,0.07950234413146973,25088.0,11.815320014953613,249,1
StandardGSGP,4c6c9d0f-ad3f-11ef-8fda-e4a8dfc2a9a8,parkinson_updrs,25,37,11.801634788513184,0.08202743530273438,25322.0,11.814650535583496,257,1
StandardGSGP,4c6c9d0f-ad3f-11ef-8fda-e4a8dfc2a9a8,parkinson_updrs,25,38,11.789958953857422,0.08756637573242188,25844.0,11.816582679748535,263,1
StandardGSGP,4c6c9d0f-ad3f-11ef-8fda-e4a8dfc2a9a8,parkinson_updrs,25,39,11.782366752624512,0.09383463859558105,26554.0,11.804566383361816,271,1
StandardGSGP,4c6c9d0f-ad3f-11ef-8fda-e4a8dfc2a9a8,parkinson_updrs,25,40,11.77723503112793,0.08522295951843262,27394.0,11.791669845581055,271,1
StandardGSGP,4c6c9d0f-ad3f-11ef-8fda-e4a8dfc2a9a8,parkinson_updrs,25,41,11.759623527526855,0.0839226245880127,28100.0,11.771527290344238,279,1
StandardGSGP,4c6c9d0f-ad3f-11ef-8fda-e4a8dfc2a9a8,parkinson_updrs,25,42,11.754816055297852,0.07516121864318848,28702.0,11.771750450134277,291,1
StandardGSGP,4c6c9d0f-ad3f-11ef-8fda-e4a8dfc2a9a8,parkinson_updrs,25,43,11.735872268676758,0.08110976219177246,29374.0,11.76505184173584,293,1
StandardGSGP,4c6c9d0f-ad3f-11ef-8fda-e4a8dfc2a9a8,parkinson_updrs,25,44,11.734099388122559,0.08250856399536133,30164.0,11.766021728515625,299,1
StandardGSGP,4c6c9d0f-ad3f-11ef-8fda-e4a8dfc2a9a8,parkinson_updrs,25,45,11.72946834564209,0.08579015731811523,30806.0,11.761316299438477,317,1
StandardGSGP,4c6c9d0f-ad3f-11ef-8fda-e4a8dfc2a9a8,parkinson_updrs,25,46,11.717222213745117,0.07747387886047363,31606.0,11.745516777038574,323,1
StandardGSGP,4c6c9d0f-ad3f-11ef-8fda-e4a8dfc2a9a8,parkinson_updrs,25,47,11.71435546875,0.07718324661254883,32426.0,11.741945266723633,329,1
StandardGSGP,4c6c9d0f-ad3f-11ef-8fda-e4a8dfc2a9a8,parkinson_updrs,25,48,11.693859100341797,0.0752253532409668,33286.0,11.717287063598633,337,1
StandardGSGP,4c6c9d0f-ad3f-11ef-8fda-e4a8dfc2a9a8,parkinson_updrs,25,49,11.675375938415527,0.07599592208862305,34130.0,11.692713737487793,341,1
StandardGSGP,4c6c9d0f-ad3f-11ef-8fda-e4a8dfc2a9a8,parkinson_updrs,25,50,11.670833587646484,0.07852816581726074,34932.0,11.69075870513916,349,1
StandardGSGP,4c6c9d0f-ad3f-11ef-8fda-e4a8dfc2a9a8,parkinson_updrs,25,51,11.661650657653809,0.07964110374450684,35498.0,11.681655883789062,365,1
StandardGSGP,4c6c9d0f-ad3f-11ef-8fda-e4a8dfc2a9a8,parkinson_updrs,25,52,11.64271354675293,0.08509373664855957,36212.0,11.65777587890625,379,1
StandardGSGP,4c6c9d0f-ad3f-11ef-8fda-e4a8dfc2a9a8,parkinson_updrs,25,53,11.64271354675293,0.08101511001586914,37260.0,11.65777587890625,379,1
StandardGSGP,4c6c9d0f-ad3f-11ef-8fda-e4a8dfc2a9a8,parkinson_updrs,25,54,11.639204978942871,0.08120226860046387,38090.0,11.65764331817627,383,1
StandardGSGP,4c6c9d0f-ad3f-11ef-8fda-e4a8dfc2a9a8,parkinson_updrs,25,55,11.628835678100586,0.08025169372558594,38854.0,11.637333869934082,391,1
StandardGSGP,4c6c9d0f-ad3f-11ef-8fda-e4a8dfc2a9a8,parkinson_updrs,25,56,11.628835678100586,0.08577680587768555,39786.0,11.637333869934082,391,1
StandardGSGP,4c6c9d0f-ad3f-11ef-8fda-e4a8dfc2a9a8,parkinson_updrs,25,57,11.622956275939941,0.08418560028076172,40600.0,11.632060050964355,409,1
StandardGSGP,4c6c9d0f-ad3f-11ef-8fda-e4a8dfc2a9a8,parkinson_updrs,25,58,11.60993766784668,0.07850432395935059,41444.0,11.631330490112305,421,1
StandardGSGP,4c6c9d0f-ad3f-11ef-8fda-e4a8dfc2a9a8,parkinson_updrs,25,59,11.598429679870605,0.08050107955932617,42208.0,11.608172416687012,409,1
StandardGSGP,4c6c9d0f-ad3f-11ef-8fda-e4a8dfc2a9a8,parkinson_updrs,25,60,11.575580596923828,0.07715821266174316,42778.0,11.597916603088379,417,1
StandardGSGP,4c6c9d0f-ad3f-11ef-8fda-e4a8dfc2a9a8,parkinson_updrs,25,61,11.574860572814941,0.08652520179748535,43142.0,11.597607612609863,425,1
StandardGSGP,4c6c9d0f-ad3f-11ef-8fda-e4a8dfc2a9a8,parkinson_updrs,25,62,11.55831527709961,0.07723283767700195,43442.0,11.578845977783203,433,1
StandardGSGP,4c6c9d0f-ad3f-11ef-8fda-e4a8dfc2a9a8,parkinson_updrs,25,63,11.55236530303955,0.0835275650024414,43872.0,11.57393741607666,431,1
StandardGSGP,4c6c9d0f-ad3f-11ef-8fda-e4a8dfc2a9a8,parkinson_updrs,25,64,11.548188209533691,0.08549666404724121,44614.0,11.572042465209961,447,1
StandardGSGP,4c6c9d0f-ad3f-11ef-8fda-e4a8dfc2a9a8,parkinson_updrs,25,65,11.5120210647583,0.07634449005126953,45318.0,11.5387544631958,453,1
StandardGSGP,4c6c9d0f-ad3f-11ef-8fda-e4a8dfc2a9a8,parkinson_updrs,25,66,11.505324363708496,0.08542990684509277,46088.0,11.53129768371582,457,1
StandardGSGP,4c6c9d0f-ad3f-11ef-8fda-e4a8dfc2a9a8,parkinson_updrs,25,67,11.499500274658203,0.08094143867492676,46858.0,11.512913703918457,469,1
StandardGSGP,4c6c9d0f-ad3f-11ef-8fda-e4a8dfc2a9a8,parkinson_updrs,25,68,11.485469818115234,0.08068466186523438,47362.0,11.498183250427246,473,1
StandardGSGP,4c6c9d0f-ad3f-11ef-8fda-e4a8dfc2a9a8,parkinson_updrs,25,69,11.482836723327637,0.07750940322875977,48082.0,11.498041152954102,481,1
StandardGSGP,4c6c9d0f-ad3f-11ef-8fda-e4a8dfc2a9a8,parkinson_updrs,25,70,11.4498929977417,0.08075213432312012,48848.0,11.45952320098877,481,1
StandardGSGP,4c6c9d0f-ad3f-11ef-8fda-e4a8dfc2a9a8,parkinson_updrs,25,71,11.4498929977417,0.07649660110473633,49328.0,11.45952320098877,481,1
StandardGSGP,4c6c9d0f-ad3f-11ef-8fda-e4a8dfc2a9a8,parkinson_updrs,25,72,11.444991111755371,0.07699203491210938,49666.0,11.4528226852417,497,1
StandardGSGP,4c6c9d0f-ad3f-11ef-8fda-e4a8dfc2a9a8,parkinson_updrs,25,73,11.43502140045166,0.08200430870056152,50412.0,11.45291519165039,511,1
StandardGSGP,4c6c9d0f-ad3f-11ef-8fda-e4a8dfc2a9a8,parkinson_updrs,25,74,11.426807403564453,0.08129477500915527,51134.0,11.440726280212402,517,1
StandardGSGP,4c6c9d0f-ad3f-11ef-8fda-e4a8dfc2a9a8,parkinson_updrs,25,75,11.413020133972168,0.07702469825744629,51842.0,11.431982040405273,523,1
StandardGSGP,4c6c9d0f-ad3f-11ef-8fda-e4a8dfc2a9a8,parkinson_updrs,25,76,11.401021003723145,0.15476560592651367,52846.0,11.41518783569336,523,1
StandardGSGP,4c6c9d0f-ad3f-11ef-8fda-e4a8dfc2a9a8,parkinson_updrs,25,77,11.390836715698242,0.08521151542663574,53658.0,11.414560317993164,529,1
StandardGSGP,4c6c9d0f-ad3f-11ef-8fda-e4a8dfc2a9a8,parkinson_updrs,25,78,11.390836715698242,0.08038115501403809,54194.0,11.414560317993164,529,1
StandardGSGP,4c6c9d0f-ad3f-11ef-8fda-e4a8dfc2a9a8,parkinson_updrs,25,79,11.365511894226074,0.07824134826660156,54502.0,11.393049240112305,549,1
StandardGSGP,4c6c9d0f-ad3f-11ef-8fda-e4a8dfc2a9a8,parkinson_updrs,25,80,11.365511894226074,0.07536792755126953,55102.0,11.393049240112305,549,1
StandardGSGP,4c6c9d0f-ad3f-11ef-8fda-e4a8dfc2a9a8,parkinson_updrs,25,81,11.361655235290527,0.07950758934020996,55726.0,11.373482704162598,563,1
StandardGSGP,4c6c9d0f-ad3f-11ef-8fda-e4a8dfc2a9a8,parkinson_updrs,25,82,11.354561805725098,0.07751154899597168,56458.0,11.382709503173828,561,1
StandardGSGP,4c6c9d0f-ad3f-11ef-8fda-e4a8dfc2a9a8,parkinson_updrs,25,83,11.352520942687988,0.07700252532958984,57178.0,11.371855735778809,567,1
StandardGSGP,4c6c9d0f-ad3f-11ef-8fda-e4a8dfc2a9a8,parkinson_updrs,25,84,11.347091674804688,0.07694149017333984,57886.0,11.36832046508789,577,1
StandardGSGP,4c6c9d0f-ad3f-11ef-8fda-e4a8dfc2a9a8,parkinson_updrs,25,85,11.339784622192383,0.07853341102600098,58474.0,11.346195220947266,589,1
StandardGSGP,4c6c9d0f-ad3f-11ef-8fda-e4a8dfc2a9a8,parkinson_updrs,25,86,11.337522506713867,0.07450985908508301,59122.0,11.342944145202637,597,1
StandardGSGP,4c6c9d0f-ad3f-11ef-8fda-e4a8dfc2a9a8,parkinson_updrs,25,87,11.331464767456055,0.08103251457214355,59834.0,11.337247848510742,601,1
StandardGSGP,4c6c9d0f-ad3f-11ef-8fda-e4a8dfc2a9a8,parkinson_updrs,25,88,11.316427230834961,0.07950592041015625,60890.0,11.323540687561035,609,1
StandardGSGP,4c6c9d0f-ad3f-11ef-8fda-e4a8dfc2a9a8,parkinson_updrs,25,89,11.308882713317871,0.07699871063232422,61652.0,11.316727638244629,617,1
StandardGSGP,4c6c9d0f-ad3f-11ef-8fda-e4a8dfc2a9a8,parkinson_updrs,25,90,11.299530982971191,0.07573342323303223,62356.0,11.308547973632812,629,1
StandardGSGP,4c6c9d0f-ad3f-11ef-8fda-e4a8dfc2a9a8,parkinson_updrs,25,91,11.298874855041504,0.07637619972229004,63068.0,11.306192398071289,643,1
StandardGSGP,4c6c9d0f-ad3f-11ef-8fda-e4a8dfc2a9a8,parkinson_updrs,25,92,11.274457931518555,0.07703351974487305,64038.0,11.269381523132324,643,1
StandardGSGP,4c6c9d0f-ad3f-11ef-8fda-e4a8dfc2a9a8,parkinson_updrs,25,93,11.268240928649902,0.07812738418579102,64808.0,11.273056030273438,649,1
StandardGSGP,4c6c9d0f-ad3f-11ef-8fda-e4a8dfc2a9a8,parkinson_updrs,25,94,11.267867088317871,0.07626628875732422,65610.0,11.271134376525879,655,1
StandardGSGP,4c6c9d0f-ad3f-11ef-8fda-e4a8dfc2a9a8,parkinson_updrs,25,95,11.264013290405273,0.07550477981567383,66154.0,11.261993408203125,657,1
StandardGSGP,4c6c9d0f-ad3f-11ef-8fda-e4a8dfc2a9a8,parkinson_updrs,25,96,11.250153541564941,0.07750964164733887,66920.0,11.257885932922363,679,1
StandardGSGP,4c6c9d0f-ad3f-11ef-8fda-e4a8dfc2a9a8,parkinson_updrs,25,97,11.233911514282227,0.08585882186889648,67550.0,11.237722396850586,685,1
StandardGSGP,4c6c9d0f-ad3f-11ef-8fda-e4a8dfc2a9a8,parkinson_updrs,25,98,11.214659690856934,0.08267807960510254,68342.0,11.209190368652344,693,1
StandardGSGP,4c6c9d0f-ad3f-11ef-8fda-e4a8dfc2a9a8,parkinson_updrs,25,99,11.213851928710938,0.07951617240905762,69328.0,11.211009979248047,701,1
StandardGSGP,4c6c9d0f-ad3f-11ef-8fda-e4a8dfc2a9a8,parkinson_updrs,25,100,11.208324432373047,0.08034896850585938,70262.0,11.196913719177246,711,1
