StandardGSGP,4f741142-ad3e-11ef-bc4e-e4a8dfc2a9a8,parkinson_updrs,5,0,0.22665677964687347,0.11050963401794434,2140.0,0.22685056924819946,3,1
StandardGSGP,4f741142-ad3e-11ef-bc4e-e4a8dfc2a9a8,parkinson_updrs,5,1,0.22665677964687347,0.07350683212280273,1582.0,0.22685056924819946,3,1
StandardGSGP,4f741142-ad3e-11ef-bc4e-e4a8dfc2a9a8,parkinson_updrs,5,2,0.22665677964687347,0.08039164543151855,2070.0,0.22685056924819946,3,1
StandardGSGP,4f741142-ad3e-11ef-bc4e-e4a8dfc2a9a8,parkinson_updrs,5,3,0.22665677964687347,0.07249832153320312,2732.0,0.22685056924819946,3,1
StandardGSGP,4f741142-ad3e-11ef-bc4e-e4a8dfc2a9a8,parkinson_updrs,5,4,0.22179146111011505,0.07305622100830078,3272.0,0.223420187830925,29,1
StandardGSGP,4f741142-ad3e-11ef-bc4e-e4a8dfc2a9a8,parkinson_updrs,5,5,0.22179146111011505,0.07418966293334961,3784.0,0.223420187830925,29,1
StandardGSGP,4f741142-ad3e-11ef-bc4e-e4a8dfc2a9a8,parkinson_updrs,5,6,0.22179146111011505,0.07785749435424805,4370.0,0.223420187830925,29,1
StandardGSGP,4f741142-ad3e-11ef-bc4e-e4a8dfc2a9a8,parkinson_updrs,5,7,0.2213796228170395,0.0709986686706543,4978.0,0.22251246869564056,59,1
StandardGSGP,4f741142-ad3e-11ef-bc4e-e4a8dfc2a9a8,parkinson_updrs,5,8,0.21956036984920502,0.09432291984558105,5644.0,0.22074608504772186,65,1
StandardGSGP,4f741142-ad3e-11ef-bc4e-e4a8dfc2a9a8,parkinson_updrs,5,9,0.21956036984920502,0.08180522918701172,6504.0,0.22074608504772186,65,1
StandardGSGP,4f741142-ad3e-11ef-bc4e-e4a8dfc2a9a8,parkinson_updrs,5,10,0.21795383095741272,0.08141303062438965,6690.0,0.21976907551288605,51,1
StandardGSGP,4f741142-ad3e-11ef-bc4e-e4a8dfc2a9a8,parkinson_updrs,5,11,0.21795383095741272,0.0738222599029541,7412.0,0.21976907551288605,51,1
StandardGSGP,4f741142-ad3e-11ef-bc4e-e4a8dfc2a9a8,parkinson_updrs,5,12,0.21795383095741272,0.09333062171936035,8172.0,0.21976907551288605,51,1
StandardGSGP,4f741142-ad3e-11ef-bc4e-e4a8dfc2a9a8,parkinson_updrs,5,13,0.21274931728839874,0.07213830947875977,8638.0,0.21473582088947296,69,1
StandardGSGP,4f741142-ad3e-11ef-bc4e-e4a8dfc2a9a8,parkinson_updrs,5,14,0.21274931728839874,0.0716855525970459,9086.0,0.21473582088947296,69,1
StandardGSGP,4f741142-ad3e-11ef-bc4e-e4a8dfc2a9a8,parkinson_updrs,5,15,0.21274931728839874,0.0769510269165039,9758.0,0.21473582088947296,69,1
StandardGSGP,4f741142-ad3e-11ef-bc4e-e4a8dfc2a9a8,parkinson_updrs,5,16,0.21274931728839874,0.08140802383422852,10380.0,0.21473582088947296,69,1
StandardGSGP,4f741142-ad3e-11ef-bc4e-e4a8dfc2a9a8,parkinson_updrs,5,17,0.21274931728839874,0.07451057434082031,10904.0,0.21473582088947296,69,1
StandardGSGP,4f741142-ad3e-11ef-bc4e-e4a8dfc2a9a8,parkinson_updrs,5,18,0.2119496911764145,0.07100248336791992,11494.0,0.21359235048294067,75,1
StandardGSGP,4f741142-ad3e-11ef-bc4e-e4a8dfc2a9a8,parkinson_updrs,5,19,0.2119496911764145,0.07050514221191406,11878.0,0.21359235048294067,75,1
StandardGSGP,4f741142-ad3e-11ef-bc4e-e4a8dfc2a9a8,parkinson_updrs,5,20,0.2119496911764145,0.07453751564025879,12430.0,0.21359235048294067,75,1
StandardGSGP,4f741142-ad3e-11ef-bc4e-e4a8dfc2a9a8,parkinson_updrs,5,21,0.2119496911764145,0.0729672908782959,13058.0,0.21359235048294067,75,1
StandardGSGP,4f741142-ad3e-11ef-bc4e-e4a8dfc2a9a8,parkinson_updrs,5,22,0.2119496911764145,0.07155847549438477,13864.0,0.21359235048294067,75,1
StandardGSGP,4f741142-ad3e-11ef-bc4e-e4a8dfc2a9a8,parkinson_updrs,5,23,0.2119496911764145,0.07249999046325684,14290.0,0.21359235048294067,75,1
StandardGSGP,4f741142-ad3e-11ef-bc4e-e4a8dfc2a9a8,parkinson_updrs,5,24,0.2119496911764145,0.0712430477142334,14772.0,0.21359235048294067,75,1
StandardGSGP,4f741142-ad3e-11ef-bc4e-e4a8dfc2a9a8,parkinson_updrs,5,25,0.2108428180217743,0.07191133499145508,15220.0,0.21377286314964294,81,1
StandardGSGP,4f741142-ad3e-11ef-bc4e-e4a8dfc2a9a8,parkinson_updrs,5,26,0.2108428180217743,0.07050418853759766,15604.0,0.21377286314964294,81,1
StandardGSGP,4f741142-ad3e-11ef-bc4e-e4a8dfc2a9a8,parkinson_updrs,5,27,0.21005670726299286,0.0709986686706543,15966.0,0.21309581398963928,89,1
StandardGSGP,4f741142-ad3e-11ef-bc4e-e4a8dfc2a9a8,parkinson_updrs,5,28,0.20999577641487122,0.07155609130859375,15438.0,0.21305401623249054,95,1
StandardGSGP,4f741142-ad3e-11ef-bc4e-e4a8dfc2a9a8,parkinson_updrs,5,29,0.20972011983394623,0.07150745391845703,14900.0,0.21117308735847473,97,1
StandardGSGP,4f741142-ad3e-11ef-bc4e-e4a8dfc2a9a8,parkinson_updrs,5,30,0.2096923440694809,0.0695192813873291,14478.0,0.21248874068260193,101,1
StandardGSGP,4f741142-ad3e-11ef-bc4e-e4a8dfc2a9a8,parkinson_updrs,5,31,0.2096923440694809,0.07299518585205078,15104.0,0.21248874068260193,101,1
StandardGSGP,4f741142-ad3e-11ef-bc4e-e4a8dfc2a9a8,parkinson_updrs,5,32,0.20914217829704285,0.07750964164733887,14690.0,0.2113073766231537,131,1
StandardGSGP,4f741142-ad3e-11ef-bc4e-e4a8dfc2a9a8,parkinson_updrs,5,33,0.20914217829704285,0.07083010673522949,15116.0,0.2113073766231537,131,1
StandardGSGP,4f741142-ad3e-11ef-bc4e-e4a8dfc2a9a8,parkinson_updrs,5,34,0.20914217829704285,0.07171416282653809,15288.0,0.2113073766231537,131,1
StandardGSGP,4f741142-ad3e-11ef-bc4e-e4a8dfc2a9a8,parkinson_updrs,5,35,0.20914217829704285,0.07086396217346191,15404.0,0.2113073766231537,131,1
StandardGSGP,4f741142-ad3e-11ef-bc4e-e4a8dfc2a9a8,parkinson_updrs,5,36,0.20914217829704285,0.07550406455993652,16058.0,0.2113073766231537,131,1
StandardGSGP,4f741142-ad3e-11ef-bc4e-e4a8dfc2a9a8,parkinson_updrs,5,37,0.20914217829704285,0.072509765625,16420.0,0.2113073766231537,131,1
StandardGSGP,4f741142-ad3e-11ef-bc4e-e4a8dfc2a9a8,parkinson_updrs,5,38,0.20914217829704285,0.07150912284851074,17098.0,0.2113073766231537,131,1
StandardGSGP,4f741142-ad3e-11ef-bc4e-e4a8dfc2a9a8,parkinson_updrs,5,39,0.20914217829704285,0.0707392692565918,17422.0,0.2113073766231537,131,1
StandardGSGP,4f741142-ad3e-11ef-bc4e-e4a8dfc2a9a8,parkinson_updrs,5,40,0.2089129388332367,0.07060933113098145,18026.0,0.21125835180282593,139,1
StandardGSGP,4f741142-ad3e-11ef-bc4e-e4a8dfc2a9a8,parkinson_updrs,5,41,0.20877261459827423,0.07151556015014648,18742.0,0.21119293570518494,145,1
StandardGSGP,4f741142-ad3e-11ef-bc4e-e4a8dfc2a9a8,parkinson_updrs,5,42,0.20869922637939453,0.07551240921020508,19380.0,0.2108888477087021,151,1
StandardGSGP,4f741142-ad3e-11ef-bc4e-e4a8dfc2a9a8,parkinson_updrs,5,43,0.2083706557750702,0.07641959190368652,19748.0,0.21088670194149017,157,1
StandardGSGP,4f741142-ad3e-11ef-bc4e-e4a8dfc2a9a8,parkinson_updrs,5,44,0.2083706557750702,0.07578444480895996,19898.0,0.21088670194149017,157,1
StandardGSGP,4f741142-ad3e-11ef-bc4e-e4a8dfc2a9a8,parkinson_updrs,5,45,0.20827463269233704,0.07233405113220215,19830.0,0.21091917157173157,165,1
StandardGSGP,4f741142-ad3e-11ef-bc4e-e4a8dfc2a9a8,parkinson_updrs,5,46,0.20827463269233704,0.06850624084472656,20042.0,0.21091917157173157,165,1
StandardGSGP,4f741142-ad3e-11ef-bc4e-e4a8dfc2a9a8,parkinson_updrs,5,47,0.20827463269233704,0.07750868797302246,20166.0,0.21091917157173157,165,1
StandardGSGP,4f741142-ad3e-11ef-bc4e-e4a8dfc2a9a8,parkinson_updrs,5,48,0.20827463269233704,0.08700227737426758,21142.0,0.21091917157173157,165,1
StandardGSGP,4f741142-ad3e-11ef-bc4e-e4a8dfc2a9a8,parkinson_updrs,5,49,0.20827463269233704,0.07291889190673828,21700.0,0.21091917157173157,165,1
StandardGSGP,4f741142-ad3e-11ef-bc4e-e4a8dfc2a9a8,parkinson_updrs,5,50,0.20827463269233704,0.07513666152954102,21902.0,0.21091917157173157,165,1
StandardGSGP,4f741142-ad3e-11ef-bc4e-e4a8dfc2a9a8,parkinson_updrs,5,51,0.20827463269233704,0.07080221176147461,21690.0,0.21091917157173157,165,1
StandardGSGP,4f741142-ad3e-11ef-bc4e-e4a8dfc2a9a8,parkinson_updrs,5,52,0.20827463269233704,0.0709991455078125,21984.0,0.21091917157173157,165,1
StandardGSGP,4f741142-ad3e-11ef-bc4e-e4a8dfc2a9a8,parkinson_updrs,5,53,0.20827463269233704,0.06949639320373535,22120.0,0.21091917157173157,165,1
StandardGSGP,4f741142-ad3e-11ef-bc4e-e4a8dfc2a9a8,parkinson_updrs,5,54,0.20821717381477356,0.14702248573303223,22648.0,0.21100299060344696,177,1
StandardGSGP,4f741142-ad3e-11ef-bc4e-e4a8dfc2a9a8,parkinson_updrs,5,55,0.20821717381477356,0.07694411277770996,23234.0,0.21100299060344696,177,1
StandardGSGP,4f741142-ad3e-11ef-bc4e-e4a8dfc2a9a8,parkinson_updrs,5,56,0.20821717381477356,0.07380843162536621,23880.0,0.21100299060344696,177,1
StandardGSGP,4f741142-ad3e-11ef-bc4e-e4a8dfc2a9a8,parkinson_updrs,5,57,0.20821717381477356,0.07417035102844238,24092.0,0.21100299060344696,177,1
StandardGSGP,4f741142-ad3e-11ef-bc4e-e4a8dfc2a9a8,parkinson_updrs,5,58,0.20821717381477356,0.0763695240020752,24576.0,0.21100299060344696,177,1
StandardGSGP,4f741142-ad3e-11ef-bc4e-e4a8dfc2a9a8,parkinson_updrs,5,59,0.20821717381477356,0.07339358329772949,25020.0,0.21100299060344696,177,1
StandardGSGP,4f741142-ad3e-11ef-bc4e-e4a8dfc2a9a8,parkinson_updrs,5,60,0.20821717381477356,0.07663989067077637,25304.0,0.21100299060344696,177,1
StandardGSGP,4f741142-ad3e-11ef-bc4e-e4a8dfc2a9a8,parkinson_updrs,5,61,0.20821717381477356,0.06950712203979492,26010.0,0.21100299060344696,177,1
StandardGSGP,4f741142-ad3e-11ef-bc4e-e4a8dfc2a9a8,parkinson_updrs,5,62,0.20821717381477356,0.07450318336486816,26294.0,0.21100299060344696,177,1
StandardGSGP,4f741142-ad3e-11ef-bc4e-e4a8dfc2a9a8,parkinson_updrs,5,63,0.20821717381477356,0.08063936233520508,26560.0,0.21100299060344696,177,1
StandardGSGP,4f741142-ad3e-11ef-bc4e-e4a8dfc2a9a8,parkinson_updrs,5,64,0.20821717381477356,0.0740053653717041,26528.0,0.21100299060344696,177,1
StandardGSGP,4f741142-ad3e-11ef-bc4e-e4a8dfc2a9a8,parkinson_updrs,5,65,0.20821717381477356,0.07399582862854004,26808.0,0.21100299060344696,177,1
StandardGSGP,4f741142-ad3e-11ef-bc4e-e4a8dfc2a9a8,parkinson_updrs,5,66,0.20821717381477356,0.08309650421142578,25982.0,0.21100299060344696,177,1
StandardGSGP,4f741142-ad3e-11ef-bc4e-e4a8dfc2a9a8,parkinson_updrs,5,67,0.20821717381477356,0.08275699615478516,27272.0,0.21100299060344696,177,1
StandardGSGP,4f741142-ad3e-11ef-bc4e-e4a8dfc2a9a8,parkinson_updrs,5,68,0.20821717381477356,0.08059287071228027,27280.0,0.21100299060344696,177,1
StandardGSGP,4f741142-ad3e-11ef-bc4e-e4a8dfc2a9a8,parkinson_updrs,5,69,0.20821717381477356,0.07085013389587402,28044.0,0.21100299060344696,177,1
StandardGSGP,4f741142-ad3e-11ef-bc4e-e4a8dfc2a9a8,parkinson_updrs,5,70,0.20821717381477356,0.0705561637878418,28032.0,0.21100299060344696,177,1
StandardGSGP,4f741142-ad3e-11ef-bc4e-e4a8dfc2a9a8,parkinson_updrs,5,71,0.20821717381477356,0.0764918327331543,28322.0,0.21100299060344696,177,1
StandardGSGP,4f741142-ad3e-11ef-bc4e-e4a8dfc2a9a8,parkinson_updrs,5,72,0.20821717381477356,0.07781696319580078,28380.0,0.21100299060344696,177,1
StandardGSGP,4f741142-ad3e-11ef-bc4e-e4a8dfc2a9a8,parkinson_updrs,5,73,0.20821717381477356,0.08002519607543945,28332.0,0.21100299060344696,177,1
StandardGSGP,4f741142-ad3e-11ef-bc4e-e4a8dfc2a9a8,parkinson_updrs,5,74,0.20821717381477356,0.07915973663330078,28164.0,0.21100299060344696,177,1
StandardGSGP,4f741142-ad3e-11ef-bc4e-e4a8dfc2a9a8,parkinson_updrs,5,75,0.20821717381477356,0.07274961471557617,28824.0,0.21100299060344696,177,1
StandardGSGP,4f741142-ad3e-11ef-bc4e-e4a8dfc2a9a8,parkinson_updrs,5,76,0.20821717381477356,0.06938290596008301,29564.0,0.21100299060344696,177,1
StandardGSGP,4f741142-ad3e-11ef-bc4e-e4a8dfc2a9a8,parkinson_updrs,5,77,0.20821717381477356,0.07550597190856934,29464.0,0.21100299060344696,177,1
StandardGSGP,4f741142-ad3e-11ef-bc4e-e4a8dfc2a9a8,parkinson_updrs,5,78,0.20821717381477356,0.07750153541564941,29530.0,0.21100299060344696,177,1
StandardGSGP,4f741142-ad3e-11ef-bc4e-e4a8dfc2a9a8,parkinson_updrs,5,79,0.20821717381477356,0.07000088691711426,30098.0,0.21100299060344696,177,1
StandardGSGP,4f741142-ad3e-11ef-bc4e-e4a8dfc2a9a8,parkinson_updrs,5,80,0.20821717381477356,0.07350730895996094,29994.0,0.21100299060344696,177,1
StandardGSGP,4f741142-ad3e-11ef-bc4e-e4a8dfc2a9a8,parkinson_updrs,5,81,0.20821717381477356,0.07450556755065918,29514.0,0.21100299060344696,177,1
StandardGSGP,4f741142-ad3e-11ef-bc4e-e4a8dfc2a9a8,parkinson_updrs,5,82,0.20818188786506653,0.07550978660583496,29390.0,0.21103183925151825,189,1
StandardGSGP,4f741142-ad3e-11ef-bc4e-e4a8dfc2a9a8,parkinson_updrs,5,83,0.20802253484725952,0.06799960136413574,28786.0,0.21082961559295654,197,1
StandardGSGP,4f741142-ad3e-11ef-bc4e-e4a8dfc2a9a8,parkinson_updrs,5,84,0.20802253484725952,0.07099270820617676,27782.0,0.21082961559295654,197,1
StandardGSGP,4f741142-ad3e-11ef-bc4e-e4a8dfc2a9a8,parkinson_updrs,5,85,0.20801503956317902,0.0735330581665039,27242.0,0.21082201600074768,203,1
StandardGSGP,4f741142-ad3e-11ef-bc4e-e4a8dfc2a9a8,parkinson_updrs,5,86,0.20785421133041382,0.07235574722290039,27620.0,0.2107125073671341,213,1
StandardGSGP,4f741142-ad3e-11ef-bc4e-e4a8dfc2a9a8,parkinson_updrs,5,87,0.20785421133041382,0.07450366020202637,27838.0,0.2107125073671341,213,1
StandardGSGP,4f741142-ad3e-11ef-bc4e-e4a8dfc2a9a8,parkinson_updrs,5,88,0.20785421133041382,0.07499146461486816,28382.0,0.2107125073671341,213,1
StandardGSGP,4f741142-ad3e-11ef-bc4e-e4a8dfc2a9a8,parkinson_updrs,5,89,0.20785421133041382,0.07046341896057129,28542.0,0.2107125073671341,213,1
StandardGSGP,4f741142-ad3e-11ef-bc4e-e4a8dfc2a9a8,parkinson_updrs,5,90,0.20785421133041382,0.07533669471740723,29176.0,0.2107125073671341,213,1
StandardGSGP,4f741142-ad3e-11ef-bc4e-e4a8dfc2a9a8,parkinson_updrs,5,91,0.20785421133041382,0.07550644874572754,29276.0,0.2107125073671341,213,1
StandardGSGP,4f741142-ad3e-11ef-bc4e-e4a8dfc2a9a8,parkinson_updrs,5,92,0.20785421133041382,0.07456350326538086,30520.0,0.2107125073671341,213,1
StandardGSGP,4f741142-ad3e-11ef-bc4e-e4a8dfc2a9a8,parkinson_updrs,5,93,0.20785421133041382,0.07582473754882812,31118.0,0.2107125073671341,213,1
StandardGSGP,4f741142-ad3e-11ef-bc4e-e4a8dfc2a9a8,parkinson_updrs,5,94,0.20785421133041382,0.06985187530517578,30702.0,0.2107125073671341,213,1
StandardGSGP,4f741142-ad3e-11ef-bc4e-e4a8dfc2a9a8,parkinson_updrs,5,95,0.20785421133041382,0.07252144813537598,30860.0,0.2107125073671341,213,1
StandardGSGP,4f741142-ad3e-11ef-bc4e-e4a8dfc2a9a8,parkinson_updrs,5,96,0.20785421133041382,0.07400131225585938,32172.0,0.2107125073671341,213,1
StandardGSGP,4f741142-ad3e-11ef-bc4e-e4a8dfc2a9a8,parkinson_updrs,5,97,0.20785421133041382,0.0765073299407959,32758.0,0.2107125073671341,213,1
StandardGSGP,4f741142-ad3e-11ef-bc4e-e4a8dfc2a9a8,parkinson_updrs,5,98,0.20785421133041382,0.08213210105895996,32518.0,0.2107125073671341,213,1
StandardGSGP,4f741142-ad3e-11ef-bc4e-e4a8dfc2a9a8,parkinson_updrs,5,99,0.20785421133041382,0.08610248565673828,31976.0,0.2107125073671341,213,1
StandardGSGP,4f741142-ad3e-11ef-bc4e-e4a8dfc2a9a8,parkinson_updrs,5,100,0.20785421133041382,0.07774233818054199,31724.0,0.2107125073671341,213,1
StandardGSGP,e3c8cc95-ad3e-11ef-9681-e4a8dfc2a9a8,parkinson_updrs,5,0,12.945084571838379,0.06599807739257812,1356.0,12.819228172302246,3,1
StandardGSGP,e3c8cc95-ad3e-11ef-9681-e4a8dfc2a9a8,parkinson_updrs,5,1,12.945084571838379,0.0780792236328125,1542.0,12.819228172302246,3,1
StandardGSGP,e3c8cc95-ad3e-11ef-9681-e4a8dfc2a9a8,parkinson_updrs,5,2,12.805487632751465,0.07886314392089844,2414.0,12.67417049407959,19,1
StandardGSGP,e3c8cc95-ad3e-11ef-9681-e4a8dfc2a9a8,parkinson_updrs,5,3,12.68704605102539,0.10626506805419922,2848.0,12.517339706420898,33,1
StandardGSGP,e3c8cc95-ad3e-11ef-9681-e4a8dfc2a9a8,parkinson_updrs,5,4,12.59143352508545,0.0815267562866211,3334.0,12.447006225585938,31,1
StandardGSGP,e3c8cc95-ad3e-11ef-9681-e4a8dfc2a9a8,parkinson_updrs,5,5,12.484798431396484,0.08328962326049805,4238.0,12.330972671508789,37,1
StandardGSGP,e3c8cc95-ad3e-11ef-9681-e4a8dfc2a9a8,parkinson_updrs,5,6,12.399359703063965,0.07860517501831055,4806.0,12.240300178527832,39,1
StandardGSGP,e3c8cc95-ad3e-11ef-9681-e4a8dfc2a9a8,parkinson_updrs,5,7,12.296796798706055,0.07751703262329102,5210.0,12.123324394226074,55,1
StandardGSGP,e3c8cc95-ad3e-11ef-9681-e4a8dfc2a9a8,parkinson_updrs,5,8,12.26927661895752,0.0845029354095459,5892.0,12.125024795532227,57,1
StandardGSGP,e3c8cc95-ad3e-11ef-9681-e4a8dfc2a9a8,parkinson_updrs,5,9,12.21790885925293,0.08109211921691895,6650.0,12.042349815368652,59,1
StandardGSGP,e3c8cc95-ad3e-11ef-9681-e4a8dfc2a9a8,parkinson_updrs,5,10,12.187981605529785,0.07975912094116211,7548.0,12.004201889038086,69,1
StandardGSGP,e3c8cc95-ad3e-11ef-9681-e4a8dfc2a9a8,parkinson_updrs,5,11,12.14555835723877,0.08210253715515137,8174.0,11.989415168762207,75,1
StandardGSGP,e3c8cc95-ad3e-11ef-9681-e4a8dfc2a9a8,parkinson_updrs,5,12,12.111821174621582,0.0925590991973877,8672.0,11.943936347961426,81,1
StandardGSGP,e3c8cc95-ad3e-11ef-9681-e4a8dfc2a9a8,parkinson_updrs,5,13,12.081284523010254,0.07900333404541016,9268.0,11.924139022827148,87,1
StandardGSGP,e3c8cc95-ad3e-11ef-9681-e4a8dfc2a9a8,parkinson_updrs,5,14,12.062227249145508,0.08150243759155273,9768.0,11.90089225769043,97,1
StandardGSGP,e3c8cc95-ad3e-11ef-9681-e4a8dfc2a9a8,parkinson_updrs,5,15,12.060412406921387,0.07750558853149414,10278.0,11.876310348510742,105,1
StandardGSGP,e3c8cc95-ad3e-11ef-9681-e4a8dfc2a9a8,parkinson_updrs,5,16,12.042542457580566,0.0795130729675293,10800.0,11.878073692321777,113,1
StandardGSGP,e3c8cc95-ad3e-11ef-9681-e4a8dfc2a9a8,parkinson_updrs,5,17,12.013184547424316,0.15225863456726074,11546.0,11.845426559448242,119,1
StandardGSGP,e3c8cc95-ad3e-11ef-9681-e4a8dfc2a9a8,parkinson_updrs,5,18,11.974357604980469,0.08099651336669922,12524.0,11.807491302490234,123,1
StandardGSGP,e3c8cc95-ad3e-11ef-9681-e4a8dfc2a9a8,parkinson_updrs,5,19,11.974357604980469,0.07349920272827148,13452.0,11.807491302490234,123,1
StandardGSGP,e3c8cc95-ad3e-11ef-9681-e4a8dfc2a9a8,parkinson_updrs,5,20,11.973715782165527,0.07850337028503418,14162.0,11.806435585021973,133,1
StandardGSGP,e3c8cc95-ad3e-11ef-9681-e4a8dfc2a9a8,parkinson_updrs,5,21,11.970752716064453,0.07750892639160156,14930.0,11.804547309875488,135,1
StandardGSGP,e3c8cc95-ad3e-11ef-9681-e4a8dfc2a9a8,parkinson_updrs,5,22,11.94209098815918,0.07603669166564941,15392.0,11.774271011352539,143,1
StandardGSGP,e3c8cc95-ad3e-11ef-9681-e4a8dfc2a9a8,parkinson_updrs,5,23,11.932426452636719,0.07900142669677734,15512.0,11.77774715423584,157,1
StandardGSGP,e3c8cc95-ad3e-11ef-9681-e4a8dfc2a9a8,parkinson_updrs,5,24,11.904712677001953,0.07750725746154785,15814.0,11.745988845825195,155,1
StandardGSGP,e3c8cc95-ad3e-11ef-9681-e4a8dfc2a9a8,parkinson_updrs,5,25,11.902204513549805,0.07850790023803711,16494.0,11.743744850158691,161,1
StandardGSGP,e3c8cc95-ad3e-11ef-9681-e4a8dfc2a9a8,parkinson_updrs,5,26,11.89801025390625,0.08066105842590332,17386.0,11.744901657104492,177,1
StandardGSGP,e3c8cc95-ad3e-11ef-9681-e4a8dfc2a9a8,parkinson_updrs,5,27,11.88814926147461,0.07950949668884277,18124.0,11.73211669921875,179,1
StandardGSGP,e3c8cc95-ad3e-11ef-9681-e4a8dfc2a9a8,parkinson_updrs,5,28,11.88798713684082,0.0795736312866211,18616.0,11.74373722076416,193,1
StandardGSGP,e3c8cc95-ad3e-11ef-9681-e4a8dfc2a9a8,parkinson_updrs,5,29,11.874055862426758,0.07799839973449707,19272.0,11.719757080078125,203,1
StandardGSGP,e3c8cc95-ad3e-11ef-9681-e4a8dfc2a9a8,parkinson_updrs,5,30,11.86103343963623,0.07866907119750977,20234.0,11.706574440002441,201,1
StandardGSGP,e3c8cc95-ad3e-11ef-9681-e4a8dfc2a9a8,parkinson_updrs,5,31,11.855727195739746,0.07353496551513672,21110.0,11.70443058013916,209,1
StandardGSGP,e3c8cc95-ad3e-11ef-9681-e4a8dfc2a9a8,parkinson_updrs,5,32,11.849294662475586,0.07949972152709961,21850.0,11.701700210571289,227,1
StandardGSGP,e3c8cc95-ad3e-11ef-9681-e4a8dfc2a9a8,parkinson_updrs,5,33,11.834247589111328,0.07650518417358398,22598.0,11.6900634765625,233,1
StandardGSGP,e3c8cc95-ad3e-11ef-9681-e4a8dfc2a9a8,parkinson_updrs,5,34,11.812726974487305,0.07859611511230469,23342.0,11.664507865905762,231,1
StandardGSGP,e3c8cc95-ad3e-11ef-9681-e4a8dfc2a9a8,parkinson_updrs,5,35,11.780627250671387,0.08044314384460449,24142.0,11.652280807495117,251,1
StandardGSGP,e3c8cc95-ad3e-11ef-9681-e4a8dfc2a9a8,parkinson_updrs,5,36,11.778556823730469,0.07391977310180664,24942.0,11.650126457214355,257,1
StandardGSGP,e3c8cc95-ad3e-11ef-9681-e4a8dfc2a9a8,parkinson_updrs,5,37,11.768709182739258,0.0747520923614502,25822.0,11.635782241821289,263,1
StandardGSGP,e3c8cc95-ad3e-11ef-9681-e4a8dfc2a9a8,parkinson_updrs,5,38,11.7607421875,0.0774989128112793,27042.0,11.631420135498047,269,1
StandardGSGP,e3c8cc95-ad3e-11ef-9681-e4a8dfc2a9a8,parkinson_updrs,5,39,11.754964828491211,0.0769968032836914,27768.0,11.631913185119629,269,1
StandardGSGP,e3c8cc95-ad3e-11ef-9681-e4a8dfc2a9a8,parkinson_updrs,5,40,11.720937728881836,0.08006453514099121,28490.0,11.601632118225098,277,1
StandardGSGP,e3c8cc95-ad3e-11ef-9681-e4a8dfc2a9a8,parkinson_updrs,5,41,11.717296600341797,0.07551074028015137,29014.0,11.593496322631836,285,1
StandardGSGP,e3c8cc95-ad3e-11ef-9681-e4a8dfc2a9a8,parkinson_updrs,5,42,11.711091041564941,0.07449984550476074,29682.0,11.589743614196777,293,1
StandardGSGP,e3c8cc95-ad3e-11ef-9681-e4a8dfc2a9a8,parkinson_updrs,5,43,11.7055025100708,0.07866311073303223,30194.0,11.587983131408691,301,1
StandardGSGP,e3c8cc95-ad3e-11ef-9681-e4a8dfc2a9a8,parkinson_updrs,5,44,11.701883316040039,0.07843923568725586,30568.0,11.58780288696289,309,1
StandardGSGP,e3c8cc95-ad3e-11ef-9681-e4a8dfc2a9a8,parkinson_updrs,5,45,11.674236297607422,0.08004617691040039,31366.0,11.55790901184082,315,1
StandardGSGP,e3c8cc95-ad3e-11ef-9681-e4a8dfc2a9a8,parkinson_updrs,5,46,11.666646003723145,0.07735013961791992,32188.0,11.554692268371582,321,1
StandardGSGP,e3c8cc95-ad3e-11ef-9681-e4a8dfc2a9a8,parkinson_updrs,5,47,11.65261459350586,0.0845038890838623,33014.0,11.553875923156738,333,1
StandardGSGP,e3c8cc95-ad3e-11ef-9681-e4a8dfc2a9a8,parkinson_updrs,5,48,11.650971412658691,0.07462501525878906,33608.0,11.551298141479492,339,1
StandardGSGP,e3c8cc95-ad3e-11ef-9681-e4a8dfc2a9a8,parkinson_updrs,5,49,11.647733688354492,0.08215022087097168,34234.0,11.548602104187012,357,1
StandardGSGP,e3c8cc95-ad3e-11ef-9681-e4a8dfc2a9a8,parkinson_updrs,5,50,11.63380241394043,0.07589364051818848,35028.0,11.522140502929688,343,1
StandardGSGP,e3c8cc95-ad3e-11ef-9681-e4a8dfc2a9a8,parkinson_updrs,5,51,11.61622142791748,0.08650612831115723,36044.0,11.517930030822754,359,1
StandardGSGP,e3c8cc95-ad3e-11ef-9681-e4a8dfc2a9a8,parkinson_updrs,5,52,11.609817504882812,0.08351373672485352,36678.0,11.501297950744629,351,1
StandardGSGP,e3c8cc95-ad3e-11ef-9681-e4a8dfc2a9a8,parkinson_updrs,5,53,11.600930213928223,0.0835115909576416,37138.0,11.501433372497559,377,1
StandardGSGP,e3c8cc95-ad3e-11ef-9681-e4a8dfc2a9a8,parkinson_updrs,5,54,11.596770286560059,0.0820610523223877,37798.0,11.500260353088379,387,1
StandardGSGP,e3c8cc95-ad3e-11ef-9681-e4a8dfc2a9a8,parkinson_updrs,5,55,11.588068008422852,0.07848215103149414,38476.0,11.49146842956543,387,1
StandardGSGP,e3c8cc95-ad3e-11ef-9681-e4a8dfc2a9a8,parkinson_updrs,5,56,11.569534301757812,0.07676887512207031,39308.0,11.467554092407227,377,1
StandardGSGP,e3c8cc95-ad3e-11ef-9681-e4a8dfc2a9a8,parkinson_updrs,5,57,11.569205284118652,0.07863235473632812,39964.0,11.46689510345459,385,1
StandardGSGP,e3c8cc95-ad3e-11ef-9681-e4a8dfc2a9a8,parkinson_updrs,5,58,11.557820320129395,0.08350658416748047,40522.0,11.461149215698242,393,1
StandardGSGP,e3c8cc95-ad3e-11ef-9681-e4a8dfc2a9a8,parkinson_updrs,5,59,11.540852546691895,0.08028411865234375,40890.0,11.446212768554688,405,1
StandardGSGP,e3c8cc95-ad3e-11ef-9681-e4a8dfc2a9a8,parkinson_updrs,5,60,11.512541770935059,0.08758997917175293,41242.0,11.417709350585938,417,1
StandardGSGP,e3c8cc95-ad3e-11ef-9681-e4a8dfc2a9a8,parkinson_updrs,5,61,11.509592056274414,0.09122586250305176,42096.0,11.415386199951172,423,1
StandardGSGP,e3c8cc95-ad3e-11ef-9681-e4a8dfc2a9a8,parkinson_updrs,5,62,11.508162498474121,0.08765769004821777,43194.0,11.418831825256348,429,1
StandardGSGP,e3c8cc95-ad3e-11ef-9681-e4a8dfc2a9a8,parkinson_updrs,5,63,11.50266170501709,0.0948188304901123,43988.0,11.414263725280762,441,1
StandardGSGP,e3c8cc95-ad3e-11ef-9681-e4a8dfc2a9a8,parkinson_updrs,5,64,11.441328048706055,0.08543229103088379,44530.0,11.368227005004883,447,1
StandardGSGP,e3c8cc95-ad3e-11ef-9681-e4a8dfc2a9a8,parkinson_updrs,5,65,11.430669784545898,0.08825206756591797,45292.0,11.360336303710938,453,1
StandardGSGP,e3c8cc95-ad3e-11ef-9681-e4a8dfc2a9a8,parkinson_updrs,5,66,11.430669784545898,0.0834202766418457,45984.0,11.360336303710938,453,1
StandardGSGP,e3c8cc95-ad3e-11ef-9681-e4a8dfc2a9a8,parkinson_updrs,5,67,11.416208267211914,0.08115100860595703,46608.0,11.345870971679688,473,1
StandardGSGP,e3c8cc95-ad3e-11ef-9681-e4a8dfc2a9a8,parkinson_updrs,5,68,11.403285026550293,0.08980488777160645,47210.0,11.331528663635254,481,1
StandardGSGP,e3c8cc95-ad3e-11ef-9681-e4a8dfc2a9a8,parkinson_updrs,5,69,11.401562690734863,0.0857234001159668,48110.0,11.32942008972168,487,1
StandardGSGP,e3c8cc95-ad3e-11ef-9681-e4a8dfc2a9a8,parkinson_updrs,5,70,11.396172523498535,0.08444547653198242,49098.0,11.330385208129883,479,1
StandardGSGP,e3c8cc95-ad3e-11ef-9681-e4a8dfc2a9a8,parkinson_updrs,5,71,11.384353637695312,0.08894562721252441,50002.0,11.333919525146484,493,1
StandardGSGP,e3c8cc95-ad3e-11ef-9681-e4a8dfc2a9a8,parkinson_updrs,5,72,11.37741756439209,0.08817100524902344,50446.0,11.32762622833252,499,1
StandardGSGP,e3c8cc95-ad3e-11ef-9681-e4a8dfc2a9a8,parkinson_updrs,5,73,11.368291854858398,0.08916902542114258,51080.0,11.311159133911133,503,1
StandardGSGP,e3c8cc95-ad3e-11ef-9681-e4a8dfc2a9a8,parkinson_updrs,5,74,11.350457191467285,0.10764884948730469,51684.0,11.303478240966797,515,1
StandardGSGP,e3c8cc95-ad3e-11ef-9681-e4a8dfc2a9a8,parkinson_updrs,5,75,11.338692665100098,0.09087729454040527,52140.0,11.29401969909668,521,1
StandardGSGP,e3c8cc95-ad3e-11ef-9681-e4a8dfc2a9a8,parkinson_updrs,5,76,11.282879829406738,0.08101105690002441,52688.0,11.240912437438965,529,1
StandardGSGP,e3c8cc95-ad3e-11ef-9681-e4a8dfc2a9a8,parkinson_updrs,5,77,11.282510757446289,0.10233569145202637,53538.0,11.240601539611816,535,1
StandardGSGP,e3c8cc95-ad3e-11ef-9681-e4a8dfc2a9a8,parkinson_updrs,5,78,11.268558502197266,0.0997467041015625,54380.0,11.218973159790039,539,1
StandardGSGP,e3c8cc95-ad3e-11ef-9681-e4a8dfc2a9a8,parkinson_updrs,5,79,11.265852928161621,0.10097050666809082,55014.0,11.221199989318848,545,1
StandardGSGP,e3c8cc95-ad3e-11ef-9681-e4a8dfc2a9a8,parkinson_updrs,5,80,11.24703311920166,0.08674359321594238,55484.0,11.199151992797852,555,1
StandardGSGP,e3c8cc95-ad3e-11ef-9681-e4a8dfc2a9a8,parkinson_updrs,5,81,11.234506607055664,0.08284568786621094,56030.0,11.193154335021973,563,1
StandardGSGP,e3c8cc95-ad3e-11ef-9681-e4a8dfc2a9a8,parkinson_updrs,5,82,11.227758407592773,0.09860038757324219,56778.0,11.187217712402344,571,1
StandardGSGP,e3c8cc95-ad3e-11ef-9681-e4a8dfc2a9a8,parkinson_updrs,5,83,11.22125244140625,0.08565139770507812,57584.0,11.18549633026123,575,1
StandardGSGP,e3c8cc95-ad3e-11ef-9681-e4a8dfc2a9a8,parkinson_updrs,5,84,11.199956893920898,0.09154510498046875,58294.0,11.164471626281738,581,1
StandardGSGP,e3c8cc95-ad3e-11ef-9681-e4a8dfc2a9a8,parkinson_updrs,5,85,11.197494506835938,0.09947919845581055,59074.0,11.163405418395996,587,1
StandardGSGP,e3c8cc95-ad3e-11ef-9681-e4a8dfc2a9a8,parkinson_updrs,5,86,11.177453994750977,0.08434891700744629,59794.0,11.16921329498291,597,1
StandardGSGP,e3c8cc95-ad3e-11ef-9681-e4a8dfc2a9a8,parkinson_updrs,5,87,11.175589561462402,0.09979891777038574,60302.0,11.167282104492188,603,1
StandardGSGP,e3c8cc95-ad3e-11ef-9681-e4a8dfc2a9a8,parkinson_updrs,5,88,11.147600173950195,0.11571526527404785,60916.0,11.125999450683594,609,1
StandardGSGP,e3c8cc95-ad3e-11ef-9681-e4a8dfc2a9a8,parkinson_updrs,5,89,11.141011238098145,0.09551191329956055,61596.0,11.124086380004883,615,1
StandardGSGP,e3c8cc95-ad3e-11ef-9681-e4a8dfc2a9a8,parkinson_updrs,5,90,11.131204605102539,0.08419513702392578,62198.0,11.123160362243652,621,1
StandardGSGP,e3c8cc95-ad3e-11ef-9681-e4a8dfc2a9a8,parkinson_updrs,5,91,11.124533653259277,0.17552876472473145,62872.0,11.115890502929688,627,1
StandardGSGP,e3c8cc95-ad3e-11ef-9681-e4a8dfc2a9a8,parkinson_updrs,5,92,11.119215965270996,0.11560392379760742,63492.0,11.100857734680176,637,1
StandardGSGP,e3c8cc95-ad3e-11ef-9681-e4a8dfc2a9a8,parkinson_updrs,5,93,11.108674049377441,0.09613633155822754,64204.0,11.096250534057617,643,1
StandardGSGP,e3c8cc95-ad3e-11ef-9681-e4a8dfc2a9a8,parkinson_updrs,5,94,11.106307029724121,0.08499979972839355,64922.0,11.096911430358887,649,1
StandardGSGP,e3c8cc95-ad3e-11ef-9681-e4a8dfc2a9a8,parkinson_updrs,5,95,11.085321426391602,0.08977890014648438,65582.0,11.081646919250488,655,1
StandardGSGP,e3c8cc95-ad3e-11ef-9681-e4a8dfc2a9a8,parkinson_updrs,5,96,11.08474063873291,0.0913703441619873,66268.0,11.087577819824219,663,1
StandardGSGP,e3c8cc95-ad3e-11ef-9681-e4a8dfc2a9a8,parkinson_updrs,5,97,11.07636833190918,0.08785748481750488,67032.0,11.079861640930176,669,1
StandardGSGP,e3c8cc95-ad3e-11ef-9681-e4a8dfc2a9a8,parkinson_updrs,5,98,11.072487831115723,0.08772134780883789,67724.0,11.068130493164062,675,1
StandardGSGP,e3c8cc95-ad3e-11ef-9681-e4a8dfc2a9a8,parkinson_updrs,5,99,11.055838584899902,0.08497953414916992,68274.0,11.053854942321777,683,1
StandardGSGP,e3c8cc95-ad3e-11ef-9681-e4a8dfc2a9a8,parkinson_updrs,5,100,11.052705764770508,0.08650612831115723,69006.0,11.051440238952637,689,1
