StandardGSGP,a2759598-ad3e-11ef-87f4-e4a8dfc2a9a8,parkinson_updrs,22,0,0.24528959393501282,0.12770652770996094,2166.0,0.24731329083442688,7,1
StandardGSGP,a2759598-ad3e-11ef-87f4-e4a8dfc2a9a8,parkinson_updrs,22,1,0.22126682102680206,0.08501982688903809,2098.0,0.2219371795654297,11,1
StandardGSGP,a2759598-ad3e-11ef-87f4-e4a8dfc2a9a8,parkinson_updrs,22,2,0.22126682102680206,0.08099889755249023,2514.0,0.2219371795654297,11,1
StandardGSGP,a2759598-ad3e-11ef-87f4-e4a8dfc2a9a8,parkinson_updrs,22,3,0.22126682102680206,0.09235501289367676,3592.0,0.2219371795654297,11,1
StandardGSGP,a2759598-ad3e-11ef-87f4-e4a8dfc2a9a8,parkinson_updrs,22,4,0.22126682102680206,0.0883793830871582,3728.0,0.2219371795654297,11,1
StandardGSGP,a2759598-ad3e-11ef-87f4-e4a8dfc2a9a8,parkinson_updrs,22,5,0.22126682102680206,0.09004735946655273,4062.0,0.2219371795654297,11,1
StandardGSGP,a2759598-ad3e-11ef-87f4-e4a8dfc2a9a8,parkinson_updrs,22,6,0.22126682102680206,0.1202397346496582,4758.0,0.2219371795654297,11,1
StandardGSGP,a2759598-ad3e-11ef-87f4-e4a8dfc2a9a8,parkinson_updrs,22,7,0.22118890285491943,0.09008502960205078,5354.0,0.2218765914440155,17,1
StandardGSGP,a2759598-ad3e-11ef-87f4-e4a8dfc2a9a8,parkinson_updrs,22,8,0.22067873179912567,0.08104968070983887,5514.0,0.2213403582572937,17,1
StandardGSGP,a2759598-ad3e-11ef-87f4-e4a8dfc2a9a8,parkinson_updrs,22,9,0.22058627009391785,0.07849764823913574,5736.0,0.22207476198673248,37,1
StandardGSGP,a2759598-ad3e-11ef-87f4-e4a8dfc2a9a8,parkinson_updrs,22,10,0.22058627009391785,0.08377575874328613,5984.0,0.22207476198673248,37,1
StandardGSGP,a2759598-ad3e-11ef-87f4-e4a8dfc2a9a8,parkinson_updrs,22,11,0.22058627009391785,0.08368611335754395,6052.0,0.22207476198673248,37,1
StandardGSGP,a2759598-ad3e-11ef-87f4-e4a8dfc2a9a8,parkinson_updrs,22,12,0.220585435628891,0.08553099632263184,6726.0,0.22208955883979797,45,1
StandardGSGP,a2759598-ad3e-11ef-87f4-e4a8dfc2a9a8,parkinson_updrs,22,13,0.22008386254310608,0.08374905586242676,7168.0,0.22144083678722382,51,1
StandardGSGP,a2759598-ad3e-11ef-87f4-e4a8dfc2a9a8,parkinson_updrs,22,14,0.22008386254310608,0.08109450340270996,7398.0,0.22144083678722382,51,1
StandardGSGP,a2759598-ad3e-11ef-87f4-e4a8dfc2a9a8,parkinson_updrs,22,15,0.219383105635643,0.07523751258850098,7638.0,0.22050155699253082,59,1
StandardGSGP,a2759598-ad3e-11ef-87f4-e4a8dfc2a9a8,parkinson_updrs,22,16,0.216741681098938,0.08825135231018066,8306.0,0.21656236052513123,77,1
StandardGSGP,a2759598-ad3e-11ef-87f4-e4a8dfc2a9a8,parkinson_updrs,22,17,0.216741681098938,0.09826493263244629,8606.0,0.21656236052513123,77,1
StandardGSGP,a2759598-ad3e-11ef-87f4-e4a8dfc2a9a8,parkinson_updrs,22,18,0.21671277284622192,0.09530282020568848,9112.0,0.2165953665971756,83,1
StandardGSGP,a2759598-ad3e-11ef-87f4-e4a8dfc2a9a8,parkinson_updrs,22,19,0.21671277284622192,0.09855508804321289,9918.0,0.2165953665971756,83,1
StandardGSGP,a2759598-ad3e-11ef-87f4-e4a8dfc2a9a8,parkinson_updrs,22,20,0.21505875885486603,0.08350229263305664,10522.0,0.21780069172382355,89,1
StandardGSGP,a2759598-ad3e-11ef-87f4-e4a8dfc2a9a8,parkinson_updrs,22,21,0.21505875885486603,0.08091950416564941,11124.0,0.21780069172382355,89,1
StandardGSGP,a2759598-ad3e-11ef-87f4-e4a8dfc2a9a8,parkinson_updrs,22,22,0.21505875885486603,0.08034849166870117,11520.0,0.21780069172382355,89,1
StandardGSGP,a2759598-ad3e-11ef-87f4-e4a8dfc2a9a8,parkinson_updrs,22,23,0.2144383043050766,0.07881379127502441,12156.0,0.21689638495445251,97,1
StandardGSGP,a2759598-ad3e-11ef-87f4-e4a8dfc2a9a8,parkinson_updrs,22,24,0.2144363671541214,0.0756523609161377,12688.0,0.21726681292057037,97,1
StandardGSGP,a2759598-ad3e-11ef-87f4-e4a8dfc2a9a8,parkinson_updrs,22,25,0.21402710676193237,0.08659195899963379,13282.0,0.21667291224002838,103,1
StandardGSGP,a2759598-ad3e-11ef-87f4-e4a8dfc2a9a8,parkinson_updrs,22,26,0.21402710676193237,0.07929277420043945,14018.0,0.21667291224002838,103,1
StandardGSGP,a2759598-ad3e-11ef-87f4-e4a8dfc2a9a8,parkinson_updrs,22,27,0.21402710676193237,0.07308530807495117,14524.0,0.21667291224002838,103,1
StandardGSGP,a2759598-ad3e-11ef-87f4-e4a8dfc2a9a8,parkinson_updrs,22,28,0.21230430901050568,0.08608889579772949,14984.0,0.21455654501914978,109,1
StandardGSGP,a2759598-ad3e-11ef-87f4-e4a8dfc2a9a8,parkinson_updrs,22,29,0.21230430901050568,0.0705099105834961,15512.0,0.21455654501914978,109,1
StandardGSGP,a2759598-ad3e-11ef-87f4-e4a8dfc2a9a8,parkinson_updrs,22,30,0.21230430901050568,0.08472084999084473,15526.0,0.21455654501914978,109,1
StandardGSGP,a2759598-ad3e-11ef-87f4-e4a8dfc2a9a8,parkinson_updrs,22,31,0.21230430901050568,0.07640242576599121,15756.0,0.21455654501914978,109,1
StandardGSGP,a2759598-ad3e-11ef-87f4-e4a8dfc2a9a8,parkinson_updrs,22,32,0.2103053480386734,0.07412290573120117,16000.0,0.21209189295768738,121,1
StandardGSGP,a2759598-ad3e-11ef-87f4-e4a8dfc2a9a8,parkinson_updrs,22,33,0.21002255380153656,0.08076620101928711,16362.0,0.21205145120620728,131,1
StandardGSGP,a2759598-ad3e-11ef-87f4-e4a8dfc2a9a8,parkinson_updrs,22,34,0.21002255380153656,0.07351136207580566,16096.0,0.21205145120620728,131,1
StandardGSGP,a2759598-ad3e-11ef-87f4-e4a8dfc2a9a8,parkinson_updrs,22,35,0.21002255380153656,0.07300662994384766,16792.0,0.21205145120620728,131,1
StandardGSGP,a2759598-ad3e-11ef-87f4-e4a8dfc2a9a8,parkinson_updrs,22,36,0.20997187495231628,0.07721066474914551,17676.0,0.21214038133621216,139,1
StandardGSGP,a2759598-ad3e-11ef-87f4-e4a8dfc2a9a8,parkinson_updrs,22,37,0.20997187495231628,0.0740046501159668,18066.0,0.21214038133621216,139,1
StandardGSGP,a2759598-ad3e-11ef-87f4-e4a8dfc2a9a8,parkinson_updrs,22,38,0.20997187495231628,0.07692980766296387,18854.0,0.21214038133621216,139,1
StandardGSGP,a2759598-ad3e-11ef-87f4-e4a8dfc2a9a8,parkinson_updrs,22,39,0.20997187495231628,0.0780336856842041,19320.0,0.21214038133621216,139,1
StandardGSGP,a2759598-ad3e-11ef-87f4-e4a8dfc2a9a8,parkinson_updrs,22,40,0.20980626344680786,0.07436609268188477,19576.0,0.2119522988796234,145,1
StandardGSGP,a2759598-ad3e-11ef-87f4-e4a8dfc2a9a8,parkinson_updrs,22,41,0.20980626344680786,0.07403993606567383,20284.0,0.2119522988796234,145,1
StandardGSGP,a2759598-ad3e-11ef-87f4-e4a8dfc2a9a8,parkinson_updrs,22,42,0.20980626344680786,0.07455635070800781,20906.0,0.2119522988796234,145,1
StandardGSGP,a2759598-ad3e-11ef-87f4-e4a8dfc2a9a8,parkinson_updrs,22,43,0.20980626344680786,0.07465243339538574,22028.0,0.2119522988796234,145,1
StandardGSGP,a2759598-ad3e-11ef-87f4-e4a8dfc2a9a8,parkinson_updrs,22,44,0.20980626344680786,0.0790407657623291,22528.0,0.2119522988796234,145,1
StandardGSGP,a2759598-ad3e-11ef-87f4-e4a8dfc2a9a8,parkinson_updrs,22,45,0.20980626344680786,0.09686017036437988,23470.0,0.2119522988796234,145,1
StandardGSGP,a2759598-ad3e-11ef-87f4-e4a8dfc2a9a8,parkinson_updrs,22,46,0.20960171520709991,0.0749969482421875,24048.0,0.21174560487270355,151,1
StandardGSGP,a2759598-ad3e-11ef-87f4-e4a8dfc2a9a8,parkinson_updrs,22,47,0.20960171520709991,0.07287979125976562,24636.0,0.21174560487270355,151,1
StandardGSGP,a2759598-ad3e-11ef-87f4-e4a8dfc2a9a8,parkinson_updrs,22,48,0.20960171520709991,0.07593059539794922,25766.0,0.21174560487270355,151,1
StandardGSGP,a2759598-ad3e-11ef-87f4-e4a8dfc2a9a8,parkinson_updrs,22,49,0.20960171520709991,0.07965588569641113,26234.0,0.21174560487270355,151,1
StandardGSGP,a2759598-ad3e-11ef-87f4-e4a8dfc2a9a8,parkinson_updrs,22,50,0.20959575474262238,0.0756230354309082,26420.0,0.21037748456001282,263,1
StandardGSGP,a2759598-ad3e-11ef-87f4-e4a8dfc2a9a8,parkinson_updrs,22,51,0.20959575474262238,0.07919859886169434,26578.0,0.21037748456001282,263,1
StandardGSGP,a2759598-ad3e-11ef-87f4-e4a8dfc2a9a8,parkinson_updrs,22,52,0.20959575474262238,0.07629156112670898,27358.0,0.21037748456001282,263,1
StandardGSGP,a2759598-ad3e-11ef-87f4-e4a8dfc2a9a8,parkinson_updrs,22,53,0.20959575474262238,0.07343482971191406,26938.0,0.21037748456001282,263,1
StandardGSGP,a2759598-ad3e-11ef-87f4-e4a8dfc2a9a8,parkinson_updrs,22,54,0.20959575474262238,0.07349801063537598,27546.0,0.21037748456001282,263,1
StandardGSGP,a2759598-ad3e-11ef-87f4-e4a8dfc2a9a8,parkinson_updrs,22,55,0.20959575474262238,0.07499980926513672,28480.0,0.21037748456001282,263,1
StandardGSGP,a2759598-ad3e-11ef-87f4-e4a8dfc2a9a8,parkinson_updrs,22,56,0.20959575474262238,0.16132259368896484,29280.0,0.21037748456001282,263,1
StandardGSGP,a2759598-ad3e-11ef-87f4-e4a8dfc2a9a8,parkinson_updrs,22,57,0.20959575474262238,0.07851052284240723,30420.0,0.21037748456001282,263,1
StandardGSGP,a2759598-ad3e-11ef-87f4-e4a8dfc2a9a8,parkinson_updrs,22,58,0.20959575474262238,0.07351112365722656,30616.0,0.21037748456001282,263,1
StandardGSGP,a2759598-ad3e-11ef-87f4-e4a8dfc2a9a8,parkinson_updrs,22,59,0.20959575474262238,0.07151126861572266,31964.0,0.21037748456001282,263,1
StandardGSGP,a2759598-ad3e-11ef-87f4-e4a8dfc2a9a8,parkinson_updrs,22,60,0.20959575474262238,0.07333755493164062,32592.0,0.21037748456001282,263,1
StandardGSGP,a2759598-ad3e-11ef-87f4-e4a8dfc2a9a8,parkinson_updrs,22,61,0.20959575474262238,0.0735011100769043,33094.0,0.21037748456001282,263,1
StandardGSGP,a2759598-ad3e-11ef-87f4-e4a8dfc2a9a8,parkinson_updrs,22,62,0.20959575474262238,0.08173513412475586,33524.0,0.21037748456001282,263,1
StandardGSGP,a2759598-ad3e-11ef-87f4-e4a8dfc2a9a8,parkinson_updrs,22,63,0.20848774909973145,0.0748906135559082,33530.0,0.20917659997940063,273,1
StandardGSGP,a2759598-ad3e-11ef-87f4-e4a8dfc2a9a8,parkinson_updrs,22,64,0.20848774909973145,0.07955265045166016,33772.0,0.20917659997940063,273,1
StandardGSGP,a2759598-ad3e-11ef-87f4-e4a8dfc2a9a8,parkinson_updrs,22,65,0.20848774909973145,0.0790705680847168,34314.0,0.20917659997940063,273,1
StandardGSGP,a2759598-ad3e-11ef-87f4-e4a8dfc2a9a8,parkinson_updrs,22,66,0.20848774909973145,0.07359838485717773,34504.0,0.20917659997940063,273,1
StandardGSGP,a2759598-ad3e-11ef-87f4-e4a8dfc2a9a8,parkinson_updrs,22,67,0.20847372710704803,0.07150864601135254,35716.0,0.20905636250972748,279,1
StandardGSGP,a2759598-ad3e-11ef-87f4-e4a8dfc2a9a8,parkinson_updrs,22,68,0.20847372710704803,0.07052969932556152,35644.0,0.20905636250972748,279,1
StandardGSGP,a2759598-ad3e-11ef-87f4-e4a8dfc2a9a8,parkinson_updrs,22,69,0.20847372710704803,0.07300233840942383,36508.0,0.20905636250972748,279,1
StandardGSGP,a2759598-ad3e-11ef-87f4-e4a8dfc2a9a8,parkinson_updrs,22,70,0.20847372710704803,0.07450652122497559,37226.0,0.20905636250972748,279,1
StandardGSGP,a2759598-ad3e-11ef-87f4-e4a8dfc2a9a8,parkinson_updrs,22,71,0.20847372710704803,0.0740056037902832,37644.0,0.20905636250972748,279,1
StandardGSGP,a2759598-ad3e-11ef-87f4-e4a8dfc2a9a8,parkinson_updrs,22,72,0.20847372710704803,0.06957077980041504,37120.0,0.20905636250972748,279,1
StandardGSGP,a2759598-ad3e-11ef-87f4-e4a8dfc2a9a8,parkinson_updrs,22,73,0.20847372710704803,0.08211970329284668,36438.0,0.20905636250972748,279,1
StandardGSGP,a2759598-ad3e-11ef-87f4-e4a8dfc2a9a8,parkinson_updrs,22,74,0.2081560641527176,0.07456707954406738,35308.0,0.20846396684646606,295,1
StandardGSGP,a2759598-ad3e-11ef-87f4-e4a8dfc2a9a8,parkinson_updrs,22,75,0.2081560641527176,0.07250404357910156,35104.0,0.20846396684646606,295,1
StandardGSGP,a2759598-ad3e-11ef-87f4-e4a8dfc2a9a8,parkinson_updrs,22,76,0.2081560641527176,0.08050990104675293,35774.0,0.20846396684646606,295,1
StandardGSGP,a2759598-ad3e-11ef-87f4-e4a8dfc2a9a8,parkinson_updrs,22,77,0.2081560641527176,0.07550287246704102,35772.0,0.20846396684646606,295,1
StandardGSGP,a2759598-ad3e-11ef-87f4-e4a8dfc2a9a8,parkinson_updrs,22,78,0.2081560641527176,0.07700014114379883,36500.0,0.20846396684646606,295,1
StandardGSGP,a2759598-ad3e-11ef-87f4-e4a8dfc2a9a8,parkinson_updrs,22,79,0.2081560641527176,0.07665324211120605,36004.0,0.20846396684646606,295,1
StandardGSGP,a2759598-ad3e-11ef-87f4-e4a8dfc2a9a8,parkinson_updrs,22,80,0.2081560641527176,0.0808413028717041,36234.0,0.20846396684646606,295,1
StandardGSGP,a2759598-ad3e-11ef-87f4-e4a8dfc2a9a8,parkinson_updrs,22,81,0.2081560641527176,0.07251882553100586,36936.0,0.20846396684646606,295,1
StandardGSGP,a2759598-ad3e-11ef-87f4-e4a8dfc2a9a8,parkinson_updrs,22,82,0.2081560641527176,0.0796976089477539,37972.0,0.20846396684646606,295,1
StandardGSGP,a2759598-ad3e-11ef-87f4-e4a8dfc2a9a8,parkinson_updrs,22,83,0.2081560641527176,0.07100224494934082,38210.0,0.20846396684646606,295,1
StandardGSGP,a2759598-ad3e-11ef-87f4-e4a8dfc2a9a8,parkinson_updrs,22,84,0.2081560641527176,0.07550287246704102,39086.0,0.20846396684646606,295,1
StandardGSGP,a2759598-ad3e-11ef-87f4-e4a8dfc2a9a8,parkinson_updrs,22,85,0.2081560641527176,0.08268594741821289,39838.0,0.20846396684646606,295,1
StandardGSGP,a2759598-ad3e-11ef-87f4-e4a8dfc2a9a8,parkinson_updrs,22,86,0.2081560641527176,0.0715022087097168,40528.0,0.20846396684646606,295,1
StandardGSGP,a2759598-ad3e-11ef-87f4-e4a8dfc2a9a8,parkinson_updrs,22,87,0.20815053582191467,0.0730276107788086,41294.0,0.2084593027830124,303,1
StandardGSGP,a2759598-ad3e-11ef-87f4-e4a8dfc2a9a8,parkinson_updrs,22,88,0.20815053582191467,0.07519721984863281,41276.0,0.2084593027830124,303,1
StandardGSGP,a2759598-ad3e-11ef-87f4-e4a8dfc2a9a8,parkinson_updrs,22,89,0.20815053582191467,0.06872296333312988,42126.0,0.2084593027830124,303,1
StandardGSGP,a2759598-ad3e-11ef-87f4-e4a8dfc2a9a8,parkinson_updrs,22,90,0.20815053582191467,0.08162927627563477,42348.0,0.2084593027830124,303,1
StandardGSGP,a2759598-ad3e-11ef-87f4-e4a8dfc2a9a8,parkinson_updrs,22,91,0.20815053582191467,0.0749669075012207,42270.0,0.2084593027830124,303,1
StandardGSGP,a2759598-ad3e-11ef-87f4-e4a8dfc2a9a8,parkinson_updrs,22,92,0.20815053582191467,0.07451581954956055,42220.0,0.2084593027830124,303,1
StandardGSGP,a2759598-ad3e-11ef-87f4-e4a8dfc2a9a8,parkinson_updrs,22,93,0.20815053582191467,0.07522296905517578,41858.0,0.2084593027830124,303,1
StandardGSGP,a2759598-ad3e-11ef-87f4-e4a8dfc2a9a8,parkinson_updrs,22,94,0.20787446200847626,0.0747687816619873,41798.0,0.20844757556915283,317,1
StandardGSGP,a2759598-ad3e-11ef-87f4-e4a8dfc2a9a8,parkinson_updrs,22,95,0.20787446200847626,0.08036994934082031,40900.0,0.20844757556915283,317,1
StandardGSGP,a2759598-ad3e-11ef-87f4-e4a8dfc2a9a8,parkinson_updrs,22,96,0.20787446200847626,0.0725090503692627,41040.0,0.20844757556915283,317,1
StandardGSGP,a2759598-ad3e-11ef-87f4-e4a8dfc2a9a8,parkinson_updrs,22,97,0.20787446200847626,0.07177400588989258,42452.0,0.20844757556915283,317,1
StandardGSGP,a2759598-ad3e-11ef-87f4-e4a8dfc2a9a8,parkinson_updrs,22,98,0.20787446200847626,0.07371068000793457,41702.0,0.20844757556915283,317,1
StandardGSGP,a2759598-ad3e-11ef-87f4-e4a8dfc2a9a8,parkinson_updrs,22,99,0.20787446200847626,0.0825042724609375,41152.0,0.20844757556915283,317,1
StandardGSGP,a2759598-ad3e-11ef-87f4-e4a8dfc2a9a8,parkinson_updrs,22,100,0.20787446200847626,0.07250857353210449,41044.0,0.20844757556915283,317,1
StandardGSGP,3caa5b60-ad3f-11ef-a390-e4a8dfc2a9a8,parkinson_updrs,22,0,14.166922569274902,0.07418513298034668,1358.0,14.253959655761719,3,1
StandardGSGP,3caa5b60-ad3f-11ef-a390-e4a8dfc2a9a8,parkinson_updrs,22,1,13.97591781616211,0.08153367042541504,1334.0,14.061338424682617,13,1
StandardGSGP,3caa5b60-ad3f-11ef-a390-e4a8dfc2a9a8,parkinson_updrs,22,2,13.740086555480957,0.08132433891296387,1972.0,13.819063186645508,15,1
StandardGSGP,3caa5b60-ad3f-11ef-a390-e4a8dfc2a9a8,parkinson_updrs,22,3,13.604140281677246,0.07924437522888184,2380.0,13.68147087097168,21,1
StandardGSGP,3caa5b60-ad3f-11ef-a390-e4a8dfc2a9a8,parkinson_updrs,22,4,13.456636428833008,0.07951974868774414,3106.0,13.531164169311523,33,1
StandardGSGP,3caa5b60-ad3f-11ef-a390-e4a8dfc2a9a8,parkinson_updrs,22,5,13.165528297424316,0.08725476264953613,3860.0,13.235677719116211,39,1
StandardGSGP,3caa5b60-ad3f-11ef-a390-e4a8dfc2a9a8,parkinson_updrs,22,6,13.112614631652832,0.07610940933227539,4522.0,13.182610511779785,47,1
StandardGSGP,3caa5b60-ad3f-11ef-a390-e4a8dfc2a9a8,parkinson_updrs,22,7,12.96507740020752,0.08541226387023926,5278.0,13.033318519592285,59,1
StandardGSGP,3caa5b60-ad3f-11ef-a390-e4a8dfc2a9a8,parkinson_updrs,22,8,12.846933364868164,0.0930168628692627,6048.0,12.913333892822266,53,1
StandardGSGP,3caa5b60-ad3f-11ef-a390-e4a8dfc2a9a8,parkinson_updrs,22,9,12.665956497192383,0.08240437507629395,6662.0,12.7274808883667,57,1
StandardGSGP,3caa5b60-ad3f-11ef-a390-e4a8dfc2a9a8,parkinson_updrs,22,10,12.55257511138916,0.08450961112976074,7216.0,12.609786033630371,75,1
StandardGSGP,3caa5b60-ad3f-11ef-a390-e4a8dfc2a9a8,parkinson_updrs,22,11,12.444066047668457,0.0839235782623291,7858.0,12.49781322479248,81,1
StandardGSGP,3caa5b60-ad3f-11ef-a390-e4a8dfc2a9a8,parkinson_updrs,22,12,12.405007362365723,0.09096860885620117,8808.0,12.457324981689453,81,1
StandardGSGP,3caa5b60-ad3f-11ef-a390-e4a8dfc2a9a8,parkinson_updrs,22,13,12.3478422164917,0.08137941360473633,9414.0,12.399872779846191,91,1
StandardGSGP,3caa5b60-ad3f-11ef-a390-e4a8dfc2a9a8,parkinson_updrs,22,14,12.24842357635498,0.0802450180053711,10056.0,12.293441772460938,101,1
StandardGSGP,3caa5b60-ad3f-11ef-a390-e4a8dfc2a9a8,parkinson_updrs,22,15,12.230243682861328,0.08141136169433594,10712.0,12.273980140686035,107,1
StandardGSGP,3caa5b60-ad3f-11ef-a390-e4a8dfc2a9a8,parkinson_updrs,22,16,12.176146507263184,0.07864594459533691,11464.0,12.215846061706543,117,1
StandardGSGP,3caa5b60-ad3f-11ef-a390-e4a8dfc2a9a8,parkinson_updrs,22,17,12.165741920471191,0.07407379150390625,12274.0,12.209579467773438,127,1
StandardGSGP,3caa5b60-ad3f-11ef-a390-e4a8dfc2a9a8,parkinson_updrs,22,18,12.12427806854248,0.08151507377624512,12928.0,12.165373802185059,139,1
StandardGSGP,3caa5b60-ad3f-11ef-a390-e4a8dfc2a9a8,parkinson_updrs,22,19,12.106287002563477,0.07714200019836426,13580.0,12.139427185058594,135,1
StandardGSGP,3caa5b60-ad3f-11ef-a390-e4a8dfc2a9a8,parkinson_updrs,22,20,12.070700645446777,0.08279800415039062,14536.0,12.104310989379883,157,1
StandardGSGP,3caa5b60-ad3f-11ef-a390-e4a8dfc2a9a8,parkinson_updrs,22,21,12.068804740905762,0.08390331268310547,15622.0,12.102237701416016,163,1
StandardGSGP,3caa5b60-ad3f-11ef-a390-e4a8dfc2a9a8,parkinson_updrs,22,22,12.04814338684082,0.08027887344360352,16620.0,12.079771995544434,171,1
StandardGSGP,3caa5b60-ad3f-11ef-a390-e4a8dfc2a9a8,parkinson_updrs,22,23,12.020827293395996,0.08815860748291016,17630.0,12.057159423828125,181,1
StandardGSGP,3caa5b60-ad3f-11ef-a390-e4a8dfc2a9a8,parkinson_updrs,22,24,12.013620376586914,0.08252525329589844,18718.0,12.050308227539062,193,1
StandardGSGP,3caa5b60-ad3f-11ef-a390-e4a8dfc2a9a8,parkinson_updrs,22,25,12.013620376586914,0.0805206298828125,19600.0,12.050308227539062,193,1
StandardGSGP,3caa5b60-ad3f-11ef-a390-e4a8dfc2a9a8,parkinson_updrs,22,26,11.989835739135742,0.08152079582214355,20308.0,12.031211853027344,203,1
StandardGSGP,3caa5b60-ad3f-11ef-a390-e4a8dfc2a9a8,parkinson_updrs,22,27,11.98085880279541,0.07469534873962402,21152.0,12.021002769470215,213,1
StandardGSGP,3caa5b60-ad3f-11ef-a390-e4a8dfc2a9a8,parkinson_updrs,22,28,11.965690612792969,0.07799649238586426,21944.0,11.993205070495605,219,1
StandardGSGP,3caa5b60-ad3f-11ef-a390-e4a8dfc2a9a8,parkinson_updrs,22,29,11.961592674255371,0.09051632881164551,22618.0,11.98691177368164,227,1
StandardGSGP,3caa5b60-ad3f-11ef-a390-e4a8dfc2a9a8,parkinson_updrs,22,30,11.95414924621582,0.07834911346435547,23456.0,11.981850624084473,229,1
StandardGSGP,3caa5b60-ad3f-11ef-a390-e4a8dfc2a9a8,parkinson_updrs,22,31,11.938338279724121,0.07859301567077637,24084.0,11.96253776550293,239,1
StandardGSGP,3caa5b60-ad3f-11ef-a390-e4a8dfc2a9a8,parkinson_updrs,22,32,11.934754371643066,0.07552289962768555,24764.0,11.9586820602417,247,1
StandardGSGP,3caa5b60-ad3f-11ef-a390-e4a8dfc2a9a8,parkinson_updrs,22,33,11.924994468688965,0.07814478874206543,25396.0,11.947694778442383,255,1
StandardGSGP,3caa5b60-ad3f-11ef-a390-e4a8dfc2a9a8,parkinson_updrs,22,34,11.892510414123535,0.08096432685852051,26016.0,11.911226272583008,261,1
StandardGSGP,3caa5b60-ad3f-11ef-a390-e4a8dfc2a9a8,parkinson_updrs,22,35,11.891318321228027,0.08679676055908203,26672.0,11.91025161743164,271,1
StandardGSGP,3caa5b60-ad3f-11ef-a390-e4a8dfc2a9a8,parkinson_updrs,22,36,11.869096755981445,0.08050799369812012,27460.0,11.89166259765625,277,1
StandardGSGP,3caa5b60-ad3f-11ef-a390-e4a8dfc2a9a8,parkinson_updrs,22,37,11.867079734802246,0.07808709144592285,28204.0,11.891024589538574,285,1
StandardGSGP,3caa5b60-ad3f-11ef-a390-e4a8dfc2a9a8,parkinson_updrs,22,38,11.857321739196777,0.08310842514038086,28864.0,11.882213592529297,283,1
StandardGSGP,3caa5b60-ad3f-11ef-a390-e4a8dfc2a9a8,parkinson_updrs,22,39,11.845906257629395,0.08050847053527832,29496.0,11.869519233703613,291,1
StandardGSGP,3caa5b60-ad3f-11ef-a390-e4a8dfc2a9a8,parkinson_updrs,22,40,11.840775489807129,0.07599782943725586,30154.0,11.864985466003418,303,1
StandardGSGP,3caa5b60-ad3f-11ef-a390-e4a8dfc2a9a8,parkinson_updrs,22,41,11.826659202575684,0.07850384712219238,30716.0,11.849237442016602,315,1
StandardGSGP,3caa5b60-ad3f-11ef-a390-e4a8dfc2a9a8,parkinson_updrs,22,42,11.80893325805664,0.07750749588012695,31464.0,11.829301834106445,315,1
StandardGSGP,3caa5b60-ad3f-11ef-a390-e4a8dfc2a9a8,parkinson_updrs,22,43,11.786211967468262,0.08050012588500977,32446.0,11.808592796325684,329,1
StandardGSGP,3caa5b60-ad3f-11ef-a390-e4a8dfc2a9a8,parkinson_updrs,22,44,11.782318115234375,0.08195376396179199,33368.0,11.804829597473145,345,1
StandardGSGP,3caa5b60-ad3f-11ef-a390-e4a8dfc2a9a8,parkinson_updrs,22,45,11.771470069885254,0.07650947570800781,34024.0,11.787879943847656,337,1
StandardGSGP,3caa5b60-ad3f-11ef-a390-e4a8dfc2a9a8,parkinson_updrs,22,46,11.760704040527344,0.07615494728088379,34522.0,11.77952766418457,343,1
StandardGSGP,3caa5b60-ad3f-11ef-a390-e4a8dfc2a9a8,parkinson_updrs,22,47,11.746800422668457,0.08022856712341309,35352.0,11.76419448852539,353,1
StandardGSGP,3caa5b60-ad3f-11ef-a390-e4a8dfc2a9a8,parkinson_updrs,22,48,11.736485481262207,0.07845091819763184,35954.0,11.750866889953613,359,1
StandardGSGP,3caa5b60-ad3f-11ef-a390-e4a8dfc2a9a8,parkinson_updrs,22,49,11.715838432312012,0.08350539207458496,36590.0,11.735435485839844,365,1
StandardGSGP,3caa5b60-ad3f-11ef-a390-e4a8dfc2a9a8,parkinson_updrs,22,50,11.712358474731445,0.08652353286743164,37264.0,11.73149299621582,371,1
StandardGSGP,3caa5b60-ad3f-11ef-a390-e4a8dfc2a9a8,parkinson_updrs,22,51,11.696028709411621,0.08051013946533203,37892.0,11.714706420898438,379,1
StandardGSGP,3caa5b60-ad3f-11ef-a390-e4a8dfc2a9a8,parkinson_updrs,22,52,11.694720268249512,0.07700157165527344,38698.0,11.717436790466309,389,1
StandardGSGP,3caa5b60-ad3f-11ef-a390-e4a8dfc2a9a8,parkinson_updrs,22,53,11.68873405456543,0.08055949211120605,39544.0,11.70248794555664,405,1
StandardGSGP,3caa5b60-ad3f-11ef-a390-e4a8dfc2a9a8,parkinson_updrs,22,54,11.682779312133789,0.0790395736694336,40306.0,11.700373649597168,413,1
StandardGSGP,3caa5b60-ad3f-11ef-a390-e4a8dfc2a9a8,parkinson_updrs,22,55,11.680542945861816,0.08082270622253418,41152.0,11.69890308380127,415,1
StandardGSGP,3caa5b60-ad3f-11ef-a390-e4a8dfc2a9a8,parkinson_updrs,22,56,11.669493675231934,0.08561062812805176,41982.0,11.686129570007324,425,1
StandardGSGP,3caa5b60-ad3f-11ef-a390-e4a8dfc2a9a8,parkinson_updrs,22,57,11.663566589355469,0.15857148170471191,42894.0,11.682989120483398,423,1
StandardGSGP,3caa5b60-ad3f-11ef-a390-e4a8dfc2a9a8,parkinson_updrs,22,58,11.659066200256348,0.08250093460083008,43700.0,11.678667068481445,433,1
StandardGSGP,3caa5b60-ad3f-11ef-a390-e4a8dfc2a9a8,parkinson_updrs,22,59,11.643019676208496,0.08050131797790527,44102.0,11.66032886505127,433,1
StandardGSGP,3caa5b60-ad3f-11ef-a390-e4a8dfc2a9a8,parkinson_updrs,22,60,11.637596130371094,0.0817720890045166,44654.0,11.654096603393555,441,1
StandardGSGP,3caa5b60-ad3f-11ef-a390-e4a8dfc2a9a8,parkinson_updrs,22,61,11.630167961120605,0.08475017547607422,45340.0,11.645562171936035,451,1
StandardGSGP,3caa5b60-ad3f-11ef-a390-e4a8dfc2a9a8,parkinson_updrs,22,62,11.6129789352417,0.07911872863769531,45796.0,11.629556655883789,457,1
StandardGSGP,3caa5b60-ad3f-11ef-a390-e4a8dfc2a9a8,parkinson_updrs,22,63,11.612034797668457,0.08151030540466309,46488.0,11.628396987915039,465,1
StandardGSGP,3caa5b60-ad3f-11ef-a390-e4a8dfc2a9a8,parkinson_updrs,22,64,11.609723091125488,0.08259868621826172,47306.0,11.625917434692383,471,1
StandardGSGP,3caa5b60-ad3f-11ef-a390-e4a8dfc2a9a8,parkinson_updrs,22,65,11.587364196777344,0.08285856246948242,48126.0,11.600770950317383,485,1
StandardGSGP,3caa5b60-ad3f-11ef-a390-e4a8dfc2a9a8,parkinson_updrs,22,66,11.57550048828125,0.07869696617126465,48890.0,11.587555885314941,493,1
StandardGSGP,3caa5b60-ad3f-11ef-a390-e4a8dfc2a9a8,parkinson_updrs,22,67,11.57550048828125,0.08902335166931152,49552.0,11.587555885314941,493,1
StandardGSGP,3caa5b60-ad3f-11ef-a390-e4a8dfc2a9a8,parkinson_updrs,22,68,11.567126274108887,0.0774986743927002,50406.0,11.583571434020996,507,1
StandardGSGP,3caa5b60-ad3f-11ef-a390-e4a8dfc2a9a8,parkinson_updrs,22,69,11.56551456451416,0.07750821113586426,51320.0,11.574224472045898,513,1
StandardGSGP,3caa5b60-ad3f-11ef-a390-e4a8dfc2a9a8,parkinson_updrs,22,70,11.530705451965332,0.08142995834350586,51990.0,11.539377212524414,535,1
StandardGSGP,3caa5b60-ad3f-11ef-a390-e4a8dfc2a9a8,parkinson_updrs,22,71,11.530705451965332,0.08868217468261719,52630.0,11.539377212524414,535,1
StandardGSGP,3caa5b60-ad3f-11ef-a390-e4a8dfc2a9a8,parkinson_updrs,22,72,11.518627166748047,0.07819533348083496,53420.0,11.524166107177734,547,1
StandardGSGP,3caa5b60-ad3f-11ef-a390-e4a8dfc2a9a8,parkinson_updrs,22,73,11.507329940795898,0.08021140098571777,54384.0,11.512381553649902,553,1
StandardGSGP,3caa5b60-ad3f-11ef-a390-e4a8dfc2a9a8,parkinson_updrs,22,74,11.498092651367188,0.07651329040527344,55600.0,11.505597114562988,561,1
StandardGSGP,3caa5b60-ad3f-11ef-a390-e4a8dfc2a9a8,parkinson_updrs,22,75,11.491907119750977,0.07989978790283203,56442.0,11.496475219726562,565,1
StandardGSGP,3caa5b60-ad3f-11ef-a390-e4a8dfc2a9a8,parkinson_updrs,22,76,11.46575927734375,0.07748079299926758,57258.0,11.473268508911133,577,1
StandardGSGP,3caa5b60-ad3f-11ef-a390-e4a8dfc2a9a8,parkinson_updrs,22,77,11.456940650939941,0.08440661430358887,58144.0,11.463079452514648,583,1
StandardGSGP,3caa5b60-ad3f-11ef-a390-e4a8dfc2a9a8,parkinson_updrs,22,78,11.450669288635254,0.07892441749572754,58892.0,11.457907676696777,599,1
StandardGSGP,3caa5b60-ad3f-11ef-a390-e4a8dfc2a9a8,parkinson_updrs,22,79,11.446561813354492,0.07993865013122559,59724.0,11.453206062316895,599,1
StandardGSGP,3caa5b60-ad3f-11ef-a390-e4a8dfc2a9a8,parkinson_updrs,22,80,11.43386173248291,0.07809257507324219,60566.0,11.44087028503418,601,1
StandardGSGP,3caa5b60-ad3f-11ef-a390-e4a8dfc2a9a8,parkinson_updrs,22,81,11.430072784423828,0.0788118839263916,61540.0,11.434730529785156,621,1
StandardGSGP,3caa5b60-ad3f-11ef-a390-e4a8dfc2a9a8,parkinson_updrs,22,82,11.429305076599121,0.07949662208557129,62330.0,11.43393611907959,629,1
StandardGSGP,3caa5b60-ad3f-11ef-a390-e4a8dfc2a9a8,parkinson_updrs,22,83,11.415575981140137,0.08054184913635254,63034.0,11.419140815734863,635,1
StandardGSGP,3caa5b60-ad3f-11ef-a390-e4a8dfc2a9a8,parkinson_updrs,22,84,11.414651870727539,0.08220648765563965,63826.0,11.41814136505127,643,1
StandardGSGP,3caa5b60-ad3f-11ef-a390-e4a8dfc2a9a8,parkinson_updrs,22,85,11.40693187713623,0.07822537422180176,64844.0,11.411595344543457,651,1
StandardGSGP,3caa5b60-ad3f-11ef-a390-e4a8dfc2a9a8,parkinson_updrs,22,86,11.389734268188477,0.0785222053527832,65792.0,11.399827003479004,649,1
StandardGSGP,3caa5b60-ad3f-11ef-a390-e4a8dfc2a9a8,parkinson_updrs,22,87,11.384800910949707,0.08249235153198242,66570.0,11.396835327148438,655,1
StandardGSGP,3caa5b60-ad3f-11ef-a390-e4a8dfc2a9a8,parkinson_updrs,22,88,11.380757331848145,0.08118224143981934,67106.0,11.390986442565918,663,1
StandardGSGP,3caa5b60-ad3f-11ef-a390-e4a8dfc2a9a8,parkinson_updrs,22,89,11.371423721313477,0.07599496841430664,67398.0,11.382378578186035,669,1
StandardGSGP,3caa5b60-ad3f-11ef-a390-e4a8dfc2a9a8,parkinson_updrs,22,90,11.334808349609375,0.07880759239196777,67912.0,11.344254493713379,679,1
StandardGSGP,3caa5b60-ad3f-11ef-a390-e4a8dfc2a9a8,parkinson_updrs,22,91,11.334808349609375,0.08078598976135254,68518.0,11.344254493713379,679,1
StandardGSGP,3caa5b60-ad3f-11ef-a390-e4a8dfc2a9a8,parkinson_updrs,22,92,11.326891899108887,0.08415699005126953,69170.0,11.338830947875977,685,1
StandardGSGP,3caa5b60-ad3f-11ef-a390-e4a8dfc2a9a8,parkinson_updrs,22,93,11.321318626403809,0.08483529090881348,69962.0,11.33437442779541,701,1
StandardGSGP,3caa5b60-ad3f-11ef-a390-e4a8dfc2a9a8,parkinson_updrs,22,94,11.311835289001465,0.08277225494384766,70528.0,11.324045181274414,701,1
StandardGSGP,3caa5b60-ad3f-11ef-a390-e4a8dfc2a9a8,parkinson_updrs,22,95,11.311162948608398,0.08049821853637695,70914.0,11.325634956359863,715,1
StandardGSGP,3caa5b60-ad3f-11ef-a390-e4a8dfc2a9a8,parkinson_updrs,22,96,11.294801712036133,0.08374285697937012,71734.0,11.308161735534668,723,1
StandardGSGP,3caa5b60-ad3f-11ef-a390-e4a8dfc2a9a8,parkinson_updrs,22,97,11.287631034851074,0.07457256317138672,72546.0,11.301704406738281,733,1
StandardGSGP,3caa5b60-ad3f-11ef-a390-e4a8dfc2a9a8,parkinson_updrs,22,98,11.285325050354004,0.07912993431091309,73414.0,11.297107696533203,729,1
StandardGSGP,3caa5b60-ad3f-11ef-a390-e4a8dfc2a9a8,parkinson_updrs,22,99,11.276789665222168,0.08550238609313965,74272.0,11.29067611694336,749,1
StandardGSGP,3caa5b60-ad3f-11ef-a390-e4a8dfc2a9a8,parkinson_updrs,22,100,11.272769927978516,0.07850337028503418,75140.0,11.282818794250488,755,1
