StandardGSGP,ac90c98a-ad3e-11ef-9579-e4a8dfc2a9a8,parkinson_updrs,24,0,0.2927151918411255,0.12128305435180664,2176.0,0.2961050868034363,5,1
StandardGSGP,ac90c98a-ad3e-11ef-9579-e4a8dfc2a9a8,parkinson_updrs,24,1,0.2471979707479477,0.06961202621459961,1960.0,0.24629707634449005,9,1
StandardGSGP,ac90c98a-ad3e-11ef-9579-e4a8dfc2a9a8,parkinson_updrs,24,2,0.23332034051418304,0.0746316909790039,2116.0,0.23307253420352936,15,1
StandardGSGP,ac90c98a-ad3e-11ef-9579-e4a8dfc2a9a8,parkinson_updrs,24,3,0.2249717265367508,0.07715773582458496,2662.0,0.22803643345832825,21,1
StandardGSGP,ac90c98a-ad3e-11ef-9579-e4a8dfc2a9a8,parkinson_updrs,24,4,0.22207388281822205,0.07149791717529297,3254.0,0.22353073954582214,27,1
StandardGSGP,ac90c98a-ad3e-11ef-9579-e4a8dfc2a9a8,parkinson_updrs,24,5,0.21747875213623047,0.07050967216491699,3874.0,0.2227671593427658,27,1
StandardGSGP,ac90c98a-ad3e-11ef-9579-e4a8dfc2a9a8,parkinson_updrs,24,6,0.21747875213623047,0.07529425621032715,4522.0,0.2227671593427658,27,1
StandardGSGP,ac90c98a-ad3e-11ef-9579-e4a8dfc2a9a8,parkinson_updrs,24,7,0.21747875213623047,0.07747864723205566,5188.0,0.2227671593427658,27,1
StandardGSGP,ac90c98a-ad3e-11ef-9579-e4a8dfc2a9a8,parkinson_updrs,24,8,0.21734020113945007,0.07500076293945312,5972.0,0.22214993834495544,33,1
StandardGSGP,ac90c98a-ad3e-11ef-9579-e4a8dfc2a9a8,parkinson_updrs,24,9,0.21734020113945007,0.07358050346374512,6574.0,0.22214993834495544,33,1
StandardGSGP,ac90c98a-ad3e-11ef-9579-e4a8dfc2a9a8,parkinson_updrs,24,10,0.21734020113945007,0.08151626586914062,7082.0,0.22214993834495544,33,1
StandardGSGP,ac90c98a-ad3e-11ef-9579-e4a8dfc2a9a8,parkinson_updrs,24,11,0.21467553079128265,0.07960772514343262,7506.0,0.21801289916038513,77,1
StandardGSGP,ac90c98a-ad3e-11ef-9579-e4a8dfc2a9a8,parkinson_updrs,24,12,0.21376639604568481,0.07688236236572266,7916.0,0.21806490421295166,45,1
StandardGSGP,ac90c98a-ad3e-11ef-9579-e4a8dfc2a9a8,parkinson_updrs,24,13,0.21376639604568481,0.07667875289916992,8646.0,0.21806490421295166,45,1
StandardGSGP,ac90c98a-ad3e-11ef-9579-e4a8dfc2a9a8,parkinson_updrs,24,14,0.21376639604568481,0.07150721549987793,9060.0,0.21806490421295166,45,1
StandardGSGP,ac90c98a-ad3e-11ef-9579-e4a8dfc2a9a8,parkinson_updrs,24,15,0.21376639604568481,0.0705099105834961,9652.0,0.21806490421295166,45,1
StandardGSGP,ac90c98a-ad3e-11ef-9579-e4a8dfc2a9a8,parkinson_updrs,24,16,0.21376639604568481,0.07686471939086914,10268.0,0.21806490421295166,45,1
StandardGSGP,ac90c98a-ad3e-11ef-9579-e4a8dfc2a9a8,parkinson_updrs,24,17,0.21376639604568481,0.07770276069641113,10730.0,0.21806490421295166,45,1
StandardGSGP,ac90c98a-ad3e-11ef-9579-e4a8dfc2a9a8,parkinson_updrs,24,18,0.21376639604568481,0.0756525993347168,11348.0,0.21806490421295166,45,1
StandardGSGP,ac90c98a-ad3e-11ef-9579-e4a8dfc2a9a8,parkinson_updrs,24,19,0.21376639604568481,0.07349395751953125,11694.0,0.21806490421295166,45,1
StandardGSGP,ac90c98a-ad3e-11ef-9579-e4a8dfc2a9a8,parkinson_updrs,24,20,0.21376639604568481,0.07764959335327148,12376.0,0.21806490421295166,45,1
StandardGSGP,ac90c98a-ad3e-11ef-9579-e4a8dfc2a9a8,parkinson_updrs,24,21,0.21376639604568481,0.07612800598144531,13276.0,0.21806490421295166,45,1
StandardGSGP,ac90c98a-ad3e-11ef-9579-e4a8dfc2a9a8,parkinson_updrs,24,22,0.21376639604568481,0.0737466812133789,14296.0,0.21806490421295166,45,1
StandardGSGP,ac90c98a-ad3e-11ef-9579-e4a8dfc2a9a8,parkinson_updrs,24,23,0.21293377876281738,0.07479715347290039,14968.0,0.2159459888935089,57,1
StandardGSGP,ac90c98a-ad3e-11ef-9579-e4a8dfc2a9a8,parkinson_updrs,24,24,0.21293377876281738,0.0749518871307373,15392.0,0.2159459888935089,57,1
StandardGSGP,ac90c98a-ad3e-11ef-9579-e4a8dfc2a9a8,parkinson_updrs,24,25,0.21293377876281738,0.07365822792053223,15832.0,0.2159459888935089,57,1
StandardGSGP,ac90c98a-ad3e-11ef-9579-e4a8dfc2a9a8,parkinson_updrs,24,26,0.21261124312877655,0.07562589645385742,15640.0,0.2153681218624115,163,1
StandardGSGP,ac90c98a-ad3e-11ef-9579-e4a8dfc2a9a8,parkinson_updrs,24,27,0.21261124312877655,0.08475542068481445,16778.0,0.2153681218624115,163,1
StandardGSGP,ac90c98a-ad3e-11ef-9579-e4a8dfc2a9a8,parkinson_updrs,24,28,0.21261124312877655,0.07909846305847168,18216.0,0.2153681218624115,163,1
StandardGSGP,ac90c98a-ad3e-11ef-9579-e4a8dfc2a9a8,parkinson_updrs,24,29,0.21261124312877655,0.07050323486328125,18812.0,0.2153681218624115,163,1
StandardGSGP,ac90c98a-ad3e-11ef-9579-e4a8dfc2a9a8,parkinson_updrs,24,30,0.21247544884681702,0.06950974464416504,19718.0,0.21518157422542572,169,1
StandardGSGP,ac90c98a-ad3e-11ef-9579-e4a8dfc2a9a8,parkinson_updrs,24,31,0.21247544884681702,0.0775308609008789,19414.0,0.21518157422542572,169,1
StandardGSGP,ac90c98a-ad3e-11ef-9579-e4a8dfc2a9a8,parkinson_updrs,24,32,0.21176651120185852,0.07138586044311523,19874.0,0.21487325429916382,107,1
StandardGSGP,ac90c98a-ad3e-11ef-9579-e4a8dfc2a9a8,parkinson_updrs,24,33,0.21176651120185852,0.07250022888183594,20128.0,0.21487325429916382,107,1
StandardGSGP,ac90c98a-ad3e-11ef-9579-e4a8dfc2a9a8,parkinson_updrs,24,34,0.21176651120185852,0.07153844833374023,20410.0,0.21487325429916382,107,1
StandardGSGP,ac90c98a-ad3e-11ef-9579-e4a8dfc2a9a8,parkinson_updrs,24,35,0.21176651120185852,0.07753372192382812,20370.0,0.21487325429916382,107,1
StandardGSGP,ac90c98a-ad3e-11ef-9579-e4a8dfc2a9a8,parkinson_updrs,24,36,0.21176651120185852,0.07099533081054688,20456.0,0.21487325429916382,107,1
StandardGSGP,ac90c98a-ad3e-11ef-9579-e4a8dfc2a9a8,parkinson_updrs,24,37,0.21176651120185852,0.0826728343963623,20130.0,0.21487325429916382,107,1
StandardGSGP,ac90c98a-ad3e-11ef-9579-e4a8dfc2a9a8,parkinson_updrs,24,38,0.21176651120185852,0.07618856430053711,20058.0,0.21487325429916382,107,1
StandardGSGP,ac90c98a-ad3e-11ef-9579-e4a8dfc2a9a8,parkinson_updrs,24,39,0.21176651120185852,0.07457900047302246,20004.0,0.21487325429916382,107,1
StandardGSGP,ac90c98a-ad3e-11ef-9579-e4a8dfc2a9a8,parkinson_updrs,24,40,0.21176651120185852,0.07876014709472656,20768.0,0.21487325429916382,107,1
StandardGSGP,ac90c98a-ad3e-11ef-9579-e4a8dfc2a9a8,parkinson_updrs,24,41,0.20969317853450775,0.14854741096496582,21380.0,0.2130115032196045,117,1
StandardGSGP,ac90c98a-ad3e-11ef-9579-e4a8dfc2a9a8,parkinson_updrs,24,42,0.20969317853450775,0.07550954818725586,21644.0,0.2130115032196045,117,1
StandardGSGP,ac90c98a-ad3e-11ef-9579-e4a8dfc2a9a8,parkinson_updrs,24,43,0.20969317853450775,0.07049918174743652,22680.0,0.2130115032196045,117,1
StandardGSGP,ac90c98a-ad3e-11ef-9579-e4a8dfc2a9a8,parkinson_updrs,24,44,0.20969317853450775,0.07260823249816895,23342.0,0.2130115032196045,117,1
StandardGSGP,ac90c98a-ad3e-11ef-9579-e4a8dfc2a9a8,parkinson_updrs,24,45,0.20969317853450775,0.07133340835571289,24040.0,0.2130115032196045,117,1
StandardGSGP,ac90c98a-ad3e-11ef-9579-e4a8dfc2a9a8,parkinson_updrs,24,46,0.20946040749549866,0.06896352767944336,25282.0,0.21288369596004486,123,1
StandardGSGP,ac90c98a-ad3e-11ef-9579-e4a8dfc2a9a8,parkinson_updrs,24,47,0.20946040749549866,0.07200002670288086,26036.0,0.21288369596004486,123,1
StandardGSGP,ac90c98a-ad3e-11ef-9579-e4a8dfc2a9a8,parkinson_updrs,24,48,0.20946040749549866,0.0805060863494873,26208.0,0.21288369596004486,123,1
StandardGSGP,ac90c98a-ad3e-11ef-9579-e4a8dfc2a9a8,parkinson_updrs,24,49,0.20886825025081635,0.07454228401184082,25924.0,0.21246452629566193,129,1
StandardGSGP,ac90c98a-ad3e-11ef-9579-e4a8dfc2a9a8,parkinson_updrs,24,50,0.20886825025081635,0.06937170028686523,26148.0,0.21246452629566193,129,1
StandardGSGP,ac90c98a-ad3e-11ef-9579-e4a8dfc2a9a8,parkinson_updrs,24,51,0.20886825025081635,0.07526850700378418,26158.0,0.21246452629566193,129,1
StandardGSGP,ac90c98a-ad3e-11ef-9579-e4a8dfc2a9a8,parkinson_updrs,24,52,0.20886825025081635,0.07228565216064453,24682.0,0.21246452629566193,129,1
StandardGSGP,ac90c98a-ad3e-11ef-9579-e4a8dfc2a9a8,parkinson_updrs,24,53,0.20886825025081635,0.07300162315368652,24798.0,0.21246452629566193,129,1
StandardGSGP,ac90c98a-ad3e-11ef-9579-e4a8dfc2a9a8,parkinson_updrs,24,54,0.20886825025081635,0.07485222816467285,23810.0,0.21246452629566193,129,1
StandardGSGP,ac90c98a-ad3e-11ef-9579-e4a8dfc2a9a8,parkinson_updrs,24,55,0.20886825025081635,0.0759878158569336,22100.0,0.21246452629566193,129,1
StandardGSGP,ac90c98a-ad3e-11ef-9579-e4a8dfc2a9a8,parkinson_updrs,24,56,0.20886825025081635,0.0735330581665039,22282.0,0.21246452629566193,129,1
StandardGSGP,ac90c98a-ad3e-11ef-9579-e4a8dfc2a9a8,parkinson_updrs,24,57,0.20886825025081635,0.07151079177856445,21744.0,0.21246452629566193,129,1
StandardGSGP,ac90c98a-ad3e-11ef-9579-e4a8dfc2a9a8,parkinson_updrs,24,58,0.20886825025081635,0.0753164291381836,20804.0,0.21246452629566193,129,1
StandardGSGP,ac90c98a-ad3e-11ef-9579-e4a8dfc2a9a8,parkinson_updrs,24,59,0.20868152379989624,0.0711524486541748,21302.0,0.21219827234745026,145,1
StandardGSGP,ac90c98a-ad3e-11ef-9579-e4a8dfc2a9a8,parkinson_updrs,24,60,0.20868152379989624,0.07486891746520996,21982.0,0.21219827234745026,145,1
StandardGSGP,ac90c98a-ad3e-11ef-9579-e4a8dfc2a9a8,parkinson_updrs,24,61,0.20833173394203186,0.08039450645446777,22324.0,0.21171079576015472,145,1
StandardGSGP,ac90c98a-ad3e-11ef-9579-e4a8dfc2a9a8,parkinson_updrs,24,62,0.20833173394203186,0.07387566566467285,21942.0,0.21171079576015472,145,1
StandardGSGP,ac90c98a-ad3e-11ef-9579-e4a8dfc2a9a8,parkinson_updrs,24,63,0.20791222155094147,0.07941675186157227,21906.0,0.2089969515800476,225,1
StandardGSGP,ac90c98a-ad3e-11ef-9579-e4a8dfc2a9a8,parkinson_updrs,24,64,0.20791222155094147,0.0735161304473877,22722.0,0.2089969515800476,225,1
StandardGSGP,ac90c98a-ad3e-11ef-9579-e4a8dfc2a9a8,parkinson_updrs,24,65,0.20791222155094147,0.07005786895751953,23146.0,0.2089969515800476,225,1
StandardGSGP,ac90c98a-ad3e-11ef-9579-e4a8dfc2a9a8,parkinson_updrs,24,66,0.20791222155094147,0.07251262664794922,23464.0,0.2089969515800476,225,1
StandardGSGP,ac90c98a-ad3e-11ef-9579-e4a8dfc2a9a8,parkinson_updrs,24,67,0.20791222155094147,0.07778382301330566,24048.0,0.2089969515800476,225,1
StandardGSGP,ac90c98a-ad3e-11ef-9579-e4a8dfc2a9a8,parkinson_updrs,24,68,0.20791222155094147,0.07278251647949219,24458.0,0.2089969515800476,225,1
StandardGSGP,ac90c98a-ad3e-11ef-9579-e4a8dfc2a9a8,parkinson_updrs,24,69,0.20736902952194214,0.07479643821716309,25204.0,0.20898129045963287,245,1
StandardGSGP,ac90c98a-ad3e-11ef-9579-e4a8dfc2a9a8,parkinson_updrs,24,70,0.20736902952194214,0.0735013484954834,25962.0,0.20898129045963287,245,1
StandardGSGP,ac90c98a-ad3e-11ef-9579-e4a8dfc2a9a8,parkinson_updrs,24,71,0.20736902952194214,0.07802915573120117,26592.0,0.20898129045963287,245,1
StandardGSGP,ac90c98a-ad3e-11ef-9579-e4a8dfc2a9a8,parkinson_updrs,24,72,0.20736902952194214,0.07633423805236816,27396.0,0.20898129045963287,245,1
StandardGSGP,ac90c98a-ad3e-11ef-9579-e4a8dfc2a9a8,parkinson_updrs,24,73,0.20736902952194214,0.07751750946044922,27850.0,0.20898129045963287,245,1
StandardGSGP,ac90c98a-ad3e-11ef-9579-e4a8dfc2a9a8,parkinson_updrs,24,74,0.20711825788021088,0.07450032234191895,27706.0,0.20920494198799133,251,1
StandardGSGP,ac90c98a-ad3e-11ef-9579-e4a8dfc2a9a8,parkinson_updrs,24,75,0.20711825788021088,0.0809791088104248,28592.0,0.20920494198799133,251,1
StandardGSGP,ac90c98a-ad3e-11ef-9579-e4a8dfc2a9a8,parkinson_updrs,24,76,0.20711825788021088,0.07651090621948242,29138.0,0.20920494198799133,251,1
StandardGSGP,ac90c98a-ad3e-11ef-9579-e4a8dfc2a9a8,parkinson_updrs,24,77,0.20711825788021088,0.07315850257873535,29970.0,0.20920494198799133,251,1
StandardGSGP,ac90c98a-ad3e-11ef-9579-e4a8dfc2a9a8,parkinson_updrs,24,78,0.20711825788021088,0.0686807632446289,30804.0,0.20920494198799133,251,1
StandardGSGP,ac90c98a-ad3e-11ef-9579-e4a8dfc2a9a8,parkinson_updrs,24,79,0.20711825788021088,0.07159876823425293,31122.0,0.20920494198799133,251,1
StandardGSGP,ac90c98a-ad3e-11ef-9579-e4a8dfc2a9a8,parkinson_updrs,24,80,0.20711825788021088,0.07279086112976074,31140.0,0.20920494198799133,251,1
StandardGSGP,ac90c98a-ad3e-11ef-9579-e4a8dfc2a9a8,parkinson_updrs,24,81,0.20711825788021088,0.0985269546508789,32164.0,0.20920494198799133,251,1
StandardGSGP,ac90c98a-ad3e-11ef-9579-e4a8dfc2a9a8,parkinson_updrs,24,82,0.20711825788021088,0.08861947059631348,32592.0,0.20920494198799133,251,1
StandardGSGP,ac90c98a-ad3e-11ef-9579-e4a8dfc2a9a8,parkinson_updrs,24,83,0.20711825788021088,0.07608485221862793,33652.0,0.20920494198799133,251,1
StandardGSGP,ac90c98a-ad3e-11ef-9579-e4a8dfc2a9a8,parkinson_updrs,24,84,0.20711825788021088,0.07450056076049805,33964.0,0.20920494198799133,251,1
StandardGSGP,ac90c98a-ad3e-11ef-9579-e4a8dfc2a9a8,parkinson_updrs,24,85,0.20711825788021088,0.07550740242004395,33938.0,0.20920494198799133,251,1
StandardGSGP,ac90c98a-ad3e-11ef-9579-e4a8dfc2a9a8,parkinson_updrs,24,86,0.20711825788021088,0.07432007789611816,33470.0,0.20920494198799133,251,1
StandardGSGP,ac90c98a-ad3e-11ef-9579-e4a8dfc2a9a8,parkinson_updrs,24,87,0.20711825788021088,0.07997965812683105,33604.0,0.20920494198799133,251,1
StandardGSGP,ac90c98a-ad3e-11ef-9579-e4a8dfc2a9a8,parkinson_updrs,24,88,0.2065766155719757,0.07564282417297363,34800.0,0.20835870504379272,259,1
StandardGSGP,ac90c98a-ad3e-11ef-9579-e4a8dfc2a9a8,parkinson_updrs,24,89,0.2065766155719757,0.07593131065368652,35006.0,0.20835870504379272,259,1
StandardGSGP,ac90c98a-ad3e-11ef-9579-e4a8dfc2a9a8,parkinson_updrs,24,90,0.20649400353431702,0.07278180122375488,33760.0,0.20823785662651062,267,1
StandardGSGP,ac90c98a-ad3e-11ef-9579-e4a8dfc2a9a8,parkinson_updrs,24,91,0.20649400353431702,0.07307624816894531,34252.0,0.20823785662651062,267,1
StandardGSGP,ac90c98a-ad3e-11ef-9579-e4a8dfc2a9a8,parkinson_updrs,24,92,0.20649400353431702,0.07076621055603027,35312.0,0.20823785662651062,267,1
StandardGSGP,ac90c98a-ad3e-11ef-9579-e4a8dfc2a9a8,parkinson_updrs,24,93,0.20641914010047913,0.07847094535827637,34856.0,0.20780810713768005,275,1
StandardGSGP,ac90c98a-ad3e-11ef-9579-e4a8dfc2a9a8,parkinson_updrs,24,94,0.20641914010047913,0.07351160049438477,34288.0,0.20780810713768005,275,1
StandardGSGP,ac90c98a-ad3e-11ef-9579-e4a8dfc2a9a8,parkinson_updrs,24,95,0.20641914010047913,0.07350778579711914,34012.0,0.20780810713768005,275,1
StandardGSGP,ac90c98a-ad3e-11ef-9579-e4a8dfc2a9a8,parkinson_updrs,24,96,0.20641914010047913,0.07319259643554688,33362.0,0.20780810713768005,275,1
StandardGSGP,ac90c98a-ad3e-11ef-9579-e4a8dfc2a9a8,parkinson_updrs,24,97,0.20607726275920868,0.07475399971008301,32894.0,0.20832763612270355,293,1
StandardGSGP,ac90c98a-ad3e-11ef-9579-e4a8dfc2a9a8,parkinson_updrs,24,98,0.20607726275920868,0.07851171493530273,33496.0,0.20832763612270355,293,1
StandardGSGP,ac90c98a-ad3e-11ef-9579-e4a8dfc2a9a8,parkinson_updrs,24,99,0.20607726275920868,0.08419680595397949,33470.0,0.20832763612270355,293,1
StandardGSGP,ac90c98a-ad3e-11ef-9579-e4a8dfc2a9a8,parkinson_updrs,24,100,0.20607726275920868,0.07451486587524414,33598.0,0.20832763612270355,293,1
StandardGSGP,47203ce0-ad3f-11ef-865f-e4a8dfc2a9a8,parkinson_updrs,24,0,13.831609725952148,0.07301521301269531,1368.0,14.220413208007812,7,1
StandardGSGP,47203ce0-ad3f-11ef-865f-e4a8dfc2a9a8,parkinson_updrs,24,1,13.780868530273438,0.0835416316986084,1640.0,14.16826343536377,15,1
StandardGSGP,47203ce0-ad3f-11ef-865f-e4a8dfc2a9a8,parkinson_updrs,24,2,13.639485359191895,0.08450841903686523,2306.0,14.022344589233398,19,1
StandardGSGP,47203ce0-ad3f-11ef-865f-e4a8dfc2a9a8,parkinson_updrs,24,3,13.62985610961914,0.08499956130981445,3006.0,14.012656211853027,29,1
StandardGSGP,47203ce0-ad3f-11ef-865f-e4a8dfc2a9a8,parkinson_updrs,24,4,13.52527141571045,0.08349990844726562,3580.0,13.904242515563965,37,1
StandardGSGP,47203ce0-ad3f-11ef-865f-e4a8dfc2a9a8,parkinson_updrs,24,5,13.220805168151855,0.0845344066619873,4314.0,13.589049339294434,47,1
StandardGSGP,47203ce0-ad3f-11ef-865f-e4a8dfc2a9a8,parkinson_updrs,24,6,13.147985458374023,0.08193135261535645,5026.0,13.513084411621094,55,1
StandardGSGP,47203ce0-ad3f-11ef-865f-e4a8dfc2a9a8,parkinson_updrs,24,7,13.029539108276367,0.08442425727844238,5784.0,13.389101028442383,63,1
StandardGSGP,47203ce0-ad3f-11ef-865f-e4a8dfc2a9a8,parkinson_updrs,24,8,12.797723770141602,0.07753944396972656,6626.0,13.1448392868042,75,1
StandardGSGP,47203ce0-ad3f-11ef-865f-e4a8dfc2a9a8,parkinson_updrs,24,9,12.655749320983887,0.08143353462219238,7580.0,12.993643760681152,81,1
StandardGSGP,47203ce0-ad3f-11ef-865f-e4a8dfc2a9a8,parkinson_updrs,24,10,12.46347427368164,0.0777120590209961,8506.0,12.786709785461426,87,1
StandardGSGP,47203ce0-ad3f-11ef-865f-e4a8dfc2a9a8,parkinson_updrs,24,11,12.365314483642578,0.07551121711730957,9326.0,12.676867485046387,97,1
StandardGSGP,47203ce0-ad3f-11ef-865f-e4a8dfc2a9a8,parkinson_updrs,24,12,12.303855895996094,0.08854198455810547,10124.0,12.609134674072266,103,1
StandardGSGP,47203ce0-ad3f-11ef-865f-e4a8dfc2a9a8,parkinson_updrs,24,13,12.206350326538086,0.07451891899108887,10870.0,12.497958183288574,117,1
StandardGSGP,47203ce0-ad3f-11ef-865f-e4a8dfc2a9a8,parkinson_updrs,24,14,12.160606384277344,0.0803072452545166,11774.0,12.444497108459473,123,1
StandardGSGP,47203ce0-ad3f-11ef-865f-e4a8dfc2a9a8,parkinson_updrs,24,15,12.109397888183594,0.08066868782043457,12782.0,12.385937690734863,123,1
StandardGSGP,47203ce0-ad3f-11ef-865f-e4a8dfc2a9a8,parkinson_updrs,24,16,12.079401969909668,0.07442378997802734,13624.0,12.349833488464355,129,1
StandardGSGP,47203ce0-ad3f-11ef-865f-e4a8dfc2a9a8,parkinson_updrs,24,17,12.044939994812012,0.07773208618164062,14320.0,12.304694175720215,131,1
StandardGSGP,47203ce0-ad3f-11ef-865f-e4a8dfc2a9a8,parkinson_updrs,24,18,12.016401290893555,0.07950568199157715,14946.0,12.267146110534668,141,1
StandardGSGP,47203ce0-ad3f-11ef-865f-e4a8dfc2a9a8,parkinson_updrs,24,19,11.991902351379395,0.07984399795532227,15488.0,12.228114128112793,151,1
StandardGSGP,47203ce0-ad3f-11ef-865f-e4a8dfc2a9a8,parkinson_updrs,24,20,11.984721183776855,0.0794377326965332,15922.0,12.233158111572266,163,1
StandardGSGP,47203ce0-ad3f-11ef-865f-e4a8dfc2a9a8,parkinson_updrs,24,21,11.968692779541016,0.07899618148803711,16490.0,12.208953857421875,173,1
StandardGSGP,47203ce0-ad3f-11ef-865f-e4a8dfc2a9a8,parkinson_updrs,24,22,11.919520378112793,0.07799458503723145,17222.0,12.147781372070312,179,1
StandardGSGP,47203ce0-ad3f-11ef-865f-e4a8dfc2a9a8,parkinson_updrs,24,23,11.916156768798828,0.07838034629821777,18046.0,12.146146774291992,185,1
StandardGSGP,47203ce0-ad3f-11ef-865f-e4a8dfc2a9a8,parkinson_updrs,24,24,11.900981903076172,0.08250951766967773,19032.0,12.120970726013184,193,1
StandardGSGP,47203ce0-ad3f-11ef-865f-e4a8dfc2a9a8,parkinson_updrs,24,25,11.88893985748291,0.08133745193481445,19928.0,12.098865509033203,199,1
StandardGSGP,47203ce0-ad3f-11ef-865f-e4a8dfc2a9a8,parkinson_updrs,24,26,11.88893985748291,0.07748675346374512,20584.0,12.098865509033203,199,1
StandardGSGP,47203ce0-ad3f-11ef-865f-e4a8dfc2a9a8,parkinson_updrs,24,27,11.880040168762207,0.0769965648651123,21408.0,12.090324401855469,207,1
StandardGSGP,47203ce0-ad3f-11ef-865f-e4a8dfc2a9a8,parkinson_updrs,24,28,11.879613876342773,0.07950687408447266,22126.0,12.092528343200684,215,1
StandardGSGP,47203ce0-ad3f-11ef-865f-e4a8dfc2a9a8,parkinson_updrs,24,29,11.87602710723877,0.07551121711730957,22316.0,12.08470630645752,227,1
StandardGSGP,47203ce0-ad3f-11ef-865f-e4a8dfc2a9a8,parkinson_updrs,24,30,11.85735034942627,0.08051037788391113,23002.0,12.053938865661621,231,1
StandardGSGP,47203ce0-ad3f-11ef-865f-e4a8dfc2a9a8,parkinson_updrs,24,31,11.843633651733398,0.07851052284240723,23722.0,12.05296802520752,235,1
StandardGSGP,47203ce0-ad3f-11ef-865f-e4a8dfc2a9a8,parkinson_updrs,24,32,11.824039459228516,0.0755147933959961,24610.0,12.035188674926758,245,1
StandardGSGP,47203ce0-ad3f-11ef-865f-e4a8dfc2a9a8,parkinson_updrs,24,33,11.822933197021484,0.08045840263366699,25366.0,12.034148216247559,253,1
StandardGSGP,47203ce0-ad3f-11ef-865f-e4a8dfc2a9a8,parkinson_updrs,24,34,11.821512222290039,0.08195757865905762,25806.0,12.039592742919922,259,1
StandardGSGP,47203ce0-ad3f-11ef-865f-e4a8dfc2a9a8,parkinson_updrs,24,35,11.809732437133789,0.07874727249145508,26592.0,12.016311645507812,271,1
StandardGSGP,47203ce0-ad3f-11ef-865f-e4a8dfc2a9a8,parkinson_updrs,24,36,11.809395790100098,0.08050370216369629,27418.0,12.012514114379883,271,1
StandardGSGP,47203ce0-ad3f-11ef-865f-e4a8dfc2a9a8,parkinson_updrs,24,37,11.790352821350098,0.08223104476928711,28204.0,11.998537063598633,285,1
StandardGSGP,47203ce0-ad3f-11ef-865f-e4a8dfc2a9a8,parkinson_updrs,24,38,11.788993835449219,0.07914280891418457,28932.0,11.989762306213379,293,1
StandardGSGP,47203ce0-ad3f-11ef-865f-e4a8dfc2a9a8,parkinson_updrs,24,39,11.78187084197998,0.08714818954467773,29696.0,11.98945140838623,291,1
StandardGSGP,47203ce0-ad3f-11ef-865f-e4a8dfc2a9a8,parkinson_updrs,24,40,11.760787010192871,0.08116459846496582,30380.0,11.969036102294922,313,1
StandardGSGP,47203ce0-ad3f-11ef-865f-e4a8dfc2a9a8,parkinson_updrs,24,41,11.757760047912598,0.07460832595825195,30934.0,11.962843894958496,319,1
StandardGSGP,47203ce0-ad3f-11ef-865f-e4a8dfc2a9a8,parkinson_updrs,24,42,11.752190589904785,0.08051323890686035,31726.0,11.949228286743164,325,1
StandardGSGP,47203ce0-ad3f-11ef-865f-e4a8dfc2a9a8,parkinson_updrs,24,43,11.749221801757812,0.07651472091674805,32732.0,11.949987411499023,333,1
StandardGSGP,47203ce0-ad3f-11ef-865f-e4a8dfc2a9a8,parkinson_updrs,24,44,11.739853858947754,0.07650876045227051,33586.0,11.94504165649414,337,1
StandardGSGP,47203ce0-ad3f-11ef-865f-e4a8dfc2a9a8,parkinson_updrs,24,45,11.73335075378418,0.08399796485900879,34406.0,11.95007038116455,341,1
StandardGSGP,47203ce0-ad3f-11ef-865f-e4a8dfc2a9a8,parkinson_updrs,24,46,11.729394912719727,0.08056402206420898,35310.0,11.947449684143066,347,1
StandardGSGP,47203ce0-ad3f-11ef-865f-e4a8dfc2a9a8,parkinson_updrs,24,47,11.69951057434082,0.08239054679870605,35978.0,11.906975746154785,353,1
StandardGSGP,47203ce0-ad3f-11ef-865f-e4a8dfc2a9a8,parkinson_updrs,24,48,11.68990707397461,0.07750439643859863,36594.0,11.903154373168945,361,1
StandardGSGP,47203ce0-ad3f-11ef-865f-e4a8dfc2a9a8,parkinson_updrs,24,49,11.672213554382324,0.07730507850646973,37334.0,11.90274715423584,391,1
StandardGSGP,47203ce0-ad3f-11ef-865f-e4a8dfc2a9a8,parkinson_updrs,24,50,11.659993171691895,0.0779123306274414,38094.0,11.874075889587402,401,1
StandardGSGP,47203ce0-ad3f-11ef-865f-e4a8dfc2a9a8,parkinson_updrs,24,51,11.641521453857422,0.08100104331970215,39448.0,11.85324478149414,411,1
StandardGSGP,47203ce0-ad3f-11ef-865f-e4a8dfc2a9a8,parkinson_updrs,24,52,11.633397102355957,0.08180785179138184,40810.0,11.84232234954834,415,1
StandardGSGP,47203ce0-ad3f-11ef-865f-e4a8dfc2a9a8,parkinson_updrs,24,53,11.625056266784668,0.08285260200500488,42144.0,11.83576488494873,415,1
StandardGSGP,47203ce0-ad3f-11ef-865f-e4a8dfc2a9a8,parkinson_updrs,24,54,11.597336769104004,0.10409235954284668,43076.0,11.795614242553711,423,1
StandardGSGP,47203ce0-ad3f-11ef-865f-e4a8dfc2a9a8,parkinson_updrs,24,55,11.591814994812012,0.10118508338928223,43348.0,11.788118362426758,429,1
StandardGSGP,47203ce0-ad3f-11ef-865f-e4a8dfc2a9a8,parkinson_updrs,24,56,11.583789825439453,0.0860741138458252,43930.0,11.775284767150879,437,1
StandardGSGP,47203ce0-ad3f-11ef-865f-e4a8dfc2a9a8,parkinson_updrs,24,57,11.560585021972656,0.08450913429260254,44616.0,11.761415481567383,443,1
StandardGSGP,47203ce0-ad3f-11ef-865f-e4a8dfc2a9a8,parkinson_updrs,24,58,11.559110641479492,0.16638779640197754,45130.0,11.760897636413574,453,1
StandardGSGP,47203ce0-ad3f-11ef-865f-e4a8dfc2a9a8,parkinson_updrs,24,59,11.54267692565918,0.0835103988647461,45854.0,11.740896224975586,465,1
StandardGSGP,47203ce0-ad3f-11ef-865f-e4a8dfc2a9a8,parkinson_updrs,24,60,11.537453651428223,0.11455154418945312,46364.0,11.734617233276367,471,1
StandardGSGP,47203ce0-ad3f-11ef-865f-e4a8dfc2a9a8,parkinson_updrs,24,61,11.531098365783691,0.08583354949951172,47086.0,11.716601371765137,473,1
StandardGSGP,47203ce0-ad3f-11ef-865f-e4a8dfc2a9a8,parkinson_updrs,24,62,11.526015281677246,0.0835115909576416,48142.0,11.724876403808594,489,1
StandardGSGP,47203ce0-ad3f-11ef-865f-e4a8dfc2a9a8,parkinson_updrs,24,63,11.515315055847168,0.08206629753112793,48938.0,11.707472801208496,493,1
StandardGSGP,47203ce0-ad3f-11ef-865f-e4a8dfc2a9a8,parkinson_updrs,24,64,11.512478828430176,0.08601760864257812,49748.0,11.70317268371582,503,1
StandardGSGP,47203ce0-ad3f-11ef-865f-e4a8dfc2a9a8,parkinson_updrs,24,65,11.491238594055176,0.08301162719726562,50470.0,11.68046760559082,501,1
StandardGSGP,47203ce0-ad3f-11ef-865f-e4a8dfc2a9a8,parkinson_updrs,24,66,11.485588073730469,0.08635401725769043,51188.0,11.662504196166992,537,1
StandardGSGP,47203ce0-ad3f-11ef-865f-e4a8dfc2a9a8,parkinson_updrs,24,67,11.481822967529297,0.0905771255493164,51884.0,11.677376747131348,507,1
StandardGSGP,47203ce0-ad3f-11ef-865f-e4a8dfc2a9a8,parkinson_updrs,24,68,11.471152305603027,0.08546853065490723,52778.0,11.664151191711426,517,1
StandardGSGP,47203ce0-ad3f-11ef-865f-e4a8dfc2a9a8,parkinson_updrs,24,69,11.45921516418457,0.09563493728637695,53868.0,11.64652156829834,561,1
StandardGSGP,47203ce0-ad3f-11ef-865f-e4a8dfc2a9a8,parkinson_updrs,24,70,11.456576347351074,0.09009122848510742,54848.0,11.625899314880371,567,1
StandardGSGP,47203ce0-ad3f-11ef-865f-e4a8dfc2a9a8,parkinson_updrs,24,71,11.440668106079102,0.0978693962097168,55944.0,11.617572784423828,573,1
StandardGSGP,47203ce0-ad3f-11ef-865f-e4a8dfc2a9a8,parkinson_updrs,24,72,11.429255485534668,0.0865926742553711,57468.0,11.618053436279297,589,1
StandardGSGP,47203ce0-ad3f-11ef-865f-e4a8dfc2a9a8,parkinson_updrs,24,73,11.422367095947266,0.09587526321411133,58244.0,11.594866752624512,595,1
StandardGSGP,47203ce0-ad3f-11ef-865f-e4a8dfc2a9a8,parkinson_updrs,24,74,11.410347938537598,0.08649921417236328,58956.0,11.599250793457031,601,1
StandardGSGP,47203ce0-ad3f-11ef-865f-e4a8dfc2a9a8,parkinson_updrs,24,75,11.409420013427734,0.08031439781188965,60208.0,11.595492362976074,609,1
StandardGSGP,47203ce0-ad3f-11ef-865f-e4a8dfc2a9a8,parkinson_updrs,24,76,11.401575088500977,0.08237791061401367,61290.0,11.56956672668457,615,1
StandardGSGP,47203ce0-ad3f-11ef-865f-e4a8dfc2a9a8,parkinson_updrs,24,77,11.354342460632324,0.08900666236877441,62404.0,11.54412841796875,629,1
StandardGSGP,47203ce0-ad3f-11ef-865f-e4a8dfc2a9a8,parkinson_updrs,24,78,11.346335411071777,0.09283280372619629,63088.0,11.52014446258545,633,1
StandardGSGP,47203ce0-ad3f-11ef-865f-e4a8dfc2a9a8,parkinson_updrs,24,79,11.344535827636719,0.10641765594482422,63760.0,11.519719123840332,641,1
StandardGSGP,47203ce0-ad3f-11ef-865f-e4a8dfc2a9a8,parkinson_updrs,24,80,11.34002685546875,0.09063458442687988,64782.0,11.513572692871094,641,1
StandardGSGP,47203ce0-ad3f-11ef-865f-e4a8dfc2a9a8,parkinson_updrs,24,81,11.339442253112793,0.08850717544555664,65720.0,11.518168449401855,649,1
StandardGSGP,47203ce0-ad3f-11ef-865f-e4a8dfc2a9a8,parkinson_updrs,24,82,11.302858352661133,0.07998061180114746,66126.0,11.485963821411133,655,1
StandardGSGP,47203ce0-ad3f-11ef-865f-e4a8dfc2a9a8,parkinson_updrs,24,83,11.293550491333008,0.08109498023986816,66722.0,11.472996711730957,663,1
StandardGSGP,47203ce0-ad3f-11ef-865f-e4a8dfc2a9a8,parkinson_updrs,24,84,11.288763999938965,0.08899521827697754,67498.0,11.466815948486328,669,1
StandardGSGP,47203ce0-ad3f-11ef-865f-e4a8dfc2a9a8,parkinson_updrs,24,85,11.265615463256836,0.07868647575378418,67836.0,11.434138298034668,671,1
StandardGSGP,47203ce0-ad3f-11ef-865f-e4a8dfc2a9a8,parkinson_updrs,24,86,11.265615463256836,0.08669805526733398,68576.0,11.434138298034668,671,1
StandardGSGP,47203ce0-ad3f-11ef-865f-e4a8dfc2a9a8,parkinson_updrs,24,87,11.263334274291992,0.0759885311126709,69110.0,11.42939567565918,677,1
StandardGSGP,47203ce0-ad3f-11ef-865f-e4a8dfc2a9a8,parkinson_updrs,24,88,11.250277519226074,0.08817625045776367,69816.0,11.428567886352539,683,1
StandardGSGP,47203ce0-ad3f-11ef-865f-e4a8dfc2a9a8,parkinson_updrs,24,89,11.250043869018555,0.08678150177001953,70176.0,11.421092987060547,719,1
StandardGSGP,47203ce0-ad3f-11ef-865f-e4a8dfc2a9a8,parkinson_updrs,24,90,11.248297691345215,0.07749724388122559,70568.0,11.415361404418945,695,1
StandardGSGP,47203ce0-ad3f-11ef-865f-e4a8dfc2a9a8,parkinson_updrs,24,91,11.239295959472656,0.07451128959655762,71248.0,11.408260345458984,725,1
StandardGSGP,47203ce0-ad3f-11ef-865f-e4a8dfc2a9a8,parkinson_updrs,24,92,11.237041473388672,0.08102560043334961,71722.0,11.400794982910156,703,1
StandardGSGP,47203ce0-ad3f-11ef-865f-e4a8dfc2a9a8,parkinson_updrs,24,93,11.227096557617188,0.09487175941467285,72594.0,11.396153450012207,721,1
StandardGSGP,47203ce0-ad3f-11ef-865f-e4a8dfc2a9a8,parkinson_updrs,24,94,11.22371768951416,0.08674764633178711,73534.0,11.393049240112305,743,1
StandardGSGP,47203ce0-ad3f-11ef-865f-e4a8dfc2a9a8,parkinson_updrs,24,95,11.220050811767578,0.07868123054504395,74086.0,11.376922607421875,761,1
StandardGSGP,47203ce0-ad3f-11ef-865f-e4a8dfc2a9a8,parkinson_updrs,24,96,11.201759338378906,0.08006477355957031,75060.0,11.356426239013672,749,1
StandardGSGP,47203ce0-ad3f-11ef-865f-e4a8dfc2a9a8,parkinson_updrs,24,97,11.194314002990723,0.08281183242797852,76494.0,11.354669570922852,763,1
StandardGSGP,47203ce0-ad3f-11ef-865f-e4a8dfc2a9a8,parkinson_updrs,24,98,11.191564559936523,0.08650779724121094,76894.0,11.357430458068848,769,1
StandardGSGP,47203ce0-ad3f-11ef-865f-e4a8dfc2a9a8,parkinson_updrs,24,99,11.170619010925293,0.08420395851135254,77778.0,11.341530799865723,777,1
StandardGSGP,47203ce0-ad3f-11ef-865f-e4a8dfc2a9a8,parkinson_updrs,24,100,11.170619010925293,0.08036565780639648,78464.0,11.341530799865723,777,1
