StandardGSGP,b638841e-ad3e-11ef-8854-e4a8dfc2a9a8,parkinson_updrs,26,0,0.2562241852283478,0.10786008834838867,2152.0,0.25182750821113586,3,1
StandardGSGP,b638841e-ad3e-11ef-8854-e4a8dfc2a9a8,parkinson_updrs,26,1,0.22406041622161865,0.07401585578918457,2268.0,0.22456525266170502,11,1
StandardGSGP,b638841e-ad3e-11ef-8854-e4a8dfc2a9a8,parkinson_updrs,26,2,0.22406041622161865,0.0726931095123291,2528.0,0.22456525266170502,11,1
StandardGSGP,b638841e-ad3e-11ef-8854-e4a8dfc2a9a8,parkinson_updrs,26,3,0.22406041622161865,0.07570910453796387,2846.0,0.22456525266170502,11,1
StandardGSGP,b638841e-ad3e-11ef-8854-e4a8dfc2a9a8,parkinson_updrs,26,4,0.22406041622161865,0.07400679588317871,3548.0,0.22456525266170502,11,1
StandardGSGP,b638841e-ad3e-11ef-8854-e4a8dfc2a9a8,parkinson_updrs,26,5,0.2217087298631668,0.07535314559936523,4140.0,0.21992312371730804,47,1
StandardGSGP,b638841e-ad3e-11ef-8854-e4a8dfc2a9a8,parkinson_updrs,26,6,0.2217087298631668,0.08557629585266113,4732.0,0.21992312371730804,47,1
StandardGSGP,b638841e-ad3e-11ef-8854-e4a8dfc2a9a8,parkinson_updrs,26,7,0.2217087298631668,0.07600998878479004,5204.0,0.21992312371730804,47,1
StandardGSGP,b638841e-ad3e-11ef-8854-e4a8dfc2a9a8,parkinson_updrs,26,8,0.2217087298631668,0.07552576065063477,5714.0,0.21992312371730804,47,1
StandardGSGP,b638841e-ad3e-11ef-8854-e4a8dfc2a9a8,parkinson_updrs,26,9,0.2186717987060547,0.08172345161437988,6354.0,0.21737024188041687,65,1
StandardGSGP,b638841e-ad3e-11ef-8854-e4a8dfc2a9a8,parkinson_updrs,26,10,0.2186717987060547,0.06940603256225586,6886.0,0.21737024188041687,65,1
StandardGSGP,b638841e-ad3e-11ef-8854-e4a8dfc2a9a8,parkinson_updrs,26,11,0.2186717987060547,0.07126116752624512,7464.0,0.21737024188041687,65,1
StandardGSGP,b638841e-ad3e-11ef-8854-e4a8dfc2a9a8,parkinson_updrs,26,12,0.21867117285728455,0.08355093002319336,8028.0,0.21732783317565918,71,1
StandardGSGP,b638841e-ad3e-11ef-8854-e4a8dfc2a9a8,parkinson_updrs,26,13,0.21867117285728455,0.07849001884460449,8576.0,0.21732783317565918,71,1
StandardGSGP,b638841e-ad3e-11ef-8854-e4a8dfc2a9a8,parkinson_updrs,26,14,0.21867117285728455,0.07252025604248047,9074.0,0.21732783317565918,71,1
StandardGSGP,b638841e-ad3e-11ef-8854-e4a8dfc2a9a8,parkinson_updrs,26,15,0.21679502725601196,0.07135868072509766,9662.0,0.21361228823661804,77,1
StandardGSGP,b638841e-ad3e-11ef-8854-e4a8dfc2a9a8,parkinson_updrs,26,16,0.21679502725601196,0.07046341896057129,10214.0,0.21361228823661804,77,1
StandardGSGP,b638841e-ad3e-11ef-8854-e4a8dfc2a9a8,parkinson_updrs,26,17,0.2166929394006729,0.07399845123291016,10730.0,0.21350054442882538,85,1
StandardGSGP,b638841e-ad3e-11ef-8854-e4a8dfc2a9a8,parkinson_updrs,26,18,0.2166929394006729,0.07378149032592773,11124.0,0.21350054442882538,85,1
StandardGSGP,b638841e-ad3e-11ef-8854-e4a8dfc2a9a8,parkinson_updrs,26,19,0.2166929394006729,0.07236051559448242,11410.0,0.21350054442882538,85,1
StandardGSGP,b638841e-ad3e-11ef-8854-e4a8dfc2a9a8,parkinson_updrs,26,20,0.21535880863666534,0.07781171798706055,12108.0,0.21067161858081818,129,1
StandardGSGP,b638841e-ad3e-11ef-8854-e4a8dfc2a9a8,parkinson_updrs,26,21,0.21535880863666534,0.08126664161682129,12924.0,0.21067161858081818,129,1
StandardGSGP,b638841e-ad3e-11ef-8854-e4a8dfc2a9a8,parkinson_updrs,26,22,0.21535880863666534,0.07267236709594727,13526.0,0.21067161858081818,129,1
StandardGSGP,b638841e-ad3e-11ef-8854-e4a8dfc2a9a8,parkinson_updrs,26,23,0.21535880863666534,0.0785057544708252,14346.0,0.21067161858081818,129,1
StandardGSGP,b638841e-ad3e-11ef-8854-e4a8dfc2a9a8,parkinson_updrs,26,24,0.21535880863666534,0.07403326034545898,14758.0,0.21067161858081818,129,1
StandardGSGP,b638841e-ad3e-11ef-8854-e4a8dfc2a9a8,parkinson_updrs,26,25,0.21535880863666534,0.08051204681396484,15178.0,0.21067161858081818,129,1
StandardGSGP,b638841e-ad3e-11ef-8854-e4a8dfc2a9a8,parkinson_updrs,26,26,0.21535880863666534,0.08084917068481445,15588.0,0.21067161858081818,129,1
StandardGSGP,b638841e-ad3e-11ef-8854-e4a8dfc2a9a8,parkinson_updrs,26,27,0.21535880863666534,0.07048988342285156,16396.0,0.21067161858081818,129,1
StandardGSGP,b638841e-ad3e-11ef-8854-e4a8dfc2a9a8,parkinson_updrs,26,28,0.21535880863666534,0.07485485076904297,16946.0,0.21067161858081818,129,1
StandardGSGP,b638841e-ad3e-11ef-8854-e4a8dfc2a9a8,parkinson_updrs,26,29,0.21535880863666534,0.07350397109985352,17790.0,0.21067161858081818,129,1
StandardGSGP,b638841e-ad3e-11ef-8854-e4a8dfc2a9a8,parkinson_updrs,26,30,0.21535880863666534,0.07370114326477051,18460.0,0.21067161858081818,129,1
StandardGSGP,b638841e-ad3e-11ef-8854-e4a8dfc2a9a8,parkinson_updrs,26,31,0.2151651233434677,0.07304143905639648,18764.0,0.21008709073066711,201,1
StandardGSGP,b638841e-ad3e-11ef-8854-e4a8dfc2a9a8,parkinson_updrs,26,32,0.2151651233434677,0.06950640678405762,19126.0,0.21008709073066711,201,1
StandardGSGP,b638841e-ad3e-11ef-8854-e4a8dfc2a9a8,parkinson_updrs,26,33,0.2151651233434677,0.14719343185424805,20196.0,0.21008709073066711,201,1
StandardGSGP,b638841e-ad3e-11ef-8854-e4a8dfc2a9a8,parkinson_updrs,26,34,0.2151651233434677,0.07814669609069824,20894.0,0.21008709073066711,201,1
StandardGSGP,b638841e-ad3e-11ef-8854-e4a8dfc2a9a8,parkinson_updrs,26,35,0.2151651233434677,0.07111144065856934,21526.0,0.21008709073066711,201,1
StandardGSGP,b638841e-ad3e-11ef-8854-e4a8dfc2a9a8,parkinson_updrs,26,36,0.21396347880363464,0.0765385627746582,22406.0,0.20895974338054657,209,1
StandardGSGP,b638841e-ad3e-11ef-8854-e4a8dfc2a9a8,parkinson_updrs,26,37,0.2122517079114914,0.07050347328186035,22960.0,0.20690105855464935,221,1
StandardGSGP,b638841e-ad3e-11ef-8854-e4a8dfc2a9a8,parkinson_updrs,26,38,0.2122517079114914,0.07000255584716797,23666.0,0.20690105855464935,221,1
StandardGSGP,b638841e-ad3e-11ef-8854-e4a8dfc2a9a8,parkinson_updrs,26,39,0.2122517079114914,0.07050037384033203,24234.0,0.20690105855464935,221,1
StandardGSGP,b638841e-ad3e-11ef-8854-e4a8dfc2a9a8,parkinson_updrs,26,40,0.2122517079114914,0.06950783729553223,25198.0,0.20690105855464935,221,1
StandardGSGP,b638841e-ad3e-11ef-8854-e4a8dfc2a9a8,parkinson_updrs,26,41,0.2122517079114914,0.07506465911865234,25832.0,0.20690105855464935,221,1
StandardGSGP,b638841e-ad3e-11ef-8854-e4a8dfc2a9a8,parkinson_updrs,26,42,0.2122517079114914,0.07515573501586914,26566.0,0.20690105855464935,221,1
StandardGSGP,b638841e-ad3e-11ef-8854-e4a8dfc2a9a8,parkinson_updrs,26,43,0.2122517079114914,0.07299184799194336,27426.0,0.20690105855464935,221,1
StandardGSGP,b638841e-ad3e-11ef-8854-e4a8dfc2a9a8,parkinson_updrs,26,44,0.2120160162448883,0.0765082836151123,27666.0,0.20670442283153534,227,1
StandardGSGP,b638841e-ad3e-11ef-8854-e4a8dfc2a9a8,parkinson_updrs,26,45,0.21181195974349976,0.07350778579711914,28172.0,0.2066328227519989,235,1
StandardGSGP,b638841e-ad3e-11ef-8854-e4a8dfc2a9a8,parkinson_updrs,26,46,0.21181195974349976,0.072174072265625,28320.0,0.2066328227519989,235,1
StandardGSGP,b638841e-ad3e-11ef-8854-e4a8dfc2a9a8,parkinson_updrs,26,47,0.21181195974349976,0.07108616828918457,28662.0,0.2066328227519989,235,1
StandardGSGP,b638841e-ad3e-11ef-8854-e4a8dfc2a9a8,parkinson_updrs,26,48,0.21173466742038727,0.0785069465637207,29178.0,0.20641140639781952,293,1
StandardGSGP,b638841e-ad3e-11ef-8854-e4a8dfc2a9a8,parkinson_updrs,26,49,0.21173466742038727,0.07777810096740723,29364.0,0.20641140639781952,293,1
StandardGSGP,b638841e-ad3e-11ef-8854-e4a8dfc2a9a8,parkinson_updrs,26,50,0.21173466742038727,0.0731801986694336,30070.0,0.20641140639781952,293,1
StandardGSGP,b638841e-ad3e-11ef-8854-e4a8dfc2a9a8,parkinson_updrs,26,51,0.21173466742038727,0.07323503494262695,30316.0,0.20641140639781952,293,1
StandardGSGP,b638841e-ad3e-11ef-8854-e4a8dfc2a9a8,parkinson_updrs,26,52,0.21173466742038727,0.0715322494506836,31250.0,0.20641140639781952,293,1
StandardGSGP,b638841e-ad3e-11ef-8854-e4a8dfc2a9a8,parkinson_updrs,26,53,0.21173466742038727,0.07550668716430664,31810.0,0.20641140639781952,293,1
StandardGSGP,b638841e-ad3e-11ef-8854-e4a8dfc2a9a8,parkinson_updrs,26,54,0.21173466742038727,0.08250641822814941,32612.0,0.20641140639781952,293,1
StandardGSGP,b638841e-ad3e-11ef-8854-e4a8dfc2a9a8,parkinson_updrs,26,55,0.21165798604488373,0.0759270191192627,32742.0,0.2063191533088684,301,1
StandardGSGP,b638841e-ad3e-11ef-8854-e4a8dfc2a9a8,parkinson_updrs,26,56,0.21165798604488373,0.07000517845153809,33478.0,0.2063191533088684,301,1
StandardGSGP,b638841e-ad3e-11ef-8854-e4a8dfc2a9a8,parkinson_updrs,26,57,0.21165798604488373,0.07350397109985352,33416.0,0.2063191533088684,301,1
StandardGSGP,b638841e-ad3e-11ef-8854-e4a8dfc2a9a8,parkinson_updrs,26,58,0.21134606003761292,0.07282090187072754,33600.0,0.2058965563774109,315,1
StandardGSGP,b638841e-ad3e-11ef-8854-e4a8dfc2a9a8,parkinson_updrs,26,59,0.21134606003761292,0.07632088661193848,34216.0,0.2058965563774109,315,1
StandardGSGP,b638841e-ad3e-11ef-8854-e4a8dfc2a9a8,parkinson_updrs,26,60,0.21134606003761292,0.06957507133483887,35176.0,0.2058965563774109,315,1
StandardGSGP,b638841e-ad3e-11ef-8854-e4a8dfc2a9a8,parkinson_updrs,26,61,0.21134606003761292,0.07409191131591797,36130.0,0.2058965563774109,315,1
StandardGSGP,b638841e-ad3e-11ef-8854-e4a8dfc2a9a8,parkinson_updrs,26,62,0.21134606003761292,0.07743263244628906,36820.0,0.2058965563774109,315,1
StandardGSGP,b638841e-ad3e-11ef-8854-e4a8dfc2a9a8,parkinson_updrs,26,63,0.21134606003761292,0.07250523567199707,37674.0,0.2058965563774109,315,1
StandardGSGP,b638841e-ad3e-11ef-8854-e4a8dfc2a9a8,parkinson_updrs,26,64,0.21134606003761292,0.08001494407653809,37974.0,0.2058965563774109,315,1
StandardGSGP,b638841e-ad3e-11ef-8854-e4a8dfc2a9a8,parkinson_updrs,26,65,0.21089810132980347,0.07764458656311035,38972.0,0.2051241397857666,371,1
StandardGSGP,b638841e-ad3e-11ef-8854-e4a8dfc2a9a8,parkinson_updrs,26,66,0.21089810132980347,0.07685613632202148,39656.0,0.2051241397857666,371,1
StandardGSGP,b638841e-ad3e-11ef-8854-e4a8dfc2a9a8,parkinson_updrs,26,67,0.21089810132980347,0.07451820373535156,40168.0,0.2051241397857666,371,1
StandardGSGP,b638841e-ad3e-11ef-8854-e4a8dfc2a9a8,parkinson_updrs,26,68,0.21089810132980347,0.08209395408630371,40302.0,0.2051241397857666,371,1
StandardGSGP,b638841e-ad3e-11ef-8854-e4a8dfc2a9a8,parkinson_updrs,26,69,0.21089810132980347,0.07150959968566895,41304.0,0.2051241397857666,371,1
StandardGSGP,b638841e-ad3e-11ef-8854-e4a8dfc2a9a8,parkinson_updrs,26,70,0.21089810132980347,0.07000112533569336,41492.0,0.2051241397857666,371,1
StandardGSGP,b638841e-ad3e-11ef-8854-e4a8dfc2a9a8,parkinson_updrs,26,71,0.21089810132980347,0.07350492477416992,42226.0,0.2051241397857666,371,1
StandardGSGP,b638841e-ad3e-11ef-8854-e4a8dfc2a9a8,parkinson_updrs,26,72,0.2108905166387558,0.07050490379333496,42520.0,0.20518814027309418,379,1
StandardGSGP,b638841e-ad3e-11ef-8854-e4a8dfc2a9a8,parkinson_updrs,26,73,0.2108905166387558,0.07750082015991211,42214.0,0.20518814027309418,379,1
StandardGSGP,b638841e-ad3e-11ef-8854-e4a8dfc2a9a8,parkinson_updrs,26,74,0.2108905166387558,0.07750535011291504,42400.0,0.20518814027309418,379,1
StandardGSGP,b638841e-ad3e-11ef-8854-e4a8dfc2a9a8,parkinson_updrs,26,75,0.2108905166387558,0.07453680038452148,42550.0,0.20518814027309418,379,1
StandardGSGP,b638841e-ad3e-11ef-8854-e4a8dfc2a9a8,parkinson_updrs,26,76,0.2108905166387558,0.06951236724853516,43214.0,0.20518814027309418,379,1
StandardGSGP,b638841e-ad3e-11ef-8854-e4a8dfc2a9a8,parkinson_updrs,26,77,0.2108905166387558,0.07050895690917969,44216.0,0.20518814027309418,379,1
StandardGSGP,b638841e-ad3e-11ef-8854-e4a8dfc2a9a8,parkinson_updrs,26,78,0.2108905166387558,0.07250642776489258,44984.0,0.20518814027309418,379,1
StandardGSGP,b638841e-ad3e-11ef-8854-e4a8dfc2a9a8,parkinson_updrs,26,79,0.2108905166387558,0.08043360710144043,45712.0,0.20518814027309418,379,1
StandardGSGP,b638841e-ad3e-11ef-8854-e4a8dfc2a9a8,parkinson_updrs,26,80,0.2108905166387558,0.07476353645324707,46322.0,0.20518814027309418,379,1
StandardGSGP,b638841e-ad3e-11ef-8854-e4a8dfc2a9a8,parkinson_updrs,26,81,0.2108905166387558,0.07118773460388184,46734.0,0.20518814027309418,379,1
StandardGSGP,b638841e-ad3e-11ef-8854-e4a8dfc2a9a8,parkinson_updrs,26,82,0.2108905166387558,0.07053542137145996,47864.0,0.20518814027309418,379,1
StandardGSGP,b638841e-ad3e-11ef-8854-e4a8dfc2a9a8,parkinson_updrs,26,83,0.2108905166387558,0.07400202751159668,47774.0,0.20518814027309418,379,1
StandardGSGP,b638841e-ad3e-11ef-8854-e4a8dfc2a9a8,parkinson_updrs,26,84,0.2108905166387558,0.07149624824523926,48584.0,0.20518814027309418,379,1
StandardGSGP,b638841e-ad3e-11ef-8854-e4a8dfc2a9a8,parkinson_updrs,26,85,0.2108905166387558,0.07151079177856445,49110.0,0.20518814027309418,379,1
StandardGSGP,b638841e-ad3e-11ef-8854-e4a8dfc2a9a8,parkinson_updrs,26,86,0.2108905166387558,0.06930160522460938,49608.0,0.20518814027309418,379,1
StandardGSGP,b638841e-ad3e-11ef-8854-e4a8dfc2a9a8,parkinson_updrs,26,87,0.21043121814727783,0.07476687431335449,50246.0,0.20468001067638397,385,1
StandardGSGP,b638841e-ad3e-11ef-8854-e4a8dfc2a9a8,parkinson_updrs,26,88,0.21043121814727783,0.07320642471313477,50354.0,0.20468001067638397,385,1
StandardGSGP,b638841e-ad3e-11ef-8854-e4a8dfc2a9a8,parkinson_updrs,26,89,0.21043121814727783,0.07141327857971191,51696.0,0.20468001067638397,385,1
StandardGSGP,b638841e-ad3e-11ef-8854-e4a8dfc2a9a8,parkinson_updrs,26,90,0.21043121814727783,0.07316970825195312,51690.0,0.20468001067638397,385,1
StandardGSGP,b638841e-ad3e-11ef-8854-e4a8dfc2a9a8,parkinson_updrs,26,91,0.21043121814727783,0.07399559020996094,52754.0,0.20468001067638397,385,1
StandardGSGP,b638841e-ad3e-11ef-8854-e4a8dfc2a9a8,parkinson_updrs,26,92,0.21043121814727783,0.07199883460998535,51822.0,0.20468001067638397,385,1
StandardGSGP,b638841e-ad3e-11ef-8854-e4a8dfc2a9a8,parkinson_updrs,26,93,0.21043121814727783,0.06950497627258301,52256.0,0.20468001067638397,385,1
StandardGSGP,b638841e-ad3e-11ef-8854-e4a8dfc2a9a8,parkinson_updrs,26,94,0.20979894697666168,0.07161736488342285,50568.0,0.2036617398262024,395,1
StandardGSGP,b638841e-ad3e-11ef-8854-e4a8dfc2a9a8,parkinson_updrs,26,95,0.20979894697666168,0.07205748558044434,49830.0,0.2036617398262024,395,1
StandardGSGP,b638841e-ad3e-11ef-8854-e4a8dfc2a9a8,parkinson_updrs,26,96,0.20979894697666168,0.07256293296813965,49678.0,0.2036617398262024,395,1
StandardGSGP,b638841e-ad3e-11ef-8854-e4a8dfc2a9a8,parkinson_updrs,26,97,0.20979894697666168,0.07276034355163574,49482.0,0.2036617398262024,395,1
StandardGSGP,b638841e-ad3e-11ef-8854-e4a8dfc2a9a8,parkinson_updrs,26,98,0.20979894697666168,0.06950926780700684,49526.0,0.2036617398262024,395,1
StandardGSGP,b638841e-ad3e-11ef-8854-e4a8dfc2a9a8,parkinson_updrs,26,99,0.20979894697666168,0.07275629043579102,48310.0,0.2036617398262024,395,1
StandardGSGP,b638841e-ad3e-11ef-8854-e4a8dfc2a9a8,parkinson_updrs,26,100,0.2094537913799286,0.07200431823730469,48446.0,0.20308762788772583,401,1
StandardGSGP,519a8504-ad3f-11ef-a087-e4a8dfc2a9a8,parkinson_updrs,26,0,15.306556701660156,0.07300162315368652,1364.0,15.383313179016113,3,1
StandardGSGP,519a8504-ad3f-11ef-a087-e4a8dfc2a9a8,parkinson_updrs,26,1,15.217202186584473,0.07999992370605469,1654.0,15.295384407043457,9,1
StandardGSGP,519a8504-ad3f-11ef-a087-e4a8dfc2a9a8,parkinson_updrs,26,2,15.088379859924316,0.07883167266845703,2748.0,15.167855262756348,15,1
StandardGSGP,519a8504-ad3f-11ef-a087-e4a8dfc2a9a8,parkinson_updrs,26,3,14.786489486694336,0.07929825782775879,2792.0,14.871160507202148,21,1
StandardGSGP,519a8504-ad3f-11ef-a087-e4a8dfc2a9a8,parkinson_updrs,26,4,14.578398704528809,0.08150577545166016,2842.0,14.667339324951172,27,1
StandardGSGP,519a8504-ad3f-11ef-a087-e4a8dfc2a9a8,parkinson_updrs,26,5,14.376640319824219,0.0735015869140625,3450.0,14.46876049041748,35,1
StandardGSGP,519a8504-ad3f-11ef-a087-e4a8dfc2a9a8,parkinson_updrs,26,6,14.062665939331055,0.07799887657165527,4278.0,14.16002082824707,41,1
StandardGSGP,519a8504-ad3f-11ef-a087-e4a8dfc2a9a8,parkinson_updrs,26,7,13.821521759033203,0.07250404357910156,4954.0,13.923200607299805,49,1
StandardGSGP,519a8504-ad3f-11ef-a087-e4a8dfc2a9a8,parkinson_updrs,26,8,13.767074584960938,0.07696127891540527,5552.0,13.866268157958984,59,1
StandardGSGP,519a8504-ad3f-11ef-a087-e4a8dfc2a9a8,parkinson_updrs,26,9,13.465140342712402,0.0806894302368164,6222.0,13.573812484741211,63,1
StandardGSGP,519a8504-ad3f-11ef-a087-e4a8dfc2a9a8,parkinson_updrs,26,10,13.395623207092285,0.0785074234008789,6956.0,13.502250671386719,69,1
StandardGSGP,519a8504-ad3f-11ef-a087-e4a8dfc2a9a8,parkinson_updrs,26,11,13.309191703796387,0.07599735260009766,7740.0,13.421452522277832,75,1
StandardGSGP,519a8504-ad3f-11ef-a087-e4a8dfc2a9a8,parkinson_updrs,26,12,13.214622497558594,0.08118653297424316,8370.0,13.32824420928955,81,1
StandardGSGP,519a8504-ad3f-11ef-a087-e4a8dfc2a9a8,parkinson_updrs,26,13,12.970646858215332,0.08078622817993164,8966.0,13.082837104797363,101,1
StandardGSGP,519a8504-ad3f-11ef-a087-e4a8dfc2a9a8,parkinson_updrs,26,14,12.961021423339844,0.07550811767578125,9602.0,13.07475471496582,99,1
StandardGSGP,519a8504-ad3f-11ef-a087-e4a8dfc2a9a8,parkinson_updrs,26,15,12.757081031799316,0.07751035690307617,10344.0,12.88366413116455,115,1
StandardGSGP,519a8504-ad3f-11ef-a087-e4a8dfc2a9a8,parkinson_updrs,26,16,12.751472473144531,0.08536005020141602,11136.0,12.871345520019531,117,1
StandardGSGP,519a8504-ad3f-11ef-a087-e4a8dfc2a9a8,parkinson_updrs,26,17,12.539222717285156,0.08045291900634766,11962.0,12.662131309509277,113,1
StandardGSGP,519a8504-ad3f-11ef-a087-e4a8dfc2a9a8,parkinson_updrs,26,18,12.448198318481445,0.07720065116882324,12688.0,12.573905944824219,119,1
StandardGSGP,519a8504-ad3f-11ef-a087-e4a8dfc2a9a8,parkinson_updrs,26,19,12.42076587677002,0.08137869834899902,13432.0,12.558786392211914,133,1
StandardGSGP,519a8504-ad3f-11ef-a087-e4a8dfc2a9a8,parkinson_updrs,26,20,12.338306427001953,0.0765070915222168,14022.0,12.4679536819458,137,1
StandardGSGP,519a8504-ad3f-11ef-a087-e4a8dfc2a9a8,parkinson_updrs,26,21,12.283382415771484,0.07733368873596191,14472.0,12.41617488861084,141,1
StandardGSGP,519a8504-ad3f-11ef-a087-e4a8dfc2a9a8,parkinson_updrs,26,22,12.232260704040527,0.08050131797790527,15022.0,12.367192268371582,145,1
StandardGSGP,519a8504-ad3f-11ef-a087-e4a8dfc2a9a8,parkinson_updrs,26,23,12.191973686218262,0.09697294235229492,15578.0,12.329005241394043,153,1
StandardGSGP,519a8504-ad3f-11ef-a087-e4a8dfc2a9a8,parkinson_updrs,26,24,12.111855506896973,0.07799482345581055,16164.0,12.248750686645508,155,1
StandardGSGP,519a8504-ad3f-11ef-a087-e4a8dfc2a9a8,parkinson_updrs,26,25,12.05778694152832,0.08265042304992676,16704.0,12.193592071533203,171,1
StandardGSGP,519a8504-ad3f-11ef-a087-e4a8dfc2a9a8,parkinson_updrs,26,26,12.024274826049805,0.08422255516052246,17414.0,12.163692474365234,179,1
StandardGSGP,519a8504-ad3f-11ef-a087-e4a8dfc2a9a8,parkinson_updrs,26,27,12.014845848083496,0.0866541862487793,18250.0,12.159046173095703,185,1
StandardGSGP,519a8504-ad3f-11ef-a087-e4a8dfc2a9a8,parkinson_updrs,26,28,12.001029014587402,0.08108305931091309,18994.0,12.14168930053711,187,1
StandardGSGP,519a8504-ad3f-11ef-a087-e4a8dfc2a9a8,parkinson_updrs,26,29,11.973082542419434,0.07550525665283203,19660.0,12.106040954589844,197,1
StandardGSGP,519a8504-ad3f-11ef-a087-e4a8dfc2a9a8,parkinson_updrs,26,30,11.970613479614258,0.0799102783203125,20300.0,12.1033935546875,203,1
StandardGSGP,519a8504-ad3f-11ef-a087-e4a8dfc2a9a8,parkinson_updrs,26,31,11.924108505249023,0.0774679183959961,20898.0,12.05536937713623,215,1
StandardGSGP,519a8504-ad3f-11ef-a087-e4a8dfc2a9a8,parkinson_updrs,26,32,11.922812461853027,0.07551121711730957,21628.0,12.054974555969238,221,1
StandardGSGP,519a8504-ad3f-11ef-a087-e4a8dfc2a9a8,parkinson_updrs,26,33,11.914811134338379,0.08354806900024414,22458.0,12.044455528259277,231,1
StandardGSGP,519a8504-ad3f-11ef-a087-e4a8dfc2a9a8,parkinson_updrs,26,34,11.904927253723145,0.07683253288269043,23458.0,12.03392219543457,239,1
StandardGSGP,519a8504-ad3f-11ef-a087-e4a8dfc2a9a8,parkinson_updrs,26,35,11.880782127380371,0.07366132736206055,24380.0,12.009322166442871,247,1
StandardGSGP,519a8504-ad3f-11ef-a087-e4a8dfc2a9a8,parkinson_updrs,26,36,11.880693435668945,0.08083057403564453,25274.0,12.008865356445312,255,1
StandardGSGP,519a8504-ad3f-11ef-a087-e4a8dfc2a9a8,parkinson_updrs,26,37,11.879209518432617,0.07689261436462402,25952.0,12.006869316101074,261,1
StandardGSGP,519a8504-ad3f-11ef-a087-e4a8dfc2a9a8,parkinson_updrs,26,38,11.866742134094238,0.07855558395385742,26788.0,11.991833686828613,269,1
StandardGSGP,519a8504-ad3f-11ef-a087-e4a8dfc2a9a8,parkinson_updrs,26,39,11.86410903930664,0.08186554908752441,27482.0,11.989583969116211,273,1
StandardGSGP,519a8504-ad3f-11ef-a087-e4a8dfc2a9a8,parkinson_updrs,26,40,11.843954086303711,0.07900285720825195,28050.0,11.952995300292969,281,1
StandardGSGP,519a8504-ad3f-11ef-a087-e4a8dfc2a9a8,parkinson_updrs,26,41,11.826488494873047,0.07667732238769531,28738.0,11.932785034179688,291,1
StandardGSGP,519a8504-ad3f-11ef-a087-e4a8dfc2a9a8,parkinson_updrs,26,42,11.824268341064453,0.0809934139251709,29390.0,11.929335594177246,297,1
StandardGSGP,519a8504-ad3f-11ef-a087-e4a8dfc2a9a8,parkinson_updrs,26,43,11.796308517456055,0.08217811584472656,30222.0,11.903656959533691,303,1
StandardGSGP,519a8504-ad3f-11ef-a087-e4a8dfc2a9a8,parkinson_updrs,26,44,11.784136772155762,0.0781409740447998,31002.0,11.888781547546387,319,1
StandardGSGP,519a8504-ad3f-11ef-a087-e4a8dfc2a9a8,parkinson_updrs,26,45,11.710389137268066,0.07981085777282715,31976.0,11.814043998718262,323,1
StandardGSGP,519a8504-ad3f-11ef-a087-e4a8dfc2a9a8,parkinson_updrs,26,46,11.710389137268066,0.08208370208740234,32754.0,11.814043998718262,323,1
StandardGSGP,519a8504-ad3f-11ef-a087-e4a8dfc2a9a8,parkinson_updrs,26,47,11.705865859985352,0.1528942584991455,33546.0,11.804287910461426,337,1
StandardGSGP,519a8504-ad3f-11ef-a087-e4a8dfc2a9a8,parkinson_updrs,26,48,11.699549674987793,0.08207297325134277,34414.0,11.801469802856445,335,1
StandardGSGP,519a8504-ad3f-11ef-a087-e4a8dfc2a9a8,parkinson_updrs,26,49,11.694673538208008,0.07974815368652344,35154.0,11.790982246398926,351,1
StandardGSGP,519a8504-ad3f-11ef-a087-e4a8dfc2a9a8,parkinson_updrs,26,50,11.683897018432617,0.08351325988769531,35818.0,11.78040885925293,359,1
StandardGSGP,519a8504-ad3f-11ef-a087-e4a8dfc2a9a8,parkinson_updrs,26,51,11.671119689941406,0.07850933074951172,36386.0,11.76999568939209,353,1
StandardGSGP,519a8504-ad3f-11ef-a087-e4a8dfc2a9a8,parkinson_updrs,26,52,11.670598030090332,0.07577133178710938,37404.0,11.76933479309082,359,1
StandardGSGP,519a8504-ad3f-11ef-a087-e4a8dfc2a9a8,parkinson_updrs,26,53,11.642739295959473,0.08059501647949219,38252.0,11.732417106628418,389,1
StandardGSGP,519a8504-ad3f-11ef-a087-e4a8dfc2a9a8,parkinson_updrs,26,54,11.642739295959473,0.08104848861694336,38610.0,11.732417106628418,389,1
StandardGSGP,519a8504-ad3f-11ef-a087-e4a8dfc2a9a8,parkinson_updrs,26,55,11.628758430480957,0.08224296569824219,38984.0,11.715163230895996,401,1
StandardGSGP,519a8504-ad3f-11ef-a087-e4a8dfc2a9a8,parkinson_updrs,26,56,11.628758430480957,0.07851195335388184,40290.0,11.715163230895996,401,1
StandardGSGP,519a8504-ad3f-11ef-a087-e4a8dfc2a9a8,parkinson_updrs,26,57,11.62523078918457,0.0826425552368164,41756.0,11.709588050842285,421,1
StandardGSGP,519a8504-ad3f-11ef-a087-e4a8dfc2a9a8,parkinson_updrs,26,58,11.599924087524414,0.07400035858154297,42396.0,11.678854942321777,427,1
StandardGSGP,519a8504-ad3f-11ef-a087-e4a8dfc2a9a8,parkinson_updrs,26,59,11.599924087524414,0.0774996280670166,43032.0,11.678854942321777,427,1
StandardGSGP,519a8504-ad3f-11ef-a087-e4a8dfc2a9a8,parkinson_updrs,26,60,11.577352523803711,0.07551002502441406,43776.0,11.655142784118652,439,1
StandardGSGP,519a8504-ad3f-11ef-a087-e4a8dfc2a9a8,parkinson_updrs,26,61,11.576467514038086,0.07575106620788574,44210.0,11.654058456420898,445,1
StandardGSGP,519a8504-ad3f-11ef-a087-e4a8dfc2a9a8,parkinson_updrs,26,62,11.571942329406738,0.08059072494506836,44884.0,11.650912284851074,463,1
StandardGSGP,519a8504-ad3f-11ef-a087-e4a8dfc2a9a8,parkinson_updrs,26,63,11.552470207214355,0.08085179328918457,45864.0,11.61907958984375,471,1
StandardGSGP,519a8504-ad3f-11ef-a087-e4a8dfc2a9a8,parkinson_updrs,26,64,11.545610427856445,0.08077096939086914,46710.0,11.611884117126465,477,1
StandardGSGP,519a8504-ad3f-11ef-a087-e4a8dfc2a9a8,parkinson_updrs,26,65,11.521636009216309,0.08150172233581543,47684.0,11.58987045288086,487,1
StandardGSGP,519a8504-ad3f-11ef-a087-e4a8dfc2a9a8,parkinson_updrs,26,66,11.506908416748047,0.08636665344238281,48808.0,11.56874942779541,495,1
StandardGSGP,519a8504-ad3f-11ef-a087-e4a8dfc2a9a8,parkinson_updrs,26,67,11.503948211669922,0.09055972099304199,49958.0,11.566879272460938,503,1
StandardGSGP,519a8504-ad3f-11ef-a087-e4a8dfc2a9a8,parkinson_updrs,26,68,11.494064331054688,0.07750630378723145,50788.0,11.55810546875,507,1
StandardGSGP,519a8504-ad3f-11ef-a087-e4a8dfc2a9a8,parkinson_updrs,26,69,11.4867525100708,0.07851719856262207,51414.0,11.547711372375488,513,1
StandardGSGP,519a8504-ad3f-11ef-a087-e4a8dfc2a9a8,parkinson_updrs,26,70,11.485877990722656,0.07599902153015137,52062.0,11.54720401763916,519,1
StandardGSGP,519a8504-ad3f-11ef-a087-e4a8dfc2a9a8,parkinson_updrs,26,71,11.475662231445312,0.08010554313659668,52714.0,11.535202026367188,527,1
StandardGSGP,519a8504-ad3f-11ef-a087-e4a8dfc2a9a8,parkinson_updrs,26,72,11.471354484558105,0.08155393600463867,53382.0,11.53039836883545,535,1
StandardGSGP,519a8504-ad3f-11ef-a087-e4a8dfc2a9a8,parkinson_updrs,26,73,11.461597442626953,0.08480691909790039,54002.0,11.521122932434082,537,1
StandardGSGP,519a8504-ad3f-11ef-a087-e4a8dfc2a9a8,parkinson_updrs,26,74,11.447253227233887,0.08420085906982422,54748.0,11.502470970153809,543,1
StandardGSGP,519a8504-ad3f-11ef-a087-e4a8dfc2a9a8,parkinson_updrs,26,75,11.445046424865723,0.08489203453063965,55466.0,11.501468658447266,553,1
StandardGSGP,519a8504-ad3f-11ef-a087-e4a8dfc2a9a8,parkinson_updrs,26,76,11.429327964782715,0.08819794654846191,56248.0,11.482149124145508,559,1
StandardGSGP,519a8504-ad3f-11ef-a087-e4a8dfc2a9a8,parkinson_updrs,26,77,11.407297134399414,0.08150911331176758,57034.0,11.461709976196289,567,1
StandardGSGP,519a8504-ad3f-11ef-a087-e4a8dfc2a9a8,parkinson_updrs,26,78,11.402397155761719,0.07925176620483398,57732.0,11.462129592895508,577,1
StandardGSGP,519a8504-ad3f-11ef-a087-e4a8dfc2a9a8,parkinson_updrs,26,79,11.40124225616455,0.07793426513671875,58252.0,11.456562995910645,579,1
StandardGSGP,519a8504-ad3f-11ef-a087-e4a8dfc2a9a8,parkinson_updrs,26,80,11.393898963928223,0.07953166961669922,58758.0,11.444891929626465,589,1
StandardGSGP,519a8504-ad3f-11ef-a087-e4a8dfc2a9a8,parkinson_updrs,26,81,11.392436981201172,0.08327817916870117,59360.0,11.451574325561523,595,1
StandardGSGP,519a8504-ad3f-11ef-a087-e4a8dfc2a9a8,parkinson_updrs,26,82,11.384699821472168,0.0774989128112793,60106.0,11.434600830078125,597,1
StandardGSGP,519a8504-ad3f-11ef-a087-e4a8dfc2a9a8,parkinson_updrs,26,83,11.365456581115723,0.0795598030090332,60834.0,11.414926528930664,613,1
StandardGSGP,519a8504-ad3f-11ef-a087-e4a8dfc2a9a8,parkinson_updrs,26,84,11.349098205566406,0.07798075675964355,61474.0,11.38729190826416,617,1
StandardGSGP,519a8504-ad3f-11ef-a087-e4a8dfc2a9a8,parkinson_updrs,26,85,11.345519065856934,0.08180475234985352,62108.0,11.385355949401855,623,1
StandardGSGP,519a8504-ad3f-11ef-a087-e4a8dfc2a9a8,parkinson_updrs,26,86,11.34533405303955,0.10531735420227051,62874.0,11.384814262390137,631,1
StandardGSGP,519a8504-ad3f-11ef-a087-e4a8dfc2a9a8,parkinson_updrs,26,87,11.3395414352417,0.0773630142211914,63596.0,11.379002571105957,641,1
StandardGSGP,519a8504-ad3f-11ef-a087-e4a8dfc2a9a8,parkinson_updrs,26,88,11.3295316696167,0.08396267890930176,64564.0,11.366369247436523,649,1
StandardGSGP,519a8504-ad3f-11ef-a087-e4a8dfc2a9a8,parkinson_updrs,26,89,11.327591896057129,0.08636784553527832,65296.0,11.363035202026367,657,1
StandardGSGP,519a8504-ad3f-11ef-a087-e4a8dfc2a9a8,parkinson_updrs,26,90,11.315694808959961,0.08717036247253418,66082.0,11.353546142578125,663,1
StandardGSGP,519a8504-ad3f-11ef-a087-e4a8dfc2a9a8,parkinson_updrs,26,91,11.286232948303223,0.09432816505432129,66922.0,11.308619499206543,675,1
StandardGSGP,519a8504-ad3f-11ef-a087-e4a8dfc2a9a8,parkinson_updrs,26,92,11.278963088989258,0.08850741386413574,67876.0,11.310517311096191,683,1
StandardGSGP,519a8504-ad3f-11ef-a087-e4a8dfc2a9a8,parkinson_updrs,26,93,11.265968322753906,0.08252334594726562,68598.0,11.299553871154785,689,1
StandardGSGP,519a8504-ad3f-11ef-a087-e4a8dfc2a9a8,parkinson_updrs,26,94,11.259472846984863,0.07835268974304199,69484.0,11.29145336151123,701,1
StandardGSGP,519a8504-ad3f-11ef-a087-e4a8dfc2a9a8,parkinson_updrs,26,95,11.257206916809082,0.08073210716247559,70506.0,11.29053783416748,707,1
StandardGSGP,519a8504-ad3f-11ef-a087-e4a8dfc2a9a8,parkinson_updrs,26,96,11.247342109680176,0.07851314544677734,71338.0,11.278911590576172,713,1
StandardGSGP,519a8504-ad3f-11ef-a087-e4a8dfc2a9a8,parkinson_updrs,26,97,11.238953590393066,0.08150458335876465,71944.0,11.266469955444336,721,1
StandardGSGP,519a8504-ad3f-11ef-a087-e4a8dfc2a9a8,parkinson_updrs,26,98,11.238953590393066,0.07626724243164062,72548.0,11.266469955444336,721,1
StandardGSGP,519a8504-ad3f-11ef-a087-e4a8dfc2a9a8,parkinson_updrs,26,99,11.230704307556152,0.07999992370605469,73230.0,11.263463973999023,745,1
StandardGSGP,519a8504-ad3f-11ef-a087-e4a8dfc2a9a8,parkinson_updrs,26,100,11.22754192352295,0.07433509826660156,73836.0,11.257843971252441,733,1
