StandardGSGP,bafbd2fe-ad3e-11ef-92d3-e4a8dfc2a9a8,parkinson_updrs,27,0,0.26689955592155457,0.19492149353027344,2154.0,0.26810067892074585,3,1
StandardGSGP,bafbd2fe-ad3e-11ef-92d3-e4a8dfc2a9a8,parkinson_updrs,27,1,0.2504650950431824,0.0709993839263916,1866.0,0.24980153143405914,13,1
StandardGSGP,bafbd2fe-ad3e-11ef-92d3-e4a8dfc2a9a8,parkinson_updrs,27,2,0.23335285484790802,0.08435416221618652,2062.0,0.23291994631290436,19,1
StandardGSGP,bafbd2fe-ad3e-11ef-92d3-e4a8dfc2a9a8,parkinson_updrs,27,3,0.23335285484790802,0.07162117958068848,2684.0,0.23291994631290436,19,1
StandardGSGP,bafbd2fe-ad3e-11ef-92d3-e4a8dfc2a9a8,parkinson_updrs,27,4,0.22644683718681335,0.07489919662475586,3478.0,0.2267831414937973,35,1
StandardGSGP,bafbd2fe-ad3e-11ef-92d3-e4a8dfc2a9a8,parkinson_updrs,27,5,0.2250249683856964,0.07555341720581055,4170.0,0.22551606595516205,47,1
StandardGSGP,bafbd2fe-ad3e-11ef-92d3-e4a8dfc2a9a8,parkinson_updrs,27,6,0.22468532621860504,0.07433962821960449,4832.0,0.2252495139837265,41,1
StandardGSGP,bafbd2fe-ad3e-11ef-92d3-e4a8dfc2a9a8,parkinson_updrs,27,7,0.22468532621860504,0.07476973533630371,5544.0,0.2252495139837265,41,1
StandardGSGP,bafbd2fe-ad3e-11ef-92d3-e4a8dfc2a9a8,parkinson_updrs,27,8,0.22468532621860504,0.07268595695495605,6178.0,0.2252495139837265,41,1
StandardGSGP,bafbd2fe-ad3e-11ef-92d3-e4a8dfc2a9a8,parkinson_updrs,27,9,0.22468532621860504,0.07249641418457031,6838.0,0.2252495139837265,41,1
StandardGSGP,bafbd2fe-ad3e-11ef-92d3-e4a8dfc2a9a8,parkinson_updrs,27,10,0.2222672551870346,0.07200074195861816,7540.0,0.22051623463630676,71,1
StandardGSGP,bafbd2fe-ad3e-11ef-92d3-e4a8dfc2a9a8,parkinson_updrs,27,11,0.22185736894607544,0.07668185234069824,8136.0,0.2197784185409546,77,1
StandardGSGP,bafbd2fe-ad3e-11ef-92d3-e4a8dfc2a9a8,parkinson_updrs,27,12,0.21780584752559662,0.07337260246276855,8968.0,0.21704398095607758,83,1
StandardGSGP,bafbd2fe-ad3e-11ef-92d3-e4a8dfc2a9a8,parkinson_updrs,27,13,0.21780584752559662,0.0695033073425293,9624.0,0.21704398095607758,83,1
StandardGSGP,bafbd2fe-ad3e-11ef-92d3-e4a8dfc2a9a8,parkinson_updrs,27,14,0.21780584752559662,0.07451391220092773,10444.0,0.21704398095607758,83,1
StandardGSGP,bafbd2fe-ad3e-11ef-92d3-e4a8dfc2a9a8,parkinson_updrs,27,15,0.21772857010364532,0.07399940490722656,11016.0,0.21753907203674316,89,1
StandardGSGP,bafbd2fe-ad3e-11ef-92d3-e4a8dfc2a9a8,parkinson_updrs,27,16,0.21732687950134277,0.07451367378234863,11676.0,0.21670253574848175,89,1
StandardGSGP,bafbd2fe-ad3e-11ef-92d3-e4a8dfc2a9a8,parkinson_updrs,27,17,0.21622908115386963,0.0737457275390625,12516.0,0.21545782685279846,101,1
StandardGSGP,bafbd2fe-ad3e-11ef-92d3-e4a8dfc2a9a8,parkinson_updrs,27,18,0.21622908115386963,0.07138681411743164,12938.0,0.21545782685279846,101,1
StandardGSGP,bafbd2fe-ad3e-11ef-92d3-e4a8dfc2a9a8,parkinson_updrs,27,19,0.21607428789138794,0.07177996635437012,13366.0,0.215293750166893,109,1
StandardGSGP,bafbd2fe-ad3e-11ef-92d3-e4a8dfc2a9a8,parkinson_updrs,27,20,0.21606238186359406,0.07151913642883301,14120.0,0.21528080105781555,119,1
StandardGSGP,bafbd2fe-ad3e-11ef-92d3-e4a8dfc2a9a8,parkinson_updrs,27,21,0.21606238186359406,0.07143259048461914,14706.0,0.21528080105781555,119,1
StandardGSGP,bafbd2fe-ad3e-11ef-92d3-e4a8dfc2a9a8,parkinson_updrs,27,22,0.2154991328716278,0.07150840759277344,15018.0,0.2155594527721405,129,1
StandardGSGP,bafbd2fe-ad3e-11ef-92d3-e4a8dfc2a9a8,parkinson_updrs,27,23,0.2154991328716278,0.07300424575805664,15482.0,0.2155594527721405,129,1
StandardGSGP,bafbd2fe-ad3e-11ef-92d3-e4a8dfc2a9a8,parkinson_updrs,27,24,0.2154991328716278,0.07129311561584473,15930.0,0.2155594527721405,129,1
StandardGSGP,bafbd2fe-ad3e-11ef-92d3-e4a8dfc2a9a8,parkinson_updrs,27,25,0.21529321372509003,0.07398009300231934,16516.0,0.21540473401546478,135,1
StandardGSGP,bafbd2fe-ad3e-11ef-92d3-e4a8dfc2a9a8,parkinson_updrs,27,26,0.21529321372509003,0.07950901985168457,16868.0,0.21540473401546478,135,1
StandardGSGP,bafbd2fe-ad3e-11ef-92d3-e4a8dfc2a9a8,parkinson_updrs,27,27,0.21529321372509003,0.07224321365356445,17286.0,0.21540473401546478,135,1
StandardGSGP,bafbd2fe-ad3e-11ef-92d3-e4a8dfc2a9a8,parkinson_updrs,27,28,0.2143251746892929,0.07992935180664062,17794.0,0.21485373377799988,159,1
StandardGSGP,bafbd2fe-ad3e-11ef-92d3-e4a8dfc2a9a8,parkinson_updrs,27,29,0.2143222987651825,0.07356405258178711,18516.0,0.21438553929328918,141,1
StandardGSGP,bafbd2fe-ad3e-11ef-92d3-e4a8dfc2a9a8,parkinson_updrs,27,30,0.2143222987651825,0.07573413848876953,19276.0,0.21438553929328918,141,1
StandardGSGP,bafbd2fe-ad3e-11ef-92d3-e4a8dfc2a9a8,parkinson_updrs,27,31,0.2143222987651825,0.07950377464294434,19656.0,0.21438553929328918,141,1
StandardGSGP,bafbd2fe-ad3e-11ef-92d3-e4a8dfc2a9a8,parkinson_updrs,27,32,0.21416373550891876,0.08252549171447754,19958.0,0.2146877944469452,149,1
StandardGSGP,bafbd2fe-ad3e-11ef-92d3-e4a8dfc2a9a8,parkinson_updrs,27,33,0.21416373550891876,0.07201457023620605,20850.0,0.2146877944469452,149,1
StandardGSGP,bafbd2fe-ad3e-11ef-92d3-e4a8dfc2a9a8,parkinson_updrs,27,34,0.21416373550891876,0.07258939743041992,21618.0,0.2146877944469452,149,1
StandardGSGP,bafbd2fe-ad3e-11ef-92d3-e4a8dfc2a9a8,parkinson_updrs,27,35,0.2135511189699173,0.07237434387207031,22056.0,0.21417079865932465,157,1
StandardGSGP,bafbd2fe-ad3e-11ef-92d3-e4a8dfc2a9a8,parkinson_updrs,27,36,0.2135511189699173,0.07350277900695801,22014.0,0.21417079865932465,157,1
StandardGSGP,bafbd2fe-ad3e-11ef-92d3-e4a8dfc2a9a8,parkinson_updrs,27,37,0.2135511189699173,0.07200264930725098,22126.0,0.21417079865932465,157,1
StandardGSGP,bafbd2fe-ad3e-11ef-92d3-e4a8dfc2a9a8,parkinson_updrs,27,38,0.2135511189699173,0.07758283615112305,22668.0,0.21417079865932465,157,1
StandardGSGP,bafbd2fe-ad3e-11ef-92d3-e4a8dfc2a9a8,parkinson_updrs,27,39,0.2135511189699173,0.06975412368774414,22062.0,0.21417079865932465,157,1
StandardGSGP,bafbd2fe-ad3e-11ef-92d3-e4a8dfc2a9a8,parkinson_updrs,27,40,0.2135511189699173,0.06851005554199219,22922.0,0.21417079865932465,157,1
StandardGSGP,bafbd2fe-ad3e-11ef-92d3-e4a8dfc2a9a8,parkinson_updrs,27,41,0.21289043128490448,0.07914876937866211,23988.0,0.2136210948228836,163,1
StandardGSGP,bafbd2fe-ad3e-11ef-92d3-e4a8dfc2a9a8,parkinson_updrs,27,42,0.21289043128490448,0.08084583282470703,24916.0,0.2136210948228836,163,1
StandardGSGP,bafbd2fe-ad3e-11ef-92d3-e4a8dfc2a9a8,parkinson_updrs,27,43,0.21289043128490448,0.07590126991271973,24088.0,0.2136210948228836,163,1
StandardGSGP,bafbd2fe-ad3e-11ef-92d3-e4a8dfc2a9a8,parkinson_updrs,27,44,0.21289043128490448,0.07549118995666504,24172.0,0.2136210948228836,163,1
StandardGSGP,bafbd2fe-ad3e-11ef-92d3-e4a8dfc2a9a8,parkinson_updrs,27,45,0.21283592283725739,0.07113766670227051,24326.0,0.21356184780597687,169,1
StandardGSGP,bafbd2fe-ad3e-11ef-92d3-e4a8dfc2a9a8,parkinson_updrs,27,46,0.21283592283725739,0.07480263710021973,24576.0,0.21356184780597687,169,1
StandardGSGP,bafbd2fe-ad3e-11ef-92d3-e4a8dfc2a9a8,parkinson_updrs,27,47,0.21283592283725739,0.07082605361938477,25172.0,0.21356184780597687,169,1
StandardGSGP,bafbd2fe-ad3e-11ef-92d3-e4a8dfc2a9a8,parkinson_updrs,27,48,0.21220889687538147,0.07151174545288086,25020.0,0.21308527886867523,183,1
StandardGSGP,bafbd2fe-ad3e-11ef-92d3-e4a8dfc2a9a8,parkinson_updrs,27,49,0.21220889687538147,0.07257294654846191,25496.0,0.21308527886867523,183,1
StandardGSGP,bafbd2fe-ad3e-11ef-92d3-e4a8dfc2a9a8,parkinson_updrs,27,50,0.21220889687538147,0.07693266868591309,25100.0,0.21308527886867523,183,1
StandardGSGP,bafbd2fe-ad3e-11ef-92d3-e4a8dfc2a9a8,parkinson_updrs,27,51,0.21220889687538147,0.0729975700378418,25904.0,0.21308527886867523,183,1
StandardGSGP,bafbd2fe-ad3e-11ef-92d3-e4a8dfc2a9a8,parkinson_updrs,27,52,0.21220889687538147,0.08070778846740723,25566.0,0.21308527886867523,183,1
StandardGSGP,bafbd2fe-ad3e-11ef-92d3-e4a8dfc2a9a8,parkinson_updrs,27,53,0.21220889687538147,0.07456398010253906,25334.0,0.21308527886867523,183,1
StandardGSGP,bafbd2fe-ad3e-11ef-92d3-e4a8dfc2a9a8,parkinson_updrs,27,54,0.21220889687538147,0.07750391960144043,25626.0,0.21308527886867523,183,1
StandardGSGP,bafbd2fe-ad3e-11ef-92d3-e4a8dfc2a9a8,parkinson_updrs,27,55,0.21220889687538147,0.07162690162658691,26036.0,0.21308527886867523,183,1
StandardGSGP,bafbd2fe-ad3e-11ef-92d3-e4a8dfc2a9a8,parkinson_updrs,27,56,0.21220889687538147,0.07072567939758301,26128.0,0.21308527886867523,183,1
StandardGSGP,bafbd2fe-ad3e-11ef-92d3-e4a8dfc2a9a8,parkinson_updrs,27,57,0.21220889687538147,0.07202863693237305,26614.0,0.21308527886867523,183,1
StandardGSGP,bafbd2fe-ad3e-11ef-92d3-e4a8dfc2a9a8,parkinson_updrs,27,58,0.21201251447200775,0.15028643608093262,27652.0,0.21278215944766998,189,1
StandardGSGP,bafbd2fe-ad3e-11ef-92d3-e4a8dfc2a9a8,parkinson_updrs,27,59,0.210915207862854,0.07099795341491699,28018.0,0.21221798658370972,319,1
StandardGSGP,bafbd2fe-ad3e-11ef-92d3-e4a8dfc2a9a8,parkinson_updrs,27,60,0.210915207862854,0.07174324989318848,28244.0,0.21221798658370972,319,1
StandardGSGP,bafbd2fe-ad3e-11ef-92d3-e4a8dfc2a9a8,parkinson_updrs,27,61,0.210915207862854,0.07531356811523438,28922.0,0.21221798658370972,319,1
StandardGSGP,bafbd2fe-ad3e-11ef-92d3-e4a8dfc2a9a8,parkinson_updrs,27,62,0.210915207862854,0.07337045669555664,29368.0,0.21221798658370972,319,1
StandardGSGP,bafbd2fe-ad3e-11ef-92d3-e4a8dfc2a9a8,parkinson_updrs,27,63,0.21043157577514648,0.07400107383728027,30586.0,0.21162055432796478,335,1
StandardGSGP,bafbd2fe-ad3e-11ef-92d3-e4a8dfc2a9a8,parkinson_updrs,27,64,0.21043157577514648,0.07541680335998535,32088.0,0.21162055432796478,335,1
StandardGSGP,bafbd2fe-ad3e-11ef-92d3-e4a8dfc2a9a8,parkinson_updrs,27,65,0.21043157577514648,0.07092595100402832,32466.0,0.21162055432796478,335,1
StandardGSGP,bafbd2fe-ad3e-11ef-92d3-e4a8dfc2a9a8,parkinson_updrs,27,66,0.21043157577514648,0.07674217224121094,33422.0,0.21162055432796478,335,1
StandardGSGP,bafbd2fe-ad3e-11ef-92d3-e4a8dfc2a9a8,parkinson_updrs,27,67,0.20819945633411407,0.07302975654602051,34876.0,0.20876632630825043,343,1
StandardGSGP,bafbd2fe-ad3e-11ef-92d3-e4a8dfc2a9a8,parkinson_updrs,27,68,0.20816440880298615,0.07399272918701172,36386.0,0.20743675529956818,351,1
StandardGSGP,bafbd2fe-ad3e-11ef-92d3-e4a8dfc2a9a8,parkinson_updrs,27,69,0.20816440880298615,0.07272720336914062,36552.0,0.20743675529956818,351,1
StandardGSGP,bafbd2fe-ad3e-11ef-92d3-e4a8dfc2a9a8,parkinson_updrs,27,70,0.20816440880298615,0.08243298530578613,37432.0,0.20743675529956818,351,1
StandardGSGP,bafbd2fe-ad3e-11ef-92d3-e4a8dfc2a9a8,parkinson_updrs,27,71,0.20816440880298615,0.08268189430236816,38328.0,0.20743675529956818,351,1
StandardGSGP,bafbd2fe-ad3e-11ef-92d3-e4a8dfc2a9a8,parkinson_updrs,27,72,0.20816440880298615,0.08240985870361328,38790.0,0.20743675529956818,351,1
StandardGSGP,bafbd2fe-ad3e-11ef-92d3-e4a8dfc2a9a8,parkinson_updrs,27,73,0.20814058184623718,0.07700586318969727,39284.0,0.2074417918920517,357,1
StandardGSGP,bafbd2fe-ad3e-11ef-92d3-e4a8dfc2a9a8,parkinson_updrs,27,74,0.20809662342071533,0.08025979995727539,39718.0,0.20734822750091553,357,1
StandardGSGP,bafbd2fe-ad3e-11ef-92d3-e4a8dfc2a9a8,parkinson_updrs,27,75,0.20809662342071533,0.07201552391052246,40022.0,0.20734822750091553,357,1
StandardGSGP,bafbd2fe-ad3e-11ef-92d3-e4a8dfc2a9a8,parkinson_updrs,27,76,0.20809662342071533,0.07950925827026367,40284.0,0.20734822750091553,357,1
StandardGSGP,bafbd2fe-ad3e-11ef-92d3-e4a8dfc2a9a8,parkinson_updrs,27,77,0.20809662342071533,0.07367968559265137,41092.0,0.20734822750091553,357,1
StandardGSGP,bafbd2fe-ad3e-11ef-92d3-e4a8dfc2a9a8,parkinson_updrs,27,78,0.20809662342071533,0.0813758373260498,41528.0,0.20734822750091553,357,1
StandardGSGP,bafbd2fe-ad3e-11ef-92d3-e4a8dfc2a9a8,parkinson_updrs,27,79,0.20809662342071533,0.07518815994262695,41848.0,0.20734822750091553,357,1
StandardGSGP,bafbd2fe-ad3e-11ef-92d3-e4a8dfc2a9a8,parkinson_updrs,27,80,0.20800533890724182,0.08611726760864258,41760.0,0.20733250677585602,363,1
StandardGSGP,bafbd2fe-ad3e-11ef-92d3-e4a8dfc2a9a8,parkinson_updrs,27,81,0.20800533890724182,0.08772969245910645,42008.0,0.20733250677585602,363,1
StandardGSGP,bafbd2fe-ad3e-11ef-92d3-e4a8dfc2a9a8,parkinson_updrs,27,82,0.20800533890724182,0.07564949989318848,41904.0,0.20733250677585602,363,1
StandardGSGP,bafbd2fe-ad3e-11ef-92d3-e4a8dfc2a9a8,parkinson_updrs,27,83,0.20800533890724182,0.07512831687927246,41750.0,0.20733250677585602,363,1
StandardGSGP,bafbd2fe-ad3e-11ef-92d3-e4a8dfc2a9a8,parkinson_updrs,27,84,0.20800533890724182,0.07737421989440918,42040.0,0.20733250677585602,363,1
StandardGSGP,bafbd2fe-ad3e-11ef-92d3-e4a8dfc2a9a8,parkinson_updrs,27,85,0.20800533890724182,0.08050704002380371,42738.0,0.20733250677585602,363,1
StandardGSGP,bafbd2fe-ad3e-11ef-92d3-e4a8dfc2a9a8,parkinson_updrs,27,86,0.20800533890724182,0.07750630378723145,43116.0,0.20733250677585602,363,1
StandardGSGP,bafbd2fe-ad3e-11ef-92d3-e4a8dfc2a9a8,parkinson_updrs,27,87,0.20800533890724182,0.07796049118041992,43552.0,0.20733250677585602,363,1
StandardGSGP,bafbd2fe-ad3e-11ef-92d3-e4a8dfc2a9a8,parkinson_updrs,27,88,0.20800533890724182,0.09197568893432617,44038.0,0.20733250677585602,363,1
StandardGSGP,bafbd2fe-ad3e-11ef-92d3-e4a8dfc2a9a8,parkinson_updrs,27,89,0.20800533890724182,0.10011005401611328,44190.0,0.20733250677585602,363,1
StandardGSGP,bafbd2fe-ad3e-11ef-92d3-e4a8dfc2a9a8,parkinson_updrs,27,90,0.2079363316297531,0.10015678405761719,44818.0,0.2072916030883789,369,1
StandardGSGP,bafbd2fe-ad3e-11ef-92d3-e4a8dfc2a9a8,parkinson_updrs,27,91,0.2079363316297531,0.10796499252319336,45136.0,0.2072916030883789,369,1
StandardGSGP,bafbd2fe-ad3e-11ef-92d3-e4a8dfc2a9a8,parkinson_updrs,27,92,0.2079363316297531,0.07951140403747559,45072.0,0.2072916030883789,369,1
StandardGSGP,bafbd2fe-ad3e-11ef-92d3-e4a8dfc2a9a8,parkinson_updrs,27,93,0.2079363316297531,0.07528018951416016,45388.0,0.2072916030883789,369,1
StandardGSGP,bafbd2fe-ad3e-11ef-92d3-e4a8dfc2a9a8,parkinson_updrs,27,94,0.2079363316297531,0.09237241744995117,45716.0,0.2072916030883789,369,1
StandardGSGP,bafbd2fe-ad3e-11ef-92d3-e4a8dfc2a9a8,parkinson_updrs,27,95,0.2079363316297531,0.08350777626037598,46572.0,0.2072916030883789,369,1
StandardGSGP,bafbd2fe-ad3e-11ef-92d3-e4a8dfc2a9a8,parkinson_updrs,27,96,0.20782782137393951,0.07697916030883789,47232.0,0.2070966213941574,379,1
StandardGSGP,bafbd2fe-ad3e-11ef-92d3-e4a8dfc2a9a8,parkinson_updrs,27,97,0.20782782137393951,0.08026862144470215,48538.0,0.2070966213941574,379,1
StandardGSGP,bafbd2fe-ad3e-11ef-92d3-e4a8dfc2a9a8,parkinson_updrs,27,98,0.20782782137393951,0.0725412368774414,48502.0,0.2070966213941574,379,1
StandardGSGP,bafbd2fe-ad3e-11ef-92d3-e4a8dfc2a9a8,parkinson_updrs,27,99,0.20782782137393951,0.08209109306335449,48614.0,0.2070966213941574,379,1
StandardGSGP,bafbd2fe-ad3e-11ef-92d3-e4a8dfc2a9a8,parkinson_updrs,27,100,0.20782782137393951,0.08216571807861328,49210.0,0.2070966213941574,379,1
StandardGSGP,56b86388-ad3f-11ef-8219-e4a8dfc2a9a8,parkinson_updrs,27,0,12.348329544067383,0.0815885066986084,1376.0,12.451006889343262,3,1
StandardGSGP,56b86388-ad3f-11ef-8219-e4a8dfc2a9a8,parkinson_updrs,27,1,12.309588432312012,0.08259844779968262,1682.0,12.417376518249512,9,1
StandardGSGP,56b86388-ad3f-11ef-8219-e4a8dfc2a9a8,parkinson_updrs,27,2,12.274002075195312,0.07910943031311035,2362.0,12.388915061950684,9,1
StandardGSGP,56b86388-ad3f-11ef-8219-e4a8dfc2a9a8,parkinson_updrs,27,3,12.216756820678711,0.07553791999816895,2628.0,12.338529586791992,31,1
StandardGSGP,56b86388-ad3f-11ef-8219-e4a8dfc2a9a8,parkinson_updrs,27,4,12.149176597595215,0.08101963996887207,2846.0,12.285957336425781,37,1
StandardGSGP,56b86388-ad3f-11ef-8219-e4a8dfc2a9a8,parkinson_updrs,27,5,12.133526802062988,0.0812675952911377,3634.0,12.274280548095703,45,1
StandardGSGP,56b86388-ad3f-11ef-8219-e4a8dfc2a9a8,parkinson_updrs,27,6,12.113548278808594,0.07984280586242676,4584.0,12.243149757385254,51,1
StandardGSGP,56b86388-ad3f-11ef-8219-e4a8dfc2a9a8,parkinson_updrs,27,7,12.110444068908691,0.0800468921661377,5522.0,12.253774642944336,51,1
StandardGSGP,56b86388-ad3f-11ef-8219-e4a8dfc2a9a8,parkinson_updrs,27,8,12.080907821655273,0.08715987205505371,6366.0,12.218467712402344,65,1
StandardGSGP,56b86388-ad3f-11ef-8219-e4a8dfc2a9a8,parkinson_updrs,27,9,12.06627082824707,0.08350443840026855,7062.0,12.209207534790039,73,1
StandardGSGP,56b86388-ad3f-11ef-8219-e4a8dfc2a9a8,parkinson_updrs,27,10,12.038376808166504,0.08055710792541504,7682.0,12.184967994689941,83,1
StandardGSGP,56b86388-ad3f-11ef-8219-e4a8dfc2a9a8,parkinson_updrs,27,11,12.033349990844727,0.07628250122070312,8456.0,12.186139106750488,77,1
StandardGSGP,56b86388-ad3f-11ef-8219-e4a8dfc2a9a8,parkinson_updrs,27,12,12.03006362915039,0.11505770683288574,9188.0,12.184151649475098,85,1
StandardGSGP,56b86388-ad3f-11ef-8219-e4a8dfc2a9a8,parkinson_updrs,27,13,12.001520156860352,0.10106182098388672,9852.0,12.156664848327637,99,1
StandardGSGP,56b86388-ad3f-11ef-8219-e4a8dfc2a9a8,parkinson_updrs,27,14,12.001279830932617,0.15651869773864746,10396.0,12.156548500061035,107,1
StandardGSGP,56b86388-ad3f-11ef-8219-e4a8dfc2a9a8,parkinson_updrs,27,15,11.973625183105469,0.0780022144317627,11136.0,12.123167037963867,105,1
StandardGSGP,56b86388-ad3f-11ef-8219-e4a8dfc2a9a8,parkinson_updrs,27,16,11.957027435302734,0.07919454574584961,11880.0,12.109527587890625,135,1
StandardGSGP,56b86388-ad3f-11ef-8219-e4a8dfc2a9a8,parkinson_updrs,27,17,11.957027435302734,0.07950282096862793,12950.0,12.109527587890625,135,1
StandardGSGP,56b86388-ad3f-11ef-8219-e4a8dfc2a9a8,parkinson_updrs,27,18,11.944413185119629,0.08073854446411133,13924.0,12.095977783203125,141,1
StandardGSGP,56b86388-ad3f-11ef-8219-e4a8dfc2a9a8,parkinson_updrs,27,19,11.944413185119629,0.0765078067779541,14606.0,12.095977783203125,141,1
StandardGSGP,56b86388-ad3f-11ef-8219-e4a8dfc2a9a8,parkinson_updrs,27,20,11.925070762634277,0.0789945125579834,15222.0,12.079254150390625,147,1
StandardGSGP,56b86388-ad3f-11ef-8219-e4a8dfc2a9a8,parkinson_updrs,27,21,11.920598030090332,0.0797414779663086,16062.0,12.075464248657227,159,1
StandardGSGP,56b86388-ad3f-11ef-8219-e4a8dfc2a9a8,parkinson_updrs,27,22,11.919927597045898,0.0847620964050293,16660.0,12.0743989944458,159,1
StandardGSGP,56b86388-ad3f-11ef-8219-e4a8dfc2a9a8,parkinson_updrs,27,23,11.911727905273438,0.07951974868774414,17312.0,12.066049575805664,175,1
StandardGSGP,56b86388-ad3f-11ef-8219-e4a8dfc2a9a8,parkinson_updrs,27,24,11.90156364440918,0.08233237266540527,17908.0,12.050874710083008,177,1
StandardGSGP,56b86388-ad3f-11ef-8219-e4a8dfc2a9a8,parkinson_updrs,27,25,11.888360977172852,0.08027243614196777,18622.0,12.041303634643555,181,1
StandardGSGP,56b86388-ad3f-11ef-8219-e4a8dfc2a9a8,parkinson_updrs,27,26,11.836873054504395,0.08020591735839844,19322.0,11.99478530883789,195,1
StandardGSGP,56b86388-ad3f-11ef-8219-e4a8dfc2a9a8,parkinson_updrs,27,27,11.826457977294922,0.07800412178039551,19896.0,11.976907730102539,201,1
StandardGSGP,56b86388-ad3f-11ef-8219-e4a8dfc2a9a8,parkinson_updrs,27,28,11.816529273986816,0.0805058479309082,20702.0,11.962627410888672,209,1
StandardGSGP,56b86388-ad3f-11ef-8219-e4a8dfc2a9a8,parkinson_updrs,27,29,11.811005592346191,0.07892155647277832,21712.0,11.953584671020508,223,1
StandardGSGP,56b86388-ad3f-11ef-8219-e4a8dfc2a9a8,parkinson_updrs,27,30,11.790631294250488,0.08405041694641113,22556.0,11.936799049377441,229,1
StandardGSGP,56b86388-ad3f-11ef-8219-e4a8dfc2a9a8,parkinson_updrs,27,31,11.783225059509277,0.0754842758178711,23460.0,11.917520523071289,239,1
StandardGSGP,56b86388-ad3f-11ef-8219-e4a8dfc2a9a8,parkinson_updrs,27,32,11.766061782836914,0.07651281356811523,24180.0,11.908616065979004,257,1
StandardGSGP,56b86388-ad3f-11ef-8219-e4a8dfc2a9a8,parkinson_updrs,27,33,11.753364562988281,0.0740046501159668,25110.0,11.893864631652832,263,1
StandardGSGP,56b86388-ad3f-11ef-8219-e4a8dfc2a9a8,parkinson_updrs,27,34,11.73689079284668,0.0799858570098877,26040.0,11.875835418701172,257,1
StandardGSGP,56b86388-ad3f-11ef-8219-e4a8dfc2a9a8,parkinson_updrs,27,35,11.7169828414917,0.08090567588806152,27282.0,11.856850624084473,265,1
StandardGSGP,56b86388-ad3f-11ef-8219-e4a8dfc2a9a8,parkinson_updrs,27,36,11.684837341308594,0.07936954498291016,28222.0,11.820898056030273,271,1
StandardGSGP,56b86388-ad3f-11ef-8219-e4a8dfc2a9a8,parkinson_updrs,27,37,11.684837341308594,0.07520389556884766,28818.0,11.820898056030273,271,1
StandardGSGP,56b86388-ad3f-11ef-8219-e4a8dfc2a9a8,parkinson_updrs,27,38,11.671109199523926,0.07998538017272949,29326.0,11.8021821975708,305,1
StandardGSGP,56b86388-ad3f-11ef-8219-e4a8dfc2a9a8,parkinson_updrs,27,39,11.665334701538086,0.07900524139404297,30198.0,11.806290626525879,311,1
StandardGSGP,56b86388-ad3f-11ef-8219-e4a8dfc2a9a8,parkinson_updrs,27,40,11.65794563293457,0.08652734756469727,31090.0,11.799263000488281,319,1
StandardGSGP,56b86388-ad3f-11ef-8219-e4a8dfc2a9a8,parkinson_updrs,27,41,11.653571128845215,0.07752275466918945,32120.0,11.785850524902344,327,1
StandardGSGP,56b86388-ad3f-11ef-8219-e4a8dfc2a9a8,parkinson_updrs,27,42,11.636845588684082,0.0855255126953125,32932.0,11.768315315246582,337,1
StandardGSGP,56b86388-ad3f-11ef-8219-e4a8dfc2a9a8,parkinson_updrs,27,43,11.631257057189941,0.08124375343322754,33478.0,11.768630027770996,347,1
StandardGSGP,56b86388-ad3f-11ef-8219-e4a8dfc2a9a8,parkinson_updrs,27,44,11.595152854919434,0.08650827407836914,34286.0,11.733609199523926,361,1
StandardGSGP,56b86388-ad3f-11ef-8219-e4a8dfc2a9a8,parkinson_updrs,27,45,11.594827651977539,0.08316922187805176,35376.0,11.733348846435547,367,1
StandardGSGP,56b86388-ad3f-11ef-8219-e4a8dfc2a9a8,parkinson_updrs,27,46,11.592788696289062,0.08023858070373535,36428.0,11.731344223022461,367,1
StandardGSGP,56b86388-ad3f-11ef-8219-e4a8dfc2a9a8,parkinson_updrs,27,47,11.561066627502441,0.07650256156921387,37492.0,11.696796417236328,381,1
StandardGSGP,56b86388-ad3f-11ef-8219-e4a8dfc2a9a8,parkinson_updrs,27,48,11.560770034790039,0.07898521423339844,38484.0,11.696124076843262,387,1
StandardGSGP,56b86388-ad3f-11ef-8219-e4a8dfc2a9a8,parkinson_updrs,27,49,11.554508209228516,0.07650375366210938,39282.0,11.68783187866211,387,1
StandardGSGP,56b86388-ad3f-11ef-8219-e4a8dfc2a9a8,parkinson_updrs,27,50,11.53930950164795,0.08450865745544434,40046.0,11.667881965637207,403,1
StandardGSGP,56b86388-ad3f-11ef-8219-e4a8dfc2a9a8,parkinson_updrs,27,51,11.538370132446289,0.07921743392944336,40772.0,11.669224739074707,411,1
StandardGSGP,56b86388-ad3f-11ef-8219-e4a8dfc2a9a8,parkinson_updrs,27,52,11.533740997314453,0.07996773719787598,41322.0,11.661020278930664,423,1
StandardGSGP,56b86388-ad3f-11ef-8219-e4a8dfc2a9a8,parkinson_updrs,27,53,11.526294708251953,0.08249449729919434,42132.0,11.65781307220459,437,1
StandardGSGP,56b86388-ad3f-11ef-8219-e4a8dfc2a9a8,parkinson_updrs,27,54,11.521970748901367,0.07971763610839844,42966.0,11.662382125854492,423,1
StandardGSGP,56b86388-ad3f-11ef-8219-e4a8dfc2a9a8,parkinson_updrs,27,55,11.512051582336426,0.08750557899475098,43860.0,11.647931098937988,429,1
StandardGSGP,56b86388-ad3f-11ef-8219-e4a8dfc2a9a8,parkinson_updrs,27,56,11.495469093322754,0.08150410652160645,44696.0,11.620902061462402,457,1
StandardGSGP,56b86388-ad3f-11ef-8219-e4a8dfc2a9a8,parkinson_updrs,27,57,11.479157447814941,0.08350801467895508,44956.0,11.608535766601562,445,1
StandardGSGP,56b86388-ad3f-11ef-8219-e4a8dfc2a9a8,parkinson_updrs,27,58,11.479157447814941,0.08148860931396484,45446.0,11.608535766601562,445,1
StandardGSGP,56b86388-ad3f-11ef-8219-e4a8dfc2a9a8,parkinson_updrs,27,59,11.46345043182373,0.08187675476074219,46156.0,11.597831726074219,457,1
StandardGSGP,56b86388-ad3f-11ef-8219-e4a8dfc2a9a8,parkinson_updrs,27,60,11.46345043182373,0.07599759101867676,46576.0,11.597831726074219,457,1
StandardGSGP,56b86388-ad3f-11ef-8219-e4a8dfc2a9a8,parkinson_updrs,27,61,11.457691192626953,0.07750344276428223,47054.0,11.594412803649902,471,1
StandardGSGP,56b86388-ad3f-11ef-8219-e4a8dfc2a9a8,parkinson_updrs,27,62,11.445070266723633,0.07850480079650879,47620.0,11.581067085266113,479,1
StandardGSGP,56b86388-ad3f-11ef-8219-e4a8dfc2a9a8,parkinson_updrs,27,63,11.435136795043945,0.080108642578125,48328.0,11.566431045532227,485,1
StandardGSGP,56b86388-ad3f-11ef-8219-e4a8dfc2a9a8,parkinson_updrs,27,64,11.427046775817871,0.08600163459777832,49068.0,11.55664348602295,497,1
StandardGSGP,56b86388-ad3f-11ef-8219-e4a8dfc2a9a8,parkinson_updrs,27,65,11.422100067138672,0.07850432395935059,49956.0,11.554977416992188,497,1
StandardGSGP,56b86388-ad3f-11ef-8219-e4a8dfc2a9a8,parkinson_updrs,27,66,11.411554336547852,0.07620906829833984,50864.0,11.542878150939941,503,1
StandardGSGP,56b86388-ad3f-11ef-8219-e4a8dfc2a9a8,parkinson_updrs,27,67,11.398632049560547,0.08001184463500977,51712.0,11.52738094329834,509,1
StandardGSGP,56b86388-ad3f-11ef-8219-e4a8dfc2a9a8,parkinson_updrs,27,68,11.398632049560547,0.09150195121765137,52442.0,11.52738094329834,509,1
StandardGSGP,56b86388-ad3f-11ef-8219-e4a8dfc2a9a8,parkinson_updrs,27,69,11.398632049560547,0.08250856399536133,52988.0,11.52738094329834,509,1
StandardGSGP,56b86388-ad3f-11ef-8219-e4a8dfc2a9a8,parkinson_updrs,27,70,11.384431838989258,0.07824087142944336,53434.0,11.515670776367188,531,1
StandardGSGP,56b86388-ad3f-11ef-8219-e4a8dfc2a9a8,parkinson_updrs,27,71,11.371454238891602,0.07930421829223633,53814.0,11.503496170043945,537,1
StandardGSGP,56b86388-ad3f-11ef-8219-e4a8dfc2a9a8,parkinson_updrs,27,72,11.364140510559082,0.07805609703063965,54398.0,11.490923881530762,543,1
StandardGSGP,56b86388-ad3f-11ef-8219-e4a8dfc2a9a8,parkinson_updrs,27,73,11.337102890014648,0.07814550399780273,55084.0,11.46933364868164,555,1
StandardGSGP,56b86388-ad3f-11ef-8219-e4a8dfc2a9a8,parkinson_updrs,27,74,11.33203411102295,0.1532275676727295,55706.0,11.463407516479492,563,1
StandardGSGP,56b86388-ad3f-11ef-8219-e4a8dfc2a9a8,parkinson_updrs,27,75,11.312260627746582,0.07837414741516113,56428.0,11.438535690307617,565,1
StandardGSGP,56b86388-ad3f-11ef-8219-e4a8dfc2a9a8,parkinson_updrs,27,76,11.306413650512695,0.07767844200134277,57408.0,11.428359031677246,579,1
StandardGSGP,56b86388-ad3f-11ef-8219-e4a8dfc2a9a8,parkinson_updrs,27,77,11.295327186584473,0.07639884948730469,58230.0,11.417136192321777,583,1
StandardGSGP,56b86388-ad3f-11ef-8219-e4a8dfc2a9a8,parkinson_updrs,27,78,11.291826248168945,0.08050727844238281,59082.0,11.409260749816895,589,1
StandardGSGP,56b86388-ad3f-11ef-8219-e4a8dfc2a9a8,parkinson_updrs,27,79,11.284069061279297,0.08150935173034668,59728.0,11.407991409301758,601,1
StandardGSGP,56b86388-ad3f-11ef-8219-e4a8dfc2a9a8,parkinson_updrs,27,80,11.277456283569336,0.08262801170349121,60344.0,11.402015686035156,615,1
StandardGSGP,56b86388-ad3f-11ef-8219-e4a8dfc2a9a8,parkinson_updrs,27,81,11.266907691955566,0.07350873947143555,61140.0,11.384969711303711,607,1
StandardGSGP,56b86388-ad3f-11ef-8219-e4a8dfc2a9a8,parkinson_updrs,27,82,11.261184692382812,0.08050370216369629,61870.0,11.381658554077148,623,1
StandardGSGP,56b86388-ad3f-11ef-8219-e4a8dfc2a9a8,parkinson_updrs,27,83,11.25047492980957,0.07952070236206055,62600.0,11.36338996887207,629,1
StandardGSGP,56b86388-ad3f-11ef-8219-e4a8dfc2a9a8,parkinson_updrs,27,84,11.24870777130127,0.08150839805603027,63404.0,11.363302230834961,645,1
StandardGSGP,56b86388-ad3f-11ef-8219-e4a8dfc2a9a8,parkinson_updrs,27,85,11.240503311157227,0.07950901985168457,64212.0,11.355306625366211,647,1
StandardGSGP,56b86388-ad3f-11ef-8219-e4a8dfc2a9a8,parkinson_updrs,27,86,11.2323637008667,0.07799816131591797,65188.0,11.347830772399902,653,1
StandardGSGP,56b86388-ad3f-11ef-8219-e4a8dfc2a9a8,parkinson_updrs,27,87,11.227190017700195,0.08000922203063965,66110.0,11.342313766479492,659,1
StandardGSGP,56b86388-ad3f-11ef-8219-e4a8dfc2a9a8,parkinson_updrs,27,88,11.21670150756836,0.0875101089477539,66774.0,11.332268714904785,667,1
StandardGSGP,56b86388-ad3f-11ef-8219-e4a8dfc2a9a8,parkinson_updrs,27,89,11.212539672851562,0.07751274108886719,67370.0,11.323577880859375,675,1
StandardGSGP,56b86388-ad3f-11ef-8219-e4a8dfc2a9a8,parkinson_updrs,27,90,11.208900451660156,0.0858161449432373,68118.0,11.319753646850586,685,1
StandardGSGP,56b86388-ad3f-11ef-8219-e4a8dfc2a9a8,parkinson_updrs,27,91,11.191095352172852,0.08352971076965332,68890.0,11.304411888122559,695,1
StandardGSGP,56b86388-ad3f-11ef-8219-e4a8dfc2a9a8,parkinson_updrs,27,92,11.176331520080566,0.08221888542175293,69616.0,11.282597541809082,701,1
StandardGSGP,56b86388-ad3f-11ef-8219-e4a8dfc2a9a8,parkinson_updrs,27,93,11.17533016204834,0.07800102233886719,70264.0,11.279261589050293,709,1
StandardGSGP,56b86388-ad3f-11ef-8219-e4a8dfc2a9a8,parkinson_updrs,27,94,11.16256332397461,0.07950162887573242,71166.0,11.265974998474121,721,1
StandardGSGP,56b86388-ad3f-11ef-8219-e4a8dfc2a9a8,parkinson_updrs,27,95,11.159696578979492,0.07551002502441406,72024.0,11.261205673217773,727,1
StandardGSGP,56b86388-ad3f-11ef-8219-e4a8dfc2a9a8,parkinson_updrs,27,96,11.148526191711426,0.07851409912109375,72744.0,11.251545906066895,735,1
StandardGSGP,56b86388-ad3f-11ef-8219-e4a8dfc2a9a8,parkinson_updrs,27,97,11.148526191711426,0.07748699188232422,73674.0,11.251545906066895,735,1
StandardGSGP,56b86388-ad3f-11ef-8219-e4a8dfc2a9a8,parkinson_updrs,27,98,11.141425132751465,0.07879900932312012,74542.0,11.247923851013184,753,1
StandardGSGP,56b86388-ad3f-11ef-8219-e4a8dfc2a9a8,parkinson_updrs,27,99,11.136610984802246,0.0796501636505127,75420.0,11.23873233795166,765,1
StandardGSGP,56b86388-ad3f-11ef-8219-e4a8dfc2a9a8,parkinson_updrs,27,100,11.130925178527832,0.08121585845947266,76260.0,11.22789478302002,765,1
