StandardGSGP,93b9cd2b-ad3e-11ef-bc78-e4a8dfc2a9a8,parkinson_updrs,19,0,0.2367272973060608,0.10512924194335938,2166.0,0.2394612729549408,3,1
StandardGSGP,93b9cd2b-ad3e-11ef-bc78-e4a8dfc2a9a8,parkinson_updrs,19,1,0.23606690764427185,0.07899737358093262,2308.0,0.2388792186975479,15,1
StandardGSGP,93b9cd2b-ad3e-11ef-bc78-e4a8dfc2a9a8,parkinson_updrs,19,2,0.23434250056743622,0.07629847526550293,2570.0,0.23757398128509521,21,1
StandardGSGP,93b9cd2b-ad3e-11ef-bc78-e4a8dfc2a9a8,parkinson_updrs,19,3,0.23434250056743622,0.07431149482727051,2910.0,0.23757398128509521,21,1
StandardGSGP,93b9cd2b-ad3e-11ef-bc78-e4a8dfc2a9a8,parkinson_updrs,19,4,0.23434250056743622,0.07150745391845703,3508.0,0.23757398128509521,21,1
StandardGSGP,93b9cd2b-ad3e-11ef-bc78-e4a8dfc2a9a8,parkinson_updrs,19,5,0.22860069572925568,0.07439661026000977,4250.0,0.2304079383611679,45,1
StandardGSGP,93b9cd2b-ad3e-11ef-bc78-e4a8dfc2a9a8,parkinson_updrs,19,6,0.22860069572925568,0.07497525215148926,4960.0,0.2304079383611679,45,1
StandardGSGP,93b9cd2b-ad3e-11ef-bc78-e4a8dfc2a9a8,parkinson_updrs,19,7,0.2270301878452301,0.07341599464416504,5534.0,0.22890758514404297,53,1
StandardGSGP,93b9cd2b-ad3e-11ef-bc78-e4a8dfc2a9a8,parkinson_updrs,19,8,0.22162030637264252,0.07650899887084961,6256.0,0.22354625165462494,59,1
StandardGSGP,93b9cd2b-ad3e-11ef-bc78-e4a8dfc2a9a8,parkinson_updrs,19,9,0.22162030637264252,0.07166218757629395,6896.0,0.22354625165462494,59,1
StandardGSGP,93b9cd2b-ad3e-11ef-bc78-e4a8dfc2a9a8,parkinson_updrs,19,10,0.2179407924413681,0.07224321365356445,7664.0,0.21882246434688568,87,1
StandardGSGP,93b9cd2b-ad3e-11ef-bc78-e4a8dfc2a9a8,parkinson_updrs,19,11,0.21772971749305725,0.08116030693054199,8434.0,0.21859310567378998,93,1
StandardGSGP,93b9cd2b-ad3e-11ef-bc78-e4a8dfc2a9a8,parkinson_updrs,19,12,0.21772971749305725,0.09035253524780273,9320.0,0.21859310567378998,93,1
StandardGSGP,93b9cd2b-ad3e-11ef-bc78-e4a8dfc2a9a8,parkinson_updrs,19,13,0.21772971749305725,0.07466483116149902,9974.0,0.21859310567378998,93,1
StandardGSGP,93b9cd2b-ad3e-11ef-bc78-e4a8dfc2a9a8,parkinson_updrs,19,14,0.21772971749305725,0.07678699493408203,10572.0,0.21859310567378998,93,1
StandardGSGP,93b9cd2b-ad3e-11ef-bc78-e4a8dfc2a9a8,parkinson_updrs,19,15,0.2169857919216156,0.0761559009552002,10936.0,0.21925926208496094,111,1
StandardGSGP,93b9cd2b-ad3e-11ef-bc78-e4a8dfc2a9a8,parkinson_updrs,19,16,0.2169857919216156,0.07416343688964844,11574.0,0.21925926208496094,111,1
StandardGSGP,93b9cd2b-ad3e-11ef-bc78-e4a8dfc2a9a8,parkinson_updrs,19,17,0.2163974940776825,0.07651305198669434,12204.0,0.21955838799476624,105,1
StandardGSGP,93b9cd2b-ad3e-11ef-bc78-e4a8dfc2a9a8,parkinson_updrs,19,18,0.2163974940776825,0.07550334930419922,12942.0,0.21955838799476624,105,1
StandardGSGP,93b9cd2b-ad3e-11ef-bc78-e4a8dfc2a9a8,parkinson_updrs,19,19,0.2163974940776825,0.07100248336791992,13624.0,0.21955838799476624,105,1
StandardGSGP,93b9cd2b-ad3e-11ef-bc78-e4a8dfc2a9a8,parkinson_updrs,19,20,0.21477806568145752,0.07288074493408203,14476.0,0.21697865426540375,143,1
StandardGSGP,93b9cd2b-ad3e-11ef-bc78-e4a8dfc2a9a8,parkinson_updrs,19,21,0.21440178155899048,0.07423114776611328,15244.0,0.21667048335075378,157,1
StandardGSGP,93b9cd2b-ad3e-11ef-bc78-e4a8dfc2a9a8,parkinson_updrs,19,22,0.21440178155899048,0.07591080665588379,16074.0,0.21667048335075378,157,1
StandardGSGP,93b9cd2b-ad3e-11ef-bc78-e4a8dfc2a9a8,parkinson_updrs,19,23,0.21440178155899048,0.07667326927185059,16750.0,0.21667048335075378,157,1
StandardGSGP,93b9cd2b-ad3e-11ef-bc78-e4a8dfc2a9a8,parkinson_updrs,19,24,0.21440178155899048,0.0780019760131836,17620.0,0.21667048335075378,157,1
StandardGSGP,93b9cd2b-ad3e-11ef-bc78-e4a8dfc2a9a8,parkinson_updrs,19,25,0.21440178155899048,0.07157564163208008,18232.0,0.21667048335075378,157,1
StandardGSGP,93b9cd2b-ad3e-11ef-bc78-e4a8dfc2a9a8,parkinson_updrs,19,26,0.21440178155899048,0.07550930976867676,19028.0,0.21667048335075378,157,1
StandardGSGP,93b9cd2b-ad3e-11ef-bc78-e4a8dfc2a9a8,parkinson_updrs,19,27,0.21440178155899048,0.07042741775512695,19650.0,0.21667048335075378,157,1
StandardGSGP,93b9cd2b-ad3e-11ef-bc78-e4a8dfc2a9a8,parkinson_updrs,19,28,0.21363689005374908,0.07422852516174316,20246.0,0.21656756103038788,195,1
StandardGSGP,93b9cd2b-ad3e-11ef-bc78-e4a8dfc2a9a8,parkinson_updrs,19,29,0.21289530396461487,0.07220649719238281,20624.0,0.21673236787319183,165,1
StandardGSGP,93b9cd2b-ad3e-11ef-bc78-e4a8dfc2a9a8,parkinson_updrs,19,30,0.21289530396461487,0.07326006889343262,21276.0,0.21673236787319183,165,1
StandardGSGP,93b9cd2b-ad3e-11ef-bc78-e4a8dfc2a9a8,parkinson_updrs,19,31,0.21289530396461487,0.07478570938110352,21860.0,0.21673236787319183,165,1
StandardGSGP,93b9cd2b-ad3e-11ef-bc78-e4a8dfc2a9a8,parkinson_updrs,19,32,0.2109663486480713,0.0785071849822998,22608.0,0.21501073241233826,171,1
StandardGSGP,93b9cd2b-ad3e-11ef-bc78-e4a8dfc2a9a8,parkinson_updrs,19,33,0.2109663486480713,0.0708763599395752,23486.0,0.21501073241233826,171,1
StandardGSGP,93b9cd2b-ad3e-11ef-bc78-e4a8dfc2a9a8,parkinson_updrs,19,34,0.210947647690773,0.07079482078552246,24056.0,0.21494130790233612,177,1
StandardGSGP,93b9cd2b-ad3e-11ef-bc78-e4a8dfc2a9a8,parkinson_updrs,19,35,0.210947647690773,0.07266783714294434,24412.0,0.21494130790233612,177,1
StandardGSGP,93b9cd2b-ad3e-11ef-bc78-e4a8dfc2a9a8,parkinson_updrs,19,36,0.210947647690773,0.07312607765197754,25694.0,0.21494130790233612,177,1
StandardGSGP,93b9cd2b-ad3e-11ef-bc78-e4a8dfc2a9a8,parkinson_updrs,19,37,0.20941247045993805,0.0709989070892334,25834.0,0.21289946138858795,189,1
StandardGSGP,93b9cd2b-ad3e-11ef-bc78-e4a8dfc2a9a8,parkinson_updrs,19,38,0.20941247045993805,0.07338523864746094,26020.0,0.21289946138858795,189,1
StandardGSGP,93b9cd2b-ad3e-11ef-bc78-e4a8dfc2a9a8,parkinson_updrs,19,39,0.20941247045993805,0.07351016998291016,26120.0,0.21289946138858795,189,1
StandardGSGP,93b9cd2b-ad3e-11ef-bc78-e4a8dfc2a9a8,parkinson_updrs,19,40,0.20941247045993805,0.07364606857299805,26492.0,0.21289946138858795,189,1
StandardGSGP,93b9cd2b-ad3e-11ef-bc78-e4a8dfc2a9a8,parkinson_updrs,19,41,0.20941247045993805,0.07487368583679199,26582.0,0.21289946138858795,189,1
StandardGSGP,93b9cd2b-ad3e-11ef-bc78-e4a8dfc2a9a8,parkinson_updrs,19,42,0.20939606428146362,0.07186079025268555,25326.0,0.21286605298519135,195,1
StandardGSGP,93b9cd2b-ad3e-11ef-bc78-e4a8dfc2a9a8,parkinson_updrs,19,43,0.20939606428146362,0.07365298271179199,25884.0,0.21286605298519135,195,1
StandardGSGP,93b9cd2b-ad3e-11ef-bc78-e4a8dfc2a9a8,parkinson_updrs,19,44,0.20939606428146362,0.15102171897888184,26232.0,0.21286605298519135,195,1
StandardGSGP,93b9cd2b-ad3e-11ef-bc78-e4a8dfc2a9a8,parkinson_updrs,19,45,0.20939606428146362,0.07304501533508301,26142.0,0.21286605298519135,195,1
StandardGSGP,93b9cd2b-ad3e-11ef-bc78-e4a8dfc2a9a8,parkinson_updrs,19,46,0.20939606428146362,0.07328319549560547,26260.0,0.21286605298519135,195,1
StandardGSGP,93b9cd2b-ad3e-11ef-bc78-e4a8dfc2a9a8,parkinson_updrs,19,47,0.20939606428146362,0.07136726379394531,26452.0,0.21286605298519135,195,1
StandardGSGP,93b9cd2b-ad3e-11ef-bc78-e4a8dfc2a9a8,parkinson_updrs,19,48,0.20939606428146362,0.07031464576721191,26320.0,0.21286605298519135,195,1
StandardGSGP,93b9cd2b-ad3e-11ef-bc78-e4a8dfc2a9a8,parkinson_updrs,19,49,0.20939606428146362,0.07600116729736328,26566.0,0.21286605298519135,195,1
StandardGSGP,93b9cd2b-ad3e-11ef-bc78-e4a8dfc2a9a8,parkinson_updrs,19,50,0.20929642021656036,0.07644224166870117,26330.0,0.21283216774463654,201,1
StandardGSGP,93b9cd2b-ad3e-11ef-bc78-e4a8dfc2a9a8,parkinson_updrs,19,51,0.2092582732439041,0.06978702545166016,27380.0,0.21275165677070618,203,1
StandardGSGP,93b9cd2b-ad3e-11ef-bc78-e4a8dfc2a9a8,parkinson_updrs,19,52,0.20888136327266693,0.0775003433227539,27498.0,0.212659552693367,209,1
StandardGSGP,93b9cd2b-ad3e-11ef-bc78-e4a8dfc2a9a8,parkinson_updrs,19,53,0.20888136327266693,0.0730893611907959,27860.0,0.212659552693367,209,1
StandardGSGP,93b9cd2b-ad3e-11ef-bc78-e4a8dfc2a9a8,parkinson_updrs,19,54,0.20888136327266693,0.0778193473815918,28582.0,0.212659552693367,209,1
StandardGSGP,93b9cd2b-ad3e-11ef-bc78-e4a8dfc2a9a8,parkinson_updrs,19,55,0.20827323198318481,0.07210779190063477,28770.0,0.21255019307136536,221,1
StandardGSGP,93b9cd2b-ad3e-11ef-bc78-e4a8dfc2a9a8,parkinson_updrs,19,56,0.20827323198318481,0.07351255416870117,29264.0,0.21255019307136536,221,1
StandardGSGP,93b9cd2b-ad3e-11ef-bc78-e4a8dfc2a9a8,parkinson_updrs,19,57,0.20827323198318481,0.07250809669494629,28880.0,0.21255019307136536,221,1
StandardGSGP,93b9cd2b-ad3e-11ef-bc78-e4a8dfc2a9a8,parkinson_updrs,19,58,0.20827323198318481,0.0722663402557373,28822.0,0.21255019307136536,221,1
StandardGSGP,93b9cd2b-ad3e-11ef-bc78-e4a8dfc2a9a8,parkinson_updrs,19,59,0.20827323198318481,0.07465982437133789,28740.0,0.21255019307136536,221,1
StandardGSGP,93b9cd2b-ad3e-11ef-bc78-e4a8dfc2a9a8,parkinson_updrs,19,60,0.20827323198318481,0.06951069831848145,28638.0,0.21255019307136536,221,1
StandardGSGP,93b9cd2b-ad3e-11ef-bc78-e4a8dfc2a9a8,parkinson_updrs,19,61,0.20827323198318481,0.07149791717529297,29290.0,0.21255019307136536,221,1
StandardGSGP,93b9cd2b-ad3e-11ef-bc78-e4a8dfc2a9a8,parkinson_updrs,19,62,0.20827323198318481,0.07699847221374512,29916.0,0.21255019307136536,221,1
StandardGSGP,93b9cd2b-ad3e-11ef-bc78-e4a8dfc2a9a8,parkinson_updrs,19,63,0.20827323198318481,0.07370424270629883,30200.0,0.21255019307136536,221,1
StandardGSGP,93b9cd2b-ad3e-11ef-bc78-e4a8dfc2a9a8,parkinson_updrs,19,64,0.20798596739768982,0.07250452041625977,30156.0,0.2126510739326477,227,1
StandardGSGP,93b9cd2b-ad3e-11ef-bc78-e4a8dfc2a9a8,parkinson_updrs,19,65,0.20798596739768982,0.07277226448059082,30402.0,0.2126510739326477,227,1
StandardGSGP,93b9cd2b-ad3e-11ef-bc78-e4a8dfc2a9a8,parkinson_updrs,19,66,0.20795215666294098,0.07532882690429688,30922.0,0.21259242296218872,233,1
StandardGSGP,93b9cd2b-ad3e-11ef-bc78-e4a8dfc2a9a8,parkinson_updrs,19,67,0.20795215666294098,0.07138323783874512,31500.0,0.21259242296218872,233,1
StandardGSGP,93b9cd2b-ad3e-11ef-bc78-e4a8dfc2a9a8,parkinson_updrs,19,68,0.20770317316055298,0.07101798057556152,31600.0,0.21107952296733856,245,1
StandardGSGP,93b9cd2b-ad3e-11ef-bc78-e4a8dfc2a9a8,parkinson_updrs,19,69,0.20770317316055298,0.07814192771911621,31486.0,0.21107952296733856,245,1
StandardGSGP,93b9cd2b-ad3e-11ef-bc78-e4a8dfc2a9a8,parkinson_updrs,19,70,0.20770317316055298,0.07345986366271973,31518.0,0.21107952296733856,245,1
StandardGSGP,93b9cd2b-ad3e-11ef-bc78-e4a8dfc2a9a8,parkinson_updrs,19,71,0.20770317316055298,0.07130956649780273,32062.0,0.21107952296733856,245,1
StandardGSGP,93b9cd2b-ad3e-11ef-bc78-e4a8dfc2a9a8,parkinson_updrs,19,72,0.20756611227989197,0.07950687408447266,31880.0,0.21144999563694,257,1
StandardGSGP,93b9cd2b-ad3e-11ef-bc78-e4a8dfc2a9a8,parkinson_updrs,19,73,0.20756611227989197,0.0744941234588623,32212.0,0.21144999563694,257,1
StandardGSGP,93b9cd2b-ad3e-11ef-bc78-e4a8dfc2a9a8,parkinson_updrs,19,74,0.2074720412492752,0.07191324234008789,32022.0,0.21058471500873566,277,1
StandardGSGP,93b9cd2b-ad3e-11ef-bc78-e4a8dfc2a9a8,parkinson_updrs,19,75,0.2074720412492752,0.07277894020080566,32762.0,0.21058471500873566,277,1
StandardGSGP,93b9cd2b-ad3e-11ef-bc78-e4a8dfc2a9a8,parkinson_updrs,19,76,0.2074720412492752,0.07838320732116699,33462.0,0.21058471500873566,277,1
StandardGSGP,93b9cd2b-ad3e-11ef-bc78-e4a8dfc2a9a8,parkinson_updrs,19,77,0.2074720412492752,0.07826566696166992,33660.0,0.21058471500873566,277,1
StandardGSGP,93b9cd2b-ad3e-11ef-bc78-e4a8dfc2a9a8,parkinson_updrs,19,78,0.2074720412492752,0.08824515342712402,34214.0,0.21058471500873566,277,1
StandardGSGP,93b9cd2b-ad3e-11ef-bc78-e4a8dfc2a9a8,parkinson_updrs,19,79,0.2074720412492752,0.0774996280670166,35806.0,0.21058471500873566,277,1
StandardGSGP,93b9cd2b-ad3e-11ef-bc78-e4a8dfc2a9a8,parkinson_updrs,19,80,0.2074720412492752,0.07050871849060059,36650.0,0.21058471500873566,277,1
StandardGSGP,93b9cd2b-ad3e-11ef-bc78-e4a8dfc2a9a8,parkinson_updrs,19,81,0.2074720412492752,0.07243680953979492,37382.0,0.21058471500873566,277,1
StandardGSGP,93b9cd2b-ad3e-11ef-bc78-e4a8dfc2a9a8,parkinson_updrs,19,82,0.2068442404270172,0.07195615768432617,37692.0,0.21056149899959564,283,1
StandardGSGP,93b9cd2b-ad3e-11ef-bc78-e4a8dfc2a9a8,parkinson_updrs,19,83,0.2068442404270172,0.0735015869140625,37250.0,0.21056149899959564,283,1
StandardGSGP,93b9cd2b-ad3e-11ef-bc78-e4a8dfc2a9a8,parkinson_updrs,19,84,0.20684368908405304,0.07251167297363281,36938.0,0.21056149899959564,291,1
StandardGSGP,93b9cd2b-ad3e-11ef-bc78-e4a8dfc2a9a8,parkinson_updrs,19,85,0.20674841105937958,0.07274174690246582,37354.0,0.2104864865541458,289,1
StandardGSGP,93b9cd2b-ad3e-11ef-bc78-e4a8dfc2a9a8,parkinson_updrs,19,86,0.20656491816043854,0.07117629051208496,36460.0,0.21038879454135895,295,1
StandardGSGP,93b9cd2b-ad3e-11ef-bc78-e4a8dfc2a9a8,parkinson_updrs,19,87,0.20629382133483887,0.07550263404846191,36062.0,0.21029461920261383,301,1
StandardGSGP,93b9cd2b-ad3e-11ef-bc78-e4a8dfc2a9a8,parkinson_updrs,19,88,0.20629382133483887,0.07251286506652832,36892.0,0.21029461920261383,301,1
StandardGSGP,93b9cd2b-ad3e-11ef-bc78-e4a8dfc2a9a8,parkinson_updrs,19,89,0.20625975728034973,0.07100272178649902,37632.0,0.2103525847196579,323,1
StandardGSGP,93b9cd2b-ad3e-11ef-bc78-e4a8dfc2a9a8,parkinson_updrs,19,90,0.20625975728034973,0.07221245765686035,38298.0,0.2103525847196579,323,1
StandardGSGP,93b9cd2b-ad3e-11ef-bc78-e4a8dfc2a9a8,parkinson_updrs,19,91,0.20625975728034973,0.07350015640258789,39670.0,0.2103525847196579,323,1
StandardGSGP,93b9cd2b-ad3e-11ef-bc78-e4a8dfc2a9a8,parkinson_updrs,19,92,0.20625975728034973,0.07650876045227051,40618.0,0.2103525847196579,323,1
StandardGSGP,93b9cd2b-ad3e-11ef-bc78-e4a8dfc2a9a8,parkinson_updrs,19,93,0.20625194907188416,0.07299685478210449,41236.0,0.21035277843475342,333,1
StandardGSGP,93b9cd2b-ad3e-11ef-bc78-e4a8dfc2a9a8,parkinson_updrs,19,94,0.20625194907188416,0.07591915130615234,41720.0,0.21035277843475342,333,1
StandardGSGP,93b9cd2b-ad3e-11ef-bc78-e4a8dfc2a9a8,parkinson_updrs,19,95,0.20622490346431732,0.07610201835632324,40956.0,0.21018527448177338,337,1
StandardGSGP,93b9cd2b-ad3e-11ef-bc78-e4a8dfc2a9a8,parkinson_updrs,19,96,0.20622490346431732,0.08050251007080078,42000.0,0.21018527448177338,337,1
StandardGSGP,93b9cd2b-ad3e-11ef-bc78-e4a8dfc2a9a8,parkinson_updrs,19,97,0.20611988008022308,0.07383394241333008,43110.0,0.21002806723117828,343,1
StandardGSGP,93b9cd2b-ad3e-11ef-bc78-e4a8dfc2a9a8,parkinson_updrs,19,98,0.20611988008022308,0.07445192337036133,43124.0,0.21002806723117828,343,1
StandardGSGP,93b9cd2b-ad3e-11ef-bc78-e4a8dfc2a9a8,parkinson_updrs,19,99,0.20611988008022308,0.1479487419128418,43602.0,0.21002806723117828,343,1
StandardGSGP,93b9cd2b-ad3e-11ef-bc78-e4a8dfc2a9a8,parkinson_updrs,19,100,0.20611988008022308,0.07722830772399902,42804.0,0.21002806723117828,343,1
StandardGSGP,2d2fe0e5-ad3f-11ef-a22a-e4a8dfc2a9a8,parkinson_updrs,19,0,14.101563453674316,0.06936979293823242,1362.0,14.258930206298828,7,1
StandardGSGP,2d2fe0e5-ad3f-11ef-a22a-e4a8dfc2a9a8,parkinson_updrs,19,1,13.916257858276367,0.07721376419067383,1266.0,14.074419975280762,15,1
StandardGSGP,2d2fe0e5-ad3f-11ef-a22a-e4a8dfc2a9a8,parkinson_updrs,19,2,13.799002647399902,0.08106017112731934,1874.0,13.961408615112305,23,1
StandardGSGP,2d2fe0e5-ad3f-11ef-a22a-e4a8dfc2a9a8,parkinson_updrs,19,3,13.639945030212402,0.07915949821472168,2756.0,13.798964500427246,23,1
StandardGSGP,2d2fe0e5-ad3f-11ef-a22a-e4a8dfc2a9a8,parkinson_updrs,19,4,13.5420503616333,0.08250546455383301,3680.0,13.704696655273438,29,1
StandardGSGP,2d2fe0e5-ad3f-11ef-a22a-e4a8dfc2a9a8,parkinson_updrs,19,5,13.286561965942383,0.07687211036682129,4170.0,13.44284725189209,33,1
StandardGSGP,2d2fe0e5-ad3f-11ef-a22a-e4a8dfc2a9a8,parkinson_updrs,19,6,12.9498872756958,0.07456731796264648,4710.0,13.106413841247559,41,1
StandardGSGP,2d2fe0e5-ad3f-11ef-a22a-e4a8dfc2a9a8,parkinson_updrs,19,7,12.80890941619873,0.07780671119689941,5322.0,12.964996337890625,53,1
StandardGSGP,2d2fe0e5-ad3f-11ef-a22a-e4a8dfc2a9a8,parkinson_updrs,19,8,12.71843147277832,0.08545613288879395,5962.0,12.874574661254883,59,1
StandardGSGP,2d2fe0e5-ad3f-11ef-a22a-e4a8dfc2a9a8,parkinson_updrs,19,9,12.699320793151855,0.08299827575683594,6422.0,12.859955787658691,75,1
StandardGSGP,2d2fe0e5-ad3f-11ef-a22a-e4a8dfc2a9a8,parkinson_updrs,19,10,12.501543045043945,0.08344030380249023,7310.0,12.656408309936523,73,1
StandardGSGP,2d2fe0e5-ad3f-11ef-a22a-e4a8dfc2a9a8,parkinson_updrs,19,11,12.40068244934082,0.08251261711120605,8184.0,12.562442779541016,95,1
StandardGSGP,2d2fe0e5-ad3f-11ef-a22a-e4a8dfc2a9a8,parkinson_updrs,19,12,12.337945938110352,0.09833812713623047,9140.0,12.498173713684082,97,1
StandardGSGP,2d2fe0e5-ad3f-11ef-a22a-e4a8dfc2a9a8,parkinson_updrs,19,13,12.174073219299316,0.09744453430175781,9990.0,12.333099365234375,105,1
StandardGSGP,2d2fe0e5-ad3f-11ef-a22a-e4a8dfc2a9a8,parkinson_updrs,19,14,12.156610488891602,0.08320856094360352,10774.0,12.315414428710938,113,1
StandardGSGP,2d2fe0e5-ad3f-11ef-a22a-e4a8dfc2a9a8,parkinson_updrs,19,15,12.116608619689941,0.0791018009185791,11590.0,12.273744583129883,123,1
StandardGSGP,2d2fe0e5-ad3f-11ef-a22a-e4a8dfc2a9a8,parkinson_updrs,19,16,12.096502304077148,0.08450889587402344,12552.0,12.254240036010742,127,1
StandardGSGP,2d2fe0e5-ad3f-11ef-a22a-e4a8dfc2a9a8,parkinson_updrs,19,17,12.030097007751465,0.08142471313476562,13386.0,12.18564510345459,129,1
StandardGSGP,2d2fe0e5-ad3f-11ef-a22a-e4a8dfc2a9a8,parkinson_updrs,19,18,12.030097007751465,0.07954931259155273,14130.0,12.18564510345459,129,1
StandardGSGP,2d2fe0e5-ad3f-11ef-a22a-e4a8dfc2a9a8,parkinson_updrs,19,19,12.021101951599121,0.08938026428222656,14826.0,12.181373596191406,145,1
StandardGSGP,2d2fe0e5-ad3f-11ef-a22a-e4a8dfc2a9a8,parkinson_updrs,19,20,11.980977058410645,0.07950401306152344,15516.0,12.132676124572754,143,1
StandardGSGP,2d2fe0e5-ad3f-11ef-a22a-e4a8dfc2a9a8,parkinson_updrs,19,21,11.938889503479004,0.08605146408081055,16158.0,12.08731460571289,151,1
StandardGSGP,2d2fe0e5-ad3f-11ef-a22a-e4a8dfc2a9a8,parkinson_updrs,19,22,11.938008308410645,0.08104586601257324,16442.0,12.08642292022705,159,1
StandardGSGP,2d2fe0e5-ad3f-11ef-a22a-e4a8dfc2a9a8,parkinson_updrs,19,23,11.935409545898438,0.07551336288452148,16588.0,12.084259033203125,167,1
StandardGSGP,2d2fe0e5-ad3f-11ef-a22a-e4a8dfc2a9a8,parkinson_updrs,19,24,11.930211067199707,0.0805051326751709,17206.0,12.075733184814453,173,1
StandardGSGP,2d2fe0e5-ad3f-11ef-a22a-e4a8dfc2a9a8,parkinson_updrs,19,25,11.92314338684082,0.07499957084655762,17838.0,12.069794654846191,175,1
StandardGSGP,2d2fe0e5-ad3f-11ef-a22a-e4a8dfc2a9a8,parkinson_updrs,19,26,11.912925720214844,0.07550597190856934,18670.0,12.067272186279297,197,1
StandardGSGP,2d2fe0e5-ad3f-11ef-a22a-e4a8dfc2a9a8,parkinson_updrs,19,27,11.905661582946777,0.07850790023803711,19482.0,12.062400817871094,203,1
StandardGSGP,2d2fe0e5-ad3f-11ef-a22a-e4a8dfc2a9a8,parkinson_updrs,19,28,11.888113021850586,0.07650446891784668,20126.0,12.033819198608398,191,1
StandardGSGP,2d2fe0e5-ad3f-11ef-a22a-e4a8dfc2a9a8,parkinson_updrs,19,29,11.844390869140625,0.07750797271728516,20830.0,11.989026069641113,199,1
StandardGSGP,2d2fe0e5-ad3f-11ef-a22a-e4a8dfc2a9a8,parkinson_updrs,19,30,11.841951370239258,0.08236145973205566,21452.0,11.987192153930664,205,1
StandardGSGP,2d2fe0e5-ad3f-11ef-a22a-e4a8dfc2a9a8,parkinson_updrs,19,31,11.841951370239258,0.08632731437683105,21780.0,11.987192153930664,205,1
StandardGSGP,2d2fe0e5-ad3f-11ef-a22a-e4a8dfc2a9a8,parkinson_updrs,19,32,11.832677841186523,0.08306360244750977,21994.0,11.978713035583496,213,1
StandardGSGP,2d2fe0e5-ad3f-11ef-a22a-e4a8dfc2a9a8,parkinson_updrs,19,33,11.828011512756348,0.08350872993469238,22560.0,11.973611831665039,229,1
StandardGSGP,2d2fe0e5-ad3f-11ef-a22a-e4a8dfc2a9a8,parkinson_updrs,19,34,11.816991806030273,0.07782149314880371,23084.0,11.96091079711914,219,1
StandardGSGP,2d2fe0e5-ad3f-11ef-a22a-e4a8dfc2a9a8,parkinson_updrs,19,35,11.810935974121094,0.07837080955505371,23672.0,11.954680442810059,231,1
StandardGSGP,2d2fe0e5-ad3f-11ef-a22a-e4a8dfc2a9a8,parkinson_updrs,19,36,11.805853843688965,0.08023691177368164,24300.0,11.949886322021484,237,1
StandardGSGP,2d2fe0e5-ad3f-11ef-a22a-e4a8dfc2a9a8,parkinson_updrs,19,37,11.800085067749023,0.15584707260131836,24822.0,11.94803237915039,241,1
StandardGSGP,2d2fe0e5-ad3f-11ef-a22a-e4a8dfc2a9a8,parkinson_updrs,19,38,11.791598320007324,0.07789492607116699,25606.0,11.938896179199219,247,1
StandardGSGP,2d2fe0e5-ad3f-11ef-a22a-e4a8dfc2a9a8,parkinson_updrs,19,39,11.779382705688477,0.08371376991271973,26230.0,11.922324180603027,255,1
StandardGSGP,2d2fe0e5-ad3f-11ef-a22a-e4a8dfc2a9a8,parkinson_updrs,19,40,11.772395133972168,0.079498291015625,26638.0,11.91689395904541,269,1
StandardGSGP,2d2fe0e5-ad3f-11ef-a22a-e4a8dfc2a9a8,parkinson_updrs,19,41,11.746196746826172,0.07719659805297852,27500.0,11.887493133544922,273,1
StandardGSGP,2d2fe0e5-ad3f-11ef-a22a-e4a8dfc2a9a8,parkinson_updrs,19,42,11.738452911376953,0.08199572563171387,28204.0,11.880575180053711,281,1
StandardGSGP,2d2fe0e5-ad3f-11ef-a22a-e4a8dfc2a9a8,parkinson_updrs,19,43,11.72710132598877,0.07750582695007324,28928.0,11.867874145507812,291,1
StandardGSGP,2d2fe0e5-ad3f-11ef-a22a-e4a8dfc2a9a8,parkinson_updrs,19,44,11.720585823059082,0.07651138305664062,29474.0,11.862263679504395,285,1
StandardGSGP,2d2fe0e5-ad3f-11ef-a22a-e4a8dfc2a9a8,parkinson_updrs,19,45,11.715906143188477,0.08050704002380371,30080.0,11.858309745788574,311,1
StandardGSGP,2d2fe0e5-ad3f-11ef-a22a-e4a8dfc2a9a8,parkinson_updrs,19,46,11.689251899719238,0.07791519165039062,30858.0,11.830148696899414,321,1
StandardGSGP,2d2fe0e5-ad3f-11ef-a22a-e4a8dfc2a9a8,parkinson_updrs,19,47,11.688325881958008,0.07904839515686035,31654.0,11.829174995422363,329,1
StandardGSGP,2d2fe0e5-ad3f-11ef-a22a-e4a8dfc2a9a8,parkinson_updrs,19,48,11.683908462524414,0.07550525665283203,32776.0,11.827010154724121,321,1
StandardGSGP,2d2fe0e5-ad3f-11ef-a22a-e4a8dfc2a9a8,parkinson_updrs,19,49,11.675018310546875,0.08150911331176758,33996.0,11.821816444396973,341,1
StandardGSGP,2d2fe0e5-ad3f-11ef-a22a-e4a8dfc2a9a8,parkinson_updrs,19,50,11.672202110290527,0.07650327682495117,34832.0,11.820051193237305,351,1
StandardGSGP,2d2fe0e5-ad3f-11ef-a22a-e4a8dfc2a9a8,parkinson_updrs,19,51,11.664031982421875,0.07866525650024414,35754.0,11.813973426818848,357,1
StandardGSGP,2d2fe0e5-ad3f-11ef-a22a-e4a8dfc2a9a8,parkinson_updrs,19,52,11.657181739807129,0.07722139358520508,36812.0,11.801156997680664,363,1
StandardGSGP,2d2fe0e5-ad3f-11ef-a22a-e4a8dfc2a9a8,parkinson_updrs,19,53,11.62574291229248,0.08738541603088379,37360.0,11.772632598876953,377,1
StandardGSGP,2d2fe0e5-ad3f-11ef-a22a-e4a8dfc2a9a8,parkinson_updrs,19,54,11.62320327758789,0.07432198524475098,37990.0,11.772652626037598,383,1
StandardGSGP,2d2fe0e5-ad3f-11ef-a22a-e4a8dfc2a9a8,parkinson_updrs,19,55,11.618143081665039,0.0768730640411377,38944.0,11.76613712310791,391,1
StandardGSGP,2d2fe0e5-ad3f-11ef-a22a-e4a8dfc2a9a8,parkinson_updrs,19,56,11.613123893737793,0.07750988006591797,39920.0,11.760172843933105,397,1
StandardGSGP,2d2fe0e5-ad3f-11ef-a22a-e4a8dfc2a9a8,parkinson_updrs,19,57,11.60779094696045,0.07782769203186035,40558.0,11.754404067993164,405,1
StandardGSGP,2d2fe0e5-ad3f-11ef-a22a-e4a8dfc2a9a8,parkinson_updrs,19,58,11.603926658630371,0.0780489444732666,41188.0,11.753467559814453,409,1
StandardGSGP,2d2fe0e5-ad3f-11ef-a22a-e4a8dfc2a9a8,parkinson_updrs,19,59,11.544904708862305,0.07651090621948242,41836.0,11.689044952392578,415,1
StandardGSGP,2d2fe0e5-ad3f-11ef-a22a-e4a8dfc2a9a8,parkinson_updrs,19,60,11.544037818908691,0.07950544357299805,42564.0,11.687954902648926,421,1
StandardGSGP,2d2fe0e5-ad3f-11ef-a22a-e4a8dfc2a9a8,parkinson_updrs,19,61,11.53360652923584,0.07888293266296387,43704.0,11.676124572753906,427,1
StandardGSGP,2d2fe0e5-ad3f-11ef-a22a-e4a8dfc2a9a8,parkinson_updrs,19,62,11.530956268310547,0.0785524845123291,44458.0,11.673044204711914,433,1
StandardGSGP,2d2fe0e5-ad3f-11ef-a22a-e4a8dfc2a9a8,parkinson_updrs,19,63,11.519060134887695,0.07949948310852051,44746.0,11.6600923538208,443,1
StandardGSGP,2d2fe0e5-ad3f-11ef-a22a-e4a8dfc2a9a8,parkinson_updrs,19,64,11.509361267089844,0.0783529281616211,44948.0,11.651766777038574,457,1
StandardGSGP,2d2fe0e5-ad3f-11ef-a22a-e4a8dfc2a9a8,parkinson_updrs,19,65,11.488591194152832,0.09150815010070801,45622.0,11.630629539489746,463,1
StandardGSGP,2d2fe0e5-ad3f-11ef-a22a-e4a8dfc2a9a8,parkinson_updrs,19,66,11.487337112426758,0.07771086692810059,46672.0,11.629685401916504,483,1
StandardGSGP,2d2fe0e5-ad3f-11ef-a22a-e4a8dfc2a9a8,parkinson_updrs,19,67,11.481608390808105,0.08102750778198242,47794.0,11.624189376831055,489,1
StandardGSGP,2d2fe0e5-ad3f-11ef-a22a-e4a8dfc2a9a8,parkinson_updrs,19,68,11.475881576538086,0.08108997344970703,48906.0,11.617375373840332,489,1
StandardGSGP,2d2fe0e5-ad3f-11ef-a22a-e4a8dfc2a9a8,parkinson_updrs,19,69,11.46794605255127,0.07741641998291016,49890.0,11.609951972961426,495,1
StandardGSGP,2d2fe0e5-ad3f-11ef-a22a-e4a8dfc2a9a8,parkinson_updrs,19,70,11.437408447265625,0.08117413520812988,50638.0,11.579668998718262,497,1
StandardGSGP,2d2fe0e5-ad3f-11ef-a22a-e4a8dfc2a9a8,parkinson_updrs,19,71,11.437148094177246,0.08575153350830078,51252.0,11.579524993896484,511,1
StandardGSGP,2d2fe0e5-ad3f-11ef-a22a-e4a8dfc2a9a8,parkinson_updrs,19,72,11.436203002929688,0.08348464965820312,51762.0,11.574016571044922,511,1
StandardGSGP,2d2fe0e5-ad3f-11ef-a22a-e4a8dfc2a9a8,parkinson_updrs,19,73,11.425951957702637,0.07956933975219727,52290.0,11.568465232849121,521,1
StandardGSGP,2d2fe0e5-ad3f-11ef-a22a-e4a8dfc2a9a8,parkinson_updrs,19,74,11.423078536987305,0.08063960075378418,52760.0,11.565117835998535,533,1
StandardGSGP,2d2fe0e5-ad3f-11ef-a22a-e4a8dfc2a9a8,parkinson_updrs,19,75,11.407115936279297,0.07705211639404297,53352.0,11.54478645324707,541,1
StandardGSGP,2d2fe0e5-ad3f-11ef-a22a-e4a8dfc2a9a8,parkinson_updrs,19,76,11.393550872802734,0.07854175567626953,53990.0,11.533709526062012,535,1
StandardGSGP,2d2fe0e5-ad3f-11ef-a22a-e4a8dfc2a9a8,parkinson_updrs,19,77,11.383217811584473,0.08548951148986816,54762.0,11.522225379943848,557,1
StandardGSGP,2d2fe0e5-ad3f-11ef-a22a-e4a8dfc2a9a8,parkinson_updrs,19,78,11.35906982421875,0.07738113403320312,55450.0,11.498034477233887,549,1
StandardGSGP,2d2fe0e5-ad3f-11ef-a22a-e4a8dfc2a9a8,parkinson_updrs,19,79,11.356754302978516,0.07911419868469238,56284.0,11.497207641601562,557,1
StandardGSGP,2d2fe0e5-ad3f-11ef-a22a-e4a8dfc2a9a8,parkinson_updrs,19,80,11.342166900634766,0.08051109313964844,57008.0,11.48801326751709,565,1
StandardGSGP,2d2fe0e5-ad3f-11ef-a22a-e4a8dfc2a9a8,parkinson_updrs,19,81,11.33519458770752,0.07517838478088379,57294.0,11.481409072875977,571,1
StandardGSGP,2d2fe0e5-ad3f-11ef-a22a-e4a8dfc2a9a8,parkinson_updrs,19,82,11.329046249389648,0.0757601261138916,57820.0,11.474081039428711,577,1
StandardGSGP,2d2fe0e5-ad3f-11ef-a22a-e4a8dfc2a9a8,parkinson_updrs,19,83,11.322266578674316,0.07530617713928223,58722.0,11.467231750488281,585,1
StandardGSGP,2d2fe0e5-ad3f-11ef-a22a-e4a8dfc2a9a8,parkinson_updrs,19,84,11.3115234375,0.08692312240600586,59492.0,11.450135231018066,601,1
StandardGSGP,2d2fe0e5-ad3f-11ef-a22a-e4a8dfc2a9a8,parkinson_updrs,19,85,11.303863525390625,0.0811929702758789,60146.0,11.44467544555664,607,1
StandardGSGP,2d2fe0e5-ad3f-11ef-a22a-e4a8dfc2a9a8,parkinson_updrs,19,86,11.297215461730957,0.08326363563537598,61038.0,11.438157081604004,615,1
StandardGSGP,2d2fe0e5-ad3f-11ef-a22a-e4a8dfc2a9a8,parkinson_updrs,19,87,11.294631958007812,0.08150744438171387,62156.0,11.435229301452637,627,1
StandardGSGP,2d2fe0e5-ad3f-11ef-a22a-e4a8dfc2a9a8,parkinson_updrs,19,88,11.28830337524414,0.0825035572052002,62834.0,11.429118156433105,633,1
StandardGSGP,2d2fe0e5-ad3f-11ef-a22a-e4a8dfc2a9a8,parkinson_updrs,19,89,11.272891998291016,0.08487772941589355,63562.0,11.417213439941406,627,1
StandardGSGP,2d2fe0e5-ad3f-11ef-a22a-e4a8dfc2a9a8,parkinson_updrs,19,90,11.265972137451172,0.08099055290222168,64248.0,11.408397674560547,633,1
StandardGSGP,2d2fe0e5-ad3f-11ef-a22a-e4a8dfc2a9a8,parkinson_updrs,19,91,11.263185501098633,0.08349895477294922,64908.0,11.407512664794922,645,1
StandardGSGP,2d2fe0e5-ad3f-11ef-a22a-e4a8dfc2a9a8,parkinson_updrs,19,92,11.25526237487793,0.07710409164428711,65314.0,11.398242950439453,651,1
StandardGSGP,2d2fe0e5-ad3f-11ef-a22a-e4a8dfc2a9a8,parkinson_updrs,19,93,11.245613098144531,0.08621358871459961,65774.0,11.386383056640625,657,1
StandardGSGP,2d2fe0e5-ad3f-11ef-a22a-e4a8dfc2a9a8,parkinson_updrs,19,94,11.245613098144531,0.08224844932556152,66274.0,11.386383056640625,657,1
StandardGSGP,2d2fe0e5-ad3f-11ef-a22a-e4a8dfc2a9a8,parkinson_updrs,19,95,11.225675582885742,0.0823054313659668,66944.0,11.373339653015137,675,1
StandardGSGP,2d2fe0e5-ad3f-11ef-a22a-e4a8dfc2a9a8,parkinson_updrs,19,96,11.224209785461426,0.08396553993225098,67772.0,11.371790885925293,685,1
StandardGSGP,2d2fe0e5-ad3f-11ef-a22a-e4a8dfc2a9a8,parkinson_updrs,19,97,11.21345329284668,0.0876152515411377,68548.0,11.360121726989746,691,1
StandardGSGP,2d2fe0e5-ad3f-11ef-a22a-e4a8dfc2a9a8,parkinson_updrs,19,98,11.203285217285156,0.08530330657958984,69456.0,11.348840713500977,697,1
StandardGSGP,2d2fe0e5-ad3f-11ef-a22a-e4a8dfc2a9a8,parkinson_updrs,19,99,11.200443267822266,0.08168315887451172,70280.0,11.343975067138672,707,1
StandardGSGP,2d2fe0e5-ad3f-11ef-a22a-e4a8dfc2a9a8,parkinson_updrs,19,100,11.194703102111816,0.07493925094604492,71150.0,11.340492248535156,719,1
