StandardGSGP,c4ced3e4-ad3e-11ef-a881-e4a8dfc2a9a8,parkinson_updrs,29,0,0.2719673812389374,0.10550975799560547,2172.0,0.2786354720592499,5,1
StandardGSGP,c4ced3e4-ad3e-11ef-a881-e4a8dfc2a9a8,parkinson_updrs,29,1,0.26508188247680664,0.0705118179321289,2128.0,0.27216246724128723,11,1
StandardGSGP,c4ced3e4-ad3e-11ef-a881-e4a8dfc2a9a8,parkinson_updrs,29,2,0.2637454569339752,0.0745077133178711,2476.0,0.272263765335083,21,1
StandardGSGP,c4ced3e4-ad3e-11ef-a881-e4a8dfc2a9a8,parkinson_updrs,29,3,0.25074124336242676,0.07350754737854004,2822.0,0.2516392767429352,25,1
StandardGSGP,c4ced3e4-ad3e-11ef-a881-e4a8dfc2a9a8,parkinson_updrs,29,4,0.23572148382663727,0.07899785041809082,3632.0,0.24182723462581635,33,1
StandardGSGP,c4ced3e4-ad3e-11ef-a881-e4a8dfc2a9a8,parkinson_updrs,29,5,0.23074856400489807,0.07551956176757812,4366.0,0.23484744131565094,31,1
StandardGSGP,c4ced3e4-ad3e-11ef-a881-e4a8dfc2a9a8,parkinson_updrs,29,6,0.23074856400489807,0.07401752471923828,4976.0,0.23484744131565094,31,1
StandardGSGP,c4ced3e4-ad3e-11ef-a881-e4a8dfc2a9a8,parkinson_updrs,29,7,0.22665658593177795,0.07445001602172852,5798.0,0.23197658360004425,61,1
StandardGSGP,c4ced3e4-ad3e-11ef-a881-e4a8dfc2a9a8,parkinson_updrs,29,8,0.22576963901519775,0.08073258399963379,6502.0,0.2307642549276352,67,1
StandardGSGP,c4ced3e4-ad3e-11ef-a881-e4a8dfc2a9a8,parkinson_updrs,29,9,0.22576963901519775,0.07357311248779297,7102.0,0.2307642549276352,67,1
StandardGSGP,c4ced3e4-ad3e-11ef-a881-e4a8dfc2a9a8,parkinson_updrs,29,10,0.2236907035112381,0.07265782356262207,7782.0,0.22742699086666107,85,1
StandardGSGP,c4ced3e4-ad3e-11ef-a881-e4a8dfc2a9a8,parkinson_updrs,29,11,0.22187933325767517,0.07177138328552246,8476.0,0.22517520189285278,85,1
StandardGSGP,c4ced3e4-ad3e-11ef-a881-e4a8dfc2a9a8,parkinson_updrs,29,12,0.2204124480485916,0.07502007484436035,9032.0,0.2239176332950592,89,1
StandardGSGP,c4ced3e4-ad3e-11ef-a881-e4a8dfc2a9a8,parkinson_updrs,29,13,0.2204124480485916,0.08140373229980469,9596.0,0.2239176332950592,89,1
StandardGSGP,c4ced3e4-ad3e-11ef-a881-e4a8dfc2a9a8,parkinson_updrs,29,14,0.2204124480485916,0.07599925994873047,10210.0,0.2239176332950592,89,1
StandardGSGP,c4ced3e4-ad3e-11ef-a881-e4a8dfc2a9a8,parkinson_updrs,29,15,0.21640320122241974,0.07450628280639648,11124.0,0.21815085411071777,129,1
StandardGSGP,c4ced3e4-ad3e-11ef-a881-e4a8dfc2a9a8,parkinson_updrs,29,16,0.2142748385667801,0.0766136646270752,11940.0,0.2152567058801651,139,1
StandardGSGP,c4ced3e4-ad3e-11ef-a881-e4a8dfc2a9a8,parkinson_updrs,29,17,0.2142748385667801,0.07102346420288086,12742.0,0.2152567058801651,139,1
StandardGSGP,c4ced3e4-ad3e-11ef-a881-e4a8dfc2a9a8,parkinson_updrs,29,18,0.2142748385667801,0.07696032524108887,13600.0,0.2152567058801651,139,1
StandardGSGP,c4ced3e4-ad3e-11ef-a881-e4a8dfc2a9a8,parkinson_updrs,29,19,0.21391171216964722,0.07017731666564941,14318.0,0.2149740755558014,147,1
StandardGSGP,c4ced3e4-ad3e-11ef-a881-e4a8dfc2a9a8,parkinson_updrs,29,20,0.21391171216964722,0.07404327392578125,14974.0,0.2149740755558014,147,1
StandardGSGP,c4ced3e4-ad3e-11ef-a881-e4a8dfc2a9a8,parkinson_updrs,29,21,0.21387407183647156,0.07562494277954102,15740.0,0.21476884186267853,153,1
StandardGSGP,c4ced3e4-ad3e-11ef-a881-e4a8dfc2a9a8,parkinson_updrs,29,22,0.21387407183647156,0.07300949096679688,16448.0,0.21476884186267853,153,1
StandardGSGP,c4ced3e4-ad3e-11ef-a881-e4a8dfc2a9a8,parkinson_updrs,29,23,0.21387407183647156,0.06899905204772949,17332.0,0.21476884186267853,153,1
StandardGSGP,c4ced3e4-ad3e-11ef-a881-e4a8dfc2a9a8,parkinson_updrs,29,24,0.21387407183647156,0.06751704216003418,18280.0,0.21476884186267853,153,1
StandardGSGP,c4ced3e4-ad3e-11ef-a881-e4a8dfc2a9a8,parkinson_updrs,29,25,0.21387407183647156,0.07620978355407715,18954.0,0.21476884186267853,153,1
StandardGSGP,c4ced3e4-ad3e-11ef-a881-e4a8dfc2a9a8,parkinson_updrs,29,26,0.21387407183647156,0.08374810218811035,19622.0,0.21476884186267853,153,1
StandardGSGP,c4ced3e4-ad3e-11ef-a881-e4a8dfc2a9a8,parkinson_updrs,29,27,0.21387407183647156,0.0790097713470459,20412.0,0.21476884186267853,153,1
StandardGSGP,c4ced3e4-ad3e-11ef-a881-e4a8dfc2a9a8,parkinson_updrs,29,28,0.21387407183647156,0.08099484443664551,20902.0,0.21476884186267853,153,1
StandardGSGP,c4ced3e4-ad3e-11ef-a881-e4a8dfc2a9a8,parkinson_updrs,29,29,0.21387407183647156,0.08361291885375977,21322.0,0.21476884186267853,153,1
StandardGSGP,c4ced3e4-ad3e-11ef-a881-e4a8dfc2a9a8,parkinson_updrs,29,30,0.21387407183647156,0.07854032516479492,21704.0,0.21476884186267853,153,1
StandardGSGP,c4ced3e4-ad3e-11ef-a881-e4a8dfc2a9a8,parkinson_updrs,29,31,0.213522270321846,0.07921075820922852,22366.0,0.21455173194408417,161,1
StandardGSGP,c4ced3e4-ad3e-11ef-a881-e4a8dfc2a9a8,parkinson_updrs,29,32,0.21314938366413116,0.0763697624206543,22644.0,0.21422189474105835,167,1
StandardGSGP,c4ced3e4-ad3e-11ef-a881-e4a8dfc2a9a8,parkinson_updrs,29,33,0.21314938366413116,0.0861654281616211,22940.0,0.21422189474105835,167,1
StandardGSGP,c4ced3e4-ad3e-11ef-a881-e4a8dfc2a9a8,parkinson_updrs,29,34,0.21314938366413116,0.07799673080444336,23044.0,0.21422189474105835,167,1
StandardGSGP,c4ced3e4-ad3e-11ef-a881-e4a8dfc2a9a8,parkinson_updrs,29,35,0.21314938366413116,0.07450437545776367,23652.0,0.21422189474105835,167,1
StandardGSGP,c4ced3e4-ad3e-11ef-a881-e4a8dfc2a9a8,parkinson_updrs,29,36,0.21295468509197235,0.07150578498840332,23942.0,0.21437223255634308,177,1
StandardGSGP,c4ced3e4-ad3e-11ef-a881-e4a8dfc2a9a8,parkinson_updrs,29,37,0.21295468509197235,0.07266545295715332,24290.0,0.21437223255634308,177,1
StandardGSGP,c4ced3e4-ad3e-11ef-a881-e4a8dfc2a9a8,parkinson_updrs,29,38,0.21231599152088165,0.07450532913208008,24598.0,0.21437916159629822,179,1
StandardGSGP,c4ced3e4-ad3e-11ef-a881-e4a8dfc2a9a8,parkinson_updrs,29,39,0.21231599152088165,0.07286286354064941,25310.0,0.21437916159629822,179,1
StandardGSGP,c4ced3e4-ad3e-11ef-a881-e4a8dfc2a9a8,parkinson_updrs,29,40,0.2113463282585144,0.0725102424621582,24810.0,0.21397928893566132,209,1
StandardGSGP,c4ced3e4-ad3e-11ef-a881-e4a8dfc2a9a8,parkinson_updrs,29,41,0.2113463282585144,0.07450699806213379,24156.0,0.21397928893566132,209,1
StandardGSGP,c4ced3e4-ad3e-11ef-a881-e4a8dfc2a9a8,parkinson_updrs,29,42,0.2113463282585144,0.08350658416748047,24690.0,0.21397928893566132,209,1
StandardGSGP,c4ced3e4-ad3e-11ef-a881-e4a8dfc2a9a8,parkinson_updrs,29,43,0.2113463282585144,0.07131147384643555,24548.0,0.21397928893566132,209,1
StandardGSGP,c4ced3e4-ad3e-11ef-a881-e4a8dfc2a9a8,parkinson_updrs,29,44,0.2113463282585144,0.07550716400146484,25318.0,0.21397928893566132,209,1
StandardGSGP,c4ced3e4-ad3e-11ef-a881-e4a8dfc2a9a8,parkinson_updrs,29,45,0.2113463282585144,0.07304668426513672,25746.0,0.21397928893566132,209,1
StandardGSGP,c4ced3e4-ad3e-11ef-a881-e4a8dfc2a9a8,parkinson_updrs,29,46,0.2113463282585144,0.1432497501373291,26614.0,0.21397928893566132,209,1
StandardGSGP,c4ced3e4-ad3e-11ef-a881-e4a8dfc2a9a8,parkinson_updrs,29,47,0.2113463282585144,0.07236099243164062,26498.0,0.21397928893566132,209,1
StandardGSGP,c4ced3e4-ad3e-11ef-a881-e4a8dfc2a9a8,parkinson_updrs,29,48,0.2113463282585144,0.07567429542541504,26218.0,0.21397928893566132,209,1
StandardGSGP,c4ced3e4-ad3e-11ef-a881-e4a8dfc2a9a8,parkinson_updrs,29,49,0.21106602251529694,0.07662367820739746,26550.0,0.21325556933879852,215,1
StandardGSGP,c4ced3e4-ad3e-11ef-a881-e4a8dfc2a9a8,parkinson_updrs,29,50,0.21106602251529694,0.07384157180786133,26514.0,0.21325556933879852,215,1
StandardGSGP,c4ced3e4-ad3e-11ef-a881-e4a8dfc2a9a8,parkinson_updrs,29,51,0.21106602251529694,0.07198500633239746,26774.0,0.21325556933879852,215,1
StandardGSGP,c4ced3e4-ad3e-11ef-a881-e4a8dfc2a9a8,parkinson_updrs,29,52,0.21106602251529694,0.07151103019714355,26760.0,0.21325556933879852,215,1
StandardGSGP,c4ced3e4-ad3e-11ef-a881-e4a8dfc2a9a8,parkinson_updrs,29,53,0.21106602251529694,0.07350850105285645,27210.0,0.21325556933879852,215,1
StandardGSGP,c4ced3e4-ad3e-11ef-a881-e4a8dfc2a9a8,parkinson_updrs,29,54,0.21106602251529694,0.0725095272064209,27204.0,0.21325556933879852,215,1
StandardGSGP,c4ced3e4-ad3e-11ef-a881-e4a8dfc2a9a8,parkinson_updrs,29,55,0.21106602251529694,0.0693058967590332,27556.0,0.21325556933879852,215,1
StandardGSGP,c4ced3e4-ad3e-11ef-a881-e4a8dfc2a9a8,parkinson_updrs,29,56,0.21106602251529694,0.07351541519165039,28234.0,0.21325556933879852,215,1
StandardGSGP,c4ced3e4-ad3e-11ef-a881-e4a8dfc2a9a8,parkinson_updrs,29,57,0.21106602251529694,0.07489371299743652,28422.0,0.21325556933879852,215,1
StandardGSGP,c4ced3e4-ad3e-11ef-a881-e4a8dfc2a9a8,parkinson_updrs,29,58,0.21106602251529694,0.07191276550292969,29208.0,0.21325556933879852,215,1
StandardGSGP,c4ced3e4-ad3e-11ef-a881-e4a8dfc2a9a8,parkinson_updrs,29,59,0.21106602251529694,0.07319998741149902,30026.0,0.21325556933879852,215,1
StandardGSGP,c4ced3e4-ad3e-11ef-a881-e4a8dfc2a9a8,parkinson_updrs,29,60,0.21106602251529694,0.0754849910736084,30180.0,0.21325556933879852,215,1
StandardGSGP,c4ced3e4-ad3e-11ef-a881-e4a8dfc2a9a8,parkinson_updrs,29,61,0.21106602251529694,0.07889080047607422,30648.0,0.21325556933879852,215,1
StandardGSGP,c4ced3e4-ad3e-11ef-a881-e4a8dfc2a9a8,parkinson_updrs,29,62,0.21106602251529694,0.06927752494812012,30750.0,0.21325556933879852,215,1
StandardGSGP,c4ced3e4-ad3e-11ef-a881-e4a8dfc2a9a8,parkinson_updrs,29,63,0.21106602251529694,0.07345223426818848,30290.0,0.21325556933879852,215,1
StandardGSGP,c4ced3e4-ad3e-11ef-a881-e4a8dfc2a9a8,parkinson_updrs,29,64,0.21101343631744385,0.07971644401550293,30568.0,0.21319125592708588,223,1
StandardGSGP,c4ced3e4-ad3e-11ef-a881-e4a8dfc2a9a8,parkinson_updrs,29,65,0.210976243019104,0.07451200485229492,31226.0,0.21308010816574097,229,1
StandardGSGP,c4ced3e4-ad3e-11ef-a881-e4a8dfc2a9a8,parkinson_updrs,29,66,0.210976243019104,0.0833120346069336,31956.0,0.21308010816574097,229,1
StandardGSGP,c4ced3e4-ad3e-11ef-a881-e4a8dfc2a9a8,parkinson_updrs,29,67,0.210976243019104,0.07618069648742676,31406.0,0.21308010816574097,229,1
StandardGSGP,c4ced3e4-ad3e-11ef-a881-e4a8dfc2a9a8,parkinson_updrs,29,68,0.210976243019104,0.07797479629516602,31832.0,0.21308010816574097,229,1
StandardGSGP,c4ced3e4-ad3e-11ef-a881-e4a8dfc2a9a8,parkinson_updrs,29,69,0.21074064075946808,0.08134603500366211,31900.0,0.2125818431377411,255,1
StandardGSGP,c4ced3e4-ad3e-11ef-a881-e4a8dfc2a9a8,parkinson_updrs,29,70,0.2106975018978119,0.07572531700134277,32700.0,0.2125585973262787,265,1
StandardGSGP,c4ced3e4-ad3e-11ef-a881-e4a8dfc2a9a8,parkinson_updrs,29,71,0.2106975018978119,0.07455873489379883,34190.0,0.2125585973262787,265,1
StandardGSGP,c4ced3e4-ad3e-11ef-a881-e4a8dfc2a9a8,parkinson_updrs,29,72,0.2106975018978119,0.07359480857849121,34970.0,0.2125585973262787,265,1
StandardGSGP,c4ced3e4-ad3e-11ef-a881-e4a8dfc2a9a8,parkinson_updrs,29,73,0.2106975018978119,0.07692766189575195,35772.0,0.2125585973262787,265,1
StandardGSGP,c4ced3e4-ad3e-11ef-a881-e4a8dfc2a9a8,parkinson_updrs,29,74,0.2106975018978119,0.07300114631652832,36530.0,0.2125585973262787,265,1
StandardGSGP,c4ced3e4-ad3e-11ef-a881-e4a8dfc2a9a8,parkinson_updrs,29,75,0.21068300306797028,0.0814981460571289,37642.0,0.21265387535095215,271,1
StandardGSGP,c4ced3e4-ad3e-11ef-a881-e4a8dfc2a9a8,parkinson_updrs,29,76,0.21068300306797028,0.07551145553588867,38238.0,0.21265387535095215,271,1
StandardGSGP,c4ced3e4-ad3e-11ef-a881-e4a8dfc2a9a8,parkinson_updrs,29,77,0.21068300306797028,0.08754587173461914,37104.0,0.21265387535095215,271,1
StandardGSGP,c4ced3e4-ad3e-11ef-a881-e4a8dfc2a9a8,parkinson_updrs,29,78,0.21068300306797028,0.07660460472106934,37138.0,0.21265387535095215,271,1
StandardGSGP,c4ced3e4-ad3e-11ef-a881-e4a8dfc2a9a8,parkinson_updrs,29,79,0.21068300306797028,0.08053445816040039,37488.0,0.21265387535095215,271,1
StandardGSGP,c4ced3e4-ad3e-11ef-a881-e4a8dfc2a9a8,parkinson_updrs,29,80,0.21068300306797028,0.07664227485656738,38240.0,0.21265387535095215,271,1
StandardGSGP,c4ced3e4-ad3e-11ef-a881-e4a8dfc2a9a8,parkinson_updrs,29,81,0.21068300306797028,0.07845282554626465,37762.0,0.21265387535095215,271,1
StandardGSGP,c4ced3e4-ad3e-11ef-a881-e4a8dfc2a9a8,parkinson_updrs,29,82,0.21068300306797028,0.0772554874420166,38226.0,0.21265387535095215,271,1
StandardGSGP,c4ced3e4-ad3e-11ef-a881-e4a8dfc2a9a8,parkinson_updrs,29,83,0.21068300306797028,0.07651066780090332,37958.0,0.21265387535095215,271,1
StandardGSGP,c4ced3e4-ad3e-11ef-a881-e4a8dfc2a9a8,parkinson_updrs,29,84,0.21068300306797028,0.07283711433410645,38302.0,0.21265387535095215,271,1
StandardGSGP,c4ced3e4-ad3e-11ef-a881-e4a8dfc2a9a8,parkinson_updrs,29,85,0.21068300306797028,0.07270550727844238,37550.0,0.21265387535095215,271,1
StandardGSGP,c4ced3e4-ad3e-11ef-a881-e4a8dfc2a9a8,parkinson_updrs,29,86,0.21068300306797028,0.07433009147644043,38416.0,0.21265387535095215,271,1
StandardGSGP,c4ced3e4-ad3e-11ef-a881-e4a8dfc2a9a8,parkinson_updrs,29,87,0.21068300306797028,0.0765225887298584,38978.0,0.21265387535095215,271,1
StandardGSGP,c4ced3e4-ad3e-11ef-a881-e4a8dfc2a9a8,parkinson_updrs,29,88,0.21068300306797028,0.07552385330200195,38818.0,0.21265387535095215,271,1
StandardGSGP,c4ced3e4-ad3e-11ef-a881-e4a8dfc2a9a8,parkinson_updrs,29,89,0.21068300306797028,0.0742347240447998,37606.0,0.21265387535095215,271,1
StandardGSGP,c4ced3e4-ad3e-11ef-a881-e4a8dfc2a9a8,parkinson_updrs,29,90,0.21068300306797028,0.08111190795898438,36956.0,0.21265387535095215,271,1
StandardGSGP,c4ced3e4-ad3e-11ef-a881-e4a8dfc2a9a8,parkinson_updrs,29,91,0.21068300306797028,0.06855964660644531,36564.0,0.21265387535095215,271,1
StandardGSGP,c4ced3e4-ad3e-11ef-a881-e4a8dfc2a9a8,parkinson_updrs,29,92,0.21068300306797028,0.0745084285736084,36366.0,0.21265387535095215,271,1
StandardGSGP,c4ced3e4-ad3e-11ef-a881-e4a8dfc2a9a8,parkinson_updrs,29,93,0.21068300306797028,0.07658553123474121,36884.0,0.21265387535095215,271,1
StandardGSGP,c4ced3e4-ad3e-11ef-a881-e4a8dfc2a9a8,parkinson_updrs,29,94,0.21068300306797028,0.07199883460998535,37002.0,0.21265387535095215,271,1
StandardGSGP,c4ced3e4-ad3e-11ef-a881-e4a8dfc2a9a8,parkinson_updrs,29,95,0.21068300306797028,0.07050132751464844,35660.0,0.21265387535095215,271,1
StandardGSGP,c4ced3e4-ad3e-11ef-a881-e4a8dfc2a9a8,parkinson_updrs,29,96,0.21068300306797028,0.07250809669494629,35518.0,0.21265387535095215,271,1
StandardGSGP,c4ced3e4-ad3e-11ef-a881-e4a8dfc2a9a8,parkinson_updrs,29,97,0.21068300306797028,0.07570147514343262,36374.0,0.21265387535095215,271,1
StandardGSGP,c4ced3e4-ad3e-11ef-a881-e4a8dfc2a9a8,parkinson_updrs,29,98,0.21068300306797028,0.06929278373718262,36890.0,0.21265387535095215,271,1
StandardGSGP,c4ced3e4-ad3e-11ef-a881-e4a8dfc2a9a8,parkinson_updrs,29,99,0.21068300306797028,0.06750035285949707,36766.0,0.21265387535095215,271,1
StandardGSGP,c4ced3e4-ad3e-11ef-a881-e4a8dfc2a9a8,parkinson_updrs,29,100,0.21068300306797028,0.0727384090423584,36068.0,0.21265387535095215,271,1
StandardGSGP,61386fd1-ad3f-11ef-a201-e4a8dfc2a9a8,parkinson_updrs,29,0,14.202655792236328,0.06906795501708984,1376.0,14.186056137084961,3,1
StandardGSGP,61386fd1-ad3f-11ef-a201-e4a8dfc2a9a8,parkinson_updrs,29,1,14.081609725952148,0.08586525917053223,1648.0,14.07282829284668,9,1
StandardGSGP,61386fd1-ad3f-11ef-a201-e4a8dfc2a9a8,parkinson_updrs,29,2,13.972816467285156,0.08275699615478516,2532.0,13.972871780395508,15,1
StandardGSGP,61386fd1-ad3f-11ef-a201-e4a8dfc2a9a8,parkinson_updrs,29,3,13.831507682800293,0.07852959632873535,2796.0,13.844159126281738,21,1
StandardGSGP,61386fd1-ad3f-11ef-a201-e4a8dfc2a9a8,parkinson_updrs,29,4,13.633410453796387,0.08052945137023926,3188.0,13.663788795471191,29,1
StandardGSGP,61386fd1-ad3f-11ef-a201-e4a8dfc2a9a8,parkinson_updrs,29,5,13.327216148376465,0.07800626754760742,3850.0,13.387788772583008,35,1
StandardGSGP,61386fd1-ad3f-11ef-a201-e4a8dfc2a9a8,parkinson_updrs,29,6,13.321053504943848,0.08299899101257324,4470.0,13.381537437438965,45,1
StandardGSGP,61386fd1-ad3f-11ef-a201-e4a8dfc2a9a8,parkinson_updrs,29,7,13.166850090026855,0.15361881256103516,5126.0,13.243814468383789,51,1
StandardGSGP,61386fd1-ad3f-11ef-a201-e4a8dfc2a9a8,parkinson_updrs,29,8,13.016510963439941,0.0799257755279541,5892.0,13.113639831542969,61,1
StandardGSGP,61386fd1-ad3f-11ef-a201-e4a8dfc2a9a8,parkinson_updrs,29,9,12.74559497833252,0.08550620079040527,6460.0,12.872232437133789,69,1
StandardGSGP,61386fd1-ad3f-11ef-a201-e4a8dfc2a9a8,parkinson_updrs,29,10,12.546895980834961,0.09166693687438965,7324.0,12.703601837158203,79,1
StandardGSGP,61386fd1-ad3f-11ef-a201-e4a8dfc2a9a8,parkinson_updrs,29,11,12.477693557739258,0.0768270492553711,8096.0,12.64657974243164,85,1
StandardGSGP,61386fd1-ad3f-11ef-a201-e4a8dfc2a9a8,parkinson_updrs,29,12,12.352497100830078,0.07586503028869629,8858.0,12.546022415161133,91,1
StandardGSGP,61386fd1-ad3f-11ef-a201-e4a8dfc2a9a8,parkinson_updrs,29,13,12.208742141723633,0.08351397514343262,9766.0,12.42282485961914,99,1
StandardGSGP,61386fd1-ad3f-11ef-a201-e4a8dfc2a9a8,parkinson_updrs,29,14,12.208497047424316,0.08153176307678223,10598.0,12.422661781311035,105,1
StandardGSGP,61386fd1-ad3f-11ef-a201-e4a8dfc2a9a8,parkinson_updrs,29,15,12.126317024230957,0.07732772827148438,11406.0,12.367451667785645,109,1
StandardGSGP,61386fd1-ad3f-11ef-a201-e4a8dfc2a9a8,parkinson_updrs,29,16,12.042737007141113,0.07854127883911133,12022.0,12.303919792175293,119,1
StandardGSGP,61386fd1-ad3f-11ef-a201-e4a8dfc2a9a8,parkinson_updrs,29,17,12.004281997680664,0.07999658584594727,12518.0,12.282525062561035,131,1
StandardGSGP,61386fd1-ad3f-11ef-a201-e4a8dfc2a9a8,parkinson_updrs,29,18,11.99169921875,0.0777740478515625,13404.0,12.282631874084473,131,1
StandardGSGP,61386fd1-ad3f-11ef-a201-e4a8dfc2a9a8,parkinson_updrs,29,19,11.978014945983887,0.08024072647094727,14190.0,12.283462524414062,139,1
StandardGSGP,61386fd1-ad3f-11ef-a201-e4a8dfc2a9a8,parkinson_updrs,29,20,11.933789253234863,0.08114361763000488,15014.0,12.24829387664795,147,1
StandardGSGP,61386fd1-ad3f-11ef-a201-e4a8dfc2a9a8,parkinson_updrs,29,21,11.930344581604004,0.07350969314575195,15578.0,12.245532989501953,153,1
StandardGSGP,61386fd1-ad3f-11ef-a201-e4a8dfc2a9a8,parkinson_updrs,29,22,11.929526329040527,0.07699871063232422,16244.0,12.241403579711914,159,1
StandardGSGP,61386fd1-ad3f-11ef-a201-e4a8dfc2a9a8,parkinson_updrs,29,23,11.914708137512207,0.07799601554870605,17010.0,12.222402572631836,165,1
StandardGSGP,61386fd1-ad3f-11ef-a201-e4a8dfc2a9a8,parkinson_updrs,29,24,11.900359153747559,0.0805046558380127,17416.0,12.21458625793457,175,1
StandardGSGP,61386fd1-ad3f-11ef-a201-e4a8dfc2a9a8,parkinson_updrs,29,25,11.890265464782715,0.07950520515441895,18054.0,12.211540222167969,177,1
StandardGSGP,61386fd1-ad3f-11ef-a201-e4a8dfc2a9a8,parkinson_updrs,29,26,11.857048988342285,0.07634592056274414,18642.0,12.166170120239258,187,1
StandardGSGP,61386fd1-ad3f-11ef-a201-e4a8dfc2a9a8,parkinson_updrs,29,27,11.852200508117676,0.07726621627807617,19296.0,12.165821075439453,199,1
StandardGSGP,61386fd1-ad3f-11ef-a201-e4a8dfc2a9a8,parkinson_updrs,29,28,11.849183082580566,0.07899999618530273,20094.0,12.160287857055664,211,1
StandardGSGP,61386fd1-ad3f-11ef-a201-e4a8dfc2a9a8,parkinson_updrs,29,29,11.842893600463867,0.07950687408447266,20898.0,12.1534423828125,207,1
StandardGSGP,61386fd1-ad3f-11ef-a201-e4a8dfc2a9a8,parkinson_updrs,29,30,11.824070930480957,0.07929253578186035,21720.0,12.116280555725098,217,1
StandardGSGP,61386fd1-ad3f-11ef-a201-e4a8dfc2a9a8,parkinson_updrs,29,31,11.810066223144531,0.07760977745056152,22670.0,12.11459732055664,219,1
StandardGSGP,61386fd1-ad3f-11ef-a201-e4a8dfc2a9a8,parkinson_updrs,29,32,11.80626392364502,0.08543062210083008,23422.0,12.09449291229248,229,1
StandardGSGP,61386fd1-ad3f-11ef-a201-e4a8dfc2a9a8,parkinson_updrs,29,33,11.787144660949707,0.07753586769104004,23970.0,12.079351425170898,237,1
StandardGSGP,61386fd1-ad3f-11ef-a201-e4a8dfc2a9a8,parkinson_updrs,29,34,11.784658432006836,0.07572817802429199,24554.0,12.07839584350586,243,1
StandardGSGP,61386fd1-ad3f-11ef-a201-e4a8dfc2a9a8,parkinson_updrs,29,35,11.763406753540039,0.07918190956115723,24856.0,12.056964874267578,245,1
StandardGSGP,61386fd1-ad3f-11ef-a201-e4a8dfc2a9a8,parkinson_updrs,29,36,11.762417793273926,0.07950878143310547,25386.0,12.077101707458496,251,1
StandardGSGP,61386fd1-ad3f-11ef-a201-e4a8dfc2a9a8,parkinson_updrs,29,37,11.735321044921875,0.08212995529174805,26044.0,12.056055068969727,259,1
StandardGSGP,61386fd1-ad3f-11ef-a201-e4a8dfc2a9a8,parkinson_updrs,29,38,11.729085922241211,0.07857513427734375,26610.0,12.044387817382812,265,1
StandardGSGP,61386fd1-ad3f-11ef-a201-e4a8dfc2a9a8,parkinson_updrs,29,39,11.726414680480957,0.08084273338317871,27220.0,12.034215927124023,269,1
StandardGSGP,61386fd1-ad3f-11ef-a201-e4a8dfc2a9a8,parkinson_updrs,29,40,11.714482307434082,0.08100295066833496,28008.0,12.021406173706055,281,1
StandardGSGP,61386fd1-ad3f-11ef-a201-e4a8dfc2a9a8,parkinson_updrs,29,41,11.702208518981934,0.07783842086791992,28726.0,12.00537109375,285,1
StandardGSGP,61386fd1-ad3f-11ef-a201-e4a8dfc2a9a8,parkinson_updrs,29,42,11.692405700683594,0.08272695541381836,29480.0,11.994915008544922,289,1
StandardGSGP,61386fd1-ad3f-11ef-a201-e4a8dfc2a9a8,parkinson_updrs,29,43,11.69096851348877,0.08344578742980957,30042.0,11.990489959716797,295,1
StandardGSGP,61386fd1-ad3f-11ef-a201-e4a8dfc2a9a8,parkinson_updrs,29,44,11.682332038879395,0.08214473724365234,30498.0,11.989815711975098,295,1
StandardGSGP,61386fd1-ad3f-11ef-a201-e4a8dfc2a9a8,parkinson_updrs,29,45,11.65754222869873,0.07816743850708008,30928.0,11.968968391418457,311,1
StandardGSGP,61386fd1-ad3f-11ef-a201-e4a8dfc2a9a8,parkinson_updrs,29,46,11.651824951171875,0.08559131622314453,31536.0,11.96137809753418,317,1
StandardGSGP,61386fd1-ad3f-11ef-a201-e4a8dfc2a9a8,parkinson_updrs,29,47,11.631123542785645,0.07833623886108398,32358.0,11.945693016052246,319,1
StandardGSGP,61386fd1-ad3f-11ef-a201-e4a8dfc2a9a8,parkinson_updrs,29,48,11.621625900268555,0.07856988906860352,33234.0,11.936334609985352,327,1
StandardGSGP,61386fd1-ad3f-11ef-a201-e4a8dfc2a9a8,parkinson_updrs,29,49,11.616289138793945,0.08452510833740234,33730.0,11.931449890136719,337,1
StandardGSGP,61386fd1-ad3f-11ef-a201-e4a8dfc2a9a8,parkinson_updrs,29,50,11.602124214172363,0.07750272750854492,34188.0,11.916696548461914,337,1
StandardGSGP,61386fd1-ad3f-11ef-a201-e4a8dfc2a9a8,parkinson_updrs,29,51,11.59921932220459,0.09814095497131348,34780.0,11.921640396118164,351,1
StandardGSGP,61386fd1-ad3f-11ef-a201-e4a8dfc2a9a8,parkinson_updrs,29,52,11.573634147644043,0.09101676940917969,35396.0,11.88390064239502,351,1
StandardGSGP,61386fd1-ad3f-11ef-a201-e4a8dfc2a9a8,parkinson_updrs,29,53,11.570271492004395,0.09802389144897461,36158.0,11.87544059753418,357,1
StandardGSGP,61386fd1-ad3f-11ef-a201-e4a8dfc2a9a8,parkinson_updrs,29,54,11.549176216125488,0.10050702095031738,36674.0,11.847296714782715,375,1
StandardGSGP,61386fd1-ad3f-11ef-a201-e4a8dfc2a9a8,parkinson_updrs,29,55,11.543785095214844,0.08664584159851074,37264.0,11.858404159545898,381,1
StandardGSGP,61386fd1-ad3f-11ef-a201-e4a8dfc2a9a8,parkinson_updrs,29,56,11.503446578979492,0.09161972999572754,38036.0,11.798147201538086,381,1
StandardGSGP,61386fd1-ad3f-11ef-a201-e4a8dfc2a9a8,parkinson_updrs,29,57,11.503186225891113,0.09312248229980469,39014.0,11.797819137573242,387,1
StandardGSGP,61386fd1-ad3f-11ef-a201-e4a8dfc2a9a8,parkinson_updrs,29,58,11.499431610107422,0.08898711204528809,39968.0,11.790410995483398,393,1
StandardGSGP,61386fd1-ad3f-11ef-a201-e4a8dfc2a9a8,parkinson_updrs,29,59,11.493833541870117,0.09215164184570312,40404.0,11.78582763671875,395,1
StandardGSGP,61386fd1-ad3f-11ef-a201-e4a8dfc2a9a8,parkinson_updrs,29,60,11.489843368530273,0.07600021362304688,40584.0,11.790299415588379,401,1
StandardGSGP,61386fd1-ad3f-11ef-a201-e4a8dfc2a9a8,parkinson_updrs,29,61,11.472332954406738,0.08511614799499512,41234.0,11.769538879394531,419,1
StandardGSGP,61386fd1-ad3f-11ef-a201-e4a8dfc2a9a8,parkinson_updrs,29,62,11.466653823852539,0.09122610092163086,41872.0,11.762428283691406,425,1
StandardGSGP,61386fd1-ad3f-11ef-a201-e4a8dfc2a9a8,parkinson_updrs,29,63,11.442087173461914,0.10088014602661133,42758.0,11.738329887390137,439,1
StandardGSGP,61386fd1-ad3f-11ef-a201-e4a8dfc2a9a8,parkinson_updrs,29,64,11.42561149597168,0.08720636367797852,43862.0,11.710084915161133,451,1
StandardGSGP,61386fd1-ad3f-11ef-a201-e4a8dfc2a9a8,parkinson_updrs,29,65,11.420843124389648,0.09119725227355957,44686.0,11.696294784545898,459,1
StandardGSGP,61386fd1-ad3f-11ef-a201-e4a8dfc2a9a8,parkinson_updrs,29,66,11.407904624938965,0.08950090408325195,45822.0,11.686202049255371,465,1
StandardGSGP,61386fd1-ad3f-11ef-a201-e4a8dfc2a9a8,parkinson_updrs,29,67,11.392318725585938,0.07980585098266602,46700.0,11.673264503479004,473,1
StandardGSGP,61386fd1-ad3f-11ef-a201-e4a8dfc2a9a8,parkinson_updrs,29,68,11.390576362609863,0.08150720596313477,47878.0,11.665721893310547,479,1
StandardGSGP,61386fd1-ad3f-11ef-a201-e4a8dfc2a9a8,parkinson_updrs,29,69,11.389248847961426,0.08751654624938965,48898.0,11.681714057922363,487,1
StandardGSGP,61386fd1-ad3f-11ef-a201-e4a8dfc2a9a8,parkinson_updrs,29,70,11.384434700012207,0.08751654624938965,49540.0,11.660900115966797,487,1
StandardGSGP,61386fd1-ad3f-11ef-a201-e4a8dfc2a9a8,parkinson_updrs,29,71,11.370195388793945,0.15950417518615723,49958.0,11.64920711517334,499,1
StandardGSGP,61386fd1-ad3f-11ef-a201-e4a8dfc2a9a8,parkinson_updrs,29,72,11.36128044128418,0.08028483390808105,50594.0,11.64773941040039,517,1
StandardGSGP,61386fd1-ad3f-11ef-a201-e4a8dfc2a9a8,parkinson_updrs,29,73,11.359686851501465,0.09093213081359863,51284.0,11.638585090637207,513,1
StandardGSGP,61386fd1-ad3f-11ef-a201-e4a8dfc2a9a8,parkinson_updrs,29,74,11.353692054748535,0.08192038536071777,52110.0,11.634252548217773,523,1
StandardGSGP,61386fd1-ad3f-11ef-a201-e4a8dfc2a9a8,parkinson_updrs,29,75,11.347363471984863,0.0814211368560791,53018.0,11.632183074951172,525,1
StandardGSGP,61386fd1-ad3f-11ef-a201-e4a8dfc2a9a8,parkinson_updrs,29,76,11.336335182189941,0.07855653762817383,53718.0,11.634963989257812,537,1
StandardGSGP,61386fd1-ad3f-11ef-a201-e4a8dfc2a9a8,parkinson_updrs,29,77,11.32784652709961,0.08339309692382812,54386.0,11.620428085327148,549,1
StandardGSGP,61386fd1-ad3f-11ef-a201-e4a8dfc2a9a8,parkinson_updrs,29,78,11.317564010620117,0.07850456237792969,54912.0,11.617510795593262,549,1
StandardGSGP,61386fd1-ad3f-11ef-a201-e4a8dfc2a9a8,parkinson_updrs,29,79,11.311124801635742,0.08564114570617676,55734.0,11.593731880187988,555,1
StandardGSGP,61386fd1-ad3f-11ef-a201-e4a8dfc2a9a8,parkinson_updrs,29,80,11.304193496704102,0.07749438285827637,56488.0,11.590904235839844,581,1
StandardGSGP,61386fd1-ad3f-11ef-a201-e4a8dfc2a9a8,parkinson_updrs,29,81,11.274531364440918,0.08168816566467285,57332.0,11.559379577636719,575,1
StandardGSGP,61386fd1-ad3f-11ef-a201-e4a8dfc2a9a8,parkinson_updrs,29,82,11.270027160644531,0.0846707820892334,58184.0,11.545340538024902,585,1
StandardGSGP,61386fd1-ad3f-11ef-a201-e4a8dfc2a9a8,parkinson_updrs,29,83,11.268782615661621,0.07900166511535645,58846.0,11.539151191711426,595,1
StandardGSGP,61386fd1-ad3f-11ef-a201-e4a8dfc2a9a8,parkinson_updrs,29,84,11.245880126953125,0.07604479789733887,59586.0,11.523263931274414,603,1
StandardGSGP,61386fd1-ad3f-11ef-a201-e4a8dfc2a9a8,parkinson_updrs,29,85,11.240342140197754,0.07771539688110352,60504.0,11.535232543945312,605,1
StandardGSGP,61386fd1-ad3f-11ef-a201-e4a8dfc2a9a8,parkinson_updrs,29,86,11.228713035583496,0.08526349067687988,61402.0,11.509864807128906,627,1
StandardGSGP,61386fd1-ad3f-11ef-a201-e4a8dfc2a9a8,parkinson_updrs,29,87,11.223966598510742,0.08520388603210449,62174.0,11.50316333770752,637,1
StandardGSGP,61386fd1-ad3f-11ef-a201-e4a8dfc2a9a8,parkinson_updrs,29,88,11.219319343566895,0.08234119415283203,63114.0,11.506587982177734,643,1
StandardGSGP,61386fd1-ad3f-11ef-a201-e4a8dfc2a9a8,parkinson_updrs,29,89,11.216402053833008,0.08294510841369629,64278.0,11.509733200073242,645,1
StandardGSGP,61386fd1-ad3f-11ef-a201-e4a8dfc2a9a8,parkinson_updrs,29,90,11.207784652709961,0.09808516502380371,65314.0,11.505596160888672,665,1
StandardGSGP,61386fd1-ad3f-11ef-a201-e4a8dfc2a9a8,parkinson_updrs,29,91,11.200325965881348,0.07801175117492676,66028.0,11.497424125671387,673,1
StandardGSGP,61386fd1-ad3f-11ef-a201-e4a8dfc2a9a8,parkinson_updrs,29,92,11.190404891967773,0.07907223701477051,66766.0,11.490983963012695,675,1
StandardGSGP,61386fd1-ad3f-11ef-a201-e4a8dfc2a9a8,parkinson_updrs,29,93,11.187098503112793,0.0790090560913086,67626.0,11.470176696777344,687,1
StandardGSGP,61386fd1-ad3f-11ef-a201-e4a8dfc2a9a8,parkinson_updrs,29,94,11.180386543273926,0.07411623001098633,68472.0,11.464189529418945,691,1
StandardGSGP,61386fd1-ad3f-11ef-a201-e4a8dfc2a9a8,parkinson_updrs,29,95,11.162758827209473,0.07974004745483398,69412.0,11.458971977233887,693,1
StandardGSGP,61386fd1-ad3f-11ef-a201-e4a8dfc2a9a8,parkinson_updrs,29,96,11.15732192993164,0.07599782943725586,70318.0,11.44619083404541,699,1
StandardGSGP,61386fd1-ad3f-11ef-a201-e4a8dfc2a9a8,parkinson_updrs,29,97,11.149524688720703,0.08400201797485352,71074.0,11.449301719665527,701,1
StandardGSGP,61386fd1-ad3f-11ef-a201-e4a8dfc2a9a8,parkinson_updrs,29,98,11.147794723510742,0.08382391929626465,71420.0,11.439382553100586,707,1
StandardGSGP,61386fd1-ad3f-11ef-a201-e4a8dfc2a9a8,parkinson_updrs,29,99,11.109770774841309,0.07950949668884277,71844.0,11.373394012451172,721,1
StandardGSGP,61386fd1-ad3f-11ef-a201-e4a8dfc2a9a8,parkinson_updrs,29,100,11.109770774841309,0.08250832557678223,72426.0,11.373394012451172,721,1
