StandardGSGP,4228244a-ad2b-11ef-8199-e4a8dfc2a9a8,boston,24,0,0.26237139105796814,0.06951546669006348,1374.0,0.2677583694458008,3,1
StandardGSGP,4228244a-ad2b-11ef-8199-e4a8dfc2a9a8,boston,24,1,0.2435423880815506,0.05944013595581055,1486.0,0.2202960103750229,43,1
StandardGSGP,4228244a-ad2b-11ef-8199-e4a8dfc2a9a8,boston,24,2,0.21661049127578735,0.0589749813079834,2226.0,0.17955456674098969,17,1
StandardGSGP,4228244a-ad2b-11ef-8199-e4a8dfc2a9a8,boston,24,3,0.1930389553308487,0.06293869018554688,3212.0,0.17779019474983215,23,1
StandardGSGP,4228244a-ad2b-11ef-8199-e4a8dfc2a9a8,boston,24,4,0.1930389553308487,0.054999589920043945,3808.0,0.17779019474983215,23,1
StandardGSGP,4228244a-ad2b-11ef-8199-e4a8dfc2a9a8,boston,24,5,0.1930389553308487,0.055736541748046875,4464.0,0.17779019474983215,23,1
StandardGSGP,4228244a-ad2b-11ef-8199-e4a8dfc2a9a8,boston,24,6,0.1692207157611847,0.05191469192504883,4794.0,0.13915637135505676,49,1
StandardGSGP,4228244a-ad2b-11ef-8199-e4a8dfc2a9a8,boston,24,7,0.16273577511310577,0.05350971221923828,5504.0,0.13973848521709442,59,1
StandardGSGP,4228244a-ad2b-11ef-8199-e4a8dfc2a9a8,boston,24,8,0.16273577511310577,0.05508542060852051,6060.0,0.13973848521709442,59,1
StandardGSGP,4228244a-ad2b-11ef-8199-e4a8dfc2a9a8,boston,24,9,0.16209885478019714,0.054512739181518555,6712.0,0.1382538080215454,71,1
StandardGSGP,4228244a-ad2b-11ef-8199-e4a8dfc2a9a8,boston,24,10,0.15919138491153717,0.056003570556640625,7544.0,0.14291657507419586,73,1
StandardGSGP,4228244a-ad2b-11ef-8199-e4a8dfc2a9a8,boston,24,11,0.15919138491153717,0.05919623374938965,8258.0,0.14291657507419586,73,1
StandardGSGP,4228244a-ad2b-11ef-8199-e4a8dfc2a9a8,boston,24,12,0.15919138491153717,0.05803513526916504,9186.0,0.14291657507419586,73,1
StandardGSGP,4228244a-ad2b-11ef-8199-e4a8dfc2a9a8,boston,24,13,0.15509244799613953,0.05899834632873535,9656.0,0.13608290255069733,79,1
StandardGSGP,4228244a-ad2b-11ef-8199-e4a8dfc2a9a8,boston,24,14,0.1440088152885437,0.058775901794433594,10062.0,0.13727982342243195,111,1
StandardGSGP,4228244a-ad2b-11ef-8199-e4a8dfc2a9a8,boston,24,15,0.1440088152885437,0.0613250732421875,10652.0,0.13727982342243195,111,1
StandardGSGP,4228244a-ad2b-11ef-8199-e4a8dfc2a9a8,boston,24,16,0.1440088152885437,0.06444263458251953,11272.0,0.13727982342243195,111,1
StandardGSGP,4228244a-ad2b-11ef-8199-e4a8dfc2a9a8,boston,24,17,0.1440088152885437,0.0629115104675293,12086.0,0.13727982342243195,111,1
StandardGSGP,4228244a-ad2b-11ef-8199-e4a8dfc2a9a8,boston,24,18,0.1440088152885437,0.061002254486083984,12688.0,0.13727982342243195,111,1
StandardGSGP,4228244a-ad2b-11ef-8199-e4a8dfc2a9a8,boston,24,19,0.139424666762352,0.058760881423950195,13268.0,0.10756745934486389,131,1
StandardGSGP,4228244a-ad2b-11ef-8199-e4a8dfc2a9a8,boston,24,20,0.13253329694271088,0.05948138236999512,13954.0,0.11707104742527008,155,1
StandardGSGP,4228244a-ad2b-11ef-8199-e4a8dfc2a9a8,boston,24,21,0.13163959980010986,0.0590977668762207,14704.0,0.11263096332550049,143,1
StandardGSGP,4228244a-ad2b-11ef-8199-e4a8dfc2a9a8,boston,24,22,0.1287926584482193,0.0575101375579834,15278.0,0.12768222391605377,151,1
StandardGSGP,4228244a-ad2b-11ef-8199-e4a8dfc2a9a8,boston,24,23,0.1287926584482193,0.05600166320800781,15928.0,0.12768222391605377,151,1
StandardGSGP,4228244a-ad2b-11ef-8199-e4a8dfc2a9a8,boston,24,24,0.1287926584482193,0.06400418281555176,16762.0,0.12768222391605377,151,1
StandardGSGP,4228244a-ad2b-11ef-8199-e4a8dfc2a9a8,boston,24,25,0.1280425786972046,0.06339430809020996,17614.0,0.12124749273061752,171,1
StandardGSGP,4228244a-ad2b-11ef-8199-e4a8dfc2a9a8,boston,24,26,0.1255035549402237,0.05799674987792969,18382.0,0.12805353105068207,163,1
StandardGSGP,4228244a-ad2b-11ef-8199-e4a8dfc2a9a8,boston,24,27,0.1255035549402237,0.06350564956665039,18942.0,0.12805353105068207,163,1
StandardGSGP,4228244a-ad2b-11ef-8199-e4a8dfc2a9a8,boston,24,28,0.1255035549402237,0.05651140213012695,19486.0,0.12805353105068207,163,1
StandardGSGP,4228244a-ad2b-11ef-8199-e4a8dfc2a9a8,boston,24,29,0.12512102723121643,0.05600237846374512,19948.0,0.12249049544334412,205,1
StandardGSGP,4228244a-ad2b-11ef-8199-e4a8dfc2a9a8,boston,24,30,0.12512102723121643,0.05852055549621582,20584.0,0.12249049544334412,205,1
StandardGSGP,4228244a-ad2b-11ef-8199-e4a8dfc2a9a8,boston,24,31,0.12470649927854538,0.05703234672546387,21318.0,0.11933687329292297,221,1
StandardGSGP,4228244a-ad2b-11ef-8199-e4a8dfc2a9a8,boston,24,32,0.12330902367830276,0.13258647918701172,22050.0,0.13462762534618378,229,1
StandardGSGP,4228244a-ad2b-11ef-8199-e4a8dfc2a9a8,boston,24,33,0.12330902367830276,0.05639171600341797,22546.0,0.13462762534618378,229,1
StandardGSGP,4228244a-ad2b-11ef-8199-e4a8dfc2a9a8,boston,24,34,0.12330902367830276,0.06354880332946777,23322.0,0.13462762534618378,229,1
StandardGSGP,4228244a-ad2b-11ef-8199-e4a8dfc2a9a8,boston,24,35,0.12074284255504608,0.05301403999328613,24134.0,0.12396424263715744,235,1
StandardGSGP,4228244a-ad2b-11ef-8199-e4a8dfc2a9a8,boston,24,36,0.12074284255504608,0.05651283264160156,24786.0,0.12396424263715744,235,1
StandardGSGP,4228244a-ad2b-11ef-8199-e4a8dfc2a9a8,boston,24,37,0.11902747303247452,0.0575258731842041,25418.0,0.1128886342048645,241,1
StandardGSGP,4228244a-ad2b-11ef-8199-e4a8dfc2a9a8,boston,24,38,0.11902747303247452,0.05999922752380371,26210.0,0.1128886342048645,241,1
StandardGSGP,4228244a-ad2b-11ef-8199-e4a8dfc2a9a8,boston,24,39,0.11902747303247452,0.062380313873291016,26988.0,0.1128886342048645,241,1
StandardGSGP,4228244a-ad2b-11ef-8199-e4a8dfc2a9a8,boston,24,40,0.11902747303247452,0.0579833984375,27506.0,0.1128886342048645,241,1
StandardGSGP,4228244a-ad2b-11ef-8199-e4a8dfc2a9a8,boston,24,41,0.11902747303247452,0.05550718307495117,27928.0,0.1128886342048645,241,1
StandardGSGP,4228244a-ad2b-11ef-8199-e4a8dfc2a9a8,boston,24,42,0.11746887117624283,0.05651044845581055,28254.0,0.10487814247608185,255,1
StandardGSGP,4228244a-ad2b-11ef-8199-e4a8dfc2a9a8,boston,24,43,0.11746887117624283,0.05932188034057617,28634.0,0.10487814247608185,255,1
StandardGSGP,4228244a-ad2b-11ef-8199-e4a8dfc2a9a8,boston,24,44,0.11746887117624283,0.06161999702453613,28852.0,0.10487814247608185,255,1
StandardGSGP,4228244a-ad2b-11ef-8199-e4a8dfc2a9a8,boston,24,45,0.11746887117624283,0.057760000228881836,28882.0,0.10487814247608185,255,1
StandardGSGP,4228244a-ad2b-11ef-8199-e4a8dfc2a9a8,boston,24,46,0.11746887117624283,0.05751848220825195,29240.0,0.10487814247608185,255,1
StandardGSGP,4228244a-ad2b-11ef-8199-e4a8dfc2a9a8,boston,24,47,0.11746887117624283,0.05878925323486328,29732.0,0.10487814247608185,255,1
StandardGSGP,4228244a-ad2b-11ef-8199-e4a8dfc2a9a8,boston,24,48,0.11746887117624283,0.05699896812438965,29746.0,0.10487814247608185,255,1
StandardGSGP,4228244a-ad2b-11ef-8199-e4a8dfc2a9a8,boston,24,49,0.11746887117624283,0.05750846862792969,30796.0,0.10487814247608185,255,1
StandardGSGP,4228244a-ad2b-11ef-8199-e4a8dfc2a9a8,boston,24,50,0.11746887117624283,0.06450462341308594,31320.0,0.10487814247608185,255,1
StandardGSGP,4228244a-ad2b-11ef-8199-e4a8dfc2a9a8,boston,24,51,0.11746887117624283,0.057999610900878906,31724.0,0.10487814247608185,255,1
StandardGSGP,4228244a-ad2b-11ef-8199-e4a8dfc2a9a8,boston,24,52,0.11746887117624283,0.05998039245605469,31880.0,0.10487814247608185,255,1
StandardGSGP,4228244a-ad2b-11ef-8199-e4a8dfc2a9a8,boston,24,53,0.11735131591558456,0.05599832534790039,31772.0,0.10416281968355179,267,1
StandardGSGP,4228244a-ad2b-11ef-8199-e4a8dfc2a9a8,boston,24,54,0.11638147383928299,0.06020069122314453,31358.0,0.11974184960126877,295,1
StandardGSGP,4228244a-ad2b-11ef-8199-e4a8dfc2a9a8,boston,24,55,0.11638147383928299,0.05454611778259277,30914.0,0.11974184960126877,295,1
StandardGSGP,4228244a-ad2b-11ef-8199-e4a8dfc2a9a8,boston,24,56,0.11638147383928299,0.05430769920349121,30934.0,0.11974184960126877,295,1
StandardGSGP,4228244a-ad2b-11ef-8199-e4a8dfc2a9a8,boston,24,57,0.11398552358150482,0.06187295913696289,31170.0,0.1091555580496788,303,1
StandardGSGP,4228244a-ad2b-11ef-8199-e4a8dfc2a9a8,boston,24,58,0.11398552358150482,0.06234407424926758,31004.0,0.1091555580496788,303,1
StandardGSGP,4228244a-ad2b-11ef-8199-e4a8dfc2a9a8,boston,24,59,0.11398552358150482,0.05650973320007324,31636.0,0.1091555580496788,303,1
StandardGSGP,4228244a-ad2b-11ef-8199-e4a8dfc2a9a8,boston,24,60,0.11398552358150482,0.06350994110107422,32460.0,0.1091555580496788,303,1
StandardGSGP,4228244a-ad2b-11ef-8199-e4a8dfc2a9a8,boston,24,61,0.11398552358150482,0.06299901008605957,33440.0,0.1091555580496788,303,1
StandardGSGP,4228244a-ad2b-11ef-8199-e4a8dfc2a9a8,boston,24,62,0.11398552358150482,0.06072664260864258,34076.0,0.1091555580496788,303,1
StandardGSGP,4228244a-ad2b-11ef-8199-e4a8dfc2a9a8,boston,24,63,0.11398552358150482,0.059400320053100586,34548.0,0.1091555580496788,303,1
StandardGSGP,4228244a-ad2b-11ef-8199-e4a8dfc2a9a8,boston,24,64,0.11398552358150482,0.06119418144226074,35226.0,0.1091555580496788,303,1
StandardGSGP,4228244a-ad2b-11ef-8199-e4a8dfc2a9a8,boston,24,65,0.11398552358150482,0.06177377700805664,35694.0,0.1091555580496788,303,1
StandardGSGP,4228244a-ad2b-11ef-8199-e4a8dfc2a9a8,boston,24,66,0.11398552358150482,0.05498647689819336,36314.0,0.1091555580496788,303,1
StandardGSGP,4228244a-ad2b-11ef-8199-e4a8dfc2a9a8,boston,24,67,0.11398552358150482,0.05450868606567383,37422.0,0.1091555580496788,303,1
StandardGSGP,4228244a-ad2b-11ef-8199-e4a8dfc2a9a8,boston,24,68,0.11398552358150482,0.05616116523742676,37514.0,0.1091555580496788,303,1
StandardGSGP,4228244a-ad2b-11ef-8199-e4a8dfc2a9a8,boston,24,69,0.11398552358150482,0.05466961860656738,37466.0,0.1091555580496788,303,1
StandardGSGP,4228244a-ad2b-11ef-8199-e4a8dfc2a9a8,boston,24,70,0.11398552358150482,0.05712151527404785,37244.0,0.1091555580496788,303,1
StandardGSGP,4228244a-ad2b-11ef-8199-e4a8dfc2a9a8,boston,24,71,0.11398552358150482,0.05723881721496582,37528.0,0.1091555580496788,303,1
StandardGSGP,4228244a-ad2b-11ef-8199-e4a8dfc2a9a8,boston,24,72,0.11398552358150482,0.054506778717041016,38300.0,0.1091555580496788,303,1
StandardGSGP,4228244a-ad2b-11ef-8199-e4a8dfc2a9a8,boston,24,73,0.11398552358150482,0.05699968338012695,38908.0,0.1091555580496788,303,1
StandardGSGP,4228244a-ad2b-11ef-8199-e4a8dfc2a9a8,boston,24,74,0.11398552358150482,0.05578970909118652,38932.0,0.1091555580496788,303,1
StandardGSGP,4228244a-ad2b-11ef-8199-e4a8dfc2a9a8,boston,24,75,0.11398552358150482,0.05386781692504883,37428.0,0.1091555580496788,303,1
StandardGSGP,4228244a-ad2b-11ef-8199-e4a8dfc2a9a8,boston,24,76,0.11398552358150482,0.06402730941772461,37218.0,0.1091555580496788,303,1
StandardGSGP,4228244a-ad2b-11ef-8199-e4a8dfc2a9a8,boston,24,77,0.11398552358150482,0.06453418731689453,36890.0,0.1091555580496788,303,1
StandardGSGP,4228244a-ad2b-11ef-8199-e4a8dfc2a9a8,boston,24,78,0.11398552358150482,0.057999610900878906,37632.0,0.1091555580496788,303,1
StandardGSGP,4228244a-ad2b-11ef-8199-e4a8dfc2a9a8,boston,24,79,0.11389562487602234,0.05552387237548828,37122.0,0.11261119693517685,327,1
StandardGSGP,4228244a-ad2b-11ef-8199-e4a8dfc2a9a8,boston,24,80,0.11389562487602234,0.06200003623962402,37650.0,0.11261119693517685,327,1
StandardGSGP,4228244a-ad2b-11ef-8199-e4a8dfc2a9a8,boston,24,81,0.11389562487602234,0.05588650703430176,37402.0,0.11261119693517685,327,1
StandardGSGP,4228244a-ad2b-11ef-8199-e4a8dfc2a9a8,boston,24,82,0.11389562487602234,0.05632805824279785,37534.0,0.11261119693517685,327,1
StandardGSGP,4228244a-ad2b-11ef-8199-e4a8dfc2a9a8,boston,24,83,0.11387737840414047,0.05346322059631348,37606.0,0.10823003947734833,391,1
StandardGSGP,4228244a-ad2b-11ef-8199-e4a8dfc2a9a8,boston,24,84,0.11387737840414047,0.05721592903137207,37622.0,0.10823003947734833,391,1
StandardGSGP,4228244a-ad2b-11ef-8199-e4a8dfc2a9a8,boston,24,85,0.11387737840414047,0.05600118637084961,38522.0,0.10823003947734833,391,1
StandardGSGP,4228244a-ad2b-11ef-8199-e4a8dfc2a9a8,boston,24,86,0.11387737840414047,0.05350899696350098,39130.0,0.10823003947734833,391,1
StandardGSGP,4228244a-ad2b-11ef-8199-e4a8dfc2a9a8,boston,24,87,0.11387737840414047,0.055002450942993164,40244.0,0.10823003947734833,391,1
StandardGSGP,4228244a-ad2b-11ef-8199-e4a8dfc2a9a8,boston,24,88,0.11387737840414047,0.057508230209350586,41102.0,0.10823003947734833,391,1
StandardGSGP,4228244a-ad2b-11ef-8199-e4a8dfc2a9a8,boston,24,89,0.11387737840414047,0.05996251106262207,41856.0,0.10823003947734833,391,1
StandardGSGP,4228244a-ad2b-11ef-8199-e4a8dfc2a9a8,boston,24,90,0.11387737840414047,0.06399822235107422,42000.0,0.10823003947734833,391,1
StandardGSGP,4228244a-ad2b-11ef-8199-e4a8dfc2a9a8,boston,24,91,0.11387737840414047,0.055947303771972656,42910.0,0.10823003947734833,391,1
StandardGSGP,4228244a-ad2b-11ef-8199-e4a8dfc2a9a8,boston,24,92,0.11385998874902725,0.060508012771606445,43552.0,0.107991062104702,399,1
StandardGSGP,4228244a-ad2b-11ef-8199-e4a8dfc2a9a8,boston,24,93,0.11385998874902725,0.06499981880187988,44172.0,0.107991062104702,399,1
StandardGSGP,4228244a-ad2b-11ef-8199-e4a8dfc2a9a8,boston,24,94,0.11385998874902725,0.05651402473449707,44180.0,0.107991062104702,399,1
StandardGSGP,4228244a-ad2b-11ef-8199-e4a8dfc2a9a8,boston,24,95,0.11385998874902725,0.05763506889343262,44348.0,0.107991062104702,399,1
StandardGSGP,4228244a-ad2b-11ef-8199-e4a8dfc2a9a8,boston,24,96,0.11385998874902725,0.05650949478149414,44124.0,0.107991062104702,399,1
StandardGSGP,4228244a-ad2b-11ef-8199-e4a8dfc2a9a8,boston,24,97,0.11385998874902725,0.05852222442626953,44848.0,0.107991062104702,399,1
StandardGSGP,4228244a-ad2b-11ef-8199-e4a8dfc2a9a8,boston,24,98,0.11385998874902725,0.12670326232910156,44402.0,0.107991062104702,399,1
StandardGSGP,4228244a-ad2b-11ef-8199-e4a8dfc2a9a8,boston,24,99,0.11385998874902725,0.05400252342224121,44386.0,0.107991062104702,399,1
StandardGSGP,4228244a-ad2b-11ef-8199-e4a8dfc2a9a8,boston,24,100,0.11299129575490952,0.055504798889160156,45344.0,0.11506097763776779,435,1
StandardGSGP,ae6ac02f-ad2b-11ef-ab6b-e4a8dfc2a9a8,boston,24,0,11.061396598815918,0.02799820899963379,576.0,8.00629711151123,7,1
StandardGSGP,ae6ac02f-ad2b-11ef-ab6b-e4a8dfc2a9a8,boston,24,1,10.990435600280762,0.05551648139953613,1252.0,7.988216400146484,15,1
StandardGSGP,ae6ac02f-ad2b-11ef-ab6b-e4a8dfc2a9a8,boston,24,2,10.9595308303833,0.05800342559814453,2088.0,7.949603080749512,21,1
StandardGSGP,ae6ac02f-ad2b-11ef-ab6b-e4a8dfc2a9a8,boston,24,3,10.959298133850098,0.05872344970703125,3050.0,7.912036418914795,27,1
StandardGSGP,ae6ac02f-ad2b-11ef-ab6b-e4a8dfc2a9a8,boston,24,4,10.934319496154785,0.053514957427978516,3950.0,7.93912410736084,39,1
StandardGSGP,ae6ac02f-ad2b-11ef-ab6b-e4a8dfc2a9a8,boston,24,5,10.902373313903809,0.05604386329650879,4630.0,7.920534610748291,45,1
StandardGSGP,ae6ac02f-ad2b-11ef-ab6b-e4a8dfc2a9a8,boston,24,6,10.890684127807617,0.059905290603637695,5266.0,7.869650840759277,45,1
StandardGSGP,ae6ac02f-ad2b-11ef-ab6b-e4a8dfc2a9a8,boston,24,7,10.856266975402832,0.05399823188781738,5788.0,7.852092742919922,51,1
StandardGSGP,ae6ac02f-ad2b-11ef-ab6b-e4a8dfc2a9a8,boston,24,8,10.833952903747559,0.05350947380065918,6538.0,8.03923511505127,63,1
StandardGSGP,ae6ac02f-ad2b-11ef-ab6b-e4a8dfc2a9a8,boston,24,9,10.740987777709961,0.06400322914123535,7408.0,7.769125461578369,69,1
StandardGSGP,ae6ac02f-ad2b-11ef-ab6b-e4a8dfc2a9a8,boston,24,10,10.716999053955078,0.05816388130187988,8120.0,7.715425968170166,77,1
StandardGSGP,ae6ac02f-ad2b-11ef-ab6b-e4a8dfc2a9a8,boston,24,11,10.626480102539062,0.056845903396606445,8772.0,7.580091953277588,85,1
StandardGSGP,ae6ac02f-ad2b-11ef-ab6b-e4a8dfc2a9a8,boston,24,12,10.626480102539062,0.061998844146728516,9310.0,7.580091953277588,85,1
StandardGSGP,ae6ac02f-ad2b-11ef-ab6b-e4a8dfc2a9a8,boston,24,13,10.615315437316895,0.05672001838684082,9892.0,7.5757975578308105,91,1
StandardGSGP,ae6ac02f-ad2b-11ef-ab6b-e4a8dfc2a9a8,boston,24,14,10.562552452087402,0.056389808654785156,10686.0,7.5657477378845215,117,1
StandardGSGP,ae6ac02f-ad2b-11ef-ab6b-e4a8dfc2a9a8,boston,24,15,10.526320457458496,0.056509971618652344,11340.0,7.711697101593018,123,1
StandardGSGP,ae6ac02f-ad2b-11ef-ab6b-e4a8dfc2a9a8,boston,24,16,10.487573623657227,0.05751824378967285,12144.0,7.642187595367432,131,1
StandardGSGP,ae6ac02f-ad2b-11ef-ab6b-e4a8dfc2a9a8,boston,24,17,10.44674015045166,0.06501984596252441,13416.0,7.554243564605713,143,1
StandardGSGP,ae6ac02f-ad2b-11ef-ab6b-e4a8dfc2a9a8,boston,24,18,10.418542861938477,0.05571627616882324,14576.0,7.5448760986328125,149,1
StandardGSGP,ae6ac02f-ad2b-11ef-ab6b-e4a8dfc2a9a8,boston,24,19,10.350774765014648,0.05553317070007324,15564.0,7.397387981414795,157,1
StandardGSGP,ae6ac02f-ad2b-11ef-ab6b-e4a8dfc2a9a8,boston,24,20,10.344125747680664,0.055553436279296875,16520.0,7.388436794281006,165,1
StandardGSGP,ae6ac02f-ad2b-11ef-ab6b-e4a8dfc2a9a8,boston,24,21,10.320816993713379,0.05464911460876465,17356.0,7.476091384887695,171,1
StandardGSGP,ae6ac02f-ad2b-11ef-ab6b-e4a8dfc2a9a8,boston,24,22,10.26129150390625,0.05578255653381348,18060.0,7.383480548858643,185,1
StandardGSGP,ae6ac02f-ad2b-11ef-ab6b-e4a8dfc2a9a8,boston,24,23,10.169425964355469,0.056107521057128906,18732.0,7.39011287689209,195,1
StandardGSGP,ae6ac02f-ad2b-11ef-ab6b-e4a8dfc2a9a8,boston,24,24,10.167108535766602,0.06847667694091797,19434.0,7.380426406860352,201,1
StandardGSGP,ae6ac02f-ad2b-11ef-ab6b-e4a8dfc2a9a8,boston,24,25,10.163556098937988,0.058377981185913086,20274.0,7.337652206420898,211,1
StandardGSGP,ae6ac02f-ad2b-11ef-ab6b-e4a8dfc2a9a8,boston,24,26,10.143027305603027,0.054602861404418945,21316.0,7.364656925201416,219,1
StandardGSGP,ae6ac02f-ad2b-11ef-ab6b-e4a8dfc2a9a8,boston,24,27,10.107954025268555,0.054000139236450195,22280.0,7.433138370513916,223,1
StandardGSGP,ae6ac02f-ad2b-11ef-ab6b-e4a8dfc2a9a8,boston,24,28,10.099823951721191,0.05541682243347168,23164.0,7.28342866897583,219,1
StandardGSGP,ae6ac02f-ad2b-11ef-ab6b-e4a8dfc2a9a8,boston,24,29,10.069890022277832,0.062085628509521484,23784.0,7.330272674560547,245,1
StandardGSGP,ae6ac02f-ad2b-11ef-ab6b-e4a8dfc2a9a8,boston,24,30,10.041108131408691,0.05788421630859375,24276.0,7.141262531280518,227,1
StandardGSGP,ae6ac02f-ad2b-11ef-ab6b-e4a8dfc2a9a8,boston,24,31,10.036823272705078,0.05855870246887207,25198.0,7.126048564910889,241,1
StandardGSGP,ae6ac02f-ad2b-11ef-ab6b-e4a8dfc2a9a8,boston,24,32,10.017951965332031,0.05503582954406738,25796.0,7.275846481323242,233,1
StandardGSGP,ae6ac02f-ad2b-11ef-ab6b-e4a8dfc2a9a8,boston,24,33,10.001197814941406,0.0585932731628418,25842.0,7.308321952819824,275,1
StandardGSGP,ae6ac02f-ad2b-11ef-ab6b-e4a8dfc2a9a8,boston,24,34,9.98104190826416,0.058754920959472656,25832.0,7.249704360961914,241,1
StandardGSGP,ae6ac02f-ad2b-11ef-ab6b-e4a8dfc2a9a8,boston,24,35,9.95695972442627,0.06153392791748047,26294.0,7.186838626861572,279,1
StandardGSGP,ae6ac02f-ad2b-11ef-ab6b-e4a8dfc2a9a8,boston,24,36,9.912711143493652,0.05389547348022461,27354.0,7.083391189575195,253,1
StandardGSGP,ae6ac02f-ad2b-11ef-ab6b-e4a8dfc2a9a8,boston,24,37,9.901395797729492,0.05525040626525879,28376.0,7.152822971343994,293,1
StandardGSGP,ae6ac02f-ad2b-11ef-ab6b-e4a8dfc2a9a8,boston,24,38,9.896000862121582,0.0566554069519043,28936.0,7.098053455352783,263,1
StandardGSGP,ae6ac02f-ad2b-11ef-ab6b-e4a8dfc2a9a8,boston,24,39,9.886980056762695,0.056334495544433594,28780.0,7.081051826477051,271,1
StandardGSGP,ae6ac02f-ad2b-11ef-ab6b-e4a8dfc2a9a8,boston,24,40,9.86113166809082,0.05558967590332031,28972.0,7.023769855499268,269,1
StandardGSGP,ae6ac02f-ad2b-11ef-ab6b-e4a8dfc2a9a8,boston,24,41,9.776525497436523,0.06369280815124512,29430.0,7.017599105834961,293,1
StandardGSGP,ae6ac02f-ad2b-11ef-ab6b-e4a8dfc2a9a8,boston,24,42,9.75866413116455,0.05900216102600098,30104.0,7.065614223480225,323,1
StandardGSGP,ae6ac02f-ad2b-11ef-ab6b-e4a8dfc2a9a8,boston,24,43,9.75087833404541,0.054509878158569336,30266.0,7.004931449890137,295,1
StandardGSGP,ae6ac02f-ad2b-11ef-ab6b-e4a8dfc2a9a8,boston,24,44,9.706192970275879,0.05501365661621094,30726.0,7.003103733062744,329,1
StandardGSGP,ae6ac02f-ad2b-11ef-ab6b-e4a8dfc2a9a8,boston,24,45,9.706192970275879,0.05350923538208008,31770.0,7.003103733062744,329,1
StandardGSGP,ae6ac02f-ad2b-11ef-ab6b-e4a8dfc2a9a8,boston,24,46,9.674076080322266,0.05699801445007324,32468.0,6.925911903381348,347,1
StandardGSGP,ae6ac02f-ad2b-11ef-ab6b-e4a8dfc2a9a8,boston,24,47,9.674076080322266,0.057784080505371094,33402.0,6.925911903381348,347,1
StandardGSGP,ae6ac02f-ad2b-11ef-ab6b-e4a8dfc2a9a8,boston,24,48,9.611227989196777,0.05976390838623047,34712.0,6.901447296142578,361,1
StandardGSGP,ae6ac02f-ad2b-11ef-ab6b-e4a8dfc2a9a8,boston,24,49,9.60151481628418,0.0549924373626709,35984.0,6.879483699798584,367,1
StandardGSGP,ae6ac02f-ad2b-11ef-ab6b-e4a8dfc2a9a8,boston,24,50,9.535148620605469,0.05537152290344238,36796.0,6.846815586090088,357,1
StandardGSGP,ae6ac02f-ad2b-11ef-ab6b-e4a8dfc2a9a8,boston,24,51,9.499710083007812,0.057582855224609375,37672.0,6.874006271362305,369,1
StandardGSGP,ae6ac02f-ad2b-11ef-ab6b-e4a8dfc2a9a8,boston,24,52,9.478682518005371,0.05705094337463379,38174.0,6.8580827713012695,377,1
StandardGSGP,ae6ac02f-ad2b-11ef-ab6b-e4a8dfc2a9a8,boston,24,53,9.472704887390137,0.051523447036743164,38388.0,6.7732319831848145,385,1
StandardGSGP,ae6ac02f-ad2b-11ef-ab6b-e4a8dfc2a9a8,boston,24,54,9.46048641204834,0.056505680084228516,38952.0,6.729719161987305,385,1
StandardGSGP,ae6ac02f-ad2b-11ef-ab6b-e4a8dfc2a9a8,boston,24,55,9.421652793884277,0.052208662033081055,39778.0,6.697267055511475,391,1
StandardGSGP,ae6ac02f-ad2b-11ef-ab6b-e4a8dfc2a9a8,boston,24,56,9.385113716125488,0.05624651908874512,40530.0,6.857390403747559,415,1
StandardGSGP,ae6ac02f-ad2b-11ef-ab6b-e4a8dfc2a9a8,boston,24,57,9.363683700561523,0.05977821350097656,41222.0,6.6792755126953125,403,1
StandardGSGP,ae6ac02f-ad2b-11ef-ab6b-e4a8dfc2a9a8,boston,24,58,9.351205825805664,0.055600643157958984,41718.0,6.770267486572266,427,1
StandardGSGP,ae6ac02f-ad2b-11ef-ab6b-e4a8dfc2a9a8,boston,24,59,9.292791366577148,0.05350947380065918,42636.0,6.654431343078613,417,1
StandardGSGP,ae6ac02f-ad2b-11ef-ab6b-e4a8dfc2a9a8,boston,24,60,9.245784759521484,0.13000082969665527,43808.0,6.490523815155029,455,1
StandardGSGP,ae6ac02f-ad2b-11ef-ab6b-e4a8dfc2a9a8,boston,24,61,9.211282730102539,0.05901741981506348,44732.0,6.569437503814697,461,1
StandardGSGP,ae6ac02f-ad2b-11ef-ab6b-e4a8dfc2a9a8,boston,24,62,9.203929901123047,0.05357956886291504,45270.0,6.652288913726807,467,1
StandardGSGP,ae6ac02f-ad2b-11ef-ab6b-e4a8dfc2a9a8,boston,24,63,9.1673583984375,0.058325767517089844,46396.0,6.44746208190918,459,1
StandardGSGP,ae6ac02f-ad2b-11ef-ab6b-e4a8dfc2a9a8,boston,24,64,9.1673583984375,0.06302189826965332,47672.0,6.44746208190918,459,1
StandardGSGP,ae6ac02f-ad2b-11ef-ab6b-e4a8dfc2a9a8,boston,24,65,9.142132759094238,0.07995915412902832,48748.0,6.376755237579346,465,1
StandardGSGP,ae6ac02f-ad2b-11ef-ab6b-e4a8dfc2a9a8,boston,24,66,9.128171920776367,0.0556950569152832,48824.0,6.427385330200195,475,1
StandardGSGP,ae6ac02f-ad2b-11ef-ab6b-e4a8dfc2a9a8,boston,24,67,9.103777885437012,0.05612015724182129,48764.0,6.407657623291016,481,1
StandardGSGP,ae6ac02f-ad2b-11ef-ab6b-e4a8dfc2a9a8,boston,24,68,9.048564910888672,0.054067373275756836,49200.0,6.346914768218994,485,1
StandardGSGP,ae6ac02f-ad2b-11ef-ab6b-e4a8dfc2a9a8,boston,24,69,9.028985977172852,0.05409359931945801,50126.0,6.359119892120361,525,1
StandardGSGP,ae6ac02f-ad2b-11ef-ab6b-e4a8dfc2a9a8,boston,24,70,9.019325256347656,0.05793452262878418,51054.0,6.314321041107178,499,1
StandardGSGP,ae6ac02f-ad2b-11ef-ab6b-e4a8dfc2a9a8,boston,24,71,8.965346336364746,0.05250692367553711,51708.0,6.21824836730957,543,1
StandardGSGP,ae6ac02f-ad2b-11ef-ab6b-e4a8dfc2a9a8,boston,24,72,8.965346336364746,0.05399751663208008,52932.0,6.21824836730957,543,1
StandardGSGP,ae6ac02f-ad2b-11ef-ab6b-e4a8dfc2a9a8,boston,24,73,8.933613777160645,0.05402374267578125,54718.0,6.261974811553955,557,1
StandardGSGP,ae6ac02f-ad2b-11ef-ab6b-e4a8dfc2a9a8,boston,24,74,8.92130184173584,0.05400228500366211,55646.0,6.202670574188232,563,1
StandardGSGP,ae6ac02f-ad2b-11ef-ab6b-e4a8dfc2a9a8,boston,24,75,8.88355827331543,0.053508758544921875,56780.0,6.155581951141357,571,1
StandardGSGP,ae6ac02f-ad2b-11ef-ab6b-e4a8dfc2a9a8,boston,24,76,8.877947807312012,0.054521799087524414,58076.0,6.086299896240234,587,1
StandardGSGP,ae6ac02f-ad2b-11ef-ab6b-e4a8dfc2a9a8,boston,24,77,8.8169527053833,0.051999807357788086,58858.0,6.211543560028076,585,1
StandardGSGP,ae6ac02f-ad2b-11ef-ab6b-e4a8dfc2a9a8,boston,24,78,8.803211212158203,0.05597043037414551,59620.0,6.24461555480957,591,1
StandardGSGP,ae6ac02f-ad2b-11ef-ab6b-e4a8dfc2a9a8,boston,24,79,8.79038143157959,0.055765390396118164,60538.0,6.219780921936035,599,1
StandardGSGP,ae6ac02f-ad2b-11ef-ab6b-e4a8dfc2a9a8,boston,24,80,8.776175498962402,0.05751514434814453,61108.0,6.256144046783447,601,1
StandardGSGP,ae6ac02f-ad2b-11ef-ab6b-e4a8dfc2a9a8,boston,24,81,8.746713638305664,0.059163570404052734,61574.0,6.190946578979492,627,1
StandardGSGP,ae6ac02f-ad2b-11ef-ab6b-e4a8dfc2a9a8,boston,24,82,8.736373901367188,0.05450630187988281,62184.0,6.285913467407227,621,1
StandardGSGP,ae6ac02f-ad2b-11ef-ab6b-e4a8dfc2a9a8,boston,24,83,8.70257568359375,0.05652356147766113,62966.0,6.30105447769165,629,1
StandardGSGP,ae6ac02f-ad2b-11ef-ab6b-e4a8dfc2a9a8,boston,24,84,8.687188148498535,0.06300020217895508,63704.0,6.097148895263672,635,1
StandardGSGP,ae6ac02f-ad2b-11ef-ab6b-e4a8dfc2a9a8,boston,24,85,8.667941093444824,0.05167675018310547,64574.0,6.274519443511963,639,1
StandardGSGP,ae6ac02f-ad2b-11ef-ab6b-e4a8dfc2a9a8,boston,24,86,8.56557846069336,0.0559992790222168,65066.0,6.14587926864624,655,1
StandardGSGP,ae6ac02f-ad2b-11ef-ab6b-e4a8dfc2a9a8,boston,24,87,8.552075386047363,0.05851435661315918,65984.0,6.169476509094238,669,1
StandardGSGP,ae6ac02f-ad2b-11ef-ab6b-e4a8dfc2a9a8,boston,24,88,8.543200492858887,0.059064626693725586,66952.0,6.132870674133301,685,1
StandardGSGP,ae6ac02f-ad2b-11ef-ab6b-e4a8dfc2a9a8,boston,24,89,8.5403413772583,0.05574321746826172,67648.0,6.143817901611328,691,1
StandardGSGP,ae6ac02f-ad2b-11ef-ab6b-e4a8dfc2a9a8,boston,24,90,8.518683433532715,0.05651402473449707,68948.0,6.076538562774658,685,1
StandardGSGP,ae6ac02f-ad2b-11ef-ab6b-e4a8dfc2a9a8,boston,24,91,8.5184965133667,0.05299949645996094,69786.0,6.076224327087402,691,1
StandardGSGP,ae6ac02f-ad2b-11ef-ab6b-e4a8dfc2a9a8,boston,24,92,8.485726356506348,0.0555109977722168,70662.0,5.861593723297119,709,1
StandardGSGP,ae6ac02f-ad2b-11ef-ab6b-e4a8dfc2a9a8,boston,24,93,8.471549034118652,0.05800175666809082,71326.0,6.029090881347656,703,1
StandardGSGP,ae6ac02f-ad2b-11ef-ab6b-e4a8dfc2a9a8,boston,24,94,8.447307586669922,0.05350661277770996,71894.0,5.899435997009277,707,1
StandardGSGP,ae6ac02f-ad2b-11ef-ab6b-e4a8dfc2a9a8,boston,24,95,8.414209365844727,0.05653977394104004,72776.0,5.987090110778809,711,1
StandardGSGP,ae6ac02f-ad2b-11ef-ab6b-e4a8dfc2a9a8,boston,24,96,8.41419506072998,0.05589461326599121,73378.0,5.987166881561279,719,1
StandardGSGP,ae6ac02f-ad2b-11ef-ab6b-e4a8dfc2a9a8,boston,24,97,8.370803833007812,0.06049680709838867,74072.0,5.77207088470459,747,1
StandardGSGP,ae6ac02f-ad2b-11ef-ab6b-e4a8dfc2a9a8,boston,24,98,8.314295768737793,0.05413031578063965,74452.0,5.8193039894104,761,1
StandardGSGP,ae6ac02f-ad2b-11ef-ab6b-e4a8dfc2a9a8,boston,24,99,8.314295768737793,0.05351090431213379,75142.0,5.8193039894104,761,1
StandardGSGP,ae6ac02f-ad2b-11ef-ab6b-e4a8dfc2a9a8,boston,24,100,8.297941207885742,0.0583348274230957,76110.0,5.882712364196777,777,1
