StandardGSGP,19bde6de-ad2b-11ef-84a0-e4a8dfc2a9a8,boston,13,0,0.30522194504737854,0.06253170967102051,1364.0,0.2711940407752991,7,1
StandardGSGP,19bde6de-ad2b-11ef-84a0-e4a8dfc2a9a8,boston,13,1,0.28246909379959106,0.059702157974243164,1486.0,0.22897516191005707,13,1
StandardGSGP,19bde6de-ad2b-11ef-84a0-e4a8dfc2a9a8,boston,13,2,0.234242781996727,0.05699896812438965,2230.0,0.2034275382757187,35,1
StandardGSGP,19bde6de-ad2b-11ef-84a0-e4a8dfc2a9a8,boston,13,3,0.21887822449207306,0.05351448059082031,3184.0,0.18914058804512024,35,1
StandardGSGP,19bde6de-ad2b-11ef-84a0-e4a8dfc2a9a8,boston,13,4,0.20868588984012604,0.053999900817871094,4104.0,0.18113206326961517,33,1
StandardGSGP,19bde6de-ad2b-11ef-84a0-e4a8dfc2a9a8,boston,13,5,0.1783888190984726,0.057953834533691406,5038.0,0.17577999830245972,51,1
StandardGSGP,19bde6de-ad2b-11ef-84a0-e4a8dfc2a9a8,boston,13,6,0.1757834255695343,0.06204652786254883,5782.0,0.17625775933265686,61,1
StandardGSGP,19bde6de-ad2b-11ef-84a0-e4a8dfc2a9a8,boston,13,7,0.1757834255695343,0.0600588321685791,6572.0,0.17625775933265686,61,1
StandardGSGP,19bde6de-ad2b-11ef-84a0-e4a8dfc2a9a8,boston,13,8,0.1707264631986618,0.056412458419799805,7332.0,0.1618579626083374,75,1
StandardGSGP,19bde6de-ad2b-11ef-84a0-e4a8dfc2a9a8,boston,13,9,0.1707264631986618,0.060074806213378906,8180.0,0.1618579626083374,75,1
StandardGSGP,19bde6de-ad2b-11ef-84a0-e4a8dfc2a9a8,boston,13,10,0.16855549812316895,0.05276966094970703,8704.0,0.16853705048561096,93,1
StandardGSGP,19bde6de-ad2b-11ef-84a0-e4a8dfc2a9a8,boston,13,11,0.16305123269557953,0.05450701713562012,9592.0,0.16684871912002563,93,1
StandardGSGP,19bde6de-ad2b-11ef-84a0-e4a8dfc2a9a8,boston,13,12,0.16305123269557953,0.0579981803894043,10210.0,0.16684871912002563,93,1
StandardGSGP,19bde6de-ad2b-11ef-84a0-e4a8dfc2a9a8,boston,13,13,0.16305123269557953,0.0577542781829834,11044.0,0.16684871912002563,93,1
StandardGSGP,19bde6de-ad2b-11ef-84a0-e4a8dfc2a9a8,boston,13,14,0.16172455251216888,0.06357049942016602,11722.0,0.164656862616539,99,1
StandardGSGP,19bde6de-ad2b-11ef-84a0-e4a8dfc2a9a8,boston,13,15,0.16081121563911438,0.06336498260498047,12260.0,0.16418471932411194,105,1
StandardGSGP,19bde6de-ad2b-11ef-84a0-e4a8dfc2a9a8,boston,13,16,0.1605960726737976,0.06116294860839844,12940.0,0.15201693773269653,117,1
StandardGSGP,19bde6de-ad2b-11ef-84a0-e4a8dfc2a9a8,boston,13,17,0.14955732226371765,0.06012082099914551,13592.0,0.14653784036636353,121,1
StandardGSGP,19bde6de-ad2b-11ef-84a0-e4a8dfc2a9a8,boston,13,18,0.14955732226371765,0.06151103973388672,14054.0,0.14653784036636353,121,1
StandardGSGP,19bde6de-ad2b-11ef-84a0-e4a8dfc2a9a8,boston,13,19,0.14955732226371765,0.057080984115600586,14488.0,0.14653784036636353,121,1
StandardGSGP,19bde6de-ad2b-11ef-84a0-e4a8dfc2a9a8,boston,13,20,0.14955732226371765,0.060776710510253906,15000.0,0.14653784036636353,121,1
StandardGSGP,19bde6de-ad2b-11ef-84a0-e4a8dfc2a9a8,boston,13,21,0.14955732226371765,0.05888772010803223,15762.0,0.14653784036636353,121,1
StandardGSGP,19bde6de-ad2b-11ef-84a0-e4a8dfc2a9a8,boston,13,22,0.14922694861888885,0.06569409370422363,17128.0,0.15577822923660278,127,1
StandardGSGP,19bde6de-ad2b-11ef-84a0-e4a8dfc2a9a8,boston,13,23,0.14782589673995972,0.06241130828857422,17770.0,0.1592281013727188,197,1
StandardGSGP,19bde6de-ad2b-11ef-84a0-e4a8dfc2a9a8,boston,13,24,0.14782589673995972,0.06480956077575684,18266.0,0.1592281013727188,197,1
StandardGSGP,19bde6de-ad2b-11ef-84a0-e4a8dfc2a9a8,boston,13,25,0.14782589673995972,0.06201648712158203,19064.0,0.1592281013727188,197,1
StandardGSGP,19bde6de-ad2b-11ef-84a0-e4a8dfc2a9a8,boston,13,26,0.1407240629196167,0.05650615692138672,19980.0,0.15377332270145416,209,1
StandardGSGP,19bde6de-ad2b-11ef-84a0-e4a8dfc2a9a8,boston,13,27,0.13969220221042633,0.05851173400878906,20928.0,0.15209998190402985,215,1
StandardGSGP,19bde6de-ad2b-11ef-84a0-e4a8dfc2a9a8,boston,13,28,0.13969220221042633,0.06099891662597656,21468.0,0.15209998190402985,215,1
StandardGSGP,19bde6de-ad2b-11ef-84a0-e4a8dfc2a9a8,boston,13,29,0.13616491854190826,0.05851173400878906,22176.0,0.1467248946428299,225,1
StandardGSGP,19bde6de-ad2b-11ef-84a0-e4a8dfc2a9a8,boston,13,30,0.13542456924915314,0.13550949096679688,22488.0,0.14430227875709534,231,1
StandardGSGP,19bde6de-ad2b-11ef-84a0-e4a8dfc2a9a8,boston,13,31,0.13542456924915314,0.054512977600097656,23130.0,0.14430227875709534,231,1
StandardGSGP,19bde6de-ad2b-11ef-84a0-e4a8dfc2a9a8,boston,13,32,0.13542456924915314,0.05365180969238281,24524.0,0.14430227875709534,231,1
StandardGSGP,19bde6de-ad2b-11ef-84a0-e4a8dfc2a9a8,boston,13,33,0.13542456924915314,0.05568337440490723,25118.0,0.14430227875709534,231,1
StandardGSGP,19bde6de-ad2b-11ef-84a0-e4a8dfc2a9a8,boston,13,34,0.13415148854255676,0.05500483512878418,25478.0,0.1431647390127182,245,1
StandardGSGP,19bde6de-ad2b-11ef-84a0-e4a8dfc2a9a8,boston,13,35,0.13391683995723724,0.05735635757446289,26104.0,0.1424778699874878,251,1
StandardGSGP,19bde6de-ad2b-11ef-84a0-e4a8dfc2a9a8,boston,13,36,0.13391683995723724,0.05618882179260254,26844.0,0.1424778699874878,251,1
StandardGSGP,19bde6de-ad2b-11ef-84a0-e4a8dfc2a9a8,boston,13,37,0.13391683995723724,0.05500030517578125,27462.0,0.1424778699874878,251,1
StandardGSGP,19bde6de-ad2b-11ef-84a0-e4a8dfc2a9a8,boston,13,38,0.13391683995723724,0.05858635902404785,28120.0,0.1424778699874878,251,1
StandardGSGP,19bde6de-ad2b-11ef-84a0-e4a8dfc2a9a8,boston,13,39,0.13367141783237457,0.06011772155761719,28572.0,0.139774888753891,261,1
StandardGSGP,19bde6de-ad2b-11ef-84a0-e4a8dfc2a9a8,boston,13,40,0.13367141783237457,0.05452227592468262,28660.0,0.139774888753891,261,1
StandardGSGP,19bde6de-ad2b-11ef-84a0-e4a8dfc2a9a8,boston,13,41,0.13367141783237457,0.055992841720581055,29114.0,0.139774888753891,261,1
StandardGSGP,19bde6de-ad2b-11ef-84a0-e4a8dfc2a9a8,boston,13,42,0.13367141783237457,0.058515071868896484,28968.0,0.139774888753891,261,1
StandardGSGP,19bde6de-ad2b-11ef-84a0-e4a8dfc2a9a8,boston,13,43,0.13367141783237457,0.06140613555908203,29728.0,0.139774888753891,261,1
StandardGSGP,19bde6de-ad2b-11ef-84a0-e4a8dfc2a9a8,boston,13,44,0.13336867094039917,0.05650663375854492,29962.0,0.13979019224643707,267,1
StandardGSGP,19bde6de-ad2b-11ef-84a0-e4a8dfc2a9a8,boston,13,45,0.13312378525733948,0.052509307861328125,30590.0,0.13923972845077515,273,1
StandardGSGP,19bde6de-ad2b-11ef-84a0-e4a8dfc2a9a8,boston,13,46,0.13312378525733948,0.057225942611694336,31162.0,0.13923972845077515,273,1
StandardGSGP,19bde6de-ad2b-11ef-84a0-e4a8dfc2a9a8,boston,13,47,0.13312378525733948,0.058092594146728516,31482.0,0.13923972845077515,273,1
StandardGSGP,19bde6de-ad2b-11ef-84a0-e4a8dfc2a9a8,boston,13,48,0.13308265805244446,0.056510210037231445,32232.0,0.13890191912651062,295,1
StandardGSGP,19bde6de-ad2b-11ef-84a0-e4a8dfc2a9a8,boston,13,49,0.13308265805244446,0.05299735069274902,32858.0,0.13890191912651062,295,1
StandardGSGP,19bde6de-ad2b-11ef-84a0-e4a8dfc2a9a8,boston,13,50,0.13308265805244446,0.05351090431213379,32802.0,0.13890191912651062,295,1
StandardGSGP,19bde6de-ad2b-11ef-84a0-e4a8dfc2a9a8,boston,13,51,0.13308265805244446,0.05415511131286621,32884.0,0.13890191912651062,295,1
StandardGSGP,19bde6de-ad2b-11ef-84a0-e4a8dfc2a9a8,boston,13,52,0.13308265805244446,0.056734323501586914,32940.0,0.13890191912651062,295,1
StandardGSGP,19bde6de-ad2b-11ef-84a0-e4a8dfc2a9a8,boston,13,53,0.13308265805244446,0.05768227577209473,33042.0,0.13890191912651062,295,1
StandardGSGP,19bde6de-ad2b-11ef-84a0-e4a8dfc2a9a8,boston,13,54,0.13308265805244446,0.0589447021484375,33224.0,0.13890191912651062,295,1
StandardGSGP,19bde6de-ad2b-11ef-84a0-e4a8dfc2a9a8,boston,13,55,0.13259410858154297,0.06320357322692871,33820.0,0.13184526562690735,315,1
StandardGSGP,19bde6de-ad2b-11ef-84a0-e4a8dfc2a9a8,boston,13,56,0.13259410858154297,0.05559968948364258,34514.0,0.13184526562690735,315,1
StandardGSGP,19bde6de-ad2b-11ef-84a0-e4a8dfc2a9a8,boston,13,57,0.13259410858154297,0.05251669883728027,35930.0,0.13184526562690735,315,1
StandardGSGP,19bde6de-ad2b-11ef-84a0-e4a8dfc2a9a8,boston,13,58,0.13259410858154297,0.052997589111328125,36058.0,0.13184526562690735,315,1
StandardGSGP,19bde6de-ad2b-11ef-84a0-e4a8dfc2a9a8,boston,13,59,0.13259410858154297,0.055506229400634766,35814.0,0.13184526562690735,315,1
StandardGSGP,19bde6de-ad2b-11ef-84a0-e4a8dfc2a9a8,boston,13,60,0.13086873292922974,0.05600237846374512,35990.0,0.1343132108449936,341,1
StandardGSGP,19bde6de-ad2b-11ef-84a0-e4a8dfc2a9a8,boston,13,61,0.13086873292922974,0.05400419235229492,36246.0,0.1343132108449936,341,1
StandardGSGP,19bde6de-ad2b-11ef-84a0-e4a8dfc2a9a8,boston,13,62,0.13086873292922974,0.06050920486450195,37072.0,0.1343132108449936,341,1
StandardGSGP,19bde6de-ad2b-11ef-84a0-e4a8dfc2a9a8,boston,13,63,0.13086873292922974,0.05817103385925293,37364.0,0.1343132108449936,341,1
StandardGSGP,19bde6de-ad2b-11ef-84a0-e4a8dfc2a9a8,boston,13,64,0.13086873292922974,0.05590391159057617,38044.0,0.1343132108449936,341,1
StandardGSGP,19bde6de-ad2b-11ef-84a0-e4a8dfc2a9a8,boston,13,65,0.13086873292922974,0.06288409233093262,38438.0,0.1343132108449936,341,1
StandardGSGP,19bde6de-ad2b-11ef-84a0-e4a8dfc2a9a8,boston,13,66,0.1307746171951294,0.059517860412597656,39194.0,0.13365213572978973,347,1
StandardGSGP,19bde6de-ad2b-11ef-84a0-e4a8dfc2a9a8,boston,13,67,0.13006794452667236,0.05770421028137207,39832.0,0.13291382789611816,357,1
StandardGSGP,19bde6de-ad2b-11ef-84a0-e4a8dfc2a9a8,boston,13,68,0.13006794452667236,0.058001041412353516,40244.0,0.13291382789611816,357,1
StandardGSGP,19bde6de-ad2b-11ef-84a0-e4a8dfc2a9a8,boston,13,69,0.12996676564216614,0.056548357009887695,40454.0,0.13264189660549164,365,1
StandardGSGP,19bde6de-ad2b-11ef-84a0-e4a8dfc2a9a8,boston,13,70,0.12996676564216614,0.05733752250671387,41230.0,0.13264189660549164,365,1
StandardGSGP,19bde6de-ad2b-11ef-84a0-e4a8dfc2a9a8,boston,13,71,0.1299622505903244,0.05614948272705078,41900.0,0.13266979157924652,373,1
StandardGSGP,19bde6de-ad2b-11ef-84a0-e4a8dfc2a9a8,boston,13,72,0.1299622505903244,0.06173849105834961,41778.0,0.13266979157924652,373,1
StandardGSGP,19bde6de-ad2b-11ef-84a0-e4a8dfc2a9a8,boston,13,73,0.1299622505903244,0.060994863510131836,41406.0,0.13266979157924652,373,1
StandardGSGP,19bde6de-ad2b-11ef-84a0-e4a8dfc2a9a8,boston,13,74,0.12874971330165863,0.06151223182678223,40814.0,0.13088440895080566,385,1
StandardGSGP,19bde6de-ad2b-11ef-84a0-e4a8dfc2a9a8,boston,13,75,0.12874971330165863,0.05400252342224121,41478.0,0.13088440895080566,385,1
StandardGSGP,19bde6de-ad2b-11ef-84a0-e4a8dfc2a9a8,boston,13,76,0.12874971330165863,0.05899834632873535,41978.0,0.13088440895080566,385,1
StandardGSGP,19bde6de-ad2b-11ef-84a0-e4a8dfc2a9a8,boston,13,77,0.12874971330165863,0.05602765083312988,42298.0,0.13088440895080566,385,1
StandardGSGP,19bde6de-ad2b-11ef-84a0-e4a8dfc2a9a8,boston,13,78,0.12849657237529755,0.05899620056152344,42252.0,0.13063842058181763,391,1
StandardGSGP,19bde6de-ad2b-11ef-84a0-e4a8dfc2a9a8,boston,13,79,0.12849657237529755,0.05566859245300293,42794.0,0.13063842058181763,391,1
StandardGSGP,19bde6de-ad2b-11ef-84a0-e4a8dfc2a9a8,boston,13,80,0.12849657237529755,0.05701708793640137,43046.0,0.13063842058181763,391,1
StandardGSGP,19bde6de-ad2b-11ef-84a0-e4a8dfc2a9a8,boston,13,81,0.1278395801782608,0.05417823791503906,43102.0,0.1299605816602707,397,1
StandardGSGP,19bde6de-ad2b-11ef-84a0-e4a8dfc2a9a8,boston,13,82,0.1278395801782608,0.05351066589355469,43234.0,0.1299605816602707,397,1
StandardGSGP,19bde6de-ad2b-11ef-84a0-e4a8dfc2a9a8,boston,13,83,0.1278395801782608,0.05475354194641113,43848.0,0.1299605816602707,397,1
StandardGSGP,19bde6de-ad2b-11ef-84a0-e4a8dfc2a9a8,boston,13,84,0.1278395801782608,0.054520606994628906,44620.0,0.1299605816602707,397,1
StandardGSGP,19bde6de-ad2b-11ef-84a0-e4a8dfc2a9a8,boston,13,85,0.1278395801782608,0.05424952507019043,45486.0,0.1299605816602707,397,1
StandardGSGP,19bde6de-ad2b-11ef-84a0-e4a8dfc2a9a8,boston,13,86,0.1278395801782608,0.061341285705566406,44962.0,0.1299605816602707,397,1
StandardGSGP,19bde6de-ad2b-11ef-84a0-e4a8dfc2a9a8,boston,13,87,0.12755616009235382,0.05700540542602539,44736.0,0.1302832067012787,409,1
StandardGSGP,19bde6de-ad2b-11ef-84a0-e4a8dfc2a9a8,boston,13,88,0.12755616009235382,0.05728888511657715,44380.0,0.1302832067012787,409,1
StandardGSGP,19bde6de-ad2b-11ef-84a0-e4a8dfc2a9a8,boston,13,89,0.12681670486927032,0.059050559997558594,44592.0,0.1291816234588623,423,1
StandardGSGP,19bde6de-ad2b-11ef-84a0-e4a8dfc2a9a8,boston,13,90,0.12651586532592773,0.05709528923034668,45606.0,0.12852820754051208,431,1
StandardGSGP,19bde6de-ad2b-11ef-84a0-e4a8dfc2a9a8,boston,13,91,0.12651586532592773,0.05542302131652832,45930.0,0.12852820754051208,431,1
StandardGSGP,19bde6de-ad2b-11ef-84a0-e4a8dfc2a9a8,boston,13,92,0.12651586532592773,0.13353681564331055,46368.0,0.12852820754051208,431,1
StandardGSGP,19bde6de-ad2b-11ef-84a0-e4a8dfc2a9a8,boston,13,93,0.12651586532592773,0.05753016471862793,46274.0,0.12852820754051208,431,1
StandardGSGP,19bde6de-ad2b-11ef-84a0-e4a8dfc2a9a8,boston,13,94,0.12651586532592773,0.05699419975280762,46724.0,0.12852820754051208,431,1
StandardGSGP,19bde6de-ad2b-11ef-84a0-e4a8dfc2a9a8,boston,13,95,0.12651586532592773,0.05753016471862793,46696.0,0.12852820754051208,431,1
StandardGSGP,19bde6de-ad2b-11ef-84a0-e4a8dfc2a9a8,boston,13,96,0.12651586532592773,0.059522151947021484,47164.0,0.12852820754051208,431,1
StandardGSGP,19bde6de-ad2b-11ef-84a0-e4a8dfc2a9a8,boston,13,97,0.12651586532592773,0.057056427001953125,47238.0,0.12852820754051208,431,1
StandardGSGP,19bde6de-ad2b-11ef-84a0-e4a8dfc2a9a8,boston,13,98,0.12651586532592773,0.05750536918640137,47248.0,0.12852820754051208,431,1
StandardGSGP,19bde6de-ad2b-11ef-84a0-e4a8dfc2a9a8,boston,13,99,0.12651586532592773,0.05500078201293945,47150.0,0.12852820754051208,431,1
StandardGSGP,19bde6de-ad2b-11ef-84a0-e4a8dfc2a9a8,boston,13,100,0.12569478154182434,0.05650949478149414,47364.0,0.1286916732788086,443,1
StandardGSGP,86f36c84-ad2b-11ef-9f55-e4a8dfc2a9a8,boston,13,0,13.54063606262207,0.02923440933227539,584.0,11.9876127243042,3,1
StandardGSGP,86f36c84-ad2b-11ef-9f55-e4a8dfc2a9a8,boston,13,1,13.421578407287598,0.07397699356079102,1298.0,11.867104530334473,9,1
StandardGSGP,86f36c84-ad2b-11ef-9f55-e4a8dfc2a9a8,boston,13,2,12.777128219604492,0.05975985527038574,1994.0,11.21149730682373,17,1
StandardGSGP,86f36c84-ad2b-11ef-9f55-e4a8dfc2a9a8,boston,13,3,12.323561668395996,0.05514240264892578,2530.0,10.758867263793945,23,1
StandardGSGP,86f36c84-ad2b-11ef-9f55-e4a8dfc2a9a8,boston,13,4,12.312331199645996,0.0610041618347168,3090.0,10.75497055053711,29,1
StandardGSGP,86f36c84-ad2b-11ef-9f55-e4a8dfc2a9a8,boston,13,5,11.625622749328613,0.05651545524597168,3786.0,10.045363426208496,37,1
StandardGSGP,86f36c84-ad2b-11ef-9f55-e4a8dfc2a9a8,boston,13,6,11.456674575805664,0.1274731159210205,4482.0,9.869661331176758,47,1
StandardGSGP,86f36c84-ad2b-11ef-9f55-e4a8dfc2a9a8,boston,13,7,11.241687774658203,0.058058977127075195,5352.0,9.6651029586792,55,1
StandardGSGP,86f36c84-ad2b-11ef-9f55-e4a8dfc2a9a8,boston,13,8,10.895975112915039,0.060070037841796875,6192.0,9.337393760681152,57,1
StandardGSGP,86f36c84-ad2b-11ef-9f55-e4a8dfc2a9a8,boston,13,9,10.536836624145508,0.06185507774353027,6948.0,8.98688793182373,67,1
StandardGSGP,86f36c84-ad2b-11ef-9f55-e4a8dfc2a9a8,boston,13,10,10.485915184020996,0.05951070785522461,7662.0,8.911208152770996,81,1
StandardGSGP,86f36c84-ad2b-11ef-9f55-e4a8dfc2a9a8,boston,13,11,10.0007963180542,0.05400514602661133,8346.0,8.466314315795898,79,1
StandardGSGP,86f36c84-ad2b-11ef-9f55-e4a8dfc2a9a8,boston,13,12,10.0007963180542,0.05452895164489746,9020.0,8.466314315795898,79,1
StandardGSGP,86f36c84-ad2b-11ef-9f55-e4a8dfc2a9a8,boston,13,13,9.548828125,0.0558316707611084,9484.0,8.04953670501709,91,1
StandardGSGP,86f36c84-ad2b-11ef-9f55-e4a8dfc2a9a8,boston,13,14,9.189212799072266,0.06161069869995117,10008.0,7.72313928604126,101,1
StandardGSGP,86f36c84-ad2b-11ef-9f55-e4a8dfc2a9a8,boston,13,15,9.147061347961426,0.06100273132324219,10430.0,7.686361789703369,107,1
StandardGSGP,86f36c84-ad2b-11ef-9f55-e4a8dfc2a9a8,boston,13,16,8.868240356445312,0.07020211219787598,11312.0,7.396630764007568,117,1
StandardGSGP,86f36c84-ad2b-11ef-9f55-e4a8dfc2a9a8,boston,13,17,8.868240356445312,0.05681729316711426,12262.0,7.396630764007568,117,1
StandardGSGP,86f36c84-ad2b-11ef-9f55-e4a8dfc2a9a8,boston,13,18,8.698124885559082,0.05429553985595703,13092.0,7.294168949127197,135,1
StandardGSGP,86f36c84-ad2b-11ef-9f55-e4a8dfc2a9a8,boston,13,19,8.379140853881836,0.05470466613769531,13962.0,7.043591022491455,143,1
StandardGSGP,86f36c84-ad2b-11ef-9f55-e4a8dfc2a9a8,boston,13,20,8.22504711151123,0.0558469295501709,14708.0,6.922903060913086,149,1
StandardGSGP,86f36c84-ad2b-11ef-9f55-e4a8dfc2a9a8,boston,13,21,8.059640884399414,0.05851483345031738,15522.0,6.848428249359131,155,1
StandardGSGP,86f36c84-ad2b-11ef-9f55-e4a8dfc2a9a8,boston,13,22,7.942657947540283,0.05550217628479004,16420.0,6.777060508728027,157,1
StandardGSGP,86f36c84-ad2b-11ef-9f55-e4a8dfc2a9a8,boston,13,23,7.862339019775391,0.05819821357727051,17096.0,6.784609794616699,175,1
StandardGSGP,86f36c84-ad2b-11ef-9f55-e4a8dfc2a9a8,boston,13,24,7.678215503692627,0.06768631935119629,17856.0,6.630430221557617,179,1
StandardGSGP,86f36c84-ad2b-11ef-9f55-e4a8dfc2a9a8,boston,13,25,7.631557941436768,0.05601024627685547,18566.0,6.685462474822998,181,1
StandardGSGP,86f36c84-ad2b-11ef-9f55-e4a8dfc2a9a8,boston,13,26,7.568390846252441,0.059148311614990234,19314.0,6.777236461639404,191,1
StandardGSGP,86f36c84-ad2b-11ef-9f55-e4a8dfc2a9a8,boston,13,27,7.52770471572876,0.05851340293884277,19906.0,6.590863227844238,201,1
StandardGSGP,86f36c84-ad2b-11ef-9f55-e4a8dfc2a9a8,boston,13,28,7.501753330230713,0.056448936462402344,20564.0,6.738811016082764,203,1
StandardGSGP,86f36c84-ad2b-11ef-9f55-e4a8dfc2a9a8,boston,13,29,7.486808776855469,0.05651402473449707,21272.0,6.766080856323242,209,1
StandardGSGP,86f36c84-ad2b-11ef-9f55-e4a8dfc2a9a8,boston,13,30,7.465444564819336,0.05890607833862305,22012.0,6.637444496154785,215,1
StandardGSGP,86f36c84-ad2b-11ef-9f55-e4a8dfc2a9a8,boston,13,31,7.420184135437012,0.06450653076171875,22654.0,6.738338947296143,223,1
StandardGSGP,86f36c84-ad2b-11ef-9f55-e4a8dfc2a9a8,boston,13,32,7.376718521118164,0.0589907169342041,23298.0,6.558309555053711,239,1
StandardGSGP,86f36c84-ad2b-11ef-9f55-e4a8dfc2a9a8,boston,13,33,7.3318986892700195,0.057211875915527344,23940.0,6.681737422943115,249,1
StandardGSGP,86f36c84-ad2b-11ef-9f55-e4a8dfc2a9a8,boston,13,34,7.313830852508545,0.06506705284118652,24622.0,6.64729642868042,241,1
StandardGSGP,86f36c84-ad2b-11ef-9f55-e4a8dfc2a9a8,boston,13,35,7.300875186920166,0.0629425048828125,25636.0,6.699966907501221,265,1
StandardGSGP,86f36c84-ad2b-11ef-9f55-e4a8dfc2a9a8,boston,13,36,7.2647857666015625,0.059247493743896484,26498.0,6.54665470123291,271,1
StandardGSGP,86f36c84-ad2b-11ef-9f55-e4a8dfc2a9a8,boston,13,37,7.221009254455566,0.05758047103881836,27304.0,6.529562950134277,277,1
StandardGSGP,86f36c84-ad2b-11ef-9f55-e4a8dfc2a9a8,boston,13,38,7.150131702423096,0.06473493576049805,27948.0,6.4648942947387695,283,1
StandardGSGP,86f36c84-ad2b-11ef-9f55-e4a8dfc2a9a8,boston,13,39,7.149051666259766,0.05935311317443848,28674.0,6.521426200866699,289,1
StandardGSGP,86f36c84-ad2b-11ef-9f55-e4a8dfc2a9a8,boston,13,40,7.0451531410217285,0.0633232593536377,29416.0,6.373545169830322,291,1
StandardGSGP,86f36c84-ad2b-11ef-9f55-e4a8dfc2a9a8,boston,13,41,7.042137145996094,0.06414175033569336,30332.0,6.328040599822998,301,1
StandardGSGP,86f36c84-ad2b-11ef-9f55-e4a8dfc2a9a8,boston,13,42,7.015459060668945,0.06062936782836914,31166.0,6.353701591491699,317,1
StandardGSGP,86f36c84-ad2b-11ef-9f55-e4a8dfc2a9a8,boston,13,43,7.0065388679504395,0.059354543685913086,31822.0,6.353803634643555,323,1
StandardGSGP,86f36c84-ad2b-11ef-9f55-e4a8dfc2a9a8,boston,13,44,6.9616570472717285,0.0605926513671875,32430.0,6.253500461578369,327,1
StandardGSGP,86f36c84-ad2b-11ef-9f55-e4a8dfc2a9a8,boston,13,45,6.95051908493042,0.06354737281799316,33262.0,6.260046482086182,337,1
StandardGSGP,86f36c84-ad2b-11ef-9f55-e4a8dfc2a9a8,boston,13,46,6.8969807624816895,0.062081098556518555,34144.0,6.267266750335693,345,1
StandardGSGP,86f36c84-ad2b-11ef-9f55-e4a8dfc2a9a8,boston,13,47,6.75209903717041,0.06694364547729492,34842.0,6.125381946563721,349,1
StandardGSGP,86f36c84-ad2b-11ef-9f55-e4a8dfc2a9a8,boston,13,48,6.701879978179932,0.07543706893920898,35656.0,6.068312168121338,355,1
StandardGSGP,86f36c84-ad2b-11ef-9f55-e4a8dfc2a9a8,boston,13,49,6.700641632080078,0.056211233139038086,36412.0,6.060779571533203,371,1
StandardGSGP,86f36c84-ad2b-11ef-9f55-e4a8dfc2a9a8,boston,13,50,6.677098274230957,0.08100318908691406,37068.0,6.157559871673584,371,1
StandardGSGP,86f36c84-ad2b-11ef-9f55-e4a8dfc2a9a8,boston,13,51,6.656081676483154,0.05969977378845215,37844.0,6.116757392883301,377,1
StandardGSGP,86f36c84-ad2b-11ef-9f55-e4a8dfc2a9a8,boston,13,52,6.60252046585083,0.060173749923706055,38694.0,5.963319301605225,393,1
StandardGSGP,86f36c84-ad2b-11ef-9f55-e4a8dfc2a9a8,boston,13,53,6.597340106964111,0.05699872970581055,39574.0,5.965306282043457,401,1
StandardGSGP,86f36c84-ad2b-11ef-9f55-e4a8dfc2a9a8,boston,13,54,6.546943664550781,0.058511972427368164,39996.0,6.038687705993652,399,1
StandardGSGP,86f36c84-ad2b-11ef-9f55-e4a8dfc2a9a8,boston,13,55,6.533063888549805,0.06253528594970703,40538.0,5.917293071746826,395,1
StandardGSGP,86f36c84-ad2b-11ef-9f55-e4a8dfc2a9a8,boston,13,56,6.407739639282227,0.06487607955932617,41384.0,5.83526086807251,413,1
StandardGSGP,86f36c84-ad2b-11ef-9f55-e4a8dfc2a9a8,boston,13,57,6.397860050201416,0.06481599807739258,42236.0,5.846513271331787,419,1
StandardGSGP,86f36c84-ad2b-11ef-9f55-e4a8dfc2a9a8,boston,13,58,6.387145519256592,0.05900859832763672,42818.0,5.906780242919922,429,1
StandardGSGP,86f36c84-ad2b-11ef-9f55-e4a8dfc2a9a8,boston,13,59,6.380192756652832,0.06860923767089844,43370.0,5.802868366241455,425,1
StandardGSGP,86f36c84-ad2b-11ef-9f55-e4a8dfc2a9a8,boston,13,60,6.347897052764893,0.06559038162231445,44188.0,5.713768482208252,439,1
StandardGSGP,86f36c84-ad2b-11ef-9f55-e4a8dfc2a9a8,boston,13,61,6.327905178070068,0.06618404388427734,44844.0,5.718876361846924,445,1
StandardGSGP,86f36c84-ad2b-11ef-9f55-e4a8dfc2a9a8,boston,13,62,6.320013523101807,0.06569814682006836,45678.0,5.723357200622559,455,1
StandardGSGP,86f36c84-ad2b-11ef-9f55-e4a8dfc2a9a8,boston,13,63,6.285830497741699,0.07140254974365234,46324.0,5.9078898429870605,475,1
StandardGSGP,86f36c84-ad2b-11ef-9f55-e4a8dfc2a9a8,boston,13,64,6.2779765129089355,0.06751847267150879,47112.0,5.869348049163818,481,1
StandardGSGP,86f36c84-ad2b-11ef-9f55-e4a8dfc2a9a8,boston,13,65,6.258625507354736,0.06268644332885742,48176.0,5.676194667816162,479,1
StandardGSGP,86f36c84-ad2b-11ef-9f55-e4a8dfc2a9a8,boston,13,66,6.250765323638916,0.060509443283081055,49320.0,5.628734111785889,493,1
StandardGSGP,86f36c84-ad2b-11ef-9f55-e4a8dfc2a9a8,boston,13,67,6.176761150360107,0.060015201568603516,50534.0,5.641368865966797,495,1
StandardGSGP,86f36c84-ad2b-11ef-9f55-e4a8dfc2a9a8,boston,13,68,6.169608116149902,0.060514211654663086,51652.0,5.733498573303223,515,1
StandardGSGP,86f36c84-ad2b-11ef-9f55-e4a8dfc2a9a8,boston,13,69,6.169608116149902,0.06016421318054199,52260.0,5.733498573303223,515,1
StandardGSGP,86f36c84-ad2b-11ef-9f55-e4a8dfc2a9a8,boston,13,70,6.104089260101318,0.058487653732299805,52600.0,5.689609050750732,519,1
StandardGSGP,86f36c84-ad2b-11ef-9f55-e4a8dfc2a9a8,boston,13,71,6.066526889801025,0.06438040733337402,53012.0,5.727015018463135,533,1
StandardGSGP,86f36c84-ad2b-11ef-9f55-e4a8dfc2a9a8,boston,13,72,6.016260623931885,0.15575742721557617,53920.0,5.6694793701171875,541,1
StandardGSGP,86f36c84-ad2b-11ef-9f55-e4a8dfc2a9a8,boston,13,73,6.010733604431152,0.06704378128051758,54554.0,5.659305572509766,547,1
StandardGSGP,86f36c84-ad2b-11ef-9f55-e4a8dfc2a9a8,boston,13,74,5.964797019958496,0.06823348999023438,55180.0,5.606118202209473,547,1
StandardGSGP,86f36c84-ad2b-11ef-9f55-e4a8dfc2a9a8,boston,13,75,5.957054138183594,0.0590059757232666,56034.0,5.603889465332031,553,1
StandardGSGP,86f36c84-ad2b-11ef-9f55-e4a8dfc2a9a8,boston,13,76,5.955225944519043,0.05726361274719238,56684.0,5.60127067565918,559,1
StandardGSGP,86f36c84-ad2b-11ef-9f55-e4a8dfc2a9a8,boston,13,77,5.943650722503662,0.06497049331665039,57518.0,5.604961395263672,567,1
StandardGSGP,86f36c84-ad2b-11ef-9f55-e4a8dfc2a9a8,boston,13,78,5.927165508270264,0.05800271034240723,58058.0,5.533971786499023,579,1
StandardGSGP,86f36c84-ad2b-11ef-9f55-e4a8dfc2a9a8,boston,13,79,5.902791976928711,0.05651426315307617,58396.0,5.524839878082275,589,1
StandardGSGP,86f36c84-ad2b-11ef-9f55-e4a8dfc2a9a8,boston,13,80,5.807257652282715,0.06880640983581543,58874.0,5.405877590179443,597,1
StandardGSGP,86f36c84-ad2b-11ef-9f55-e4a8dfc2a9a8,boston,13,81,5.8072004318237305,0.0660848617553711,59700.0,5.405876636505127,605,1
StandardGSGP,86f36c84-ad2b-11ef-9f55-e4a8dfc2a9a8,boston,13,82,5.770046710968018,0.055503129959106445,60598.0,5.387927055358887,611,1
StandardGSGP,86f36c84-ad2b-11ef-9f55-e4a8dfc2a9a8,boston,13,83,5.770046710968018,0.056143760681152344,61466.0,5.387927055358887,611,1
StandardGSGP,86f36c84-ad2b-11ef-9f55-e4a8dfc2a9a8,boston,13,84,5.736213207244873,0.05492806434631348,62498.0,5.3554158210754395,621,1
StandardGSGP,86f36c84-ad2b-11ef-9f55-e4a8dfc2a9a8,boston,13,85,5.7301106452941895,0.054596662521362305,63206.0,5.344606876373291,629,1
StandardGSGP,86f36c84-ad2b-11ef-9f55-e4a8dfc2a9a8,boston,13,86,5.729541778564453,0.06601190567016602,63598.0,5.342981815338135,635,1
StandardGSGP,86f36c84-ad2b-11ef-9f55-e4a8dfc2a9a8,boston,13,87,5.647443771362305,0.0549168586730957,64190.0,5.190126419067383,637,1
StandardGSGP,86f36c84-ad2b-11ef-9f55-e4a8dfc2a9a8,boston,13,88,5.641152381896973,0.05419135093688965,64904.0,5.215183258056641,643,1
StandardGSGP,86f36c84-ad2b-11ef-9f55-e4a8dfc2a9a8,boston,13,89,5.638861656188965,0.05385923385620117,65522.0,5.180582523345947,653,1
StandardGSGP,86f36c84-ad2b-11ef-9f55-e4a8dfc2a9a8,boston,13,90,5.613011837005615,0.05770277976989746,66072.0,5.13447380065918,655,1
StandardGSGP,86f36c84-ad2b-11ef-9f55-e4a8dfc2a9a8,boston,13,91,5.5631232261657715,0.053368330001831055,66682.0,5.13836145401001,661,1
StandardGSGP,86f36c84-ad2b-11ef-9f55-e4a8dfc2a9a8,boston,13,92,5.561185359954834,0.05718350410461426,67400.0,5.148951530456543,667,1
StandardGSGP,86f36c84-ad2b-11ef-9f55-e4a8dfc2a9a8,boston,13,93,5.555481433868408,0.06099200248718262,68102.0,5.154939651489258,683,1
StandardGSGP,86f36c84-ad2b-11ef-9f55-e4a8dfc2a9a8,boston,13,94,5.53272819519043,0.06027507781982422,68810.0,5.10916805267334,685,1
StandardGSGP,86f36c84-ad2b-11ef-9f55-e4a8dfc2a9a8,boston,13,95,5.532713413238525,0.0599520206451416,69508.0,5.109180450439453,699,1
StandardGSGP,86f36c84-ad2b-11ef-9f55-e4a8dfc2a9a8,boston,13,96,5.523077011108398,0.0593111515045166,70084.0,5.1522932052612305,697,1
StandardGSGP,86f36c84-ad2b-11ef-9f55-e4a8dfc2a9a8,boston,13,97,5.512580871582031,0.053760528564453125,70796.0,5.115973472595215,703,1
StandardGSGP,86f36c84-ad2b-11ef-9f55-e4a8dfc2a9a8,boston,13,98,5.438693046569824,0.05699920654296875,71570.0,5.066153049468994,723,1
StandardGSGP,86f36c84-ad2b-11ef-9f55-e4a8dfc2a9a8,boston,13,99,5.436895370483398,0.05794644355773926,72514.0,5.052245140075684,729,1
StandardGSGP,86f36c84-ad2b-11ef-9f55-e4a8dfc2a9a8,boston,13,100,5.420426845550537,0.05631065368652344,73670.0,5.047307014465332,735,1
