StandardGSGP,2fbe29e3-ad2b-11ef-886b-e4a8dfc2a9a8,boston,19,0,0.16411614418029785,0.05840659141540527,1370.0,0.14854596555233002,3,1
StandardGSGP,2fbe29e3-ad2b-11ef-886b-e4a8dfc2a9a8,boston,19,1,0.16411614418029785,0.05601334571838379,1272.0,0.14854596555233002,3,1
StandardGSGP,2fbe29e3-ad2b-11ef-886b-e4a8dfc2a9a8,boston,19,2,0.16321060061454773,0.06140756607055664,1978.0,0.14753824472427368,9,1
StandardGSGP,2fbe29e3-ad2b-11ef-886b-e4a8dfc2a9a8,boston,19,3,0.15266242623329163,0.055178165435791016,2486.0,0.13766852021217346,9,1
StandardGSGP,2fbe29e3-ad2b-11ef-886b-e4a8dfc2a9a8,boston,19,4,0.14685511589050293,0.055995941162109375,2876.0,0.13564935326576233,21,1
StandardGSGP,2fbe29e3-ad2b-11ef-886b-e4a8dfc2a9a8,boston,19,5,0.14650098979473114,0.05652308464050293,3328.0,0.1381780505180359,27,1
StandardGSGP,2fbe29e3-ad2b-11ef-886b-e4a8dfc2a9a8,boston,19,6,0.14650098979473114,0.0555109977722168,3890.0,0.1381780505180359,27,1
StandardGSGP,2fbe29e3-ad2b-11ef-886b-e4a8dfc2a9a8,boston,19,7,0.14650098979473114,0.05466866493225098,4294.0,0.1381780505180359,27,1
StandardGSGP,2fbe29e3-ad2b-11ef-886b-e4a8dfc2a9a8,boston,19,8,0.14650098979473114,0.0562129020690918,5020.0,0.1381780505180359,27,1
StandardGSGP,2fbe29e3-ad2b-11ef-886b-e4a8dfc2a9a8,boston,19,9,0.14449597895145416,0.055252790451049805,5674.0,0.1345054805278778,35,1
StandardGSGP,2fbe29e3-ad2b-11ef-886b-e4a8dfc2a9a8,boston,19,10,0.14017577469348907,0.055609703063964844,6006.0,0.13228577375411987,53,1
StandardGSGP,2fbe29e3-ad2b-11ef-886b-e4a8dfc2a9a8,boston,19,11,0.14017577469348907,0.05699944496154785,6848.0,0.13228577375411987,53,1
StandardGSGP,2fbe29e3-ad2b-11ef-886b-e4a8dfc2a9a8,boston,19,12,0.14017577469348907,0.057511329650878906,7234.0,0.13228577375411987,53,1
StandardGSGP,2fbe29e3-ad2b-11ef-886b-e4a8dfc2a9a8,boston,19,13,0.14017577469348907,0.0590054988861084,7832.0,0.13228577375411987,53,1
StandardGSGP,2fbe29e3-ad2b-11ef-886b-e4a8dfc2a9a8,boston,19,14,0.14017577469348907,0.056509971618652344,8304.0,0.13228577375411987,53,1
StandardGSGP,2fbe29e3-ad2b-11ef-886b-e4a8dfc2a9a8,boston,19,15,0.1400870531797409,0.05669760704040527,9076.0,0.13653133809566498,81,1
StandardGSGP,2fbe29e3-ad2b-11ef-886b-e4a8dfc2a9a8,boston,19,16,0.1400870531797409,0.05599832534790039,9828.0,0.13653133809566498,81,1
StandardGSGP,2fbe29e3-ad2b-11ef-886b-e4a8dfc2a9a8,boston,19,17,0.1400870531797409,0.06678581237792969,10654.0,0.13653133809566498,81,1
StandardGSGP,2fbe29e3-ad2b-11ef-886b-e4a8dfc2a9a8,boston,19,18,0.13621538877487183,0.059001922607421875,11278.0,0.12711071968078613,73,1
StandardGSGP,2fbe29e3-ad2b-11ef-886b-e4a8dfc2a9a8,boston,19,19,0.13095705211162567,0.06034588813781738,11838.0,0.13213887810707092,111,1
StandardGSGP,2fbe29e3-ad2b-11ef-886b-e4a8dfc2a9a8,boston,19,20,0.1290203034877777,0.12980175018310547,11598.0,0.1255064308643341,113,1
StandardGSGP,2fbe29e3-ad2b-11ef-886b-e4a8dfc2a9a8,boston,19,21,0.1290203034877777,0.05650687217712402,12060.0,0.1255064308643341,113,1
StandardGSGP,2fbe29e3-ad2b-11ef-886b-e4a8dfc2a9a8,boston,19,22,0.1277165412902832,0.062039852142333984,12882.0,0.12792915105819702,137,1
StandardGSGP,2fbe29e3-ad2b-11ef-886b-e4a8dfc2a9a8,boston,19,23,0.1277165412902832,0.06643390655517578,13508.0,0.12792915105819702,137,1
StandardGSGP,2fbe29e3-ad2b-11ef-886b-e4a8dfc2a9a8,boston,19,24,0.1277165412902832,0.0651850700378418,14666.0,0.12792915105819702,137,1
StandardGSGP,2fbe29e3-ad2b-11ef-886b-e4a8dfc2a9a8,boston,19,25,0.12750697135925293,0.056233882904052734,15582.0,0.1292501837015152,149,1
StandardGSGP,2fbe29e3-ad2b-11ef-886b-e4a8dfc2a9a8,boston,19,26,0.12750697135925293,0.05921506881713867,16220.0,0.1292501837015152,149,1
StandardGSGP,2fbe29e3-ad2b-11ef-886b-e4a8dfc2a9a8,boston,19,27,0.12750697135925293,0.05951333045959473,16924.0,0.1292501837015152,149,1
StandardGSGP,2fbe29e3-ad2b-11ef-886b-e4a8dfc2a9a8,boston,19,28,0.1261616349220276,0.05930376052856445,17658.0,0.12731008231639862,155,1
StandardGSGP,2fbe29e3-ad2b-11ef-886b-e4a8dfc2a9a8,boston,19,29,0.1261616349220276,0.061556339263916016,18380.0,0.12731008231639862,155,1
StandardGSGP,2fbe29e3-ad2b-11ef-886b-e4a8dfc2a9a8,boston,19,30,0.1261616349220276,0.06376910209655762,18668.0,0.12731008231639862,155,1
StandardGSGP,2fbe29e3-ad2b-11ef-886b-e4a8dfc2a9a8,boston,19,31,0.1261616349220276,0.0540003776550293,19172.0,0.12731008231639862,155,1
StandardGSGP,2fbe29e3-ad2b-11ef-886b-e4a8dfc2a9a8,boston,19,32,0.1261616349220276,0.055246829986572266,19998.0,0.12731008231639862,155,1
StandardGSGP,2fbe29e3-ad2b-11ef-886b-e4a8dfc2a9a8,boston,19,33,0.12556231021881104,0.053850412368774414,20462.0,0.1265423446893692,163,1
StandardGSGP,2fbe29e3-ad2b-11ef-886b-e4a8dfc2a9a8,boston,19,34,0.12546324729919434,0.06330037117004395,20818.0,0.12544281780719757,197,1
StandardGSGP,2fbe29e3-ad2b-11ef-886b-e4a8dfc2a9a8,boston,19,35,0.12546324729919434,0.0534517765045166,21484.0,0.12544281780719757,197,1
StandardGSGP,2fbe29e3-ad2b-11ef-886b-e4a8dfc2a9a8,boston,19,36,0.12312503904104233,0.05700254440307617,21442.0,0.12253908812999725,211,1
StandardGSGP,2fbe29e3-ad2b-11ef-886b-e4a8dfc2a9a8,boston,19,37,0.12312503904104233,0.057509660720825195,21770.0,0.12253908812999725,211,1
StandardGSGP,2fbe29e3-ad2b-11ef-886b-e4a8dfc2a9a8,boston,19,38,0.12312503904104233,0.06359696388244629,22156.0,0.12253908812999725,211,1
StandardGSGP,2fbe29e3-ad2b-11ef-886b-e4a8dfc2a9a8,boston,19,39,0.12312503904104233,0.05804324150085449,22542.0,0.12253908812999725,211,1
StandardGSGP,2fbe29e3-ad2b-11ef-886b-e4a8dfc2a9a8,boston,19,40,0.12312503904104233,0.05750727653503418,23066.0,0.12253908812999725,211,1
StandardGSGP,2fbe29e3-ad2b-11ef-886b-e4a8dfc2a9a8,boston,19,41,0.12241625785827637,0.05499863624572754,23604.0,0.12279316782951355,235,1
StandardGSGP,2fbe29e3-ad2b-11ef-886b-e4a8dfc2a9a8,boston,19,42,0.12241625785827637,0.06051063537597656,24250.0,0.12279316782951355,235,1
StandardGSGP,2fbe29e3-ad2b-11ef-886b-e4a8dfc2a9a8,boston,19,43,0.12170539051294327,0.05600285530090332,24736.0,0.12123895436525345,257,1
StandardGSGP,2fbe29e3-ad2b-11ef-886b-e4a8dfc2a9a8,boston,19,44,0.12102439254522324,0.059068918228149414,25642.0,0.12044557929039001,265,1
StandardGSGP,2fbe29e3-ad2b-11ef-886b-e4a8dfc2a9a8,boston,19,45,0.11974649131298065,0.056514739990234375,26620.0,0.11927904188632965,265,1
StandardGSGP,2fbe29e3-ad2b-11ef-886b-e4a8dfc2a9a8,boston,19,46,0.11974649131298065,0.05582833290100098,27310.0,0.11927904188632965,265,1
StandardGSGP,2fbe29e3-ad2b-11ef-886b-e4a8dfc2a9a8,boston,19,47,0.11907301098108292,0.055511474609375,28340.0,0.11715179681777954,287,1
StandardGSGP,2fbe29e3-ad2b-11ef-886b-e4a8dfc2a9a8,boston,19,48,0.11907301098108292,0.05854463577270508,29420.0,0.11715179681777954,287,1
StandardGSGP,2fbe29e3-ad2b-11ef-886b-e4a8dfc2a9a8,boston,19,49,0.11907301098108292,0.0558929443359375,30208.0,0.11715179681777954,287,1
StandardGSGP,2fbe29e3-ad2b-11ef-886b-e4a8dfc2a9a8,boston,19,50,0.11907301098108292,0.06200599670410156,31148.0,0.11715179681777954,287,1
StandardGSGP,2fbe29e3-ad2b-11ef-886b-e4a8dfc2a9a8,boston,19,51,0.11907301098108292,0.054998159408569336,32026.0,0.11715179681777954,287,1
StandardGSGP,2fbe29e3-ad2b-11ef-886b-e4a8dfc2a9a8,boston,19,52,0.11907301098108292,0.054943084716796875,32698.0,0.11715179681777954,287,1
StandardGSGP,2fbe29e3-ad2b-11ef-886b-e4a8dfc2a9a8,boston,19,53,0.11907301098108292,0.05877184867858887,33434.0,0.11715179681777954,287,1
StandardGSGP,2fbe29e3-ad2b-11ef-886b-e4a8dfc2a9a8,boston,19,54,0.11902787536382675,0.05912518501281738,33834.0,0.11713002622127533,295,1
StandardGSGP,2fbe29e3-ad2b-11ef-886b-e4a8dfc2a9a8,boston,19,55,0.11752546578645706,0.05500173568725586,34250.0,0.1144612580537796,301,1
StandardGSGP,2fbe29e3-ad2b-11ef-886b-e4a8dfc2a9a8,boston,19,56,0.11752546578645706,0.05787849426269531,34920.0,0.1144612580537796,301,1
StandardGSGP,2fbe29e3-ad2b-11ef-886b-e4a8dfc2a9a8,boston,19,57,0.11752546578645706,0.05763673782348633,35302.0,0.1144612580537796,301,1
StandardGSGP,2fbe29e3-ad2b-11ef-886b-e4a8dfc2a9a8,boston,19,58,0.11752546578645706,0.054994821548461914,34928.0,0.1144612580537796,301,1
StandardGSGP,2fbe29e3-ad2b-11ef-886b-e4a8dfc2a9a8,boston,19,59,0.11752546578645706,0.05730032920837402,36222.0,0.1144612580537796,301,1
StandardGSGP,2fbe29e3-ad2b-11ef-886b-e4a8dfc2a9a8,boston,19,60,0.11752546578645706,0.06151103973388672,37230.0,0.1144612580537796,301,1
StandardGSGP,2fbe29e3-ad2b-11ef-886b-e4a8dfc2a9a8,boston,19,61,0.11752546578645706,0.05272650718688965,37834.0,0.1144612580537796,301,1
StandardGSGP,2fbe29e3-ad2b-11ef-886b-e4a8dfc2a9a8,boston,19,62,0.11752546578645706,0.05400347709655762,37418.0,0.1144612580537796,301,1
StandardGSGP,2fbe29e3-ad2b-11ef-886b-e4a8dfc2a9a8,boston,19,63,0.11752546578645706,0.05750894546508789,36418.0,0.1144612580537796,301,1
StandardGSGP,2fbe29e3-ad2b-11ef-886b-e4a8dfc2a9a8,boston,19,64,0.11752546578645706,0.057514190673828125,36436.0,0.1144612580537796,301,1
StandardGSGP,2fbe29e3-ad2b-11ef-886b-e4a8dfc2a9a8,boston,19,65,0.11752546578645706,0.056348323822021484,34870.0,0.1144612580537796,301,1
StandardGSGP,2fbe29e3-ad2b-11ef-886b-e4a8dfc2a9a8,boston,19,66,0.11752546578645706,0.05751228332519531,34998.0,0.1144612580537796,301,1
StandardGSGP,2fbe29e3-ad2b-11ef-886b-e4a8dfc2a9a8,boston,19,67,0.11752546578645706,0.05859565734863281,34758.0,0.1144612580537796,301,1
StandardGSGP,2fbe29e3-ad2b-11ef-886b-e4a8dfc2a9a8,boston,19,68,0.11752546578645706,0.05650663375854492,34090.0,0.1144612580537796,301,1
StandardGSGP,2fbe29e3-ad2b-11ef-886b-e4a8dfc2a9a8,boston,19,69,0.11752546578645706,0.06124734878540039,34456.0,0.1144612580537796,301,1
StandardGSGP,2fbe29e3-ad2b-11ef-886b-e4a8dfc2a9a8,boston,19,70,0.11752546578645706,0.05699610710144043,34940.0,0.1144612580537796,301,1
StandardGSGP,2fbe29e3-ad2b-11ef-886b-e4a8dfc2a9a8,boston,19,71,0.11752546578645706,0.05891275405883789,35516.0,0.1144612580537796,301,1
StandardGSGP,2fbe29e3-ad2b-11ef-886b-e4a8dfc2a9a8,boston,19,72,0.11752546578645706,0.05897879600524902,35714.0,0.1144612580537796,301,1
StandardGSGP,2fbe29e3-ad2b-11ef-886b-e4a8dfc2a9a8,boston,19,73,0.11752546578645706,0.05750584602355957,36372.0,0.1144612580537796,301,1
StandardGSGP,2fbe29e3-ad2b-11ef-886b-e4a8dfc2a9a8,boston,19,74,0.11752546578645706,0.055509090423583984,36596.0,0.1144612580537796,301,1
StandardGSGP,2fbe29e3-ad2b-11ef-886b-e4a8dfc2a9a8,boston,19,75,0.11752546578645706,0.053000688552856445,37068.0,0.1144612580537796,301,1
StandardGSGP,2fbe29e3-ad2b-11ef-886b-e4a8dfc2a9a8,boston,19,76,0.11752546578645706,0.053708553314208984,37856.0,0.1144612580537796,301,1
StandardGSGP,2fbe29e3-ad2b-11ef-886b-e4a8dfc2a9a8,boston,19,77,0.11698174476623535,0.05899834632873535,37906.0,0.10677177459001541,391,1
StandardGSGP,2fbe29e3-ad2b-11ef-886b-e4a8dfc2a9a8,boston,19,78,0.11698174476623535,0.05919313430786133,38588.0,0.10677177459001541,391,1
StandardGSGP,2fbe29e3-ad2b-11ef-886b-e4a8dfc2a9a8,boston,19,79,0.1148706004023552,0.057512521743774414,38778.0,0.10546153783798218,413,1
StandardGSGP,2fbe29e3-ad2b-11ef-886b-e4a8dfc2a9a8,boston,19,80,0.1148706004023552,0.06570100784301758,40356.0,0.10546153783798218,413,1
StandardGSGP,2fbe29e3-ad2b-11ef-886b-e4a8dfc2a9a8,boston,19,81,0.11196153610944748,0.06210446357727051,40758.0,0.1018390953540802,415,1
StandardGSGP,2fbe29e3-ad2b-11ef-886b-e4a8dfc2a9a8,boston,19,82,0.11196153610944748,0.05499911308288574,41038.0,0.1018390953540802,415,1
StandardGSGP,2fbe29e3-ad2b-11ef-886b-e4a8dfc2a9a8,boston,19,83,0.11196153610944748,0.06551098823547363,41086.0,0.1018390953540802,415,1
StandardGSGP,2fbe29e3-ad2b-11ef-886b-e4a8dfc2a9a8,boston,19,84,0.11156044155359268,0.06311607360839844,41002.0,0.10119808465242386,423,1
StandardGSGP,2fbe29e3-ad2b-11ef-886b-e4a8dfc2a9a8,boston,19,85,0.11156044155359268,0.05899477005004883,41834.0,0.10119808465242386,423,1
StandardGSGP,2fbe29e3-ad2b-11ef-886b-e4a8dfc2a9a8,boston,19,86,0.11156044155359268,0.14917206764221191,42624.0,0.10119808465242386,423,1
StandardGSGP,2fbe29e3-ad2b-11ef-886b-e4a8dfc2a9a8,boston,19,87,0.11156044155359268,0.06388092041015625,43112.0,0.10119808465242386,423,1
StandardGSGP,2fbe29e3-ad2b-11ef-886b-e4a8dfc2a9a8,boston,19,88,0.11156044155359268,0.058507680892944336,44208.0,0.10119808465242386,423,1
StandardGSGP,2fbe29e3-ad2b-11ef-886b-e4a8dfc2a9a8,boston,19,89,0.11156044155359268,0.05651044845581055,44570.0,0.10119808465242386,423,1
StandardGSGP,2fbe29e3-ad2b-11ef-886b-e4a8dfc2a9a8,boston,19,90,0.11156044155359268,0.06262063980102539,45668.0,0.10119808465242386,423,1
StandardGSGP,2fbe29e3-ad2b-11ef-886b-e4a8dfc2a9a8,boston,19,91,0.11156044155359268,0.060121774673461914,46134.0,0.10119808465242386,423,1
StandardGSGP,2fbe29e3-ad2b-11ef-886b-e4a8dfc2a9a8,boston,19,92,0.11156044155359268,0.0648660659790039,46976.0,0.10119808465242386,423,1
StandardGSGP,2fbe29e3-ad2b-11ef-886b-e4a8dfc2a9a8,boston,19,93,0.11156044155359268,0.061995744705200195,47564.0,0.10119808465242386,423,1
StandardGSGP,2fbe29e3-ad2b-11ef-886b-e4a8dfc2a9a8,boston,19,94,0.11156044155359268,0.057570457458496094,48012.0,0.10119808465242386,423,1
StandardGSGP,2fbe29e3-ad2b-11ef-886b-e4a8dfc2a9a8,boston,19,95,0.11120530962944031,0.059680938720703125,48970.0,0.10215655714273453,429,1
StandardGSGP,2fbe29e3-ad2b-11ef-886b-e4a8dfc2a9a8,boston,19,96,0.11120530962944031,0.05553078651428223,49316.0,0.10215655714273453,429,1
StandardGSGP,2fbe29e3-ad2b-11ef-886b-e4a8dfc2a9a8,boston,19,97,0.10993354022502899,0.05416250228881836,49206.0,0.10240314900875092,437,1
StandardGSGP,2fbe29e3-ad2b-11ef-886b-e4a8dfc2a9a8,boston,19,98,0.10990215837955475,0.0628807544708252,49104.0,0.10239840298891068,451,1
StandardGSGP,2fbe29e3-ad2b-11ef-886b-e4a8dfc2a9a8,boston,19,99,0.10983280837535858,0.05976581573486328,48714.0,0.10209096223115921,457,1
StandardGSGP,2fbe29e3-ad2b-11ef-886b-e4a8dfc2a9a8,boston,19,100,0.10982440412044525,0.05999922752380371,49158.0,0.1022104024887085,467,1
StandardGSGP,9c86aebf-ad2b-11ef-93cb-e4a8dfc2a9a8,boston,19,0,11.137763977050781,0.03117060661315918,594.0,11.643302917480469,3,1
StandardGSGP,9c86aebf-ad2b-11ef-93cb-e4a8dfc2a9a8,boston,19,1,10.810017585754395,0.06432986259460449,1206.0,11.396651268005371,9,1
StandardGSGP,9c86aebf-ad2b-11ef-93cb-e4a8dfc2a9a8,boston,19,2,10.653951644897461,0.057115793228149414,1848.0,11.239673614501953,19,1
StandardGSGP,9c86aebf-ad2b-11ef-93cb-e4a8dfc2a9a8,boston,19,3,10.614164352416992,0.051999568939208984,2598.0,11.212030410766602,25,1
StandardGSGP,9c86aebf-ad2b-11ef-93cb-e4a8dfc2a9a8,boston,19,4,10.484185218811035,0.05655837059020996,3478.0,11.110151290893555,37,1
StandardGSGP,9c86aebf-ad2b-11ef-93cb-e4a8dfc2a9a8,boston,19,5,10.402203559875488,0.05299949645996094,4048.0,11.055438995361328,43,1
StandardGSGP,9c86aebf-ad2b-11ef-93cb-e4a8dfc2a9a8,boston,19,6,10.332603454589844,0.053531646728515625,4710.0,10.99488639831543,49,1
StandardGSGP,9c86aebf-ad2b-11ef-93cb-e4a8dfc2a9a8,boston,19,7,10.17164134979248,0.05440664291381836,5430.0,10.91173267364502,61,1
StandardGSGP,9c86aebf-ad2b-11ef-93cb-e4a8dfc2a9a8,boston,19,8,10.155243873596191,0.05823945999145508,6262.0,10.938078880310059,69,1
StandardGSGP,9c86aebf-ad2b-11ef-93cb-e4a8dfc2a9a8,boston,19,9,10.067859649658203,0.05764627456665039,7154.0,10.703723907470703,71,1
StandardGSGP,9c86aebf-ad2b-11ef-93cb-e4a8dfc2a9a8,boston,19,10,9.964006423950195,0.0579986572265625,8056.0,10.682945251464844,77,1
StandardGSGP,9c86aebf-ad2b-11ef-93cb-e4a8dfc2a9a8,boston,19,11,9.932961463928223,0.05450940132141113,8626.0,10.66900634765625,85,1
StandardGSGP,9c86aebf-ad2b-11ef-93cb-e4a8dfc2a9a8,boston,19,12,9.654894828796387,0.05399966239929199,9462.0,10.31156063079834,91,1
StandardGSGP,9c86aebf-ad2b-11ef-93cb-e4a8dfc2a9a8,boston,19,13,9.610358238220215,0.05451059341430664,10256.0,10.30471420288086,97,1
StandardGSGP,9c86aebf-ad2b-11ef-93cb-e4a8dfc2a9a8,boston,19,14,9.570956230163574,0.06654882431030273,11018.0,10.173674583435059,103,1
StandardGSGP,9c86aebf-ad2b-11ef-93cb-e4a8dfc2a9a8,boston,19,15,9.519323348999023,0.05599188804626465,11570.0,10.164849281311035,111,1
StandardGSGP,9c86aebf-ad2b-11ef-93cb-e4a8dfc2a9a8,boston,19,16,9.446405410766602,0.05250740051269531,11998.0,10.107162475585938,117,1
StandardGSGP,9c86aebf-ad2b-11ef-93cb-e4a8dfc2a9a8,boston,19,17,9.404727935791016,0.0540003776550293,12592.0,10.042573928833008,125,1
StandardGSGP,9c86aebf-ad2b-11ef-93cb-e4a8dfc2a9a8,boston,19,18,9.338425636291504,0.06078386306762695,13386.0,10.015070915222168,129,1
StandardGSGP,9c86aebf-ad2b-11ef-93cb-e4a8dfc2a9a8,boston,19,19,9.296586990356445,0.05800437927246094,14172.0,9.850271224975586,145,1
StandardGSGP,9c86aebf-ad2b-11ef-93cb-e4a8dfc2a9a8,boston,19,20,9.270360946655273,0.05625200271606445,14780.0,9.852806091308594,153,1
StandardGSGP,9c86aebf-ad2b-11ef-93cb-e4a8dfc2a9a8,boston,19,21,9.212413787841797,0.05451154708862305,15544.0,9.832381248474121,155,1
StandardGSGP,9c86aebf-ad2b-11ef-93cb-e4a8dfc2a9a8,boston,19,22,9.174111366271973,0.05549454689025879,16358.0,9.803140640258789,163,1
StandardGSGP,9c86aebf-ad2b-11ef-93cb-e4a8dfc2a9a8,boston,19,23,9.14426326751709,0.0560300350189209,17136.0,9.75291633605957,167,1
StandardGSGP,9c86aebf-ad2b-11ef-93cb-e4a8dfc2a9a8,boston,19,24,9.115208625793457,0.055643320083618164,17788.0,9.747722625732422,181,1
StandardGSGP,9c86aebf-ad2b-11ef-93cb-e4a8dfc2a9a8,boston,19,25,9.070660591125488,0.05377197265625,18440.0,9.657341003417969,177,1
StandardGSGP,9c86aebf-ad2b-11ef-93cb-e4a8dfc2a9a8,boston,19,26,9.04309368133545,0.05588817596435547,19202.0,9.625921249389648,191,1
StandardGSGP,9c86aebf-ad2b-11ef-93cb-e4a8dfc2a9a8,boston,19,27,8.969398498535156,0.05320382118225098,19638.0,9.512818336486816,187,1
StandardGSGP,9c86aebf-ad2b-11ef-93cb-e4a8dfc2a9a8,boston,19,28,8.966300010681152,0.06451296806335449,20514.0,9.49707317352295,201,1
StandardGSGP,9c86aebf-ad2b-11ef-93cb-e4a8dfc2a9a8,boston,19,29,8.908982276916504,0.05799984931945801,21252.0,9.431282997131348,211,1
StandardGSGP,9c86aebf-ad2b-11ef-93cb-e4a8dfc2a9a8,boston,19,30,8.867149353027344,0.056508541107177734,22178.0,9.447982788085938,215,1
StandardGSGP,9c86aebf-ad2b-11ef-93cb-e4a8dfc2a9a8,boston,19,31,8.840715408325195,0.054999351501464844,22754.0,9.394468307495117,227,1
StandardGSGP,9c86aebf-ad2b-11ef-93cb-e4a8dfc2a9a8,boston,19,32,8.78542709350586,0.05740070343017578,23482.0,9.317911148071289,233,1
StandardGSGP,9c86aebf-ad2b-11ef-93cb-e4a8dfc2a9a8,boston,19,33,8.717267990112305,0.05463290214538574,24022.0,9.23182487487793,241,1
StandardGSGP,9c86aebf-ad2b-11ef-93cb-e4a8dfc2a9a8,boston,19,34,8.705137252807617,0.055838823318481445,24600.0,9.215405464172363,257,1
StandardGSGP,9c86aebf-ad2b-11ef-93cb-e4a8dfc2a9a8,boston,19,35,8.687673568725586,0.05667924880981445,25372.0,9.200615882873535,263,1
StandardGSGP,9c86aebf-ad2b-11ef-93cb-e4a8dfc2a9a8,boston,19,36,8.65611457824707,0.05758523941040039,26450.0,9.17393970489502,275,1
StandardGSGP,9c86aebf-ad2b-11ef-93cb-e4a8dfc2a9a8,boston,19,37,8.598889350891113,0.055515289306640625,27386.0,9.08603286743164,281,1
StandardGSGP,9c86aebf-ad2b-11ef-93cb-e4a8dfc2a9a8,boston,19,38,8.56655216217041,0.05439496040344238,28128.0,9.038973808288574,293,1
StandardGSGP,9c86aebf-ad2b-11ef-93cb-e4a8dfc2a9a8,boston,19,39,8.514314651489258,0.13069987297058105,29034.0,8.971561431884766,281,1
StandardGSGP,9c86aebf-ad2b-11ef-93cb-e4a8dfc2a9a8,boston,19,40,8.514314651489258,0.05599808692932129,30018.0,8.971561431884766,281,1
StandardGSGP,9c86aebf-ad2b-11ef-93cb-e4a8dfc2a9a8,boston,19,41,8.47202205657959,0.05752158164978027,30584.0,8.902131080627441,289,1
StandardGSGP,9c86aebf-ad2b-11ef-93cb-e4a8dfc2a9a8,boston,19,42,8.466418266296387,0.05600285530090332,30616.0,8.895795822143555,297,1
StandardGSGP,9c86aebf-ad2b-11ef-93cb-e4a8dfc2a9a8,boston,19,43,8.37429141998291,0.05442976951599121,30892.0,8.768068313598633,299,1
StandardGSGP,9c86aebf-ad2b-11ef-93cb-e4a8dfc2a9a8,boston,19,44,8.374195098876953,0.05502963066101074,31456.0,8.767685890197754,305,1
StandardGSGP,9c86aebf-ad2b-11ef-93cb-e4a8dfc2a9a8,boston,19,45,8.257460594177246,0.05393242835998535,31880.0,8.669832229614258,313,1
StandardGSGP,9c86aebf-ad2b-11ef-93cb-e4a8dfc2a9a8,boston,19,46,8.257460594177246,0.05581212043762207,32356.0,8.669832229614258,313,1
StandardGSGP,9c86aebf-ad2b-11ef-93cb-e4a8dfc2a9a8,boston,19,47,8.24693775177002,0.056005001068115234,32964.0,8.661036491394043,327,1
StandardGSGP,9c86aebf-ad2b-11ef-93cb-e4a8dfc2a9a8,boston,19,48,8.167476654052734,0.055512189865112305,33588.0,8.54570484161377,337,1
StandardGSGP,9c86aebf-ad2b-11ef-93cb-e4a8dfc2a9a8,boston,19,49,8.164214134216309,0.055274248123168945,34246.0,8.54378890991211,347,1
StandardGSGP,9c86aebf-ad2b-11ef-93cb-e4a8dfc2a9a8,boston,19,50,8.14879035949707,0.058506011962890625,35068.0,8.537476539611816,345,1
StandardGSGP,9c86aebf-ad2b-11ef-93cb-e4a8dfc2a9a8,boston,19,51,8.138345718383789,0.0555117130279541,35878.0,8.53886604309082,359,1
StandardGSGP,9c86aebf-ad2b-11ef-93cb-e4a8dfc2a9a8,boston,19,52,8.10781478881836,0.05300116539001465,36394.0,8.483028411865234,359,1
StandardGSGP,9c86aebf-ad2b-11ef-93cb-e4a8dfc2a9a8,boston,19,53,8.068517684936523,0.05580306053161621,37154.0,8.501852035522461,365,1
StandardGSGP,9c86aebf-ad2b-11ef-93cb-e4a8dfc2a9a8,boston,19,54,8.06748104095459,0.0551762580871582,37834.0,8.499015808105469,373,1
StandardGSGP,9c86aebf-ad2b-11ef-93cb-e4a8dfc2a9a8,boston,19,55,8.024168968200684,0.05496525764465332,38412.0,8.44285774230957,385,1
StandardGSGP,9c86aebf-ad2b-11ef-93cb-e4a8dfc2a9a8,boston,19,56,8.016303062438965,0.0584716796875,38928.0,8.442368507385254,391,1
StandardGSGP,9c86aebf-ad2b-11ef-93cb-e4a8dfc2a9a8,boston,19,57,7.974910736083984,0.05391192436218262,39688.0,8.35506534576416,399,1
StandardGSGP,9c86aebf-ad2b-11ef-93cb-e4a8dfc2a9a8,boston,19,58,7.964517116546631,0.05455350875854492,40586.0,8.358868598937988,407,1
StandardGSGP,9c86aebf-ad2b-11ef-93cb-e4a8dfc2a9a8,boston,19,59,7.917115211486816,0.05582618713378906,41364.0,8.336180686950684,407,1
StandardGSGP,9c86aebf-ad2b-11ef-93cb-e4a8dfc2a9a8,boston,19,60,7.824859619140625,0.06083178520202637,42092.0,8.23236083984375,413,1
StandardGSGP,9c86aebf-ad2b-11ef-93cb-e4a8dfc2a9a8,boston,19,61,7.823390483856201,0.054497480392456055,42678.0,8.220182418823242,419,1
StandardGSGP,9c86aebf-ad2b-11ef-93cb-e4a8dfc2a9a8,boston,19,62,7.762448787689209,0.05535101890563965,43262.0,8.112356185913086,429,1
StandardGSGP,9c86aebf-ad2b-11ef-93cb-e4a8dfc2a9a8,boston,19,63,7.736213684082031,0.05500626564025879,43752.0,8.106346130371094,435,1
StandardGSGP,9c86aebf-ad2b-11ef-93cb-e4a8dfc2a9a8,boston,19,64,7.73366641998291,0.05950784683227539,44220.0,8.124384880065918,445,1
StandardGSGP,9c86aebf-ad2b-11ef-93cb-e4a8dfc2a9a8,boston,19,65,7.663463115692139,0.056024789810180664,45058.0,8.074400901794434,443,1
StandardGSGP,9c86aebf-ad2b-11ef-93cb-e4a8dfc2a9a8,boston,19,66,7.663463115692139,0.055196523666381836,45772.0,8.074400901794434,443,1
StandardGSGP,9c86aebf-ad2b-11ef-93cb-e4a8dfc2a9a8,boston,19,67,7.6381144523620605,0.054139137268066406,46568.0,8.073060989379883,455,1
StandardGSGP,9c86aebf-ad2b-11ef-93cb-e4a8dfc2a9a8,boston,19,68,7.586850166320801,0.05374789237976074,47156.0,7.98828649520874,451,1
StandardGSGP,9c86aebf-ad2b-11ef-93cb-e4a8dfc2a9a8,boston,19,69,7.586850166320801,0.05532026290893555,47386.0,7.98828649520874,451,1
StandardGSGP,9c86aebf-ad2b-11ef-93cb-e4a8dfc2a9a8,boston,19,70,7.560230255126953,0.05653071403503418,47720.0,7.970979690551758,473,1
StandardGSGP,9c86aebf-ad2b-11ef-93cb-e4a8dfc2a9a8,boston,19,71,7.554564476013184,0.06086397171020508,48184.0,7.956091403961182,469,1
StandardGSGP,9c86aebf-ad2b-11ef-93cb-e4a8dfc2a9a8,boston,19,72,7.522680282592773,0.05502605438232422,48342.0,7.935792446136475,483,1
StandardGSGP,9c86aebf-ad2b-11ef-93cb-e4a8dfc2a9a8,boston,19,73,7.424587726593018,0.053987741470336914,48824.0,7.8283562660217285,489,1
StandardGSGP,9c86aebf-ad2b-11ef-93cb-e4a8dfc2a9a8,boston,19,74,7.424587726593018,0.0558314323425293,49454.0,7.8283562660217285,489,1
StandardGSGP,9c86aebf-ad2b-11ef-93cb-e4a8dfc2a9a8,boston,19,75,7.400120735168457,0.05699944496154785,50212.0,7.8271098136901855,495,1
StandardGSGP,9c86aebf-ad2b-11ef-93cb-e4a8dfc2a9a8,boston,19,76,7.393213272094727,0.05650663375854492,50816.0,7.794768810272217,503,1
StandardGSGP,9c86aebf-ad2b-11ef-93cb-e4a8dfc2a9a8,boston,19,77,7.376859188079834,0.05563998222351074,51322.0,7.786346912384033,511,1
StandardGSGP,9c86aebf-ad2b-11ef-93cb-e4a8dfc2a9a8,boston,19,78,7.363794803619385,0.05100560188293457,51766.0,7.784134387969971,517,1
StandardGSGP,9c86aebf-ad2b-11ef-93cb-e4a8dfc2a9a8,boston,19,79,7.333123683929443,0.058824777603149414,52266.0,7.7308454513549805,535,1
StandardGSGP,9c86aebf-ad2b-11ef-93cb-e4a8dfc2a9a8,boston,19,80,7.307545185089111,0.057996511459350586,53128.0,7.7207560539245605,543,1
StandardGSGP,9c86aebf-ad2b-11ef-93cb-e4a8dfc2a9a8,boston,19,81,7.275107383728027,0.05643296241760254,54302.0,7.665745258331299,555,1
StandardGSGP,9c86aebf-ad2b-11ef-93cb-e4a8dfc2a9a8,boston,19,82,7.257847785949707,0.05568861961364746,55460.0,7.654792308807373,565,1
StandardGSGP,9c86aebf-ad2b-11ef-93cb-e4a8dfc2a9a8,boston,19,83,7.225610256195068,0.05650687217712402,56526.0,7.670458793640137,555,1
StandardGSGP,9c86aebf-ad2b-11ef-93cb-e4a8dfc2a9a8,boston,19,84,7.207150936126709,0.05951118469238281,57362.0,7.650312900543213,561,1
StandardGSGP,9c86aebf-ad2b-11ef-93cb-e4a8dfc2a9a8,boston,19,85,7.174067497253418,0.055997610092163086,58084.0,7.618375301361084,567,1
StandardGSGP,9c86aebf-ad2b-11ef-93cb-e4a8dfc2a9a8,boston,19,86,7.169772148132324,0.05748248100280762,58378.0,7.616750717163086,577,1
StandardGSGP,9c86aebf-ad2b-11ef-93cb-e4a8dfc2a9a8,boston,19,87,7.165024280548096,0.05703425407409668,58830.0,7.598196983337402,581,1
StandardGSGP,9c86aebf-ad2b-11ef-93cb-e4a8dfc2a9a8,boston,19,88,7.144083499908447,0.054505348205566406,59292.0,7.604238510131836,581,1
StandardGSGP,9c86aebf-ad2b-11ef-93cb-e4a8dfc2a9a8,boston,19,89,7.137788772583008,0.05500173568725586,59742.0,7.595916271209717,587,1
StandardGSGP,9c86aebf-ad2b-11ef-93cb-e4a8dfc2a9a8,boston,19,90,7.092583179473877,0.0566258430480957,60742.0,7.548946857452393,649,1
StandardGSGP,9c86aebf-ad2b-11ef-93cb-e4a8dfc2a9a8,boston,19,91,7.043625354766846,0.06052541732788086,61212.0,7.512131690979004,655,1
StandardGSGP,9c86aebf-ad2b-11ef-93cb-e4a8dfc2a9a8,boston,19,92,7.043625354766846,0.05715322494506836,61976.0,7.512131690979004,655,1
StandardGSGP,9c86aebf-ad2b-11ef-93cb-e4a8dfc2a9a8,boston,19,93,7.021664142608643,0.05351376533508301,63228.0,7.493857383728027,665,1
StandardGSGP,9c86aebf-ad2b-11ef-93cb-e4a8dfc2a9a8,boston,19,94,7.008902549743652,0.054009437561035156,65870.0,7.486818313598633,675,1
StandardGSGP,9c86aebf-ad2b-11ef-93cb-e4a8dfc2a9a8,boston,19,95,6.978236198425293,0.0555112361907959,67872.0,7.4099812507629395,681,1
StandardGSGP,9c86aebf-ad2b-11ef-93cb-e4a8dfc2a9a8,boston,19,96,6.944817543029785,0.055568695068359375,68782.0,7.3913140296936035,695,1
StandardGSGP,9c86aebf-ad2b-11ef-93cb-e4a8dfc2a9a8,boston,19,97,6.942499160766602,0.0554347038269043,69504.0,7.402707576751709,705,1
StandardGSGP,9c86aebf-ad2b-11ef-93cb-e4a8dfc2a9a8,boston,19,98,6.912197589874268,0.05450940132141113,70318.0,7.356149196624756,711,1
StandardGSGP,9c86aebf-ad2b-11ef-93cb-e4a8dfc2a9a8,boston,19,99,6.886761665344238,0.0560002326965332,71292.0,7.341996192932129,715,1
StandardGSGP,9c86aebf-ad2b-11ef-93cb-e4a8dfc2a9a8,boston,19,100,6.876417636871338,0.06251072883605957,72310.0,7.381499767303467,719,1
