StandardGSGP,3224e003-ad48-11ef-8f17-e4a8dfc2a9a8,bioav,3,0,0.40456852316856384,0.061873674392700195,828.0,0.42950519919395447,3,1
StandardGSGP,3224e003-ad48-11ef-8f17-e4a8dfc2a9a8,bioav,3,1,0.32593590021133423,0.07049179077148438,1142.0,0.33232957124710083,9,1
StandardGSGP,3224e003-ad48-11ef-8f17-e4a8dfc2a9a8,bioav,3,2,0.32593590021133423,0.0705568790435791,1670.0,0.33232957124710083,9,1
StandardGSGP,3224e003-ad48-11ef-8f17-e4a8dfc2a9a8,bioav,3,3,0.3106727600097656,0.06344413757324219,2198.0,0.32143300771713257,21,1
StandardGSGP,3224e003-ad48-11ef-8f17-e4a8dfc2a9a8,bioav,3,4,0.28978490829467773,0.07074737548828125,2770.0,0.31538692116737366,27,1
StandardGSGP,3224e003-ad48-11ef-8f17-e4a8dfc2a9a8,bioav,3,5,0.28978490829467773,0.06639814376831055,3332.0,0.31538692116737366,27,1
StandardGSGP,3224e003-ad48-11ef-8f17-e4a8dfc2a9a8,bioav,3,6,0.28914931416511536,0.06977462768554688,3938.0,0.3160187304019928,41,1
StandardGSGP,3224e003-ad48-11ef-8f17-e4a8dfc2a9a8,bioav,3,7,0.28639259934425354,0.0645754337310791,4594.0,0.3122989237308502,45,1
StandardGSGP,3224e003-ad48-11ef-8f17-e4a8dfc2a9a8,bioav,3,8,0.28639259934425354,0.06701350212097168,5202.0,0.3122989237308502,45,1
StandardGSGP,3224e003-ad48-11ef-8f17-e4a8dfc2a9a8,bioav,3,9,0.28639259934425354,0.07327127456665039,5734.0,0.3122989237308502,45,1
StandardGSGP,3224e003-ad48-11ef-8f17-e4a8dfc2a9a8,bioav,3,10,0.2862737774848938,0.06399893760681152,6320.0,0.3136743903160095,65,1
StandardGSGP,3224e003-ad48-11ef-8f17-e4a8dfc2a9a8,bioav,3,11,0.2860151529312134,0.07629776000976562,6914.0,0.31260421872138977,51,1
StandardGSGP,3224e003-ad48-11ef-8f17-e4a8dfc2a9a8,bioav,3,12,0.2860151529312134,0.07853007316589355,7502.0,0.31260421872138977,51,1
StandardGSGP,3224e003-ad48-11ef-8f17-e4a8dfc2a9a8,bioav,3,13,0.2860151529312134,0.07199859619140625,8044.0,0.31260421872138977,51,1
StandardGSGP,3224e003-ad48-11ef-8f17-e4a8dfc2a9a8,bioav,3,14,0.28462108969688416,0.07557249069213867,8518.0,0.31064140796661377,57,1
StandardGSGP,3224e003-ad48-11ef-8f17-e4a8dfc2a9a8,bioav,3,15,0.2844458520412445,0.07434344291687012,8960.0,0.3106282949447632,73,1
StandardGSGP,3224e003-ad48-11ef-8f17-e4a8dfc2a9a8,bioav,3,16,0.2844458520412445,0.06571483612060547,9326.0,0.3106282949447632,73,1
StandardGSGP,3224e003-ad48-11ef-8f17-e4a8dfc2a9a8,bioav,3,17,0.2840821444988251,0.0677945613861084,10006.0,0.31127506494522095,79,1
StandardGSGP,3224e003-ad48-11ef-8f17-e4a8dfc2a9a8,bioav,3,18,0.28379711508750916,0.06551003456115723,10376.0,0.3083237409591675,81,1
StandardGSGP,3224e003-ad48-11ef-8f17-e4a8dfc2a9a8,bioav,3,19,0.2832200825214386,0.06477570533752441,10658.0,0.30910933017730713,87,1
StandardGSGP,3224e003-ad48-11ef-8f17-e4a8dfc2a9a8,bioav,3,20,0.2815287113189697,0.06569814682006836,11142.0,0.3061799108982086,87,1
StandardGSGP,3224e003-ad48-11ef-8f17-e4a8dfc2a9a8,bioav,3,21,0.2815287113189697,0.08275508880615234,11620.0,0.3061799108982086,87,1
StandardGSGP,3224e003-ad48-11ef-8f17-e4a8dfc2a9a8,bioav,3,22,0.2815287113189697,0.06619596481323242,11956.0,0.3061799108982086,87,1
StandardGSGP,3224e003-ad48-11ef-8f17-e4a8dfc2a9a8,bioav,3,23,0.28106898069381714,0.06877303123474121,12032.0,0.3109208345413208,107,1
StandardGSGP,3224e003-ad48-11ef-8f17-e4a8dfc2a9a8,bioav,3,24,0.2804364264011383,0.06500053405761719,12362.0,0.3086998462677002,115,1
StandardGSGP,3224e003-ad48-11ef-8f17-e4a8dfc2a9a8,bioav,3,25,0.2804364264011383,0.14142489433288574,12450.0,0.3086998462677002,115,1
StandardGSGP,3224e003-ad48-11ef-8f17-e4a8dfc2a9a8,bioav,3,26,0.27852869033813477,0.06400108337402344,12870.0,0.3126000463962555,127,1
StandardGSGP,3224e003-ad48-11ef-8f17-e4a8dfc2a9a8,bioav,3,27,0.27852869033813477,0.0655055046081543,13212.0,0.3126000463962555,127,1
StandardGSGP,3224e003-ad48-11ef-8f17-e4a8dfc2a9a8,bioav,3,28,0.27852869033813477,0.06450867652893066,13720.0,0.3126000463962555,127,1
StandardGSGP,3224e003-ad48-11ef-8f17-e4a8dfc2a9a8,bioav,3,29,0.27768203616142273,0.0745704174041748,14294.0,0.3083980679512024,139,1
StandardGSGP,3224e003-ad48-11ef-8f17-e4a8dfc2a9a8,bioav,3,30,0.2763608396053314,0.07393765449523926,14748.0,0.3113556206226349,133,1
StandardGSGP,3224e003-ad48-11ef-8f17-e4a8dfc2a9a8,bioav,3,31,0.2760527431964874,0.07051420211791992,15362.0,0.3108058273792267,139,1
StandardGSGP,3224e003-ad48-11ef-8f17-e4a8dfc2a9a8,bioav,3,32,0.2760527431964874,0.07956743240356445,15890.0,0.3108058273792267,139,1
StandardGSGP,3224e003-ad48-11ef-8f17-e4a8dfc2a9a8,bioav,3,33,0.2760527431964874,0.07311820983886719,16272.0,0.3108058273792267,139,1
StandardGSGP,3224e003-ad48-11ef-8f17-e4a8dfc2a9a8,bioav,3,34,0.2760527431964874,0.06600618362426758,16670.0,0.3108058273792267,139,1
StandardGSGP,3224e003-ad48-11ef-8f17-e4a8dfc2a9a8,bioav,3,35,0.275390088558197,0.07651376724243164,17124.0,0.31355372071266174,145,1
StandardGSGP,3224e003-ad48-11ef-8f17-e4a8dfc2a9a8,bioav,3,36,0.2751152515411377,0.0705115795135498,17610.0,0.31714895367622375,153,1
StandardGSGP,3224e003-ad48-11ef-8f17-e4a8dfc2a9a8,bioav,3,37,0.2737019658088684,0.08646726608276367,17992.0,0.31298378109931946,153,1
StandardGSGP,3224e003-ad48-11ef-8f17-e4a8dfc2a9a8,bioav,3,38,0.2737019658088684,0.07683897018432617,18292.0,0.31298378109931946,153,1
StandardGSGP,3224e003-ad48-11ef-8f17-e4a8dfc2a9a8,bioav,3,39,0.27300164103507996,0.07302451133728027,18422.0,0.31418314576148987,165,1
StandardGSGP,3224e003-ad48-11ef-8f17-e4a8dfc2a9a8,bioav,3,40,0.2729904055595398,0.06714248657226562,18542.0,0.3142523765563965,171,1
StandardGSGP,3224e003-ad48-11ef-8f17-e4a8dfc2a9a8,bioav,3,41,0.2729904055595398,0.06951212882995605,18622.0,0.3142523765563965,171,1
StandardGSGP,3224e003-ad48-11ef-8f17-e4a8dfc2a9a8,bioav,3,42,0.2729904055595398,0.06762838363647461,19128.0,0.3142523765563965,171,1
StandardGSGP,3224e003-ad48-11ef-8f17-e4a8dfc2a9a8,bioav,3,43,0.2717176079750061,0.07251381874084473,19566.0,0.3205394744873047,183,1
StandardGSGP,3224e003-ad48-11ef-8f17-e4a8dfc2a9a8,bioav,3,44,0.2717176079750061,0.06246590614318848,19938.0,0.3205394744873047,183,1
StandardGSGP,3224e003-ad48-11ef-8f17-e4a8dfc2a9a8,bioav,3,45,0.2716919481754303,0.06450343132019043,20412.0,0.31916314363479614,191,1
StandardGSGP,3224e003-ad48-11ef-8f17-e4a8dfc2a9a8,bioav,3,46,0.2716919481754303,0.06950926780700684,20892.0,0.31916314363479614,191,1
StandardGSGP,3224e003-ad48-11ef-8f17-e4a8dfc2a9a8,bioav,3,47,0.2716919481754303,0.06615591049194336,21280.0,0.31916314363479614,191,1
StandardGSGP,3224e003-ad48-11ef-8f17-e4a8dfc2a9a8,bioav,3,48,0.2716919481754303,0.06200051307678223,21696.0,0.31916314363479614,191,1
StandardGSGP,3224e003-ad48-11ef-8f17-e4a8dfc2a9a8,bioav,3,49,0.2716919481754303,0.06121420860290527,22152.0,0.31916314363479614,191,1
StandardGSGP,3224e003-ad48-11ef-8f17-e4a8dfc2a9a8,bioav,3,50,0.2716919481754303,0.06574487686157227,22700.0,0.31916314363479614,191,1
StandardGSGP,3224e003-ad48-11ef-8f17-e4a8dfc2a9a8,bioav,3,51,0.2712080180644989,0.06254720687866211,23148.0,0.32746559381484985,227,1
StandardGSGP,3224e003-ad48-11ef-8f17-e4a8dfc2a9a8,bioav,3,52,0.2712080180644989,0.062036991119384766,23858.0,0.32746559381484985,227,1
StandardGSGP,3224e003-ad48-11ef-8f17-e4a8dfc2a9a8,bioav,3,53,0.2712080180644989,0.06256818771362305,24450.0,0.32746559381484985,227,1
StandardGSGP,3224e003-ad48-11ef-8f17-e4a8dfc2a9a8,bioav,3,54,0.2712080180644989,0.07454943656921387,24742.0,0.32746559381484985,227,1
StandardGSGP,3224e003-ad48-11ef-8f17-e4a8dfc2a9a8,bioav,3,55,0.2712080180644989,0.06352877616882324,25368.0,0.32746559381484985,227,1
StandardGSGP,3224e003-ad48-11ef-8f17-e4a8dfc2a9a8,bioav,3,56,0.2707391679286957,0.06660175323486328,25678.0,0.32716357707977295,233,1
StandardGSGP,3224e003-ad48-11ef-8f17-e4a8dfc2a9a8,bioav,3,57,0.27001574635505676,0.06754302978515625,26096.0,0.32752567529678345,239,1
StandardGSGP,3224e003-ad48-11ef-8f17-e4a8dfc2a9a8,bioav,3,58,0.27001574635505676,0.06151175498962402,26542.0,0.32752567529678345,239,1
StandardGSGP,3224e003-ad48-11ef-8f17-e4a8dfc2a9a8,bioav,3,59,0.27001574635505676,0.0621335506439209,26800.0,0.32752567529678345,239,1
StandardGSGP,3224e003-ad48-11ef-8f17-e4a8dfc2a9a8,bioav,3,60,0.27001574635505676,0.06507730484008789,27046.0,0.32752567529678345,239,1
StandardGSGP,3224e003-ad48-11ef-8f17-e4a8dfc2a9a8,bioav,3,61,0.27001574635505676,0.06302332878112793,27556.0,0.32752567529678345,239,1
StandardGSGP,3224e003-ad48-11ef-8f17-e4a8dfc2a9a8,bioav,3,62,0.26994064450263977,0.07251214981079102,27818.0,0.32738450169563293,245,1
StandardGSGP,3224e003-ad48-11ef-8f17-e4a8dfc2a9a8,bioav,3,63,0.26994064450263977,0.06599640846252441,28386.0,0.32738450169563293,245,1
StandardGSGP,3224e003-ad48-11ef-8f17-e4a8dfc2a9a8,bioav,3,64,0.26994064450263977,0.06051492691040039,29156.0,0.32738450169563293,245,1
StandardGSGP,3224e003-ad48-11ef-8f17-e4a8dfc2a9a8,bioav,3,65,0.26994064450263977,0.0652461051940918,29924.0,0.32738450169563293,245,1
StandardGSGP,3224e003-ad48-11ef-8f17-e4a8dfc2a9a8,bioav,3,66,0.26994064450263977,0.06299829483032227,30334.0,0.32738450169563293,245,1
StandardGSGP,3224e003-ad48-11ef-8f17-e4a8dfc2a9a8,bioav,3,67,0.26994064450263977,0.07488012313842773,30854.0,0.32738450169563293,245,1
StandardGSGP,3224e003-ad48-11ef-8f17-e4a8dfc2a9a8,bioav,3,68,0.26868143677711487,0.06475353240966797,31050.0,0.3247978985309601,251,1
StandardGSGP,3224e003-ad48-11ef-8f17-e4a8dfc2a9a8,bioav,3,69,0.26868143677711487,0.06299614906311035,31126.0,0.3247978985309601,251,1
StandardGSGP,3224e003-ad48-11ef-8f17-e4a8dfc2a9a8,bioav,3,70,0.26868143677711487,0.06253194808959961,30618.0,0.3247978985309601,251,1
StandardGSGP,3224e003-ad48-11ef-8f17-e4a8dfc2a9a8,bioav,3,71,0.26868143677711487,0.06751370429992676,30544.0,0.3247978985309601,251,1
StandardGSGP,3224e003-ad48-11ef-8f17-e4a8dfc2a9a8,bioav,3,72,0.26863521337509155,0.0639493465423584,30526.0,0.32476475834846497,257,1
StandardGSGP,3224e003-ad48-11ef-8f17-e4a8dfc2a9a8,bioav,3,73,0.26825159788131714,0.07074189186096191,30488.0,0.32999327778816223,257,1
StandardGSGP,3224e003-ad48-11ef-8f17-e4a8dfc2a9a8,bioav,3,74,0.26825159788131714,0.0659034252166748,30396.0,0.32999327778816223,257,1
StandardGSGP,3224e003-ad48-11ef-8f17-e4a8dfc2a9a8,bioav,3,75,0.26825159788131714,0.07105612754821777,30604.0,0.32999327778816223,257,1
StandardGSGP,3224e003-ad48-11ef-8f17-e4a8dfc2a9a8,bioav,3,76,0.2677896320819855,0.06351637840270996,30514.0,0.32805290818214417,263,1
StandardGSGP,3224e003-ad48-11ef-8f17-e4a8dfc2a9a8,bioav,3,77,0.26765677332878113,0.06392836570739746,30482.0,0.3283631503582001,269,1
StandardGSGP,3224e003-ad48-11ef-8f17-e4a8dfc2a9a8,bioav,3,78,0.26765677332878113,0.06400465965270996,30526.0,0.3283631503582001,269,1
StandardGSGP,3224e003-ad48-11ef-8f17-e4a8dfc2a9a8,bioav,3,79,0.2674961984157562,0.06585144996643066,30714.0,0.32806551456451416,275,1
StandardGSGP,3224e003-ad48-11ef-8f17-e4a8dfc2a9a8,bioav,3,80,0.2674499750137329,0.06450986862182617,31396.0,0.3302379548549652,275,1
StandardGSGP,3224e003-ad48-11ef-8f17-e4a8dfc2a9a8,bioav,3,81,0.2673700153827667,0.0650014877319336,31514.0,0.3307467997074127,281,1
StandardGSGP,3224e003-ad48-11ef-8f17-e4a8dfc2a9a8,bioav,3,82,0.26717936992645264,0.05951213836669922,31916.0,0.3264421224594116,281,1
StandardGSGP,3224e003-ad48-11ef-8f17-e4a8dfc2a9a8,bioav,3,83,0.2639520764350891,0.06680798530578613,32498.0,0.32890692353248596,293,1
StandardGSGP,3224e003-ad48-11ef-8f17-e4a8dfc2a9a8,bioav,3,84,0.2639520764350891,0.06400084495544434,32602.0,0.32890692353248596,293,1
StandardGSGP,3224e003-ad48-11ef-8f17-e4a8dfc2a9a8,bioav,3,85,0.2639520764350891,0.06262326240539551,33088.0,0.32890692353248596,293,1
StandardGSGP,3224e003-ad48-11ef-8f17-e4a8dfc2a9a8,bioav,3,86,0.2639520764350891,0.06550908088684082,33030.0,0.32890692353248596,293,1
StandardGSGP,3224e003-ad48-11ef-8f17-e4a8dfc2a9a8,bioav,3,87,0.2639520764350891,0.06999707221984863,32962.0,0.32890692353248596,293,1
StandardGSGP,3224e003-ad48-11ef-8f17-e4a8dfc2a9a8,bioav,3,88,0.26379022002220154,0.06718206405639648,33182.0,0.327157199382782,299,1
StandardGSGP,3224e003-ad48-11ef-8f17-e4a8dfc2a9a8,bioav,3,89,0.26379022002220154,0.1394329071044922,33356.0,0.327157199382782,299,1
StandardGSGP,3224e003-ad48-11ef-8f17-e4a8dfc2a9a8,bioav,3,90,0.26379022002220154,0.06250596046447754,33838.0,0.327157199382782,299,1
StandardGSGP,3224e003-ad48-11ef-8f17-e4a8dfc2a9a8,bioav,3,91,0.26379022002220154,0.06351113319396973,34140.0,0.327157199382782,299,1
StandardGSGP,3224e003-ad48-11ef-8f17-e4a8dfc2a9a8,bioav,3,92,0.26379022002220154,0.0650031566619873,34176.0,0.327157199382782,299,1
StandardGSGP,3224e003-ad48-11ef-8f17-e4a8dfc2a9a8,bioav,3,93,0.26379022002220154,0.06837272644042969,34366.0,0.327157199382782,299,1
StandardGSGP,3224e003-ad48-11ef-8f17-e4a8dfc2a9a8,bioav,3,94,0.2633702754974365,0.06482791900634766,34666.0,0.3365594446659088,323,1
StandardGSGP,3224e003-ad48-11ef-8f17-e4a8dfc2a9a8,bioav,3,95,0.2633702754974365,0.061937808990478516,34978.0,0.3365594446659088,323,1
StandardGSGP,3224e003-ad48-11ef-8f17-e4a8dfc2a9a8,bioav,3,96,0.2633702754974365,0.06351089477539062,35302.0,0.3365594446659088,323,1
StandardGSGP,3224e003-ad48-11ef-8f17-e4a8dfc2a9a8,bioav,3,97,0.2633702754974365,0.06451654434204102,35956.0,0.3365594446659088,323,1
StandardGSGP,3224e003-ad48-11ef-8f17-e4a8dfc2a9a8,bioav,3,98,0.2633702754974365,0.06600522994995117,36224.0,0.3365594446659088,323,1
StandardGSGP,3224e003-ad48-11ef-8f17-e4a8dfc2a9a8,bioav,3,99,0.262082040309906,0.0635073184967041,36360.0,0.3342680335044861,341,1
StandardGSGP,3224e003-ad48-11ef-8f17-e4a8dfc2a9a8,bioav,3,100,0.262082040309906,0.06351280212402344,36456.0,0.3342680335044861,341,1
StandardGSGP,ae2e53f1-ad48-11ef-8181-e4a8dfc2a9a8,bioav,3,0,54.3015251159668,0.08150839805603027,1340.0,55.12481689453125,7,1
StandardGSGP,ae2e53f1-ad48-11ef-8181-e4a8dfc2a9a8,bioav,3,1,54.019622802734375,0.06640100479125977,1184.0,54.874412536621094,13,1
StandardGSGP,ae2e53f1-ad48-11ef-8181-e4a8dfc2a9a8,bioav,3,2,53.921173095703125,0.07268047332763672,1712.0,54.7755126953125,19,1
StandardGSGP,ae2e53f1-ad48-11ef-8181-e4a8dfc2a9a8,bioav,3,3,53.79630661010742,0.07050967216491699,2226.0,54.63764190673828,25,1
StandardGSGP,ae2e53f1-ad48-11ef-8181-e4a8dfc2a9a8,bioav,3,4,53.645179748535156,0.06550765037536621,2814.0,54.51893615722656,25,1
StandardGSGP,ae2e53f1-ad48-11ef-8181-e4a8dfc2a9a8,bioav,3,5,53.445350646972656,0.06363129615783691,3428.0,54.32529830932617,31,1
StandardGSGP,ae2e53f1-ad48-11ef-8181-e4a8dfc2a9a8,bioav,3,6,53.31501770019531,0.0637655258178711,3964.0,54.20359802246094,43,1
StandardGSGP,ae2e53f1-ad48-11ef-8181-e4a8dfc2a9a8,bioav,3,7,53.1047248840332,0.06192445755004883,4592.0,53.99848937988281,49,1
StandardGSGP,ae2e53f1-ad48-11ef-8181-e4a8dfc2a9a8,bioav,3,8,52.874359130859375,0.06850743293762207,5234.0,53.80287551879883,49,1
StandardGSGP,ae2e53f1-ad48-11ef-8181-e4a8dfc2a9a8,bioav,3,9,52.70237731933594,0.06251072883605957,5796.0,53.633811950683594,57,1
StandardGSGP,ae2e53f1-ad48-11ef-8181-e4a8dfc2a9a8,bioav,3,10,52.51601791381836,0.06400322914123535,6336.0,53.44513702392578,61,1
StandardGSGP,ae2e53f1-ad48-11ef-8181-e4a8dfc2a9a8,bioav,3,11,52.3790283203125,0.06574058532714844,6910.0,53.31031799316406,71,1
StandardGSGP,ae2e53f1-ad48-11ef-8181-e4a8dfc2a9a8,bioav,3,12,51.78860855102539,0.06443405151367188,7350.0,52.72930908203125,77,1
StandardGSGP,ae2e53f1-ad48-11ef-8181-e4a8dfc2a9a8,bioav,3,13,51.7441520690918,0.06548500061035156,7826.0,52.684574127197266,83,1
StandardGSGP,ae2e53f1-ad48-11ef-8181-e4a8dfc2a9a8,bioav,3,14,51.447776794433594,0.06319856643676758,8410.0,52.41443634033203,89,1
StandardGSGP,ae2e53f1-ad48-11ef-8181-e4a8dfc2a9a8,bioav,3,15,51.24822998046875,0.07507538795471191,9138.0,52.23554229736328,95,1
StandardGSGP,ae2e53f1-ad48-11ef-8181-e4a8dfc2a9a8,bioav,3,16,51.04035568237305,0.065216064453125,9830.0,52.03233337402344,101,1
StandardGSGP,ae2e53f1-ad48-11ef-8181-e4a8dfc2a9a8,bioav,3,17,50.955448150634766,0.06099867820739746,10470.0,51.94790267944336,107,1
StandardGSGP,ae2e53f1-ad48-11ef-8181-e4a8dfc2a9a8,bioav,3,18,50.58154296875,0.06550121307373047,11122.0,51.57905578613281,113,1
StandardGSGP,ae2e53f1-ad48-11ef-8181-e4a8dfc2a9a8,bioav,3,19,49.99888610839844,0.062003374099731445,11754.0,51.02653884887695,119,1
StandardGSGP,ae2e53f1-ad48-11ef-8181-e4a8dfc2a9a8,bioav,3,20,49.90907287597656,0.07205486297607422,12402.0,50.95094680786133,125,1
StandardGSGP,ae2e53f1-ad48-11ef-8181-e4a8dfc2a9a8,bioav,3,21,49.7943115234375,0.06463956832885742,13060.0,50.850799560546875,131,1
StandardGSGP,ae2e53f1-ad48-11ef-8181-e4a8dfc2a9a8,bioav,3,22,49.73591995239258,0.06450915336608887,13596.0,50.78770065307617,137,1
StandardGSGP,ae2e53f1-ad48-11ef-8181-e4a8dfc2a9a8,bioav,3,23,49.36640548706055,0.06399869918823242,14146.0,50.40529251098633,145,1
StandardGSGP,ae2e53f1-ad48-11ef-8181-e4a8dfc2a9a8,bioav,3,24,49.35776138305664,0.06250882148742676,14808.0,50.419002532958984,143,1
StandardGSGP,ae2e53f1-ad48-11ef-8181-e4a8dfc2a9a8,bioav,3,25,49.192108154296875,0.06605863571166992,15354.0,50.2776985168457,149,1
StandardGSGP,ae2e53f1-ad48-11ef-8181-e4a8dfc2a9a8,bioav,3,26,49.010738372802734,0.06452727317810059,15908.0,50.10599136352539,157,1
StandardGSGP,ae2e53f1-ad48-11ef-8181-e4a8dfc2a9a8,bioav,3,27,48.7589225769043,0.06249856948852539,16522.0,49.85019302368164,163,1
StandardGSGP,ae2e53f1-ad48-11ef-8181-e4a8dfc2a9a8,bioav,3,28,48.44032287597656,0.062044382095336914,17056.0,49.5517692565918,169,1
StandardGSGP,ae2e53f1-ad48-11ef-8181-e4a8dfc2a9a8,bioav,3,29,48.18095397949219,0.06250739097595215,17558.0,49.25340270996094,179,1
StandardGSGP,ae2e53f1-ad48-11ef-8181-e4a8dfc2a9a8,bioav,3,30,48.14817428588867,0.06139779090881348,18120.0,49.23675537109375,185,1
StandardGSGP,ae2e53f1-ad48-11ef-8181-e4a8dfc2a9a8,bioav,3,31,47.5479736328125,0.06199932098388672,18734.0,48.639892578125,191,1
StandardGSGP,ae2e53f1-ad48-11ef-8181-e4a8dfc2a9a8,bioav,3,32,47.541160583496094,0.06251263618469238,19434.0,48.638214111328125,197,1
StandardGSGP,ae2e53f1-ad48-11ef-8181-e4a8dfc2a9a8,bioav,3,33,47.307716369628906,0.06452798843383789,20154.0,48.39112091064453,203,1
StandardGSGP,ae2e53f1-ad48-11ef-8181-e4a8dfc2a9a8,bioav,3,34,46.979583740234375,0.06299877166748047,20794.0,48.10838317871094,209,1
StandardGSGP,ae2e53f1-ad48-11ef-8181-e4a8dfc2a9a8,bioav,3,35,46.94017028808594,0.06126689910888672,21348.0,48.060020446777344,215,1
StandardGSGP,ae2e53f1-ad48-11ef-8181-e4a8dfc2a9a8,bioav,3,36,46.6495361328125,0.06443619728088379,21978.0,47.781063079833984,225,1
StandardGSGP,ae2e53f1-ad48-11ef-8181-e4a8dfc2a9a8,bioav,3,37,46.58766555786133,0.06199908256530762,22642.0,47.72184753417969,231,1
StandardGSGP,ae2e53f1-ad48-11ef-8181-e4a8dfc2a9a8,bioav,3,38,46.22348403930664,0.06714320182800293,23274.0,47.352264404296875,233,1
StandardGSGP,ae2e53f1-ad48-11ef-8181-e4a8dfc2a9a8,bioav,3,39,45.95918273925781,0.06553435325622559,23936.0,47.10734558105469,239,1
StandardGSGP,ae2e53f1-ad48-11ef-8181-e4a8dfc2a9a8,bioav,3,40,45.900909423828125,0.06610107421875,24558.0,47.05128860473633,247,1
StandardGSGP,ae2e53f1-ad48-11ef-8181-e4a8dfc2a9a8,bioav,3,41,45.76540756225586,0.06189775466918945,25190.0,46.917945861816406,253,1
StandardGSGP,ae2e53f1-ad48-11ef-8181-e4a8dfc2a9a8,bioav,3,42,45.32966613769531,0.06565976142883301,25688.0,46.48048400878906,259,1
StandardGSGP,ae2e53f1-ad48-11ef-8181-e4a8dfc2a9a8,bioav,3,43,45.329490661621094,0.06406641006469727,26320.0,46.48051071166992,265,1
StandardGSGP,ae2e53f1-ad48-11ef-8181-e4a8dfc2a9a8,bioav,3,44,45.1905403137207,0.0635218620300293,27004.0,46.3177604675293,271,1
StandardGSGP,ae2e53f1-ad48-11ef-8181-e4a8dfc2a9a8,bioav,3,45,45.0895881652832,0.061506032943725586,27636.0,46.24736404418945,277,1
StandardGSGP,ae2e53f1-ad48-11ef-8181-e4a8dfc2a9a8,bioav,3,46,44.97132873535156,0.06299853324890137,28254.0,46.12332534790039,277,1
StandardGSGP,ae2e53f1-ad48-11ef-8181-e4a8dfc2a9a8,bioav,3,47,44.863914489746094,0.06307530403137207,28856.0,46.05066680908203,293,1
StandardGSGP,ae2e53f1-ad48-11ef-8181-e4a8dfc2a9a8,bioav,3,48,44.80387496948242,0.06710934638977051,29432.0,45.95914077758789,289,1
StandardGSGP,ae2e53f1-ad48-11ef-8181-e4a8dfc2a9a8,bioav,3,49,44.60330581665039,0.062371015548706055,30020.0,45.79650115966797,295,1
StandardGSGP,ae2e53f1-ad48-11ef-8181-e4a8dfc2a9a8,bioav,3,50,44.425743103027344,0.06353187561035156,30618.0,45.64543151855469,303,1
StandardGSGP,ae2e53f1-ad48-11ef-8181-e4a8dfc2a9a8,bioav,3,51,44.2058219909668,0.0630044937133789,31046.0,45.4623908996582,311,1
StandardGSGP,ae2e53f1-ad48-11ef-8181-e4a8dfc2a9a8,bioav,3,52,43.982120513916016,0.06372857093811035,31594.0,45.24322509765625,317,1
StandardGSGP,ae2e53f1-ad48-11ef-8181-e4a8dfc2a9a8,bioav,3,53,43.97105026245117,0.0627899169921875,32300.0,45.25221633911133,323,1
StandardGSGP,ae2e53f1-ad48-11ef-8181-e4a8dfc2a9a8,bioav,3,54,43.74872589111328,0.06425261497497559,32830.0,45.03957748413086,329,1
StandardGSGP,ae2e53f1-ad48-11ef-8181-e4a8dfc2a9a8,bioav,3,55,43.5854377746582,0.06289482116699219,33472.0,44.861297607421875,329,1
StandardGSGP,ae2e53f1-ad48-11ef-8181-e4a8dfc2a9a8,bioav,3,56,43.33182907104492,0.06687235832214355,33994.0,44.61237716674805,335,1
StandardGSGP,ae2e53f1-ad48-11ef-8181-e4a8dfc2a9a8,bioav,3,57,42.926395416259766,0.06700491905212402,34420.0,44.213958740234375,343,1
StandardGSGP,ae2e53f1-ad48-11ef-8181-e4a8dfc2a9a8,bioav,3,58,42.824825286865234,0.06728601455688477,34884.0,44.14800262451172,347,1
StandardGSGP,ae2e53f1-ad48-11ef-8181-e4a8dfc2a9a8,bioav,3,59,42.61316680908203,0.06289958953857422,35384.0,43.88652420043945,355,1
StandardGSGP,ae2e53f1-ad48-11ef-8181-e4a8dfc2a9a8,bioav,3,60,42.4127311706543,0.1375119686126709,35990.0,43.7441520690918,361,1
StandardGSGP,ae2e53f1-ad48-11ef-8181-e4a8dfc2a9a8,bioav,3,61,42.275447845458984,0.06351613998413086,36568.0,43.575313568115234,367,1
StandardGSGP,ae2e53f1-ad48-11ef-8181-e4a8dfc2a9a8,bioav,3,62,41.984718322753906,0.0640420913696289,37198.0,43.28302001953125,373,1
StandardGSGP,ae2e53f1-ad48-11ef-8181-e4a8dfc2a9a8,bioav,3,63,41.87638473510742,0.06252050399780273,37830.0,43.182395935058594,379,1
StandardGSGP,ae2e53f1-ad48-11ef-8181-e4a8dfc2a9a8,bioav,3,64,41.6491813659668,0.06256723403930664,38440.0,43.05080032348633,385,1
StandardGSGP,ae2e53f1-ad48-11ef-8181-e4a8dfc2a9a8,bioav,3,65,41.50726318359375,0.06318044662475586,39102.0,42.853179931640625,391,1
StandardGSGP,ae2e53f1-ad48-11ef-8181-e4a8dfc2a9a8,bioav,3,66,41.420433044433594,0.059507131576538086,39686.0,42.82676696777344,397,1
StandardGSGP,ae2e53f1-ad48-11ef-8181-e4a8dfc2a9a8,bioav,3,67,41.22578048706055,0.06267523765563965,40280.0,42.64862060546875,403,1
StandardGSGP,ae2e53f1-ad48-11ef-8181-e4a8dfc2a9a8,bioav,3,68,40.93328094482422,0.06220674514770508,40876.0,42.35689163208008,409,1
StandardGSGP,ae2e53f1-ad48-11ef-8181-e4a8dfc2a9a8,bioav,3,69,40.85594940185547,0.06369781494140625,41460.0,42.28376770019531,415,1
StandardGSGP,ae2e53f1-ad48-11ef-8181-e4a8dfc2a9a8,bioav,3,70,40.75502395629883,0.06894326210021973,42104.0,42.17948532104492,421,1
StandardGSGP,ae2e53f1-ad48-11ef-8181-e4a8dfc2a9a8,bioav,3,71,40.27177429199219,0.06300044059753418,42676.0,41.746395111083984,427,1
StandardGSGP,ae2e53f1-ad48-11ef-8181-e4a8dfc2a9a8,bioav,3,72,40.19899368286133,0.06441807746887207,43238.0,41.67412185668945,433,1
StandardGSGP,ae2e53f1-ad48-11ef-8181-e4a8dfc2a9a8,bioav,3,73,40.1044807434082,0.06441140174865723,43876.0,41.58500671386719,439,1
StandardGSGP,ae2e53f1-ad48-11ef-8181-e4a8dfc2a9a8,bioav,3,74,39.734066009521484,0.07149553298950195,44386.0,41.22648239135742,439,1
StandardGSGP,ae2e53f1-ad48-11ef-8181-e4a8dfc2a9a8,bioav,3,75,39.470333099365234,0.06520652770996094,44942.0,40.969566345214844,445,1
StandardGSGP,ae2e53f1-ad48-11ef-8181-e4a8dfc2a9a8,bioav,3,76,39.46485900878906,0.06416797637939453,45530.0,40.96451187133789,451,1
StandardGSGP,ae2e53f1-ad48-11ef-8181-e4a8dfc2a9a8,bioav,3,77,39.37211227416992,0.06374549865722656,45990.0,40.8560676574707,459,1
StandardGSGP,ae2e53f1-ad48-11ef-8181-e4a8dfc2a9a8,bioav,3,78,39.19668960571289,0.06151318550109863,46438.0,40.70232391357422,463,1
StandardGSGP,ae2e53f1-ad48-11ef-8181-e4a8dfc2a9a8,bioav,3,79,39.145851135253906,0.06481647491455078,46922.0,40.63957977294922,469,1
StandardGSGP,ae2e53f1-ad48-11ef-8181-e4a8dfc2a9a8,bioav,3,80,38.871585845947266,0.06406307220458984,47532.0,40.3998908996582,475,1
StandardGSGP,ae2e53f1-ad48-11ef-8181-e4a8dfc2a9a8,bioav,3,81,38.79308319091797,0.0633382797241211,48076.0,40.33112335205078,481,1
StandardGSGP,ae2e53f1-ad48-11ef-8181-e4a8dfc2a9a8,bioav,3,82,38.61281204223633,0.06850886344909668,48666.0,40.14459228515625,489,1
StandardGSGP,ae2e53f1-ad48-11ef-8181-e4a8dfc2a9a8,bioav,3,83,38.37355422973633,0.06599974632263184,49244.0,39.8974494934082,493,1
StandardGSGP,ae2e53f1-ad48-11ef-8181-e4a8dfc2a9a8,bioav,3,84,38.260623931884766,0.06599569320678711,49708.0,39.78775405883789,499,1
StandardGSGP,ae2e53f1-ad48-11ef-8181-e4a8dfc2a9a8,bioav,3,85,38.20441436767578,0.06592845916748047,50292.0,39.728126525878906,507,1
StandardGSGP,ae2e53f1-ad48-11ef-8181-e4a8dfc2a9a8,bioav,3,86,38.022499084472656,0.06572294235229492,50874.0,39.57052230834961,513,1
StandardGSGP,ae2e53f1-ad48-11ef-8181-e4a8dfc2a9a8,bioav,3,87,37.974693298339844,0.06996321678161621,51494.0,39.506717681884766,513,1
StandardGSGP,ae2e53f1-ad48-11ef-8181-e4a8dfc2a9a8,bioav,3,88,37.831695556640625,0.0640263557434082,52196.0,39.38529586791992,525,1
StandardGSGP,ae2e53f1-ad48-11ef-8181-e4a8dfc2a9a8,bioav,3,89,37.76191329956055,0.06699943542480469,52838.0,39.315670013427734,531,1
StandardGSGP,ae2e53f1-ad48-11ef-8181-e4a8dfc2a9a8,bioav,3,90,37.56171417236328,0.06596994400024414,53478.0,39.148406982421875,535,1
StandardGSGP,ae2e53f1-ad48-11ef-8181-e4a8dfc2a9a8,bioav,3,91,37.40502166748047,0.06627798080444336,54080.0,38.976016998291016,541,1
StandardGSGP,ae2e53f1-ad48-11ef-8181-e4a8dfc2a9a8,bioav,3,92,37.30139923095703,0.07333898544311523,54600.0,38.85259246826172,549,1
StandardGSGP,ae2e53f1-ad48-11ef-8181-e4a8dfc2a9a8,bioav,3,93,37.16425323486328,0.07216906547546387,55260.0,38.79307174682617,553,1
StandardGSGP,ae2e53f1-ad48-11ef-8181-e4a8dfc2a9a8,bioav,3,94,36.989830017089844,0.08150148391723633,55924.0,38.58533477783203,559,1
StandardGSGP,ae2e53f1-ad48-11ef-8181-e4a8dfc2a9a8,bioav,3,95,36.904022216796875,0.07651114463806152,56542.0,38.534297943115234,567,1
StandardGSGP,ae2e53f1-ad48-11ef-8181-e4a8dfc2a9a8,bioav,3,96,36.78851318359375,0.07111310958862305,57108.0,38.39208984375,565,1
StandardGSGP,ae2e53f1-ad48-11ef-8181-e4a8dfc2a9a8,bioav,3,97,36.66632080078125,0.06600451469421387,57672.0,38.25889587402344,571,1
StandardGSGP,ae2e53f1-ad48-11ef-8181-e4a8dfc2a9a8,bioav,3,98,36.41254806518555,0.06727719306945801,58208.0,38.02974319458008,577,1
StandardGSGP,ae2e53f1-ad48-11ef-8181-e4a8dfc2a9a8,bioav,3,99,36.349403381347656,0.06851506233215332,58692.0,37.97056198120117,583,1
StandardGSGP,ae2e53f1-ad48-11ef-8181-e4a8dfc2a9a8,bioav,3,100,36.28540802001953,0.07468152046203613,59212.0,37.9072265625,589,1
