StandardGSGP,42b2f146-ad48-11ef-b0e1-e4a8dfc2a9a8,bioav,7,0,0.46060073375701904,0.054709434509277344,830.0,0.44451871514320374,3,1
StandardGSGP,42b2f146-ad48-11ef-b0e1-e4a8dfc2a9a8,bioav,7,1,0.3527185916900635,0.07083749771118164,1246.0,0.3761831521987915,9,1
StandardGSGP,42b2f146-ad48-11ef-b0e1-e4a8dfc2a9a8,bioav,7,2,0.3304618000984192,0.06259560585021973,1790.0,0.3469770550727844,15,1
StandardGSGP,42b2f146-ad48-11ef-b0e1-e4a8dfc2a9a8,bioav,7,3,0.3297741711139679,0.06375336647033691,2290.0,0.34864506125450134,21,1
StandardGSGP,42b2f146-ad48-11ef-b0e1-e4a8dfc2a9a8,bioav,7,4,0.3139569163322449,0.0676429271697998,2808.0,0.2930283546447754,29,1
StandardGSGP,42b2f146-ad48-11ef-b0e1-e4a8dfc2a9a8,bioav,7,5,0.3139569163322449,0.06350898742675781,3226.0,0.2930283546447754,29,1
StandardGSGP,42b2f146-ad48-11ef-b0e1-e4a8dfc2a9a8,bioav,7,6,0.3085555136203766,0.06508517265319824,3726.0,0.29270634055137634,37,1
StandardGSGP,42b2f146-ad48-11ef-b0e1-e4a8dfc2a9a8,bioav,7,7,0.3085555136203766,0.06433248519897461,4314.0,0.29270634055137634,37,1
StandardGSGP,42b2f146-ad48-11ef-b0e1-e4a8dfc2a9a8,bioav,7,8,0.3085555136203766,0.06251144409179688,4934.0,0.29270634055137634,37,1
StandardGSGP,42b2f146-ad48-11ef-b0e1-e4a8dfc2a9a8,bioav,7,9,0.3085555136203766,0.06451249122619629,5584.0,0.29270634055137634,37,1
StandardGSGP,42b2f146-ad48-11ef-b0e1-e4a8dfc2a9a8,bioav,7,10,0.3085555136203766,0.06772303581237793,6216.0,0.29270634055137634,37,1
StandardGSGP,42b2f146-ad48-11ef-b0e1-e4a8dfc2a9a8,bioav,7,11,0.3065352141857147,0.08047676086425781,6772.0,0.29416677355766296,59,1
StandardGSGP,42b2f146-ad48-11ef-b0e1-e4a8dfc2a9a8,bioav,7,12,0.3065352141857147,0.06151294708251953,7288.0,0.29416677355766296,59,1
StandardGSGP,42b2f146-ad48-11ef-b0e1-e4a8dfc2a9a8,bioav,7,13,0.3065352141857147,0.06697201728820801,7778.0,0.29416677355766296,59,1
StandardGSGP,42b2f146-ad48-11ef-b0e1-e4a8dfc2a9a8,bioav,7,14,0.3065352141857147,0.0622715950012207,8160.0,0.29416677355766296,59,1
StandardGSGP,42b2f146-ad48-11ef-b0e1-e4a8dfc2a9a8,bioav,7,15,0.30546829104423523,0.07010412216186523,8538.0,0.29244402050971985,71,1
StandardGSGP,42b2f146-ad48-11ef-b0e1-e4a8dfc2a9a8,bioav,7,16,0.30546829104423523,0.06353306770324707,9038.0,0.29244402050971985,71,1
StandardGSGP,42b2f146-ad48-11ef-b0e1-e4a8dfc2a9a8,bioav,7,17,0.30409011244773865,0.061505794525146484,9396.0,0.29553520679473877,83,1
StandardGSGP,42b2f146-ad48-11ef-b0e1-e4a8dfc2a9a8,bioav,7,18,0.30409011244773865,0.060686349868774414,9858.0,0.29553520679473877,83,1
StandardGSGP,42b2f146-ad48-11ef-b0e1-e4a8dfc2a9a8,bioav,7,19,0.30265429615974426,0.14115667343139648,10298.0,0.2919061481952667,101,1
StandardGSGP,42b2f146-ad48-11ef-b0e1-e4a8dfc2a9a8,bioav,7,20,0.30265429615974426,0.06302690505981445,10804.0,0.2919061481952667,101,1
StandardGSGP,42b2f146-ad48-11ef-b0e1-e4a8dfc2a9a8,bioav,7,21,0.30265429615974426,0.061659812927246094,11246.0,0.2919061481952667,101,1
StandardGSGP,42b2f146-ad48-11ef-b0e1-e4a8dfc2a9a8,bioav,7,22,0.30109432339668274,0.06719136238098145,11796.0,0.2929520308971405,113,1
StandardGSGP,42b2f146-ad48-11ef-b0e1-e4a8dfc2a9a8,bioav,7,23,0.30109432339668274,0.06375646591186523,12316.0,0.2929520308971405,113,1
StandardGSGP,42b2f146-ad48-11ef-b0e1-e4a8dfc2a9a8,bioav,7,24,0.2992522418498993,0.06832671165466309,12904.0,0.2867131233215332,113,1
StandardGSGP,42b2f146-ad48-11ef-b0e1-e4a8dfc2a9a8,bioav,7,25,0.2992522418498993,0.0629587173461914,13424.0,0.2867131233215332,113,1
StandardGSGP,42b2f146-ad48-11ef-b0e1-e4a8dfc2a9a8,bioav,7,26,0.2992003858089447,0.06253767013549805,13886.0,0.3032633662223816,139,1
StandardGSGP,42b2f146-ad48-11ef-b0e1-e4a8dfc2a9a8,bioav,7,27,0.2922474145889282,0.06199908256530762,14558.0,0.28439944982528687,147,1
StandardGSGP,42b2f146-ad48-11ef-b0e1-e4a8dfc2a9a8,bioav,7,28,0.29159221053123474,0.06422233581542969,15116.0,0.2852274477481842,153,1
StandardGSGP,42b2f146-ad48-11ef-b0e1-e4a8dfc2a9a8,bioav,7,29,0.2883741855621338,0.06202840805053711,15680.0,0.28148728609085083,153,1
StandardGSGP,42b2f146-ad48-11ef-b0e1-e4a8dfc2a9a8,bioav,7,30,0.28631776571273804,0.06199789047241211,16270.0,0.2916082441806793,159,1
StandardGSGP,42b2f146-ad48-11ef-b0e1-e4a8dfc2a9a8,bioav,7,31,0.28631776571273804,0.06458926200866699,16878.0,0.2916082441806793,159,1
StandardGSGP,42b2f146-ad48-11ef-b0e1-e4a8dfc2a9a8,bioav,7,32,0.2852616310119629,0.06075787544250488,17336.0,0.285038560628891,171,1
StandardGSGP,42b2f146-ad48-11ef-b0e1-e4a8dfc2a9a8,bioav,7,33,0.2852616310119629,0.06424212455749512,17812.0,0.285038560628891,171,1
StandardGSGP,42b2f146-ad48-11ef-b0e1-e4a8dfc2a9a8,bioav,7,34,0.28275066614151,0.061517953872680664,18458.0,0.28391358256340027,183,1
StandardGSGP,42b2f146-ad48-11ef-b0e1-e4a8dfc2a9a8,bioav,7,35,0.28275066614151,0.06651902198791504,19056.0,0.28391358256340027,183,1
StandardGSGP,42b2f146-ad48-11ef-b0e1-e4a8dfc2a9a8,bioav,7,36,0.28275066614151,0.06886696815490723,19658.0,0.28391358256340027,183,1
StandardGSGP,42b2f146-ad48-11ef-b0e1-e4a8dfc2a9a8,bioav,7,37,0.28275066614151,0.06470155715942383,20212.0,0.28391358256340027,183,1
StandardGSGP,42b2f146-ad48-11ef-b0e1-e4a8dfc2a9a8,bioav,7,38,0.2825958728790283,0.07051753997802734,20780.0,0.2836895287036896,191,1
StandardGSGP,42b2f146-ad48-11ef-b0e1-e4a8dfc2a9a8,bioav,7,39,0.2825958728790283,0.06415128707885742,21322.0,0.2836895287036896,191,1
StandardGSGP,42b2f146-ad48-11ef-b0e1-e4a8dfc2a9a8,bioav,7,40,0.28197360038757324,0.06316947937011719,21792.0,0.2864415943622589,203,1
StandardGSGP,42b2f146-ad48-11ef-b0e1-e4a8dfc2a9a8,bioav,7,41,0.2815186381340027,0.06351017951965332,22180.0,0.2855716049671173,211,1
StandardGSGP,42b2f146-ad48-11ef-b0e1-e4a8dfc2a9a8,bioav,7,42,0.2809940278530121,0.06743359565734863,22568.0,0.287718802690506,217,1
StandardGSGP,42b2f146-ad48-11ef-b0e1-e4a8dfc2a9a8,bioav,7,43,0.28065094351768494,0.06196284294128418,22966.0,0.28029558062553406,223,1
StandardGSGP,42b2f146-ad48-11ef-b0e1-e4a8dfc2a9a8,bioav,7,44,0.28065094351768494,0.06151938438415527,23474.0,0.28029558062553406,223,1
StandardGSGP,42b2f146-ad48-11ef-b0e1-e4a8dfc2a9a8,bioav,7,45,0.28065094351768494,0.062000274658203125,24158.0,0.28029558062553406,223,1
StandardGSGP,42b2f146-ad48-11ef-b0e1-e4a8dfc2a9a8,bioav,7,46,0.2796805202960968,0.06491518020629883,24336.0,0.292083203792572,235,1
StandardGSGP,42b2f146-ad48-11ef-b0e1-e4a8dfc2a9a8,bioav,7,47,0.2796191871166229,0.0625143051147461,24774.0,0.27995315194129944,235,1
StandardGSGP,42b2f146-ad48-11ef-b0e1-e4a8dfc2a9a8,bioav,7,48,0.2796191871166229,0.06262540817260742,25484.0,0.27995315194129944,235,1
StandardGSGP,42b2f146-ad48-11ef-b0e1-e4a8dfc2a9a8,bioav,7,49,0.279168963432312,0.06369686126708984,26164.0,0.2789604663848877,247,1
StandardGSGP,42b2f146-ad48-11ef-b0e1-e4a8dfc2a9a8,bioav,7,50,0.279168963432312,0.06034564971923828,26612.0,0.2789604663848877,247,1
StandardGSGP,42b2f146-ad48-11ef-b0e1-e4a8dfc2a9a8,bioav,7,51,0.27910691499710083,0.06275129318237305,26940.0,0.2846956253051758,247,1
StandardGSGP,42b2f146-ad48-11ef-b0e1-e4a8dfc2a9a8,bioav,7,52,0.27822259068489075,0.06511092185974121,27294.0,0.2870538830757141,253,1
StandardGSGP,42b2f146-ad48-11ef-b0e1-e4a8dfc2a9a8,bioav,7,53,0.27782660722732544,0.06400299072265625,27522.0,0.2837042808532715,259,1
StandardGSGP,42b2f146-ad48-11ef-b0e1-e4a8dfc2a9a8,bioav,7,54,0.27782660722732544,0.07003378868103027,27782.0,0.2837042808532715,259,1
StandardGSGP,42b2f146-ad48-11ef-b0e1-e4a8dfc2a9a8,bioav,7,55,0.27782660722732544,0.06351184844970703,28252.0,0.2837042808532715,259,1
StandardGSGP,42b2f146-ad48-11ef-b0e1-e4a8dfc2a9a8,bioav,7,56,0.27782660722732544,0.061003684997558594,28532.0,0.2837042808532715,259,1
StandardGSGP,42b2f146-ad48-11ef-b0e1-e4a8dfc2a9a8,bioav,7,57,0.27782660722732544,0.06498456001281738,28544.0,0.2837042808532715,259,1
StandardGSGP,42b2f146-ad48-11ef-b0e1-e4a8dfc2a9a8,bioav,7,58,0.27710065245628357,0.0692899227142334,29016.0,0.28520265221595764,265,1
StandardGSGP,42b2f146-ad48-11ef-b0e1-e4a8dfc2a9a8,bioav,7,59,0.27710065245628357,0.06163668632507324,29590.0,0.28520265221595764,265,1
StandardGSGP,42b2f146-ad48-11ef-b0e1-e4a8dfc2a9a8,bioav,7,60,0.2757228910923004,0.0603032112121582,30102.0,0.2843647003173828,271,1
StandardGSGP,42b2f146-ad48-11ef-b0e1-e4a8dfc2a9a8,bioav,7,61,0.2757228910923004,0.06123614311218262,30462.0,0.2843647003173828,271,1
StandardGSGP,42b2f146-ad48-11ef-b0e1-e4a8dfc2a9a8,bioav,7,62,0.2757228910923004,0.062456369400024414,30698.0,0.2843647003173828,271,1
StandardGSGP,42b2f146-ad48-11ef-b0e1-e4a8dfc2a9a8,bioav,7,63,0.2757228910923004,0.0631566047668457,31102.0,0.2843647003173828,271,1
StandardGSGP,42b2f146-ad48-11ef-b0e1-e4a8dfc2a9a8,bioav,7,64,0.2757228910923004,0.06659340858459473,31284.0,0.2843647003173828,271,1
StandardGSGP,42b2f146-ad48-11ef-b0e1-e4a8dfc2a9a8,bioav,7,65,0.2757228910923004,0.0710000991821289,31978.0,0.2843647003173828,271,1
StandardGSGP,42b2f146-ad48-11ef-b0e1-e4a8dfc2a9a8,bioav,7,66,0.2750921845436096,0.06351184844970703,32282.0,0.2860773503780365,277,1
StandardGSGP,42b2f146-ad48-11ef-b0e1-e4a8dfc2a9a8,bioav,7,67,0.2750921845436096,0.06364178657531738,32566.0,0.2860773503780365,277,1
StandardGSGP,42b2f146-ad48-11ef-b0e1-e4a8dfc2a9a8,bioav,7,68,0.2750074565410614,0.059999942779541016,32978.0,0.2860773503780365,289,1
StandardGSGP,42b2f146-ad48-11ef-b0e1-e4a8dfc2a9a8,bioav,7,69,0.2750074565410614,0.061957597732543945,32952.0,0.2860773503780365,289,1
StandardGSGP,42b2f146-ad48-11ef-b0e1-e4a8dfc2a9a8,bioav,7,70,0.2750074565410614,0.06252670288085938,33108.0,0.2860773503780365,289,1
StandardGSGP,42b2f146-ad48-11ef-b0e1-e4a8dfc2a9a8,bioav,7,71,0.2750074565410614,0.06300473213195801,33262.0,0.2860773503780365,289,1
StandardGSGP,42b2f146-ad48-11ef-b0e1-e4a8dfc2a9a8,bioav,7,72,0.2750074565410614,0.06270480155944824,32920.0,0.2860773503780365,289,1
StandardGSGP,42b2f146-ad48-11ef-b0e1-e4a8dfc2a9a8,bioav,7,73,0.2740866541862488,0.061567068099975586,32876.0,0.2860773503780365,295,1
StandardGSGP,42b2f146-ad48-11ef-b0e1-e4a8dfc2a9a8,bioav,7,74,0.2739967703819275,0.14201927185058594,32832.0,0.28067338466644287,307,1
StandardGSGP,42b2f146-ad48-11ef-b0e1-e4a8dfc2a9a8,bioav,7,75,0.2739967703819275,0.06100273132324219,32956.0,0.28067338466644287,307,1
StandardGSGP,42b2f146-ad48-11ef-b0e1-e4a8dfc2a9a8,bioav,7,76,0.2730175256729126,0.06466984748840332,33222.0,0.28536128997802734,335,1
StandardGSGP,42b2f146-ad48-11ef-b0e1-e4a8dfc2a9a8,bioav,7,77,0.2728961408138275,0.06351017951965332,33744.0,0.28859859704971313,341,1
StandardGSGP,42b2f146-ad48-11ef-b0e1-e4a8dfc2a9a8,bioav,7,78,0.27089786529541016,0.06501340866088867,34490.0,0.28213369846343994,347,1
StandardGSGP,42b2f146-ad48-11ef-b0e1-e4a8dfc2a9a8,bioav,7,79,0.27089786529541016,0.06451034545898438,34860.0,0.28213369846343994,347,1
StandardGSGP,42b2f146-ad48-11ef-b0e1-e4a8dfc2a9a8,bioav,7,80,0.27089786529541016,0.06150937080383301,35212.0,0.28213369846343994,347,1
StandardGSGP,42b2f146-ad48-11ef-b0e1-e4a8dfc2a9a8,bioav,7,81,0.27089786529541016,0.06734728813171387,35598.0,0.28213369846343994,347,1
StandardGSGP,42b2f146-ad48-11ef-b0e1-e4a8dfc2a9a8,bioav,7,82,0.27089786529541016,0.0625770092010498,36308.0,0.28213369846343994,347,1
StandardGSGP,42b2f146-ad48-11ef-b0e1-e4a8dfc2a9a8,bioav,7,83,0.27089786529541016,0.06405830383300781,36998.0,0.28213369846343994,347,1
StandardGSGP,42b2f146-ad48-11ef-b0e1-e4a8dfc2a9a8,bioav,7,84,0.27089786529541016,0.06754016876220703,37496.0,0.28213369846343994,347,1
StandardGSGP,42b2f146-ad48-11ef-b0e1-e4a8dfc2a9a8,bioav,7,85,0.27089786529541016,0.06292271614074707,37892.0,0.28213369846343994,347,1
StandardGSGP,42b2f146-ad48-11ef-b0e1-e4a8dfc2a9a8,bioav,7,86,0.27089786529541016,0.06650972366333008,38108.0,0.28213369846343994,347,1
StandardGSGP,42b2f146-ad48-11ef-b0e1-e4a8dfc2a9a8,bioav,7,87,0.27089786529541016,0.061004638671875,38624.0,0.28213369846343994,347,1
StandardGSGP,42b2f146-ad48-11ef-b0e1-e4a8dfc2a9a8,bioav,7,88,0.2708345353603363,0.06606936454772949,39012.0,0.28978192806243896,371,1
StandardGSGP,42b2f146-ad48-11ef-b0e1-e4a8dfc2a9a8,bioav,7,89,0.2708345353603363,0.06536221504211426,39260.0,0.28978192806243896,371,1
StandardGSGP,42b2f146-ad48-11ef-b0e1-e4a8dfc2a9a8,bioav,7,90,0.2708345353603363,0.06799554824829102,40200.0,0.28978192806243896,371,1
StandardGSGP,42b2f146-ad48-11ef-b0e1-e4a8dfc2a9a8,bioav,7,91,0.27079057693481445,0.060506582260131836,40686.0,0.28413811326026917,389,1
StandardGSGP,42b2f146-ad48-11ef-b0e1-e4a8dfc2a9a8,bioav,7,92,0.27079057693481445,0.06358718872070312,41070.0,0.28413811326026917,389,1
StandardGSGP,42b2f146-ad48-11ef-b0e1-e4a8dfc2a9a8,bioav,7,93,0.27075713872909546,0.06227850914001465,41638.0,0.28351888060569763,395,1
StandardGSGP,42b2f146-ad48-11ef-b0e1-e4a8dfc2a9a8,bioav,7,94,0.27075713872909546,0.061963558197021484,42202.0,0.28351888060569763,395,1
StandardGSGP,42b2f146-ad48-11ef-b0e1-e4a8dfc2a9a8,bioav,7,95,0.2695345878601074,0.063507080078125,43120.0,0.28624799847602844,401,1
StandardGSGP,42b2f146-ad48-11ef-b0e1-e4a8dfc2a9a8,bioav,7,96,0.2695345878601074,0.06242799758911133,43966.0,0.28624799847602844,401,1
StandardGSGP,42b2f146-ad48-11ef-b0e1-e4a8dfc2a9a8,bioav,7,97,0.2695345878601074,0.06118154525756836,44586.0,0.28624799847602844,401,1
StandardGSGP,42b2f146-ad48-11ef-b0e1-e4a8dfc2a9a8,bioav,7,98,0.2689302861690521,0.06251096725463867,44810.0,0.2844453454017639,413,1
StandardGSGP,42b2f146-ad48-11ef-b0e1-e4a8dfc2a9a8,bioav,7,99,0.2645442485809326,0.06199908256530762,44802.0,0.2878324091434479,421,1
StandardGSGP,42b2f146-ad48-11ef-b0e1-e4a8dfc2a9a8,bioav,7,100,0.2645442485809326,0.06550931930541992,44422.0,0.2878324091434479,421,1
StandardGSGP,beda6ddd-ad48-11ef-acc9-e4a8dfc2a9a8,bioav,7,0,46.87844467163086,0.09549927711486816,1340.0,50.43867111206055,15,1
StandardGSGP,beda6ddd-ad48-11ef-acc9-e4a8dfc2a9a8,bioav,7,1,46.86438751220703,0.06659364700317383,1410.0,50.42214584350586,21,1
StandardGSGP,beda6ddd-ad48-11ef-acc9-e4a8dfc2a9a8,bioav,7,2,46.66252899169922,0.06907820701599121,2088.0,50.215110778808594,27,1
StandardGSGP,beda6ddd-ad48-11ef-acc9-e4a8dfc2a9a8,bioav,7,3,46.51515197753906,0.06298542022705078,2656.0,50.085121154785156,33,1
StandardGSGP,beda6ddd-ad48-11ef-acc9-e4a8dfc2a9a8,bioav,7,4,46.45584487915039,0.06591296195983887,3638.0,50.02568435668945,41,1
StandardGSGP,beda6ddd-ad48-11ef-acc9-e4a8dfc2a9a8,bioav,7,5,46.37671661376953,0.0645749568939209,4330.0,49.938446044921875,47,1
StandardGSGP,beda6ddd-ad48-11ef-acc9-e4a8dfc2a9a8,bioav,7,6,46.16282272338867,0.06334495544433594,4992.0,49.72417449951172,45,1
StandardGSGP,beda6ddd-ad48-11ef-acc9-e4a8dfc2a9a8,bioav,7,7,46.111358642578125,0.0718526840209961,5610.0,49.64044952392578,57,1
StandardGSGP,beda6ddd-ad48-11ef-acc9-e4a8dfc2a9a8,bioav,7,8,45.967777252197266,0.0665123462677002,6240.0,49.48676681518555,63,1
StandardGSGP,beda6ddd-ad48-11ef-acc9-e4a8dfc2a9a8,bioav,7,9,45.77418899536133,0.06400346755981445,6786.0,49.30885314941406,69,1
StandardGSGP,beda6ddd-ad48-11ef-acc9-e4a8dfc2a9a8,bioav,7,10,45.61711883544922,0.06550955772399902,7330.0,49.11480712890625,77,1
StandardGSGP,beda6ddd-ad48-11ef-acc9-e4a8dfc2a9a8,bioav,7,11,45.57917785644531,0.06150102615356445,8038.0,49.074798583984375,83,1
StandardGSGP,beda6ddd-ad48-11ef-acc9-e4a8dfc2a9a8,bioav,7,12,45.379974365234375,0.06704592704772949,8764.0,48.858612060546875,83,1
StandardGSGP,beda6ddd-ad48-11ef-acc9-e4a8dfc2a9a8,bioav,7,13,45.24574661254883,0.06653213500976562,9248.0,48.73292922973633,95,1
StandardGSGP,beda6ddd-ad48-11ef-acc9-e4a8dfc2a9a8,bioav,7,14,45.11792755126953,0.0693063735961914,9758.0,48.5884895324707,95,1
StandardGSGP,beda6ddd-ad48-11ef-acc9-e4a8dfc2a9a8,bioav,7,15,44.81210708618164,0.06982159614562988,10290.0,48.25495910644531,101,1
StandardGSGP,beda6ddd-ad48-11ef-acc9-e4a8dfc2a9a8,bioav,7,16,44.7797737121582,0.07046055793762207,10800.0,48.229129791259766,107,1
StandardGSGP,beda6ddd-ad48-11ef-acc9-e4a8dfc2a9a8,bioav,7,17,44.71986389160156,0.06793475151062012,11280.0,48.16221618652344,113,1
StandardGSGP,beda6ddd-ad48-11ef-acc9-e4a8dfc2a9a8,bioav,7,18,44.62456130981445,0.0685117244720459,11834.0,48.10061264038086,119,1
StandardGSGP,beda6ddd-ad48-11ef-acc9-e4a8dfc2a9a8,bioav,7,19,44.38771438598633,0.06402754783630371,12380.0,47.82789611816406,121,1
StandardGSGP,beda6ddd-ad48-11ef-acc9-e4a8dfc2a9a8,bioav,7,20,44.29829406738281,0.06302499771118164,12988.0,47.75102615356445,127,1
StandardGSGP,beda6ddd-ad48-11ef-acc9-e4a8dfc2a9a8,bioav,7,21,43.97966384887695,0.06451153755187988,13512.0,47.414573669433594,135,1
StandardGSGP,beda6ddd-ad48-11ef-acc9-e4a8dfc2a9a8,bioav,7,22,43.97966384887695,0.0700840950012207,14048.0,47.414573669433594,135,1
StandardGSGP,beda6ddd-ad48-11ef-acc9-e4a8dfc2a9a8,bioav,7,23,43.979488372802734,0.06251335144042969,14636.0,47.41448211669922,141,1
StandardGSGP,beda6ddd-ad48-11ef-acc9-e4a8dfc2a9a8,bioav,7,24,43.761898040771484,0.06261920928955078,15144.0,47.180118560791016,153,1
StandardGSGP,beda6ddd-ad48-11ef-acc9-e4a8dfc2a9a8,bioav,7,25,43.7463264465332,0.07100224494934082,15652.0,47.18358612060547,153,1
StandardGSGP,beda6ddd-ad48-11ef-acc9-e4a8dfc2a9a8,bioav,7,26,43.68291091918945,0.07021164894104004,16074.0,47.09696960449219,159,1
StandardGSGP,beda6ddd-ad48-11ef-acc9-e4a8dfc2a9a8,bioav,7,27,43.47549057006836,0.06599140167236328,16656.0,46.88087844848633,165,1
StandardGSGP,beda6ddd-ad48-11ef-acc9-e4a8dfc2a9a8,bioav,7,28,43.41366195678711,0.06599783897399902,17240.0,46.8165168762207,171,1
StandardGSGP,beda6ddd-ad48-11ef-acc9-e4a8dfc2a9a8,bioav,7,29,43.384883880615234,0.0705115795135498,17710.0,46.78960418701172,177,1
StandardGSGP,beda6ddd-ad48-11ef-acc9-e4a8dfc2a9a8,bioav,7,30,43.13337707519531,0.0707697868347168,18338.0,46.52719497680664,183,1
StandardGSGP,beda6ddd-ad48-11ef-acc9-e4a8dfc2a9a8,bioav,7,31,43.13337707519531,0.06568169593811035,18940.0,46.52719497680664,183,1
StandardGSGP,beda6ddd-ad48-11ef-acc9-e4a8dfc2a9a8,bioav,7,32,42.99294662475586,0.06411933898925781,19540.0,46.468109130859375,197,1
StandardGSGP,beda6ddd-ad48-11ef-acc9-e4a8dfc2a9a8,bioav,7,33,42.85606384277344,0.06450915336608887,20022.0,46.22013854980469,201,1
StandardGSGP,beda6ddd-ad48-11ef-acc9-e4a8dfc2a9a8,bioav,7,34,42.560203552246094,0.06568622589111328,20682.0,45.958770751953125,207,1
StandardGSGP,beda6ddd-ad48-11ef-acc9-e4a8dfc2a9a8,bioav,7,35,42.492637634277344,0.06409931182861328,21250.0,45.886539459228516,213,1
StandardGSGP,beda6ddd-ad48-11ef-acc9-e4a8dfc2a9a8,bioav,7,36,42.400047302246094,0.06351232528686523,21850.0,45.7967414855957,219,1
StandardGSGP,beda6ddd-ad48-11ef-acc9-e4a8dfc2a9a8,bioav,7,37,42.288780212402344,0.0663297176361084,22470.0,45.680179595947266,225,1
StandardGSGP,beda6ddd-ad48-11ef-acc9-e4a8dfc2a9a8,bioav,7,38,42.20109558105469,0.0659475326538086,23084.0,45.55145263671875,231,1
StandardGSGP,beda6ddd-ad48-11ef-acc9-e4a8dfc2a9a8,bioav,7,39,42.05278396606445,0.06251263618469238,23664.0,45.39297866821289,239,1
StandardGSGP,beda6ddd-ad48-11ef-acc9-e4a8dfc2a9a8,bioav,7,40,41.927032470703125,0.06400108337402344,24310.0,45.25944900512695,245,1
StandardGSGP,beda6ddd-ad48-11ef-acc9-e4a8dfc2a9a8,bioav,7,41,41.84373092651367,0.061508893966674805,24932.0,45.16862106323242,251,1
StandardGSGP,beda6ddd-ad48-11ef-acc9-e4a8dfc2a9a8,bioav,7,42,41.75852966308594,0.0697324275970459,25542.0,45.020320892333984,257,1
StandardGSGP,beda6ddd-ad48-11ef-acc9-e4a8dfc2a9a8,bioav,7,43,41.67933654785156,0.062291622161865234,26178.0,44.981075286865234,263,1
StandardGSGP,beda6ddd-ad48-11ef-acc9-e4a8dfc2a9a8,bioav,7,44,41.502159118652344,0.06508326530456543,26794.0,44.79072952270508,269,1
StandardGSGP,beda6ddd-ad48-11ef-acc9-e4a8dfc2a9a8,bioav,7,45,41.424095153808594,0.06225395202636719,27444.0,44.67526626586914,275,1
StandardGSGP,beda6ddd-ad48-11ef-acc9-e4a8dfc2a9a8,bioav,7,46,41.31487274169922,0.06336236000061035,28100.0,44.55269241333008,281,1
StandardGSGP,beda6ddd-ad48-11ef-acc9-e4a8dfc2a9a8,bioav,7,47,41.23445129394531,0.06264138221740723,28598.0,44.474754333496094,287,1
StandardGSGP,beda6ddd-ad48-11ef-acc9-e4a8dfc2a9a8,bioav,7,48,41.17713928222656,0.06249666213989258,29176.0,44.417381286621094,293,1
StandardGSGP,beda6ddd-ad48-11ef-acc9-e4a8dfc2a9a8,bioav,7,49,41.103065490722656,0.06165480613708496,29792.0,44.343299865722656,301,1
StandardGSGP,beda6ddd-ad48-11ef-acc9-e4a8dfc2a9a8,bioav,7,50,40.9609489440918,0.06561565399169922,30388.0,44.1778564453125,305,1
StandardGSGP,beda6ddd-ad48-11ef-acc9-e4a8dfc2a9a8,bioav,7,51,40.92668151855469,0.06554865837097168,30864.0,44.13938522338867,311,1
StandardGSGP,beda6ddd-ad48-11ef-acc9-e4a8dfc2a9a8,bioav,7,52,40.767826080322266,0.08658885955810547,31492.0,43.953121185302734,311,1
StandardGSGP,beda6ddd-ad48-11ef-acc9-e4a8dfc2a9a8,bioav,7,53,40.751380920410156,0.07058262825012207,32190.0,43.93800735473633,319,1
StandardGSGP,beda6ddd-ad48-11ef-acc9-e4a8dfc2a9a8,bioav,7,54,40.68104934692383,0.06650900840759277,32694.0,43.879676818847656,329,1
StandardGSGP,beda6ddd-ad48-11ef-acc9-e4a8dfc2a9a8,bioav,7,55,40.6047248840332,0.063507080078125,33092.0,43.75592041015625,331,1
StandardGSGP,beda6ddd-ad48-11ef-acc9-e4a8dfc2a9a8,bioav,7,56,40.469886779785156,0.06561779975891113,33586.0,43.596412658691406,337,1
StandardGSGP,beda6ddd-ad48-11ef-acc9-e4a8dfc2a9a8,bioav,7,57,40.44176483154297,0.06323695182800293,34328.0,43.56464767456055,343,1
StandardGSGP,beda6ddd-ad48-11ef-acc9-e4a8dfc2a9a8,bioav,7,58,40.38212203979492,0.06514859199523926,34930.0,43.52496337890625,349,1
StandardGSGP,beda6ddd-ad48-11ef-acc9-e4a8dfc2a9a8,bioav,7,59,40.347412109375,0.06385421752929688,35524.0,43.451786041259766,355,1
StandardGSGP,beda6ddd-ad48-11ef-acc9-e4a8dfc2a9a8,bioav,7,60,40.25607681274414,0.06878352165222168,36188.0,43.41722106933594,367,1
StandardGSGP,beda6ddd-ad48-11ef-acc9-e4a8dfc2a9a8,bioav,7,61,40.176856994628906,0.06193423271179199,36818.0,43.31892013549805,373,1
StandardGSGP,beda6ddd-ad48-11ef-acc9-e4a8dfc2a9a8,bioav,7,62,40.133155822753906,0.13311386108398438,37400.0,43.28224563598633,379,1
StandardGSGP,beda6ddd-ad48-11ef-acc9-e4a8dfc2a9a8,bioav,7,63,40.08959197998047,0.06450891494750977,38114.0,43.17850875854492,379,1
StandardGSGP,beda6ddd-ad48-11ef-acc9-e4a8dfc2a9a8,bioav,7,64,40.01240539550781,0.066986083984375,38816.0,43.163352966308594,395,1
StandardGSGP,beda6ddd-ad48-11ef-acc9-e4a8dfc2a9a8,bioav,7,65,39.95574951171875,0.06411957740783691,39416.0,43.07870864868164,393,1
StandardGSGP,beda6ddd-ad48-11ef-acc9-e4a8dfc2a9a8,bioav,7,66,39.91754913330078,0.06260848045349121,40118.0,43.06003189086914,399,1
StandardGSGP,beda6ddd-ad48-11ef-acc9-e4a8dfc2a9a8,bioav,7,67,39.87343978881836,0.06550240516662598,40710.0,42.96421432495117,413,1
StandardGSGP,beda6ddd-ad48-11ef-acc9-e4a8dfc2a9a8,bioav,7,68,39.69133758544922,0.06401944160461426,41222.0,42.77032470703125,419,1
StandardGSGP,beda6ddd-ad48-11ef-acc9-e4a8dfc2a9a8,bioav,7,69,39.65625762939453,0.06286168098449707,41712.0,42.716888427734375,417,1
StandardGSGP,beda6ddd-ad48-11ef-acc9-e4a8dfc2a9a8,bioav,7,70,39.60179138183594,0.0633096694946289,42364.0,42.656097412109375,423,1
StandardGSGP,beda6ddd-ad48-11ef-acc9-e4a8dfc2a9a8,bioav,7,71,39.53584289550781,0.06554055213928223,43098.0,42.59260177612305,429,1
StandardGSGP,beda6ddd-ad48-11ef-acc9-e4a8dfc2a9a8,bioav,7,72,39.526798248291016,0.06400394439697266,43698.0,42.587249755859375,435,1
StandardGSGP,beda6ddd-ad48-11ef-acc9-e4a8dfc2a9a8,bioav,7,73,39.454017639160156,0.06550979614257812,44084.0,42.48054122924805,435,1
StandardGSGP,beda6ddd-ad48-11ef-acc9-e4a8dfc2a9a8,bioav,7,74,39.400997161865234,0.06578612327575684,44664.0,42.44279861450195,447,1
StandardGSGP,beda6ddd-ad48-11ef-acc9-e4a8dfc2a9a8,bioav,7,75,39.36668395996094,0.06628227233886719,45236.0,42.34451675415039,453,1
StandardGSGP,beda6ddd-ad48-11ef-acc9-e4a8dfc2a9a8,bioav,7,76,39.322052001953125,0.06530237197875977,45882.0,42.326210021972656,459,1
StandardGSGP,beda6ddd-ad48-11ef-acc9-e4a8dfc2a9a8,bioav,7,77,39.263545989990234,0.06501317024230957,46486.0,42.25679397583008,465,1
StandardGSGP,beda6ddd-ad48-11ef-acc9-e4a8dfc2a9a8,bioav,7,78,39.240501403808594,0.06354784965515137,47094.0,42.22711181640625,471,1
StandardGSGP,beda6ddd-ad48-11ef-acc9-e4a8dfc2a9a8,bioav,7,79,39.200382232666016,0.0691537857055664,47686.0,42.18099594116211,477,1
StandardGSGP,beda6ddd-ad48-11ef-acc9-e4a8dfc2a9a8,bioav,7,80,39.150489807128906,0.06351065635681152,48260.0,42.13570022583008,483,1
StandardGSGP,beda6ddd-ad48-11ef-acc9-e4a8dfc2a9a8,bioav,7,81,39.13255310058594,0.0628206729888916,48858.0,42.114463806152344,491,1
StandardGSGP,beda6ddd-ad48-11ef-acc9-e4a8dfc2a9a8,bioav,7,82,39.09272766113281,0.06679916381835938,49396.0,42.06310272216797,497,1
StandardGSGP,beda6ddd-ad48-11ef-acc9-e4a8dfc2a9a8,bioav,7,83,39.05075454711914,0.06453061103820801,49938.0,42.02167510986328,501,1
StandardGSGP,beda6ddd-ad48-11ef-acc9-e4a8dfc2a9a8,bioav,7,84,39.00737762451172,0.07080578804016113,50614.0,41.938175201416016,507,1
StandardGSGP,beda6ddd-ad48-11ef-acc9-e4a8dfc2a9a8,bioav,7,85,38.94575500488281,0.06250762939453125,51238.0,41.88087463378906,513,1
StandardGSGP,beda6ddd-ad48-11ef-acc9-e4a8dfc2a9a8,bioav,7,86,38.8857307434082,0.06150317192077637,51784.0,41.78394317626953,519,1
StandardGSGP,beda6ddd-ad48-11ef-acc9-e4a8dfc2a9a8,bioav,7,87,38.85626983642578,0.06310105323791504,52398.0,41.7439079284668,525,1
StandardGSGP,beda6ddd-ad48-11ef-acc9-e4a8dfc2a9a8,bioav,7,88,38.81044387817383,0.07251143455505371,53054.0,41.65727233886719,531,1
StandardGSGP,beda6ddd-ad48-11ef-acc9-e4a8dfc2a9a8,bioav,7,89,38.788448333740234,0.06294679641723633,53690.0,41.6793212890625,537,1
StandardGSGP,beda6ddd-ad48-11ef-acc9-e4a8dfc2a9a8,bioav,7,90,38.757843017578125,0.06487870216369629,54250.0,41.609947204589844,543,1
StandardGSGP,beda6ddd-ad48-11ef-acc9-e4a8dfc2a9a8,bioav,7,91,38.71363830566406,0.06379175186157227,54844.0,41.545658111572266,549,1
StandardGSGP,beda6ddd-ad48-11ef-acc9-e4a8dfc2a9a8,bioav,7,92,38.69694137573242,0.06427597999572754,55414.0,41.5223388671875,555,1
StandardGSGP,beda6ddd-ad48-11ef-acc9-e4a8dfc2a9a8,bioav,7,93,38.653846740722656,0.06387782096862793,55976.0,41.4710578918457,563,1
StandardGSGP,beda6ddd-ad48-11ef-acc9-e4a8dfc2a9a8,bioav,7,94,38.632667541503906,0.06250739097595215,56610.0,41.46153259277344,569,1
StandardGSGP,beda6ddd-ad48-11ef-acc9-e4a8dfc2a9a8,bioav,7,95,38.61775207519531,0.06250524520874023,57226.0,41.414634704589844,575,1
StandardGSGP,beda6ddd-ad48-11ef-acc9-e4a8dfc2a9a8,bioav,7,96,38.57884979248047,0.06499981880187988,57888.0,41.36966323852539,583,1
StandardGSGP,beda6ddd-ad48-11ef-acc9-e4a8dfc2a9a8,bioav,7,97,38.5499153137207,0.06276440620422363,58568.0,41.3099365234375,587,1
StandardGSGP,beda6ddd-ad48-11ef-acc9-e4a8dfc2a9a8,bioav,7,98,38.51856231689453,0.06884098052978516,59164.0,41.250797271728516,593,1
StandardGSGP,beda6ddd-ad48-11ef-acc9-e4a8dfc2a9a8,bioav,7,99,38.5067253112793,0.06210446357727051,59786.0,41.22466278076172,599,1
StandardGSGP,beda6ddd-ad48-11ef-acc9-e4a8dfc2a9a8,bioav,7,100,38.49734878540039,0.06509518623352051,60408.0,41.1976432800293,605,1
