StandardGSGP,89229963-ad48-11ef-a450-e4a8dfc2a9a8,bioav,24,0,0.40279459953308105,0.058191776275634766,828.0,0.375594824552536,15,1
StandardGSGP,89229963-ad48-11ef-a450-e4a8dfc2a9a8,bioav,24,1,0.33943936228752136,0.061505794525146484,1408.0,0.36541566252708435,9,1
StandardGSGP,89229963-ad48-11ef-a450-e4a8dfc2a9a8,bioav,24,2,0.3057360053062439,0.06253814697265625,2008.0,0.3208228349685669,15,1
StandardGSGP,89229963-ad48-11ef-a450-e4a8dfc2a9a8,bioav,24,3,0.3057360053062439,0.06274795532226562,2686.0,0.3208228349685669,15,1
StandardGSGP,89229963-ad48-11ef-a450-e4a8dfc2a9a8,bioav,24,4,0.3057360053062439,0.06150388717651367,3360.0,0.3208228349685669,15,1
StandardGSGP,89229963-ad48-11ef-a450-e4a8dfc2a9a8,bioav,24,5,0.3057360053062439,0.06451535224914551,3984.0,0.3208228349685669,15,1
StandardGSGP,89229963-ad48-11ef-a450-e4a8dfc2a9a8,bioav,24,6,0.30399760603904724,0.06707620620727539,4252.0,0.3194538652896881,33,1
StandardGSGP,89229963-ad48-11ef-a450-e4a8dfc2a9a8,bioav,24,7,0.301700621843338,0.06891417503356934,4534.0,0.3304826319217682,45,1
StandardGSGP,89229963-ad48-11ef-a450-e4a8dfc2a9a8,bioav,24,8,0.301700621843338,0.0642385482788086,5106.0,0.3304826319217682,45,1
StandardGSGP,89229963-ad48-11ef-a450-e4a8dfc2a9a8,bioav,24,9,0.301700621843338,0.06521320343017578,5474.0,0.3304826319217682,45,1
StandardGSGP,89229963-ad48-11ef-a450-e4a8dfc2a9a8,bioav,24,10,0.301700621843338,0.06921625137329102,6024.0,0.3304826319217682,45,1
StandardGSGP,89229963-ad48-11ef-a450-e4a8dfc2a9a8,bioav,24,11,0.301700621843338,0.062262773513793945,6632.0,0.3304826319217682,45,1
StandardGSGP,89229963-ad48-11ef-a450-e4a8dfc2a9a8,bioav,24,12,0.29873883724212646,0.06361532211303711,7242.0,0.31913384795188904,69,1
StandardGSGP,89229963-ad48-11ef-a450-e4a8dfc2a9a8,bioav,24,13,0.29873883724212646,0.06305074691772461,7780.0,0.31913384795188904,69,1
StandardGSGP,89229963-ad48-11ef-a450-e4a8dfc2a9a8,bioav,24,14,0.29873883724212646,0.06575274467468262,8410.0,0.31913384795188904,69,1
StandardGSGP,89229963-ad48-11ef-a450-e4a8dfc2a9a8,bioav,24,15,0.29873883724212646,0.067413330078125,8914.0,0.31913384795188904,69,1
StandardGSGP,89229963-ad48-11ef-a450-e4a8dfc2a9a8,bioav,24,16,0.2966226041316986,0.07474827766418457,9406.0,0.31451815366744995,93,1
StandardGSGP,89229963-ad48-11ef-a450-e4a8dfc2a9a8,bioav,24,17,0.2966226041316986,0.07452130317687988,9768.0,0.31451815366744995,93,1
StandardGSGP,89229963-ad48-11ef-a450-e4a8dfc2a9a8,bioav,24,18,0.2965894639492035,0.06980395317077637,10128.0,0.31457027792930603,99,1
StandardGSGP,89229963-ad48-11ef-a450-e4a8dfc2a9a8,bioav,24,19,0.29558855295181274,0.06300115585327148,10432.0,0.31368714570999146,107,1
StandardGSGP,89229963-ad48-11ef-a450-e4a8dfc2a9a8,bioav,24,20,0.29558855295181274,0.06470656394958496,10828.0,0.31368714570999146,107,1
StandardGSGP,89229963-ad48-11ef-a450-e4a8dfc2a9a8,bioav,24,21,0.29558855295181274,0.06825709342956543,11174.0,0.31368714570999146,107,1
StandardGSGP,89229963-ad48-11ef-a450-e4a8dfc2a9a8,bioav,24,22,0.2922957241535187,0.07000541687011719,11730.0,0.31230440735816956,113,1
StandardGSGP,89229963-ad48-11ef-a450-e4a8dfc2a9a8,bioav,24,23,0.2919783294200897,0.06250834465026855,12272.0,0.31146350502967834,119,1
StandardGSGP,89229963-ad48-11ef-a450-e4a8dfc2a9a8,bioav,24,24,0.2919783294200897,0.06275725364685059,12832.0,0.31146350502967834,119,1
StandardGSGP,89229963-ad48-11ef-a450-e4a8dfc2a9a8,bioav,24,25,0.29146966338157654,0.06299924850463867,13276.0,0.31254446506500244,125,1
StandardGSGP,89229963-ad48-11ef-a450-e4a8dfc2a9a8,bioav,24,26,0.2876431345939636,0.06250786781311035,13710.0,0.31099119782447815,131,1
StandardGSGP,89229963-ad48-11ef-a450-e4a8dfc2a9a8,bioav,24,27,0.2876431345939636,0.06050992012023926,14110.0,0.31099119782447815,131,1
StandardGSGP,89229963-ad48-11ef-a450-e4a8dfc2a9a8,bioav,24,28,0.2876431345939636,0.06278204917907715,14632.0,0.31099119782447815,131,1
StandardGSGP,89229963-ad48-11ef-a450-e4a8dfc2a9a8,bioav,24,29,0.2876431345939636,0.062132835388183594,15136.0,0.31099119782447815,131,1
StandardGSGP,89229963-ad48-11ef-a450-e4a8dfc2a9a8,bioav,24,30,0.2872333824634552,0.06147408485412598,15554.0,0.30847814679145813,137,1
StandardGSGP,89229963-ad48-11ef-a450-e4a8dfc2a9a8,bioav,24,31,0.2872333824634552,0.06499958038330078,15916.0,0.30847814679145813,137,1
StandardGSGP,89229963-ad48-11ef-a450-e4a8dfc2a9a8,bioav,24,32,0.28282853960990906,0.06551408767700195,16330.0,0.31131699681282043,149,1
StandardGSGP,89229963-ad48-11ef-a450-e4a8dfc2a9a8,bioav,24,33,0.28236857056617737,0.06712865829467773,16708.0,0.31379589438438416,155,1
StandardGSGP,89229963-ad48-11ef-a450-e4a8dfc2a9a8,bioav,24,34,0.2823334336280823,0.06299543380737305,17136.0,0.3136449456214905,161,1
StandardGSGP,89229963-ad48-11ef-a450-e4a8dfc2a9a8,bioav,24,35,0.280993789434433,0.06579041481018066,17608.0,0.31539368629455566,163,1
StandardGSGP,89229963-ad48-11ef-a450-e4a8dfc2a9a8,bioav,24,36,0.280993789434433,0.06477618217468262,17872.0,0.31539368629455566,163,1
StandardGSGP,89229963-ad48-11ef-a450-e4a8dfc2a9a8,bioav,24,37,0.280993789434433,0.059937238693237305,18438.0,0.31539368629455566,163,1
StandardGSGP,89229963-ad48-11ef-a450-e4a8dfc2a9a8,bioav,24,38,0.280993789434433,0.06650948524475098,19002.0,0.31539368629455566,163,1
StandardGSGP,89229963-ad48-11ef-a450-e4a8dfc2a9a8,bioav,24,39,0.280993789434433,0.06500887870788574,19494.0,0.31539368629455566,163,1
StandardGSGP,89229963-ad48-11ef-a450-e4a8dfc2a9a8,bioav,24,40,0.280993789434433,0.06350874900817871,19848.0,0.31539368629455566,163,1
StandardGSGP,89229963-ad48-11ef-a450-e4a8dfc2a9a8,bioav,24,41,0.27952614426612854,0.06251120567321777,20186.0,0.31983354687690735,187,1
StandardGSGP,89229963-ad48-11ef-a450-e4a8dfc2a9a8,bioav,24,42,0.27952614426612854,0.0630028247833252,20498.0,0.31983354687690735,187,1
StandardGSGP,89229963-ad48-11ef-a450-e4a8dfc2a9a8,bioav,24,43,0.27952614426612854,0.0658571720123291,20716.0,0.31983354687690735,187,1
StandardGSGP,89229963-ad48-11ef-a450-e4a8dfc2a9a8,bioav,24,44,0.27952614426612854,0.0684349536895752,21132.0,0.31983354687690735,187,1
StandardGSGP,89229963-ad48-11ef-a450-e4a8dfc2a9a8,bioav,24,45,0.276944637298584,0.13861417770385742,21692.0,0.32128241658210754,205,1
StandardGSGP,89229963-ad48-11ef-a450-e4a8dfc2a9a8,bioav,24,46,0.276944637298584,0.06202077865600586,22210.0,0.32128241658210754,205,1
StandardGSGP,89229963-ad48-11ef-a450-e4a8dfc2a9a8,bioav,24,47,0.276944637298584,0.0630028247833252,22334.0,0.32128241658210754,205,1
StandardGSGP,89229963-ad48-11ef-a450-e4a8dfc2a9a8,bioav,24,48,0.276944637298584,0.06250858306884766,22642.0,0.32128241658210754,205,1
StandardGSGP,89229963-ad48-11ef-a450-e4a8dfc2a9a8,bioav,24,49,0.276944637298584,0.06151127815246582,23130.0,0.32128241658210754,205,1
StandardGSGP,89229963-ad48-11ef-a450-e4a8dfc2a9a8,bioav,24,50,0.27689310908317566,0.06714630126953125,23508.0,0.32096239924430847,219,1
StandardGSGP,89229963-ad48-11ef-a450-e4a8dfc2a9a8,bioav,24,51,0.27689310908317566,0.06209969520568848,23954.0,0.32096239924430847,219,1
StandardGSGP,89229963-ad48-11ef-a450-e4a8dfc2a9a8,bioav,24,52,0.27689310908317566,0.0671234130859375,24598.0,0.32096239924430847,219,1
StandardGSGP,89229963-ad48-11ef-a450-e4a8dfc2a9a8,bioav,24,53,0.276013046503067,0.0630035400390625,24848.0,0.3196072280406952,223,1
StandardGSGP,89229963-ad48-11ef-a450-e4a8dfc2a9a8,bioav,24,54,0.276013046503067,0.06151771545410156,25044.0,0.3196072280406952,223,1
StandardGSGP,89229963-ad48-11ef-a450-e4a8dfc2a9a8,bioav,24,55,0.276013046503067,0.06451058387756348,25494.0,0.3196072280406952,223,1
StandardGSGP,89229963-ad48-11ef-a450-e4a8dfc2a9a8,bioav,24,56,0.276013046503067,0.06014823913574219,25828.0,0.3196072280406952,223,1
StandardGSGP,89229963-ad48-11ef-a450-e4a8dfc2a9a8,bioav,24,57,0.2754220962524414,0.06254053115844727,26356.0,0.3209751546382904,241,1
StandardGSGP,89229963-ad48-11ef-a450-e4a8dfc2a9a8,bioav,24,58,0.2754220962524414,0.06853556632995605,26884.0,0.3209751546382904,241,1
StandardGSGP,89229963-ad48-11ef-a450-e4a8dfc2a9a8,bioav,24,59,0.2754220962524414,0.06399846076965332,27228.0,0.3209751546382904,241,1
StandardGSGP,89229963-ad48-11ef-a450-e4a8dfc2a9a8,bioav,24,60,0.2754220962524414,0.06374382972717285,27802.0,0.3209751546382904,241,1
StandardGSGP,89229963-ad48-11ef-a450-e4a8dfc2a9a8,bioav,24,61,0.2754220962524414,0.06311941146850586,28370.0,0.3209751546382904,241,1
StandardGSGP,89229963-ad48-11ef-a450-e4a8dfc2a9a8,bioav,24,62,0.2754220962524414,0.06307578086853027,28730.0,0.3209751546382904,241,1
StandardGSGP,89229963-ad48-11ef-a450-e4a8dfc2a9a8,bioav,24,63,0.2744700312614441,0.06186318397521973,28930.0,0.3203655481338501,259,1
StandardGSGP,89229963-ad48-11ef-a450-e4a8dfc2a9a8,bioav,24,64,0.2744700312614441,0.06250619888305664,29466.0,0.3203655481338501,259,1
StandardGSGP,89229963-ad48-11ef-a450-e4a8dfc2a9a8,bioav,24,65,0.2741657793521881,0.06199908256530762,29522.0,0.3203279376029968,265,1
StandardGSGP,89229963-ad48-11ef-a450-e4a8dfc2a9a8,bioav,24,66,0.2741657793521881,0.06151628494262695,29542.0,0.3203279376029968,265,1
StandardGSGP,89229963-ad48-11ef-a450-e4a8dfc2a9a8,bioav,24,67,0.2741657793521881,0.061067819595336914,29930.0,0.3203279376029968,265,1
StandardGSGP,89229963-ad48-11ef-a450-e4a8dfc2a9a8,bioav,24,68,0.27404844760894775,0.06074714660644531,30566.0,0.3203052878379822,271,1
StandardGSGP,89229963-ad48-11ef-a450-e4a8dfc2a9a8,bioav,24,69,0.27340957522392273,0.0626981258392334,30844.0,0.319709837436676,271,1
StandardGSGP,89229963-ad48-11ef-a450-e4a8dfc2a9a8,bioav,24,70,0.27340957522392273,0.0685579776763916,31562.0,0.319709837436676,271,1
StandardGSGP,89229963-ad48-11ef-a450-e4a8dfc2a9a8,bioav,24,71,0.2729310989379883,0.06869268417358398,31824.0,0.32186388969421387,283,1
StandardGSGP,89229963-ad48-11ef-a450-e4a8dfc2a9a8,bioav,24,72,0.2729310989379883,0.06567168235778809,31962.0,0.32186388969421387,283,1
StandardGSGP,89229963-ad48-11ef-a450-e4a8dfc2a9a8,bioav,24,73,0.2729310989379883,0.06342101097106934,31648.0,0.32186388969421387,283,1
StandardGSGP,89229963-ad48-11ef-a450-e4a8dfc2a9a8,bioav,24,74,0.27269458770751953,0.0663917064666748,32044.0,0.32645899057388306,289,1
StandardGSGP,89229963-ad48-11ef-a450-e4a8dfc2a9a8,bioav,24,75,0.27269458770751953,0.06348800659179688,32326.0,0.32645899057388306,289,1
StandardGSGP,89229963-ad48-11ef-a450-e4a8dfc2a9a8,bioav,24,76,0.27252456545829773,0.06804680824279785,32354.0,0.32120615243911743,295,1
StandardGSGP,89229963-ad48-11ef-a450-e4a8dfc2a9a8,bioav,24,77,0.27252456545829773,0.06180930137634277,32658.0,0.32120615243911743,295,1
StandardGSGP,89229963-ad48-11ef-a450-e4a8dfc2a9a8,bioav,24,78,0.27252456545829773,0.06276583671569824,33140.0,0.32120615243911743,295,1
StandardGSGP,89229963-ad48-11ef-a450-e4a8dfc2a9a8,bioav,24,79,0.27252456545829773,0.06847310066223145,33236.0,0.32120615243911743,295,1
StandardGSGP,89229963-ad48-11ef-a450-e4a8dfc2a9a8,bioav,24,80,0.27252456545829773,0.06350207328796387,33264.0,0.32120615243911743,295,1
StandardGSGP,89229963-ad48-11ef-a450-e4a8dfc2a9a8,bioav,24,81,0.27252456545829773,0.06250882148742676,33314.0,0.32120615243911743,295,1
StandardGSGP,89229963-ad48-11ef-a450-e4a8dfc2a9a8,bioav,24,82,0.2711744010448456,0.0666208267211914,33300.0,0.31718048453330994,301,1
StandardGSGP,89229963-ad48-11ef-a450-e4a8dfc2a9a8,bioav,24,83,0.2711744010448456,0.061808109283447266,33342.0,0.31718048453330994,301,1
StandardGSGP,89229963-ad48-11ef-a450-e4a8dfc2a9a8,bioav,24,84,0.27114802598953247,0.06151008605957031,33634.0,0.32151466608047485,307,1
StandardGSGP,89229963-ad48-11ef-a450-e4a8dfc2a9a8,bioav,24,85,0.27112412452697754,0.06321024894714355,34122.0,0.3156541585922241,313,1
StandardGSGP,89229963-ad48-11ef-a450-e4a8dfc2a9a8,bioav,24,86,0.2706482708454132,0.06051921844482422,34638.0,0.3154968023300171,323,1
StandardGSGP,89229963-ad48-11ef-a450-e4a8dfc2a9a8,bioav,24,87,0.27029410004615784,0.06050992012023926,35102.0,0.319219708442688,319,1
StandardGSGP,89229963-ad48-11ef-a450-e4a8dfc2a9a8,bioav,24,88,0.2696557343006134,0.06299924850463867,35266.0,0.3185541033744812,325,1
StandardGSGP,89229963-ad48-11ef-a450-e4a8dfc2a9a8,bioav,24,89,0.26947757601737976,0.06750965118408203,35466.0,0.319219708442688,331,1
StandardGSGP,89229963-ad48-11ef-a450-e4a8dfc2a9a8,bioav,24,90,0.26910048723220825,0.06127786636352539,35922.0,0.31805795431137085,337,1
StandardGSGP,89229963-ad48-11ef-a450-e4a8dfc2a9a8,bioav,24,91,0.26910048723220825,0.06299877166748047,35866.0,0.31805795431137085,337,1
StandardGSGP,89229963-ad48-11ef-a450-e4a8dfc2a9a8,bioav,24,92,0.26910048723220825,0.060512542724609375,36248.0,0.31805795431137085,337,1
StandardGSGP,89229963-ad48-11ef-a450-e4a8dfc2a9a8,bioav,24,93,0.26910048723220825,0.06250500679016113,36820.0,0.31805795431137085,337,1
StandardGSGP,89229963-ad48-11ef-a450-e4a8dfc2a9a8,bioav,24,94,0.2685765027999878,0.06099867820739746,37114.0,0.3171252906322479,343,1
StandardGSGP,89229963-ad48-11ef-a450-e4a8dfc2a9a8,bioav,24,95,0.2685765027999878,0.06251192092895508,37460.0,0.3171252906322479,343,1
StandardGSGP,89229963-ad48-11ef-a450-e4a8dfc2a9a8,bioav,24,96,0.2685765027999878,0.06435561180114746,37792.0,0.3171252906322479,343,1
StandardGSGP,89229963-ad48-11ef-a450-e4a8dfc2a9a8,bioav,24,97,0.2685765027999878,0.06050610542297363,38236.0,0.3171252906322479,343,1
StandardGSGP,89229963-ad48-11ef-a450-e4a8dfc2a9a8,bioav,24,98,0.26805415749549866,0.06650924682617188,38576.0,0.3196244239807129,355,1
StandardGSGP,89229963-ad48-11ef-a450-e4a8dfc2a9a8,bioav,24,99,0.2680070698261261,0.06722378730773926,39036.0,0.31833550333976746,361,1
StandardGSGP,89229963-ad48-11ef-a450-e4a8dfc2a9a8,bioav,24,100,0.2680070698261261,0.061870574951171875,39770.0,0.31833550333976746,361,1
StandardGSGP,05b5c2f9-ad49-11ef-86ea-e4a8dfc2a9a8,bioav,24,0,54.5301513671875,0.09500336647033691,1344.0,53.38935852050781,3,1
StandardGSGP,05b5c2f9-ad49-11ef-86ea-e4a8dfc2a9a8,bioav,24,1,54.5140266418457,0.0725090503692627,1354.0,53.37834548950195,9,1
StandardGSGP,05b5c2f9-ad49-11ef-86ea-e4a8dfc2a9a8,bioav,24,2,54.13847732543945,0.061510324478149414,1858.0,53.03880310058594,15,1
StandardGSGP,05b5c2f9-ad49-11ef-86ea-e4a8dfc2a9a8,bioav,24,3,54.13792419433594,0.06321096420288086,2106.0,53.03880310058594,21,1
StandardGSGP,05b5c2f9-ad49-11ef-86ea-e4a8dfc2a9a8,bioav,24,4,53.8646240234375,0.06451272964477539,2670.0,52.786338806152344,27,1
StandardGSGP,05b5c2f9-ad49-11ef-86ea-e4a8dfc2a9a8,bioav,24,5,53.75992965698242,0.06451129913330078,3256.0,52.68922424316406,33,1
StandardGSGP,05b5c2f9-ad49-11ef-86ea-e4a8dfc2a9a8,bioav,24,6,53.55252456665039,0.06932282447814941,3854.0,52.48983383178711,39,1
StandardGSGP,05b5c2f9-ad49-11ef-86ea-e4a8dfc2a9a8,bioav,24,7,53.3078498840332,0.07251715660095215,4484.0,52.26776123046875,47,1
StandardGSGP,05b5c2f9-ad49-11ef-86ea-e4a8dfc2a9a8,bioav,24,8,53.067684173583984,0.06934022903442383,5102.0,52.01426315307617,53,1
StandardGSGP,05b5c2f9-ad49-11ef-86ea-e4a8dfc2a9a8,bioav,24,9,52.93812942504883,0.06549382209777832,5776.0,51.904876708984375,59,1
StandardGSGP,05b5c2f9-ad49-11ef-86ea-e4a8dfc2a9a8,bioav,24,10,52.71029281616211,0.0701754093170166,6418.0,51.68158721923828,65,1
StandardGSGP,05b5c2f9-ad49-11ef-86ea-e4a8dfc2a9a8,bioav,24,11,52.409576416015625,0.060758352279663086,7036.0,51.4013671875,71,1
StandardGSGP,05b5c2f9-ad49-11ef-86ea-e4a8dfc2a9a8,bioav,24,12,52.24491882324219,0.06179165840148926,7652.0,51.252296447753906,77,1
StandardGSGP,05b5c2f9-ad49-11ef-86ea-e4a8dfc2a9a8,bioav,24,13,52.111236572265625,0.06409955024719238,8254.0,51.170963287353516,83,1
StandardGSGP,05b5c2f9-ad49-11ef-86ea-e4a8dfc2a9a8,bioav,24,14,51.97943115234375,0.14887142181396484,8788.0,50.99909973144531,83,1
StandardGSGP,05b5c2f9-ad49-11ef-86ea-e4a8dfc2a9a8,bioav,24,15,51.708065032958984,0.062273502349853516,9358.0,50.74302673339844,89,1
StandardGSGP,05b5c2f9-ad49-11ef-86ea-e4a8dfc2a9a8,bioav,24,16,51.364479064941406,0.06551003456115723,9898.0,50.4317512512207,95,1
StandardGSGP,05b5c2f9-ad49-11ef-86ea-e4a8dfc2a9a8,bioav,24,17,51.22926712036133,0.06400299072265625,10484.0,50.37381362915039,107,1
StandardGSGP,05b5c2f9-ad49-11ef-86ea-e4a8dfc2a9a8,bioav,24,18,50.895751953125,0.06251811981201172,11140.0,50.03811264038086,115,1
StandardGSGP,05b5c2f9-ad49-11ef-86ea-e4a8dfc2a9a8,bioav,24,19,50.732566833496094,0.06240487098693848,11792.0,49.9178352355957,121,1
StandardGSGP,05b5c2f9-ad49-11ef-86ea-e4a8dfc2a9a8,bioav,24,20,50.53709411621094,0.06200098991394043,12396.0,49.732688903808594,127,1
StandardGSGP,05b5c2f9-ad49-11ef-86ea-e4a8dfc2a9a8,bioav,24,21,50.35731887817383,0.06250572204589844,13124.0,49.5570068359375,133,1
StandardGSGP,05b5c2f9-ad49-11ef-86ea-e4a8dfc2a9a8,bioav,24,22,50.18990707397461,0.06364178657531738,13744.0,49.41920471191406,133,1
StandardGSGP,05b5c2f9-ad49-11ef-86ea-e4a8dfc2a9a8,bioav,24,23,49.850589752197266,0.06199979782104492,14338.0,49.076560974121094,147,1
StandardGSGP,05b5c2f9-ad49-11ef-86ea-e4a8dfc2a9a8,bioav,24,24,49.41632843017578,0.06150960922241211,15012.0,48.723045349121094,151,1
StandardGSGP,05b5c2f9-ad49-11ef-86ea-e4a8dfc2a9a8,bioav,24,25,49.40742111206055,0.06351065635681152,15624.0,48.71979904174805,157,1
StandardGSGP,05b5c2f9-ad49-11ef-86ea-e4a8dfc2a9a8,bioav,24,26,49.18730545043945,0.07443690299987793,16298.0,48.51357650756836,163,1
StandardGSGP,05b5c2f9-ad49-11ef-86ea-e4a8dfc2a9a8,bioav,24,27,48.93916320800781,0.07465505599975586,16886.0,48.279170989990234,169,1
StandardGSGP,05b5c2f9-ad49-11ef-86ea-e4a8dfc2a9a8,bioav,24,28,48.70988464355469,0.0785672664642334,17414.0,48.08298873901367,175,1
StandardGSGP,05b5c2f9-ad49-11ef-86ea-e4a8dfc2a9a8,bioav,24,29,48.60380554199219,0.07336950302124023,18038.0,48.00033950805664,181,1
StandardGSGP,05b5c2f9-ad49-11ef-86ea-e4a8dfc2a9a8,bioav,24,30,48.48139572143555,0.06700301170349121,18650.0,47.79999542236328,189,1
StandardGSGP,05b5c2f9-ad49-11ef-86ea-e4a8dfc2a9a8,bioav,24,31,48.1641845703125,0.07380390167236328,19226.0,47.510833740234375,195,1
StandardGSGP,05b5c2f9-ad49-11ef-86ea-e4a8dfc2a9a8,bioav,24,32,48.0601806640625,0.0682525634765625,19784.0,47.419795989990234,201,1
StandardGSGP,05b5c2f9-ad49-11ef-86ea-e4a8dfc2a9a8,bioav,24,33,47.9031867980957,0.06746411323547363,20470.0,47.27252197265625,207,1
StandardGSGP,05b5c2f9-ad49-11ef-86ea-e4a8dfc2a9a8,bioav,24,34,47.767173767089844,0.07504606246948242,21132.0,47.19197463989258,213,1
StandardGSGP,05b5c2f9-ad49-11ef-86ea-e4a8dfc2a9a8,bioav,24,35,47.567562103271484,0.06754064559936523,21764.0,47.00741958618164,221,1
StandardGSGP,05b5c2f9-ad49-11ef-86ea-e4a8dfc2a9a8,bioav,24,36,47.44129943847656,0.07005119323730469,22372.0,46.9050407409668,219,1
StandardGSGP,05b5c2f9-ad49-11ef-86ea-e4a8dfc2a9a8,bioav,24,37,47.138729095458984,0.07116222381591797,23038.0,46.589378356933594,231,1
StandardGSGP,05b5c2f9-ad49-11ef-86ea-e4a8dfc2a9a8,bioav,24,38,47.0533561706543,0.0719308853149414,23580.0,46.561119079589844,231,1
StandardGSGP,05b5c2f9-ad49-11ef-86ea-e4a8dfc2a9a8,bioav,24,39,47.05165481567383,0.07052111625671387,24066.0,46.514427185058594,237,1
StandardGSGP,05b5c2f9-ad49-11ef-86ea-e4a8dfc2a9a8,bioav,24,40,46.73170852661133,0.07057356834411621,24562.0,46.264732360839844,237,1
StandardGSGP,05b5c2f9-ad49-11ef-86ea-e4a8dfc2a9a8,bioav,24,41,46.73170852661133,0.0694284439086914,24930.0,46.264732360839844,237,1
StandardGSGP,05b5c2f9-ad49-11ef-86ea-e4a8dfc2a9a8,bioav,24,42,46.5986442565918,0.06852459907531738,25390.0,46.15666580200195,249,1
StandardGSGP,05b5c2f9-ad49-11ef-86ea-e4a8dfc2a9a8,bioav,24,43,46.30685043334961,0.06843066215515137,25852.0,45.87891387939453,267,1
StandardGSGP,05b5c2f9-ad49-11ef-86ea-e4a8dfc2a9a8,bioav,24,44,46.139747619628906,0.06599879264831543,26266.0,45.74680709838867,261,1
StandardGSGP,05b5c2f9-ad49-11ef-86ea-e4a8dfc2a9a8,bioav,24,45,46.05123519897461,0.06601500511169434,26816.0,45.66011428833008,269,1
StandardGSGP,05b5c2f9-ad49-11ef-86ea-e4a8dfc2a9a8,bioav,24,46,45.81401062011719,0.07985091209411621,27716.0,45.45082473754883,273,1
StandardGSGP,05b5c2f9-ad49-11ef-86ea-e4a8dfc2a9a8,bioav,24,47,45.764888763427734,0.08764386177062988,28488.0,45.41015625,279,1
StandardGSGP,05b5c2f9-ad49-11ef-86ea-e4a8dfc2a9a8,bioav,24,48,45.42298126220703,0.08130478858947754,29064.0,45.10086441040039,279,1
StandardGSGP,05b5c2f9-ad49-11ef-86ea-e4a8dfc2a9a8,bioav,24,49,45.27220916748047,0.07526111602783203,29574.0,44.973026275634766,303,1
StandardGSGP,05b5c2f9-ad49-11ef-86ea-e4a8dfc2a9a8,bioav,24,50,45.094970703125,0.07226967811584473,30068.0,44.80426025390625,309,1
StandardGSGP,05b5c2f9-ad49-11ef-86ea-e4a8dfc2a9a8,bioav,24,51,44.950836181640625,0.06604957580566406,30644.0,44.68799591064453,315,1
StandardGSGP,05b5c2f9-ad49-11ef-86ea-e4a8dfc2a9a8,bioav,24,52,44.757957458496094,0.07492876052856445,31150.0,44.53955078125,311,1
StandardGSGP,05b5c2f9-ad49-11ef-86ea-e4a8dfc2a9a8,bioav,24,53,44.66635513305664,0.06627082824707031,31982.0,44.42523193359375,327,1
StandardGSGP,05b5c2f9-ad49-11ef-86ea-e4a8dfc2a9a8,bioav,24,54,44.44548034667969,0.07379150390625,32692.0,44.23970031738281,333,1
StandardGSGP,05b5c2f9-ad49-11ef-86ea-e4a8dfc2a9a8,bioav,24,55,44.125431060791016,0.06731700897216797,33420.0,43.96181869506836,329,1
StandardGSGP,05b5c2f9-ad49-11ef-86ea-e4a8dfc2a9a8,bioav,24,56,43.94404220581055,0.07763314247131348,34012.0,43.80418014526367,335,1
StandardGSGP,05b5c2f9-ad49-11ef-86ea-e4a8dfc2a9a8,bioav,24,57,43.70164108276367,0.07300996780395508,34572.0,43.57552719116211,351,1
StandardGSGP,05b5c2f9-ad49-11ef-86ea-e4a8dfc2a9a8,bioav,24,58,43.584205627441406,0.07203221321105957,34932.0,43.47367477416992,357,1
StandardGSGP,05b5c2f9-ad49-11ef-86ea-e4a8dfc2a9a8,bioav,24,59,43.55278396606445,0.06569242477416992,35518.0,43.46251678466797,363,1
StandardGSGP,05b5c2f9-ad49-11ef-86ea-e4a8dfc2a9a8,bioav,24,60,43.39775085449219,0.07785964012145996,36398.0,43.330989837646484,369,1
StandardGSGP,05b5c2f9-ad49-11ef-86ea-e4a8dfc2a9a8,bioav,24,61,43.28672790527344,0.07635736465454102,37334.0,43.22298049926758,375,1
StandardGSGP,05b5c2f9-ad49-11ef-86ea-e4a8dfc2a9a8,bioav,24,62,43.16461181640625,0.0659780502319336,37908.0,43.10942077636719,381,1
StandardGSGP,05b5c2f9-ad49-11ef-86ea-e4a8dfc2a9a8,bioav,24,63,43.00471496582031,0.06545042991638184,38556.0,42.983707427978516,387,1
StandardGSGP,05b5c2f9-ad49-11ef-86ea-e4a8dfc2a9a8,bioav,24,64,42.81405258178711,0.0692741870880127,39164.0,42.809566497802734,393,1
StandardGSGP,05b5c2f9-ad49-11ef-86ea-e4a8dfc2a9a8,bioav,24,65,42.69303512573242,0.0696566104888916,39706.0,42.71076583862305,399,1
StandardGSGP,05b5c2f9-ad49-11ef-86ea-e4a8dfc2a9a8,bioav,24,66,42.44976043701172,0.06651163101196289,40412.0,42.53689193725586,405,1
StandardGSGP,05b5c2f9-ad49-11ef-86ea-e4a8dfc2a9a8,bioav,24,67,42.18199920654297,0.07446575164794922,41076.0,42.30253982543945,411,1
StandardGSGP,05b5c2f9-ad49-11ef-86ea-e4a8dfc2a9a8,bioav,24,68,42.08778381347656,0.0725862979888916,41646.0,42.22646713256836,417,1
StandardGSGP,05b5c2f9-ad49-11ef-86ea-e4a8dfc2a9a8,bioav,24,69,41.976863861083984,0.06999683380126953,42226.0,42.13465118408203,417,1
StandardGSGP,05b5c2f9-ad49-11ef-86ea-e4a8dfc2a9a8,bioav,24,70,41.75518798828125,0.07880091667175293,42674.0,41.94322967529297,425,1
StandardGSGP,05b5c2f9-ad49-11ef-86ea-e4a8dfc2a9a8,bioav,24,71,41.528594970703125,0.08019804954528809,43156.0,41.758358001708984,431,1
StandardGSGP,05b5c2f9-ad49-11ef-86ea-e4a8dfc2a9a8,bioav,24,72,41.27811813354492,0.07401490211486816,43702.0,41.5709342956543,435,1
StandardGSGP,05b5c2f9-ad49-11ef-86ea-e4a8dfc2a9a8,bioav,24,73,40.920772552490234,0.07798504829406738,44210.0,41.242919921875,443,1
StandardGSGP,05b5c2f9-ad49-11ef-86ea-e4a8dfc2a9a8,bioav,24,74,40.819149017333984,0.07177352905273438,44790.0,41.166229248046875,449,1
StandardGSGP,05b5c2f9-ad49-11ef-86ea-e4a8dfc2a9a8,bioav,24,75,40.71149826049805,0.0685129165649414,45302.0,41.0740852355957,455,1
StandardGSGP,05b5c2f9-ad49-11ef-86ea-e4a8dfc2a9a8,bioav,24,76,40.65129852294922,0.06600046157836914,46032.0,41.00985336303711,463,1
StandardGSGP,05b5c2f9-ad49-11ef-86ea-e4a8dfc2a9a8,bioav,24,77,40.444374084472656,0.072509765625,46696.0,40.852317810058594,467,1
StandardGSGP,05b5c2f9-ad49-11ef-86ea-e4a8dfc2a9a8,bioav,24,78,40.3724479675293,0.13895440101623535,47294.0,40.78738784790039,475,1
StandardGSGP,05b5c2f9-ad49-11ef-86ea-e4a8dfc2a9a8,bioav,24,79,40.238067626953125,0.06250619888305664,47930.0,40.67387771606445,481,1
StandardGSGP,05b5c2f9-ad49-11ef-86ea-e4a8dfc2a9a8,bioav,24,80,39.96684646606445,0.06784629821777344,48562.0,40.42917251586914,487,1
StandardGSGP,05b5c2f9-ad49-11ef-86ea-e4a8dfc2a9a8,bioav,24,81,39.88998031616211,0.0630042552947998,49170.0,40.367374420166016,493,1
StandardGSGP,05b5c2f9-ad49-11ef-86ea-e4a8dfc2a9a8,bioav,24,82,39.642181396484375,0.06311440467834473,49734.0,40.164794921875,499,1
StandardGSGP,05b5c2f9-ad49-11ef-86ea-e4a8dfc2a9a8,bioav,24,83,39.60129165649414,0.07230734825134277,50382.0,40.14210891723633,507,1
StandardGSGP,05b5c2f9-ad49-11ef-86ea-e4a8dfc2a9a8,bioav,24,84,39.54869079589844,0.06400156021118164,51070.0,40.08750534057617,505,1
StandardGSGP,05b5c2f9-ad49-11ef-86ea-e4a8dfc2a9a8,bioav,24,85,39.36528396606445,0.061588287353515625,51658.0,39.949161529541016,517,1
StandardGSGP,05b5c2f9-ad49-11ef-86ea-e4a8dfc2a9a8,bioav,24,86,39.03596878051758,0.06742286682128906,52294.0,39.69336700439453,525,1
StandardGSGP,05b5c2f9-ad49-11ef-86ea-e4a8dfc2a9a8,bioav,24,87,39.02257537841797,0.06450247764587402,53000.0,39.68367004394531,531,1
StandardGSGP,05b5c2f9-ad49-11ef-86ea-e4a8dfc2a9a8,bioav,24,88,38.79814147949219,0.06351065635681152,53632.0,39.5143928527832,537,1
StandardGSGP,05b5c2f9-ad49-11ef-86ea-e4a8dfc2a9a8,bioav,24,89,38.75819778442383,0.06345987319946289,54218.0,39.47542190551758,543,1
StandardGSGP,05b5c2f9-ad49-11ef-86ea-e4a8dfc2a9a8,bioav,24,90,38.7449951171875,0.06284213066101074,54734.0,39.45758819580078,549,1
StandardGSGP,05b5c2f9-ad49-11ef-86ea-e4a8dfc2a9a8,bioav,24,91,38.47731399536133,0.06334090232849121,55370.0,39.32358169555664,549,1
StandardGSGP,05b5c2f9-ad49-11ef-86ea-e4a8dfc2a9a8,bioav,24,92,38.320953369140625,0.06350922584533691,55990.0,39.155242919921875,561,1
StandardGSGP,05b5c2f9-ad49-11ef-86ea-e4a8dfc2a9a8,bioav,24,93,38.320953369140625,0.0620119571685791,56480.0,39.155242919921875,561,1
StandardGSGP,05b5c2f9-ad49-11ef-86ea-e4a8dfc2a9a8,bioav,24,94,38.23671340942383,0.06968808174133301,56968.0,39.08912658691406,567,1
StandardGSGP,05b5c2f9-ad49-11ef-86ea-e4a8dfc2a9a8,bioav,24,95,38.12163162231445,0.062011003494262695,57564.0,38.99643325805664,581,1
StandardGSGP,05b5c2f9-ad49-11ef-86ea-e4a8dfc2a9a8,bioav,24,96,38.026851654052734,0.06369924545288086,58238.0,38.928985595703125,581,1
StandardGSGP,05b5c2f9-ad49-11ef-86ea-e4a8dfc2a9a8,bioav,24,97,37.87806701660156,0.06395769119262695,58980.0,38.806678771972656,587,1
StandardGSGP,05b5c2f9-ad49-11ef-86ea-e4a8dfc2a9a8,bioav,24,98,37.74366760253906,0.0654306411743164,59576.0,38.732582092285156,599,1
StandardGSGP,05b5c2f9-ad49-11ef-86ea-e4a8dfc2a9a8,bioav,24,99,37.66925811767578,0.06299996376037598,60146.0,38.65518569946289,599,1
StandardGSGP,05b5c2f9-ad49-11ef-86ea-e4a8dfc2a9a8,bioav,24,100,37.490535736083984,0.06951117515563965,60818.0,38.539772033691406,613,1
