StandardGSGP,4ac5086a-ad48-11ef-be9f-e4a8dfc2a9a8,bioav,9,0,0.3468545377254486,0.056134939193725586,828.0,0.28667065501213074,3,1
StandardGSGP,4ac5086a-ad48-11ef-be9f-e4a8dfc2a9a8,bioav,9,1,0.32988443970680237,0.06151175498962402,1486.0,0.38882479071617126,11,1
StandardGSGP,4ac5086a-ad48-11ef-be9f-e4a8dfc2a9a8,bioav,9,2,0.3170323669910431,0.06185483932495117,1972.0,0.2901526689529419,15,1
StandardGSGP,4ac5086a-ad48-11ef-be9f-e4a8dfc2a9a8,bioav,9,3,0.31587979197502136,0.061811208724975586,2478.0,0.30377089977264404,21,1
StandardGSGP,4ac5086a-ad48-11ef-be9f-e4a8dfc2a9a8,bioav,9,4,0.31587979197502136,0.060002803802490234,2956.0,0.30377089977264404,21,1
StandardGSGP,4ac5086a-ad48-11ef-be9f-e4a8dfc2a9a8,bioav,9,5,0.31533297896385193,0.14590191841125488,3302.0,0.3033909201622009,33,1
StandardGSGP,4ac5086a-ad48-11ef-be9f-e4a8dfc2a9a8,bioav,9,6,0.31533297896385193,0.06123018264770508,3984.0,0.3033909201622009,33,1
StandardGSGP,4ac5086a-ad48-11ef-be9f-e4a8dfc2a9a8,bioav,9,7,0.31504613161087036,0.06116747856140137,4512.0,0.2949714660644531,45,1
StandardGSGP,4ac5086a-ad48-11ef-be9f-e4a8dfc2a9a8,bioav,9,8,0.31504613161087036,0.06251764297485352,5046.0,0.2949714660644531,45,1
StandardGSGP,4ac5086a-ad48-11ef-be9f-e4a8dfc2a9a8,bioav,9,9,0.31210580468177795,0.0615694522857666,5594.0,0.3045656681060791,57,1
StandardGSGP,4ac5086a-ad48-11ef-be9f-e4a8dfc2a9a8,bioav,9,10,0.3087279200553894,0.06450796127319336,6210.0,0.307298868894577,51,1
StandardGSGP,4ac5086a-ad48-11ef-be9f-e4a8dfc2a9a8,bioav,9,11,0.3070944845676422,0.06350994110107422,6686.0,0.30527263879776,57,1
StandardGSGP,4ac5086a-ad48-11ef-be9f-e4a8dfc2a9a8,bioav,9,12,0.3045772910118103,0.0625460147857666,7202.0,0.3054448664188385,63,1
StandardGSGP,4ac5086a-ad48-11ef-be9f-e4a8dfc2a9a8,bioav,9,13,0.3045411705970764,0.06325364112854004,7704.0,0.3051866292953491,69,1
StandardGSGP,4ac5086a-ad48-11ef-be9f-e4a8dfc2a9a8,bioav,9,14,0.3045411705970764,0.0648195743560791,8194.0,0.3051866292953491,69,1
StandardGSGP,4ac5086a-ad48-11ef-be9f-e4a8dfc2a9a8,bioav,9,15,0.3045411705970764,0.06615972518920898,8626.0,0.3051866292953491,69,1
StandardGSGP,4ac5086a-ad48-11ef-be9f-e4a8dfc2a9a8,bioav,9,16,0.3045411705970764,0.06250667572021484,9204.0,0.3051866292953491,69,1
StandardGSGP,4ac5086a-ad48-11ef-be9f-e4a8dfc2a9a8,bioav,9,17,0.3045411705970764,0.06276631355285645,9648.0,0.3051866292953491,69,1
StandardGSGP,4ac5086a-ad48-11ef-be9f-e4a8dfc2a9a8,bioav,9,18,0.30341798067092896,0.06356477737426758,9868.0,0.30464455485343933,99,1
StandardGSGP,4ac5086a-ad48-11ef-be9f-e4a8dfc2a9a8,bioav,9,19,0.30217689275741577,0.06735563278198242,10154.0,0.3039672076702118,105,1
StandardGSGP,4ac5086a-ad48-11ef-be9f-e4a8dfc2a9a8,bioav,9,20,0.3021083474159241,0.06681680679321289,10622.0,0.30437496304512024,111,1
StandardGSGP,4ac5086a-ad48-11ef-be9f-e4a8dfc2a9a8,bioav,9,21,0.3005079925060272,0.0629727840423584,10858.0,0.3039672076702118,111,1
StandardGSGP,4ac5086a-ad48-11ef-be9f-e4a8dfc2a9a8,bioav,9,22,0.3005079925060272,0.07189273834228516,11320.0,0.3039672076702118,111,1
StandardGSGP,4ac5086a-ad48-11ef-be9f-e4a8dfc2a9a8,bioav,9,23,0.3005079925060272,0.060511112213134766,11850.0,0.3039672076702118,111,1
StandardGSGP,4ac5086a-ad48-11ef-be9f-e4a8dfc2a9a8,bioav,9,24,0.3005079925060272,0.06790971755981445,12452.0,0.3039672076702118,111,1
StandardGSGP,4ac5086a-ad48-11ef-be9f-e4a8dfc2a9a8,bioav,9,25,0.30014917254447937,0.06695747375488281,12852.0,0.3119118809700012,117,1
StandardGSGP,4ac5086a-ad48-11ef-be9f-e4a8dfc2a9a8,bioav,9,26,0.2964165508747101,0.06412363052368164,13330.0,0.30367511510849,123,1
StandardGSGP,4ac5086a-ad48-11ef-be9f-e4a8dfc2a9a8,bioav,9,27,0.2964165508747101,0.06199908256530762,13952.0,0.30367511510849,123,1
StandardGSGP,4ac5086a-ad48-11ef-be9f-e4a8dfc2a9a8,bioav,9,28,0.2964165508747101,0.06749296188354492,14606.0,0.30367511510849,123,1
StandardGSGP,4ac5086a-ad48-11ef-be9f-e4a8dfc2a9a8,bioav,9,29,0.29640740156173706,0.06350994110107422,15110.0,0.30285289883613586,129,1
StandardGSGP,4ac5086a-ad48-11ef-be9f-e4a8dfc2a9a8,bioav,9,30,0.2950334846973419,0.06303215026855469,15802.0,0.31300538778305054,141,1
StandardGSGP,4ac5086a-ad48-11ef-be9f-e4a8dfc2a9a8,bioav,9,31,0.2937224507331848,0.0626075267791748,16278.0,0.3008664846420288,143,1
StandardGSGP,4ac5086a-ad48-11ef-be9f-e4a8dfc2a9a8,bioav,9,32,0.2937224507331848,0.060739755630493164,16816.0,0.3008664846420288,143,1
StandardGSGP,4ac5086a-ad48-11ef-be9f-e4a8dfc2a9a8,bioav,9,33,0.2936111390590668,0.0705101490020752,17396.0,0.2990316152572632,155,1
StandardGSGP,4ac5086a-ad48-11ef-be9f-e4a8dfc2a9a8,bioav,9,34,0.2906835079193115,0.0673515796661377,17984.0,0.30336761474609375,149,1
StandardGSGP,4ac5086a-ad48-11ef-be9f-e4a8dfc2a9a8,bioav,9,35,0.2906835079193115,0.06352710723876953,18266.0,0.30336761474609375,149,1
StandardGSGP,4ac5086a-ad48-11ef-be9f-e4a8dfc2a9a8,bioav,9,36,0.2906835079193115,0.06399989128112793,18556.0,0.30336761474609375,149,1
StandardGSGP,4ac5086a-ad48-11ef-be9f-e4a8dfc2a9a8,bioav,9,37,0.2905782163143158,0.06655716896057129,18678.0,0.2996932864189148,155,1
StandardGSGP,4ac5086a-ad48-11ef-be9f-e4a8dfc2a9a8,bioav,9,38,0.2905782163143158,0.07400703430175781,19342.0,0.2996932864189148,155,1
StandardGSGP,4ac5086a-ad48-11ef-be9f-e4a8dfc2a9a8,bioav,9,39,0.29030561447143555,0.07778000831604004,19624.0,0.29886576533317566,169,1
StandardGSGP,4ac5086a-ad48-11ef-be9f-e4a8dfc2a9a8,bioav,9,40,0.29030561447143555,0.07888674736022949,19944.0,0.29886576533317566,169,1
StandardGSGP,4ac5086a-ad48-11ef-be9f-e4a8dfc2a9a8,bioav,9,41,0.29030561447143555,0.07344818115234375,20420.0,0.29886576533317566,169,1
StandardGSGP,4ac5086a-ad48-11ef-be9f-e4a8dfc2a9a8,bioav,9,42,0.2878303527832031,0.06751585006713867,20722.0,0.29886576533317566,175,1
StandardGSGP,4ac5086a-ad48-11ef-be9f-e4a8dfc2a9a8,bioav,9,43,0.2878303527832031,0.09106254577636719,21370.0,0.29886576533317566,175,1
StandardGSGP,4ac5086a-ad48-11ef-be9f-e4a8dfc2a9a8,bioav,9,44,0.2878303527832031,0.08081197738647461,21654.0,0.29886576533317566,175,1
StandardGSGP,4ac5086a-ad48-11ef-be9f-e4a8dfc2a9a8,bioav,9,45,0.28776711225509644,0.06478357315063477,21928.0,0.29794976115226746,181,1
StandardGSGP,4ac5086a-ad48-11ef-be9f-e4a8dfc2a9a8,bioav,9,46,0.28776711225509644,0.08584904670715332,22302.0,0.29794976115226746,181,1
StandardGSGP,4ac5086a-ad48-11ef-be9f-e4a8dfc2a9a8,bioav,9,47,0.28776711225509644,0.0835115909576416,22706.0,0.29794976115226746,181,1
StandardGSGP,4ac5086a-ad48-11ef-be9f-e4a8dfc2a9a8,bioav,9,48,0.2875945568084717,0.07609272003173828,23036.0,0.2968290448188782,187,1
StandardGSGP,4ac5086a-ad48-11ef-be9f-e4a8dfc2a9a8,bioav,9,49,0.28685158491134644,0.0888524055480957,23360.0,0.29817578196525574,187,1
StandardGSGP,4ac5086a-ad48-11ef-be9f-e4a8dfc2a9a8,bioav,9,50,0.28685158491134644,0.06743288040161133,23996.0,0.29817578196525574,187,1
StandardGSGP,4ac5086a-ad48-11ef-be9f-e4a8dfc2a9a8,bioav,9,51,0.28685158491134644,0.09255433082580566,24262.0,0.29817578196525574,187,1
StandardGSGP,4ac5086a-ad48-11ef-be9f-e4a8dfc2a9a8,bioav,9,52,0.28555914759635925,0.06612443923950195,24862.0,0.2962914705276489,199,1
StandardGSGP,4ac5086a-ad48-11ef-be9f-e4a8dfc2a9a8,bioav,9,53,0.2852277159690857,0.06774687767028809,25108.0,0.29612964391708374,205,1
StandardGSGP,4ac5086a-ad48-11ef-be9f-e4a8dfc2a9a8,bioav,9,54,0.2852277159690857,0.06899619102478027,25614.0,0.29612964391708374,205,1
StandardGSGP,4ac5086a-ad48-11ef-be9f-e4a8dfc2a9a8,bioav,9,55,0.2852277159690857,0.06650495529174805,26008.0,0.29612964391708374,205,1
StandardGSGP,4ac5086a-ad48-11ef-be9f-e4a8dfc2a9a8,bioav,9,56,0.2852277159690857,0.06482481956481934,26702.0,0.29612964391708374,205,1
StandardGSGP,4ac5086a-ad48-11ef-be9f-e4a8dfc2a9a8,bioav,9,57,0.2852277159690857,0.07238364219665527,27544.0,0.29612964391708374,205,1
StandardGSGP,4ac5086a-ad48-11ef-be9f-e4a8dfc2a9a8,bioav,9,58,0.28494131565093994,0.07138204574584961,28672.0,0.29089340567588806,211,1
StandardGSGP,4ac5086a-ad48-11ef-be9f-e4a8dfc2a9a8,bioav,9,59,0.28494131565093994,0.09521818161010742,28754.0,0.29089340567588806,211,1
StandardGSGP,4ac5086a-ad48-11ef-be9f-e4a8dfc2a9a8,bioav,9,60,0.28494131565093994,0.08260536193847656,29472.0,0.29089340567588806,211,1
StandardGSGP,4ac5086a-ad48-11ef-be9f-e4a8dfc2a9a8,bioav,9,61,0.28494131565093994,0.09599852561950684,30206.0,0.29089340567588806,211,1
StandardGSGP,4ac5086a-ad48-11ef-be9f-e4a8dfc2a9a8,bioav,9,62,0.28431567549705505,0.08070921897888184,29880.0,0.29427117109298706,235,1
StandardGSGP,4ac5086a-ad48-11ef-be9f-e4a8dfc2a9a8,bioav,9,63,0.28431567549705505,0.07696914672851562,29576.0,0.29427117109298706,235,1
StandardGSGP,4ac5086a-ad48-11ef-be9f-e4a8dfc2a9a8,bioav,9,64,0.28431567549705505,0.07795214653015137,30202.0,0.29427117109298706,235,1
StandardGSGP,4ac5086a-ad48-11ef-be9f-e4a8dfc2a9a8,bioav,9,65,0.28431567549705505,0.08095073699951172,29770.0,0.29427117109298706,235,1
StandardGSGP,4ac5086a-ad48-11ef-be9f-e4a8dfc2a9a8,bioav,9,66,0.28422409296035767,0.0787363052368164,29900.0,0.29417768120765686,241,1
StandardGSGP,4ac5086a-ad48-11ef-be9f-e4a8dfc2a9a8,bioav,9,67,0.28422409296035767,0.06751441955566406,29760.0,0.29417768120765686,241,1
StandardGSGP,4ac5086a-ad48-11ef-be9f-e4a8dfc2a9a8,bioav,9,68,0.2830052673816681,0.08345675468444824,29626.0,0.30777326226234436,265,1
StandardGSGP,4ac5086a-ad48-11ef-be9f-e4a8dfc2a9a8,bioav,9,69,0.2830052673816681,0.06699848175048828,29236.0,0.30777326226234436,265,1
StandardGSGP,4ac5086a-ad48-11ef-be9f-e4a8dfc2a9a8,bioav,9,70,0.28121086955070496,0.0679624080657959,29474.0,0.28763049840927124,265,1
StandardGSGP,4ac5086a-ad48-11ef-be9f-e4a8dfc2a9a8,bioav,9,71,0.28121086955070496,0.07758545875549316,29028.0,0.28763049840927124,265,1
StandardGSGP,4ac5086a-ad48-11ef-be9f-e4a8dfc2a9a8,bioav,9,72,0.28084033727645874,0.07402563095092773,29000.0,0.28646063804626465,271,1
StandardGSGP,4ac5086a-ad48-11ef-be9f-e4a8dfc2a9a8,bioav,9,73,0.28084033727645874,0.07652592658996582,29372.0,0.28646063804626465,271,1
StandardGSGP,4ac5086a-ad48-11ef-be9f-e4a8dfc2a9a8,bioav,9,74,0.28084033727645874,0.07777881622314453,29324.0,0.28646063804626465,271,1
StandardGSGP,4ac5086a-ad48-11ef-be9f-e4a8dfc2a9a8,bioav,9,75,0.28084033727645874,0.15616822242736816,29908.0,0.28646063804626465,271,1
StandardGSGP,4ac5086a-ad48-11ef-be9f-e4a8dfc2a9a8,bioav,9,76,0.28084033727645874,0.07800436019897461,30288.0,0.28646063804626465,271,1
StandardGSGP,4ac5086a-ad48-11ef-be9f-e4a8dfc2a9a8,bioav,9,77,0.28038522601127625,0.06850695610046387,30774.0,0.2861087918281555,277,1
StandardGSGP,4ac5086a-ad48-11ef-be9f-e4a8dfc2a9a8,bioav,9,78,0.28038522601127625,0.07272076606750488,31410.0,0.2861087918281555,277,1
StandardGSGP,4ac5086a-ad48-11ef-be9f-e4a8dfc2a9a8,bioav,9,79,0.28038522601127625,0.07548689842224121,31724.0,0.2861087918281555,277,1
StandardGSGP,4ac5086a-ad48-11ef-be9f-e4a8dfc2a9a8,bioav,9,80,0.28038522601127625,0.07900667190551758,32150.0,0.2861087918281555,277,1
StandardGSGP,4ac5086a-ad48-11ef-be9f-e4a8dfc2a9a8,bioav,9,81,0.2792525887489319,0.07854485511779785,32574.0,0.29461854696273804,301,1
StandardGSGP,4ac5086a-ad48-11ef-be9f-e4a8dfc2a9a8,bioav,9,82,0.27924907207489014,0.07181620597839355,32840.0,0.29441267251968384,307,1
StandardGSGP,4ac5086a-ad48-11ef-be9f-e4a8dfc2a9a8,bioav,9,83,0.27924174070358276,0.06422185897827148,33192.0,0.2947336435317993,315,1
StandardGSGP,4ac5086a-ad48-11ef-be9f-e4a8dfc2a9a8,bioav,9,84,0.27924174070358276,0.07132744789123535,33668.0,0.2947336435317993,315,1
StandardGSGP,4ac5086a-ad48-11ef-be9f-e4a8dfc2a9a8,bioav,9,85,0.27924174070358276,0.0654902458190918,34032.0,0.2947336435317993,315,1
StandardGSGP,4ac5086a-ad48-11ef-be9f-e4a8dfc2a9a8,bioav,9,86,0.27924174070358276,0.06550979614257812,34468.0,0.2947336435317993,315,1
StandardGSGP,4ac5086a-ad48-11ef-be9f-e4a8dfc2a9a8,bioav,9,87,0.27924174070358276,0.07445406913757324,34858.0,0.2947336435317993,315,1
StandardGSGP,4ac5086a-ad48-11ef-be9f-e4a8dfc2a9a8,bioav,9,88,0.27924174070358276,0.06880784034729004,35456.0,0.2947336435317993,315,1
StandardGSGP,4ac5086a-ad48-11ef-be9f-e4a8dfc2a9a8,bioav,9,89,0.27924174070358276,0.0713660717010498,36368.0,0.2947336435317993,315,1
StandardGSGP,4ac5086a-ad48-11ef-be9f-e4a8dfc2a9a8,bioav,9,90,0.27924174070358276,0.06751084327697754,36638.0,0.2947336435317993,315,1
StandardGSGP,4ac5086a-ad48-11ef-be9f-e4a8dfc2a9a8,bioav,9,91,0.27911537885665894,0.06599926948547363,36234.0,0.29432183504104614,321,1
StandardGSGP,4ac5086a-ad48-11ef-be9f-e4a8dfc2a9a8,bioav,9,92,0.27911537885665894,0.06550884246826172,36722.0,0.29432183504104614,321,1
StandardGSGP,4ac5086a-ad48-11ef-be9f-e4a8dfc2a9a8,bioav,9,93,0.2786886990070343,0.07256579399108887,36968.0,0.2925301194190979,341,1
StandardGSGP,4ac5086a-ad48-11ef-be9f-e4a8dfc2a9a8,bioav,9,94,0.2786886990070343,0.07243609428405762,37508.0,0.2925301194190979,341,1
StandardGSGP,4ac5086a-ad48-11ef-be9f-e4a8dfc2a9a8,bioav,9,95,0.2786886990070343,0.07550692558288574,37818.0,0.2925301194190979,341,1
StandardGSGP,4ac5086a-ad48-11ef-be9f-e4a8dfc2a9a8,bioav,9,96,0.2786886990070343,0.06751203536987305,38000.0,0.2925301194190979,341,1
StandardGSGP,4ac5086a-ad48-11ef-be9f-e4a8dfc2a9a8,bioav,9,97,0.2786886990070343,0.07182526588439941,38496.0,0.2925301194190979,341,1
StandardGSGP,4ac5086a-ad48-11ef-be9f-e4a8dfc2a9a8,bioav,9,98,0.2786886990070343,0.0740501880645752,38392.0,0.2925301194190979,341,1
StandardGSGP,4ac5086a-ad48-11ef-be9f-e4a8dfc2a9a8,bioav,9,99,0.27852553129196167,0.06743049621582031,38422.0,0.29309120774269104,353,1
StandardGSGP,4ac5086a-ad48-11ef-be9f-e4a8dfc2a9a8,bioav,9,100,0.27852553129196167,0.06767392158508301,38962.0,0.29309120774269104,353,1
StandardGSGP,c7252cc5-ad48-11ef-a9f6-e4a8dfc2a9a8,bioav,9,0,62.2230110168457,0.08634185791015625,1340.0,62.105621337890625,3,1
StandardGSGP,c7252cc5-ad48-11ef-a9f6-e4a8dfc2a9a8,bioav,9,1,62.21025466918945,0.06551194190979004,1380.0,62.0867805480957,9,1
StandardGSGP,c7252cc5-ad48-11ef-a9f6-e4a8dfc2a9a8,bioav,9,2,62.03407287597656,0.06950950622558594,1808.0,61.913482666015625,15,1
StandardGSGP,c7252cc5-ad48-11ef-a9f6-e4a8dfc2a9a8,bioav,9,3,61.85738754272461,0.06713700294494629,2094.0,61.72489929199219,21,1
StandardGSGP,c7252cc5-ad48-11ef-a9f6-e4a8dfc2a9a8,bioav,9,4,61.13457107543945,0.0700995922088623,2590.0,60.97792053222656,27,1
StandardGSGP,c7252cc5-ad48-11ef-a9f6-e4a8dfc2a9a8,bioav,9,5,61.13005828857422,0.06650376319885254,3182.0,60.97792053222656,35,1
StandardGSGP,c7252cc5-ad48-11ef-a9f6-e4a8dfc2a9a8,bioav,9,6,61.000301361083984,0.06200695037841797,3730.0,60.83979415893555,33,1
StandardGSGP,c7252cc5-ad48-11ef-a9f6-e4a8dfc2a9a8,bioav,9,7,60.78215408325195,0.06450605392456055,4276.0,60.612518310546875,45,1
StandardGSGP,c7252cc5-ad48-11ef-a9f6-e4a8dfc2a9a8,bioav,9,8,60.55546569824219,0.06569695472717285,4912.0,60.363250732421875,51,1
StandardGSGP,c7252cc5-ad48-11ef-a9f6-e4a8dfc2a9a8,bioav,9,9,60.264156341552734,0.06471109390258789,5496.0,60.066341400146484,59,1
StandardGSGP,c7252cc5-ad48-11ef-a9f6-e4a8dfc2a9a8,bioav,9,10,60.14281463623047,0.06250953674316406,6132.0,59.96747589111328,63,1
StandardGSGP,c7252cc5-ad48-11ef-a9f6-e4a8dfc2a9a8,bioav,9,11,59.73888397216797,0.06216168403625488,6790.0,59.52349090576172,69,1
StandardGSGP,c7252cc5-ad48-11ef-a9f6-e4a8dfc2a9a8,bioav,9,12,59.43164825439453,0.0636434555053711,7436.0,59.20839309692383,75,1
StandardGSGP,c7252cc5-ad48-11ef-a9f6-e4a8dfc2a9a8,bioav,9,13,59.24260711669922,0.06615996360778809,8084.0,59.0119514465332,81,1
StandardGSGP,c7252cc5-ad48-11ef-a9f6-e4a8dfc2a9a8,bioav,9,14,59.118282318115234,0.06662321090698242,8676.0,58.88451385498047,87,1
StandardGSGP,c7252cc5-ad48-11ef-a9f6-e4a8dfc2a9a8,bioav,9,15,59.0120735168457,0.07337164878845215,9268.0,58.769264221191406,93,1
StandardGSGP,c7252cc5-ad48-11ef-a9f6-e4a8dfc2a9a8,bioav,9,16,58.75307846069336,0.06122326850891113,9882.0,58.501041412353516,99,1
StandardGSGP,c7252cc5-ad48-11ef-a9f6-e4a8dfc2a9a8,bioav,9,17,58.321998596191406,0.0699160099029541,10416.0,58.04410171508789,105,1
StandardGSGP,c7252cc5-ad48-11ef-a9f6-e4a8dfc2a9a8,bioav,9,18,58.18342971801758,0.06348133087158203,11008.0,57.89862823486328,111,1
StandardGSGP,c7252cc5-ad48-11ef-a9f6-e4a8dfc2a9a8,bioav,9,19,58.03315353393555,0.0695943832397461,11592.0,57.76516342163086,117,1
StandardGSGP,c7252cc5-ad48-11ef-a9f6-e4a8dfc2a9a8,bioav,9,20,57.7217903137207,0.06608295440673828,12202.0,57.39874267578125,123,1
StandardGSGP,c7252cc5-ad48-11ef-a9f6-e4a8dfc2a9a8,bioav,9,21,57.410648345947266,0.06200242042541504,12820.0,57.15164566040039,131,1
StandardGSGP,c7252cc5-ad48-11ef-a9f6-e4a8dfc2a9a8,bioav,9,22,57.25363540649414,0.06250715255737305,13458.0,56.98727798461914,137,1
StandardGSGP,c7252cc5-ad48-11ef-a9f6-e4a8dfc2a9a8,bioav,9,23,56.88664245605469,0.06525039672851562,14112.0,56.55622100830078,143,1
StandardGSGP,c7252cc5-ad48-11ef-a9f6-e4a8dfc2a9a8,bioav,9,24,56.64349365234375,0.06428265571594238,14692.0,56.299522399902344,149,1
StandardGSGP,c7252cc5-ad48-11ef-a9f6-e4a8dfc2a9a8,bioav,9,25,56.3839225769043,0.06650900840759277,15336.0,56.02971267700195,155,1
StandardGSGP,c7252cc5-ad48-11ef-a9f6-e4a8dfc2a9a8,bioav,9,26,56.07785415649414,0.06250810623168945,15964.0,55.70529556274414,161,1
StandardGSGP,c7252cc5-ad48-11ef-a9f6-e4a8dfc2a9a8,bioav,9,27,55.748680114746094,0.0650026798248291,16548.0,55.36674118041992,167,1
StandardGSGP,c7252cc5-ad48-11ef-a9f6-e4a8dfc2a9a8,bioav,9,28,55.49444580078125,0.0645298957824707,17118.0,55.07977294921875,173,1
StandardGSGP,c7252cc5-ad48-11ef-a9f6-e4a8dfc2a9a8,bioav,9,29,55.24973678588867,0.07105398178100586,17842.0,54.828060150146484,179,1
StandardGSGP,c7252cc5-ad48-11ef-a9f6-e4a8dfc2a9a8,bioav,9,30,54.61373519897461,0.06599783897399902,18432.0,54.16898727416992,185,1
StandardGSGP,c7252cc5-ad48-11ef-a9f6-e4a8dfc2a9a8,bioav,9,31,54.57719421386719,0.06550335884094238,19016.0,54.131019592285156,191,1
StandardGSGP,c7252cc5-ad48-11ef-a9f6-e4a8dfc2a9a8,bioav,9,32,54.454925537109375,0.06256413459777832,19630.0,54.007240295410156,191,1
StandardGSGP,c7252cc5-ad48-11ef-a9f6-e4a8dfc2a9a8,bioav,9,33,54.23538589477539,0.06626677513122559,20108.0,53.760643005371094,197,1
StandardGSGP,c7252cc5-ad48-11ef-a9f6-e4a8dfc2a9a8,bioav,9,34,54.173439025878906,0.06595420837402344,20548.0,53.71484375,203,1
StandardGSGP,c7252cc5-ad48-11ef-a9f6-e4a8dfc2a9a8,bioav,9,35,53.902957916259766,0.06366968154907227,21084.0,53.43439865112305,209,1
StandardGSGP,c7252cc5-ad48-11ef-a9f6-e4a8dfc2a9a8,bioav,9,36,53.6933479309082,0.0650031566619873,21602.0,53.21282196044922,215,1
StandardGSGP,c7252cc5-ad48-11ef-a9f6-e4a8dfc2a9a8,bioav,9,37,53.36946105957031,0.06250739097595215,22168.0,52.84560775756836,221,1
StandardGSGP,c7252cc5-ad48-11ef-a9f6-e4a8dfc2a9a8,bioav,9,38,53.19818115234375,0.06250929832458496,22766.0,52.733367919921875,229,1
StandardGSGP,c7252cc5-ad48-11ef-a9f6-e4a8dfc2a9a8,bioav,9,39,52.98804473876953,0.061998844146728516,23324.0,52.45074462890625,233,1
StandardGSGP,c7252cc5-ad48-11ef-a9f6-e4a8dfc2a9a8,bioav,9,40,52.81891632080078,0.061506032943725586,23884.0,52.281089782714844,239,1
StandardGSGP,c7252cc5-ad48-11ef-a9f6-e4a8dfc2a9a8,bioav,9,41,52.507537841796875,0.06468915939331055,24506.0,51.96139907836914,245,1
StandardGSGP,c7252cc5-ad48-11ef-a9f6-e4a8dfc2a9a8,bioav,9,42,52.33818054199219,0.06799936294555664,25116.0,51.7846565246582,251,1
StandardGSGP,c7252cc5-ad48-11ef-a9f6-e4a8dfc2a9a8,bioav,9,43,52.013851165771484,0.06270956993103027,25710.0,51.46101379394531,257,1
StandardGSGP,c7252cc5-ad48-11ef-a9f6-e4a8dfc2a9a8,bioav,9,44,51.76293182373047,0.06489801406860352,26268.0,51.1744384765625,263,1
StandardGSGP,c7252cc5-ad48-11ef-a9f6-e4a8dfc2a9a8,bioav,9,45,51.474666595458984,0.06627488136291504,26886.0,50.871490478515625,269,1
StandardGSGP,c7252cc5-ad48-11ef-a9f6-e4a8dfc2a9a8,bioav,9,46,51.391822814941406,0.06437993049621582,27446.0,50.77781677246094,275,1
StandardGSGP,c7252cc5-ad48-11ef-a9f6-e4a8dfc2a9a8,bioav,9,47,51.294273376464844,0.0688927173614502,28026.0,50.701683044433594,281,1
StandardGSGP,c7252cc5-ad48-11ef-a9f6-e4a8dfc2a9a8,bioav,9,48,51.09544372558594,0.0706639289855957,28564.0,50.465091705322266,281,1
StandardGSGP,c7252cc5-ad48-11ef-a9f6-e4a8dfc2a9a8,bioav,9,49,50.66887283325195,0.06851792335510254,29168.0,50.022308349609375,295,1
StandardGSGP,c7252cc5-ad48-11ef-a9f6-e4a8dfc2a9a8,bioav,9,50,50.66084289550781,0.0666499137878418,29802.0,50.03573226928711,301,1
StandardGSGP,c7252cc5-ad48-11ef-a9f6-e4a8dfc2a9a8,bioav,9,51,50.540870666503906,0.07094526290893555,30214.0,49.87556076049805,299,1
StandardGSGP,c7252cc5-ad48-11ef-a9f6-e4a8dfc2a9a8,bioav,9,52,50.292999267578125,0.06731128692626953,30890.0,49.654117584228516,305,1
StandardGSGP,c7252cc5-ad48-11ef-a9f6-e4a8dfc2a9a8,bioav,9,53,50.01687240600586,0.14073514938354492,31518.0,49.3200798034668,313,1
StandardGSGP,c7252cc5-ad48-11ef-a9f6-e4a8dfc2a9a8,bioav,9,54,49.90311050415039,0.06610679626464844,32158.0,49.20651626586914,319,1
StandardGSGP,c7252cc5-ad48-11ef-a9f6-e4a8dfc2a9a8,bioav,9,55,49.798683166503906,0.0693197250366211,32658.0,49.08169174194336,327,1
StandardGSGP,c7252cc5-ad48-11ef-a9f6-e4a8dfc2a9a8,bioav,9,56,49.493560791015625,0.062463998794555664,33278.0,48.75740432739258,333,1
StandardGSGP,c7252cc5-ad48-11ef-a9f6-e4a8dfc2a9a8,bioav,9,57,49.31770706176758,0.06370019912719727,33892.0,48.58983612060547,331,1
StandardGSGP,c7252cc5-ad48-11ef-a9f6-e4a8dfc2a9a8,bioav,9,58,49.09960174560547,0.0615997314453125,34366.0,48.35868835449219,337,1
StandardGSGP,c7252cc5-ad48-11ef-a9f6-e4a8dfc2a9a8,bioav,9,59,48.920902252197266,0.06290316581726074,34716.0,48.16831588745117,343,1
StandardGSGP,c7252cc5-ad48-11ef-a9f6-e4a8dfc2a9a8,bioav,9,60,48.7551383972168,0.06199789047241211,35082.0,48.01396942138672,349,1
StandardGSGP,c7252cc5-ad48-11ef-a9f6-e4a8dfc2a9a8,bioav,9,61,48.55352783203125,0.06950831413269043,35488.0,47.79359817504883,355,1
StandardGSGP,c7252cc5-ad48-11ef-a9f6-e4a8dfc2a9a8,bioav,9,62,48.290138244628906,0.06592202186584473,36048.0,47.531883239746094,361,1
StandardGSGP,c7252cc5-ad48-11ef-a9f6-e4a8dfc2a9a8,bioav,9,63,48.101898193359375,0.06809091567993164,36692.0,47.33248519897461,367,1
StandardGSGP,c7252cc5-ad48-11ef-a9f6-e4a8dfc2a9a8,bioav,9,64,48.101898193359375,0.06286191940307617,37304.0,47.33248519897461,367,1
StandardGSGP,c7252cc5-ad48-11ef-a9f6-e4a8dfc2a9a8,bioav,9,65,47.96332931518555,0.06350851058959961,37830.0,47.18429183959961,379,1
StandardGSGP,c7252cc5-ad48-11ef-a9f6-e4a8dfc2a9a8,bioav,9,66,47.645545959472656,0.06200003623962402,38406.0,46.857398986816406,379,1
StandardGSGP,c7252cc5-ad48-11ef-a9f6-e4a8dfc2a9a8,bioav,9,67,47.58039855957031,0.06431102752685547,38916.0,46.782875061035156,385,1
StandardGSGP,c7252cc5-ad48-11ef-a9f6-e4a8dfc2a9a8,bioav,9,68,47.412532806396484,0.061815500259399414,39426.0,46.6045036315918,391,1
StandardGSGP,c7252cc5-ad48-11ef-a9f6-e4a8dfc2a9a8,bioav,9,69,47.326969146728516,0.06500005722045898,39910.0,46.510948181152344,397,1
StandardGSGP,c7252cc5-ad48-11ef-a9f6-e4a8dfc2a9a8,bioav,9,70,47.24498748779297,0.06250953674316406,40366.0,46.444480895996094,403,1
StandardGSGP,c7252cc5-ad48-11ef-a9f6-e4a8dfc2a9a8,bioav,9,71,47.1480827331543,0.06550884246826172,40916.0,46.338314056396484,409,1
StandardGSGP,c7252cc5-ad48-11ef-a9f6-e4a8dfc2a9a8,bioav,9,72,46.84172058105469,0.07869505882263184,41502.0,46.00337219238281,415,1
StandardGSGP,c7252cc5-ad48-11ef-a9f6-e4a8dfc2a9a8,bioav,9,73,46.52257537841797,0.06450581550598145,42142.0,45.68075180053711,421,1
StandardGSGP,c7252cc5-ad48-11ef-a9f6-e4a8dfc2a9a8,bioav,9,74,46.519195556640625,0.06512117385864258,42700.0,45.67714309692383,427,1
StandardGSGP,c7252cc5-ad48-11ef-a9f6-e4a8dfc2a9a8,bioav,9,75,46.31629943847656,0.06525468826293945,43284.0,45.46254348754883,435,1
StandardGSGP,c7252cc5-ad48-11ef-a9f6-e4a8dfc2a9a8,bioav,9,76,46.07880783081055,0.06562042236328125,43882.0,45.210968017578125,443,1
StandardGSGP,c7252cc5-ad48-11ef-a9f6-e4a8dfc2a9a8,bioav,9,77,45.89663314819336,0.0694129467010498,44500.0,45.02687454223633,449,1
StandardGSGP,c7252cc5-ad48-11ef-a9f6-e4a8dfc2a9a8,bioav,9,78,45.62662124633789,0.061525583267211914,45108.0,44.743064880371094,455,1
StandardGSGP,c7252cc5-ad48-11ef-a9f6-e4a8dfc2a9a8,bioav,9,79,45.6077995300293,0.06374907493591309,45754.0,44.70851135253906,461,1
StandardGSGP,c7252cc5-ad48-11ef-a9f6-e4a8dfc2a9a8,bioav,9,80,45.566650390625,0.06263303756713867,46346.0,44.678897857666016,461,1
StandardGSGP,c7252cc5-ad48-11ef-a9f6-e4a8dfc2a9a8,bioav,9,81,45.35730743408203,0.06799960136413574,47106.0,44.440555572509766,467,1
StandardGSGP,c7252cc5-ad48-11ef-a9f6-e4a8dfc2a9a8,bioav,9,82,45.270660400390625,0.06572127342224121,47648.0,44.35284423828125,479,1
StandardGSGP,c7252cc5-ad48-11ef-a9f6-e4a8dfc2a9a8,bioav,9,83,44.76236343383789,0.06110382080078125,48140.0,43.810970306396484,485,1
StandardGSGP,c7252cc5-ad48-11ef-a9f6-e4a8dfc2a9a8,bioav,9,84,44.708160400390625,0.06399917602539062,48720.0,43.75291442871094,491,1
StandardGSGP,c7252cc5-ad48-11ef-a9f6-e4a8dfc2a9a8,bioav,9,85,44.60640335083008,0.06788873672485352,49214.0,43.64360427856445,497,1
StandardGSGP,c7252cc5-ad48-11ef-a9f6-e4a8dfc2a9a8,bioav,9,86,44.382328033447266,0.06251215934753418,50040.0,43.42064666748047,503,1
StandardGSGP,c7252cc5-ad48-11ef-a9f6-e4a8dfc2a9a8,bioav,9,87,44.15424346923828,0.06500244140625,50740.0,43.163818359375,503,1
StandardGSGP,c7252cc5-ad48-11ef-a9f6-e4a8dfc2a9a8,bioav,9,88,44.03577423095703,0.06300830841064453,51318.0,43.0406494140625,509,1
StandardGSGP,c7252cc5-ad48-11ef-a9f6-e4a8dfc2a9a8,bioav,9,89,43.71238708496094,0.06264805793762207,51836.0,42.68046188354492,515,1
StandardGSGP,c7252cc5-ad48-11ef-a9f6-e4a8dfc2a9a8,bioav,9,90,43.67572784423828,0.06668829917907715,52264.0,42.634605407714844,521,1
StandardGSGP,c7252cc5-ad48-11ef-a9f6-e4a8dfc2a9a8,bioav,9,91,43.494789123535156,0.06551074981689453,52756.0,42.46298599243164,527,1
StandardGSGP,c7252cc5-ad48-11ef-a9f6-e4a8dfc2a9a8,bioav,9,92,43.066471099853516,0.06551313400268555,53268.0,41.99616622924805,533,1
StandardGSGP,c7252cc5-ad48-11ef-a9f6-e4a8dfc2a9a8,bioav,9,93,43.066471099853516,0.06499981880187988,53802.0,41.99616622924805,533,1
StandardGSGP,c7252cc5-ad48-11ef-a9f6-e4a8dfc2a9a8,bioav,9,94,42.84463119506836,0.0650179386138916,54374.0,41.757789611816406,539,1
StandardGSGP,c7252cc5-ad48-11ef-a9f6-e4a8dfc2a9a8,bioav,9,95,42.75269317626953,0.06450915336608887,54924.0,41.667083740234375,545,1
StandardGSGP,c7252cc5-ad48-11ef-a9f6-e4a8dfc2a9a8,bioav,9,96,42.59425735473633,0.06399822235107422,55366.0,41.48739242553711,551,1
StandardGSGP,c7252cc5-ad48-11ef-a9f6-e4a8dfc2a9a8,bioav,9,97,42.360862731933594,0.06751370429992676,55726.0,41.24399948120117,557,1
StandardGSGP,c7252cc5-ad48-11ef-a9f6-e4a8dfc2a9a8,bioav,9,98,42.343563079833984,0.06751203536987305,56322.0,41.226871490478516,563,1
StandardGSGP,c7252cc5-ad48-11ef-a9f6-e4a8dfc2a9a8,bioav,9,99,42.25570297241211,0.06299901008605957,56870.0,41.12419509887695,569,1
StandardGSGP,c7252cc5-ad48-11ef-a9f6-e4a8dfc2a9a8,bioav,9,100,42.06059265136719,0.06219601631164551,57398.0,40.91816329956055,569,1
