StandardGSGP,63d93424-ad48-11ef-ba12-e4a8dfc2a9a8,bioav,15,0,0.3996478021144867,0.05629086494445801,832.0,0.4238491952419281,3,1
StandardGSGP,63d93424-ad48-11ef-ba12-e4a8dfc2a9a8,bioav,15,1,0.36542534828186035,0.061765193939208984,1270.0,0.3349423110485077,9,1
StandardGSGP,63d93424-ad48-11ef-ba12-e4a8dfc2a9a8,bioav,15,2,0.3192014992237091,0.06051015853881836,1888.0,0.3226264417171478,15,1
StandardGSGP,63d93424-ad48-11ef-ba12-e4a8dfc2a9a8,bioav,15,3,0.314178466796875,0.062232255935668945,2428.0,0.29703667759895325,21,1
StandardGSGP,63d93424-ad48-11ef-ba12-e4a8dfc2a9a8,bioav,15,4,0.314178466796875,0.061746835708618164,3108.0,0.29703667759895325,21,1
StandardGSGP,63d93424-ad48-11ef-ba12-e4a8dfc2a9a8,bioav,15,5,0.314178466796875,0.06100630760192871,3858.0,0.29703667759895325,21,1
StandardGSGP,63d93424-ad48-11ef-ba12-e4a8dfc2a9a8,bioav,15,6,0.3069674074649811,0.06450939178466797,4692.0,0.3071881830692291,33,1
StandardGSGP,63d93424-ad48-11ef-ba12-e4a8dfc2a9a8,bioav,15,7,0.30625781416893005,0.06551074981689453,5342.0,0.3094225823879242,39,1
StandardGSGP,63d93424-ad48-11ef-ba12-e4a8dfc2a9a8,bioav,15,8,0.29830968379974365,0.06457281112670898,5624.0,0.29826679825782776,45,1
StandardGSGP,63d93424-ad48-11ef-ba12-e4a8dfc2a9a8,bioav,15,9,0.29822951555252075,0.06810736656188965,6096.0,0.2981978952884674,51,1
StandardGSGP,63d93424-ad48-11ef-ba12-e4a8dfc2a9a8,bioav,15,10,0.29789069294929504,0.06351113319396973,6770.0,0.2983420491218567,57,1
StandardGSGP,63d93424-ad48-11ef-ba12-e4a8dfc2a9a8,bioav,15,11,0.29789069294929504,0.06339788436889648,7460.0,0.2983420491218567,57,1
StandardGSGP,63d93424-ad48-11ef-ba12-e4a8dfc2a9a8,bioav,15,12,0.29789069294929504,0.06501054763793945,7934.0,0.2983420491218567,57,1
StandardGSGP,63d93424-ad48-11ef-ba12-e4a8dfc2a9a8,bioav,15,13,0.29789069294929504,0.0635373592376709,8316.0,0.2983420491218567,57,1
StandardGSGP,63d93424-ad48-11ef-ba12-e4a8dfc2a9a8,bioav,15,14,0.29789069294929504,0.06452655792236328,8730.0,0.2983420491218567,57,1
StandardGSGP,63d93424-ad48-11ef-ba12-e4a8dfc2a9a8,bioav,15,15,0.2976461350917816,0.07098007202148438,8854.0,0.3073970675468445,63,1
StandardGSGP,63d93424-ad48-11ef-ba12-e4a8dfc2a9a8,bioav,15,16,0.29718032479286194,0.07125234603881836,9558.0,0.3217025101184845,69,1
StandardGSGP,63d93424-ad48-11ef-ba12-e4a8dfc2a9a8,bioav,15,17,0.29655978083610535,0.061516523361206055,10006.0,0.3026008605957031,93,1
StandardGSGP,63d93424-ad48-11ef-ba12-e4a8dfc2a9a8,bioav,15,18,0.29655978083610535,0.06380105018615723,10284.0,0.3026008605957031,93,1
StandardGSGP,63d93424-ad48-11ef-ba12-e4a8dfc2a9a8,bioav,15,19,0.29655978083610535,0.06400752067565918,10682.0,0.3026008605957031,93,1
StandardGSGP,63d93424-ad48-11ef-ba12-e4a8dfc2a9a8,bioav,15,20,0.2951078414916992,0.06151628494262695,11136.0,0.29785943031311035,87,1
StandardGSGP,63d93424-ad48-11ef-ba12-e4a8dfc2a9a8,bioav,15,21,0.2938021421432495,0.06999945640563965,11946.0,0.29601824283599854,123,1
StandardGSGP,63d93424-ad48-11ef-ba12-e4a8dfc2a9a8,bioav,15,22,0.2918718755245209,0.06551098823547363,12396.0,0.3109275996685028,131,1
StandardGSGP,63d93424-ad48-11ef-ba12-e4a8dfc2a9a8,bioav,15,23,0.2916828393936157,0.06190681457519531,12754.0,0.30808863043785095,137,1
StandardGSGP,63d93424-ad48-11ef-ba12-e4a8dfc2a9a8,bioav,15,24,0.2910858392715454,0.06870388984680176,13416.0,0.3099527060985565,145,1
StandardGSGP,63d93424-ad48-11ef-ba12-e4a8dfc2a9a8,bioav,15,25,0.2910858392715454,0.07584452629089355,14042.0,0.3099527060985565,145,1
StandardGSGP,63d93424-ad48-11ef-ba12-e4a8dfc2a9a8,bioav,15,26,0.2910858392715454,0.06796050071716309,14712.0,0.3099527060985565,145,1
StandardGSGP,63d93424-ad48-11ef-ba12-e4a8dfc2a9a8,bioav,15,27,0.2910858392715454,0.0630030632019043,15364.0,0.3099527060985565,145,1
StandardGSGP,63d93424-ad48-11ef-ba12-e4a8dfc2a9a8,bioav,15,28,0.290157675743103,0.06307339668273926,15940.0,0.312508225440979,163,1
StandardGSGP,63d93424-ad48-11ef-ba12-e4a8dfc2a9a8,bioav,15,29,0.28913089632987976,0.06202340126037598,16464.0,0.3151094913482666,169,1
StandardGSGP,63d93424-ad48-11ef-ba12-e4a8dfc2a9a8,bioav,15,30,0.28896287083625793,0.08329081535339355,17070.0,0.3140984773635864,175,1
StandardGSGP,63d93424-ad48-11ef-ba12-e4a8dfc2a9a8,bioav,15,31,0.28896287083625793,0.07634353637695312,17718.0,0.3140984773635864,175,1
StandardGSGP,63d93424-ad48-11ef-ba12-e4a8dfc2a9a8,bioav,15,32,0.2881797254085541,0.07902741432189941,18280.0,0.31620916724205017,181,1
StandardGSGP,63d93424-ad48-11ef-ba12-e4a8dfc2a9a8,bioav,15,33,0.2881797254085541,0.07635498046875,18864.0,0.31620916724205017,181,1
StandardGSGP,63d93424-ad48-11ef-ba12-e4a8dfc2a9a8,bioav,15,34,0.2881295084953308,0.07895541191101074,19480.0,0.31695154309272766,187,1
StandardGSGP,63d93424-ad48-11ef-ba12-e4a8dfc2a9a8,bioav,15,35,0.2881295084953308,0.0823817253112793,20218.0,0.31695154309272766,187,1
StandardGSGP,63d93424-ad48-11ef-ba12-e4a8dfc2a9a8,bioav,15,36,0.2881295084953308,0.08503103256225586,20828.0,0.31695154309272766,187,1
StandardGSGP,63d93424-ad48-11ef-ba12-e4a8dfc2a9a8,bioav,15,37,0.28792911767959595,0.07012057304382324,21420.0,0.3155441880226135,195,1
StandardGSGP,63d93424-ad48-11ef-ba12-e4a8dfc2a9a8,bioav,15,38,0.28792911767959595,0.07062506675720215,21922.0,0.3155441880226135,195,1
StandardGSGP,63d93424-ad48-11ef-ba12-e4a8dfc2a9a8,bioav,15,39,0.28664925694465637,0.06750965118408203,22266.0,0.3184448778629303,199,1
StandardGSGP,63d93424-ad48-11ef-ba12-e4a8dfc2a9a8,bioav,15,40,0.28637465834617615,0.06980323791503906,22522.0,0.3275977671146393,205,1
StandardGSGP,63d93424-ad48-11ef-ba12-e4a8dfc2a9a8,bioav,15,41,0.28637465834617615,0.07778644561767578,22928.0,0.3275977671146393,205,1
StandardGSGP,63d93424-ad48-11ef-ba12-e4a8dfc2a9a8,bioav,15,42,0.2862558364868164,0.07790899276733398,23260.0,0.31787607073783875,211,1
StandardGSGP,63d93424-ad48-11ef-ba12-e4a8dfc2a9a8,bioav,15,43,0.2856556177139282,0.08301210403442383,23618.0,0.3263413608074188,211,1
StandardGSGP,63d93424-ad48-11ef-ba12-e4a8dfc2a9a8,bioav,15,44,0.2856556177139282,0.07613754272460938,24012.0,0.3263413608074188,211,1
StandardGSGP,63d93424-ad48-11ef-ba12-e4a8dfc2a9a8,bioav,15,45,0.2856556177139282,0.08082270622253418,24538.0,0.3263413608074188,211,1
StandardGSGP,63d93424-ad48-11ef-ba12-e4a8dfc2a9a8,bioav,15,46,0.2854859530925751,0.08031105995178223,25176.0,0.3263413608074188,217,1
StandardGSGP,63d93424-ad48-11ef-ba12-e4a8dfc2a9a8,bioav,15,47,0.2854859530925751,0.07817912101745605,25714.0,0.3263413608074188,217,1
StandardGSGP,63d93424-ad48-11ef-ba12-e4a8dfc2a9a8,bioav,15,48,0.28539976477622986,0.0685110092163086,26440.0,0.3262587785720825,223,1
StandardGSGP,63d93424-ad48-11ef-ba12-e4a8dfc2a9a8,bioav,15,49,0.28539976477622986,0.0621793270111084,26516.0,0.3262587785720825,223,1
StandardGSGP,63d93424-ad48-11ef-ba12-e4a8dfc2a9a8,bioav,15,50,0.28539976477622986,0.06347775459289551,26840.0,0.3262587785720825,223,1
StandardGSGP,63d93424-ad48-11ef-ba12-e4a8dfc2a9a8,bioav,15,51,0.2833431363105774,0.09396529197692871,27142.0,0.34064507484436035,247,1
StandardGSGP,63d93424-ad48-11ef-ba12-e4a8dfc2a9a8,bioav,15,52,0.2833431363105774,0.09173178672790527,27162.0,0.34064507484436035,247,1
StandardGSGP,63d93424-ad48-11ef-ba12-e4a8dfc2a9a8,bioav,15,53,0.28316718339920044,0.0931396484375,27452.0,0.34379857778549194,259,1
StandardGSGP,63d93424-ad48-11ef-ba12-e4a8dfc2a9a8,bioav,15,54,0.28316718339920044,0.17794442176818848,27562.0,0.34379857778549194,259,1
StandardGSGP,63d93424-ad48-11ef-ba12-e4a8dfc2a9a8,bioav,15,55,0.28164711594581604,0.06653666496276855,28082.0,0.33416780829429626,253,1
StandardGSGP,63d93424-ad48-11ef-ba12-e4a8dfc2a9a8,bioav,15,56,0.2802799642086029,0.06649208068847656,27626.0,0.3389297425746918,271,1
StandardGSGP,63d93424-ad48-11ef-ba12-e4a8dfc2a9a8,bioav,15,57,0.2802799642086029,0.06432890892028809,27964.0,0.3389297425746918,271,1
StandardGSGP,63d93424-ad48-11ef-ba12-e4a8dfc2a9a8,bioav,15,58,0.2802799642086029,0.06296515464782715,28218.0,0.3389297425746918,271,1
StandardGSGP,63d93424-ad48-11ef-ba12-e4a8dfc2a9a8,bioav,15,59,0.2802799642086029,0.06177949905395508,28618.0,0.3389297425746918,271,1
StandardGSGP,63d93424-ad48-11ef-ba12-e4a8dfc2a9a8,bioav,15,60,0.2802799642086029,0.06256222724914551,29072.0,0.3389297425746918,271,1
StandardGSGP,63d93424-ad48-11ef-ba12-e4a8dfc2a9a8,bioav,15,61,0.2796905040740967,0.061517953872680664,29490.0,0.3389297425746918,277,1
StandardGSGP,63d93424-ad48-11ef-ba12-e4a8dfc2a9a8,bioav,15,62,0.2796905040740967,0.06350922584533691,30024.0,0.3389297425746918,277,1
StandardGSGP,63d93424-ad48-11ef-ba12-e4a8dfc2a9a8,bioav,15,63,0.2796905040740967,0.06534433364868164,30772.0,0.3389297425746918,277,1
StandardGSGP,63d93424-ad48-11ef-ba12-e4a8dfc2a9a8,bioav,15,64,0.2796905040740967,0.06480073928833008,31220.0,0.3389297425746918,277,1
StandardGSGP,63d93424-ad48-11ef-ba12-e4a8dfc2a9a8,bioav,15,65,0.2796905040740967,0.0630500316619873,31760.0,0.3389297425746918,277,1
StandardGSGP,63d93424-ad48-11ef-ba12-e4a8dfc2a9a8,bioav,15,66,0.2796905040740967,0.06443214416503906,32240.0,0.3389297425746918,277,1
StandardGSGP,63d93424-ad48-11ef-ba12-e4a8dfc2a9a8,bioav,15,67,0.2796905040740967,0.06451034545898438,32750.0,0.3389297425746918,277,1
StandardGSGP,63d93424-ad48-11ef-ba12-e4a8dfc2a9a8,bioav,15,68,0.2796905040740967,0.06552267074584961,33214.0,0.3389297425746918,277,1
StandardGSGP,63d93424-ad48-11ef-ba12-e4a8dfc2a9a8,bioav,15,69,0.27968910336494446,0.06299901008605957,33574.0,0.3389059603214264,283,1
StandardGSGP,63d93424-ad48-11ef-ba12-e4a8dfc2a9a8,bioav,15,70,0.27968910336494446,0.0635068416595459,33764.0,0.3389059603214264,283,1
StandardGSGP,63d93424-ad48-11ef-ba12-e4a8dfc2a9a8,bioav,15,71,0.27780479192733765,0.06451272964477539,34142.0,0.33885201811790466,289,1
StandardGSGP,63d93424-ad48-11ef-ba12-e4a8dfc2a9a8,bioav,15,72,0.27566689252853394,0.06720829010009766,35068.0,0.33732470870018005,295,1
StandardGSGP,63d93424-ad48-11ef-ba12-e4a8dfc2a9a8,bioav,15,73,0.27566689252853394,0.0685117244720459,35532.0,0.33732470870018005,295,1
StandardGSGP,63d93424-ad48-11ef-ba12-e4a8dfc2a9a8,bioav,15,74,0.27566689252853394,0.06191611289978027,35166.0,0.33732470870018005,295,1
StandardGSGP,63d93424-ad48-11ef-ba12-e4a8dfc2a9a8,bioav,15,75,0.27566689252853394,0.06422662734985352,35434.0,0.33732470870018005,295,1
StandardGSGP,63d93424-ad48-11ef-ba12-e4a8dfc2a9a8,bioav,15,76,0.27553704380989075,0.06553387641906738,35198.0,0.33630865812301636,301,1
StandardGSGP,63d93424-ad48-11ef-ba12-e4a8dfc2a9a8,bioav,15,77,0.275296151638031,0.09352874755859375,35402.0,0.33546119928359985,301,1
StandardGSGP,63d93424-ad48-11ef-ba12-e4a8dfc2a9a8,bioav,15,78,0.275296151638031,0.06350898742675781,35772.0,0.33546119928359985,301,1
StandardGSGP,63d93424-ad48-11ef-ba12-e4a8dfc2a9a8,bioav,15,79,0.2745573818683624,0.061005353927612305,36126.0,0.3305891752243042,315,1
StandardGSGP,63d93424-ad48-11ef-ba12-e4a8dfc2a9a8,bioav,15,80,0.2745573818683624,0.06095552444458008,36034.0,0.3305891752243042,315,1
StandardGSGP,63d93424-ad48-11ef-ba12-e4a8dfc2a9a8,bioav,15,81,0.2745573818683624,0.06450772285461426,35276.0,0.3305891752243042,315,1
StandardGSGP,63d93424-ad48-11ef-ba12-e4a8dfc2a9a8,bioav,15,82,0.2745573818683624,0.06499791145324707,35186.0,0.3305891752243042,315,1
StandardGSGP,63d93424-ad48-11ef-ba12-e4a8dfc2a9a8,bioav,15,83,0.2745573818683624,0.06163811683654785,35136.0,0.3305891752243042,315,1
StandardGSGP,63d93424-ad48-11ef-ba12-e4a8dfc2a9a8,bioav,15,84,0.27362242341041565,0.08458590507507324,35072.0,0.342324823141098,333,1
StandardGSGP,63d93424-ad48-11ef-ba12-e4a8dfc2a9a8,bioav,15,85,0.27225953340530396,0.06803274154663086,35362.0,0.34415483474731445,361,1
StandardGSGP,63d93424-ad48-11ef-ba12-e4a8dfc2a9a8,bioav,15,86,0.27165910601615906,0.06050539016723633,35788.0,0.31872227787971497,345,1
StandardGSGP,63d93424-ad48-11ef-ba12-e4a8dfc2a9a8,bioav,15,87,0.27108633518218994,0.0651862621307373,36108.0,0.31872227787971497,351,1
StandardGSGP,63d93424-ad48-11ef-ba12-e4a8dfc2a9a8,bioav,15,88,0.270267128944397,0.06711459159851074,36376.0,0.36066746711730957,379,1
StandardGSGP,63d93424-ad48-11ef-ba12-e4a8dfc2a9a8,bioav,15,89,0.270267128944397,0.06780028343200684,37186.0,0.36066746711730957,379,1
StandardGSGP,63d93424-ad48-11ef-ba12-e4a8dfc2a9a8,bioav,15,90,0.270267128944397,0.06353569030761719,37718.0,0.36066746711730957,379,1
StandardGSGP,63d93424-ad48-11ef-ba12-e4a8dfc2a9a8,bioav,15,91,0.270267128944397,0.06463289260864258,38258.0,0.36066746711730957,379,1
StandardGSGP,63d93424-ad48-11ef-ba12-e4a8dfc2a9a8,bioav,15,92,0.27020469307899475,0.06250476837158203,39082.0,0.3535268306732178,397,1
StandardGSGP,63d93424-ad48-11ef-ba12-e4a8dfc2a9a8,bioav,15,93,0.26986637711524963,0.07383131980895996,39616.0,0.3488203287124634,403,1
StandardGSGP,63d93424-ad48-11ef-ba12-e4a8dfc2a9a8,bioav,15,94,0.26986637711524963,0.06651854515075684,40294.0,0.3488203287124634,403,1
StandardGSGP,63d93424-ad48-11ef-ba12-e4a8dfc2a9a8,bioav,15,95,0.26986637711524963,0.06804347038269043,40946.0,0.3488203287124634,403,1
StandardGSGP,63d93424-ad48-11ef-ba12-e4a8dfc2a9a8,bioav,15,96,0.26750174164772034,0.061514854431152344,41542.0,0.34506916999816895,417,1
StandardGSGP,63d93424-ad48-11ef-ba12-e4a8dfc2a9a8,bioav,15,97,0.2674844563007355,0.06004476547241211,42192.0,0.34664174914360046,423,1
StandardGSGP,63d93424-ad48-11ef-ba12-e4a8dfc2a9a8,bioav,15,98,0.2655602693557739,0.06299304962158203,42762.0,0.340287983417511,429,1
StandardGSGP,63d93424-ad48-11ef-ba12-e4a8dfc2a9a8,bioav,15,99,0.2652176022529602,0.060508012771606445,43412.0,0.3507010340690613,437,1
StandardGSGP,63d93424-ad48-11ef-ba12-e4a8dfc2a9a8,bioav,15,100,0.2652176022529602,0.06499981880187988,43734.0,0.3507010340690613,437,1
StandardGSGP,e058c43f-ad48-11ef-b932-e4a8dfc2a9a8,bioav,15,0,47.23249053955078,0.08808565139770508,1344.0,47.805179595947266,3,1
StandardGSGP,e058c43f-ad48-11ef-b932-e4a8dfc2a9a8,bioav,15,1,47.011531829833984,0.06535816192626953,1390.0,47.565635681152344,9,1
StandardGSGP,e058c43f-ad48-11ef-b932-e4a8dfc2a9a8,bioav,15,2,46.90196228027344,0.06226062774658203,1690.0,47.46086883544922,15,1
StandardGSGP,e058c43f-ad48-11ef-b932-e4a8dfc2a9a8,bioav,15,3,46.77446746826172,0.06299376487731934,2092.0,47.320648193359375,21,1
StandardGSGP,e058c43f-ad48-11ef-b932-e4a8dfc2a9a8,bioav,15,4,46.64836502075195,0.0627748966217041,2638.0,47.18900680541992,21,1
StandardGSGP,e058c43f-ad48-11ef-b932-e4a8dfc2a9a8,bioav,15,5,46.380313873291016,0.06701946258544922,3194.0,46.89848327636719,33,1
StandardGSGP,e058c43f-ad48-11ef-b932-e4a8dfc2a9a8,bioav,15,6,46.29167938232422,0.0883328914642334,3756.0,46.76959991455078,39,1
StandardGSGP,e058c43f-ad48-11ef-b932-e4a8dfc2a9a8,bioav,15,7,46.150474548339844,0.08050084114074707,4374.0,46.616981506347656,45,1
StandardGSGP,e058c43f-ad48-11ef-b932-e4a8dfc2a9a8,bioav,15,8,46.10026931762695,0.0867462158203125,4852.0,46.574623107910156,51,1
StandardGSGP,e058c43f-ad48-11ef-b932-e4a8dfc2a9a8,bioav,15,9,45.880126953125,0.06267237663269043,5464.0,46.33308410644531,51,1
StandardGSGP,e058c43f-ad48-11ef-b932-e4a8dfc2a9a8,bioav,15,10,45.62087631225586,0.06275677680969238,6098.0,46.04948425292969,57,1
StandardGSGP,e058c43f-ad48-11ef-b932-e4a8dfc2a9a8,bioav,15,11,45.532135009765625,0.06451010704040527,6574.0,45.9589729309082,63,1
StandardGSGP,e058c43f-ad48-11ef-b932-e4a8dfc2a9a8,bioav,15,12,45.42195510864258,0.06313490867614746,7084.0,45.84822082519531,69,1
StandardGSGP,e058c43f-ad48-11ef-b932-e4a8dfc2a9a8,bioav,15,13,45.300506591796875,0.06394052505493164,7534.0,45.7124137878418,75,1
StandardGSGP,e058c43f-ad48-11ef-b932-e4a8dfc2a9a8,bioav,15,14,45.168922424316406,0.06786465644836426,8160.0,45.616981506347656,83,1
StandardGSGP,e058c43f-ad48-11ef-b932-e4a8dfc2a9a8,bioav,15,15,44.99770736694336,0.07071304321289062,8812.0,45.37819290161133,89,1
StandardGSGP,e058c43f-ad48-11ef-b932-e4a8dfc2a9a8,bioav,15,16,44.8751220703125,0.06747746467590332,9352.0,45.22649002075195,93,1
StandardGSGP,e058c43f-ad48-11ef-b932-e4a8dfc2a9a8,bioav,15,17,44.80937957763672,0.0723881721496582,9976.0,45.170528411865234,95,1
StandardGSGP,e058c43f-ad48-11ef-b932-e4a8dfc2a9a8,bioav,15,18,44.697227478027344,0.06800317764282227,10500.0,45.03480529785156,101,1
StandardGSGP,e058c43f-ad48-11ef-b932-e4a8dfc2a9a8,bioav,15,19,44.634979248046875,0.08513379096984863,11076.0,44.96914291381836,109,1
StandardGSGP,e058c43f-ad48-11ef-b932-e4a8dfc2a9a8,bioav,15,20,44.4204216003418,0.06357169151306152,11598.0,44.71577835083008,113,1
StandardGSGP,e058c43f-ad48-11ef-b932-e4a8dfc2a9a8,bioav,15,21,44.33333969116211,0.06250929832458496,12080.0,44.64824676513672,115,1
StandardGSGP,e058c43f-ad48-11ef-b932-e4a8dfc2a9a8,bioav,15,22,44.00183868408203,0.07253265380859375,12644.0,44.30315399169922,125,1
StandardGSGP,e058c43f-ad48-11ef-b932-e4a8dfc2a9a8,bioav,15,23,43.985992431640625,0.06450748443603516,13076.0,44.2855224609375,131,1
StandardGSGP,e058c43f-ad48-11ef-b932-e4a8dfc2a9a8,bioav,15,24,43.835052490234375,0.06381940841674805,13646.0,44.13380813598633,137,1
StandardGSGP,e058c43f-ad48-11ef-b932-e4a8dfc2a9a8,bioav,15,25,43.673057556152344,0.06552267074584961,14198.0,43.94013595581055,143,1
StandardGSGP,e058c43f-ad48-11ef-b932-e4a8dfc2a9a8,bioav,15,26,43.5106315612793,0.06927180290222168,14690.0,43.74775314331055,149,1
StandardGSGP,e058c43f-ad48-11ef-b932-e4a8dfc2a9a8,bioav,15,27,43.4176025390625,0.0635061264038086,15286.0,43.615745544433594,155,1
StandardGSGP,e058c43f-ad48-11ef-b932-e4a8dfc2a9a8,bioav,15,28,43.37353515625,0.06451845169067383,15900.0,43.61283874511719,157,1
StandardGSGP,e058c43f-ad48-11ef-b932-e4a8dfc2a9a8,bioav,15,29,43.222843170166016,0.06647920608520508,16536.0,43.37966537475586,167,1
StandardGSGP,e058c43f-ad48-11ef-b932-e4a8dfc2a9a8,bioav,15,30,43.15110778808594,0.06508731842041016,17100.0,43.301124572753906,173,1
StandardGSGP,e058c43f-ad48-11ef-b932-e4a8dfc2a9a8,bioav,15,31,42.87044143676758,0.0676116943359375,17734.0,42.960716247558594,179,1
StandardGSGP,e058c43f-ad48-11ef-b932-e4a8dfc2a9a8,bioav,15,32,42.80240249633789,0.06419110298156738,18390.0,42.867156982421875,185,1
StandardGSGP,e058c43f-ad48-11ef-b932-e4a8dfc2a9a8,bioav,15,33,42.77321243286133,0.06435823440551758,19052.0,42.85280990600586,187,1
StandardGSGP,e058c43f-ad48-11ef-b932-e4a8dfc2a9a8,bioav,15,34,42.59091567993164,0.06737637519836426,19606.0,42.628814697265625,197,1
StandardGSGP,e058c43f-ad48-11ef-b932-e4a8dfc2a9a8,bioav,15,35,42.486820220947266,0.06461906433105469,20186.0,42.505828857421875,203,1
StandardGSGP,e058c43f-ad48-11ef-b932-e4a8dfc2a9a8,bioav,15,36,42.32651901245117,0.0655055046081543,20808.0,42.380428314208984,209,1
StandardGSGP,e058c43f-ad48-11ef-b932-e4a8dfc2a9a8,bioav,15,37,42.2509651184082,0.06441473960876465,21446.0,42.28422546386719,211,1
StandardGSGP,e058c43f-ad48-11ef-b932-e4a8dfc2a9a8,bioav,15,38,42.12134552001953,0.06402993202209473,21994.0,42.135948181152344,217,1
StandardGSGP,e058c43f-ad48-11ef-b932-e4a8dfc2a9a8,bioav,15,39,41.912261962890625,0.06551241874694824,22576.0,41.90275573730469,223,1
StandardGSGP,e058c43f-ad48-11ef-b932-e4a8dfc2a9a8,bioav,15,40,41.912261962890625,0.06827282905578613,23108.0,41.90275573730469,223,1
StandardGSGP,e058c43f-ad48-11ef-b932-e4a8dfc2a9a8,bioav,15,41,41.785728454589844,0.06414437294006348,23632.0,41.75713348388672,243,1
StandardGSGP,e058c43f-ad48-11ef-b932-e4a8dfc2a9a8,bioav,15,42,41.64984893798828,0.07132411003112793,24074.0,41.6002082824707,235,1
StandardGSGP,e058c43f-ad48-11ef-b932-e4a8dfc2a9a8,bioav,15,43,41.5360221862793,0.06299471855163574,24738.0,41.47222900390625,255,1
StandardGSGP,e058c43f-ad48-11ef-b932-e4a8dfc2a9a8,bioav,15,44,41.50542449951172,0.0650017261505127,25372.0,41.39102554321289,251,1
StandardGSGP,e058c43f-ad48-11ef-b932-e4a8dfc2a9a8,bioav,15,45,41.443904876708984,0.06552982330322266,25886.0,41.35069274902344,261,1
StandardGSGP,e058c43f-ad48-11ef-b932-e4a8dfc2a9a8,bioav,15,46,41.305118560791016,0.06550478935241699,26638.0,41.1525993347168,267,1
StandardGSGP,e058c43f-ad48-11ef-b932-e4a8dfc2a9a8,bioav,15,47,41.28657531738281,0.06270480155944824,27286.0,41.13079071044922,269,1
StandardGSGP,e058c43f-ad48-11ef-b932-e4a8dfc2a9a8,bioav,15,48,41.20362854003906,0.06051039695739746,27866.0,40.990325927734375,279,1
StandardGSGP,e058c43f-ad48-11ef-b932-e4a8dfc2a9a8,bioav,15,49,41.144187927246094,0.13750982284545898,28546.0,41.00045394897461,287,1
StandardGSGP,e058c43f-ad48-11ef-b932-e4a8dfc2a9a8,bioav,15,50,40.89951705932617,0.06251096725463867,29110.0,40.61958694458008,285,1
StandardGSGP,e058c43f-ad48-11ef-b932-e4a8dfc2a9a8,bioav,15,51,40.89951705932617,0.06426763534545898,29782.0,40.61958694458008,285,1
StandardGSGP,e058c43f-ad48-11ef-b932-e4a8dfc2a9a8,bioav,15,52,40.7537727355957,0.0655064582824707,30344.0,40.45822525024414,291,1
StandardGSGP,e058c43f-ad48-11ef-b932-e4a8dfc2a9a8,bioav,15,53,40.685394287109375,0.06451106071472168,30652.0,40.37761306762695,299,1
StandardGSGP,e058c43f-ad48-11ef-b932-e4a8dfc2a9a8,bioav,15,54,40.60430145263672,0.06099343299865723,30836.0,40.29285430908203,305,1
StandardGSGP,e058c43f-ad48-11ef-b932-e4a8dfc2a9a8,bioav,15,55,40.49924087524414,0.06451296806335449,31252.0,40.13422775268555,311,1
StandardGSGP,e058c43f-ad48-11ef-b932-e4a8dfc2a9a8,bioav,15,56,40.40526580810547,0.0677647590637207,31714.0,40.06976318359375,315,1
StandardGSGP,e058c43f-ad48-11ef-b932-e4a8dfc2a9a8,bioav,15,57,40.35369873046875,0.06267118453979492,32240.0,39.96663284301758,323,1
StandardGSGP,e058c43f-ad48-11ef-b932-e4a8dfc2a9a8,bioav,15,58,40.26844024658203,0.061864614486694336,32810.0,39.84722137451172,329,1
StandardGSGP,e058c43f-ad48-11ef-b932-e4a8dfc2a9a8,bioav,15,59,40.20520782470703,0.06251001358032227,33408.0,39.769378662109375,335,1
StandardGSGP,e058c43f-ad48-11ef-b932-e4a8dfc2a9a8,bioav,15,60,40.12090301513672,0.06645965576171875,34014.0,39.76470947265625,341,1
StandardGSGP,e058c43f-ad48-11ef-b932-e4a8dfc2a9a8,bioav,15,61,40.05242156982422,0.06751799583435059,34658.0,39.60691452026367,349,1
StandardGSGP,e058c43f-ad48-11ef-b932-e4a8dfc2a9a8,bioav,15,62,40.0208625793457,0.06451559066772461,35262.0,39.5337028503418,353,1
StandardGSGP,e058c43f-ad48-11ef-b932-e4a8dfc2a9a8,bioav,15,63,39.960227966308594,0.06553363800048828,35864.0,39.45184326171875,359,1
StandardGSGP,e058c43f-ad48-11ef-b932-e4a8dfc2a9a8,bioav,15,64,39.854984283447266,0.06738734245300293,36470.0,39.34537124633789,367,1
StandardGSGP,e058c43f-ad48-11ef-b932-e4a8dfc2a9a8,bioav,15,65,39.79439163208008,0.06879067420959473,37042.0,39.359458923339844,371,1
StandardGSGP,e058c43f-ad48-11ef-b932-e4a8dfc2a9a8,bioav,15,66,39.71944046020508,0.07336544990539551,37636.0,39.27508544921875,377,1
StandardGSGP,e058c43f-ad48-11ef-b932-e4a8dfc2a9a8,bioav,15,67,39.67533874511719,0.06799769401550293,38134.0,39.24827575683594,383,1
StandardGSGP,e058c43f-ad48-11ef-b932-e4a8dfc2a9a8,bioav,15,68,39.618560791015625,0.07151007652282715,38700.0,39.14059066772461,391,1
StandardGSGP,e058c43f-ad48-11ef-b932-e4a8dfc2a9a8,bioav,15,69,39.47218322753906,0.06551909446716309,39390.0,38.96472930908203,389,1
StandardGSGP,e058c43f-ad48-11ef-b932-e4a8dfc2a9a8,bioav,15,70,39.47218322753906,0.06517767906188965,40010.0,38.96472930908203,389,1
StandardGSGP,e058c43f-ad48-11ef-b932-e4a8dfc2a9a8,bioav,15,71,39.45817947387695,0.0654296875,40520.0,38.920562744140625,407,1
StandardGSGP,e058c43f-ad48-11ef-b932-e4a8dfc2a9a8,bioav,15,72,39.38046646118164,0.06451129913330078,40870.0,38.82551956176758,413,1
StandardGSGP,e058c43f-ad48-11ef-b932-e4a8dfc2a9a8,bioav,15,73,39.20880126953125,0.06699872016906738,41306.0,38.64677810668945,409,1
StandardGSGP,e058c43f-ad48-11ef-b932-e4a8dfc2a9a8,bioav,15,74,39.20595169067383,0.0697329044342041,41798.0,38.644771575927734,415,1
StandardGSGP,e058c43f-ad48-11ef-b932-e4a8dfc2a9a8,bioav,15,75,39.125396728515625,0.0665442943572998,42296.0,38.53354263305664,421,1
StandardGSGP,e058c43f-ad48-11ef-b932-e4a8dfc2a9a8,bioav,15,76,39.11729431152344,0.06701254844665527,42736.0,38.54781723022461,427,1
StandardGSGP,e058c43f-ad48-11ef-b932-e4a8dfc2a9a8,bioav,15,77,39.017459869384766,0.07252287864685059,43200.0,38.39108657836914,429,1
StandardGSGP,e058c43f-ad48-11ef-b932-e4a8dfc2a9a8,bioav,15,78,38.93346405029297,0.06489038467407227,43720.0,38.218204498291016,437,1
StandardGSGP,e058c43f-ad48-11ef-b932-e4a8dfc2a9a8,bioav,15,79,38.91120529174805,0.0646674633026123,44282.0,38.18531799316406,443,1
StandardGSGP,e058c43f-ad48-11ef-b932-e4a8dfc2a9a8,bioav,15,80,38.8243522644043,0.06550979614257812,44772.0,38.13090515136719,449,1
StandardGSGP,e058c43f-ad48-11ef-b932-e4a8dfc2a9a8,bioav,15,81,38.785457611083984,0.07096338272094727,45264.0,38.00326919555664,455,1
StandardGSGP,e058c43f-ad48-11ef-b932-e4a8dfc2a9a8,bioav,15,82,38.74380111694336,0.06200361251831055,45924.0,37.97867965698242,455,1
StandardGSGP,e058c43f-ad48-11ef-b932-e4a8dfc2a9a8,bioav,15,83,38.72153854370117,0.06552004814147949,46526.0,37.96541976928711,467,1
StandardGSGP,e058c43f-ad48-11ef-b932-e4a8dfc2a9a8,bioav,15,84,38.608001708984375,0.06310796737670898,47106.0,37.77701950073242,471,1
StandardGSGP,e058c43f-ad48-11ef-b932-e4a8dfc2a9a8,bioav,15,85,38.580482482910156,0.06658315658569336,47676.0,37.7364501953125,477,1
StandardGSGP,e058c43f-ad48-11ef-b932-e4a8dfc2a9a8,bioav,15,86,38.521392822265625,0.06914043426513672,48284.0,37.68351745605469,483,1
StandardGSGP,e058c43f-ad48-11ef-b932-e4a8dfc2a9a8,bioav,15,87,38.50932693481445,0.06350111961364746,48820.0,37.65479278564453,489,1
StandardGSGP,e058c43f-ad48-11ef-b932-e4a8dfc2a9a8,bioav,15,88,38.49598693847656,0.06309771537780762,49482.0,37.71697998046875,497,1
StandardGSGP,e058c43f-ad48-11ef-b932-e4a8dfc2a9a8,bioav,15,89,38.403541564941406,0.07226943969726562,50044.0,37.52745819091797,501,1
StandardGSGP,e058c43f-ad48-11ef-b932-e4a8dfc2a9a8,bioav,15,90,38.39476776123047,0.06337714195251465,50620.0,37.49483108520508,501,1
StandardGSGP,e058c43f-ad48-11ef-b932-e4a8dfc2a9a8,bioav,15,91,38.321380615234375,0.06760907173156738,51184.0,37.446998596191406,513,1
StandardGSGP,e058c43f-ad48-11ef-b932-e4a8dfc2a9a8,bioav,15,92,38.267578125,0.0676872730255127,51698.0,37.43106460571289,519,1
StandardGSGP,e058c43f-ad48-11ef-b932-e4a8dfc2a9a8,bioav,15,93,38.18753433227539,0.06585431098937988,52134.0,37.331764221191406,525,1
StandardGSGP,e058c43f-ad48-11ef-b932-e4a8dfc2a9a8,bioav,15,94,38.17241287231445,0.06251263618469238,52758.0,37.30154037475586,531,1
StandardGSGP,e058c43f-ad48-11ef-b932-e4a8dfc2a9a8,bioav,15,95,38.14788055419922,0.06599974632263184,53482.0,37.28963088989258,537,1
StandardGSGP,e058c43f-ad48-11ef-b932-e4a8dfc2a9a8,bioav,15,96,38.105403900146484,0.06577420234680176,54230.0,37.25590896606445,543,1
StandardGSGP,e058c43f-ad48-11ef-b932-e4a8dfc2a9a8,bioav,15,97,38.09901809692383,0.0653841495513916,54828.0,37.25120544433594,549,1
StandardGSGP,e058c43f-ad48-11ef-b932-e4a8dfc2a9a8,bioav,15,98,38.09457015991211,0.06250548362731934,55458.0,37.159217834472656,555,1
StandardGSGP,e058c43f-ad48-11ef-b932-e4a8dfc2a9a8,bioav,15,99,38.07267761230469,0.06356263160705566,55950.0,37.15948486328125,555,1
StandardGSGP,e058c43f-ad48-11ef-b932-e4a8dfc2a9a8,bioav,15,100,38.04190444946289,0.06307005882263184,56506.0,37.228172302246094,567,1
