StandardGSGP,36663299-ad48-11ef-8ad0-e4a8dfc2a9a8,bioav,4,0,0.4350079894065857,0.057001352310180664,828.0,0.41904085874557495,15,1
StandardGSGP,36663299-ad48-11ef-8ad0-e4a8dfc2a9a8,bioav,4,1,0.31766143441200256,0.06270837783813477,1336.0,0.29853498935699463,9,1
StandardGSGP,36663299-ad48-11ef-8ad0-e4a8dfc2a9a8,bioav,4,2,0.31402796506881714,0.06127285957336426,2034.0,0.2996584177017212,15,1
StandardGSGP,36663299-ad48-11ef-8ad0-e4a8dfc2a9a8,bioav,4,3,0.3112470805644989,0.062001705169677734,2632.0,0.2979971170425415,21,1
StandardGSGP,36663299-ad48-11ef-8ad0-e4a8dfc2a9a8,bioav,4,4,0.3112470805644989,0.06186246871948242,3142.0,0.2979971170425415,21,1
StandardGSGP,36663299-ad48-11ef-8ad0-e4a8dfc2a9a8,bioav,4,5,0.3047565221786499,0.06746673583984375,3620.0,0.3215949237346649,27,1
StandardGSGP,36663299-ad48-11ef-8ad0-e4a8dfc2a9a8,bioav,4,6,0.3047565221786499,0.06249427795410156,4036.0,0.3215949237346649,27,1
StandardGSGP,36663299-ad48-11ef-8ad0-e4a8dfc2a9a8,bioav,4,7,0.3047565221786499,0.06240534782409668,4564.0,0.3215949237346649,27,1
StandardGSGP,36663299-ad48-11ef-8ad0-e4a8dfc2a9a8,bioav,4,8,0.30423128604888916,0.06501936912536621,5100.0,0.29289311170578003,51,1
StandardGSGP,36663299-ad48-11ef-8ad0-e4a8dfc2a9a8,bioav,4,9,0.30423128604888916,0.0640096664428711,5700.0,0.29289311170578003,51,1
StandardGSGP,36663299-ad48-11ef-8ad0-e4a8dfc2a9a8,bioav,4,10,0.30076876282691956,0.0665132999420166,6132.0,0.29319891333580017,57,1
StandardGSGP,36663299-ad48-11ef-8ad0-e4a8dfc2a9a8,bioav,4,11,0.30076876282691956,0.06351113319396973,6688.0,0.29319891333580017,57,1
StandardGSGP,36663299-ad48-11ef-8ad0-e4a8dfc2a9a8,bioav,4,12,0.30076876282691956,0.06100058555603027,7014.0,0.29319891333580017,57,1
StandardGSGP,36663299-ad48-11ef-8ad0-e4a8dfc2a9a8,bioav,4,13,0.30076876282691956,0.06278538703918457,7452.0,0.29319891333580017,57,1
StandardGSGP,36663299-ad48-11ef-8ad0-e4a8dfc2a9a8,bioav,4,14,0.2992384731769562,0.06151103973388672,7656.0,0.30682075023651123,89,1
StandardGSGP,36663299-ad48-11ef-8ad0-e4a8dfc2a9a8,bioav,4,15,0.2992384731769562,0.062000274658203125,7988.0,0.30682075023651123,89,1
StandardGSGP,36663299-ad48-11ef-8ad0-e4a8dfc2a9a8,bioav,4,16,0.29823458194732666,0.07486391067504883,8524.0,0.30594050884246826,95,1
StandardGSGP,36663299-ad48-11ef-8ad0-e4a8dfc2a9a8,bioav,4,17,0.29823458194732666,0.07201719284057617,9058.0,0.30594050884246826,95,1
StandardGSGP,36663299-ad48-11ef-8ad0-e4a8dfc2a9a8,bioav,4,18,0.29823458194732666,0.0599980354309082,9680.0,0.30594050884246826,95,1
StandardGSGP,36663299-ad48-11ef-8ad0-e4a8dfc2a9a8,bioav,4,19,0.29822781682014465,0.0664832592010498,10282.0,0.3060247302055359,101,1
StandardGSGP,36663299-ad48-11ef-8ad0-e4a8dfc2a9a8,bioav,4,20,0.29822781682014465,0.0635075569152832,10758.0,0.3060247302055359,101,1
StandardGSGP,36663299-ad48-11ef-8ad0-e4a8dfc2a9a8,bioav,4,21,0.297870934009552,0.06673622131347656,11320.0,0.3056000769138336,107,1
StandardGSGP,36663299-ad48-11ef-8ad0-e4a8dfc2a9a8,bioav,4,22,0.29597437381744385,0.06202244758605957,11958.0,0.2995232343673706,113,1
StandardGSGP,36663299-ad48-11ef-8ad0-e4a8dfc2a9a8,bioav,4,23,0.2949414849281311,0.06088447570800781,12506.0,0.30014756321907043,119,1
StandardGSGP,36663299-ad48-11ef-8ad0-e4a8dfc2a9a8,bioav,4,24,0.2949414849281311,0.06000018119812012,13052.0,0.30014756321907043,119,1
StandardGSGP,36663299-ad48-11ef-8ad0-e4a8dfc2a9a8,bioav,4,25,0.2949126064777374,0.06251168251037598,13374.0,0.3001033365726471,131,1
StandardGSGP,36663299-ad48-11ef-8ad0-e4a8dfc2a9a8,bioav,4,26,0.2941882014274597,0.06650757789611816,14014.0,0.3040478527545929,131,1
StandardGSGP,36663299-ad48-11ef-8ad0-e4a8dfc2a9a8,bioav,4,27,0.2941882014274597,0.06798386573791504,14480.0,0.3040478527545929,131,1
StandardGSGP,36663299-ad48-11ef-8ad0-e4a8dfc2a9a8,bioav,4,28,0.2940796911716461,0.06361651420593262,14882.0,0.30372074246406555,143,1
StandardGSGP,36663299-ad48-11ef-8ad0-e4a8dfc2a9a8,bioav,4,29,0.2938571572303772,0.06265616416931152,15308.0,0.30253881216049194,157,1
StandardGSGP,36663299-ad48-11ef-8ad0-e4a8dfc2a9a8,bioav,4,30,0.29283231496810913,0.06030845642089844,15860.0,0.3060738146305084,143,1
StandardGSGP,36663299-ad48-11ef-8ad0-e4a8dfc2a9a8,bioav,4,31,0.29283231496810913,0.06401705741882324,16280.0,0.3060738146305084,143,1
StandardGSGP,36663299-ad48-11ef-8ad0-e4a8dfc2a9a8,bioav,4,32,0.2893407344818115,0.06500434875488281,16888.0,0.30764347314834595,149,1
StandardGSGP,36663299-ad48-11ef-8ad0-e4a8dfc2a9a8,bioav,4,33,0.2893407344818115,0.06050848960876465,17442.0,0.30764347314834595,149,1
StandardGSGP,36663299-ad48-11ef-8ad0-e4a8dfc2a9a8,bioav,4,34,0.28818479180336,0.061583518981933594,17994.0,0.30754590034484863,155,1
StandardGSGP,36663299-ad48-11ef-8ad0-e4a8dfc2a9a8,bioav,4,35,0.28805720806121826,0.0634768009185791,18514.0,0.3077211081981659,161,1
StandardGSGP,36663299-ad48-11ef-8ad0-e4a8dfc2a9a8,bioav,4,36,0.28805720806121826,0.06250929832458496,18906.0,0.3077211081981659,161,1
StandardGSGP,36663299-ad48-11ef-8ad0-e4a8dfc2a9a8,bioav,4,37,0.2874859869480133,0.0625298023223877,19342.0,0.30858734250068665,203,1
StandardGSGP,36663299-ad48-11ef-8ad0-e4a8dfc2a9a8,bioav,4,38,0.28667211532592773,0.06049942970275879,20072.0,0.3129236102104187,213,1
StandardGSGP,36663299-ad48-11ef-8ad0-e4a8dfc2a9a8,bioav,4,39,0.28667211532592773,0.06707024574279785,20734.0,0.3129236102104187,213,1
StandardGSGP,36663299-ad48-11ef-8ad0-e4a8dfc2a9a8,bioav,4,40,0.28667211532592773,0.061509132385253906,21406.0,0.3129236102104187,213,1
StandardGSGP,36663299-ad48-11ef-8ad0-e4a8dfc2a9a8,bioav,4,41,0.2861093580722809,0.06199383735656738,22044.0,0.3129236102104187,221,1
StandardGSGP,36663299-ad48-11ef-8ad0-e4a8dfc2a9a8,bioav,4,42,0.2854163944721222,0.06448578834533691,22798.0,0.3129236102104187,219,1
StandardGSGP,36663299-ad48-11ef-8ad0-e4a8dfc2a9a8,bioav,4,43,0.2854163944721222,0.06469035148620605,23292.0,0.3129236102104187,219,1
StandardGSGP,36663299-ad48-11ef-8ad0-e4a8dfc2a9a8,bioav,4,44,0.2854163944721222,0.06636190414428711,24062.0,0.3129236102104187,219,1
StandardGSGP,36663299-ad48-11ef-8ad0-e4a8dfc2a9a8,bioav,4,45,0.2853252589702606,0.06563186645507812,24562.0,0.31345856189727783,239,1
StandardGSGP,36663299-ad48-11ef-8ad0-e4a8dfc2a9a8,bioav,4,46,0.2824834883213043,0.06955671310424805,25024.0,0.3194279372692108,245,1
StandardGSGP,36663299-ad48-11ef-8ad0-e4a8dfc2a9a8,bioav,4,47,0.2824343740940094,0.06399345397949219,25512.0,0.32105591893196106,251,1
StandardGSGP,36663299-ad48-11ef-8ad0-e4a8dfc2a9a8,bioav,4,48,0.2815246284008026,0.06143641471862793,26222.0,0.3209341764450073,251,1
StandardGSGP,36663299-ad48-11ef-8ad0-e4a8dfc2a9a8,bioav,4,49,0.2815246284008026,0.06605029106140137,26762.0,0.3209341764450073,251,1
StandardGSGP,36663299-ad48-11ef-8ad0-e4a8dfc2a9a8,bioav,4,50,0.2815246284008026,0.06085920333862305,27128.0,0.3209341764450073,251,1
StandardGSGP,36663299-ad48-11ef-8ad0-e4a8dfc2a9a8,bioav,4,51,0.2815246284008026,0.06270909309387207,27688.0,0.3209341764450073,251,1
StandardGSGP,36663299-ad48-11ef-8ad0-e4a8dfc2a9a8,bioav,4,52,0.2815246284008026,0.06409454345703125,28196.0,0.3209341764450073,251,1
StandardGSGP,36663299-ad48-11ef-8ad0-e4a8dfc2a9a8,bioav,4,53,0.2815246284008026,0.06350541114807129,28626.0,0.3209341764450073,251,1
StandardGSGP,36663299-ad48-11ef-8ad0-e4a8dfc2a9a8,bioav,4,54,0.28151383996009827,0.06250905990600586,28876.0,0.3209337890148163,257,1
StandardGSGP,36663299-ad48-11ef-8ad0-e4a8dfc2a9a8,bioav,4,55,0.28151383996009827,0.06531620025634766,29592.0,0.3209337890148163,257,1
StandardGSGP,36663299-ad48-11ef-8ad0-e4a8dfc2a9a8,bioav,4,56,0.28151383996009827,0.0632021427154541,29958.0,0.3209337890148163,257,1
StandardGSGP,36663299-ad48-11ef-8ad0-e4a8dfc2a9a8,bioav,4,57,0.28151383996009827,0.0650177001953125,30626.0,0.3209337890148163,257,1
StandardGSGP,36663299-ad48-11ef-8ad0-e4a8dfc2a9a8,bioav,4,58,0.28151383996009827,0.06599974632263184,30746.0,0.3209337890148163,257,1
StandardGSGP,36663299-ad48-11ef-8ad0-e4a8dfc2a9a8,bioav,4,59,0.28006651997566223,0.14038681983947754,31274.0,0.3209337890148163,265,1
StandardGSGP,36663299-ad48-11ef-8ad0-e4a8dfc2a9a8,bioav,4,60,0.27980974316596985,0.06662535667419434,31870.0,0.32195961475372314,271,1
StandardGSGP,36663299-ad48-11ef-8ad0-e4a8dfc2a9a8,bioav,4,61,0.27980974316596985,0.06251072883605957,31898.0,0.32195961475372314,271,1
StandardGSGP,36663299-ad48-11ef-8ad0-e4a8dfc2a9a8,bioav,4,62,0.27980974316596985,0.06451106071472168,32206.0,0.32195961475372314,271,1
StandardGSGP,36663299-ad48-11ef-8ad0-e4a8dfc2a9a8,bioav,4,63,0.27911481261253357,0.0630037784576416,32592.0,0.32152169942855835,277,1
StandardGSGP,36663299-ad48-11ef-8ad0-e4a8dfc2a9a8,bioav,4,64,0.27911481261253357,0.06250286102294922,32498.0,0.32152169942855835,277,1
StandardGSGP,36663299-ad48-11ef-8ad0-e4a8dfc2a9a8,bioav,4,65,0.2773445248603821,0.06368374824523926,32494.0,0.3210808336734772,289,1
StandardGSGP,36663299-ad48-11ef-8ad0-e4a8dfc2a9a8,bioav,4,66,0.2773445248603821,0.06391000747680664,32218.0,0.3210808336734772,289,1
StandardGSGP,36663299-ad48-11ef-8ad0-e4a8dfc2a9a8,bioav,4,67,0.2773445248603821,0.06950783729553223,32990.0,0.3210808336734772,289,1
StandardGSGP,36663299-ad48-11ef-8ad0-e4a8dfc2a9a8,bioav,4,68,0.2773445248603821,0.06305742263793945,33998.0,0.3210808336734772,289,1
StandardGSGP,36663299-ad48-11ef-8ad0-e4a8dfc2a9a8,bioav,4,69,0.2773445248603821,0.06950545310974121,34504.0,0.3210808336734772,289,1
StandardGSGP,36663299-ad48-11ef-8ad0-e4a8dfc2a9a8,bioav,4,70,0.2773445248603821,0.06051015853881836,34810.0,0.3210808336734772,289,1
StandardGSGP,36663299-ad48-11ef-8ad0-e4a8dfc2a9a8,bioav,4,71,0.2773445248603821,0.06562018394470215,35246.0,0.3210808336734772,289,1
StandardGSGP,36663299-ad48-11ef-8ad0-e4a8dfc2a9a8,bioav,4,72,0.27725133299827576,0.06163191795349121,35442.0,0.32119348645210266,295,1
StandardGSGP,36663299-ad48-11ef-8ad0-e4a8dfc2a9a8,bioav,4,73,0.27725133299827576,0.062896728515625,35608.0,0.32119348645210266,295,1
StandardGSGP,36663299-ad48-11ef-8ad0-e4a8dfc2a9a8,bioav,4,74,0.27725133299827576,0.06752157211303711,35964.0,0.32119348645210266,295,1
StandardGSGP,36663299-ad48-11ef-8ad0-e4a8dfc2a9a8,bioav,4,75,0.27725133299827576,0.06991124153137207,35936.0,0.32119348645210266,295,1
StandardGSGP,36663299-ad48-11ef-8ad0-e4a8dfc2a9a8,bioav,4,76,0.27725133299827576,0.06766366958618164,36502.0,0.32119348645210266,295,1
StandardGSGP,36663299-ad48-11ef-8ad0-e4a8dfc2a9a8,bioav,4,77,0.2772296667098999,0.06254243850708008,36648.0,0.32119348645210266,301,1
StandardGSGP,36663299-ad48-11ef-8ad0-e4a8dfc2a9a8,bioav,4,78,0.27714523673057556,0.062010765075683594,37056.0,0.32254108786582947,325,1
StandardGSGP,36663299-ad48-11ef-8ad0-e4a8dfc2a9a8,bioav,4,79,0.2769286334514618,0.06451773643493652,37022.0,0.3224985599517822,331,1
StandardGSGP,36663299-ad48-11ef-8ad0-e4a8dfc2a9a8,bioav,4,80,0.2769286334514618,0.06251120567321777,37224.0,0.3224985599517822,331,1
StandardGSGP,36663299-ad48-11ef-8ad0-e4a8dfc2a9a8,bioav,4,81,0.27692756056785583,0.0684213638305664,37232.0,0.32269999384880066,337,1
StandardGSGP,36663299-ad48-11ef-8ad0-e4a8dfc2a9a8,bioav,4,82,0.27690592408180237,0.06174445152282715,37950.0,0.3236384391784668,337,1
StandardGSGP,36663299-ad48-11ef-8ad0-e4a8dfc2a9a8,bioav,4,83,0.27512210607528687,0.06282758712768555,37888.0,0.3149431347846985,343,1
StandardGSGP,36663299-ad48-11ef-8ad0-e4a8dfc2a9a8,bioav,4,84,0.27512210607528687,0.06200075149536133,38382.0,0.3149431347846985,343,1
StandardGSGP,36663299-ad48-11ef-8ad0-e4a8dfc2a9a8,bioav,4,85,0.27512210607528687,0.06251072883605957,38204.0,0.3149431347846985,343,1
StandardGSGP,36663299-ad48-11ef-8ad0-e4a8dfc2a9a8,bioav,4,86,0.27512210607528687,0.06351089477539062,37650.0,0.3149431347846985,343,1
StandardGSGP,36663299-ad48-11ef-8ad0-e4a8dfc2a9a8,bioav,4,87,0.2750837802886963,0.06416606903076172,37976.0,0.3114907741546631,355,1
StandardGSGP,36663299-ad48-11ef-8ad0-e4a8dfc2a9a8,bioav,4,88,0.2743104100227356,0.06415748596191406,38008.0,0.3159465193748474,361,1
StandardGSGP,36663299-ad48-11ef-8ad0-e4a8dfc2a9a8,bioav,4,89,0.27418413758277893,0.06685185432434082,38566.0,0.3160048723220825,367,1
StandardGSGP,36663299-ad48-11ef-8ad0-e4a8dfc2a9a8,bioav,4,90,0.27418413758277893,0.06701135635375977,38574.0,0.3160048723220825,367,1
StandardGSGP,36663299-ad48-11ef-8ad0-e4a8dfc2a9a8,bioav,4,91,0.2739562392234802,0.06450819969177246,38834.0,0.3226613998413086,385,1
StandardGSGP,36663299-ad48-11ef-8ad0-e4a8dfc2a9a8,bioav,4,92,0.27361276745796204,0.06251239776611328,39266.0,0.3122868835926056,373,1
StandardGSGP,36663299-ad48-11ef-8ad0-e4a8dfc2a9a8,bioav,4,93,0.27361276745796204,0.06153106689453125,39858.0,0.3122868835926056,373,1
StandardGSGP,36663299-ad48-11ef-8ad0-e4a8dfc2a9a8,bioav,4,94,0.27339065074920654,0.06450772285461426,40248.0,0.3124622404575348,379,1
StandardGSGP,36663299-ad48-11ef-8ad0-e4a8dfc2a9a8,bioav,4,95,0.27339065074920654,0.06873679161071777,40200.0,0.3124622404575348,379,1
StandardGSGP,36663299-ad48-11ef-8ad0-e4a8dfc2a9a8,bioav,4,96,0.27307435870170593,0.06509184837341309,40580.0,0.31740888953208923,391,1
StandardGSGP,36663299-ad48-11ef-8ad0-e4a8dfc2a9a8,bioav,4,97,0.27307435870170593,0.06739354133605957,40892.0,0.31740888953208923,391,1
StandardGSGP,36663299-ad48-11ef-8ad0-e4a8dfc2a9a8,bioav,4,98,0.2730705440044403,0.06614232063293457,41014.0,0.3126230835914612,391,1
StandardGSGP,36663299-ad48-11ef-8ad0-e4a8dfc2a9a8,bioav,4,99,0.27301156520843506,0.06299996376037598,41528.0,0.3128233850002289,397,1
StandardGSGP,36663299-ad48-11ef-8ad0-e4a8dfc2a9a8,bioav,4,100,0.2725643515586853,0.06322216987609863,42046.0,0.3203065097332001,427,1
StandardGSGP,b245c98c-ad48-11ef-aa8a-e4a8dfc2a9a8,bioav,4,0,56.89167022705078,0.09657430648803711,1344.0,58.04330825805664,7,1
StandardGSGP,b245c98c-ad48-11ef-aa8a-e4a8dfc2a9a8,bioav,4,1,56.60026550292969,0.06778597831726074,1616.0,57.74428939819336,13,1
StandardGSGP,b245c98c-ad48-11ef-aa8a-e4a8dfc2a9a8,bioav,4,2,56.44842529296875,0.07950925827026367,2466.0,57.58658218383789,19,1
StandardGSGP,b245c98c-ad48-11ef-aa8a-e4a8dfc2a9a8,bioav,4,3,56.2729606628418,0.06751394271850586,3450.0,57.39779281616211,27,1
StandardGSGP,b245c98c-ad48-11ef-aa8a-e4a8dfc2a9a8,bioav,4,4,55.77341079711914,0.0674588680267334,3270.0,56.916839599609375,33,1
StandardGSGP,b245c98c-ad48-11ef-aa8a-e4a8dfc2a9a8,bioav,4,5,55.65724563598633,0.07318592071533203,3612.0,56.795204162597656,39,1
StandardGSGP,b245c98c-ad48-11ef-aa8a-e4a8dfc2a9a8,bioav,4,6,55.504486083984375,0.08244943618774414,4230.0,56.62696838378906,45,1
StandardGSGP,b245c98c-ad48-11ef-aa8a-e4a8dfc2a9a8,bioav,4,7,55.1693229675293,0.07967615127563477,4856.0,56.280818939208984,53,1
StandardGSGP,b245c98c-ad48-11ef-aa8a-e4a8dfc2a9a8,bioav,4,8,55.10430908203125,0.07380366325378418,5474.0,56.212711334228516,59,1
StandardGSGP,b245c98c-ad48-11ef-aa8a-e4a8dfc2a9a8,bioav,4,9,54.95273208618164,0.07340025901794434,6060.0,56.06224060058594,57,1
StandardGSGP,b245c98c-ad48-11ef-aa8a-e4a8dfc2a9a8,bioav,4,10,54.76835632324219,0.07640647888183594,6696.0,55.86836624145508,71,1
StandardGSGP,b245c98c-ad48-11ef-aa8a-e4a8dfc2a9a8,bioav,4,11,54.47581481933594,0.08376955986022949,7230.0,55.590084075927734,71,1
StandardGSGP,b245c98c-ad48-11ef-aa8a-e4a8dfc2a9a8,bioav,4,12,54.12903594970703,0.08349227905273438,7780.0,55.2205696105957,83,1
StandardGSGP,b245c98c-ad48-11ef-aa8a-e4a8dfc2a9a8,bioav,4,13,53.468563079833984,0.09224867820739746,8420.0,54.53400802612305,89,1
StandardGSGP,b245c98c-ad48-11ef-aa8a-e4a8dfc2a9a8,bioav,4,14,53.28683090209961,0.07242131233215332,9112.0,54.34530258178711,95,1
StandardGSGP,b245c98c-ad48-11ef-aa8a-e4a8dfc2a9a8,bioav,4,15,52.93714904785156,0.06990218162536621,9920.0,53.9813232421875,101,1
StandardGSGP,b245c98c-ad48-11ef-aa8a-e4a8dfc2a9a8,bioav,4,16,52.73773956298828,0.09871506690979004,10620.0,53.75838851928711,107,1
StandardGSGP,b245c98c-ad48-11ef-aa8a-e4a8dfc2a9a8,bioav,4,17,52.70558547973633,0.07453608512878418,11252.0,53.727210998535156,113,1
StandardGSGP,b245c98c-ad48-11ef-aa8a-e4a8dfc2a9a8,bioav,4,18,52.5715217590332,0.0705103874206543,11796.0,53.5953369140625,113,1
StandardGSGP,b245c98c-ad48-11ef-aa8a-e4a8dfc2a9a8,bioav,4,19,52.292259216308594,0.07800984382629395,12266.0,53.30046844482422,119,1
StandardGSGP,b245c98c-ad48-11ef-aa8a-e4a8dfc2a9a8,bioav,4,20,52.19011688232422,0.1535022258758545,12810.0,53.215850830078125,133,1
StandardGSGP,b245c98c-ad48-11ef-aa8a-e4a8dfc2a9a8,bioav,4,21,52.045265197753906,0.061501264572143555,13382.0,53.081993103027344,137,1
StandardGSGP,b245c98c-ad48-11ef-aa8a-e4a8dfc2a9a8,bioav,4,22,51.71776580810547,0.06431317329406738,14084.0,52.712032318115234,139,1
StandardGSGP,b245c98c-ad48-11ef-aa8a-e4a8dfc2a9a8,bioav,4,23,51.63917922973633,0.0630946159362793,14728.0,52.65353012084961,153,1
StandardGSGP,b245c98c-ad48-11ef-aa8a-e4a8dfc2a9a8,bioav,4,24,51.44252395629883,0.061081647872924805,15356.0,52.43367385864258,159,1
StandardGSGP,b245c98c-ad48-11ef-aa8a-e4a8dfc2a9a8,bioav,4,25,51.00227355957031,0.06342864036560059,15968.0,51.97160720825195,157,1
StandardGSGP,b245c98c-ad48-11ef-aa8a-e4a8dfc2a9a8,bioav,4,26,50.91428756713867,0.06508493423461914,16732.0,51.89194869995117,171,1
StandardGSGP,b245c98c-ad48-11ef-aa8a-e4a8dfc2a9a8,bioav,4,27,50.69941711425781,0.06247448921203613,17262.0,51.694366455078125,173,1
StandardGSGP,b245c98c-ad48-11ef-aa8a-e4a8dfc2a9a8,bioav,4,28,50.426307678222656,0.06515216827392578,17840.0,51.40142059326172,185,1
StandardGSGP,b245c98c-ad48-11ef-aa8a-e4a8dfc2a9a8,bioav,4,29,50.3637809753418,0.06385254859924316,18532.0,51.335235595703125,191,1
StandardGSGP,b245c98c-ad48-11ef-aa8a-e4a8dfc2a9a8,bioav,4,30,49.85945510864258,0.06400394439697266,19262.0,50.81376266479492,191,1
StandardGSGP,b245c98c-ad48-11ef-aa8a-e4a8dfc2a9a8,bioav,4,31,49.78797149658203,0.06250834465026855,19978.0,50.73586654663086,203,1
StandardGSGP,b245c98c-ad48-11ef-aa8a-e4a8dfc2a9a8,bioav,4,32,49.731422424316406,0.06281447410583496,20592.0,50.68731689453125,197,1
StandardGSGP,b245c98c-ad48-11ef-aa8a-e4a8dfc2a9a8,bioav,4,33,49.48017120361328,0.06407546997070312,21090.0,50.44407272338867,203,1
StandardGSGP,b245c98c-ad48-11ef-aa8a-e4a8dfc2a9a8,bioav,4,34,49.38982391357422,0.06485533714294434,21572.0,50.36024475097656,209,1
StandardGSGP,b245c98c-ad48-11ef-aa8a-e4a8dfc2a9a8,bioav,4,35,49.191654205322266,0.061762332916259766,22004.0,50.128501892089844,215,1
StandardGSGP,b245c98c-ad48-11ef-aa8a-e4a8dfc2a9a8,bioav,4,36,49.10796356201172,0.062213897705078125,22238.0,50.09459686279297,221,1
StandardGSGP,b245c98c-ad48-11ef-aa8a-e4a8dfc2a9a8,bioav,4,37,48.908756256103516,0.06151771545410156,22774.0,49.820865631103516,227,1
StandardGSGP,b245c98c-ad48-11ef-aa8a-e4a8dfc2a9a8,bioav,4,38,48.86334228515625,0.06251311302185059,23340.0,49.789554595947266,233,1
StandardGSGP,b245c98c-ad48-11ef-aa8a-e4a8dfc2a9a8,bioav,4,39,48.599273681640625,0.06500005722045898,24012.0,49.49542999267578,239,1
StandardGSGP,b245c98c-ad48-11ef-aa8a-e4a8dfc2a9a8,bioav,4,40,48.469600677490234,0.06288909912109375,24552.0,49.35957336425781,245,1
StandardGSGP,b245c98c-ad48-11ef-aa8a-e4a8dfc2a9a8,bioav,4,41,48.3994140625,0.061511993408203125,24992.0,49.3196907043457,255,1
StandardGSGP,b245c98c-ad48-11ef-aa8a-e4a8dfc2a9a8,bioav,4,42,47.97607421875,0.06521153450012207,25680.0,48.84391403198242,251,1
StandardGSGP,b245c98c-ad48-11ef-aa8a-e4a8dfc2a9a8,bioav,4,43,47.81740188598633,0.0671529769897461,26298.0,48.67650604248047,257,1
StandardGSGP,b245c98c-ad48-11ef-aa8a-e4a8dfc2a9a8,bioav,4,44,47.583858489990234,0.06551289558410645,26872.0,48.44429397583008,263,1
StandardGSGP,b245c98c-ad48-11ef-aa8a-e4a8dfc2a9a8,bioav,4,45,47.55707931518555,0.06099820137023926,27256.0,48.38029479980469,275,1
StandardGSGP,b245c98c-ad48-11ef-aa8a-e4a8dfc2a9a8,bioav,4,46,47.21913146972656,0.06750750541687012,27680.0,48.12242889404297,281,1
StandardGSGP,b245c98c-ad48-11ef-aa8a-e4a8dfc2a9a8,bioav,4,47,47.1721305847168,0.06451225280761719,28318.0,47.99471664428711,287,1
StandardGSGP,b245c98c-ad48-11ef-aa8a-e4a8dfc2a9a8,bioav,4,48,46.79954528808594,0.06599593162536621,28940.0,47.606021881103516,293,1
StandardGSGP,b245c98c-ad48-11ef-aa8a-e4a8dfc2a9a8,bioav,4,49,46.52408218383789,0.06050896644592285,29522.0,47.31441879272461,299,1
StandardGSGP,b245c98c-ad48-11ef-aa8a-e4a8dfc2a9a8,bioav,4,50,46.31660079956055,0.06400346755981445,30222.0,47.087711334228516,307,1
StandardGSGP,b245c98c-ad48-11ef-aa8a-e4a8dfc2a9a8,bioav,4,51,46.0887336730957,0.06292033195495605,30962.0,46.85201644897461,305,1
StandardGSGP,b245c98c-ad48-11ef-aa8a-e4a8dfc2a9a8,bioav,4,52,45.948150634765625,0.06270217895507812,31600.0,46.7012939453125,315,1
StandardGSGP,b245c98c-ad48-11ef-aa8a-e4a8dfc2a9a8,bioav,4,53,45.80436325073242,0.06042313575744629,32144.0,46.544029235839844,319,1
StandardGSGP,b245c98c-ad48-11ef-aa8a-e4a8dfc2a9a8,bioav,4,54,45.50918960571289,0.0643622875213623,32504.0,46.2435188293457,323,1
StandardGSGP,b245c98c-ad48-11ef-aa8a-e4a8dfc2a9a8,bioav,4,55,45.44660949707031,0.07068848609924316,33062.0,46.17564392089844,331,1
StandardGSGP,b245c98c-ad48-11ef-aa8a-e4a8dfc2a9a8,bioav,4,56,45.21352005004883,0.06336498260498047,33596.0,45.952125549316406,337,1
StandardGSGP,b245c98c-ad48-11ef-aa8a-e4a8dfc2a9a8,bioav,4,57,45.12477111816406,0.06460189819335938,34154.0,45.857261657714844,343,1
StandardGSGP,b245c98c-ad48-11ef-aa8a-e4a8dfc2a9a8,bioav,4,58,45.024356842041016,0.0626060962677002,34768.0,45.702632904052734,351,1
StandardGSGP,b245c98c-ad48-11ef-aa8a-e4a8dfc2a9a8,bioav,4,59,44.85076904296875,0.06301212310791016,35438.0,45.51244354248047,355,1
StandardGSGP,b245c98c-ad48-11ef-aa8a-e4a8dfc2a9a8,bioav,4,60,44.73139572143555,0.06592512130737305,36074.0,45.4420280456543,363,1
StandardGSGP,b245c98c-ad48-11ef-aa8a-e4a8dfc2a9a8,bioav,4,61,44.50162887573242,0.06497430801391602,36650.0,45.16788864135742,371,1
StandardGSGP,b245c98c-ad48-11ef-aa8a-e4a8dfc2a9a8,bioav,4,62,44.25265121459961,0.06454133987426758,37314.0,44.900718688964844,377,1
StandardGSGP,b245c98c-ad48-11ef-aa8a-e4a8dfc2a9a8,bioav,4,63,44.18880844116211,0.07011151313781738,37944.0,44.840354919433594,383,1
StandardGSGP,b245c98c-ad48-11ef-aa8a-e4a8dfc2a9a8,bioav,4,64,44.01287841796875,0.06450986862182617,38620.0,44.64760971069336,389,1
StandardGSGP,b245c98c-ad48-11ef-aa8a-e4a8dfc2a9a8,bioav,4,65,43.879112243652344,0.06400394439697266,39332.0,44.48798370361328,395,1
StandardGSGP,b245c98c-ad48-11ef-aa8a-e4a8dfc2a9a8,bioav,4,66,43.8302116394043,0.06718659400939941,40014.0,44.47570037841797,403,1
StandardGSGP,b245c98c-ad48-11ef-aa8a-e4a8dfc2a9a8,bioav,4,67,43.62705612182617,0.06447839736938477,40666.0,44.25631332397461,409,1
StandardGSGP,b245c98c-ad48-11ef-aa8a-e4a8dfc2a9a8,bioav,4,68,43.50091552734375,0.06646943092346191,41332.0,44.10789108276367,415,1
StandardGSGP,b245c98c-ad48-11ef-aa8a-e4a8dfc2a9a8,bioav,4,69,43.32486343383789,0.06474113464355469,41972.0,43.926429748535156,415,1
StandardGSGP,b245c98c-ad48-11ef-aa8a-e4a8dfc2a9a8,bioav,4,70,43.1554069519043,0.06636285781860352,42604.0,43.74762725830078,421,1
StandardGSGP,b245c98c-ad48-11ef-aa8a-e4a8dfc2a9a8,bioav,4,71,43.02420425415039,0.06176900863647461,43136.0,43.623008728027344,433,1
StandardGSGP,b245c98c-ad48-11ef-aa8a-e4a8dfc2a9a8,bioav,4,72,42.92831039428711,0.06258845329284668,43518.0,43.54453659057617,433,1
StandardGSGP,b245c98c-ad48-11ef-aa8a-e4a8dfc2a9a8,bioav,4,73,42.77603530883789,0.06650829315185547,44048.0,43.36009979248047,447,1
StandardGSGP,b245c98c-ad48-11ef-aa8a-e4a8dfc2a9a8,bioav,4,74,42.42776870727539,0.06559181213378906,44722.0,42.99050521850586,445,1
StandardGSGP,b245c98c-ad48-11ef-aa8a-e4a8dfc2a9a8,bioav,4,75,42.42776870727539,0.06380677223205566,45506.0,42.99050521850586,445,1
StandardGSGP,b245c98c-ad48-11ef-aa8a-e4a8dfc2a9a8,bioav,4,76,42.29192352294922,0.06216621398925781,46122.0,42.83662033081055,457,1
StandardGSGP,b245c98c-ad48-11ef-aa8a-e4a8dfc2a9a8,bioav,4,77,42.05180358886719,0.06244039535522461,46526.0,42.58687210083008,457,1
StandardGSGP,b245c98c-ad48-11ef-aa8a-e4a8dfc2a9a8,bioav,4,78,41.930076599121094,0.06370067596435547,47008.0,42.45918655395508,463,1
StandardGSGP,b245c98c-ad48-11ef-aa8a-e4a8dfc2a9a8,bioav,4,79,41.816165924072266,0.06150960922241211,47532.0,42.317386627197266,463,1
StandardGSGP,b245c98c-ad48-11ef-aa8a-e4a8dfc2a9a8,bioav,4,80,41.573543548583984,0.06387495994567871,48014.0,42.07766342163086,475,1
StandardGSGP,b245c98c-ad48-11ef-aa8a-e4a8dfc2a9a8,bioav,4,81,41.45782470703125,0.070709228515625,48322.0,41.95410919189453,481,1
StandardGSGP,b245c98c-ad48-11ef-aa8a-e4a8dfc2a9a8,bioav,4,82,41.201927185058594,0.0691978931427002,48778.0,41.662879943847656,487,1
StandardGSGP,b245c98c-ad48-11ef-aa8a-e4a8dfc2a9a8,bioav,4,83,41.105224609375,0.06322383880615234,49430.0,41.56403732299805,493,1
StandardGSGP,b245c98c-ad48-11ef-aa8a-e4a8dfc2a9a8,bioav,4,84,40.96532440185547,0.06243586540222168,49924.0,41.413963317871094,499,1
StandardGSGP,b245c98c-ad48-11ef-aa8a-e4a8dfc2a9a8,bioav,4,85,40.83424377441406,0.063262939453125,50386.0,41.23640823364258,499,1
StandardGSGP,b245c98c-ad48-11ef-aa8a-e4a8dfc2a9a8,bioav,4,86,40.752132415771484,0.06483840942382812,51016.0,41.174442291259766,511,1
StandardGSGP,b245c98c-ad48-11ef-aa8a-e4a8dfc2a9a8,bioav,4,87,40.553016662597656,0.06308794021606445,51474.0,40.98117446899414,519,1
StandardGSGP,b245c98c-ad48-11ef-aa8a-e4a8dfc2a9a8,bioav,4,88,40.548675537109375,0.06356501579284668,52058.0,40.97690963745117,525,1
StandardGSGP,b245c98c-ad48-11ef-aa8a-e4a8dfc2a9a8,bioav,4,89,40.43870544433594,0.0630645751953125,52632.0,40.854652404785156,525,1
StandardGSGP,b245c98c-ad48-11ef-aa8a-e4a8dfc2a9a8,bioav,4,90,40.35175323486328,0.06251120567321777,53140.0,40.76166534423828,537,1
StandardGSGP,b245c98c-ad48-11ef-aa8a-e4a8dfc2a9a8,bioav,4,91,40.160240173339844,0.07253384590148926,53794.0,40.5450553894043,537,1
StandardGSGP,b245c98c-ad48-11ef-aa8a-e4a8dfc2a9a8,bioav,4,92,40.04069900512695,0.13852930068969727,54488.0,40.41798400878906,537,1
StandardGSGP,b245c98c-ad48-11ef-aa8a-e4a8dfc2a9a8,bioav,4,93,39.83765411376953,0.06573629379272461,54976.0,40.18882751464844,541,1
StandardGSGP,b245c98c-ad48-11ef-aa8a-e4a8dfc2a9a8,bioav,4,94,39.80661392211914,0.06582474708557129,55348.0,40.14773941040039,547,1
StandardGSGP,b245c98c-ad48-11ef-aa8a-e4a8dfc2a9a8,bioav,4,95,39.7490119934082,0.06693434715270996,55716.0,40.07765197753906,555,1
StandardGSGP,b245c98c-ad48-11ef-aa8a-e4a8dfc2a9a8,bioav,4,96,39.6112060546875,0.06310200691223145,55998.0,39.96647262573242,559,1
StandardGSGP,b245c98c-ad48-11ef-aa8a-e4a8dfc2a9a8,bioav,4,97,39.45771789550781,0.06332230567932129,56468.0,39.793521881103516,559,1
StandardGSGP,b245c98c-ad48-11ef-aa8a-e4a8dfc2a9a8,bioav,4,98,39.39055633544922,0.06574201583862305,57072.0,39.72171401977539,567,1
StandardGSGP,b245c98c-ad48-11ef-aa8a-e4a8dfc2a9a8,bioav,4,99,39.28160095214844,0.06178689002990723,57636.0,39.59931182861328,573,1
StandardGSGP,b245c98c-ad48-11ef-aa8a-e4a8dfc2a9a8,bioav,4,100,39.11000061035156,0.06599783897399902,58196.0,39.41417694091797,585,1
