StandardGSGP,78778141-ad48-11ef-8ee7-e4a8dfc2a9a8,bioav,20,0,0.31668755412101746,0.12925362586975098,828.0,0.34906378388404846,3,1
StandardGSGP,78778141-ad48-11ef-8ee7-e4a8dfc2a9a8,bioav,20,1,0.3138206899166107,0.06046438217163086,1120.0,0.34917235374450684,9,1
StandardGSGP,78778141-ad48-11ef-8ee7-e4a8dfc2a9a8,bioav,20,2,0.31336525082588196,0.06751728057861328,1660.0,0.35244542360305786,15,1
StandardGSGP,78778141-ad48-11ef-8ee7-e4a8dfc2a9a8,bioav,20,3,0.31001225113868713,0.06350946426391602,2258.0,0.32712075114250183,23,1
StandardGSGP,78778141-ad48-11ef-8ee7-e4a8dfc2a9a8,bioav,20,4,0.31001225113868713,0.07167625427246094,2682.0,0.32712075114250183,23,1
StandardGSGP,78778141-ad48-11ef-8ee7-e4a8dfc2a9a8,bioav,20,5,0.30871185660362244,0.06700897216796875,3254.0,0.3599467873573303,27,1
StandardGSGP,78778141-ad48-11ef-8ee7-e4a8dfc2a9a8,bioav,20,6,0.3021393418312073,0.06844162940979004,3766.0,0.47278711199760437,39,1
StandardGSGP,78778141-ad48-11ef-8ee7-e4a8dfc2a9a8,bioav,20,7,0.3015119433403015,0.06393599510192871,4416.0,0.46529340744018555,45,1
StandardGSGP,78778141-ad48-11ef-8ee7-e4a8dfc2a9a8,bioav,20,8,0.2998048961162567,0.06300044059753418,5018.0,0.4555078148841858,51,1
StandardGSGP,78778141-ad48-11ef-8ee7-e4a8dfc2a9a8,bioav,20,9,0.2907845377922058,0.06497478485107422,5580.0,0.4458259642124176,57,1
StandardGSGP,78778141-ad48-11ef-8ee7-e4a8dfc2a9a8,bioav,20,10,0.2907845377922058,0.06455588340759277,6152.0,0.4458259642124176,57,1
StandardGSGP,78778141-ad48-11ef-8ee7-e4a8dfc2a9a8,bioav,20,11,0.2902430295944214,0.06825566291809082,6734.0,0.45835646986961365,63,1
StandardGSGP,78778141-ad48-11ef-8ee7-e4a8dfc2a9a8,bioav,20,12,0.28748640418052673,0.06450986862182617,7262.0,0.45491957664489746,69,1
StandardGSGP,78778141-ad48-11ef-8ee7-e4a8dfc2a9a8,bioav,20,13,0.2822480797767639,0.0631418228149414,7746.0,0.4472443759441376,69,1
StandardGSGP,78778141-ad48-11ef-8ee7-e4a8dfc2a9a8,bioav,20,14,0.2815636694431305,0.06901788711547852,8270.0,0.4365673065185547,87,1
StandardGSGP,78778141-ad48-11ef-8ee7-e4a8dfc2a9a8,bioav,20,15,0.27966636419296265,0.07289290428161621,8756.0,0.45880016684532166,81,1
StandardGSGP,78778141-ad48-11ef-8ee7-e4a8dfc2a9a8,bioav,20,16,0.2776850461959839,0.06168842315673828,9252.0,0.44380173087120056,87,1
StandardGSGP,78778141-ad48-11ef-8ee7-e4a8dfc2a9a8,bioav,20,17,0.2776850461959839,0.06258106231689453,9836.0,0.44380173087120056,87,1
StandardGSGP,78778141-ad48-11ef-8ee7-e4a8dfc2a9a8,bioav,20,18,0.2776850461959839,0.06531476974487305,10404.0,0.44380173087120056,87,1
StandardGSGP,78778141-ad48-11ef-8ee7-e4a8dfc2a9a8,bioav,20,19,0.27586129307746887,0.06765484809875488,10946.0,0.42590367794036865,107,1
StandardGSGP,78778141-ad48-11ef-8ee7-e4a8dfc2a9a8,bioav,20,20,0.27586129307746887,0.08720636367797852,11436.0,0.42590367794036865,107,1
StandardGSGP,78778141-ad48-11ef-8ee7-e4a8dfc2a9a8,bioav,20,21,0.275700181722641,0.06762886047363281,11956.0,0.43204283714294434,113,1
StandardGSGP,78778141-ad48-11ef-8ee7-e4a8dfc2a9a8,bioav,20,22,0.2756892144680023,0.06951093673706055,12558.0,0.42932620644569397,113,1
StandardGSGP,78778141-ad48-11ef-8ee7-e4a8dfc2a9a8,bioav,20,23,0.2756892144680023,0.07151412963867188,13092.0,0.42932620644569397,113,1
StandardGSGP,78778141-ad48-11ef-8ee7-e4a8dfc2a9a8,bioav,20,24,0.2756892144680023,0.07074522972106934,13610.0,0.42932620644569397,113,1
StandardGSGP,78778141-ad48-11ef-8ee7-e4a8dfc2a9a8,bioav,20,25,0.2756892144680023,0.0677645206451416,14200.0,0.42932620644569397,113,1
StandardGSGP,78778141-ad48-11ef-8ee7-e4a8dfc2a9a8,bioav,20,26,0.27486708760261536,0.06848907470703125,14870.0,0.42341500520706177,131,1
StandardGSGP,78778141-ad48-11ef-8ee7-e4a8dfc2a9a8,bioav,20,27,0.27486708760261536,0.06533217430114746,15426.0,0.42341500520706177,131,1
StandardGSGP,78778141-ad48-11ef-8ee7-e4a8dfc2a9a8,bioav,20,28,0.27486708760261536,0.06750845909118652,15852.0,0.42341500520706177,131,1
StandardGSGP,78778141-ad48-11ef-8ee7-e4a8dfc2a9a8,bioav,20,29,0.27384278178215027,0.0680837631225586,16518.0,0.4260066747665405,143,1
StandardGSGP,78778141-ad48-11ef-8ee7-e4a8dfc2a9a8,bioav,20,30,0.27384278178215027,0.07662653923034668,16988.0,0.4260066747665405,143,1
StandardGSGP,78778141-ad48-11ef-8ee7-e4a8dfc2a9a8,bioav,20,31,0.27250683307647705,0.07700252532958984,17232.0,0.4213791787624359,155,1
StandardGSGP,78778141-ad48-11ef-8ee7-e4a8dfc2a9a8,bioav,20,32,0.270702987909317,0.06951737403869629,17512.0,0.4426918923854828,155,1
StandardGSGP,78778141-ad48-11ef-8ee7-e4a8dfc2a9a8,bioav,20,33,0.270702987909317,0.07628560066223145,17684.0,0.4426918923854828,155,1
StandardGSGP,78778141-ad48-11ef-8ee7-e4a8dfc2a9a8,bioav,20,34,0.270702987909317,0.07351231575012207,17978.0,0.4426918923854828,155,1
StandardGSGP,78778141-ad48-11ef-8ee7-e4a8dfc2a9a8,bioav,20,35,0.27042385935783386,0.06799745559692383,18324.0,0.4419979751110077,161,1
StandardGSGP,78778141-ad48-11ef-8ee7-e4a8dfc2a9a8,bioav,20,36,0.2704216241836548,0.06959772109985352,18638.0,0.4449766278266907,161,1
StandardGSGP,78778141-ad48-11ef-8ee7-e4a8dfc2a9a8,bioav,20,37,0.2704216241836548,0.06810832023620605,18976.0,0.4449766278266907,161,1
StandardGSGP,78778141-ad48-11ef-8ee7-e4a8dfc2a9a8,bioav,20,38,0.2704216241836548,0.08274102210998535,19744.0,0.4449766278266907,161,1
StandardGSGP,78778141-ad48-11ef-8ee7-e4a8dfc2a9a8,bioav,20,39,0.2704216241836548,0.06658768653869629,20080.0,0.4449766278266907,161,1
StandardGSGP,78778141-ad48-11ef-8ee7-e4a8dfc2a9a8,bioav,20,40,0.2704216241836548,0.07953929901123047,20724.0,0.4449766278266907,161,1
StandardGSGP,78778141-ad48-11ef-8ee7-e4a8dfc2a9a8,bioav,20,41,0.2704216241836548,0.07826018333435059,21122.0,0.4449766278266907,161,1
StandardGSGP,78778141-ad48-11ef-8ee7-e4a8dfc2a9a8,bioav,20,42,0.2704216241836548,0.06534242630004883,21770.0,0.4449766278266907,161,1
StandardGSGP,78778141-ad48-11ef-8ee7-e4a8dfc2a9a8,bioav,20,43,0.2704216241836548,0.06695914268493652,22242.0,0.4449766278266907,161,1
StandardGSGP,78778141-ad48-11ef-8ee7-e4a8dfc2a9a8,bioav,20,44,0.2698811888694763,0.0690152645111084,22710.0,0.4386991560459137,173,1
StandardGSGP,78778141-ad48-11ef-8ee7-e4a8dfc2a9a8,bioav,20,45,0.2689366638660431,0.07051420211791992,23028.0,0.43699800968170166,179,1
StandardGSGP,78778141-ad48-11ef-8ee7-e4a8dfc2a9a8,bioav,20,46,0.2689366638660431,0.06862688064575195,23270.0,0.43699800968170166,179,1
StandardGSGP,78778141-ad48-11ef-8ee7-e4a8dfc2a9a8,bioav,20,47,0.2689366638660431,0.06657290458679199,23568.0,0.43699800968170166,179,1
StandardGSGP,78778141-ad48-11ef-8ee7-e4a8dfc2a9a8,bioav,20,48,0.2689366638660431,0.07243943214416504,23598.0,0.43699800968170166,179,1
StandardGSGP,78778141-ad48-11ef-8ee7-e4a8dfc2a9a8,bioav,20,49,0.26848524808883667,0.06734728813171387,23420.0,0.43699800968170166,185,1
StandardGSGP,78778141-ad48-11ef-8ee7-e4a8dfc2a9a8,bioav,20,50,0.26848524808883667,0.06700539588928223,23276.0,0.43699800968170166,185,1
StandardGSGP,78778141-ad48-11ef-8ee7-e4a8dfc2a9a8,bioav,20,51,0.2683347463607788,0.07167577743530273,23232.0,0.4385511875152588,203,1
StandardGSGP,78778141-ad48-11ef-8ee7-e4a8dfc2a9a8,bioav,20,52,0.26531437039375305,0.0655825138092041,22530.0,0.4391931891441345,199,1
StandardGSGP,78778141-ad48-11ef-8ee7-e4a8dfc2a9a8,bioav,20,53,0.26531437039375305,0.06445646286010742,22866.0,0.4391931891441345,199,1
StandardGSGP,78778141-ad48-11ef-8ee7-e4a8dfc2a9a8,bioav,20,54,0.26492491364479065,0.0839691162109375,22988.0,0.4356233775615692,205,1
StandardGSGP,78778141-ad48-11ef-8ee7-e4a8dfc2a9a8,bioav,20,55,0.26486629247665405,0.0771639347076416,23654.0,0.43705564737319946,213,1
StandardGSGP,78778141-ad48-11ef-8ee7-e4a8dfc2a9a8,bioav,20,56,0.26486629247665405,0.08130264282226562,23640.0,0.43705564737319946,213,1
StandardGSGP,78778141-ad48-11ef-8ee7-e4a8dfc2a9a8,bioav,20,57,0.26486629247665405,0.076141357421875,24318.0,0.43705564737319946,213,1
StandardGSGP,78778141-ad48-11ef-8ee7-e4a8dfc2a9a8,bioav,20,58,0.26486629247665405,0.07599067687988281,24296.0,0.43705564737319946,213,1
StandardGSGP,78778141-ad48-11ef-8ee7-e4a8dfc2a9a8,bioav,20,59,0.26486629247665405,0.07151436805725098,24480.0,0.43705564737319946,213,1
StandardGSGP,78778141-ad48-11ef-8ee7-e4a8dfc2a9a8,bioav,20,60,0.26486629247665405,0.07261514663696289,25180.0,0.43705564737319946,213,1
StandardGSGP,78778141-ad48-11ef-8ee7-e4a8dfc2a9a8,bioav,20,61,0.26486629247665405,0.08432698249816895,25418.0,0.43705564737319946,213,1
StandardGSGP,78778141-ad48-11ef-8ee7-e4a8dfc2a9a8,bioav,20,62,0.26486629247665405,0.08435606956481934,26058.0,0.43705564737319946,213,1
StandardGSGP,78778141-ad48-11ef-8ee7-e4a8dfc2a9a8,bioav,20,63,0.26486629247665405,0.08135390281677246,26396.0,0.43705564737319946,213,1
StandardGSGP,78778141-ad48-11ef-8ee7-e4a8dfc2a9a8,bioav,20,64,0.26465538144111633,0.07651472091674805,26874.0,0.43791624903678894,219,1
StandardGSGP,78778141-ad48-11ef-8ee7-e4a8dfc2a9a8,bioav,20,65,0.26465538144111633,0.07489776611328125,27110.0,0.43791624903678894,219,1
StandardGSGP,78778141-ad48-11ef-8ee7-e4a8dfc2a9a8,bioav,20,66,0.26465538144111633,0.15224695205688477,27236.0,0.43791624903678894,219,1
StandardGSGP,78778141-ad48-11ef-8ee7-e4a8dfc2a9a8,bioav,20,67,0.26465538144111633,0.07250785827636719,27254.0,0.43791624903678894,219,1
StandardGSGP,78778141-ad48-11ef-8ee7-e4a8dfc2a9a8,bioav,20,68,0.26465538144111633,0.06866931915283203,27796.0,0.43791624903678894,219,1
StandardGSGP,78778141-ad48-11ef-8ee7-e4a8dfc2a9a8,bioav,20,69,0.26465538144111633,0.0835103988647461,28422.0,0.43791624903678894,219,1
StandardGSGP,78778141-ad48-11ef-8ee7-e4a8dfc2a9a8,bioav,20,70,0.26465538144111633,0.07057404518127441,28916.0,0.43791624903678894,219,1
StandardGSGP,78778141-ad48-11ef-8ee7-e4a8dfc2a9a8,bioav,20,71,0.26442310214042664,0.06550788879394531,29652.0,0.4408518970012665,225,1
StandardGSGP,78778141-ad48-11ef-8ee7-e4a8dfc2a9a8,bioav,20,72,0.2633865773677826,0.06650948524475098,29750.0,0.44093137979507446,231,1
StandardGSGP,78778141-ad48-11ef-8ee7-e4a8dfc2a9a8,bioav,20,73,0.2633865773677826,0.07517004013061523,29834.0,0.44093137979507446,231,1
StandardGSGP,78778141-ad48-11ef-8ee7-e4a8dfc2a9a8,bioav,20,74,0.2633865773677826,0.06475353240966797,30222.0,0.44093137979507446,231,1
StandardGSGP,78778141-ad48-11ef-8ee7-e4a8dfc2a9a8,bioav,20,75,0.2633865773677826,0.06597256660461426,29806.0,0.44093137979507446,231,1
StandardGSGP,78778141-ad48-11ef-8ee7-e4a8dfc2a9a8,bioav,20,76,0.26228150725364685,0.07079863548278809,28888.0,0.4437396824359894,237,1
StandardGSGP,78778141-ad48-11ef-8ee7-e4a8dfc2a9a8,bioav,20,77,0.26228150725364685,0.07135486602783203,28896.0,0.4437396824359894,237,1
StandardGSGP,78778141-ad48-11ef-8ee7-e4a8dfc2a9a8,bioav,20,78,0.26228150725364685,0.07697200775146484,28132.0,0.4437396824359894,237,1
StandardGSGP,78778141-ad48-11ef-8ee7-e4a8dfc2a9a8,bioav,20,79,0.26228150725364685,0.06578969955444336,28534.0,0.4437396824359894,237,1
StandardGSGP,78778141-ad48-11ef-8ee7-e4a8dfc2a9a8,bioav,20,80,0.26228150725364685,0.0705099105834961,28848.0,0.4437396824359894,237,1
StandardGSGP,78778141-ad48-11ef-8ee7-e4a8dfc2a9a8,bioav,20,81,0.26228150725364685,0.0630035400390625,28792.0,0.4437396824359894,237,1
StandardGSGP,78778141-ad48-11ef-8ee7-e4a8dfc2a9a8,bioav,20,82,0.26228150725364685,0.07389545440673828,29612.0,0.4437396824359894,237,1
StandardGSGP,78778141-ad48-11ef-8ee7-e4a8dfc2a9a8,bioav,20,83,0.2616663873195648,0.07033038139343262,30058.0,0.44423460960388184,243,1
StandardGSGP,78778141-ad48-11ef-8ee7-e4a8dfc2a9a8,bioav,20,84,0.2616663873195648,0.0720205307006836,29886.0,0.44423460960388184,243,1
StandardGSGP,78778141-ad48-11ef-8ee7-e4a8dfc2a9a8,bioav,20,85,0.2616663873195648,0.06533551216125488,29604.0,0.44423460960388184,243,1
StandardGSGP,78778141-ad48-11ef-8ee7-e4a8dfc2a9a8,bioav,20,86,0.2616663873195648,0.07161259651184082,29854.0,0.44423460960388184,243,1
StandardGSGP,78778141-ad48-11ef-8ee7-e4a8dfc2a9a8,bioav,20,87,0.2616663873195648,0.06400346755981445,30734.0,0.44423460960388184,243,1
StandardGSGP,78778141-ad48-11ef-8ee7-e4a8dfc2a9a8,bioav,20,88,0.2616663873195648,0.0748288631439209,31054.0,0.44423460960388184,243,1
StandardGSGP,78778141-ad48-11ef-8ee7-e4a8dfc2a9a8,bioav,20,89,0.2616663873195648,0.07175517082214355,30638.0,0.44423460960388184,243,1
StandardGSGP,78778141-ad48-11ef-8ee7-e4a8dfc2a9a8,bioav,20,90,0.2616663873195648,0.08456850051879883,30892.0,0.44423460960388184,243,1
StandardGSGP,78778141-ad48-11ef-8ee7-e4a8dfc2a9a8,bioav,20,91,0.2616663873195648,0.07198023796081543,30726.0,0.44423460960388184,243,1
StandardGSGP,78778141-ad48-11ef-8ee7-e4a8dfc2a9a8,bioav,20,92,0.2616663873195648,0.0870962142944336,29962.0,0.44423460960388184,243,1
StandardGSGP,78778141-ad48-11ef-8ee7-e4a8dfc2a9a8,bioav,20,93,0.2616663873195648,0.07710456848144531,30234.0,0.44423460960388184,243,1
StandardGSGP,78778141-ad48-11ef-8ee7-e4a8dfc2a9a8,bioav,20,94,0.2616656422615051,0.06390786170959473,30790.0,0.4441830813884735,253,1
StandardGSGP,78778141-ad48-11ef-8ee7-e4a8dfc2a9a8,bioav,20,95,0.2616656422615051,0.06593871116638184,31508.0,0.4441830813884735,253,1
StandardGSGP,78778141-ad48-11ef-8ee7-e4a8dfc2a9a8,bioav,20,96,0.2616656422615051,0.06690788269042969,32088.0,0.4441830813884735,253,1
StandardGSGP,78778141-ad48-11ef-8ee7-e4a8dfc2a9a8,bioav,20,97,0.2616656422615051,0.06439876556396484,32936.0,0.4441830813884735,253,1
StandardGSGP,78778141-ad48-11ef-8ee7-e4a8dfc2a9a8,bioav,20,98,0.2616656422615051,0.06388044357299805,33876.0,0.4441830813884735,253,1
StandardGSGP,78778141-ad48-11ef-8ee7-e4a8dfc2a9a8,bioav,20,99,0.2616656422615051,0.06791067123413086,33756.0,0.4441830813884735,253,1
StandardGSGP,78778141-ad48-11ef-8ee7-e4a8dfc2a9a8,bioav,20,100,0.26123520731925964,0.060510873794555664,33630.0,0.45088833570480347,277,1
StandardGSGP,f531d315-ad48-11ef-864d-e4a8dfc2a9a8,bioav,20,0,61.172855377197266,0.08315277099609375,1342.0,61.83187484741211,3,1
StandardGSGP,f531d315-ad48-11ef-864d-e4a8dfc2a9a8,bioav,20,1,61.172855377197266,0.06258535385131836,1520.0,61.83187484741211,3,1
StandardGSGP,f531d315-ad48-11ef-864d-e4a8dfc2a9a8,bioav,20,2,60.770076751708984,0.06493520736694336,1964.0,61.47422790527344,9,1
StandardGSGP,f531d315-ad48-11ef-864d-e4a8dfc2a9a8,bioav,20,3,60.767330169677734,0.06320476531982422,2210.0,61.47334671020508,15,1
StandardGSGP,f531d315-ad48-11ef-864d-e4a8dfc2a9a8,bioav,20,4,60.62186050415039,0.06250929832458496,2266.0,61.35862731933594,21,1
StandardGSGP,f531d315-ad48-11ef-864d-e4a8dfc2a9a8,bioav,20,5,60.48140335083008,0.0676877498626709,2698.0,61.17283630371094,27,1
StandardGSGP,f531d315-ad48-11ef-864d-e4a8dfc2a9a8,bioav,20,6,60.35121154785156,0.06352782249450684,3258.0,61.14342498779297,33,1
StandardGSGP,f531d315-ad48-11ef-864d-e4a8dfc2a9a8,bioav,20,7,60.185333251953125,0.06399345397949219,3856.0,60.994842529296875,33,1
StandardGSGP,f531d315-ad48-11ef-864d-e4a8dfc2a9a8,bioav,20,8,59.80850601196289,0.07039356231689453,4442.0,60.67265319824219,45,1
StandardGSGP,f531d315-ad48-11ef-864d-e4a8dfc2a9a8,bioav,20,9,59.609310150146484,0.06557941436767578,4998.0,60.5106315612793,51,1
StandardGSGP,f531d315-ad48-11ef-864d-e4a8dfc2a9a8,bioav,20,10,59.492191314697266,0.06475210189819336,5544.0,60.411399841308594,57,1
StandardGSGP,f531d315-ad48-11ef-864d-e4a8dfc2a9a8,bioav,20,11,59.281734466552734,0.06053733825683594,6152.0,60.20215606689453,63,1
StandardGSGP,f531d315-ad48-11ef-864d-e4a8dfc2a9a8,bioav,20,12,59.0930290222168,0.06627678871154785,6778.0,60.08269500732422,69,1
StandardGSGP,f531d315-ad48-11ef-864d-e4a8dfc2a9a8,bioav,20,13,58.908973693847656,0.06936144828796387,7406.0,59.90863037109375,75,1
StandardGSGP,f531d315-ad48-11ef-864d-e4a8dfc2a9a8,bioav,20,14,58.656795501708984,0.07389664649963379,8016.0,59.659873962402344,75,1
StandardGSGP,f531d315-ad48-11ef-864d-e4a8dfc2a9a8,bioav,20,15,58.463626861572266,0.06973004341125488,8492.0,59.53618240356445,81,1
StandardGSGP,f531d315-ad48-11ef-864d-e4a8dfc2a9a8,bioav,20,16,58.296302795410156,0.06451225280761719,8954.0,59.39885330200195,87,1
StandardGSGP,f531d315-ad48-11ef-864d-e4a8dfc2a9a8,bioav,20,17,58.11116027832031,0.0665125846862793,9494.0,59.27073669433594,99,1
StandardGSGP,f531d315-ad48-11ef-864d-e4a8dfc2a9a8,bioav,20,18,57.81351089477539,0.1375129222869873,10110.0,59.06241989135742,105,1
StandardGSGP,f531d315-ad48-11ef-864d-e4a8dfc2a9a8,bioav,20,19,57.390567779541016,0.07000732421875,10714.0,58.63896942138672,115,1
StandardGSGP,f531d315-ad48-11ef-864d-e4a8dfc2a9a8,bioav,20,20,57.16718292236328,0.06734228134155273,11392.0,58.445960998535156,121,1
StandardGSGP,f531d315-ad48-11ef-864d-e4a8dfc2a9a8,bioav,20,21,56.956031799316406,0.0637061595916748,12162.0,58.31574630737305,127,1
StandardGSGP,f531d315-ad48-11ef-864d-e4a8dfc2a9a8,bioav,20,22,56.62363052368164,0.06635212898254395,12918.0,58.01438522338867,133,1
StandardGSGP,f531d315-ad48-11ef-864d-e4a8dfc2a9a8,bioav,20,23,56.593223571777344,0.06510663032531738,13720.0,58.000247955322266,139,1
StandardGSGP,f531d315-ad48-11ef-864d-e4a8dfc2a9a8,bioav,20,24,56.257728576660156,0.0641322135925293,14446.0,57.714908599853516,145,1
StandardGSGP,f531d315-ad48-11ef-864d-e4a8dfc2a9a8,bioav,20,25,56.0599479675293,0.06485652923583984,15062.0,57.55973815917969,151,1
StandardGSGP,f531d315-ad48-11ef-864d-e4a8dfc2a9a8,bioav,20,26,55.95016860961914,0.0653083324432373,15646.0,57.41041946411133,157,1
StandardGSGP,f531d315-ad48-11ef-864d-e4a8dfc2a9a8,bioav,20,27,55.62078857421875,0.06400370597839355,16240.0,57.12925338745117,165,1
StandardGSGP,f531d315-ad48-11ef-864d-e4a8dfc2a9a8,bioav,20,28,55.45349884033203,0.06822013854980469,16914.0,56.980098724365234,171,1
StandardGSGP,f531d315-ad48-11ef-864d-e4a8dfc2a9a8,bioav,20,29,55.3139762878418,0.06304526329040527,17554.0,56.990623474121094,175,1
StandardGSGP,f531d315-ad48-11ef-864d-e4a8dfc2a9a8,bioav,20,30,55.01788330078125,0.0638570785522461,18182.0,56.62185287475586,183,1
StandardGSGP,f531d315-ad48-11ef-864d-e4a8dfc2a9a8,bioav,20,31,55.01788330078125,0.06398200988769531,18796.0,56.62185287475586,183,1
StandardGSGP,f531d315-ad48-11ef-864d-e4a8dfc2a9a8,bioav,20,32,54.4965934753418,0.06371164321899414,19332.0,56.262237548828125,193,1
StandardGSGP,f531d315-ad48-11ef-864d-e4a8dfc2a9a8,bioav,20,33,54.33506774902344,0.06250882148742676,19912.0,56.12167739868164,199,1
StandardGSGP,f531d315-ad48-11ef-864d-e4a8dfc2a9a8,bioav,20,34,54.07224655151367,0.061510562896728516,20458.0,55.943626403808594,205,1
StandardGSGP,f531d315-ad48-11ef-864d-e4a8dfc2a9a8,bioav,20,35,53.792293548583984,0.06249046325683594,20986.0,55.6383056640625,205,1
StandardGSGP,f531d315-ad48-11ef-864d-e4a8dfc2a9a8,bioav,20,36,53.63896179199219,0.0661933422088623,21626.0,55.50148391723633,211,1
StandardGSGP,f531d315-ad48-11ef-864d-e4a8dfc2a9a8,bioav,20,37,53.55712890625,0.06551623344421387,22090.0,55.42123794555664,219,1
StandardGSGP,f531d315-ad48-11ef-864d-e4a8dfc2a9a8,bioav,20,38,53.41646957397461,0.06987357139587402,22312.0,55.32162094116211,223,1
StandardGSGP,f531d315-ad48-11ef-864d-e4a8dfc2a9a8,bioav,20,39,53.16806411743164,0.06433582305908203,22810.0,55.122154235839844,229,1
StandardGSGP,f531d315-ad48-11ef-864d-e4a8dfc2a9a8,bioav,20,40,53.04922866821289,0.06258177757263184,23510.0,55.02361297607422,235,1
StandardGSGP,f531d315-ad48-11ef-864d-e4a8dfc2a9a8,bioav,20,41,52.84882354736328,0.06576061248779297,24252.0,54.83417892456055,241,1
StandardGSGP,f531d315-ad48-11ef-864d-e4a8dfc2a9a8,bioav,20,42,52.68886184692383,0.06051039695739746,24936.0,54.733219146728516,257,1
StandardGSGP,f531d315-ad48-11ef-864d-e4a8dfc2a9a8,bioav,20,43,52.61365509033203,0.06759905815124512,25540.0,54.68050003051758,253,1
StandardGSGP,f531d315-ad48-11ef-864d-e4a8dfc2a9a8,bioav,20,44,52.34294128417969,0.06400203704833984,26126.0,54.48541259765625,269,1
StandardGSGP,f531d315-ad48-11ef-864d-e4a8dfc2a9a8,bioav,20,45,52.125328063964844,0.06320452690124512,26872.0,54.33379364013672,275,1
StandardGSGP,f531d315-ad48-11ef-864d-e4a8dfc2a9a8,bioav,20,46,52.125328063964844,0.07123398780822754,27606.0,54.33379364013672,275,1
StandardGSGP,f531d315-ad48-11ef-864d-e4a8dfc2a9a8,bioav,20,47,51.95326232910156,0.06400036811828613,28286.0,54.16994094848633,287,1
StandardGSGP,f531d315-ad48-11ef-864d-e4a8dfc2a9a8,bioav,20,48,51.782318115234375,0.06417179107666016,28976.0,54.06928253173828,287,1
StandardGSGP,f531d315-ad48-11ef-864d-e4a8dfc2a9a8,bioav,20,49,51.63554763793945,0.06577658653259277,29664.0,53.87670135498047,299,1
StandardGSGP,f531d315-ad48-11ef-864d-e4a8dfc2a9a8,bioav,20,50,51.20380401611328,0.06743884086608887,30260.0,53.59670639038086,293,1
StandardGSGP,f531d315-ad48-11ef-864d-e4a8dfc2a9a8,bioav,20,51,51.017005920410156,0.06930112838745117,30770.0,53.458126068115234,299,1
StandardGSGP,f531d315-ad48-11ef-864d-e4a8dfc2a9a8,bioav,20,52,50.74497985839844,0.06538248062133789,31192.0,53.27402877807617,305,1
StandardGSGP,f531d315-ad48-11ef-864d-e4a8dfc2a9a8,bioav,20,53,50.51184844970703,0.06300163269042969,31434.0,53.12148666381836,311,1
StandardGSGP,f531d315-ad48-11ef-864d-e4a8dfc2a9a8,bioav,20,54,50.40287399291992,0.06471395492553711,31728.0,53.04655075073242,317,1
StandardGSGP,f531d315-ad48-11ef-864d-e4a8dfc2a9a8,bioav,20,55,50.095645904541016,0.06894445419311523,32220.0,52.754600524902344,323,1
StandardGSGP,f531d315-ad48-11ef-864d-e4a8dfc2a9a8,bioav,20,56,49.9227180480957,0.06546640396118164,32770.0,52.63273239135742,329,1
StandardGSGP,f531d315-ad48-11ef-864d-e4a8dfc2a9a8,bioav,20,57,49.6829719543457,0.06543350219726562,33334.0,52.45237350463867,335,1
StandardGSGP,f531d315-ad48-11ef-864d-e4a8dfc2a9a8,bioav,20,58,49.42339324951172,0.06512761116027832,33976.0,52.25318908691406,341,1
StandardGSGP,f531d315-ad48-11ef-864d-e4a8dfc2a9a8,bioav,20,59,49.20513153076172,0.06724262237548828,34620.0,52.02459716796875,347,1
StandardGSGP,f531d315-ad48-11ef-864d-e4a8dfc2a9a8,bioav,20,60,49.1898307800293,0.06650686264038086,35276.0,52.00923156738281,355,1
StandardGSGP,f531d315-ad48-11ef-864d-e4a8dfc2a9a8,bioav,20,61,48.8775749206543,0.06453347206115723,35944.0,51.7701530456543,359,1
StandardGSGP,f531d315-ad48-11ef-864d-e4a8dfc2a9a8,bioav,20,62,48.811927795410156,0.06300115585327148,36558.0,51.72837448120117,365,1
StandardGSGP,f531d315-ad48-11ef-864d-e4a8dfc2a9a8,bioav,20,63,48.750762939453125,0.061431884765625,37148.0,51.65188980102539,371,1
StandardGSGP,f531d315-ad48-11ef-864d-e4a8dfc2a9a8,bioav,20,64,48.58290481567383,0.06350898742675781,37754.0,51.56321716308594,377,1
StandardGSGP,f531d315-ad48-11ef-864d-e4a8dfc2a9a8,bioav,20,65,48.25558090209961,0.06300044059753418,38350.0,51.262813568115234,383,1
StandardGSGP,f531d315-ad48-11ef-864d-e4a8dfc2a9a8,bioav,20,66,48.25558090209961,0.0635075569152832,38960.0,51.262813568115234,383,1
StandardGSGP,f531d315-ad48-11ef-864d-e4a8dfc2a9a8,bioav,20,67,48.058963775634766,0.06050825119018555,39508.0,51.10322952270508,389,1
StandardGSGP,f531d315-ad48-11ef-864d-e4a8dfc2a9a8,bioav,20,68,47.928672790527344,0.0652003288269043,40082.0,51.01892852783203,403,1
StandardGSGP,f531d315-ad48-11ef-864d-e4a8dfc2a9a8,bioav,20,69,47.86033248901367,0.06357288360595703,40608.0,50.93439865112305,401,1
StandardGSGP,f531d315-ad48-11ef-864d-e4a8dfc2a9a8,bioav,20,70,47.63236618041992,0.06470441818237305,41050.0,50.759132385253906,407,1
StandardGSGP,f531d315-ad48-11ef-864d-e4a8dfc2a9a8,bioav,20,71,47.44448471069336,0.06302881240844727,41630.0,50.652339935302734,423,1
StandardGSGP,f531d315-ad48-11ef-864d-e4a8dfc2a9a8,bioav,20,72,47.14066696166992,0.06551051139831543,42154.0,50.417945861816406,429,1
StandardGSGP,f531d315-ad48-11ef-864d-e4a8dfc2a9a8,bioav,20,73,47.14066696166992,0.13556146621704102,42808.0,50.417945861816406,429,1
StandardGSGP,f531d315-ad48-11ef-864d-e4a8dfc2a9a8,bioav,20,74,46.71306228637695,0.06450963020324707,43576.0,50.07144546508789,431,1
StandardGSGP,f531d315-ad48-11ef-864d-e4a8dfc2a9a8,bioav,20,75,46.564334869384766,0.06551074981689453,44212.0,49.97686767578125,441,1
StandardGSGP,f531d315-ad48-11ef-864d-e4a8dfc2a9a8,bioav,20,76,46.4605712890625,0.06499171257019043,44632.0,49.90407180786133,447,1
StandardGSGP,f531d315-ad48-11ef-864d-e4a8dfc2a9a8,bioav,20,77,46.23543167114258,0.06550955772399902,45042.0,49.722023010253906,453,1
StandardGSGP,f531d315-ad48-11ef-864d-e4a8dfc2a9a8,bioav,20,78,46.060028076171875,0.06695818901062012,45532.0,49.605464935302734,453,1
StandardGSGP,f531d315-ad48-11ef-864d-e4a8dfc2a9a8,bioav,20,79,45.75678634643555,0.06346273422241211,46246.0,49.38106918334961,459,1
StandardGSGP,f531d315-ad48-11ef-864d-e4a8dfc2a9a8,bioav,20,80,45.675933837890625,0.06200718879699707,46942.0,49.339759826660156,465,1
StandardGSGP,f531d315-ad48-11ef-864d-e4a8dfc2a9a8,bioav,20,81,45.32254409790039,0.06251025199890137,47488.0,49.08158874511719,471,1
StandardGSGP,f531d315-ad48-11ef-864d-e4a8dfc2a9a8,bioav,20,82,45.199832916259766,0.07299971580505371,47900.0,49.00080490112305,477,1
StandardGSGP,f531d315-ad48-11ef-864d-e4a8dfc2a9a8,bioav,20,83,45.129390716552734,0.06751036643981934,48406.0,48.94318771362305,485,1
StandardGSGP,f531d315-ad48-11ef-864d-e4a8dfc2a9a8,bioav,20,84,44.9355354309082,0.06455636024475098,48940.0,48.800479888916016,493,1
StandardGSGP,f531d315-ad48-11ef-864d-e4a8dfc2a9a8,bioav,20,85,44.554908752441406,0.06638193130493164,49540.0,48.53440856933594,495,1
StandardGSGP,f531d315-ad48-11ef-864d-e4a8dfc2a9a8,bioav,20,86,44.399044036865234,0.0672757625579834,50182.0,48.462989807128906,501,1
StandardGSGP,f531d315-ad48-11ef-864d-e4a8dfc2a9a8,bioav,20,87,44.35408020019531,0.06651663780212402,50762.0,48.43912124633789,507,1
StandardGSGP,f531d315-ad48-11ef-864d-e4a8dfc2a9a8,bioav,20,88,44.14491271972656,0.06400275230407715,51268.0,48.29907989501953,515,1
StandardGSGP,f531d315-ad48-11ef-864d-e4a8dfc2a9a8,bioav,20,89,43.95323181152344,0.06572103500366211,51748.0,48.174800872802734,519,1
StandardGSGP,f531d315-ad48-11ef-864d-e4a8dfc2a9a8,bioav,20,90,43.86188888549805,0.06949758529663086,52436.0,48.14169692993164,527,1
StandardGSGP,f531d315-ad48-11ef-864d-e4a8dfc2a9a8,bioav,20,91,43.754737854003906,0.06549286842346191,53138.0,48.065120697021484,533,1
StandardGSGP,f531d315-ad48-11ef-864d-e4a8dfc2a9a8,bioav,20,92,43.59709167480469,0.0618131160736084,53732.0,47.92152786254883,535,1
StandardGSGP,f531d315-ad48-11ef-864d-e4a8dfc2a9a8,bioav,20,93,43.45840072631836,0.06651067733764648,54280.0,47.86882019042969,545,1
StandardGSGP,f531d315-ad48-11ef-864d-e4a8dfc2a9a8,bioav,20,94,43.373497009277344,0.06200218200683594,54894.0,47.752071380615234,549,1
StandardGSGP,f531d315-ad48-11ef-864d-e4a8dfc2a9a8,bioav,20,95,43.2679443359375,0.07476401329040527,55466.0,47.67783737182617,555,1
StandardGSGP,f531d315-ad48-11ef-864d-e4a8dfc2a9a8,bioav,20,96,43.22902297973633,0.06851458549499512,56034.0,47.65170669555664,561,1
StandardGSGP,f531d315-ad48-11ef-864d-e4a8dfc2a9a8,bioav,20,97,43.049686431884766,0.06400275230407715,56586.0,47.58860778808594,565,1
StandardGSGP,f531d315-ad48-11ef-864d-e4a8dfc2a9a8,bioav,20,98,42.88744354248047,0.062468767166137695,57210.0,47.345333099365234,575,1
StandardGSGP,f531d315-ad48-11ef-864d-e4a8dfc2a9a8,bioav,20,99,42.800209045410156,0.0645132064819336,57812.0,47.326786041259766,581,1
StandardGSGP,f531d315-ad48-11ef-864d-e4a8dfc2a9a8,bioav,20,100,42.68397903442383,0.06099963188171387,58482.0,47.20040512084961,587,1
