StandardGSGP,7ceb13d2-ad48-11ef-a88b-e4a8dfc2a9a8,bioav,21,0,0.43578040599823,0.06311726570129395,828.0,0.43366295099258423,3,1
StandardGSGP,7ceb13d2-ad48-11ef-a88b-e4a8dfc2a9a8,bioav,21,1,0.3700408637523651,0.06044602394104004,1254.0,0.3883904218673706,9,1
StandardGSGP,7ceb13d2-ad48-11ef-a88b-e4a8dfc2a9a8,bioav,21,2,0.29617512226104736,0.060903310775756836,1850.0,0.3188299238681793,27,1
StandardGSGP,7ceb13d2-ad48-11ef-a88b-e4a8dfc2a9a8,bioav,21,3,0.2958955764770508,0.06251168251037598,2358.0,0.3186262845993042,33,1
StandardGSGP,7ceb13d2-ad48-11ef-a88b-e4a8dfc2a9a8,bioav,21,4,0.2958955764770508,0.06291508674621582,2970.0,0.3186262845993042,33,1
StandardGSGP,7ceb13d2-ad48-11ef-a88b-e4a8dfc2a9a8,bioav,21,5,0.29537275433540344,0.06876158714294434,3530.0,0.31820252537727356,39,1
StandardGSGP,7ceb13d2-ad48-11ef-a88b-e4a8dfc2a9a8,bioav,21,6,0.29437288641929626,0.06179928779602051,3998.0,0.31758415699005127,45,1
StandardGSGP,7ceb13d2-ad48-11ef-a88b-e4a8dfc2a9a8,bioav,21,7,0.29437288641929626,0.07329273223876953,4542.0,0.31758415699005127,45,1
StandardGSGP,7ceb13d2-ad48-11ef-a88b-e4a8dfc2a9a8,bioav,21,8,0.29437288641929626,0.0615077018737793,5156.0,0.31758415699005127,45,1
StandardGSGP,7ceb13d2-ad48-11ef-a88b-e4a8dfc2a9a8,bioav,21,9,0.29195037484169006,0.06773567199707031,5714.0,0.31555673480033875,57,1
StandardGSGP,7ceb13d2-ad48-11ef-a88b-e4a8dfc2a9a8,bioav,21,10,0.29137495160102844,0.0717763900756836,6288.0,0.3165673315525055,63,1
StandardGSGP,7ceb13d2-ad48-11ef-a88b-e4a8dfc2a9a8,bioav,21,11,0.29137495160102844,0.06752872467041016,6890.0,0.3165673315525055,63,1
StandardGSGP,7ceb13d2-ad48-11ef-a88b-e4a8dfc2a9a8,bioav,21,12,0.29126134514808655,0.06335639953613281,7540.0,0.31719890236854553,75,1
StandardGSGP,7ceb13d2-ad48-11ef-a88b-e4a8dfc2a9a8,bioav,21,13,0.2911648750305176,0.0704033374786377,8062.0,0.3171287178993225,81,1
StandardGSGP,7ceb13d2-ad48-11ef-a88b-e4a8dfc2a9a8,bioav,21,14,0.2911648750305176,0.06559872627258301,8676.0,0.3171287178993225,81,1
StandardGSGP,7ceb13d2-ad48-11ef-a88b-e4a8dfc2a9a8,bioav,21,15,0.28842806816101074,0.06784820556640625,9198.0,0.31466326117515564,87,1
StandardGSGP,7ceb13d2-ad48-11ef-a88b-e4a8dfc2a9a8,bioav,21,16,0.2871800363063812,0.061568498611450195,9704.0,0.3158697783946991,93,1
StandardGSGP,7ceb13d2-ad48-11ef-a88b-e4a8dfc2a9a8,bioav,21,17,0.2871800363063812,0.062000274658203125,10292.0,0.3158697783946991,93,1
StandardGSGP,7ceb13d2-ad48-11ef-a88b-e4a8dfc2a9a8,bioav,21,18,0.2861281931400299,0.06251049041748047,10846.0,0.3154945969581604,105,1
StandardGSGP,7ceb13d2-ad48-11ef-a88b-e4a8dfc2a9a8,bioav,21,19,0.2851581275463104,0.061003923416137695,11408.0,0.3192344605922699,99,1
StandardGSGP,7ceb13d2-ad48-11ef-a88b-e4a8dfc2a9a8,bioav,21,20,0.28397664427757263,0.0635080337524414,11900.0,0.3195832371711731,105,1
StandardGSGP,7ceb13d2-ad48-11ef-a88b-e4a8dfc2a9a8,bioav,21,21,0.28397664427757263,0.06275153160095215,12394.0,0.3195832371711731,105,1
StandardGSGP,7ceb13d2-ad48-11ef-a88b-e4a8dfc2a9a8,bioav,21,22,0.28305065631866455,0.0674290657043457,12986.0,0.3118009567260742,123,1
StandardGSGP,7ceb13d2-ad48-11ef-a88b-e4a8dfc2a9a8,bioav,21,23,0.2826845943927765,0.06151723861694336,13412.0,0.31149110198020935,129,1
StandardGSGP,7ceb13d2-ad48-11ef-a88b-e4a8dfc2a9a8,bioav,21,24,0.2826845943927765,0.06272220611572266,14032.0,0.31149110198020935,129,1
StandardGSGP,7ceb13d2-ad48-11ef-a88b-e4a8dfc2a9a8,bioav,21,25,0.27825093269348145,0.06400179862976074,14702.0,0.314773827791214,135,1
StandardGSGP,7ceb13d2-ad48-11ef-a88b-e4a8dfc2a9a8,bioav,21,26,0.27825093269348145,0.06210136413574219,15140.0,0.314773827791214,135,1
StandardGSGP,7ceb13d2-ad48-11ef-a88b-e4a8dfc2a9a8,bioav,21,27,0.27731919288635254,0.061513662338256836,15662.0,0.3195496201515198,141,1
StandardGSGP,7ceb13d2-ad48-11ef-a88b-e4a8dfc2a9a8,bioav,21,28,0.27717703580856323,0.06300044059753418,16172.0,0.31895673274993896,147,1
StandardGSGP,7ceb13d2-ad48-11ef-a88b-e4a8dfc2a9a8,bioav,21,29,0.27703332901000977,0.06251144409179688,16536.0,0.31894925236701965,153,1
StandardGSGP,7ceb13d2-ad48-11ef-a88b-e4a8dfc2a9a8,bioav,21,30,0.27703332901000977,0.06451129913330078,16982.0,0.31894925236701965,153,1
StandardGSGP,7ceb13d2-ad48-11ef-a88b-e4a8dfc2a9a8,bioav,21,31,0.27428150177001953,0.061168670654296875,17466.0,0.3173857629299164,165,1
StandardGSGP,7ceb13d2-ad48-11ef-a88b-e4a8dfc2a9a8,bioav,21,32,0.2741898000240326,0.06702542304992676,17856.0,0.3171651363372803,171,1
StandardGSGP,7ceb13d2-ad48-11ef-a88b-e4a8dfc2a9a8,bioav,21,33,0.2738412022590637,0.06100273132324219,18338.0,0.3175049424171448,171,1
StandardGSGP,7ceb13d2-ad48-11ef-a88b-e4a8dfc2a9a8,bioav,21,34,0.273758202791214,0.13502144813537598,18760.0,0.3210773169994354,179,1
StandardGSGP,7ceb13d2-ad48-11ef-a88b-e4a8dfc2a9a8,bioav,21,35,0.27287688851356506,0.06454205513000488,19194.0,0.3210715353488922,185,1
StandardGSGP,7ceb13d2-ad48-11ef-a88b-e4a8dfc2a9a8,bioav,21,36,0.27233314514160156,0.06439399719238281,19710.0,0.3144000470638275,195,1
StandardGSGP,7ceb13d2-ad48-11ef-a88b-e4a8dfc2a9a8,bioav,21,37,0.27151501178741455,0.061990976333618164,20048.0,0.3165070712566376,201,1
StandardGSGP,7ceb13d2-ad48-11ef-a88b-e4a8dfc2a9a8,bioav,21,38,0.27151501178741455,0.0650017261505127,20540.0,0.3165070712566376,201,1
StandardGSGP,7ceb13d2-ad48-11ef-a88b-e4a8dfc2a9a8,bioav,21,39,0.27151501178741455,0.0611720085144043,21112.0,0.3165070712566376,201,1
StandardGSGP,7ceb13d2-ad48-11ef-a88b-e4a8dfc2a9a8,bioav,21,40,0.2710823118686676,0.06550836563110352,21650.0,0.31056323647499084,219,1
StandardGSGP,7ceb13d2-ad48-11ef-a88b-e4a8dfc2a9a8,bioav,21,41,0.2710687816143036,0.062001705169677734,22218.0,0.3190338909626007,207,1
StandardGSGP,7ceb13d2-ad48-11ef-a88b-e4a8dfc2a9a8,bioav,21,42,0.2699061632156372,0.06350946426391602,22748.0,0.31016507744789124,225,1
StandardGSGP,7ceb13d2-ad48-11ef-a88b-e4a8dfc2a9a8,bioav,21,43,0.2698768377304077,0.06331372261047363,23336.0,0.3110487163066864,231,1
StandardGSGP,7ceb13d2-ad48-11ef-a88b-e4a8dfc2a9a8,bioav,21,44,0.2698768377304077,0.06299877166748047,23884.0,0.3110487163066864,231,1
StandardGSGP,7ceb13d2-ad48-11ef-a88b-e4a8dfc2a9a8,bioav,21,45,0.2698768377304077,0.06140327453613281,24468.0,0.3110487163066864,231,1
StandardGSGP,7ceb13d2-ad48-11ef-a88b-e4a8dfc2a9a8,bioav,21,46,0.2698768377304077,0.06351184844970703,24898.0,0.3110487163066864,231,1
StandardGSGP,7ceb13d2-ad48-11ef-a88b-e4a8dfc2a9a8,bioav,21,47,0.2698768377304077,0.06584358215332031,25368.0,0.3110487163066864,231,1
StandardGSGP,7ceb13d2-ad48-11ef-a88b-e4a8dfc2a9a8,bioav,21,48,0.2698768377304077,0.0669097900390625,25810.0,0.3110487163066864,231,1
StandardGSGP,7ceb13d2-ad48-11ef-a88b-e4a8dfc2a9a8,bioav,21,49,0.2687806487083435,0.06351041793823242,26284.0,0.3193592131137848,263,1
StandardGSGP,7ceb13d2-ad48-11ef-a88b-e4a8dfc2a9a8,bioav,21,50,0.2687806487083435,0.06516599655151367,26796.0,0.3193592131137848,263,1
StandardGSGP,7ceb13d2-ad48-11ef-a88b-e4a8dfc2a9a8,bioav,21,51,0.2687806487083435,0.06465601921081543,27228.0,0.3193592131137848,263,1
StandardGSGP,7ceb13d2-ad48-11ef-a88b-e4a8dfc2a9a8,bioav,21,52,0.2687806487083435,0.06250929832458496,27882.0,0.3193592131137848,263,1
StandardGSGP,7ceb13d2-ad48-11ef-a88b-e4a8dfc2a9a8,bioav,21,53,0.26877057552337646,0.06753230094909668,28312.0,0.3193444013595581,269,1
StandardGSGP,7ceb13d2-ad48-11ef-a88b-e4a8dfc2a9a8,bioav,21,54,0.26877057552337646,0.07452106475830078,28852.0,0.3193444013595581,269,1
StandardGSGP,7ceb13d2-ad48-11ef-a88b-e4a8dfc2a9a8,bioav,21,55,0.26844796538352966,0.06899237632751465,29530.0,0.31903836131095886,275,1
StandardGSGP,7ceb13d2-ad48-11ef-a88b-e4a8dfc2a9a8,bioav,21,56,0.26844796538352966,0.07046031951904297,30162.0,0.31903836131095886,275,1
StandardGSGP,7ceb13d2-ad48-11ef-a88b-e4a8dfc2a9a8,bioav,21,57,0.26844796538352966,0.06866168975830078,30676.0,0.31903836131095886,275,1
StandardGSGP,7ceb13d2-ad48-11ef-a88b-e4a8dfc2a9a8,bioav,21,58,0.26844796538352966,0.06382608413696289,31354.0,0.31903836131095886,275,1
StandardGSGP,7ceb13d2-ad48-11ef-a88b-e4a8dfc2a9a8,bioav,21,59,0.26844796538352966,0.06261491775512695,31896.0,0.31903836131095886,275,1
StandardGSGP,7ceb13d2-ad48-11ef-a88b-e4a8dfc2a9a8,bioav,21,60,0.26844796538352966,0.06424641609191895,32532.0,0.31903836131095886,275,1
StandardGSGP,7ceb13d2-ad48-11ef-a88b-e4a8dfc2a9a8,bioav,21,61,0.26844796538352966,0.06150555610656738,32846.0,0.31903836131095886,275,1
StandardGSGP,7ceb13d2-ad48-11ef-a88b-e4a8dfc2a9a8,bioav,21,62,0.26844796538352966,0.0630042552947998,33068.0,0.31903836131095886,275,1
StandardGSGP,7ceb13d2-ad48-11ef-a88b-e4a8dfc2a9a8,bioav,21,63,0.26732298731803894,0.06850719451904297,33232.0,0.31599411368370056,281,1
StandardGSGP,7ceb13d2-ad48-11ef-a88b-e4a8dfc2a9a8,bioav,21,64,0.26732298731803894,0.06344103813171387,33214.0,0.31599411368370056,281,1
StandardGSGP,7ceb13d2-ad48-11ef-a88b-e4a8dfc2a9a8,bioav,21,65,0.26602694392204285,0.06382322311401367,33444.0,0.3158838450908661,287,1
StandardGSGP,7ceb13d2-ad48-11ef-a88b-e4a8dfc2a9a8,bioav,21,66,0.26602694392204285,0.06337928771972656,33524.0,0.3158838450908661,287,1
StandardGSGP,7ceb13d2-ad48-11ef-a88b-e4a8dfc2a9a8,bioav,21,67,0.26602694392204285,0.06157660484313965,33564.0,0.3158838450908661,287,1
StandardGSGP,7ceb13d2-ad48-11ef-a88b-e4a8dfc2a9a8,bioav,21,68,0.2653549909591675,0.06314444541931152,33726.0,0.31756851077079773,299,1
StandardGSGP,7ceb13d2-ad48-11ef-a88b-e4a8dfc2a9a8,bioav,21,69,0.2653549909591675,0.06191277503967285,33846.0,0.31756851077079773,299,1
StandardGSGP,7ceb13d2-ad48-11ef-a88b-e4a8dfc2a9a8,bioav,21,70,0.2653541564941406,0.0633399486541748,34214.0,0.3171903192996979,305,1
StandardGSGP,7ceb13d2-ad48-11ef-a88b-e4a8dfc2a9a8,bioav,21,71,0.26469627022743225,0.06094694137573242,34398.0,0.3182501792907715,305,1
StandardGSGP,7ceb13d2-ad48-11ef-a88b-e4a8dfc2a9a8,bioav,21,72,0.26469627022743225,0.06477522850036621,34636.0,0.3182501792907715,305,1
StandardGSGP,7ceb13d2-ad48-11ef-a88b-e4a8dfc2a9a8,bioav,21,73,0.26469627022743225,0.06521415710449219,34608.0,0.3182501792907715,305,1
StandardGSGP,7ceb13d2-ad48-11ef-a88b-e4a8dfc2a9a8,bioav,21,74,0.26469627022743225,0.06393671035766602,35412.0,0.3182501792907715,305,1
StandardGSGP,7ceb13d2-ad48-11ef-a88b-e4a8dfc2a9a8,bioav,21,75,0.26469627022743225,0.06610512733459473,36184.0,0.3182501792907715,305,1
StandardGSGP,7ceb13d2-ad48-11ef-a88b-e4a8dfc2a9a8,bioav,21,76,0.2646193504333496,0.07352995872497559,36366.0,0.3184506297111511,311,1
StandardGSGP,7ceb13d2-ad48-11ef-a88b-e4a8dfc2a9a8,bioav,21,77,0.26460906863212585,0.0647735595703125,36960.0,0.3180800974369049,311,1
StandardGSGP,7ceb13d2-ad48-11ef-a88b-e4a8dfc2a9a8,bioav,21,78,0.26460906863212585,0.06450915336608887,37206.0,0.3180800974369049,311,1
StandardGSGP,7ceb13d2-ad48-11ef-a88b-e4a8dfc2a9a8,bioav,21,79,0.26268240809440613,0.06251120567321777,37184.0,0.320717990398407,323,1
StandardGSGP,7ceb13d2-ad48-11ef-a88b-e4a8dfc2a9a8,bioav,21,80,0.26268240809440613,0.06499862670898438,36916.0,0.320717990398407,323,1
StandardGSGP,7ceb13d2-ad48-11ef-a88b-e4a8dfc2a9a8,bioav,21,81,0.26268240809440613,0.06250858306884766,36192.0,0.320717990398407,323,1
StandardGSGP,7ceb13d2-ad48-11ef-a88b-e4a8dfc2a9a8,bioav,21,82,0.2626086473464966,0.06751012802124023,36132.0,0.31997403502464294,341,1
StandardGSGP,7ceb13d2-ad48-11ef-a88b-e4a8dfc2a9a8,bioav,21,83,0.2626042664051056,0.061998605728149414,36690.0,0.3202376067638397,347,1
StandardGSGP,7ceb13d2-ad48-11ef-a88b-e4a8dfc2a9a8,bioav,21,84,0.2626042664051056,0.06364107131958008,36460.0,0.3202376067638397,347,1
StandardGSGP,7ceb13d2-ad48-11ef-a88b-e4a8dfc2a9a8,bioav,21,85,0.26198646426200867,0.06252694129943848,36788.0,0.31900331377983093,359,1
StandardGSGP,7ceb13d2-ad48-11ef-a88b-e4a8dfc2a9a8,bioav,21,86,0.26163405179977417,0.0709981918334961,36942.0,0.31714293360710144,365,1
StandardGSGP,7ceb13d2-ad48-11ef-a88b-e4a8dfc2a9a8,bioav,21,87,0.26163405179977417,0.061507463455200195,37246.0,0.31714293360710144,365,1
StandardGSGP,7ceb13d2-ad48-11ef-a88b-e4a8dfc2a9a8,bioav,21,88,0.26163405179977417,0.06451058387756348,37732.0,0.31714293360710144,365,1
StandardGSGP,7ceb13d2-ad48-11ef-a88b-e4a8dfc2a9a8,bioav,21,89,0.26128578186035156,0.06129646301269531,37968.0,0.3171156346797943,379,1
StandardGSGP,7ceb13d2-ad48-11ef-a88b-e4a8dfc2a9a8,bioav,21,90,0.2605259418487549,0.06551098823547363,38412.0,0.3186458647251129,389,1
StandardGSGP,7ceb13d2-ad48-11ef-a88b-e4a8dfc2a9a8,bioav,21,91,0.26038771867752075,0.06370973587036133,39122.0,0.3270958364009857,395,1
StandardGSGP,7ceb13d2-ad48-11ef-a88b-e4a8dfc2a9a8,bioav,21,92,0.26038771867752075,0.06314826011657715,39734.0,0.3270958364009857,395,1
StandardGSGP,7ceb13d2-ad48-11ef-a88b-e4a8dfc2a9a8,bioav,21,93,0.26038771867752075,0.06451058387756348,40406.0,0.3270958364009857,395,1
StandardGSGP,7ceb13d2-ad48-11ef-a88b-e4a8dfc2a9a8,bioav,21,94,0.26038771867752075,0.06200432777404785,41050.0,0.3270958364009857,395,1
StandardGSGP,7ceb13d2-ad48-11ef-a88b-e4a8dfc2a9a8,bioav,21,95,0.26038771867752075,0.063507080078125,41626.0,0.3270958364009857,395,1
StandardGSGP,7ceb13d2-ad48-11ef-a88b-e4a8dfc2a9a8,bioav,21,96,0.26038771867752075,0.06250882148742676,42318.0,0.3270958364009857,395,1
StandardGSGP,7ceb13d2-ad48-11ef-a88b-e4a8dfc2a9a8,bioav,21,97,0.26038771867752075,0.06331133842468262,42832.0,0.3270958364009857,395,1
StandardGSGP,7ceb13d2-ad48-11ef-a88b-e4a8dfc2a9a8,bioav,21,98,0.26038771867752075,0.06450891494750977,43256.0,0.3270958364009857,395,1
StandardGSGP,7ceb13d2-ad48-11ef-a88b-e4a8dfc2a9a8,bioav,21,99,0.26038771867752075,0.06350851058959961,43946.0,0.3270958364009857,395,1
StandardGSGP,7ceb13d2-ad48-11ef-a88b-e4a8dfc2a9a8,bioav,21,100,0.260378897190094,0.06098294258117676,44524.0,0.32713040709495544,401,1
StandardGSGP,f952356e-ad48-11ef-bb62-e4a8dfc2a9a8,bioav,21,0,54.450355529785156,0.09450769424438477,1340.0,53.618228912353516,3,1
StandardGSGP,f952356e-ad48-11ef-bb62-e4a8dfc2a9a8,bioav,21,1,54.4429931640625,0.06200003623962402,1574.0,53.61089324951172,9,1
StandardGSGP,f952356e-ad48-11ef-bb62-e4a8dfc2a9a8,bioav,21,2,54.4232063293457,0.06451106071472168,2094.0,53.59752655029297,15,1
StandardGSGP,f952356e-ad48-11ef-bb62-e4a8dfc2a9a8,bioav,21,3,54.14431381225586,0.06200361251831055,2170.0,53.30858612060547,21,1
StandardGSGP,f952356e-ad48-11ef-bb62-e4a8dfc2a9a8,bioav,21,4,53.99661636352539,0.06251025199890137,2542.0,53.142818450927734,21,1
StandardGSGP,f952356e-ad48-11ef-bb62-e4a8dfc2a9a8,bioav,21,5,53.73253631591797,0.06375527381896973,3122.0,52.901851654052734,33,1
StandardGSGP,f952356e-ad48-11ef-bb62-e4a8dfc2a9a8,bioav,21,6,53.62443542480469,0.06509637832641602,3660.0,52.82149124145508,33,1
StandardGSGP,f952356e-ad48-11ef-bb62-e4a8dfc2a9a8,bioav,21,7,53.43522262573242,0.06425309181213379,4294.0,52.577720642089844,45,1
StandardGSGP,f952356e-ad48-11ef-bb62-e4a8dfc2a9a8,bioav,21,8,53.0784912109375,0.06314301490783691,4926.0,52.292388916015625,47,1
StandardGSGP,f952356e-ad48-11ef-bb62-e4a8dfc2a9a8,bioav,21,9,52.92997360229492,0.06299877166748047,5484.0,52.140281677246094,53,1
StandardGSGP,f952356e-ad48-11ef-bb62-e4a8dfc2a9a8,bioav,21,10,52.88964080810547,0.06450629234313965,6070.0,52.11113357543945,59,1
StandardGSGP,f952356e-ad48-11ef-bb62-e4a8dfc2a9a8,bioav,21,11,52.51869583129883,0.06151175498962402,6672.0,51.73965072631836,65,1
StandardGSGP,f952356e-ad48-11ef-bb62-e4a8dfc2a9a8,bioav,21,12,52.51868438720703,0.07111954689025879,7172.0,51.73981857299805,71,1
StandardGSGP,f952356e-ad48-11ef-bb62-e4a8dfc2a9a8,bioav,21,13,52.20347595214844,0.06446504592895508,7774.0,51.30682373046875,83,1
StandardGSGP,f952356e-ad48-11ef-bb62-e4a8dfc2a9a8,bioav,21,14,52.08165740966797,0.06452155113220215,8412.0,51.18608093261719,89,1
StandardGSGP,f952356e-ad48-11ef-bb62-e4a8dfc2a9a8,bioav,21,15,51.91261672973633,0.06964635848999023,9086.0,50.99690628051758,95,1
StandardGSGP,f952356e-ad48-11ef-bb62-e4a8dfc2a9a8,bioav,21,16,51.51344299316406,0.08114147186279297,9862.0,50.74137496948242,97,1
StandardGSGP,f952356e-ad48-11ef-bb62-e4a8dfc2a9a8,bioav,21,17,51.3332405090332,0.06350517272949219,10502.0,50.56481170654297,103,1
StandardGSGP,f952356e-ad48-11ef-bb62-e4a8dfc2a9a8,bioav,21,18,51.08741760253906,0.06250953674316406,11050.0,50.31935119628906,109,1
StandardGSGP,f952356e-ad48-11ef-bb62-e4a8dfc2a9a8,bioav,21,19,51.049957275390625,0.06599926948547363,11512.0,50.286014556884766,115,1
StandardGSGP,f952356e-ad48-11ef-bb62-e4a8dfc2a9a8,bioav,21,20,50.5911979675293,0.06816935539245605,12088.0,49.83417892456055,115,1
StandardGSGP,f952356e-ad48-11ef-bb62-e4a8dfc2a9a8,bioav,21,21,50.493675231933594,0.06451082229614258,12620.0,49.7324333190918,123,1
StandardGSGP,f952356e-ad48-11ef-bb62-e4a8dfc2a9a8,bioav,21,22,50.29145050048828,0.06405234336853027,13116.0,49.547428131103516,127,1
StandardGSGP,f952356e-ad48-11ef-bb62-e4a8dfc2a9a8,bioav,21,23,49.84900665283203,0.06779718399047852,13462.0,49.067745208740234,133,1
StandardGSGP,f952356e-ad48-11ef-bb62-e4a8dfc2a9a8,bioav,21,24,49.77008056640625,0.06602287292480469,13900.0,48.99943923950195,139,1
StandardGSGP,f952356e-ad48-11ef-bb62-e4a8dfc2a9a8,bioav,21,25,49.49561309814453,0.06578779220581055,14496.0,48.730342864990234,145,1
StandardGSGP,f952356e-ad48-11ef-bb62-e4a8dfc2a9a8,bioav,21,26,49.37468719482422,0.07349610328674316,15076.0,48.617431640625,151,1
StandardGSGP,f952356e-ad48-11ef-bb62-e4a8dfc2a9a8,bioav,21,27,49.099525451660156,0.06540489196777344,15554.0,48.33141326904297,157,1
StandardGSGP,f952356e-ad48-11ef-bb62-e4a8dfc2a9a8,bioav,21,28,48.80730438232422,0.06386256217956543,16042.0,48.04098129272461,163,1
StandardGSGP,f952356e-ad48-11ef-bb62-e4a8dfc2a9a8,bioav,21,29,48.71345520019531,0.06691884994506836,16686.0,47.95540237426758,171,1
StandardGSGP,f952356e-ad48-11ef-bb62-e4a8dfc2a9a8,bioav,21,30,48.52414321899414,0.06479978561401367,17448.0,47.760318756103516,169,1
StandardGSGP,f952356e-ad48-11ef-bb62-e4a8dfc2a9a8,bioav,21,31,48.24432373046875,0.06721305847167969,18080.0,47.48248291015625,175,1
StandardGSGP,f952356e-ad48-11ef-bb62-e4a8dfc2a9a8,bioav,21,32,48.1370849609375,0.06353354454040527,18650.0,47.39017868041992,181,1
StandardGSGP,f952356e-ad48-11ef-bb62-e4a8dfc2a9a8,bioav,21,33,47.99207305908203,0.06051015853881836,19144.0,47.230918884277344,187,1
StandardGSGP,f952356e-ad48-11ef-bb62-e4a8dfc2a9a8,bioav,21,34,47.76638412475586,0.06299972534179688,19570.0,46.98023223876953,193,1
StandardGSGP,f952356e-ad48-11ef-bb62-e4a8dfc2a9a8,bioav,21,35,47.69600296020508,0.06250953674316406,20008.0,46.882606506347656,207,1
StandardGSGP,f952356e-ad48-11ef-bb62-e4a8dfc2a9a8,bioav,21,36,47.692317962646484,0.06051063537597656,20598.0,46.939353942871094,205,1
StandardGSGP,f952356e-ad48-11ef-bb62-e4a8dfc2a9a8,bioav,21,37,47.596397399902344,0.06800031661987305,21240.0,46.80630111694336,211,1
StandardGSGP,f952356e-ad48-11ef-bb62-e4a8dfc2a9a8,bioav,21,38,47.47393035888672,0.06653094291687012,21894.0,46.687137603759766,225,1
StandardGSGP,f952356e-ad48-11ef-bb62-e4a8dfc2a9a8,bioav,21,39,47.21862030029297,0.06351089477539062,22516.0,46.46923828125,223,1
StandardGSGP,f952356e-ad48-11ef-bb62-e4a8dfc2a9a8,bioav,21,40,47.093265533447266,0.06423163414001465,23092.0,46.33611297607422,231,1
StandardGSGP,f952356e-ad48-11ef-bb62-e4a8dfc2a9a8,bioav,21,41,46.84579086303711,0.06686687469482422,23598.0,46.050174713134766,235,1
StandardGSGP,f952356e-ad48-11ef-bb62-e4a8dfc2a9a8,bioav,21,42,46.689857482910156,0.06650710105895996,24190.0,45.891273498535156,241,1
StandardGSGP,f952356e-ad48-11ef-bb62-e4a8dfc2a9a8,bioav,21,43,46.52246856689453,0.06270885467529297,24728.0,45.7170524597168,247,1
StandardGSGP,f952356e-ad48-11ef-bb62-e4a8dfc2a9a8,bioav,21,44,46.24151611328125,0.06300592422485352,25316.0,45.435890197753906,255,1
StandardGSGP,f952356e-ad48-11ef-bb62-e4a8dfc2a9a8,bioav,21,45,46.19167709350586,0.0625157356262207,25826.0,45.36349105834961,259,1
StandardGSGP,f952356e-ad48-11ef-bb62-e4a8dfc2a9a8,bioav,21,46,45.89564514160156,0.13831758499145508,26470.0,45.08894729614258,267,1
StandardGSGP,f952356e-ad48-11ef-bb62-e4a8dfc2a9a8,bioav,21,47,45.8607177734375,0.06451106071472168,27166.0,45.05254364013672,273,1
StandardGSGP,f952356e-ad48-11ef-bb62-e4a8dfc2a9a8,bioav,21,48,45.569129943847656,0.06581854820251465,27740.0,44.7679557800293,279,1
StandardGSGP,f952356e-ad48-11ef-bb62-e4a8dfc2a9a8,bioav,21,49,45.283721923828125,0.06378650665283203,28284.0,44.48652648925781,285,1
StandardGSGP,f952356e-ad48-11ef-bb62-e4a8dfc2a9a8,bioav,21,50,45.196563720703125,0.06415247917175293,28910.0,44.39856719970703,291,1
StandardGSGP,f952356e-ad48-11ef-bb62-e4a8dfc2a9a8,bioav,21,51,45.08034133911133,0.06749176979064941,29518.0,44.30313491821289,297,1
StandardGSGP,f952356e-ad48-11ef-bb62-e4a8dfc2a9a8,bioav,21,52,44.955955505371094,0.0679631233215332,30234.0,44.16579055786133,303,1
StandardGSGP,f952356e-ad48-11ef-bb62-e4a8dfc2a9a8,bioav,21,53,44.56845474243164,0.06414222717285156,30832.0,43.75663375854492,309,1
StandardGSGP,f952356e-ad48-11ef-bb62-e4a8dfc2a9a8,bioav,21,54,44.51508712768555,0.07023334503173828,31478.0,43.703678131103516,315,1
StandardGSGP,f952356e-ad48-11ef-bb62-e4a8dfc2a9a8,bioav,21,55,44.43098831176758,0.06910324096679688,32116.0,43.616905212402344,321,1
StandardGSGP,f952356e-ad48-11ef-bb62-e4a8dfc2a9a8,bioav,21,56,44.24617004394531,0.06394100189208984,32634.0,43.46177291870117,327,1
StandardGSGP,f952356e-ad48-11ef-bb62-e4a8dfc2a9a8,bioav,21,57,44.11804962158203,0.06500101089477539,33156.0,43.27942657470703,329,1
StandardGSGP,f952356e-ad48-11ef-bb62-e4a8dfc2a9a8,bioav,21,58,43.90245819091797,0.06751132011413574,33700.0,43.10225296020508,339,1
StandardGSGP,f952356e-ad48-11ef-bb62-e4a8dfc2a9a8,bioav,21,59,43.7705192565918,0.06050920486450195,34258.0,42.97190475463867,345,1
StandardGSGP,f952356e-ad48-11ef-bb62-e4a8dfc2a9a8,bioav,21,60,43.49242401123047,0.06300020217895508,34888.0,42.69317626953125,351,1
StandardGSGP,f952356e-ad48-11ef-bb62-e4a8dfc2a9a8,bioav,21,61,43.4119873046875,0.06250810623168945,35520.0,42.62965774536133,359,1
StandardGSGP,f952356e-ad48-11ef-bb62-e4a8dfc2a9a8,bioav,21,62,43.32329559326172,0.06151127815246582,36020.0,42.539207458496094,363,1
StandardGSGP,f952356e-ad48-11ef-bb62-e4a8dfc2a9a8,bioav,21,63,42.93069839477539,0.06100869178771973,36594.0,42.15003204345703,371,1
StandardGSGP,f952356e-ad48-11ef-bb62-e4a8dfc2a9a8,bioav,21,64,42.92844772338867,0.06350851058959961,37268.0,42.149192810058594,375,1
StandardGSGP,f952356e-ad48-11ef-bb62-e4a8dfc2a9a8,bioav,21,65,42.741180419921875,0.06604337692260742,38024.0,41.97428894042969,381,1
StandardGSGP,f952356e-ad48-11ef-bb62-e4a8dfc2a9a8,bioav,21,66,42.637786865234375,0.06381392478942871,38694.0,41.87152862548828,387,1
StandardGSGP,f952356e-ad48-11ef-bb62-e4a8dfc2a9a8,bioav,21,67,42.41147994995117,0.07287859916687012,39166.0,41.68258285522461,395,1
StandardGSGP,f952356e-ad48-11ef-bb62-e4a8dfc2a9a8,bioav,21,68,42.30814743041992,0.06582331657409668,39894.0,41.46085739135742,403,1
StandardGSGP,f952356e-ad48-11ef-bb62-e4a8dfc2a9a8,bioav,21,69,42.18247985839844,0.0623171329498291,40546.0,41.30036544799805,411,1
StandardGSGP,f952356e-ad48-11ef-bb62-e4a8dfc2a9a8,bioav,21,70,42.063331604003906,0.0635828971862793,41298.0,41.37251663208008,407,1
StandardGSGP,f952356e-ad48-11ef-bb62-e4a8dfc2a9a8,bioav,21,71,41.95332717895508,0.062007904052734375,41956.0,41.06285095214844,423,1
StandardGSGP,f952356e-ad48-11ef-bb62-e4a8dfc2a9a8,bioav,21,72,41.905025482177734,0.06438446044921875,42508.0,41.01728057861328,429,1
StandardGSGP,f952356e-ad48-11ef-bb62-e4a8dfc2a9a8,bioav,21,73,41.76152801513672,0.06451010704040527,43052.0,41.073219299316406,425,1
StandardGSGP,f952356e-ad48-11ef-bb62-e4a8dfc2a9a8,bioav,21,74,41.659568786621094,0.0630028247833252,43714.0,40.97148895263672,431,1
StandardGSGP,f952356e-ad48-11ef-bb62-e4a8dfc2a9a8,bioav,21,75,41.470157623291016,0.06450653076171875,44066.0,40.77912139892578,437,1
StandardGSGP,f952356e-ad48-11ef-bb62-e4a8dfc2a9a8,bioav,21,76,41.226985931396484,0.06151103973388672,44444.0,40.34259033203125,447,1
StandardGSGP,f952356e-ad48-11ef-bb62-e4a8dfc2a9a8,bioav,21,77,41.19947052001953,0.06217050552368164,44956.0,40.51409912109375,449,1
StandardGSGP,f952356e-ad48-11ef-bb62-e4a8dfc2a9a8,bioav,21,78,40.962223052978516,0.06351065635681152,45530.0,40.070316314697266,453,1
StandardGSGP,f952356e-ad48-11ef-bb62-e4a8dfc2a9a8,bioav,21,79,40.88203811645508,0.0685570240020752,46154.0,40.01509475708008,465,1
StandardGSGP,f952356e-ad48-11ef-bb62-e4a8dfc2a9a8,bioav,21,80,40.825775146484375,0.07328677177429199,46806.0,40.16910934448242,467,1
StandardGSGP,f952356e-ad48-11ef-bb62-e4a8dfc2a9a8,bioav,21,81,40.60329055786133,0.06751060485839844,47428.0,39.87514877319336,477,1
StandardGSGP,f952356e-ad48-11ef-bb62-e4a8dfc2a9a8,bioav,21,82,40.44841003417969,0.06456160545349121,48010.0,39.669551849365234,473,1
StandardGSGP,f952356e-ad48-11ef-bb62-e4a8dfc2a9a8,bioav,21,83,40.336647033691406,0.06560230255126953,48714.0,39.56049728393555,479,1
StandardGSGP,f952356e-ad48-11ef-bb62-e4a8dfc2a9a8,bioav,21,84,40.253326416015625,0.0628206729888916,49194.0,39.492916107177734,485,1
StandardGSGP,f952356e-ad48-11ef-bb62-e4a8dfc2a9a8,bioav,21,85,40.011558532714844,0.06804680824279785,49576.0,39.2872200012207,493,1
StandardGSGP,f952356e-ad48-11ef-bb62-e4a8dfc2a9a8,bioav,21,86,39.77398681640625,0.06900358200073242,49896.0,39.06005859375,501,1
StandardGSGP,f952356e-ad48-11ef-bb62-e4a8dfc2a9a8,bioav,21,87,39.652286529541016,0.0682215690612793,50502.0,38.949485778808594,507,1
StandardGSGP,f952356e-ad48-11ef-bb62-e4a8dfc2a9a8,bioav,21,88,39.563663482666016,0.06502914428710938,51216.0,38.85932922363281,513,1
StandardGSGP,f952356e-ad48-11ef-bb62-e4a8dfc2a9a8,bioav,21,89,39.486297607421875,0.06400537490844727,51772.0,38.7866325378418,519,1
StandardGSGP,f952356e-ad48-11ef-bb62-e4a8dfc2a9a8,bioav,21,90,39.41377258300781,0.06412625312805176,52272.0,38.69236373901367,525,1
StandardGSGP,f952356e-ad48-11ef-bb62-e4a8dfc2a9a8,bioav,21,91,39.27183151245117,0.06393218040466309,52810.0,38.56309509277344,531,1
StandardGSGP,f952356e-ad48-11ef-bb62-e4a8dfc2a9a8,bioav,21,92,39.145816802978516,0.0650019645690918,53432.0,38.45995330810547,531,1
StandardGSGP,f952356e-ad48-11ef-bb62-e4a8dfc2a9a8,bioav,21,93,39.06352615356445,0.06950616836547852,54026.0,38.378421783447266,537,1
StandardGSGP,f952356e-ad48-11ef-bb62-e4a8dfc2a9a8,bioav,21,94,38.8847541809082,0.06638264656066895,54442.0,38.16761779785156,545,1
StandardGSGP,f952356e-ad48-11ef-bb62-e4a8dfc2a9a8,bioav,21,95,38.88078308105469,0.06479811668395996,55054.0,38.1629638671875,553,1
StandardGSGP,f952356e-ad48-11ef-bb62-e4a8dfc2a9a8,bioav,21,96,38.768856048583984,0.06659626960754395,55670.0,38.05437088012695,561,1
StandardGSGP,f952356e-ad48-11ef-bb62-e4a8dfc2a9a8,bioav,21,97,38.701438903808594,0.06371927261352539,56350.0,37.9498291015625,567,1
StandardGSGP,f952356e-ad48-11ef-bb62-e4a8dfc2a9a8,bioav,21,98,38.530277252197266,0.0657498836517334,57010.0,37.8796272277832,571,1
StandardGSGP,f952356e-ad48-11ef-bb62-e4a8dfc2a9a8,bioav,21,99,38.52035903930664,0.06688213348388672,57746.0,37.79689407348633,579,1
StandardGSGP,f952356e-ad48-11ef-bb62-e4a8dfc2a9a8,bioav,21,100,38.3431282043457,0.06544995307922363,58366.0,37.57426452636719,585,1
