StandardGSGP,2db04347-ad48-11ef-a432-e4a8dfc2a9a8,bioav,2,0,0.3434395492076874,0.05607461929321289,832.0,0.3221725523471832,3,1
StandardGSGP,2db04347-ad48-11ef-a432-e4a8dfc2a9a8,bioav,2,1,0.3434395492076874,0.1631183624267578,1156.0,0.3221725523471832,3,1
StandardGSGP,2db04347-ad48-11ef-a432-e4a8dfc2a9a8,bioav,2,2,0.34337174892425537,0.06951189041137695,1712.0,0.3221725523471832,9,1
StandardGSGP,2db04347-ad48-11ef-a432-e4a8dfc2a9a8,bioav,2,3,0.337645560503006,0.07300376892089844,2572.0,0.30389919877052307,9,1
StandardGSGP,2db04347-ad48-11ef-a432-e4a8dfc2a9a8,bioav,2,4,0.337645560503006,0.06909465789794922,3122.0,0.30389919877052307,9,1
StandardGSGP,2db04347-ad48-11ef-a432-e4a8dfc2a9a8,bioav,2,5,0.337645560503006,0.07289361953735352,3786.0,0.30389919877052307,9,1
StandardGSGP,2db04347-ad48-11ef-a432-e4a8dfc2a9a8,bioav,2,6,0.3362385332584381,0.06701898574829102,4200.0,0.3018350303173065,15,1
StandardGSGP,2db04347-ad48-11ef-a432-e4a8dfc2a9a8,bioav,2,7,0.3336225748062134,0.06601142883300781,4412.0,0.3012937903404236,21,1
StandardGSGP,2db04347-ad48-11ef-a432-e4a8dfc2a9a8,bioav,2,8,0.32726752758026123,0.06860923767089844,4842.0,0.3985644578933716,51,1
StandardGSGP,2db04347-ad48-11ef-a432-e4a8dfc2a9a8,bioav,2,9,0.32726752758026123,0.06818366050720215,5184.0,0.3985644578933716,51,1
StandardGSGP,2db04347-ad48-11ef-a432-e4a8dfc2a9a8,bioav,2,10,0.3263470232486725,0.07170248031616211,5530.0,0.29072657227516174,65,1
StandardGSGP,2db04347-ad48-11ef-a432-e4a8dfc2a9a8,bioav,2,11,0.3255658745765686,0.07380819320678711,6062.0,0.29105764627456665,71,1
StandardGSGP,2db04347-ad48-11ef-a432-e4a8dfc2a9a8,bioav,2,12,0.3243853449821472,0.06893801689147949,6642.0,0.2908523976802826,77,1
StandardGSGP,2db04347-ad48-11ef-a432-e4a8dfc2a9a8,bioav,2,13,0.3243853449821472,0.10061168670654297,7020.0,0.2908523976802826,77,1
StandardGSGP,2db04347-ad48-11ef-a432-e4a8dfc2a9a8,bioav,2,14,0.32227709889411926,0.06899690628051758,7498.0,0.39728865027427673,75,1
StandardGSGP,2db04347-ad48-11ef-a432-e4a8dfc2a9a8,bioav,2,15,0.32227709889411926,0.07000303268432617,8110.0,0.39728865027427673,75,1
StandardGSGP,2db04347-ad48-11ef-a432-e4a8dfc2a9a8,bioav,2,16,0.3222373127937317,0.07087850570678711,8710.0,0.28865301609039307,95,1
StandardGSGP,2db04347-ad48-11ef-a432-e4a8dfc2a9a8,bioav,2,17,0.3177722990512848,0.07406044006347656,9302.0,0.3050510287284851,107,1
StandardGSGP,2db04347-ad48-11ef-a432-e4a8dfc2a9a8,bioav,2,18,0.3177722990512848,0.0710763931274414,10002.0,0.3050510287284851,107,1
StandardGSGP,2db04347-ad48-11ef-a432-e4a8dfc2a9a8,bioav,2,19,0.314909964799881,0.06803107261657715,10604.0,0.28759297728538513,113,1
StandardGSGP,2db04347-ad48-11ef-a432-e4a8dfc2a9a8,bioav,2,20,0.314909964799881,0.0691685676574707,11302.0,0.28759297728538513,113,1
StandardGSGP,2db04347-ad48-11ef-a432-e4a8dfc2a9a8,bioav,2,21,0.314909964799881,0.06965136528015137,11808.0,0.28759297728538513,113,1
StandardGSGP,2db04347-ad48-11ef-a432-e4a8dfc2a9a8,bioav,2,22,0.3149021863937378,0.06974029541015625,12480.0,0.2872683107852936,119,1
StandardGSGP,2db04347-ad48-11ef-a432-e4a8dfc2a9a8,bioav,2,23,0.3146521747112274,0.07672405242919922,13320.0,0.2850615084171295,125,1
StandardGSGP,2db04347-ad48-11ef-a432-e4a8dfc2a9a8,bioav,2,24,0.3119121491909027,0.06721138954162598,13978.0,0.2799764573574066,131,1
StandardGSGP,2db04347-ad48-11ef-a432-e4a8dfc2a9a8,bioav,2,25,0.3119121491909027,0.06731486320495605,14546.0,0.2799764573574066,131,1
StandardGSGP,2db04347-ad48-11ef-a432-e4a8dfc2a9a8,bioav,2,26,0.31166157126426697,0.06700015068054199,15190.0,0.28256434202194214,143,1
StandardGSGP,2db04347-ad48-11ef-a432-e4a8dfc2a9a8,bioav,2,27,0.31166157126426697,0.06714797019958496,15836.0,0.28256434202194214,143,1
StandardGSGP,2db04347-ad48-11ef-a432-e4a8dfc2a9a8,bioav,2,28,0.31166157126426697,0.06850552558898926,16436.0,0.28256434202194214,143,1
StandardGSGP,2db04347-ad48-11ef-a432-e4a8dfc2a9a8,bioav,2,29,0.30473220348358154,0.06699943542480469,17060.0,0.27527713775634766,155,1
StandardGSGP,2db04347-ad48-11ef-a432-e4a8dfc2a9a8,bioav,2,30,0.30432480573654175,0.06518030166625977,17704.0,0.2756101191043854,161,1
StandardGSGP,2db04347-ad48-11ef-a432-e4a8dfc2a9a8,bioav,2,31,0.30432480573654175,0.06502962112426758,18202.0,0.2756101191043854,161,1
StandardGSGP,2db04347-ad48-11ef-a432-e4a8dfc2a9a8,bioav,2,32,0.30432480573654175,0.07099771499633789,18764.0,0.2756101191043854,161,1
StandardGSGP,2db04347-ad48-11ef-a432-e4a8dfc2a9a8,bioav,2,33,0.30432480573654175,0.07850813865661621,19310.0,0.2756101191043854,161,1
StandardGSGP,2db04347-ad48-11ef-a432-e4a8dfc2a9a8,bioav,2,34,0.30405983328819275,0.06951212882995605,19770.0,0.27548548579216003,167,1
StandardGSGP,2db04347-ad48-11ef-a432-e4a8dfc2a9a8,bioav,2,35,0.30405983328819275,0.07153081893920898,20070.0,0.27548548579216003,167,1
StandardGSGP,2db04347-ad48-11ef-a432-e4a8dfc2a9a8,bioav,2,36,0.30404365062713623,0.07043862342834473,20390.0,0.2754940688610077,173,1
StandardGSGP,2db04347-ad48-11ef-a432-e4a8dfc2a9a8,bioav,2,37,0.30363792181015015,0.07611966133117676,20344.0,0.2752869725227356,179,1
StandardGSGP,2db04347-ad48-11ef-a432-e4a8dfc2a9a8,bioav,2,38,0.30363792181015015,0.06785035133361816,20726.0,0.2752869725227356,179,1
StandardGSGP,2db04347-ad48-11ef-a432-e4a8dfc2a9a8,bioav,2,39,0.30363792181015015,0.07094693183898926,20832.0,0.2752869725227356,179,1
StandardGSGP,2db04347-ad48-11ef-a432-e4a8dfc2a9a8,bioav,2,40,0.30363792181015015,0.06600117683410645,21030.0,0.2752869725227356,179,1
StandardGSGP,2db04347-ad48-11ef-a432-e4a8dfc2a9a8,bioav,2,41,0.30363792181015015,0.06751537322998047,21588.0,0.2752869725227356,179,1
StandardGSGP,2db04347-ad48-11ef-a432-e4a8dfc2a9a8,bioav,2,42,0.30363792181015015,0.0665123462677002,22766.0,0.2752869725227356,179,1
StandardGSGP,2db04347-ad48-11ef-a432-e4a8dfc2a9a8,bioav,2,43,0.303288072347641,0.06800055503845215,23214.0,0.2748064696788788,185,1
StandardGSGP,2db04347-ad48-11ef-a432-e4a8dfc2a9a8,bioav,2,44,0.303288072347641,0.06334495544433594,23008.0,0.2748064696788788,185,1
StandardGSGP,2db04347-ad48-11ef-a432-e4a8dfc2a9a8,bioav,2,45,0.303288072347641,0.06651043891906738,23010.0,0.2748064696788788,185,1
StandardGSGP,2db04347-ad48-11ef-a432-e4a8dfc2a9a8,bioav,2,46,0.3031295835971832,0.0680999755859375,23322.0,0.2748923897743225,197,1
StandardGSGP,2db04347-ad48-11ef-a432-e4a8dfc2a9a8,bioav,2,47,0.3031295835971832,0.07030129432678223,23390.0,0.2748923897743225,197,1
StandardGSGP,2db04347-ad48-11ef-a432-e4a8dfc2a9a8,bioav,2,48,0.3031295835971832,0.07252693176269531,24068.0,0.2748923897743225,197,1
StandardGSGP,2db04347-ad48-11ef-a432-e4a8dfc2a9a8,bioav,2,49,0.3031295835971832,0.06957817077636719,24408.0,0.2748923897743225,197,1
StandardGSGP,2db04347-ad48-11ef-a432-e4a8dfc2a9a8,bioav,2,50,0.30291637778282166,0.08032107353210449,24506.0,0.2766689658164978,221,1
StandardGSGP,2db04347-ad48-11ef-a432-e4a8dfc2a9a8,bioav,2,51,0.30266857147216797,0.07287764549255371,25238.0,0.2765205204486847,227,1
StandardGSGP,2db04347-ad48-11ef-a432-e4a8dfc2a9a8,bioav,2,52,0.30119091272354126,0.07017827033996582,26374.0,0.278561532497406,227,1
StandardGSGP,2db04347-ad48-11ef-a432-e4a8dfc2a9a8,bioav,2,53,0.30119091272354126,0.07158160209655762,26666.0,0.278561532497406,227,1
StandardGSGP,2db04347-ad48-11ef-a432-e4a8dfc2a9a8,bioav,2,54,0.30119091272354126,0.06597685813903809,26470.0,0.278561532497406,227,1
StandardGSGP,2db04347-ad48-11ef-a432-e4a8dfc2a9a8,bioav,2,55,0.3010713458061218,0.06756401062011719,26402.0,0.27709048986434937,251,1
StandardGSGP,2db04347-ad48-11ef-a432-e4a8dfc2a9a8,bioav,2,56,0.3008716106414795,0.1603093147277832,26956.0,0.27653563022613525,257,1
StandardGSGP,2db04347-ad48-11ef-a432-e4a8dfc2a9a8,bioav,2,57,0.29962849617004395,0.06353497505187988,27628.0,0.2799924314022064,245,1
StandardGSGP,2db04347-ad48-11ef-a432-e4a8dfc2a9a8,bioav,2,58,0.29962849617004395,0.07051658630371094,28246.0,0.2799924314022064,245,1
StandardGSGP,2db04347-ad48-11ef-a432-e4a8dfc2a9a8,bioav,2,59,0.29962849617004395,0.07552170753479004,28498.0,0.2799924314022064,245,1
StandardGSGP,2db04347-ad48-11ef-a432-e4a8dfc2a9a8,bioav,2,60,0.29827243089675903,0.07466530799865723,28554.0,0.27471160888671875,275,1
StandardGSGP,2db04347-ad48-11ef-a432-e4a8dfc2a9a8,bioav,2,61,0.29827243089675903,0.06568455696105957,28880.0,0.27471160888671875,275,1
StandardGSGP,2db04347-ad48-11ef-a432-e4a8dfc2a9a8,bioav,2,62,0.2969602048397064,0.08681130409240723,29242.0,0.2774040400981903,269,1
StandardGSGP,2db04347-ad48-11ef-a432-e4a8dfc2a9a8,bioav,2,63,0.2966822683811188,0.07904171943664551,29848.0,0.2779187262058258,275,1
StandardGSGP,2db04347-ad48-11ef-a432-e4a8dfc2a9a8,bioav,2,64,0.2966822683811188,0.07186532020568848,29716.0,0.2779187262058258,275,1
StandardGSGP,2db04347-ad48-11ef-a432-e4a8dfc2a9a8,bioav,2,65,0.2966822683811188,0.07541608810424805,29956.0,0.2779187262058258,275,1
StandardGSGP,2db04347-ad48-11ef-a432-e4a8dfc2a9a8,bioav,2,66,0.29652151465415955,0.07005572319030762,29996.0,0.2780068516731262,281,1
StandardGSGP,2db04347-ad48-11ef-a432-e4a8dfc2a9a8,bioav,2,67,0.29652151465415955,0.07052135467529297,30530.0,0.2780068516731262,281,1
StandardGSGP,2db04347-ad48-11ef-a432-e4a8dfc2a9a8,bioav,2,68,0.2958727777004242,0.07875227928161621,31062.0,0.27829524874687195,293,1
StandardGSGP,2db04347-ad48-11ef-a432-e4a8dfc2a9a8,bioav,2,69,0.2958727777004242,0.08222293853759766,31748.0,0.27829524874687195,293,1
StandardGSGP,2db04347-ad48-11ef-a432-e4a8dfc2a9a8,bioav,2,70,0.2958727777004242,0.08121204376220703,32548.0,0.27829524874687195,293,1
StandardGSGP,2db04347-ad48-11ef-a432-e4a8dfc2a9a8,bioav,2,71,0.2958727777004242,0.06520509719848633,33100.0,0.27829524874687195,293,1
StandardGSGP,2db04347-ad48-11ef-a432-e4a8dfc2a9a8,bioav,2,72,0.29556331038475037,0.07178974151611328,33864.0,0.2801206111907959,299,1
StandardGSGP,2db04347-ad48-11ef-a432-e4a8dfc2a9a8,bioav,2,73,0.29556331038475037,0.07069873809814453,34252.0,0.2801206111907959,299,1
StandardGSGP,2db04347-ad48-11ef-a432-e4a8dfc2a9a8,bioav,2,74,0.2950702905654907,0.06389379501342773,34284.0,0.278665155172348,311,1
StandardGSGP,2db04347-ad48-11ef-a432-e4a8dfc2a9a8,bioav,2,75,0.2950702905654907,0.06558680534362793,34576.0,0.278665155172348,311,1
StandardGSGP,2db04347-ad48-11ef-a432-e4a8dfc2a9a8,bioav,2,76,0.2950702905654907,0.06871271133422852,34960.0,0.278665155172348,311,1
StandardGSGP,2db04347-ad48-11ef-a432-e4a8dfc2a9a8,bioav,2,77,0.2950702905654907,0.0714883804321289,35004.0,0.278665155172348,311,1
StandardGSGP,2db04347-ad48-11ef-a432-e4a8dfc2a9a8,bioav,2,78,0.29411521553993225,0.06915688514709473,35176.0,0.28300338983535767,329,1
StandardGSGP,2db04347-ad48-11ef-a432-e4a8dfc2a9a8,bioav,2,79,0.29411521553993225,0.06526398658752441,35686.0,0.28300338983535767,329,1
StandardGSGP,2db04347-ad48-11ef-a432-e4a8dfc2a9a8,bioav,2,80,0.29411521553993225,0.07074213027954102,36256.0,0.28300338983535767,329,1
StandardGSGP,2db04347-ad48-11ef-a432-e4a8dfc2a9a8,bioav,2,81,0.2920299768447876,0.06876444816589355,36650.0,0.2825241684913635,335,1
StandardGSGP,2db04347-ad48-11ef-a432-e4a8dfc2a9a8,bioav,2,82,0.29156509041786194,0.07000279426574707,37194.0,0.2825241684913635,341,1
StandardGSGP,2db04347-ad48-11ef-a432-e4a8dfc2a9a8,bioav,2,83,0.2914479970932007,0.06899857521057129,37542.0,0.2846948504447937,347,1
StandardGSGP,2db04347-ad48-11ef-a432-e4a8dfc2a9a8,bioav,2,84,0.2911113202571869,0.06554555892944336,38386.0,0.28289365768432617,347,1
StandardGSGP,2db04347-ad48-11ef-a432-e4a8dfc2a9a8,bioav,2,85,0.2911113202571869,0.06450796127319336,38156.0,0.28289365768432617,347,1
StandardGSGP,2db04347-ad48-11ef-a432-e4a8dfc2a9a8,bioav,2,86,0.2895675003528595,0.06526613235473633,39296.0,0.28360483050346375,365,1
StandardGSGP,2db04347-ad48-11ef-a432-e4a8dfc2a9a8,bioav,2,87,0.2895675003528595,0.06422257423400879,39390.0,0.28360483050346375,365,1
StandardGSGP,2db04347-ad48-11ef-a432-e4a8dfc2a9a8,bioav,2,88,0.2895675003528595,0.06989598274230957,39636.0,0.28360483050346375,365,1
StandardGSGP,2db04347-ad48-11ef-a432-e4a8dfc2a9a8,bioav,2,89,0.2895541489124298,0.06764769554138184,40062.0,0.29145702719688416,383,1
StandardGSGP,2db04347-ad48-11ef-a432-e4a8dfc2a9a8,bioav,2,90,0.2895541489124298,0.07159614562988281,40264.0,0.29145702719688416,383,1
StandardGSGP,2db04347-ad48-11ef-a432-e4a8dfc2a9a8,bioav,2,91,0.28800830245018005,0.06551361083984375,40300.0,0.28835731744766235,389,1
StandardGSGP,2db04347-ad48-11ef-a432-e4a8dfc2a9a8,bioav,2,92,0.28800830245018005,0.07740473747253418,40600.0,0.28835731744766235,389,1
StandardGSGP,2db04347-ad48-11ef-a432-e4a8dfc2a9a8,bioav,2,93,0.28800830245018005,0.06772089004516602,40706.0,0.28835731744766235,389,1
StandardGSGP,2db04347-ad48-11ef-a432-e4a8dfc2a9a8,bioav,2,94,0.28800830245018005,0.06550788879394531,41264.0,0.28835731744766235,389,1
StandardGSGP,2db04347-ad48-11ef-a432-e4a8dfc2a9a8,bioav,2,95,0.28800830245018005,0.07387161254882812,41644.0,0.28835731744766235,389,1
StandardGSGP,2db04347-ad48-11ef-a432-e4a8dfc2a9a8,bioav,2,96,0.28800830245018005,0.07036995887756348,41814.0,0.28835731744766235,389,1
StandardGSGP,2db04347-ad48-11ef-a432-e4a8dfc2a9a8,bioav,2,97,0.2867763042449951,0.0635073184967041,42234.0,0.29451480507850647,395,1
StandardGSGP,2db04347-ad48-11ef-a432-e4a8dfc2a9a8,bioav,2,98,0.2867763042449951,0.0646059513092041,42444.0,0.29451480507850647,395,1
StandardGSGP,2db04347-ad48-11ef-a432-e4a8dfc2a9a8,bioav,2,99,0.2865462601184845,0.07164621353149414,42690.0,0.2937249541282654,401,1
StandardGSGP,2db04347-ad48-11ef-a432-e4a8dfc2a9a8,bioav,2,100,0.2861001491546631,0.07085371017456055,42824.0,0.2963765859603882,407,1
StandardGSGP,a9dc966e-ad48-11ef-bc3e-e4a8dfc2a9a8,bioav,2,0,52.15517044067383,0.09807610511779785,1344.0,51.61518859863281,7,1
StandardGSGP,a9dc966e-ad48-11ef-bc3e-e4a8dfc2a9a8,bioav,2,1,51.937198638916016,0.06524109840393066,1500.0,51.36945724487305,13,1
StandardGSGP,a9dc966e-ad48-11ef-bc3e-e4a8dfc2a9a8,bioav,2,2,51.58725357055664,0.06152009963989258,1808.0,50.993988037109375,19,1
StandardGSGP,a9dc966e-ad48-11ef-bc3e-e4a8dfc2a9a8,bioav,2,3,51.558223724365234,0.06200265884399414,2418.0,50.961429595947266,25,1
StandardGSGP,a9dc966e-ad48-11ef-bc3e-e4a8dfc2a9a8,bioav,2,4,51.32209396362305,0.06150698661804199,3084.0,50.718631744384766,31,1
StandardGSGP,a9dc966e-ad48-11ef-bc3e-e4a8dfc2a9a8,bioav,2,5,51.225284576416016,0.0625162124633789,3662.0,50.597103118896484,37,1
StandardGSGP,a9dc966e-ad48-11ef-bc3e-e4a8dfc2a9a8,bioav,2,6,50.95956802368164,0.06420254707336426,4228.0,50.301509857177734,43,1
StandardGSGP,a9dc966e-ad48-11ef-bc3e-e4a8dfc2a9a8,bioav,2,7,50.843814849853516,0.06251692771911621,4826.0,50.203704833984375,43,1
StandardGSGP,a9dc966e-ad48-11ef-bc3e-e4a8dfc2a9a8,bioav,2,8,50.70926284790039,0.06251072883605957,5410.0,50.019405364990234,49,1
StandardGSGP,a9dc966e-ad48-11ef-bc3e-e4a8dfc2a9a8,bioav,2,9,50.189109802246094,0.06399917602539062,5882.0,49.463871002197266,51,1
StandardGSGP,a9dc966e-ad48-11ef-bc3e-e4a8dfc2a9a8,bioav,2,10,50.03769302368164,0.06350922584533691,6314.0,49.293724060058594,57,1
StandardGSGP,a9dc966e-ad48-11ef-bc3e-e4a8dfc2a9a8,bioav,2,11,49.82387161254883,0.0675208568572998,6676.0,49.07969665527344,63,1
StandardGSGP,a9dc966e-ad48-11ef-bc3e-e4a8dfc2a9a8,bioav,2,12,49.73908996582031,0.06761574745178223,6972.0,48.952720642089844,69,1
StandardGSGP,a9dc966e-ad48-11ef-bc3e-e4a8dfc2a9a8,bioav,2,13,49.62101364135742,0.06752133369445801,7478.0,48.8191032409668,75,1
StandardGSGP,a9dc966e-ad48-11ef-bc3e-e4a8dfc2a9a8,bioav,2,14,49.3410758972168,0.0669698715209961,8058.0,48.496639251708984,81,1
StandardGSGP,a9dc966e-ad48-11ef-bc3e-e4a8dfc2a9a8,bioav,2,15,49.16878890991211,0.07686257362365723,8684.0,48.27477264404297,87,1
StandardGSGP,a9dc966e-ad48-11ef-bc3e-e4a8dfc2a9a8,bioav,2,16,48.94411849975586,0.07222723960876465,9312.0,48.03671646118164,93,1
StandardGSGP,a9dc966e-ad48-11ef-bc3e-e4a8dfc2a9a8,bioav,2,17,48.88902282714844,0.07153582572937012,9876.0,47.9791259765625,99,1
StandardGSGP,a9dc966e-ad48-11ef-bc3e-e4a8dfc2a9a8,bioav,2,18,48.775211334228516,0.09359049797058105,10452.0,47.84767532348633,105,1
StandardGSGP,a9dc966e-ad48-11ef-bc3e-e4a8dfc2a9a8,bioav,2,19,48.61357498168945,0.07050800323486328,11042.0,47.65420913696289,111,1
StandardGSGP,a9dc966e-ad48-11ef-bc3e-e4a8dfc2a9a8,bioav,2,20,48.439910888671875,0.06399965286254883,11676.0,47.49312210083008,119,1
StandardGSGP,a9dc966e-ad48-11ef-bc3e-e4a8dfc2a9a8,bioav,2,21,48.296260833740234,0.0628352165222168,12240.0,47.3006591796875,123,1
StandardGSGP,a9dc966e-ad48-11ef-bc3e-e4a8dfc2a9a8,bioav,2,22,48.05443572998047,0.07162928581237793,12844.0,47.038490295410156,129,1
StandardGSGP,a9dc966e-ad48-11ef-bc3e-e4a8dfc2a9a8,bioav,2,23,47.53855514526367,0.07266855239868164,13426.0,46.4461784362793,135,1
StandardGSGP,a9dc966e-ad48-11ef-bc3e-e4a8dfc2a9a8,bioav,2,24,47.38697052001953,0.07720065116882324,13930.0,46.27083969116211,141,1
StandardGSGP,a9dc966e-ad48-11ef-bc3e-e4a8dfc2a9a8,bioav,2,25,47.09963607788086,0.07447290420532227,14644.0,45.93992233276367,147,1
StandardGSGP,a9dc966e-ad48-11ef-bc3e-e4a8dfc2a9a8,bioav,2,26,47.03120040893555,0.07252788543701172,15282.0,45.854408264160156,153,1
StandardGSGP,a9dc966e-ad48-11ef-bc3e-e4a8dfc2a9a8,bioav,2,27,46.81680679321289,0.06716489791870117,15888.0,45.60334014892578,159,1
StandardGSGP,a9dc966e-ad48-11ef-bc3e-e4a8dfc2a9a8,bioav,2,28,46.69288635253906,0.06844234466552734,16484.0,45.47114562988281,165,1
StandardGSGP,a9dc966e-ad48-11ef-bc3e-e4a8dfc2a9a8,bioav,2,29,46.47608184814453,0.1455671787261963,17062.0,45.2160758972168,171,1
StandardGSGP,a9dc966e-ad48-11ef-bc3e-e4a8dfc2a9a8,bioav,2,30,46.1096076965332,0.07656407356262207,17656.0,44.79329299926758,179,1
StandardGSGP,a9dc966e-ad48-11ef-bc3e-e4a8dfc2a9a8,bioav,2,31,45.991912841796875,0.0645134449005127,18276.0,44.61198806762695,185,1
StandardGSGP,a9dc966e-ad48-11ef-bc3e-e4a8dfc2a9a8,bioav,2,32,45.972747802734375,0.06826043128967285,18954.0,44.57325744628906,191,1
StandardGSGP,a9dc966e-ad48-11ef-bc3e-e4a8dfc2a9a8,bioav,2,33,45.87971878051758,0.06467628479003906,19562.0,44.51435089111328,197,1
StandardGSGP,a9dc966e-ad48-11ef-bc3e-e4a8dfc2a9a8,bioav,2,34,45.72423553466797,0.06307697296142578,20120.0,44.2873649597168,203,1
StandardGSGP,a9dc966e-ad48-11ef-bc3e-e4a8dfc2a9a8,bioav,2,35,45.566986083984375,0.06891083717346191,20712.0,44.14047622680664,209,1
StandardGSGP,a9dc966e-ad48-11ef-bc3e-e4a8dfc2a9a8,bioav,2,36,45.43498229980469,0.06900882720947266,21324.0,43.9854736328125,215,1
StandardGSGP,a9dc966e-ad48-11ef-bc3e-e4a8dfc2a9a8,bioav,2,37,45.36811828613281,0.06256699562072754,21974.0,43.91205596923828,215,1
StandardGSGP,a9dc966e-ad48-11ef-bc3e-e4a8dfc2a9a8,bioav,2,38,45.03797912597656,0.07773876190185547,22608.0,43.50164031982422,227,1
StandardGSGP,a9dc966e-ad48-11ef-bc3e-e4a8dfc2a9a8,bioav,2,39,44.88881301879883,0.07425284385681152,23182.0,43.23955535888672,227,1
StandardGSGP,a9dc966e-ad48-11ef-bc3e-e4a8dfc2a9a8,bioav,2,40,44.78639221191406,0.0750274658203125,23736.0,43.28023910522461,237,1
StandardGSGP,a9dc966e-ad48-11ef-bc3e-e4a8dfc2a9a8,bioav,2,41,44.534263610839844,0.0725095272064209,24248.0,42.978248596191406,243,1
StandardGSGP,a9dc966e-ad48-11ef-bc3e-e4a8dfc2a9a8,bioav,2,42,44.34357833862305,0.07250833511352539,24778.0,42.74615478515625,249,1
StandardGSGP,a9dc966e-ad48-11ef-bc3e-e4a8dfc2a9a8,bioav,2,43,44.18994903564453,0.06650614738464355,25312.0,42.55706024169922,255,1
StandardGSGP,a9dc966e-ad48-11ef-bc3e-e4a8dfc2a9a8,bioav,2,44,44.06715393066406,0.07100081443786621,25896.0,42.390724182128906,263,1
StandardGSGP,a9dc966e-ad48-11ef-bc3e-e4a8dfc2a9a8,bioav,2,45,43.8603401184082,0.0670783519744873,26538.0,42.13465881347656,269,1
StandardGSGP,a9dc966e-ad48-11ef-bc3e-e4a8dfc2a9a8,bioav,2,46,43.76560592651367,0.06650185585021973,27272.0,42.043670654296875,275,1
StandardGSGP,a9dc966e-ad48-11ef-bc3e-e4a8dfc2a9a8,bioav,2,47,43.66259765625,0.06899905204772949,27944.0,41.92733383178711,281,1
StandardGSGP,a9dc966e-ad48-11ef-bc3e-e4a8dfc2a9a8,bioav,2,48,43.44652557373047,0.06251001358032227,28484.0,41.63113021850586,281,1
StandardGSGP,a9dc966e-ad48-11ef-bc3e-e4a8dfc2a9a8,bioav,2,49,43.341426849365234,0.06451010704040527,29038.0,41.50698471069336,287,1
StandardGSGP,a9dc966e-ad48-11ef-bc3e-e4a8dfc2a9a8,bioav,2,50,43.101043701171875,0.07199430465698242,29656.0,41.193668365478516,293,1
StandardGSGP,a9dc966e-ad48-11ef-bc3e-e4a8dfc2a9a8,bioav,2,51,43.101043701171875,0.06902909278869629,30046.0,41.193668365478516,293,1
StandardGSGP,a9dc966e-ad48-11ef-bc3e-e4a8dfc2a9a8,bioav,2,52,43.064849853515625,0.0709986686706543,30464.0,41.14875030517578,305,1
StandardGSGP,a9dc966e-ad48-11ef-bc3e-e4a8dfc2a9a8,bioav,2,53,42.9154167175293,0.07633852958679199,31006.0,40.97119140625,311,1
StandardGSGP,a9dc966e-ad48-11ef-bc3e-e4a8dfc2a9a8,bioav,2,54,42.72563552856445,0.06879496574401855,31540.0,40.73063278198242,319,1
StandardGSGP,a9dc966e-ad48-11ef-bc3e-e4a8dfc2a9a8,bioav,2,55,42.677425384521484,0.07748842239379883,32174.0,40.6760139465332,323,1
StandardGSGP,a9dc966e-ad48-11ef-bc3e-e4a8dfc2a9a8,bioav,2,56,42.51849365234375,0.07101202011108398,32762.0,40.464019775390625,331,1
StandardGSGP,a9dc966e-ad48-11ef-bc3e-e4a8dfc2a9a8,bioav,2,57,42.33722686767578,0.06456542015075684,33446.0,40.23660659790039,339,1
StandardGSGP,a9dc966e-ad48-11ef-bc3e-e4a8dfc2a9a8,bioav,2,58,42.27760314941406,0.06830096244812012,34204.0,40.16946792602539,345,1
StandardGSGP,a9dc966e-ad48-11ef-bc3e-e4a8dfc2a9a8,bioav,2,59,42.13273239135742,0.07311177253723145,34834.0,39.95100402832031,347,1
StandardGSGP,a9dc966e-ad48-11ef-bc3e-e4a8dfc2a9a8,bioav,2,60,41.955894470214844,0.07875251770019531,35432.0,39.738948822021484,353,1
StandardGSGP,a9dc966e-ad48-11ef-bc3e-e4a8dfc2a9a8,bioav,2,61,41.87197494506836,0.07302045822143555,36006.0,39.625667572021484,359,1
StandardGSGP,a9dc966e-ad48-11ef-bc3e-e4a8dfc2a9a8,bioav,2,62,41.79452896118164,0.06765604019165039,36552.0,39.7071418762207,365,1
StandardGSGP,a9dc966e-ad48-11ef-bc3e-e4a8dfc2a9a8,bioav,2,63,41.68645095825195,0.06551194190979004,37056.0,39.40342712402344,373,1
StandardGSGP,a9dc966e-ad48-11ef-bc3e-e4a8dfc2a9a8,bioav,2,64,41.57518005371094,0.07120013236999512,37688.0,39.28655242919922,379,1
StandardGSGP,a9dc966e-ad48-11ef-bc3e-e4a8dfc2a9a8,bioav,2,65,41.48701858520508,0.07418560981750488,38362.0,39.28721237182617,383,1
StandardGSGP,a9dc966e-ad48-11ef-bc3e-e4a8dfc2a9a8,bioav,2,66,41.320037841796875,0.07450985908508301,39000.0,39.098506927490234,389,1
StandardGSGP,a9dc966e-ad48-11ef-bc3e-e4a8dfc2a9a8,bioav,2,67,41.238182067871094,0.0685110092163086,39504.0,38.969268798828125,395,1
StandardGSGP,a9dc966e-ad48-11ef-bc3e-e4a8dfc2a9a8,bioav,2,68,41.025943756103516,0.07100343704223633,39982.0,38.704044342041016,401,1
StandardGSGP,a9dc966e-ad48-11ef-bc3e-e4a8dfc2a9a8,bioav,2,69,40.95620346069336,0.07212376594543457,40604.0,38.639610290527344,407,1
StandardGSGP,a9dc966e-ad48-11ef-bc3e-e4a8dfc2a9a8,bioav,2,70,40.851261138916016,0.07482457160949707,41198.0,38.474342346191406,409,1
StandardGSGP,a9dc966e-ad48-11ef-bc3e-e4a8dfc2a9a8,bioav,2,71,40.61014938354492,0.07953834533691406,41790.0,38.156494140625,415,1
StandardGSGP,a9dc966e-ad48-11ef-bc3e-e4a8dfc2a9a8,bioav,2,72,40.52970504760742,0.0650017261505127,42292.0,38.0557975769043,423,1
StandardGSGP,a9dc966e-ad48-11ef-bc3e-e4a8dfc2a9a8,bioav,2,73,40.44658279418945,0.06839299201965332,42734.0,37.95534133911133,429,1
StandardGSGP,a9dc966e-ad48-11ef-bc3e-e4a8dfc2a9a8,bioav,2,74,40.41963195800781,0.06387948989868164,43210.0,37.90526580810547,435,1
StandardGSGP,a9dc966e-ad48-11ef-bc3e-e4a8dfc2a9a8,bioav,2,75,40.3035888671875,0.06182503700256348,43832.0,37.756229400634766,441,1
StandardGSGP,a9dc966e-ad48-11ef-bc3e-e4a8dfc2a9a8,bioav,2,76,40.2119140625,0.06182599067687988,44418.0,37.62920379638672,447,1
StandardGSGP,a9dc966e-ad48-11ef-bc3e-e4a8dfc2a9a8,bioav,2,77,40.11281967163086,0.06973886489868164,45040.0,37.56281280517578,445,1
StandardGSGP,a9dc966e-ad48-11ef-bc3e-e4a8dfc2a9a8,bioav,2,78,40.0376091003418,0.06235504150390625,45630.0,37.412086486816406,461,1
StandardGSGP,a9dc966e-ad48-11ef-bc3e-e4a8dfc2a9a8,bioav,2,79,39.903717041015625,0.06369733810424805,46232.0,37.22962951660156,467,1
StandardGSGP,a9dc966e-ad48-11ef-bc3e-e4a8dfc2a9a8,bioav,2,80,39.862972259521484,0.06151413917541504,46682.0,37.22276306152344,463,1
StandardGSGP,a9dc966e-ad48-11ef-bc3e-e4a8dfc2a9a8,bioav,2,81,39.745365142822266,0.06400227546691895,47244.0,37.01561737060547,479,1
StandardGSGP,a9dc966e-ad48-11ef-bc3e-e4a8dfc2a9a8,bioav,2,82,39.61688232421875,0.06750822067260742,47976.0,36.89666748046875,469,1
StandardGSGP,a9dc966e-ad48-11ef-bc3e-e4a8dfc2a9a8,bioav,2,83,39.494468688964844,0.06350922584533691,48426.0,36.73155212402344,475,1
StandardGSGP,a9dc966e-ad48-11ef-bc3e-e4a8dfc2a9a8,bioav,2,84,39.48491287231445,0.06801605224609375,48848.0,36.71834182739258,481,1
StandardGSGP,a9dc966e-ad48-11ef-bc3e-e4a8dfc2a9a8,bioav,2,85,39.450016021728516,0.06390833854675293,49298.0,36.65810775756836,489,1
StandardGSGP,a9dc966e-ad48-11ef-bc3e-e4a8dfc2a9a8,bioav,2,86,39.298282623291016,0.0666501522064209,49610.0,36.45701217651367,493,1
StandardGSGP,a9dc966e-ad48-11ef-bc3e-e4a8dfc2a9a8,bioav,2,87,39.24556350708008,0.06825089454650879,49930.0,36.399410247802734,499,1
StandardGSGP,a9dc966e-ad48-11ef-bc3e-e4a8dfc2a9a8,bioav,2,88,39.21903610229492,0.06541180610656738,50390.0,36.359954833984375,505,1
StandardGSGP,a9dc966e-ad48-11ef-bc3e-e4a8dfc2a9a8,bioav,2,89,39.11832046508789,0.061521291732788086,50918.0,36.182735443115234,507,1
StandardGSGP,a9dc966e-ad48-11ef-bc3e-e4a8dfc2a9a8,bioav,2,90,39.08930969238281,0.0630030632019043,51472.0,36.17652893066406,511,1
StandardGSGP,a9dc966e-ad48-11ef-bc3e-e4a8dfc2a9a8,bioav,2,91,39.02003479003906,0.0635063648223877,52046.0,36.13560485839844,519,1
StandardGSGP,a9dc966e-ad48-11ef-bc3e-e4a8dfc2a9a8,bioav,2,92,38.905052185058594,0.06350994110107422,52524.0,35.8801155090332,525,1
StandardGSGP,a9dc966e-ad48-11ef-bc3e-e4a8dfc2a9a8,bioav,2,93,38.84648895263672,0.0650026798248291,53116.0,35.78639602661133,531,1
StandardGSGP,a9dc966e-ad48-11ef-bc3e-e4a8dfc2a9a8,bioav,2,94,38.765777587890625,0.06250572204589844,53780.0,35.663787841796875,537,1
StandardGSGP,a9dc966e-ad48-11ef-bc3e-e4a8dfc2a9a8,bioav,2,95,38.76446533203125,0.06350922584533691,54358.0,35.660526275634766,543,1
StandardGSGP,a9dc966e-ad48-11ef-bc3e-e4a8dfc2a9a8,bioav,2,96,38.70413589477539,0.06299972534179688,54940.0,35.58230209350586,549,1
StandardGSGP,a9dc966e-ad48-11ef-bc3e-e4a8dfc2a9a8,bioav,2,97,38.61735916137695,0.13673877716064453,55618.0,35.46627426147461,555,1
StandardGSGP,a9dc966e-ad48-11ef-bc3e-e4a8dfc2a9a8,bioav,2,98,38.552005767822266,0.0624387264251709,56174.0,35.3701286315918,561,1
StandardGSGP,a9dc966e-ad48-11ef-bc3e-e4a8dfc2a9a8,bioav,2,99,38.43754196166992,0.06850385665893555,56810.0,35.20545196533203,567,1
StandardGSGP,a9dc966e-ad48-11ef-bc3e-e4a8dfc2a9a8,bioav,2,100,38.42561340332031,0.06751489639282227,57338.0,35.18779373168945,573,1
