StandardGSGP,ab9a6a8f-ad2f-11ef-a9c8-e4a8dfc2a9a8,concrete_slump,20,0,0.40104538202285767,0.1362760066986084,3706.0,0.4579860270023346,3,1
StandardGSGP,ab9a6a8f-ad2f-11ef-a9c8-e4a8dfc2a9a8,concrete_slump,20,1,0.3623679280281067,0.06417322158813477,2640.0,0.5424990653991699,9,1
StandardGSGP,ab9a6a8f-ad2f-11ef-a9c8-e4a8dfc2a9a8,concrete_slump,20,2,0.35113605856895447,0.06151437759399414,2544.0,0.6546844244003296,15,1
StandardGSGP,ab9a6a8f-ad2f-11ef-a9c8-e4a8dfc2a9a8,concrete_slump,20,3,0.3477904796600342,0.057342529296875,3306.0,0.6329982280731201,25,1
StandardGSGP,ab9a6a8f-ad2f-11ef-a9c8-e4a8dfc2a9a8,concrete_slump,20,4,0.29796016216278076,0.06511616706848145,4178.0,0.45946362614631653,37,1
StandardGSGP,ab9a6a8f-ad2f-11ef-a9c8-e4a8dfc2a9a8,concrete_slump,20,5,0.2913997769355774,0.05508828163146973,4998.0,0.38123488426208496,47,1
StandardGSGP,ab9a6a8f-ad2f-11ef-a9c8-e4a8dfc2a9a8,concrete_slump,20,6,0.29116711020469666,0.053019046783447266,5732.0,0.4121062457561493,53,1
StandardGSGP,ab9a6a8f-ad2f-11ef-a9c8-e4a8dfc2a9a8,concrete_slump,20,7,0.28085818886756897,0.06251740455627441,6772.0,0.3100989758968353,77,1
StandardGSGP,ab9a6a8f-ad2f-11ef-a9c8-e4a8dfc2a9a8,concrete_slump,20,8,0.28085818886756897,0.06277298927307129,7888.0,0.3100989758968353,77,1
StandardGSGP,ab9a6a8f-ad2f-11ef-a9c8-e4a8dfc2a9a8,concrete_slump,20,9,0.27080753445625305,0.06168007850646973,8868.0,0.27222320437431335,97,1
StandardGSGP,ab9a6a8f-ad2f-11ef-a9c8-e4a8dfc2a9a8,concrete_slump,20,10,0.27045494318008423,0.059953927993774414,9932.0,0.2722451686859131,103,1
StandardGSGP,ab9a6a8f-ad2f-11ef-a9c8-e4a8dfc2a9a8,concrete_slump,20,11,0.27045494318008423,0.062452077865600586,11050.0,0.2722451686859131,103,1
StandardGSGP,ab9a6a8f-ad2f-11ef-a9c8-e4a8dfc2a9a8,concrete_slump,20,12,0.27045494318008423,0.059853553771972656,11944.0,0.2722451686859131,103,1
StandardGSGP,ab9a6a8f-ad2f-11ef-a9c8-e4a8dfc2a9a8,concrete_slump,20,13,0.27045494318008423,0.06056976318359375,12606.0,0.2722451686859131,103,1
StandardGSGP,ab9a6a8f-ad2f-11ef-a9c8-e4a8dfc2a9a8,concrete_slump,20,14,0.27045494318008423,0.056998491287231445,13590.0,0.2722451686859131,103,1
StandardGSGP,ab9a6a8f-ad2f-11ef-a9c8-e4a8dfc2a9a8,concrete_slump,20,15,0.2681545913219452,0.06049084663391113,14494.0,0.26865527033805847,109,1
StandardGSGP,ab9a6a8f-ad2f-11ef-a9c8-e4a8dfc2a9a8,concrete_slump,20,16,0.257323682308197,0.05749678611755371,15278.0,0.3434223532676697,151,1
StandardGSGP,ab9a6a8f-ad2f-11ef-a9c8-e4a8dfc2a9a8,concrete_slump,20,17,0.257323682308197,0.05263185501098633,15994.0,0.3434223532676697,151,1
StandardGSGP,ab9a6a8f-ad2f-11ef-a9c8-e4a8dfc2a9a8,concrete_slump,20,18,0.2567048966884613,0.055001258850097656,16744.0,0.34410202503204346,157,1
StandardGSGP,ab9a6a8f-ad2f-11ef-a9c8-e4a8dfc2a9a8,concrete_slump,20,19,0.2567048966884613,0.0615849494934082,17692.0,0.34410202503204346,157,1
StandardGSGP,ab9a6a8f-ad2f-11ef-a9c8-e4a8dfc2a9a8,concrete_slump,20,20,0.2567048966884613,0.058077335357666016,18342.0,0.34410202503204346,157,1
StandardGSGP,ab9a6a8f-ad2f-11ef-a9c8-e4a8dfc2a9a8,concrete_slump,20,21,0.25522470474243164,0.060901641845703125,19244.0,0.3452191948890686,165,1
StandardGSGP,ab9a6a8f-ad2f-11ef-a9c8-e4a8dfc2a9a8,concrete_slump,20,22,0.25522470474243164,0.058508872985839844,19786.0,0.3452191948890686,165,1
StandardGSGP,ab9a6a8f-ad2f-11ef-a9c8-e4a8dfc2a9a8,concrete_slump,20,23,0.25522470474243164,0.06366157531738281,20642.0,0.3452191948890686,165,1
StandardGSGP,ab9a6a8f-ad2f-11ef-a9c8-e4a8dfc2a9a8,concrete_slump,20,24,0.25522470474243164,0.054999351501464844,21494.0,0.3452191948890686,165,1
StandardGSGP,ab9a6a8f-ad2f-11ef-a9c8-e4a8dfc2a9a8,concrete_slump,20,25,0.25522470474243164,0.05850076675415039,22050.0,0.3452191948890686,165,1
StandardGSGP,ab9a6a8f-ad2f-11ef-a9c8-e4a8dfc2a9a8,concrete_slump,20,26,0.25522470474243164,0.06998968124389648,22896.0,0.3452191948890686,165,1
StandardGSGP,ab9a6a8f-ad2f-11ef-a9c8-e4a8dfc2a9a8,concrete_slump,20,27,0.25522470474243164,0.05679798126220703,23570.0,0.3452191948890686,165,1
StandardGSGP,ab9a6a8f-ad2f-11ef-a9c8-e4a8dfc2a9a8,concrete_slump,20,28,0.25522470474243164,0.061804771423339844,23920.0,0.3452191948890686,165,1
StandardGSGP,ab9a6a8f-ad2f-11ef-a9c8-e4a8dfc2a9a8,concrete_slump,20,29,0.25522470474243164,0.056999921798706055,24800.0,0.3452191948890686,165,1
StandardGSGP,ab9a6a8f-ad2f-11ef-a9c8-e4a8dfc2a9a8,concrete_slump,20,30,0.25522470474243164,0.058511972427368164,25126.0,0.3452191948890686,165,1
StandardGSGP,ab9a6a8f-ad2f-11ef-a9c8-e4a8dfc2a9a8,concrete_slump,20,31,0.25522470474243164,0.05900311470031738,26292.0,0.3452191948890686,165,1
StandardGSGP,ab9a6a8f-ad2f-11ef-a9c8-e4a8dfc2a9a8,concrete_slump,20,32,0.25522470474243164,0.0610044002532959,27234.0,0.3452191948890686,165,1
StandardGSGP,ab9a6a8f-ad2f-11ef-a9c8-e4a8dfc2a9a8,concrete_slump,20,33,0.25522470474243164,0.056511640548706055,27126.0,0.3452191948890686,165,1
StandardGSGP,ab9a6a8f-ad2f-11ef-a9c8-e4a8dfc2a9a8,concrete_slump,20,34,0.25522470474243164,0.05870485305786133,26876.0,0.3452191948890686,165,1
StandardGSGP,ab9a6a8f-ad2f-11ef-a9c8-e4a8dfc2a9a8,concrete_slump,20,35,0.2550499439239502,0.06319904327392578,27290.0,0.352787047624588,189,1
StandardGSGP,ab9a6a8f-ad2f-11ef-a9c8-e4a8dfc2a9a8,concrete_slump,20,36,0.2550499439239502,0.059523582458496094,25964.0,0.352787047624588,189,1
StandardGSGP,ab9a6a8f-ad2f-11ef-a9c8-e4a8dfc2a9a8,concrete_slump,20,37,0.2548421621322632,0.05699920654296875,26180.0,0.3515879809856415,197,1
StandardGSGP,ab9a6a8f-ad2f-11ef-a9c8-e4a8dfc2a9a8,concrete_slump,20,38,0.2548421621322632,0.05856776237487793,26460.0,0.3515879809856415,197,1
StandardGSGP,ab9a6a8f-ad2f-11ef-a9c8-e4a8dfc2a9a8,concrete_slump,20,39,0.2548421621322632,0.06202268600463867,27264.0,0.3515879809856415,197,1
StandardGSGP,ab9a6a8f-ad2f-11ef-a9c8-e4a8dfc2a9a8,concrete_slump,20,40,0.2548421621322632,0.058981895446777344,28922.0,0.3515879809856415,197,1
StandardGSGP,ab9a6a8f-ad2f-11ef-a9c8-e4a8dfc2a9a8,concrete_slump,20,41,0.2548421621322632,0.05771589279174805,30158.0,0.3515879809856415,197,1
StandardGSGP,ab9a6a8f-ad2f-11ef-a9c8-e4a8dfc2a9a8,concrete_slump,20,42,0.2548421621322632,0.05867743492126465,32440.0,0.3515879809856415,197,1
StandardGSGP,ab9a6a8f-ad2f-11ef-a9c8-e4a8dfc2a9a8,concrete_slump,20,43,0.2548421621322632,0.057176828384399414,33054.0,0.3515879809856415,197,1
StandardGSGP,ab9a6a8f-ad2f-11ef-a9c8-e4a8dfc2a9a8,concrete_slump,20,44,0.2548421621322632,0.05699801445007324,33240.0,0.3515879809856415,197,1
StandardGSGP,ab9a6a8f-ad2f-11ef-a9c8-e4a8dfc2a9a8,concrete_slump,20,45,0.2548421621322632,0.0648188591003418,33026.0,0.3515879809856415,197,1
StandardGSGP,ab9a6a8f-ad2f-11ef-a9c8-e4a8dfc2a9a8,concrete_slump,20,46,0.2548421621322632,0.06022453308105469,33754.0,0.3515879809856415,197,1
StandardGSGP,ab9a6a8f-ad2f-11ef-a9c8-e4a8dfc2a9a8,concrete_slump,20,47,0.2548421621322632,0.059276580810546875,34460.0,0.3515879809856415,197,1
StandardGSGP,ab9a6a8f-ad2f-11ef-a9c8-e4a8dfc2a9a8,concrete_slump,20,48,0.2548421621322632,0.05556344985961914,36420.0,0.3515879809856415,197,1
StandardGSGP,ab9a6a8f-ad2f-11ef-a9c8-e4a8dfc2a9a8,concrete_slump,20,49,0.2548421621322632,0.05832314491271973,37110.0,0.3515879809856415,197,1
StandardGSGP,ab9a6a8f-ad2f-11ef-a9c8-e4a8dfc2a9a8,concrete_slump,20,50,0.2548421621322632,0.05650782585144043,37264.0,0.3515879809856415,197,1
StandardGSGP,ab9a6a8f-ad2f-11ef-a9c8-e4a8dfc2a9a8,concrete_slump,20,51,0.2548421621322632,0.05943608283996582,37838.0,0.3515879809856415,197,1
StandardGSGP,ab9a6a8f-ad2f-11ef-a9c8-e4a8dfc2a9a8,concrete_slump,20,52,0.2548118531703949,0.059703826904296875,38592.0,0.3515131175518036,207,1
StandardGSGP,ab9a6a8f-ad2f-11ef-a9c8-e4a8dfc2a9a8,concrete_slump,20,53,0.2548118531703949,0.0576021671295166,39346.0,0.3515131175518036,207,1
StandardGSGP,ab9a6a8f-ad2f-11ef-a9c8-e4a8dfc2a9a8,concrete_slump,20,54,0.2548118531703949,0.05876278877258301,38770.0,0.3515131175518036,207,1
StandardGSGP,ab9a6a8f-ad2f-11ef-a9c8-e4a8dfc2a9a8,concrete_slump,20,55,0.2548118531703949,0.06351041793823242,39322.0,0.3515131175518036,207,1
StandardGSGP,ab9a6a8f-ad2f-11ef-a9c8-e4a8dfc2a9a8,concrete_slump,20,56,0.2548118531703949,0.13942193984985352,38304.0,0.3515131175518036,207,1
StandardGSGP,ab9a6a8f-ad2f-11ef-a9c8-e4a8dfc2a9a8,concrete_slump,20,57,0.2548118531703949,0.05751442909240723,39952.0,0.3515131175518036,207,1
StandardGSGP,ab9a6a8f-ad2f-11ef-a9c8-e4a8dfc2a9a8,concrete_slump,20,58,0.2548118531703949,0.059242963790893555,42378.0,0.3515131175518036,207,1
StandardGSGP,ab9a6a8f-ad2f-11ef-a9c8-e4a8dfc2a9a8,concrete_slump,20,59,0.2548118531703949,0.0580904483795166,43790.0,0.3515131175518036,207,1
StandardGSGP,ab9a6a8f-ad2f-11ef-a9c8-e4a8dfc2a9a8,concrete_slump,20,60,0.2548118531703949,0.06273722648620605,47684.0,0.3515131175518036,207,1
StandardGSGP,ab9a6a8f-ad2f-11ef-a9c8-e4a8dfc2a9a8,concrete_slump,20,61,0.2548118531703949,0.059003591537475586,50020.0,0.3515131175518036,207,1
StandardGSGP,ab9a6a8f-ad2f-11ef-a9c8-e4a8dfc2a9a8,concrete_slump,20,62,0.25455302000045776,0.05750679969787598,52248.0,0.3555649220943451,213,1
StandardGSGP,ab9a6a8f-ad2f-11ef-a9c8-e4a8dfc2a9a8,concrete_slump,20,63,0.2521830201148987,0.0637819766998291,53692.0,0.354471892118454,223,1
StandardGSGP,ab9a6a8f-ad2f-11ef-a9c8-e4a8dfc2a9a8,concrete_slump,20,64,0.2521830201148987,0.0576632022857666,53334.0,0.354471892118454,223,1
StandardGSGP,ab9a6a8f-ad2f-11ef-a9c8-e4a8dfc2a9a8,concrete_slump,20,65,0.24174076318740845,0.06070518493652344,54412.0,0.4663415253162384,601,1
StandardGSGP,ab9a6a8f-ad2f-11ef-a9c8-e4a8dfc2a9a8,concrete_slump,20,66,0.23979102075099945,0.05900239944458008,55136.0,0.4777255356311798,609,1
StandardGSGP,ab9a6a8f-ad2f-11ef-a9c8-e4a8dfc2a9a8,concrete_slump,20,67,0.23979102075099945,0.06314826011657715,55598.0,0.4777255356311798,609,1
StandardGSGP,ab9a6a8f-ad2f-11ef-a9c8-e4a8dfc2a9a8,concrete_slump,20,68,0.23979102075099945,0.057794809341430664,56256.0,0.4777255356311798,609,1
StandardGSGP,ab9a6a8f-ad2f-11ef-a9c8-e4a8dfc2a9a8,concrete_slump,20,69,0.23979102075099945,0.056998491287231445,58122.0,0.4777255356311798,609,1
StandardGSGP,ab9a6a8f-ad2f-11ef-a9c8-e4a8dfc2a9a8,concrete_slump,20,70,0.23979102075099945,0.0625309944152832,60116.0,0.4777255356311798,609,1
StandardGSGP,ab9a6a8f-ad2f-11ef-a9c8-e4a8dfc2a9a8,concrete_slump,20,71,0.23979102075099945,0.058640241622924805,62126.0,0.4777255356311798,609,1
StandardGSGP,ab9a6a8f-ad2f-11ef-a9c8-e4a8dfc2a9a8,concrete_slump,20,72,0.23979102075099945,0.0613856315612793,62786.0,0.4777255356311798,609,1
StandardGSGP,ab9a6a8f-ad2f-11ef-a9c8-e4a8dfc2a9a8,concrete_slump,20,73,0.23979102075099945,0.06602191925048828,62946.0,0.4777255356311798,609,1
StandardGSGP,ab9a6a8f-ad2f-11ef-a9c8-e4a8dfc2a9a8,concrete_slump,20,74,0.23971208930015564,0.061006784439086914,67046.0,0.47771894931793213,615,1
StandardGSGP,ab9a6a8f-ad2f-11ef-a9c8-e4a8dfc2a9a8,concrete_slump,20,75,0.23971208930015564,0.05700373649597168,66392.0,0.47771894931793213,615,1
StandardGSGP,ab9a6a8f-ad2f-11ef-a9c8-e4a8dfc2a9a8,concrete_slump,20,76,0.23971208930015564,0.06050586700439453,67860.0,0.47771894931793213,615,1
StandardGSGP,ab9a6a8f-ad2f-11ef-a9c8-e4a8dfc2a9a8,concrete_slump,20,77,0.23971208930015564,0.055001258850097656,69074.0,0.47771894931793213,615,1
StandardGSGP,ab9a6a8f-ad2f-11ef-a9c8-e4a8dfc2a9a8,concrete_slump,20,78,0.23971208930015564,0.05924654006958008,70946.0,0.47771894931793213,615,1
StandardGSGP,ab9a6a8f-ad2f-11ef-a9c8-e4a8dfc2a9a8,concrete_slump,20,79,0.23971208930015564,0.06180572509765625,70844.0,0.47771894931793213,615,1
StandardGSGP,ab9a6a8f-ad2f-11ef-a9c8-e4a8dfc2a9a8,concrete_slump,20,80,0.23971208930015564,0.05759286880493164,72036.0,0.47771894931793213,615,1
StandardGSGP,ab9a6a8f-ad2f-11ef-a9c8-e4a8dfc2a9a8,concrete_slump,20,81,0.23971208930015564,0.055509328842163086,72308.0,0.47771894931793213,615,1
StandardGSGP,ab9a6a8f-ad2f-11ef-a9c8-e4a8dfc2a9a8,concrete_slump,20,82,0.23971208930015564,0.0579991340637207,72618.0,0.47771894931793213,615,1
StandardGSGP,ab9a6a8f-ad2f-11ef-a9c8-e4a8dfc2a9a8,concrete_slump,20,83,0.23840300738811493,0.058808088302612305,72320.0,0.44465526938438416,641,1
StandardGSGP,ab9a6a8f-ad2f-11ef-a9c8-e4a8dfc2a9a8,concrete_slump,20,84,0.23840300738811493,0.060364723205566406,71950.0,0.44465526938438416,641,1
StandardGSGP,ab9a6a8f-ad2f-11ef-a9c8-e4a8dfc2a9a8,concrete_slump,20,85,0.23840300738811493,0.05923104286193848,71510.0,0.44465526938438416,641,1
StandardGSGP,ab9a6a8f-ad2f-11ef-a9c8-e4a8dfc2a9a8,concrete_slump,20,86,0.23840300738811493,0.06481194496154785,71254.0,0.44465526938438416,641,1
StandardGSGP,ab9a6a8f-ad2f-11ef-a9c8-e4a8dfc2a9a8,concrete_slump,20,87,0.23840300738811493,0.06002211570739746,70962.0,0.44465526938438416,641,1
StandardGSGP,ab9a6a8f-ad2f-11ef-a9c8-e4a8dfc2a9a8,concrete_slump,20,88,0.23840300738811493,0.057608842849731445,70382.0,0.44465526938438416,641,1
StandardGSGP,ab9a6a8f-ad2f-11ef-a9c8-e4a8dfc2a9a8,concrete_slump,20,89,0.23661430180072784,0.05676555633544922,71302.0,0.508709192276001,679,1
StandardGSGP,ab9a6a8f-ad2f-11ef-a9c8-e4a8dfc2a9a8,concrete_slump,20,90,0.23661430180072784,0.05697751045227051,70460.0,0.508709192276001,679,1
StandardGSGP,ab9a6a8f-ad2f-11ef-a9c8-e4a8dfc2a9a8,concrete_slump,20,91,0.23661430180072784,0.05651044845581055,70710.0,0.508709192276001,679,1
StandardGSGP,ab9a6a8f-ad2f-11ef-a9c8-e4a8dfc2a9a8,concrete_slump,20,92,0.23661430180072784,0.06199932098388672,71554.0,0.508709192276001,679,1
StandardGSGP,ab9a6a8f-ad2f-11ef-a9c8-e4a8dfc2a9a8,concrete_slump,20,93,0.23661430180072784,0.06050920486450195,72398.0,0.508709192276001,679,1
StandardGSGP,ab9a6a8f-ad2f-11ef-a9c8-e4a8dfc2a9a8,concrete_slump,20,94,0.23661430180072784,0.06171250343322754,72892.0,0.508709192276001,679,1
StandardGSGP,ab9a6a8f-ad2f-11ef-a9c8-e4a8dfc2a9a8,concrete_slump,20,95,0.23661430180072784,0.07445406913757324,73552.0,0.508709192276001,679,1
StandardGSGP,ab9a6a8f-ad2f-11ef-a9c8-e4a8dfc2a9a8,concrete_slump,20,96,0.23563902080059052,0.061510562896728516,74370.0,0.49884894490242004,711,1
StandardGSGP,ab9a6a8f-ad2f-11ef-a9c8-e4a8dfc2a9a8,concrete_slump,20,97,0.23465970158576965,0.0625150203704834,75098.0,0.5206713676452637,801,1
StandardGSGP,ab9a6a8f-ad2f-11ef-a9c8-e4a8dfc2a9a8,concrete_slump,20,98,0.23465970158576965,0.06335783004760742,76232.0,0.5206713676452637,801,1
StandardGSGP,ab9a6a8f-ad2f-11ef-a9c8-e4a8dfc2a9a8,concrete_slump,20,99,0.23465970158576965,0.06451106071472168,77382.0,0.5206713676452637,801,1
StandardGSGP,ab9a6a8f-ad2f-11ef-a9c8-e4a8dfc2a9a8,concrete_slump,20,100,0.23465970158576965,0.06332683563232422,78394.0,0.5206713676452637,801,1
StandardGSGP,1d40d2a4-ad30-11ef-aa1e-e4a8dfc2a9a8,concrete_slump,20,0,13.137008666992188,0.0374298095703125,894.0,14.601783752441406,5,1
StandardGSGP,1d40d2a4-ad30-11ef-aa1e-e4a8dfc2a9a8,concrete_slump,20,1,13.090411186218262,0.05654621124267578,1568.0,14.56714916229248,11,1
StandardGSGP,1d40d2a4-ad30-11ef-aa1e-e4a8dfc2a9a8,concrete_slump,20,2,12.816513061523438,0.05431509017944336,2308.0,14.420462608337402,25,1
StandardGSGP,1d40d2a4-ad30-11ef-aa1e-e4a8dfc2a9a8,concrete_slump,20,3,12.747065544128418,0.057744503021240234,3162.0,14.37911605834961,37,1
StandardGSGP,1d40d2a4-ad30-11ef-aa1e-e4a8dfc2a9a8,concrete_slump,20,4,12.503256797790527,0.05900001525878906,4156.0,14.240386962890625,39,1
StandardGSGP,1d40d2a4-ad30-11ef-aa1e-e4a8dfc2a9a8,concrete_slump,20,5,12.213006973266602,0.056508779525756836,4984.0,14.091845512390137,53,1
StandardGSGP,1d40d2a4-ad30-11ef-aa1e-e4a8dfc2a9a8,concrete_slump,20,6,11.745708465576172,0.05837130546569824,5772.0,13.848892211914062,61,1
StandardGSGP,1d40d2a4-ad30-11ef-aa1e-e4a8dfc2a9a8,concrete_slump,20,7,11.696846008300781,0.05653095245361328,6452.0,13.769173622131348,65,1
StandardGSGP,1d40d2a4-ad30-11ef-aa1e-e4a8dfc2a9a8,concrete_slump,20,8,11.361872673034668,0.05621194839477539,7296.0,13.63831901550293,65,1
StandardGSGP,1d40d2a4-ad30-11ef-aa1e-e4a8dfc2a9a8,concrete_slump,20,9,11.265777587890625,0.0590059757232666,8100.0,13.558184623718262,73,1
StandardGSGP,1d40d2a4-ad30-11ef-aa1e-e4a8dfc2a9a8,concrete_slump,20,10,11.036957740783691,0.055953264236450195,8952.0,13.549286842346191,85,1
StandardGSGP,1d40d2a4-ad30-11ef-aa1e-e4a8dfc2a9a8,concrete_slump,20,11,10.564489364624023,0.05499982833862305,9782.0,13.306037902832031,103,1
StandardGSGP,1d40d2a4-ad30-11ef-aa1e-e4a8dfc2a9a8,concrete_slump,20,12,10.563037872314453,0.06051063537597656,10718.0,13.231802940368652,111,1
StandardGSGP,1d40d2a4-ad30-11ef-aa1e-e4a8dfc2a9a8,concrete_slump,20,13,10.148089408874512,0.05800676345825195,11520.0,13.099160194396973,105,1
StandardGSGP,1d40d2a4-ad30-11ef-aa1e-e4a8dfc2a9a8,concrete_slump,20,14,10.109543800354004,0.05550575256347656,12348.0,13.091551780700684,139,1
StandardGSGP,1d40d2a4-ad30-11ef-aa1e-e4a8dfc2a9a8,concrete_slump,20,15,9.89649772644043,0.05651593208312988,13154.0,13.07803726196289,123,1
StandardGSGP,1d40d2a4-ad30-11ef-aa1e-e4a8dfc2a9a8,concrete_slump,20,16,9.519744873046875,0.057000160217285156,14192.0,12.981072425842285,151,1
StandardGSGP,1d40d2a4-ad30-11ef-aa1e-e4a8dfc2a9a8,concrete_slump,20,17,9.47517204284668,0.05703115463256836,15210.0,12.886563301086426,133,1
StandardGSGP,1d40d2a4-ad30-11ef-aa1e-e4a8dfc2a9a8,concrete_slump,20,18,9.186393737792969,0.06860828399658203,15702.0,12.875309944152832,153,1
StandardGSGP,1d40d2a4-ad30-11ef-aa1e-e4a8dfc2a9a8,concrete_slump,20,19,9.000496864318848,0.059552907943725586,16786.0,12.784629821777344,151,1
StandardGSGP,1d40d2a4-ad30-11ef-aa1e-e4a8dfc2a9a8,concrete_slump,20,20,8.804235458374023,0.06310796737670898,17324.0,12.917167663574219,161,1
StandardGSGP,1d40d2a4-ad30-11ef-aa1e-e4a8dfc2a9a8,concrete_slump,20,21,8.768253326416016,0.05700492858886719,18252.0,12.868513107299805,175,1
StandardGSGP,1d40d2a4-ad30-11ef-aa1e-e4a8dfc2a9a8,concrete_slump,20,22,8.457170486450195,0.06170487403869629,18742.0,12.925919532775879,169,1
StandardGSGP,1d40d2a4-ad30-11ef-aa1e-e4a8dfc2a9a8,concrete_slump,20,23,8.225916862487793,0.05701255798339844,19444.0,12.98454475402832,183,1
StandardGSGP,1d40d2a4-ad30-11ef-aa1e-e4a8dfc2a9a8,concrete_slump,20,24,8.121625900268555,0.05851149559020996,20642.0,13.041158676147461,189,1
StandardGSGP,1d40d2a4-ad30-11ef-aa1e-e4a8dfc2a9a8,concrete_slump,20,25,8.090858459472656,0.05850982666015625,20776.0,13.002123832702637,201,1
StandardGSGP,1d40d2a4-ad30-11ef-aa1e-e4a8dfc2a9a8,concrete_slump,20,26,8.007621765136719,0.05756521224975586,20992.0,13.159004211425781,205,1
StandardGSGP,1d40d2a4-ad30-11ef-aa1e-e4a8dfc2a9a8,concrete_slump,20,27,7.942215919494629,0.05918240547180176,21636.0,13.296364784240723,217,1
StandardGSGP,1d40d2a4-ad30-11ef-aa1e-e4a8dfc2a9a8,concrete_slump,20,28,7.914890766143799,0.05664873123168945,22530.0,13.382433891296387,223,1
StandardGSGP,1d40d2a4-ad30-11ef-aa1e-e4a8dfc2a9a8,concrete_slump,20,29,7.882462501525879,0.05850863456726074,23890.0,12.944230079650879,233,1
StandardGSGP,1d40d2a4-ad30-11ef-aa1e-e4a8dfc2a9a8,concrete_slump,20,30,7.814999580383301,0.05701732635498047,24600.0,13.057029724121094,241,1
StandardGSGP,1d40d2a4-ad30-11ef-aa1e-e4a8dfc2a9a8,concrete_slump,20,31,7.782549858093262,0.05700206756591797,25132.0,13.085306167602539,251,1
StandardGSGP,1d40d2a4-ad30-11ef-aa1e-e4a8dfc2a9a8,concrete_slump,20,32,7.77161979675293,0.0595088005065918,25666.0,13.09864330291748,257,1
StandardGSGP,1d40d2a4-ad30-11ef-aa1e-e4a8dfc2a9a8,concrete_slump,20,33,7.743582248687744,0.061003684997558594,26562.0,13.182636260986328,283,1
StandardGSGP,1d40d2a4-ad30-11ef-aa1e-e4a8dfc2a9a8,concrete_slump,20,34,7.743582248687744,0.0578150749206543,27622.0,13.182636260986328,283,1
StandardGSGP,1d40d2a4-ad30-11ef-aa1e-e4a8dfc2a9a8,concrete_slump,20,35,7.7216973304748535,0.060656070709228516,28742.0,12.924873352050781,297,1
StandardGSGP,1d40d2a4-ad30-11ef-aa1e-e4a8dfc2a9a8,concrete_slump,20,36,7.709372520446777,0.0579991340637207,29994.0,13.057159423828125,289,1
StandardGSGP,1d40d2a4-ad30-11ef-aa1e-e4a8dfc2a9a8,concrete_slump,20,37,7.691710948944092,0.05850958824157715,31244.0,13.004992485046387,303,1
StandardGSGP,1d40d2a4-ad30-11ef-aa1e-e4a8dfc2a9a8,concrete_slump,20,38,7.6786580085754395,0.05800437927246094,32104.0,13.04233169555664,297,1
StandardGSGP,1d40d2a4-ad30-11ef-aa1e-e4a8dfc2a9a8,concrete_slump,20,39,7.678264141082764,0.06050848960876465,32684.0,13.097373962402344,313,1
StandardGSGP,1d40d2a4-ad30-11ef-aa1e-e4a8dfc2a9a8,concrete_slump,20,40,7.6536970138549805,0.058608055114746094,33048.0,12.947598457336426,331,1
StandardGSGP,1d40d2a4-ad30-11ef-aa1e-e4a8dfc2a9a8,concrete_slump,20,41,7.6536970138549805,0.058811187744140625,33724.0,12.947598457336426,331,1
StandardGSGP,1d40d2a4-ad30-11ef-aa1e-e4a8dfc2a9a8,concrete_slump,20,42,7.643217086791992,0.058511972427368164,34228.0,13.080025672912598,343,1
StandardGSGP,1d40d2a4-ad30-11ef-aa1e-e4a8dfc2a9a8,concrete_slump,20,43,7.599135875701904,0.06117868423461914,35066.0,13.00774097442627,341,1
StandardGSGP,1d40d2a4-ad30-11ef-aa1e-e4a8dfc2a9a8,concrete_slump,20,44,7.5662522315979,0.06199955940246582,35944.0,12.575297355651855,367,1
StandardGSGP,1d40d2a4-ad30-11ef-aa1e-e4a8dfc2a9a8,concrete_slump,20,45,7.563377380371094,0.06554293632507324,36888.0,12.588423728942871,373,1
StandardGSGP,1d40d2a4-ad30-11ef-aa1e-e4a8dfc2a9a8,concrete_slump,20,46,7.553455829620361,0.058501243591308594,37684.0,12.848713874816895,387,1
StandardGSGP,1d40d2a4-ad30-11ef-aa1e-e4a8dfc2a9a8,concrete_slump,20,47,7.548397064208984,0.057160377502441406,38528.0,12.643280982971191,385,1
StandardGSGP,1d40d2a4-ad30-11ef-aa1e-e4a8dfc2a9a8,concrete_slump,20,48,7.5108184814453125,0.06433486938476562,39658.0,12.862446784973145,415,1
StandardGSGP,1d40d2a4-ad30-11ef-aa1e-e4a8dfc2a9a8,concrete_slump,20,49,7.510682106018066,0.056806325912475586,40938.0,12.862361907958984,435,1
StandardGSGP,1d40d2a4-ad30-11ef-aa1e-e4a8dfc2a9a8,concrete_slump,20,50,7.504809856414795,0.05747342109680176,41812.0,12.745808601379395,423,1
StandardGSGP,1d40d2a4-ad30-11ef-aa1e-e4a8dfc2a9a8,concrete_slump,20,51,7.488600254058838,0.05725812911987305,42956.0,12.799605369567871,459,1
StandardGSGP,1d40d2a4-ad30-11ef-aa1e-e4a8dfc2a9a8,concrete_slump,20,52,7.461902618408203,0.05744791030883789,44606.0,12.362167358398438,441,1
StandardGSGP,1d40d2a4-ad30-11ef-aa1e-e4a8dfc2a9a8,concrete_slump,20,53,7.460353374481201,0.06547379493713379,46140.0,12.37560749053955,457,1
StandardGSGP,1d40d2a4-ad30-11ef-aa1e-e4a8dfc2a9a8,concrete_slump,20,54,7.453795909881592,0.05751776695251465,47300.0,12.367380142211914,449,1
StandardGSGP,1d40d2a4-ad30-11ef-aa1e-e4a8dfc2a9a8,concrete_slump,20,55,7.441781997680664,0.05850648880004883,48208.0,12.582512855529785,455,1
StandardGSGP,1d40d2a4-ad30-11ef-aa1e-e4a8dfc2a9a8,concrete_slump,20,56,7.392183780670166,0.05900239944458008,48524.0,12.289678573608398,469,1
StandardGSGP,1d40d2a4-ad30-11ef-aa1e-e4a8dfc2a9a8,concrete_slump,20,57,7.383698463439941,0.0598597526550293,48696.0,12.277097702026367,479,1
StandardGSGP,1d40d2a4-ad30-11ef-aa1e-e4a8dfc2a9a8,concrete_slump,20,58,7.382223606109619,0.061513423919677734,49392.0,12.277353286743164,485,1
StandardGSGP,1d40d2a4-ad30-11ef-aa1e-e4a8dfc2a9a8,concrete_slump,20,59,7.366939544677734,0.06299614906311035,50376.0,12.281961441040039,495,1
StandardGSGP,1d40d2a4-ad30-11ef-aa1e-e4a8dfc2a9a8,concrete_slump,20,60,7.366939544677734,0.06250977516174316,51158.0,12.281961441040039,495,1
StandardGSGP,1d40d2a4-ad30-11ef-aa1e-e4a8dfc2a9a8,concrete_slump,20,61,7.356291770935059,0.05951046943664551,52098.0,12.593353271484375,529,1
StandardGSGP,1d40d2a4-ad30-11ef-aa1e-e4a8dfc2a9a8,concrete_slump,20,62,7.320130348205566,0.13399934768676758,52990.0,11.947474479675293,527,1
StandardGSGP,1d40d2a4-ad30-11ef-aa1e-e4a8dfc2a9a8,concrete_slump,20,63,7.320130348205566,0.057691335678100586,54036.0,11.947474479675293,527,1
StandardGSGP,1d40d2a4-ad30-11ef-aa1e-e4a8dfc2a9a8,concrete_slump,20,64,7.296758651733398,0.05894947052001953,55224.0,12.374000549316406,561,1
StandardGSGP,1d40d2a4-ad30-11ef-aa1e-e4a8dfc2a9a8,concrete_slump,20,65,7.292896747589111,0.05901741981506348,56180.0,11.868902206420898,539,1
StandardGSGP,1d40d2a4-ad30-11ef-aa1e-e4a8dfc2a9a8,concrete_slump,20,66,7.284578323364258,0.056000471115112305,56818.0,12.318756103515625,573,1
StandardGSGP,1d40d2a4-ad30-11ef-aa1e-e4a8dfc2a9a8,concrete_slump,20,67,7.275832176208496,0.06051158905029297,57476.0,11.813973426818848,567,1
StandardGSGP,1d40d2a4-ad30-11ef-aa1e-e4a8dfc2a9a8,concrete_slump,20,68,7.275832176208496,0.06051206588745117,58266.0,11.813973426818848,567,1
StandardGSGP,1d40d2a4-ad30-11ef-aa1e-e4a8dfc2a9a8,concrete_slump,20,69,7.2493062019348145,0.06118416786193848,58690.0,12.313027381896973,613,1
StandardGSGP,1d40d2a4-ad30-11ef-aa1e-e4a8dfc2a9a8,concrete_slump,20,70,7.247929573059082,0.057860612869262695,59664.0,11.717216491699219,587,1
StandardGSGP,1d40d2a4-ad30-11ef-aa1e-e4a8dfc2a9a8,concrete_slump,20,71,7.217166900634766,0.05747342109680176,60530.0,12.267511367797852,635,1
StandardGSGP,1d40d2a4-ad30-11ef-aa1e-e4a8dfc2a9a8,concrete_slump,20,72,7.1973371505737305,0.060036420822143555,61454.0,11.954846382141113,595,1
StandardGSGP,1d40d2a4-ad30-11ef-aa1e-e4a8dfc2a9a8,concrete_slump,20,73,7.195296287536621,0.05811333656311035,62520.0,11.96939468383789,601,1
StandardGSGP,1d40d2a4-ad30-11ef-aa1e-e4a8dfc2a9a8,concrete_slump,20,74,7.191056251525879,0.0590054988861084,63716.0,11.971797943115234,615,1
StandardGSGP,1d40d2a4-ad30-11ef-aa1e-e4a8dfc2a9a8,concrete_slump,20,75,7.185959815979004,0.06625628471374512,64862.0,11.952044486999512,649,1
StandardGSGP,1d40d2a4-ad30-11ef-aa1e-e4a8dfc2a9a8,concrete_slump,20,76,7.160475254058838,0.06232452392578125,65592.0,12.095739364624023,685,1
StandardGSGP,1d40d2a4-ad30-11ef-aa1e-e4a8dfc2a9a8,concrete_slump,20,77,7.158938407897949,0.06350827217102051,66772.0,12.090804100036621,693,1
StandardGSGP,1d40d2a4-ad30-11ef-aa1e-e4a8dfc2a9a8,concrete_slump,20,78,7.158938407897949,0.06553149223327637,67866.0,12.090804100036621,693,1
StandardGSGP,1d40d2a4-ad30-11ef-aa1e-e4a8dfc2a9a8,concrete_slump,20,79,7.150260925292969,0.06231546401977539,68422.0,11.9266357421875,659,1
StandardGSGP,1d40d2a4-ad30-11ef-aa1e-e4a8dfc2a9a8,concrete_slump,20,80,7.1338911056518555,0.05654740333557129,69728.0,12.17189884185791,729,1
StandardGSGP,1d40d2a4-ad30-11ef-aa1e-e4a8dfc2a9a8,concrete_slump,20,81,7.116652011871338,0.05651140213012695,71224.0,12.174158096313477,735,1
StandardGSGP,1d40d2a4-ad30-11ef-aa1e-e4a8dfc2a9a8,concrete_slump,20,82,7.105909824371338,0.05800008773803711,72140.0,12.001358985900879,739,1
StandardGSGP,1d40d2a4-ad30-11ef-aa1e-e4a8dfc2a9a8,concrete_slump,20,83,7.093603610992432,0.055509328842163086,73482.0,12.308713912963867,771,1
StandardGSGP,1d40d2a4-ad30-11ef-aa1e-e4a8dfc2a9a8,concrete_slump,20,84,7.092391490936279,0.05700063705444336,75600.0,12.320023536682129,781,1
StandardGSGP,1d40d2a4-ad30-11ef-aa1e-e4a8dfc2a9a8,concrete_slump,20,85,7.074469566345215,0.05925631523132324,77066.0,12.030104637145996,777,1
StandardGSGP,1d40d2a4-ad30-11ef-aa1e-e4a8dfc2a9a8,concrete_slump,20,86,7.072495460510254,0.05735206604003906,78286.0,12.039202690124512,791,1
StandardGSGP,1d40d2a4-ad30-11ef-aa1e-e4a8dfc2a9a8,concrete_slump,20,87,7.054150104522705,0.059509992599487305,79434.0,12.015425682067871,783,1
StandardGSGP,1d40d2a4-ad30-11ef-aa1e-e4a8dfc2a9a8,concrete_slump,20,88,7.054150104522705,0.05596494674682617,80796.0,12.015425682067871,783,1
StandardGSGP,1d40d2a4-ad30-11ef-aa1e-e4a8dfc2a9a8,concrete_slump,20,89,7.050706386566162,0.0630033016204834,82058.0,12.459996223449707,813,1
StandardGSGP,1d40d2a4-ad30-11ef-aa1e-e4a8dfc2a9a8,concrete_slump,20,90,7.050706386566162,0.05750679969787598,82794.0,12.459996223449707,813,1
StandardGSGP,1d40d2a4-ad30-11ef-aa1e-e4a8dfc2a9a8,concrete_slump,20,91,7.043375492095947,0.056510210037231445,83206.0,11.87619686126709,841,1
StandardGSGP,1d40d2a4-ad30-11ef-aa1e-e4a8dfc2a9a8,concrete_slump,20,92,7.001671314239502,0.05811476707458496,83220.0,12.419772148132324,827,1
StandardGSGP,1d40d2a4-ad30-11ef-aa1e-e4a8dfc2a9a8,concrete_slump,20,93,7.001671314239502,0.0580286979675293,84100.0,12.419772148132324,827,1
StandardGSGP,1d40d2a4-ad30-11ef-aa1e-e4a8dfc2a9a8,concrete_slump,20,94,6.987044811248779,0.05699801445007324,85204.0,12.25904655456543,841,1
StandardGSGP,1d40d2a4-ad30-11ef-aa1e-e4a8dfc2a9a8,concrete_slump,20,95,6.987044811248779,0.057511329650878906,85664.0,12.25904655456543,841,1
StandardGSGP,1d40d2a4-ad30-11ef-aa1e-e4a8dfc2a9a8,concrete_slump,20,96,6.987044811248779,0.059519052505493164,86474.0,12.25904655456543,841,1
StandardGSGP,1d40d2a4-ad30-11ef-aa1e-e4a8dfc2a9a8,concrete_slump,20,97,6.986358642578125,0.058998823165893555,86900.0,12.26770305633545,847,1
StandardGSGP,1d40d2a4-ad30-11ef-aa1e-e4a8dfc2a9a8,concrete_slump,20,98,6.978013515472412,0.059989213943481445,87614.0,12.208847999572754,861,1
StandardGSGP,1d40d2a4-ad30-11ef-aa1e-e4a8dfc2a9a8,concrete_slump,20,99,6.967973232269287,0.05425143241882324,87956.0,12.198908805847168,867,1
StandardGSGP,1d40d2a4-ad30-11ef-aa1e-e4a8dfc2a9a8,concrete_slump,20,100,6.9480109214782715,0.06272220611572266,88460.0,12.215888977050781,881,1
