StandardGSGP,69fabdb6-ad2f-11ef-a0fd-e4a8dfc2a9a8,concrete_slump,3,0,0.35871025919914246,0.14063096046447754,3714.0,0.4242847263813019,7,1
StandardGSGP,69fabdb6-ad2f-11ef-a0fd-e4a8dfc2a9a8,concrete_slump,3,1,0.34143364429473877,0.06419014930725098,2068.0,0.38168561458587646,13,1
StandardGSGP,69fabdb6-ad2f-11ef-a0fd-e4a8dfc2a9a8,concrete_slump,3,2,0.32105377316474915,0.05952310562133789,2438.0,0.35596248507499695,25,1
StandardGSGP,69fabdb6-ad2f-11ef-a0fd-e4a8dfc2a9a8,concrete_slump,3,3,0.31881049275398254,0.06199908256530762,3362.0,0.33729153871536255,29,1
StandardGSGP,69fabdb6-ad2f-11ef-a0fd-e4a8dfc2a9a8,concrete_slump,3,4,0.30559244751930237,0.061797380447387695,4132.0,0.3432183563709259,39,1
StandardGSGP,69fabdb6-ad2f-11ef-a0fd-e4a8dfc2a9a8,concrete_slump,3,5,0.30559244751930237,0.06560111045837402,5152.0,0.3432183563709259,39,1
StandardGSGP,69fabdb6-ad2f-11ef-a0fd-e4a8dfc2a9a8,concrete_slump,3,6,0.2992289364337921,0.06751227378845215,5916.0,0.34423258900642395,47,1
StandardGSGP,69fabdb6-ad2f-11ef-a0fd-e4a8dfc2a9a8,concrete_slump,3,7,0.2992289364337921,0.05903506278991699,6776.0,0.34423258900642395,47,1
StandardGSGP,69fabdb6-ad2f-11ef-a0fd-e4a8dfc2a9a8,concrete_slump,3,8,0.28936144709587097,0.05999755859375,7494.0,0.3490004539489746,81,1
StandardGSGP,69fabdb6-ad2f-11ef-a0fd-e4a8dfc2a9a8,concrete_slump,3,9,0.28936144709587097,0.056508541107177734,8162.0,0.3490004539489746,81,1
StandardGSGP,69fabdb6-ad2f-11ef-a0fd-e4a8dfc2a9a8,concrete_slump,3,10,0.2784932255744934,0.05851411819458008,8826.0,0.309319406747818,63,1
StandardGSGP,69fabdb6-ad2f-11ef-a0fd-e4a8dfc2a9a8,concrete_slump,3,11,0.2784932255744934,0.05980491638183594,9630.0,0.309319406747818,63,1
StandardGSGP,69fabdb6-ad2f-11ef-a0fd-e4a8dfc2a9a8,concrete_slump,3,12,0.2660285532474518,0.057511091232299805,10456.0,0.2900604009628296,77,1
StandardGSGP,69fabdb6-ad2f-11ef-a0fd-e4a8dfc2a9a8,concrete_slump,3,13,0.2634069323539734,0.06128406524658203,11264.0,0.3204454481601715,113,1
StandardGSGP,69fabdb6-ad2f-11ef-a0fd-e4a8dfc2a9a8,concrete_slump,3,14,0.2634069323539734,0.05856156349182129,11886.0,0.3204454481601715,113,1
StandardGSGP,69fabdb6-ad2f-11ef-a0fd-e4a8dfc2a9a8,concrete_slump,3,15,0.2622992992401123,0.06380176544189453,12698.0,0.32235240936279297,119,1
StandardGSGP,69fabdb6-ad2f-11ef-a0fd-e4a8dfc2a9a8,concrete_slump,3,16,0.2520568072795868,0.07167816162109375,13666.0,0.2981122136116028,119,1
StandardGSGP,69fabdb6-ad2f-11ef-a0fd-e4a8dfc2a9a8,concrete_slump,3,17,0.2520568072795868,0.05389833450317383,14172.0,0.2981122136116028,119,1
StandardGSGP,69fabdb6-ad2f-11ef-a0fd-e4a8dfc2a9a8,concrete_slump,3,18,0.2519412636756897,0.05750584602355957,15144.0,0.3527308702468872,139,1
StandardGSGP,69fabdb6-ad2f-11ef-a0fd-e4a8dfc2a9a8,concrete_slump,3,19,0.24737001955509186,0.057999372482299805,16014.0,0.30604586005210876,127,1
StandardGSGP,69fabdb6-ad2f-11ef-a0fd-e4a8dfc2a9a8,concrete_slump,3,20,0.24737001955509186,0.058511972427368164,17102.0,0.30604586005210876,127,1
StandardGSGP,69fabdb6-ad2f-11ef-a0fd-e4a8dfc2a9a8,concrete_slump,3,21,0.24737001955509186,0.057001352310180664,17438.0,0.30604586005210876,127,1
StandardGSGP,69fabdb6-ad2f-11ef-a0fd-e4a8dfc2a9a8,concrete_slump,3,22,0.24737001955509186,0.056505680084228516,18104.0,0.30604586005210876,127,1
StandardGSGP,69fabdb6-ad2f-11ef-a0fd-e4a8dfc2a9a8,concrete_slump,3,23,0.24571748077869415,0.13296771049499512,18960.0,0.27588993310928345,185,1
StandardGSGP,69fabdb6-ad2f-11ef-a0fd-e4a8dfc2a9a8,concrete_slump,3,24,0.24005740880966187,0.05937385559082031,19680.0,0.2888650894165039,185,1
StandardGSGP,69fabdb6-ad2f-11ef-a0fd-e4a8dfc2a9a8,concrete_slump,3,25,0.24005740880966187,0.058411598205566406,20952.0,0.2888650894165039,185,1
StandardGSGP,69fabdb6-ad2f-11ef-a0fd-e4a8dfc2a9a8,concrete_slump,3,26,0.24005740880966187,0.05947470664978027,21806.0,0.2888650894165039,185,1
StandardGSGP,69fabdb6-ad2f-11ef-a0fd-e4a8dfc2a9a8,concrete_slump,3,27,0.24005740880966187,0.06479144096374512,22192.0,0.2888650894165039,185,1
StandardGSGP,69fabdb6-ad2f-11ef-a0fd-e4a8dfc2a9a8,concrete_slump,3,28,0.24005740880966187,0.05752301216125488,22556.0,0.2888650894165039,185,1
StandardGSGP,69fabdb6-ad2f-11ef-a0fd-e4a8dfc2a9a8,concrete_slump,3,29,0.24005740880966187,0.06476759910583496,23328.0,0.2888650894165039,185,1
StandardGSGP,69fabdb6-ad2f-11ef-a0fd-e4a8dfc2a9a8,concrete_slump,3,30,0.2367052286863327,0.059508562088012695,23636.0,0.3021160364151001,197,1
StandardGSGP,69fabdb6-ad2f-11ef-a0fd-e4a8dfc2a9a8,concrete_slump,3,31,0.23159688711166382,0.06100034713745117,23938.0,0.29018259048461914,201,1
StandardGSGP,69fabdb6-ad2f-11ef-a0fd-e4a8dfc2a9a8,concrete_slump,3,32,0.23159688711166382,0.0587310791015625,24806.0,0.29018259048461914,201,1
StandardGSGP,69fabdb6-ad2f-11ef-a0fd-e4a8dfc2a9a8,concrete_slump,3,33,0.23159688711166382,0.060002803802490234,25100.0,0.29018259048461914,201,1
StandardGSGP,69fabdb6-ad2f-11ef-a0fd-e4a8dfc2a9a8,concrete_slump,3,34,0.23158110678195953,0.05479788780212402,26128.0,0.2901802062988281,215,1
StandardGSGP,69fabdb6-ad2f-11ef-a0fd-e4a8dfc2a9a8,concrete_slump,3,35,0.23158110678195953,0.05951213836669922,26560.0,0.2901802062988281,215,1
StandardGSGP,69fabdb6-ad2f-11ef-a0fd-e4a8dfc2a9a8,concrete_slump,3,36,0.23158110678195953,0.059096574783325195,27390.0,0.2901802062988281,215,1
StandardGSGP,69fabdb6-ad2f-11ef-a0fd-e4a8dfc2a9a8,concrete_slump,3,37,0.22952799499034882,0.05550885200500488,27242.0,0.30932724475860596,223,1
StandardGSGP,69fabdb6-ad2f-11ef-a0fd-e4a8dfc2a9a8,concrete_slump,3,38,0.21719804406166077,0.06026959419250488,28002.0,0.2757992148399353,231,1
StandardGSGP,69fabdb6-ad2f-11ef-a0fd-e4a8dfc2a9a8,concrete_slump,3,39,0.21719804406166077,0.059027910232543945,28940.0,0.2757992148399353,231,1
StandardGSGP,69fabdb6-ad2f-11ef-a0fd-e4a8dfc2a9a8,concrete_slump,3,40,0.21658813953399658,0.06469130516052246,30766.0,0.27598243951797485,239,1
StandardGSGP,69fabdb6-ad2f-11ef-a0fd-e4a8dfc2a9a8,concrete_slump,3,41,0.21658813953399658,0.05876874923706055,30416.0,0.27598243951797485,239,1
StandardGSGP,69fabdb6-ad2f-11ef-a0fd-e4a8dfc2a9a8,concrete_slump,3,42,0.21658813953399658,0.057192325592041016,30176.0,0.27598243951797485,239,1
StandardGSGP,69fabdb6-ad2f-11ef-a0fd-e4a8dfc2a9a8,concrete_slump,3,43,0.21521182358264923,0.06258940696716309,30418.0,0.2688065767288208,281,1
StandardGSGP,69fabdb6-ad2f-11ef-a0fd-e4a8dfc2a9a8,concrete_slump,3,44,0.21521182358264923,0.06122756004333496,31152.0,0.2688065767288208,281,1
StandardGSGP,69fabdb6-ad2f-11ef-a0fd-e4a8dfc2a9a8,concrete_slump,3,45,0.21521182358264923,0.05971884727478027,32346.0,0.2688065767288208,281,1
StandardGSGP,69fabdb6-ad2f-11ef-a0fd-e4a8dfc2a9a8,concrete_slump,3,46,0.21521182358264923,0.05699968338012695,33074.0,0.2688065767288208,281,1
StandardGSGP,69fabdb6-ad2f-11ef-a0fd-e4a8dfc2a9a8,concrete_slump,3,47,0.21521182358264923,0.06751084327697754,33774.0,0.2688065767288208,281,1
StandardGSGP,69fabdb6-ad2f-11ef-a0fd-e4a8dfc2a9a8,concrete_slump,3,48,0.21521182358264923,0.06351232528686523,33740.0,0.2688065767288208,281,1
StandardGSGP,69fabdb6-ad2f-11ef-a0fd-e4a8dfc2a9a8,concrete_slump,3,49,0.21473050117492676,0.06444668769836426,33574.0,0.26243337988853455,287,1
StandardGSGP,69fabdb6-ad2f-11ef-a0fd-e4a8dfc2a9a8,concrete_slump,3,50,0.21418291330337524,0.06551241874694824,34260.0,0.2667176127433777,287,1
StandardGSGP,69fabdb6-ad2f-11ef-a0fd-e4a8dfc2a9a8,concrete_slump,3,51,0.21418291330337524,0.06232118606567383,34922.0,0.2667176127433777,287,1
StandardGSGP,69fabdb6-ad2f-11ef-a0fd-e4a8dfc2a9a8,concrete_slump,3,52,0.21418291330337524,0.06287956237792969,35904.0,0.2667176127433777,287,1
StandardGSGP,69fabdb6-ad2f-11ef-a0fd-e4a8dfc2a9a8,concrete_slump,3,53,0.21418291330337524,0.05951642990112305,35906.0,0.2667176127433777,287,1
StandardGSGP,69fabdb6-ad2f-11ef-a0fd-e4a8dfc2a9a8,concrete_slump,3,54,0.213453009724617,0.05500292778015137,36602.0,0.2692915201187134,299,1
StandardGSGP,69fabdb6-ad2f-11ef-a0fd-e4a8dfc2a9a8,concrete_slump,3,55,0.213453009724617,0.05850791931152344,37102.0,0.2692915201187134,299,1
StandardGSGP,69fabdb6-ad2f-11ef-a0fd-e4a8dfc2a9a8,concrete_slump,3,56,0.213453009724617,0.05777335166931152,37810.0,0.2692915201187134,299,1
StandardGSGP,69fabdb6-ad2f-11ef-a0fd-e4a8dfc2a9a8,concrete_slump,3,57,0.213453009724617,0.0653994083404541,38024.0,0.2692915201187134,299,1
StandardGSGP,69fabdb6-ad2f-11ef-a0fd-e4a8dfc2a9a8,concrete_slump,3,58,0.21254634857177734,0.06204724311828613,39310.0,0.27332285046577454,313,1
StandardGSGP,69fabdb6-ad2f-11ef-a0fd-e4a8dfc2a9a8,concrete_slump,3,59,0.21254634857177734,0.06570959091186523,39790.0,0.27332285046577454,313,1
StandardGSGP,69fabdb6-ad2f-11ef-a0fd-e4a8dfc2a9a8,concrete_slump,3,60,0.21254634857177734,0.05600166320800781,39926.0,0.27332285046577454,313,1
StandardGSGP,69fabdb6-ad2f-11ef-a0fd-e4a8dfc2a9a8,concrete_slump,3,61,0.21244654059410095,0.05913281440734863,39016.0,0.2717708349227905,319,1
StandardGSGP,69fabdb6-ad2f-11ef-a0fd-e4a8dfc2a9a8,concrete_slump,3,62,0.21211549639701843,0.05591630935668945,39430.0,0.2707456052303314,319,1
StandardGSGP,69fabdb6-ad2f-11ef-a0fd-e4a8dfc2a9a8,concrete_slump,3,63,0.21211549639701843,0.05550575256347656,38960.0,0.2707456052303314,319,1
StandardGSGP,69fabdb6-ad2f-11ef-a0fd-e4a8dfc2a9a8,concrete_slump,3,64,0.21211549639701843,0.059530019760131836,39004.0,0.2707456052303314,319,1
StandardGSGP,69fabdb6-ad2f-11ef-a0fd-e4a8dfc2a9a8,concrete_slump,3,65,0.21211549639701843,0.05927610397338867,39570.0,0.2707456052303314,319,1
StandardGSGP,69fabdb6-ad2f-11ef-a0fd-e4a8dfc2a9a8,concrete_slump,3,66,0.21211549639701843,0.06022477149963379,40580.0,0.2707456052303314,319,1
StandardGSGP,69fabdb6-ad2f-11ef-a0fd-e4a8dfc2a9a8,concrete_slump,3,67,0.21211549639701843,0.059889793395996094,42860.0,0.2707456052303314,319,1
StandardGSGP,69fabdb6-ad2f-11ef-a0fd-e4a8dfc2a9a8,concrete_slump,3,68,0.20934650301933289,0.06094002723693848,44978.0,0.2642134130001068,355,1
StandardGSGP,69fabdb6-ad2f-11ef-a0fd-e4a8dfc2a9a8,concrete_slump,3,69,0.20934650301933289,0.06153750419616699,45682.0,0.2642134130001068,355,1
StandardGSGP,69fabdb6-ad2f-11ef-a0fd-e4a8dfc2a9a8,concrete_slump,3,70,0.20934650301933289,0.06331205368041992,46150.0,0.2642134130001068,355,1
StandardGSGP,69fabdb6-ad2f-11ef-a0fd-e4a8dfc2a9a8,concrete_slump,3,71,0.20934650301933289,0.06709671020507812,47662.0,0.2642134130001068,355,1
StandardGSGP,69fabdb6-ad2f-11ef-a0fd-e4a8dfc2a9a8,concrete_slump,3,72,0.20917950570583344,0.05850863456726074,48568.0,0.26473575830459595,361,1
StandardGSGP,69fabdb6-ad2f-11ef-a0fd-e4a8dfc2a9a8,concrete_slump,3,73,0.20917950570583344,0.057000160217285156,48292.0,0.26473575830459595,361,1
StandardGSGP,69fabdb6-ad2f-11ef-a0fd-e4a8dfc2a9a8,concrete_slump,3,74,0.2089781016111374,0.05650973320007324,46830.0,0.28433892130851746,375,1
StandardGSGP,69fabdb6-ad2f-11ef-a0fd-e4a8dfc2a9a8,concrete_slump,3,75,0.2089781016111374,0.055998802185058594,46904.0,0.28433892130851746,375,1
StandardGSGP,69fabdb6-ad2f-11ef-a0fd-e4a8dfc2a9a8,concrete_slump,3,76,0.20857161283493042,0.058907270431518555,46712.0,0.28372153639793396,389,1
StandardGSGP,69fabdb6-ad2f-11ef-a0fd-e4a8dfc2a9a8,concrete_slump,3,77,0.20857161283493042,0.058509111404418945,47484.0,0.28372153639793396,389,1
StandardGSGP,69fabdb6-ad2f-11ef-a0fd-e4a8dfc2a9a8,concrete_slump,3,78,0.20857161283493042,0.06000018119812012,47934.0,0.28372153639793396,389,1
StandardGSGP,69fabdb6-ad2f-11ef-a0fd-e4a8dfc2a9a8,concrete_slump,3,79,0.20857161283493042,0.06765556335449219,49070.0,0.28372153639793396,389,1
StandardGSGP,69fabdb6-ad2f-11ef-a0fd-e4a8dfc2a9a8,concrete_slump,3,80,0.20857161283493042,0.05926179885864258,49970.0,0.28372153639793396,389,1
StandardGSGP,69fabdb6-ad2f-11ef-a0fd-e4a8dfc2a9a8,concrete_slump,3,81,0.20857161283493042,0.0664358139038086,51018.0,0.28372153639793396,389,1
StandardGSGP,69fabdb6-ad2f-11ef-a0fd-e4a8dfc2a9a8,concrete_slump,3,82,0.20706616342067719,0.05750870704650879,49880.0,0.2807914912700653,395,1
StandardGSGP,69fabdb6-ad2f-11ef-a0fd-e4a8dfc2a9a8,concrete_slump,3,83,0.20706616342067719,0.05699872970581055,50622.0,0.2807914912700653,395,1
StandardGSGP,69fabdb6-ad2f-11ef-a0fd-e4a8dfc2a9a8,concrete_slump,3,84,0.20706616342067719,0.060077667236328125,51388.0,0.2807914912700653,395,1
StandardGSGP,69fabdb6-ad2f-11ef-a0fd-e4a8dfc2a9a8,concrete_slump,3,85,0.20706616342067719,0.060158729553222656,51886.0,0.2807914912700653,395,1
StandardGSGP,69fabdb6-ad2f-11ef-a0fd-e4a8dfc2a9a8,concrete_slump,3,86,0.20650625228881836,0.06096339225769043,50556.0,0.27687108516693115,431,1
StandardGSGP,69fabdb6-ad2f-11ef-a0fd-e4a8dfc2a9a8,concrete_slump,3,87,0.20530229806900024,0.13125133514404297,50730.0,0.2748497426509857,411,1
StandardGSGP,69fabdb6-ad2f-11ef-a0fd-e4a8dfc2a9a8,concrete_slump,3,88,0.20530229806900024,0.057240962982177734,52498.0,0.2748497426509857,411,1
StandardGSGP,69fabdb6-ad2f-11ef-a0fd-e4a8dfc2a9a8,concrete_slump,3,89,0.20530229806900024,0.06066298484802246,53858.0,0.2748497426509857,411,1
StandardGSGP,69fabdb6-ad2f-11ef-a0fd-e4a8dfc2a9a8,concrete_slump,3,90,0.20530229806900024,0.05858445167541504,52652.0,0.2748497426509857,411,1
StandardGSGP,69fabdb6-ad2f-11ef-a0fd-e4a8dfc2a9a8,concrete_slump,3,91,0.20530229806900024,0.06287121772766113,53184.0,0.2748497426509857,411,1
StandardGSGP,69fabdb6-ad2f-11ef-a0fd-e4a8dfc2a9a8,concrete_slump,3,92,0.20530229806900024,0.0619053840637207,53544.0,0.2748497426509857,411,1
StandardGSGP,69fabdb6-ad2f-11ef-a0fd-e4a8dfc2a9a8,concrete_slump,3,93,0.20530229806900024,0.07062482833862305,55728.0,0.2748497426509857,411,1
StandardGSGP,69fabdb6-ad2f-11ef-a0fd-e4a8dfc2a9a8,concrete_slump,3,94,0.20530229806900024,0.0626683235168457,56306.0,0.2748497426509857,411,1
StandardGSGP,69fabdb6-ad2f-11ef-a0fd-e4a8dfc2a9a8,concrete_slump,3,95,0.20530229806900024,0.057112693786621094,56436.0,0.2748497426509857,411,1
StandardGSGP,69fabdb6-ad2f-11ef-a0fd-e4a8dfc2a9a8,concrete_slump,3,96,0.20496897399425507,0.06023907661437988,56602.0,0.27029097080230713,417,1
StandardGSGP,69fabdb6-ad2f-11ef-a0fd-e4a8dfc2a9a8,concrete_slump,3,97,0.20496897399425507,0.05652570724487305,57384.0,0.27029097080230713,417,1
StandardGSGP,69fabdb6-ad2f-11ef-a0fd-e4a8dfc2a9a8,concrete_slump,3,98,0.20496897399425507,0.05799722671508789,57956.0,0.27029097080230713,417,1
StandardGSGP,69fabdb6-ad2f-11ef-a0fd-e4a8dfc2a9a8,concrete_slump,3,99,0.20496897399425507,0.06400156021118164,58760.0,0.27029097080230713,417,1
StandardGSGP,69fabdb6-ad2f-11ef-a0fd-e4a8dfc2a9a8,concrete_slump,3,100,0.20496897399425507,0.06351613998413086,59408.0,0.27029097080230713,417,1
StandardGSGP,dd507ca0-ad2f-11ef-87cf-e4a8dfc2a9a8,concrete_slump,3,0,17.013803482055664,0.039141178131103516,862.0,16.736331939697266,3,1
StandardGSGP,dd507ca0-ad2f-11ef-87cf-e4a8dfc2a9a8,concrete_slump,3,1,17.002925872802734,0.07691621780395508,1554.0,16.722511291503906,11,1
StandardGSGP,dd507ca0-ad2f-11ef-87cf-e4a8dfc2a9a8,concrete_slump,3,2,16.410194396972656,0.059529781341552734,2372.0,16.197166442871094,15,1
StandardGSGP,dd507ca0-ad2f-11ef-87cf-e4a8dfc2a9a8,concrete_slump,3,3,16.15785789489746,0.05842399597167969,3188.0,15.9179048538208,31,1
StandardGSGP,dd507ca0-ad2f-11ef-87cf-e4a8dfc2a9a8,concrete_slump,3,4,15.90952205657959,0.06477522850036621,4148.0,15.780631065368652,29,1
StandardGSGP,dd507ca0-ad2f-11ef-87cf-e4a8dfc2a9a8,concrete_slump,3,5,15.422225952148438,0.06099987030029297,4788.0,15.30159854888916,39,1
StandardGSGP,dd507ca0-ad2f-11ef-87cf-e4a8dfc2a9a8,concrete_slump,3,6,15.108028411865234,0.13410353660583496,5456.0,15.042282104492188,45,1
StandardGSGP,dd507ca0-ad2f-11ef-87cf-e4a8dfc2a9a8,concrete_slump,3,7,14.807706832885742,0.05899834632873535,6214.0,14.778046607971191,45,1
StandardGSGP,dd507ca0-ad2f-11ef-87cf-e4a8dfc2a9a8,concrete_slump,3,8,14.725927352905273,0.0595088005065918,6854.0,14.682452201843262,53,1
StandardGSGP,dd507ca0-ad2f-11ef-87cf-e4a8dfc2a9a8,concrete_slump,3,9,14.01439094543457,0.0590057373046875,7306.0,14.050128936767578,69,1
StandardGSGP,dd507ca0-ad2f-11ef-87cf-e4a8dfc2a9a8,concrete_slump,3,10,13.815032005310059,0.055727243423461914,7956.0,13.868149757385254,75,1
StandardGSGP,dd507ca0-ad2f-11ef-87cf-e4a8dfc2a9a8,concrete_slump,3,11,13.21944522857666,0.058707237243652344,8576.0,13.328378677368164,81,1
StandardGSGP,dd507ca0-ad2f-11ef-87cf-e4a8dfc2a9a8,concrete_slump,3,12,13.21944522857666,0.05799531936645508,9266.0,13.328378677368164,81,1
StandardGSGP,dd507ca0-ad2f-11ef-87cf-e4a8dfc2a9a8,concrete_slump,3,13,12.921429634094238,0.06050848960876465,10132.0,13.047931671142578,99,1
StandardGSGP,dd507ca0-ad2f-11ef-87cf-e4a8dfc2a9a8,concrete_slump,3,14,12.716408729553223,0.05699944496154785,10836.0,12.876145362854004,113,1
StandardGSGP,dd507ca0-ad2f-11ef-87cf-e4a8dfc2a9a8,concrete_slump,3,15,12.301617622375488,0.05650615692138672,11814.0,12.52181625366211,131,1
StandardGSGP,dd507ca0-ad2f-11ef-87cf-e4a8dfc2a9a8,concrete_slump,3,16,11.78587532043457,0.06022191047668457,12776.0,12.0872163772583,131,1
StandardGSGP,dd507ca0-ad2f-11ef-87cf-e4a8dfc2a9a8,concrete_slump,3,17,11.744001388549805,0.060920000076293945,13706.0,12.061962127685547,137,1
StandardGSGP,dd507ca0-ad2f-11ef-87cf-e4a8dfc2a9a8,concrete_slump,3,18,11.571990013122559,0.05702805519104004,14650.0,11.97234058380127,153,1
StandardGSGP,dd507ca0-ad2f-11ef-87cf-e4a8dfc2a9a8,concrete_slump,3,19,11.42883014678955,0.056997060775756836,15584.0,11.74246883392334,145,1
StandardGSGP,dd507ca0-ad2f-11ef-87cf-e4a8dfc2a9a8,concrete_slump,3,20,10.975041389465332,0.05699038505554199,16308.0,11.36285400390625,151,1
StandardGSGP,dd507ca0-ad2f-11ef-87cf-e4a8dfc2a9a8,concrete_slump,3,21,10.916828155517578,0.0563664436340332,16782.0,11.34554672241211,175,1
StandardGSGP,dd507ca0-ad2f-11ef-87cf-e4a8dfc2a9a8,concrete_slump,3,22,10.527945518493652,0.06070446968078613,17464.0,11.016827583312988,177,1
StandardGSGP,dd507ca0-ad2f-11ef-87cf-e4a8dfc2a9a8,concrete_slump,3,23,10.297338485717773,0.06308174133300781,18630.0,10.94631576538086,175,1
StandardGSGP,dd507ca0-ad2f-11ef-87cf-e4a8dfc2a9a8,concrete_slump,3,24,9.802214622497559,0.05901050567626953,19466.0,10.447554588317871,193,1
StandardGSGP,dd507ca0-ad2f-11ef-87cf-e4a8dfc2a9a8,concrete_slump,3,25,9.705430030822754,0.056508779525756836,20272.0,10.357662200927734,199,1
StandardGSGP,dd507ca0-ad2f-11ef-87cf-e4a8dfc2a9a8,concrete_slump,3,26,9.430109024047852,0.05953359603881836,20810.0,10.173711776733398,211,1
StandardGSGP,dd507ca0-ad2f-11ef-87cf-e4a8dfc2a9a8,concrete_slump,3,27,9.283472061157227,0.05899667739868164,21986.0,10.06045150756836,225,1
StandardGSGP,dd507ca0-ad2f-11ef-87cf-e4a8dfc2a9a8,concrete_slump,3,28,9.144664764404297,0.058524131774902344,22944.0,10.124903678894043,223,1
StandardGSGP,dd507ca0-ad2f-11ef-87cf-e4a8dfc2a9a8,concrete_slump,3,29,9.102276802062988,0.06474900245666504,23622.0,10.063722610473633,233,1
StandardGSGP,dd507ca0-ad2f-11ef-87cf-e4a8dfc2a9a8,concrete_slump,3,30,8.768951416015625,0.06054258346557617,24450.0,9.842752456665039,239,1
StandardGSGP,dd507ca0-ad2f-11ef-87cf-e4a8dfc2a9a8,concrete_slump,3,31,8.725970268249512,0.05851030349731445,25188.0,9.822991371154785,245,1
StandardGSGP,dd507ca0-ad2f-11ef-87cf-e4a8dfc2a9a8,concrete_slump,3,32,8.633833885192871,0.06753921508789062,25976.0,9.778322219848633,247,1
StandardGSGP,dd507ca0-ad2f-11ef-87cf-e4a8dfc2a9a8,concrete_slump,3,33,8.532551765441895,0.06052732467651367,26796.0,9.718944549560547,263,1
StandardGSGP,dd507ca0-ad2f-11ef-87cf-e4a8dfc2a9a8,concrete_slump,3,34,8.515141487121582,0.0578305721282959,27554.0,9.70887279510498,267,1
StandardGSGP,dd507ca0-ad2f-11ef-87cf-e4a8dfc2a9a8,concrete_slump,3,35,8.515141487121582,0.057947397232055664,27996.0,9.70887279510498,267,1
StandardGSGP,dd507ca0-ad2f-11ef-87cf-e4a8dfc2a9a8,concrete_slump,3,36,8.363008499145508,0.06948089599609375,28652.0,9.734955787658691,273,1
StandardGSGP,dd507ca0-ad2f-11ef-87cf-e4a8dfc2a9a8,concrete_slump,3,37,8.280071258544922,0.06749272346496582,29338.0,9.614885330200195,279,1
StandardGSGP,dd507ca0-ad2f-11ef-87cf-e4a8dfc2a9a8,concrete_slump,3,38,8.213215827941895,0.05675220489501953,30300.0,9.633723258972168,287,1
StandardGSGP,dd507ca0-ad2f-11ef-87cf-e4a8dfc2a9a8,concrete_slump,3,39,8.202802658081055,0.06012105941772461,31208.0,9.5839204788208,297,1
StandardGSGP,dd507ca0-ad2f-11ef-87cf-e4a8dfc2a9a8,concrete_slump,3,40,8.196087837219238,0.05806303024291992,31344.0,9.527935981750488,309,1
StandardGSGP,dd507ca0-ad2f-11ef-87cf-e4a8dfc2a9a8,concrete_slump,3,41,8.17626953125,0.06206822395324707,31386.0,9.517560958862305,311,1
StandardGSGP,dd507ca0-ad2f-11ef-87cf-e4a8dfc2a9a8,concrete_slump,3,42,8.059815406799316,0.062530517578125,32252.0,9.497486114501953,335,1
StandardGSGP,dd507ca0-ad2f-11ef-87cf-e4a8dfc2a9a8,concrete_slump,3,43,8.036506652832031,0.059661149978637695,33236.0,9.637414932250977,337,1
StandardGSGP,dd507ca0-ad2f-11ef-87cf-e4a8dfc2a9a8,concrete_slump,3,44,7.991235256195068,0.05951285362243652,34154.0,9.507694244384766,343,1
StandardGSGP,dd507ca0-ad2f-11ef-87cf-e4a8dfc2a9a8,concrete_slump,3,45,7.9910430908203125,0.06064748764038086,35368.0,9.508360862731934,351,1
StandardGSGP,dd507ca0-ad2f-11ef-87cf-e4a8dfc2a9a8,concrete_slump,3,46,7.979246139526367,0.0658257007598877,36608.0,9.514729499816895,359,1
StandardGSGP,dd507ca0-ad2f-11ef-87cf-e4a8dfc2a9a8,concrete_slump,3,47,7.879398345947266,0.07318806648254395,37442.0,9.290782928466797,393,1
StandardGSGP,dd507ca0-ad2f-11ef-87cf-e4a8dfc2a9a8,concrete_slump,3,48,7.8594841957092285,0.06200456619262695,38350.0,9.273625373840332,407,1
StandardGSGP,dd507ca0-ad2f-11ef-87cf-e4a8dfc2a9a8,concrete_slump,3,49,7.828943729400635,0.06005072593688965,39396.0,9.267305374145508,419,1
StandardGSGP,dd507ca0-ad2f-11ef-87cf-e4a8dfc2a9a8,concrete_slump,3,50,7.828943729400635,0.06922769546508789,40620.0,9.267305374145508,419,1
StandardGSGP,dd507ca0-ad2f-11ef-87cf-e4a8dfc2a9a8,concrete_slump,3,51,7.821520805358887,0.07230710983276367,42156.0,9.293048858642578,419,1
StandardGSGP,dd507ca0-ad2f-11ef-87cf-e4a8dfc2a9a8,concrete_slump,3,52,7.81019926071167,0.07270479202270508,43788.0,9.314695358276367,427,1
StandardGSGP,dd507ca0-ad2f-11ef-87cf-e4a8dfc2a9a8,concrete_slump,3,53,7.786670207977295,0.07692980766296387,44818.0,9.19621753692627,447,1
StandardGSGP,dd507ca0-ad2f-11ef-87cf-e4a8dfc2a9a8,concrete_slump,3,54,7.766307830810547,0.07249045372009277,45472.0,9.144477844238281,455,1
StandardGSGP,dd507ca0-ad2f-11ef-87cf-e4a8dfc2a9a8,concrete_slump,3,55,7.742763996124268,0.0766298770904541,45954.0,9.212239265441895,471,1
StandardGSGP,dd507ca0-ad2f-11ef-87cf-e4a8dfc2a9a8,concrete_slump,3,56,7.7301812171936035,0.08400416374206543,46890.0,9.06334114074707,469,1
StandardGSGP,dd507ca0-ad2f-11ef-87cf-e4a8dfc2a9a8,concrete_slump,3,57,7.726841449737549,0.07750844955444336,47932.0,9.427132606506348,477,1
StandardGSGP,dd507ca0-ad2f-11ef-87cf-e4a8dfc2a9a8,concrete_slump,3,58,7.681866645812988,0.06451249122619629,49224.0,9.150419235229492,495,1
StandardGSGP,dd507ca0-ad2f-11ef-87cf-e4a8dfc2a9a8,concrete_slump,3,59,7.652227401733398,0.15657877922058105,50418.0,9.156256675720215,503,1
StandardGSGP,dd507ca0-ad2f-11ef-87cf-e4a8dfc2a9a8,concrete_slump,3,60,7.652227401733398,0.05799698829650879,51084.0,9.156256675720215,503,1
StandardGSGP,dd507ca0-ad2f-11ef-87cf-e4a8dfc2a9a8,concrete_slump,3,61,7.625731468200684,0.0631093978881836,51704.0,9.185701370239258,515,1
StandardGSGP,dd507ca0-ad2f-11ef-87cf-e4a8dfc2a9a8,concrete_slump,3,62,7.6098551750183105,0.0609285831451416,52550.0,9.227746963500977,521,1
StandardGSGP,dd507ca0-ad2f-11ef-87cf-e4a8dfc2a9a8,concrete_slump,3,63,7.6098551750183105,0.06373357772827148,53284.0,9.227746963500977,521,1
StandardGSGP,dd507ca0-ad2f-11ef-87cf-e4a8dfc2a9a8,concrete_slump,3,64,7.599636554718018,0.060512542724609375,53916.0,9.192134857177734,543,1
StandardGSGP,dd507ca0-ad2f-11ef-87cf-e4a8dfc2a9a8,concrete_slump,3,65,7.522993087768555,0.07128047943115234,54992.0,9.113924026489258,545,1
StandardGSGP,dd507ca0-ad2f-11ef-87cf-e4a8dfc2a9a8,concrete_slump,3,66,7.495297908782959,0.06701827049255371,55824.0,9.113178253173828,551,1
StandardGSGP,dd507ca0-ad2f-11ef-87cf-e4a8dfc2a9a8,concrete_slump,3,67,7.490166187286377,0.0646357536315918,56656.0,9.11496353149414,557,1
StandardGSGP,dd507ca0-ad2f-11ef-87cf-e4a8dfc2a9a8,concrete_slump,3,68,7.485250473022461,0.060387372970581055,57346.0,9.130061149597168,567,1
StandardGSGP,dd507ca0-ad2f-11ef-87cf-e4a8dfc2a9a8,concrete_slump,3,69,7.451746463775635,0.06753659248352051,58494.0,9.176426887512207,577,1
StandardGSGP,dd507ca0-ad2f-11ef-87cf-e4a8dfc2a9a8,concrete_slump,3,70,7.444084167480469,0.05952882766723633,58912.0,9.152256965637207,583,1
StandardGSGP,dd507ca0-ad2f-11ef-87cf-e4a8dfc2a9a8,concrete_slump,3,71,7.404613494873047,0.06213045120239258,59338.0,9.222555160522461,589,1
StandardGSGP,dd507ca0-ad2f-11ef-87cf-e4a8dfc2a9a8,concrete_slump,3,72,7.404613494873047,0.06270718574523926,60100.0,9.222555160522461,589,1
StandardGSGP,dd507ca0-ad2f-11ef-87cf-e4a8dfc2a9a8,concrete_slump,3,73,7.33131742477417,0.060520172119140625,60974.0,9.030488014221191,605,1
StandardGSGP,dd507ca0-ad2f-11ef-87cf-e4a8dfc2a9a8,concrete_slump,3,74,7.33131742477417,0.06125140190124512,61880.0,9.030488014221191,605,1
StandardGSGP,dd507ca0-ad2f-11ef-87cf-e4a8dfc2a9a8,concrete_slump,3,75,7.311531066894531,0.05951070785522461,62378.0,9.010418891906738,621,1
StandardGSGP,dd507ca0-ad2f-11ef-87cf-e4a8dfc2a9a8,concrete_slump,3,76,7.307676792144775,0.0649728775024414,63072.0,8.982199668884277,637,1
StandardGSGP,dd507ca0-ad2f-11ef-87cf-e4a8dfc2a9a8,concrete_slump,3,77,7.306894302368164,0.07074165344238281,64190.0,8.963821411132812,657,1
StandardGSGP,dd507ca0-ad2f-11ef-87cf-e4a8dfc2a9a8,concrete_slump,3,78,7.279983043670654,0.07113242149353027,65170.0,9.013981819152832,651,1
StandardGSGP,dd507ca0-ad2f-11ef-87cf-e4a8dfc2a9a8,concrete_slump,3,79,7.279983043670654,0.06276369094848633,65936.0,9.013981819152832,651,1
StandardGSGP,dd507ca0-ad2f-11ef-87cf-e4a8dfc2a9a8,concrete_slump,3,80,7.215244293212891,0.061003923416137695,66994.0,8.986733436584473,665,1
StandardGSGP,dd507ca0-ad2f-11ef-87cf-e4a8dfc2a9a8,concrete_slump,3,81,7.215244293212891,0.06151318550109863,67920.0,8.986733436584473,665,1
StandardGSGP,dd507ca0-ad2f-11ef-87cf-e4a8dfc2a9a8,concrete_slump,3,82,7.207496643066406,0.06300473213195801,68674.0,8.915911674499512,671,1
StandardGSGP,dd507ca0-ad2f-11ef-87cf-e4a8dfc2a9a8,concrete_slump,3,83,7.189017295837402,0.06553936004638672,69626.0,9.04086971282959,709,1
StandardGSGP,dd507ca0-ad2f-11ef-87cf-e4a8dfc2a9a8,concrete_slump,3,84,7.189017295837402,0.06776690483093262,70542.0,9.04086971282959,709,1
StandardGSGP,dd507ca0-ad2f-11ef-87cf-e4a8dfc2a9a8,concrete_slump,3,85,7.188397407531738,0.07170987129211426,71238.0,8.990765571594238,711,1
StandardGSGP,dd507ca0-ad2f-11ef-87cf-e4a8dfc2a9a8,concrete_slump,3,86,7.132983207702637,0.05974912643432617,71924.0,8.862862586975098,723,1
StandardGSGP,dd507ca0-ad2f-11ef-87cf-e4a8dfc2a9a8,concrete_slump,3,87,7.120156288146973,0.060500383377075195,72822.0,8.884841918945312,729,1
StandardGSGP,dd507ca0-ad2f-11ef-87cf-e4a8dfc2a9a8,concrete_slump,3,88,7.113020420074463,0.06774425506591797,74226.0,8.876545906066895,739,1
StandardGSGP,dd507ca0-ad2f-11ef-87cf-e4a8dfc2a9a8,concrete_slump,3,89,7.106839179992676,0.06372928619384766,75250.0,8.851066589355469,745,1
StandardGSGP,dd507ca0-ad2f-11ef-87cf-e4a8dfc2a9a8,concrete_slump,3,90,7.096682548522949,0.06048464775085449,75930.0,8.86589241027832,753,1
StandardGSGP,dd507ca0-ad2f-11ef-87cf-e4a8dfc2a9a8,concrete_slump,3,91,7.096665859222412,0.05999922752380371,76864.0,8.908890724182129,769,1
StandardGSGP,dd507ca0-ad2f-11ef-87cf-e4a8dfc2a9a8,concrete_slump,3,92,7.060602188110352,0.059511661529541016,77598.0,8.887835502624512,769,1
StandardGSGP,dd507ca0-ad2f-11ef-87cf-e4a8dfc2a9a8,concrete_slump,3,93,7.059914588928223,0.06351065635681152,78328.0,8.901097297668457,777,1
StandardGSGP,dd507ca0-ad2f-11ef-87cf-e4a8dfc2a9a8,concrete_slump,3,94,7.059914588928223,0.06699943542480469,79124.0,8.901097297668457,777,1
StandardGSGP,dd507ca0-ad2f-11ef-87cf-e4a8dfc2a9a8,concrete_slump,3,95,7.044432640075684,0.06645464897155762,79818.0,8.909831047058105,811,1
StandardGSGP,dd507ca0-ad2f-11ef-87cf-e4a8dfc2a9a8,concrete_slump,3,96,7.01817512512207,0.06760954856872559,80496.0,8.891897201538086,817,1
StandardGSGP,dd507ca0-ad2f-11ef-87cf-e4a8dfc2a9a8,concrete_slump,3,97,7.01817512512207,0.07544445991516113,81312.0,8.891897201538086,817,1
StandardGSGP,dd507ca0-ad2f-11ef-87cf-e4a8dfc2a9a8,concrete_slump,3,98,6.99440860748291,0.0751194953918457,82400.0,8.847845077514648,829,1
StandardGSGP,dd507ca0-ad2f-11ef-87cf-e4a8dfc2a9a8,concrete_slump,3,99,6.986192226409912,0.06489229202270508,83632.0,8.863996505737305,841,1
StandardGSGP,dd507ca0-ad2f-11ef-87cf-e4a8dfc2a9a8,concrete_slump,3,100,6.986192226409912,0.05725574493408203,85026.0,8.863996505737305,841,1
