StandardGSGP,5e6b34d7-ad2f-11ef-a4e2-e4a8dfc2a9a8,concrete_slump,0,0,0.39039701223373413,0.14529895782470703,3722.0,0.38092198967933655,3,1
StandardGSGP,5e6b34d7-ad2f-11ef-a4e2-e4a8dfc2a9a8,concrete_slump,0,1,0.3899112045764923,0.0575103759765625,2470.0,0.3802115321159363,21,1
StandardGSGP,5e6b34d7-ad2f-11ef-a4e2-e4a8dfc2a9a8,concrete_slump,0,2,0.3802909255027771,0.05951046943664551,2610.0,0.32404467463493347,29,1
StandardGSGP,5e6b34d7-ad2f-11ef-a4e2-e4a8dfc2a9a8,concrete_slump,0,3,0.3802909255027771,0.062000274658203125,3372.0,0.32404467463493347,29,1
StandardGSGP,5e6b34d7-ad2f-11ef-a4e2-e4a8dfc2a9a8,concrete_slump,0,4,0.3751773238182068,0.06426382064819336,4272.0,0.3111940324306488,43,1
StandardGSGP,5e6b34d7-ad2f-11ef-a4e2-e4a8dfc2a9a8,concrete_slump,0,5,0.3474501073360443,0.06662726402282715,5132.0,0.34048864245414734,47,1
StandardGSGP,5e6b34d7-ad2f-11ef-a4e2-e4a8dfc2a9a8,concrete_slump,0,6,0.3455190360546112,0.05892658233642578,6222.0,0.34615209698677063,65,1
StandardGSGP,5e6b34d7-ad2f-11ef-a4e2-e4a8dfc2a9a8,concrete_slump,0,7,0.32636675238609314,0.05750751495361328,7170.0,0.39009737968444824,73,1
StandardGSGP,5e6b34d7-ad2f-11ef-a4e2-e4a8dfc2a9a8,concrete_slump,0,8,0.3210268020629883,0.060508012771606445,8104.0,0.319048136472702,85,1
StandardGSGP,5e6b34d7-ad2f-11ef-a4e2-e4a8dfc2a9a8,concrete_slump,0,9,0.304483026266098,0.05481314659118652,8792.0,0.3460143506526947,95,1
StandardGSGP,5e6b34d7-ad2f-11ef-a4e2-e4a8dfc2a9a8,concrete_slump,0,10,0.304483026266098,0.060648202896118164,9566.0,0.3460143506526947,95,1
StandardGSGP,5e6b34d7-ad2f-11ef-a4e2-e4a8dfc2a9a8,concrete_slump,0,11,0.2845684587955475,0.0575413703918457,10490.0,0.30606576800346375,103,1
StandardGSGP,5e6b34d7-ad2f-11ef-a4e2-e4a8dfc2a9a8,concrete_slump,0,12,0.2845684587955475,0.06089067459106445,11492.0,0.30606576800346375,103,1
StandardGSGP,5e6b34d7-ad2f-11ef-a4e2-e4a8dfc2a9a8,concrete_slump,0,13,0.2845684587955475,0.05652904510498047,12406.0,0.30606576800346375,103,1
StandardGSGP,5e6b34d7-ad2f-11ef-a4e2-e4a8dfc2a9a8,concrete_slump,0,14,0.2845684587955475,0.05978083610534668,13478.0,0.30606576800346375,103,1
StandardGSGP,5e6b34d7-ad2f-11ef-a4e2-e4a8dfc2a9a8,concrete_slump,0,15,0.2838016152381897,0.06294822692871094,14178.0,0.31940627098083496,117,1
StandardGSGP,5e6b34d7-ad2f-11ef-a4e2-e4a8dfc2a9a8,concrete_slump,0,16,0.28185978531837463,0.05570173263549805,15018.0,0.3431259095668793,123,1
StandardGSGP,5e6b34d7-ad2f-11ef-a4e2-e4a8dfc2a9a8,concrete_slump,0,17,0.2732556462287903,0.056134939193725586,16102.0,0.2970100939273834,153,1
StandardGSGP,5e6b34d7-ad2f-11ef-a4e2-e4a8dfc2a9a8,concrete_slump,0,18,0.2681449055671692,0.05909156799316406,16702.0,0.31923332810401917,141,1
StandardGSGP,5e6b34d7-ad2f-11ef-a4e2-e4a8dfc2a9a8,concrete_slump,0,19,0.2681449055671692,0.06067013740539551,17174.0,0.31923332810401917,141,1
StandardGSGP,5e6b34d7-ad2f-11ef-a4e2-e4a8dfc2a9a8,concrete_slump,0,20,0.2643750309944153,0.05762600898742676,17496.0,0.301440954208374,155,1
StandardGSGP,5e6b34d7-ad2f-11ef-a4e2-e4a8dfc2a9a8,concrete_slump,0,21,0.2643750309944153,0.056565284729003906,17826.0,0.301440954208374,155,1
StandardGSGP,5e6b34d7-ad2f-11ef-a4e2-e4a8dfc2a9a8,concrete_slump,0,22,0.2643750309944153,0.0589289665222168,18350.0,0.301440954208374,155,1
StandardGSGP,5e6b34d7-ad2f-11ef-a4e2-e4a8dfc2a9a8,concrete_slump,0,23,0.2643750309944153,0.058148860931396484,19142.0,0.301440954208374,155,1
StandardGSGP,5e6b34d7-ad2f-11ef-a4e2-e4a8dfc2a9a8,concrete_slump,0,24,0.2631661891937256,0.05681109428405762,19432.0,0.3131086528301239,183,1
StandardGSGP,5e6b34d7-ad2f-11ef-a4e2-e4a8dfc2a9a8,concrete_slump,0,25,0.2631661891937256,0.05808305740356445,20090.0,0.3131086528301239,183,1
StandardGSGP,5e6b34d7-ad2f-11ef-a4e2-e4a8dfc2a9a8,concrete_slump,0,26,0.2631661891937256,0.06300926208496094,21144.0,0.3131086528301239,183,1
StandardGSGP,5e6b34d7-ad2f-11ef-a4e2-e4a8dfc2a9a8,concrete_slump,0,27,0.26118308305740356,0.05950641632080078,22214.0,0.31089386343955994,197,1
StandardGSGP,5e6b34d7-ad2f-11ef-a4e2-e4a8dfc2a9a8,concrete_slump,0,28,0.26069310307502747,0.06533575057983398,22918.0,0.3123300075531006,203,1
StandardGSGP,5e6b34d7-ad2f-11ef-a4e2-e4a8dfc2a9a8,concrete_slump,0,29,0.26069310307502747,0.06279611587524414,23806.0,0.3123300075531006,203,1
StandardGSGP,5e6b34d7-ad2f-11ef-a4e2-e4a8dfc2a9a8,concrete_slump,0,30,0.2575230598449707,0.058245182037353516,24952.0,0.30219516158103943,209,1
StandardGSGP,5e6b34d7-ad2f-11ef-a4e2-e4a8dfc2a9a8,concrete_slump,0,31,0.2575230598449707,0.055191993713378906,25490.0,0.30219516158103943,209,1
StandardGSGP,5e6b34d7-ad2f-11ef-a4e2-e4a8dfc2a9a8,concrete_slump,0,32,0.2575230598449707,0.054506540298461914,25974.0,0.30219516158103943,209,1
StandardGSGP,5e6b34d7-ad2f-11ef-a4e2-e4a8dfc2a9a8,concrete_slump,0,33,0.2575230598449707,0.056998252868652344,26786.0,0.30219516158103943,209,1
StandardGSGP,5e6b34d7-ad2f-11ef-a4e2-e4a8dfc2a9a8,concrete_slump,0,34,0.2575230598449707,0.061011314392089844,27462.0,0.30219516158103943,209,1
StandardGSGP,5e6b34d7-ad2f-11ef-a4e2-e4a8dfc2a9a8,concrete_slump,0,35,0.2575230598449707,0.06109189987182617,28520.0,0.30219516158103943,209,1
StandardGSGP,5e6b34d7-ad2f-11ef-a4e2-e4a8dfc2a9a8,concrete_slump,0,36,0.2575230598449707,0.05968618392944336,29486.0,0.30219516158103943,209,1
StandardGSGP,5e6b34d7-ad2f-11ef-a4e2-e4a8dfc2a9a8,concrete_slump,0,37,0.2575230598449707,0.061508893966674805,30338.0,0.30219516158103943,209,1
StandardGSGP,5e6b34d7-ad2f-11ef-a4e2-e4a8dfc2a9a8,concrete_slump,0,38,0.2575230598449707,0.06111311912536621,30630.0,0.30219516158103943,209,1
StandardGSGP,5e6b34d7-ad2f-11ef-a4e2-e4a8dfc2a9a8,concrete_slump,0,39,0.2575230598449707,0.05500030517578125,30946.0,0.30219516158103943,209,1
StandardGSGP,5e6b34d7-ad2f-11ef-a4e2-e4a8dfc2a9a8,concrete_slump,0,40,0.2575230598449707,0.060729265213012695,31738.0,0.30219516158103943,209,1
StandardGSGP,5e6b34d7-ad2f-11ef-a4e2-e4a8dfc2a9a8,concrete_slump,0,41,0.2544932961463928,0.05700254440307617,31934.0,0.2982660233974457,231,1
StandardGSGP,5e6b34d7-ad2f-11ef-a4e2-e4a8dfc2a9a8,concrete_slump,0,42,0.2544932961463928,0.057511329650878906,32072.0,0.2982660233974457,231,1
StandardGSGP,5e6b34d7-ad2f-11ef-a4e2-e4a8dfc2a9a8,concrete_slump,0,43,0.2544932961463928,0.05501270294189453,32230.0,0.2982660233974457,231,1
StandardGSGP,5e6b34d7-ad2f-11ef-a4e2-e4a8dfc2a9a8,concrete_slump,0,44,0.2544932961463928,0.060395240783691406,32444.0,0.2982660233974457,231,1
StandardGSGP,5e6b34d7-ad2f-11ef-a4e2-e4a8dfc2a9a8,concrete_slump,0,45,0.2544932961463928,0.058510541915893555,33814.0,0.2982660233974457,231,1
StandardGSGP,5e6b34d7-ad2f-11ef-a4e2-e4a8dfc2a9a8,concrete_slump,0,46,0.25272223353385925,0.05700063705444336,35204.0,0.29485055804252625,237,1
StandardGSGP,5e6b34d7-ad2f-11ef-a4e2-e4a8dfc2a9a8,concrete_slump,0,47,0.25272223353385925,0.06041574478149414,34752.0,0.29485055804252625,237,1
StandardGSGP,5e6b34d7-ad2f-11ef-a4e2-e4a8dfc2a9a8,concrete_slump,0,48,0.251187801361084,0.057641029357910156,34808.0,0.29249587655067444,247,1
StandardGSGP,5e6b34d7-ad2f-11ef-a4e2-e4a8dfc2a9a8,concrete_slump,0,49,0.24970735609531403,0.13729381561279297,35450.0,0.2930380403995514,253,1
StandardGSGP,5e6b34d7-ad2f-11ef-a4e2-e4a8dfc2a9a8,concrete_slump,0,50,0.2489975094795227,0.05731320381164551,35482.0,0.28943607211112976,259,1
StandardGSGP,5e6b34d7-ad2f-11ef-a4e2-e4a8dfc2a9a8,concrete_slump,0,51,0.24636970460414886,0.05899953842163086,35230.0,0.29292070865631104,265,1
StandardGSGP,5e6b34d7-ad2f-11ef-a4e2-e4a8dfc2a9a8,concrete_slump,0,52,0.24636970460414886,0.05451059341430664,35712.0,0.29292070865631104,265,1
StandardGSGP,5e6b34d7-ad2f-11ef-a4e2-e4a8dfc2a9a8,concrete_slump,0,53,0.24636970460414886,0.06040167808532715,34422.0,0.29292070865631104,265,1
StandardGSGP,5e6b34d7-ad2f-11ef-a4e2-e4a8dfc2a9a8,concrete_slump,0,54,0.24636970460414886,0.05969500541687012,33340.0,0.29292070865631104,265,1
StandardGSGP,5e6b34d7-ad2f-11ef-a4e2-e4a8dfc2a9a8,concrete_slump,0,55,0.24582970142364502,0.053316593170166016,32726.0,0.28678491711616516,271,1
StandardGSGP,5e6b34d7-ad2f-11ef-a4e2-e4a8dfc2a9a8,concrete_slump,0,56,0.24582970142364502,0.057999372482299805,33562.0,0.28678491711616516,271,1
StandardGSGP,5e6b34d7-ad2f-11ef-a4e2-e4a8dfc2a9a8,concrete_slump,0,57,0.24582970142364502,0.05551290512084961,34488.0,0.28678491711616516,271,1
StandardGSGP,5e6b34d7-ad2f-11ef-a4e2-e4a8dfc2a9a8,concrete_slump,0,58,0.24582970142364502,0.06100606918334961,34932.0,0.28678491711616516,271,1
StandardGSGP,5e6b34d7-ad2f-11ef-a4e2-e4a8dfc2a9a8,concrete_slump,0,59,0.24582970142364502,0.061007022857666016,34984.0,0.28678491711616516,271,1
StandardGSGP,5e6b34d7-ad2f-11ef-a4e2-e4a8dfc2a9a8,concrete_slump,0,60,0.24582970142364502,0.06176614761352539,35564.0,0.28678491711616516,271,1
StandardGSGP,5e6b34d7-ad2f-11ef-a4e2-e4a8dfc2a9a8,concrete_slump,0,61,0.24582970142364502,0.06199979782104492,36516.0,0.28678491711616516,271,1
StandardGSGP,5e6b34d7-ad2f-11ef-a4e2-e4a8dfc2a9a8,concrete_slump,0,62,0.24582970142364502,0.06051135063171387,36974.0,0.28678491711616516,271,1
StandardGSGP,5e6b34d7-ad2f-11ef-a4e2-e4a8dfc2a9a8,concrete_slump,0,63,0.24582970142364502,0.059636592864990234,36822.0,0.28678491711616516,271,1
StandardGSGP,5e6b34d7-ad2f-11ef-a4e2-e4a8dfc2a9a8,concrete_slump,0,64,0.24582970142364502,0.0617680549621582,37220.0,0.28678491711616516,271,1
StandardGSGP,5e6b34d7-ad2f-11ef-a4e2-e4a8dfc2a9a8,concrete_slump,0,65,0.24479997158050537,0.06623983383178711,38240.0,0.2923266887664795,291,1
StandardGSGP,5e6b34d7-ad2f-11ef-a4e2-e4a8dfc2a9a8,concrete_slump,0,66,0.24479997158050537,0.05800223350524902,38232.0,0.2923266887664795,291,1
StandardGSGP,5e6b34d7-ad2f-11ef-a4e2-e4a8dfc2a9a8,concrete_slump,0,67,0.24479997158050537,0.060883522033691406,39728.0,0.2923266887664795,291,1
StandardGSGP,5e6b34d7-ad2f-11ef-a4e2-e4a8dfc2a9a8,concrete_slump,0,68,0.24479997158050537,0.06351208686828613,40484.0,0.2923266887664795,291,1
StandardGSGP,5e6b34d7-ad2f-11ef-a4e2-e4a8dfc2a9a8,concrete_slump,0,69,0.24264949560165405,0.06364846229553223,40072.0,0.28998780250549316,297,1
StandardGSGP,5e6b34d7-ad2f-11ef-a4e2-e4a8dfc2a9a8,concrete_slump,0,70,0.24264949560165405,0.0585331916809082,40370.0,0.28998780250549316,297,1
StandardGSGP,5e6b34d7-ad2f-11ef-a4e2-e4a8dfc2a9a8,concrete_slump,0,71,0.24264949560165405,0.05652880668640137,39156.0,0.28998780250549316,297,1
StandardGSGP,5e6b34d7-ad2f-11ef-a4e2-e4a8dfc2a9a8,concrete_slump,0,72,0.24264949560165405,0.06503009796142578,38714.0,0.28998780250549316,297,1
StandardGSGP,5e6b34d7-ad2f-11ef-a4e2-e4a8dfc2a9a8,concrete_slump,0,73,0.2422986477613449,0.05390620231628418,38920.0,0.28937867283821106,305,1
StandardGSGP,5e6b34d7-ad2f-11ef-a4e2-e4a8dfc2a9a8,concrete_slump,0,74,0.24084651470184326,0.05923271179199219,38738.0,0.29003646969795227,305,1
StandardGSGP,5e6b34d7-ad2f-11ef-a4e2-e4a8dfc2a9a8,concrete_slump,0,75,0.24063889682292938,0.058507442474365234,38086.0,0.28749993443489075,381,1
StandardGSGP,5e6b34d7-ad2f-11ef-a4e2-e4a8dfc2a9a8,concrete_slump,0,76,0.24063889682292938,0.055849552154541016,38304.0,0.28749993443489075,381,1
StandardGSGP,5e6b34d7-ad2f-11ef-a4e2-e4a8dfc2a9a8,concrete_slump,0,77,0.24063889682292938,0.05800437927246094,37886.0,0.28749993443489075,381,1
StandardGSGP,5e6b34d7-ad2f-11ef-a4e2-e4a8dfc2a9a8,concrete_slump,0,78,0.24063889682292938,0.05951428413391113,38818.0,0.28749993443489075,381,1
StandardGSGP,5e6b34d7-ad2f-11ef-a4e2-e4a8dfc2a9a8,concrete_slump,0,79,0.24063889682292938,0.058998823165893555,39346.0,0.28749993443489075,381,1
StandardGSGP,5e6b34d7-ad2f-11ef-a4e2-e4a8dfc2a9a8,concrete_slump,0,80,0.24063889682292938,0.05850553512573242,40194.0,0.28749993443489075,381,1
StandardGSGP,5e6b34d7-ad2f-11ef-a4e2-e4a8dfc2a9a8,concrete_slump,0,81,0.24040521681308746,0.07271409034729004,41388.0,0.28364232182502747,391,1
StandardGSGP,5e6b34d7-ad2f-11ef-a4e2-e4a8dfc2a9a8,concrete_slump,0,82,0.24040521681308746,0.06411218643188477,41996.0,0.28364232182502747,391,1
StandardGSGP,5e6b34d7-ad2f-11ef-a4e2-e4a8dfc2a9a8,concrete_slump,0,83,0.24040521681308746,0.06751251220703125,43272.0,0.28364232182502747,391,1
StandardGSGP,5e6b34d7-ad2f-11ef-a4e2-e4a8dfc2a9a8,concrete_slump,0,84,0.24040521681308746,0.06299757957458496,43962.0,0.28364232182502747,391,1
StandardGSGP,5e6b34d7-ad2f-11ef-a4e2-e4a8dfc2a9a8,concrete_slump,0,85,0.23973752558231354,0.05650615692138672,44800.0,0.281574547290802,397,1
StandardGSGP,5e6b34d7-ad2f-11ef-a4e2-e4a8dfc2a9a8,concrete_slump,0,86,0.23973752558231354,0.06335878372192383,45370.0,0.281574547290802,397,1
StandardGSGP,5e6b34d7-ad2f-11ef-a4e2-e4a8dfc2a9a8,concrete_slump,0,87,0.23973752558231354,0.05727887153625488,46160.0,0.281574547290802,397,1
StandardGSGP,5e6b34d7-ad2f-11ef-a4e2-e4a8dfc2a9a8,concrete_slump,0,88,0.23821261525154114,0.05873680114746094,46404.0,0.28124624490737915,415,1
StandardGSGP,5e6b34d7-ad2f-11ef-a4e2-e4a8dfc2a9a8,concrete_slump,0,89,0.23821261525154114,0.06052255630493164,47882.0,0.28124624490737915,415,1
StandardGSGP,5e6b34d7-ad2f-11ef-a4e2-e4a8dfc2a9a8,concrete_slump,0,90,0.23821261525154114,0.07100510597229004,48206.0,0.28124624490737915,415,1
StandardGSGP,5e6b34d7-ad2f-11ef-a4e2-e4a8dfc2a9a8,concrete_slump,0,91,0.23821261525154114,0.06050467491149902,49158.0,0.28124624490737915,415,1
StandardGSGP,5e6b34d7-ad2f-11ef-a4e2-e4a8dfc2a9a8,concrete_slump,0,92,0.23821261525154114,0.05921745300292969,49672.0,0.28124624490737915,415,1
StandardGSGP,5e6b34d7-ad2f-11ef-a4e2-e4a8dfc2a9a8,concrete_slump,0,93,0.23821261525154114,0.05815887451171875,49558.0,0.28124624490737915,415,1
StandardGSGP,5e6b34d7-ad2f-11ef-a4e2-e4a8dfc2a9a8,concrete_slump,0,94,0.23738710582256317,0.06602716445922852,49738.0,0.2812378704547882,423,1
StandardGSGP,5e6b34d7-ad2f-11ef-a4e2-e4a8dfc2a9a8,concrete_slump,0,95,0.23735183477401733,0.055615901947021484,50046.0,0.28157588839530945,429,1
StandardGSGP,5e6b34d7-ad2f-11ef-a4e2-e4a8dfc2a9a8,concrete_slump,0,96,0.23735183477401733,0.06350827217102051,50022.0,0.28157588839530945,429,1
StandardGSGP,5e6b34d7-ad2f-11ef-a4e2-e4a8dfc2a9a8,concrete_slump,0,97,0.23735183477401733,0.06051039695739746,50696.0,0.28157588839530945,429,1
StandardGSGP,5e6b34d7-ad2f-11ef-a4e2-e4a8dfc2a9a8,concrete_slump,0,98,0.23735183477401733,0.05971336364746094,51528.0,0.28157588839530945,429,1
StandardGSGP,5e6b34d7-ad2f-11ef-a4e2-e4a8dfc2a9a8,concrete_slump,0,99,0.23735183477401733,0.05650973320007324,52602.0,0.28157588839530945,429,1
StandardGSGP,5e6b34d7-ad2f-11ef-a4e2-e4a8dfc2a9a8,concrete_slump,0,100,0.23735183477401733,0.05800771713256836,53572.0,0.28157588839530945,429,1
StandardGSGP,d236b343-ad2f-11ef-9c99-e4a8dfc2a9a8,concrete_slump,0,0,11.85873794555664,0.037516117095947266,868.0,9.986090660095215,3,1
StandardGSGP,d236b343-ad2f-11ef-9c99-e4a8dfc2a9a8,concrete_slump,0,1,11.85873794555664,0.056002140045166016,1634.0,9.986090660095215,3,1
StandardGSGP,d236b343-ad2f-11ef-9c99-e4a8dfc2a9a8,concrete_slump,0,2,11.75008487701416,0.057524681091308594,2524.0,10.136167526245117,13,1
StandardGSGP,d236b343-ad2f-11ef-9c99-e4a8dfc2a9a8,concrete_slump,0,3,11.75008487701416,0.058525800704956055,3074.0,10.136167526245117,13,1
StandardGSGP,d236b343-ad2f-11ef-9c99-e4a8dfc2a9a8,concrete_slump,0,4,11.625880241394043,0.05606889724731445,3746.0,10.163589477539062,33,1
StandardGSGP,d236b343-ad2f-11ef-9c99-e4a8dfc2a9a8,concrete_slump,0,5,11.625880241394043,0.05652189254760742,4106.0,10.163589477539062,33,1
StandardGSGP,d236b343-ad2f-11ef-9c99-e4a8dfc2a9a8,concrete_slump,0,6,11.585372924804688,0.05699968338012695,4746.0,10.283709526062012,61,1
StandardGSGP,d236b343-ad2f-11ef-9c99-e4a8dfc2a9a8,concrete_slump,0,7,11.562871932983398,0.05977129936218262,5838.0,10.30230712890625,67,1
StandardGSGP,d236b343-ad2f-11ef-9c99-e4a8dfc2a9a8,concrete_slump,0,8,11.492399215698242,0.05754518508911133,7022.0,10.229557991027832,73,1
StandardGSGP,d236b343-ad2f-11ef-9c99-e4a8dfc2a9a8,concrete_slump,0,9,11.492399215698242,0.06018805503845215,8260.0,10.229557991027832,73,1
StandardGSGP,d236b343-ad2f-11ef-9c99-e4a8dfc2a9a8,concrete_slump,0,10,11.487591743469238,0.05651497840881348,9378.0,10.201313018798828,93,1
StandardGSGP,d236b343-ad2f-11ef-9c99-e4a8dfc2a9a8,concrete_slump,0,11,11.485929489135742,0.057161569595336914,10066.0,10.331097602844238,85,1
StandardGSGP,d236b343-ad2f-11ef-9c99-e4a8dfc2a9a8,concrete_slump,0,12,11.417367935180664,0.05651068687438965,10666.0,10.195798873901367,101,1
StandardGSGP,d236b343-ad2f-11ef-9c99-e4a8dfc2a9a8,concrete_slump,0,13,11.40471076965332,0.05700373649597168,11238.0,10.22368049621582,111,1
StandardGSGP,d236b343-ad2f-11ef-9c99-e4a8dfc2a9a8,concrete_slump,0,14,11.379029273986816,0.060091495513916016,11832.0,10.126083374023438,119,1
StandardGSGP,d236b343-ad2f-11ef-9c99-e4a8dfc2a9a8,concrete_slump,0,15,11.350210189819336,0.05850863456726074,12894.0,10.350826263427734,127,1
StandardGSGP,d236b343-ad2f-11ef-9c99-e4a8dfc2a9a8,concrete_slump,0,16,11.346982955932617,0.05699920654296875,13596.0,10.352438926696777,135,1
StandardGSGP,d236b343-ad2f-11ef-9c99-e4a8dfc2a9a8,concrete_slump,0,17,11.297479629516602,0.06141781806945801,14452.0,10.175782203674316,145,1
StandardGSGP,d236b343-ad2f-11ef-9c99-e4a8dfc2a9a8,concrete_slump,0,18,11.240614891052246,0.05904078483581543,15410.0,10.311208724975586,165,1
StandardGSGP,d236b343-ad2f-11ef-9c99-e4a8dfc2a9a8,concrete_slump,0,19,11.240614891052246,0.06868624687194824,16208.0,10.311208724975586,165,1
StandardGSGP,d236b343-ad2f-11ef-9c99-e4a8dfc2a9a8,concrete_slump,0,20,11.159945487976074,0.06778573989868164,17046.0,10.258689880371094,173,1
StandardGSGP,d236b343-ad2f-11ef-9c99-e4a8dfc2a9a8,concrete_slump,0,21,11.154824256896973,0.062006235122680664,18434.0,10.201580047607422,181,1
StandardGSGP,d236b343-ad2f-11ef-9c99-e4a8dfc2a9a8,concrete_slump,0,22,11.089367866516113,0.06051158905029297,19548.0,10.168453216552734,203,1
StandardGSGP,d236b343-ad2f-11ef-9c99-e4a8dfc2a9a8,concrete_slump,0,23,11.08707332611084,0.05966496467590332,20428.0,10.244832992553711,215,1
StandardGSGP,d236b343-ad2f-11ef-9c99-e4a8dfc2a9a8,concrete_slump,0,24,11.065908432006836,0.05699872970581055,21136.0,10.106037139892578,219,1
StandardGSGP,d236b343-ad2f-11ef-9c99-e4a8dfc2a9a8,concrete_slump,0,25,11.065908432006836,0.05750775337219238,22106.0,10.106037139892578,219,1
StandardGSGP,d236b343-ad2f-11ef-9c99-e4a8dfc2a9a8,concrete_slump,0,26,11.064695358276367,0.05724072456359863,23252.0,10.22470760345459,227,1
StandardGSGP,d236b343-ad2f-11ef-9c99-e4a8dfc2a9a8,concrete_slump,0,27,10.909042358398438,0.06651043891906738,24350.0,10.268121719360352,237,1
StandardGSGP,d236b343-ad2f-11ef-9c99-e4a8dfc2a9a8,concrete_slump,0,28,10.909042358398438,0.056509971618652344,25294.0,10.268121719360352,237,1
StandardGSGP,d236b343-ad2f-11ef-9c99-e4a8dfc2a9a8,concrete_slump,0,29,10.909042358398438,0.06193709373474121,26078.0,10.268121719360352,237,1
StandardGSGP,d236b343-ad2f-11ef-9c99-e4a8dfc2a9a8,concrete_slump,0,30,10.903099060058594,0.05686020851135254,26526.0,10.258293151855469,253,1
StandardGSGP,d236b343-ad2f-11ef-9c99-e4a8dfc2a9a8,concrete_slump,0,31,10.884763717651367,0.05451059341430664,27174.0,10.181306838989258,263,1
StandardGSGP,d236b343-ad2f-11ef-9c99-e4a8dfc2a9a8,concrete_slump,0,32,10.873185157775879,0.06128740310668945,27798.0,10.180275917053223,285,1
StandardGSGP,d236b343-ad2f-11ef-9c99-e4a8dfc2a9a8,concrete_slump,0,33,10.841533660888672,0.06475663185119629,28460.0,10.002218246459961,267,1
StandardGSGP,d236b343-ad2f-11ef-9c99-e4a8dfc2a9a8,concrete_slump,0,34,10.831061363220215,0.058000802993774414,29282.0,10.206986427307129,293,1
StandardGSGP,d236b343-ad2f-11ef-9c99-e4a8dfc2a9a8,concrete_slump,0,35,10.721444129943848,0.06151127815246582,30222.0,10.10546875,295,1
StandardGSGP,d236b343-ad2f-11ef-9c99-e4a8dfc2a9a8,concrete_slump,0,36,10.709038734436035,0.0595097541809082,31172.0,10.05370807647705,301,1
StandardGSGP,d236b343-ad2f-11ef-9c99-e4a8dfc2a9a8,concrete_slump,0,37,10.68669605255127,0.055999040603637695,32026.0,9.974533081054688,309,1
StandardGSGP,d236b343-ad2f-11ef-9c99-e4a8dfc2a9a8,concrete_slump,0,38,10.644111633300781,0.06351017951965332,32924.0,9.760392189025879,323,1
StandardGSGP,d236b343-ad2f-11ef-9c99-e4a8dfc2a9a8,concrete_slump,0,39,10.644111633300781,0.05694746971130371,33364.0,9.760392189025879,323,1
StandardGSGP,d236b343-ad2f-11ef-9c99-e4a8dfc2a9a8,concrete_slump,0,40,10.614553451538086,0.0604863166809082,33630.0,9.779409408569336,333,1
StandardGSGP,d236b343-ad2f-11ef-9c99-e4a8dfc2a9a8,concrete_slump,0,41,10.553186416625977,0.05868887901306152,34446.0,9.829788208007812,341,1
StandardGSGP,d236b343-ad2f-11ef-9c99-e4a8dfc2a9a8,concrete_slump,0,42,10.552178382873535,0.059001922607421875,35516.0,9.943167686462402,351,1
StandardGSGP,d236b343-ad2f-11ef-9c99-e4a8dfc2a9a8,concrete_slump,0,43,10.544649124145508,0.059565067291259766,36104.0,9.725330352783203,349,1
StandardGSGP,d236b343-ad2f-11ef-9c99-e4a8dfc2a9a8,concrete_slump,0,44,10.512974739074707,0.06333589553833008,36848.0,9.88192081451416,375,1
StandardGSGP,d236b343-ad2f-11ef-9c99-e4a8dfc2a9a8,concrete_slump,0,45,10.453442573547363,0.056999921798706055,37586.0,9.876982688903809,367,1
StandardGSGP,d236b343-ad2f-11ef-9c99-e4a8dfc2a9a8,concrete_slump,0,46,10.452837944030762,0.06596136093139648,38520.0,9.869025230407715,381,1
StandardGSGP,d236b343-ad2f-11ef-9c99-e4a8dfc2a9a8,concrete_slump,0,47,10.43156909942627,0.06391787528991699,39280.0,9.791229248046875,377,1
StandardGSGP,d236b343-ad2f-11ef-9c99-e4a8dfc2a9a8,concrete_slump,0,48,10.417885780334473,0.06006956100463867,40276.0,9.8291597366333,387,1
StandardGSGP,d236b343-ad2f-11ef-9c99-e4a8dfc2a9a8,concrete_slump,0,49,10.390560150146484,0.06266546249389648,40774.0,9.708619117736816,393,1
StandardGSGP,d236b343-ad2f-11ef-9c99-e4a8dfc2a9a8,concrete_slump,0,50,10.390560150146484,0.06132078170776367,41130.0,9.708619117736816,393,1
StandardGSGP,d236b343-ad2f-11ef-9c99-e4a8dfc2a9a8,concrete_slump,0,51,10.349478721618652,0.06116819381713867,41652.0,9.820188522338867,423,1
StandardGSGP,d236b343-ad2f-11ef-9c99-e4a8dfc2a9a8,concrete_slump,0,52,10.345327377319336,0.13251161575317383,42242.0,9.871410369873047,433,1
StandardGSGP,d236b343-ad2f-11ef-9c99-e4a8dfc2a9a8,concrete_slump,0,53,10.33064079284668,0.05985069274902344,43192.0,9.748764038085938,425,1
StandardGSGP,d236b343-ad2f-11ef-9c99-e4a8dfc2a9a8,concrete_slump,0,54,10.31685733795166,0.06439900398254395,44316.0,9.724778175354004,435,1
StandardGSGP,d236b343-ad2f-11ef-9c99-e4a8dfc2a9a8,concrete_slump,0,55,10.312766075134277,0.05455493927001953,45404.0,9.723909378051758,461,1
StandardGSGP,d236b343-ad2f-11ef-9c99-e4a8dfc2a9a8,concrete_slump,0,56,10.261907577514648,0.056020259857177734,46038.0,9.897649765014648,479,1
StandardGSGP,d236b343-ad2f-11ef-9c99-e4a8dfc2a9a8,concrete_slump,0,57,10.259169578552246,0.05795598030090332,46688.0,9.887219429016113,485,1
StandardGSGP,d236b343-ad2f-11ef-9c99-e4a8dfc2a9a8,concrete_slump,0,58,10.131342887878418,0.05754828453063965,48032.0,9.854399681091309,501,1
StandardGSGP,d236b343-ad2f-11ef-9c99-e4a8dfc2a9a8,concrete_slump,0,59,10.130027770996094,0.059903621673583984,49876.0,9.879586219787598,513,1
StandardGSGP,d236b343-ad2f-11ef-9c99-e4a8dfc2a9a8,concrete_slump,0,60,10.12708854675293,0.06100058555603027,51142.0,9.802045822143555,513,1
StandardGSGP,d236b343-ad2f-11ef-9c99-e4a8dfc2a9a8,concrete_slump,0,61,10.125184059143066,0.06037712097167969,52228.0,9.795726776123047,525,1
StandardGSGP,d236b343-ad2f-11ef-9c99-e4a8dfc2a9a8,concrete_slump,0,62,10.039649963378906,0.060003042221069336,52964.0,9.752222061157227,531,1
StandardGSGP,d236b343-ad2f-11ef-9c99-e4a8dfc2a9a8,concrete_slump,0,63,10.038492202758789,0.06650352478027344,53996.0,9.732630729675293,537,1
StandardGSGP,d236b343-ad2f-11ef-9c99-e4a8dfc2a9a8,concrete_slump,0,64,10.020771026611328,0.05851316452026367,55044.0,9.704994201660156,549,1
StandardGSGP,d236b343-ad2f-11ef-9c99-e4a8dfc2a9a8,concrete_slump,0,65,10.019185066223145,0.057149410247802734,56128.0,9.646875381469727,565,1
StandardGSGP,d236b343-ad2f-11ef-9c99-e4a8dfc2a9a8,concrete_slump,0,66,10.008685111999512,0.06014561653137207,56972.0,9.680326461791992,571,1
StandardGSGP,d236b343-ad2f-11ef-9c99-e4a8dfc2a9a8,concrete_slump,0,67,9.98905086517334,0.05651378631591797,57738.0,9.65600872039795,581,1
StandardGSGP,d236b343-ad2f-11ef-9c99-e4a8dfc2a9a8,concrete_slump,0,68,9.986761093139648,0.059628963470458984,58548.0,9.6524076461792,593,1
StandardGSGP,d236b343-ad2f-11ef-9c99-e4a8dfc2a9a8,concrete_slump,0,69,9.982407569885254,0.06347393989562988,59412.0,9.623820304870605,601,1
StandardGSGP,d236b343-ad2f-11ef-9c99-e4a8dfc2a9a8,concrete_slump,0,70,9.972484588623047,0.06058764457702637,60416.0,9.550397872924805,617,1
StandardGSGP,d236b343-ad2f-11ef-9c99-e4a8dfc2a9a8,concrete_slump,0,71,9.964545249938965,0.0595090389251709,61484.0,9.562301635742188,621,1
StandardGSGP,d236b343-ad2f-11ef-9c99-e4a8dfc2a9a8,concrete_slump,0,72,9.951531410217285,0.061517953872680664,62548.0,9.57424259185791,633,1
StandardGSGP,d236b343-ad2f-11ef-9c99-e4a8dfc2a9a8,concrete_slump,0,73,9.944841384887695,0.05699872970581055,63516.0,9.532614707946777,617,1
StandardGSGP,d236b343-ad2f-11ef-9c99-e4a8dfc2a9a8,concrete_slump,0,74,9.912710189819336,0.05650973320007324,64368.0,9.43332290649414,649,1
StandardGSGP,d236b343-ad2f-11ef-9c99-e4a8dfc2a9a8,concrete_slump,0,75,9.903321266174316,0.05999946594238281,65114.0,9.494063377380371,671,1
StandardGSGP,d236b343-ad2f-11ef-9c99-e4a8dfc2a9a8,concrete_slump,0,76,9.859564781188965,0.059111833572387695,66278.0,9.571739196777344,667,1
StandardGSGP,d236b343-ad2f-11ef-9c99-e4a8dfc2a9a8,concrete_slump,0,77,9.856144905090332,0.0591588020324707,67430.0,9.552996635437012,673,1
StandardGSGP,d236b343-ad2f-11ef-9c99-e4a8dfc2a9a8,concrete_slump,0,78,9.845210075378418,0.058998823165893555,68796.0,9.590139389038086,691,1
StandardGSGP,d236b343-ad2f-11ef-9c99-e4a8dfc2a9a8,concrete_slump,0,79,9.828908920288086,0.05651140213012695,69606.0,9.606593132019043,691,1
StandardGSGP,d236b343-ad2f-11ef-9c99-e4a8dfc2a9a8,concrete_slump,0,80,9.810171127319336,0.05626344680786133,70324.0,9.489996910095215,695,1
StandardGSGP,d236b343-ad2f-11ef-9c99-e4a8dfc2a9a8,concrete_slump,0,81,9.79239273071289,0.05650615692138672,71020.0,9.4573335647583,703,1
StandardGSGP,d236b343-ad2f-11ef-9c99-e4a8dfc2a9a8,concrete_slump,0,82,9.701303482055664,0.05538463592529297,72062.0,9.306791305541992,747,1
StandardGSGP,d236b343-ad2f-11ef-9c99-e4a8dfc2a9a8,concrete_slump,0,83,9.701303482055664,0.05399966239929199,72890.0,9.306791305541992,747,1
StandardGSGP,d236b343-ad2f-11ef-9c99-e4a8dfc2a9a8,concrete_slump,0,84,9.669103622436523,0.05866742134094238,73932.0,9.329194068908691,769,1
StandardGSGP,d236b343-ad2f-11ef-9c99-e4a8dfc2a9a8,concrete_slump,0,85,9.669103622436523,0.058440446853637695,75014.0,9.329194068908691,769,1
StandardGSGP,d236b343-ad2f-11ef-9c99-e4a8dfc2a9a8,concrete_slump,0,86,9.660181999206543,0.06151604652404785,77182.0,9.408778190612793,791,1
StandardGSGP,d236b343-ad2f-11ef-9c99-e4a8dfc2a9a8,concrete_slump,0,87,9.65473747253418,0.06551337242126465,79046.0,9.34721565246582,785,1
StandardGSGP,d236b343-ad2f-11ef-9c99-e4a8dfc2a9a8,concrete_slump,0,88,9.623330116271973,0.05666327476501465,80288.0,9.373306274414062,809,1
StandardGSGP,d236b343-ad2f-11ef-9c99-e4a8dfc2a9a8,concrete_slump,0,89,9.616761207580566,0.0595097541809082,81208.0,9.22315502166748,813,1
StandardGSGP,d236b343-ad2f-11ef-9c99-e4a8dfc2a9a8,concrete_slump,0,90,9.604347229003906,0.06439614295959473,82358.0,9.399404525756836,827,1
StandardGSGP,d236b343-ad2f-11ef-9c99-e4a8dfc2a9a8,concrete_slump,0,91,9.58934497833252,0.05650687217712402,83472.0,9.231463432312012,841,1
StandardGSGP,d236b343-ad2f-11ef-9c99-e4a8dfc2a9a8,concrete_slump,0,92,9.58934497833252,0.05569052696228027,84316.0,9.231463432312012,841,1
StandardGSGP,d236b343-ad2f-11ef-9c99-e4a8dfc2a9a8,concrete_slump,0,93,9.572795867919922,0.05669403076171875,85304.0,9.146218299865723,851,1
StandardGSGP,d236b343-ad2f-11ef-9c99-e4a8dfc2a9a8,concrete_slump,0,94,9.563075065612793,0.06578969955444336,86086.0,9.163421630859375,861,1
StandardGSGP,d236b343-ad2f-11ef-9c99-e4a8dfc2a9a8,concrete_slump,0,95,9.526455879211426,0.05700254440307617,87110.0,9.548443794250488,879,1
StandardGSGP,d236b343-ad2f-11ef-9c99-e4a8dfc2a9a8,concrete_slump,0,96,9.505783081054688,0.06150674819946289,88072.0,9.578009605407715,889,1
StandardGSGP,d236b343-ad2f-11ef-9c99-e4a8dfc2a9a8,concrete_slump,0,97,9.505783081054688,0.05832314491271973,89270.0,9.578009605407715,889,1
StandardGSGP,d236b343-ad2f-11ef-9c99-e4a8dfc2a9a8,concrete_slump,0,98,9.50002384185791,0.058597564697265625,90108.0,9.498200416564941,907,1
StandardGSGP,d236b343-ad2f-11ef-9c99-e4a8dfc2a9a8,concrete_slump,0,99,9.489572525024414,0.055634498596191406,90858.0,9.605148315429688,921,1
StandardGSGP,d236b343-ad2f-11ef-9c99-e4a8dfc2a9a8,concrete_slump,0,100,9.428938865661621,0.05620098114013672,91736.0,9.367255210876465,937,1
