StandardGP,069cb744-adb2-11ef-8c4b-e4a8dfc2a9a8,istanbul,17,0,0.14929813146591187,0.025075912475585938,888.0,0.1372271329164505,5,1
StandardGP,069cb744-adb2-11ef-8c4b-e4a8dfc2a9a8,istanbul,17,1,0.11967253684997559,0.01911449432373047,734.0,0.12495026737451553,5,1
StandardGP,069cb744-adb2-11ef-8c4b-e4a8dfc2a9a8,istanbul,17,2,0.0940907895565033,0.019649028778076172,710.0,0.1049150750041008,5,1
StandardGP,069cb744-adb2-11ef-8c4b-e4a8dfc2a9a8,istanbul,17,3,0.09250575304031372,0.02218008041381836,966.0,0.08951599150896072,5,1
StandardGP,069cb744-adb2-11ef-8c4b-e4a8dfc2a9a8,istanbul,17,4,0.09250575304031372,0.023895740509033203,1074.0,0.08951599150896072,5,1
StandardGP,069cb744-adb2-11ef-8c4b-e4a8dfc2a9a8,istanbul,17,5,0.09230004251003265,0.026569843292236328,1358.0,0.08951599150896072,5,1
StandardGP,069cb744-adb2-11ef-8c4b-e4a8dfc2a9a8,istanbul,17,6,0.09230004251003265,0.028347492218017578,1364.0,0.08951599150896072,5,1
StandardGP,069cb744-adb2-11ef-8c4b-e4a8dfc2a9a8,istanbul,17,7,0.09230004251003265,0.031017541885375977,1662.0,0.08951599150896072,5,1
StandardGP,069cb744-adb2-11ef-8c4b-e4a8dfc2a9a8,istanbul,17,8,0.09230004251003265,0.037729740142822266,2146.0,0.08951599150896072,5,1
StandardGP,069cb744-adb2-11ef-8c4b-e4a8dfc2a9a8,istanbul,17,9,0.09230004251003265,0.0443875789642334,2528.0,0.08951599150896072,5,1
StandardGP,069cb744-adb2-11ef-8c4b-e4a8dfc2a9a8,istanbul,17,10,0.09230004251003265,0.0539090633392334,3140.0,0.08951599150896072,5,1
StandardGP,069cb744-adb2-11ef-8c4b-e4a8dfc2a9a8,istanbul,17,11,0.09230004251003265,0.06527113914489746,3876.0,0.08951599150896072,5,1
StandardGP,069cb744-adb2-11ef-8c4b-e4a8dfc2a9a8,istanbul,17,12,0.09230004251003265,0.0781867504119873,4996.0,0.08951599150896072,5,1
StandardGP,069cb744-adb2-11ef-8c4b-e4a8dfc2a9a8,istanbul,17,13,0.09230004251003265,0.10967111587524414,6976.0,0.08951599150896072,5,1
StandardGP,069cb744-adb2-11ef-8c4b-e4a8dfc2a9a8,istanbul,17,14,0.09230004251003265,0.07814288139343262,4528.0,0.08951599150896072,5,1
StandardGP,069cb744-adb2-11ef-8c4b-e4a8dfc2a9a8,istanbul,17,15,0.09230004251003265,0.08375215530395508,5140.0,0.08951599150896072,5,1
StandardGP,069cb744-adb2-11ef-8c4b-e4a8dfc2a9a8,istanbul,17,16,0.09230004251003265,0.09218525886535645,5012.0,0.08951599150896072,5,1
StandardGP,069cb744-adb2-11ef-8c4b-e4a8dfc2a9a8,istanbul,17,17,0.09230004251003265,0.10655808448791504,5910.0,0.08951599150896072,5,1
StandardGP,069cb744-adb2-11ef-8c4b-e4a8dfc2a9a8,istanbul,17,18,0.09230004251003265,0.0968327522277832,5904.0,0.08951599150896072,5,1
StandardGP,069cb744-adb2-11ef-8c4b-e4a8dfc2a9a8,istanbul,17,19,0.09230004251003265,0.09517335891723633,5942.0,0.08951599150896072,5,1
StandardGP,069cb744-adb2-11ef-8c4b-e4a8dfc2a9a8,istanbul,17,20,0.09230004251003265,0.11342191696166992,7180.0,0.08951599150896072,5,1
StandardGP,069cb744-adb2-11ef-8c4b-e4a8dfc2a9a8,istanbul,17,21,0.09230004251003265,0.15137863159179688,8954.0,0.08951599150896072,5,1
StandardGP,069cb744-adb2-11ef-8c4b-e4a8dfc2a9a8,istanbul,17,22,0.09230004251003265,0.1889512538909912,12360.0,0.08951599150896072,5,1
StandardGP,069cb744-adb2-11ef-8c4b-e4a8dfc2a9a8,istanbul,17,23,0.09230004251003265,0.19018840789794922,12254.0,0.08951599150896072,5,1
StandardGP,069cb744-adb2-11ef-8c4b-e4a8dfc2a9a8,istanbul,17,24,0.09230004251003265,0.23142457008361816,14190.0,0.08951599150896072,5,1
StandardGP,069cb744-adb2-11ef-8c4b-e4a8dfc2a9a8,istanbul,17,25,0.09230004251003265,0.25249385833740234,14842.0,0.08951599150896072,5,1
StandardGP,069cb744-adb2-11ef-8c4b-e4a8dfc2a9a8,istanbul,17,26,0.09189946204423904,0.20112180709838867,12866.0,0.08951599150896072,425,1
StandardGP,069cb744-adb2-11ef-8c4b-e4a8dfc2a9a8,istanbul,17,27,0.09158973395824432,0.2732551097869873,16776.0,0.08951599150896072,569,1
StandardGP,069cb744-adb2-11ef-8c4b-e4a8dfc2a9a8,istanbul,17,28,0.09158973395824432,0.32152342796325684,19068.0,0.08951599150896072,569,1
StandardGP,069cb744-adb2-11ef-8c4b-e4a8dfc2a9a8,istanbul,17,29,0.09158973395824432,0.36701297760009766,23662.0,0.08951599150896072,569,1
StandardGP,069cb744-adb2-11ef-8c4b-e4a8dfc2a9a8,istanbul,17,30,0.09158973395824432,0.4465336799621582,29148.0,0.08951599150896072,569,1
StandardGP,069cb744-adb2-11ef-8c4b-e4a8dfc2a9a8,istanbul,17,31,0.09158973395824432,0.43808746337890625,27388.0,0.08951599150896072,569,1
StandardGP,069cb744-adb2-11ef-8c4b-e4a8dfc2a9a8,istanbul,17,32,0.09158972650766373,0.4022948741912842,26232.0,0.08951599150896072,617,1
StandardGP,069cb744-adb2-11ef-8c4b-e4a8dfc2a9a8,istanbul,17,33,0.09158972650766373,0.41739726066589355,25968.0,0.08951599150896072,617,1
StandardGP,069cb744-adb2-11ef-8c4b-e4a8dfc2a9a8,istanbul,17,34,0.09158972650766373,0.5459423065185547,28024.0,0.08951599150896072,617,1
StandardGP,069cb744-adb2-11ef-8c4b-e4a8dfc2a9a8,istanbul,17,35,0.09158972650766373,0.39801478385925293,26200.0,0.08951599150896072,617,1
StandardGP,069cb744-adb2-11ef-8c4b-e4a8dfc2a9a8,istanbul,17,36,0.09158972650766373,0.4214358329772949,28854.0,0.08951599150896072,617,1
StandardGP,069cb744-adb2-11ef-8c4b-e4a8dfc2a9a8,istanbul,17,37,0.09158972650766373,0.4573237895965576,31892.0,0.08951599150896072,617,1
StandardGP,069cb744-adb2-11ef-8c4b-e4a8dfc2a9a8,istanbul,17,38,0.09158972650766373,0.36013364791870117,24470.0,0.08951599150896072,617,1
StandardGP,069cb744-adb2-11ef-8c4b-e4a8dfc2a9a8,istanbul,17,39,0.09158972650766373,0.5002598762512207,30928.0,0.08951599150896072,617,1
StandardGP,069cb744-adb2-11ef-8c4b-e4a8dfc2a9a8,istanbul,17,40,0.09158972650766373,0.46396446228027344,29294.0,0.08951599150896072,617,1
StandardGP,069cb744-adb2-11ef-8c4b-e4a8dfc2a9a8,istanbul,17,41,0.09158972650766373,0.38343286514282227,25134.0,0.08951599150896072,617,1
StandardGP,069cb744-adb2-11ef-8c4b-e4a8dfc2a9a8,istanbul,17,42,0.09158972650766373,0.4609549045562744,29210.0,0.08951599150896072,617,1
StandardGP,069cb744-adb2-11ef-8c4b-e4a8dfc2a9a8,istanbul,17,43,0.09158972650766373,0.4693150520324707,31072.0,0.08951599150896072,617,1
StandardGP,069cb744-adb2-11ef-8c4b-e4a8dfc2a9a8,istanbul,17,44,0.09158972650766373,0.44239258766174316,28138.0,0.08951599150896072,617,1
StandardGP,069cb744-adb2-11ef-8c4b-e4a8dfc2a9a8,istanbul,17,45,0.09158972650766373,0.5769357681274414,35768.0,0.08951599150896072,617,1
StandardGP,069cb744-adb2-11ef-8c4b-e4a8dfc2a9a8,istanbul,17,46,0.09158972650766373,0.4346604347229004,29282.0,0.08951599150896072,617,1
StandardGP,069cb744-adb2-11ef-8c4b-e4a8dfc2a9a8,istanbul,17,47,0.09158972650766373,0.5878050327301025,32708.0,0.08951599150896072,617,1
StandardGP,069cb744-adb2-11ef-8c4b-e4a8dfc2a9a8,istanbul,17,48,0.09158972650766373,0.45528483390808105,30942.0,0.08951599150896072,617,1
StandardGP,069cb744-adb2-11ef-8c4b-e4a8dfc2a9a8,istanbul,17,49,0.09158972650766373,0.4996302127838135,30920.0,0.08951599150896072,617,1
StandardGP,069cb744-adb2-11ef-8c4b-e4a8dfc2a9a8,istanbul,17,50,0.09158972650766373,0.565800666809082,32380.0,0.08951599150896072,617,1
StandardGP,069cb744-adb2-11ef-8c4b-e4a8dfc2a9a8,istanbul,17,51,0.09158972650766373,0.5395395755767822,35142.0,0.08951599150896072,617,1
StandardGP,069cb744-adb2-11ef-8c4b-e4a8dfc2a9a8,istanbul,17,52,0.09158972650766373,0.6055283546447754,35052.0,0.08951599150896072,617,1
StandardGP,069cb744-adb2-11ef-8c4b-e4a8dfc2a9a8,istanbul,17,53,0.09158972650766373,0.566871166229248,34370.0,0.08951599150896072,617,1
StandardGP,069cb744-adb2-11ef-8c4b-e4a8dfc2a9a8,istanbul,17,54,0.09158972650766373,0.6443793773651123,33628.0,0.08951599150896072,617,1
StandardGP,069cb744-adb2-11ef-8c4b-e4a8dfc2a9a8,istanbul,17,55,0.09158972650766373,0.6103484630584717,33014.0,0.08951599150896072,617,1
StandardGP,069cb744-adb2-11ef-8c4b-e4a8dfc2a9a8,istanbul,17,56,0.09158972650766373,0.5448665618896484,33240.0,0.08951599150896072,617,1
StandardGP,069cb744-adb2-11ef-8c4b-e4a8dfc2a9a8,istanbul,17,57,0.09158972650766373,0.5705909729003906,35490.0,0.08951599150896072,617,1
StandardGP,069cb744-adb2-11ef-8c4b-e4a8dfc2a9a8,istanbul,17,58,0.09158972650766373,0.8138141632080078,37342.0,0.08951599150896072,617,1
StandardGP,069cb744-adb2-11ef-8c4b-e4a8dfc2a9a8,istanbul,17,59,0.09158972650766373,0.6701099872589111,38452.0,0.08951599150896072,617,1
StandardGP,069cb744-adb2-11ef-8c4b-e4a8dfc2a9a8,istanbul,17,60,0.09158972650766373,0.7410883903503418,43140.0,0.08951599150896072,617,1
StandardGP,069cb744-adb2-11ef-8c4b-e4a8dfc2a9a8,istanbul,17,61,0.09158972650766373,0.6389877796173096,39926.0,0.08951599150896072,617,1
StandardGP,069cb744-adb2-11ef-8c4b-e4a8dfc2a9a8,istanbul,17,62,0.09158972650766373,0.6325504779815674,39258.0,0.08951599150896072,617,1
StandardGP,069cb744-adb2-11ef-8c4b-e4a8dfc2a9a8,istanbul,17,63,0.09158972650766373,0.7874555587768555,44884.0,0.08951599150896072,617,1
StandardGP,069cb744-adb2-11ef-8c4b-e4a8dfc2a9a8,istanbul,17,64,0.09158972650766373,0.6905066967010498,43954.0,0.08951599150896072,617,1
StandardGP,069cb744-adb2-11ef-8c4b-e4a8dfc2a9a8,istanbul,17,65,0.09158972650766373,0.7957301139831543,48946.0,0.08951599150896072,617,1
StandardGP,069cb744-adb2-11ef-8c4b-e4a8dfc2a9a8,istanbul,17,66,0.09158972650766373,0.6974740028381348,45688.0,0.08951599150896072,617,1
StandardGP,069cb744-adb2-11ef-8c4b-e4a8dfc2a9a8,istanbul,17,67,0.09158972650766373,0.8553411960601807,49212.0,0.08951599150896072,617,1
StandardGP,069cb744-adb2-11ef-8c4b-e4a8dfc2a9a8,istanbul,17,68,0.09158972650766373,0.8504571914672852,55452.0,0.08951599150896072,617,1
StandardGP,069cb744-adb2-11ef-8c4b-e4a8dfc2a9a8,istanbul,17,69,0.09158972650766373,0.8936131000518799,56278.0,0.08951599150896072,617,1
StandardGP,069cb744-adb2-11ef-8c4b-e4a8dfc2a9a8,istanbul,17,70,0.09158972650766373,0.880577802658081,57668.0,0.08951599150896072,617,1
StandardGP,069cb744-adb2-11ef-8c4b-e4a8dfc2a9a8,istanbul,17,71,0.09158972650766373,0.9064874649047852,57300.0,0.08951599150896072,617,1
StandardGP,069cb744-adb2-11ef-8c4b-e4a8dfc2a9a8,istanbul,17,72,0.09158972650766373,0.9907958507537842,58450.0,0.08951599150896072,617,1
StandardGP,069cb744-adb2-11ef-8c4b-e4a8dfc2a9a8,istanbul,17,73,0.09158972650766373,1.1610114574432373,66626.0,0.08951599150896072,617,1
StandardGP,069cb744-adb2-11ef-8c4b-e4a8dfc2a9a8,istanbul,17,74,0.09158972650766373,1.1683509349822998,73012.0,0.08951599150896072,617,1
StandardGP,069cb744-adb2-11ef-8c4b-e4a8dfc2a9a8,istanbul,17,75,0.09158972650766373,1.224531888961792,73576.0,0.08951599150896072,617,1
StandardGP,069cb744-adb2-11ef-8c4b-e4a8dfc2a9a8,istanbul,17,76,0.09158972650766373,1.3810112476348877,73960.0,0.08951599150896072,617,1
StandardGP,069cb744-adb2-11ef-8c4b-e4a8dfc2a9a8,istanbul,17,77,0.09158972650766373,1.3377914428710938,78146.0,0.08951599150896072,617,1
StandardGP,069cb744-adb2-11ef-8c4b-e4a8dfc2a9a8,istanbul,17,78,0.09158972650766373,1.4525425434112549,80350.0,0.08951599150896072,617,1
StandardGP,069cb744-adb2-11ef-8c4b-e4a8dfc2a9a8,istanbul,17,79,0.09158972650766373,1.3154568672180176,80906.0,0.08951599150896072,617,1
StandardGP,069cb744-adb2-11ef-8c4b-e4a8dfc2a9a8,istanbul,17,80,0.09158972650766373,1.1933350563049316,73236.0,0.08951599150896072,617,1
StandardGP,069cb744-adb2-11ef-8c4b-e4a8dfc2a9a8,istanbul,17,81,0.09158972650766373,1.0366854667663574,68084.0,0.08951599150896072,617,1
StandardGP,069cb744-adb2-11ef-8c4b-e4a8dfc2a9a8,istanbul,17,82,0.09158972650766373,1.1563122272491455,70640.0,0.08951599150896072,617,1
StandardGP,069cb744-adb2-11ef-8c4b-e4a8dfc2a9a8,istanbul,17,83,0.09158972650766373,1.2810447216033936,69072.0,0.08951599150896072,617,1
StandardGP,069cb744-adb2-11ef-8c4b-e4a8dfc2a9a8,istanbul,17,84,0.09158972650766373,1.112678050994873,65216.0,0.08951599150896072,617,1
StandardGP,069cb744-adb2-11ef-8c4b-e4a8dfc2a9a8,istanbul,17,85,0.09158972650766373,1.2092363834381104,63690.0,0.08951599150896072,617,1
StandardGP,069cb744-adb2-11ef-8c4b-e4a8dfc2a9a8,istanbul,17,86,0.09158972650766373,1.0681092739105225,55312.0,0.08951599150896072,617,1
StandardGP,069cb744-adb2-11ef-8c4b-e4a8dfc2a9a8,istanbul,17,87,0.09158972650766373,0.9153480529785156,53572.0,0.08951599150896072,617,1
StandardGP,069cb744-adb2-11ef-8c4b-e4a8dfc2a9a8,istanbul,17,88,0.09158972650766373,0.8079891204833984,50278.0,0.08951599150896072,617,1
StandardGP,069cb744-adb2-11ef-8c4b-e4a8dfc2a9a8,istanbul,17,89,0.09158972650766373,0.9235174655914307,56750.0,0.08951599150896072,617,1
StandardGP,069cb744-adb2-11ef-8c4b-e4a8dfc2a9a8,istanbul,17,90,0.09158972650766373,0.9819645881652832,56728.0,0.08951599150896072,617,1
StandardGP,069cb744-adb2-11ef-8c4b-e4a8dfc2a9a8,istanbul,17,91,0.09158972650766373,0.8097078800201416,53244.0,0.08951599150896072,617,1
StandardGP,069cb744-adb2-11ef-8c4b-e4a8dfc2a9a8,istanbul,17,92,0.09158972650766373,0.8501019477844238,57910.0,0.08951599150896072,617,1
StandardGP,069cb744-adb2-11ef-8c4b-e4a8dfc2a9a8,istanbul,17,93,0.09158972650766373,0.9471521377563477,65670.0,0.08951599150896072,617,1
StandardGP,069cb744-adb2-11ef-8c4b-e4a8dfc2a9a8,istanbul,17,94,0.09158972650766373,1.0590529441833496,64584.0,0.08951599150896072,617,1
StandardGP,069cb744-adb2-11ef-8c4b-e4a8dfc2a9a8,istanbul,17,95,0.09158972650766373,0.9959945678710938,62806.0,0.08951599150896072,617,1
StandardGP,069cb744-adb2-11ef-8c4b-e4a8dfc2a9a8,istanbul,17,96,0.09158972650766373,1.071824550628662,63410.0,0.08951599150896072,617,1
StandardGP,069cb744-adb2-11ef-8c4b-e4a8dfc2a9a8,istanbul,17,97,0.09158972650766373,1.128800630569458,70406.0,0.08951599150896072,617,1
StandardGP,069cb744-adb2-11ef-8c4b-e4a8dfc2a9a8,istanbul,17,98,0.09158972650766373,1.0395970344543457,64864.0,0.08951599150896072,617,1
StandardGP,069cb744-adb2-11ef-8c4b-e4a8dfc2a9a8,istanbul,17,99,0.09158972650766373,0.9866464138031006,62020.0,0.08951599150896072,617,1
StandardGP,069cb744-adb2-11ef-8c4b-e4a8dfc2a9a8,istanbul,17,100,0.09158972650766373,1.1022074222564697,63784.0,0.08951599150896072,617,1
StandardGP,0b49039b-adb5-11ef-94f8-e4a8dfc2a9a8,istanbul,17,0,0.014894691295921803,0.05393099784851074,2210.0,0.01646505482494831,7,1
StandardGP,0b49039b-adb5-11ef-94f8-e4a8dfc2a9a8,istanbul,17,1,0.014894691295921803,0.025544404983520508,1288.0,0.01646505482494831,7,1
StandardGP,0b49039b-adb5-11ef-94f8-e4a8dfc2a9a8,istanbul,17,2,0.014894691295921803,0.021489858627319336,1064.0,0.01646505482494831,7,1
StandardGP,0b49039b-adb5-11ef-94f8-e4a8dfc2a9a8,istanbul,17,3,0.014894691295921803,0.02001214027404785,920.0,0.01646505482494831,7,1
StandardGP,0b49039b-adb5-11ef-94f8-e4a8dfc2a9a8,istanbul,17,4,0.014894691295921803,0.024212121963500977,1232.0,0.01646505482494831,7,1
StandardGP,0b49039b-adb5-11ef-94f8-e4a8dfc2a9a8,istanbul,17,5,0.014894691295921803,0.03131723403930664,1554.0,0.01646505482494831,7,1
StandardGP,0b49039b-adb5-11ef-94f8-e4a8dfc2a9a8,istanbul,17,6,0.014894691295921803,0.03111410140991211,1770.0,0.01646505482494831,7,1
StandardGP,0b49039b-adb5-11ef-94f8-e4a8dfc2a9a8,istanbul,17,7,0.014894691295921803,0.042667388916015625,2550.0,0.01646505482494831,7,1
StandardGP,0b49039b-adb5-11ef-94f8-e4a8dfc2a9a8,istanbul,17,8,0.01468200609087944,0.053876638412475586,3288.0,0.016222355887293816,55,1
StandardGP,0b49039b-adb5-11ef-94f8-e4a8dfc2a9a8,istanbul,17,9,0.01468200609087944,0.07051420211791992,4148.0,0.016222355887293816,55,1
StandardGP,0b49039b-adb5-11ef-94f8-e4a8dfc2a9a8,istanbul,17,10,0.01468200609087944,0.0896453857421875,5368.0,0.016222355887293816,55,1
StandardGP,0b49039b-adb5-11ef-94f8-e4a8dfc2a9a8,istanbul,17,11,0.01468200609087944,0.1133580207824707,7106.0,0.016222355887293816,55,1
StandardGP,0b49039b-adb5-11ef-94f8-e4a8dfc2a9a8,istanbul,17,12,0.01468200609087944,0.1130819320678711,6802.0,0.016222355887293816,55,1
StandardGP,0b49039b-adb5-11ef-94f8-e4a8dfc2a9a8,istanbul,17,13,0.01468200609087944,0.0881505012512207,5630.0,0.016222355887293816,55,1
StandardGP,0b49039b-adb5-11ef-94f8-e4a8dfc2a9a8,istanbul,17,14,0.01468200609087944,0.13213443756103516,8404.0,0.016222355887293816,55,1
StandardGP,0b49039b-adb5-11ef-94f8-e4a8dfc2a9a8,istanbul,17,15,0.01468200609087944,0.13859772682189941,8642.0,0.016222355887293816,55,1
StandardGP,0b49039b-adb5-11ef-94f8-e4a8dfc2a9a8,istanbul,17,16,0.01468200609087944,0.15807771682739258,9964.0,0.016222355887293816,55,1
StandardGP,0b49039b-adb5-11ef-94f8-e4a8dfc2a9a8,istanbul,17,17,0.01468200609087944,0.18254876136779785,11996.0,0.016222355887293816,55,1
StandardGP,0b49039b-adb5-11ef-94f8-e4a8dfc2a9a8,istanbul,17,18,0.01468200609087944,0.18028950691223145,10888.0,0.016222355887293816,55,1
StandardGP,0b49039b-adb5-11ef-94f8-e4a8dfc2a9a8,istanbul,17,19,0.014270756393671036,0.20537638664245605,12062.0,0.015643320977687836,369,1
StandardGP,0b49039b-adb5-11ef-94f8-e4a8dfc2a9a8,istanbul,17,20,0.014270756393671036,0.20334315299987793,13096.0,0.015643320977687836,369,1
StandardGP,0b49039b-adb5-11ef-94f8-e4a8dfc2a9a8,istanbul,17,21,0.014270756393671036,0.20397281646728516,13704.0,0.015643320977687836,369,1
StandardGP,0b49039b-adb5-11ef-94f8-e4a8dfc2a9a8,istanbul,17,22,0.014270756393671036,0.2057487964630127,12962.0,0.015643320977687836,369,1
StandardGP,0b49039b-adb5-11ef-94f8-e4a8dfc2a9a8,istanbul,17,23,0.014270756393671036,0.23576092720031738,14532.0,0.015643320977687836,369,1
StandardGP,0b49039b-adb5-11ef-94f8-e4a8dfc2a9a8,istanbul,17,24,0.014270756393671036,0.23096299171447754,13366.0,0.015643320977687836,369,1
StandardGP,0b49039b-adb5-11ef-94f8-e4a8dfc2a9a8,istanbul,17,25,0.014270756393671036,0.22602534294128418,14900.0,0.015643320977687836,369,1
StandardGP,0b49039b-adb5-11ef-94f8-e4a8dfc2a9a8,istanbul,17,26,0.014270756393671036,0.2085871696472168,13954.0,0.015643320977687836,369,1
StandardGP,0b49039b-adb5-11ef-94f8-e4a8dfc2a9a8,istanbul,17,27,0.014270756393671036,0.24123764038085938,13918.0,0.015643320977687836,369,1
StandardGP,0b49039b-adb5-11ef-94f8-e4a8dfc2a9a8,istanbul,17,28,0.014270756393671036,0.20051932334899902,13268.0,0.015643320977687836,369,1
StandardGP,0b49039b-adb5-11ef-94f8-e4a8dfc2a9a8,istanbul,17,29,0.014270756393671036,0.1872258186340332,12264.0,0.015643320977687836,369,1
StandardGP,0b49039b-adb5-11ef-94f8-e4a8dfc2a9a8,istanbul,17,30,0.014270756393671036,0.15757441520690918,10584.0,0.015643320977687836,369,1
StandardGP,0b49039b-adb5-11ef-94f8-e4a8dfc2a9a8,istanbul,17,31,0.014270756393671036,0.16049909591674805,10670.0,0.015643320977687836,369,1
StandardGP,0b49039b-adb5-11ef-94f8-e4a8dfc2a9a8,istanbul,17,32,0.014270756393671036,0.18720483779907227,11504.0,0.015643320977687836,369,1
StandardGP,0b49039b-adb5-11ef-94f8-e4a8dfc2a9a8,istanbul,17,33,0.014270756393671036,0.17123651504516602,11076.0,0.015643320977687836,369,1
StandardGP,0b49039b-adb5-11ef-94f8-e4a8dfc2a9a8,istanbul,17,34,0.014270756393671036,0.1418015956878662,8604.0,0.015643320977687836,369,1
StandardGP,0b49039b-adb5-11ef-94f8-e4a8dfc2a9a8,istanbul,17,35,0.014270756393671036,0.13329100608825684,8396.0,0.015643320977687836,369,1
StandardGP,0b49039b-adb5-11ef-94f8-e4a8dfc2a9a8,istanbul,17,36,0.01424389611929655,0.1293811798095703,7656.0,0.015684843063354492,33,1
StandardGP,0b49039b-adb5-11ef-94f8-e4a8dfc2a9a8,istanbul,17,37,0.01424389611929655,0.13686561584472656,7914.0,0.015684843063354492,33,1
StandardGP,0b49039b-adb5-11ef-94f8-e4a8dfc2a9a8,istanbul,17,38,0.014238793402910233,0.13803648948669434,8320.0,0.015678640455007553,33,1
StandardGP,0b49039b-adb5-11ef-94f8-e4a8dfc2a9a8,istanbul,17,39,0.014238793402910233,0.2110750675201416,10640.0,0.015678640455007553,33,1
StandardGP,0b49039b-adb5-11ef-94f8-e4a8dfc2a9a8,istanbul,17,40,0.014097788371145725,0.29560041427612305,14742.0,0.015812240540981293,585,1
StandardGP,0b49039b-adb5-11ef-94f8-e4a8dfc2a9a8,istanbul,17,41,0.014097788371145725,0.28586483001708984,16478.0,0.015812240540981293,585,1
StandardGP,0b49039b-adb5-11ef-94f8-e4a8dfc2a9a8,istanbul,17,42,0.014097788371145725,0.35317325592041016,19802.0,0.015812240540981293,585,1
StandardGP,0b49039b-adb5-11ef-94f8-e4a8dfc2a9a8,istanbul,17,43,0.014097788371145725,0.437532901763916,19190.0,0.015812240540981293,585,1
StandardGP,0b49039b-adb5-11ef-94f8-e4a8dfc2a9a8,istanbul,17,44,0.014097788371145725,0.33763885498046875,19954.0,0.015812240540981293,585,1
StandardGP,0b49039b-adb5-11ef-94f8-e4a8dfc2a9a8,istanbul,17,45,0.014097788371145725,0.40375781059265137,22194.0,0.015812240540981293,585,1
StandardGP,0b49039b-adb5-11ef-94f8-e4a8dfc2a9a8,istanbul,17,46,0.014097788371145725,0.4092879295349121,21940.0,0.015812240540981293,585,1
StandardGP,0b49039b-adb5-11ef-94f8-e4a8dfc2a9a8,istanbul,17,47,0.014097788371145725,0.38783907890319824,22092.0,0.015812240540981293,585,1
StandardGP,0b49039b-adb5-11ef-94f8-e4a8dfc2a9a8,istanbul,17,48,0.014097788371145725,0.4563944339752197,26942.0,0.015812240540981293,585,1
StandardGP,0b49039b-adb5-11ef-94f8-e4a8dfc2a9a8,istanbul,17,49,0.014097788371145725,0.43417978286743164,23346.0,0.015812240540981293,585,1
StandardGP,0b49039b-adb5-11ef-94f8-e4a8dfc2a9a8,istanbul,17,50,0.013783970847725868,0.4345991611480713,23820.0,0.015546092763543129,765,1
StandardGP,0b49039b-adb5-11ef-94f8-e4a8dfc2a9a8,istanbul,17,51,0.013783970847725868,0.4429912567138672,25426.0,0.015546092763543129,765,1
StandardGP,0b49039b-adb5-11ef-94f8-e4a8dfc2a9a8,istanbul,17,52,0.013783970847725868,0.3885061740875244,23540.0,0.015546092763543129,765,1
StandardGP,0b49039b-adb5-11ef-94f8-e4a8dfc2a9a8,istanbul,17,53,0.013783970847725868,0.356342077255249,23876.0,0.015546092763543129,765,1
StandardGP,0b49039b-adb5-11ef-94f8-e4a8dfc2a9a8,istanbul,17,54,0.013783970847725868,0.41658473014831543,25870.0,0.015546092763543129,765,1
StandardGP,0b49039b-adb5-11ef-94f8-e4a8dfc2a9a8,istanbul,17,55,0.013783970847725868,0.4478764533996582,25082.0,0.015546092763543129,765,1
StandardGP,0b49039b-adb5-11ef-94f8-e4a8dfc2a9a8,istanbul,17,56,0.013783970847725868,0.3977823257446289,25196.0,0.015546092763543129,765,1
StandardGP,0b49039b-adb5-11ef-94f8-e4a8dfc2a9a8,istanbul,17,57,0.013783970847725868,0.40180015563964844,25590.0,0.015546092763543129,765,1
StandardGP,0b49039b-adb5-11ef-94f8-e4a8dfc2a9a8,istanbul,17,58,0.013783970847725868,0.44202184677124023,28366.0,0.015546092763543129,765,1
StandardGP,0b49039b-adb5-11ef-94f8-e4a8dfc2a9a8,istanbul,17,59,0.013783970847725868,0.3822019100189209,25372.0,0.015546092763543129,765,1
StandardGP,0b49039b-adb5-11ef-94f8-e4a8dfc2a9a8,istanbul,17,60,0.013783970847725868,0.5139329433441162,30036.0,0.015546092763543129,765,1
StandardGP,0b49039b-adb5-11ef-94f8-e4a8dfc2a9a8,istanbul,17,61,0.013783970847725868,0.5874230861663818,31774.0,0.015546092763543129,765,1
StandardGP,0b49039b-adb5-11ef-94f8-e4a8dfc2a9a8,istanbul,17,62,0.013783970847725868,0.5092630386352539,33688.0,0.015546092763543129,765,1
StandardGP,0b49039b-adb5-11ef-94f8-e4a8dfc2a9a8,istanbul,17,63,0.013783970847725868,0.5447039604187012,33566.0,0.015546092763543129,765,1
StandardGP,0b49039b-adb5-11ef-94f8-e4a8dfc2a9a8,istanbul,17,64,0.013783970847725868,0.5075268745422363,32100.0,0.015546092763543129,765,1
StandardGP,0b49039b-adb5-11ef-94f8-e4a8dfc2a9a8,istanbul,17,65,0.013783970847725868,0.4668848514556885,27404.0,0.015546092763543129,765,1
StandardGP,0b49039b-adb5-11ef-94f8-e4a8dfc2a9a8,istanbul,17,66,0.013777500949800014,0.4309537410736084,25416.0,0.015618408098816872,487,1
StandardGP,0b49039b-adb5-11ef-94f8-e4a8dfc2a9a8,istanbul,17,67,0.013777500949800014,0.47002482414245605,26250.0,0.015618408098816872,487,1
StandardGP,0b49039b-adb5-11ef-94f8-e4a8dfc2a9a8,istanbul,17,68,0.013777500949800014,0.41991543769836426,25334.0,0.015618408098816872,487,1
StandardGP,0b49039b-adb5-11ef-94f8-e4a8dfc2a9a8,istanbul,17,69,0.013747049495577812,0.43680739402770996,26330.0,0.015600604005157948,487,1
StandardGP,0b49039b-adb5-11ef-94f8-e4a8dfc2a9a8,istanbul,17,70,0.013747049495577812,0.4606359004974365,26868.0,0.015600604005157948,487,1
StandardGP,0b49039b-adb5-11ef-94f8-e4a8dfc2a9a8,istanbul,17,71,0.013747049495577812,0.47118377685546875,27906.0,0.015600604005157948,487,1
StandardGP,0b49039b-adb5-11ef-94f8-e4a8dfc2a9a8,istanbul,17,72,0.013747049495577812,0.4763798713684082,27540.0,0.015600604005157948,487,1
StandardGP,0b49039b-adb5-11ef-94f8-e4a8dfc2a9a8,istanbul,17,73,0.013747049495577812,0.4431898593902588,26856.0,0.015600604005157948,487,1
StandardGP,0b49039b-adb5-11ef-94f8-e4a8dfc2a9a8,istanbul,17,74,0.013747049495577812,0.47464513778686523,28596.0,0.015600604005157948,487,1
StandardGP,0b49039b-adb5-11ef-94f8-e4a8dfc2a9a8,istanbul,17,75,0.013747049495577812,0.4806053638458252,28194.0,0.015600604005157948,487,1
StandardGP,0b49039b-adb5-11ef-94f8-e4a8dfc2a9a8,istanbul,17,76,0.013747049495577812,0.6532449722290039,29772.0,0.015600604005157948,487,1
StandardGP,0b49039b-adb5-11ef-94f8-e4a8dfc2a9a8,istanbul,17,77,0.013747049495577812,0.5994622707366943,33266.0,0.015600604005157948,487,1
StandardGP,0b49039b-adb5-11ef-94f8-e4a8dfc2a9a8,istanbul,17,78,0.013747049495577812,0.6118035316467285,32692.0,0.015600604005157948,487,1
StandardGP,0b49039b-adb5-11ef-94f8-e4a8dfc2a9a8,istanbul,17,79,0.013747049495577812,0.5843005180358887,31704.0,0.015600604005157948,487,1
StandardGP,0b49039b-adb5-11ef-94f8-e4a8dfc2a9a8,istanbul,17,80,0.013747049495577812,0.4977104663848877,29358.0,0.015600604005157948,487,1
StandardGP,0b49039b-adb5-11ef-94f8-e4a8dfc2a9a8,istanbul,17,81,0.013747049495577812,0.47437405586242676,26296.0,0.015600604005157948,487,1
StandardGP,0b49039b-adb5-11ef-94f8-e4a8dfc2a9a8,istanbul,17,82,0.013747049495577812,0.5577244758605957,32644.0,0.015600604005157948,487,1
StandardGP,0b49039b-adb5-11ef-94f8-e4a8dfc2a9a8,istanbul,17,83,0.013747049495577812,0.5967667102813721,35614.0,0.015600604005157948,487,1
StandardGP,0b49039b-adb5-11ef-94f8-e4a8dfc2a9a8,istanbul,17,84,0.013747049495577812,0.614436149597168,37976.0,0.015600604005157948,487,1
StandardGP,0b49039b-adb5-11ef-94f8-e4a8dfc2a9a8,istanbul,17,85,0.013747049495577812,0.6468551158905029,39264.0,0.015600604005157948,487,1
StandardGP,0b49039b-adb5-11ef-94f8-e4a8dfc2a9a8,istanbul,17,86,0.013747049495577812,0.5651774406433105,36698.0,0.015600604005157948,487,1
StandardGP,0b49039b-adb5-11ef-94f8-e4a8dfc2a9a8,istanbul,17,87,0.013747049495577812,0.7639498710632324,38420.0,0.015600604005157948,487,1
StandardGP,0b49039b-adb5-11ef-94f8-e4a8dfc2a9a8,istanbul,17,88,0.013747049495577812,0.7412312030792236,43510.0,0.015600604005157948,487,1
StandardGP,0b49039b-adb5-11ef-94f8-e4a8dfc2a9a8,istanbul,17,89,0.013747049495577812,0.6924514770507812,41950.0,0.015600604005157948,487,1
StandardGP,0b49039b-adb5-11ef-94f8-e4a8dfc2a9a8,istanbul,17,90,0.013747049495577812,0.6461708545684814,40786.0,0.015600604005157948,487,1
StandardGP,0b49039b-adb5-11ef-94f8-e4a8dfc2a9a8,istanbul,17,91,0.013747049495577812,0.6017899513244629,36210.0,0.015600604005157948,487,1
StandardGP,0b49039b-adb5-11ef-94f8-e4a8dfc2a9a8,istanbul,17,92,0.013747049495577812,0.6479427814483643,36338.0,0.015600604005157948,487,1
StandardGP,0b49039b-adb5-11ef-94f8-e4a8dfc2a9a8,istanbul,17,93,0.013747049495577812,0.6234567165374756,36332.0,0.015600604005157948,487,1
StandardGP,0b49039b-adb5-11ef-94f8-e4a8dfc2a9a8,istanbul,17,94,0.013747049495577812,0.57521653175354,34438.0,0.015600604005157948,487,1
StandardGP,0b49039b-adb5-11ef-94f8-e4a8dfc2a9a8,istanbul,17,95,0.013746961019933224,0.6925551891326904,36764.0,0.015600600279867649,41,1
StandardGP,0b49039b-adb5-11ef-94f8-e4a8dfc2a9a8,istanbul,17,96,0.013746866025030613,0.6732268333435059,37016.0,0.015600359067320824,41,1
StandardGP,0b49039b-adb5-11ef-94f8-e4a8dfc2a9a8,istanbul,17,97,0.0137393269687891,0.6584808826446533,35852.0,0.015540426596999168,165,1
StandardGP,0b49039b-adb5-11ef-94f8-e4a8dfc2a9a8,istanbul,17,98,0.0137393269687891,0.6163349151611328,29902.0,0.015540426596999168,165,1
StandardGP,0b49039b-adb5-11ef-94f8-e4a8dfc2a9a8,istanbul,17,99,0.0137393269687891,0.4757578372955322,25742.0,0.015540426596999168,165,1
StandardGP,0b49039b-adb5-11ef-94f8-e4a8dfc2a9a8,istanbul,17,100,0.0137393269687891,0.4566802978515625,23490.0,0.015540426596999168,165,1
