StandardGP,324c146e-adb1-11ef-a99f-e4a8dfc2a9a8,istanbul,11,0,0.13529230654239655,0.026146650314331055,886.0,0.13030549883842468,5,1
StandardGP,324c146e-adb1-11ef-a99f-e4a8dfc2a9a8,istanbul,11,1,0.13529230654239655,0.023082971572875977,1006.0,0.13030549883842468,5,1
StandardGP,324c146e-adb1-11ef-a99f-e4a8dfc2a9a8,istanbul,11,2,0.11094219237565994,0.023189067840576172,1036.0,0.10226772725582123,25,1
StandardGP,324c146e-adb1-11ef-a99f-e4a8dfc2a9a8,istanbul,11,3,0.11094219237565994,0.03453969955444336,1256.0,0.10226772725582123,25,1
StandardGP,324c146e-adb1-11ef-a99f-e4a8dfc2a9a8,istanbul,11,4,0.11094219237565994,0.03378772735595703,1348.0,0.10226772725582123,25,1
StandardGP,324c146e-adb1-11ef-a99f-e4a8dfc2a9a8,istanbul,11,5,0.11094219237565994,0.03174781799316406,1602.0,0.10226772725582123,25,1
StandardGP,324c146e-adb1-11ef-a99f-e4a8dfc2a9a8,istanbul,11,6,0.11094219237565994,0.03455829620361328,1858.0,0.10226772725582123,25,1
StandardGP,324c146e-adb1-11ef-a99f-e4a8dfc2a9a8,istanbul,11,7,0.11094219237565994,0.03600001335144043,2200.0,0.10226772725582123,25,1
StandardGP,324c146e-adb1-11ef-a99f-e4a8dfc2a9a8,istanbul,11,8,0.11094219237565994,0.05115509033203125,3486.0,0.10226772725582123,25,1
StandardGP,324c146e-adb1-11ef-a99f-e4a8dfc2a9a8,istanbul,11,9,0.11094219237565994,0.06463384628295898,4162.0,0.10226772725582123,25,1
StandardGP,324c146e-adb1-11ef-a99f-e4a8dfc2a9a8,istanbul,11,10,0.11094219237565994,0.07755637168884277,4836.0,0.10226772725582123,25,1
StandardGP,324c146e-adb1-11ef-a99f-e4a8dfc2a9a8,istanbul,11,11,0.11094219237565994,0.0961461067199707,6586.0,0.10226772725582123,25,1
StandardGP,324c146e-adb1-11ef-a99f-e4a8dfc2a9a8,istanbul,11,12,0.11094219237565994,0.10738563537597656,7406.0,0.10226772725582123,25,1
StandardGP,324c146e-adb1-11ef-a99f-e4a8dfc2a9a8,istanbul,11,13,0.11094219237565994,0.14818716049194336,9634.0,0.10226772725582123,25,1
StandardGP,324c146e-adb1-11ef-a99f-e4a8dfc2a9a8,istanbul,11,14,0.11094219237565994,0.13280677795410156,9052.0,0.10226772725582123,25,1
StandardGP,324c146e-adb1-11ef-a99f-e4a8dfc2a9a8,istanbul,11,15,0.11094219237565994,0.16031932830810547,11424.0,0.10226772725582123,25,1
StandardGP,324c146e-adb1-11ef-a99f-e4a8dfc2a9a8,istanbul,11,16,0.11094219237565994,0.1349952220916748,9440.0,0.10226772725582123,25,1
StandardGP,324c146e-adb1-11ef-a99f-e4a8dfc2a9a8,istanbul,11,17,0.11094219237565994,0.14675021171569824,9922.0,0.10226772725582123,25,1
StandardGP,324c146e-adb1-11ef-a99f-e4a8dfc2a9a8,istanbul,11,18,0.11094219237565994,0.18608331680297852,12710.0,0.10226772725582123,25,1
StandardGP,324c146e-adb1-11ef-a99f-e4a8dfc2a9a8,istanbul,11,19,0.11094219237565994,0.2682769298553467,18822.0,0.10226772725582123,25,1
StandardGP,324c146e-adb1-11ef-a99f-e4a8dfc2a9a8,istanbul,11,20,0.11094219237565994,0.3304579257965088,21840.0,0.10226772725582123,25,1
StandardGP,324c146e-adb1-11ef-a99f-e4a8dfc2a9a8,istanbul,11,21,0.11094219237565994,0.36020851135253906,15632.0,0.10226772725582123,25,1
StandardGP,324c146e-adb1-11ef-a99f-e4a8dfc2a9a8,istanbul,11,22,0.11094219237565994,0.31432342529296875,18748.0,0.10226772725582123,25,1
StandardGP,324c146e-adb1-11ef-a99f-e4a8dfc2a9a8,istanbul,11,23,0.11094219237565994,0.291018009185791,19888.0,0.10226772725582123,25,1
StandardGP,324c146e-adb1-11ef-a99f-e4a8dfc2a9a8,istanbul,11,24,0.11094219237565994,0.29564881324768066,18494.0,0.10226772725582123,25,1
StandardGP,324c146e-adb1-11ef-a99f-e4a8dfc2a9a8,istanbul,11,25,0.11094219237565994,0.21791696548461914,13640.0,0.10226772725582123,25,1
StandardGP,324c146e-adb1-11ef-a99f-e4a8dfc2a9a8,istanbul,11,26,0.11094219237565994,0.21035981178283691,14242.0,0.10226772725582123,25,1
StandardGP,324c146e-adb1-11ef-a99f-e4a8dfc2a9a8,istanbul,11,27,0.11094219237565994,0.23058176040649414,15598.0,0.10226772725582123,25,1
StandardGP,324c146e-adb1-11ef-a99f-e4a8dfc2a9a8,istanbul,11,28,0.11094219237565994,0.2758293151855469,17558.0,0.10226772725582123,25,1
StandardGP,324c146e-adb1-11ef-a99f-e4a8dfc2a9a8,istanbul,11,29,0.11094219237565994,0.2746751308441162,17932.0,0.10226772725582123,25,1
StandardGP,324c146e-adb1-11ef-a99f-e4a8dfc2a9a8,istanbul,11,30,0.11094219237565994,0.27201151847839355,18732.0,0.10226772725582123,25,1
StandardGP,324c146e-adb1-11ef-a99f-e4a8dfc2a9a8,istanbul,11,31,0.11094219237565994,0.3305943012237549,22690.0,0.10226772725582123,25,1
StandardGP,324c146e-adb1-11ef-a99f-e4a8dfc2a9a8,istanbul,11,32,0.11094219237565994,0.3390381336212158,22730.0,0.10226772725582123,25,1
StandardGP,324c146e-adb1-11ef-a99f-e4a8dfc2a9a8,istanbul,11,33,0.11094219237565994,0.34801697731018066,24972.0,0.10226772725582123,25,1
StandardGP,324c146e-adb1-11ef-a99f-e4a8dfc2a9a8,istanbul,11,34,0.11094219237565994,0.3499572277069092,22064.0,0.10226772725582123,25,1
StandardGP,324c146e-adb1-11ef-a99f-e4a8dfc2a9a8,istanbul,11,35,0.11094219237565994,0.33807897567749023,19178.0,0.10226772725582123,25,1
StandardGP,324c146e-adb1-11ef-a99f-e4a8dfc2a9a8,istanbul,11,36,0.11094219237565994,0.3826408386230469,19566.0,0.10226772725582123,25,1
StandardGP,324c146e-adb1-11ef-a99f-e4a8dfc2a9a8,istanbul,11,37,0.11094219237565994,0.31442785263061523,18140.0,0.10226772725582123,25,1
StandardGP,324c146e-adb1-11ef-a99f-e4a8dfc2a9a8,istanbul,11,38,0.11094219237565994,0.3705103397369385,20772.0,0.10226772725582123,25,1
StandardGP,324c146e-adb1-11ef-a99f-e4a8dfc2a9a8,istanbul,11,39,0.11094219237565994,0.34062743186950684,20610.0,0.10226772725582123,25,1
StandardGP,324c146e-adb1-11ef-a99f-e4a8dfc2a9a8,istanbul,11,40,0.11094219237565994,0.4946017265319824,30562.0,0.10226772725582123,25,1
StandardGP,324c146e-adb1-11ef-a99f-e4a8dfc2a9a8,istanbul,11,41,0.11094219237565994,0.49556994438171387,29904.0,0.10226772725582123,25,1
StandardGP,324c146e-adb1-11ef-a99f-e4a8dfc2a9a8,istanbul,11,42,0.11094219237565994,0.7396109104156494,35374.0,0.10226772725582123,25,1
StandardGP,324c146e-adb1-11ef-a99f-e4a8dfc2a9a8,istanbul,11,43,0.11094219237565994,0.6409127712249756,38330.0,0.10226772725582123,25,1
StandardGP,324c146e-adb1-11ef-a99f-e4a8dfc2a9a8,istanbul,11,44,0.11094219237565994,0.5666394233703613,33194.0,0.10226772725582123,25,1
StandardGP,324c146e-adb1-11ef-a99f-e4a8dfc2a9a8,istanbul,11,45,0.11094219237565994,0.6680915355682373,39050.0,0.10226772725582123,25,1
StandardGP,324c146e-adb1-11ef-a99f-e4a8dfc2a9a8,istanbul,11,46,0.11094219237565994,0.7703666687011719,42562.0,0.10226772725582123,25,1
StandardGP,324c146e-adb1-11ef-a99f-e4a8dfc2a9a8,istanbul,11,47,0.11094219237565994,0.748471736907959,42022.0,0.10226772725582123,25,1
StandardGP,324c146e-adb1-11ef-a99f-e4a8dfc2a9a8,istanbul,11,48,0.11094219237565994,0.7926111221313477,41950.0,0.10226772725582123,25,1
StandardGP,324c146e-adb1-11ef-a99f-e4a8dfc2a9a8,istanbul,11,49,0.11094219237565994,0.8468122482299805,44090.0,0.10226772725582123,25,1
StandardGP,324c146e-adb1-11ef-a99f-e4a8dfc2a9a8,istanbul,11,50,0.11094219237565994,0.7934210300445557,40432.0,0.10226772725582123,25,1
StandardGP,324c146e-adb1-11ef-a99f-e4a8dfc2a9a8,istanbul,11,51,0.11094219237565994,0.7787659168243408,37038.0,0.10226772725582123,25,1
StandardGP,324c146e-adb1-11ef-a99f-e4a8dfc2a9a8,istanbul,11,52,0.11094219237565994,0.7542362213134766,36414.0,0.10226772725582123,25,1
StandardGP,324c146e-adb1-11ef-a99f-e4a8dfc2a9a8,istanbul,11,53,0.11094219237565994,0.7312147617340088,43896.0,0.10226772725582123,25,1
StandardGP,324c146e-adb1-11ef-a99f-e4a8dfc2a9a8,istanbul,11,54,0.11094219237565994,0.7819538116455078,49394.0,0.10226772725582123,25,1
StandardGP,324c146e-adb1-11ef-a99f-e4a8dfc2a9a8,istanbul,11,55,0.11094219237565994,0.8825535774230957,49588.0,0.10226772725582123,25,1
StandardGP,324c146e-adb1-11ef-a99f-e4a8dfc2a9a8,istanbul,11,56,0.11094219237565994,0.7704660892486572,50104.0,0.10226772725582123,25,1
StandardGP,324c146e-adb1-11ef-a99f-e4a8dfc2a9a8,istanbul,11,57,0.11094219237565994,0.7498409748077393,45762.0,0.10226772725582123,25,1
StandardGP,324c146e-adb1-11ef-a99f-e4a8dfc2a9a8,istanbul,11,58,0.11094219237565994,0.6263308525085449,37088.0,0.10226772725582123,25,1
StandardGP,324c146e-adb1-11ef-a99f-e4a8dfc2a9a8,istanbul,11,59,0.11094219237565994,0.60148024559021,37310.0,0.10226772725582123,25,1
StandardGP,324c146e-adb1-11ef-a99f-e4a8dfc2a9a8,istanbul,11,60,0.11094219237565994,0.7363507747650146,45434.0,0.10226772725582123,25,1
StandardGP,324c146e-adb1-11ef-a99f-e4a8dfc2a9a8,istanbul,11,61,0.11094219237565994,0.9112610816955566,46168.0,0.10226772725582123,25,1
StandardGP,324c146e-adb1-11ef-a99f-e4a8dfc2a9a8,istanbul,11,62,0.11094219237565994,0.8637537956237793,45116.0,0.10226772725582123,25,1
StandardGP,324c146e-adb1-11ef-a99f-e4a8dfc2a9a8,istanbul,11,63,0.11094219237565994,0.7171223163604736,46982.0,0.10226772725582123,25,1
StandardGP,324c146e-adb1-11ef-a99f-e4a8dfc2a9a8,istanbul,11,64,0.11094219237565994,0.8891956806182861,51338.0,0.10226772725582123,25,1
StandardGP,324c146e-adb1-11ef-a99f-e4a8dfc2a9a8,istanbul,11,65,0.11094219237565994,0.7443888187408447,44764.0,0.10226772725582123,25,1
StandardGP,324c146e-adb1-11ef-a99f-e4a8dfc2a9a8,istanbul,11,66,0.11094219237565994,0.785247802734375,49228.0,0.10226772725582123,25,1
StandardGP,324c146e-adb1-11ef-a99f-e4a8dfc2a9a8,istanbul,11,67,0.11094219237565994,0.9089810848236084,48878.0,0.10226772725582123,25,1
StandardGP,324c146e-adb1-11ef-a99f-e4a8dfc2a9a8,istanbul,11,68,0.11094219237565994,0.9038612842559814,49208.0,0.10226772725582123,25,1
StandardGP,324c146e-adb1-11ef-a99f-e4a8dfc2a9a8,istanbul,11,69,0.11094219237565994,0.7184538841247559,40300.0,0.10226772725582123,25,1
StandardGP,324c146e-adb1-11ef-a99f-e4a8dfc2a9a8,istanbul,11,70,0.11094219237565994,0.7445814609527588,41212.0,0.10226772725582123,25,1
StandardGP,324c146e-adb1-11ef-a99f-e4a8dfc2a9a8,istanbul,11,71,0.11094219237565994,0.5037875175476074,33454.0,0.10226772725582123,25,1
StandardGP,324c146e-adb1-11ef-a99f-e4a8dfc2a9a8,istanbul,11,72,0.11094219237565994,0.532686710357666,33954.0,0.10226772725582123,25,1
StandardGP,324c146e-adb1-11ef-a99f-e4a8dfc2a9a8,istanbul,11,73,0.11094219237565994,0.514193058013916,34794.0,0.10226772725582123,25,1
StandardGP,324c146e-adb1-11ef-a99f-e4a8dfc2a9a8,istanbul,11,74,0.11094219237565994,0.6840546131134033,44774.0,0.10226772725582123,25,1
StandardGP,324c146e-adb1-11ef-a99f-e4a8dfc2a9a8,istanbul,11,75,0.11094219237565994,0.6610894203186035,42818.0,0.10226772725582123,25,1
StandardGP,324c146e-adb1-11ef-a99f-e4a8dfc2a9a8,istanbul,11,76,0.11094219237565994,0.6686713695526123,45858.0,0.10226772725582123,25,1
StandardGP,324c146e-adb1-11ef-a99f-e4a8dfc2a9a8,istanbul,11,77,0.11094219237565994,0.6281745433807373,40042.0,0.10226772725582123,25,1
StandardGP,324c146e-adb1-11ef-a99f-e4a8dfc2a9a8,istanbul,11,78,0.11094219237565994,0.7185096740722656,46554.0,0.10226772725582123,25,1
StandardGP,324c146e-adb1-11ef-a99f-e4a8dfc2a9a8,istanbul,11,79,0.11094219237565994,0.8439474105834961,45000.0,0.10226772725582123,25,1
StandardGP,324c146e-adb1-11ef-a99f-e4a8dfc2a9a8,istanbul,11,80,0.11094219237565994,0.9137697219848633,60650.0,0.10226772725582123,25,1
StandardGP,324c146e-adb1-11ef-a99f-e4a8dfc2a9a8,istanbul,11,81,0.11094219237565994,1.4365501403808594,83726.0,0.10226772725582123,25,1
StandardGP,324c146e-adb1-11ef-a99f-e4a8dfc2a9a8,istanbul,11,82,0.11094219237565994,1.4668865203857422,96148.0,0.10226772725582123,25,1
StandardGP,324c146e-adb1-11ef-a99f-e4a8dfc2a9a8,istanbul,11,83,0.11094219237565994,1.1751196384429932,70312.0,0.10226772725582123,25,1
StandardGP,324c146e-adb1-11ef-a99f-e4a8dfc2a9a8,istanbul,11,84,0.11094219237565994,1.0530140399932861,60464.0,0.10226772725582123,25,1
StandardGP,324c146e-adb1-11ef-a99f-e4a8dfc2a9a8,istanbul,11,85,0.11094219237565994,0.9730849266052246,63106.0,0.10226772725582123,25,1
StandardGP,324c146e-adb1-11ef-a99f-e4a8dfc2a9a8,istanbul,11,86,0.11094219237565994,0.7083771228790283,44288.0,0.10226772725582123,25,1
StandardGP,324c146e-adb1-11ef-a99f-e4a8dfc2a9a8,istanbul,11,87,0.11094219237565994,0.8444933891296387,55922.0,0.10226772725582123,25,1
StandardGP,324c146e-adb1-11ef-a99f-e4a8dfc2a9a8,istanbul,11,88,0.11094219237565994,0.9542520046234131,61334.0,0.10226772725582123,25,1
StandardGP,324c146e-adb1-11ef-a99f-e4a8dfc2a9a8,istanbul,11,89,0.11094219237565994,1.166578769683838,70134.0,0.10226772725582123,25,1
StandardGP,324c146e-adb1-11ef-a99f-e4a8dfc2a9a8,istanbul,11,90,0.11094219237565994,1.2663002014160156,74566.0,0.10226772725582123,25,1
StandardGP,324c146e-adb1-11ef-a99f-e4a8dfc2a9a8,istanbul,11,91,0.11094219237565994,1.057603120803833,67872.0,0.10226772725582123,25,1
StandardGP,324c146e-adb1-11ef-a99f-e4a8dfc2a9a8,istanbul,11,92,0.11094219237565994,1.0218720436096191,66818.0,0.10226772725582123,25,1
StandardGP,324c146e-adb1-11ef-a99f-e4a8dfc2a9a8,istanbul,11,93,0.11094219237565994,1.309985637664795,71746.0,0.10226772725582123,25,1
StandardGP,324c146e-adb1-11ef-a99f-e4a8dfc2a9a8,istanbul,11,94,0.11094219237565994,1.7055768966674805,100680.0,0.10226772725582123,25,1
StandardGP,324c146e-adb1-11ef-a99f-e4a8dfc2a9a8,istanbul,11,95,0.11094219237565994,1.9377892017364502,115886.0,0.10226772725582123,25,1
StandardGP,324c146e-adb1-11ef-a99f-e4a8dfc2a9a8,istanbul,11,96,0.11094219237565994,1.9497854709625244,121232.0,0.10226772725582123,25,1
StandardGP,324c146e-adb1-11ef-a99f-e4a8dfc2a9a8,istanbul,11,97,0.11094219237565994,2.364063262939453,134660.0,0.10226772725582123,25,1
StandardGP,324c146e-adb1-11ef-a99f-e4a8dfc2a9a8,istanbul,11,98,0.11094219237565994,2.117448568344116,127440.0,0.10226772725582123,25,1
StandardGP,324c146e-adb1-11ef-a99f-e4a8dfc2a9a8,istanbul,11,99,0.11094219237565994,2.5951220989227295,141482.0,0.10226772725582123,25,1
StandardGP,324c146e-adb1-11ef-a99f-e4a8dfc2a9a8,istanbul,11,100,0.11094219237565994,2.651944398880005,133028.0,0.10226772725582123,25,1
StandardGP,c5293934-adb4-11ef-9640-e4a8dfc2a9a8,istanbul,11,0,0.015179467387497425,0.05625009536743164,2184.0,0.015108136460185051,3,1
StandardGP,c5293934-adb4-11ef-9640-e4a8dfc2a9a8,istanbul,11,1,0.015179467387497425,0.029057741165161133,1472.0,0.015108136460185051,3,1
StandardGP,c5293934-adb4-11ef-9640-e4a8dfc2a9a8,istanbul,11,2,0.01504441723227501,0.022459745407104492,960.0,0.017127012833952904,5,1
StandardGP,c5293934-adb4-11ef-9640-e4a8dfc2a9a8,istanbul,11,3,0.01504441723227501,0.02066779136657715,852.0,0.017127012833952904,5,1
StandardGP,c5293934-adb4-11ef-9640-e4a8dfc2a9a8,istanbul,11,4,0.014991282485425472,0.018698453903198242,778.0,0.017103515565395355,7,1
StandardGP,c5293934-adb4-11ef-9640-e4a8dfc2a9a8,istanbul,11,5,0.014991282485425472,0.01746654510498047,762.0,0.017103515565395355,7,1
StandardGP,c5293934-adb4-11ef-9640-e4a8dfc2a9a8,istanbul,11,6,0.014991282485425472,0.0202791690826416,918.0,0.017103515565395355,7,1
StandardGP,c5293934-adb4-11ef-9640-e4a8dfc2a9a8,istanbul,11,7,0.014985630288720131,0.015997648239135742,762.0,0.017069241032004356,9,1
StandardGP,c5293934-adb4-11ef-9640-e4a8dfc2a9a8,istanbul,11,8,0.014985630288720131,0.02051258087158203,980.0,0.017069241032004356,9,1
StandardGP,c5293934-adb4-11ef-9640-e4a8dfc2a9a8,istanbul,11,9,0.014965660870075226,0.027157306671142578,1308.0,0.01707119308412075,15,1
StandardGP,c5293934-adb4-11ef-9640-e4a8dfc2a9a8,istanbul,11,10,0.014937670901417732,0.023506641387939453,1216.0,0.01705251634120941,19,1
StandardGP,c5293934-adb4-11ef-9640-e4a8dfc2a9a8,istanbul,11,11,0.01490287110209465,0.026705503463745117,1256.0,0.017118992283940315,19,1
StandardGP,c5293934-adb4-11ef-9640-e4a8dfc2a9a8,istanbul,11,12,0.014806489460170269,0.033615827560424805,1746.0,0.016833465546369553,9,1
StandardGP,c5293934-adb4-11ef-9640-e4a8dfc2a9a8,istanbul,11,13,0.014806489460170269,0.031078338623046875,1646.0,0.016833465546369553,9,1
StandardGP,c5293934-adb4-11ef-9640-e4a8dfc2a9a8,istanbul,11,14,0.013987327925860882,0.03431558609008789,1912.0,0.01556331105530262,35,1
StandardGP,c5293934-adb4-11ef-9640-e4a8dfc2a9a8,istanbul,11,15,0.013987327925860882,0.0365447998046875,1910.0,0.01556331105530262,35,1
StandardGP,c5293934-adb4-11ef-9640-e4a8dfc2a9a8,istanbul,11,16,0.01379752904176712,0.043821096420288086,2318.0,0.015186090022325516,11,1
StandardGP,c5293934-adb4-11ef-9640-e4a8dfc2a9a8,istanbul,11,17,0.01379752904176712,0.04440188407897949,2510.0,0.015186090022325516,11,1
StandardGP,c5293934-adb4-11ef-9640-e4a8dfc2a9a8,istanbul,11,18,0.01379752904176712,0.04807019233703613,2752.0,0.015186090022325516,11,1
StandardGP,c5293934-adb4-11ef-9640-e4a8dfc2a9a8,istanbul,11,19,0.01379427220672369,0.04004645347595215,2420.0,0.015193353407084942,9,1
StandardGP,c5293934-adb4-11ef-9640-e4a8dfc2a9a8,istanbul,11,20,0.01379427220672369,0.04206037521362305,2572.0,0.015193353407084942,9,1
StandardGP,c5293934-adb4-11ef-9640-e4a8dfc2a9a8,istanbul,11,21,0.01379427220672369,0.04284834861755371,2396.0,0.015193353407084942,9,1
StandardGP,c5293934-adb4-11ef-9640-e4a8dfc2a9a8,istanbul,11,22,0.01379427220672369,0.03692984580993652,2082.0,0.015193353407084942,9,1
StandardGP,c5293934-adb4-11ef-9640-e4a8dfc2a9a8,istanbul,11,23,0.01379427220672369,0.04824519157409668,2430.0,0.015193353407084942,9,1
StandardGP,c5293934-adb4-11ef-9640-e4a8dfc2a9a8,istanbul,11,24,0.01379427220672369,0.04919838905334473,2484.0,0.015193353407084942,9,1
StandardGP,c5293934-adb4-11ef-9640-e4a8dfc2a9a8,istanbul,11,25,0.01379427220672369,0.05060291290283203,2692.0,0.015193353407084942,9,1
StandardGP,c5293934-adb4-11ef-9640-e4a8dfc2a9a8,istanbul,11,26,0.01379427220672369,0.05500531196594238,3108.0,0.015193353407084942,9,1
StandardGP,c5293934-adb4-11ef-9640-e4a8dfc2a9a8,istanbul,11,27,0.01379427220672369,0.05817055702209473,3232.0,0.015193353407084942,9,1
StandardGP,c5293934-adb4-11ef-9640-e4a8dfc2a9a8,istanbul,11,28,0.013793963007628918,0.04975247383117676,2938.0,0.015192022547125816,21,1
StandardGP,c5293934-adb4-11ef-9640-e4a8dfc2a9a8,istanbul,11,29,0.013793811202049255,0.05238771438598633,3124.0,0.015200543217360973,13,1
StandardGP,c5293934-adb4-11ef-9640-e4a8dfc2a9a8,istanbul,11,30,0.01379348523914814,0.06284165382385254,3844.0,0.015191314741969109,9,1
StandardGP,c5293934-adb4-11ef-9640-e4a8dfc2a9a8,istanbul,11,31,0.01366147119551897,0.07249784469604492,4286.0,0.014673260971903801,7,1
StandardGP,c5293934-adb4-11ef-9640-e4a8dfc2a9a8,istanbul,11,32,0.01366147119551897,0.0723879337310791,4212.0,0.014673260971903801,7,1
StandardGP,c5293934-adb4-11ef-9640-e4a8dfc2a9a8,istanbul,11,33,0.01366147119551897,0.07550406455993652,4628.0,0.014673260971903801,7,1
StandardGP,c5293934-adb4-11ef-9640-e4a8dfc2a9a8,istanbul,11,34,0.01366147119551897,0.07051849365234375,4260.0,0.014673260971903801,7,1
StandardGP,c5293934-adb4-11ef-9640-e4a8dfc2a9a8,istanbul,11,35,0.01366147119551897,0.06722044944763184,3916.0,0.014673260971903801,7,1
StandardGP,c5293934-adb4-11ef-9640-e4a8dfc2a9a8,istanbul,11,36,0.01366147119551897,0.061318159103393555,3640.0,0.014673260971903801,7,1
StandardGP,c5293934-adb4-11ef-9640-e4a8dfc2a9a8,istanbul,11,37,0.01366147119551897,0.05355048179626465,3142.0,0.014673260971903801,7,1
StandardGP,c5293934-adb4-11ef-9640-e4a8dfc2a9a8,istanbul,11,38,0.01366147119551897,0.04989218711853027,2824.0,0.014673260971903801,7,1
StandardGP,c5293934-adb4-11ef-9640-e4a8dfc2a9a8,istanbul,11,39,0.01366147119551897,0.057704925537109375,3280.0,0.014673260971903801,7,1
StandardGP,c5293934-adb4-11ef-9640-e4a8dfc2a9a8,istanbul,11,40,0.01366147119551897,0.05404305458068848,3030.0,0.014673260971903801,7,1
StandardGP,c5293934-adb4-11ef-9640-e4a8dfc2a9a8,istanbul,11,41,0.01366147119551897,0.0675201416015625,3616.0,0.014673260971903801,7,1
StandardGP,c5293934-adb4-11ef-9640-e4a8dfc2a9a8,istanbul,11,42,0.013363340869545937,0.06961584091186523,3882.0,0.015869058668613434,25,1
StandardGP,c5293934-adb4-11ef-9640-e4a8dfc2a9a8,istanbul,11,43,0.013363340869545937,0.07003521919250488,3746.0,0.015869058668613434,25,1
StandardGP,c5293934-adb4-11ef-9640-e4a8dfc2a9a8,istanbul,11,44,0.013363340869545937,0.07768464088439941,4130.0,0.015869058668613434,25,1
StandardGP,c5293934-adb4-11ef-9640-e4a8dfc2a9a8,istanbul,11,45,0.013363340869545937,0.08228874206542969,4296.0,0.015869058668613434,25,1
StandardGP,c5293934-adb4-11ef-9640-e4a8dfc2a9a8,istanbul,11,46,0.013363340869545937,0.0927438735961914,4516.0,0.015869058668613434,25,1
StandardGP,c5293934-adb4-11ef-9640-e4a8dfc2a9a8,istanbul,11,47,0.013363340869545937,0.19090867042541504,5118.0,0.015869058668613434,25,1
StandardGP,c5293934-adb4-11ef-9640-e4a8dfc2a9a8,istanbul,11,48,0.013363340869545937,0.10385656356811523,4972.0,0.015869058668613434,25,1
StandardGP,c5293934-adb4-11ef-9640-e4a8dfc2a9a8,istanbul,11,49,0.013363340869545937,0.10591936111450195,5038.0,0.015869058668613434,25,1
StandardGP,c5293934-adb4-11ef-9640-e4a8dfc2a9a8,istanbul,11,50,0.013363340869545937,0.10252928733825684,4930.0,0.015869058668613434,25,1
StandardGP,c5293934-adb4-11ef-9640-e4a8dfc2a9a8,istanbul,11,51,0.013363340869545937,0.10566449165344238,5098.0,0.015869058668613434,25,1
StandardGP,c5293934-adb4-11ef-9640-e4a8dfc2a9a8,istanbul,11,52,0.013363340869545937,0.09678244590759277,4756.0,0.015869058668613434,25,1
StandardGP,c5293934-adb4-11ef-9640-e4a8dfc2a9a8,istanbul,11,53,0.013363340869545937,0.09448361396789551,4816.0,0.015869058668613434,25,1
StandardGP,c5293934-adb4-11ef-9640-e4a8dfc2a9a8,istanbul,11,54,0.013363340869545937,0.1006777286529541,4484.0,0.015869058668613434,25,1
StandardGP,c5293934-adb4-11ef-9640-e4a8dfc2a9a8,istanbul,11,55,0.013363340869545937,0.1182703971862793,5076.0,0.015869058668613434,25,1
StandardGP,c5293934-adb4-11ef-9640-e4a8dfc2a9a8,istanbul,11,56,0.013363340869545937,0.14809250831604004,5544.0,0.015869058668613434,25,1
StandardGP,c5293934-adb4-11ef-9640-e4a8dfc2a9a8,istanbul,11,57,0.013363340869545937,0.1365056037902832,6090.0,0.015869058668613434,25,1
StandardGP,c5293934-adb4-11ef-9640-e4a8dfc2a9a8,istanbul,11,58,0.013363340869545937,0.14207172393798828,6322.0,0.015869058668613434,25,1
StandardGP,c5293934-adb4-11ef-9640-e4a8dfc2a9a8,istanbul,11,59,0.013363340869545937,0.13529276847839355,6374.0,0.015869058668613434,25,1
StandardGP,c5293934-adb4-11ef-9640-e4a8dfc2a9a8,istanbul,11,60,0.013363340869545937,0.13039827346801758,6172.0,0.015869058668613434,25,1
StandardGP,c5293934-adb4-11ef-9640-e4a8dfc2a9a8,istanbul,11,61,0.013363340869545937,0.151383638381958,6630.0,0.015869058668613434,25,1
StandardGP,c5293934-adb4-11ef-9640-e4a8dfc2a9a8,istanbul,11,62,0.013363340869545937,0.14770889282226562,6192.0,0.015869058668613434,25,1
StandardGP,c5293934-adb4-11ef-9640-e4a8dfc2a9a8,istanbul,11,63,0.013363340869545937,0.13391661643981934,6138.0,0.015869058668613434,25,1
StandardGP,c5293934-adb4-11ef-9640-e4a8dfc2a9a8,istanbul,11,64,0.013363340869545937,0.1369156837463379,5984.0,0.015869058668613434,25,1
StandardGP,c5293934-adb4-11ef-9640-e4a8dfc2a9a8,istanbul,11,65,0.013363340869545937,0.15443849563598633,6704.0,0.015869058668613434,25,1
StandardGP,c5293934-adb4-11ef-9640-e4a8dfc2a9a8,istanbul,11,66,0.013362708501517773,0.15006208419799805,6930.0,0.01585312932729721,25,1
StandardGP,c5293934-adb4-11ef-9640-e4a8dfc2a9a8,istanbul,11,67,0.013362708501517773,0.16669344902038574,6684.0,0.01585312932729721,25,1
StandardGP,c5293934-adb4-11ef-9640-e4a8dfc2a9a8,istanbul,11,68,0.013362708501517773,0.14528417587280273,6102.0,0.01585312932729721,25,1
StandardGP,c5293934-adb4-11ef-9640-e4a8dfc2a9a8,istanbul,11,69,0.013362708501517773,0.13432574272155762,5928.0,0.01585312932729721,25,1
StandardGP,c5293934-adb4-11ef-9640-e4a8dfc2a9a8,istanbul,11,70,0.013362708501517773,0.13218045234680176,6084.0,0.01585312932729721,25,1
StandardGP,c5293934-adb4-11ef-9640-e4a8dfc2a9a8,istanbul,11,71,0.013362708501517773,0.1337587833404541,6122.0,0.01585312932729721,25,1
StandardGP,c5293934-adb4-11ef-9640-e4a8dfc2a9a8,istanbul,11,72,0.013362708501517773,0.14383912086486816,6066.0,0.01585312932729721,25,1
StandardGP,c5293934-adb4-11ef-9640-e4a8dfc2a9a8,istanbul,11,73,0.013362708501517773,0.13766098022460938,5828.0,0.01585312932729721,25,1
StandardGP,c5293934-adb4-11ef-9640-e4a8dfc2a9a8,istanbul,11,74,0.013362708501517773,0.12120676040649414,5576.0,0.01585312932729721,25,1
StandardGP,c5293934-adb4-11ef-9640-e4a8dfc2a9a8,istanbul,11,75,0.013362708501517773,0.11843633651733398,5474.0,0.01585312932729721,25,1
StandardGP,c5293934-adb4-11ef-9640-e4a8dfc2a9a8,istanbul,11,76,0.013362708501517773,0.10508394241333008,5070.0,0.01585312932729721,25,1
StandardGP,c5293934-adb4-11ef-9640-e4a8dfc2a9a8,istanbul,11,77,0.013362708501517773,0.10898780822753906,5122.0,0.01585312932729721,25,1
StandardGP,c5293934-adb4-11ef-9640-e4a8dfc2a9a8,istanbul,11,78,0.013362708501517773,0.10911941528320312,4882.0,0.01585312932729721,25,1
StandardGP,c5293934-adb4-11ef-9640-e4a8dfc2a9a8,istanbul,11,79,0.013362708501517773,0.11955809593200684,5450.0,0.01585312932729721,25,1
StandardGP,c5293934-adb4-11ef-9640-e4a8dfc2a9a8,istanbul,11,80,0.013362708501517773,0.10408306121826172,4766.0,0.01585312932729721,25,1
StandardGP,c5293934-adb4-11ef-9640-e4a8dfc2a9a8,istanbul,11,81,0.013362708501517773,0.10237526893615723,4956.0,0.01585312932729721,25,1
StandardGP,c5293934-adb4-11ef-9640-e4a8dfc2a9a8,istanbul,11,82,0.013362708501517773,0.09466910362243652,4286.0,0.01585312932729721,25,1
StandardGP,c5293934-adb4-11ef-9640-e4a8dfc2a9a8,istanbul,11,83,0.013362708501517773,0.0941925048828125,4182.0,0.01585312932729721,25,1
StandardGP,c5293934-adb4-11ef-9640-e4a8dfc2a9a8,istanbul,11,84,0.013362708501517773,0.08781909942626953,4056.0,0.01585312932729721,25,1
StandardGP,c5293934-adb4-11ef-9640-e4a8dfc2a9a8,istanbul,11,85,0.013362708501517773,0.06889748573303223,3496.0,0.01585312932729721,25,1
StandardGP,c5293934-adb4-11ef-9640-e4a8dfc2a9a8,istanbul,11,86,0.013362708501517773,0.08261609077453613,3884.0,0.01585312932729721,25,1
StandardGP,c5293934-adb4-11ef-9640-e4a8dfc2a9a8,istanbul,11,87,0.013362708501517773,0.0858614444732666,4040.0,0.01585312932729721,25,1
StandardGP,c5293934-adb4-11ef-9640-e4a8dfc2a9a8,istanbul,11,88,0.013362708501517773,0.07686614990234375,3816.0,0.01585312932729721,25,1
StandardGP,c5293934-adb4-11ef-9640-e4a8dfc2a9a8,istanbul,11,89,0.013362708501517773,0.0884101390838623,4274.0,0.01585312932729721,25,1
StandardGP,c5293934-adb4-11ef-9640-e4a8dfc2a9a8,istanbul,11,90,0.013362708501517773,0.08417439460754395,4324.0,0.01585312932729721,25,1
StandardGP,c5293934-adb4-11ef-9640-e4a8dfc2a9a8,istanbul,11,91,0.013362708501517773,0.0874786376953125,4344.0,0.01585312932729721,25,1
StandardGP,c5293934-adb4-11ef-9640-e4a8dfc2a9a8,istanbul,11,92,0.013362708501517773,0.09153413772583008,4550.0,0.01585312932729721,25,1
StandardGP,c5293934-adb4-11ef-9640-e4a8dfc2a9a8,istanbul,11,93,0.013362708501517773,0.08675789833068848,4356.0,0.01585312932729721,25,1
StandardGP,c5293934-adb4-11ef-9640-e4a8dfc2a9a8,istanbul,11,94,0.013362708501517773,0.08675146102905273,4404.0,0.01585312932729721,25,1
StandardGP,c5293934-adb4-11ef-9640-e4a8dfc2a9a8,istanbul,11,95,0.013362708501517773,0.10892653465270996,5040.0,0.01585312932729721,25,1
StandardGP,c5293934-adb4-11ef-9640-e4a8dfc2a9a8,istanbul,11,96,0.013362708501517773,0.0922081470489502,4672.0,0.01585312932729721,25,1
StandardGP,c5293934-adb4-11ef-9640-e4a8dfc2a9a8,istanbul,11,97,0.013362708501517773,0.08966469764709473,4304.0,0.01585312932729721,25,1
StandardGP,c5293934-adb4-11ef-9640-e4a8dfc2a9a8,istanbul,11,98,0.013362708501517773,0.09335517883300781,4306.0,0.01585312932729721,25,1
StandardGP,c5293934-adb4-11ef-9640-e4a8dfc2a9a8,istanbul,11,99,0.013362708501517773,0.08778500556945801,4124.0,0.01585312932729721,25,1
StandardGP,c5293934-adb4-11ef-9640-e4a8dfc2a9a8,istanbul,11,100,0.013362708501517773,0.09109926223754883,4262.0,0.01585312932729721,25,1
