StandardGP,e24adcf5-adb3-11ef-986e-e4a8dfc2a9a8,istanbul,27,0,0.15666328370571136,0.02498602867126465,880.0,0.13592498004436493,5,1
StandardGP,e24adcf5-adb3-11ef-986e-e4a8dfc2a9a8,istanbul,27,1,0.10694445669651031,0.019011259078979492,852.0,0.1142042875289917,15,1
StandardGP,e24adcf5-adb3-11ef-986e-e4a8dfc2a9a8,istanbul,27,2,0.09582506120204926,0.02017045021057129,948.0,0.10101556777954102,15,1
StandardGP,e24adcf5-adb3-11ef-986e-e4a8dfc2a9a8,istanbul,27,3,0.09582506120204926,0.022217273712158203,940.0,0.10101556777954102,15,1
StandardGP,e24adcf5-adb3-11ef-986e-e4a8dfc2a9a8,istanbul,27,4,0.09582506120204926,0.024343013763427734,1056.0,0.10101556777954102,15,1
StandardGP,e24adcf5-adb3-11ef-986e-e4a8dfc2a9a8,istanbul,27,5,0.09582506120204926,0.029496192932128906,1436.0,0.10101556777954102,15,1
StandardGP,e24adcf5-adb3-11ef-986e-e4a8dfc2a9a8,istanbul,27,6,0.09411028027534485,0.0347287654876709,1810.0,0.09555548429489136,15,1
StandardGP,e24adcf5-adb3-11ef-986e-e4a8dfc2a9a8,istanbul,27,7,0.09411028027534485,0.03942584991455078,2216.0,0.09555548429489136,15,1
StandardGP,e24adcf5-adb3-11ef-986e-e4a8dfc2a9a8,istanbul,27,8,0.09411028027534485,0.04200482368469238,2482.0,0.09555548429489136,15,1
StandardGP,e24adcf5-adb3-11ef-986e-e4a8dfc2a9a8,istanbul,27,9,0.09271816909313202,0.04729151725769043,2944.0,0.09075003117322922,7,1
StandardGP,e24adcf5-adb3-11ef-986e-e4a8dfc2a9a8,istanbul,27,10,0.09271816909313202,0.060526371002197266,4056.0,0.09075003117322922,7,1
StandardGP,e24adcf5-adb3-11ef-986e-e4a8dfc2a9a8,istanbul,27,11,0.09271816909313202,0.08193564414978027,5294.0,0.09075003117322922,7,1
StandardGP,e24adcf5-adb3-11ef-986e-e4a8dfc2a9a8,istanbul,27,12,0.0924748107790947,0.12233686447143555,8176.0,0.09260954707860947,39,1
StandardGP,e24adcf5-adb3-11ef-986e-e4a8dfc2a9a8,istanbul,27,13,0.09209339320659637,0.15010285377502441,11508.0,0.09364796429872513,35,1
StandardGP,e24adcf5-adb3-11ef-986e-e4a8dfc2a9a8,istanbul,27,14,0.09209339320659637,0.13679814338684082,8496.0,0.09364796429872513,35,1
StandardGP,e24adcf5-adb3-11ef-986e-e4a8dfc2a9a8,istanbul,27,15,0.09209339320659637,0.30040764808654785,14376.0,0.09364796429872513,35,1
StandardGP,e24adcf5-adb3-11ef-986e-e4a8dfc2a9a8,istanbul,27,16,0.09200064837932587,0.2880251407623291,19716.0,0.09872576594352722,85,1
StandardGP,e24adcf5-adb3-11ef-986e-e4a8dfc2a9a8,istanbul,27,17,0.09172879159450531,0.4344055652618408,26602.0,0.094587042927742,35,1
StandardGP,e24adcf5-adb3-11ef-986e-e4a8dfc2a9a8,istanbul,27,18,0.09172879159450531,0.43653416633605957,26572.0,0.094587042927742,35,1
StandardGP,e24adcf5-adb3-11ef-986e-e4a8dfc2a9a8,istanbul,27,19,0.0913998931646347,0.6131815910339355,35412.0,0.09418200701475143,55,1
StandardGP,e24adcf5-adb3-11ef-986e-e4a8dfc2a9a8,istanbul,27,20,0.0912000983953476,1.014716386795044,54962.0,0.09046128392219543,83,1
StandardGP,e24adcf5-adb3-11ef-986e-e4a8dfc2a9a8,istanbul,27,21,0.0911559909582138,1.3627352714538574,84322.0,0.09449811279773712,43,1
StandardGP,e24adcf5-adb3-11ef-986e-e4a8dfc2a9a8,istanbul,27,22,0.0911559909582138,1.399362325668335,78162.0,0.09449811279773712,43,1
StandardGP,e24adcf5-adb3-11ef-986e-e4a8dfc2a9a8,istanbul,27,23,0.09107498079538345,1.5869832038879395,94344.0,0.09025941789150238,69,1
StandardGP,e24adcf5-adb3-11ef-986e-e4a8dfc2a9a8,istanbul,27,24,0.09042997658252716,1.9891514778137207,106184.0,0.09030091762542725,357,1
StandardGP,e24adcf5-adb3-11ef-986e-e4a8dfc2a9a8,istanbul,27,25,0.08841518312692642,2.110579252243042,93284.0,0.08865585923194885,57,1
StandardGP,e24adcf5-adb3-11ef-986e-e4a8dfc2a9a8,istanbul,27,26,0.08841518312692642,1.4431633949279785,80388.0,0.08865585923194885,57,1
StandardGP,e24adcf5-adb3-11ef-986e-e4a8dfc2a9a8,istanbul,27,27,0.08841518312692642,1.214550495147705,74958.0,0.08865585923194885,57,1
StandardGP,e24adcf5-adb3-11ef-986e-e4a8dfc2a9a8,istanbul,27,28,0.08788243681192398,1.8019726276397705,87086.0,0.08852933347225189,45,1
StandardGP,e24adcf5-adb3-11ef-986e-e4a8dfc2a9a8,istanbul,27,29,0.08754202723503113,2.457289695739746,109326.0,0.09043129533529282,45,1
StandardGP,e24adcf5-adb3-11ef-986e-e4a8dfc2a9a8,istanbul,27,30,0.08754202723503113,2.263157606124878,102566.0,0.09043129533529282,45,1
StandardGP,e24adcf5-adb3-11ef-986e-e4a8dfc2a9a8,istanbul,27,31,0.08754202723503113,1.454024076461792,79504.0,0.09043129533529282,45,1
StandardGP,e24adcf5-adb3-11ef-986e-e4a8dfc2a9a8,istanbul,27,32,0.08754202723503113,1.508535623550415,76002.0,0.09043129533529282,45,1
StandardGP,e24adcf5-adb3-11ef-986e-e4a8dfc2a9a8,istanbul,27,33,0.08754202723503113,1.4270222187042236,73324.0,0.09043129533529282,45,1
StandardGP,e24adcf5-adb3-11ef-986e-e4a8dfc2a9a8,istanbul,27,34,0.08754202723503113,1.249079942703247,59520.0,0.09043129533529282,45,1
StandardGP,e24adcf5-adb3-11ef-986e-e4a8dfc2a9a8,istanbul,27,35,0.08754202723503113,1.0511300563812256,59122.0,0.09043129533529282,45,1
StandardGP,e24adcf5-adb3-11ef-986e-e4a8dfc2a9a8,istanbul,27,36,0.08744654059410095,0.7617995738983154,41646.0,0.09010027348995209,37,1
StandardGP,e24adcf5-adb3-11ef-986e-e4a8dfc2a9a8,istanbul,27,37,0.08744654059410095,0.6116740703582764,31802.0,0.09010027348995209,37,1
StandardGP,e24adcf5-adb3-11ef-986e-e4a8dfc2a9a8,istanbul,27,38,0.08744654059410095,0.47980427742004395,29658.0,0.09010027348995209,37,1
StandardGP,e24adcf5-adb3-11ef-986e-e4a8dfc2a9a8,istanbul,27,39,0.08744654059410095,0.4210550785064697,25684.0,0.09010027348995209,37,1
StandardGP,e24adcf5-adb3-11ef-986e-e4a8dfc2a9a8,istanbul,27,40,0.08744654059410095,0.3968188762664795,22826.0,0.09010027348995209,37,1
StandardGP,e24adcf5-adb3-11ef-986e-e4a8dfc2a9a8,istanbul,27,41,0.08744654059410095,0.4441697597503662,26348.0,0.09010027348995209,37,1
StandardGP,e24adcf5-adb3-11ef-986e-e4a8dfc2a9a8,istanbul,27,42,0.08744654059410095,0.5861151218414307,28940.0,0.09010027348995209,37,1
StandardGP,e24adcf5-adb3-11ef-986e-e4a8dfc2a9a8,istanbul,27,43,0.08744654059410095,0.568591833114624,32382.0,0.09010027348995209,37,1
StandardGP,e24adcf5-adb3-11ef-986e-e4a8dfc2a9a8,istanbul,27,44,0.0868794247508049,0.6526894569396973,25908.0,0.09062132239341736,37,1
StandardGP,e24adcf5-adb3-11ef-986e-e4a8dfc2a9a8,istanbul,27,45,0.0868794247508049,0.45104074478149414,23288.0,0.09062132239341736,37,1
StandardGP,e24adcf5-adb3-11ef-986e-e4a8dfc2a9a8,istanbul,27,46,0.0868794247508049,0.4472355842590332,24774.0,0.09062132239341736,37,1
StandardGP,e24adcf5-adb3-11ef-986e-e4a8dfc2a9a8,istanbul,27,47,0.0868794247508049,0.45073485374450684,24452.0,0.09062132239341736,37,1
StandardGP,e24adcf5-adb3-11ef-986e-e4a8dfc2a9a8,istanbul,27,48,0.0868794247508049,0.5005807876586914,26502.0,0.09062132239341736,37,1
StandardGP,e24adcf5-adb3-11ef-986e-e4a8dfc2a9a8,istanbul,27,49,0.0868794247508049,0.42505741119384766,22114.0,0.09062132239341736,37,1
StandardGP,e24adcf5-adb3-11ef-986e-e4a8dfc2a9a8,istanbul,27,50,0.0868794247508049,0.45420002937316895,24800.0,0.09062132239341736,37,1
StandardGP,e24adcf5-adb3-11ef-986e-e4a8dfc2a9a8,istanbul,27,51,0.0868794247508049,0.41146302223205566,25500.0,0.09062132239341736,37,1
StandardGP,e24adcf5-adb3-11ef-986e-e4a8dfc2a9a8,istanbul,27,52,0.0868794247508049,0.5364093780517578,25742.0,0.09062132239341736,37,1
StandardGP,e24adcf5-adb3-11ef-986e-e4a8dfc2a9a8,istanbul,27,53,0.0868794247508049,0.5210912227630615,24014.0,0.09062132239341736,37,1
StandardGP,e24adcf5-adb3-11ef-986e-e4a8dfc2a9a8,istanbul,27,54,0.0868794247508049,0.4606156349182129,24400.0,0.09062132239341736,37,1
StandardGP,e24adcf5-adb3-11ef-986e-e4a8dfc2a9a8,istanbul,27,55,0.0868794247508049,0.29810428619384766,17326.0,0.09062132239341736,37,1
StandardGP,e24adcf5-adb3-11ef-986e-e4a8dfc2a9a8,istanbul,27,56,0.0868794247508049,0.268573522567749,15920.0,0.09062132239341736,37,1
StandardGP,e24adcf5-adb3-11ef-986e-e4a8dfc2a9a8,istanbul,27,57,0.0868794247508049,0.2580759525299072,16468.0,0.09062132239341736,37,1
StandardGP,e24adcf5-adb3-11ef-986e-e4a8dfc2a9a8,istanbul,27,58,0.0868794247508049,0.29044413566589355,18148.0,0.09062132239341736,37,1
StandardGP,e24adcf5-adb3-11ef-986e-e4a8dfc2a9a8,istanbul,27,59,0.08633873611688614,0.3019845485687256,17056.0,0.09006696194410324,419,1
StandardGP,e24adcf5-adb3-11ef-986e-e4a8dfc2a9a8,istanbul,27,60,0.08633873611688614,0.33017611503601074,18402.0,0.09006696194410324,419,1
StandardGP,e24adcf5-adb3-11ef-986e-e4a8dfc2a9a8,istanbul,27,61,0.08633873611688614,0.328948974609375,18784.0,0.09006696194410324,419,1
StandardGP,e24adcf5-adb3-11ef-986e-e4a8dfc2a9a8,istanbul,27,62,0.08633873611688614,0.3314356803894043,19054.0,0.09006696194410324,419,1
StandardGP,e24adcf5-adb3-11ef-986e-e4a8dfc2a9a8,istanbul,27,63,0.08633873611688614,0.4675257205963135,21930.0,0.09006696194410324,419,1
StandardGP,e24adcf5-adb3-11ef-986e-e4a8dfc2a9a8,istanbul,27,64,0.08606483787298203,0.4000277519226074,23196.0,0.09022907167673111,435,1
StandardGP,e24adcf5-adb3-11ef-986e-e4a8dfc2a9a8,istanbul,27,65,0.08606483787298203,0.4653148651123047,24136.0,0.09022907167673111,435,1
StandardGP,e24adcf5-adb3-11ef-986e-e4a8dfc2a9a8,istanbul,27,66,0.08606483787298203,0.5750730037689209,26808.0,0.09022907167673111,435,1
StandardGP,e24adcf5-adb3-11ef-986e-e4a8dfc2a9a8,istanbul,27,67,0.08606483787298203,0.5462906360626221,29142.0,0.09022907167673111,435,1
StandardGP,e24adcf5-adb3-11ef-986e-e4a8dfc2a9a8,istanbul,27,68,0.08606483787298203,0.5875318050384521,31698.0,0.09022907167673111,435,1
StandardGP,e24adcf5-adb3-11ef-986e-e4a8dfc2a9a8,istanbul,27,69,0.08606483787298203,0.684924840927124,33980.0,0.09022907167673111,435,1
StandardGP,e24adcf5-adb3-11ef-986e-e4a8dfc2a9a8,istanbul,27,70,0.08591530472040176,0.6647233963012695,34794.0,0.09061967581510544,403,1
StandardGP,e24adcf5-adb3-11ef-986e-e4a8dfc2a9a8,istanbul,27,71,0.08566812425851822,0.6565680503845215,37346.0,0.08978994935750961,435,1
StandardGP,e24adcf5-adb3-11ef-986e-e4a8dfc2a9a8,istanbul,27,72,0.0856560692191124,0.678990364074707,36894.0,0.08981101959943771,435,1
StandardGP,e24adcf5-adb3-11ef-986e-e4a8dfc2a9a8,istanbul,27,73,0.0856560692191124,0.7130439281463623,36784.0,0.08981101959943771,435,1
StandardGP,e24adcf5-adb3-11ef-986e-e4a8dfc2a9a8,istanbul,27,74,0.08565390855073929,0.8356599807739258,40110.0,0.08980999886989594,467,1
StandardGP,e24adcf5-adb3-11ef-986e-e4a8dfc2a9a8,istanbul,27,75,0.08565390855073929,0.8643012046813965,38650.0,0.08980999886989594,467,1
StandardGP,e24adcf5-adb3-11ef-986e-e4a8dfc2a9a8,istanbul,27,76,0.08565390855073929,0.9924752712249756,39856.0,0.08980999886989594,467,1
StandardGP,e24adcf5-adb3-11ef-986e-e4a8dfc2a9a8,istanbul,27,77,0.08565390855073929,1.1955347061157227,38402.0,0.08980999886989594,467,1
StandardGP,e24adcf5-adb3-11ef-986e-e4a8dfc2a9a8,istanbul,27,78,0.08565390855073929,0.8507041931152344,37942.0,0.08980999886989594,467,1
StandardGP,e24adcf5-adb3-11ef-986e-e4a8dfc2a9a8,istanbul,27,79,0.08565390855073929,0.9096388816833496,37986.0,0.08980999886989594,467,1
StandardGP,e24adcf5-adb3-11ef-986e-e4a8dfc2a9a8,istanbul,27,80,0.08565390855073929,0.7253344058990479,37598.0,0.08980999886989594,467,1
StandardGP,e24adcf5-adb3-11ef-986e-e4a8dfc2a9a8,istanbul,27,81,0.08565390855073929,0.9554202556610107,35206.0,0.08980999886989594,467,1
StandardGP,e24adcf5-adb3-11ef-986e-e4a8dfc2a9a8,istanbul,27,82,0.08565390855073929,0.7768933773040771,34084.0,0.08980999886989594,467,1
StandardGP,e24adcf5-adb3-11ef-986e-e4a8dfc2a9a8,istanbul,27,83,0.08565390855073929,0.8839032649993896,32742.0,0.08980999886989594,467,1
StandardGP,e24adcf5-adb3-11ef-986e-e4a8dfc2a9a8,istanbul,27,84,0.08565390855073929,0.817333459854126,29888.0,0.08980999886989594,467,1
StandardGP,e24adcf5-adb3-11ef-986e-e4a8dfc2a9a8,istanbul,27,85,0.08565390855073929,0.8783659934997559,29074.0,0.08980999886989594,467,1
StandardGP,e24adcf5-adb3-11ef-986e-e4a8dfc2a9a8,istanbul,27,86,0.08565390855073929,0.6408376693725586,28090.0,0.08980999886989594,467,1
StandardGP,e24adcf5-adb3-11ef-986e-e4a8dfc2a9a8,istanbul,27,87,0.08565390855073929,0.9637546539306641,29190.0,0.08980999886989594,467,1
StandardGP,e24adcf5-adb3-11ef-986e-e4a8dfc2a9a8,istanbul,27,88,0.08561090379953384,0.9256191253662109,30088.0,0.08972354233264923,451,1
StandardGP,e24adcf5-adb3-11ef-986e-e4a8dfc2a9a8,istanbul,27,89,0.0854400023818016,0.9513242244720459,29760.0,0.09044621884822845,467,1
StandardGP,e24adcf5-adb3-11ef-986e-e4a8dfc2a9a8,istanbul,27,90,0.0854400023818016,0.9143638610839844,30930.0,0.09044621884822845,467,1
StandardGP,e24adcf5-adb3-11ef-986e-e4a8dfc2a9a8,istanbul,27,91,0.0854400023818016,0.8965599536895752,28116.0,0.09044621884822845,467,1
StandardGP,e24adcf5-adb3-11ef-986e-e4a8dfc2a9a8,istanbul,27,92,0.0854400023818016,1.0081756114959717,30858.0,0.09044621884822845,467,1
StandardGP,e24adcf5-adb3-11ef-986e-e4a8dfc2a9a8,istanbul,27,93,0.0854400023818016,0.7089831829071045,27084.0,0.09044621884822845,467,1
StandardGP,e24adcf5-adb3-11ef-986e-e4a8dfc2a9a8,istanbul,27,94,0.0854400023818016,0.6092264652252197,26094.0,0.09044621884822845,467,1
StandardGP,e24adcf5-adb3-11ef-986e-e4a8dfc2a9a8,istanbul,27,95,0.0854400023818016,0.5588324069976807,24456.0,0.09044621884822845,467,1
StandardGP,e24adcf5-adb3-11ef-986e-e4a8dfc2a9a8,istanbul,27,96,0.0854400023818016,0.7082898616790771,21386.0,0.09044621884822845,467,1
StandardGP,e24adcf5-adb3-11ef-986e-e4a8dfc2a9a8,istanbul,27,97,0.0854400023818016,0.5641815662384033,22270.0,0.09044621884822845,467,1
StandardGP,e24adcf5-adb3-11ef-986e-e4a8dfc2a9a8,istanbul,27,98,0.0854400023818016,0.5233068466186523,23246.0,0.09044621884822845,467,1
StandardGP,e24adcf5-adb3-11ef-986e-e4a8dfc2a9a8,istanbul,27,99,0.0854400023818016,0.5690736770629883,23786.0,0.09044621884822845,467,1
StandardGP,e24adcf5-adb3-11ef-986e-e4a8dfc2a9a8,istanbul,27,100,0.0854400023818016,0.46680760383605957,24840.0,0.09044621884822845,467,1
StandardGP,83ee1579-adb5-11ef-a1c3-e4a8dfc2a9a8,istanbul,27,0,0.016476038843393326,0.054566144943237305,2220.0,0.01645662635564804,7,1
StandardGP,83ee1579-adb5-11ef-a1c3-e4a8dfc2a9a8,istanbul,27,1,0.015277575701475143,0.02700185775756836,1332.0,0.015601936727762222,5,1
StandardGP,83ee1579-adb5-11ef-a1c3-e4a8dfc2a9a8,istanbul,27,2,0.015277575701475143,0.020594358444213867,948.0,0.015601936727762222,5,1
StandardGP,83ee1579-adb5-11ef-a1c3-e4a8dfc2a9a8,istanbul,27,3,0.015266979113221169,0.01857614517211914,858.0,0.01563425548374653,5,1
StandardGP,83ee1579-adb5-11ef-a1c3-e4a8dfc2a9a8,istanbul,27,4,0.015266979113221169,0.021996259689331055,982.0,0.01563425548374653,5,1
StandardGP,83ee1579-adb5-11ef-a1c3-e4a8dfc2a9a8,istanbul,27,5,0.015266979113221169,0.01999831199645996,946.0,0.01563425548374653,5,1
StandardGP,83ee1579-adb5-11ef-a1c3-e4a8dfc2a9a8,istanbul,27,6,0.015219269320368767,0.018000125885009766,908.0,0.016313746571540833,9,1
StandardGP,83ee1579-adb5-11ef-a1c3-e4a8dfc2a9a8,istanbul,27,7,0.015219269320368767,0.022706031799316406,1038.0,0.016313746571540833,9,1
StandardGP,83ee1579-adb5-11ef-a1c3-e4a8dfc2a9a8,istanbul,27,8,0.015219269320368767,0.01999807357788086,966.0,0.016313746571540833,9,1
StandardGP,83ee1579-adb5-11ef-a1c3-e4a8dfc2a9a8,istanbul,27,9,0.015219269320368767,0.02300119400024414,1412.0,0.016313746571540833,9,1
StandardGP,83ee1579-adb5-11ef-a1c3-e4a8dfc2a9a8,istanbul,27,10,0.015219269320368767,0.026999950408935547,1696.0,0.016313746571540833,9,1
StandardGP,83ee1579-adb5-11ef-a1c3-e4a8dfc2a9a8,istanbul,27,11,0.01506715640425682,0.026611804962158203,1652.0,0.015370061621069908,3,1
StandardGP,83ee1579-adb5-11ef-a1c3-e4a8dfc2a9a8,istanbul,27,12,0.01506715640425682,0.03105473518371582,2064.0,0.015370061621069908,3,1
StandardGP,83ee1579-adb5-11ef-a1c3-e4a8dfc2a9a8,istanbul,27,13,0.01506715640425682,0.03800320625305176,2408.0,0.015370061621069908,3,1
StandardGP,83ee1579-adb5-11ef-a1c3-e4a8dfc2a9a8,istanbul,27,14,0.01506715640425682,0.03847837448120117,2366.0,0.015370061621069908,3,1
StandardGP,83ee1579-adb5-11ef-a1c3-e4a8dfc2a9a8,istanbul,27,15,0.01506715640425682,0.046000003814697266,2960.0,0.015370061621069908,3,1
StandardGP,83ee1579-adb5-11ef-a1c3-e4a8dfc2a9a8,istanbul,27,16,0.01506715640425682,0.04644656181335449,3032.0,0.015370061621069908,3,1
StandardGP,83ee1579-adb5-11ef-a1c3-e4a8dfc2a9a8,istanbul,27,17,0.01506715640425682,0.05499529838562012,3620.0,0.015370061621069908,3,1
StandardGP,83ee1579-adb5-11ef-a1c3-e4a8dfc2a9a8,istanbul,27,18,0.01506715640425682,0.04206109046936035,2898.0,0.015370061621069908,3,1
StandardGP,83ee1579-adb5-11ef-a1c3-e4a8dfc2a9a8,istanbul,27,19,0.01450901199132204,0.04599475860595703,2946.0,0.014888978563249111,5,1
StandardGP,83ee1579-adb5-11ef-a1c3-e4a8dfc2a9a8,istanbul,27,20,0.01450901199132204,0.04203081130981445,2480.0,0.014888978563249111,5,1
StandardGP,83ee1579-adb5-11ef-a1c3-e4a8dfc2a9a8,istanbul,27,21,0.01450901199132204,0.04499554634094238,2814.0,0.014888978563249111,5,1
StandardGP,83ee1579-adb5-11ef-a1c3-e4a8dfc2a9a8,istanbul,27,22,0.01450901199132204,0.04901266098022461,3076.0,0.014888978563249111,5,1
StandardGP,83ee1579-adb5-11ef-a1c3-e4a8dfc2a9a8,istanbul,27,23,0.01450901199132204,0.05554485321044922,3488.0,0.014888978563249111,5,1
StandardGP,83ee1579-adb5-11ef-a1c3-e4a8dfc2a9a8,istanbul,27,24,0.01450901199132204,0.055596113204956055,3402.0,0.014888978563249111,5,1
StandardGP,83ee1579-adb5-11ef-a1c3-e4a8dfc2a9a8,istanbul,27,25,0.01450901199132204,0.0625298023223877,3592.0,0.014888978563249111,5,1
StandardGP,83ee1579-adb5-11ef-a1c3-e4a8dfc2a9a8,istanbul,27,26,0.01450901199132204,0.06964707374572754,3356.0,0.014888978563249111,5,1
StandardGP,83ee1579-adb5-11ef-a1c3-e4a8dfc2a9a8,istanbul,27,27,0.01450901199132204,0.08333992958068848,3582.0,0.014888978563249111,5,1
StandardGP,83ee1579-adb5-11ef-a1c3-e4a8dfc2a9a8,istanbul,27,28,0.01450901199132204,0.08054924011230469,3944.0,0.014888978563249111,5,1
StandardGP,83ee1579-adb5-11ef-a1c3-e4a8dfc2a9a8,istanbul,27,29,0.01450901199132204,0.10463285446166992,3884.0,0.014888978563249111,5,1
StandardGP,83ee1579-adb5-11ef-a1c3-e4a8dfc2a9a8,istanbul,27,30,0.01450901199132204,0.11161923408508301,4230.0,0.014888978563249111,5,1
StandardGP,83ee1579-adb5-11ef-a1c3-e4a8dfc2a9a8,istanbul,27,31,0.01450901199132204,0.0943295955657959,4672.0,0.014888978563249111,5,1
StandardGP,83ee1579-adb5-11ef-a1c3-e4a8dfc2a9a8,istanbul,27,32,0.01450901199132204,0.08038163185119629,4460.0,0.014888978563249111,5,1
StandardGP,83ee1579-adb5-11ef-a1c3-e4a8dfc2a9a8,istanbul,27,33,0.01450901199132204,0.11211490631103516,5200.0,0.014888978563249111,5,1
StandardGP,83ee1579-adb5-11ef-a1c3-e4a8dfc2a9a8,istanbul,27,34,0.01450901199132204,0.15848803520202637,5754.0,0.014888978563249111,5,1
StandardGP,83ee1579-adb5-11ef-a1c3-e4a8dfc2a9a8,istanbul,27,35,0.01450901199132204,0.11342310905456543,5760.0,0.014888978563249111,5,1
StandardGP,83ee1579-adb5-11ef-a1c3-e4a8dfc2a9a8,istanbul,27,36,0.01450901199132204,0.17643284797668457,6240.0,0.014888978563249111,5,1
StandardGP,83ee1579-adb5-11ef-a1c3-e4a8dfc2a9a8,istanbul,27,37,0.01450901199132204,0.15911555290222168,5982.0,0.014888978563249111,5,1
StandardGP,83ee1579-adb5-11ef-a1c3-e4a8dfc2a9a8,istanbul,27,38,0.01450901199132204,0.21073627471923828,6452.0,0.014888978563249111,5,1
StandardGP,83ee1579-adb5-11ef-a1c3-e4a8dfc2a9a8,istanbul,27,39,0.01450901199132204,0.21028900146484375,6718.0,0.014888978563249111,5,1
StandardGP,83ee1579-adb5-11ef-a1c3-e4a8dfc2a9a8,istanbul,27,40,0.01450901199132204,0.195098876953125,6992.0,0.014888978563249111,5,1
StandardGP,83ee1579-adb5-11ef-a1c3-e4a8dfc2a9a8,istanbul,27,41,0.01450901199132204,0.15446829795837402,6948.0,0.014888978563249111,5,1
StandardGP,83ee1579-adb5-11ef-a1c3-e4a8dfc2a9a8,istanbul,27,42,0.01450901199132204,0.13170814514160156,6418.0,0.014888978563249111,5,1
StandardGP,83ee1579-adb5-11ef-a1c3-e4a8dfc2a9a8,istanbul,27,43,0.01450901199132204,0.13053655624389648,6410.0,0.014888978563249111,5,1
StandardGP,83ee1579-adb5-11ef-a1c3-e4a8dfc2a9a8,istanbul,27,44,0.014507081359624863,0.16997718811035156,6442.0,0.014886995777487755,33,1
StandardGP,83ee1579-adb5-11ef-a1c3-e4a8dfc2a9a8,istanbul,27,45,0.01449151337146759,0.1359844207763672,6482.0,0.014767652377486229,23,1
StandardGP,83ee1579-adb5-11ef-a1c3-e4a8dfc2a9a8,istanbul,27,46,0.014490296132862568,0.1300525665283203,6444.0,0.01493461336940527,33,1
StandardGP,83ee1579-adb5-11ef-a1c3-e4a8dfc2a9a8,istanbul,27,47,0.014490296132862568,0.1354677677154541,6028.0,0.01493461336940527,33,1
StandardGP,83ee1579-adb5-11ef-a1c3-e4a8dfc2a9a8,istanbul,27,48,0.014343766495585442,0.1773076057434082,6300.0,0.034185729920864105,19,1
StandardGP,83ee1579-adb5-11ef-a1c3-e4a8dfc2a9a8,istanbul,27,49,0.014307070523500443,0.1738111972808838,6254.0,0.014681147411465645,9,1
StandardGP,83ee1579-adb5-11ef-a1c3-e4a8dfc2a9a8,istanbul,27,50,0.014307070523500443,0.1772017478942871,5570.0,0.014681147411465645,9,1
StandardGP,83ee1579-adb5-11ef-a1c3-e4a8dfc2a9a8,istanbul,27,51,0.014307070523500443,0.11639904975891113,5068.0,0.014681147411465645,9,1
StandardGP,83ee1579-adb5-11ef-a1c3-e4a8dfc2a9a8,istanbul,27,52,0.014307070523500443,0.0785825252532959,4338.0,0.014681147411465645,9,1
StandardGP,83ee1579-adb5-11ef-a1c3-e4a8dfc2a9a8,istanbul,27,53,0.01397573109716177,0.07442283630371094,3628.0,0.014285529963672161,19,1
StandardGP,83ee1579-adb5-11ef-a1c3-e4a8dfc2a9a8,istanbul,27,54,0.013975457288324833,0.0666053295135498,3326.0,0.014286416582763195,33,1
StandardGP,83ee1579-adb5-11ef-a1c3-e4a8dfc2a9a8,istanbul,27,55,0.013975457288324833,0.08040976524353027,3554.0,0.014286416582763195,33,1
StandardGP,83ee1579-adb5-11ef-a1c3-e4a8dfc2a9a8,istanbul,27,56,0.013960851356387138,0.07425212860107422,3220.0,0.014311340637505054,13,1
StandardGP,83ee1579-adb5-11ef-a1c3-e4a8dfc2a9a8,istanbul,27,57,0.013960851356387138,0.06703805923461914,3278.0,0.014311340637505054,13,1
StandardGP,83ee1579-adb5-11ef-a1c3-e4a8dfc2a9a8,istanbul,27,58,0.013960851356387138,0.06376791000366211,3288.0,0.014311340637505054,13,1
StandardGP,83ee1579-adb5-11ef-a1c3-e4a8dfc2a9a8,istanbul,27,59,0.013960851356387138,0.06479001045227051,3352.0,0.014311340637505054,13,1
StandardGP,83ee1579-adb5-11ef-a1c3-e4a8dfc2a9a8,istanbul,27,60,0.013949158601462841,0.06368684768676758,3326.0,0.014334695413708687,61,1
StandardGP,83ee1579-adb5-11ef-a1c3-e4a8dfc2a9a8,istanbul,27,61,0.013949158601462841,0.06457018852233887,3396.0,0.014334695413708687,61,1
StandardGP,83ee1579-adb5-11ef-a1c3-e4a8dfc2a9a8,istanbul,27,62,0.013949158601462841,0.07498025894165039,4050.0,0.014334695413708687,61,1
StandardGP,83ee1579-adb5-11ef-a1c3-e4a8dfc2a9a8,istanbul,27,63,0.013949158601462841,0.08156752586364746,4586.0,0.014334695413708687,61,1
StandardGP,83ee1579-adb5-11ef-a1c3-e4a8dfc2a9a8,istanbul,27,64,0.013949158601462841,0.10528802871704102,4834.0,0.014334695413708687,61,1
StandardGP,83ee1579-adb5-11ef-a1c3-e4a8dfc2a9a8,istanbul,27,65,0.013940827921032906,0.1398482322692871,4872.0,0.014353453181684017,75,1
StandardGP,83ee1579-adb5-11ef-a1c3-e4a8dfc2a9a8,istanbul,27,66,0.013940827921032906,0.1526029109954834,5100.0,0.014353453181684017,75,1
StandardGP,83ee1579-adb5-11ef-a1c3-e4a8dfc2a9a8,istanbul,27,67,0.013914420269429684,0.17167305946350098,5164.0,0.0144215552136302,75,1
StandardGP,83ee1579-adb5-11ef-a1c3-e4a8dfc2a9a8,istanbul,27,68,0.013914420269429684,0.16818451881408691,5426.0,0.0144215552136302,75,1
StandardGP,83ee1579-adb5-11ef-a1c3-e4a8dfc2a9a8,istanbul,27,69,0.013914420269429684,0.10858440399169922,5208.0,0.0144215552136302,75,1
StandardGP,83ee1579-adb5-11ef-a1c3-e4a8dfc2a9a8,istanbul,27,70,0.013910418376326561,0.16889739036560059,5640.0,0.014113478362560272,89,1
StandardGP,83ee1579-adb5-11ef-a1c3-e4a8dfc2a9a8,istanbul,27,71,0.013894191943109035,0.1613008975982666,5890.0,0.014480137266218662,89,1
StandardGP,83ee1579-adb5-11ef-a1c3-e4a8dfc2a9a8,istanbul,27,72,0.013894191943109035,0.1242685317993164,6308.0,0.014480137266218662,89,1
StandardGP,83ee1579-adb5-11ef-a1c3-e4a8dfc2a9a8,istanbul,27,73,0.013860260136425495,0.12376689910888672,6224.0,0.016812141984701157,155,1
StandardGP,83ee1579-adb5-11ef-a1c3-e4a8dfc2a9a8,istanbul,27,74,0.013860260136425495,0.1360607147216797,7356.0,0.016812141984701157,155,1
StandardGP,83ee1579-adb5-11ef-a1c3-e4a8dfc2a9a8,istanbul,27,75,0.013845060020685196,0.1683971881866455,7828.0,0.014427751302719116,55,1
StandardGP,83ee1579-adb5-11ef-a1c3-e4a8dfc2a9a8,istanbul,27,76,0.013830156996846199,0.1333003044128418,7552.0,0.01440329197794199,49,1
StandardGP,83ee1579-adb5-11ef-a1c3-e4a8dfc2a9a8,istanbul,27,77,0.013830156996846199,0.13587617874145508,7246.0,0.01440329197794199,49,1
StandardGP,83ee1579-adb5-11ef-a1c3-e4a8dfc2a9a8,istanbul,27,78,0.013830156996846199,0.11957025527954102,6722.0,0.01440329197794199,49,1
StandardGP,83ee1579-adb5-11ef-a1c3-e4a8dfc2a9a8,istanbul,27,79,0.013777422718703747,0.10693573951721191,6138.0,0.014608928002417088,21,1
StandardGP,83ee1579-adb5-11ef-a1c3-e4a8dfc2a9a8,istanbul,27,80,0.013728251680731773,0.11617588996887207,6382.0,0.014529396779835224,29,1
StandardGP,83ee1579-adb5-11ef-a1c3-e4a8dfc2a9a8,istanbul,27,81,0.013728251680731773,0.10158443450927734,5950.0,0.014529396779835224,29,1
StandardGP,83ee1579-adb5-11ef-a1c3-e4a8dfc2a9a8,istanbul,27,82,0.013728251680731773,0.09692049026489258,5752.0,0.014529396779835224,29,1
StandardGP,83ee1579-adb5-11ef-a1c3-e4a8dfc2a9a8,istanbul,27,83,0.013728251680731773,0.10646224021911621,5968.0,0.014529396779835224,29,1
StandardGP,83ee1579-adb5-11ef-a1c3-e4a8dfc2a9a8,istanbul,27,84,0.013728251680731773,0.08786368370056152,5218.0,0.014529396779835224,29,1
StandardGP,83ee1579-adb5-11ef-a1c3-e4a8dfc2a9a8,istanbul,27,85,0.013728251680731773,0.08388900756835938,4776.0,0.014529396779835224,29,1
StandardGP,83ee1579-adb5-11ef-a1c3-e4a8dfc2a9a8,istanbul,27,86,0.013728251680731773,0.09052133560180664,4794.0,0.014529396779835224,29,1
StandardGP,83ee1579-adb5-11ef-a1c3-e4a8dfc2a9a8,istanbul,27,87,0.013728251680731773,0.07200741767883301,4072.0,0.014529396779835224,29,1
StandardGP,83ee1579-adb5-11ef-a1c3-e4a8dfc2a9a8,istanbul,27,88,0.013728251680731773,0.07352328300476074,4306.0,0.014529396779835224,29,1
StandardGP,83ee1579-adb5-11ef-a1c3-e4a8dfc2a9a8,istanbul,27,89,0.013728251680731773,0.08720064163208008,4838.0,0.014529396779835224,29,1
StandardGP,83ee1579-adb5-11ef-a1c3-e4a8dfc2a9a8,istanbul,27,90,0.013728251680731773,0.08056187629699707,4930.0,0.014529396779835224,29,1
StandardGP,83ee1579-adb5-11ef-a1c3-e4a8dfc2a9a8,istanbul,27,91,0.013728251680731773,0.08177351951599121,4600.0,0.014529396779835224,29,1
StandardGP,83ee1579-adb5-11ef-a1c3-e4a8dfc2a9a8,istanbul,27,92,0.013728251680731773,0.07808876037597656,4422.0,0.014529396779835224,29,1
StandardGP,83ee1579-adb5-11ef-a1c3-e4a8dfc2a9a8,istanbul,27,93,0.013728251680731773,0.07400131225585938,4272.0,0.014529396779835224,29,1
StandardGP,83ee1579-adb5-11ef-a1c3-e4a8dfc2a9a8,istanbul,27,94,0.013728251680731773,0.06899333000183105,4160.0,0.014529396779835224,29,1
StandardGP,83ee1579-adb5-11ef-a1c3-e4a8dfc2a9a8,istanbul,27,95,0.013728251680731773,0.07717323303222656,4532.0,0.014529396779835224,29,1
StandardGP,83ee1579-adb5-11ef-a1c3-e4a8dfc2a9a8,istanbul,27,96,0.013728251680731773,0.07860994338989258,5070.0,0.014529396779835224,29,1
StandardGP,83ee1579-adb5-11ef-a1c3-e4a8dfc2a9a8,istanbul,27,97,0.013728251680731773,0.07602310180664062,4650.0,0.014529396779835224,29,1
StandardGP,83ee1579-adb5-11ef-a1c3-e4a8dfc2a9a8,istanbul,27,98,0.013728251680731773,0.07145953178405762,4414.0,0.014529396779835224,29,1
StandardGP,83ee1579-adb5-11ef-a1c3-e4a8dfc2a9a8,istanbul,27,99,0.013728251680731773,0.06473946571350098,3940.0,0.014529396779835224,29,1
StandardGP,83ee1579-adb5-11ef-a1c3-e4a8dfc2a9a8,istanbul,27,100,0.013728251680731773,0.07269048690795898,4546.0,0.014529396779835224,29,1
