StandardGP,bacbbce9-adb2-11ef-ba29-e4a8dfc2a9a8,istanbul,21,0,0.15443111956119537,0.02873706817626953,888.0,0.1459181308746338,7,1
StandardGP,bacbbce9-adb2-11ef-ba29-e4a8dfc2a9a8,istanbul,21,1,0.14538754522800446,0.02361750602722168,918.0,0.1280178427696228,5,1
StandardGP,bacbbce9-adb2-11ef-ba29-e4a8dfc2a9a8,istanbul,21,2,0.1101289764046669,0.022113323211669922,926.0,0.09919339418411255,9,1
StandardGP,bacbbce9-adb2-11ef-ba29-e4a8dfc2a9a8,istanbul,21,3,0.1101289764046669,0.02196478843688965,922.0,0.09919339418411255,9,1
StandardGP,bacbbce9-adb2-11ef-ba29-e4a8dfc2a9a8,istanbul,21,4,0.09358187019824982,0.02202606201171875,1024.0,0.08633182942867279,11,1
StandardGP,bacbbce9-adb2-11ef-ba29-e4a8dfc2a9a8,istanbul,21,5,0.09358187019824982,0.02061748504638672,932.0,0.08633182942867279,11,1
StandardGP,bacbbce9-adb2-11ef-ba29-e4a8dfc2a9a8,istanbul,21,6,0.09358187019824982,0.02319931983947754,1138.0,0.08633182942867279,11,1
StandardGP,bacbbce9-adb2-11ef-ba29-e4a8dfc2a9a8,istanbul,21,7,0.09358187019824982,0.028983592987060547,1630.0,0.08633182942867279,11,1
StandardGP,bacbbce9-adb2-11ef-ba29-e4a8dfc2a9a8,istanbul,21,8,0.09358187019824982,0.03759360313415527,2132.0,0.08633182942867279,11,1
StandardGP,bacbbce9-adb2-11ef-ba29-e4a8dfc2a9a8,istanbul,21,9,0.09000249952077866,0.04642844200134277,2828.0,0.07715718448162079,23,1
StandardGP,bacbbce9-adb2-11ef-ba29-e4a8dfc2a9a8,istanbul,21,10,0.09000249952077866,0.06183505058288574,3796.0,0.07715718448162079,23,1
StandardGP,bacbbce9-adb2-11ef-ba29-e4a8dfc2a9a8,istanbul,21,11,0.09000249952077866,0.07595586776733398,4596.0,0.07715718448162079,23,1
StandardGP,bacbbce9-adb2-11ef-ba29-e4a8dfc2a9a8,istanbul,21,12,0.09000249952077866,0.08934354782104492,5208.0,0.07715718448162079,23,1
StandardGP,bacbbce9-adb2-11ef-ba29-e4a8dfc2a9a8,istanbul,21,13,0.09000249952077866,0.09344744682312012,5782.0,0.07715718448162079,23,1
StandardGP,bacbbce9-adb2-11ef-ba29-e4a8dfc2a9a8,istanbul,21,14,0.09000249952077866,0.09814739227294922,6536.0,0.07715718448162079,23,1
StandardGP,bacbbce9-adb2-11ef-ba29-e4a8dfc2a9a8,istanbul,21,15,0.09000249952077866,0.11363363265991211,7790.0,0.07715718448162079,23,1
StandardGP,bacbbce9-adb2-11ef-ba29-e4a8dfc2a9a8,istanbul,21,16,0.09000249952077866,0.11098861694335938,7724.0,0.07715718448162079,23,1
StandardGP,bacbbce9-adb2-11ef-ba29-e4a8dfc2a9a8,istanbul,21,17,0.09000249952077866,0.10918092727661133,7372.0,0.07715718448162079,23,1
StandardGP,bacbbce9-adb2-11ef-ba29-e4a8dfc2a9a8,istanbul,21,18,0.09000249952077866,0.10320067405700684,7552.0,0.07715718448162079,23,1
StandardGP,bacbbce9-adb2-11ef-ba29-e4a8dfc2a9a8,istanbul,21,19,0.09000249952077866,0.1294231414794922,9492.0,0.07715718448162079,23,1
StandardGP,bacbbce9-adb2-11ef-ba29-e4a8dfc2a9a8,istanbul,21,20,0.09000249952077866,0.11003994941711426,8070.0,0.07715718448162079,23,1
StandardGP,bacbbce9-adb2-11ef-ba29-e4a8dfc2a9a8,istanbul,21,21,0.09000249952077866,0.14663076400756836,10862.0,0.07715718448162079,23,1
StandardGP,bacbbce9-adb2-11ef-ba29-e4a8dfc2a9a8,istanbul,21,22,0.09000249952077866,0.17151784896850586,12946.0,0.07715718448162079,23,1
StandardGP,bacbbce9-adb2-11ef-ba29-e4a8dfc2a9a8,istanbul,21,23,0.09000249952077866,0.18172788619995117,12784.0,0.07715718448162079,23,1
StandardGP,bacbbce9-adb2-11ef-ba29-e4a8dfc2a9a8,istanbul,21,24,0.09000249952077866,0.17205047607421875,11562.0,0.07715718448162079,23,1
StandardGP,bacbbce9-adb2-11ef-ba29-e4a8dfc2a9a8,istanbul,21,25,0.09000249952077866,0.1964724063873291,13376.0,0.07715718448162079,23,1
StandardGP,bacbbce9-adb2-11ef-ba29-e4a8dfc2a9a8,istanbul,21,26,0.09000249952077866,0.2777523994445801,19956.0,0.07715718448162079,23,1
StandardGP,bacbbce9-adb2-11ef-ba29-e4a8dfc2a9a8,istanbul,21,27,0.09000249952077866,0.27999043464660645,18196.0,0.07715718448162079,23,1
StandardGP,bacbbce9-adb2-11ef-ba29-e4a8dfc2a9a8,istanbul,21,28,0.09000249952077866,0.3166167736053467,19710.0,0.07715718448162079,23,1
StandardGP,bacbbce9-adb2-11ef-ba29-e4a8dfc2a9a8,istanbul,21,29,0.088858462870121,0.27585625648498535,17950.0,0.07617097347974777,23,1
StandardGP,bacbbce9-adb2-11ef-ba29-e4a8dfc2a9a8,istanbul,21,30,0.088858462870121,0.2633383274078369,17030.0,0.07617097347974777,23,1
StandardGP,bacbbce9-adb2-11ef-ba29-e4a8dfc2a9a8,istanbul,21,31,0.088858462870121,0.2678813934326172,19004.0,0.07617097347974777,23,1
StandardGP,bacbbce9-adb2-11ef-ba29-e4a8dfc2a9a8,istanbul,21,32,0.088858462870121,0.3263883590698242,22264.0,0.07617097347974777,23,1
StandardGP,bacbbce9-adb2-11ef-ba29-e4a8dfc2a9a8,istanbul,21,33,0.088858462870121,0.3132016658782959,20476.0,0.07617097347974777,23,1
StandardGP,bacbbce9-adb2-11ef-ba29-e4a8dfc2a9a8,istanbul,21,34,0.088858462870121,0.3771355152130127,24314.0,0.07617097347974777,23,1
StandardGP,bacbbce9-adb2-11ef-ba29-e4a8dfc2a9a8,istanbul,21,35,0.088858462870121,0.45343732833862305,27730.0,0.07617097347974777,23,1
StandardGP,bacbbce9-adb2-11ef-ba29-e4a8dfc2a9a8,istanbul,21,36,0.088858462870121,0.47504496574401855,29060.0,0.07617097347974777,23,1
StandardGP,bacbbce9-adb2-11ef-ba29-e4a8dfc2a9a8,istanbul,21,37,0.088858462870121,0.46271562576293945,28696.0,0.07617097347974777,23,1
StandardGP,bacbbce9-adb2-11ef-ba29-e4a8dfc2a9a8,istanbul,21,38,0.088858462870121,0.5598468780517578,26956.0,0.07617097347974777,23,1
StandardGP,bacbbce9-adb2-11ef-ba29-e4a8dfc2a9a8,istanbul,21,39,0.088858462870121,0.41223955154418945,25476.0,0.07617097347974777,23,1
StandardGP,bacbbce9-adb2-11ef-ba29-e4a8dfc2a9a8,istanbul,21,40,0.088858462870121,0.46158814430236816,23708.0,0.07617097347974777,23,1
StandardGP,bacbbce9-adb2-11ef-ba29-e4a8dfc2a9a8,istanbul,21,41,0.088858462870121,0.39816832542419434,23790.0,0.07617097347974777,23,1
StandardGP,bacbbce9-adb2-11ef-ba29-e4a8dfc2a9a8,istanbul,21,42,0.088858462870121,0.47727441787719727,29236.0,0.07617097347974777,23,1
StandardGP,bacbbce9-adb2-11ef-ba29-e4a8dfc2a9a8,istanbul,21,43,0.088858462870121,0.5466587543487549,33112.0,0.07617097347974777,23,1
StandardGP,bacbbce9-adb2-11ef-ba29-e4a8dfc2a9a8,istanbul,21,44,0.088858462870121,0.6526894569396973,34894.0,0.07617097347974777,23,1
StandardGP,bacbbce9-adb2-11ef-ba29-e4a8dfc2a9a8,istanbul,21,45,0.088858462870121,0.8300313949584961,40552.0,0.07617097347974777,23,1
StandardGP,bacbbce9-adb2-11ef-ba29-e4a8dfc2a9a8,istanbul,21,46,0.088858462870121,0.8394122123718262,42446.0,0.07617097347974777,23,1
StandardGP,bacbbce9-adb2-11ef-ba29-e4a8dfc2a9a8,istanbul,21,47,0.088858462870121,0.6989097595214844,39628.0,0.07617097347974777,23,1
StandardGP,bacbbce9-adb2-11ef-ba29-e4a8dfc2a9a8,istanbul,21,48,0.088858462870121,0.8554952144622803,40464.0,0.07617097347974777,23,1
StandardGP,bacbbce9-adb2-11ef-ba29-e4a8dfc2a9a8,istanbul,21,49,0.088858462870121,0.8131372928619385,42212.0,0.07617097347974777,23,1
StandardGP,bacbbce9-adb2-11ef-ba29-e4a8dfc2a9a8,istanbul,21,50,0.088858462870121,0.7359812259674072,42294.0,0.07617097347974777,23,1
StandardGP,bacbbce9-adb2-11ef-ba29-e4a8dfc2a9a8,istanbul,21,51,0.088858462870121,0.7368838787078857,47362.0,0.07617097347974777,23,1
StandardGP,bacbbce9-adb2-11ef-ba29-e4a8dfc2a9a8,istanbul,21,52,0.088858462870121,0.7660257816314697,42582.0,0.07617097347974777,23,1
StandardGP,bacbbce9-adb2-11ef-ba29-e4a8dfc2a9a8,istanbul,21,53,0.08366317301988602,0.6280584335327148,39158.0,0.07963523268699646,9,1
StandardGP,bacbbce9-adb2-11ef-ba29-e4a8dfc2a9a8,istanbul,21,54,0.08366317301988602,0.7326323986053467,43960.0,0.07963523268699646,9,1
StandardGP,bacbbce9-adb2-11ef-ba29-e4a8dfc2a9a8,istanbul,21,55,0.08366317301988602,0.8091349601745605,48132.0,0.07963523268699646,9,1
StandardGP,bacbbce9-adb2-11ef-ba29-e4a8dfc2a9a8,istanbul,21,56,0.08366317301988602,0.7688174247741699,47466.0,0.07963523268699646,9,1
StandardGP,bacbbce9-adb2-11ef-ba29-e4a8dfc2a9a8,istanbul,21,57,0.08366317301988602,0.869673490524292,48348.0,0.07963523268699646,9,1
StandardGP,bacbbce9-adb2-11ef-ba29-e4a8dfc2a9a8,istanbul,21,58,0.08366317301988602,0.7560985088348389,47780.0,0.07963523268699646,9,1
StandardGP,bacbbce9-adb2-11ef-ba29-e4a8dfc2a9a8,istanbul,21,59,0.08356006443500519,0.5723845958709717,37854.0,0.08522802591323853,11,1
StandardGP,bacbbce9-adb2-11ef-ba29-e4a8dfc2a9a8,istanbul,21,60,0.0835360586643219,0.524329423904419,33724.0,0.08122391253709793,11,1
StandardGP,bacbbce9-adb2-11ef-ba29-e4a8dfc2a9a8,istanbul,21,61,0.0835360586643219,0.5964739322662354,38796.0,0.08122391253709793,11,1
StandardGP,bacbbce9-adb2-11ef-ba29-e4a8dfc2a9a8,istanbul,21,62,0.0835360586643219,0.6507370471954346,40842.0,0.08122391253709793,11,1
StandardGP,bacbbce9-adb2-11ef-ba29-e4a8dfc2a9a8,istanbul,21,63,0.0835360586643219,0.5867071151733398,38538.0,0.08122391253709793,11,1
StandardGP,bacbbce9-adb2-11ef-ba29-e4a8dfc2a9a8,istanbul,21,64,0.0835360586643219,0.689079761505127,42230.0,0.08122391253709793,11,1
StandardGP,bacbbce9-adb2-11ef-ba29-e4a8dfc2a9a8,istanbul,21,65,0.0835360586643219,0.7990632057189941,44342.0,0.08122391253709793,11,1
StandardGP,bacbbce9-adb2-11ef-ba29-e4a8dfc2a9a8,istanbul,21,66,0.0835360586643219,0.7104475498199463,42188.0,0.08122391253709793,11,1
StandardGP,bacbbce9-adb2-11ef-ba29-e4a8dfc2a9a8,istanbul,21,67,0.0835360586643219,0.6137971878051758,39438.0,0.08122391253709793,11,1
StandardGP,bacbbce9-adb2-11ef-ba29-e4a8dfc2a9a8,istanbul,21,68,0.0835360586643219,0.7587575912475586,50098.0,0.08122391253709793,11,1
StandardGP,bacbbce9-adb2-11ef-ba29-e4a8dfc2a9a8,istanbul,21,69,0.0835360586643219,0.6706619262695312,46622.0,0.08122391253709793,11,1
StandardGP,bacbbce9-adb2-11ef-ba29-e4a8dfc2a9a8,istanbul,21,70,0.0835360586643219,0.7257211208343506,48486.0,0.08122391253709793,11,1
StandardGP,bacbbce9-adb2-11ef-ba29-e4a8dfc2a9a8,istanbul,21,71,0.0835360586643219,0.6645457744598389,44566.0,0.08122391253709793,11,1
StandardGP,bacbbce9-adb2-11ef-ba29-e4a8dfc2a9a8,istanbul,21,72,0.0835360586643219,0.8091933727264404,49398.0,0.08122391253709793,11,1
StandardGP,bacbbce9-adb2-11ef-ba29-e4a8dfc2a9a8,istanbul,21,73,0.0835360586643219,0.5693249702453613,37972.0,0.08122391253709793,11,1
StandardGP,bacbbce9-adb2-11ef-ba29-e4a8dfc2a9a8,istanbul,21,74,0.0835360586643219,0.8509280681610107,40978.0,0.08122391253709793,11,1
StandardGP,bacbbce9-adb2-11ef-ba29-e4a8dfc2a9a8,istanbul,21,75,0.0835360586643219,0.9077813625335693,47826.0,0.08122391253709793,11,1
StandardGP,bacbbce9-adb2-11ef-ba29-e4a8dfc2a9a8,istanbul,21,76,0.0835360586643219,0.9282422065734863,51880.0,0.08122391253709793,11,1
StandardGP,bacbbce9-adb2-11ef-ba29-e4a8dfc2a9a8,istanbul,21,77,0.0835360586643219,0.8485417366027832,47008.0,0.08122391253709793,11,1
StandardGP,bacbbce9-adb2-11ef-ba29-e4a8dfc2a9a8,istanbul,21,78,0.08311738818883896,0.6664369106292725,42628.0,0.08275078982114792,11,1
StandardGP,bacbbce9-adb2-11ef-ba29-e4a8dfc2a9a8,istanbul,21,79,0.08311738818883896,0.5861544609069824,38652.0,0.08275078982114792,11,1
StandardGP,bacbbce9-adb2-11ef-ba29-e4a8dfc2a9a8,istanbul,21,80,0.08311738818883896,0.6421873569488525,41728.0,0.08275078982114792,11,1
StandardGP,bacbbce9-adb2-11ef-ba29-e4a8dfc2a9a8,istanbul,21,81,0.08311738818883896,0.6654117107391357,45560.0,0.08275078982114792,11,1
StandardGP,bacbbce9-adb2-11ef-ba29-e4a8dfc2a9a8,istanbul,21,82,0.08311738818883896,0.7169384956359863,41724.0,0.08275078982114792,11,1
StandardGP,bacbbce9-adb2-11ef-ba29-e4a8dfc2a9a8,istanbul,21,83,0.08311738818883896,0.7212669849395752,48160.0,0.08275078982114792,11,1
StandardGP,bacbbce9-adb2-11ef-ba29-e4a8dfc2a9a8,istanbul,21,84,0.08311738818883896,0.6303272247314453,43456.0,0.08275078982114792,11,1
StandardGP,bacbbce9-adb2-11ef-ba29-e4a8dfc2a9a8,istanbul,21,85,0.08311738818883896,0.6573107242584229,44674.0,0.08275078982114792,11,1
StandardGP,bacbbce9-adb2-11ef-ba29-e4a8dfc2a9a8,istanbul,21,86,0.08311738818883896,0.7780137062072754,46980.0,0.08275078982114792,11,1
StandardGP,bacbbce9-adb2-11ef-ba29-e4a8dfc2a9a8,istanbul,21,87,0.08311738818883896,0.6675164699554443,43512.0,0.08275078982114792,11,1
StandardGP,bacbbce9-adb2-11ef-ba29-e4a8dfc2a9a8,istanbul,21,88,0.08311738818883896,0.651170015335083,43478.0,0.08275078982114792,11,1
StandardGP,bacbbce9-adb2-11ef-ba29-e4a8dfc2a9a8,istanbul,21,89,0.08311738818883896,0.6230716705322266,41446.0,0.08275078982114792,11,1
StandardGP,bacbbce9-adb2-11ef-ba29-e4a8dfc2a9a8,istanbul,21,90,0.08311738818883896,0.770158052444458,46004.0,0.08275078982114792,11,1
StandardGP,bacbbce9-adb2-11ef-ba29-e4a8dfc2a9a8,istanbul,21,91,0.08311738818883896,0.7350401878356934,50910.0,0.08275078982114792,11,1
StandardGP,bacbbce9-adb2-11ef-ba29-e4a8dfc2a9a8,istanbul,21,92,0.08311738818883896,0.7190802097320557,52544.0,0.08275078982114792,11,1
StandardGP,bacbbce9-adb2-11ef-ba29-e4a8dfc2a9a8,istanbul,21,93,0.08311738818883896,0.7322003841400146,54204.0,0.08275078982114792,11,1
StandardGP,bacbbce9-adb2-11ef-ba29-e4a8dfc2a9a8,istanbul,21,94,0.08311738818883896,0.8073856830596924,56668.0,0.08275078982114792,11,1
StandardGP,bacbbce9-adb2-11ef-ba29-e4a8dfc2a9a8,istanbul,21,95,0.08311738818883896,0.8832418918609619,59716.0,0.08275078982114792,11,1
StandardGP,bacbbce9-adb2-11ef-ba29-e4a8dfc2a9a8,istanbul,21,96,0.08311738818883896,0.6845376491546631,51370.0,0.08275078982114792,11,1
StandardGP,bacbbce9-adb2-11ef-ba29-e4a8dfc2a9a8,istanbul,21,97,0.08311738818883896,0.8447375297546387,54584.0,0.08275078982114792,11,1
StandardGP,bacbbce9-adb2-11ef-ba29-e4a8dfc2a9a8,istanbul,21,98,0.08311738818883896,0.8405489921569824,61436.0,0.08275078982114792,11,1
StandardGP,bacbbce9-adb2-11ef-ba29-e4a8dfc2a9a8,istanbul,21,99,0.08311738818883896,1.0550448894500732,71190.0,0.08275078982114792,11,1
StandardGP,bacbbce9-adb2-11ef-ba29-e4a8dfc2a9a8,istanbul,21,100,0.08311738818883896,1.0816726684570312,71948.0,0.08275078982114792,11,1
StandardGP,38ec9346-adb5-11ef-abb5-e4a8dfc2a9a8,istanbul,21,0,0.015754658728837967,0.05752444267272949,2222.0,0.014462295919656754,5,1
StandardGP,38ec9346-adb5-11ef-abb5-e4a8dfc2a9a8,istanbul,21,1,0.015754658728837967,0.02856612205505371,1382.0,0.014462295919656754,5,1
StandardGP,38ec9346-adb5-11ef-abb5-e4a8dfc2a9a8,istanbul,21,2,0.015754658728837967,0.022647857666015625,1040.0,0.014462295919656754,5,1
StandardGP,38ec9346-adb5-11ef-abb5-e4a8dfc2a9a8,istanbul,21,3,0.015754658728837967,0.02073216438293457,996.0,0.014462295919656754,5,1
StandardGP,38ec9346-adb5-11ef-abb5-e4a8dfc2a9a8,istanbul,21,4,0.01575465127825737,0.02459716796875,1234.0,0.01446229126304388,17,1
StandardGP,38ec9346-adb5-11ef-abb5-e4a8dfc2a9a8,istanbul,21,5,0.01575465127825737,0.027043581008911133,1454.0,0.01446229126304388,17,1
StandardGP,38ec9346-adb5-11ef-abb5-e4a8dfc2a9a8,istanbul,21,6,0.015524039044976234,0.026117324829101562,1482.0,0.014214384369552135,9,1
StandardGP,38ec9346-adb5-11ef-abb5-e4a8dfc2a9a8,istanbul,21,7,0.015524039044976234,0.028660297393798828,1610.0,0.014214384369552135,9,1
StandardGP,38ec9346-adb5-11ef-abb5-e4a8dfc2a9a8,istanbul,21,8,0.015524039044976234,0.03518199920654297,1954.0,0.014214384369552135,9,1
StandardGP,38ec9346-adb5-11ef-abb5-e4a8dfc2a9a8,istanbul,21,9,0.015524039044976234,0.03580212593078613,2036.0,0.014214384369552135,9,1
StandardGP,38ec9346-adb5-11ef-abb5-e4a8dfc2a9a8,istanbul,21,10,0.015524039044976234,0.038553714752197266,2338.0,0.014214384369552135,9,1
StandardGP,38ec9346-adb5-11ef-abb5-e4a8dfc2a9a8,istanbul,21,11,0.015524039044976234,0.04192066192626953,2708.0,0.014214384369552135,9,1
StandardGP,38ec9346-adb5-11ef-abb5-e4a8dfc2a9a8,istanbul,21,12,0.015522864647209644,0.05452752113342285,3678.0,0.014400952495634556,7,1
StandardGP,38ec9346-adb5-11ef-abb5-e4a8dfc2a9a8,istanbul,21,13,0.015522864647209644,0.059481143951416016,3934.0,0.014400952495634556,7,1
StandardGP,38ec9346-adb5-11ef-abb5-e4a8dfc2a9a8,istanbul,21,14,0.015509999357163906,0.06784844398498535,4316.0,0.014310430735349655,7,1
StandardGP,38ec9346-adb5-11ef-abb5-e4a8dfc2a9a8,istanbul,21,15,0.015509999357163906,0.07012534141540527,4806.0,0.014310430735349655,7,1
StandardGP,38ec9346-adb5-11ef-abb5-e4a8dfc2a9a8,istanbul,21,16,0.015509999357163906,0.07778072357177734,5590.0,0.014310430735349655,7,1
StandardGP,38ec9346-adb5-11ef-abb5-e4a8dfc2a9a8,istanbul,21,17,0.015509999357163906,0.10462570190429688,7404.0,0.014310430735349655,7,1
StandardGP,38ec9346-adb5-11ef-abb5-e4a8dfc2a9a8,istanbul,21,18,0.015509999357163906,0.13862013816833496,9150.0,0.014310430735349655,7,1
StandardGP,38ec9346-adb5-11ef-abb5-e4a8dfc2a9a8,istanbul,21,19,0.0155088035389781,0.12937641143798828,8468.0,0.014341482892632484,7,1
StandardGP,38ec9346-adb5-11ef-abb5-e4a8dfc2a9a8,istanbul,21,20,0.0155088035389781,0.1569836139678955,10950.0,0.014341482892632484,7,1
StandardGP,38ec9346-adb5-11ef-abb5-e4a8dfc2a9a8,istanbul,21,21,0.0155088035389781,0.19541716575622559,13536.0,0.014341482892632484,7,1
StandardGP,38ec9346-adb5-11ef-abb5-e4a8dfc2a9a8,istanbul,21,22,0.0155088035389781,0.20625925064086914,13962.0,0.014341482892632484,7,1
StandardGP,38ec9346-adb5-11ef-abb5-e4a8dfc2a9a8,istanbul,21,23,0.0155088035389781,0.16859960556030273,10936.0,0.014341482892632484,7,1
StandardGP,38ec9346-adb5-11ef-abb5-e4a8dfc2a9a8,istanbul,21,24,0.0155088035389781,0.17246007919311523,11092.0,0.014341482892632484,7,1
StandardGP,38ec9346-adb5-11ef-abb5-e4a8dfc2a9a8,istanbul,21,25,0.0155088035389781,0.17201948165893555,11174.0,0.014341482892632484,7,1
StandardGP,38ec9346-adb5-11ef-abb5-e4a8dfc2a9a8,istanbul,21,26,0.0155088035389781,0.18021893501281738,11456.0,0.014341482892632484,7,1
StandardGP,38ec9346-adb5-11ef-abb5-e4a8dfc2a9a8,istanbul,21,27,0.0155088035389781,0.19197773933410645,12176.0,0.014341482892632484,7,1
StandardGP,38ec9346-adb5-11ef-abb5-e4a8dfc2a9a8,istanbul,21,28,0.0155088035389781,0.1970806121826172,12396.0,0.014341482892632484,7,1
StandardGP,38ec9346-adb5-11ef-abb5-e4a8dfc2a9a8,istanbul,21,29,0.0155088035389781,0.2608602046966553,15046.0,0.014341482892632484,7,1
StandardGP,38ec9346-adb5-11ef-abb5-e4a8dfc2a9a8,istanbul,21,30,0.0155088035389781,0.25284409523010254,14878.0,0.014341482892632484,7,1
StandardGP,38ec9346-adb5-11ef-abb5-e4a8dfc2a9a8,istanbul,21,31,0.0155088035389781,0.2475414276123047,15718.0,0.014341482892632484,7,1
StandardGP,38ec9346-adb5-11ef-abb5-e4a8dfc2a9a8,istanbul,21,32,0.0155088035389781,0.21440768241882324,14016.0,0.014341482892632484,7,1
StandardGP,38ec9346-adb5-11ef-abb5-e4a8dfc2a9a8,istanbul,21,33,0.0155088035389781,0.22308778762817383,14538.0,0.014341482892632484,7,1
StandardGP,38ec9346-adb5-11ef-abb5-e4a8dfc2a9a8,istanbul,21,34,0.0155088035389781,0.23236489295959473,14410.0,0.014341482892632484,7,1
StandardGP,38ec9346-adb5-11ef-abb5-e4a8dfc2a9a8,istanbul,21,35,0.0155088035389781,0.34885692596435547,14760.0,0.014341482892632484,7,1
StandardGP,38ec9346-adb5-11ef-abb5-e4a8dfc2a9a8,istanbul,21,36,0.0155088035389781,0.22482872009277344,14560.0,0.014341482892632484,7,1
StandardGP,38ec9346-adb5-11ef-abb5-e4a8dfc2a9a8,istanbul,21,37,0.0155088035389781,0.2144489288330078,14020.0,0.014341482892632484,7,1
StandardGP,38ec9346-adb5-11ef-abb5-e4a8dfc2a9a8,istanbul,21,38,0.0155088035389781,0.19641447067260742,13944.0,0.014341482892632484,7,1
StandardGP,38ec9346-adb5-11ef-abb5-e4a8dfc2a9a8,istanbul,21,39,0.0155088035389781,0.19059395790100098,12576.0,0.014341482892632484,7,1
StandardGP,38ec9346-adb5-11ef-abb5-e4a8dfc2a9a8,istanbul,21,40,0.0155088035389781,0.165848970413208,11724.0,0.014341482892632484,7,1
StandardGP,38ec9346-adb5-11ef-abb5-e4a8dfc2a9a8,istanbul,21,41,0.0155088035389781,0.16048169136047363,11304.0,0.014341482892632484,7,1
StandardGP,38ec9346-adb5-11ef-abb5-e4a8dfc2a9a8,istanbul,21,42,0.015493325889110565,0.15210342407226562,10748.0,0.014467290602624416,15,1
StandardGP,38ec9346-adb5-11ef-abb5-e4a8dfc2a9a8,istanbul,21,43,0.015493325889110565,0.16229867935180664,10980.0,0.014467290602624416,15,1
StandardGP,38ec9346-adb5-11ef-abb5-e4a8dfc2a9a8,istanbul,21,44,0.015493325889110565,0.1612241268157959,11510.0,0.014467290602624416,15,1
StandardGP,38ec9346-adb5-11ef-abb5-e4a8dfc2a9a8,istanbul,21,45,0.015493325889110565,0.15986084938049316,11480.0,0.014467290602624416,15,1
StandardGP,38ec9346-adb5-11ef-abb5-e4a8dfc2a9a8,istanbul,21,46,0.015493325889110565,0.1949291229248047,12506.0,0.014467290602624416,15,1
StandardGP,38ec9346-adb5-11ef-abb5-e4a8dfc2a9a8,istanbul,21,47,0.015493325889110565,0.17788195610046387,12534.0,0.014467290602624416,15,1
StandardGP,38ec9346-adb5-11ef-abb5-e4a8dfc2a9a8,istanbul,21,48,0.015493325889110565,0.18426203727722168,13146.0,0.014467290602624416,15,1
StandardGP,38ec9346-adb5-11ef-abb5-e4a8dfc2a9a8,istanbul,21,49,0.015493325889110565,0.19978761672973633,13748.0,0.014467290602624416,15,1
StandardGP,38ec9346-adb5-11ef-abb5-e4a8dfc2a9a8,istanbul,21,50,0.015493325889110565,0.23147320747375488,15148.0,0.014467290602624416,15,1
StandardGP,38ec9346-adb5-11ef-abb5-e4a8dfc2a9a8,istanbul,21,51,0.015493325889110565,0.23825669288635254,13796.0,0.014467290602624416,15,1
StandardGP,38ec9346-adb5-11ef-abb5-e4a8dfc2a9a8,istanbul,21,52,0.015493325889110565,0.22304415702819824,14350.0,0.014467290602624416,15,1
StandardGP,38ec9346-adb5-11ef-abb5-e4a8dfc2a9a8,istanbul,21,53,0.015493325889110565,0.23177289962768555,14858.0,0.014467290602624416,15,1
StandardGP,38ec9346-adb5-11ef-abb5-e4a8dfc2a9a8,istanbul,21,54,0.015493325889110565,0.23098254203796387,14770.0,0.014467290602624416,15,1
StandardGP,38ec9346-adb5-11ef-abb5-e4a8dfc2a9a8,istanbul,21,55,0.015493325889110565,0.220872163772583,14846.0,0.014467290602624416,15,1
StandardGP,38ec9346-adb5-11ef-abb5-e4a8dfc2a9a8,istanbul,21,56,0.015493325889110565,0.2114255428314209,14104.0,0.014467290602624416,15,1
StandardGP,38ec9346-adb5-11ef-abb5-e4a8dfc2a9a8,istanbul,21,57,0.015493325889110565,0.22516489028930664,14528.0,0.014467290602624416,15,1
StandardGP,38ec9346-adb5-11ef-abb5-e4a8dfc2a9a8,istanbul,21,58,0.015493325889110565,0.23752617835998535,15086.0,0.014467290602624416,15,1
StandardGP,38ec9346-adb5-11ef-abb5-e4a8dfc2a9a8,istanbul,21,59,0.015493325889110565,0.2165389060974121,14320.0,0.014467290602624416,15,1
StandardGP,38ec9346-adb5-11ef-abb5-e4a8dfc2a9a8,istanbul,21,60,0.015493325889110565,0.21805763244628906,14300.0,0.014467290602624416,15,1
StandardGP,38ec9346-adb5-11ef-abb5-e4a8dfc2a9a8,istanbul,21,61,0.015493325889110565,0.21916651725769043,14418.0,0.014467290602624416,15,1
StandardGP,38ec9346-adb5-11ef-abb5-e4a8dfc2a9a8,istanbul,21,62,0.015493325889110565,0.23343968391418457,15096.0,0.014467290602624416,15,1
StandardGP,38ec9346-adb5-11ef-abb5-e4a8dfc2a9a8,istanbul,21,63,0.015493325889110565,0.2314920425415039,15398.0,0.014467290602624416,15,1
StandardGP,38ec9346-adb5-11ef-abb5-e4a8dfc2a9a8,istanbul,21,64,0.015493325889110565,0.3184537887573242,14314.0,0.014467290602624416,15,1
StandardGP,38ec9346-adb5-11ef-abb5-e4a8dfc2a9a8,istanbul,21,65,0.015493325889110565,0.22162175178527832,14712.0,0.014467290602624416,15,1
StandardGP,38ec9346-adb5-11ef-abb5-e4a8dfc2a9a8,istanbul,21,66,0.015493325889110565,0.20885920524597168,13278.0,0.014467290602624416,15,1
StandardGP,38ec9346-adb5-11ef-abb5-e4a8dfc2a9a8,istanbul,21,67,0.015493325889110565,0.23055505752563477,14212.0,0.014467290602624416,15,1
StandardGP,38ec9346-adb5-11ef-abb5-e4a8dfc2a9a8,istanbul,21,68,0.015493325889110565,0.20654940605163574,13606.0,0.014467290602624416,15,1
StandardGP,38ec9346-adb5-11ef-abb5-e4a8dfc2a9a8,istanbul,21,69,0.015493325889110565,0.1879591941833496,12336.0,0.014467290602624416,15,1
StandardGP,38ec9346-adb5-11ef-abb5-e4a8dfc2a9a8,istanbul,21,70,0.015493325889110565,0.2046523094177246,13988.0,0.014467290602624416,15,1
StandardGP,38ec9346-adb5-11ef-abb5-e4a8dfc2a9a8,istanbul,21,71,0.015493325889110565,0.22589945793151855,14300.0,0.014467290602624416,15,1
StandardGP,38ec9346-adb5-11ef-abb5-e4a8dfc2a9a8,istanbul,21,72,0.015493325889110565,0.24401140213012695,14956.0,0.014467290602624416,15,1
StandardGP,38ec9346-adb5-11ef-abb5-e4a8dfc2a9a8,istanbul,21,73,0.015493325889110565,0.21479010581970215,13296.0,0.014467290602624416,15,1
StandardGP,38ec9346-adb5-11ef-abb5-e4a8dfc2a9a8,istanbul,21,74,0.015493325889110565,0.1994035243988037,12574.0,0.014467290602624416,15,1
StandardGP,38ec9346-adb5-11ef-abb5-e4a8dfc2a9a8,istanbul,21,75,0.015493325889110565,0.2395780086517334,14736.0,0.014467290602624416,15,1
StandardGP,38ec9346-adb5-11ef-abb5-e4a8dfc2a9a8,istanbul,21,76,0.015493325889110565,0.20772075653076172,12950.0,0.014467290602624416,15,1
StandardGP,38ec9346-adb5-11ef-abb5-e4a8dfc2a9a8,istanbul,21,77,0.015493325889110565,0.21079301834106445,13116.0,0.014467290602624416,15,1
StandardGP,38ec9346-adb5-11ef-abb5-e4a8dfc2a9a8,istanbul,21,78,0.015493325889110565,0.2150561809539795,12242.0,0.014467290602624416,15,1
StandardGP,38ec9346-adb5-11ef-abb5-e4a8dfc2a9a8,istanbul,21,79,0.015493325889110565,0.21314406394958496,12306.0,0.014467290602624416,15,1
StandardGP,38ec9346-adb5-11ef-abb5-e4a8dfc2a9a8,istanbul,21,80,0.015493325889110565,0.2353510856628418,13048.0,0.014467290602624416,15,1
StandardGP,38ec9346-adb5-11ef-abb5-e4a8dfc2a9a8,istanbul,21,81,0.015493325889110565,0.21084856986999512,12038.0,0.014467290602624416,15,1
StandardGP,38ec9346-adb5-11ef-abb5-e4a8dfc2a9a8,istanbul,21,82,0.015493325889110565,0.19364428520202637,11218.0,0.014467290602624416,15,1
StandardGP,38ec9346-adb5-11ef-abb5-e4a8dfc2a9a8,istanbul,21,83,0.015058480203151703,0.18055939674377441,10774.0,0.013784395530819893,23,1
StandardGP,38ec9346-adb5-11ef-abb5-e4a8dfc2a9a8,istanbul,21,84,0.015041444450616837,0.18251347541809082,10798.0,0.013727834448218346,23,1
StandardGP,38ec9346-adb5-11ef-abb5-e4a8dfc2a9a8,istanbul,21,85,0.015041444450616837,0.21169185638427734,10848.0,0.013727834448218346,23,1
StandardGP,38ec9346-adb5-11ef-abb5-e4a8dfc2a9a8,istanbul,21,86,0.015041444450616837,0.19923782348632812,11554.0,0.013727834448218346,23,1
StandardGP,38ec9346-adb5-11ef-abb5-e4a8dfc2a9a8,istanbul,21,87,0.015041444450616837,0.18041110038757324,11304.0,0.013727834448218346,23,1
StandardGP,38ec9346-adb5-11ef-abb5-e4a8dfc2a9a8,istanbul,21,88,0.015041444450616837,0.18306207656860352,11178.0,0.013727834448218346,23,1
StandardGP,38ec9346-adb5-11ef-abb5-e4a8dfc2a9a8,istanbul,21,89,0.015041444450616837,0.21384739875793457,12588.0,0.013727834448218346,23,1
StandardGP,38ec9346-adb5-11ef-abb5-e4a8dfc2a9a8,istanbul,21,90,0.015041444450616837,0.2365267276763916,13906.0,0.013727834448218346,23,1
StandardGP,38ec9346-adb5-11ef-abb5-e4a8dfc2a9a8,istanbul,21,91,0.015041444450616837,0.2433452606201172,13920.0,0.013727834448218346,23,1
StandardGP,38ec9346-adb5-11ef-abb5-e4a8dfc2a9a8,istanbul,21,92,0.014874450862407684,0.2518913745880127,15124.0,0.013504385016858578,153,1
StandardGP,38ec9346-adb5-11ef-abb5-e4a8dfc2a9a8,istanbul,21,93,0.014874450862407684,0.28078389167785645,15368.0,0.013504385016858578,153,1
StandardGP,38ec9346-adb5-11ef-abb5-e4a8dfc2a9a8,istanbul,21,94,0.014836364425718784,0.3475477695465088,18656.0,0.013298421166837215,237,1
StandardGP,38ec9346-adb5-11ef-abb5-e4a8dfc2a9a8,istanbul,21,95,0.014836364425718784,0.30574989318847656,18688.0,0.013298421166837215,237,1
StandardGP,38ec9346-adb5-11ef-abb5-e4a8dfc2a9a8,istanbul,21,96,0.014836364425718784,0.2816507816314697,18000.0,0.013298421166837215,237,1
StandardGP,38ec9346-adb5-11ef-abb5-e4a8dfc2a9a8,istanbul,21,97,0.014836364425718784,0.4582798480987549,19982.0,0.013298421166837215,237,1
StandardGP,38ec9346-adb5-11ef-abb5-e4a8dfc2a9a8,istanbul,21,98,0.014836364425718784,0.29882216453552246,18632.0,0.013298421166837215,237,1
StandardGP,38ec9346-adb5-11ef-abb5-e4a8dfc2a9a8,istanbul,21,99,0.014836364425718784,0.3159005641937256,19914.0,0.013298421166837215,237,1
StandardGP,38ec9346-adb5-11ef-abb5-e4a8dfc2a9a8,istanbul,21,100,0.014836364425718784,0.30284690856933594,19560.0,0.013298421166837215,237,1
