StandardGP,2e79ef04-adb0-11ef-8873-e4a8dfc2a9a8,istanbul,4,0,0.15733551979064941,0.02682042121887207,900.0,0.15606415271759033,13,1
StandardGP,2e79ef04-adb0-11ef-8873-e4a8dfc2a9a8,istanbul,4,1,0.15733551979064941,0.022832632064819336,898.0,0.15606415271759033,13,1
StandardGP,2e79ef04-adb0-11ef-8873-e4a8dfc2a9a8,istanbul,4,2,0.09756425023078918,0.02005934715270996,894.0,0.09717386215925217,5,1
StandardGP,2e79ef04-adb0-11ef-8873-e4a8dfc2a9a8,istanbul,4,3,0.09756425023078918,0.022078752517700195,864.0,0.09717386215925217,5,1
StandardGP,2e79ef04-adb0-11ef-8873-e4a8dfc2a9a8,istanbul,4,4,0.09756425023078918,0.022347211837768555,1070.0,0.09717386215925217,5,1
StandardGP,2e79ef04-adb0-11ef-8873-e4a8dfc2a9a8,istanbul,4,5,0.09678035229444504,0.0233304500579834,1240.0,0.09829381108283997,35,1
StandardGP,2e79ef04-adb0-11ef-8873-e4a8dfc2a9a8,istanbul,4,6,0.09133011847734451,0.0265047550201416,1378.0,0.09274756163358688,35,1
StandardGP,2e79ef04-adb0-11ef-8873-e4a8dfc2a9a8,istanbul,4,7,0.09133011847734451,0.02837657928466797,1698.0,0.09274756163358688,35,1
StandardGP,2e79ef04-adb0-11ef-8873-e4a8dfc2a9a8,istanbul,4,8,0.09008237719535828,0.03487586975097656,2054.0,0.09613344818353653,47,1
StandardGP,2e79ef04-adb0-11ef-8873-e4a8dfc2a9a8,istanbul,4,9,0.09008237719535828,0.039461612701416016,2604.0,0.09613344818353653,47,1
StandardGP,2e79ef04-adb0-11ef-8873-e4a8dfc2a9a8,istanbul,4,10,0.09008237719535828,0.04223442077636719,2702.0,0.09613344818353653,47,1
StandardGP,2e79ef04-adb0-11ef-8873-e4a8dfc2a9a8,istanbul,4,11,0.09008237719535828,0.0734856128692627,5026.0,0.09613344818353653,47,1
StandardGP,2e79ef04-adb0-11ef-8873-e4a8dfc2a9a8,istanbul,4,12,0.09008237719535828,0.0959939956665039,6012.0,0.09613344818353653,47,1
StandardGP,2e79ef04-adb0-11ef-8873-e4a8dfc2a9a8,istanbul,4,13,0.09008237719535828,0.11043882369995117,6980.0,0.09613344818353653,47,1
StandardGP,2e79ef04-adb0-11ef-8873-e4a8dfc2a9a8,istanbul,4,14,0.09008237719535828,0.1243445873260498,8696.0,0.09613344818353653,47,1
StandardGP,2e79ef04-adb0-11ef-8873-e4a8dfc2a9a8,istanbul,4,15,0.09008237719535828,0.1938033103942871,14446.0,0.09613344818353653,47,1
StandardGP,2e79ef04-adb0-11ef-8873-e4a8dfc2a9a8,istanbul,4,16,0.09008237719535828,0.3737804889678955,21226.0,0.09613344818353653,47,1
StandardGP,2e79ef04-adb0-11ef-8873-e4a8dfc2a9a8,istanbul,4,17,0.09008237719535828,0.5037765502929688,40024.0,0.09613344818353653,47,1
StandardGP,2e79ef04-adb0-11ef-8873-e4a8dfc2a9a8,istanbul,4,18,0.08608224242925644,0.6491880416870117,49732.0,0.09068593382835388,47,1
StandardGP,2e79ef04-adb0-11ef-8873-e4a8dfc2a9a8,istanbul,4,19,0.08608224242925644,0.6906497478485107,52008.0,0.09068593382835388,47,1
StandardGP,2e79ef04-adb0-11ef-8873-e4a8dfc2a9a8,istanbul,4,20,0.08608224242925644,0.5304973125457764,40848.0,0.09068593382835388,47,1
StandardGP,2e79ef04-adb0-11ef-8873-e4a8dfc2a9a8,istanbul,4,21,0.08608224242925644,0.46223998069763184,38018.0,0.09068593382835388,47,1
StandardGP,2e79ef04-adb0-11ef-8873-e4a8dfc2a9a8,istanbul,4,22,0.08608224242925644,0.45630478858947754,34738.0,0.09068593382835388,47,1
StandardGP,2e79ef04-adb0-11ef-8873-e4a8dfc2a9a8,istanbul,4,23,0.08608224242925644,0.41225671768188477,30144.0,0.09068593382835388,47,1
StandardGP,2e79ef04-adb0-11ef-8873-e4a8dfc2a9a8,istanbul,4,24,0.08608224242925644,0.41056299209594727,27022.0,0.09068593382835388,47,1
StandardGP,2e79ef04-adb0-11ef-8873-e4a8dfc2a9a8,istanbul,4,25,0.08608224242925644,0.397310733795166,30488.0,0.09068593382835388,47,1
StandardGP,2e79ef04-adb0-11ef-8873-e4a8dfc2a9a8,istanbul,4,26,0.08608224242925644,0.6061563491821289,34492.0,0.09068593382835388,47,1
StandardGP,2e79ef04-adb0-11ef-8873-e4a8dfc2a9a8,istanbul,4,27,0.08608224242925644,0.8328158855438232,38790.0,0.09068593382835388,47,1
StandardGP,2e79ef04-adb0-11ef-8873-e4a8dfc2a9a8,istanbul,4,28,0.08608224242925644,0.6574184894561768,39324.0,0.09068593382835388,47,1
StandardGP,2e79ef04-adb0-11ef-8873-e4a8dfc2a9a8,istanbul,4,29,0.08608224242925644,0.6158566474914551,36478.0,0.09068593382835388,47,1
StandardGP,2e79ef04-adb0-11ef-8873-e4a8dfc2a9a8,istanbul,4,30,0.08608224242925644,0.674527645111084,42814.0,0.09068593382835388,47,1
StandardGP,2e79ef04-adb0-11ef-8873-e4a8dfc2a9a8,istanbul,4,31,0.08608224242925644,0.6775639057159424,44840.0,0.09068593382835388,47,1
StandardGP,2e79ef04-adb0-11ef-8873-e4a8dfc2a9a8,istanbul,4,32,0.08608224242925644,0.6469104290008545,40810.0,0.09068593382835388,47,1
StandardGP,2e79ef04-adb0-11ef-8873-e4a8dfc2a9a8,istanbul,4,33,0.08608224242925644,0.6544685363769531,44638.0,0.09068593382835388,47,1
StandardGP,2e79ef04-adb0-11ef-8873-e4a8dfc2a9a8,istanbul,4,34,0.08608224242925644,0.5782575607299805,38622.0,0.09068593382835388,47,1
StandardGP,2e79ef04-adb0-11ef-8873-e4a8dfc2a9a8,istanbul,4,35,0.08608224242925644,0.6484277248382568,40530.0,0.09068593382835388,47,1
StandardGP,2e79ef04-adb0-11ef-8873-e4a8dfc2a9a8,istanbul,4,36,0.08608224242925644,0.661325216293335,38546.0,0.09068593382835388,47,1
StandardGP,2e79ef04-adb0-11ef-8873-e4a8dfc2a9a8,istanbul,4,37,0.08608224242925644,0.7065155506134033,41028.0,0.09068593382835388,47,1
StandardGP,2e79ef04-adb0-11ef-8873-e4a8dfc2a9a8,istanbul,4,38,0.08608224242925644,0.6823103427886963,41368.0,0.09068593382835388,47,1
StandardGP,2e79ef04-adb0-11ef-8873-e4a8dfc2a9a8,istanbul,4,39,0.08608224242925644,0.6692252159118652,39836.0,0.09068593382835388,47,1
StandardGP,2e79ef04-adb0-11ef-8873-e4a8dfc2a9a8,istanbul,4,40,0.08608224242925644,0.606158971786499,38630.0,0.09068593382835388,47,1
StandardGP,2e79ef04-adb0-11ef-8873-e4a8dfc2a9a8,istanbul,4,41,0.08608224242925644,0.6072256565093994,37604.0,0.09068593382835388,47,1
StandardGP,2e79ef04-adb0-11ef-8873-e4a8dfc2a9a8,istanbul,4,42,0.08608224242925644,0.6102161407470703,37920.0,0.09068593382835388,47,1
StandardGP,2e79ef04-adb0-11ef-8873-e4a8dfc2a9a8,istanbul,4,43,0.08608224242925644,0.6215829849243164,40492.0,0.09068593382835388,47,1
StandardGP,2e79ef04-adb0-11ef-8873-e4a8dfc2a9a8,istanbul,4,44,0.08608224242925644,0.7284185886383057,44370.0,0.09068593382835388,47,1
StandardGP,2e79ef04-adb0-11ef-8873-e4a8dfc2a9a8,istanbul,4,45,0.08608224242925644,0.8687477111816406,44326.0,0.09068593382835388,47,1
StandardGP,2e79ef04-adb0-11ef-8873-e4a8dfc2a9a8,istanbul,4,46,0.08608224242925644,0.7860326766967773,45030.0,0.09068593382835388,47,1
StandardGP,2e79ef04-adb0-11ef-8873-e4a8dfc2a9a8,istanbul,4,47,0.08608224242925644,0.7935614585876465,47362.0,0.09068593382835388,47,1
StandardGP,2e79ef04-adb0-11ef-8873-e4a8dfc2a9a8,istanbul,4,48,0.08608224242925644,0.85664963722229,48872.0,0.09068593382835388,47,1
StandardGP,2e79ef04-adb0-11ef-8873-e4a8dfc2a9a8,istanbul,4,49,0.08608224242925644,0.8503990173339844,48798.0,0.09068593382835388,47,1
StandardGP,2e79ef04-adb0-11ef-8873-e4a8dfc2a9a8,istanbul,4,50,0.08417610824108124,0.8088154792785645,49174.0,0.08958916366100311,191,1
StandardGP,2e79ef04-adb0-11ef-8873-e4a8dfc2a9a8,istanbul,4,51,0.08121420443058014,0.7987093925476074,47294.0,0.0860850065946579,47,1
StandardGP,2e79ef04-adb0-11ef-8873-e4a8dfc2a9a8,istanbul,4,52,0.08121420443058014,0.860260009765625,50352.0,0.0860850065946579,47,1
StandardGP,2e79ef04-adb0-11ef-8873-e4a8dfc2a9a8,istanbul,4,53,0.08121420443058014,1.1253576278686523,56568.0,0.0860850065946579,47,1
StandardGP,2e79ef04-adb0-11ef-8873-e4a8dfc2a9a8,istanbul,4,54,0.08121420443058014,0.9820566177368164,50788.0,0.0860850065946579,47,1
StandardGP,2e79ef04-adb0-11ef-8873-e4a8dfc2a9a8,istanbul,4,55,0.08121420443058014,1.1098530292510986,55298.0,0.0860850065946579,47,1
StandardGP,2e79ef04-adb0-11ef-8873-e4a8dfc2a9a8,istanbul,4,56,0.08121420443058014,1.1639094352722168,61948.0,0.0860850065946579,47,1
StandardGP,2e79ef04-adb0-11ef-8873-e4a8dfc2a9a8,istanbul,4,57,0.08121420443058014,1.3383729457855225,63692.0,0.0860850065946579,47,1
StandardGP,2e79ef04-adb0-11ef-8873-e4a8dfc2a9a8,istanbul,4,58,0.08121420443058014,1.314042568206787,67428.0,0.0860850065946579,47,1
StandardGP,2e79ef04-adb0-11ef-8873-e4a8dfc2a9a8,istanbul,4,59,0.08121420443058014,1.3274190425872803,63986.0,0.0860850065946579,47,1
StandardGP,2e79ef04-adb0-11ef-8873-e4a8dfc2a9a8,istanbul,4,60,0.08121420443058014,1.2883660793304443,65502.0,0.0860850065946579,47,1
StandardGP,2e79ef04-adb0-11ef-8873-e4a8dfc2a9a8,istanbul,4,61,0.08121420443058014,1.057225227355957,57298.0,0.0860850065946579,47,1
StandardGP,2e79ef04-adb0-11ef-8873-e4a8dfc2a9a8,istanbul,4,62,0.08121420443058014,1.2019178867340088,57602.0,0.0860850065946579,47,1
StandardGP,2e79ef04-adb0-11ef-8873-e4a8dfc2a9a8,istanbul,4,63,0.08121420443058014,1.0765902996063232,53992.0,0.0860850065946579,47,1
StandardGP,2e79ef04-adb0-11ef-8873-e4a8dfc2a9a8,istanbul,4,64,0.08121420443058014,1.060394525527954,55042.0,0.0860850065946579,47,1
StandardGP,2e79ef04-adb0-11ef-8873-e4a8dfc2a9a8,istanbul,4,65,0.08121420443058014,1.094743013381958,53858.0,0.0860850065946579,47,1
StandardGP,2e79ef04-adb0-11ef-8873-e4a8dfc2a9a8,istanbul,4,66,0.08121420443058014,0.9077944755554199,45340.0,0.0860850065946579,47,1
StandardGP,2e79ef04-adb0-11ef-8873-e4a8dfc2a9a8,istanbul,4,67,0.08121420443058014,0.9504854679107666,51024.0,0.0860850065946579,47,1
StandardGP,2e79ef04-adb0-11ef-8873-e4a8dfc2a9a8,istanbul,4,68,0.08121420443058014,1.098860263824463,56116.0,0.0860850065946579,47,1
StandardGP,2e79ef04-adb0-11ef-8873-e4a8dfc2a9a8,istanbul,4,69,0.08121420443058014,1.0370609760284424,52646.0,0.0860850065946579,47,1
StandardGP,2e79ef04-adb0-11ef-8873-e4a8dfc2a9a8,istanbul,4,70,0.08121420443058014,0.7476556301116943,43482.0,0.0860850065946579,47,1
StandardGP,2e79ef04-adb0-11ef-8873-e4a8dfc2a9a8,istanbul,4,71,0.08121420443058014,0.6441419124603271,38608.0,0.0860850065946579,47,1
StandardGP,2e79ef04-adb0-11ef-8873-e4a8dfc2a9a8,istanbul,4,72,0.08121420443058014,0.5933139324188232,37472.0,0.0860850065946579,47,1
StandardGP,2e79ef04-adb0-11ef-8873-e4a8dfc2a9a8,istanbul,4,73,0.08121420443058014,0.8643486499786377,45740.0,0.0860850065946579,47,1
StandardGP,2e79ef04-adb0-11ef-8873-e4a8dfc2a9a8,istanbul,4,74,0.08121420443058014,0.7398416996002197,45760.0,0.0860850065946579,47,1
StandardGP,2e79ef04-adb0-11ef-8873-e4a8dfc2a9a8,istanbul,4,75,0.08121420443058014,0.8082656860351562,48926.0,0.0860850065946579,47,1
StandardGP,2e79ef04-adb0-11ef-8873-e4a8dfc2a9a8,istanbul,4,76,0.08121420443058014,0.8840186595916748,51170.0,0.0860850065946579,47,1
StandardGP,2e79ef04-adb0-11ef-8873-e4a8dfc2a9a8,istanbul,4,77,0.08121420443058014,0.8836641311645508,53110.0,0.0860850065946579,47,1
StandardGP,2e79ef04-adb0-11ef-8873-e4a8dfc2a9a8,istanbul,4,78,0.08121420443058014,0.9390683174133301,52294.0,0.0860850065946579,47,1
StandardGP,2e79ef04-adb0-11ef-8873-e4a8dfc2a9a8,istanbul,4,79,0.08121420443058014,0.815161943435669,51380.0,0.0860850065946579,47,1
StandardGP,2e79ef04-adb0-11ef-8873-e4a8dfc2a9a8,istanbul,4,80,0.08121420443058014,0.8427588939666748,48894.0,0.0860850065946579,47,1
StandardGP,2e79ef04-adb0-11ef-8873-e4a8dfc2a9a8,istanbul,4,81,0.08121420443058014,0.8529601097106934,49880.0,0.0860850065946579,47,1
StandardGP,2e79ef04-adb0-11ef-8873-e4a8dfc2a9a8,istanbul,4,82,0.08121420443058014,0.7995216846466064,50472.0,0.0860850065946579,47,1
StandardGP,2e79ef04-adb0-11ef-8873-e4a8dfc2a9a8,istanbul,4,83,0.08121420443058014,0.8547134399414062,50320.0,0.0860850065946579,47,1
StandardGP,2e79ef04-adb0-11ef-8873-e4a8dfc2a9a8,istanbul,4,84,0.08121420443058014,0.9384782314300537,54422.0,0.0860850065946579,47,1
StandardGP,2e79ef04-adb0-11ef-8873-e4a8dfc2a9a8,istanbul,4,85,0.08121420443058014,0.8474264144897461,54678.0,0.0860850065946579,47,1
StandardGP,2e79ef04-adb0-11ef-8873-e4a8dfc2a9a8,istanbul,4,86,0.08121420443058014,0.8675730228424072,50388.0,0.0860850065946579,47,1
StandardGP,2e79ef04-adb0-11ef-8873-e4a8dfc2a9a8,istanbul,4,87,0.08121420443058014,0.8531959056854248,49622.0,0.0860850065946579,47,1
StandardGP,2e79ef04-adb0-11ef-8873-e4a8dfc2a9a8,istanbul,4,88,0.08121420443058014,0.8657560348510742,46940.0,0.0860850065946579,47,1
StandardGP,2e79ef04-adb0-11ef-8873-e4a8dfc2a9a8,istanbul,4,89,0.08121420443058014,0.8705441951751709,40858.0,0.0860850065946579,47,1
StandardGP,2e79ef04-adb0-11ef-8873-e4a8dfc2a9a8,istanbul,4,90,0.08121420443058014,0.8612408638000488,45650.0,0.0860850065946579,47,1
StandardGP,2e79ef04-adb0-11ef-8873-e4a8dfc2a9a8,istanbul,4,91,0.08121420443058014,1.0172579288482666,54360.0,0.0860850065946579,47,1
StandardGP,2e79ef04-adb0-11ef-8873-e4a8dfc2a9a8,istanbul,4,92,0.08121420443058014,0.9834911823272705,49992.0,0.0860850065946579,47,1
StandardGP,2e79ef04-adb0-11ef-8873-e4a8dfc2a9a8,istanbul,4,93,0.08121420443058014,0.9969847202301025,49114.0,0.0860850065946579,47,1
StandardGP,2e79ef04-adb0-11ef-8873-e4a8dfc2a9a8,istanbul,4,94,0.08121420443058014,0.8419961929321289,46860.0,0.0860850065946579,47,1
StandardGP,2e79ef04-adb0-11ef-8873-e4a8dfc2a9a8,istanbul,4,95,0.08121420443058014,0.8399765491485596,47242.0,0.0860850065946579,47,1
StandardGP,2e79ef04-adb0-11ef-8873-e4a8dfc2a9a8,istanbul,4,96,0.08121420443058014,0.6343674659729004,36694.0,0.0860850065946579,47,1
StandardGP,2e79ef04-adb0-11ef-8873-e4a8dfc2a9a8,istanbul,4,97,0.08121420443058014,0.7086596488952637,33382.0,0.0860850065946579,47,1
StandardGP,2e79ef04-adb0-11ef-8873-e4a8dfc2a9a8,istanbul,4,98,0.08121420443058014,0.5734877586364746,33164.0,0.0860850065946579,47,1
StandardGP,2e79ef04-adb0-11ef-8873-e4a8dfc2a9a8,istanbul,4,99,0.08121420443058014,0.5678060054779053,30600.0,0.0860850065946579,47,1
StandardGP,2e79ef04-adb0-11ef-8873-e4a8dfc2a9a8,istanbul,4,100,0.07974302768707275,0.4980487823486328,28692.0,0.08041977137327194,75,1
StandardGP,7d6d09b3-adb4-11ef-86ab-e4a8dfc2a9a8,istanbul,4,0,0.014980295673012733,0.06227684020996094,2206.0,0.016260597854852676,7,1
StandardGP,7d6d09b3-adb4-11ef-86ab-e4a8dfc2a9a8,istanbul,4,1,0.014980295673012733,0.023563146591186523,962.0,0.016260597854852676,7,1
StandardGP,7d6d09b3-adb4-11ef-86ab-e4a8dfc2a9a8,istanbul,4,2,0.014919173903763294,0.019148826599121094,718.0,0.01570562832057476,3,1
StandardGP,7d6d09b3-adb4-11ef-86ab-e4a8dfc2a9a8,istanbul,4,3,0.014919173903763294,0.022124528884887695,854.0,0.01570562832057476,3,1
StandardGP,7d6d09b3-adb4-11ef-86ab-e4a8dfc2a9a8,istanbul,4,4,0.014919173903763294,0.024103879928588867,912.0,0.01570562832057476,3,1
StandardGP,7d6d09b3-adb4-11ef-86ab-e4a8dfc2a9a8,istanbul,4,5,0.014919173903763294,0.02715301513671875,1224.0,0.01570562832057476,3,1
StandardGP,7d6d09b3-adb4-11ef-86ab-e4a8dfc2a9a8,istanbul,4,6,0.014919173903763294,0.02699446678161621,1364.0,0.01570562832057476,3,1
StandardGP,7d6d09b3-adb4-11ef-86ab-e4a8dfc2a9a8,istanbul,4,7,0.014919173903763294,0.028651952743530273,1606.0,0.01570562832057476,3,1
StandardGP,7d6d09b3-adb4-11ef-86ab-e4a8dfc2a9a8,istanbul,4,8,0.014919173903763294,0.03112196922302246,1796.0,0.01570562832057476,3,1
StandardGP,7d6d09b3-adb4-11ef-86ab-e4a8dfc2a9a8,istanbul,4,9,0.014919173903763294,0.0350954532623291,1974.0,0.01570562832057476,3,1
StandardGP,7d6d09b3-adb4-11ef-86ab-e4a8dfc2a9a8,istanbul,4,10,0.014919173903763294,0.054535865783691406,2206.0,0.01570562832057476,3,1
StandardGP,7d6d09b3-adb4-11ef-86ab-e4a8dfc2a9a8,istanbul,4,11,0.014919173903763294,0.05194830894470215,2522.0,0.01570562832057476,3,1
StandardGP,7d6d09b3-adb4-11ef-86ab-e4a8dfc2a9a8,istanbul,4,12,0.014899810776114464,0.04839968681335449,2594.0,0.015744009986519814,11,1
StandardGP,7d6d09b3-adb4-11ef-86ab-e4a8dfc2a9a8,istanbul,4,13,0.014899810776114464,0.06103038787841797,2760.0,0.015744009986519814,11,1
StandardGP,7d6d09b3-adb4-11ef-86ab-e4a8dfc2a9a8,istanbul,4,14,0.014899810776114464,0.06719017028808594,3130.0,0.015744009986519814,11,1
StandardGP,7d6d09b3-adb4-11ef-86ab-e4a8dfc2a9a8,istanbul,4,15,0.014415648765861988,0.06728911399841309,3434.0,0.015372415073215961,11,1
StandardGP,7d6d09b3-adb4-11ef-86ab-e4a8dfc2a9a8,istanbul,4,16,0.014415648765861988,0.06003451347351074,2956.0,0.015372415073215961,11,1
StandardGP,7d6d09b3-adb4-11ef-86ab-e4a8dfc2a9a8,istanbul,4,17,0.014386237598955631,0.053092241287231445,2974.0,0.015569115057587624,15,1
StandardGP,7d6d09b3-adb4-11ef-86ab-e4a8dfc2a9a8,istanbul,4,18,0.014386237598955631,0.05712556838989258,3384.0,0.015569115057587624,15,1
StandardGP,7d6d09b3-adb4-11ef-86ab-e4a8dfc2a9a8,istanbul,4,19,0.014386237598955631,0.07404851913452148,4448.0,0.015569115057587624,15,1
StandardGP,7d6d09b3-adb4-11ef-86ab-e4a8dfc2a9a8,istanbul,4,20,0.014386237598955631,0.08411455154418945,4626.0,0.015569115057587624,15,1
StandardGP,7d6d09b3-adb4-11ef-86ab-e4a8dfc2a9a8,istanbul,4,21,0.014214028604328632,0.07085132598876953,3972.0,0.01534335408359766,11,1
StandardGP,7d6d09b3-adb4-11ef-86ab-e4a8dfc2a9a8,istanbul,4,22,0.014020933769643307,0.09212160110473633,5174.0,0.015038613229990005,11,1
StandardGP,7d6d09b3-adb4-11ef-86ab-e4a8dfc2a9a8,istanbul,4,23,0.014020933769643307,0.09802985191345215,5116.0,0.015038613229990005,11,1
StandardGP,7d6d09b3-adb4-11ef-86ab-e4a8dfc2a9a8,istanbul,4,24,0.014020933769643307,0.10683417320251465,5762.0,0.015038613229990005,11,1
StandardGP,7d6d09b3-adb4-11ef-86ab-e4a8dfc2a9a8,istanbul,4,25,0.014020933769643307,0.10485219955444336,5324.0,0.015038613229990005,11,1
StandardGP,7d6d09b3-adb4-11ef-86ab-e4a8dfc2a9a8,istanbul,4,26,0.014020933769643307,0.1099698543548584,5446.0,0.015038613229990005,11,1
StandardGP,7d6d09b3-adb4-11ef-86ab-e4a8dfc2a9a8,istanbul,4,27,0.014020933769643307,0.10660791397094727,5608.0,0.015038613229990005,11,1
StandardGP,7d6d09b3-adb4-11ef-86ab-e4a8dfc2a9a8,istanbul,4,28,0.014020933769643307,0.08744168281555176,4466.0,0.015038613229990005,11,1
StandardGP,7d6d09b3-adb4-11ef-86ab-e4a8dfc2a9a8,istanbul,4,29,0.014020933769643307,0.08835744857788086,4292.0,0.015038613229990005,11,1
StandardGP,7d6d09b3-adb4-11ef-86ab-e4a8dfc2a9a8,istanbul,4,30,0.014020933769643307,0.08516263961791992,4322.0,0.015038613229990005,11,1
StandardGP,7d6d09b3-adb4-11ef-86ab-e4a8dfc2a9a8,istanbul,4,31,0.014020933769643307,0.12015938758850098,5750.0,0.015038613229990005,11,1
StandardGP,7d6d09b3-adb4-11ef-86ab-e4a8dfc2a9a8,istanbul,4,32,0.014020933769643307,0.1135411262512207,6062.0,0.015038613229990005,11,1
StandardGP,7d6d09b3-adb4-11ef-86ab-e4a8dfc2a9a8,istanbul,4,33,0.014020933769643307,0.12970209121704102,7200.0,0.015038613229990005,11,1
StandardGP,7d6d09b3-adb4-11ef-86ab-e4a8dfc2a9a8,istanbul,4,34,0.014020933769643307,0.10008406639099121,5084.0,0.015038613229990005,11,1
StandardGP,7d6d09b3-adb4-11ef-86ab-e4a8dfc2a9a8,istanbul,4,35,0.014020933769643307,0.1130833625793457,6070.0,0.015038613229990005,11,1
StandardGP,7d6d09b3-adb4-11ef-86ab-e4a8dfc2a9a8,istanbul,4,36,0.014020933769643307,0.1639082431793213,10486.0,0.015038613229990005,11,1
StandardGP,7d6d09b3-adb4-11ef-86ab-e4a8dfc2a9a8,istanbul,4,37,0.014020933769643307,0.21378684043884277,13090.0,0.015038613229990005,11,1
StandardGP,7d6d09b3-adb4-11ef-86ab-e4a8dfc2a9a8,istanbul,4,38,0.013896376825869083,0.2922241687774658,16702.0,0.015588618814945221,281,1
StandardGP,7d6d09b3-adb4-11ef-86ab-e4a8dfc2a9a8,istanbul,4,39,0.013896376825869083,0.3768939971923828,20766.0,0.015588618814945221,281,1
StandardGP,7d6d09b3-adb4-11ef-86ab-e4a8dfc2a9a8,istanbul,4,40,0.013896376825869083,0.3712584972381592,20318.0,0.015588618814945221,281,1
StandardGP,7d6d09b3-adb4-11ef-86ab-e4a8dfc2a9a8,istanbul,4,41,0.013896376825869083,0.4147922992706299,19550.0,0.015588618814945221,281,1
StandardGP,7d6d09b3-adb4-11ef-86ab-e4a8dfc2a9a8,istanbul,4,42,0.013896376825869083,0.3178577423095703,20018.0,0.015588618814945221,281,1
StandardGP,7d6d09b3-adb4-11ef-86ab-e4a8dfc2a9a8,istanbul,4,43,0.013896376825869083,0.33202075958251953,18430.0,0.015588618814945221,281,1
StandardGP,7d6d09b3-adb4-11ef-86ab-e4a8dfc2a9a8,istanbul,4,44,0.013896376825869083,0.3681051731109619,20108.0,0.015588618814945221,281,1
StandardGP,7d6d09b3-adb4-11ef-86ab-e4a8dfc2a9a8,istanbul,4,45,0.013896376825869083,0.3500044345855713,20470.0,0.015588618814945221,281,1
StandardGP,7d6d09b3-adb4-11ef-86ab-e4a8dfc2a9a8,istanbul,4,46,0.013896376825869083,0.37998008728027344,20708.0,0.015588618814945221,281,1
StandardGP,7d6d09b3-adb4-11ef-86ab-e4a8dfc2a9a8,istanbul,4,47,0.013896376825869083,0.33472561836242676,18582.0,0.015588618814945221,281,1
StandardGP,7d6d09b3-adb4-11ef-86ab-e4a8dfc2a9a8,istanbul,4,48,0.013887766748666763,0.2790389060974121,16622.0,0.0155407739803195,227,1
StandardGP,7d6d09b3-adb4-11ef-86ab-e4a8dfc2a9a8,istanbul,4,49,0.013887766748666763,0.26416945457458496,16322.0,0.0155407739803195,227,1
StandardGP,7d6d09b3-adb4-11ef-86ab-e4a8dfc2a9a8,istanbul,4,50,0.013887766748666763,0.24347996711730957,15422.0,0.0155407739803195,227,1
StandardGP,7d6d09b3-adb4-11ef-86ab-e4a8dfc2a9a8,istanbul,4,51,0.013887766748666763,0.2390754222869873,14894.0,0.0155407739803195,227,1
StandardGP,7d6d09b3-adb4-11ef-86ab-e4a8dfc2a9a8,istanbul,4,52,0.013653268106281757,0.25394773483276367,16768.0,0.015325233340263367,203,1
StandardGP,7d6d09b3-adb4-11ef-86ab-e4a8dfc2a9a8,istanbul,4,53,0.013597480952739716,0.2682056427001953,17846.0,0.015144642442464828,203,1
StandardGP,7d6d09b3-adb4-11ef-86ab-e4a8dfc2a9a8,istanbul,4,54,0.013597480952739716,0.33573436737060547,20720.0,0.015144642442464828,203,1
StandardGP,7d6d09b3-adb4-11ef-86ab-e4a8dfc2a9a8,istanbul,4,55,0.013456739485263824,0.3113577365875244,20910.0,0.015178708359599113,425,1
StandardGP,7d6d09b3-adb4-11ef-86ab-e4a8dfc2a9a8,istanbul,4,56,0.013456739485263824,0.30856847763061523,21604.0,0.015178708359599113,425,1
StandardGP,7d6d09b3-adb4-11ef-86ab-e4a8dfc2a9a8,istanbul,4,57,0.013456739485263824,0.3394651412963867,23858.0,0.015178708359599113,425,1
StandardGP,7d6d09b3-adb4-11ef-86ab-e4a8dfc2a9a8,istanbul,4,58,0.013456739485263824,0.31740570068359375,22088.0,0.015178708359599113,425,1
StandardGP,7d6d09b3-adb4-11ef-86ab-e4a8dfc2a9a8,istanbul,4,59,0.013456739485263824,0.3930671215057373,25292.0,0.015178708359599113,425,1
StandardGP,7d6d09b3-adb4-11ef-86ab-e4a8dfc2a9a8,istanbul,4,60,0.013451304286718369,0.5016214847564697,25996.0,0.0151935163885355,125,1
StandardGP,7d6d09b3-adb4-11ef-86ab-e4a8dfc2a9a8,istanbul,4,61,0.013451304286718369,0.4284327030181885,27944.0,0.0151935163885355,125,1
StandardGP,7d6d09b3-adb4-11ef-86ab-e4a8dfc2a9a8,istanbul,4,62,0.013451304286718369,0.4471435546875,29240.0,0.0151935163885355,125,1
StandardGP,7d6d09b3-adb4-11ef-86ab-e4a8dfc2a9a8,istanbul,4,63,0.013451304286718369,0.4747285842895508,30248.0,0.0151935163885355,125,1
StandardGP,7d6d09b3-adb4-11ef-86ab-e4a8dfc2a9a8,istanbul,4,64,0.013451304286718369,0.5056424140930176,33104.0,0.0151935163885355,125,1
StandardGP,7d6d09b3-adb4-11ef-86ab-e4a8dfc2a9a8,istanbul,4,65,0.013451304286718369,0.532336950302124,33854.0,0.0151935163885355,125,1
StandardGP,7d6d09b3-adb4-11ef-86ab-e4a8dfc2a9a8,istanbul,4,66,0.013451304286718369,0.600600004196167,40094.0,0.0151935163885355,125,1
StandardGP,7d6d09b3-adb4-11ef-86ab-e4a8dfc2a9a8,istanbul,4,67,0.013450268656015396,0.7496745586395264,43280.0,0.015198412351310253,461,1
StandardGP,7d6d09b3-adb4-11ef-86ab-e4a8dfc2a9a8,istanbul,4,68,0.013450268656015396,0.887894868850708,56018.0,0.015198412351310253,461,1
StandardGP,7d6d09b3-adb4-11ef-86ab-e4a8dfc2a9a8,istanbul,4,69,0.013450268656015396,0.9331555366516113,60110.0,0.015198412351310253,461,1
StandardGP,7d6d09b3-adb4-11ef-86ab-e4a8dfc2a9a8,istanbul,4,70,0.013450268656015396,1.2081797122955322,71432.0,0.015198412351310253,461,1
StandardGP,7d6d09b3-adb4-11ef-86ab-e4a8dfc2a9a8,istanbul,4,71,0.013450268656015396,1.2381277084350586,70154.0,0.015198412351310253,461,1
StandardGP,7d6d09b3-adb4-11ef-86ab-e4a8dfc2a9a8,istanbul,4,72,0.013450268656015396,1.1092469692230225,65654.0,0.015198412351310253,461,1
StandardGP,7d6d09b3-adb4-11ef-86ab-e4a8dfc2a9a8,istanbul,4,73,0.013450268656015396,1.2133972644805908,66902.0,0.015198412351310253,461,1
StandardGP,7d6d09b3-adb4-11ef-86ab-e4a8dfc2a9a8,istanbul,4,74,0.013449659571051598,0.9854471683502197,53552.0,0.015201345086097717,509,1
StandardGP,7d6d09b3-adb4-11ef-86ab-e4a8dfc2a9a8,istanbul,4,75,0.013449659571051598,1.3888866901397705,58244.0,0.015201345086097717,509,1
StandardGP,7d6d09b3-adb4-11ef-86ab-e4a8dfc2a9a8,istanbul,4,76,0.013449652120471,1.3067071437835693,63530.0,0.015201331116259098,557,1
StandardGP,7d6d09b3-adb4-11ef-86ab-e4a8dfc2a9a8,istanbul,4,77,0.013449652120471,1.2026567459106445,66968.0,0.015201331116259098,557,1
StandardGP,7d6d09b3-adb4-11ef-86ab-e4a8dfc2a9a8,istanbul,4,78,0.013449652120471,1.2564380168914795,71504.0,0.015201331116259098,557,1
StandardGP,7d6d09b3-adb4-11ef-86ab-e4a8dfc2a9a8,istanbul,4,79,0.013449652120471,1.2406532764434814,66704.0,0.015201331116259098,557,1
StandardGP,7d6d09b3-adb4-11ef-86ab-e4a8dfc2a9a8,istanbul,4,80,0.013449652120471,1.1318705081939697,61964.0,0.015201331116259098,557,1
StandardGP,7d6d09b3-adb4-11ef-86ab-e4a8dfc2a9a8,istanbul,4,81,0.013449652120471,1.091261386871338,59348.0,0.015201331116259098,557,1
StandardGP,7d6d09b3-adb4-11ef-86ab-e4a8dfc2a9a8,istanbul,4,82,0.013449652120471,1.0137462615966797,54542.0,0.015201331116259098,557,1
StandardGP,7d6d09b3-adb4-11ef-86ab-e4a8dfc2a9a8,istanbul,4,83,0.013449652120471,1.1105852127075195,56276.0,0.015201331116259098,557,1
StandardGP,7d6d09b3-adb4-11ef-86ab-e4a8dfc2a9a8,istanbul,4,84,0.013449652120471,1.0536789894104004,51248.0,0.015201331116259098,557,1
StandardGP,7d6d09b3-adb4-11ef-86ab-e4a8dfc2a9a8,istanbul,4,85,0.013449652120471,0.8777992725372314,49028.0,0.015201331116259098,557,1
StandardGP,7d6d09b3-adb4-11ef-86ab-e4a8dfc2a9a8,istanbul,4,86,0.013448085635900497,0.7825326919555664,43214.0,0.015209255740046501,407,1
StandardGP,7d6d09b3-adb4-11ef-86ab-e4a8dfc2a9a8,istanbul,4,87,0.013448085635900497,0.7341747283935547,40454.0,0.015209255740046501,407,1
StandardGP,7d6d09b3-adb4-11ef-86ab-e4a8dfc2a9a8,istanbul,4,88,0.013448085635900497,0.6345419883728027,37744.0,0.015209255740046501,407,1
StandardGP,7d6d09b3-adb4-11ef-86ab-e4a8dfc2a9a8,istanbul,4,89,0.013448085635900497,0.6208910942077637,36548.0,0.015209255740046501,407,1
StandardGP,7d6d09b3-adb4-11ef-86ab-e4a8dfc2a9a8,istanbul,4,90,0.013448085635900497,0.48710203170776367,29384.0,0.015209255740046501,407,1
StandardGP,7d6d09b3-adb4-11ef-86ab-e4a8dfc2a9a8,istanbul,4,91,0.013443653471767902,0.513068437576294,31622.0,0.015204348601400852,365,1
StandardGP,7d6d09b3-adb4-11ef-86ab-e4a8dfc2a9a8,istanbul,4,92,0.013443653471767902,0.5162322521209717,31692.0,0.015204348601400852,365,1
StandardGP,7d6d09b3-adb4-11ef-86ab-e4a8dfc2a9a8,istanbul,4,93,0.013442686758935452,0.6443517208099365,33298.0,0.01522666122764349,413,1
StandardGP,7d6d09b3-adb4-11ef-86ab-e4a8dfc2a9a8,istanbul,4,94,0.01344262808561325,0.6174499988555908,37766.0,0.015225936658680439,353,1
StandardGP,7d6d09b3-adb4-11ef-86ab-e4a8dfc2a9a8,istanbul,4,95,0.01344262808561325,0.6081264019012451,35828.0,0.015225936658680439,353,1
StandardGP,7d6d09b3-adb4-11ef-86ab-e4a8dfc2a9a8,istanbul,4,96,0.01344262808561325,0.5843386650085449,37928.0,0.015225936658680439,353,1
StandardGP,7d6d09b3-adb4-11ef-86ab-e4a8dfc2a9a8,istanbul,4,97,0.01344262808561325,0.5936226844787598,37472.0,0.015225936658680439,353,1
StandardGP,7d6d09b3-adb4-11ef-86ab-e4a8dfc2a9a8,istanbul,4,98,0.01344262808561325,0.584505558013916,37970.0,0.015225936658680439,353,1
StandardGP,7d6d09b3-adb4-11ef-86ab-e4a8dfc2a9a8,istanbul,4,99,0.013442211784422398,0.6723935604095459,42818.0,0.015223981812596321,353,1
StandardGP,7d6d09b3-adb4-11ef-86ab-e4a8dfc2a9a8,istanbul,4,100,0.013442211784422398,0.5851030349731445,37760.0,0.015223981812596321,353,1
