StandardGP,57c01ba4-adb0-11ef-bfc2-e4a8dfc2a9a8,istanbul,5,0,0.1708330661058426,0.025827407836914062,900.0,0.1613050401210785,5,1
StandardGP,57c01ba4-adb0-11ef-bfc2-e4a8dfc2a9a8,istanbul,5,1,0.10264125466346741,0.020038127899169922,848.0,0.08398880064487457,5,1
StandardGP,57c01ba4-adb0-11ef-bfc2-e4a8dfc2a9a8,istanbul,5,2,0.10264125466346741,0.024000167846679688,1000.0,0.08398880064487457,5,1
StandardGP,57c01ba4-adb0-11ef-bfc2-e4a8dfc2a9a8,istanbul,5,3,0.10264125466346741,0.024150609970092773,1084.0,0.08398880064487457,5,1
StandardGP,57c01ba4-adb0-11ef-bfc2-e4a8dfc2a9a8,istanbul,5,4,0.10264125466346741,0.024997949600219727,1308.0,0.08398880064487457,5,1
StandardGP,57c01ba4-adb0-11ef-bfc2-e4a8dfc2a9a8,istanbul,5,5,0.10264125466346741,0.02790212631225586,1430.0,0.08398880064487457,5,1
StandardGP,57c01ba4-adb0-11ef-bfc2-e4a8dfc2a9a8,istanbul,5,6,0.10264125466346741,0.03160881996154785,1694.0,0.08398880064487457,5,1
StandardGP,57c01ba4-adb0-11ef-bfc2-e4a8dfc2a9a8,istanbul,5,7,0.09449942409992218,0.03301835060119629,1842.0,0.08395018428564072,5,1
StandardGP,57c01ba4-adb0-11ef-bfc2-e4a8dfc2a9a8,istanbul,5,8,0.09449942409992218,0.03505754470825195,1992.0,0.08395018428564072,5,1
StandardGP,57c01ba4-adb0-11ef-bfc2-e4a8dfc2a9a8,istanbul,5,9,0.09449942409992218,0.0411686897277832,2338.0,0.08395018428564072,5,1
StandardGP,57c01ba4-adb0-11ef-bfc2-e4a8dfc2a9a8,istanbul,5,10,0.09449942409992218,0.04451394081115723,2510.0,0.08395018428564072,5,1
StandardGP,57c01ba4-adb0-11ef-bfc2-e4a8dfc2a9a8,istanbul,5,11,0.09449942409992218,0.053775787353515625,3238.0,0.08395018428564072,5,1
StandardGP,57c01ba4-adb0-11ef-bfc2-e4a8dfc2a9a8,istanbul,5,12,0.09449942409992218,0.07121491432189941,4056.0,0.08395018428564072,5,1
StandardGP,57c01ba4-adb0-11ef-bfc2-e4a8dfc2a9a8,istanbul,5,13,0.09449942409992218,0.06957745552062988,4158.0,0.08395018428564072,5,1
StandardGP,57c01ba4-adb0-11ef-bfc2-e4a8dfc2a9a8,istanbul,5,14,0.09449942409992218,0.0665287971496582,3766.0,0.08395018428564072,5,1
StandardGP,57c01ba4-adb0-11ef-bfc2-e4a8dfc2a9a8,istanbul,5,15,0.09449942409992218,0.06700754165649414,3740.0,0.08395018428564072,5,1
StandardGP,57c01ba4-adb0-11ef-bfc2-e4a8dfc2a9a8,istanbul,5,16,0.09449942409992218,0.07350778579711914,4218.0,0.08395018428564072,5,1
StandardGP,57c01ba4-adb0-11ef-bfc2-e4a8dfc2a9a8,istanbul,5,17,0.09449942409992218,0.08353900909423828,4794.0,0.08395018428564072,5,1
StandardGP,57c01ba4-adb0-11ef-bfc2-e4a8dfc2a9a8,istanbul,5,18,0.09449942409992218,0.09555673599243164,5740.0,0.08395018428564072,5,1
StandardGP,57c01ba4-adb0-11ef-bfc2-e4a8dfc2a9a8,istanbul,5,19,0.09449942409992218,0.11255693435668945,6580.0,0.08395018428564072,5,1
StandardGP,57c01ba4-adb0-11ef-bfc2-e4a8dfc2a9a8,istanbul,5,20,0.09449942409992218,0.123382568359375,7542.0,0.08395018428564072,5,1
StandardGP,57c01ba4-adb0-11ef-bfc2-e4a8dfc2a9a8,istanbul,5,21,0.09449942409992218,0.16396546363830566,10948.0,0.08395018428564072,5,1
StandardGP,57c01ba4-adb0-11ef-bfc2-e4a8dfc2a9a8,istanbul,5,22,0.09449942409992218,0.12495589256286621,8450.0,0.08395018428564072,5,1
StandardGP,57c01ba4-adb0-11ef-bfc2-e4a8dfc2a9a8,istanbul,5,23,0.09449942409992218,0.19165253639221191,13334.0,0.08395018428564072,5,1
StandardGP,57c01ba4-adb0-11ef-bfc2-e4a8dfc2a9a8,istanbul,5,24,0.09449942409992218,0.1526470184326172,8530.0,0.08395018428564072,5,1
StandardGP,57c01ba4-adb0-11ef-bfc2-e4a8dfc2a9a8,istanbul,5,25,0.09449942409992218,0.16091680526733398,10448.0,0.08395018428564072,5,1
StandardGP,57c01ba4-adb0-11ef-bfc2-e4a8dfc2a9a8,istanbul,5,26,0.09449942409992218,0.22090601921081543,15276.0,0.08395018428564072,5,1
StandardGP,57c01ba4-adb0-11ef-bfc2-e4a8dfc2a9a8,istanbul,5,27,0.09449942409992218,0.3167142868041992,21844.0,0.08395018428564072,5,1
StandardGP,57c01ba4-adb0-11ef-bfc2-e4a8dfc2a9a8,istanbul,5,28,0.09449942409992218,0.38440585136413574,23558.0,0.08395018428564072,5,1
StandardGP,57c01ba4-adb0-11ef-bfc2-e4a8dfc2a9a8,istanbul,5,29,0.09449942409992218,0.28460192680358887,18284.0,0.08395018428564072,5,1
StandardGP,57c01ba4-adb0-11ef-bfc2-e4a8dfc2a9a8,istanbul,5,30,0.09449942409992218,0.42005062103271484,27086.0,0.08395018428564072,5,1
StandardGP,57c01ba4-adb0-11ef-bfc2-e4a8dfc2a9a8,istanbul,5,31,0.09449942409992218,0.29563450813293457,16450.0,0.08395018428564072,5,1
StandardGP,57c01ba4-adb0-11ef-bfc2-e4a8dfc2a9a8,istanbul,5,32,0.09449942409992218,0.2807803153991699,17382.0,0.08395018428564072,5,1
StandardGP,57c01ba4-adb0-11ef-bfc2-e4a8dfc2a9a8,istanbul,5,33,0.09449942409992218,0.3024563789367676,17448.0,0.08395018428564072,5,1
StandardGP,57c01ba4-adb0-11ef-bfc2-e4a8dfc2a9a8,istanbul,5,34,0.09449942409992218,0.2575669288635254,15968.0,0.08395018428564072,5,1
StandardGP,57c01ba4-adb0-11ef-bfc2-e4a8dfc2a9a8,istanbul,5,35,0.09449942409992218,0.2565615177154541,16872.0,0.08395018428564072,5,1
StandardGP,57c01ba4-adb0-11ef-bfc2-e4a8dfc2a9a8,istanbul,5,36,0.09449942409992218,0.26522040367126465,17918.0,0.08395018428564072,5,1
StandardGP,57c01ba4-adb0-11ef-bfc2-e4a8dfc2a9a8,istanbul,5,37,0.09449942409992218,0.21502900123596191,14076.0,0.08395018428564072,5,1
StandardGP,57c01ba4-adb0-11ef-bfc2-e4a8dfc2a9a8,istanbul,5,38,0.09449942409992218,0.2375655174255371,15402.0,0.08395018428564072,5,1
StandardGP,57c01ba4-adb0-11ef-bfc2-e4a8dfc2a9a8,istanbul,5,39,0.09449942409992218,0.29557299613952637,20116.0,0.08395018428564072,5,1
StandardGP,57c01ba4-adb0-11ef-bfc2-e4a8dfc2a9a8,istanbul,5,40,0.09449942409992218,0.48657679557800293,24708.0,0.08395018428564072,5,1
StandardGP,57c01ba4-adb0-11ef-bfc2-e4a8dfc2a9a8,istanbul,5,41,0.09449942409992218,0.4352586269378662,24322.0,0.08395018428564072,5,1
StandardGP,57c01ba4-adb0-11ef-bfc2-e4a8dfc2a9a8,istanbul,5,42,0.09449942409992218,0.49765849113464355,30872.0,0.08395018428564072,5,1
StandardGP,57c01ba4-adb0-11ef-bfc2-e4a8dfc2a9a8,istanbul,5,43,0.09449942409992218,0.5282397270202637,30000.0,0.08395018428564072,5,1
StandardGP,57c01ba4-adb0-11ef-bfc2-e4a8dfc2a9a8,istanbul,5,44,0.09449942409992218,0.5498275756835938,32950.0,0.08395018428564072,5,1
StandardGP,57c01ba4-adb0-11ef-bfc2-e4a8dfc2a9a8,istanbul,5,45,0.09449942409992218,0.5670797824859619,33484.0,0.08395018428564072,5,1
StandardGP,57c01ba4-adb0-11ef-bfc2-e4a8dfc2a9a8,istanbul,5,46,0.09449942409992218,0.5771751403808594,33080.0,0.08395018428564072,5,1
StandardGP,57c01ba4-adb0-11ef-bfc2-e4a8dfc2a9a8,istanbul,5,47,0.09449942409992218,0.5666444301605225,34356.0,0.08395018428564072,5,1
StandardGP,57c01ba4-adb0-11ef-bfc2-e4a8dfc2a9a8,istanbul,5,48,0.09449942409992218,0.6151502132415771,37888.0,0.08395018428564072,5,1
StandardGP,57c01ba4-adb0-11ef-bfc2-e4a8dfc2a9a8,istanbul,5,49,0.09449942409992218,0.6645011901855469,43372.0,0.08395018428564072,5,1
StandardGP,57c01ba4-adb0-11ef-bfc2-e4a8dfc2a9a8,istanbul,5,50,0.09449942409992218,0.7580668926239014,39680.0,0.08395018428564072,5,1
StandardGP,57c01ba4-adb0-11ef-bfc2-e4a8dfc2a9a8,istanbul,5,51,0.09449942409992218,0.6704249382019043,40842.0,0.08395018428564072,5,1
StandardGP,57c01ba4-adb0-11ef-bfc2-e4a8dfc2a9a8,istanbul,5,52,0.09449942409992218,0.6449952125549316,41694.0,0.08395018428564072,5,1
StandardGP,57c01ba4-adb0-11ef-bfc2-e4a8dfc2a9a8,istanbul,5,53,0.09449942409992218,0.7332017421722412,42918.0,0.08395018428564072,5,1
StandardGP,57c01ba4-adb0-11ef-bfc2-e4a8dfc2a9a8,istanbul,5,54,0.09449942409992218,0.7799551486968994,46892.0,0.08395018428564072,5,1
StandardGP,57c01ba4-adb0-11ef-bfc2-e4a8dfc2a9a8,istanbul,5,55,0.09449942409992218,0.8274571895599365,50106.0,0.08395018428564072,5,1
StandardGP,57c01ba4-adb0-11ef-bfc2-e4a8dfc2a9a8,istanbul,5,56,0.09449942409992218,0.9446268081665039,58124.0,0.08395018428564072,5,1
StandardGP,57c01ba4-adb0-11ef-bfc2-e4a8dfc2a9a8,istanbul,5,57,0.09449942409992218,1.005415916442871,55582.0,0.08395018428564072,5,1
StandardGP,57c01ba4-adb0-11ef-bfc2-e4a8dfc2a9a8,istanbul,5,58,0.09449942409992218,0.8075704574584961,50000.0,0.08395018428564072,5,1
StandardGP,57c01ba4-adb0-11ef-bfc2-e4a8dfc2a9a8,istanbul,5,59,0.09449942409992218,0.9381651878356934,56134.0,0.08395018428564072,5,1
StandardGP,57c01ba4-adb0-11ef-bfc2-e4a8dfc2a9a8,istanbul,5,60,0.09449942409992218,0.9326074123382568,51302.0,0.08395018428564072,5,1
StandardGP,57c01ba4-adb0-11ef-bfc2-e4a8dfc2a9a8,istanbul,5,61,0.09449942409992218,0.8135898113250732,50428.0,0.08395018428564072,5,1
StandardGP,57c01ba4-adb0-11ef-bfc2-e4a8dfc2a9a8,istanbul,5,62,0.09449942409992218,0.8733034133911133,53838.0,0.08395018428564072,5,1
StandardGP,57c01ba4-adb0-11ef-bfc2-e4a8dfc2a9a8,istanbul,5,63,0.09449942409992218,0.9541506767272949,60256.0,0.08395018428564072,5,1
StandardGP,57c01ba4-adb0-11ef-bfc2-e4a8dfc2a9a8,istanbul,5,64,0.09449942409992218,1.1035213470458984,61840.0,0.08395018428564072,5,1
StandardGP,57c01ba4-adb0-11ef-bfc2-e4a8dfc2a9a8,istanbul,5,65,0.09449942409992218,1.0353209972381592,68492.0,0.08395018428564072,5,1
StandardGP,57c01ba4-adb0-11ef-bfc2-e4a8dfc2a9a8,istanbul,5,66,0.09449942409992218,0.8859875202178955,57924.0,0.08395018428564072,5,1
StandardGP,57c01ba4-adb0-11ef-bfc2-e4a8dfc2a9a8,istanbul,5,67,0.09449942409992218,0.99521803855896,64722.0,0.08395018428564072,5,1
StandardGP,57c01ba4-adb0-11ef-bfc2-e4a8dfc2a9a8,istanbul,5,68,0.09449942409992218,1.0617554187774658,70516.0,0.08395018428564072,5,1
StandardGP,57c01ba4-adb0-11ef-bfc2-e4a8dfc2a9a8,istanbul,5,69,0.09449942409992218,1.1234376430511475,71878.0,0.08395018428564072,5,1
StandardGP,57c01ba4-adb0-11ef-bfc2-e4a8dfc2a9a8,istanbul,5,70,0.09449942409992218,1.3684701919555664,78452.0,0.08395018428564072,5,1
StandardGP,57c01ba4-adb0-11ef-bfc2-e4a8dfc2a9a8,istanbul,5,71,0.09449942409992218,1.3108465671539307,78818.0,0.08395018428564072,5,1
StandardGP,57c01ba4-adb0-11ef-bfc2-e4a8dfc2a9a8,istanbul,5,72,0.09449942409992218,1.3557593822479248,69790.0,0.08395018428564072,5,1
StandardGP,57c01ba4-adb0-11ef-bfc2-e4a8dfc2a9a8,istanbul,5,73,0.09449942409992218,1.6148834228515625,78978.0,0.08395018428564072,5,1
StandardGP,57c01ba4-adb0-11ef-bfc2-e4a8dfc2a9a8,istanbul,5,74,0.09449942409992218,1.3905246257781982,69594.0,0.08395018428564072,5,1
StandardGP,57c01ba4-adb0-11ef-bfc2-e4a8dfc2a9a8,istanbul,5,75,0.09449942409992218,1.4032719135284424,69178.0,0.08395018428564072,5,1
StandardGP,57c01ba4-adb0-11ef-bfc2-e4a8dfc2a9a8,istanbul,5,76,0.09449942409992218,1.2837214469909668,67936.0,0.08395018428564072,5,1
StandardGP,57c01ba4-adb0-11ef-bfc2-e4a8dfc2a9a8,istanbul,5,77,0.09449942409992218,1.2739150524139404,68960.0,0.08395018428564072,5,1
StandardGP,57c01ba4-adb0-11ef-bfc2-e4a8dfc2a9a8,istanbul,5,78,0.09449942409992218,0.8815162181854248,48380.0,0.08395018428564072,5,1
StandardGP,57c01ba4-adb0-11ef-bfc2-e4a8dfc2a9a8,istanbul,5,79,0.09449942409992218,0.860830545425415,42912.0,0.08395018428564072,5,1
StandardGP,57c01ba4-adb0-11ef-bfc2-e4a8dfc2a9a8,istanbul,5,80,0.09449942409992218,0.708575963973999,37046.0,0.08395018428564072,5,1
StandardGP,57c01ba4-adb0-11ef-bfc2-e4a8dfc2a9a8,istanbul,5,81,0.09449942409992218,0.7389769554138184,36206.0,0.08395018428564072,5,1
StandardGP,57c01ba4-adb0-11ef-bfc2-e4a8dfc2a9a8,istanbul,5,82,0.09449942409992218,0.7418191432952881,33318.0,0.08395018428564072,5,1
StandardGP,57c01ba4-adb0-11ef-bfc2-e4a8dfc2a9a8,istanbul,5,83,0.09449942409992218,0.5529811382293701,32142.0,0.08395018428564072,5,1
StandardGP,57c01ba4-adb0-11ef-bfc2-e4a8dfc2a9a8,istanbul,5,84,0.09449942409992218,0.47406530380249023,32372.0,0.08395018428564072,5,1
StandardGP,57c01ba4-adb0-11ef-bfc2-e4a8dfc2a9a8,istanbul,5,85,0.09449942409992218,0.4966421127319336,33446.0,0.08395018428564072,5,1
StandardGP,57c01ba4-adb0-11ef-bfc2-e4a8dfc2a9a8,istanbul,5,86,0.09449942409992218,0.6185154914855957,38552.0,0.08395018428564072,5,1
StandardGP,57c01ba4-adb0-11ef-bfc2-e4a8dfc2a9a8,istanbul,5,87,0.09449942409992218,0.5550758838653564,31782.0,0.08395018428564072,5,1
StandardGP,57c01ba4-adb0-11ef-bfc2-e4a8dfc2a9a8,istanbul,5,88,0.09449942409992218,0.7139346599578857,35238.0,0.08395018428564072,5,1
StandardGP,57c01ba4-adb0-11ef-bfc2-e4a8dfc2a9a8,istanbul,5,89,0.09449942409992218,0.5579838752746582,29012.0,0.08395018428564072,5,1
StandardGP,57c01ba4-adb0-11ef-bfc2-e4a8dfc2a9a8,istanbul,5,90,0.09449942409992218,0.6626648902893066,36530.0,0.08395018428564072,5,1
StandardGP,57c01ba4-adb0-11ef-bfc2-e4a8dfc2a9a8,istanbul,5,91,0.09449942409992218,0.7452330589294434,46954.0,0.08395018428564072,5,1
StandardGP,57c01ba4-adb0-11ef-bfc2-e4a8dfc2a9a8,istanbul,5,92,0.09449942409992218,0.7079925537109375,43050.0,0.08395018428564072,5,1
StandardGP,57c01ba4-adb0-11ef-bfc2-e4a8dfc2a9a8,istanbul,5,93,0.09449942409992218,0.6180315017700195,32730.0,0.08395018428564072,5,1
StandardGP,57c01ba4-adb0-11ef-bfc2-e4a8dfc2a9a8,istanbul,5,94,0.09449942409992218,0.448833703994751,27308.0,0.08395018428564072,5,1
StandardGP,57c01ba4-adb0-11ef-bfc2-e4a8dfc2a9a8,istanbul,5,95,0.09449942409992218,0.46918702125549316,31174.0,0.08395018428564072,5,1
StandardGP,57c01ba4-adb0-11ef-bfc2-e4a8dfc2a9a8,istanbul,5,96,0.09449942409992218,0.6113407611846924,40242.0,0.08395018428564072,5,1
StandardGP,57c01ba4-adb0-11ef-bfc2-e4a8dfc2a9a8,istanbul,5,97,0.09449942409992218,0.61153244972229,41002.0,0.08395018428564072,5,1
StandardGP,57c01ba4-adb0-11ef-bfc2-e4a8dfc2a9a8,istanbul,5,98,0.09449942409992218,0.6741855144500732,44122.0,0.08395018428564072,5,1
StandardGP,57c01ba4-adb0-11ef-bfc2-e4a8dfc2a9a8,istanbul,5,99,0.09449942409992218,0.6317365169525146,39996.0,0.08395018428564072,5,1
StandardGP,57c01ba4-adb0-11ef-bfc2-e4a8dfc2a9a8,istanbul,5,100,0.09449942409992218,0.5912487506866455,39774.0,0.08395018428564072,5,1
StandardGP,97b1a3b2-adb4-11ef-bb43-e4a8dfc2a9a8,istanbul,5,0,0.016115693375468254,0.054685354232788086,2170.0,0.01262546144425869,3,1
StandardGP,97b1a3b2-adb4-11ef-bb43-e4a8dfc2a9a8,istanbul,5,1,0.016115693375468254,0.02209305763244629,1088.0,0.01262546144425869,3,1
StandardGP,97b1a3b2-adb4-11ef-bb43-e4a8dfc2a9a8,istanbul,5,2,0.016115693375468254,0.021609067916870117,990.0,0.01262546144425869,3,1
StandardGP,97b1a3b2-adb4-11ef-bb43-e4a8dfc2a9a8,istanbul,5,3,0.016065968200564384,0.020542621612548828,974.0,0.014649213291704655,5,1
StandardGP,97b1a3b2-adb4-11ef-bb43-e4a8dfc2a9a8,istanbul,5,4,0.016056856140494347,0.017618656158447266,750.0,0.014648490585386753,5,1
StandardGP,97b1a3b2-adb4-11ef-bb43-e4a8dfc2a9a8,istanbul,5,5,0.016056856140494347,0.019470930099487305,948.0,0.014648490585386753,5,1
StandardGP,97b1a3b2-adb4-11ef-bb43-e4a8dfc2a9a8,istanbul,5,6,0.014739490114152431,0.02151012420654297,1074.0,0.01300034113228321,7,1
StandardGP,97b1a3b2-adb4-11ef-bb43-e4a8dfc2a9a8,istanbul,5,7,0.014739490114152431,0.02288341522216797,1124.0,0.01300034113228321,7,1
StandardGP,97b1a3b2-adb4-11ef-bb43-e4a8dfc2a9a8,istanbul,5,8,0.014739490114152431,0.02492833137512207,1230.0,0.01300034113228321,7,1
StandardGP,97b1a3b2-adb4-11ef-bb43-e4a8dfc2a9a8,istanbul,5,9,0.014739490114152431,0.02938985824584961,1418.0,0.01300034113228321,7,1
StandardGP,97b1a3b2-adb4-11ef-bb43-e4a8dfc2a9a8,istanbul,5,10,0.014739490114152431,0.03373098373413086,1524.0,0.01300034113228321,7,1
StandardGP,97b1a3b2-adb4-11ef-bb43-e4a8dfc2a9a8,istanbul,5,11,0.014739490114152431,0.030608177185058594,1356.0,0.01300034113228321,7,1
StandardGP,97b1a3b2-adb4-11ef-bb43-e4a8dfc2a9a8,istanbul,5,12,0.014739490114152431,0.03088545799255371,1396.0,0.01300034113228321,7,1
StandardGP,97b1a3b2-adb4-11ef-bb43-e4a8dfc2a9a8,istanbul,5,13,0.014739490114152431,0.033759355545043945,1502.0,0.01300034113228321,7,1
StandardGP,97b1a3b2-adb4-11ef-bb43-e4a8dfc2a9a8,istanbul,5,14,0.014739490114152431,0.03469443321228027,1860.0,0.01300034113228321,7,1
StandardGP,97b1a3b2-adb4-11ef-bb43-e4a8dfc2a9a8,istanbul,5,15,0.014739490114152431,0.05213356018066406,2456.0,0.01300034113228321,7,1
StandardGP,97b1a3b2-adb4-11ef-bb43-e4a8dfc2a9a8,istanbul,5,16,0.014739490114152431,0.05231070518493652,2532.0,0.01300034113228321,7,1
StandardGP,97b1a3b2-adb4-11ef-bb43-e4a8dfc2a9a8,istanbul,5,17,0.014739490114152431,0.057276010513305664,3130.0,0.01300034113228321,7,1
StandardGP,97b1a3b2-adb4-11ef-bb43-e4a8dfc2a9a8,istanbul,5,18,0.014739490114152431,0.06460213661193848,4282.0,0.01300034113228321,7,1
StandardGP,97b1a3b2-adb4-11ef-bb43-e4a8dfc2a9a8,istanbul,5,19,0.014739490114152431,0.06358838081359863,3964.0,0.01300034113228321,7,1
StandardGP,97b1a3b2-adb4-11ef-bb43-e4a8dfc2a9a8,istanbul,5,20,0.014739490114152431,0.07200026512145996,4856.0,0.01300034113228321,7,1
StandardGP,97b1a3b2-adb4-11ef-bb43-e4a8dfc2a9a8,istanbul,5,21,0.014739490114152431,0.07760286331176758,5436.0,0.01300034113228321,7,1
StandardGP,97b1a3b2-adb4-11ef-bb43-e4a8dfc2a9a8,istanbul,5,22,0.014739490114152431,0.09353137016296387,6496.0,0.01300034113228321,7,1
StandardGP,97b1a3b2-adb4-11ef-bb43-e4a8dfc2a9a8,istanbul,5,23,0.014739490114152431,0.1010286808013916,6160.0,0.01300034113228321,7,1
StandardGP,97b1a3b2-adb4-11ef-bb43-e4a8dfc2a9a8,istanbul,5,24,0.014739490114152431,0.12921452522277832,7646.0,0.01300034113228321,7,1
StandardGP,97b1a3b2-adb4-11ef-bb43-e4a8dfc2a9a8,istanbul,5,25,0.014739490114152431,0.12000441551208496,7568.0,0.01300034113228321,7,1
StandardGP,97b1a3b2-adb4-11ef-bb43-e4a8dfc2a9a8,istanbul,5,26,0.014739490114152431,0.10956501960754395,6786.0,0.01300034113228321,7,1
StandardGP,97b1a3b2-adb4-11ef-bb43-e4a8dfc2a9a8,istanbul,5,27,0.014739490114152431,0.11012506484985352,7412.0,0.01300034113228321,7,1
StandardGP,97b1a3b2-adb4-11ef-bb43-e4a8dfc2a9a8,istanbul,5,28,0.014739490114152431,0.11863374710083008,8398.0,0.01300034113228321,7,1
StandardGP,97b1a3b2-adb4-11ef-bb43-e4a8dfc2a9a8,istanbul,5,29,0.014739490114152431,0.11393499374389648,7702.0,0.01300034113228321,7,1
StandardGP,97b1a3b2-adb4-11ef-bb43-e4a8dfc2a9a8,istanbul,5,30,0.014739490114152431,0.11151814460754395,7490.0,0.01300034113228321,7,1
StandardGP,97b1a3b2-adb4-11ef-bb43-e4a8dfc2a9a8,istanbul,5,31,0.014739490114152431,0.11352276802062988,7844.0,0.01300034113228321,7,1
StandardGP,97b1a3b2-adb4-11ef-bb43-e4a8dfc2a9a8,istanbul,5,32,0.014739490114152431,0.14412403106689453,9900.0,0.01300034113228321,7,1
StandardGP,97b1a3b2-adb4-11ef-bb43-e4a8dfc2a9a8,istanbul,5,33,0.014739490114152431,0.163132905960083,10810.0,0.01300034113228321,7,1
StandardGP,97b1a3b2-adb4-11ef-bb43-e4a8dfc2a9a8,istanbul,5,34,0.014739490114152431,0.1917564868927002,12662.0,0.01300034113228321,7,1
StandardGP,97b1a3b2-adb4-11ef-bb43-e4a8dfc2a9a8,istanbul,5,35,0.014739490114152431,0.19814395904541016,13566.0,0.01300034113228321,7,1
StandardGP,97b1a3b2-adb4-11ef-bb43-e4a8dfc2a9a8,istanbul,5,36,0.014739490114152431,0.2176494598388672,13878.0,0.01300034113228321,7,1
StandardGP,97b1a3b2-adb4-11ef-bb43-e4a8dfc2a9a8,istanbul,5,37,0.014739490114152431,0.2382221221923828,13820.0,0.01300034113228321,7,1
StandardGP,97b1a3b2-adb4-11ef-bb43-e4a8dfc2a9a8,istanbul,5,38,0.014739490114152431,0.21775031089782715,12884.0,0.01300034113228321,7,1
StandardGP,97b1a3b2-adb4-11ef-bb43-e4a8dfc2a9a8,istanbul,5,39,0.014739490114152431,0.2839081287384033,11612.0,0.01300034113228321,7,1
StandardGP,97b1a3b2-adb4-11ef-bb43-e4a8dfc2a9a8,istanbul,5,40,0.014739490114152431,0.18118023872375488,11274.0,0.01300034113228321,7,1
StandardGP,97b1a3b2-adb4-11ef-bb43-e4a8dfc2a9a8,istanbul,5,41,0.014739490114152431,0.15363502502441406,9894.0,0.01300034113228321,7,1
StandardGP,97b1a3b2-adb4-11ef-bb43-e4a8dfc2a9a8,istanbul,5,42,0.014739490114152431,0.16239333152770996,10546.0,0.01300034113228321,7,1
StandardGP,97b1a3b2-adb4-11ef-bb43-e4a8dfc2a9a8,istanbul,5,43,0.014739490114152431,0.16414475440979004,10086.0,0.01300034113228321,7,1
StandardGP,97b1a3b2-adb4-11ef-bb43-e4a8dfc2a9a8,istanbul,5,44,0.01473684050142765,0.1617906093597412,10488.0,0.013000675477087498,9,1
StandardGP,97b1a3b2-adb4-11ef-bb43-e4a8dfc2a9a8,istanbul,5,45,0.01473684050142765,0.19121646881103516,12396.0,0.013000675477087498,9,1
StandardGP,97b1a3b2-adb4-11ef-bb43-e4a8dfc2a9a8,istanbul,5,46,0.01473684050142765,0.16891908645629883,11838.0,0.013000675477087498,9,1
StandardGP,97b1a3b2-adb4-11ef-bb43-e4a8dfc2a9a8,istanbul,5,47,0.01473684050142765,0.1716599464416504,11562.0,0.013000675477087498,9,1
StandardGP,97b1a3b2-adb4-11ef-bb43-e4a8dfc2a9a8,istanbul,5,48,0.01473684050142765,0.15861153602600098,11078.0,0.013000675477087498,9,1
StandardGP,97b1a3b2-adb4-11ef-bb43-e4a8dfc2a9a8,istanbul,5,49,0.01473684050142765,0.14760994911193848,10438.0,0.013000675477087498,9,1
StandardGP,97b1a3b2-adb4-11ef-bb43-e4a8dfc2a9a8,istanbul,5,50,0.01473684050142765,0.16968965530395508,11994.0,0.013000675477087498,9,1
StandardGP,97b1a3b2-adb4-11ef-bb43-e4a8dfc2a9a8,istanbul,5,51,0.01473684050142765,0.20635676383972168,14620.0,0.013000675477087498,9,1
StandardGP,97b1a3b2-adb4-11ef-bb43-e4a8dfc2a9a8,istanbul,5,52,0.01473684050142765,0.15016961097717285,10496.0,0.013000675477087498,9,1
StandardGP,97b1a3b2-adb4-11ef-bb43-e4a8dfc2a9a8,istanbul,5,53,0.014736800454556942,0.14877080917358398,10096.0,0.012987717986106873,15,1
StandardGP,97b1a3b2-adb4-11ef-bb43-e4a8dfc2a9a8,istanbul,5,54,0.014736800454556942,0.12861037254333496,8950.0,0.012987717986106873,15,1
StandardGP,97b1a3b2-adb4-11ef-bb43-e4a8dfc2a9a8,istanbul,5,55,0.014734572730958462,0.11891055107116699,8684.0,0.012999496422708035,13,1
StandardGP,97b1a3b2-adb4-11ef-bb43-e4a8dfc2a9a8,istanbul,5,56,0.014734572730958462,0.1586291790008545,9718.0,0.012999496422708035,13,1
StandardGP,97b1a3b2-adb4-11ef-bb43-e4a8dfc2a9a8,istanbul,5,57,0.014734572730958462,0.19266271591186523,11486.0,0.012999496422708035,13,1
StandardGP,97b1a3b2-adb4-11ef-bb43-e4a8dfc2a9a8,istanbul,5,58,0.014655660837888718,0.18903112411499023,9670.0,0.013001338578760624,15,1
StandardGP,97b1a3b2-adb4-11ef-bb43-e4a8dfc2a9a8,istanbul,5,59,0.014655660837888718,0.16658592224121094,9834.0,0.013001338578760624,15,1
StandardGP,97b1a3b2-adb4-11ef-bb43-e4a8dfc2a9a8,istanbul,5,60,0.014655660837888718,0.126631498336792,7486.0,0.013001338578760624,15,1
StandardGP,97b1a3b2-adb4-11ef-bb43-e4a8dfc2a9a8,istanbul,5,61,0.014655660837888718,0.15102529525756836,7620.0,0.013001338578760624,15,1
StandardGP,97b1a3b2-adb4-11ef-bb43-e4a8dfc2a9a8,istanbul,5,62,0.014655660837888718,0.12349534034729004,7146.0,0.013001338578760624,15,1
StandardGP,97b1a3b2-adb4-11ef-bb43-e4a8dfc2a9a8,istanbul,5,63,0.014655660837888718,0.10652732849121094,6498.0,0.013001338578760624,15,1
StandardGP,97b1a3b2-adb4-11ef-bb43-e4a8dfc2a9a8,istanbul,5,64,0.01464544702321291,0.09788155555725098,5884.0,0.013049815781414509,35,1
StandardGP,97b1a3b2-adb4-11ef-bb43-e4a8dfc2a9a8,istanbul,5,65,0.01464544702321291,0.10666537284851074,5934.0,0.013049815781414509,35,1
StandardGP,97b1a3b2-adb4-11ef-bb43-e4a8dfc2a9a8,istanbul,5,66,0.01464544702321291,0.09541630744934082,5522.0,0.013049815781414509,35,1
StandardGP,97b1a3b2-adb4-11ef-bb43-e4a8dfc2a9a8,istanbul,5,67,0.01464544702321291,0.08657383918762207,5328.0,0.013049815781414509,35,1
StandardGP,97b1a3b2-adb4-11ef-bb43-e4a8dfc2a9a8,istanbul,5,68,0.01464544702321291,0.10162234306335449,6256.0,0.013049815781414509,35,1
StandardGP,97b1a3b2-adb4-11ef-bb43-e4a8dfc2a9a8,istanbul,5,69,0.01464544702321291,0.13302087783813477,6100.0,0.013049815781414509,35,1
StandardGP,97b1a3b2-adb4-11ef-bb43-e4a8dfc2a9a8,istanbul,5,70,0.01464544702321291,0.11624026298522949,6252.0,0.013049815781414509,35,1
StandardGP,97b1a3b2-adb4-11ef-bb43-e4a8dfc2a9a8,istanbul,5,71,0.01464544702321291,0.10756754875183105,5768.0,0.013049815781414509,35,1
StandardGP,97b1a3b2-adb4-11ef-bb43-e4a8dfc2a9a8,istanbul,5,72,0.01464544702321291,0.11012554168701172,4858.0,0.013049815781414509,35,1
StandardGP,97b1a3b2-adb4-11ef-bb43-e4a8dfc2a9a8,istanbul,5,73,0.01464544702321291,0.11311221122741699,5568.0,0.013049815781414509,35,1
StandardGP,97b1a3b2-adb4-11ef-bb43-e4a8dfc2a9a8,istanbul,5,74,0.01464544702321291,0.09015965461730957,4554.0,0.013049815781414509,35,1
StandardGP,97b1a3b2-adb4-11ef-bb43-e4a8dfc2a9a8,istanbul,5,75,0.01464544702321291,0.09938263893127441,4918.0,0.013049815781414509,35,1
StandardGP,97b1a3b2-adb4-11ef-bb43-e4a8dfc2a9a8,istanbul,5,76,0.01464544702321291,0.10260796546936035,5166.0,0.013049815781414509,35,1
StandardGP,97b1a3b2-adb4-11ef-bb43-e4a8dfc2a9a8,istanbul,5,77,0.014582213014364243,0.09660792350769043,4450.0,0.013163194991648197,59,1
StandardGP,97b1a3b2-adb4-11ef-bb43-e4a8dfc2a9a8,istanbul,5,78,0.014582213014364243,0.10167479515075684,4668.0,0.013163194991648197,59,1
StandardGP,97b1a3b2-adb4-11ef-bb43-e4a8dfc2a9a8,istanbul,5,79,0.014582213014364243,0.09176802635192871,4450.0,0.013163194991648197,59,1
StandardGP,97b1a3b2-adb4-11ef-bb43-e4a8dfc2a9a8,istanbul,5,80,0.014487296342849731,0.08754634857177734,4230.0,0.012680310755968094,41,1
StandardGP,97b1a3b2-adb4-11ef-bb43-e4a8dfc2a9a8,istanbul,5,81,0.014487296342849731,0.09311604499816895,4128.0,0.012680310755968094,41,1
StandardGP,97b1a3b2-adb4-11ef-bb43-e4a8dfc2a9a8,istanbul,5,82,0.014486902393400669,0.100494384765625,4290.0,0.012679978273808956,65,1
StandardGP,97b1a3b2-adb4-11ef-bb43-e4a8dfc2a9a8,istanbul,5,83,0.014485655352473259,0.09482145309448242,4638.0,0.012679203413426876,55,1
StandardGP,97b1a3b2-adb4-11ef-bb43-e4a8dfc2a9a8,istanbul,5,84,0.014480365440249443,0.1232290267944336,4962.0,0.012679586187005043,61,1
StandardGP,97b1a3b2-adb4-11ef-bb43-e4a8dfc2a9a8,istanbul,5,85,0.014480365440249443,0.12259197235107422,4998.0,0.012679586187005043,61,1
StandardGP,97b1a3b2-adb4-11ef-bb43-e4a8dfc2a9a8,istanbul,5,86,0.014479024335741997,0.10708117485046387,5158.0,0.012682178989052773,37,1
StandardGP,97b1a3b2-adb4-11ef-bb43-e4a8dfc2a9a8,istanbul,5,87,0.014472796581685543,0.1209869384765625,4992.0,0.012986971996724606,47,1
StandardGP,97b1a3b2-adb4-11ef-bb43-e4a8dfc2a9a8,istanbul,5,88,0.014472796581685543,0.11521291732788086,5156.0,0.012986971996724606,47,1
StandardGP,97b1a3b2-adb4-11ef-bb43-e4a8dfc2a9a8,istanbul,5,89,0.014424487017095089,0.11974048614501953,5046.0,0.012702111154794693,51,1
StandardGP,97b1a3b2-adb4-11ef-bb43-e4a8dfc2a9a8,istanbul,5,90,0.014424487017095089,0.10794973373413086,4866.0,0.012702111154794693,51,1
StandardGP,97b1a3b2-adb4-11ef-bb43-e4a8dfc2a9a8,istanbul,5,91,0.014424487017095089,0.10851716995239258,4844.0,0.012702111154794693,51,1
StandardGP,97b1a3b2-adb4-11ef-bb43-e4a8dfc2a9a8,istanbul,5,92,0.014424487017095089,0.1083226203918457,4916.0,0.012702111154794693,51,1
StandardGP,97b1a3b2-adb4-11ef-bb43-e4a8dfc2a9a8,istanbul,5,93,0.014424487017095089,0.10331916809082031,4906.0,0.012702111154794693,51,1
StandardGP,97b1a3b2-adb4-11ef-bb43-e4a8dfc2a9a8,istanbul,5,94,0.014424487017095089,0.11858677864074707,5334.0,0.012702111154794693,51,1
StandardGP,97b1a3b2-adb4-11ef-bb43-e4a8dfc2a9a8,istanbul,5,95,0.014424487017095089,0.13272309303283691,5696.0,0.012702111154794693,51,1
StandardGP,97b1a3b2-adb4-11ef-bb43-e4a8dfc2a9a8,istanbul,5,96,0.014424487017095089,0.1495041847229004,5930.0,0.012702111154794693,51,1
StandardGP,97b1a3b2-adb4-11ef-bb43-e4a8dfc2a9a8,istanbul,5,97,0.014414663426578045,0.13092708587646484,5572.0,0.012706022709608078,49,1
StandardGP,97b1a3b2-adb4-11ef-bb43-e4a8dfc2a9a8,istanbul,5,98,0.014414663426578045,0.11066222190856934,5098.0,0.012706022709608078,49,1
StandardGP,97b1a3b2-adb4-11ef-bb43-e4a8dfc2a9a8,istanbul,5,99,0.014414663426578045,0.11257266998291016,5396.0,0.012706022709608078,49,1
StandardGP,97b1a3b2-adb4-11ef-bb43-e4a8dfc2a9a8,istanbul,5,100,0.014414663426578045,0.11485838890075684,5256.0,0.012706022709608078,49,1
