StandardGP,cb96ce29-adb0-11ef-9dca-e4a8dfc2a9a8,istanbul,9,0,0.10735359787940979,0.02779865264892578,914.0,0.12003138661384583,5,1
StandardGP,cb96ce29-adb0-11ef-9dca-e4a8dfc2a9a8,istanbul,9,1,0.10735359787940979,0.02346634864807129,996.0,0.12003138661384583,5,1
StandardGP,cb96ce29-adb0-11ef-9dca-e4a8dfc2a9a8,istanbul,9,2,0.10735359787940979,0.022563695907592773,854.0,0.12003138661384583,5,1
StandardGP,cb96ce29-adb0-11ef-9dca-e4a8dfc2a9a8,istanbul,9,3,0.09997682273387909,0.022179365158081055,956.0,0.09066183120012283,5,1
StandardGP,cb96ce29-adb0-11ef-9dca-e4a8dfc2a9a8,istanbul,9,4,0.09328937530517578,0.022216796875,1010.0,0.09066183120012283,5,1
StandardGP,cb96ce29-adb0-11ef-9dca-e4a8dfc2a9a8,istanbul,9,5,0.08860346674919128,0.026769399642944336,1256.0,0.08382429927587509,9,1
StandardGP,cb96ce29-adb0-11ef-9dca-e4a8dfc2a9a8,istanbul,9,6,0.08860346674919128,0.029696941375732422,1506.0,0.08382429927587509,9,1
StandardGP,cb96ce29-adb0-11ef-9dca-e4a8dfc2a9a8,istanbul,9,7,0.08860346674919128,0.03782486915588379,2076.0,0.08382429927587509,9,1
StandardGP,cb96ce29-adb0-11ef-9dca-e4a8dfc2a9a8,istanbul,9,8,0.08860346674919128,0.0456082820892334,2510.0,0.08382429927587509,9,1
StandardGP,cb96ce29-adb0-11ef-9dca-e4a8dfc2a9a8,istanbul,9,9,0.08860346674919128,0.05516195297241211,3120.0,0.08382429927587509,9,1
StandardGP,cb96ce29-adb0-11ef-9dca-e4a8dfc2a9a8,istanbul,9,10,0.08860346674919128,0.05649375915527344,3030.0,0.08382429927587509,9,1
StandardGP,cb96ce29-adb0-11ef-9dca-e4a8dfc2a9a8,istanbul,9,11,0.08860346674919128,0.06327581405639648,3160.0,0.08382429927587509,9,1
StandardGP,cb96ce29-adb0-11ef-9dca-e4a8dfc2a9a8,istanbul,9,12,0.08860346674919128,0.0624849796295166,3922.0,0.08382429927587509,9,1
StandardGP,cb96ce29-adb0-11ef-9dca-e4a8dfc2a9a8,istanbul,9,13,0.08860346674919128,0.0775308609008789,5466.0,0.08382429927587509,9,1
StandardGP,cb96ce29-adb0-11ef-9dca-e4a8dfc2a9a8,istanbul,9,14,0.08860346674919128,0.1013944149017334,6894.0,0.08382429927587509,9,1
StandardGP,cb96ce29-adb0-11ef-9dca-e4a8dfc2a9a8,istanbul,9,15,0.08860346674919128,0.16750311851501465,10526.0,0.08382429927587509,9,1
StandardGP,cb96ce29-adb0-11ef-9dca-e4a8dfc2a9a8,istanbul,9,16,0.08860346674919128,0.16834688186645508,10580.0,0.08382429927587509,9,1
StandardGP,cb96ce29-adb0-11ef-9dca-e4a8dfc2a9a8,istanbul,9,17,0.08860346674919128,0.21769356727600098,12256.0,0.08382429927587509,9,1
StandardGP,cb96ce29-adb0-11ef-9dca-e4a8dfc2a9a8,istanbul,9,18,0.08860346674919128,0.30958008766174316,18212.0,0.08382429927587509,9,1
StandardGP,cb96ce29-adb0-11ef-9dca-e4a8dfc2a9a8,istanbul,9,19,0.08860346674919128,0.45036911964416504,22426.0,0.08382429927587509,9,1
StandardGP,cb96ce29-adb0-11ef-9dca-e4a8dfc2a9a8,istanbul,9,20,0.08860346674919128,0.3523833751678467,18778.0,0.08382429927587509,9,1
StandardGP,cb96ce29-adb0-11ef-9dca-e4a8dfc2a9a8,istanbul,9,21,0.08860346674919128,0.48664259910583496,24574.0,0.08382429927587509,9,1
StandardGP,cb96ce29-adb0-11ef-9dca-e4a8dfc2a9a8,istanbul,9,22,0.08860346674919128,0.5784218311309814,26304.0,0.08382429927587509,9,1
StandardGP,cb96ce29-adb0-11ef-9dca-e4a8dfc2a9a8,istanbul,9,23,0.08860346674919128,0.5303866863250732,26718.0,0.08382429927587509,9,1
StandardGP,cb96ce29-adb0-11ef-9dca-e4a8dfc2a9a8,istanbul,9,24,0.08860346674919128,0.5569281578063965,31060.0,0.08382429927587509,9,1
StandardGP,cb96ce29-adb0-11ef-9dca-e4a8dfc2a9a8,istanbul,9,25,0.08860346674919128,0.5102791786193848,28288.0,0.08382429927587509,9,1
StandardGP,cb96ce29-adb0-11ef-9dca-e4a8dfc2a9a8,istanbul,9,26,0.08860346674919128,0.5326840877532959,32888.0,0.08382429927587509,9,1
StandardGP,cb96ce29-adb0-11ef-9dca-e4a8dfc2a9a8,istanbul,9,27,0.08860346674919128,0.540729284286499,29422.0,0.08382429927587509,9,1
StandardGP,cb96ce29-adb0-11ef-9dca-e4a8dfc2a9a8,istanbul,9,28,0.08860346674919128,0.7480483055114746,39788.0,0.08382429927587509,9,1
StandardGP,cb96ce29-adb0-11ef-9dca-e4a8dfc2a9a8,istanbul,9,29,0.08860346674919128,0.7194509506225586,42130.0,0.08382429927587509,9,1
StandardGP,cb96ce29-adb0-11ef-9dca-e4a8dfc2a9a8,istanbul,9,30,0.08860346674919128,0.7954132556915283,37870.0,0.08382429927587509,9,1
StandardGP,cb96ce29-adb0-11ef-9dca-e4a8dfc2a9a8,istanbul,9,31,0.08860346674919128,0.6993393898010254,39710.0,0.08382429927587509,9,1
StandardGP,cb96ce29-adb0-11ef-9dca-e4a8dfc2a9a8,istanbul,9,32,0.08860346674919128,0.7349288463592529,44784.0,0.08382429927587509,9,1
StandardGP,cb96ce29-adb0-11ef-9dca-e4a8dfc2a9a8,istanbul,9,33,0.08860346674919128,0.9111955165863037,45454.0,0.08382429927587509,9,1
StandardGP,cb96ce29-adb0-11ef-9dca-e4a8dfc2a9a8,istanbul,9,34,0.08860346674919128,0.8170163631439209,46346.0,0.08382429927587509,9,1
StandardGP,cb96ce29-adb0-11ef-9dca-e4a8dfc2a9a8,istanbul,9,35,0.08860346674919128,0.9430544376373291,53064.0,0.08382429927587509,9,1
StandardGP,cb96ce29-adb0-11ef-9dca-e4a8dfc2a9a8,istanbul,9,36,0.08860346674919128,1.2338941097259521,64478.0,0.08382429927587509,9,1
StandardGP,cb96ce29-adb0-11ef-9dca-e4a8dfc2a9a8,istanbul,9,37,0.08860346674919128,1.2272899150848389,61582.0,0.08382429927587509,9,1
StandardGP,cb96ce29-adb0-11ef-9dca-e4a8dfc2a9a8,istanbul,9,38,0.08860346674919128,1.605830430984497,61562.0,0.08382429927587509,9,1
StandardGP,cb96ce29-adb0-11ef-9dca-e4a8dfc2a9a8,istanbul,9,39,0.08860346674919128,1.404916524887085,73324.0,0.08382429927587509,9,1
StandardGP,cb96ce29-adb0-11ef-9dca-e4a8dfc2a9a8,istanbul,9,40,0.08860346674919128,1.2328243255615234,77440.0,0.08382429927587509,9,1
StandardGP,cb96ce29-adb0-11ef-9dca-e4a8dfc2a9a8,istanbul,9,41,0.08860346674919128,1.2770087718963623,71350.0,0.08382429927587509,9,1
StandardGP,cb96ce29-adb0-11ef-9dca-e4a8dfc2a9a8,istanbul,9,42,0.08860346674919128,1.3076574802398682,69056.0,0.08382429927587509,9,1
StandardGP,cb96ce29-adb0-11ef-9dca-e4a8dfc2a9a8,istanbul,9,43,0.08860346674919128,1.5547912120819092,74840.0,0.08382429927587509,9,1
StandardGP,cb96ce29-adb0-11ef-9dca-e4a8dfc2a9a8,istanbul,9,44,0.08860346674919128,1.2862942218780518,73606.0,0.08382429927587509,9,1
StandardGP,cb96ce29-adb0-11ef-9dca-e4a8dfc2a9a8,istanbul,9,45,0.08860346674919128,1.334162950515747,84636.0,0.08382429927587509,9,1
StandardGP,cb96ce29-adb0-11ef-9dca-e4a8dfc2a9a8,istanbul,9,46,0.08860346674919128,1.1625847816467285,71520.0,0.08382429927587509,9,1
StandardGP,cb96ce29-adb0-11ef-9dca-e4a8dfc2a9a8,istanbul,9,47,0.08860346674919128,1.0625791549682617,66286.0,0.08382429927587509,9,1
StandardGP,cb96ce29-adb0-11ef-9dca-e4a8dfc2a9a8,istanbul,9,48,0.08860346674919128,1.1551315784454346,73446.0,0.08382429927587509,9,1
StandardGP,cb96ce29-adb0-11ef-9dca-e4a8dfc2a9a8,istanbul,9,49,0.08860346674919128,1.4065110683441162,70888.0,0.08382429927587509,9,1
StandardGP,cb96ce29-adb0-11ef-9dca-e4a8dfc2a9a8,istanbul,9,50,0.08860346674919128,1.0031743049621582,58398.0,0.08382429927587509,9,1
StandardGP,cb96ce29-adb0-11ef-9dca-e4a8dfc2a9a8,istanbul,9,51,0.08860346674919128,1.2712092399597168,72902.0,0.08382429927587509,9,1
StandardGP,cb96ce29-adb0-11ef-9dca-e4a8dfc2a9a8,istanbul,9,52,0.08860346674919128,0.991337776184082,61098.0,0.08382429927587509,9,1
StandardGP,cb96ce29-adb0-11ef-9dca-e4a8dfc2a9a8,istanbul,9,53,0.08860346674919128,1.068289041519165,59056.0,0.08382429927587509,9,1
StandardGP,cb96ce29-adb0-11ef-9dca-e4a8dfc2a9a8,istanbul,9,54,0.08860346674919128,0.9205584526062012,57212.0,0.08382429927587509,9,1
StandardGP,cb96ce29-adb0-11ef-9dca-e4a8dfc2a9a8,istanbul,9,55,0.08860346674919128,1.0792713165283203,64000.0,0.08382429927587509,9,1
StandardGP,cb96ce29-adb0-11ef-9dca-e4a8dfc2a9a8,istanbul,9,56,0.08860346674919128,1.3298730850219727,67548.0,0.08382429927587509,9,1
StandardGP,cb96ce29-adb0-11ef-9dca-e4a8dfc2a9a8,istanbul,9,57,0.08860346674919128,1.3261945247650146,74758.0,0.08382429927587509,9,1
StandardGP,cb96ce29-adb0-11ef-9dca-e4a8dfc2a9a8,istanbul,9,58,0.08860346674919128,1.3395795822143555,79194.0,0.08382429927587509,9,1
StandardGP,cb96ce29-adb0-11ef-9dca-e4a8dfc2a9a8,istanbul,9,59,0.08860346674919128,1.1526644229888916,69372.0,0.08382429927587509,9,1
StandardGP,cb96ce29-adb0-11ef-9dca-e4a8dfc2a9a8,istanbul,9,60,0.08860346674919128,0.9117739200592041,56172.0,0.08382429927587509,9,1
StandardGP,cb96ce29-adb0-11ef-9dca-e4a8dfc2a9a8,istanbul,9,61,0.08860346674919128,0.9658238887786865,58518.0,0.08382429927587509,9,1
StandardGP,cb96ce29-adb0-11ef-9dca-e4a8dfc2a9a8,istanbul,9,62,0.08860346674919128,1.0698919296264648,56540.0,0.08382429927587509,9,1
StandardGP,cb96ce29-adb0-11ef-9dca-e4a8dfc2a9a8,istanbul,9,63,0.08860346674919128,1.0574524402618408,62654.0,0.08382429927587509,9,1
StandardGP,cb96ce29-adb0-11ef-9dca-e4a8dfc2a9a8,istanbul,9,64,0.08860346674919128,1.1786150932312012,68658.0,0.08382429927587509,9,1
StandardGP,cb96ce29-adb0-11ef-9dca-e4a8dfc2a9a8,istanbul,9,65,0.08860346674919128,1.1575868129730225,63266.0,0.08382429927587509,9,1
StandardGP,cb96ce29-adb0-11ef-9dca-e4a8dfc2a9a8,istanbul,9,66,0.08860346674919128,1.0402450561523438,57430.0,0.08382429927587509,9,1
StandardGP,cb96ce29-adb0-11ef-9dca-e4a8dfc2a9a8,istanbul,9,67,0.08860346674919128,1.1693835258483887,65778.0,0.08382429927587509,9,1
StandardGP,cb96ce29-adb0-11ef-9dca-e4a8dfc2a9a8,istanbul,9,68,0.08860346674919128,1.3786718845367432,67088.0,0.08382429927587509,9,1
StandardGP,cb96ce29-adb0-11ef-9dca-e4a8dfc2a9a8,istanbul,9,69,0.08860346674919128,1.2271132469177246,66584.0,0.08382429927587509,9,1
StandardGP,cb96ce29-adb0-11ef-9dca-e4a8dfc2a9a8,istanbul,9,70,0.08860346674919128,1.3933041095733643,78514.0,0.08382429927587509,9,1
StandardGP,cb96ce29-adb0-11ef-9dca-e4a8dfc2a9a8,istanbul,9,71,0.08860346674919128,1.4654347896575928,71946.0,0.08382429927587509,9,1
StandardGP,cb96ce29-adb0-11ef-9dca-e4a8dfc2a9a8,istanbul,9,72,0.08860346674919128,1.1920199394226074,72394.0,0.08382429927587509,9,1
StandardGP,cb96ce29-adb0-11ef-9dca-e4a8dfc2a9a8,istanbul,9,73,0.08860346674919128,1.2355546951293945,65116.0,0.08382429927587509,9,1
StandardGP,cb96ce29-adb0-11ef-9dca-e4a8dfc2a9a8,istanbul,9,74,0.08860346674919128,1.1336851119995117,66660.0,0.08382429927587509,9,1
StandardGP,cb96ce29-adb0-11ef-9dca-e4a8dfc2a9a8,istanbul,9,75,0.08860346674919128,1.0343568325042725,61108.0,0.08382429927587509,9,1
StandardGP,cb96ce29-adb0-11ef-9dca-e4a8dfc2a9a8,istanbul,9,76,0.08860346674919128,1.1433439254760742,65748.0,0.08382429927587509,9,1
StandardGP,cb96ce29-adb0-11ef-9dca-e4a8dfc2a9a8,istanbul,9,77,0.08860346674919128,1.1356301307678223,68246.0,0.08382429927587509,9,1
StandardGP,cb96ce29-adb0-11ef-9dca-e4a8dfc2a9a8,istanbul,9,78,0.08860346674919128,1.5039381980895996,74108.0,0.08382429927587509,9,1
StandardGP,cb96ce29-adb0-11ef-9dca-e4a8dfc2a9a8,istanbul,9,79,0.08860346674919128,1.4332044124603271,72896.0,0.08382429927587509,9,1
StandardGP,cb96ce29-adb0-11ef-9dca-e4a8dfc2a9a8,istanbul,9,80,0.08860346674919128,1.347264289855957,76784.0,0.08382429927587509,9,1
StandardGP,cb96ce29-adb0-11ef-9dca-e4a8dfc2a9a8,istanbul,9,81,0.08860346674919128,1.1758980751037598,68360.0,0.08382429927587509,9,1
StandardGP,cb96ce29-adb0-11ef-9dca-e4a8dfc2a9a8,istanbul,9,82,0.08860346674919128,1.0792100429534912,61364.0,0.08382429927587509,9,1
StandardGP,cb96ce29-adb0-11ef-9dca-e4a8dfc2a9a8,istanbul,9,83,0.08860346674919128,1.0202434062957764,59028.0,0.08382429927587509,9,1
StandardGP,cb96ce29-adb0-11ef-9dca-e4a8dfc2a9a8,istanbul,9,84,0.08860346674919128,1.2009451389312744,62242.0,0.08382429927587509,9,1
StandardGP,cb96ce29-adb0-11ef-9dca-e4a8dfc2a9a8,istanbul,9,85,0.08860346674919128,1.1016969680786133,62556.0,0.08382429927587509,9,1
StandardGP,cb96ce29-adb0-11ef-9dca-e4a8dfc2a9a8,istanbul,9,86,0.08860346674919128,1.0253660678863525,63280.0,0.08382429927587509,9,1
StandardGP,cb96ce29-adb0-11ef-9dca-e4a8dfc2a9a8,istanbul,9,87,0.08860346674919128,1.0168025493621826,62038.0,0.08382429927587509,9,1
StandardGP,cb96ce29-adb0-11ef-9dca-e4a8dfc2a9a8,istanbul,9,88,0.08860346674919128,1.0281829833984375,64436.0,0.08382429927587509,9,1
StandardGP,cb96ce29-adb0-11ef-9dca-e4a8dfc2a9a8,istanbul,9,89,0.08860346674919128,1.186232328414917,66190.0,0.08382429927587509,9,1
StandardGP,cb96ce29-adb0-11ef-9dca-e4a8dfc2a9a8,istanbul,9,90,0.08860346674919128,1.094841718673706,63446.0,0.08382429927587509,9,1
StandardGP,cb96ce29-adb0-11ef-9dca-e4a8dfc2a9a8,istanbul,9,91,0.08860346674919128,1.163696527481079,68750.0,0.08382429927587509,9,1
StandardGP,cb96ce29-adb0-11ef-9dca-e4a8dfc2a9a8,istanbul,9,92,0.08860346674919128,1.3370914459228516,70638.0,0.08382429927587509,9,1
StandardGP,cb96ce29-adb0-11ef-9dca-e4a8dfc2a9a8,istanbul,9,93,0.08860346674919128,1.2626914978027344,68474.0,0.08382429927587509,9,1
StandardGP,cb96ce29-adb0-11ef-9dca-e4a8dfc2a9a8,istanbul,9,94,0.08860346674919128,1.3682169914245605,69146.0,0.08382429927587509,9,1
StandardGP,cb96ce29-adb0-11ef-9dca-e4a8dfc2a9a8,istanbul,9,95,0.08860346674919128,1.175764560699463,66646.0,0.08382429927587509,9,1
StandardGP,cb96ce29-adb0-11ef-9dca-e4a8dfc2a9a8,istanbul,9,96,0.08860346674919128,1.152174472808838,66714.0,0.08382429927587509,9,1
StandardGP,cb96ce29-adb0-11ef-9dca-e4a8dfc2a9a8,istanbul,9,97,0.08860346674919128,1.2216975688934326,69566.0,0.08382429927587509,9,1
StandardGP,cb96ce29-adb0-11ef-9dca-e4a8dfc2a9a8,istanbul,9,98,0.08860346674919128,1.5225403308868408,78392.0,0.08382429927587509,9,1
StandardGP,cb96ce29-adb0-11ef-9dca-e4a8dfc2a9a8,istanbul,9,99,0.08860346674919128,1.6073684692382812,85068.0,0.08382429927587509,9,1
StandardGP,cb96ce29-adb0-11ef-9dca-e4a8dfc2a9a8,istanbul,9,100,0.08860346674919128,1.549483299255371,84504.0,0.08382429927587509,9,1
StandardGP,b918a66d-adb4-11ef-a697-e4a8dfc2a9a8,istanbul,9,0,0.016245190054178238,0.057036638259887695,2204.0,0.015811864286661148,5,1
StandardGP,b918a66d-adb4-11ef-a697-e4a8dfc2a9a8,istanbul,9,1,0.015359682030975819,0.028400421142578125,1274.0,0.014673864468932152,3,1
StandardGP,b918a66d-adb4-11ef-a697-e4a8dfc2a9a8,istanbul,9,2,0.015359682030975819,0.022479534149169922,1038.0,0.014673864468932152,3,1
StandardGP,b918a66d-adb4-11ef-a697-e4a8dfc2a9a8,istanbul,9,3,0.015359682030975819,0.02653050422668457,1184.0,0.014673864468932152,3,1
StandardGP,b918a66d-adb4-11ef-a697-e4a8dfc2a9a8,istanbul,9,4,0.015359682030975819,0.026847124099731445,1368.0,0.014673864468932152,3,1
StandardGP,b918a66d-adb4-11ef-a697-e4a8dfc2a9a8,istanbul,9,5,0.015325126238167286,0.031224727630615234,1734.0,0.01472417265176773,7,1
StandardGP,b918a66d-adb4-11ef-a697-e4a8dfc2a9a8,istanbul,9,6,0.015325126238167286,0.02866983413696289,1648.0,0.01472417265176773,7,1
StandardGP,b918a66d-adb4-11ef-a697-e4a8dfc2a9a8,istanbul,9,7,0.015325126238167286,0.02225470542907715,1152.0,0.01472417265176773,7,1
StandardGP,b918a66d-adb4-11ef-a697-e4a8dfc2a9a8,istanbul,9,8,0.015320774167776108,0.02322077751159668,1306.0,0.014779496937990189,7,1
StandardGP,b918a66d-adb4-11ef-a697-e4a8dfc2a9a8,istanbul,9,9,0.015320774167776108,0.028624534606933594,1474.0,0.014779496937990189,7,1
StandardGP,b918a66d-adb4-11ef-a697-e4a8dfc2a9a8,istanbul,9,10,0.015300667844712734,0.029973268508911133,1564.0,0.015528261661529541,21,1
StandardGP,b918a66d-adb4-11ef-a697-e4a8dfc2a9a8,istanbul,9,11,0.015296075493097305,0.024012088775634766,1276.0,0.015511075034737587,21,1
StandardGP,b918a66d-adb4-11ef-a697-e4a8dfc2a9a8,istanbul,9,12,0.015296075493097305,0.026161670684814453,1260.0,0.015511075034737587,21,1
StandardGP,b918a66d-adb4-11ef-a697-e4a8dfc2a9a8,istanbul,9,13,0.01526883989572525,0.05457568168640137,1762.0,0.015455234795808792,31,1
StandardGP,b918a66d-adb4-11ef-a697-e4a8dfc2a9a8,istanbul,9,14,0.01526883989572525,0.045252323150634766,2060.0,0.015455234795808792,31,1
StandardGP,b918a66d-adb4-11ef-a697-e4a8dfc2a9a8,istanbul,9,15,0.015264461748301983,0.03724861145019531,2048.0,0.01545002218335867,51,1
StandardGP,b918a66d-adb4-11ef-a697-e4a8dfc2a9a8,istanbul,9,16,0.015264461748301983,0.04437375068664551,2418.0,0.01545002218335867,51,1
StandardGP,b918a66d-adb4-11ef-a697-e4a8dfc2a9a8,istanbul,9,17,0.015264461748301983,0.04739522933959961,2668.0,0.01545002218335867,51,1
StandardGP,b918a66d-adb4-11ef-a697-e4a8dfc2a9a8,istanbul,9,18,0.015264461748301983,0.06245923042297363,3508.0,0.01545002218335867,51,1
StandardGP,b918a66d-adb4-11ef-a697-e4a8dfc2a9a8,istanbul,9,19,0.015264461748301983,0.0739140510559082,3990.0,0.01545002218335867,51,1
StandardGP,b918a66d-adb4-11ef-a697-e4a8dfc2a9a8,istanbul,9,20,0.015264461748301983,0.13027334213256836,5966.0,0.01545002218335867,51,1
StandardGP,b918a66d-adb4-11ef-a697-e4a8dfc2a9a8,istanbul,9,21,0.015256392769515514,0.11880874633789062,7204.0,0.015431230887770653,51,1
StandardGP,b918a66d-adb4-11ef-a697-e4a8dfc2a9a8,istanbul,9,22,0.015256392769515514,0.19262242317199707,8246.0,0.015431230887770653,51,1
StandardGP,b918a66d-adb4-11ef-a697-e4a8dfc2a9a8,istanbul,9,23,0.015239320695400238,0.23056340217590332,10356.0,0.015334025956690311,227,1
StandardGP,b918a66d-adb4-11ef-a697-e4a8dfc2a9a8,istanbul,9,24,0.015239320695400238,0.16257190704345703,10474.0,0.015334025956690311,227,1
StandardGP,b918a66d-adb4-11ef-a697-e4a8dfc2a9a8,istanbul,9,25,0.015239320695400238,0.13437366485595703,9286.0,0.015334025956690311,227,1
StandardGP,b918a66d-adb4-11ef-a697-e4a8dfc2a9a8,istanbul,9,26,0.015239320695400238,0.2070150375366211,9582.0,0.015334025956690311,227,1
StandardGP,b918a66d-adb4-11ef-a697-e4a8dfc2a9a8,istanbul,9,27,0.015239320695400238,0.20527243614196777,9398.0,0.015334025956690311,227,1
StandardGP,b918a66d-adb4-11ef-a697-e4a8dfc2a9a8,istanbul,9,28,0.015239320695400238,0.17553400993347168,9352.0,0.015334025956690311,227,1
StandardGP,b918a66d-adb4-11ef-a697-e4a8dfc2a9a8,istanbul,9,29,0.015239320695400238,0.13745975494384766,8350.0,0.015334025956690311,227,1
StandardGP,b918a66d-adb4-11ef-a697-e4a8dfc2a9a8,istanbul,9,30,0.015239320695400238,0.18834424018859863,8344.0,0.015334025956690311,227,1
StandardGP,b918a66d-adb4-11ef-a697-e4a8dfc2a9a8,istanbul,9,31,0.015239320695400238,0.17726588249206543,8012.0,0.015334025956690311,227,1
StandardGP,b918a66d-adb4-11ef-a697-e4a8dfc2a9a8,istanbul,9,32,0.015239320695400238,0.17292380332946777,8060.0,0.015334025956690311,227,1
StandardGP,b918a66d-adb4-11ef-a697-e4a8dfc2a9a8,istanbul,9,33,0.015239320695400238,0.16911840438842773,7752.0,0.015334025956690311,227,1
StandardGP,b918a66d-adb4-11ef-a697-e4a8dfc2a9a8,istanbul,9,34,0.015239320695400238,0.12031173706054688,8216.0,0.015334025956690311,227,1
StandardGP,b918a66d-adb4-11ef-a697-e4a8dfc2a9a8,istanbul,9,35,0.015228431671857834,0.11858057975769043,7928.0,0.019101398065686226,29,1
StandardGP,b918a66d-adb4-11ef-a697-e4a8dfc2a9a8,istanbul,9,36,0.015228431671857834,0.12979888916015625,8914.0,0.019101398065686226,29,1
StandardGP,b918a66d-adb4-11ef-a697-e4a8dfc2a9a8,istanbul,9,37,0.015228431671857834,0.14806556701660156,9342.0,0.019101398065686226,29,1
StandardGP,b918a66d-adb4-11ef-a697-e4a8dfc2a9a8,istanbul,9,38,0.015228431671857834,0.2335066795349121,8760.0,0.019101398065686226,29,1
StandardGP,b918a66d-adb4-11ef-a697-e4a8dfc2a9a8,istanbul,9,39,0.015228431671857834,0.13552594184875488,8650.0,0.019101398065686226,29,1
StandardGP,b918a66d-adb4-11ef-a697-e4a8dfc2a9a8,istanbul,9,40,0.015228431671857834,0.1255331039428711,8188.0,0.019101398065686226,29,1
StandardGP,b918a66d-adb4-11ef-a697-e4a8dfc2a9a8,istanbul,9,41,0.015228431671857834,0.12705039978027344,7878.0,0.019101398065686226,29,1
StandardGP,b918a66d-adb4-11ef-a697-e4a8dfc2a9a8,istanbul,9,42,0.015228431671857834,0.12030982971191406,7416.0,0.019101398065686226,29,1
StandardGP,b918a66d-adb4-11ef-a697-e4a8dfc2a9a8,istanbul,9,43,0.015215733088552952,0.11552286148071289,7090.0,0.015323837287724018,61,1
StandardGP,b918a66d-adb4-11ef-a697-e4a8dfc2a9a8,istanbul,9,44,0.015215733088552952,0.12252998352050781,7230.0,0.015323837287724018,61,1
StandardGP,b918a66d-adb4-11ef-a697-e4a8dfc2a9a8,istanbul,9,45,0.015215733088552952,0.15510320663452148,8390.0,0.015323837287724018,61,1
StandardGP,b918a66d-adb4-11ef-a697-e4a8dfc2a9a8,istanbul,9,46,0.015201032161712646,0.14114689826965332,8960.0,0.015323596075177193,53,1
StandardGP,b918a66d-adb4-11ef-a697-e4a8dfc2a9a8,istanbul,9,47,0.015201032161712646,0.1429455280303955,9416.0,0.015323596075177193,53,1
StandardGP,b918a66d-adb4-11ef-a697-e4a8dfc2a9a8,istanbul,9,48,0.015201032161712646,0.13385438919067383,9192.0,0.015323596075177193,53,1
StandardGP,b918a66d-adb4-11ef-a697-e4a8dfc2a9a8,istanbul,9,49,0.015201032161712646,0.15249133110046387,8792.0,0.015323596075177193,53,1
StandardGP,b918a66d-adb4-11ef-a697-e4a8dfc2a9a8,istanbul,9,50,0.015201032161712646,0.14599943161010742,8392.0,0.015323596075177193,53,1
StandardGP,b918a66d-adb4-11ef-a697-e4a8dfc2a9a8,istanbul,9,51,0.015201032161712646,0.11417651176452637,7910.0,0.015323596075177193,53,1
StandardGP,b918a66d-adb4-11ef-a697-e4a8dfc2a9a8,istanbul,9,52,0.015201032161712646,0.12932705879211426,8634.0,0.015323596075177193,53,1
StandardGP,b918a66d-adb4-11ef-a697-e4a8dfc2a9a8,istanbul,9,53,0.015201032161712646,0.1323866844177246,8768.0,0.015323596075177193,53,1
StandardGP,b918a66d-adb4-11ef-a697-e4a8dfc2a9a8,istanbul,9,54,0.015189200639724731,0.14180779457092285,9062.0,0.015393087640404701,51,1
StandardGP,b918a66d-adb4-11ef-a697-e4a8dfc2a9a8,istanbul,9,55,0.015189200639724731,0.1502213478088379,9752.0,0.015393087640404701,51,1
StandardGP,b918a66d-adb4-11ef-a697-e4a8dfc2a9a8,istanbul,9,56,0.015189200639724731,0.16571760177612305,10294.0,0.015393087640404701,51,1
StandardGP,b918a66d-adb4-11ef-a697-e4a8dfc2a9a8,istanbul,9,57,0.015189200639724731,0.18001914024353027,9518.0,0.015393087640404701,51,1
StandardGP,b918a66d-adb4-11ef-a697-e4a8dfc2a9a8,istanbul,9,58,0.015189200639724731,0.15078496932983398,9336.0,0.015393087640404701,51,1
StandardGP,b918a66d-adb4-11ef-a697-e4a8dfc2a9a8,istanbul,9,59,0.015189200639724731,0.15812087059020996,9470.0,0.015393087640404701,51,1
StandardGP,b918a66d-adb4-11ef-a697-e4a8dfc2a9a8,istanbul,9,60,0.015189200639724731,0.16322708129882812,9390.0,0.015393087640404701,51,1
StandardGP,b918a66d-adb4-11ef-a697-e4a8dfc2a9a8,istanbul,9,61,0.015189200639724731,0.1488049030303955,9142.0,0.015393087640404701,51,1
StandardGP,b918a66d-adb4-11ef-a697-e4a8dfc2a9a8,istanbul,9,62,0.015189200639724731,0.14907050132751465,8880.0,0.015393087640404701,51,1
StandardGP,b918a66d-adb4-11ef-a697-e4a8dfc2a9a8,istanbul,9,63,0.015189200639724731,0.1403665542602539,8470.0,0.015393087640404701,51,1
StandardGP,b918a66d-adb4-11ef-a697-e4a8dfc2a9a8,istanbul,9,64,0.015189200639724731,0.11572122573852539,7384.0,0.015393087640404701,51,1
StandardGP,b918a66d-adb4-11ef-a697-e4a8dfc2a9a8,istanbul,9,65,0.015189200639724731,0.11746573448181152,6962.0,0.015393087640404701,51,1
StandardGP,b918a66d-adb4-11ef-a697-e4a8dfc2a9a8,istanbul,9,66,0.015189200639724731,0.11516714096069336,6486.0,0.015393087640404701,51,1
StandardGP,b918a66d-adb4-11ef-a697-e4a8dfc2a9a8,istanbul,9,67,0.015189200639724731,0.10523247718811035,5366.0,0.015393087640404701,51,1
StandardGP,b918a66d-adb4-11ef-a697-e4a8dfc2a9a8,istanbul,9,68,0.01491275429725647,0.1018824577331543,5262.0,0.014501158148050308,37,1
StandardGP,b918a66d-adb4-11ef-a697-e4a8dfc2a9a8,istanbul,9,69,0.014601963572204113,0.0880436897277832,5506.0,0.014157201163470745,17,1
StandardGP,b918a66d-adb4-11ef-a697-e4a8dfc2a9a8,istanbul,9,70,0.014601963572204113,0.0981900691986084,5798.0,0.014157201163470745,17,1
StandardGP,b918a66d-adb4-11ef-a697-e4a8dfc2a9a8,istanbul,9,71,0.014601963572204113,0.11043429374694824,6396.0,0.014157201163470745,17,1
StandardGP,b918a66d-adb4-11ef-a697-e4a8dfc2a9a8,istanbul,9,72,0.014601963572204113,0.12335824966430664,6876.0,0.014157201163470745,17,1
StandardGP,b918a66d-adb4-11ef-a697-e4a8dfc2a9a8,istanbul,9,73,0.014601963572204113,0.11731076240539551,6808.0,0.014157201163470745,17,1
StandardGP,b918a66d-adb4-11ef-a697-e4a8dfc2a9a8,istanbul,9,74,0.014601963572204113,0.15668153762817383,7654.0,0.014157201163470745,17,1
StandardGP,b918a66d-adb4-11ef-a697-e4a8dfc2a9a8,istanbul,9,75,0.014601963572204113,0.12638640403747559,7966.0,0.014157201163470745,17,1
StandardGP,b918a66d-adb4-11ef-a697-e4a8dfc2a9a8,istanbul,9,76,0.014601963572204113,0.13048648834228516,8316.0,0.014157201163470745,17,1
StandardGP,b918a66d-adb4-11ef-a697-e4a8dfc2a9a8,istanbul,9,77,0.014601963572204113,0.13719987869262695,8820.0,0.014157201163470745,17,1
StandardGP,b918a66d-adb4-11ef-a697-e4a8dfc2a9a8,istanbul,9,78,0.014601963572204113,0.14697003364562988,9290.0,0.014157201163470745,17,1
StandardGP,b918a66d-adb4-11ef-a697-e4a8dfc2a9a8,istanbul,9,79,0.014440355822443962,0.22405695915222168,9364.0,0.014075057581067085,61,1
StandardGP,b918a66d-adb4-11ef-a697-e4a8dfc2a9a8,istanbul,9,80,0.014440355822443962,0.22607183456420898,9160.0,0.014075057581067085,61,1
StandardGP,b918a66d-adb4-11ef-a697-e4a8dfc2a9a8,istanbul,9,81,0.014440355822443962,0.2149641513824463,8962.0,0.014075057581067085,61,1
StandardGP,b918a66d-adb4-11ef-a697-e4a8dfc2a9a8,istanbul,9,82,0.014440355822443962,0.22318410873413086,9446.0,0.014075057581067085,61,1
StandardGP,b918a66d-adb4-11ef-a697-e4a8dfc2a9a8,istanbul,9,83,0.014440355822443962,0.2078545093536377,9460.0,0.014075057581067085,61,1
StandardGP,b918a66d-adb4-11ef-a697-e4a8dfc2a9a8,istanbul,9,84,0.014440355822443962,0.23575472831726074,9430.0,0.014075057581067085,61,1
StandardGP,b918a66d-adb4-11ef-a697-e4a8dfc2a9a8,istanbul,9,85,0.014440355822443962,0.21006107330322266,9916.0,0.014075057581067085,61,1
StandardGP,b918a66d-adb4-11ef-a697-e4a8dfc2a9a8,istanbul,9,86,0.014440355822443962,0.1540665626525879,9638.0,0.014075057581067085,61,1
StandardGP,b918a66d-adb4-11ef-a697-e4a8dfc2a9a8,istanbul,9,87,0.014440355822443962,0.14751625061035156,9932.0,0.014075057581067085,61,1
StandardGP,b918a66d-adb4-11ef-a697-e4a8dfc2a9a8,istanbul,9,88,0.014440355822443962,0.1325535774230957,8252.0,0.014075057581067085,61,1
StandardGP,b918a66d-adb4-11ef-a697-e4a8dfc2a9a8,istanbul,9,89,0.014440355822443962,0.12266850471496582,8206.0,0.014075057581067085,61,1
StandardGP,b918a66d-adb4-11ef-a697-e4a8dfc2a9a8,istanbul,9,90,0.014440355822443962,0.11258244514465332,7422.0,0.014075057581067085,61,1
StandardGP,b918a66d-adb4-11ef-a697-e4a8dfc2a9a8,istanbul,9,91,0.014440355822443962,0.10670328140258789,6778.0,0.014075057581067085,61,1
StandardGP,b918a66d-adb4-11ef-a697-e4a8dfc2a9a8,istanbul,9,92,0.014440355822443962,0.10634970664978027,6882.0,0.014075057581067085,61,1
StandardGP,b918a66d-adb4-11ef-a697-e4a8dfc2a9a8,istanbul,9,93,0.014440355822443962,0.09455513954162598,6356.0,0.014075057581067085,61,1
StandardGP,b918a66d-adb4-11ef-a697-e4a8dfc2a9a8,istanbul,9,94,0.014440355822443962,0.10521245002746582,7308.0,0.014075057581067085,61,1
StandardGP,b918a66d-adb4-11ef-a697-e4a8dfc2a9a8,istanbul,9,95,0.014440355822443962,0.0882103443145752,5888.0,0.014075057581067085,61,1
StandardGP,b918a66d-adb4-11ef-a697-e4a8dfc2a9a8,istanbul,9,96,0.014440355822443962,0.09488320350646973,6156.0,0.014075057581067085,61,1
StandardGP,b918a66d-adb4-11ef-a697-e4a8dfc2a9a8,istanbul,9,97,0.014440355822443962,0.10014724731445312,6706.0,0.014075057581067085,61,1
StandardGP,b918a66d-adb4-11ef-a697-e4a8dfc2a9a8,istanbul,9,98,0.014440355822443962,0.08923053741455078,5540.0,0.014075057581067085,61,1
StandardGP,b918a66d-adb4-11ef-a697-e4a8dfc2a9a8,istanbul,9,99,0.014440355822443962,0.13103055953979492,5776.0,0.014075057581067085,61,1
StandardGP,b918a66d-adb4-11ef-a697-e4a8dfc2a9a8,istanbul,9,100,0.014440355822443962,0.09067487716674805,5218.0,0.014075057581067085,61,1
