StandardGSGP,299b19a4-ace8-11ef-aec5-8863df8a28b9,istanbul,25,0,0.1849668323993683,1.0367236137390137,20622.0,0.1722642332315445,5,1
StandardGSGP,299b19a4-ace8-11ef-aec5-8863df8a28b9,istanbul,25,1,0.16339193284511566,0.08178257942199707,2204.0,0.1498333215713501,11,1
StandardGSGP,299b19a4-ace8-11ef-aec5-8863df8a28b9,istanbul,25,2,0.1242789626121521,0.08078312873840332,2218.0,0.11180490255355835,19,1
StandardGSGP,299b19a4-ace8-11ef-aec5-8863df8a28b9,istanbul,25,3,0.11371225863695145,0.07878851890563965,3136.0,0.14143943786621094,29,1
StandardGSGP,299b19a4-ace8-11ef-aec5-8863df8a28b9,istanbul,25,4,0.11151912808418274,0.07180643081665039,4088.0,0.09529120475053787,31,1
StandardGSGP,299b19a4-ace8-11ef-aec5-8863df8a28b9,istanbul,25,5,0.10614285618066788,0.08078408241271973,4788.0,0.12241367995738983,57,1
StandardGSGP,299b19a4-ace8-11ef-aec5-8863df8a28b9,istanbul,25,6,0.10614285618066788,0.07978487014770508,5498.0,0.12241367995738983,57,1
StandardGSGP,299b19a4-ace8-11ef-aec5-8863df8a28b9,istanbul,25,7,0.10614285618066788,0.07280540466308594,6472.0,0.12241367995738983,57,1
StandardGSGP,299b19a4-ace8-11ef-aec5-8863df8a28b9,istanbul,25,8,0.10614285618066788,0.08776617050170898,7604.0,0.12241367995738983,57,1
StandardGSGP,299b19a4-ace8-11ef-aec5-8863df8a28b9,istanbul,25,9,0.10603207349777222,0.0827784538269043,8176.0,0.12054076790809631,69,1
StandardGSGP,299b19a4-ace8-11ef-aec5-8863df8a28b9,istanbul,25,10,0.10281861573457718,0.08477306365966797,8744.0,0.12388898432254791,81,1
StandardGSGP,299b19a4-ace8-11ef-aec5-8863df8a28b9,istanbul,25,11,0.10281861573457718,0.08477187156677246,9614.0,0.12388898432254791,81,1
StandardGSGP,299b19a4-ace8-11ef-aec5-8863df8a28b9,istanbul,25,12,0.1021360456943512,0.08078289031982422,10212.0,0.08792375028133392,83,1
StandardGSGP,299b19a4-ace8-11ef-aec5-8863df8a28b9,istanbul,25,13,0.10025522857904434,0.08477330207824707,10760.0,0.11564413458108902,119,1
StandardGSGP,299b19a4-ace8-11ef-aec5-8863df8a28b9,istanbul,25,14,0.10025522857904434,0.07779097557067871,11604.0,0.11564413458108902,119,1
StandardGSGP,299b19a4-ace8-11ef-aec5-8863df8a28b9,istanbul,25,15,0.10025522857904434,0.08518719673156738,12806.0,0.11564413458108902,119,1
StandardGSGP,299b19a4-ace8-11ef-aec5-8863df8a28b9,istanbul,25,16,0.09946552664041519,0.08101344108581543,13838.0,0.11464373022317886,145,1
StandardGSGP,299b19a4-ace8-11ef-aec5-8863df8a28b9,istanbul,25,17,0.09933876991271973,0.07882261276245117,14562.0,0.10991284996271133,129,1
StandardGSGP,299b19a4-ace8-11ef-aec5-8863df8a28b9,istanbul,25,18,0.09933876991271973,0.09141230583190918,15502.0,0.10991284996271133,129,1
StandardGSGP,299b19a4-ace8-11ef-aec5-8863df8a28b9,istanbul,25,19,0.09933876991271973,0.07619428634643555,16564.0,0.10991284996271133,129,1
StandardGSGP,299b19a4-ace8-11ef-aec5-8863df8a28b9,istanbul,25,20,0.09933876991271973,0.07881712913513184,17222.0,0.10991284996271133,129,1
StandardGSGP,299b19a4-ace8-11ef-aec5-8863df8a28b9,istanbul,25,21,0.09873934090137482,0.09093213081359863,17892.0,0.10767260193824768,207,1
StandardGSGP,299b19a4-ace8-11ef-aec5-8863df8a28b9,istanbul,25,22,0.09873934090137482,0.08479022979736328,18826.0,0.10767260193824768,207,1
StandardGSGP,299b19a4-ace8-11ef-aec5-8863df8a28b9,istanbul,25,23,0.09865320473909378,0.07871842384338379,19958.0,0.11164465546607971,213,1
StandardGSGP,299b19a4-ace8-11ef-aec5-8863df8a28b9,istanbul,25,24,0.09813079237937927,0.0779561996459961,21310.0,0.10499215126037598,213,1
StandardGSGP,299b19a4-ace8-11ef-aec5-8863df8a28b9,istanbul,25,25,0.09813079237937927,0.07947635650634766,22614.0,0.10499215126037598,213,1
StandardGSGP,299b19a4-ace8-11ef-aec5-8863df8a28b9,istanbul,25,26,0.09813079237937927,0.07880139350891113,23312.0,0.10499215126037598,213,1
StandardGSGP,299b19a4-ace8-11ef-aec5-8863df8a28b9,istanbul,25,27,0.09813079237937927,0.08006787300109863,24096.0,0.10499215126037598,213,1
StandardGSGP,299b19a4-ace8-11ef-aec5-8863df8a28b9,istanbul,25,28,0.09813079237937927,0.07921934127807617,24784.0,0.10499215126037598,213,1
StandardGSGP,299b19a4-ace8-11ef-aec5-8863df8a28b9,istanbul,25,29,0.09813079237937927,0.07869458198547363,25734.0,0.10499215126037598,213,1
StandardGSGP,299b19a4-ace8-11ef-aec5-8863df8a28b9,istanbul,25,30,0.09813079237937927,0.07924056053161621,26452.0,0.10499215126037598,213,1
StandardGSGP,299b19a4-ace8-11ef-aec5-8863df8a28b9,istanbul,25,31,0.09813079237937927,0.07216143608093262,27116.0,0.10499215126037598,213,1
StandardGSGP,299b19a4-ace8-11ef-aec5-8863df8a28b9,istanbul,25,32,0.09813079237937927,0.08531641960144043,27724.0,0.10499215126037598,213,1
StandardGSGP,299b19a4-ace8-11ef-aec5-8863df8a28b9,istanbul,25,33,0.09813079237937927,0.07938194274902344,28130.0,0.10499215126037598,213,1
StandardGSGP,299b19a4-ace8-11ef-aec5-8863df8a28b9,istanbul,25,34,0.09813079237937927,0.0851435661315918,29258.0,0.10499215126037598,213,1
StandardGSGP,299b19a4-ace8-11ef-aec5-8863df8a28b9,istanbul,25,35,0.09813079237937927,0.08605289459228516,30276.0,0.10499215126037598,213,1
StandardGSGP,299b19a4-ace8-11ef-aec5-8863df8a28b9,istanbul,25,36,0.09813079237937927,0.08484649658203125,30404.0,0.10499215126037598,213,1
StandardGSGP,299b19a4-ace8-11ef-aec5-8863df8a28b9,istanbul,25,37,0.09813079237937927,0.0855259895324707,30856.0,0.10499215126037598,213,1
StandardGSGP,299b19a4-ace8-11ef-aec5-8863df8a28b9,istanbul,25,38,0.09624962508678436,0.08977603912353516,29842.0,0.10429484397172928,237,1
StandardGSGP,299b19a4-ace8-11ef-aec5-8863df8a28b9,istanbul,25,39,0.09624962508678436,0.08676648139953613,29374.0,0.10429484397172928,237,1
StandardGSGP,299b19a4-ace8-11ef-aec5-8863df8a28b9,istanbul,25,40,0.09621831029653549,0.08377456665039062,29666.0,0.10412558913230896,245,1
StandardGSGP,299b19a4-ace8-11ef-aec5-8863df8a28b9,istanbul,25,41,0.09621831029653549,0.08975505828857422,30128.0,0.10412558913230896,245,1
StandardGSGP,299b19a4-ace8-11ef-aec5-8863df8a28b9,istanbul,25,42,0.09621831029653549,0.0827784538269043,29486.0,0.10412558913230896,245,1
StandardGSGP,299b19a4-ace8-11ef-aec5-8863df8a28b9,istanbul,25,43,0.09621831029653549,0.08776688575744629,29610.0,0.10412558913230896,245,1
StandardGSGP,299b19a4-ace8-11ef-aec5-8863df8a28b9,istanbul,25,44,0.09590698033571243,0.0827786922454834,29070.0,0.10628663748502731,251,1
StandardGSGP,299b19a4-ace8-11ef-aec5-8863df8a28b9,istanbul,25,45,0.09590698033571243,0.08377790451049805,29572.0,0.10628663748502731,251,1
StandardGSGP,299b19a4-ace8-11ef-aec5-8863df8a28b9,istanbul,25,46,0.0958939865231514,0.08278083801269531,30176.0,0.10605496913194656,259,1
StandardGSGP,299b19a4-ace8-11ef-aec5-8863df8a28b9,istanbul,25,47,0.0958939865231514,0.08576822280883789,30668.0,0.10605496913194656,259,1
StandardGSGP,299b19a4-ace8-11ef-aec5-8863df8a28b9,istanbul,25,48,0.09451169520616531,0.08777022361755371,31032.0,0.11034400761127472,331,1
StandardGSGP,299b19a4-ace8-11ef-aec5-8863df8a28b9,istanbul,25,49,0.09451169520616531,0.08776497840881348,31780.0,0.11034400761127472,331,1
StandardGSGP,299b19a4-ace8-11ef-aec5-8863df8a28b9,istanbul,25,50,0.09451169520616531,0.1825108528137207,32680.0,0.11034400761127472,331,1
StandardGSGP,299b19a4-ace8-11ef-aec5-8863df8a28b9,istanbul,25,51,0.09451169520616531,0.07579851150512695,33096.0,0.11034400761127472,331,1
StandardGSGP,299b19a4-ace8-11ef-aec5-8863df8a28b9,istanbul,25,52,0.09451169520616531,0.08676815032958984,33426.0,0.11034400761127472,331,1
StandardGSGP,299b19a4-ace8-11ef-aec5-8863df8a28b9,istanbul,25,53,0.09451169520616531,0.07779049873352051,34110.0,0.11034400761127472,331,1
StandardGSGP,299b19a4-ace8-11ef-aec5-8863df8a28b9,istanbul,25,54,0.09451169520616531,0.07879042625427246,34978.0,0.11034400761127472,331,1
StandardGSGP,299b19a4-ace8-11ef-aec5-8863df8a28b9,istanbul,25,55,0.09451169520616531,0.07878780364990234,36128.0,0.11034400761127472,331,1
StandardGSGP,299b19a4-ace8-11ef-aec5-8863df8a28b9,istanbul,25,56,0.09451169520616531,0.07878947257995605,36722.0,0.11034400761127472,331,1
StandardGSGP,299b19a4-ace8-11ef-aec5-8863df8a28b9,istanbul,25,57,0.09451169520616531,0.0857706069946289,37078.0,0.11034400761127472,331,1
StandardGSGP,299b19a4-ace8-11ef-aec5-8863df8a28b9,istanbul,25,58,0.09451169520616531,0.07280421257019043,37710.0,0.11034400761127472,331,1
StandardGSGP,299b19a4-ace8-11ef-aec5-8863df8a28b9,istanbul,25,59,0.09451169520616531,0.07878875732421875,38594.0,0.11034400761127472,331,1
StandardGSGP,299b19a4-ace8-11ef-aec5-8863df8a28b9,istanbul,25,60,0.09451169520616531,0.07978296279907227,39282.0,0.11034400761127472,331,1
StandardGSGP,299b19a4-ace8-11ef-aec5-8863df8a28b9,istanbul,25,61,0.09451169520616531,0.07593083381652832,40982.0,0.11034400761127472,331,1
StandardGSGP,299b19a4-ace8-11ef-aec5-8863df8a28b9,istanbul,25,62,0.09451169520616531,0.08481001853942871,41730.0,0.11034400761127472,331,1
StandardGSGP,299b19a4-ace8-11ef-aec5-8863df8a28b9,istanbul,25,63,0.09451169520616531,0.07882213592529297,42584.0,0.11034400761127472,331,1
StandardGSGP,299b19a4-ace8-11ef-aec5-8863df8a28b9,istanbul,25,64,0.09448398649692535,0.08865165710449219,43064.0,0.11024591326713562,337,1
StandardGSGP,299b19a4-ace8-11ef-aec5-8863df8a28b9,istanbul,25,65,0.09448398649692535,0.08174395561218262,43354.0,0.11024591326713562,337,1
StandardGSGP,299b19a4-ace8-11ef-aec5-8863df8a28b9,istanbul,25,66,0.09448398649692535,0.07458233833312988,42532.0,0.11024591326713562,337,1
StandardGSGP,299b19a4-ace8-11ef-aec5-8863df8a28b9,istanbul,25,67,0.09448398649692535,0.07917904853820801,42468.0,0.11024591326713562,337,1
StandardGSGP,299b19a4-ace8-11ef-aec5-8863df8a28b9,istanbul,25,68,0.09448398649692535,0.08488821983337402,41930.0,0.11024591326713562,337,1
StandardGSGP,299b19a4-ace8-11ef-aec5-8863df8a28b9,istanbul,25,69,0.09448398649692535,0.08483362197875977,41964.0,0.11024591326713562,337,1
StandardGSGP,299b19a4-ace8-11ef-aec5-8863df8a28b9,istanbul,25,70,0.09448398649692535,0.08461380004882812,41282.0,0.11024591326713562,337,1
StandardGSGP,299b19a4-ace8-11ef-aec5-8863df8a28b9,istanbul,25,71,0.09448398649692535,0.0787515640258789,40502.0,0.11024591326713562,337,1
StandardGSGP,299b19a4-ace8-11ef-aec5-8863df8a28b9,istanbul,25,72,0.09448398649692535,0.08111262321472168,40728.0,0.11024591326713562,337,1
StandardGSGP,299b19a4-ace8-11ef-aec5-8863df8a28b9,istanbul,25,73,0.09448398649692535,0.08504056930541992,40438.0,0.11024591326713562,337,1
StandardGSGP,299b19a4-ace8-11ef-aec5-8863df8a28b9,istanbul,25,74,0.09448398649692535,0.07694125175476074,40704.0,0.11024591326713562,337,1
StandardGSGP,299b19a4-ace8-11ef-aec5-8863df8a28b9,istanbul,25,75,0.09448398649692535,0.07880306243896484,40996.0,0.11024591326713562,337,1
StandardGSGP,299b19a4-ace8-11ef-aec5-8863df8a28b9,istanbul,25,76,0.09448398649692535,0.07875847816467285,41372.0,0.11024591326713562,337,1
StandardGSGP,299b19a4-ace8-11ef-aec5-8863df8a28b9,istanbul,25,77,0.09448398649692535,0.08458590507507324,42174.0,0.11024591326713562,337,1
StandardGSGP,299b19a4-ace8-11ef-aec5-8863df8a28b9,istanbul,25,78,0.09448398649692535,0.07982087135314941,42382.0,0.11024591326713562,337,1
StandardGSGP,299b19a4-ace8-11ef-aec5-8863df8a28b9,istanbul,25,79,0.09448398649692535,0.08008003234863281,41820.0,0.11024591326713562,337,1
StandardGSGP,299b19a4-ace8-11ef-aec5-8863df8a28b9,istanbul,25,80,0.09448398649692535,0.08490347862243652,42364.0,0.11024591326713562,337,1
StandardGSGP,299b19a4-ace8-11ef-aec5-8863df8a28b9,istanbul,25,81,0.09448398649692535,0.08481764793395996,42354.0,0.11024591326713562,337,1
StandardGSGP,299b19a4-ace8-11ef-aec5-8863df8a28b9,istanbul,25,82,0.09448398649692535,0.08555388450622559,42694.0,0.11024591326713562,337,1
StandardGSGP,299b19a4-ace8-11ef-aec5-8863df8a28b9,istanbul,25,83,0.09448398649692535,0.09526491165161133,43208.0,0.11024591326713562,337,1
StandardGSGP,299b19a4-ace8-11ef-aec5-8863df8a28b9,istanbul,25,84,0.09448398649692535,0.09643697738647461,42778.0,0.11024591326713562,337,1
StandardGSGP,299b19a4-ace8-11ef-aec5-8863df8a28b9,istanbul,25,85,0.09448398649692535,0.0821375846862793,43502.0,0.11024591326713562,337,1
StandardGSGP,299b19a4-ace8-11ef-aec5-8863df8a28b9,istanbul,25,86,0.09448398649692535,0.08377671241760254,42558.0,0.11024591326713562,337,1
StandardGSGP,299b19a4-ace8-11ef-aec5-8863df8a28b9,istanbul,25,87,0.09448398649692535,0.07779288291931152,43478.0,0.11024591326713562,337,1
StandardGSGP,299b19a4-ace8-11ef-aec5-8863df8a28b9,istanbul,25,88,0.09448398649692535,0.08278059959411621,44130.0,0.11024591326713562,337,1
StandardGSGP,299b19a4-ace8-11ef-aec5-8863df8a28b9,istanbul,25,89,0.09448398649692535,0.07679533958435059,43006.0,0.11024591326713562,337,1
StandardGSGP,299b19a4-ace8-11ef-aec5-8863df8a28b9,istanbul,25,90,0.09448398649692535,0.0767984390258789,42746.0,0.11024591326713562,337,1
StandardGSGP,299b19a4-ace8-11ef-aec5-8863df8a28b9,istanbul,25,91,0.09448398649692535,0.07878828048706055,42590.0,0.11024591326713562,337,1
StandardGSGP,299b19a4-ace8-11ef-aec5-8863df8a28b9,istanbul,25,92,0.09448398649692535,0.07579755783081055,43186.0,0.11024591326713562,337,1
StandardGSGP,299b19a4-ace8-11ef-aec5-8863df8a28b9,istanbul,25,93,0.09448398649692535,0.08477306365966797,43562.0,0.11024591326713562,337,1
StandardGSGP,299b19a4-ace8-11ef-aec5-8863df8a28b9,istanbul,25,94,0.09448398649692535,0.08178138732910156,43948.0,0.11024591326713562,337,1
StandardGSGP,299b19a4-ace8-11ef-aec5-8863df8a28b9,istanbul,25,95,0.09448398649692535,0.08477497100830078,44256.0,0.11024591326713562,337,1
StandardGSGP,299b19a4-ace8-11ef-aec5-8863df8a28b9,istanbul,25,96,0.09448398649692535,0.07479977607727051,43946.0,0.11024591326713562,337,1
StandardGSGP,299b19a4-ace8-11ef-aec5-8863df8a28b9,istanbul,25,97,0.09448398649692535,0.08177947998046875,44074.0,0.11024591326713562,337,1
StandardGSGP,299b19a4-ace8-11ef-aec5-8863df8a28b9,istanbul,25,98,0.09448398649692535,0.07978534698486328,45054.0,0.11024591326713562,337,1
StandardGSGP,299b19a4-ace8-11ef-aec5-8863df8a28b9,istanbul,25,99,0.09448398649692535,0.07978487014770508,45662.0,0.11024591326713562,337,1
StandardGSGP,299b19a4-ace8-11ef-aec5-8863df8a28b9,istanbul,25,100,0.09448398649692535,0.07978510856628418,45546.0,0.11024591326713562,337,1
StandardGSGP,c1ba321e-ace8-11ef-bb1e-8863df8a28b9,istanbul,25,0,0.015412118285894394,0.09075689315795898,1388.0,0.01356819923967123,3,1
StandardGSGP,c1ba321e-ace8-11ef-bb1e-8863df8a28b9,istanbul,25,1,0.015103859826922417,0.08078360557556152,1762.0,0.016067439690232277,21,1
StandardGSGP,c1ba321e-ace8-11ef-bb1e-8863df8a28b9,istanbul,25,2,0.015103859826922417,0.09474587440490723,3128.0,0.016067439690232277,21,1
StandardGSGP,c1ba321e-ace8-11ef-bb1e-8863df8a28b9,istanbul,25,3,0.015103859826922417,0.08676767349243164,4502.0,0.016067439690232277,21,1
StandardGSGP,c1ba321e-ace8-11ef-bb1e-8863df8a28b9,istanbul,25,4,0.015103859826922417,0.08676576614379883,6034.0,0.016067439690232277,21,1
StandardGSGP,c1ba321e-ace8-11ef-bb1e-8863df8a28b9,istanbul,25,5,0.01507076621055603,0.08477592468261719,7512.0,0.016091687604784966,77,1
StandardGSGP,c1ba321e-ace8-11ef-bb1e-8863df8a28b9,istanbul,25,6,0.014980478212237358,0.08377647399902344,9996.0,0.01572980172932148,83,1
StandardGSGP,c1ba321e-ace8-11ef-bb1e-8863df8a28b9,istanbul,25,7,0.014872821047902107,0.08178329467773438,13664.0,0.015952909365296364,83,1
StandardGSGP,c1ba321e-ace8-11ef-bb1e-8863df8a28b9,istanbul,25,8,0.014872821047902107,0.08377766609191895,16830.0,0.015952909365296364,83,1
StandardGSGP,c1ba321e-ace8-11ef-bb1e-8863df8a28b9,istanbul,25,9,0.014872821047902107,0.07978606224060059,19896.0,0.015952909365296364,83,1
StandardGSGP,c1ba321e-ace8-11ef-bb1e-8863df8a28b9,istanbul,25,10,0.014872821047902107,0.08577084541320801,21566.0,0.015952909365296364,83,1
StandardGSGP,c1ba321e-ace8-11ef-bb1e-8863df8a28b9,istanbul,25,11,0.014872821047902107,0.0788869857788086,28102.0,0.015952909365296364,83,1
StandardGSGP,c1ba321e-ace8-11ef-bb1e-8863df8a28b9,istanbul,25,12,0.014872821047902107,0.08477401733398438,34396.0,0.015952909365296364,83,1
StandardGSGP,c1ba321e-ace8-11ef-bb1e-8863df8a28b9,istanbul,25,13,0.014624676667153835,0.07280492782592773,36290.0,0.015178121626377106,99,1
StandardGSGP,c1ba321e-ace8-11ef-bb1e-8863df8a28b9,istanbul,25,14,0.014492313377559185,0.1575772762298584,41434.0,0.015130768530070782,123,1
StandardGSGP,c1ba321e-ace8-11ef-bb1e-8863df8a28b9,istanbul,25,15,0.014492313377559185,0.10571956634521484,55754.0,0.015130768530070782,123,1
StandardGSGP,c1ba321e-ace8-11ef-bb1e-8863df8a28b9,istanbul,25,16,0.014492313377559185,0.0827786922454834,75386.0,0.015130768530070782,123,1
StandardGSGP,c1ba321e-ace8-11ef-bb1e-8863df8a28b9,istanbul,25,17,0.014477488584816456,0.07878923416137695,80902.0,0.015062262304127216,131,1
StandardGSGP,c1ba321e-ace8-11ef-bb1e-8863df8a28b9,istanbul,25,18,0.014252504333853722,0.07579898834228516,89468.0,0.014202849939465523,133,1
StandardGSGP,c1ba321e-ace8-11ef-bb1e-8863df8a28b9,istanbul,25,19,0.014252504333853722,0.07878947257995605,106970.0,0.014202849939465523,133,1
StandardGSGP,c1ba321e-ace8-11ef-bb1e-8863df8a28b9,istanbul,25,20,0.014252504333853722,0.08078598976135254,120476.0,0.014202849939465523,133,1
StandardGSGP,c1ba321e-ace8-11ef-bb1e-8863df8a28b9,istanbul,25,21,0.014252504333853722,0.07878875732421875,121974.0,0.014202849939465523,133,1
StandardGSGP,c1ba321e-ace8-11ef-bb1e-8863df8a28b9,istanbul,25,22,0.014252504333853722,0.07579898834228516,117534.0,0.014202849939465523,133,1
StandardGSGP,c1ba321e-ace8-11ef-bb1e-8863df8a28b9,istanbul,25,23,0.014252504333853722,0.07978653907775879,140822.0,0.014202849939465523,133,1
StandardGSGP,c1ba321e-ace8-11ef-bb1e-8863df8a28b9,istanbul,25,24,0.014252504333853722,0.07280349731445312,178512.0,0.014202849939465523,133,1
StandardGSGP,c1ba321e-ace8-11ef-bb1e-8863df8a28b9,istanbul,25,25,0.014252504333853722,0.07280373573303223,264460.0,0.014202849939465523,133,1
StandardGSGP,c1ba321e-ace8-11ef-bb1e-8863df8a28b9,istanbul,25,26,0.014252504333853722,0.07480049133300781,311654.0,0.014202849939465523,133,1
StandardGSGP,c1ba321e-ace8-11ef-bb1e-8863df8a28b9,istanbul,25,27,0.014252504333853722,0.07779335975646973,349172.0,0.014202849939465523,133,1
StandardGSGP,c1ba321e-ace8-11ef-bb1e-8863df8a28b9,istanbul,25,28,0.014252504333853722,0.07380223274230957,423222.0,0.014202849939465523,133,1
StandardGSGP,c1ba321e-ace8-11ef-bb1e-8863df8a28b9,istanbul,25,29,0.014197454787790775,0.0827789306640625,448554.0,0.01433560997247696,141,1
StandardGSGP,c1ba321e-ace8-11ef-bb1e-8863df8a28b9,istanbul,25,30,0.014197454787790775,0.07879018783569336,522030.0,0.01433560997247696,141,1
StandardGSGP,c1ba321e-ace8-11ef-bb1e-8863df8a28b9,istanbul,25,31,0.014158187434077263,0.07778716087341309,444652.0,0.015701698139309883,2713,1
StandardGSGP,c1ba321e-ace8-11ef-bb1e-8863df8a28b9,istanbul,25,32,0.014094354584813118,0.0797872543334961,426094.0,0.014587176032364368,151,1
StandardGSGP,c1ba321e-ace8-11ef-bb1e-8863df8a28b9,istanbul,25,33,0.013996127992868423,0.08477282524108887,548272.0,0.01512252539396286,5139,1
StandardGSGP,c1ba321e-ace8-11ef-bb1e-8863df8a28b9,istanbul,25,34,0.013977129012346268,0.07693123817443848,687076.0,0.014940458349883556,5311,1
StandardGSGP,c1ba321e-ace8-11ef-bb1e-8863df8a28b9,istanbul,25,35,0.013977129012346268,0.07978582382202148,786414.0,0.014940458349883556,5311,1
StandardGSGP,c1ba321e-ace8-11ef-bb1e-8863df8a28b9,istanbul,25,36,0.013977129012346268,0.07679510116577148,660948.0,0.014940458349883556,5311,1
StandardGSGP,c1ba321e-ace8-11ef-bb1e-8863df8a28b9,istanbul,25,37,0.013977129012346268,0.07579803466796875,672406.0,0.014940458349883556,5311,1
StandardGSGP,c1ba321e-ace8-11ef-bb1e-8863df8a28b9,istanbul,25,38,0.013977129012346268,0.07679414749145508,590012.0,0.014940458349883556,5311,1
StandardGSGP,c1ba321e-ace8-11ef-bb1e-8863df8a28b9,istanbul,25,39,0.013977129012346268,0.09275245666503906,548052.0,0.014940458349883556,5311,1
StandardGSGP,c1ba321e-ace8-11ef-bb1e-8863df8a28b9,istanbul,25,40,0.013977129012346268,0.07878708839416504,722910.0,0.014940458349883556,5311,1
StandardGSGP,c1ba321e-ace8-11ef-bb1e-8863df8a28b9,istanbul,25,41,0.013956142589449883,0.08477258682250977,767048.0,0.015065498650074005,10669,1
StandardGSGP,c1ba321e-ace8-11ef-bb1e-8863df8a28b9,istanbul,25,42,0.013956142589449883,0.07978701591491699,954094.0,0.015065498650074005,10669,1
StandardGSGP,c1ba321e-ace8-11ef-bb1e-8863df8a28b9,istanbul,25,43,0.013956142589449883,0.07181048393249512,1148304.0,0.015065498650074005,10669,1
StandardGSGP,c1ba321e-ace8-11ef-bb1e-8863df8a28b9,istanbul,25,44,0.013955929316580296,0.07280635833740234,1036364.0,0.015064612962305546,10679,1
StandardGSGP,c1ba321e-ace8-11ef-bb1e-8863df8a28b9,istanbul,25,45,0.013953959569334984,0.07480359077453613,1046070.0,0.015073955059051514,10675,1
StandardGSGP,c1ba321e-ace8-11ef-bb1e-8863df8a28b9,istanbul,25,46,0.013953959569334984,0.07579874992370605,1178664.0,0.015073955059051514,10675,1
StandardGSGP,c1ba321e-ace8-11ef-bb1e-8863df8a28b9,istanbul,25,47,0.013953717425465584,0.0718073844909668,1450162.0,0.015001886524260044,21381,1
StandardGSGP,c1ba321e-ace8-11ef-bb1e-8863df8a28b9,istanbul,25,48,0.013953717425465584,0.07878804206848145,2046662.0,0.015001886524260044,21381,1
StandardGSGP,c1ba321e-ace8-11ef-bb1e-8863df8a28b9,istanbul,25,49,0.013953717425465584,0.07679414749145508,2593538.0,0.015001886524260044,21381,1
StandardGSGP,c1ba321e-ace8-11ef-bb1e-8863df8a28b9,istanbul,25,50,0.013953717425465584,0.07679414749145508,2700910.0,0.015001886524260044,21381,1
StandardGSGP,c1ba321e-ace8-11ef-bb1e-8863df8a28b9,istanbul,25,51,0.013953717425465584,0.07779240608215332,3218676.0,0.015001886524260044,21381,1
StandardGSGP,c1ba321e-ace8-11ef-bb1e-8863df8a28b9,istanbul,25,52,0.013944470323622227,0.1186821460723877,3904022.0,0.014703272841870785,21387,1
StandardGSGP,c1ba321e-ace8-11ef-bb1e-8863df8a28b9,istanbul,25,53,0.013868332840502262,0.11170291900634766,5067518.0,0.01480741985142231,21395,1
StandardGSGP,c1ba321e-ace8-11ef-bb1e-8863df8a28b9,istanbul,25,54,0.013868332840502262,0.07579970359802246,4809726.0,0.01480741985142231,21395,1
StandardGSGP,c1ba321e-ace8-11ef-bb1e-8863df8a28b9,istanbul,25,55,0.013868332840502262,0.0747983455657959,6263024.0,0.01480741985142231,21395,1
StandardGSGP,c1ba321e-ace8-11ef-bb1e-8863df8a28b9,istanbul,25,56,0.013868332840502262,0.07679605484008789,6607334.0,0.01480741985142231,21395,1
StandardGSGP,c1ba321e-ace8-11ef-bb1e-8863df8a28b9,istanbul,25,57,0.013854419812560081,0.07879161834716797,6912262.0,0.014809099957346916,21401,1
StandardGSGP,c1ba321e-ace8-11ef-bb1e-8863df8a28b9,istanbul,25,58,0.013854419812560081,0.07679319381713867,8884388.0,0.014809099957346916,21401,1
StandardGSGP,c1ba321e-ace8-11ef-bb1e-8863df8a28b9,istanbul,25,59,0.013854419812560081,0.07545995712280273,12199242.0,0.014809099957346916,21401,1
StandardGSGP,c1ba321e-ace8-11ef-bb1e-8863df8a28b9,istanbul,25,60,0.013854419812560081,0.18512296676635742,13443758.0,0.014809099957346916,21401,1
StandardGSGP,c1ba321e-ace8-11ef-bb1e-8863df8a28b9,istanbul,25,61,0.01385427825152874,0.07873058319091797,15746640.0,0.014809878543019295,21411,1
StandardGSGP,c1ba321e-ace8-11ef-bb1e-8863df8a28b9,istanbul,25,62,0.01385427825152874,0.07319092750549316,16367638.0,0.014809878543019295,21411,1
StandardGSGP,c1ba321e-ace8-11ef-bb1e-8863df8a28b9,istanbul,25,63,0.01385427825152874,0.07865071296691895,17632092.0,0.014809878543019295,21411,1
StandardGSGP,c1ba321e-ace8-11ef-bb1e-8863df8a28b9,istanbul,25,64,0.01385427825152874,0.07880997657775879,18889382.0,0.014809878543019295,21411,1
StandardGSGP,c1ba321e-ace8-11ef-bb1e-8863df8a28b9,istanbul,25,65,0.01385427825152874,0.08659100532531738,21137524.0,0.014809878543019295,21411,1
StandardGSGP,c1ba321e-ace8-11ef-bb1e-8863df8a28b9,istanbul,25,66,0.01385427825152874,0.08124995231628418,18859942.0,0.014809878543019295,21411,1
StandardGSGP,c1ba321e-ace8-11ef-bb1e-8863df8a28b9,istanbul,25,67,0.01385427825152874,0.07616567611694336,28394174.0,0.014809878543019295,21411,1
StandardGSGP,c1ba321e-ace8-11ef-bb1e-8863df8a28b9,istanbul,25,68,0.01385427825152874,0.0834343433380127,24515406.0,0.014809878543019295,21411,1
StandardGSGP,c1ba321e-ace8-11ef-bb1e-8863df8a28b9,istanbul,25,69,0.01385427825152874,0.08840584754943848,33445046.0,0.014809878543019295,21411,1
StandardGSGP,c1ba321e-ace8-11ef-bb1e-8863df8a28b9,istanbul,25,70,0.01385427825152874,0.07854080200195312,43300546.0,0.014809878543019295,21411,1
StandardGSGP,c1ba321e-ace8-11ef-bb1e-8863df8a28b9,istanbul,25,71,0.01385427825152874,0.08359742164611816,55558360.0,0.014809878543019295,21411,1
StandardGSGP,c1ba321e-ace8-11ef-bb1e-8863df8a28b9,istanbul,25,72,0.01385427825152874,0.07273459434509277,62267782.0,0.014809878543019295,21411,1
StandardGSGP,c1ba321e-ace8-11ef-bb1e-8863df8a28b9,istanbul,25,73,0.01385427825152874,0.07872796058654785,62055182.0,0.014809878543019295,21411,1
StandardGSGP,c1ba321e-ace8-11ef-bb1e-8863df8a28b9,istanbul,25,74,0.01385427825152874,0.07877254486083984,58963624.0,0.014809878543019295,21411,1
StandardGSGP,c1ba321e-ace8-11ef-bb1e-8863df8a28b9,istanbul,25,75,0.01385427825152874,0.07878875732421875,58087430.0,0.014809878543019295,21411,1
StandardGSGP,c1ba321e-ace8-11ef-bb1e-8863df8a28b9,istanbul,25,76,0.01385427825152874,0.08441472053527832,61647324.0,0.014809878543019295,21411,1
StandardGSGP,c1ba321e-ace8-11ef-bb1e-8863df8a28b9,istanbul,25,77,0.013850383460521698,0.07946634292602539,76770902.0,0.014819592237472534,21417,1
StandardGSGP,c1ba321e-ace8-11ef-bb1e-8863df8a28b9,istanbul,25,78,0.013850383460521698,0.07286310195922852,95620658.0,0.014819592237472534,21417,1
StandardGSGP,c1ba321e-ace8-11ef-bb1e-8863df8a28b9,istanbul,25,79,0.013850383460521698,0.07266354560852051,124952614.0,0.014819592237472534,21417,1
StandardGSGP,c1ba321e-ace8-11ef-bb1e-8863df8a28b9,istanbul,25,80,0.013850383460521698,0.07879137992858887,201207854.0,0.014819592237472534,21417,1
StandardGSGP,c1ba321e-ace8-11ef-bb1e-8863df8a28b9,istanbul,25,81,0.013850383460521698,0.0762934684753418,225485662.0,0.014819592237472534,21417,1
StandardGSGP,c1ba321e-ace8-11ef-bb1e-8863df8a28b9,istanbul,25,82,0.01384788192808628,0.07218599319458008,328347032.0,0.014820435084402561,21423,1
StandardGSGP,c1ba321e-ace8-11ef-bb1e-8863df8a28b9,istanbul,25,83,0.01384788192808628,0.07838249206542969,367257100.0,0.014820435084402561,21423,1
StandardGSGP,c1ba321e-ace8-11ef-bb1e-8863df8a28b9,istanbul,25,84,0.01384788192808628,0.07954049110412598,514653356.0,0.014820435084402561,21423,1
StandardGSGP,c1ba321e-ace8-11ef-bb1e-8863df8a28b9,istanbul,25,85,0.01384788192808628,0.07501816749572754,578526200.0,0.014820435084402561,21423,1
StandardGSGP,c1ba321e-ace8-11ef-bb1e-8863df8a28b9,istanbul,25,86,0.01384788192808628,0.07793784141540527,571495420.0,0.014820435084402561,21423,1
StandardGSGP,c1ba321e-ace8-11ef-bb1e-8863df8a28b9,istanbul,25,87,0.01384788192808628,0.07885456085205078,685232714.0,0.014820435084402561,21423,1
StandardGSGP,c1ba321e-ace8-11ef-bb1e-8863df8a28b9,istanbul,25,88,0.01384788192808628,0.0787649154663086,693646432.0,0.014820435084402561,21423,1
StandardGSGP,c1ba321e-ace8-11ef-bb1e-8863df8a28b9,istanbul,25,89,0.01384788192808628,0.0750887393951416,855957178.0,0.014820435084402561,21423,1
StandardGSGP,c1ba321e-ace8-11ef-bb1e-8863df8a28b9,istanbul,25,90,0.01384788192808628,0.07667875289916992,1088739846.0,0.014820435084402561,21423,1
StandardGSGP,c1ba321e-ace8-11ef-bb1e-8863df8a28b9,istanbul,25,91,0.013833865523338318,0.07793140411376953,1074729004.0,0.014882098883390427,4528165,1
StandardGSGP,c1ba321e-ace8-11ef-bb1e-8863df8a28b9,istanbul,25,92,0.013833865523338318,0.08485174179077148,1047085296.0,0.014882098883390427,4528165,1
StandardGSGP,c1ba321e-ace8-11ef-bb1e-8863df8a28b9,istanbul,25,93,0.013833865523338318,0.0752267837524414,1118838186.0,0.014882098883390427,4528165,1
StandardGSGP,c1ba321e-ace8-11ef-bb1e-8863df8a28b9,istanbul,25,94,0.013829329051077366,0.07425856590270996,852085104.0,0.014930946752429008,4528173,1
StandardGSGP,c1ba321e-ace8-11ef-bb1e-8863df8a28b9,istanbul,25,95,0.013829329051077366,0.07370114326477051,915137236.0,0.014930946752429008,4528173,1
StandardGSGP,c1ba321e-ace8-11ef-bb1e-8863df8a28b9,istanbul,25,96,0.013829329051077366,0.0740046501159668,1130995100.0,0.014930946752429008,4528173,1
StandardGSGP,c1ba321e-ace8-11ef-bb1e-8863df8a28b9,istanbul,25,97,0.013829329051077366,0.07874488830566406,1298784942.0,0.014930946752429008,4528173,1
StandardGSGP,c1ba321e-ace8-11ef-bb1e-8863df8a28b9,istanbul,25,98,0.013829329051077366,0.07888936996459961,1295348376.0,0.014930946752429008,4528173,1
StandardGSGP,c1ba321e-ace8-11ef-bb1e-8863df8a28b9,istanbul,25,99,0.013829329051077366,0.07872152328491211,1706963104.0,0.014930946752429008,4528173,1
StandardGSGP,c1ba321e-ace8-11ef-bb1e-8863df8a28b9,istanbul,25,100,0.013829329051077366,0.07350015640258789,1874947798.0,0.014930946752429008,4528173,1
