StandardGSGP,aa2b2e9a-ace7-11ef-9700-8863df8a28b9,istanbul,3,0,0.13345080614089966,1.0777122974395752,20634.0,0.14120571315288544,7,1
StandardGSGP,aa2b2e9a-ace7-11ef-9700-8863df8a28b9,istanbul,3,1,0.088951975107193,0.08976221084594727,1842.0,0.09176788479089737,79,1
StandardGSGP,aa2b2e9a-ace7-11ef-9700-8863df8a28b9,istanbul,3,2,0.0851048156619072,0.0917520523071289,2644.0,0.08974351733922958,85,1
StandardGSGP,aa2b2e9a-ace7-11ef-9700-8863df8a28b9,istanbul,3,3,0.08199037611484528,0.07978606224060059,3718.0,0.08759357035160065,85,1
StandardGSGP,aa2b2e9a-ace7-11ef-9700-8863df8a28b9,istanbul,3,4,0.08199037611484528,0.1047201156616211,5124.0,0.08759357035160065,85,1
StandardGSGP,aa2b2e9a-ace7-11ef-9700-8863df8a28b9,istanbul,3,5,0.08050308376550674,0.10272359848022461,7320.0,0.08592499047517776,93,1
StandardGSGP,aa2b2e9a-ace7-11ef-9700-8863df8a28b9,istanbul,3,6,0.07840287685394287,0.0997323989868164,9206.0,0.0854143425822258,97,1
StandardGSGP,aa2b2e9a-ace7-11ef-9700-8863df8a28b9,istanbul,3,7,0.07840287685394287,0.08676719665527344,10666.0,0.0854143425822258,97,1
StandardGSGP,aa2b2e9a-ace7-11ef-9700-8863df8a28b9,istanbul,3,8,0.07840287685394287,0.08377814292907715,12826.0,0.0854143425822258,97,1
StandardGSGP,aa2b2e9a-ace7-11ef-9700-8863df8a28b9,istanbul,3,9,0.07840287685394287,0.0857686996459961,13988.0,0.0854143425822258,97,1
StandardGSGP,aa2b2e9a-ace7-11ef-9700-8863df8a28b9,istanbul,3,10,0.07551319897174835,0.07888078689575195,14738.0,0.08357583731412888,105,1
StandardGSGP,aa2b2e9a-ace7-11ef-9700-8863df8a28b9,istanbul,3,11,0.07551319897174835,0.08477401733398438,14916.0,0.08357583731412888,105,1
StandardGSGP,aa2b2e9a-ace7-11ef-9700-8863df8a28b9,istanbul,3,12,0.07551319897174835,0.07679629325866699,15308.0,0.08357583731412888,105,1
StandardGSGP,aa2b2e9a-ace7-11ef-9700-8863df8a28b9,istanbul,3,13,0.07508281618356705,0.07779192924499512,15158.0,0.08324004709720612,113,1
StandardGSGP,aa2b2e9a-ace7-11ef-9700-8863df8a28b9,istanbul,3,14,0.07508281618356705,0.07878613471984863,15372.0,0.08324004709720612,113,1
StandardGSGP,aa2b2e9a-ace7-11ef-9700-8863df8a28b9,istanbul,3,15,0.07508281618356705,0.0827796459197998,16206.0,0.08324004709720612,113,1
StandardGSGP,aa2b2e9a-ace7-11ef-9700-8863df8a28b9,istanbul,3,16,0.07495387643575668,0.07978558540344238,16514.0,0.08506839722394943,163,1
StandardGSGP,aa2b2e9a-ace7-11ef-9700-8863df8a28b9,istanbul,3,17,0.07495387643575668,0.08876156806945801,17434.0,0.08506839722394943,163,1
StandardGSGP,aa2b2e9a-ace7-11ef-9700-8863df8a28b9,istanbul,3,18,0.07495387643575668,0.08277654647827148,18932.0,0.08506839722394943,163,1
StandardGSGP,aa2b2e9a-ace7-11ef-9700-8863df8a28b9,istanbul,3,19,0.07495387643575668,0.08776378631591797,19314.0,0.08506839722394943,163,1
StandardGSGP,aa2b2e9a-ace7-11ef-9700-8863df8a28b9,istanbul,3,20,0.07495387643575668,0.0827791690826416,19852.0,0.08506839722394943,163,1
StandardGSGP,aa2b2e9a-ace7-11ef-9700-8863df8a28b9,istanbul,3,21,0.07480563968420029,0.19049382209777832,20506.0,0.08479919284582138,173,1
StandardGSGP,aa2b2e9a-ace7-11ef-9700-8863df8a28b9,istanbul,3,22,0.074103444814682,0.0857691764831543,20784.0,0.08790633827447891,211,1
StandardGSGP,aa2b2e9a-ace7-11ef-9700-8863df8a28b9,istanbul,3,23,0.074103444814682,0.07779169082641602,21142.0,0.08790633827447891,211,1
StandardGSGP,aa2b2e9a-ace7-11ef-9700-8863df8a28b9,istanbul,3,24,0.074103444814682,0.08078217506408691,21912.0,0.08790633827447891,211,1
StandardGSGP,aa2b2e9a-ace7-11ef-9700-8863df8a28b9,istanbul,3,25,0.074103444814682,0.0877683162689209,22694.0,0.08790633827447891,211,1
StandardGSGP,aa2b2e9a-ace7-11ef-9700-8863df8a28b9,istanbul,3,26,0.074103444814682,0.08377599716186523,23256.0,0.08790633827447891,211,1
StandardGSGP,aa2b2e9a-ace7-11ef-9700-8863df8a28b9,istanbul,3,27,0.074103444814682,0.08477210998535156,23996.0,0.08790633827447891,211,1
StandardGSGP,aa2b2e9a-ace7-11ef-9700-8863df8a28b9,istanbul,3,28,0.074103444814682,0.08876347541809082,24978.0,0.08790633827447891,211,1
StandardGSGP,aa2b2e9a-ace7-11ef-9700-8863df8a28b9,istanbul,3,29,0.07405360788106918,0.08078694343566895,25780.0,0.0879892036318779,223,1
StandardGSGP,aa2b2e9a-ace7-11ef-9700-8863df8a28b9,istanbul,3,30,0.07383859902620316,0.0937509536743164,25704.0,0.08727698028087616,233,1
StandardGSGP,aa2b2e9a-ace7-11ef-9700-8863df8a28b9,istanbul,3,31,0.07383859902620316,0.09075713157653809,26036.0,0.08727698028087616,233,1
StandardGSGP,aa2b2e9a-ace7-11ef-9700-8863df8a28b9,istanbul,3,32,0.07383859902620316,0.08377718925476074,26506.0,0.08727698028087616,233,1
StandardGSGP,aa2b2e9a-ace7-11ef-9700-8863df8a28b9,istanbul,3,33,0.07383859902620316,0.08876347541809082,27140.0,0.08727698028087616,233,1
StandardGSGP,aa2b2e9a-ace7-11ef-9700-8863df8a28b9,istanbul,3,34,0.07383859902620316,0.0857696533203125,27782.0,0.08727698028087616,233,1
StandardGSGP,aa2b2e9a-ace7-11ef-9700-8863df8a28b9,istanbul,3,35,0.07383859902620316,0.07878804206848145,28590.0,0.08727698028087616,233,1
StandardGSGP,aa2b2e9a-ace7-11ef-9700-8863df8a28b9,istanbul,3,36,0.07383859902620316,0.08976149559020996,29614.0,0.08727698028087616,233,1
StandardGSGP,aa2b2e9a-ace7-11ef-9700-8863df8a28b9,istanbul,3,37,0.07383859902620316,0.0827789306640625,29986.0,0.08727698028087616,233,1
StandardGSGP,aa2b2e9a-ace7-11ef-9700-8863df8a28b9,istanbul,3,38,0.07383859902620316,0.07978439331054688,30166.0,0.08727698028087616,233,1
StandardGSGP,aa2b2e9a-ace7-11ef-9700-8863df8a28b9,istanbul,3,39,0.07383859902620316,0.08377599716186523,30316.0,0.08727698028087616,233,1
StandardGSGP,aa2b2e9a-ace7-11ef-9700-8863df8a28b9,istanbul,3,40,0.07383859902620316,0.08676505088806152,31222.0,0.08727698028087616,233,1
StandardGSGP,aa2b2e9a-ace7-11ef-9700-8863df8a28b9,istanbul,3,41,0.07383859902620316,0.09873771667480469,31718.0,0.08727698028087616,233,1
StandardGSGP,aa2b2e9a-ace7-11ef-9700-8863df8a28b9,istanbul,3,42,0.07383859902620316,0.09873509407043457,31382.0,0.08727698028087616,233,1
StandardGSGP,aa2b2e9a-ace7-11ef-9700-8863df8a28b9,istanbul,3,43,0.07383859902620316,0.0857686996459961,32042.0,0.08727698028087616,233,1
StandardGSGP,aa2b2e9a-ace7-11ef-9700-8863df8a28b9,istanbul,3,44,0.07383859902620316,0.08078312873840332,31810.0,0.08727698028087616,233,1
StandardGSGP,aa2b2e9a-ace7-11ef-9700-8863df8a28b9,istanbul,3,45,0.07383859902620316,0.07978606224060059,31946.0,0.08727698028087616,233,1
StandardGSGP,aa2b2e9a-ace7-11ef-9700-8863df8a28b9,istanbul,3,46,0.07383859902620316,0.08278322219848633,33570.0,0.08727698028087616,233,1
StandardGSGP,aa2b2e9a-ace7-11ef-9700-8863df8a28b9,istanbul,3,47,0.07383859902620316,0.08776330947875977,33764.0,0.08727698028087616,233,1
StandardGSGP,aa2b2e9a-ace7-11ef-9700-8863df8a28b9,istanbul,3,48,0.07383859902620316,0.08177971839904785,35174.0,0.08727698028087616,233,1
StandardGSGP,aa2b2e9a-ace7-11ef-9700-8863df8a28b9,istanbul,3,49,0.07383859902620316,0.08078861236572266,35428.0,0.08727698028087616,233,1
StandardGSGP,aa2b2e9a-ace7-11ef-9700-8863df8a28b9,istanbul,3,50,0.07383859902620316,0.07978677749633789,35058.0,0.08727698028087616,233,1
StandardGSGP,aa2b2e9a-ace7-11ef-9700-8863df8a28b9,istanbul,3,51,0.07383859902620316,0.07978963851928711,34884.0,0.08727698028087616,233,1
StandardGSGP,aa2b2e9a-ace7-11ef-9700-8863df8a28b9,istanbul,3,52,0.07382418215274811,0.07779216766357422,33630.0,0.08717986941337585,243,1
StandardGSGP,aa2b2e9a-ace7-11ef-9700-8863df8a28b9,istanbul,3,53,0.07382418215274811,0.07978630065917969,33022.0,0.08717986941337585,243,1
StandardGSGP,aa2b2e9a-ace7-11ef-9700-8863df8a28b9,istanbul,3,54,0.07382418215274811,0.07579421997070312,33386.0,0.08717986941337585,243,1
StandardGSGP,aa2b2e9a-ace7-11ef-9700-8863df8a28b9,istanbul,3,55,0.07381928712129593,0.08876180648803711,34926.0,0.08715961873531342,259,1
StandardGSGP,aa2b2e9a-ace7-11ef-9700-8863df8a28b9,istanbul,3,56,0.07381928712129593,0.08544349670410156,34396.0,0.08715961873531342,259,1
StandardGSGP,aa2b2e9a-ace7-11ef-9700-8863df8a28b9,istanbul,3,57,0.07381928712129593,0.08869457244873047,34210.0,0.08715961873531342,259,1
StandardGSGP,aa2b2e9a-ace7-11ef-9700-8863df8a28b9,istanbul,3,58,0.07381928712129593,0.09090209007263184,34944.0,0.08715961873531342,259,1
StandardGSGP,aa2b2e9a-ace7-11ef-9700-8863df8a28b9,istanbul,3,59,0.07381928712129593,0.09099268913269043,34604.0,0.08715961873531342,259,1
StandardGSGP,aa2b2e9a-ace7-11ef-9700-8863df8a28b9,istanbul,3,60,0.07381928712129593,0.08470749855041504,34594.0,0.08715961873531342,259,1
StandardGSGP,aa2b2e9a-ace7-11ef-9700-8863df8a28b9,istanbul,3,61,0.07356204092502594,0.08155655860900879,34730.0,0.08635461330413818,281,1
StandardGSGP,aa2b2e9a-ace7-11ef-9700-8863df8a28b9,istanbul,3,62,0.07333476841449738,0.08288240432739258,34368.0,0.08694791793823242,287,1
StandardGSGP,aa2b2e9a-ace7-11ef-9700-8863df8a28b9,istanbul,3,63,0.07333476841449738,0.08054518699645996,34596.0,0.08694791793823242,287,1
StandardGSGP,aa2b2e9a-ace7-11ef-9700-8863df8a28b9,istanbul,3,64,0.07333476841449738,0.07927083969116211,34002.0,0.08694791793823242,287,1
StandardGSGP,aa2b2e9a-ace7-11ef-9700-8863df8a28b9,istanbul,3,65,0.07332771271467209,0.08898711204528809,33854.0,0.08693236857652664,293,1
StandardGSGP,aa2b2e9a-ace7-11ef-9700-8863df8a28b9,istanbul,3,66,0.07332771271467209,0.08480143547058105,34850.0,0.08693236857652664,293,1
StandardGSGP,aa2b2e9a-ace7-11ef-9700-8863df8a28b9,istanbul,3,67,0.07332771271467209,0.07894229888916016,35480.0,0.08693236857652664,293,1
StandardGSGP,aa2b2e9a-ace7-11ef-9700-8863df8a28b9,istanbul,3,68,0.07332771271467209,0.08500146865844727,35638.0,0.08693236857652664,293,1
StandardGSGP,aa2b2e9a-ace7-11ef-9700-8863df8a28b9,istanbul,3,69,0.07332771271467209,0.07777643203735352,36254.0,0.08693236857652664,293,1
StandardGSGP,aa2b2e9a-ace7-11ef-9700-8863df8a28b9,istanbul,3,70,0.07332771271467209,0.0815892219543457,36454.0,0.08693236857652664,293,1
StandardGSGP,aa2b2e9a-ace7-11ef-9700-8863df8a28b9,istanbul,3,71,0.07332771271467209,0.07806539535522461,36574.0,0.08693236857652664,293,1
StandardGSGP,aa2b2e9a-ace7-11ef-9700-8863df8a28b9,istanbul,3,72,0.07332771271467209,0.07869076728820801,36790.0,0.08693236857652664,293,1
StandardGSGP,aa2b2e9a-ace7-11ef-9700-8863df8a28b9,istanbul,3,73,0.07332771271467209,0.08484697341918945,38388.0,0.08693236857652664,293,1
StandardGSGP,aa2b2e9a-ace7-11ef-9700-8863df8a28b9,istanbul,3,74,0.07332771271467209,0.08494901657104492,40140.0,0.08693236857652664,293,1
StandardGSGP,aa2b2e9a-ace7-11ef-9700-8863df8a28b9,istanbul,3,75,0.07332771271467209,0.08481097221374512,40944.0,0.08693236857652664,293,1
StandardGSGP,aa2b2e9a-ace7-11ef-9700-8863df8a28b9,istanbul,3,76,0.07332771271467209,0.09045267105102539,41848.0,0.08693236857652664,293,1
StandardGSGP,aa2b2e9a-ace7-11ef-9700-8863df8a28b9,istanbul,3,77,0.07332771271467209,0.0781853199005127,41936.0,0.08693236857652664,293,1
StandardGSGP,aa2b2e9a-ace7-11ef-9700-8863df8a28b9,istanbul,3,78,0.07332771271467209,0.0787649154663086,42378.0,0.08693236857652664,293,1
StandardGSGP,aa2b2e9a-ace7-11ef-9700-8863df8a28b9,istanbul,3,79,0.07332771271467209,0.08281755447387695,42306.0,0.08693236857652664,293,1
StandardGSGP,aa2b2e9a-ace7-11ef-9700-8863df8a28b9,istanbul,3,80,0.07332771271467209,0.08477306365966797,43084.0,0.08693236857652664,293,1
StandardGSGP,aa2b2e9a-ace7-11ef-9700-8863df8a28b9,istanbul,3,81,0.07332771271467209,0.07878875732421875,42168.0,0.08693236857652664,293,1
StandardGSGP,aa2b2e9a-ace7-11ef-9700-8863df8a28b9,istanbul,3,82,0.07332771271467209,0.07879185676574707,42462.0,0.08693236857652664,293,1
StandardGSGP,aa2b2e9a-ace7-11ef-9700-8863df8a28b9,istanbul,3,83,0.07332771271467209,0.07579541206359863,41186.0,0.08693236857652664,293,1
StandardGSGP,aa2b2e9a-ace7-11ef-9700-8863df8a28b9,istanbul,3,84,0.07332771271467209,0.07978606224060059,42020.0,0.08693236857652664,293,1
StandardGSGP,aa2b2e9a-ace7-11ef-9700-8863df8a28b9,istanbul,3,85,0.07332771271467209,0.08377766609191895,40742.0,0.08693236857652664,293,1
StandardGSGP,aa2b2e9a-ace7-11ef-9700-8863df8a28b9,istanbul,3,86,0.07332771271467209,0.07878947257995605,39494.0,0.08693236857652664,293,1
StandardGSGP,aa2b2e9a-ace7-11ef-9700-8863df8a28b9,istanbul,3,87,0.07332771271467209,0.08377552032470703,39920.0,0.08693236857652664,293,1
StandardGSGP,aa2b2e9a-ace7-11ef-9700-8863df8a28b9,istanbul,3,88,0.07332771271467209,0.08377623558044434,39406.0,0.08693236857652664,293,1
StandardGSGP,aa2b2e9a-ace7-11ef-9700-8863df8a28b9,istanbul,3,89,0.07332771271467209,0.08277773857116699,39566.0,0.08693236857652664,293,1
StandardGSGP,aa2b2e9a-ace7-11ef-9700-8863df8a28b9,istanbul,3,90,0.07332771271467209,0.08377313613891602,39250.0,0.08693236857652664,293,1
StandardGSGP,aa2b2e9a-ace7-11ef-9700-8863df8a28b9,istanbul,3,91,0.07310697436332703,0.07978391647338867,38230.0,0.08686704188585281,299,1
StandardGSGP,aa2b2e9a-ace7-11ef-9700-8863df8a28b9,istanbul,3,92,0.07310697436332703,0.08477330207824707,37282.0,0.08686704188585281,299,1
StandardGSGP,aa2b2e9a-ace7-11ef-9700-8863df8a28b9,istanbul,3,93,0.07310697436332703,0.0827789306640625,37086.0,0.08686704188585281,299,1
StandardGSGP,aa2b2e9a-ace7-11ef-9700-8863df8a28b9,istanbul,3,94,0.07310697436332703,0.08477330207824707,37500.0,0.08686704188585281,299,1
StandardGSGP,aa2b2e9a-ace7-11ef-9700-8863df8a28b9,istanbul,3,95,0.07310697436332703,0.08178138732910156,37890.0,0.08686704188585281,299,1
StandardGSGP,aa2b2e9a-ace7-11ef-9700-8863df8a28b9,istanbul,3,96,0.07310697436332703,0.08477401733398438,38578.0,0.08686704188585281,299,1
StandardGSGP,aa2b2e9a-ace7-11ef-9700-8863df8a28b9,istanbul,3,97,0.07310697436332703,0.0807802677154541,38342.0,0.08686704188585281,299,1
StandardGSGP,aa2b2e9a-ace7-11ef-9700-8863df8a28b9,istanbul,3,98,0.07310697436332703,0.08576822280883789,38284.0,0.08686704188585281,299,1
StandardGSGP,aa2b2e9a-ace7-11ef-9700-8863df8a28b9,istanbul,3,99,0.07310697436332703,0.08377599716186523,38124.0,0.08686704188585281,299,1
StandardGSGP,aa2b2e9a-ace7-11ef-9700-8863df8a28b9,istanbul,3,100,0.07310697436332703,0.08377552032470703,38514.0,0.08686704188585281,299,1
StandardGSGP,55162200-ace8-11ef-998d-8863df8a28b9,istanbul,3,0,0.015377462841570377,0.0813443660736084,1416.0,0.016894588246941566,5,1
StandardGSGP,55162200-ace8-11ef-998d-8863df8a28b9,istanbul,3,1,0.015256996266543865,0.07824277877807617,2008.0,0.01675584726035595,11,1
StandardGSGP,55162200-ace8-11ef-998d-8863df8a28b9,istanbul,3,2,0.015256996266543865,0.07877993583679199,2966.0,0.01675584726035595,11,1
StandardGSGP,55162200-ace8-11ef-998d-8863df8a28b9,istanbul,3,3,0.014554069377481937,0.07885885238647461,4472.0,0.016147693619132042,19,1
StandardGSGP,55162200-ace8-11ef-998d-8863df8a28b9,istanbul,3,4,0.014554069377481937,0.07866263389587402,6386.0,0.016147693619132042,19,1
StandardGSGP,55162200-ace8-11ef-998d-8863df8a28b9,istanbul,3,5,0.014547585509717464,0.07891488075256348,7722.0,0.016240693628787994,105,1
StandardGSGP,55162200-ace8-11ef-998d-8863df8a28b9,istanbul,3,6,0.014450084418058395,0.08424639701843262,9848.0,0.01609906554222107,273,1
StandardGSGP,55162200-ace8-11ef-998d-8863df8a28b9,istanbul,3,7,0.014450084418058395,0.07225894927978516,14596.0,0.01609906554222107,273,1
StandardGSGP,55162200-ace8-11ef-998d-8863df8a28b9,istanbul,3,8,0.01443642657250166,0.07935619354248047,19286.0,0.016096513718366623,283,1
StandardGSGP,55162200-ace8-11ef-998d-8863df8a28b9,istanbul,3,9,0.01439877413213253,0.07317805290222168,23716.0,0.017192566767334938,301,1
StandardGSGP,55162200-ace8-11ef-998d-8863df8a28b9,istanbul,3,10,0.01439877413213253,0.07311844825744629,25944.0,0.017192566767334938,301,1
StandardGSGP,55162200-ace8-11ef-998d-8863df8a28b9,istanbul,3,11,0.01439877413213253,0.08436346054077148,30432.0,0.017192566767334938,301,1
StandardGSGP,55162200-ace8-11ef-998d-8863df8a28b9,istanbul,3,12,0.01439877413213253,0.08528852462768555,35782.0,0.017192566767334938,301,1
StandardGSGP,55162200-ace8-11ef-998d-8863df8a28b9,istanbul,3,13,0.01418040320277214,0.07282567024230957,40170.0,0.015988053753972054,317,1
StandardGSGP,55162200-ace8-11ef-998d-8863df8a28b9,istanbul,3,14,0.014119699597358704,0.07870864868164062,42130.0,0.015912789851427078,333,1
StandardGSGP,55162200-ace8-11ef-998d-8863df8a28b9,istanbul,3,15,0.014119699597358704,0.07878375053405762,44044.0,0.015912789851427078,333,1
StandardGSGP,55162200-ace8-11ef-998d-8863df8a28b9,istanbul,3,16,0.014058716595172882,0.08442807197570801,50808.0,0.01600341871380806,339,1
StandardGSGP,55162200-ace8-11ef-998d-8863df8a28b9,istanbul,3,17,0.014058716595172882,0.07226204872131348,61564.0,0.01600341871380806,339,1
StandardGSGP,55162200-ace8-11ef-998d-8863df8a28b9,istanbul,3,18,0.014058716595172882,0.07313013076782227,79812.0,0.01600341871380806,339,1
StandardGSGP,55162200-ace8-11ef-998d-8863df8a28b9,istanbul,3,19,0.013892171904444695,0.07879161834716797,100154.0,0.01594785787165165,345,1
StandardGSGP,55162200-ace8-11ef-998d-8863df8a28b9,istanbul,3,20,0.013702461495995522,0.07895088195800781,102830.0,0.015940530225634575,353,1
StandardGSGP,55162200-ace8-11ef-998d-8863df8a28b9,istanbul,3,21,0.013702461495995522,0.07863497734069824,107892.0,0.015940530225634575,353,1
StandardGSGP,55162200-ace8-11ef-998d-8863df8a28b9,istanbul,3,22,0.013702461495995522,0.08483386039733887,125144.0,0.015940530225634575,353,1
StandardGSGP,55162200-ace8-11ef-998d-8863df8a28b9,istanbul,3,23,0.013702461495995522,0.0856785774230957,136182.0,0.015940530225634575,353,1
StandardGSGP,55162200-ace8-11ef-998d-8863df8a28b9,istanbul,3,24,0.013702461495995522,0.08164620399475098,168208.0,0.015940530225634575,353,1
StandardGSGP,55162200-ace8-11ef-998d-8863df8a28b9,istanbul,3,25,0.013702461495995522,0.08156299591064453,220310.0,0.015940530225634575,353,1
StandardGSGP,55162200-ace8-11ef-998d-8863df8a28b9,istanbul,3,26,0.013702461495995522,0.07392215728759766,258912.0,0.015940530225634575,353,1
StandardGSGP,55162200-ace8-11ef-998d-8863df8a28b9,istanbul,3,27,0.01368638500571251,0.08445525169372559,245016.0,0.015957584604620934,361,1
StandardGSGP,55162200-ace8-11ef-998d-8863df8a28b9,istanbul,3,28,0.01368638500571251,0.07878708839416504,300730.0,0.015957584604620934,361,1
StandardGSGP,55162200-ace8-11ef-998d-8863df8a28b9,istanbul,3,29,0.01368638500571251,0.07889056205749512,296634.0,0.015957584604620934,361,1
StandardGSGP,55162200-ace8-11ef-998d-8863df8a28b9,istanbul,3,30,0.01368638500571251,0.0726773738861084,351972.0,0.015957584604620934,361,1
StandardGSGP,55162200-ace8-11ef-998d-8863df8a28b9,istanbul,3,31,0.01368638500571251,0.07524585723876953,444850.0,0.015957584604620934,361,1
StandardGSGP,55162200-ace8-11ef-998d-8863df8a28b9,istanbul,3,32,0.01368638500571251,0.07624220848083496,527836.0,0.015957584604620934,361,1
StandardGSGP,55162200-ace8-11ef-998d-8863df8a28b9,istanbul,3,33,0.01368638500571251,0.07879471778869629,684594.0,0.015957584604620934,361,1
StandardGSGP,55162200-ace8-11ef-998d-8863df8a28b9,istanbul,3,34,0.01368638500571251,0.07287931442260742,714586.0,0.015957584604620934,361,1
StandardGSGP,55162200-ace8-11ef-998d-8863df8a28b9,istanbul,3,35,0.013627950102090836,0.0786905288696289,707798.0,0.015808654949069023,373,1
StandardGSGP,55162200-ace8-11ef-998d-8863df8a28b9,istanbul,3,36,0.013590923510491848,0.07087969779968262,773228.0,0.015769634395837784,3987,1
StandardGSGP,55162200-ace8-11ef-998d-8863df8a28b9,istanbul,3,37,0.013590923510491848,0.08177042007446289,828188.0,0.015769634395837784,3987,1
StandardGSGP,55162200-ace8-11ef-998d-8863df8a28b9,istanbul,3,38,0.013590923510491848,0.07581353187561035,1051064.0,0.015769634395837784,3987,1
StandardGSGP,55162200-ace8-11ef-998d-8863df8a28b9,istanbul,3,39,0.013590923510491848,0.06889796257019043,1307286.0,0.015769634395837784,3987,1
StandardGSGP,55162200-ace8-11ef-998d-8863df8a28b9,istanbul,3,40,0.01349067036062479,0.0791158676147461,1412726.0,0.01588740386068821,4003,1
StandardGSGP,55162200-ace8-11ef-998d-8863df8a28b9,istanbul,3,41,0.013476738706231117,0.071807861328125,1527046.0,0.01585622876882553,4011,1
StandardGSGP,55162200-ace8-11ef-998d-8863df8a28b9,istanbul,3,42,0.013476738706231117,0.07380437850952148,1394200.0,0.01585622876882553,4011,1
StandardGSGP,55162200-ace8-11ef-998d-8863df8a28b9,istanbul,3,43,0.013476738706231117,0.07280302047729492,1346412.0,0.01585622876882553,4011,1
StandardGSGP,55162200-ace8-11ef-998d-8863df8a28b9,istanbul,3,44,0.013476738706231117,0.07579994201660156,1446136.0,0.01585622876882553,4011,1
StandardGSGP,55162200-ace8-11ef-998d-8863df8a28b9,istanbul,3,45,0.013476738706231117,0.07878565788269043,1606500.0,0.01585622876882553,4011,1
StandardGSGP,55162200-ace8-11ef-998d-8863df8a28b9,istanbul,3,46,0.013471192680299282,0.07779049873352051,1983788.0,0.01585281454026699,4017,1
StandardGSGP,55162200-ace8-11ef-998d-8863df8a28b9,istanbul,3,47,0.013471048325300217,0.07679629325866699,2269868.0,0.015852000564336777,4023,1
StandardGSGP,55162200-ace8-11ef-998d-8863df8a28b9,istanbul,3,48,0.013471048325300217,0.07779455184936523,2617222.0,0.015852000564336777,4023,1
StandardGSGP,55162200-ace8-11ef-998d-8863df8a28b9,istanbul,3,49,0.013467377051711082,0.0747981071472168,3630670.0,0.015853744000196457,4031,1
StandardGSGP,55162200-ace8-11ef-998d-8863df8a28b9,istanbul,3,50,0.013467377051711082,0.08377742767333984,4655324.0,0.015853744000196457,4031,1
StandardGSGP,55162200-ace8-11ef-998d-8863df8a28b9,istanbul,3,51,0.013467377051711082,0.07280755043029785,4507760.0,0.015853744000196457,4031,1
StandardGSGP,55162200-ace8-11ef-998d-8863df8a28b9,istanbul,3,52,0.013467377051711082,0.07380247116088867,5297552.0,0.015853744000196457,4031,1
StandardGSGP,55162200-ace8-11ef-998d-8863df8a28b9,istanbul,3,53,0.013467377051711082,0.07778573036193848,6037582.0,0.015853744000196457,4031,1
StandardGSGP,55162200-ace8-11ef-998d-8863df8a28b9,istanbul,3,54,0.013467377051711082,0.07878947257995605,6589336.0,0.015853744000196457,4031,1
StandardGSGP,55162200-ace8-11ef-998d-8863df8a28b9,istanbul,3,55,0.013467377051711082,0.07679605484008789,6704948.0,0.015853744000196457,4031,1
StandardGSGP,55162200-ace8-11ef-998d-8863df8a28b9,istanbul,3,56,0.013358132913708687,0.07878684997558594,6445124.0,0.015957338735461235,62483,1
StandardGSGP,55162200-ace8-11ef-998d-8863df8a28b9,istanbul,3,57,0.013302870094776154,0.07979130744934082,7925482.0,0.015913084149360657,62489,1
StandardGSGP,55162200-ace8-11ef-998d-8863df8a28b9,istanbul,3,58,0.013302870094776154,0.07779121398925781,9063816.0,0.015913084149360657,62489,1
StandardGSGP,55162200-ace8-11ef-998d-8863df8a28b9,istanbul,3,59,0.013302870094776154,0.07380223274230957,11668242.0,0.015913084149360657,62489,1
StandardGSGP,55162200-ace8-11ef-998d-8863df8a28b9,istanbul,3,60,0.013302870094776154,0.07879042625427246,14268094.0,0.015913084149360657,62489,1
StandardGSGP,55162200-ace8-11ef-998d-8863df8a28b9,istanbul,3,61,0.013302870094776154,0.07380223274230957,18998486.0,0.015913084149360657,62489,1
StandardGSGP,55162200-ace8-11ef-998d-8863df8a28b9,istanbul,3,62,0.013265003450214863,0.0807802677154541,21887472.0,0.015881359577178955,62495,1
StandardGSGP,55162200-ace8-11ef-998d-8863df8a28b9,istanbul,3,63,0.0132643673568964,0.07580041885375977,25312022.0,0.01584630459547043,62503,1
StandardGSGP,55162200-ace8-11ef-998d-8863df8a28b9,istanbul,3,64,0.013230816461145878,0.07380175590515137,29273776.0,0.015939874574542046,62501,1
StandardGSGP,55162200-ace8-11ef-998d-8863df8a28b9,istanbul,3,65,0.013174744322896004,0.08377671241760254,33939748.0,0.015741713345050812,62521,1
StandardGSGP,55162200-ace8-11ef-998d-8863df8a28b9,istanbul,3,66,0.013174744322896004,0.08426809310913086,34873124.0,0.015741713345050812,62521,1
StandardGSGP,55162200-ace8-11ef-998d-8863df8a28b9,istanbul,3,67,0.013169122859835625,0.0789034366607666,37065784.0,0.015705257654190063,62527,1
StandardGSGP,55162200-ace8-11ef-998d-8863df8a28b9,istanbul,3,68,0.013169122859835625,0.07264089584350586,37766868.0,0.015705257654190063,62527,1
StandardGSGP,55162200-ace8-11ef-998d-8863df8a28b9,istanbul,3,69,0.013169122859835625,0.08435773849487305,42415184.0,0.015705257654190063,62527,1
StandardGSGP,55162200-ace8-11ef-998d-8863df8a28b9,istanbul,3,70,0.013169122859835625,0.07878732681274414,45630766.0,0.015705257654190063,62527,1
StandardGSGP,55162200-ace8-11ef-998d-8863df8a28b9,istanbul,3,71,0.013169122859835625,0.19829797744750977,51131992.0,0.015705257654190063,62527,1
StandardGSGP,55162200-ace8-11ef-998d-8863df8a28b9,istanbul,3,72,0.013169122859835625,0.07999730110168457,62134998.0,0.015705257654190063,62527,1
StandardGSGP,55162200-ace8-11ef-998d-8863df8a28b9,istanbul,3,73,0.013169122859835625,0.08638739585876465,63321602.0,0.015705257654190063,62527,1
StandardGSGP,55162200-ace8-11ef-998d-8863df8a28b9,istanbul,3,74,0.013167944736778736,0.08205723762512207,61301732.0,0.01571108028292656,62533,1
StandardGSGP,55162200-ace8-11ef-998d-8863df8a28b9,istanbul,3,75,0.013167944736778736,0.07752823829650879,62800888.0,0.01571108028292656,62533,1
StandardGSGP,55162200-ace8-11ef-998d-8863df8a28b9,istanbul,3,76,0.013167944736778736,0.07878232002258301,61760072.0,0.01571108028292656,62533,1
StandardGSGP,55162200-ace8-11ef-998d-8863df8a28b9,istanbul,3,77,0.013167944736778736,0.08570671081542969,76635614.0,0.01571108028292656,62533,1
StandardGSGP,55162200-ace8-11ef-998d-8863df8a28b9,istanbul,3,78,0.013167944736778736,0.06993317604064941,87943650.0,0.01571108028292656,62533,1
StandardGSGP,55162200-ace8-11ef-998d-8863df8a28b9,istanbul,3,79,0.013167944736778736,0.07769036293029785,105006970.0,0.01571108028292656,62533,1
StandardGSGP,55162200-ace8-11ef-998d-8863df8a28b9,istanbul,3,80,0.013167944736778736,0.07045292854309082,122133184.0,0.01571108028292656,62533,1
StandardGSGP,55162200-ace8-11ef-998d-8863df8a28b9,istanbul,3,81,0.013167944736778736,0.09757065773010254,158622788.0,0.01571108028292656,62533,1
StandardGSGP,55162200-ace8-11ef-998d-8863df8a28b9,istanbul,3,82,0.013167944736778736,0.11566019058227539,195695188.0,0.01571108028292656,62533,1
StandardGSGP,55162200-ace8-11ef-998d-8863df8a28b9,istanbul,3,83,0.013167944736778736,0.09073638916015625,218774172.0,0.01571108028292656,62533,1
StandardGSGP,55162200-ace8-11ef-998d-8863df8a28b9,istanbul,3,84,0.013167944736778736,0.08056759834289551,260471828.0,0.01571108028292656,62533,1
StandardGSGP,55162200-ace8-11ef-998d-8863df8a28b9,istanbul,3,85,0.013167944736778736,0.07660675048828125,291078258.0,0.01571108028292656,62533,1
StandardGSGP,55162200-ace8-11ef-998d-8863df8a28b9,istanbul,3,86,0.013167944736778736,0.08226156234741211,319466140.0,0.01571108028292656,62533,1
StandardGSGP,55162200-ace8-11ef-998d-8863df8a28b9,istanbul,3,87,0.013167944736778736,0.07877683639526367,363185090.0,0.01571108028292656,62533,1
StandardGSGP,55162200-ace8-11ef-998d-8863df8a28b9,istanbul,3,88,0.013167944736778736,0.08115172386169434,396095532.0,0.01571108028292656,62533,1
StandardGSGP,55162200-ace8-11ef-998d-8863df8a28b9,istanbul,3,89,0.013167944736778736,0.07579588890075684,416639046.0,0.01571108028292656,62533,1
StandardGSGP,55162200-ace8-11ef-998d-8863df8a28b9,istanbul,3,90,0.013167944736778736,0.07480049133300781,517757218.0,0.01571108028292656,62533,1
StandardGSGP,55162200-ace8-11ef-998d-8863df8a28b9,istanbul,3,91,0.013167944736778736,0.07080650329589844,578742608.0,0.01571108028292656,62533,1
StandardGSGP,55162200-ace8-11ef-998d-8863df8a28b9,istanbul,3,92,0.013167944736778736,0.07479524612426758,764732394.0,0.01571108028292656,62533,1
StandardGSGP,55162200-ace8-11ef-998d-8863df8a28b9,istanbul,3,93,0.013167944736778736,0.07579731941223145,846275282.0,0.01571108028292656,62533,1
StandardGSGP,55162200-ace8-11ef-998d-8863df8a28b9,istanbul,3,94,0.013167944736778736,0.08178377151489258,896414538.0,0.01571108028292656,62533,1
StandardGSGP,55162200-ace8-11ef-998d-8863df8a28b9,istanbul,3,95,0.013167944736778736,0.07978677749633789,856966174.0,0.01571108028292656,62533,1
StandardGSGP,55162200-ace8-11ef-998d-8863df8a28b9,istanbul,3,96,0.013167944736778736,0.07679462432861328,751898770.0,0.01571108028292656,62533,1
StandardGSGP,55162200-ace8-11ef-998d-8863df8a28b9,istanbul,3,97,0.013167944736778736,0.07579827308654785,798803666.0,0.01571108028292656,62533,1
StandardGSGP,55162200-ace8-11ef-998d-8863df8a28b9,istanbul,3,98,0.013167944736778736,0.07579636573791504,861636880.0,0.01571108028292656,62533,1
StandardGSGP,55162200-ace8-11ef-998d-8863df8a28b9,istanbul,3,99,0.013167944736778736,0.08377718925476074,1036935824.0,0.01571108028292656,62533,1
StandardGSGP,55162200-ace8-11ef-998d-8863df8a28b9,istanbul,3,100,0.013167944736778736,0.0797872543334961,1299974926.0,0.01571108028292656,62533,1
StandardGSGP,8ea87448-ad23-11ef-99a4-e4a8dfc2a9a8,istanbul,3,0,0.08982846140861511,0.019512653350830078,414.0,0.09853370487689972,5,1
StandardGSGP,8ea87448-ad23-11ef-99a4-e4a8dfc2a9a8,istanbul,3,1,0.08534262329339981,0.05369925498962402,1178.0,0.09485731273889542,13,1
StandardGSGP,8ea87448-ad23-11ef-99a4-e4a8dfc2a9a8,istanbul,3,2,0.08534262329339981,0.0519099235534668,2002.0,0.09485731273889542,13,1
StandardGSGP,8ea87448-ad23-11ef-99a4-e4a8dfc2a9a8,istanbul,3,3,0.08294274657964706,0.053220510482788086,2738.0,0.10302570462226868,31,1
StandardGSGP,8ea87448-ad23-11ef-99a4-e4a8dfc2a9a8,istanbul,3,4,0.08294274657964706,0.05351090431213379,3440.0,0.10302570462226868,31,1
StandardGSGP,8ea87448-ad23-11ef-99a4-e4a8dfc2a9a8,istanbul,3,5,0.08283679932355881,0.058002471923828125,4086.0,0.09599585086107254,31,1
StandardGSGP,8ea87448-ad23-11ef-99a4-e4a8dfc2a9a8,istanbul,3,6,0.08172716945409775,0.05550670623779297,4876.0,0.09144976735115051,55,1
StandardGSGP,8ea87448-ad23-11ef-99a4-e4a8dfc2a9a8,istanbul,3,7,0.08143119513988495,0.054506540298461914,5720.0,0.09135906398296356,63,1
StandardGSGP,8ea87448-ad23-11ef-99a4-e4a8dfc2a9a8,istanbul,3,8,0.08111489564180374,0.05099940299987793,6432.0,0.09158716350793839,53,1
StandardGSGP,8ea87448-ad23-11ef-99a4-e4a8dfc2a9a8,istanbul,3,9,0.08111489564180374,0.05150914192199707,7190.0,0.09158716350793839,53,1
StandardGSGP,8ea87448-ad23-11ef-99a4-e4a8dfc2a9a8,istanbul,3,10,0.08111489564180374,0.05299973487854004,7746.0,0.09158716350793839,53,1
StandardGSGP,8ea87448-ad23-11ef-99a4-e4a8dfc2a9a8,istanbul,3,11,0.08111489564180374,0.055510520935058594,8324.0,0.09158716350793839,53,1
StandardGSGP,8ea87448-ad23-11ef-99a4-e4a8dfc2a9a8,istanbul,3,12,0.08111489564180374,0.05600428581237793,8804.0,0.09158716350793839,53,1
StandardGSGP,8ea87448-ad23-11ef-99a4-e4a8dfc2a9a8,istanbul,3,13,0.07883670926094055,0.05449247360229492,9046.0,0.08780299872159958,71,1
StandardGSGP,8ea87448-ad23-11ef-99a4-e4a8dfc2a9a8,istanbul,3,14,0.07832686603069305,0.05800676345825195,9482.0,0.0878651812672615,77,1
StandardGSGP,8ea87448-ad23-11ef-99a4-e4a8dfc2a9a8,istanbul,3,15,0.07832686603069305,0.05299949645996094,9672.0,0.0878651812672615,77,1
StandardGSGP,8ea87448-ad23-11ef-99a4-e4a8dfc2a9a8,istanbul,3,16,0.07732680439949036,0.05812382698059082,9934.0,0.09078622609376907,115,1
StandardGSGP,8ea87448-ad23-11ef-99a4-e4a8dfc2a9a8,istanbul,3,17,0.0768531858921051,0.05399966239929199,10110.0,0.08916199952363968,81,1
StandardGSGP,8ea87448-ad23-11ef-99a4-e4a8dfc2a9a8,istanbul,3,18,0.07502744346857071,0.05150866508483887,10918.0,0.08863159269094467,87,1
StandardGSGP,8ea87448-ad23-11ef-99a4-e4a8dfc2a9a8,istanbul,3,19,0.07502744346857071,0.05938315391540527,11544.0,0.08863159269094467,87,1
StandardGSGP,8ea87448-ad23-11ef-99a4-e4a8dfc2a9a8,istanbul,3,20,0.07502744346857071,0.0605168342590332,12042.0,0.08863159269094467,87,1
StandardGSGP,8ea87448-ad23-11ef-99a4-e4a8dfc2a9a8,istanbul,3,21,0.07502744346857071,0.0567326545715332,12202.0,0.08863159269094467,87,1
StandardGSGP,8ea87448-ad23-11ef-99a4-e4a8dfc2a9a8,istanbul,3,22,0.07502744346857071,0.055004119873046875,12054.0,0.08863159269094467,87,1
StandardGSGP,8ea87448-ad23-11ef-99a4-e4a8dfc2a9a8,istanbul,3,23,0.07502744346857071,0.0544281005859375,12402.0,0.08863159269094467,87,1
StandardGSGP,8ea87448-ad23-11ef-99a4-e4a8dfc2a9a8,istanbul,3,24,0.07502744346857071,0.060243844985961914,13064.0,0.08863159269094467,87,1
StandardGSGP,8ea87448-ad23-11ef-99a4-e4a8dfc2a9a8,istanbul,3,25,0.07499424368143082,0.06851029396057129,13710.0,0.08857472985982895,97,1
StandardGSGP,8ea87448-ad23-11ef-99a4-e4a8dfc2a9a8,istanbul,3,26,0.07499424368143082,0.06150960922241211,14156.0,0.08857472985982895,97,1
StandardGSGP,8ea87448-ad23-11ef-99a4-e4a8dfc2a9a8,istanbul,3,27,0.07463689893484116,0.06999468803405762,15136.0,0.08752454817295074,107,1
StandardGSGP,8ea87448-ad23-11ef-99a4-e4a8dfc2a9a8,istanbul,3,28,0.07463689893484116,0.05651497840881348,15992.0,0.08752454817295074,107,1
StandardGSGP,8ea87448-ad23-11ef-99a4-e4a8dfc2a9a8,istanbul,3,29,0.07463689893484116,0.05800223350524902,16092.0,0.08752454817295074,107,1
StandardGSGP,8ea87448-ad23-11ef-99a4-e4a8dfc2a9a8,istanbul,3,30,0.07463689893484116,0.056066036224365234,16734.0,0.08752454817295074,107,1
StandardGSGP,8ea87448-ad23-11ef-99a4-e4a8dfc2a9a8,istanbul,3,31,0.07463689893484116,0.0617833137512207,17650.0,0.08752454817295074,107,1
StandardGSGP,8ea87448-ad23-11ef-99a4-e4a8dfc2a9a8,istanbul,3,32,0.07463689893484116,0.060849905014038086,17546.0,0.08752454817295074,107,1
StandardGSGP,8ea87448-ad23-11ef-99a4-e4a8dfc2a9a8,istanbul,3,33,0.07463689893484116,0.05939650535583496,17324.0,0.08752454817295074,107,1
StandardGSGP,8ea87448-ad23-11ef-99a4-e4a8dfc2a9a8,istanbul,3,34,0.07463689893484116,0.05751991271972656,16588.0,0.08752454817295074,107,1
StandardGSGP,8ea87448-ad23-11ef-99a4-e4a8dfc2a9a8,istanbul,3,35,0.07460669428110123,0.051770687103271484,16142.0,0.0874255821108818,133,1
StandardGSGP,8ea87448-ad23-11ef-99a4-e4a8dfc2a9a8,istanbul,3,36,0.07460669428110123,0.05260920524597168,15554.0,0.0874255821108818,133,1
StandardGSGP,8ea87448-ad23-11ef-99a4-e4a8dfc2a9a8,istanbul,3,37,0.07460669428110123,0.05351853370666504,15834.0,0.0874255821108818,133,1
StandardGSGP,8ea87448-ad23-11ef-99a4-e4a8dfc2a9a8,istanbul,3,38,0.07460669428110123,0.05150890350341797,15832.0,0.0874255821108818,133,1
StandardGSGP,8ea87448-ad23-11ef-99a4-e4a8dfc2a9a8,istanbul,3,39,0.07460669428110123,0.053374290466308594,16392.0,0.0874255821108818,133,1
StandardGSGP,8ea87448-ad23-11ef-99a4-e4a8dfc2a9a8,istanbul,3,40,0.07460669428110123,0.05081534385681152,16792.0,0.0874255821108818,133,1
StandardGSGP,8ea87448-ad23-11ef-99a4-e4a8dfc2a9a8,istanbul,3,41,0.07460669428110123,0.0543673038482666,17054.0,0.0874255821108818,133,1
StandardGSGP,8ea87448-ad23-11ef-99a4-e4a8dfc2a9a8,istanbul,3,42,0.07460669428110123,0.05547308921813965,17726.0,0.0874255821108818,133,1
StandardGSGP,8ea87448-ad23-11ef-99a4-e4a8dfc2a9a8,istanbul,3,43,0.07460669428110123,0.0540008544921875,17824.0,0.0874255821108818,133,1
StandardGSGP,8ea87448-ad23-11ef-99a4-e4a8dfc2a9a8,istanbul,3,44,0.07460669428110123,0.05775260925292969,17880.0,0.0874255821108818,133,1
StandardGSGP,8ea87448-ad23-11ef-99a4-e4a8dfc2a9a8,istanbul,3,45,0.07460669428110123,0.05399179458618164,18372.0,0.0874255821108818,133,1
StandardGSGP,8ea87448-ad23-11ef-99a4-e4a8dfc2a9a8,istanbul,3,46,0.0745081752538681,0.05067276954650879,19236.0,0.08723020553588867,141,1
StandardGSGP,8ea87448-ad23-11ef-99a4-e4a8dfc2a9a8,istanbul,3,47,0.0745081752538681,0.051201820373535156,19454.0,0.08723020553588867,141,1
StandardGSGP,8ea87448-ad23-11ef-99a4-e4a8dfc2a9a8,istanbul,3,48,0.0745081752538681,0.05081963539123535,20226.0,0.08723020553588867,141,1
StandardGSGP,8ea87448-ad23-11ef-99a4-e4a8dfc2a9a8,istanbul,3,49,0.0745081752538681,0.05243349075317383,20208.0,0.08723020553588867,141,1
StandardGSGP,8ea87448-ad23-11ef-99a4-e4a8dfc2a9a8,istanbul,3,50,0.0745081752538681,0.05199694633483887,20868.0,0.08723020553588867,141,1
StandardGSGP,8ea87448-ad23-11ef-99a4-e4a8dfc2a9a8,istanbul,3,51,0.0745081752538681,0.05249905586242676,20846.0,0.08723020553588867,141,1
StandardGSGP,8ea87448-ad23-11ef-99a4-e4a8dfc2a9a8,istanbul,3,52,0.07450374960899353,0.052632808685302734,21180.0,0.08721372485160828,151,1
StandardGSGP,8ea87448-ad23-11ef-99a4-e4a8dfc2a9a8,istanbul,3,53,0.07415630668401718,0.052633047103881836,20994.0,0.08721962571144104,151,1
StandardGSGP,8ea87448-ad23-11ef-99a4-e4a8dfc2a9a8,istanbul,3,54,0.07415630668401718,0.05106472969055176,20656.0,0.08721962571144104,151,1
StandardGSGP,8ea87448-ad23-11ef-99a4-e4a8dfc2a9a8,istanbul,3,55,0.07415630668401718,0.054178476333618164,21002.0,0.08721962571144104,151,1
StandardGSGP,8ea87448-ad23-11ef-99a4-e4a8dfc2a9a8,istanbul,3,56,0.07415630668401718,0.05311918258666992,20308.0,0.08721962571144104,151,1
StandardGSGP,8ea87448-ad23-11ef-99a4-e4a8dfc2a9a8,istanbul,3,57,0.07415630668401718,0.061081886291503906,19984.0,0.08721962571144104,151,1
StandardGSGP,8ea87448-ad23-11ef-99a4-e4a8dfc2a9a8,istanbul,3,58,0.07415630668401718,0.05253458023071289,20128.0,0.08721962571144104,151,1
StandardGSGP,8ea87448-ad23-11ef-99a4-e4a8dfc2a9a8,istanbul,3,59,0.07415630668401718,0.12719011306762695,20688.0,0.08721962571144104,151,1
StandardGSGP,8ea87448-ad23-11ef-99a4-e4a8dfc2a9a8,istanbul,3,60,0.07415630668401718,0.05641984939575195,21102.0,0.08721962571144104,151,1
StandardGSGP,8ea87448-ad23-11ef-99a4-e4a8dfc2a9a8,istanbul,3,61,0.07415630668401718,0.05366182327270508,20752.0,0.08721962571144104,151,1
StandardGSGP,8ea87448-ad23-11ef-99a4-e4a8dfc2a9a8,istanbul,3,62,0.07415630668401718,0.05351138114929199,21316.0,0.08721962571144104,151,1
StandardGSGP,8ea87448-ad23-11ef-99a4-e4a8dfc2a9a8,istanbul,3,63,0.07415630668401718,0.05299973487854004,21968.0,0.08721962571144104,151,1
StandardGSGP,8ea87448-ad23-11ef-99a4-e4a8dfc2a9a8,istanbul,3,64,0.07414265722036362,0.052510738372802734,21324.0,0.08736246824264526,165,1
StandardGSGP,8ea87448-ad23-11ef-99a4-e4a8dfc2a9a8,istanbul,3,65,0.07414265722036362,0.05590629577636719,21086.0,0.08736246824264526,165,1
StandardGSGP,8ea87448-ad23-11ef-99a4-e4a8dfc2a9a8,istanbul,3,66,0.07414265722036362,0.05311250686645508,21200.0,0.08736246824264526,165,1
StandardGSGP,8ea87448-ad23-11ef-99a4-e4a8dfc2a9a8,istanbul,3,67,0.07414265722036362,0.05299997329711914,20216.0,0.08736246824264526,165,1
StandardGSGP,8ea87448-ad23-11ef-99a4-e4a8dfc2a9a8,istanbul,3,68,0.07414265722036362,0.050508737564086914,20458.0,0.08736246824264526,165,1
StandardGSGP,8ea87448-ad23-11ef-99a4-e4a8dfc2a9a8,istanbul,3,69,0.07414265722036362,0.052900075912475586,20120.0,0.08736246824264526,165,1
StandardGSGP,8ea87448-ad23-11ef-99a4-e4a8dfc2a9a8,istanbul,3,70,0.07414265722036362,0.05347275733947754,20000.0,0.08736246824264526,165,1
StandardGSGP,8ea87448-ad23-11ef-99a4-e4a8dfc2a9a8,istanbul,3,71,0.07414265722036362,0.06732964515686035,20226.0,0.08736246824264526,165,1
StandardGSGP,8ea87448-ad23-11ef-99a4-e4a8dfc2a9a8,istanbul,3,72,0.07413710653781891,0.05299997329711914,19982.0,0.08736062049865723,175,1
StandardGSGP,8ea87448-ad23-11ef-99a4-e4a8dfc2a9a8,istanbul,3,73,0.07409939914941788,0.054509878158569336,20688.0,0.08688388764858246,181,1
StandardGSGP,8ea87448-ad23-11ef-99a4-e4a8dfc2a9a8,istanbul,3,74,0.07409939914941788,0.05399918556213379,21368.0,0.08688388764858246,181,1
StandardGSGP,8ea87448-ad23-11ef-99a4-e4a8dfc2a9a8,istanbul,3,75,0.07409939914941788,0.0526280403137207,21964.0,0.08688388764858246,181,1
StandardGSGP,8ea87448-ad23-11ef-99a4-e4a8dfc2a9a8,istanbul,3,76,0.07409939914941788,0.05138421058654785,22994.0,0.08688388764858246,181,1
StandardGSGP,8ea87448-ad23-11ef-99a4-e4a8dfc2a9a8,istanbul,3,77,0.07409939914941788,0.05350327491760254,23472.0,0.08688388764858246,181,1
StandardGSGP,8ea87448-ad23-11ef-99a4-e4a8dfc2a9a8,istanbul,3,78,0.07409939914941788,0.05199766159057617,23750.0,0.08688388764858246,181,1
StandardGSGP,8ea87448-ad23-11ef-99a4-e4a8dfc2a9a8,istanbul,3,79,0.07409939914941788,0.05837202072143555,24000.0,0.08688388764858246,181,1
StandardGSGP,8ea87448-ad23-11ef-99a4-e4a8dfc2a9a8,istanbul,3,80,0.07409939914941788,0.057656288146972656,24248.0,0.08688388764858246,181,1
StandardGSGP,8ea87448-ad23-11ef-99a4-e4a8dfc2a9a8,istanbul,3,81,0.07409939914941788,0.05246329307556152,24678.0,0.08688388764858246,181,1
StandardGSGP,8ea87448-ad23-11ef-99a4-e4a8dfc2a9a8,istanbul,3,82,0.07353661209344864,0.05350232124328613,25476.0,0.08505132794380188,251,1
StandardGSGP,8ea87448-ad23-11ef-99a4-e4a8dfc2a9a8,istanbul,3,83,0.07353661209344864,0.05309939384460449,25188.0,0.08505132794380188,251,1
StandardGSGP,8ea87448-ad23-11ef-99a4-e4a8dfc2a9a8,istanbul,3,84,0.07353661209344864,0.05938720703125,25576.0,0.08505132794380188,251,1
StandardGSGP,8ea87448-ad23-11ef-99a4-e4a8dfc2a9a8,istanbul,3,85,0.0733630433678627,0.0595550537109375,26516.0,0.08553478866815567,265,1
StandardGSGP,8ea87448-ad23-11ef-99a4-e4a8dfc2a9a8,istanbul,3,86,0.0733630433678627,0.05399131774902344,27172.0,0.08553478866815567,265,1
StandardGSGP,8ea87448-ad23-11ef-99a4-e4a8dfc2a9a8,istanbul,3,87,0.0733630433678627,0.058511972427368164,27582.0,0.08553478866815567,265,1
StandardGSGP,8ea87448-ad23-11ef-99a4-e4a8dfc2a9a8,istanbul,3,88,0.0733630433678627,0.05669689178466797,28874.0,0.08553478866815567,265,1
StandardGSGP,8ea87448-ad23-11ef-99a4-e4a8dfc2a9a8,istanbul,3,89,0.0733630433678627,0.057976722717285156,29566.0,0.08553478866815567,265,1
StandardGSGP,8ea87448-ad23-11ef-99a4-e4a8dfc2a9a8,istanbul,3,90,0.0733630433678627,0.05800676345825195,30126.0,0.08553478866815567,265,1
StandardGSGP,8ea87448-ad23-11ef-99a4-e4a8dfc2a9a8,istanbul,3,91,0.0733630433678627,0.054509639739990234,30652.0,0.08553478866815567,265,1
StandardGSGP,8ea87448-ad23-11ef-99a4-e4a8dfc2a9a8,istanbul,3,92,0.0733630433678627,0.05216169357299805,31142.0,0.08553478866815567,265,1
StandardGSGP,8ea87448-ad23-11ef-99a4-e4a8dfc2a9a8,istanbul,3,93,0.0733630433678627,0.05301332473754883,31114.0,0.08553478866815567,265,1
StandardGSGP,8ea87448-ad23-11ef-99a4-e4a8dfc2a9a8,istanbul,3,94,0.0733630433678627,0.05180954933166504,30896.0,0.08553478866815567,265,1
StandardGSGP,8ea87448-ad23-11ef-99a4-e4a8dfc2a9a8,istanbul,3,95,0.0733630433678627,0.051999568939208984,30950.0,0.08553478866815567,265,1
StandardGSGP,8ea87448-ad23-11ef-99a4-e4a8dfc2a9a8,istanbul,3,96,0.0733630433678627,0.05251359939575195,31752.0,0.08553478866815567,265,1
StandardGSGP,8ea87448-ad23-11ef-99a4-e4a8dfc2a9a8,istanbul,3,97,0.0733630433678627,0.05299973487854004,32456.0,0.08553478866815567,265,1
StandardGSGP,8ea87448-ad23-11ef-99a4-e4a8dfc2a9a8,istanbul,3,98,0.0733630433678627,0.057485342025756836,32692.0,0.08553478866815567,265,1
StandardGSGP,8ea87448-ad23-11ef-99a4-e4a8dfc2a9a8,istanbul,3,99,0.0733630433678627,0.05871701240539551,33572.0,0.08553478866815567,265,1
StandardGSGP,8ea87448-ad23-11ef-99a4-e4a8dfc2a9a8,istanbul,3,100,0.0733630433678627,0.053528785705566406,33820.0,0.08553478866815567,265,1
StandardGSGP,f7adfaf6-ad23-11ef-9bb0-e4a8dfc2a9a8,istanbul,3,0,0.017848452553153038,0.028003692626953125,610.0,0.019042709842324257,3,1
StandardGSGP,f7adfaf6-ad23-11ef-9bb0-e4a8dfc2a9a8,istanbul,3,1,0.017846427857875824,0.05550646781921387,1438.0,0.019042668864130974,9,1
StandardGSGP,f7adfaf6-ad23-11ef-9bb0-e4a8dfc2a9a8,istanbul,3,2,0.016910545527935028,0.060512542724609375,2316.0,0.01833144761621952,19,1
StandardGSGP,f7adfaf6-ad23-11ef-9bb0-e4a8dfc2a9a8,istanbul,3,3,0.016170114278793335,0.056998252868652344,3106.0,0.01739516668021679,25,1
StandardGSGP,f7adfaf6-ad23-11ef-9bb0-e4a8dfc2a9a8,istanbul,3,4,0.016170114278793335,0.05766940116882324,4006.0,0.01739516668021679,25,1
StandardGSGP,f7adfaf6-ad23-11ef-9bb0-e4a8dfc2a9a8,istanbul,3,5,0.016169827431440353,0.058000802993774414,4908.0,0.017395341768860817,31,1
StandardGSGP,f7adfaf6-ad23-11ef-9bb0-e4a8dfc2a9a8,istanbul,3,6,0.01550407987087965,0.05774688720703125,5680.0,0.01695014350116253,37,1
StandardGSGP,f7adfaf6-ad23-11ef-9bb0-e4a8dfc2a9a8,istanbul,3,7,0.01550407987087965,0.06073403358459473,6400.0,0.01695014350116253,37,1
StandardGSGP,f7adfaf6-ad23-11ef-9bb0-e4a8dfc2a9a8,istanbul,3,8,0.01550407987087965,0.05732011795043945,7276.0,0.01695014350116253,37,1
StandardGSGP,f7adfaf6-ad23-11ef-9bb0-e4a8dfc2a9a8,istanbul,3,9,0.01550407987087965,0.05965065956115723,7990.0,0.01695014350116253,37,1
StandardGSGP,f7adfaf6-ad23-11ef-9bb0-e4a8dfc2a9a8,istanbul,3,10,0.01550407987087965,0.05601096153259277,8460.0,0.01695014350116253,37,1
StandardGSGP,f7adfaf6-ad23-11ef-9bb0-e4a8dfc2a9a8,istanbul,3,11,0.01550407987087965,0.05851030349731445,9292.0,0.01695014350116253,37,1
StandardGSGP,f7adfaf6-ad23-11ef-9bb0-e4a8dfc2a9a8,istanbul,3,12,0.01550407987087965,0.06468558311462402,9950.0,0.01695014350116253,37,1
StandardGSGP,f7adfaf6-ad23-11ef-9bb0-e4a8dfc2a9a8,istanbul,3,13,0.015387129038572311,0.06427145004272461,10556.0,0.016984516754746437,51,1
StandardGSGP,f7adfaf6-ad23-11ef-9bb0-e4a8dfc2a9a8,istanbul,3,14,0.015387129038572311,0.05950617790222168,11164.0,0.016984516754746437,51,1
StandardGSGP,f7adfaf6-ad23-11ef-9bb0-e4a8dfc2a9a8,istanbul,3,15,0.015387129038572311,0.05682063102722168,11892.0,0.016984516754746437,51,1
StandardGSGP,f7adfaf6-ad23-11ef-9bb0-e4a8dfc2a9a8,istanbul,3,16,0.015387129038572311,0.05718588829040527,12122.0,0.016984516754746437,51,1
StandardGSGP,f7adfaf6-ad23-11ef-9bb0-e4a8dfc2a9a8,istanbul,3,17,0.015381275676190853,0.055821895599365234,12018.0,0.01698717102408409,65,1
StandardGSGP,f7adfaf6-ad23-11ef-9bb0-e4a8dfc2a9a8,istanbul,3,18,0.01530393771827221,0.058998823165893555,11742.0,0.01689879223704338,69,1
StandardGSGP,f7adfaf6-ad23-11ef-9bb0-e4a8dfc2a9a8,istanbul,3,19,0.01530393771827221,0.05650973320007324,11658.0,0.01689879223704338,69,1
StandardGSGP,f7adfaf6-ad23-11ef-9bb0-e4a8dfc2a9a8,istanbul,3,20,0.01530393771827221,0.05822896957397461,11796.0,0.01689879223704338,69,1
StandardGSGP,f7adfaf6-ad23-11ef-9bb0-e4a8dfc2a9a8,istanbul,3,21,0.01530393771827221,0.05570697784423828,11628.0,0.01689879223704338,69,1
StandardGSGP,f7adfaf6-ad23-11ef-9bb0-e4a8dfc2a9a8,istanbul,3,22,0.01530393771827221,0.0581364631652832,11832.0,0.01689879223704338,69,1
StandardGSGP,f7adfaf6-ad23-11ef-9bb0-e4a8dfc2a9a8,istanbul,3,23,0.01530391164124012,0.05722951889038086,12554.0,0.016898971050977707,75,1
StandardGSGP,f7adfaf6-ad23-11ef-9bb0-e4a8dfc2a9a8,istanbul,3,24,0.01530391164124012,0.05850863456726074,12902.0,0.016898971050977707,75,1
StandardGSGP,f7adfaf6-ad23-11ef-9bb0-e4a8dfc2a9a8,istanbul,3,25,0.014970320276916027,0.05800294876098633,13838.0,0.016859818249940872,81,1
StandardGSGP,f7adfaf6-ad23-11ef-9bb0-e4a8dfc2a9a8,istanbul,3,26,0.01469787210226059,0.05649900436401367,14406.0,0.01677032746374607,87,1
StandardGSGP,f7adfaf6-ad23-11ef-9bb0-e4a8dfc2a9a8,istanbul,3,27,0.01469787210226059,0.055933237075805664,14544.0,0.01677032746374607,87,1
StandardGSGP,f7adfaf6-ad23-11ef-9bb0-e4a8dfc2a9a8,istanbul,3,28,0.01469787210226059,0.06044292449951172,15310.0,0.01677032746374607,87,1
StandardGSGP,f7adfaf6-ad23-11ef-9bb0-e4a8dfc2a9a8,istanbul,3,29,0.01469787210226059,0.05748319625854492,16020.0,0.01677032746374607,87,1
StandardGSGP,f7adfaf6-ad23-11ef-9bb0-e4a8dfc2a9a8,istanbul,3,30,0.014555023983120918,0.0601496696472168,16920.0,0.016775157302618027,95,1
StandardGSGP,f7adfaf6-ad23-11ef-9bb0-e4a8dfc2a9a8,istanbul,3,31,0.014555023983120918,0.05531883239746094,17332.0,0.016775157302618027,95,1
StandardGSGP,f7adfaf6-ad23-11ef-9bb0-e4a8dfc2a9a8,istanbul,3,32,0.014555023983120918,0.05463719367980957,17030.0,0.016775157302618027,95,1
StandardGSGP,f7adfaf6-ad23-11ef-9bb0-e4a8dfc2a9a8,istanbul,3,33,0.014523886144161224,0.054999351501464844,17046.0,0.016789210960268974,105,1
StandardGSGP,f7adfaf6-ad23-11ef-9bb0-e4a8dfc2a9a8,istanbul,3,34,0.014523886144161224,0.05550861358642578,17892.0,0.016789210960268974,105,1
StandardGSGP,f7adfaf6-ad23-11ef-9bb0-e4a8dfc2a9a8,istanbul,3,35,0.014501350000500679,0.05620408058166504,18416.0,0.016721466556191444,111,1
StandardGSGP,f7adfaf6-ad23-11ef-9bb0-e4a8dfc2a9a8,istanbul,3,36,0.014501350000500679,0.05932497978210449,19268.0,0.016721466556191444,111,1
StandardGSGP,f7adfaf6-ad23-11ef-9bb0-e4a8dfc2a9a8,istanbul,3,37,0.014501350000500679,0.05600333213806152,19196.0,0.016721466556191444,111,1
StandardGSGP,f7adfaf6-ad23-11ef-9bb0-e4a8dfc2a9a8,istanbul,3,38,0.01450074091553688,0.058064937591552734,19914.0,0.01672183908522129,117,1
StandardGSGP,f7adfaf6-ad23-11ef-9bb0-e4a8dfc2a9a8,istanbul,3,39,0.01450074091553688,0.06184220314025879,20408.0,0.01672183908522129,117,1
StandardGSGP,f7adfaf6-ad23-11ef-9bb0-e4a8dfc2a9a8,istanbul,3,40,0.01450074091553688,0.05652570724487305,20508.0,0.01672183908522129,117,1
StandardGSGP,f7adfaf6-ad23-11ef-9bb0-e4a8dfc2a9a8,istanbul,3,41,0.01450074091553688,0.05728745460510254,20594.0,0.01672183908522129,117,1
StandardGSGP,f7adfaf6-ad23-11ef-9bb0-e4a8dfc2a9a8,istanbul,3,42,0.01450074091553688,0.06050586700439453,20376.0,0.01672183908522129,117,1
StandardGSGP,f7adfaf6-ad23-11ef-9bb0-e4a8dfc2a9a8,istanbul,3,43,0.01450074091553688,0.05916285514831543,20072.0,0.01672183908522129,117,1
StandardGSGP,f7adfaf6-ad23-11ef-9bb0-e4a8dfc2a9a8,istanbul,3,44,0.01450074091553688,0.059786081314086914,19458.0,0.01672183908522129,117,1
StandardGSGP,f7adfaf6-ad23-11ef-9bb0-e4a8dfc2a9a8,istanbul,3,45,0.014463531784713268,0.05612039566040039,20180.0,0.016846023499965668,123,1
StandardGSGP,f7adfaf6-ad23-11ef-9bb0-e4a8dfc2a9a8,istanbul,3,46,0.014463531784713268,0.05835294723510742,21198.0,0.016846023499965668,123,1
StandardGSGP,f7adfaf6-ad23-11ef-9bb0-e4a8dfc2a9a8,istanbul,3,47,0.014463531784713268,0.05700206756591797,22162.0,0.016846023499965668,123,1
StandardGSGP,f7adfaf6-ad23-11ef-9bb0-e4a8dfc2a9a8,istanbul,3,48,0.014463531784713268,0.0545353889465332,22572.0,0.016846023499965668,123,1
StandardGSGP,f7adfaf6-ad23-11ef-9bb0-e4a8dfc2a9a8,istanbul,3,49,0.01442116778343916,0.13061118125915527,22348.0,0.016839273273944855,133,1
StandardGSGP,f7adfaf6-ad23-11ef-9bb0-e4a8dfc2a9a8,istanbul,3,50,0.01442116778343916,0.05249762535095215,21760.0,0.016839273273944855,133,1
StandardGSGP,f7adfaf6-ad23-11ef-9bb0-e4a8dfc2a9a8,istanbul,3,51,0.01442116778343916,0.055349111557006836,21282.0,0.016839273273944855,133,1
StandardGSGP,f7adfaf6-ad23-11ef-9bb0-e4a8dfc2a9a8,istanbul,3,52,0.01442116778343916,0.0599977970123291,20562.0,0.016839273273944855,133,1
StandardGSGP,f7adfaf6-ad23-11ef-9bb0-e4a8dfc2a9a8,istanbul,3,53,0.014395859092473984,0.0595097541809082,20978.0,0.016907084733247757,141,1
StandardGSGP,f7adfaf6-ad23-11ef-9bb0-e4a8dfc2a9a8,istanbul,3,54,0.014066609553992748,0.05614042282104492,22040.0,0.016728729009628296,143,1
StandardGSGP,f7adfaf6-ad23-11ef-9bb0-e4a8dfc2a9a8,istanbul,3,55,0.014066609553992748,0.060797929763793945,23462.0,0.016728729009628296,143,1
StandardGSGP,f7adfaf6-ad23-11ef-9bb0-e4a8dfc2a9a8,istanbul,3,56,0.014066609553992748,0.05650901794433594,23912.0,0.016728729009628296,143,1
StandardGSGP,f7adfaf6-ad23-11ef-9bb0-e4a8dfc2a9a8,istanbul,3,57,0.014066609553992748,0.05500984191894531,24710.0,0.016728729009628296,143,1
StandardGSGP,f7adfaf6-ad23-11ef-9bb0-e4a8dfc2a9a8,istanbul,3,58,0.014066609553992748,0.0551149845123291,25240.0,0.016728729009628296,143,1
StandardGSGP,f7adfaf6-ad23-11ef-9bb0-e4a8dfc2a9a8,istanbul,3,59,0.014066609553992748,0.06275558471679688,23786.0,0.016728729009628296,143,1
StandardGSGP,f7adfaf6-ad23-11ef-9bb0-e4a8dfc2a9a8,istanbul,3,60,0.014066609553992748,0.05609536170959473,23498.0,0.016728729009628296,143,1
StandardGSGP,f7adfaf6-ad23-11ef-9bb0-e4a8dfc2a9a8,istanbul,3,61,0.014066609553992748,0.05524921417236328,23382.0,0.016728729009628296,143,1
StandardGSGP,f7adfaf6-ad23-11ef-9bb0-e4a8dfc2a9a8,istanbul,3,62,0.014043265953660011,0.05801963806152344,22720.0,0.016238830983638763,149,1
StandardGSGP,f7adfaf6-ad23-11ef-9bb0-e4a8dfc2a9a8,istanbul,3,63,0.014043265953660011,0.05551648139953613,23464.0,0.016238830983638763,149,1
StandardGSGP,f7adfaf6-ad23-11ef-9bb0-e4a8dfc2a9a8,istanbul,3,64,0.014043265953660011,0.06299424171447754,22720.0,0.016238830983638763,149,1
StandardGSGP,f7adfaf6-ad23-11ef-9bb0-e4a8dfc2a9a8,istanbul,3,65,0.014043265953660011,0.0573117733001709,22324.0,0.016238830983638763,149,1
StandardGSGP,f7adfaf6-ad23-11ef-9bb0-e4a8dfc2a9a8,istanbul,3,66,0.013983712531626225,0.055558204650878906,21644.0,0.016264624893665314,157,1
StandardGSGP,f7adfaf6-ad23-11ef-9bb0-e4a8dfc2a9a8,istanbul,3,67,0.013983712531626225,0.05650901794433594,21772.0,0.016264624893665314,157,1
StandardGSGP,f7adfaf6-ad23-11ef-9bb0-e4a8dfc2a9a8,istanbul,3,68,0.013983712531626225,0.061124563217163086,21588.0,0.016264624893665314,157,1
StandardGSGP,f7adfaf6-ad23-11ef-9bb0-e4a8dfc2a9a8,istanbul,3,69,0.013983712531626225,0.0619962215423584,21808.0,0.016264624893665314,157,1
StandardGSGP,f7adfaf6-ad23-11ef-9bb0-e4a8dfc2a9a8,istanbul,3,70,0.013966845348477364,0.06476950645446777,22462.0,0.01624591462314129,163,1
StandardGSGP,f7adfaf6-ad23-11ef-9bb0-e4a8dfc2a9a8,istanbul,3,71,0.013966845348477364,0.0574953556060791,23150.0,0.01624591462314129,163,1
StandardGSGP,f7adfaf6-ad23-11ef-9bb0-e4a8dfc2a9a8,istanbul,3,72,0.013966845348477364,0.05854034423828125,23532.0,0.01624591462314129,163,1
StandardGSGP,f7adfaf6-ad23-11ef-9bb0-e4a8dfc2a9a8,istanbul,3,73,0.013966845348477364,0.06008100509643555,24542.0,0.01624591462314129,163,1
StandardGSGP,f7adfaf6-ad23-11ef-9bb0-e4a8dfc2a9a8,istanbul,3,74,0.013966845348477364,0.05616593360900879,25492.0,0.01624591462314129,163,1
StandardGSGP,f7adfaf6-ad23-11ef-9bb0-e4a8dfc2a9a8,istanbul,3,75,0.013966845348477364,0.05650925636291504,26666.0,0.01624591462314129,163,1
StandardGSGP,f7adfaf6-ad23-11ef-9bb0-e4a8dfc2a9a8,istanbul,3,76,0.013966845348477364,0.059442996978759766,27288.0,0.01624591462314129,163,1
StandardGSGP,f7adfaf6-ad23-11ef-9bb0-e4a8dfc2a9a8,istanbul,3,77,0.013966845348477364,0.05567169189453125,27852.0,0.01624591462314129,163,1
StandardGSGP,f7adfaf6-ad23-11ef-9bb0-e4a8dfc2a9a8,istanbul,3,78,0.013966845348477364,0.0538029670715332,28540.0,0.01624591462314129,163,1
StandardGSGP,f7adfaf6-ad23-11ef-9bb0-e4a8dfc2a9a8,istanbul,3,79,0.013966845348477364,0.07677221298217773,29248.0,0.01624591462314129,163,1
StandardGSGP,f7adfaf6-ad23-11ef-9bb0-e4a8dfc2a9a8,istanbul,3,80,0.013966845348477364,0.05737113952636719,30348.0,0.01624591462314129,163,1
StandardGSGP,f7adfaf6-ad23-11ef-9bb0-e4a8dfc2a9a8,istanbul,3,81,0.013966845348477364,0.06178402900695801,31158.0,0.01624591462314129,163,1
StandardGSGP,f7adfaf6-ad23-11ef-9bb0-e4a8dfc2a9a8,istanbul,3,82,0.013906871899962425,0.06253814697265625,30962.0,0.016284914687275887,169,1
StandardGSGP,f7adfaf6-ad23-11ef-9bb0-e4a8dfc2a9a8,istanbul,3,83,0.013906871899962425,0.06650996208190918,30834.0,0.016284914687275887,169,1
StandardGSGP,f7adfaf6-ad23-11ef-9bb0-e4a8dfc2a9a8,istanbul,3,84,0.013906871899962425,0.06487202644348145,30974.0,0.016284914687275887,169,1
StandardGSGP,f7adfaf6-ad23-11ef-9bb0-e4a8dfc2a9a8,istanbul,3,85,0.013906871899962425,0.0622715950012207,30514.0,0.016284914687275887,169,1
StandardGSGP,f7adfaf6-ad23-11ef-9bb0-e4a8dfc2a9a8,istanbul,3,86,0.013906871899962425,0.061511993408203125,30224.0,0.016284914687275887,169,1
StandardGSGP,f7adfaf6-ad23-11ef-9bb0-e4a8dfc2a9a8,istanbul,3,87,0.013906871899962425,0.05900287628173828,30174.0,0.016284914687275887,169,1
StandardGSGP,f7adfaf6-ad23-11ef-9bb0-e4a8dfc2a9a8,istanbul,3,88,0.013906871899962425,0.05991625785827637,30060.0,0.016284914687275887,169,1
StandardGSGP,f7adfaf6-ad23-11ef-9bb0-e4a8dfc2a9a8,istanbul,3,89,0.013863134197890759,0.07166266441345215,29022.0,0.01637840084731579,179,1
StandardGSGP,f7adfaf6-ad23-11ef-9bb0-e4a8dfc2a9a8,istanbul,3,90,0.013863134197890759,0.06000256538391113,28120.0,0.01637840084731579,179,1
StandardGSGP,f7adfaf6-ad23-11ef-9bb0-e4a8dfc2a9a8,istanbul,3,91,0.013863134197890759,0.06017589569091797,27408.0,0.01637840084731579,179,1
StandardGSGP,f7adfaf6-ad23-11ef-9bb0-e4a8dfc2a9a8,istanbul,3,92,0.013788013719022274,0.059800148010253906,27440.0,0.016640013083815575,185,1
StandardGSGP,f7adfaf6-ad23-11ef-9bb0-e4a8dfc2a9a8,istanbul,3,93,0.013783560134470463,0.05851101875305176,26766.0,0.016114292666316032,189,1
StandardGSGP,f7adfaf6-ad23-11ef-9bb0-e4a8dfc2a9a8,istanbul,3,94,0.013783560134470463,0.05985879898071289,28090.0,0.016114292666316032,189,1
StandardGSGP,f7adfaf6-ad23-11ef-9bb0-e4a8dfc2a9a8,istanbul,3,95,0.013672097586095333,0.06362509727478027,28508.0,0.016610270366072655,219,1
StandardGSGP,f7adfaf6-ad23-11ef-9bb0-e4a8dfc2a9a8,istanbul,3,96,0.013672097586095333,0.06006884574890137,27668.0,0.016610270366072655,219,1
StandardGSGP,f7adfaf6-ad23-11ef-9bb0-e4a8dfc2a9a8,istanbul,3,97,0.013672097586095333,0.056520938873291016,26928.0,0.016610270366072655,219,1
StandardGSGP,f7adfaf6-ad23-11ef-9bb0-e4a8dfc2a9a8,istanbul,3,98,0.013672097586095333,0.05599808692932129,26958.0,0.016610270366072655,219,1
StandardGSGP,f7adfaf6-ad23-11ef-9bb0-e4a8dfc2a9a8,istanbul,3,99,0.013667811639606953,0.05751466751098633,26854.0,0.016603725031018257,229,1
StandardGSGP,f7adfaf6-ad23-11ef-9bb0-e4a8dfc2a9a8,istanbul,3,100,0.013667811639606953,0.05700182914733887,27704.0,0.016603725031018257,229,1
