StandardGSGP,de5b0bfb-ace7-11ef-96dc-8863df8a28b9,istanbul,12,0,0.1351287066936493,1.0539300441741943,20624.0,0.1305522471666336,5,1
StandardGSGP,de5b0bfb-ace7-11ef-96dc-8863df8a28b9,istanbul,12,1,0.10512953251600266,0.08277654647827148,2980.0,0.11740360409021378,15,1
StandardGSGP,de5b0bfb-ace7-11ef-96dc-8863df8a28b9,istanbul,12,2,0.10445202887058258,0.08576822280883789,5554.0,0.1235179677605629,43,1
StandardGSGP,de5b0bfb-ace7-11ef-96dc-8863df8a28b9,istanbul,12,3,0.1044306606054306,0.08377790451049805,5562.0,0.12372900545597076,53,1
StandardGSGP,de5b0bfb-ace7-11ef-96dc-8863df8a28b9,istanbul,12,4,0.1018303856253624,0.08477234840393066,4470.0,0.09425307810306549,37,1
StandardGSGP,de5b0bfb-ace7-11ef-96dc-8863df8a28b9,istanbul,12,5,0.1018303856253624,0.07579421997070312,5252.0,0.09425307810306549,37,1
StandardGSGP,de5b0bfb-ace7-11ef-96dc-8863df8a28b9,istanbul,12,6,0.09259916096925735,0.08776211738586426,6458.0,0.0894436165690422,57,1
StandardGSGP,de5b0bfb-ace7-11ef-96dc-8863df8a28b9,istanbul,12,7,0.09160109609365463,0.08277559280395508,7334.0,0.08925710618495941,65,1
StandardGSGP,de5b0bfb-ace7-11ef-96dc-8863df8a28b9,istanbul,12,8,0.09160109609365463,0.0827779769897461,8704.0,0.08925710618495941,65,1
StandardGSGP,de5b0bfb-ace7-11ef-96dc-8863df8a28b9,istanbul,12,9,0.09160109609365463,0.08177828788757324,9400.0,0.08925710618495941,65,1
StandardGSGP,de5b0bfb-ace7-11ef-96dc-8863df8a28b9,istanbul,12,10,0.09160109609365463,0.18949556350708008,9976.0,0.08925710618495941,65,1
StandardGSGP,de5b0bfb-ace7-11ef-96dc-8863df8a28b9,istanbul,12,11,0.09160109609365463,0.07779240608215332,10544.0,0.08925710618495941,65,1
StandardGSGP,de5b0bfb-ace7-11ef-96dc-8863df8a28b9,istanbul,12,12,0.09160109609365463,0.07978510856628418,10796.0,0.08925710618495941,65,1
StandardGSGP,de5b0bfb-ace7-11ef-96dc-8863df8a28b9,istanbul,12,13,0.09160109609365463,0.08178067207336426,11410.0,0.08925710618495941,65,1
StandardGSGP,de5b0bfb-ace7-11ef-96dc-8863df8a28b9,istanbul,12,14,0.09160109609365463,0.07778787612915039,11704.0,0.08925710618495941,65,1
StandardGSGP,de5b0bfb-ace7-11ef-96dc-8863df8a28b9,istanbul,12,15,0.09160109609365463,0.07579588890075684,12196.0,0.08925710618495941,65,1
StandardGSGP,de5b0bfb-ace7-11ef-96dc-8863df8a28b9,istanbul,12,16,0.089614138007164,0.08364748954772949,13044.0,0.09073323756456375,87,1
StandardGSGP,de5b0bfb-ace7-11ef-96dc-8863df8a28b9,istanbul,12,17,0.08872773498296738,0.09650182723999023,13614.0,0.08930876106023788,93,1
StandardGSGP,de5b0bfb-ace7-11ef-96dc-8863df8a28b9,istanbul,12,18,0.08872773498296738,0.08852410316467285,14362.0,0.08930876106023788,93,1
StandardGSGP,de5b0bfb-ace7-11ef-96dc-8863df8a28b9,istanbul,12,19,0.08872773498296738,0.08618474006652832,14718.0,0.08930876106023788,93,1
StandardGSGP,de5b0bfb-ace7-11ef-96dc-8863df8a28b9,istanbul,12,20,0.08792893588542938,0.07878875732421875,13900.0,0.08744888752698898,103,1
StandardGSGP,de5b0bfb-ace7-11ef-96dc-8863df8a28b9,istanbul,12,21,0.08692356944084167,0.07877087593078613,14516.0,0.0850951224565506,119,1
StandardGSGP,de5b0bfb-ace7-11ef-96dc-8863df8a28b9,istanbul,12,22,0.08692356944084167,0.09047436714172363,15460.0,0.0850951224565506,119,1
StandardGSGP,de5b0bfb-ace7-11ef-96dc-8863df8a28b9,istanbul,12,23,0.08692356944084167,0.08334708213806152,15056.0,0.0850951224565506,119,1
StandardGSGP,de5b0bfb-ace7-11ef-96dc-8863df8a28b9,istanbul,12,24,0.08692356944084167,0.08557009696960449,15436.0,0.0850951224565506,119,1
StandardGSGP,de5b0bfb-ace7-11ef-96dc-8863df8a28b9,istanbul,12,25,0.08692356944084167,0.08209586143493652,16120.0,0.0850951224565506,119,1
StandardGSGP,de5b0bfb-ace7-11ef-96dc-8863df8a28b9,istanbul,12,26,0.08692356944084167,0.07872986793518066,17008.0,0.0850951224565506,119,1
StandardGSGP,de5b0bfb-ace7-11ef-96dc-8863df8a28b9,istanbul,12,27,0.08431779593229294,0.07880330085754395,17612.0,0.08931225538253784,163,1
StandardGSGP,de5b0bfb-ace7-11ef-96dc-8863df8a28b9,istanbul,12,28,0.08431779593229294,0.09440469741821289,18504.0,0.08931225538253784,163,1
StandardGSGP,de5b0bfb-ace7-11ef-96dc-8863df8a28b9,istanbul,12,29,0.08431779593229294,0.08471918106079102,18950.0,0.08931225538253784,163,1
StandardGSGP,de5b0bfb-ace7-11ef-96dc-8863df8a28b9,istanbul,12,30,0.08288977295160294,0.07878494262695312,19902.0,0.08027496933937073,191,1
StandardGSGP,de5b0bfb-ace7-11ef-96dc-8863df8a28b9,istanbul,12,31,0.08288977295160294,0.08407950401306152,21164.0,0.08027496933937073,191,1
StandardGSGP,de5b0bfb-ace7-11ef-96dc-8863df8a28b9,istanbul,12,32,0.08288977295160294,0.07925200462341309,22304.0,0.08027496933937073,191,1
StandardGSGP,de5b0bfb-ace7-11ef-96dc-8863df8a28b9,istanbul,12,33,0.08288977295160294,0.09143948554992676,22734.0,0.08027496933937073,191,1
StandardGSGP,de5b0bfb-ace7-11ef-96dc-8863df8a28b9,istanbul,12,34,0.08288977295160294,0.0847320556640625,22834.0,0.08027496933937073,191,1
StandardGSGP,de5b0bfb-ace7-11ef-96dc-8863df8a28b9,istanbul,12,35,0.08288977295160294,0.08483767509460449,23480.0,0.08027496933937073,191,1
StandardGSGP,de5b0bfb-ace7-11ef-96dc-8863df8a28b9,istanbul,12,36,0.08288977295160294,0.09096956253051758,24454.0,0.08027496933937073,191,1
StandardGSGP,de5b0bfb-ace7-11ef-96dc-8863df8a28b9,istanbul,12,37,0.08288977295160294,0.09163641929626465,25054.0,0.08027496933937073,191,1
StandardGSGP,de5b0bfb-ace7-11ef-96dc-8863df8a28b9,istanbul,12,38,0.08288977295160294,0.08382534980773926,25952.0,0.08027496933937073,191,1
StandardGSGP,de5b0bfb-ace7-11ef-96dc-8863df8a28b9,istanbul,12,39,0.08288977295160294,0.0898740291595459,26914.0,0.08027496933937073,191,1
StandardGSGP,de5b0bfb-ace7-11ef-96dc-8863df8a28b9,istanbul,12,40,0.08288977295160294,0.08477067947387695,27068.0,0.08027496933937073,191,1
StandardGSGP,de5b0bfb-ace7-11ef-96dc-8863df8a28b9,istanbul,12,41,0.08288977295160294,0.08177971839904785,27208.0,0.08027496933937073,191,1
StandardGSGP,de5b0bfb-ace7-11ef-96dc-8863df8a28b9,istanbul,12,42,0.08288977295160294,0.07679271697998047,27166.0,0.08027496933937073,191,1
StandardGSGP,de5b0bfb-ace7-11ef-96dc-8863df8a28b9,istanbul,12,43,0.08288977295160294,0.08177804946899414,28484.0,0.08027496933937073,191,1
StandardGSGP,de5b0bfb-ace7-11ef-96dc-8863df8a28b9,istanbul,12,44,0.08288977295160294,0.07679200172424316,29600.0,0.08027496933937073,191,1
StandardGSGP,de5b0bfb-ace7-11ef-96dc-8863df8a28b9,istanbul,12,45,0.08288977295160294,0.0807809829711914,29728.0,0.08027496933937073,191,1
StandardGSGP,de5b0bfb-ace7-11ef-96dc-8863df8a28b9,istanbul,12,46,0.08288977295160294,0.08078455924987793,29574.0,0.08027496933937073,191,1
StandardGSGP,de5b0bfb-ace7-11ef-96dc-8863df8a28b9,istanbul,12,47,0.08288977295160294,0.08776736259460449,31080.0,0.08027496933937073,191,1
StandardGSGP,de5b0bfb-ace7-11ef-96dc-8863df8a28b9,istanbul,12,48,0.08288977295160294,0.08776497840881348,30714.0,0.08027496933937073,191,1
StandardGSGP,de5b0bfb-ace7-11ef-96dc-8863df8a28b9,istanbul,12,49,0.08288977295160294,0.0857691764831543,30060.0,0.08027496933937073,191,1
StandardGSGP,de5b0bfb-ace7-11ef-96dc-8863df8a28b9,istanbul,12,50,0.08288977295160294,0.09175491333007812,29778.0,0.08027496933937073,191,1
StandardGSGP,de5b0bfb-ace7-11ef-96dc-8863df8a28b9,istanbul,12,51,0.08288977295160294,0.08876180648803711,30786.0,0.08027496933937073,191,1
StandardGSGP,de5b0bfb-ace7-11ef-96dc-8863df8a28b9,istanbul,12,52,0.08288977295160294,0.08177900314331055,30498.0,0.08027496933937073,191,1
StandardGSGP,de5b0bfb-ace7-11ef-96dc-8863df8a28b9,istanbul,12,53,0.08288977295160294,0.09374690055847168,30470.0,0.08027496933937073,191,1
StandardGSGP,de5b0bfb-ace7-11ef-96dc-8863df8a28b9,istanbul,12,54,0.08288977295160294,0.08277463912963867,28746.0,0.08027496933937073,191,1
StandardGSGP,de5b0bfb-ace7-11ef-96dc-8863df8a28b9,istanbul,12,55,0.08288977295160294,0.07878923416137695,28770.0,0.08027496933937073,191,1
StandardGSGP,de5b0bfb-ace7-11ef-96dc-8863df8a28b9,istanbul,12,56,0.08288977295160294,0.08377742767333984,28960.0,0.08027496933937073,191,1
StandardGSGP,de5b0bfb-ace7-11ef-96dc-8863df8a28b9,istanbul,12,57,0.08263741433620453,0.08676671981811523,28374.0,0.0807359367609024,201,1
StandardGSGP,de5b0bfb-ace7-11ef-96dc-8863df8a28b9,istanbul,12,58,0.08263741433620453,0.07579660415649414,28140.0,0.0807359367609024,201,1
StandardGSGP,de5b0bfb-ace7-11ef-96dc-8863df8a28b9,istanbul,12,59,0.08263741433620453,0.07978415489196777,27946.0,0.0807359367609024,201,1
StandardGSGP,de5b0bfb-ace7-11ef-96dc-8863df8a28b9,istanbul,12,60,0.08263741433620453,0.07679510116577148,27770.0,0.0807359367609024,201,1
StandardGSGP,de5b0bfb-ace7-11ef-96dc-8863df8a28b9,istanbul,12,61,0.08263741433620453,0.08976101875305176,28424.0,0.0807359367609024,201,1
StandardGSGP,de5b0bfb-ace7-11ef-96dc-8863df8a28b9,istanbul,12,62,0.08102107793092728,0.08078622817993164,28704.0,0.08646614104509354,331,1
StandardGSGP,de5b0bfb-ace7-11ef-96dc-8863df8a28b9,istanbul,12,63,0.08102107793092728,0.07878780364990234,29680.0,0.08646614104509354,331,1
StandardGSGP,de5b0bfb-ace7-11ef-96dc-8863df8a28b9,istanbul,12,64,0.08102107793092728,0.08677053451538086,29730.0,0.08646614104509354,331,1
StandardGSGP,de5b0bfb-ace7-11ef-96dc-8863df8a28b9,istanbul,12,65,0.08102107793092728,0.0827786922454834,30716.0,0.08646614104509354,331,1
StandardGSGP,de5b0bfb-ace7-11ef-96dc-8863df8a28b9,istanbul,12,66,0.08102107793092728,0.08776473999023438,31554.0,0.08646614104509354,331,1
StandardGSGP,de5b0bfb-ace7-11ef-96dc-8863df8a28b9,istanbul,12,67,0.08102107793092728,0.08377647399902344,32124.0,0.08646614104509354,331,1
StandardGSGP,de5b0bfb-ace7-11ef-96dc-8863df8a28b9,istanbul,12,68,0.08085163682699203,0.0827784538269043,33200.0,0.08659712225198746,341,1
StandardGSGP,de5b0bfb-ace7-11ef-96dc-8863df8a28b9,istanbul,12,69,0.08003176003694534,0.07978701591491699,34334.0,0.08582797646522522,337,1
StandardGSGP,de5b0bfb-ace7-11ef-96dc-8863df8a28b9,istanbul,12,70,0.07933379709720612,0.08477640151977539,34948.0,0.08496644347906113,357,1
StandardGSGP,de5b0bfb-ace7-11ef-96dc-8863df8a28b9,istanbul,12,71,0.07933379709720612,0.08178067207336426,36628.0,0.08496644347906113,357,1
StandardGSGP,de5b0bfb-ace7-11ef-96dc-8863df8a28b9,istanbul,12,72,0.07933379709720612,0.08477067947387695,37896.0,0.08496644347906113,357,1
StandardGSGP,de5b0bfb-ace7-11ef-96dc-8863df8a28b9,istanbul,12,73,0.07933379709720612,0.08078384399414062,38706.0,0.08496644347906113,357,1
StandardGSGP,de5b0bfb-ace7-11ef-96dc-8863df8a28b9,istanbul,12,74,0.07933379709720612,0.08277606964111328,39418.0,0.08496644347906113,357,1
StandardGSGP,de5b0bfb-ace7-11ef-96dc-8863df8a28b9,istanbul,12,75,0.07928477227687836,0.08776640892028809,39698.0,0.08198336511850357,383,1
StandardGSGP,de5b0bfb-ace7-11ef-96dc-8863df8a28b9,istanbul,12,76,0.07928477227687836,0.0767977237701416,39742.0,0.08198336511850357,383,1
StandardGSGP,de5b0bfb-ace7-11ef-96dc-8863df8a28b9,istanbul,12,77,0.07928477227687836,0.08776354789733887,40968.0,0.08198336511850357,383,1
StandardGSGP,de5b0bfb-ace7-11ef-96dc-8863df8a28b9,istanbul,12,78,0.07928477227687836,0.08078193664550781,41512.0,0.08198336511850357,383,1
StandardGSGP,de5b0bfb-ace7-11ef-96dc-8863df8a28b9,istanbul,12,79,0.07928477227687836,0.08178281784057617,41842.0,0.08198336511850357,383,1
StandardGSGP,de5b0bfb-ace7-11ef-96dc-8863df8a28b9,istanbul,12,80,0.07928477227687836,0.08677029609680176,42906.0,0.08198336511850357,383,1
StandardGSGP,de5b0bfb-ace7-11ef-96dc-8863df8a28b9,istanbul,12,81,0.07928477227687836,0.08078145980834961,43534.0,0.08198336511850357,383,1
StandardGSGP,de5b0bfb-ace7-11ef-96dc-8863df8a28b9,istanbul,12,82,0.07917236536741257,0.08776664733886719,43482.0,0.08579076081514359,395,1
StandardGSGP,de5b0bfb-ace7-11ef-96dc-8863df8a28b9,istanbul,12,83,0.07917236536741257,0.08278203010559082,43874.0,0.08579076081514359,395,1
StandardGSGP,de5b0bfb-ace7-11ef-96dc-8863df8a28b9,istanbul,12,84,0.07917236536741257,0.08776736259460449,44052.0,0.08579076081514359,395,1
StandardGSGP,de5b0bfb-ace7-11ef-96dc-8863df8a28b9,istanbul,12,85,0.07917236536741257,0.08285045623779297,44234.0,0.08579076081514359,395,1
StandardGSGP,de5b0bfb-ace7-11ef-96dc-8863df8a28b9,istanbul,12,86,0.07901037484407425,0.09166479110717773,45128.0,0.08465605974197388,427,1
StandardGSGP,de5b0bfb-ace7-11ef-96dc-8863df8a28b9,istanbul,12,87,0.07901037484407425,0.08009791374206543,45944.0,0.08465605974197388,427,1
StandardGSGP,de5b0bfb-ace7-11ef-96dc-8863df8a28b9,istanbul,12,88,0.07829820364713669,0.07984495162963867,46704.0,0.08286026120185852,445,1
StandardGSGP,de5b0bfb-ace7-11ef-96dc-8863df8a28b9,istanbul,12,89,0.07829820364713669,0.08056211471557617,47830.0,0.08286026120185852,445,1
StandardGSGP,de5b0bfb-ace7-11ef-96dc-8863df8a28b9,istanbul,12,90,0.07829820364713669,0.08056831359863281,49580.0,0.08286026120185852,445,1
StandardGSGP,de5b0bfb-ace7-11ef-96dc-8863df8a28b9,istanbul,12,91,0.07829820364713669,0.0805826187133789,50022.0,0.08286026120185852,445,1
StandardGSGP,de5b0bfb-ace7-11ef-96dc-8863df8a28b9,istanbul,12,92,0.07829820364713669,0.08541464805603027,50626.0,0.08286026120185852,445,1
StandardGSGP,de5b0bfb-ace7-11ef-96dc-8863df8a28b9,istanbul,12,93,0.07829820364713669,0.08754634857177734,51206.0,0.08286026120185852,445,1
StandardGSGP,de5b0bfb-ace7-11ef-96dc-8863df8a28b9,istanbul,12,94,0.07829820364713669,0.07982516288757324,51716.0,0.08286026120185852,445,1
StandardGSGP,de5b0bfb-ace7-11ef-96dc-8863df8a28b9,istanbul,12,95,0.07829820364713669,0.07826757431030273,52354.0,0.08286026120185852,445,1
StandardGSGP,de5b0bfb-ace7-11ef-96dc-8863df8a28b9,istanbul,12,96,0.07829820364713669,0.07423257827758789,51994.0,0.08286026120185852,445,1
StandardGSGP,de5b0bfb-ace7-11ef-96dc-8863df8a28b9,istanbul,12,97,0.07829820364713669,0.07267332077026367,51858.0,0.08286026120185852,445,1
StandardGSGP,de5b0bfb-ace7-11ef-96dc-8863df8a28b9,istanbul,12,98,0.07829820364713669,0.09053397178649902,52132.0,0.08286026120185852,445,1
StandardGSGP,de5b0bfb-ace7-11ef-96dc-8863df8a28b9,istanbul,12,99,0.07829820364713669,0.09080982208251953,52456.0,0.08286026120185852,445,1
StandardGSGP,de5b0bfb-ace7-11ef-96dc-8863df8a28b9,istanbul,12,100,0.07829820364713669,0.08664727210998535,52260.0,0.08286026120185852,445,1
StandardGSGP,81c68e11-ace8-11ef-808f-8863df8a28b9,istanbul,12,0,0.01613762602210045,0.08377575874328613,1418.0,0.01505553349852562,5,1
StandardGSGP,81c68e11-ace8-11ef-808f-8863df8a28b9,istanbul,12,1,0.01546820905059576,0.07978343963623047,2196.0,0.014551222324371338,97,1
StandardGSGP,81c68e11-ace8-11ef-808f-8863df8a28b9,istanbul,12,2,0.01546820905059576,0.0827798843383789,3932.0,0.014551222324371338,97,1
StandardGSGP,81c68e11-ace8-11ef-808f-8863df8a28b9,istanbul,12,3,0.015209994278848171,0.07683777809143066,5988.0,0.015237368643283844,87,1
StandardGSGP,81c68e11-ace8-11ef-808f-8863df8a28b9,istanbul,12,4,0.015209994278848171,0.08231067657470703,8320.0,0.015237368643283844,87,1
StandardGSGP,81c68e11-ace8-11ef-808f-8863df8a28b9,istanbul,12,5,0.015131503343582153,0.07787919044494629,10866.0,0.015023133717477322,97,1
StandardGSGP,81c68e11-ace8-11ef-808f-8863df8a28b9,istanbul,12,6,0.015131503343582153,0.07791423797607422,13338.0,0.015023133717477322,97,1
StandardGSGP,81c68e11-ace8-11ef-808f-8863df8a28b9,istanbul,12,7,0.015069437213242054,0.07864975929260254,18054.0,0.015067044645547867,193,1
StandardGSGP,81c68e11-ace8-11ef-808f-8863df8a28b9,istanbul,12,8,0.015069437213242054,0.08134889602661133,21876.0,0.015067044645547867,193,1
StandardGSGP,81c68e11-ace8-11ef-808f-8863df8a28b9,istanbul,12,9,0.015069437213242054,0.07924699783325195,27106.0,0.015067044645547867,193,1
StandardGSGP,81c68e11-ace8-11ef-808f-8863df8a28b9,istanbul,12,10,0.015069437213242054,0.07268261909484863,34280.0,0.015067044645547867,193,1
StandardGSGP,81c68e11-ace8-11ef-808f-8863df8a28b9,istanbul,12,11,0.015069437213242054,0.07645463943481445,35016.0,0.015067044645547867,193,1
StandardGSGP,81c68e11-ace8-11ef-808f-8863df8a28b9,istanbul,12,12,0.01500976737588644,0.07584643363952637,38042.0,0.01528844516724348,333,1
StandardGSGP,81c68e11-ace8-11ef-808f-8863df8a28b9,istanbul,12,13,0.014981376938521862,0.06890153884887695,35954.0,0.015036306343972683,207,1
StandardGSGP,81c68e11-ace8-11ef-808f-8863df8a28b9,istanbul,12,14,0.014981376938521862,0.07802510261535645,39262.0,0.015036306343972683,207,1
StandardGSGP,81c68e11-ace8-11ef-808f-8863df8a28b9,istanbul,12,15,0.014862137846648693,0.0848398208618164,36156.0,0.014529320411384106,415,1
StandardGSGP,81c68e11-ace8-11ef-808f-8863df8a28b9,istanbul,12,16,0.014862137846648693,0.07956171035766602,36604.0,0.014529320411384106,415,1
StandardGSGP,81c68e11-ace8-11ef-808f-8863df8a28b9,istanbul,12,17,0.014862137846648693,0.07778382301330566,42656.0,0.014529320411384106,415,1
StandardGSGP,81c68e11-ace8-11ef-808f-8863df8a28b9,istanbul,12,18,0.014862137846648693,0.07580041885375977,53626.0,0.014529320411384106,415,1
StandardGSGP,81c68e11-ace8-11ef-808f-8863df8a28b9,istanbul,12,19,0.014862137846648693,0.0769801139831543,81268.0,0.014529320411384106,415,1
StandardGSGP,81c68e11-ace8-11ef-808f-8863df8a28b9,istanbul,12,20,0.014792896807193756,0.0849142074584961,111828.0,0.014349518343806267,423,1
StandardGSGP,81c68e11-ace8-11ef-808f-8863df8a28b9,istanbul,12,21,0.014792896807193756,0.07491731643676758,124008.0,0.014349518343806267,423,1
StandardGSGP,81c68e11-ace8-11ef-808f-8863df8a28b9,istanbul,12,22,0.014792896807193756,0.07481670379638672,160860.0,0.014349518343806267,423,1
StandardGSGP,81c68e11-ace8-11ef-808f-8863df8a28b9,istanbul,12,23,0.01479261089116335,0.08173584938049316,186462.0,0.014205166138708591,2161,1
StandardGSGP,81c68e11-ace8-11ef-808f-8863df8a28b9,istanbul,12,24,0.014760343357920647,0.08485674858093262,201616.0,0.014278274029493332,435,1
StandardGSGP,81c68e11-ace8-11ef-808f-8863df8a28b9,istanbul,12,25,0.014740381389856339,0.18787074089050293,203940.0,0.014145567081868649,443,1
StandardGSGP,81c68e11-ace8-11ef-808f-8863df8a28b9,istanbul,12,26,0.01457180269062519,0.07677006721496582,234520.0,0.014209379442036152,449,1
StandardGSGP,81c68e11-ace8-11ef-808f-8863df8a28b9,istanbul,12,27,0.01457180269062519,0.07873821258544922,305026.0,0.014209379442036152,449,1
StandardGSGP,81c68e11-ace8-11ef-808f-8863df8a28b9,istanbul,12,28,0.01457180269062519,0.07878232002258301,311458.0,0.014209379442036152,449,1
StandardGSGP,81c68e11-ace8-11ef-808f-8863df8a28b9,istanbul,12,29,0.01457180269062519,0.08466482162475586,317348.0,0.014209379442036152,449,1
StandardGSGP,81c68e11-ace8-11ef-808f-8863df8a28b9,istanbul,12,30,0.01452789455652237,0.07098507881164551,293646.0,0.013787969015538692,505,1
StandardGSGP,81c68e11-ace8-11ef-808f-8863df8a28b9,istanbul,12,31,0.014525127597153187,0.07869696617126465,353126.0,0.013792500831186771,517,1
StandardGSGP,81c68e11-ace8-11ef-808f-8863df8a28b9,istanbul,12,32,0.014522792771458626,0.07210755348205566,346306.0,0.013886688277125359,959,1
StandardGSGP,81c68e11-ace8-11ef-808f-8863df8a28b9,istanbul,12,33,0.014507722109556198,0.08538937568664551,351246.0,0.013954936526715755,967,1
StandardGSGP,81c68e11-ace8-11ef-808f-8863df8a28b9,istanbul,12,34,0.014507722109556198,0.08860588073730469,357736.0,0.013954936526715755,967,1
StandardGSGP,81c68e11-ace8-11ef-808f-8863df8a28b9,istanbul,12,35,0.014481591060757637,0.07314658164978027,302024.0,0.01441914588212967,1605,1
StandardGSGP,81c68e11-ace8-11ef-808f-8863df8a28b9,istanbul,12,36,0.01423694472759962,0.07880902290344238,320332.0,0.01363755576312542,993,1
StandardGSGP,81c68e11-ace8-11ef-808f-8863df8a28b9,istanbul,12,37,0.014202111400663853,0.07871103286743164,292326.0,0.014128917828202248,2597,1
StandardGSGP,81c68e11-ace8-11ef-808f-8863df8a28b9,istanbul,12,38,0.014139384031295776,0.07227206230163574,290528.0,0.013909694738686085,1001,1
StandardGSGP,81c68e11-ace8-11ef-808f-8863df8a28b9,istanbul,12,39,0.014139384031295776,0.07114934921264648,417686.0,0.013909694738686085,1001,1
StandardGSGP,81c68e11-ace8-11ef-808f-8863df8a28b9,istanbul,12,40,0.014137637801468372,0.076171875,370396.0,0.013866204768419266,1007,1
StandardGSGP,81c68e11-ace8-11ef-808f-8863df8a28b9,istanbul,12,41,0.014137637801468372,0.07885050773620605,380274.0,0.013866204768419266,1007,1
StandardGSGP,81c68e11-ace8-11ef-808f-8863df8a28b9,istanbul,12,42,0.014130691066384315,0.16309833526611328,458346.0,0.013636047020554543,2049,1
StandardGSGP,81c68e11-ace8-11ef-808f-8863df8a28b9,istanbul,12,43,0.014130691066384315,0.07566618919372559,559414.0,0.013636047020554543,2049,1
StandardGSGP,81c68e11-ace8-11ef-808f-8863df8a28b9,istanbul,12,44,0.014130691066384315,0.07018852233886719,593910.0,0.013636047020554543,2049,1
StandardGSGP,81c68e11-ace8-11ef-808f-8863df8a28b9,istanbul,12,45,0.014130691066384315,0.07873845100402832,523530.0,0.013636047020554543,2049,1
StandardGSGP,81c68e11-ace8-11ef-808f-8863df8a28b9,istanbul,12,46,0.014108576811850071,0.08433389663696289,536250.0,0.013656164519488811,2065,1
StandardGSGP,81c68e11-ace8-11ef-808f-8863df8a28b9,istanbul,12,47,0.014108576811850071,0.08037710189819336,570128.0,0.013656164519488811,2065,1
StandardGSGP,81c68e11-ace8-11ef-808f-8863df8a28b9,istanbul,12,48,0.014108576811850071,0.0801856517791748,539642.0,0.013656164519488811,2065,1
StandardGSGP,81c68e11-ace8-11ef-808f-8863df8a28b9,istanbul,12,49,0.014108576811850071,0.07630538940429688,486616.0,0.013656164519488811,2065,1
StandardGSGP,81c68e11-ace8-11ef-808f-8863df8a28b9,istanbul,12,50,0.014108576811850071,0.0813596248626709,512936.0,0.013656164519488811,2065,1
StandardGSGP,81c68e11-ace8-11ef-808f-8863df8a28b9,istanbul,12,51,0.01410761009901762,0.07679486274719238,590214.0,0.013660254888236523,2081,1
StandardGSGP,81c68e11-ace8-11ef-808f-8863df8a28b9,istanbul,12,52,0.01410761009901762,0.07779216766357422,581470.0,0.013660254888236523,2081,1
StandardGSGP,81c68e11-ace8-11ef-808f-8863df8a28b9,istanbul,12,53,0.01410761009901762,0.07380318641662598,622088.0,0.013660254888236523,2081,1
StandardGSGP,81c68e11-ace8-11ef-808f-8863df8a28b9,istanbul,12,54,0.01410761009901762,0.08177995681762695,640172.0,0.013660254888236523,2081,1
StandardGSGP,81c68e11-ace8-11ef-808f-8863df8a28b9,istanbul,12,55,0.014028633013367653,0.07379984855651855,846980.0,0.014118178747594357,9823,1
StandardGSGP,81c68e11-ace8-11ef-808f-8863df8a28b9,istanbul,12,56,0.014028484001755714,0.07579755783081055,994320.0,0.014116884209215641,9833,1
StandardGSGP,81c68e11-ace8-11ef-808f-8863df8a28b9,istanbul,12,57,0.014028484001755714,0.07779240608215332,1099312.0,0.014116884209215641,9833,1
StandardGSGP,81c68e11-ace8-11ef-808f-8863df8a28b9,istanbul,12,58,0.014028484001755714,0.0827798843383789,1243428.0,0.014116884209215641,9833,1
StandardGSGP,81c68e11-ace8-11ef-808f-8863df8a28b9,istanbul,12,59,0.014028484001755714,0.07679605484008789,1400700.0,0.014116884209215641,9833,1
StandardGSGP,81c68e11-ace8-11ef-808f-8863df8a28b9,istanbul,12,60,0.014018322341144085,0.07679462432861328,1820570.0,0.01403156016021967,22157,1
StandardGSGP,81c68e11-ace8-11ef-808f-8863df8a28b9,istanbul,12,61,0.014018322341144085,0.07679533958435059,2196074.0,0.01403156016021967,22157,1
StandardGSGP,81c68e11-ace8-11ef-808f-8863df8a28b9,istanbul,12,62,0.014018322341144085,0.07779216766357422,3168642.0,0.01403156016021967,22157,1
StandardGSGP,81c68e11-ace8-11ef-808f-8863df8a28b9,istanbul,12,63,0.014017543755471706,0.07280564308166504,4714274.0,0.014026527293026447,22163,1
StandardGSGP,81c68e11-ace8-11ef-808f-8863df8a28b9,istanbul,12,64,0.014017543755471706,0.07779288291931152,5224208.0,0.014026527293026447,22163,1
StandardGSGP,81c68e11-ace8-11ef-808f-8863df8a28b9,istanbul,12,65,0.013968262821435928,0.06881546974182129,6524582.0,0.014624311588704586,48241,1
StandardGSGP,81c68e11-ace8-11ef-808f-8863df8a28b9,istanbul,12,66,0.013968262821435928,0.07679486274719238,9025948.0,0.014624311588704586,48241,1
StandardGSGP,81c68e11-ace8-11ef-808f-8863df8a28b9,istanbul,12,67,0.013968262821435928,0.07879090309143066,12030686.0,0.014624311588704586,48241,1
StandardGSGP,81c68e11-ace8-11ef-808f-8863df8a28b9,istanbul,12,68,0.013968262821435928,0.0718088150024414,15913138.0,0.014624311588704586,48241,1
StandardGSGP,81c68e11-ace8-11ef-808f-8863df8a28b9,istanbul,12,69,0.013968262821435928,0.07380247116088867,15571474.0,0.014624311588704586,48241,1
StandardGSGP,81c68e11-ace8-11ef-808f-8863df8a28b9,istanbul,12,70,0.013968262821435928,0.07480072975158691,19703486.0,0.014624311588704586,48241,1
StandardGSGP,81c68e11-ace8-11ef-808f-8863df8a28b9,istanbul,12,71,0.013968262821435928,0.07579970359802246,25711434.0,0.014624311588704586,48241,1
StandardGSGP,81c68e11-ace8-11ef-808f-8863df8a28b9,istanbul,12,72,0.013968262821435928,0.07679390907287598,34833240.0,0.014624311588704586,48241,1
StandardGSGP,81c68e11-ace8-11ef-808f-8863df8a28b9,istanbul,12,73,0.013968262821435928,0.0807805061340332,37552644.0,0.014624311588704586,48241,1
StandardGSGP,81c68e11-ace8-11ef-808f-8863df8a28b9,istanbul,12,74,0.013968262821435928,0.08078551292419434,47174136.0,0.014624311588704586,48241,1
StandardGSGP,81c68e11-ace8-11ef-808f-8863df8a28b9,istanbul,12,75,0.01394074596464634,0.08477377891540527,59940240.0,0.014649217948317528,48257,1
StandardGSGP,81c68e11-ace8-11ef-808f-8863df8a28b9,istanbul,12,76,0.013908809050917625,0.07509708404541016,63107384.0,0.014642858877778053,48267,1
StandardGSGP,81c68e11-ace8-11ef-808f-8863df8a28b9,istanbul,12,77,0.0139075992628932,0.0726015567779541,65342060.0,0.014637530781328678,48275,1
StandardGSGP,81c68e11-ace8-11ef-808f-8863df8a28b9,istanbul,12,78,0.013891136273741722,0.07314348220825195,74769778.0,0.014677484519779682,48279,1
StandardGSGP,81c68e11-ace8-11ef-808f-8863df8a28b9,istanbul,12,79,0.013891136273741722,0.08354401588439941,101777334.0,0.014677484519779682,48279,1
StandardGSGP,81c68e11-ace8-11ef-808f-8863df8a28b9,istanbul,12,80,0.013891136273741722,0.0755608081817627,112042078.0,0.014677484519779682,48279,1
StandardGSGP,81c68e11-ace8-11ef-808f-8863df8a28b9,istanbul,12,81,0.013891136273741722,0.0764455795288086,127494962.0,0.014677484519779682,48279,1
StandardGSGP,81c68e11-ace8-11ef-808f-8863df8a28b9,istanbul,12,82,0.013891136273741722,0.0787656307220459,126255430.0,0.014677484519779682,48279,1
StandardGSGP,81c68e11-ace8-11ef-808f-8863df8a28b9,istanbul,12,83,0.01386834867298603,0.08057260513305664,152783274.0,0.014985787682235241,4019159,1
StandardGSGP,81c68e11-ace8-11ef-808f-8863df8a28b9,istanbul,12,84,0.013838810846209526,0.07985186576843262,174459876.0,0.01495571993291378,4019165,1
StandardGSGP,81c68e11-ace8-11ef-808f-8863df8a28b9,istanbul,12,85,0.013838810846209526,0.07390713691711426,226575816.0,0.01495571993291378,4019165,1
StandardGSGP,81c68e11-ace8-11ef-808f-8863df8a28b9,istanbul,12,86,0.013838810846209526,0.08444929122924805,266621016.0,0.01495571993291378,4019165,1
StandardGSGP,81c68e11-ace8-11ef-808f-8863df8a28b9,istanbul,12,87,0.013838651590049267,0.07871246337890625,270142618.0,0.01494242437183857,4019171,1
StandardGSGP,81c68e11-ace8-11ef-808f-8863df8a28b9,istanbul,12,88,0.013838651590049267,0.08253908157348633,288117144.0,0.01494242437183857,4019171,1
StandardGSGP,81c68e11-ace8-11ef-808f-8863df8a28b9,istanbul,12,89,0.013838651590049267,0.07951068878173828,345945122.0,0.01494242437183857,4019171,1
StandardGSGP,81c68e11-ace8-11ef-808f-8863df8a28b9,istanbul,12,90,0.013838651590049267,0.06988239288330078,430896838.0,0.01494242437183857,4019171,1
StandardGSGP,81c68e11-ace8-11ef-808f-8863df8a28b9,istanbul,12,91,0.013836439698934555,0.07884049415588379,507469030.0,0.014952287077903748,4019177,1
StandardGSGP,81c68e11-ace8-11ef-808f-8863df8a28b9,istanbul,12,92,0.013823308050632477,0.07829546928405762,659376668.0,0.014920758083462715,6170925,1
StandardGSGP,81c68e11-ace8-11ef-808f-8863df8a28b9,istanbul,12,93,0.013823308050632477,0.08666658401489258,902356954.0,0.014920758083462715,6170925,1
StandardGSGP,81c68e11-ace8-11ef-808f-8863df8a28b9,istanbul,12,94,0.013823308050632477,0.0871438980102539,1054870998.0,0.014920758083462715,6170925,1
StandardGSGP,81c68e11-ace8-11ef-808f-8863df8a28b9,istanbul,12,95,0.013823308050632477,0.0787820816040039,1301864868.0,0.014920758083462715,6170925,1
StandardGSGP,81c68e11-ace8-11ef-808f-8863df8a28b9,istanbul,12,96,0.013801428489387035,0.08556580543518066,1371211840.0,0.014848053455352783,9426435,1
StandardGSGP,81c68e11-ace8-11ef-808f-8863df8a28b9,istanbul,12,97,0.013801428489387035,0.08392572402954102,1265122906.0,0.014848053455352783,9426435,1
StandardGSGP,81c68e11-ace8-11ef-808f-8863df8a28b9,istanbul,12,98,0.013801428489387035,0.0749516487121582,1175939010.0,0.014848053455352783,9426435,1
StandardGSGP,81c68e11-ace8-11ef-808f-8863df8a28b9,istanbul,12,99,0.013801428489387035,0.07690167427062988,1274344886.0,0.014848053455352783,9426435,1
StandardGSGP,81c68e11-ace8-11ef-808f-8863df8a28b9,istanbul,12,100,0.01379223633557558,0.07767796516418457,1227346986.0,0.014783950522542,9426455,1
StandardGSGP,adad9b86-ad23-11ef-be8f-e4a8dfc2a9a8,istanbul,12,0,0.12133371829986572,0.024115800857543945,422.0,0.1169060468673706,5,1
StandardGSGP,adad9b86-ad23-11ef-be8f-e4a8dfc2a9a8,istanbul,12,1,0.10185974836349487,0.06399273872375488,1208.0,0.08888264000415802,15,1
StandardGSGP,adad9b86-ad23-11ef-be8f-e4a8dfc2a9a8,istanbul,12,2,0.09511325508356094,0.06704497337341309,2016.0,0.0816749855875969,19,1
StandardGSGP,adad9b86-ad23-11ef-be8f-e4a8dfc2a9a8,istanbul,12,3,0.09450691193342209,0.07201337814331055,2866.0,0.09340646862983704,29,1
StandardGSGP,adad9b86-ad23-11ef-be8f-e4a8dfc2a9a8,istanbul,12,4,0.09450691193342209,0.05535387992858887,3670.0,0.09340646862983704,29,1
StandardGSGP,adad9b86-ad23-11ef-be8f-e4a8dfc2a9a8,istanbul,12,5,0.09395451843738556,0.06264758110046387,4322.0,0.08341319113969803,31,1
StandardGSGP,adad9b86-ad23-11ef-be8f-e4a8dfc2a9a8,istanbul,12,6,0.08757157623767853,0.05871462821960449,4932.0,0.07564053684473038,37,1
StandardGSGP,adad9b86-ad23-11ef-be8f-e4a8dfc2a9a8,istanbul,12,7,0.08757157623767853,0.05269050598144531,5458.0,0.07564053684473038,37,1
StandardGSGP,adad9b86-ad23-11ef-be8f-e4a8dfc2a9a8,istanbul,12,8,0.08694544434547424,0.057871103286743164,6272.0,0.07573617249727249,43,1
StandardGSGP,adad9b86-ad23-11ef-be8f-e4a8dfc2a9a8,istanbul,12,9,0.08574530482292175,0.05633115768432617,6968.0,0.0725921094417572,45,1
StandardGSGP,adad9b86-ad23-11ef-be8f-e4a8dfc2a9a8,istanbul,12,10,0.08574530482292175,0.0567171573638916,7518.0,0.0725921094417572,45,1
StandardGSGP,adad9b86-ad23-11ef-be8f-e4a8dfc2a9a8,istanbul,12,11,0.08574530482292175,0.05404782295227051,7756.0,0.0725921094417572,45,1
StandardGSGP,adad9b86-ad23-11ef-be8f-e4a8dfc2a9a8,istanbul,12,12,0.0835852175951004,0.054731130599975586,7678.0,0.07447073608636856,67,1
StandardGSGP,adad9b86-ad23-11ef-be8f-e4a8dfc2a9a8,istanbul,12,13,0.08228133618831635,0.0515131950378418,8094.0,0.07330332696437836,75,1
StandardGSGP,adad9b86-ad23-11ef-be8f-e4a8dfc2a9a8,istanbul,12,14,0.08228133618831635,0.05799674987792969,8742.0,0.07330332696437836,75,1
StandardGSGP,adad9b86-ad23-11ef-be8f-e4a8dfc2a9a8,istanbul,12,15,0.08228133618831635,0.12651324272155762,10000.0,0.07330332696437836,75,1
StandardGSGP,adad9b86-ad23-11ef-be8f-e4a8dfc2a9a8,istanbul,12,16,0.08228133618831635,0.05462384223937988,10852.0,0.07330332696437836,75,1
StandardGSGP,adad9b86-ad23-11ef-be8f-e4a8dfc2a9a8,istanbul,12,17,0.08228133618831635,0.05350685119628906,11450.0,0.07330332696437836,75,1
StandardGSGP,adad9b86-ad23-11ef-be8f-e4a8dfc2a9a8,istanbul,12,18,0.08228133618831635,0.05749917030334473,12034.0,0.07330332696437836,75,1
StandardGSGP,adad9b86-ad23-11ef-be8f-e4a8dfc2a9a8,istanbul,12,19,0.08228133618831635,0.05250883102416992,12636.0,0.07330332696437836,75,1
StandardGSGP,adad9b86-ad23-11ef-be8f-e4a8dfc2a9a8,istanbul,12,20,0.08228133618831635,0.052252769470214844,13776.0,0.07330332696437836,75,1
StandardGSGP,adad9b86-ad23-11ef-be8f-e4a8dfc2a9a8,istanbul,12,21,0.08216571062803268,0.07011818885803223,13900.0,0.07354038953781128,85,1
StandardGSGP,adad9b86-ad23-11ef-be8f-e4a8dfc2a9a8,istanbul,12,22,0.08216571062803268,0.06699967384338379,14146.0,0.07354038953781128,85,1
StandardGSGP,adad9b86-ad23-11ef-be8f-e4a8dfc2a9a8,istanbul,12,23,0.08216571062803268,0.06421399116516113,14566.0,0.07354038953781128,85,1
StandardGSGP,adad9b86-ad23-11ef-be8f-e4a8dfc2a9a8,istanbul,12,24,0.08216571062803268,0.056511640548706055,14208.0,0.07354038953781128,85,1
StandardGSGP,adad9b86-ad23-11ef-be8f-e4a8dfc2a9a8,istanbul,12,25,0.08216571062803268,0.052429914474487305,14586.0,0.07354038953781128,85,1
StandardGSGP,adad9b86-ad23-11ef-be8f-e4a8dfc2a9a8,istanbul,12,26,0.08216571062803268,0.06195545196533203,14914.0,0.07354038953781128,85,1
StandardGSGP,adad9b86-ad23-11ef-be8f-e4a8dfc2a9a8,istanbul,12,27,0.08216571062803268,0.05151176452636719,14910.0,0.07354038953781128,85,1
StandardGSGP,adad9b86-ad23-11ef-be8f-e4a8dfc2a9a8,istanbul,12,28,0.08216571062803268,0.05220842361450195,14608.0,0.07354038953781128,85,1
StandardGSGP,adad9b86-ad23-11ef-be8f-e4a8dfc2a9a8,istanbul,12,29,0.08216571062803268,0.054599761962890625,14974.0,0.07354038953781128,85,1
StandardGSGP,adad9b86-ad23-11ef-be8f-e4a8dfc2a9a8,istanbul,12,30,0.08216571062803268,0.05309629440307617,15002.0,0.07354038953781128,85,1
StandardGSGP,adad9b86-ad23-11ef-be8f-e4a8dfc2a9a8,istanbul,12,31,0.08216571062803268,0.05450725555419922,15536.0,0.07354038953781128,85,1
StandardGSGP,adad9b86-ad23-11ef-be8f-e4a8dfc2a9a8,istanbul,12,32,0.08212612569332123,0.05257010459899902,15874.0,0.07348458468914032,93,1
StandardGSGP,adad9b86-ad23-11ef-be8f-e4a8dfc2a9a8,istanbul,12,33,0.08212612569332123,0.05053353309631348,16130.0,0.07348458468914032,93,1
StandardGSGP,adad9b86-ad23-11ef-be8f-e4a8dfc2a9a8,istanbul,12,34,0.08212612569332123,0.050520896911621094,15778.0,0.07348458468914032,93,1
StandardGSGP,adad9b86-ad23-11ef-be8f-e4a8dfc2a9a8,istanbul,12,35,0.08212612569332123,0.052584171295166016,15894.0,0.07348458468914032,93,1
StandardGSGP,adad9b86-ad23-11ef-be8f-e4a8dfc2a9a8,istanbul,12,36,0.08212612569332123,0.05720067024230957,15714.0,0.07348458468914032,93,1
StandardGSGP,adad9b86-ad23-11ef-be8f-e4a8dfc2a9a8,istanbul,12,37,0.08212612569332123,0.05402374267578125,15112.0,0.07348458468914032,93,1
StandardGSGP,adad9b86-ad23-11ef-be8f-e4a8dfc2a9a8,istanbul,12,38,0.08199742436408997,0.052704572677612305,15252.0,0.07223183661699295,131,1
StandardGSGP,adad9b86-ad23-11ef-be8f-e4a8dfc2a9a8,istanbul,12,39,0.08199742436408997,0.05399632453918457,15204.0,0.07223183661699295,131,1
StandardGSGP,adad9b86-ad23-11ef-be8f-e4a8dfc2a9a8,istanbul,12,40,0.08199742436408997,0.058806657791137695,15656.0,0.07223183661699295,131,1
StandardGSGP,adad9b86-ad23-11ef-be8f-e4a8dfc2a9a8,istanbul,12,41,0.08199742436408997,0.05356335639953613,15810.0,0.07223183661699295,131,1
StandardGSGP,adad9b86-ad23-11ef-be8f-e4a8dfc2a9a8,istanbul,12,42,0.08199742436408997,0.052513837814331055,16618.0,0.07223183661699295,131,1
StandardGSGP,adad9b86-ad23-11ef-be8f-e4a8dfc2a9a8,istanbul,12,43,0.08199742436408997,0.05122685432434082,17660.0,0.07223183661699295,131,1
StandardGSGP,adad9b86-ad23-11ef-be8f-e4a8dfc2a9a8,istanbul,12,44,0.08199742436408997,0.0542910099029541,17730.0,0.07223183661699295,131,1
StandardGSGP,adad9b86-ad23-11ef-be8f-e4a8dfc2a9a8,istanbul,12,45,0.08199742436408997,0.05350017547607422,18010.0,0.07223183661699295,131,1
StandardGSGP,adad9b86-ad23-11ef-be8f-e4a8dfc2a9a8,istanbul,12,46,0.08199742436408997,0.05399823188781738,18630.0,0.07223183661699295,131,1
StandardGSGP,adad9b86-ad23-11ef-be8f-e4a8dfc2a9a8,istanbul,12,47,0.08167282491922379,0.05300545692443848,19056.0,0.07262907922267914,177,1
StandardGSGP,adad9b86-ad23-11ef-be8f-e4a8dfc2a9a8,istanbul,12,48,0.08167282491922379,0.053473711013793945,19316.0,0.07262907922267914,177,1
StandardGSGP,adad9b86-ad23-11ef-be8f-e4a8dfc2a9a8,istanbul,12,49,0.08167282491922379,0.05126190185546875,19304.0,0.07262907922267914,177,1
StandardGSGP,adad9b86-ad23-11ef-be8f-e4a8dfc2a9a8,istanbul,12,50,0.08167282491922379,0.054686784744262695,19858.0,0.07262907922267914,177,1
StandardGSGP,adad9b86-ad23-11ef-be8f-e4a8dfc2a9a8,istanbul,12,51,0.08167282491922379,0.058457136154174805,20524.0,0.07262907922267914,177,1
StandardGSGP,adad9b86-ad23-11ef-be8f-e4a8dfc2a9a8,istanbul,12,52,0.08167282491922379,0.05500221252441406,20862.0,0.07262907922267914,177,1
StandardGSGP,adad9b86-ad23-11ef-be8f-e4a8dfc2a9a8,istanbul,12,53,0.08151089400053024,0.054503440856933594,21410.0,0.07223071157932281,207,1
StandardGSGP,adad9b86-ad23-11ef-be8f-e4a8dfc2a9a8,istanbul,12,54,0.08151089400053024,0.056511640548706055,22122.0,0.07223071157932281,207,1
StandardGSGP,adad9b86-ad23-11ef-be8f-e4a8dfc2a9a8,istanbul,12,55,0.08151089400053024,0.054500579833984375,22834.0,0.07223071157932281,207,1
StandardGSGP,adad9b86-ad23-11ef-be8f-e4a8dfc2a9a8,istanbul,12,56,0.08147338777780533,0.05178046226501465,23368.0,0.07236094027757645,219,1
StandardGSGP,adad9b86-ad23-11ef-be8f-e4a8dfc2a9a8,istanbul,12,57,0.08147338777780533,0.05399966239929199,24032.0,0.07236094027757645,219,1
StandardGSGP,adad9b86-ad23-11ef-be8f-e4a8dfc2a9a8,istanbul,12,58,0.08143270760774612,0.052513837814331055,24702.0,0.07216144353151321,225,1
StandardGSGP,adad9b86-ad23-11ef-be8f-e4a8dfc2a9a8,istanbul,12,59,0.08143270760774612,0.0571749210357666,25496.0,0.07216144353151321,225,1
StandardGSGP,adad9b86-ad23-11ef-be8f-e4a8dfc2a9a8,istanbul,12,60,0.08125152438879013,0.05250954627990723,25758.0,0.07215063273906708,251,1
StandardGSGP,adad9b86-ad23-11ef-be8f-e4a8dfc2a9a8,istanbul,12,61,0.0808604285120964,0.054004669189453125,25894.0,0.07226699590682983,257,1
StandardGSGP,adad9b86-ad23-11ef-be8f-e4a8dfc2a9a8,istanbul,12,62,0.0808604285120964,0.0525057315826416,26572.0,0.07226699590682983,257,1
StandardGSGP,adad9b86-ad23-11ef-be8f-e4a8dfc2a9a8,istanbul,12,63,0.0808604285120964,0.05782818794250488,27112.0,0.07226699590682983,257,1
StandardGSGP,adad9b86-ad23-11ef-be8f-e4a8dfc2a9a8,istanbul,12,64,0.08069778233766556,0.05780029296875,27536.0,0.07228075712919235,267,1
StandardGSGP,adad9b86-ad23-11ef-be8f-e4a8dfc2a9a8,istanbul,12,65,0.08069778233766556,0.05624556541442871,28022.0,0.07228075712919235,267,1
StandardGSGP,adad9b86-ad23-11ef-be8f-e4a8dfc2a9a8,istanbul,12,66,0.08069778233766556,0.05300331115722656,28556.0,0.07228075712919235,267,1
StandardGSGP,adad9b86-ad23-11ef-be8f-e4a8dfc2a9a8,istanbul,12,67,0.08069778233766556,0.05550742149353027,29156.0,0.07228075712919235,267,1
StandardGSGP,adad9b86-ad23-11ef-be8f-e4a8dfc2a9a8,istanbul,12,68,0.08069778233766556,0.055391550064086914,29862.0,0.07228075712919235,267,1
StandardGSGP,adad9b86-ad23-11ef-be8f-e4a8dfc2a9a8,istanbul,12,69,0.08069778233766556,0.05804443359375,30614.0,0.07228075712919235,267,1
StandardGSGP,adad9b86-ad23-11ef-be8f-e4a8dfc2a9a8,istanbul,12,70,0.08069778233766556,0.060910701751708984,31384.0,0.07228075712919235,267,1
StandardGSGP,adad9b86-ad23-11ef-be8f-e4a8dfc2a9a8,istanbul,12,71,0.08069778233766556,0.0534210205078125,31794.0,0.07228075712919235,267,1
StandardGSGP,adad9b86-ad23-11ef-be8f-e4a8dfc2a9a8,istanbul,12,72,0.08064741641283035,0.05618882179260254,32022.0,0.07226872444152832,273,1
StandardGSGP,adad9b86-ad23-11ef-be8f-e4a8dfc2a9a8,istanbul,12,73,0.08064741641283035,0.05496048927307129,31806.0,0.07226872444152832,273,1
StandardGSGP,adad9b86-ad23-11ef-be8f-e4a8dfc2a9a8,istanbul,12,74,0.08064741641283035,0.05176997184753418,31744.0,0.07226872444152832,273,1
StandardGSGP,adad9b86-ad23-11ef-be8f-e4a8dfc2a9a8,istanbul,12,75,0.08064741641283035,0.05785846710205078,31822.0,0.07226872444152832,273,1
StandardGSGP,adad9b86-ad23-11ef-be8f-e4a8dfc2a9a8,istanbul,12,76,0.08040729910135269,0.054505348205566406,32518.0,0.07236544042825699,299,1
StandardGSGP,adad9b86-ad23-11ef-be8f-e4a8dfc2a9a8,istanbul,12,77,0.08035729825496674,0.055803775787353516,33274.0,0.07201480120420456,307,1
StandardGSGP,adad9b86-ad23-11ef-be8f-e4a8dfc2a9a8,istanbul,12,78,0.08035729825496674,0.05499577522277832,33910.0,0.07201480120420456,307,1
StandardGSGP,adad9b86-ad23-11ef-be8f-e4a8dfc2a9a8,istanbul,12,79,0.08035729825496674,0.0559539794921875,34496.0,0.07201480120420456,307,1
StandardGSGP,adad9b86-ad23-11ef-be8f-e4a8dfc2a9a8,istanbul,12,80,0.08035729825496674,0.055685997009277344,34690.0,0.07201480120420456,307,1
StandardGSGP,adad9b86-ad23-11ef-be8f-e4a8dfc2a9a8,istanbul,12,81,0.08035729825496674,0.05516457557678223,35182.0,0.07201480120420456,307,1
StandardGSGP,adad9b86-ad23-11ef-be8f-e4a8dfc2a9a8,istanbul,12,82,0.08035729825496674,0.05401110649108887,35036.0,0.07201480120420456,307,1
StandardGSGP,adad9b86-ad23-11ef-be8f-e4a8dfc2a9a8,istanbul,12,83,0.07978709042072296,0.13875412940979004,34650.0,0.07152944058179855,321,1
StandardGSGP,adad9b86-ad23-11ef-be8f-e4a8dfc2a9a8,istanbul,12,84,0.07978709042072296,0.05400729179382324,35006.0,0.07152944058179855,321,1
StandardGSGP,adad9b86-ad23-11ef-be8f-e4a8dfc2a9a8,istanbul,12,85,0.07978709042072296,0.06210660934448242,35520.0,0.07152944058179855,321,1
StandardGSGP,adad9b86-ad23-11ef-be8f-e4a8dfc2a9a8,istanbul,12,86,0.07942742109298706,0.0535120964050293,35724.0,0.07183937728404999,331,1
StandardGSGP,adad9b86-ad23-11ef-be8f-e4a8dfc2a9a8,istanbul,12,87,0.07942742109298706,0.055074453353881836,35944.0,0.07183937728404999,331,1
StandardGSGP,adad9b86-ad23-11ef-be8f-e4a8dfc2a9a8,istanbul,12,88,0.07942742109298706,0.05399632453918457,36638.0,0.07183937728404999,331,1
StandardGSGP,adad9b86-ad23-11ef-be8f-e4a8dfc2a9a8,istanbul,12,89,0.07897768914699554,0.0579988956451416,36722.0,0.07161853462457657,349,1
StandardGSGP,adad9b86-ad23-11ef-be8f-e4a8dfc2a9a8,istanbul,12,90,0.07897768914699554,0.054540395736694336,37032.0,0.07161853462457657,349,1
StandardGSGP,adad9b86-ad23-11ef-be8f-e4a8dfc2a9a8,istanbul,12,91,0.07897768914699554,0.05200076103210449,37310.0,0.07161853462457657,349,1
StandardGSGP,adad9b86-ad23-11ef-be8f-e4a8dfc2a9a8,istanbul,12,92,0.07894300669431686,0.05203104019165039,37338.0,0.07185302674770355,359,1
StandardGSGP,adad9b86-ad23-11ef-be8f-e4a8dfc2a9a8,istanbul,12,93,0.07894300669431686,0.050933837890625,37900.0,0.07185302674770355,359,1
StandardGSGP,adad9b86-ad23-11ef-be8f-e4a8dfc2a9a8,istanbul,12,94,0.07894300669431686,0.05321526527404785,38264.0,0.07185302674770355,359,1
StandardGSGP,adad9b86-ad23-11ef-be8f-e4a8dfc2a9a8,istanbul,12,95,0.07894300669431686,0.051839590072631836,38688.0,0.07185302674770355,359,1
StandardGSGP,adad9b86-ad23-11ef-be8f-e4a8dfc2a9a8,istanbul,12,96,0.07894300669431686,0.0559992790222168,39292.0,0.07185302674770355,359,1
StandardGSGP,adad9b86-ad23-11ef-be8f-e4a8dfc2a9a8,istanbul,12,97,0.07891873270273209,0.05561542510986328,39756.0,0.07144986838102341,365,1
StandardGSGP,adad9b86-ad23-11ef-be8f-e4a8dfc2a9a8,istanbul,12,98,0.07891873270273209,0.060999393463134766,39782.0,0.07144986838102341,365,1
StandardGSGP,adad9b86-ad23-11ef-be8f-e4a8dfc2a9a8,istanbul,12,99,0.07891873270273209,0.056509971618652344,40210.0,0.07144986838102341,365,1
StandardGSGP,adad9b86-ad23-11ef-be8f-e4a8dfc2a9a8,istanbul,12,100,0.07891873270273209,0.05100202560424805,40650.0,0.07144986838102341,365,1
StandardGSGP,18b72d91-ad24-11ef-82c0-e4a8dfc2a9a8,istanbul,12,0,0.01632385328412056,0.03052806854248047,594.0,0.015653716400265694,5,1
StandardGSGP,18b72d91-ad24-11ef-82c0-e4a8dfc2a9a8,istanbul,12,1,0.01632385328412056,0.05550980567932129,1504.0,0.015653716400265694,5,1
StandardGSGP,18b72d91-ad24-11ef-82c0-e4a8dfc2a9a8,istanbul,12,2,0.01632385328412056,0.055550575256347656,2420.0,0.015653716400265694,5,1
StandardGSGP,18b72d91-ad24-11ef-82c0-e4a8dfc2a9a8,istanbul,12,3,0.01632385328412056,0.053209781646728516,2984.0,0.015653716400265694,5,1
StandardGSGP,18b72d91-ad24-11ef-82c0-e4a8dfc2a9a8,istanbul,12,4,0.016127295792102814,0.05555367469787598,3762.0,0.01507377065718174,19,1
StandardGSGP,18b72d91-ad24-11ef-82c0-e4a8dfc2a9a8,istanbul,12,5,0.016127295792102814,0.05500006675720215,4460.0,0.01507377065718174,19,1
StandardGSGP,18b72d91-ad24-11ef-82c0-e4a8dfc2a9a8,istanbul,12,6,0.016127295792102814,0.05251312255859375,5264.0,0.01507377065718174,19,1
StandardGSGP,18b72d91-ad24-11ef-82c0-e4a8dfc2a9a8,istanbul,12,7,0.016127295792102814,0.06245017051696777,5874.0,0.01507377065718174,19,1
StandardGSGP,18b72d91-ad24-11ef-82c0-e4a8dfc2a9a8,istanbul,12,8,0.016127295792102814,0.06724905967712402,6562.0,0.01507377065718174,19,1
StandardGSGP,18b72d91-ad24-11ef-82c0-e4a8dfc2a9a8,istanbul,12,9,0.016127295792102814,0.060512542724609375,7358.0,0.01507377065718174,19,1
StandardGSGP,18b72d91-ad24-11ef-82c0-e4a8dfc2a9a8,istanbul,12,10,0.01579996757209301,0.054837703704833984,8096.0,0.0151504036039114,25,1
StandardGSGP,18b72d91-ad24-11ef-82c0-e4a8dfc2a9a8,istanbul,12,11,0.01579996757209301,0.06150054931640625,8578.0,0.0151504036039114,25,1
StandardGSGP,18b72d91-ad24-11ef-82c0-e4a8dfc2a9a8,istanbul,12,12,0.01579996757209301,0.06302070617675781,9174.0,0.0151504036039114,25,1
StandardGSGP,18b72d91-ad24-11ef-82c0-e4a8dfc2a9a8,istanbul,12,13,0.01579996757209301,0.05499887466430664,10120.0,0.0151504036039114,25,1
StandardGSGP,18b72d91-ad24-11ef-82c0-e4a8dfc2a9a8,istanbul,12,14,0.015382461249828339,0.1277010440826416,10068.0,0.014590690843760967,33,1
StandardGSGP,18b72d91-ad24-11ef-82c0-e4a8dfc2a9a8,istanbul,12,15,0.015382461249828339,0.05452322959899902,10508.0,0.014590690843760967,33,1
StandardGSGP,18b72d91-ad24-11ef-82c0-e4a8dfc2a9a8,istanbul,12,16,0.015382461249828339,0.0617375373840332,10868.0,0.014590690843760967,33,1
StandardGSGP,18b72d91-ad24-11ef-82c0-e4a8dfc2a9a8,istanbul,12,17,0.015382461249828339,0.0559995174407959,11708.0,0.014590690843760967,33,1
StandardGSGP,18b72d91-ad24-11ef-82c0-e4a8dfc2a9a8,istanbul,12,18,0.015382461249828339,0.05851602554321289,12480.0,0.014590690843760967,33,1
StandardGSGP,18b72d91-ad24-11ef-82c0-e4a8dfc2a9a8,istanbul,12,19,0.015382461249828339,0.05765843391418457,13414.0,0.014590690843760967,33,1
StandardGSGP,18b72d91-ad24-11ef-82c0-e4a8dfc2a9a8,istanbul,12,20,0.015382461249828339,0.05350685119628906,14810.0,0.014590690843760967,33,1
StandardGSGP,18b72d91-ad24-11ef-82c0-e4a8dfc2a9a8,istanbul,12,21,0.015382461249828339,0.05604195594787598,14858.0,0.014590690843760967,33,1
StandardGSGP,18b72d91-ad24-11ef-82c0-e4a8dfc2a9a8,istanbul,12,22,0.015371624380350113,0.05399823188781738,15558.0,0.014605705626308918,41,1
StandardGSGP,18b72d91-ad24-11ef-82c0-e4a8dfc2a9a8,istanbul,12,23,0.015371624380350113,0.058510541915893555,16222.0,0.014605705626308918,41,1
StandardGSGP,18b72d91-ad24-11ef-82c0-e4a8dfc2a9a8,istanbul,12,24,0.015371624380350113,0.059052467346191406,16808.0,0.014605705626308918,41,1
StandardGSGP,18b72d91-ad24-11ef-82c0-e4a8dfc2a9a8,istanbul,12,25,0.015371624380350113,0.055506229400634766,17900.0,0.014605705626308918,41,1
StandardGSGP,18b72d91-ad24-11ef-82c0-e4a8dfc2a9a8,istanbul,12,26,0.015371624380350113,0.05700182914733887,17722.0,0.014605705626308918,41,1
StandardGSGP,18b72d91-ad24-11ef-82c0-e4a8dfc2a9a8,istanbul,12,27,0.015371624380350113,0.05750751495361328,17774.0,0.014605705626308918,41,1
StandardGSGP,18b72d91-ad24-11ef-82c0-e4a8dfc2a9a8,istanbul,12,28,0.015371624380350113,0.05588555335998535,17178.0,0.014605705626308918,41,1
StandardGSGP,18b72d91-ad24-11ef-82c0-e4a8dfc2a9a8,istanbul,12,29,0.015371624380350113,0.061063528060913086,18098.0,0.014605705626308918,41,1
StandardGSGP,18b72d91-ad24-11ef-82c0-e4a8dfc2a9a8,istanbul,12,30,0.01536960806697607,0.05898332595825195,17908.0,0.014610005542635918,51,1
StandardGSGP,18b72d91-ad24-11ef-82c0-e4a8dfc2a9a8,istanbul,12,31,0.01536960806697607,0.05700182914733887,16452.0,0.014610005542635918,51,1
StandardGSGP,18b72d91-ad24-11ef-82c0-e4a8dfc2a9a8,istanbul,12,32,0.01536960806697607,0.07251906394958496,15888.0,0.014610005542635918,51,1
StandardGSGP,18b72d91-ad24-11ef-82c0-e4a8dfc2a9a8,istanbul,12,33,0.01536960806697607,0.06000185012817383,15956.0,0.014610005542635918,51,1
StandardGSGP,18b72d91-ad24-11ef-82c0-e4a8dfc2a9a8,istanbul,12,34,0.01536960806697607,0.05872941017150879,15592.0,0.014610005542635918,51,1
StandardGSGP,18b72d91-ad24-11ef-82c0-e4a8dfc2a9a8,istanbul,12,35,0.01536960806697607,0.05651140213012695,16700.0,0.014610005542635918,51,1
StandardGSGP,18b72d91-ad24-11ef-82c0-e4a8dfc2a9a8,istanbul,12,36,0.01536960806697607,0.05347704887390137,16774.0,0.014610005542635918,51,1
StandardGSGP,18b72d91-ad24-11ef-82c0-e4a8dfc2a9a8,istanbul,12,37,0.01536960806697607,0.05764341354370117,15938.0,0.014610005542635918,51,1
StandardGSGP,18b72d91-ad24-11ef-82c0-e4a8dfc2a9a8,istanbul,12,38,0.01536960806697607,0.05852007865905762,14720.0,0.014610005542635918,51,1
StandardGSGP,18b72d91-ad24-11ef-82c0-e4a8dfc2a9a8,istanbul,12,39,0.01536960806697607,0.054999589920043945,15132.0,0.014610005542635918,51,1
StandardGSGP,18b72d91-ad24-11ef-82c0-e4a8dfc2a9a8,istanbul,12,40,0.01536960806697607,0.05464887619018555,15572.0,0.014610005542635918,51,1
StandardGSGP,18b72d91-ad24-11ef-82c0-e4a8dfc2a9a8,istanbul,12,41,0.01536960806697607,0.05553698539733887,16356.0,0.014610005542635918,51,1
StandardGSGP,18b72d91-ad24-11ef-82c0-e4a8dfc2a9a8,istanbul,12,42,0.01536960806697607,0.05713057518005371,15796.0,0.014610005542635918,51,1
StandardGSGP,18b72d91-ad24-11ef-82c0-e4a8dfc2a9a8,istanbul,12,43,0.01536960806697607,0.05575251579284668,16278.0,0.014610005542635918,51,1
StandardGSGP,18b72d91-ad24-11ef-82c0-e4a8dfc2a9a8,istanbul,12,44,0.01536960806697607,0.05499863624572754,16656.0,0.014610005542635918,51,1
StandardGSGP,18b72d91-ad24-11ef-82c0-e4a8dfc2a9a8,istanbul,12,45,0.01536960806697607,0.05651402473449707,17554.0,0.014610005542635918,51,1
StandardGSGP,18b72d91-ad24-11ef-82c0-e4a8dfc2a9a8,istanbul,12,46,0.015346484258770943,0.05500364303588867,17592.0,0.014905155636370182,57,1
StandardGSGP,18b72d91-ad24-11ef-82c0-e4a8dfc2a9a8,istanbul,12,47,0.015346484258770943,0.055505990982055664,17510.0,0.014905155636370182,57,1
StandardGSGP,18b72d91-ad24-11ef-82c0-e4a8dfc2a9a8,istanbul,12,48,0.015346484258770943,0.057005882263183594,17592.0,0.014905155636370182,57,1
StandardGSGP,18b72d91-ad24-11ef-82c0-e4a8dfc2a9a8,istanbul,12,49,0.015346484258770943,0.05362129211425781,17496.0,0.014905155636370182,57,1
StandardGSGP,18b72d91-ad24-11ef-82c0-e4a8dfc2a9a8,istanbul,12,50,0.015346484258770943,0.05751156806945801,18428.0,0.014905155636370182,57,1
StandardGSGP,18b72d91-ad24-11ef-82c0-e4a8dfc2a9a8,istanbul,12,51,0.015346484258770943,0.058007001876831055,17014.0,0.014905155636370182,57,1
StandardGSGP,18b72d91-ad24-11ef-82c0-e4a8dfc2a9a8,istanbul,12,52,0.015346484258770943,0.05650925636291504,17378.0,0.014905155636370182,57,1
StandardGSGP,18b72d91-ad24-11ef-82c0-e4a8dfc2a9a8,istanbul,12,53,0.015346484258770943,0.05831265449523926,17276.0,0.014905155636370182,57,1
StandardGSGP,18b72d91-ad24-11ef-82c0-e4a8dfc2a9a8,istanbul,12,54,0.015264881774783134,0.05399751663208008,16140.0,0.014823139645159245,63,1
StandardGSGP,18b72d91-ad24-11ef-82c0-e4a8dfc2a9a8,istanbul,12,55,0.015264881774783134,0.05486035346984863,13692.0,0.014823139645159245,63,1
StandardGSGP,18b72d91-ad24-11ef-82c0-e4a8dfc2a9a8,istanbul,12,56,0.015264881774783134,0.05801725387573242,14928.0,0.014823139645159245,63,1
StandardGSGP,18b72d91-ad24-11ef-82c0-e4a8dfc2a9a8,istanbul,12,57,0.015264881774783134,0.0575098991394043,14966.0,0.014823139645159245,63,1
StandardGSGP,18b72d91-ad24-11ef-82c0-e4a8dfc2a9a8,istanbul,12,58,0.015264881774783134,0.05909442901611328,14264.0,0.014823139645159245,63,1
StandardGSGP,18b72d91-ad24-11ef-82c0-e4a8dfc2a9a8,istanbul,12,59,0.015264881774783134,0.06500363349914551,14678.0,0.014823139645159245,63,1
StandardGSGP,18b72d91-ad24-11ef-82c0-e4a8dfc2a9a8,istanbul,12,60,0.015092731453478336,0.06152033805847168,15248.0,0.014582125470042229,69,1
StandardGSGP,18b72d91-ad24-11ef-82c0-e4a8dfc2a9a8,istanbul,12,61,0.015092731453478336,0.0559389591217041,16086.0,0.014582125470042229,69,1
StandardGSGP,18b72d91-ad24-11ef-82c0-e4a8dfc2a9a8,istanbul,12,62,0.015092731453478336,0.053240299224853516,16060.0,0.014582125470042229,69,1
StandardGSGP,18b72d91-ad24-11ef-82c0-e4a8dfc2a9a8,istanbul,12,63,0.015092731453478336,0.05699968338012695,16092.0,0.014582125470042229,69,1
StandardGSGP,18b72d91-ad24-11ef-82c0-e4a8dfc2a9a8,istanbul,12,64,0.015092731453478336,0.057158708572387695,15530.0,0.014582125470042229,69,1
StandardGSGP,18b72d91-ad24-11ef-82c0-e4a8dfc2a9a8,istanbul,12,65,0.015092731453478336,0.05600142478942871,14742.0,0.014582125470042229,69,1
StandardGSGP,18b72d91-ad24-11ef-82c0-e4a8dfc2a9a8,istanbul,12,66,0.015092731453478336,0.0610044002532959,15530.0,0.014582125470042229,69,1
StandardGSGP,18b72d91-ad24-11ef-82c0-e4a8dfc2a9a8,istanbul,12,67,0.015092731453478336,0.13251256942749023,15814.0,0.014582125470042229,69,1
StandardGSGP,18b72d91-ad24-11ef-82c0-e4a8dfc2a9a8,istanbul,12,68,0.015092731453478336,0.0525057315826416,15942.0,0.014582125470042229,69,1
StandardGSGP,18b72d91-ad24-11ef-82c0-e4a8dfc2a9a8,istanbul,12,69,0.015092731453478336,0.05851268768310547,16774.0,0.014582125470042229,69,1
StandardGSGP,18b72d91-ad24-11ef-82c0-e4a8dfc2a9a8,istanbul,12,70,0.015092731453478336,0.0559995174407959,17374.0,0.014582125470042229,69,1
StandardGSGP,18b72d91-ad24-11ef-82c0-e4a8dfc2a9a8,istanbul,12,71,0.015092731453478336,0.05373120307922363,18586.0,0.014582125470042229,69,1
StandardGSGP,18b72d91-ad24-11ef-82c0-e4a8dfc2a9a8,istanbul,12,72,0.015092731453478336,0.054007530212402344,20264.0,0.014582125470042229,69,1
StandardGSGP,18b72d91-ad24-11ef-82c0-e4a8dfc2a9a8,istanbul,12,73,0.015092731453478336,0.05887317657470703,20494.0,0.014582125470042229,69,1
StandardGSGP,18b72d91-ad24-11ef-82c0-e4a8dfc2a9a8,istanbul,12,74,0.015092731453478336,0.058928489685058594,22180.0,0.014582125470042229,69,1
StandardGSGP,18b72d91-ad24-11ef-82c0-e4a8dfc2a9a8,istanbul,12,75,0.015092731453478336,0.05851173400878906,22950.0,0.014582125470042229,69,1
StandardGSGP,18b72d91-ad24-11ef-82c0-e4a8dfc2a9a8,istanbul,12,76,0.015092731453478336,0.0555117130279541,23856.0,0.014582125470042229,69,1
StandardGSGP,18b72d91-ad24-11ef-82c0-e4a8dfc2a9a8,istanbul,12,77,0.015092731453478336,0.05699944496154785,24954.0,0.014582125470042229,69,1
StandardGSGP,18b72d91-ad24-11ef-82c0-e4a8dfc2a9a8,istanbul,12,78,0.015092731453478336,0.05650830268859863,24930.0,0.014582125470042229,69,1
StandardGSGP,18b72d91-ad24-11ef-82c0-e4a8dfc2a9a8,istanbul,12,79,0.015092731453478336,0.05500626564025879,24460.0,0.014582125470042229,69,1
StandardGSGP,18b72d91-ad24-11ef-82c0-e4a8dfc2a9a8,istanbul,12,80,0.015092731453478336,0.060140132904052734,24174.0,0.014582125470042229,69,1
StandardGSGP,18b72d91-ad24-11ef-82c0-e4a8dfc2a9a8,istanbul,12,81,0.015092731453478336,0.06027483940124512,22476.0,0.014582125470042229,69,1
StandardGSGP,18b72d91-ad24-11ef-82c0-e4a8dfc2a9a8,istanbul,12,82,0.015050728805363178,0.06633877754211426,23760.0,0.014487156644463539,79,1
StandardGSGP,18b72d91-ad24-11ef-82c0-e4a8dfc2a9a8,istanbul,12,83,0.015050728805363178,0.06444740295410156,24604.0,0.014487156644463539,79,1
StandardGSGP,18b72d91-ad24-11ef-82c0-e4a8dfc2a9a8,istanbul,12,84,0.015050728805363178,0.058509111404418945,24392.0,0.014487156644463539,79,1
StandardGSGP,18b72d91-ad24-11ef-82c0-e4a8dfc2a9a8,istanbul,12,85,0.01490509882569313,0.05899977684020996,22978.0,0.014238720759749413,97,1
StandardGSGP,18b72d91-ad24-11ef-82c0-e4a8dfc2a9a8,istanbul,12,86,0.01490509882569313,0.05551028251647949,25052.0,0.014238720759749413,97,1
StandardGSGP,18b72d91-ad24-11ef-82c0-e4a8dfc2a9a8,istanbul,12,87,0.01490509882569313,0.06532502174377441,24658.0,0.014238720759749413,97,1
StandardGSGP,18b72d91-ad24-11ef-82c0-e4a8dfc2a9a8,istanbul,12,88,0.01490509882569313,0.05954790115356445,26866.0,0.014238720759749413,97,1
StandardGSGP,18b72d91-ad24-11ef-82c0-e4a8dfc2a9a8,istanbul,12,89,0.01490509882569313,0.05748462677001953,27104.0,0.014238720759749413,97,1
StandardGSGP,18b72d91-ad24-11ef-82c0-e4a8dfc2a9a8,istanbul,12,90,0.01490509882569313,0.05862879753112793,27102.0,0.014238720759749413,97,1
StandardGSGP,18b72d91-ad24-11ef-82c0-e4a8dfc2a9a8,istanbul,12,91,0.01490509882569313,0.06427216529846191,22832.0,0.014238720759749413,97,1
StandardGSGP,18b72d91-ad24-11ef-82c0-e4a8dfc2a9a8,istanbul,12,92,0.01490509882569313,0.05578041076660156,21500.0,0.014238720759749413,97,1
StandardGSGP,18b72d91-ad24-11ef-82c0-e4a8dfc2a9a8,istanbul,12,93,0.014705896377563477,0.05799555778503418,21028.0,0.014122312888503075,111,1
StandardGSGP,18b72d91-ad24-11ef-82c0-e4a8dfc2a9a8,istanbul,12,94,0.014705896377563477,0.05651283264160156,18128.0,0.014122312888503075,111,1
StandardGSGP,18b72d91-ad24-11ef-82c0-e4a8dfc2a9a8,istanbul,12,95,0.014705896377563477,0.0559999942779541,17148.0,0.014122312888503075,111,1
StandardGSGP,18b72d91-ad24-11ef-82c0-e4a8dfc2a9a8,istanbul,12,96,0.014700345695018768,0.05450868606567383,19350.0,0.014119087718427181,117,1
StandardGSGP,18b72d91-ad24-11ef-82c0-e4a8dfc2a9a8,istanbul,12,97,0.014700345695018768,0.05500364303588867,18936.0,0.014119087718427181,117,1
StandardGSGP,18b72d91-ad24-11ef-82c0-e4a8dfc2a9a8,istanbul,12,98,0.014700345695018768,0.055504560470581055,19938.0,0.014119087718427181,117,1
StandardGSGP,18b72d91-ad24-11ef-82c0-e4a8dfc2a9a8,istanbul,12,99,0.014699296094477177,0.058531999588012695,19968.0,0.014121913351118565,123,1
StandardGSGP,18b72d91-ad24-11ef-82c0-e4a8dfc2a9a8,istanbul,12,100,0.014699296094477177,0.06200122833251953,21188.0,0.014121913351118565,123,1
