StandardGSGP,e427d81a-ace7-11ef-bee3-8863df8a28b9,istanbul,13,0,0.13686329126358032,1.0553133487701416,20658.0,0.1772727519273758,5,1
StandardGSGP,e427d81a-ace7-11ef-bee3-8863df8a28b9,istanbul,13,1,0.10553251206874847,0.07817435264587402,2634.0,0.1180487647652626,19,1
StandardGSGP,e427d81a-ace7-11ef-bee3-8863df8a28b9,istanbul,13,2,0.10520555078983307,0.0848534107208252,2724.0,0.11743523925542831,27,1
StandardGSGP,e427d81a-ace7-11ef-bee3-8863df8a28b9,istanbul,13,3,0.10437671095132828,0.0788583755493164,3516.0,0.1169438362121582,33,1
StandardGSGP,e427d81a-ace7-11ef-bee3-8863df8a28b9,istanbul,13,4,0.10416723787784576,0.08476734161376953,4554.0,0.11778857558965683,43,1
StandardGSGP,e427d81a-ace7-11ef-bee3-8863df8a28b9,istanbul,13,5,0.10416723787784576,0.07882499694824219,5606.0,0.11778857558965683,43,1
StandardGSGP,e427d81a-ace7-11ef-bee3-8863df8a28b9,istanbul,13,6,0.10416723787784576,0.08487796783447266,6528.0,0.11778857558965683,43,1
StandardGSGP,e427d81a-ace7-11ef-bee3-8863df8a28b9,istanbul,13,7,0.10398627072572708,0.07870626449584961,7296.0,0.11782538890838623,55,1
StandardGSGP,e427d81a-ace7-11ef-bee3-8863df8a28b9,istanbul,13,8,0.10386204719543457,0.0835731029510498,7900.0,0.11458427459001541,63,1
StandardGSGP,e427d81a-ace7-11ef-bee3-8863df8a28b9,istanbul,13,9,0.10321548581123352,0.09319090843200684,8618.0,0.11618030816316605,73,1
StandardGSGP,e427d81a-ace7-11ef-bee3-8863df8a28b9,istanbul,13,10,0.10321548581123352,0.0939326286315918,9214.0,0.11618030816316605,73,1
StandardGSGP,e427d81a-ace7-11ef-bee3-8863df8a28b9,istanbul,13,11,0.10163727402687073,0.07706165313720703,9822.0,0.11316906660795212,97,1
StandardGSGP,e427d81a-ace7-11ef-bee3-8863df8a28b9,istanbul,13,12,0.10098104178905487,0.09102916717529297,10550.0,0.12022370100021362,95,1
StandardGSGP,e427d81a-ace7-11ef-bee3-8863df8a28b9,istanbul,13,13,0.10098104178905487,0.08471012115478516,11308.0,0.12022370100021362,95,1
StandardGSGP,e427d81a-ace7-11ef-bee3-8863df8a28b9,istanbul,13,14,0.10098104178905487,0.0780189037322998,11912.0,0.12022370100021362,95,1
StandardGSGP,e427d81a-ace7-11ef-bee3-8863df8a28b9,istanbul,13,15,0.10098104178905487,0.0904693603515625,12832.0,0.12022370100021362,95,1
StandardGSGP,e427d81a-ace7-11ef-bee3-8863df8a28b9,istanbul,13,16,0.10098104178905487,0.08476042747497559,13540.0,0.12022370100021362,95,1
StandardGSGP,e427d81a-ace7-11ef-bee3-8863df8a28b9,istanbul,13,17,0.10047465562820435,0.08528351783752441,14102.0,0.12117234617471695,101,1
StandardGSGP,e427d81a-ace7-11ef-bee3-8863df8a28b9,istanbul,13,18,0.10047465562820435,0.07869076728820801,14500.0,0.12117234617471695,101,1
StandardGSGP,e427d81a-ace7-11ef-bee3-8863df8a28b9,istanbul,13,19,0.10047465562820435,0.0845174789428711,15562.0,0.12117234617471695,101,1
StandardGSGP,e427d81a-ace7-11ef-bee3-8863df8a28b9,istanbul,13,20,0.10047465562820435,0.07978677749633789,16926.0,0.12117234617471695,101,1
StandardGSGP,e427d81a-ace7-11ef-bee3-8863df8a28b9,istanbul,13,21,0.10047465562820435,0.07978606224060059,17552.0,0.12117234617471695,101,1
StandardGSGP,e427d81a-ace7-11ef-bee3-8863df8a28b9,istanbul,13,22,0.10047465562820435,0.07779169082641602,17474.0,0.12117234617471695,101,1
StandardGSGP,e427d81a-ace7-11ef-bee3-8863df8a28b9,istanbul,13,23,0.10047465562820435,0.07779312133789062,17602.0,0.12117234617471695,101,1
StandardGSGP,e427d81a-ace7-11ef-bee3-8863df8a28b9,istanbul,13,24,0.09994367510080338,0.07978677749633789,18074.0,0.12119437754154205,125,1
StandardGSGP,e427d81a-ace7-11ef-bee3-8863df8a28b9,istanbul,13,25,0.09994367510080338,0.08477210998535156,18524.0,0.12119437754154205,125,1
StandardGSGP,e427d81a-ace7-11ef-bee3-8863df8a28b9,istanbul,13,26,0.09981056302785873,0.0827796459197998,17614.0,0.12068215012550354,119,1
StandardGSGP,e427d81a-ace7-11ef-bee3-8863df8a28b9,istanbul,13,27,0.09981056302785873,0.08078289031982422,19390.0,0.12068215012550354,119,1
StandardGSGP,e427d81a-ace7-11ef-bee3-8863df8a28b9,istanbul,13,28,0.09981056302785873,0.08078241348266602,19676.0,0.12068215012550354,119,1
StandardGSGP,e427d81a-ace7-11ef-bee3-8863df8a28b9,istanbul,13,29,0.09981056302785873,0.08776450157165527,19850.0,0.12068215012550354,119,1
StandardGSGP,e427d81a-ace7-11ef-bee3-8863df8a28b9,istanbul,13,30,0.09981056302785873,0.08577108383178711,20104.0,0.12068215012550354,119,1
StandardGSGP,e427d81a-ace7-11ef-bee3-8863df8a28b9,istanbul,13,31,0.09981056302785873,0.08876204490661621,21356.0,0.12068215012550354,119,1
StandardGSGP,e427d81a-ace7-11ef-bee3-8863df8a28b9,istanbul,13,32,0.09922090172767639,0.08178091049194336,19504.0,0.12317194044589996,131,1
StandardGSGP,e427d81a-ace7-11ef-bee3-8863df8a28b9,istanbul,13,33,0.09922090172767639,0.07878780364990234,20504.0,0.12317194044589996,131,1
StandardGSGP,e427d81a-ace7-11ef-bee3-8863df8a28b9,istanbul,13,34,0.09834350645542145,0.08278107643127441,20768.0,0.11988759785890579,201,1
StandardGSGP,e427d81a-ace7-11ef-bee3-8863df8a28b9,istanbul,13,35,0.09834350645542145,0.08278036117553711,21826.0,0.11988759785890579,201,1
StandardGSGP,e427d81a-ace7-11ef-bee3-8863df8a28b9,istanbul,13,36,0.09834350645542145,0.16356205940246582,22538.0,0.11988759785890579,201,1
StandardGSGP,e427d81a-ace7-11ef-bee3-8863df8a28b9,istanbul,13,37,0.09834350645542145,0.09773921966552734,23288.0,0.11988759785890579,201,1
StandardGSGP,e427d81a-ace7-11ef-bee3-8863df8a28b9,istanbul,13,38,0.09834350645542145,0.07579612731933594,24956.0,0.11988759785890579,201,1
StandardGSGP,e427d81a-ace7-11ef-bee3-8863df8a28b9,istanbul,13,39,0.09834350645542145,0.0827794075012207,25866.0,0.11988759785890579,201,1
StandardGSGP,e427d81a-ace7-11ef-bee3-8863df8a28b9,istanbul,13,40,0.09834350645542145,0.07978630065917969,26652.0,0.11988759785890579,201,1
StandardGSGP,e427d81a-ace7-11ef-bee3-8863df8a28b9,istanbul,13,41,0.09834350645542145,0.08477306365966797,27282.0,0.11988759785890579,201,1
StandardGSGP,e427d81a-ace7-11ef-bee3-8863df8a28b9,istanbul,13,42,0.09834350645542145,0.07978606224060059,28574.0,0.11988759785890579,201,1
StandardGSGP,e427d81a-ace7-11ef-bee3-8863df8a28b9,istanbul,13,43,0.09834350645542145,0.07380342483520508,28796.0,0.11988759785890579,201,1
StandardGSGP,e427d81a-ace7-11ef-bee3-8863df8a28b9,istanbul,13,44,0.09834350645542145,0.0857686996459961,31166.0,0.11988759785890579,201,1
StandardGSGP,e427d81a-ace7-11ef-bee3-8863df8a28b9,istanbul,13,45,0.09834350645542145,0.07380533218383789,31446.0,0.11988759785890579,201,1
StandardGSGP,e427d81a-ace7-11ef-bee3-8863df8a28b9,istanbul,13,46,0.09814784675836563,0.08178043365478516,30656.0,0.11863581836223602,211,1
StandardGSGP,e427d81a-ace7-11ef-bee3-8863df8a28b9,istanbul,13,47,0.09814784675836563,0.08277368545532227,31018.0,0.11863581836223602,211,1
StandardGSGP,e427d81a-ace7-11ef-bee3-8863df8a28b9,istanbul,13,48,0.09766798466444016,0.08278036117553711,29668.0,0.11725050956010818,217,1
StandardGSGP,e427d81a-ace7-11ef-bee3-8863df8a28b9,istanbul,13,49,0.09766798466444016,0.07879090309143066,31142.0,0.11725050956010818,217,1
StandardGSGP,e427d81a-ace7-11ef-bee3-8863df8a28b9,istanbul,13,50,0.09766798466444016,0.0747995376586914,30766.0,0.11725050956010818,217,1
StandardGSGP,e427d81a-ace7-11ef-bee3-8863df8a28b9,istanbul,13,51,0.09766798466444016,0.07679629325866699,30020.0,0.11725050956010818,217,1
StandardGSGP,e427d81a-ace7-11ef-bee3-8863df8a28b9,istanbul,13,52,0.09766798466444016,0.0767977237701416,30310.0,0.11725050956010818,217,1
StandardGSGP,e427d81a-ace7-11ef-bee3-8863df8a28b9,istanbul,13,53,0.09766798466444016,0.07679200172424316,31406.0,0.11725050956010818,217,1
StandardGSGP,e427d81a-ace7-11ef-bee3-8863df8a28b9,istanbul,13,54,0.09766798466444016,0.08577108383178711,31814.0,0.11725050956010818,217,1
StandardGSGP,e427d81a-ace7-11ef-bee3-8863df8a28b9,istanbul,13,55,0.09766798466444016,0.08776617050170898,32396.0,0.11725050956010818,217,1
StandardGSGP,e427d81a-ace7-11ef-bee3-8863df8a28b9,istanbul,13,56,0.09766798466444016,0.07978463172912598,34972.0,0.11725050956010818,217,1
StandardGSGP,e427d81a-ace7-11ef-bee3-8863df8a28b9,istanbul,13,57,0.09766798466444016,0.08277750015258789,35670.0,0.11725050956010818,217,1
StandardGSGP,e427d81a-ace7-11ef-bee3-8863df8a28b9,istanbul,13,58,0.09745796769857407,0.08177971839904785,36170.0,0.11792086064815521,223,1
StandardGSGP,e427d81a-ace7-11ef-bee3-8863df8a28b9,istanbul,13,59,0.09745796769857407,0.08576774597167969,36216.0,0.11792086064815521,223,1
StandardGSGP,e427d81a-ace7-11ef-bee3-8863df8a28b9,istanbul,13,60,0.09745796769857407,0.0827789306640625,37076.0,0.11792086064815521,223,1
StandardGSGP,e427d81a-ace7-11ef-bee3-8863df8a28b9,istanbul,13,61,0.09745796769857407,0.08776402473449707,38804.0,0.11792086064815521,223,1
StandardGSGP,e427d81a-ace7-11ef-bee3-8863df8a28b9,istanbul,13,62,0.09745796769857407,0.07779431343078613,37600.0,0.11792086064815521,223,1
StandardGSGP,e427d81a-ace7-11ef-bee3-8863df8a28b9,istanbul,13,63,0.09702817350625992,0.0797872543334961,38344.0,0.13293468952178955,445,1
StandardGSGP,e427d81a-ace7-11ef-bee3-8863df8a28b9,istanbul,13,64,0.09702817350625992,0.0827789306640625,39136.0,0.13293468952178955,445,1
StandardGSGP,e427d81a-ace7-11ef-bee3-8863df8a28b9,istanbul,13,65,0.09702817350625992,0.0827794075012207,38012.0,0.13293468952178955,445,1
StandardGSGP,e427d81a-ace7-11ef-bee3-8863df8a28b9,istanbul,13,66,0.09702817350625992,0.08976078033447266,38616.0,0.13293468952178955,445,1
StandardGSGP,e427d81a-ace7-11ef-bee3-8863df8a28b9,istanbul,13,67,0.09702817350625992,0.0797874927520752,39978.0,0.13293468952178955,445,1
StandardGSGP,e427d81a-ace7-11ef-bee3-8863df8a28b9,istanbul,13,68,0.09702817350625992,0.08078336715698242,38156.0,0.13293468952178955,445,1
StandardGSGP,e427d81a-ace7-11ef-bee3-8863df8a28b9,istanbul,13,69,0.09702817350625992,0.07480001449584961,39450.0,0.13293468952178955,445,1
StandardGSGP,e427d81a-ace7-11ef-bee3-8863df8a28b9,istanbul,13,70,0.09702817350625992,0.08078241348266602,40448.0,0.13293468952178955,445,1
StandardGSGP,e427d81a-ace7-11ef-bee3-8863df8a28b9,istanbul,13,71,0.09702817350625992,0.08477473258972168,40692.0,0.13293468952178955,445,1
StandardGSGP,e427d81a-ace7-11ef-bee3-8863df8a28b9,istanbul,13,72,0.09634573012590408,0.0857701301574707,41562.0,0.1381395012140274,527,1
StandardGSGP,e427d81a-ace7-11ef-bee3-8863df8a28b9,istanbul,13,73,0.09634573012590408,0.08377695083618164,42304.0,0.1381395012140274,527,1
StandardGSGP,e427d81a-ace7-11ef-bee3-8863df8a28b9,istanbul,13,74,0.09634573012590408,0.07978534698486328,44084.0,0.1381395012140274,527,1
StandardGSGP,e427d81a-ace7-11ef-bee3-8863df8a28b9,istanbul,13,75,0.09634573012590408,0.08178210258483887,48072.0,0.1381395012140274,527,1
StandardGSGP,e427d81a-ace7-11ef-bee3-8863df8a28b9,istanbul,13,76,0.09634573012590408,0.0827796459197998,45648.0,0.1381395012140274,527,1
StandardGSGP,e427d81a-ace7-11ef-bee3-8863df8a28b9,istanbul,13,77,0.09634573012590408,0.07978606224060059,47186.0,0.1381395012140274,527,1
StandardGSGP,e427d81a-ace7-11ef-bee3-8863df8a28b9,istanbul,13,78,0.09634573012590408,0.0827782154083252,49080.0,0.1381395012140274,527,1
StandardGSGP,e427d81a-ace7-11ef-bee3-8863df8a28b9,istanbul,13,79,0.09634573012590408,0.08078455924987793,51600.0,0.1381395012140274,527,1
StandardGSGP,e427d81a-ace7-11ef-bee3-8863df8a28b9,istanbul,13,80,0.09634573012590408,0.08477234840393066,52332.0,0.1381395012140274,527,1
StandardGSGP,e427d81a-ace7-11ef-bee3-8863df8a28b9,istanbul,13,81,0.09634573012590408,0.0827789306640625,52506.0,0.1381395012140274,527,1
StandardGSGP,e427d81a-ace7-11ef-bee3-8863df8a28b9,istanbul,13,82,0.09618277102708817,0.08178377151489258,54540.0,0.12700925767421722,537,1
StandardGSGP,e427d81a-ace7-11ef-bee3-8863df8a28b9,istanbul,13,83,0.09618277102708817,0.08078289031982422,56936.0,0.12700925767421722,537,1
StandardGSGP,e427d81a-ace7-11ef-bee3-8863df8a28b9,istanbul,13,84,0.09618277102708817,0.07878971099853516,58380.0,0.12700925767421722,537,1
StandardGSGP,e427d81a-ace7-11ef-bee3-8863df8a28b9,istanbul,13,85,0.09618277102708817,0.0827779769897461,58858.0,0.12700925767421722,537,1
StandardGSGP,e427d81a-ace7-11ef-bee3-8863df8a28b9,istanbul,13,86,0.09618277102708817,0.08676695823669434,59180.0,0.12700925767421722,537,1
StandardGSGP,e427d81a-ace7-11ef-bee3-8863df8a28b9,istanbul,13,87,0.09618277102708817,0.08277583122253418,59726.0,0.12700925767421722,537,1
StandardGSGP,e427d81a-ace7-11ef-bee3-8863df8a28b9,istanbul,13,88,0.09618277102708817,0.08377313613891602,60484.0,0.12700925767421722,537,1
StandardGSGP,e427d81a-ace7-11ef-bee3-8863df8a28b9,istanbul,13,89,0.09618277102708817,0.08320426940917969,60992.0,0.12700925767421722,537,1
StandardGSGP,e427d81a-ace7-11ef-bee3-8863df8a28b9,istanbul,13,90,0.09547613561153412,0.07906651496887207,63028.0,0.12967997789382935,543,1
StandardGSGP,e427d81a-ace7-11ef-bee3-8863df8a28b9,istanbul,13,91,0.09547613561153412,0.18356037139892578,64348.0,0.12967997789382935,543,1
StandardGSGP,e427d81a-ace7-11ef-bee3-8863df8a28b9,istanbul,13,92,0.09547613561153412,0.07927584648132324,62084.0,0.12967997789382935,543,1
StandardGSGP,e427d81a-ace7-11ef-bee3-8863df8a28b9,istanbul,13,93,0.09547613561153412,0.07889771461486816,61046.0,0.12967997789382935,543,1
StandardGSGP,e427d81a-ace7-11ef-bee3-8863df8a28b9,istanbul,13,94,0.09537990391254425,0.08899641036987305,62170.0,0.12837165594100952,549,1
StandardGSGP,e427d81a-ace7-11ef-bee3-8863df8a28b9,istanbul,13,95,0.09537990391254425,0.07802581787109375,61862.0,0.12837165594100952,549,1
StandardGSGP,e427d81a-ace7-11ef-bee3-8863df8a28b9,istanbul,13,96,0.09537990391254425,0.08155965805053711,62540.0,0.12837165594100952,549,1
StandardGSGP,e427d81a-ace7-11ef-bee3-8863df8a28b9,istanbul,13,97,0.09537990391254425,0.07931160926818848,61700.0,0.12837165594100952,549,1
StandardGSGP,e427d81a-ace7-11ef-bee3-8863df8a28b9,istanbul,13,98,0.09537990391254425,0.07879042625427246,61606.0,0.12837165594100952,549,1
StandardGSGP,e427d81a-ace7-11ef-bee3-8863df8a28b9,istanbul,13,99,0.09537990391254425,0.08235597610473633,61432.0,0.12837165594100952,549,1
StandardGSGP,e427d81a-ace7-11ef-bee3-8863df8a28b9,istanbul,13,100,0.09528831392526627,0.07919502258300781,61924.0,0.1280672550201416,555,1
StandardGSGP,86b421a8-ace8-11ef-a3e1-8863df8a28b9,istanbul,13,0,0.015596497803926468,0.08649587631225586,1384.0,0.017191821709275246,3,1
StandardGSGP,86b421a8-ace8-11ef-a3e1-8863df8a28b9,istanbul,13,1,0.01515035517513752,0.0807795524597168,1966.0,0.016331404447555542,21,1
StandardGSGP,86b421a8-ace8-11ef-a3e1-8863df8a28b9,istanbul,13,2,0.01515035517513752,0.07878994941711426,3070.0,0.016331404447555542,21,1
StandardGSGP,86b421a8-ace8-11ef-a3e1-8863df8a28b9,istanbul,13,3,0.01506830845028162,0.07679605484008789,4324.0,0.017455583438277245,53,1
StandardGSGP,86b421a8-ace8-11ef-a3e1-8863df8a28b9,istanbul,13,4,0.0138052087277174,0.0777902603149414,5648.0,0.016550088301301003,189,1
StandardGSGP,86b421a8-ace8-11ef-a3e1-8863df8a28b9,istanbul,13,5,0.013793396763503551,0.07679271697998047,8418.0,0.016526944935321808,205,1
StandardGSGP,86b421a8-ace8-11ef-a3e1-8863df8a28b9,istanbul,13,6,0.013793396763503551,0.0827782154083252,13206.0,0.016526944935321808,205,1
StandardGSGP,86b421a8-ace8-11ef-a3e1-8863df8a28b9,istanbul,13,7,0.013793396763503551,0.07679438591003418,16050.0,0.016526944935321808,205,1
StandardGSGP,86b421a8-ace8-11ef-a3e1-8863df8a28b9,istanbul,13,8,0.013793396763503551,0.0767979621887207,20314.0,0.016526944935321808,205,1
StandardGSGP,86b421a8-ace8-11ef-a3e1-8863df8a28b9,istanbul,13,9,0.013793396763503551,0.0777902603149414,27174.0,0.016526944935321808,205,1
StandardGSGP,86b421a8-ace8-11ef-a3e1-8863df8a28b9,istanbul,13,10,0.013793396763503551,0.08477282524108887,32986.0,0.016526944935321808,205,1
StandardGSGP,86b421a8-ace8-11ef-a3e1-8863df8a28b9,istanbul,13,11,0.013793396763503551,0.07779264450073242,37452.0,0.016526944935321808,205,1
StandardGSGP,86b421a8-ace8-11ef-a3e1-8863df8a28b9,istanbul,13,12,0.013793396763503551,0.07679438591003418,42994.0,0.016526944935321808,205,1
StandardGSGP,86b421a8-ace8-11ef-a3e1-8863df8a28b9,istanbul,13,13,0.013793396763503551,0.07978487014770508,46640.0,0.016526944935321808,205,1
StandardGSGP,86b421a8-ace8-11ef-a3e1-8863df8a28b9,istanbul,13,14,0.013793396763503551,0.08178210258483887,57674.0,0.016526944935321808,205,1
StandardGSGP,86b421a8-ace8-11ef-a3e1-8863df8a28b9,istanbul,13,15,0.013793396763503551,0.08776426315307617,62626.0,0.016526944935321808,205,1
StandardGSGP,86b421a8-ace8-11ef-a3e1-8863df8a28b9,istanbul,13,16,0.013793396763503551,0.07180976867675781,72010.0,0.016526944935321808,205,1
StandardGSGP,86b421a8-ace8-11ef-a3e1-8863df8a28b9,istanbul,13,17,0.013673538342118263,0.07879209518432617,85640.0,0.0166079830378294,213,1
StandardGSGP,86b421a8-ace8-11ef-a3e1-8863df8a28b9,istanbul,13,18,0.013673538342118263,0.07479739189147949,101514.0,0.0166079830378294,213,1
StandardGSGP,86b421a8-ace8-11ef-a3e1-8863df8a28b9,istanbul,13,19,0.013673538342118263,0.07779335975646973,120518.0,0.0166079830378294,213,1
StandardGSGP,86b421a8-ace8-11ef-a3e1-8863df8a28b9,istanbul,13,20,0.013673538342118263,0.1855030059814453,136622.0,0.0166079830378294,213,1
StandardGSGP,86b421a8-ace8-11ef-a3e1-8863df8a28b9,istanbul,13,21,0.013673538342118263,0.07280826568603516,169450.0,0.0166079830378294,213,1
StandardGSGP,86b421a8-ace8-11ef-a3e1-8863df8a28b9,istanbul,13,22,0.013673538342118263,0.07978558540344238,231292.0,0.0166079830378294,213,1
StandardGSGP,86b421a8-ace8-11ef-a3e1-8863df8a28b9,istanbul,13,23,0.013673538342118263,0.07782101631164551,234722.0,0.0166079830378294,213,1
StandardGSGP,86b421a8-ace8-11ef-a3e1-8863df8a28b9,istanbul,13,24,0.013673538342118263,0.09091353416442871,283264.0,0.0166079830378294,213,1
StandardGSGP,86b421a8-ace8-11ef-a3e1-8863df8a28b9,istanbul,13,25,0.013673538342118263,0.08480405807495117,348140.0,0.0166079830378294,213,1
StandardGSGP,86b421a8-ace8-11ef-a3e1-8863df8a28b9,istanbul,13,26,0.013673538342118263,0.07885885238647461,337096.0,0.0166079830378294,213,1
StandardGSGP,86b421a8-ace8-11ef-a3e1-8863df8a28b9,istanbul,13,27,0.013673538342118263,0.07442736625671387,391666.0,0.0166079830378294,213,1
StandardGSGP,86b421a8-ace8-11ef-a3e1-8863df8a28b9,istanbul,13,28,0.013673538342118263,0.07503557205200195,426132.0,0.0166079830378294,213,1
StandardGSGP,86b421a8-ace8-11ef-a3e1-8863df8a28b9,istanbul,13,29,0.013673538342118263,0.07877898216247559,485378.0,0.0166079830378294,213,1
StandardGSGP,86b421a8-ace8-11ef-a3e1-8863df8a28b9,istanbul,13,30,0.013598172925412655,0.08047866821289062,573302.0,0.01640733890235424,227,1
StandardGSGP,86b421a8-ace8-11ef-a3e1-8863df8a28b9,istanbul,13,31,0.013598172925412655,0.07000994682312012,515422.0,0.01640733890235424,227,1
StandardGSGP,86b421a8-ace8-11ef-a3e1-8863df8a28b9,istanbul,13,32,0.013598172925412655,0.07882809638977051,744916.0,0.01640733890235424,227,1
StandardGSGP,86b421a8-ace8-11ef-a3e1-8863df8a28b9,istanbul,13,33,0.013598172925412655,0.0788877010345459,832604.0,0.01640733890235424,227,1
StandardGSGP,86b421a8-ace8-11ef-a3e1-8863df8a28b9,istanbul,13,34,0.013598172925412655,0.0848093032836914,861614.0,0.01640733890235424,227,1
StandardGSGP,86b421a8-ace8-11ef-a3e1-8863df8a28b9,istanbul,13,35,0.013598172925412655,0.08126258850097656,1322160.0,0.01640733890235424,227,1
StandardGSGP,86b421a8-ace8-11ef-a3e1-8863df8a28b9,istanbul,13,36,0.013572650030255318,0.08364248275756836,2040378.0,0.016550220549106598,233,1
StandardGSGP,86b421a8-ace8-11ef-a3e1-8863df8a28b9,istanbul,13,37,0.013572650030255318,0.07975482940673828,2095262.0,0.016550220549106598,233,1
StandardGSGP,86b421a8-ace8-11ef-a3e1-8863df8a28b9,istanbul,13,38,0.013557368889451027,0.07703852653503418,1987530.0,0.01656540110707283,239,1
StandardGSGP,86b421a8-ace8-11ef-a3e1-8863df8a28b9,istanbul,13,39,0.013557368889451027,0.07265400886535645,2305232.0,0.01656540110707283,239,1
StandardGSGP,86b421a8-ace8-11ef-a3e1-8863df8a28b9,istanbul,13,40,0.013557368889451027,0.08253026008605957,2735002.0,0.01656540110707283,239,1
StandardGSGP,86b421a8-ace8-11ef-a3e1-8863df8a28b9,istanbul,13,41,0.013557368889451027,0.08085060119628906,3306434.0,0.01656540110707283,239,1
StandardGSGP,86b421a8-ace8-11ef-a3e1-8863df8a28b9,istanbul,13,42,0.013539701700210571,0.07877540588378906,3145364.0,0.016732968389987946,291,1
StandardGSGP,86b421a8-ace8-11ef-a3e1-8863df8a28b9,istanbul,13,43,0.013539701700210571,0.07510733604431152,2482130.0,0.016732968389987946,291,1
StandardGSGP,86b421a8-ace8-11ef-a3e1-8863df8a28b9,istanbul,13,44,0.013539701700210571,0.07261013984680176,1960480.0,0.016732968389987946,291,1
StandardGSGP,86b421a8-ace8-11ef-a3e1-8863df8a28b9,istanbul,13,45,0.013539701700210571,0.07268857955932617,1923888.0,0.016732968389987946,291,1
StandardGSGP,86b421a8-ace8-11ef-a3e1-8863df8a28b9,istanbul,13,46,0.013539701700210571,0.07871341705322266,2596682.0,0.016732968389987946,291,1
StandardGSGP,86b421a8-ace8-11ef-a3e1-8863df8a28b9,istanbul,13,47,0.013534127734601498,0.07885622978210449,3890234.0,0.016722897067666054,297,1
StandardGSGP,86b421a8-ace8-11ef-a3e1-8863df8a28b9,istanbul,13,48,0.013534127734601498,0.07464957237243652,4697170.0,0.016722897067666054,297,1
StandardGSGP,86b421a8-ace8-11ef-a3e1-8863df8a28b9,istanbul,13,49,0.013534127734601498,0.07779216766357422,6591234.0,0.016722897067666054,297,1
StandardGSGP,86b421a8-ace8-11ef-a3e1-8863df8a28b9,istanbul,13,50,0.013534127734601498,0.07380223274230957,9277880.0,0.016722897067666054,297,1
StandardGSGP,86b421a8-ace8-11ef-a3e1-8863df8a28b9,istanbul,13,51,0.013534127734601498,0.08178067207336426,14313094.0,0.016722897067666054,297,1
StandardGSGP,86b421a8-ace8-11ef-a3e1-8863df8a28b9,istanbul,13,52,0.013534127734601498,0.06981420516967773,14350022.0,0.016722897067666054,297,1
StandardGSGP,86b421a8-ace8-11ef-a3e1-8863df8a28b9,istanbul,13,53,0.013516371138393879,0.07779288291931152,13667890.0,0.016142679378390312,332915,1
StandardGSGP,86b421a8-ace8-11ef-a3e1-8863df8a28b9,istanbul,13,54,0.01349548902362585,0.07679486274719238,14190176.0,0.01614554598927498,332933,1
StandardGSGP,86b421a8-ace8-11ef-a3e1-8863df8a28b9,istanbul,13,55,0.013495292514562607,0.07978606224060059,24893360.0,0.01614553853869438,332955,1
StandardGSGP,86b421a8-ace8-11ef-a3e1-8863df8a28b9,istanbul,13,56,0.013495292514562607,0.07280540466308594,26011176.0,0.01614553853869438,332955,1
StandardGSGP,86b421a8-ace8-11ef-a3e1-8863df8a28b9,istanbul,13,57,0.013476764783263206,0.06881117820739746,29121568.0,0.016877317801117897,332965,1
StandardGSGP,86b421a8-ace8-11ef-a3e1-8863df8a28b9,istanbul,13,58,0.013440720736980438,0.07180452346801758,37118640.0,0.016345780342817307,332971,1
StandardGSGP,86b421a8-ace8-11ef-a3e1-8863df8a28b9,istanbul,13,59,0.013440720736980438,0.08078384399414062,43113104.0,0.016345780342817307,332971,1
StandardGSGP,86b421a8-ace8-11ef-a3e1-8863df8a28b9,istanbul,13,60,0.013440720736980438,0.07579898834228516,48265186.0,0.016345780342817307,332971,1
StandardGSGP,86b421a8-ace8-11ef-a3e1-8863df8a28b9,istanbul,13,61,0.013440720736980438,0.07978606224060059,54759542.0,0.016345780342817307,332971,1
StandardGSGP,86b421a8-ace8-11ef-a3e1-8863df8a28b9,istanbul,13,62,0.013440720736980438,0.08178329467773438,68769184.0,0.016345780342817307,332971,1
StandardGSGP,86b421a8-ace8-11ef-a3e1-8863df8a28b9,istanbul,13,63,0.013440720736980438,0.07180905342102051,72169780.0,0.016345780342817307,332971,1
StandardGSGP,86b421a8-ace8-11ef-a3e1-8863df8a28b9,istanbul,13,64,0.013440720736980438,0.07380223274230957,94955636.0,0.016345780342817307,332971,1
StandardGSGP,86b421a8-ace8-11ef-a3e1-8863df8a28b9,istanbul,13,65,0.013440720736980438,0.07779169082641602,110580786.0,0.016345780342817307,332971,1
StandardGSGP,86b421a8-ace8-11ef-a3e1-8863df8a28b9,istanbul,13,66,0.013440720736980438,0.07779288291931152,141668350.0,0.016345780342817307,332971,1
StandardGSGP,86b421a8-ace8-11ef-a3e1-8863df8a28b9,istanbul,13,67,0.013440720736980438,0.08177995681762695,148193286.0,0.016345780342817307,332971,1
StandardGSGP,86b421a8-ace8-11ef-a3e1-8863df8a28b9,istanbul,13,68,0.013440720736980438,0.07380151748657227,177497828.0,0.016345780342817307,332971,1
StandardGSGP,86b421a8-ace8-11ef-a3e1-8863df8a28b9,istanbul,13,69,0.013440720736980438,0.07679390907287598,235807176.0,0.016345780342817307,332971,1
StandardGSGP,86b421a8-ace8-11ef-a3e1-8863df8a28b9,istanbul,13,70,0.013440720736980438,0.07380151748657227,245247910.0,0.016345780342817307,332971,1
StandardGSGP,86b421a8-ace8-11ef-a3e1-8863df8a28b9,istanbul,13,71,0.013440720736980438,0.07280492782592773,264213418.0,0.016345780342817307,332971,1
StandardGSGP,86b421a8-ace8-11ef-a3e1-8863df8a28b9,istanbul,13,72,0.013440720736980438,0.07978558540344238,334719468.0,0.016345780342817307,332971,1
StandardGSGP,86b421a8-ace8-11ef-a3e1-8863df8a28b9,istanbul,13,73,0.013440720736980438,0.08078408241271973,338130378.0,0.016345780342817307,332971,1
StandardGSGP,86b421a8-ace8-11ef-a3e1-8863df8a28b9,istanbul,13,74,0.013440720736980438,0.07878851890563965,373626458.0,0.016345780342817307,332971,1
StandardGSGP,86b421a8-ace8-11ef-a3e1-8863df8a28b9,istanbul,13,75,0.013440720736980438,0.08178234100341797,389406592.0,0.016345780342817307,332971,1
StandardGSGP,86b421a8-ace8-11ef-a3e1-8863df8a28b9,istanbul,13,76,0.013421866111457348,0.07280588150024414,360449724.0,0.016790026798844337,332991,1
StandardGSGP,86b421a8-ace8-11ef-a3e1-8863df8a28b9,istanbul,13,77,0.013421866111457348,0.07480144500732422,369749964.0,0.016790026798844337,332991,1
StandardGSGP,86b421a8-ace8-11ef-a3e1-8863df8a28b9,istanbul,13,78,0.013421866111457348,0.07280540466308594,355262112.0,0.016790026798844337,332991,1
StandardGSGP,86b421a8-ace8-11ef-a3e1-8863df8a28b9,istanbul,13,79,0.013421866111457348,0.07779264450073242,339616922.0,0.016790026798844337,332991,1
StandardGSGP,86b421a8-ace8-11ef-a3e1-8863df8a28b9,istanbul,13,80,0.013421866111457348,0.07579755783081055,409332192.0,0.016790026798844337,332991,1
StandardGSGP,86b421a8-ace8-11ef-a3e1-8863df8a28b9,istanbul,13,81,0.013421866111457348,0.07779121398925781,442167874.0,0.016790026798844337,332991,1
StandardGSGP,86b421a8-ace8-11ef-a3e1-8863df8a28b9,istanbul,13,82,0.013421866111457348,0.07978701591491699,437241756.0,0.016790026798844337,332991,1
StandardGSGP,86b421a8-ace8-11ef-a3e1-8863df8a28b9,istanbul,13,83,0.013421866111457348,0.07878947257995605,449072214.0,0.016790026798844337,332991,1
StandardGSGP,86b421a8-ace8-11ef-a3e1-8863df8a28b9,istanbul,13,84,0.013421866111457348,0.07779335975646973,465935536.0,0.016790026798844337,332991,1
StandardGSGP,86b421a8-ace8-11ef-a3e1-8863df8a28b9,istanbul,13,85,0.013421866111457348,0.07380270957946777,526744542.0,0.016790026798844337,332991,1
StandardGSGP,86b421a8-ace8-11ef-a3e1-8863df8a28b9,istanbul,13,86,0.013390911743044853,0.07380247116088867,524119106.0,0.016442591324448586,333013,1
StandardGSGP,86b421a8-ace8-11ef-a3e1-8863df8a28b9,istanbul,13,87,0.013390911743044853,0.07878875732421875,599355582.0,0.016442591324448586,333013,1
StandardGSGP,86b421a8-ace8-11ef-a3e1-8863df8a28b9,istanbul,13,88,0.013390911743044853,0.07280445098876953,693987290.0,0.016442591324448586,333013,1
StandardGSGP,86b421a8-ace8-11ef-a3e1-8863df8a28b9,istanbul,13,89,0.013380327261984348,0.0767970085144043,960888688.0,0.01643810048699379,333023,1
StandardGSGP,86b421a8-ace8-11ef-a3e1-8863df8a28b9,istanbul,13,90,0.013343747705221176,0.08078360557556152,971378222.0,0.01658042147755623,333047,1
StandardGSGP,86b421a8-ace8-11ef-a3e1-8863df8a28b9,istanbul,13,91,0.013343747705221176,0.07380199432373047,1158126088.0,0.01658042147755623,333047,1
StandardGSGP,86b421a8-ace8-11ef-a3e1-8863df8a28b9,istanbul,13,92,0.013343747705221176,0.07280516624450684,1301557502.0,0.01658042147755623,333047,1
StandardGSGP,86b421a8-ace8-11ef-a3e1-8863df8a28b9,istanbul,13,93,0.013343747705221176,0.07879137992858887,1510518866.0,0.01658042147755623,333047,1
StandardGSGP,86b421a8-ace8-11ef-a3e1-8863df8a28b9,istanbul,13,94,0.013343747705221176,0.08078169822692871,1814928146.0,0.01658042147755623,333047,1
StandardGSGP,86b421a8-ace8-11ef-a3e1-8863df8a28b9,istanbul,13,95,0.013343747705221176,0.0777883529663086,2570679936.0,0.01658042147755623,333047,1
StandardGSGP,86b421a8-ace8-11ef-a3e1-8863df8a28b9,istanbul,13,96,0.013339906930923462,0.07779455184936523,2306218588.0,0.016585592180490494,333053,1
StandardGSGP,86b421a8-ace8-11ef-a3e1-8863df8a28b9,istanbul,13,97,0.013339906930923462,0.07779264450073242,2213726984.0,0.016585592180490494,333053,1
StandardGSGP,86b421a8-ace8-11ef-a3e1-8863df8a28b9,istanbul,13,98,0.013338025659322739,0.08178043365478516,2031787236.0,0.016191286966204643,333077,1
StandardGSGP,86b421a8-ace8-11ef-a3e1-8863df8a28b9,istanbul,13,99,0.013338025659322739,0.07841873168945312,2482119260.0,0.016191286966204643,333077,1
StandardGSGP,86b421a8-ace8-11ef-a3e1-8863df8a28b9,istanbul,13,100,0.013338025659322739,0.08490347862243652,3538787462.0,0.016191286966204643,333077,1
