StandardGSGP,12bf97eb-ace8-11ef-8d37-8863df8a28b9,istanbul,21,0,0.11587592959403992,1.1589961051940918,20658.0,0.09362161159515381,5,1
StandardGSGP,12bf97eb-ace8-11ef-8d37-8863df8a28b9,istanbul,21,1,0.11386585980653763,0.20644712448120117,3722.0,0.11381525546312332,11,1
StandardGSGP,12bf97eb-ace8-11ef-8d37-8863df8a28b9,istanbul,21,2,0.11386585980653763,0.08377456665039062,2606.0,0.11381525546312332,11,1
StandardGSGP,12bf97eb-ace8-11ef-8d37-8863df8a28b9,istanbul,21,3,0.10363518446683884,0.08477330207824707,3520.0,0.10025757551193237,17,1
StandardGSGP,12bf97eb-ace8-11ef-8d37-8863df8a28b9,istanbul,21,4,0.1025613397359848,0.07978653907775879,4280.0,0.0993882566690445,19,1
StandardGSGP,12bf97eb-ace8-11ef-8d37-8863df8a28b9,istanbul,21,5,0.1025613397359848,0.08477282524108887,4796.0,0.0993882566690445,19,1
StandardGSGP,12bf97eb-ace8-11ef-8d37-8863df8a28b9,istanbul,21,6,0.09675001353025436,0.0718080997467041,5494.0,0.09194923937320709,25,1
StandardGSGP,12bf97eb-ace8-11ef-8d37-8863df8a28b9,istanbul,21,7,0.09675001353025436,0.08377623558044434,6116.0,0.09194923937320709,25,1
StandardGSGP,12bf97eb-ace8-11ef-8d37-8863df8a28b9,istanbul,21,8,0.09675001353025436,0.07779169082641602,6960.0,0.09194923937320709,25,1
StandardGSGP,12bf97eb-ace8-11ef-8d37-8863df8a28b9,istanbul,21,9,0.09675001353025436,0.08577132225036621,7732.0,0.09194923937320709,25,1
StandardGSGP,12bf97eb-ace8-11ef-8d37-8863df8a28b9,istanbul,21,10,0.09653586149215698,0.08377575874328613,8632.0,0.09186092019081116,43,1
StandardGSGP,12bf97eb-ace8-11ef-8d37-8863df8a28b9,istanbul,21,11,0.09505195915699005,0.08377480506896973,8442.0,0.08982420712709427,31,1
StandardGSGP,12bf97eb-ace8-11ef-8d37-8863df8a28b9,istanbul,21,12,0.09450308233499527,0.07779145240783691,9432.0,0.08631708472967148,37,1
StandardGSGP,12bf97eb-ace8-11ef-8d37-8863df8a28b9,istanbul,21,13,0.09341725707054138,0.07878994941711426,9328.0,0.08640643954277039,61,1
StandardGSGP,12bf97eb-ace8-11ef-8d37-8863df8a28b9,istanbul,21,14,0.09341725707054138,0.08277702331542969,10002.0,0.08640643954277039,61,1
StandardGSGP,12bf97eb-ace8-11ef-8d37-8863df8a28b9,istanbul,21,15,0.09341725707054138,0.07978653907775879,10708.0,0.08640643954277039,61,1
StandardGSGP,12bf97eb-ace8-11ef-8d37-8863df8a28b9,istanbul,21,16,0.09341725707054138,0.07779145240783691,11556.0,0.08640643954277039,61,1
StandardGSGP,12bf97eb-ace8-11ef-8d37-8863df8a28b9,istanbul,21,17,0.09341725707054138,0.08277344703674316,12184.0,0.08640643954277039,61,1
StandardGSGP,12bf97eb-ace8-11ef-8d37-8863df8a28b9,istanbul,21,18,0.09322994202375412,0.07479977607727051,12686.0,0.08371563255786896,87,1
StandardGSGP,12bf97eb-ace8-11ef-8d37-8863df8a28b9,istanbul,21,19,0.09322994202375412,0.07679438591003418,13008.0,0.08371563255786896,87,1
StandardGSGP,12bf97eb-ace8-11ef-8d37-8863df8a28b9,istanbul,21,20,0.09252992272377014,0.07779479026794434,12956.0,0.0835547149181366,115,1
StandardGSGP,12bf97eb-ace8-11ef-8d37-8863df8a28b9,istanbul,21,21,0.09252992272377014,0.08377552032470703,13530.0,0.0835547149181366,115,1
StandardGSGP,12bf97eb-ace8-11ef-8d37-8863df8a28b9,istanbul,21,22,0.09252992272377014,0.07779288291931152,14040.0,0.0835547149181366,115,1
StandardGSGP,12bf97eb-ace8-11ef-8d37-8863df8a28b9,istanbul,21,23,0.08957094699144363,0.07978630065917969,15048.0,0.09275916963815689,195,1
StandardGSGP,12bf97eb-ace8-11ef-8d37-8863df8a28b9,istanbul,21,24,0.08957094699144363,0.07879090309143066,16464.0,0.09275916963815689,195,1
StandardGSGP,12bf97eb-ace8-11ef-8d37-8863df8a28b9,istanbul,21,25,0.08957094699144363,0.08078384399414062,17380.0,0.09275916963815689,195,1
StandardGSGP,12bf97eb-ace8-11ef-8d37-8863df8a28b9,istanbul,21,26,0.08923952281475067,0.08277368545532227,18164.0,0.09034385532140732,207,1
StandardGSGP,12bf97eb-ace8-11ef-8d37-8863df8a28b9,istanbul,21,27,0.08861445635557175,0.07579374313354492,18460.0,0.09200116991996765,211,1
StandardGSGP,12bf97eb-ace8-11ef-8d37-8863df8a28b9,istanbul,21,28,0.08861445635557175,0.08477187156677246,19430.0,0.09200116991996765,211,1
StandardGSGP,12bf97eb-ace8-11ef-8d37-8863df8a28b9,istanbul,21,29,0.08861445635557175,0.07879042625427246,20378.0,0.09200116991996765,211,1
StandardGSGP,12bf97eb-ace8-11ef-8d37-8863df8a28b9,istanbul,21,30,0.08861445635557175,0.08177995681762695,21020.0,0.09200116991996765,211,1
StandardGSGP,12bf97eb-ace8-11ef-8d37-8863df8a28b9,istanbul,21,31,0.08861445635557175,0.08577156066894531,21804.0,0.09200116991996765,211,1
StandardGSGP,12bf97eb-ace8-11ef-8d37-8863df8a28b9,istanbul,21,32,0.08751437813043594,0.07579612731933594,23040.0,0.09092263877391815,241,1
StandardGSGP,12bf97eb-ace8-11ef-8d37-8863df8a28b9,istanbul,21,33,0.08679205179214478,0.0857694149017334,23790.0,0.08949654549360275,247,1
StandardGSGP,12bf97eb-ace8-11ef-8d37-8863df8a28b9,istanbul,21,34,0.08679205179214478,0.07679581642150879,24926.0,0.08949654549360275,247,1
StandardGSGP,12bf97eb-ace8-11ef-8d37-8863df8a28b9,istanbul,21,35,0.08679205179214478,0.07579517364501953,25674.0,0.08949654549360275,247,1
StandardGSGP,12bf97eb-ace8-11ef-8d37-8863df8a28b9,istanbul,21,36,0.08679205179214478,0.07579541206359863,26502.0,0.08949654549360275,247,1
StandardGSGP,12bf97eb-ace8-11ef-8d37-8863df8a28b9,istanbul,21,37,0.08679205179214478,0.08277583122253418,27370.0,0.08949654549360275,247,1
StandardGSGP,12bf97eb-ace8-11ef-8d37-8863df8a28b9,istanbul,21,38,0.08679205179214478,0.08676552772521973,28370.0,0.08949654549360275,247,1
StandardGSGP,12bf97eb-ace8-11ef-8d37-8863df8a28b9,istanbul,21,39,0.08679205179214478,0.08178329467773438,28732.0,0.08949654549360275,247,1
StandardGSGP,12bf97eb-ace8-11ef-8d37-8863df8a28b9,istanbul,21,40,0.08679205179214478,0.07675719261169434,29646.0,0.08949654549360275,247,1
StandardGSGP,12bf97eb-ace8-11ef-8d37-8863df8a28b9,istanbul,21,41,0.08679205179214478,0.08481311798095703,30396.0,0.08949654549360275,247,1
StandardGSGP,12bf97eb-ace8-11ef-8d37-8863df8a28b9,istanbul,21,42,0.08679205179214478,0.07878351211547852,30930.0,0.08949654549360275,247,1
StandardGSGP,12bf97eb-ace8-11ef-8d37-8863df8a28b9,istanbul,21,43,0.08679205179214478,0.07882070541381836,31142.0,0.08949654549360275,247,1
StandardGSGP,12bf97eb-ace8-11ef-8d37-8863df8a28b9,istanbul,21,44,0.08679205179214478,0.08737993240356445,31966.0,0.08949654549360275,247,1
StandardGSGP,12bf97eb-ace8-11ef-8d37-8863df8a28b9,istanbul,21,45,0.08679205179214478,0.07290124893188477,32364.0,0.08949654549360275,247,1
StandardGSGP,12bf97eb-ace8-11ef-8d37-8863df8a28b9,istanbul,21,46,0.08679205179214478,0.07264852523803711,33110.0,0.08949654549360275,247,1
StandardGSGP,12bf97eb-ace8-11ef-8d37-8863df8a28b9,istanbul,21,47,0.08527588844299316,0.08098673820495605,33660.0,0.12557853758335114,329,1
StandardGSGP,12bf97eb-ace8-11ef-8d37-8863df8a28b9,istanbul,21,48,0.08527588844299316,0.07880187034606934,34562.0,0.12557853758335114,329,1
StandardGSGP,12bf97eb-ace8-11ef-8d37-8863df8a28b9,istanbul,21,49,0.08489876240491867,0.07970237731933594,35334.0,0.12482129782438278,337,1
StandardGSGP,12bf97eb-ace8-11ef-8d37-8863df8a28b9,istanbul,21,50,0.08489876240491867,0.08910822868347168,36054.0,0.12482129782438278,337,1
StandardGSGP,12bf97eb-ace8-11ef-8d37-8863df8a28b9,istanbul,21,51,0.08489876240491867,0.07876896858215332,36318.0,0.12482129782438278,337,1
StandardGSGP,12bf97eb-ace8-11ef-8d37-8863df8a28b9,istanbul,21,52,0.08489876240491867,0.08484935760498047,36400.0,0.12482129782438278,337,1
StandardGSGP,12bf97eb-ace8-11ef-8d37-8863df8a28b9,istanbul,21,53,0.08489876240491867,0.0787968635559082,37160.0,0.12482129782438278,337,1
StandardGSGP,12bf97eb-ace8-11ef-8d37-8863df8a28b9,istanbul,21,54,0.08489876240491867,0.07876706123352051,38168.0,0.12482129782438278,337,1
StandardGSGP,12bf97eb-ace8-11ef-8d37-8863df8a28b9,istanbul,21,55,0.08489876240491867,0.08663415908813477,39000.0,0.12482129782438278,337,1
StandardGSGP,12bf97eb-ace8-11ef-8d37-8863df8a28b9,istanbul,21,56,0.08489876240491867,0.07781195640563965,39606.0,0.12482129782438278,337,1
StandardGSGP,12bf97eb-ace8-11ef-8d37-8863df8a28b9,istanbul,21,57,0.08489876240491867,0.07497119903564453,39632.0,0.12482129782438278,337,1
StandardGSGP,12bf97eb-ace8-11ef-8d37-8863df8a28b9,istanbul,21,58,0.08489876240491867,0.08667874336242676,39978.0,0.12482129782438278,337,1
StandardGSGP,12bf97eb-ace8-11ef-8d37-8863df8a28b9,istanbul,21,59,0.08489876240491867,0.07756471633911133,39922.0,0.12482129782438278,337,1
StandardGSGP,12bf97eb-ace8-11ef-8d37-8863df8a28b9,istanbul,21,60,0.08489876240491867,0.07822561264038086,40450.0,0.12482129782438278,337,1
StandardGSGP,12bf97eb-ace8-11ef-8d37-8863df8a28b9,istanbul,21,61,0.08489876240491867,0.0788419246673584,40838.0,0.12482129782438278,337,1
StandardGSGP,12bf97eb-ace8-11ef-8d37-8863df8a28b9,istanbul,21,62,0.08489876240491867,0.07883429527282715,40884.0,0.12482129782438278,337,1
StandardGSGP,12bf97eb-ace8-11ef-8d37-8863df8a28b9,istanbul,21,63,0.08489876240491867,0.10294175148010254,41646.0,0.12482129782438278,337,1
StandardGSGP,12bf97eb-ace8-11ef-8d37-8863df8a28b9,istanbul,21,64,0.08489876240491867,0.08533263206481934,42388.0,0.12482129782438278,337,1
StandardGSGP,12bf97eb-ace8-11ef-8d37-8863df8a28b9,istanbul,21,65,0.08448878675699234,0.07878971099853516,42918.0,0.12615856528282166,381,1
StandardGSGP,12bf97eb-ace8-11ef-8d37-8863df8a28b9,istanbul,21,66,0.08448878675699234,0.08676791191101074,43926.0,0.12615856528282166,381,1
StandardGSGP,12bf97eb-ace8-11ef-8d37-8863df8a28b9,istanbul,21,67,0.08430955559015274,0.07978558540344238,44326.0,0.12987405061721802,387,1
StandardGSGP,12bf97eb-ace8-11ef-8d37-8863df8a28b9,istanbul,21,68,0.08355826884508133,0.08377933502197266,45306.0,0.12936969101428986,395,1
StandardGSGP,12bf97eb-ace8-11ef-8d37-8863df8a28b9,istanbul,21,69,0.08355826884508133,0.07280540466308594,45920.0,0.12936969101428986,395,1
StandardGSGP,12bf97eb-ace8-11ef-8d37-8863df8a28b9,istanbul,21,70,0.08355826884508133,0.08178448677062988,46978.0,0.12936969101428986,395,1
StandardGSGP,12bf97eb-ace8-11ef-8d37-8863df8a28b9,istanbul,21,71,0.08355826884508133,0.08078336715698242,47370.0,0.12936969101428986,395,1
StandardGSGP,12bf97eb-ace8-11ef-8d37-8863df8a28b9,istanbul,21,72,0.08355826884508133,0.08078193664550781,47334.0,0.12936969101428986,395,1
StandardGSGP,12bf97eb-ace8-11ef-8d37-8863df8a28b9,istanbul,21,73,0.08355826884508133,0.07878828048706055,48334.0,0.12936969101428986,395,1
StandardGSGP,12bf97eb-ace8-11ef-8d37-8863df8a28b9,istanbul,21,74,0.08355826884508133,0.07878899574279785,48514.0,0.12936969101428986,395,1
StandardGSGP,12bf97eb-ace8-11ef-8d37-8863df8a28b9,istanbul,21,75,0.08355826884508133,0.0887610912322998,49258.0,0.12936969101428986,395,1
StandardGSGP,12bf97eb-ace8-11ef-8d37-8863df8a28b9,istanbul,21,76,0.08355826884508133,0.0857691764831543,50742.0,0.12936969101428986,395,1
StandardGSGP,12bf97eb-ace8-11ef-8d37-8863df8a28b9,istanbul,21,77,0.08355826884508133,0.08178257942199707,50570.0,0.12936969101428986,395,1
StandardGSGP,12bf97eb-ace8-11ef-8d37-8863df8a28b9,istanbul,21,78,0.08355826884508133,0.0857696533203125,50794.0,0.12936969101428986,395,1
StandardGSGP,12bf97eb-ace8-11ef-8d37-8863df8a28b9,istanbul,21,79,0.08355826884508133,0.08377623558044434,51120.0,0.12936969101428986,395,1
StandardGSGP,12bf97eb-ace8-11ef-8d37-8863df8a28b9,istanbul,21,80,0.08355826884508133,0.08277726173400879,49458.0,0.12936969101428986,395,1
StandardGSGP,12bf97eb-ace8-11ef-8d37-8863df8a28b9,istanbul,21,81,0.08355826884508133,0.08078408241271973,49886.0,0.12936969101428986,395,1
StandardGSGP,12bf97eb-ace8-11ef-8d37-8863df8a28b9,istanbul,21,82,0.08355826884508133,0.08178162574768066,49204.0,0.12936969101428986,395,1
StandardGSGP,12bf97eb-ace8-11ef-8d37-8863df8a28b9,istanbul,21,83,0.08355826884508133,0.0857698917388916,48878.0,0.12936969101428986,395,1
StandardGSGP,12bf97eb-ace8-11ef-8d37-8863df8a28b9,istanbul,21,84,0.08355826884508133,0.08177709579467773,48856.0,0.12936969101428986,395,1
StandardGSGP,12bf97eb-ace8-11ef-8d37-8863df8a28b9,istanbul,21,85,0.08355826884508133,0.07878875732421875,49072.0,0.12936969101428986,395,1
StandardGSGP,12bf97eb-ace8-11ef-8d37-8863df8a28b9,istanbul,21,86,0.08355826884508133,0.08177995681762695,48854.0,0.12936969101428986,395,1
StandardGSGP,12bf97eb-ace8-11ef-8d37-8863df8a28b9,istanbul,21,87,0.08355826884508133,0.08078241348266602,48134.0,0.12936969101428986,395,1
StandardGSGP,12bf97eb-ace8-11ef-8d37-8863df8a28b9,istanbul,21,88,0.08355826884508133,0.08178353309631348,48716.0,0.12936969101428986,395,1
StandardGSGP,12bf97eb-ace8-11ef-8d37-8863df8a28b9,istanbul,21,89,0.08355826884508133,0.07978558540344238,49256.0,0.12936969101428986,395,1
StandardGSGP,12bf97eb-ace8-11ef-8d37-8863df8a28b9,istanbul,21,90,0.08355826884508133,0.0807797908782959,49752.0,0.12936969101428986,395,1
StandardGSGP,12bf97eb-ace8-11ef-8d37-8863df8a28b9,istanbul,21,91,0.08355826884508133,0.07978558540344238,48812.0,0.12936969101428986,395,1
StandardGSGP,12bf97eb-ace8-11ef-8d37-8863df8a28b9,istanbul,21,92,0.08355826884508133,0.08277678489685059,49912.0,0.12936969101428986,395,1
StandardGSGP,12bf97eb-ace8-11ef-8d37-8863df8a28b9,istanbul,21,93,0.08355826884508133,0.18350672721862793,50252.0,0.12936969101428986,395,1
StandardGSGP,12bf97eb-ace8-11ef-8d37-8863df8a28b9,istanbul,21,94,0.08355826884508133,0.08078479766845703,51408.0,0.12936969101428986,395,1
StandardGSGP,12bf97eb-ace8-11ef-8d37-8863df8a28b9,istanbul,21,95,0.08315683901309967,0.08078384399414062,52416.0,0.12950022518634796,405,1
StandardGSGP,12bf97eb-ace8-11ef-8d37-8863df8a28b9,istanbul,21,96,0.08314254134893417,0.07779312133789062,51782.0,0.12954272329807281,401,1
StandardGSGP,12bf97eb-ace8-11ef-8d37-8863df8a28b9,istanbul,21,97,0.08314254134893417,0.08776211738586426,51578.0,0.12954272329807281,401,1
StandardGSGP,12bf97eb-ace8-11ef-8d37-8863df8a28b9,istanbul,21,98,0.08314254134893417,0.0857701301574707,50594.0,0.12954272329807281,401,1
StandardGSGP,12bf97eb-ace8-11ef-8d37-8863df8a28b9,istanbul,21,99,0.08314254134893417,0.08776307106018066,51250.0,0.12954272329807281,401,1
StandardGSGP,12bf97eb-ace8-11ef-8d37-8863df8a28b9,istanbul,21,100,0.08314254134893417,0.08177614212036133,51582.0,0.12954272329807281,401,1
StandardGSGP,add9a47e-ace8-11ef-b6c3-8863df8a28b9,istanbul,21,0,0.015535478480160236,0.07878375053405762,1400.0,0.013932271860539913,3,1
StandardGSGP,add9a47e-ace8-11ef-b6c3-8863df8a28b9,istanbul,21,1,0.015535478480160236,0.07886505126953125,2400.0,0.013932271860539913,3,1
StandardGSGP,add9a47e-ace8-11ef-b6c3-8863df8a28b9,istanbul,21,2,0.015450761653482914,0.09091663360595703,3722.0,0.014204894192516804,21,1
StandardGSGP,add9a47e-ace8-11ef-b6c3-8863df8a28b9,istanbul,21,3,0.015230021439492702,0.08046936988830566,5126.0,0.013770591467618942,11,1
StandardGSGP,add9a47e-ace8-11ef-b6c3-8863df8a28b9,istanbul,21,4,0.014635931700468063,0.08466958999633789,6046.0,0.013431120663881302,93,1
StandardGSGP,add9a47e-ace8-11ef-b6c3-8863df8a28b9,istanbul,21,5,0.014477679505944252,0.08078455924987793,7304.0,0.014150602743029594,35,1
StandardGSGP,add9a47e-ace8-11ef-b6c3-8863df8a28b9,istanbul,21,6,0.014477679505944252,0.07978630065917969,9356.0,0.014150602743029594,35,1
StandardGSGP,add9a47e-ace8-11ef-b6c3-8863df8a28b9,istanbul,21,7,0.01428050547838211,0.07579946517944336,11978.0,0.013652870431542397,155,1
StandardGSGP,add9a47e-ace8-11ef-b6c3-8863df8a28b9,istanbul,21,8,0.01428050547838211,0.07879018783569336,14610.0,0.013652870431542397,155,1
StandardGSGP,add9a47e-ace8-11ef-b6c3-8863df8a28b9,istanbul,21,9,0.01428050547838211,0.07579851150512695,20360.0,0.013652870431542397,155,1
StandardGSGP,add9a47e-ace8-11ef-b6c3-8863df8a28b9,istanbul,21,10,0.014274879358708858,0.07080984115600586,26126.0,0.013616692274808884,161,1
StandardGSGP,add9a47e-ace8-11ef-b6c3-8863df8a28b9,istanbul,21,11,0.014190338551998138,0.0718088150024414,35910.0,0.01337195560336113,169,1
StandardGSGP,add9a47e-ace8-11ef-b6c3-8863df8a28b9,istanbul,21,12,0.014190338551998138,0.07679629325866699,46214.0,0.01337195560336113,169,1
StandardGSGP,add9a47e-ace8-11ef-b6c3-8863df8a28b9,istanbul,21,13,0.014190338551998138,0.07380247116088867,56642.0,0.01337195560336113,169,1
StandardGSGP,add9a47e-ace8-11ef-b6c3-8863df8a28b9,istanbul,21,14,0.014190338551998138,0.08178162574768066,75932.0,0.01337195560336113,169,1
StandardGSGP,add9a47e-ace8-11ef-b6c3-8863df8a28b9,istanbul,21,15,0.014190338551998138,0.08078765869140625,85782.0,0.01337195560336113,169,1
StandardGSGP,add9a47e-ace8-11ef-b6c3-8863df8a28b9,istanbul,21,16,0.014190338551998138,0.07579779624938965,104926.0,0.01337195560336113,169,1
StandardGSGP,add9a47e-ace8-11ef-b6c3-8863df8a28b9,istanbul,21,17,0.014190338551998138,0.07879114151000977,119484.0,0.01337195560336113,169,1
StandardGSGP,add9a47e-ace8-11ef-b6c3-8863df8a28b9,istanbul,21,18,0.014190338551998138,0.074798583984375,153254.0,0.01337195560336113,169,1
StandardGSGP,add9a47e-ace8-11ef-b6c3-8863df8a28b9,istanbul,21,19,0.014190338551998138,0.07779455184936523,188688.0,0.01337195560336113,169,1
StandardGSGP,add9a47e-ace8-11ef-b6c3-8863df8a28b9,istanbul,21,20,0.014190338551998138,0.07779455184936523,249428.0,0.01337195560336113,169,1
StandardGSGP,add9a47e-ace8-11ef-b6c3-8863df8a28b9,istanbul,21,21,0.014190338551998138,0.0747983455657959,296746.0,0.01337195560336113,169,1
StandardGSGP,add9a47e-ace8-11ef-b6c3-8863df8a28b9,istanbul,21,22,0.014190338551998138,0.07779312133789062,307838.0,0.01337195560336113,169,1
StandardGSGP,add9a47e-ace8-11ef-b6c3-8863df8a28b9,istanbul,21,23,0.014190338551998138,0.07878971099853516,333202.0,0.01337195560336113,169,1
StandardGSGP,add9a47e-ace8-11ef-b6c3-8863df8a28b9,istanbul,21,24,0.014190338551998138,0.07081174850463867,444982.0,0.01337195560336113,169,1
StandardGSGP,add9a47e-ace8-11ef-b6c3-8863df8a28b9,istanbul,21,25,0.014183452352881432,0.08078670501708984,439014.0,0.013372168876230717,183,1
StandardGSGP,add9a47e-ace8-11ef-b6c3-8863df8a28b9,istanbul,21,26,0.014183452352881432,0.07280540466308594,398440.0,0.013372168876230717,183,1
StandardGSGP,add9a47e-ace8-11ef-b6c3-8863df8a28b9,istanbul,21,27,0.014183452352881432,0.07878828048706055,410246.0,0.013372168876230717,183,1
StandardGSGP,add9a47e-ace8-11ef-b6c3-8863df8a28b9,istanbul,21,28,0.014183452352881432,0.071807861328125,525538.0,0.013372168876230717,183,1
StandardGSGP,add9a47e-ace8-11ef-b6c3-8863df8a28b9,istanbul,21,29,0.014183452352881432,0.07679152488708496,596680.0,0.013372168876230717,183,1
StandardGSGP,add9a47e-ace8-11ef-b6c3-8863df8a28b9,istanbul,21,30,0.014183452352881432,0.07779335975646973,529262.0,0.013372168876230717,183,1
StandardGSGP,add9a47e-ace8-11ef-b6c3-8863df8a28b9,istanbul,21,31,0.014183452352881432,0.07779502868652344,483680.0,0.013372168876230717,183,1
StandardGSGP,add9a47e-ace8-11ef-b6c3-8863df8a28b9,istanbul,21,32,0.014183452352881432,0.07879018783569336,654180.0,0.013372168876230717,183,1
StandardGSGP,add9a47e-ace8-11ef-b6c3-8863df8a28b9,istanbul,21,33,0.014183452352881432,0.0718073844909668,695274.0,0.013372168876230717,183,1
StandardGSGP,add9a47e-ace8-11ef-b6c3-8863df8a28b9,istanbul,21,34,0.014183452352881432,0.07180666923522949,1319624.0,0.013372168876230717,183,1
StandardGSGP,add9a47e-ace8-11ef-b6c3-8863df8a28b9,istanbul,21,35,0.014183452352881432,0.07379961013793945,1956568.0,0.013372168876230717,183,1
StandardGSGP,add9a47e-ace8-11ef-b6c3-8863df8a28b9,istanbul,21,36,0.014183452352881432,0.07480025291442871,2349250.0,0.013372168876230717,183,1
StandardGSGP,add9a47e-ace8-11ef-b6c3-8863df8a28b9,istanbul,21,37,0.014183452352881432,0.07878684997558594,3149712.0,0.013372168876230717,183,1
StandardGSGP,add9a47e-ace8-11ef-b6c3-8863df8a28b9,istanbul,21,38,0.014183452352881432,0.07978630065917969,3901504.0,0.013372168876230717,183,1
StandardGSGP,add9a47e-ace8-11ef-b6c3-8863df8a28b9,istanbul,21,39,0.014178195036947727,0.0747978687286377,4122336.0,0.013378730975091457,201,1
StandardGSGP,add9a47e-ace8-11ef-b6c3-8863df8a28b9,istanbul,21,40,0.014178195036947727,0.08078169822692871,4035424.0,0.013378730975091457,201,1
StandardGSGP,add9a47e-ace8-11ef-b6c3-8863df8a28b9,istanbul,21,41,0.014167288318276405,0.0827779769897461,4573602.0,0.013374477624893188,207,1
StandardGSGP,add9a47e-ace8-11ef-b6c3-8863df8a28b9,istanbul,21,42,0.014167288318276405,0.07879042625427246,5974634.0,0.013374477624893188,207,1
StandardGSGP,add9a47e-ace8-11ef-b6c3-8863df8a28b9,istanbul,21,43,0.01414059940725565,0.07878780364990234,7139652.0,0.013231315650045872,217,1
StandardGSGP,add9a47e-ace8-11ef-b6c3-8863df8a28b9,istanbul,21,44,0.01414059940725565,0.0767982006072998,8715908.0,0.013231315650045872,217,1
StandardGSGP,add9a47e-ace8-11ef-b6c3-8863df8a28b9,istanbul,21,45,0.01414059940725565,0.07978653907775879,10872984.0,0.013231315650045872,217,1
StandardGSGP,add9a47e-ace8-11ef-b6c3-8863df8a28b9,istanbul,21,46,0.01414059940725565,0.07878947257995605,13101690.0,0.013231315650045872,217,1
StandardGSGP,add9a47e-ace8-11ef-b6c3-8863df8a28b9,istanbul,21,47,0.01414059940725565,0.07679390907287598,15399488.0,0.013231315650045872,217,1
StandardGSGP,add9a47e-ace8-11ef-b6c3-8863df8a28b9,istanbul,21,48,0.01414059940725565,0.07579636573791504,12566088.0,0.013231315650045872,217,1
StandardGSGP,add9a47e-ace8-11ef-b6c3-8863df8a28b9,istanbul,21,49,0.01414059940725565,0.07280540466308594,14160378.0,0.013231315650045872,217,1
StandardGSGP,add9a47e-ace8-11ef-b6c3-8863df8a28b9,istanbul,21,50,0.01414059940725565,0.07779431343078613,12185954.0,0.013231315650045872,217,1
StandardGSGP,add9a47e-ace8-11ef-b6c3-8863df8a28b9,istanbul,21,51,0.01414059940725565,0.07280468940734863,15015908.0,0.013231315650045872,217,1
StandardGSGP,add9a47e-ace8-11ef-b6c3-8863df8a28b9,istanbul,21,52,0.01414059940725565,0.07679629325866699,15931766.0,0.013231315650045872,217,1
StandardGSGP,add9a47e-ace8-11ef-b6c3-8863df8a28b9,istanbul,21,53,0.01414059940725565,0.07679939270019531,11472360.0,0.013231315650045872,217,1
StandardGSGP,add9a47e-ace8-11ef-b6c3-8863df8a28b9,istanbul,21,54,0.01414059940725565,0.07601332664489746,11874264.0,0.013231315650045872,217,1
StandardGSGP,add9a47e-ace8-11ef-b6c3-8863df8a28b9,istanbul,21,55,0.01414059940725565,0.08158302307128906,13600412.0,0.013231315650045872,217,1
StandardGSGP,add9a47e-ace8-11ef-b6c3-8863df8a28b9,istanbul,21,56,0.01414059940725565,0.0757911205291748,13365728.0,0.013231315650045872,217,1
StandardGSGP,add9a47e-ace8-11ef-b6c3-8863df8a28b9,istanbul,21,57,0.01414059940725565,0.0767672061920166,14083626.0,0.013231315650045872,217,1
StandardGSGP,add9a47e-ace8-11ef-b6c3-8863df8a28b9,istanbul,21,58,0.01414059940725565,0.07449197769165039,18224292.0,0.013231315650045872,217,1
StandardGSGP,add9a47e-ace8-11ef-b6c3-8863df8a28b9,istanbul,21,59,0.01414059940725565,0.07217168807983398,19343940.0,0.013231315650045872,217,1
StandardGSGP,add9a47e-ace8-11ef-b6c3-8863df8a28b9,istanbul,21,60,0.01414059940725565,0.0728292465209961,22949496.0,0.013231315650045872,217,1
StandardGSGP,add9a47e-ace8-11ef-b6c3-8863df8a28b9,istanbul,21,61,0.01414059940725565,0.07229375839233398,26994592.0,0.013231315650045872,217,1
StandardGSGP,add9a47e-ace8-11ef-b6c3-8863df8a28b9,istanbul,21,62,0.014138278551399708,0.0726618766784668,27218270.0,0.013197669759392738,225,1
StandardGSGP,add9a47e-ace8-11ef-b6c3-8863df8a28b9,istanbul,21,63,0.014063102193176746,0.07271528244018555,30609462.0,0.01333740632981062,231,1
StandardGSGP,add9a47e-ace8-11ef-b6c3-8863df8a28b9,istanbul,21,64,0.014063102193176746,0.07687187194824219,31380666.0,0.01333740632981062,231,1
StandardGSGP,add9a47e-ace8-11ef-b6c3-8863df8a28b9,istanbul,21,65,0.014063102193176746,0.0728144645690918,34338950.0,0.01333740632981062,231,1
StandardGSGP,add9a47e-ace8-11ef-b6c3-8863df8a28b9,istanbul,21,66,0.014063102193176746,0.07872843742370605,36905716.0,0.01333740632981062,231,1
StandardGSGP,add9a47e-ace8-11ef-b6c3-8863df8a28b9,istanbul,21,67,0.014063102193176746,0.06661057472229004,51411330.0,0.01333740632981062,231,1
StandardGSGP,add9a47e-ace8-11ef-b6c3-8863df8a28b9,istanbul,21,68,0.014063102193176746,0.07525277137756348,58575266.0,0.01333740632981062,231,1
StandardGSGP,add9a47e-ace8-11ef-b6c3-8863df8a28b9,istanbul,21,69,0.014063102193176746,0.07475590705871582,67663710.0,0.01333740632981062,231,1
StandardGSGP,add9a47e-ace8-11ef-b6c3-8863df8a28b9,istanbul,21,70,0.014062879607081413,0.07879376411437988,82837324.0,0.013304287567734718,241,1
StandardGSGP,add9a47e-ace8-11ef-b6c3-8863df8a28b9,istanbul,21,71,0.014062879607081413,0.07881999015808105,110040060.0,0.013304287567734718,241,1
StandardGSGP,add9a47e-ace8-11ef-b6c3-8863df8a28b9,istanbul,21,72,0.014062879607081413,0.07422685623168945,95705986.0,0.013304287567734718,241,1
StandardGSGP,add9a47e-ace8-11ef-b6c3-8863df8a28b9,istanbul,21,73,0.014062879607081413,0.07912826538085938,83038386.0,0.013304287567734718,241,1
StandardGSGP,add9a47e-ace8-11ef-b6c3-8863df8a28b9,istanbul,21,74,0.014062879607081413,0.07883620262145996,79538554.0,0.013304287567734718,241,1
StandardGSGP,add9a47e-ace8-11ef-b6c3-8863df8a28b9,istanbul,21,75,0.014062879607081413,0.07885861396789551,83414458.0,0.013304287567734718,241,1
StandardGSGP,add9a47e-ace8-11ef-b6c3-8863df8a28b9,istanbul,21,76,0.014062152244150639,0.1873617172241211,93265460.0,0.013304172083735466,251,1
StandardGSGP,add9a47e-ace8-11ef-b6c3-8863df8a28b9,istanbul,21,77,0.014062152244150639,0.07260799407958984,98080364.0,0.013304172083735466,251,1
StandardGSGP,add9a47e-ace8-11ef-b6c3-8863df8a28b9,istanbul,21,78,0.014062101021409035,0.07214164733886719,100371636.0,0.013304689899086952,257,1
StandardGSGP,add9a47e-ace8-11ef-b6c3-8863df8a28b9,istanbul,21,79,0.014053644612431526,0.08266782760620117,149935028.0,0.013328039087355137,257,1
StandardGSGP,add9a47e-ace8-11ef-b6c3-8863df8a28b9,istanbul,21,80,0.014053644612431526,0.07679533958435059,213790252.0,0.013328039087355137,257,1
StandardGSGP,add9a47e-ace8-11ef-b6c3-8863df8a28b9,istanbul,21,81,0.014053644612431526,0.07380318641662598,236684686.0,0.013328039087355137,257,1
StandardGSGP,add9a47e-ace8-11ef-b6c3-8863df8a28b9,istanbul,21,82,0.014053644612431526,0.08776450157165527,291634488.0,0.013328039087355137,257,1
StandardGSGP,add9a47e-ace8-11ef-b6c3-8863df8a28b9,istanbul,21,83,0.014053644612431526,0.07779192924499512,324917348.0,0.013328039087355137,257,1
StandardGSGP,add9a47e-ace8-11ef-b6c3-8863df8a28b9,istanbul,21,84,0.014053644612431526,0.08477377891540527,439595898.0,0.013328039087355137,257,1
StandardGSGP,add9a47e-ace8-11ef-b6c3-8863df8a28b9,istanbul,21,85,0.014050033874809742,0.08178186416625977,568875332.0,0.01332986168563366,263,1
StandardGSGP,add9a47e-ace8-11ef-b6c3-8863df8a28b9,istanbul,21,86,0.014050033874809742,0.07579660415649414,720635892.0,0.01332986168563366,263,1
StandardGSGP,add9a47e-ace8-11ef-b6c3-8863df8a28b9,istanbul,21,87,0.014050033874809742,0.07579970359802246,759632922.0,0.01332986168563366,263,1
StandardGSGP,add9a47e-ace8-11ef-b6c3-8863df8a28b9,istanbul,21,88,0.014050033874809742,0.07779264450073242,741736426.0,0.01332986168563366,263,1
StandardGSGP,add9a47e-ace8-11ef-b6c3-8863df8a28b9,istanbul,21,89,0.014050033874809742,0.0747990608215332,705584740.0,0.01332986168563366,263,1
StandardGSGP,add9a47e-ace8-11ef-b6c3-8863df8a28b9,istanbul,21,90,0.014050033874809742,0.07679224014282227,779696800.0,0.01332986168563366,263,1
StandardGSGP,add9a47e-ace8-11ef-b6c3-8863df8a28b9,istanbul,21,91,0.014050033874809742,0.07380175590515137,866839500.0,0.01332986168563366,263,1
StandardGSGP,add9a47e-ace8-11ef-b6c3-8863df8a28b9,istanbul,21,92,0.014050033874809742,0.0857706069946289,1049129390.0,0.01332986168563366,263,1
StandardGSGP,add9a47e-ace8-11ef-b6c3-8863df8a28b9,istanbul,21,93,0.014050033874809742,0.08177947998046875,1061559658.0,0.01332986168563366,263,1
StandardGSGP,add9a47e-ace8-11ef-b6c3-8863df8a28b9,istanbul,21,94,0.014050033874809742,0.08078598976135254,710189126.0,0.01332986168563366,263,1
StandardGSGP,add9a47e-ace8-11ef-b6c3-8863df8a28b9,istanbul,21,95,0.014050033874809742,0.07180953025817871,643379076.0,0.01332986168563366,263,1
StandardGSGP,add9a47e-ace8-11ef-b6c3-8863df8a28b9,istanbul,21,96,0.014050033874809742,0.07779049873352051,727805512.0,0.01332986168563366,263,1
StandardGSGP,add9a47e-ace8-11ef-b6c3-8863df8a28b9,istanbul,21,97,0.014050033874809742,0.07380199432373047,523675168.0,0.01332986168563366,263,1
StandardGSGP,add9a47e-ace8-11ef-b6c3-8863df8a28b9,istanbul,21,98,0.014050033874809742,0.07878708839416504,585346822.0,0.01332986168563366,263,1
StandardGSGP,add9a47e-ace8-11ef-b6c3-8863df8a28b9,istanbul,21,99,0.014050033874809742,0.07579970359802246,506180640.0,0.01332986168563366,263,1
StandardGSGP,add9a47e-ace8-11ef-b6c3-8863df8a28b9,istanbul,21,100,0.014050033874809742,0.07081103324890137,376594820.0,0.01332986168563366,263,1
StandardGSGP,ccd1fbe5-ad23-11ef-953d-e4a8dfc2a9a8,istanbul,21,0,0.09948327392339706,0.025604724884033203,422.0,0.09355118870735168,5,1
StandardGSGP,ccd1fbe5-ad23-11ef-953d-e4a8dfc2a9a8,istanbul,21,1,0.09948327392339706,0.057102203369140625,1200.0,0.09355118870735168,5,1
StandardGSGP,ccd1fbe5-ad23-11ef-953d-e4a8dfc2a9a8,istanbul,21,2,0.09298042953014374,0.05400657653808594,1936.0,0.08522408455610275,13,1
StandardGSGP,ccd1fbe5-ad23-11ef-953d-e4a8dfc2a9a8,istanbul,21,3,0.09071311354637146,0.055726051330566406,2602.0,0.08288398385047913,11,1
StandardGSGP,ccd1fbe5-ad23-11ef-953d-e4a8dfc2a9a8,istanbul,21,4,0.08947784453630447,0.05626797676086426,3262.0,0.08408138900995255,31,1
StandardGSGP,ccd1fbe5-ad23-11ef-953d-e4a8dfc2a9a8,istanbul,21,5,0.0847279503941536,0.05275607109069824,3998.0,0.08009541034698486,43,1
StandardGSGP,ccd1fbe5-ad23-11ef-953d-e4a8dfc2a9a8,istanbul,21,6,0.08472606539726257,0.05227518081665039,4598.0,0.080016128718853,49,1
StandardGSGP,ccd1fbe5-ad23-11ef-953d-e4a8dfc2a9a8,istanbul,21,7,0.08472606539726257,0.04954934120178223,5248.0,0.080016128718853,49,1
StandardGSGP,ccd1fbe5-ad23-11ef-953d-e4a8dfc2a9a8,istanbul,21,8,0.08472606539726257,0.05376863479614258,5964.0,0.080016128718853,49,1
StandardGSGP,ccd1fbe5-ad23-11ef-953d-e4a8dfc2a9a8,istanbul,21,9,0.08472606539726257,0.05679154396057129,6732.0,0.080016128718853,49,1
StandardGSGP,ccd1fbe5-ad23-11ef-953d-e4a8dfc2a9a8,istanbul,21,10,0.08472606539726257,0.059539794921875,7384.0,0.080016128718853,49,1
StandardGSGP,ccd1fbe5-ad23-11ef-953d-e4a8dfc2a9a8,istanbul,21,11,0.08464107662439346,0.05199790000915527,7858.0,0.07996625453233719,57,1
StandardGSGP,ccd1fbe5-ad23-11ef-953d-e4a8dfc2a9a8,istanbul,21,12,0.08464107662439346,0.051502227783203125,8454.0,0.07996625453233719,57,1
StandardGSGP,ccd1fbe5-ad23-11ef-953d-e4a8dfc2a9a8,istanbul,21,13,0.08459451049566269,0.05099821090698242,8730.0,0.08087247610092163,63,1
StandardGSGP,ccd1fbe5-ad23-11ef-953d-e4a8dfc2a9a8,istanbul,21,14,0.08327538520097733,0.057689666748046875,9258.0,0.07614492624998093,69,1
StandardGSGP,ccd1fbe5-ad23-11ef-953d-e4a8dfc2a9a8,istanbul,21,15,0.08327538520097733,0.057999372482299805,9428.0,0.07614492624998093,69,1
StandardGSGP,ccd1fbe5-ad23-11ef-953d-e4a8dfc2a9a8,istanbul,21,16,0.081730417907238,0.05451250076293945,9936.0,0.0745478942990303,77,1
StandardGSGP,ccd1fbe5-ad23-11ef-953d-e4a8dfc2a9a8,istanbul,21,17,0.081730417907238,0.05300188064575195,10152.0,0.0745478942990303,77,1
StandardGSGP,ccd1fbe5-ad23-11ef-953d-e4a8dfc2a9a8,istanbul,21,18,0.081730417907238,0.05454397201538086,10702.0,0.0745478942990303,77,1
StandardGSGP,ccd1fbe5-ad23-11ef-953d-e4a8dfc2a9a8,istanbul,21,19,0.081730417907238,0.05419278144836426,10708.0,0.0745478942990303,77,1
StandardGSGP,ccd1fbe5-ad23-11ef-953d-e4a8dfc2a9a8,istanbul,21,20,0.081730417907238,0.05699920654296875,11186.0,0.0745478942990303,77,1
StandardGSGP,ccd1fbe5-ad23-11ef-953d-e4a8dfc2a9a8,istanbul,21,21,0.08167867362499237,0.0705575942993164,11448.0,0.07456144690513611,85,1
StandardGSGP,ccd1fbe5-ad23-11ef-953d-e4a8dfc2a9a8,istanbul,21,22,0.08167867362499237,0.05202221870422363,11492.0,0.07456144690513611,85,1
StandardGSGP,ccd1fbe5-ad23-11ef-953d-e4a8dfc2a9a8,istanbul,21,23,0.08117693662643433,0.05330538749694824,11704.0,0.07337624579668045,91,1
StandardGSGP,ccd1fbe5-ad23-11ef-953d-e4a8dfc2a9a8,istanbul,21,24,0.08117693662643433,0.05100440979003906,11994.0,0.07337624579668045,91,1
StandardGSGP,ccd1fbe5-ad23-11ef-953d-e4a8dfc2a9a8,istanbul,21,25,0.08117693662643433,0.05573534965515137,12718.0,0.07337624579668045,91,1
StandardGSGP,ccd1fbe5-ad23-11ef-953d-e4a8dfc2a9a8,istanbul,21,26,0.08117693662643433,0.12662863731384277,12806.0,0.07337624579668045,91,1
StandardGSGP,ccd1fbe5-ad23-11ef-953d-e4a8dfc2a9a8,istanbul,21,27,0.08117693662643433,0.05602288246154785,13858.0,0.07337624579668045,91,1
StandardGSGP,ccd1fbe5-ad23-11ef-953d-e4a8dfc2a9a8,istanbul,21,28,0.08117693662643433,0.05500340461730957,14826.0,0.07337624579668045,91,1
StandardGSGP,ccd1fbe5-ad23-11ef-953d-e4a8dfc2a9a8,istanbul,21,29,0.08117693662643433,0.05321836471557617,15420.0,0.07337624579668045,91,1
StandardGSGP,ccd1fbe5-ad23-11ef-953d-e4a8dfc2a9a8,istanbul,21,30,0.08112896233797073,0.05102205276489258,16144.0,0.07327234745025635,99,1
StandardGSGP,ccd1fbe5-ad23-11ef-953d-e4a8dfc2a9a8,istanbul,21,31,0.080763079226017,0.05151653289794922,15794.0,0.07301490008831024,157,1
StandardGSGP,ccd1fbe5-ad23-11ef-953d-e4a8dfc2a9a8,istanbul,21,32,0.07975617796182632,0.05811142921447754,16394.0,0.07271396368741989,105,1
StandardGSGP,ccd1fbe5-ad23-11ef-953d-e4a8dfc2a9a8,istanbul,21,33,0.07975617796182632,0.05699777603149414,16618.0,0.07271396368741989,105,1
StandardGSGP,ccd1fbe5-ad23-11ef-953d-e4a8dfc2a9a8,istanbul,21,34,0.07975617796182632,0.05503487586975098,17452.0,0.07271396368741989,105,1
StandardGSGP,ccd1fbe5-ad23-11ef-953d-e4a8dfc2a9a8,istanbul,21,35,0.07975617796182632,0.05099844932556152,17606.0,0.07271396368741989,105,1
StandardGSGP,ccd1fbe5-ad23-11ef-953d-e4a8dfc2a9a8,istanbul,21,36,0.07975617796182632,0.05451178550720215,17446.0,0.07271396368741989,105,1
StandardGSGP,ccd1fbe5-ad23-11ef-953d-e4a8dfc2a9a8,istanbul,21,37,0.07975617796182632,0.053349971771240234,16714.0,0.07271396368741989,105,1
StandardGSGP,ccd1fbe5-ad23-11ef-953d-e4a8dfc2a9a8,istanbul,21,38,0.07975617796182632,0.0549008846282959,17664.0,0.07271396368741989,105,1
StandardGSGP,ccd1fbe5-ad23-11ef-953d-e4a8dfc2a9a8,istanbul,21,39,0.07975617796182632,0.05608773231506348,17446.0,0.07271396368741989,105,1
StandardGSGP,ccd1fbe5-ad23-11ef-953d-e4a8dfc2a9a8,istanbul,21,40,0.07975617796182632,0.056999921798706055,16902.0,0.07271396368741989,105,1
StandardGSGP,ccd1fbe5-ad23-11ef-953d-e4a8dfc2a9a8,istanbul,21,41,0.07975617796182632,0.05150938034057617,16764.0,0.07271396368741989,105,1
StandardGSGP,ccd1fbe5-ad23-11ef-953d-e4a8dfc2a9a8,istanbul,21,42,0.07975617796182632,0.05099940299987793,16782.0,0.07271396368741989,105,1
StandardGSGP,ccd1fbe5-ad23-11ef-953d-e4a8dfc2a9a8,istanbul,21,43,0.07975617796182632,0.05251049995422363,16760.0,0.07271396368741989,105,1
StandardGSGP,ccd1fbe5-ad23-11ef-953d-e4a8dfc2a9a8,istanbul,21,44,0.07937845587730408,0.054009437561035156,15676.0,0.0714510977268219,121,1
StandardGSGP,ccd1fbe5-ad23-11ef-953d-e4a8dfc2a9a8,istanbul,21,45,0.07937845587730408,0.06151318550109863,15564.0,0.0714510977268219,121,1
StandardGSGP,ccd1fbe5-ad23-11ef-953d-e4a8dfc2a9a8,istanbul,21,46,0.07937845587730408,0.05404472351074219,15792.0,0.0714510977268219,121,1
StandardGSGP,ccd1fbe5-ad23-11ef-953d-e4a8dfc2a9a8,istanbul,21,47,0.07937845587730408,0.053191423416137695,15468.0,0.0714510977268219,121,1
StandardGSGP,ccd1fbe5-ad23-11ef-953d-e4a8dfc2a9a8,istanbul,21,48,0.07937845587730408,0.056169986724853516,15946.0,0.0714510977268219,121,1
StandardGSGP,ccd1fbe5-ad23-11ef-953d-e4a8dfc2a9a8,istanbul,21,49,0.07937845587730408,0.057993412017822266,16290.0,0.0714510977268219,121,1
StandardGSGP,ccd1fbe5-ad23-11ef-953d-e4a8dfc2a9a8,istanbul,21,50,0.07937845587730408,0.05476641654968262,16894.0,0.0714510977268219,121,1
StandardGSGP,ccd1fbe5-ad23-11ef-953d-e4a8dfc2a9a8,istanbul,21,51,0.07901915907859802,0.05203676223754883,17616.0,0.07993478327989578,181,1
StandardGSGP,ccd1fbe5-ad23-11ef-953d-e4a8dfc2a9a8,istanbul,21,52,0.07901915907859802,0.05451035499572754,18382.0,0.07993478327989578,181,1
StandardGSGP,ccd1fbe5-ad23-11ef-953d-e4a8dfc2a9a8,istanbul,21,53,0.07901915907859802,0.052002906799316406,19074.0,0.07993478327989578,181,1
StandardGSGP,ccd1fbe5-ad23-11ef-953d-e4a8dfc2a9a8,istanbul,21,54,0.07901915907859802,0.05500650405883789,20150.0,0.07993478327989578,181,1
StandardGSGP,ccd1fbe5-ad23-11ef-953d-e4a8dfc2a9a8,istanbul,21,55,0.07901915907859802,0.051377058029174805,20776.0,0.07993478327989578,181,1
StandardGSGP,ccd1fbe5-ad23-11ef-953d-e4a8dfc2a9a8,istanbul,21,56,0.07901915907859802,0.05566859245300293,21332.0,0.07993478327989578,181,1
StandardGSGP,ccd1fbe5-ad23-11ef-953d-e4a8dfc2a9a8,istanbul,21,57,0.07901915907859802,0.05605792999267578,22318.0,0.07993478327989578,181,1
StandardGSGP,ccd1fbe5-ad23-11ef-953d-e4a8dfc2a9a8,istanbul,21,58,0.07901915907859802,0.05499601364135742,22674.0,0.07993478327989578,181,1
StandardGSGP,ccd1fbe5-ad23-11ef-953d-e4a8dfc2a9a8,istanbul,21,59,0.07834254950284958,0.052530527114868164,22982.0,0.08487586677074432,203,1
StandardGSGP,ccd1fbe5-ad23-11ef-953d-e4a8dfc2a9a8,istanbul,21,60,0.07834254950284958,0.05754542350769043,23722.0,0.08487586677074432,203,1
StandardGSGP,ccd1fbe5-ad23-11ef-953d-e4a8dfc2a9a8,istanbul,21,61,0.07834254950284958,0.05819106101989746,24372.0,0.08487586677074432,203,1
StandardGSGP,ccd1fbe5-ad23-11ef-953d-e4a8dfc2a9a8,istanbul,21,62,0.07783608138561249,0.05500316619873047,24740.0,0.07683194428682327,211,1
StandardGSGP,ccd1fbe5-ad23-11ef-953d-e4a8dfc2a9a8,istanbul,21,63,0.07783608138561249,0.05400347709655762,24892.0,0.07683194428682327,211,1
StandardGSGP,ccd1fbe5-ad23-11ef-953d-e4a8dfc2a9a8,istanbul,21,64,0.07781645655632019,0.05350995063781738,25772.0,0.07681924104690552,219,1
StandardGSGP,ccd1fbe5-ad23-11ef-953d-e4a8dfc2a9a8,istanbul,21,65,0.07776055485010147,0.05869603157043457,26276.0,0.07701034098863602,225,1
StandardGSGP,ccd1fbe5-ad23-11ef-953d-e4a8dfc2a9a8,istanbul,21,66,0.07776055485010147,0.0535428524017334,26020.0,0.07701034098863602,225,1
StandardGSGP,ccd1fbe5-ad23-11ef-953d-e4a8dfc2a9a8,istanbul,21,67,0.07776055485010147,0.054991722106933594,25802.0,0.07701034098863602,225,1
StandardGSGP,ccd1fbe5-ad23-11ef-953d-e4a8dfc2a9a8,istanbul,21,68,0.07772424072027206,0.05351400375366211,26118.0,0.07872232049703598,241,1
StandardGSGP,ccd1fbe5-ad23-11ef-953d-e4a8dfc2a9a8,istanbul,21,69,0.07747124135494232,0.05525636672973633,26324.0,0.07787198573350906,249,1
StandardGSGP,ccd1fbe5-ad23-11ef-953d-e4a8dfc2a9a8,istanbul,21,70,0.07739398628473282,0.05505084991455078,26440.0,0.07778805494308472,257,1
StandardGSGP,ccd1fbe5-ad23-11ef-953d-e4a8dfc2a9a8,istanbul,21,71,0.07716359943151474,0.05615091323852539,26834.0,0.07574156671762466,257,1
StandardGSGP,ccd1fbe5-ad23-11ef-953d-e4a8dfc2a9a8,istanbul,21,72,0.07709038257598877,0.0561983585357666,27226.0,0.07780467718839645,261,1
StandardGSGP,ccd1fbe5-ad23-11ef-953d-e4a8dfc2a9a8,istanbul,21,73,0.07709038257598877,0.053243398666381836,28280.0,0.07780467718839645,261,1
StandardGSGP,ccd1fbe5-ad23-11ef-953d-e4a8dfc2a9a8,istanbul,21,74,0.07709038257598877,0.055582284927368164,28942.0,0.07780467718839645,261,1
StandardGSGP,ccd1fbe5-ad23-11ef-953d-e4a8dfc2a9a8,istanbul,21,75,0.07709038257598877,0.05327177047729492,29418.0,0.07780467718839645,261,1
StandardGSGP,ccd1fbe5-ad23-11ef-953d-e4a8dfc2a9a8,istanbul,21,76,0.07709038257598877,0.053739309310913086,30340.0,0.07780467718839645,261,1
StandardGSGP,ccd1fbe5-ad23-11ef-953d-e4a8dfc2a9a8,istanbul,21,77,0.07709038257598877,0.053444623947143555,30758.0,0.07780467718839645,261,1
StandardGSGP,ccd1fbe5-ad23-11ef-953d-e4a8dfc2a9a8,istanbul,21,78,0.07709038257598877,0.05249834060668945,31036.0,0.07780467718839645,261,1
StandardGSGP,ccd1fbe5-ad23-11ef-953d-e4a8dfc2a9a8,istanbul,21,79,0.07685955613851547,0.054570913314819336,31106.0,0.07961702346801758,279,1
StandardGSGP,ccd1fbe5-ad23-11ef-953d-e4a8dfc2a9a8,istanbul,21,80,0.07685955613851547,0.052739858627319336,32060.0,0.07961702346801758,279,1
StandardGSGP,ccd1fbe5-ad23-11ef-953d-e4a8dfc2a9a8,istanbul,21,81,0.076607346534729,0.05199933052062988,32648.0,0.08013825118541718,287,1
StandardGSGP,ccd1fbe5-ad23-11ef-953d-e4a8dfc2a9a8,istanbul,21,82,0.076607346534729,0.054505348205566406,33618.0,0.08013825118541718,287,1
StandardGSGP,ccd1fbe5-ad23-11ef-953d-e4a8dfc2a9a8,istanbul,21,83,0.07650477439165115,0.05799984931945801,33762.0,0.0803932473063469,293,1
StandardGSGP,ccd1fbe5-ad23-11ef-953d-e4a8dfc2a9a8,istanbul,21,84,0.07650477439165115,0.05498361587524414,33434.0,0.0803932473063469,293,1
StandardGSGP,ccd1fbe5-ad23-11ef-953d-e4a8dfc2a9a8,istanbul,21,85,0.07650477439165115,0.05300307273864746,33866.0,0.0803932473063469,293,1
StandardGSGP,ccd1fbe5-ad23-11ef-953d-e4a8dfc2a9a8,istanbul,21,86,0.07650477439165115,0.051506757736206055,33744.0,0.0803932473063469,293,1
StandardGSGP,ccd1fbe5-ad23-11ef-953d-e4a8dfc2a9a8,istanbul,21,87,0.07650477439165115,0.05200314521789551,34080.0,0.0803932473063469,293,1
StandardGSGP,ccd1fbe5-ad23-11ef-953d-e4a8dfc2a9a8,istanbul,21,88,0.07650477439165115,0.05236673355102539,34788.0,0.0803932473063469,293,1
StandardGSGP,ccd1fbe5-ad23-11ef-953d-e4a8dfc2a9a8,istanbul,21,89,0.07650477439165115,0.05655789375305176,34814.0,0.0803932473063469,293,1
StandardGSGP,ccd1fbe5-ad23-11ef-953d-e4a8dfc2a9a8,istanbul,21,90,0.07650477439165115,0.1273190975189209,35198.0,0.0803932473063469,293,1
StandardGSGP,ccd1fbe5-ad23-11ef-953d-e4a8dfc2a9a8,istanbul,21,91,0.07650477439165115,0.05100274085998535,35422.0,0.0803932473063469,293,1
StandardGSGP,ccd1fbe5-ad23-11ef-953d-e4a8dfc2a9a8,istanbul,21,92,0.07650477439165115,0.051506996154785156,35610.0,0.0803932473063469,293,1
StandardGSGP,ccd1fbe5-ad23-11ef-953d-e4a8dfc2a9a8,istanbul,21,93,0.07650477439165115,0.05700397491455078,35496.0,0.0803932473063469,293,1
StandardGSGP,ccd1fbe5-ad23-11ef-953d-e4a8dfc2a9a8,istanbul,21,94,0.07650477439165115,0.05579066276550293,35246.0,0.0803932473063469,293,1
StandardGSGP,ccd1fbe5-ad23-11ef-953d-e4a8dfc2a9a8,istanbul,21,95,0.07650477439165115,0.05622506141662598,34714.0,0.0803932473063469,293,1
StandardGSGP,ccd1fbe5-ad23-11ef-953d-e4a8dfc2a9a8,istanbul,21,96,0.07650477439165115,0.05322861671447754,34712.0,0.0803932473063469,293,1
StandardGSGP,ccd1fbe5-ad23-11ef-953d-e4a8dfc2a9a8,istanbul,21,97,0.07650477439165115,0.05452251434326172,35398.0,0.0803932473063469,293,1
StandardGSGP,ccd1fbe5-ad23-11ef-953d-e4a8dfc2a9a8,istanbul,21,98,0.07650477439165115,0.05835151672363281,35230.0,0.0803932473063469,293,1
StandardGSGP,ccd1fbe5-ad23-11ef-953d-e4a8dfc2a9a8,istanbul,21,99,0.07650477439165115,0.0575103759765625,35672.0,0.0803932473063469,293,1
StandardGSGP,ccd1fbe5-ad23-11ef-953d-e4a8dfc2a9a8,istanbul,21,100,0.07650477439165115,0.05500149726867676,36308.0,0.0803932473063469,293,1
StandardGSGP,3ab8e69a-ad24-11ef-9833-e4a8dfc2a9a8,istanbul,21,0,0.015882108360528946,0.034769535064697266,598.0,0.014609752222895622,3,1
StandardGSGP,3ab8e69a-ad24-11ef-9833-e4a8dfc2a9a8,istanbul,21,1,0.015882108360528946,0.07200121879577637,1562.0,0.014609752222895622,3,1
StandardGSGP,3ab8e69a-ad24-11ef-9833-e4a8dfc2a9a8,istanbul,21,2,0.015882108360528946,0.06964683532714844,2370.0,0.014609752222895622,3,1
StandardGSGP,3ab8e69a-ad24-11ef-9833-e4a8dfc2a9a8,istanbul,21,3,0.015882108360528946,0.08110308647155762,3060.0,0.014609752222895622,3,1
StandardGSGP,3ab8e69a-ad24-11ef-9833-e4a8dfc2a9a8,istanbul,21,4,0.015882108360528946,0.06641864776611328,3848.0,0.014609752222895622,3,1
StandardGSGP,3ab8e69a-ad24-11ef-9833-e4a8dfc2a9a8,istanbul,21,5,0.015882108360528946,0.0636298656463623,4576.0,0.014609752222895622,3,1
StandardGSGP,3ab8e69a-ad24-11ef-9833-e4a8dfc2a9a8,istanbul,21,6,0.0155702605843544,0.059839725494384766,5278.0,0.013935684226453304,33,1
StandardGSGP,3ab8e69a-ad24-11ef-9833-e4a8dfc2a9a8,istanbul,21,7,0.0155702605843544,0.0600738525390625,5936.0,0.013935684226453304,33,1
StandardGSGP,3ab8e69a-ad24-11ef-9833-e4a8dfc2a9a8,istanbul,21,8,0.0155702605843544,0.06450629234313965,6836.0,0.013935684226453304,33,1
StandardGSGP,3ab8e69a-ad24-11ef-9833-e4a8dfc2a9a8,istanbul,21,9,0.015206472016870975,0.06979966163635254,7476.0,0.013600106351077557,61,1
StandardGSGP,3ab8e69a-ad24-11ef-9833-e4a8dfc2a9a8,istanbul,21,10,0.015206472016870975,0.0694725513458252,7946.0,0.013600106351077557,61,1
StandardGSGP,3ab8e69a-ad24-11ef-9833-e4a8dfc2a9a8,istanbul,21,11,0.015121559612452984,0.05666160583496094,8594.0,0.013520418666303158,67,1
StandardGSGP,3ab8e69a-ad24-11ef-9833-e4a8dfc2a9a8,istanbul,21,12,0.015121559612452984,0.05640459060668945,9210.0,0.013520418666303158,67,1
StandardGSGP,3ab8e69a-ad24-11ef-9833-e4a8dfc2a9a8,istanbul,21,13,0.015121559612452984,0.05668807029724121,10102.0,0.013520418666303158,67,1
StandardGSGP,3ab8e69a-ad24-11ef-9833-e4a8dfc2a9a8,istanbul,21,14,0.015121559612452984,0.06896471977233887,10718.0,0.013520418666303158,67,1
StandardGSGP,3ab8e69a-ad24-11ef-9833-e4a8dfc2a9a8,istanbul,21,15,0.015121559612452984,0.0793602466583252,11602.0,0.013520418666303158,67,1
StandardGSGP,3ab8e69a-ad24-11ef-9833-e4a8dfc2a9a8,istanbul,21,16,0.015121559612452984,0.0790560245513916,12646.0,0.013520418666303158,67,1
StandardGSGP,3ab8e69a-ad24-11ef-9833-e4a8dfc2a9a8,istanbul,21,17,0.015121559612452984,0.06899142265319824,13688.0,0.013520418666303158,67,1
StandardGSGP,3ab8e69a-ad24-11ef-9833-e4a8dfc2a9a8,istanbul,21,18,0.015121559612452984,0.10267519950866699,14410.0,0.013520418666303158,67,1
StandardGSGP,3ab8e69a-ad24-11ef-9833-e4a8dfc2a9a8,istanbul,21,19,0.015026407316327095,0.07247757911682129,15010.0,0.01333901658654213,77,1
StandardGSGP,3ab8e69a-ad24-11ef-9833-e4a8dfc2a9a8,istanbul,21,20,0.015026407316327095,0.06565284729003906,15468.0,0.01333901658654213,77,1
StandardGSGP,3ab8e69a-ad24-11ef-9833-e4a8dfc2a9a8,istanbul,21,21,0.015026407316327095,0.06801104545593262,16212.0,0.01333901658654213,77,1
StandardGSGP,3ab8e69a-ad24-11ef-9833-e4a8dfc2a9a8,istanbul,21,22,0.015026407316327095,0.08904194831848145,16346.0,0.01333901658654213,77,1
StandardGSGP,3ab8e69a-ad24-11ef-9833-e4a8dfc2a9a8,istanbul,21,23,0.015026407316327095,0.07369637489318848,16530.0,0.01333901658654213,77,1
StandardGSGP,3ab8e69a-ad24-11ef-9833-e4a8dfc2a9a8,istanbul,21,24,0.015026407316327095,0.06347799301147461,16778.0,0.01333901658654213,77,1
StandardGSGP,3ab8e69a-ad24-11ef-9833-e4a8dfc2a9a8,istanbul,21,25,0.015020612627267838,0.07353568077087402,17752.0,0.01333672646433115,85,1
StandardGSGP,3ab8e69a-ad24-11ef-9833-e4a8dfc2a9a8,istanbul,21,26,0.015016757883131504,0.06857061386108398,19560.0,0.01331939734518528,97,1
StandardGSGP,3ab8e69a-ad24-11ef-9833-e4a8dfc2a9a8,istanbul,21,27,0.015016757883131504,0.06454229354858398,20824.0,0.01331939734518528,97,1
StandardGSGP,3ab8e69a-ad24-11ef-9833-e4a8dfc2a9a8,istanbul,21,28,0.015016757883131504,0.07161855697631836,20902.0,0.01331939734518528,97,1
StandardGSGP,3ab8e69a-ad24-11ef-9833-e4a8dfc2a9a8,istanbul,21,29,0.015016757883131504,0.06914520263671875,21214.0,0.01331939734518528,97,1
StandardGSGP,3ab8e69a-ad24-11ef-9833-e4a8dfc2a9a8,istanbul,21,30,0.015016757883131504,0.07294106483459473,19822.0,0.01331939734518528,97,1
StandardGSGP,3ab8e69a-ad24-11ef-9833-e4a8dfc2a9a8,istanbul,21,31,0.015016757883131504,0.08074188232421875,19484.0,0.01331939734518528,97,1
StandardGSGP,3ab8e69a-ad24-11ef-9833-e4a8dfc2a9a8,istanbul,21,32,0.015016757883131504,0.07893967628479004,17784.0,0.01331939734518528,97,1
StandardGSGP,3ab8e69a-ad24-11ef-9833-e4a8dfc2a9a8,istanbul,21,33,0.014848986640572548,0.08341264724731445,17046.0,0.01324118860065937,111,1
StandardGSGP,3ab8e69a-ad24-11ef-9833-e4a8dfc2a9a8,istanbul,21,34,0.014814098365604877,0.07178521156311035,16796.0,0.013105056248605251,117,1
StandardGSGP,3ab8e69a-ad24-11ef-9833-e4a8dfc2a9a8,istanbul,21,35,0.014814098365604877,0.07087230682373047,16724.0,0.013105056248605251,117,1
StandardGSGP,3ab8e69a-ad24-11ef-9833-e4a8dfc2a9a8,istanbul,21,36,0.014814098365604877,0.15372443199157715,16466.0,0.013105056248605251,117,1
StandardGSGP,3ab8e69a-ad24-11ef-9833-e4a8dfc2a9a8,istanbul,21,37,0.014814098365604877,0.06156110763549805,16590.0,0.013105056248605251,117,1
StandardGSGP,3ab8e69a-ad24-11ef-9833-e4a8dfc2a9a8,istanbul,21,38,0.014806065708398819,0.06153559684753418,17344.0,0.013123243115842342,127,1
StandardGSGP,3ab8e69a-ad24-11ef-9833-e4a8dfc2a9a8,istanbul,21,39,0.014806065708398819,0.06736516952514648,18110.0,0.013123243115842342,127,1
StandardGSGP,3ab8e69a-ad24-11ef-9833-e4a8dfc2a9a8,istanbul,21,40,0.014806065708398819,0.06999921798706055,18814.0,0.013123243115842342,127,1
StandardGSGP,3ab8e69a-ad24-11ef-9833-e4a8dfc2a9a8,istanbul,21,41,0.014806065708398819,0.06686878204345703,19406.0,0.013123243115842342,127,1
StandardGSGP,3ab8e69a-ad24-11ef-9833-e4a8dfc2a9a8,istanbul,21,42,0.014806065708398819,0.06419658660888672,19920.0,0.013123243115842342,127,1
StandardGSGP,3ab8e69a-ad24-11ef-9833-e4a8dfc2a9a8,istanbul,21,43,0.014806065708398819,0.06707978248596191,20692.0,0.013123243115842342,127,1
StandardGSGP,3ab8e69a-ad24-11ef-9833-e4a8dfc2a9a8,istanbul,21,44,0.014806065708398819,0.06400918960571289,20838.0,0.013123243115842342,127,1
StandardGSGP,3ab8e69a-ad24-11ef-9833-e4a8dfc2a9a8,istanbul,21,45,0.014806065708398819,0.06153273582458496,20946.0,0.013123243115842342,127,1
StandardGSGP,3ab8e69a-ad24-11ef-9833-e4a8dfc2a9a8,istanbul,21,46,0.014806065708398819,0.06291937828063965,21590.0,0.013123243115842342,127,1
StandardGSGP,3ab8e69a-ad24-11ef-9833-e4a8dfc2a9a8,istanbul,21,47,0.014806065708398819,0.0666646957397461,22390.0,0.013123243115842342,127,1
StandardGSGP,3ab8e69a-ad24-11ef-9833-e4a8dfc2a9a8,istanbul,21,48,0.014806065708398819,0.06800031661987305,22712.0,0.013123243115842342,127,1
StandardGSGP,3ab8e69a-ad24-11ef-9833-e4a8dfc2a9a8,istanbul,21,49,0.014806065708398819,0.07239174842834473,22510.0,0.013123243115842342,127,1
StandardGSGP,3ab8e69a-ad24-11ef-9833-e4a8dfc2a9a8,istanbul,21,50,0.014806065708398819,0.06981754302978516,24082.0,0.013123243115842342,127,1
StandardGSGP,3ab8e69a-ad24-11ef-9833-e4a8dfc2a9a8,istanbul,21,51,0.014806065708398819,0.05457329750061035,24786.0,0.013123243115842342,127,1
StandardGSGP,3ab8e69a-ad24-11ef-9833-e4a8dfc2a9a8,istanbul,21,52,0.014804114587605,0.06003832817077637,24966.0,0.013121732510626316,135,1
StandardGSGP,3ab8e69a-ad24-11ef-9833-e4a8dfc2a9a8,istanbul,21,53,0.01477966457605362,0.0575103759765625,25082.0,0.012999746017158031,135,1
StandardGSGP,3ab8e69a-ad24-11ef-9833-e4a8dfc2a9a8,istanbul,21,54,0.01477966457605362,0.06082344055175781,25340.0,0.012999746017158031,135,1
StandardGSGP,3ab8e69a-ad24-11ef-9833-e4a8dfc2a9a8,istanbul,21,55,0.01477966457605362,0.059506893157958984,24230.0,0.012999746017158031,135,1
StandardGSGP,3ab8e69a-ad24-11ef-9833-e4a8dfc2a9a8,istanbul,21,56,0.01477966457605362,0.06330060958862305,24070.0,0.012999746017158031,135,1
StandardGSGP,3ab8e69a-ad24-11ef-9833-e4a8dfc2a9a8,istanbul,21,57,0.01477966457605362,0.0730278491973877,23956.0,0.012999746017158031,135,1
StandardGSGP,3ab8e69a-ad24-11ef-9833-e4a8dfc2a9a8,istanbul,21,58,0.014765368774533272,0.06862878799438477,22788.0,0.013013920746743679,141,1
StandardGSGP,3ab8e69a-ad24-11ef-9833-e4a8dfc2a9a8,istanbul,21,59,0.014765368774533272,0.06050586700439453,22432.0,0.013013920746743679,141,1
StandardGSGP,3ab8e69a-ad24-11ef-9833-e4a8dfc2a9a8,istanbul,21,60,0.014765368774533272,0.05900454521179199,22780.0,0.013013920746743679,141,1
StandardGSGP,3ab8e69a-ad24-11ef-9833-e4a8dfc2a9a8,istanbul,21,61,0.014765368774533272,0.06569457054138184,22642.0,0.013013920746743679,141,1
StandardGSGP,3ab8e69a-ad24-11ef-9833-e4a8dfc2a9a8,istanbul,21,62,0.014765368774533272,0.07801985740661621,23048.0,0.013013920746743679,141,1
StandardGSGP,3ab8e69a-ad24-11ef-9833-e4a8dfc2a9a8,istanbul,21,63,0.014765368774533272,0.07001900672912598,23408.0,0.013013920746743679,141,1
StandardGSGP,3ab8e69a-ad24-11ef-9833-e4a8dfc2a9a8,istanbul,21,64,0.014765368774533272,0.06300091743469238,23876.0,0.013013920746743679,141,1
StandardGSGP,3ab8e69a-ad24-11ef-9833-e4a8dfc2a9a8,istanbul,21,65,0.014765368774533272,0.06014847755432129,24050.0,0.013013920746743679,141,1
StandardGSGP,3ab8e69a-ad24-11ef-9833-e4a8dfc2a9a8,istanbul,21,66,0.014765368774533272,0.058002471923828125,23550.0,0.013013920746743679,141,1
StandardGSGP,3ab8e69a-ad24-11ef-9833-e4a8dfc2a9a8,istanbul,21,67,0.014765368774533272,0.06074690818786621,22940.0,0.013013920746743679,141,1
StandardGSGP,3ab8e69a-ad24-11ef-9833-e4a8dfc2a9a8,istanbul,21,68,0.014765368774533272,0.06550931930541992,23520.0,0.013013920746743679,141,1
StandardGSGP,3ab8e69a-ad24-11ef-9833-e4a8dfc2a9a8,istanbul,21,69,0.014765368774533272,0.060021400451660156,23700.0,0.013013920746743679,141,1
StandardGSGP,3ab8e69a-ad24-11ef-9833-e4a8dfc2a9a8,istanbul,21,70,0.014765368774533272,0.07129335403442383,23586.0,0.013013920746743679,141,1
StandardGSGP,3ab8e69a-ad24-11ef-9833-e4a8dfc2a9a8,istanbul,21,71,0.014765368774533272,0.06581473350524902,23530.0,0.013013920746743679,141,1
StandardGSGP,3ab8e69a-ad24-11ef-9833-e4a8dfc2a9a8,istanbul,21,72,0.014734633266925812,0.07032322883605957,24052.0,0.01298469491302967,147,1
StandardGSGP,3ab8e69a-ad24-11ef-9833-e4a8dfc2a9a8,istanbul,21,73,0.014721160754561424,0.0667426586151123,24934.0,0.013133770786225796,147,1
StandardGSGP,3ab8e69a-ad24-11ef-9833-e4a8dfc2a9a8,istanbul,21,74,0.014721160754561424,0.05851483345031738,24574.0,0.013133770786225796,147,1
StandardGSGP,3ab8e69a-ad24-11ef-9833-e4a8dfc2a9a8,istanbul,21,75,0.014721160754561424,0.060742855072021484,25008.0,0.013133770786225796,147,1
StandardGSGP,3ab8e69a-ad24-11ef-9833-e4a8dfc2a9a8,istanbul,21,76,0.01472068578004837,0.0570988655090332,25216.0,0.013132267631590366,163,1
StandardGSGP,3ab8e69a-ad24-11ef-9833-e4a8dfc2a9a8,istanbul,21,77,0.01472068578004837,0.06092071533203125,26314.0,0.013132267631590366,163,1
StandardGSGP,3ab8e69a-ad24-11ef-9833-e4a8dfc2a9a8,istanbul,21,78,0.01472068578004837,0.06361675262451172,27268.0,0.013132267631590366,163,1
StandardGSGP,3ab8e69a-ad24-11ef-9833-e4a8dfc2a9a8,istanbul,21,79,0.01472068578004837,0.0575103759765625,26246.0,0.013132267631590366,163,1
StandardGSGP,3ab8e69a-ad24-11ef-9833-e4a8dfc2a9a8,istanbul,21,80,0.01472068578004837,0.05901789665222168,28060.0,0.013132267631590366,163,1
StandardGSGP,3ab8e69a-ad24-11ef-9833-e4a8dfc2a9a8,istanbul,21,81,0.01472068578004837,0.060396432876586914,28880.0,0.013132267631590366,163,1
StandardGSGP,3ab8e69a-ad24-11ef-9833-e4a8dfc2a9a8,istanbul,21,82,0.01472068578004837,0.05651116371154785,31266.0,0.013132267631590366,163,1
StandardGSGP,3ab8e69a-ad24-11ef-9833-e4a8dfc2a9a8,istanbul,21,83,0.01472068578004837,0.05924510955810547,31752.0,0.013132267631590366,163,1
StandardGSGP,3ab8e69a-ad24-11ef-9833-e4a8dfc2a9a8,istanbul,21,84,0.014671876095235348,0.05986642837524414,31190.0,0.013082075864076614,173,1
StandardGSGP,3ab8e69a-ad24-11ef-9833-e4a8dfc2a9a8,istanbul,21,85,0.014671876095235348,0.057485342025756836,31450.0,0.013082075864076614,173,1
StandardGSGP,3ab8e69a-ad24-11ef-9833-e4a8dfc2a9a8,istanbul,21,86,0.014671876095235348,0.056999921798706055,30652.0,0.013082075864076614,173,1
StandardGSGP,3ab8e69a-ad24-11ef-9833-e4a8dfc2a9a8,istanbul,21,87,0.014671876095235348,0.06184029579162598,30616.0,0.013082075864076614,173,1
StandardGSGP,3ab8e69a-ad24-11ef-9833-e4a8dfc2a9a8,istanbul,21,88,0.014671876095235348,0.05950665473937988,30992.0,0.013082075864076614,173,1
StandardGSGP,3ab8e69a-ad24-11ef-9833-e4a8dfc2a9a8,istanbul,21,89,0.014620469883084297,0.13301920890808105,29596.0,0.012830485589802265,191,1
StandardGSGP,3ab8e69a-ad24-11ef-9833-e4a8dfc2a9a8,istanbul,21,90,0.014620469883084297,0.05836749076843262,28188.0,0.012830485589802265,191,1
StandardGSGP,3ab8e69a-ad24-11ef-9833-e4a8dfc2a9a8,istanbul,21,91,0.014620469883084297,0.058631181716918945,26462.0,0.012830485589802265,191,1
StandardGSGP,3ab8e69a-ad24-11ef-9833-e4a8dfc2a9a8,istanbul,21,92,0.014479272998869419,0.06150984764099121,27078.0,0.013130445033311844,197,1
StandardGSGP,3ab8e69a-ad24-11ef-9833-e4a8dfc2a9a8,istanbul,21,93,0.014479272998869419,0.0649714469909668,27922.0,0.013130445033311844,197,1
StandardGSGP,3ab8e69a-ad24-11ef-9833-e4a8dfc2a9a8,istanbul,21,94,0.014479272998869419,0.061896324157714844,27484.0,0.013130445033311844,197,1
StandardGSGP,3ab8e69a-ad24-11ef-9833-e4a8dfc2a9a8,istanbul,21,95,0.0144698116928339,0.05668759346008301,27140.0,0.013136453926563263,205,1
StandardGSGP,3ab8e69a-ad24-11ef-9833-e4a8dfc2a9a8,istanbul,21,96,0.0144698116928339,0.05550718307495117,28162.0,0.013136453926563263,205,1
StandardGSGP,3ab8e69a-ad24-11ef-9833-e4a8dfc2a9a8,istanbul,21,97,0.0144698116928339,0.06250953674316406,30006.0,0.013136453926563263,205,1
StandardGSGP,3ab8e69a-ad24-11ef-9833-e4a8dfc2a9a8,istanbul,21,98,0.0144698116928339,0.06199955940246582,29900.0,0.013136453926563263,205,1
StandardGSGP,3ab8e69a-ad24-11ef-9833-e4a8dfc2a9a8,istanbul,21,99,0.014467458240687847,0.06199216842651367,29904.0,0.013138044625520706,215,1
StandardGSGP,3ab8e69a-ad24-11ef-9833-e4a8dfc2a9a8,istanbul,21,100,0.014467458240687847,0.06350207328796387,30258.0,0.013138044625520706,215,1
