StandardGSGP,2f46daeb-ace8-11ef-b724-8863df8a28b9,istanbul,26,0,0.09345453977584839,1.0322139263153076,20618.0,0.08391793072223663,5,1
StandardGSGP,2f46daeb-ace8-11ef-b724-8863df8a28b9,istanbul,26,1,0.0853407010436058,0.11517643928527832,4442.0,0.08346062153577805,13,1
StandardGSGP,2f46daeb-ace8-11ef-b724-8863df8a28b9,istanbul,26,2,0.0853407010436058,0.08623075485229492,2404.0,0.08346062153577805,13,1
StandardGSGP,2f46daeb-ace8-11ef-b724-8863df8a28b9,istanbul,26,3,0.08018594235181808,0.08471417427062988,3330.0,0.075010746717453,25,1
StandardGSGP,2f46daeb-ace8-11ef-b724-8863df8a28b9,istanbul,26,4,0.08018594235181808,0.07886815071105957,4058.0,0.075010746717453,25,1
StandardGSGP,2f46daeb-ace8-11ef-b724-8863df8a28b9,istanbul,26,5,0.08018594235181808,0.07545757293701172,4764.0,0.075010746717453,25,1
StandardGSGP,2f46daeb-ace8-11ef-b724-8863df8a28b9,istanbul,26,6,0.08018594235181808,0.07862663269042969,5614.0,0.075010746717453,25,1
StandardGSGP,2f46daeb-ace8-11ef-b724-8863df8a28b9,istanbul,26,7,0.08018594235181808,0.08252954483032227,6412.0,0.075010746717453,25,1
StandardGSGP,2f46daeb-ace8-11ef-b724-8863df8a28b9,istanbul,26,8,0.07887914776802063,0.0797419548034668,7380.0,0.0765741690993309,67,1
StandardGSGP,2f46daeb-ace8-11ef-b724-8863df8a28b9,istanbul,26,9,0.07887914776802063,0.08103179931640625,7808.0,0.0765741690993309,67,1
StandardGSGP,2f46daeb-ace8-11ef-b724-8863df8a28b9,istanbul,26,10,0.07861456274986267,0.08486199378967285,8556.0,0.07650550454854965,75,1
StandardGSGP,2f46daeb-ace8-11ef-b724-8863df8a28b9,istanbul,26,11,0.07861456274986267,0.0779416561126709,9120.0,0.07650550454854965,75,1
StandardGSGP,2f46daeb-ace8-11ef-b724-8863df8a28b9,istanbul,26,12,0.07846584916114807,0.08483529090881348,10002.0,0.07622949779033661,85,1
StandardGSGP,2f46daeb-ace8-11ef-b724-8863df8a28b9,istanbul,26,13,0.07846584916114807,0.0805807113647461,10826.0,0.07622949779033661,85,1
StandardGSGP,2f46daeb-ace8-11ef-b724-8863df8a28b9,istanbul,26,14,0.07846584916114807,0.07827377319335938,11122.0,0.07622949779033661,85,1
StandardGSGP,2f46daeb-ace8-11ef-b724-8863df8a28b9,istanbul,26,15,0.07846584916114807,0.07645726203918457,11814.0,0.07622949779033661,85,1
StandardGSGP,2f46daeb-ace8-11ef-b724-8863df8a28b9,istanbul,26,16,0.07846584916114807,0.0843966007232666,12964.0,0.07622949779033661,85,1
StandardGSGP,2f46daeb-ace8-11ef-b724-8863df8a28b9,istanbul,26,17,0.07846584916114807,0.07875728607177734,13922.0,0.07622949779033661,85,1
StandardGSGP,2f46daeb-ace8-11ef-b724-8863df8a28b9,istanbul,26,18,0.07846584916114807,0.08481955528259277,14790.0,0.07622949779033661,85,1
StandardGSGP,2f46daeb-ace8-11ef-b724-8863df8a28b9,istanbul,26,19,0.07846584916114807,0.07835745811462402,15418.0,0.07622949779033661,85,1
StandardGSGP,2f46daeb-ace8-11ef-b724-8863df8a28b9,istanbul,26,20,0.07846584916114807,0.0900876522064209,15538.0,0.07622949779033661,85,1
StandardGSGP,2f46daeb-ace8-11ef-b724-8863df8a28b9,istanbul,26,21,0.07846584916114807,0.08178091049194336,16108.0,0.07622949779033661,85,1
StandardGSGP,2f46daeb-ace8-11ef-b724-8863df8a28b9,istanbul,26,22,0.07846584916114807,0.07878899574279785,17216.0,0.07622949779033661,85,1
StandardGSGP,2f46daeb-ace8-11ef-b724-8863df8a28b9,istanbul,26,23,0.07846584916114807,0.08676505088806152,17782.0,0.07622949779033661,85,1
StandardGSGP,2f46daeb-ace8-11ef-b724-8863df8a28b9,istanbul,26,24,0.07840483635663986,0.07779145240783691,17904.0,0.07601632177829742,97,1
StandardGSGP,2f46daeb-ace8-11ef-b724-8863df8a28b9,istanbul,26,25,0.07840483635663986,0.0747978687286377,17754.0,0.07601632177829742,97,1
StandardGSGP,2f46daeb-ace8-11ef-b724-8863df8a28b9,istanbul,26,26,0.07803353667259216,0.07679343223571777,16810.0,0.07408475130796432,111,1
StandardGSGP,2f46daeb-ace8-11ef-b724-8863df8a28b9,istanbul,26,27,0.07803353667259216,0.07679486274719238,15732.0,0.07408475130796432,111,1
StandardGSGP,2f46daeb-ace8-11ef-b724-8863df8a28b9,istanbul,26,28,0.07803353667259216,0.08178210258483887,15734.0,0.07408475130796432,111,1
StandardGSGP,2f46daeb-ace8-11ef-b724-8863df8a28b9,istanbul,26,29,0.07803353667259216,0.07380104064941406,15610.0,0.07408475130796432,111,1
StandardGSGP,2f46daeb-ace8-11ef-b724-8863df8a28b9,istanbul,26,30,0.07803353667259216,0.08377552032470703,16622.0,0.07408475130796432,111,1
StandardGSGP,2f46daeb-ace8-11ef-b724-8863df8a28b9,istanbul,26,31,0.07803353667259216,0.08476924896240234,17336.0,0.07408475130796432,111,1
StandardGSGP,2f46daeb-ace8-11ef-b724-8863df8a28b9,istanbul,26,32,0.07803353667259216,0.07978677749633789,17482.0,0.07408475130796432,111,1
StandardGSGP,2f46daeb-ace8-11ef-b724-8863df8a28b9,istanbul,26,33,0.07803353667259216,0.0827779769897461,18586.0,0.07408475130796432,111,1
StandardGSGP,2f46daeb-ace8-11ef-b724-8863df8a28b9,istanbul,26,34,0.07803353667259216,0.07878899574279785,18620.0,0.07408475130796432,111,1
StandardGSGP,2f46daeb-ace8-11ef-b724-8863df8a28b9,istanbul,26,35,0.07803353667259216,0.07978558540344238,19066.0,0.07408475130796432,111,1
StandardGSGP,2f46daeb-ace8-11ef-b724-8863df8a28b9,istanbul,26,36,0.07803353667259216,0.07779431343078613,18786.0,0.07408475130796432,111,1
StandardGSGP,2f46daeb-ace8-11ef-b724-8863df8a28b9,istanbul,26,37,0.07803353667259216,0.08577132225036621,18882.0,0.07408475130796432,111,1
StandardGSGP,2f46daeb-ace8-11ef-b724-8863df8a28b9,istanbul,26,38,0.07803353667259216,0.1934831142425537,18832.0,0.07408475130796432,111,1
StandardGSGP,2f46daeb-ace8-11ef-b724-8863df8a28b9,istanbul,26,39,0.07803353667259216,0.0827782154083252,20076.0,0.07408475130796432,111,1
StandardGSGP,2f46daeb-ace8-11ef-b724-8863df8a28b9,istanbul,26,40,0.07803353667259216,0.07580137252807617,21618.0,0.07408475130796432,111,1
StandardGSGP,2f46daeb-ace8-11ef-b724-8863df8a28b9,istanbul,26,41,0.07803353667259216,0.08377623558044434,21710.0,0.07408475130796432,111,1
StandardGSGP,2f46daeb-ace8-11ef-b724-8863df8a28b9,istanbul,26,42,0.07803353667259216,0.08178257942199707,22320.0,0.07408475130796432,111,1
StandardGSGP,2f46daeb-ace8-11ef-b724-8863df8a28b9,istanbul,26,43,0.07803353667259216,0.08178162574768066,23148.0,0.07408475130796432,111,1
StandardGSGP,2f46daeb-ace8-11ef-b724-8863df8a28b9,istanbul,26,44,0.07803353667259216,0.0827796459197998,24654.0,0.07408475130796432,111,1
StandardGSGP,2f46daeb-ace8-11ef-b724-8863df8a28b9,istanbul,26,45,0.07803353667259216,0.074798583984375,24112.0,0.07408475130796432,111,1
StandardGSGP,2f46daeb-ace8-11ef-b724-8863df8a28b9,istanbul,26,46,0.07803353667259216,0.08776330947875977,25348.0,0.07408475130796432,111,1
StandardGSGP,2f46daeb-ace8-11ef-b724-8863df8a28b9,istanbul,26,47,0.0775008276104927,0.07878828048706055,26340.0,0.07381177693605423,121,1
StandardGSGP,2f46daeb-ace8-11ef-b724-8863df8a28b9,istanbul,26,48,0.0775008276104927,0.0777900218963623,27074.0,0.07381177693605423,121,1
StandardGSGP,2f46daeb-ace8-11ef-b724-8863df8a28b9,istanbul,26,49,0.0775008276104927,0.08278155326843262,27334.0,0.07381177693605423,121,1
StandardGSGP,2f46daeb-ace8-11ef-b724-8863df8a28b9,istanbul,26,50,0.0775008276104927,0.07879257202148438,27406.0,0.07381177693605423,121,1
StandardGSGP,2f46daeb-ace8-11ef-b724-8863df8a28b9,istanbul,26,51,0.0775008276104927,0.08477306365966797,26824.0,0.07381177693605423,121,1
StandardGSGP,2f46daeb-ace8-11ef-b724-8863df8a28b9,istanbul,26,52,0.0775008276104927,0.07579231262207031,25618.0,0.07381177693605423,121,1
StandardGSGP,2f46daeb-ace8-11ef-b724-8863df8a28b9,istanbul,26,53,0.0775008276104927,0.07479643821716309,26050.0,0.07381177693605423,121,1
StandardGSGP,2f46daeb-ace8-11ef-b724-8863df8a28b9,istanbul,26,54,0.07735641300678253,0.08078432083129883,23684.0,0.07410541921854019,145,1
StandardGSGP,2f46daeb-ace8-11ef-b724-8863df8a28b9,istanbul,26,55,0.07735641300678253,0.07878780364990234,23240.0,0.07410541921854019,145,1
StandardGSGP,2f46daeb-ace8-11ef-b724-8863df8a28b9,istanbul,26,56,0.07735641300678253,0.08776569366455078,23170.0,0.07410541921854019,145,1
StandardGSGP,2f46daeb-ace8-11ef-b724-8863df8a28b9,istanbul,26,57,0.07735641300678253,0.0767974853515625,20580.0,0.07410541921854019,145,1
StandardGSGP,2f46daeb-ace8-11ef-b724-8863df8a28b9,istanbul,26,58,0.07735641300678253,0.07779455184936523,21734.0,0.07410541921854019,145,1
StandardGSGP,2f46daeb-ace8-11ef-b724-8863df8a28b9,istanbul,26,59,0.07735641300678253,0.08178257942199707,22524.0,0.07410541921854019,145,1
StandardGSGP,2f46daeb-ace8-11ef-b724-8863df8a28b9,istanbul,26,60,0.07726386934518814,0.07579469680786133,22966.0,0.07403340935707092,155,1
StandardGSGP,2f46daeb-ace8-11ef-b724-8863df8a28b9,istanbul,26,61,0.07726386934518814,0.08676648139953613,22516.0,0.07403340935707092,155,1
StandardGSGP,2f46daeb-ace8-11ef-b724-8863df8a28b9,istanbul,26,62,0.07726386934518814,0.08377504348754883,21890.0,0.07403340935707092,155,1
StandardGSGP,2f46daeb-ace8-11ef-b724-8863df8a28b9,istanbul,26,63,0.07726386934518814,0.08377599716186523,22216.0,0.07403340935707092,155,1
StandardGSGP,2f46daeb-ace8-11ef-b724-8863df8a28b9,istanbul,26,64,0.07726386934518814,0.08178257942199707,23296.0,0.07403340935707092,155,1
StandardGSGP,2f46daeb-ace8-11ef-b724-8863df8a28b9,istanbul,26,65,0.07726386934518814,0.07978558540344238,23860.0,0.07403340935707092,155,1
StandardGSGP,2f46daeb-ace8-11ef-b724-8863df8a28b9,istanbul,26,66,0.07726386934518814,0.08177947998046875,24146.0,0.07403340935707092,155,1
StandardGSGP,2f46daeb-ace8-11ef-b724-8863df8a28b9,istanbul,26,67,0.07726386934518814,0.08277511596679688,24550.0,0.07403340935707092,155,1
StandardGSGP,2f46daeb-ace8-11ef-b724-8863df8a28b9,istanbul,26,68,0.07717408984899521,0.08876180648803711,24680.0,0.07387387007474899,163,1
StandardGSGP,2f46daeb-ace8-11ef-b724-8863df8a28b9,istanbul,26,69,0.07715093344449997,0.0857706069946289,25142.0,0.07357548922300339,169,1
StandardGSGP,2f46daeb-ace8-11ef-b724-8863df8a28b9,istanbul,26,70,0.07715093344449997,0.07280445098876953,24436.0,0.07357548922300339,169,1
StandardGSGP,2f46daeb-ace8-11ef-b724-8863df8a28b9,istanbul,26,71,0.07715093344449997,0.07679343223571777,24486.0,0.07357548922300339,169,1
StandardGSGP,2f46daeb-ace8-11ef-b724-8863df8a28b9,istanbul,26,72,0.0769299864768982,0.07978558540344238,23716.0,0.07437549531459808,181,1
StandardGSGP,2f46daeb-ace8-11ef-b724-8863df8a28b9,istanbul,26,73,0.0769299864768982,0.0827784538269043,23598.0,0.07437549531459808,181,1
StandardGSGP,2f46daeb-ace8-11ef-b724-8863df8a28b9,istanbul,26,74,0.0769299864768982,0.08277702331542969,24290.0,0.07437549531459808,181,1
StandardGSGP,2f46daeb-ace8-11ef-b724-8863df8a28b9,istanbul,26,75,0.0769299864768982,0.07280325889587402,24238.0,0.07437549531459808,181,1
StandardGSGP,2f46daeb-ace8-11ef-b724-8863df8a28b9,istanbul,26,76,0.0769299864768982,0.08377695083618164,24944.0,0.07437549531459808,181,1
StandardGSGP,2f46daeb-ace8-11ef-b724-8863df8a28b9,istanbul,26,77,0.0769299864768982,0.07878756523132324,24992.0,0.07437549531459808,181,1
StandardGSGP,2f46daeb-ace8-11ef-b724-8863df8a28b9,istanbul,26,78,0.0769299864768982,0.08377337455749512,27434.0,0.07437549531459808,181,1
StandardGSGP,2f46daeb-ace8-11ef-b724-8863df8a28b9,istanbul,26,79,0.07618226110935211,0.08078289031982422,26306.0,0.07271380722522736,265,1
StandardGSGP,2f46daeb-ace8-11ef-b724-8863df8a28b9,istanbul,26,80,0.07618226110935211,0.08677005767822266,26452.0,0.07271380722522736,265,1
StandardGSGP,2f46daeb-ace8-11ef-b724-8863df8a28b9,istanbul,26,81,0.07618226110935211,0.07978701591491699,26316.0,0.07271380722522736,265,1
StandardGSGP,2f46daeb-ace8-11ef-b724-8863df8a28b9,istanbul,26,82,0.07618226110935211,0.08078646659851074,26992.0,0.07271380722522736,265,1
StandardGSGP,2f46daeb-ace8-11ef-b724-8863df8a28b9,istanbul,26,83,0.07618226110935211,0.07878899574279785,28006.0,0.07271380722522736,265,1
StandardGSGP,2f46daeb-ace8-11ef-b724-8863df8a28b9,istanbul,26,84,0.07618226110935211,0.0817861557006836,28770.0,0.07271380722522736,265,1
StandardGSGP,2f46daeb-ace8-11ef-b724-8863df8a28b9,istanbul,26,85,0.07618226110935211,0.07878756523132324,29510.0,0.07271380722522736,265,1
StandardGSGP,2f46daeb-ace8-11ef-b724-8863df8a28b9,istanbul,26,86,0.07618226110935211,0.08577227592468262,30242.0,0.07271380722522736,265,1
StandardGSGP,2f46daeb-ace8-11ef-b724-8863df8a28b9,istanbul,26,87,0.07551058381795883,0.08377504348754883,31480.0,0.07094163447618484,289,1
StandardGSGP,2f46daeb-ace8-11ef-b724-8863df8a28b9,istanbul,26,88,0.07495945692062378,0.07878923416137695,31996.0,0.07165975123643875,297,1
StandardGSGP,2f46daeb-ace8-11ef-b724-8863df8a28b9,istanbul,26,89,0.07495945692062378,0.08278083801269531,32658.0,0.07165975123643875,297,1
StandardGSGP,2f46daeb-ace8-11ef-b724-8863df8a28b9,istanbul,26,90,0.07495945692062378,0.09275054931640625,32892.0,0.07165975123643875,297,1
StandardGSGP,2f46daeb-ace8-11ef-b724-8863df8a28b9,istanbul,26,91,0.07495945692062378,0.07206034660339355,33116.0,0.07165975123643875,297,1
StandardGSGP,2f46daeb-ace8-11ef-b724-8863df8a28b9,istanbul,26,92,0.07495945692062378,0.07972264289855957,33516.0,0.07165975123643875,297,1
StandardGSGP,2f46daeb-ace8-11ef-b724-8863df8a28b9,istanbul,26,93,0.07495945692062378,0.08161377906799316,34212.0,0.07165975123643875,297,1
StandardGSGP,2f46daeb-ace8-11ef-b724-8863df8a28b9,istanbul,26,94,0.07495945692062378,0.07882571220397949,34620.0,0.07165975123643875,297,1
StandardGSGP,2f46daeb-ace8-11ef-b724-8863df8a28b9,istanbul,26,95,0.07495945692062378,0.08533811569213867,34810.0,0.07165975123643875,297,1
StandardGSGP,2f46daeb-ace8-11ef-b724-8863df8a28b9,istanbul,26,96,0.07495945692062378,0.08653688430786133,35454.0,0.07165975123643875,297,1
StandardGSGP,2f46daeb-ace8-11ef-b724-8863df8a28b9,istanbul,26,97,0.07495945692062378,0.08687567710876465,36486.0,0.07165975123643875,297,1
StandardGSGP,2f46daeb-ace8-11ef-b724-8863df8a28b9,istanbul,26,98,0.07495945692062378,0.08470463752746582,36600.0,0.07165975123643875,297,1
StandardGSGP,2f46daeb-ace8-11ef-b724-8863df8a28b9,istanbul,26,99,0.07495945692062378,0.08667135238647461,36844.0,0.07165975123643875,297,1
StandardGSGP,2f46daeb-ace8-11ef-b724-8863df8a28b9,istanbul,26,100,0.07495945692062378,0.076019287109375,36944.0,0.07165975123643875,297,1
StandardGSGP,c6c2a942-ace8-11ef-a447-8863df8a28b9,istanbul,26,0,0.014994408935308456,0.06989860534667969,1382.0,0.013949590735137463,3,1
StandardGSGP,c6c2a942-ace8-11ef-a447-8863df8a28b9,istanbul,26,1,0.01469830609858036,0.07914519309997559,1840.0,0.013509253039956093,29,1
StandardGSGP,c6c2a942-ace8-11ef-a447-8863df8a28b9,istanbul,26,2,0.01466855127364397,0.09693717956542969,2820.0,0.014002572745084763,45,1
StandardGSGP,c6c2a942-ace8-11ef-a447-8863df8a28b9,istanbul,26,3,0.014085871167480946,0.08153033256530762,4424.0,0.013396012596786022,77,1
StandardGSGP,c6c2a942-ace8-11ef-a447-8863df8a28b9,istanbul,26,4,0.014085871167480946,0.06890559196472168,6740.0,0.013396012596786022,77,1
StandardGSGP,c6c2a942-ace8-11ef-a447-8863df8a28b9,istanbul,26,5,0.014085871167480946,0.08080911636352539,9510.0,0.013396012596786022,77,1
StandardGSGP,c6c2a942-ace8-11ef-a447-8863df8a28b9,istanbul,26,6,0.014085871167480946,0.08026647567749023,13352.0,0.013396012596786022,77,1
StandardGSGP,c6c2a942-ace8-11ef-a447-8863df8a28b9,istanbul,26,7,0.013770580291748047,0.07579898834228516,15728.0,0.013337407261133194,83,1
StandardGSGP,c6c2a942-ace8-11ef-a447-8863df8a28b9,istanbul,26,8,0.013770580291748047,0.08177781105041504,20898.0,0.013337407261133194,83,1
StandardGSGP,c6c2a942-ace8-11ef-a447-8863df8a28b9,istanbul,26,9,0.013770580291748047,0.0747990608215332,23904.0,0.013337407261133194,83,1
StandardGSGP,c6c2a942-ace8-11ef-a447-8863df8a28b9,istanbul,26,10,0.013770580291748047,0.07380223274230957,31814.0,0.013337407261133194,83,1
StandardGSGP,c6c2a942-ace8-11ef-a447-8863df8a28b9,istanbul,26,11,0.013770580291748047,0.0747988224029541,38366.0,0.013337407261133194,83,1
StandardGSGP,c6c2a942-ace8-11ef-a447-8863df8a28b9,istanbul,26,12,0.013770580291748047,0.07878994941711426,43074.0,0.013337407261133194,83,1
StandardGSGP,c6c2a942-ace8-11ef-a447-8863df8a28b9,istanbul,26,13,0.013770580291748047,0.07978272438049316,46076.0,0.013337407261133194,83,1
StandardGSGP,c6c2a942-ace8-11ef-a447-8863df8a28b9,istanbul,26,14,0.013770580291748047,0.07480168342590332,52740.0,0.013337407261133194,83,1
StandardGSGP,c6c2a942-ace8-11ef-a447-8863df8a28b9,istanbul,26,15,0.013686634600162506,0.08377552032470703,62972.0,0.013110931031405926,851,1
StandardGSGP,c6c2a942-ace8-11ef-a447-8863df8a28b9,istanbul,26,16,0.013686634600162506,0.07380151748657227,79308.0,0.013110931031405926,851,1
StandardGSGP,c6c2a942-ace8-11ef-a447-8863df8a28b9,istanbul,26,17,0.013655203394591808,0.07380080223083496,108504.0,0.013153639622032642,869,1
StandardGSGP,c6c2a942-ace8-11ef-a447-8863df8a28b9,istanbul,26,18,0.013646024279296398,0.07878971099853516,115452.0,0.013160403817892075,875,1
StandardGSGP,c6c2a942-ace8-11ef-a447-8863df8a28b9,istanbul,26,19,0.013646024279296398,0.0718071460723877,126616.0,0.013160403817892075,875,1
StandardGSGP,c6c2a942-ace8-11ef-a447-8863df8a28b9,istanbul,26,20,0.013646024279296398,0.07779192924499512,169830.0,0.013160403817892075,875,1
StandardGSGP,c6c2a942-ace8-11ef-a447-8863df8a28b9,istanbul,26,21,0.013646024279296398,0.07081127166748047,200720.0,0.013160403817892075,875,1
StandardGSGP,c6c2a942-ace8-11ef-a447-8863df8a28b9,istanbul,26,22,0.013646024279296398,0.07978582382202148,274698.0,0.013160403817892075,875,1
StandardGSGP,c6c2a942-ace8-11ef-a447-8863df8a28b9,istanbul,26,23,0.013646024279296398,0.07779192924499512,296608.0,0.013160403817892075,875,1
StandardGSGP,c6c2a942-ace8-11ef-a447-8863df8a28b9,istanbul,26,24,0.013646024279296398,0.07579827308654785,310736.0,0.013160403817892075,875,1
StandardGSGP,c6c2a942-ace8-11ef-a447-8863df8a28b9,istanbul,26,25,0.013646024279296398,0.07779407501220703,324402.0,0.013160403817892075,875,1
StandardGSGP,c6c2a942-ace8-11ef-a447-8863df8a28b9,istanbul,26,26,0.01364391203969717,0.074798583984375,378964.0,0.012590921483933926,1819,1
StandardGSGP,c6c2a942-ace8-11ef-a447-8863df8a28b9,istanbul,26,27,0.013639192096889019,0.07579398155212402,472278.0,0.012737453915178776,1825,1
StandardGSGP,c6c2a942-ace8-11ef-a447-8863df8a28b9,istanbul,26,28,0.013638574630022049,0.07878780364990234,549706.0,0.01273543480783701,1843,1
StandardGSGP,c6c2a942-ace8-11ef-a447-8863df8a28b9,istanbul,26,29,0.013638574630022049,0.07978582382202148,715984.0,0.01273543480783701,1843,1
StandardGSGP,c6c2a942-ace8-11ef-a447-8863df8a28b9,istanbul,26,30,0.013635487295687199,0.07779169082641602,918844.0,0.01274789683520794,1853,1
StandardGSGP,c6c2a942-ace8-11ef-a447-8863df8a28b9,istanbul,26,31,0.013635487295687199,0.07691597938537598,985936.0,0.01274789683520794,1853,1
StandardGSGP,c6c2a942-ace8-11ef-a447-8863df8a28b9,istanbul,26,32,0.013530869968235493,0.0738062858581543,1314748.0,0.014067627489566803,35571,1
StandardGSGP,c6c2a942-ace8-11ef-a447-8863df8a28b9,istanbul,26,33,0.013157081790268421,0.07479977607727051,1654778.0,0.013307182118296623,37435,1
StandardGSGP,c6c2a942-ace8-11ef-a447-8863df8a28b9,istanbul,26,34,0.01315687783062458,0.07879018783569336,1582478.0,0.013115470297634602,37449,1
StandardGSGP,c6c2a942-ace8-11ef-a447-8863df8a28b9,istanbul,26,35,0.01315687783062458,0.15059494972229004,1826090.0,0.013115470297634602,37449,1
StandardGSGP,c6c2a942-ace8-11ef-a447-8863df8a28b9,istanbul,26,36,0.01315687783062458,0.08377313613891602,2307936.0,0.013115470297634602,37449,1
StandardGSGP,c6c2a942-ace8-11ef-a447-8863df8a28b9,istanbul,26,37,0.01315687783062458,0.08676862716674805,2579840.0,0.013115470297634602,37449,1
StandardGSGP,c6c2a942-ace8-11ef-a447-8863df8a28b9,istanbul,26,38,0.01315687783062458,0.07779192924499512,2721336.0,0.013115470297634602,37449,1
StandardGSGP,c6c2a942-ace8-11ef-a447-8863df8a28b9,istanbul,26,39,0.013156343251466751,0.08477067947387695,4005376.0,0.01312162633985281,37459,1
StandardGSGP,c6c2a942-ace8-11ef-a447-8863df8a28b9,istanbul,26,40,0.013156343251466751,0.07878947257995605,6022260.0,0.01312162633985281,37459,1
StandardGSGP,c6c2a942-ace8-11ef-a447-8863df8a28b9,istanbul,26,41,0.013156343251466751,0.07280445098876953,7305732.0,0.01312162633985281,37459,1
StandardGSGP,c6c2a942-ace8-11ef-a447-8863df8a28b9,istanbul,26,42,0.013156343251466751,0.07679486274719238,10290198.0,0.01312162633985281,37459,1
StandardGSGP,c6c2a942-ace8-11ef-a447-8863df8a28b9,istanbul,26,43,0.013156343251466751,0.07878994941711426,13484588.0,0.01312162633985281,37459,1
StandardGSGP,c6c2a942-ace8-11ef-a447-8863df8a28b9,istanbul,26,44,0.013156343251466751,0.0827786922454834,14282958.0,0.01312162633985281,37459,1
StandardGSGP,c6c2a942-ace8-11ef-a447-8863df8a28b9,istanbul,26,45,0.013156343251466751,0.07679533958435059,18727730.0,0.01312162633985281,37459,1
StandardGSGP,c6c2a942-ace8-11ef-a447-8863df8a28b9,istanbul,26,46,0.013156343251466751,0.07479500770568848,21436680.0,0.01312162633985281,37459,1
StandardGSGP,c6c2a942-ace8-11ef-a447-8863df8a28b9,istanbul,26,47,0.01305385958403349,0.07480049133300781,25020130.0,0.013214622624218464,37475,1
StandardGSGP,c6c2a942-ace8-11ef-a447-8863df8a28b9,istanbul,26,48,0.01305385958403349,0.08078479766845703,25251530.0,0.013214622624218464,37475,1
StandardGSGP,c6c2a942-ace8-11ef-a447-8863df8a28b9,istanbul,26,49,0.01305385958403349,0.07380199432373047,31734902.0,0.013214622624218464,37475,1
StandardGSGP,c6c2a942-ace8-11ef-a447-8863df8a28b9,istanbul,26,50,0.01305385958403349,0.07480096817016602,36556682.0,0.013214622624218464,37475,1
StandardGSGP,c6c2a942-ace8-11ef-a447-8863df8a28b9,istanbul,26,51,0.01305385958403349,0.07479667663574219,49078216.0,0.013214622624218464,37475,1
StandardGSGP,c6c2a942-ace8-11ef-a447-8863df8a28b9,istanbul,26,52,0.01305385958403349,0.07579588890075684,58400802.0,0.013214622624218464,37475,1
StandardGSGP,c6c2a942-ace8-11ef-a447-8863df8a28b9,istanbul,26,53,0.01305385958403349,0.07679343223571777,69405762.0,0.013214622624218464,37475,1
StandardGSGP,c6c2a942-ace8-11ef-a447-8863df8a28b9,istanbul,26,54,0.01305385958403349,0.06981062889099121,81547416.0,0.013214622624218464,37475,1
StandardGSGP,c6c2a942-ace8-11ef-a447-8863df8a28b9,istanbul,26,55,0.01305385958403349,0.07261180877685547,94689582.0,0.013214622624218464,37475,1
StandardGSGP,c6c2a942-ace8-11ef-a447-8863df8a28b9,istanbul,26,56,0.01305385958403349,0.0788106918334961,111505390.0,0.013214622624218464,37475,1
StandardGSGP,c6c2a942-ace8-11ef-a447-8863df8a28b9,istanbul,26,57,0.01305385958403349,0.07871675491333008,128017416.0,0.013214622624218464,37475,1
StandardGSGP,c6c2a942-ace8-11ef-a447-8863df8a28b9,istanbul,26,58,0.01305385958403349,0.19679641723632812,153441302.0,0.013214622624218464,37475,1
StandardGSGP,c6c2a942-ace8-11ef-a447-8863df8a28b9,istanbul,26,59,0.01305385958403349,0.08614277839660645,188171040.0,0.013214622624218464,37475,1
StandardGSGP,c6c2a942-ace8-11ef-a447-8863df8a28b9,istanbul,26,60,0.01305319182574749,0.07201600074768066,217763886.0,0.013215282000601292,37481,1
StandardGSGP,c6c2a942-ace8-11ef-a447-8863df8a28b9,istanbul,26,61,0.013053142465651035,0.07918715476989746,199444268.0,0.013215071521699429,37487,1
StandardGSGP,c6c2a942-ace8-11ef-a447-8863df8a28b9,istanbul,26,62,0.01305312104523182,0.07275128364562988,168986486.0,0.013215098530054092,37495,1
StandardGSGP,c6c2a942-ace8-11ef-a447-8863df8a28b9,istanbul,26,63,0.013051551766693592,0.07871651649475098,240166916.0,0.013215821236371994,37493,1
StandardGSGP,c6c2a942-ace8-11ef-a447-8863df8a28b9,istanbul,26,64,0.013051551766693592,0.07881379127502441,254067640.0,0.013215821236371994,37493,1
StandardGSGP,c6c2a942-ace8-11ef-a447-8863df8a28b9,istanbul,26,65,0.013051551766693592,0.07880234718322754,254755244.0,0.013215821236371994,37493,1
StandardGSGP,c6c2a942-ace8-11ef-a447-8863df8a28b9,istanbul,26,66,0.013051551766693592,0.08480501174926758,327369222.0,0.013215821236371994,37493,1
StandardGSGP,c6c2a942-ace8-11ef-a447-8863df8a28b9,istanbul,26,67,0.013051551766693592,0.07882213592529297,418177086.0,0.013215821236371994,37493,1
StandardGSGP,c6c2a942-ace8-11ef-a447-8863df8a28b9,istanbul,26,68,0.013051551766693592,0.07273221015930176,428586306.0,0.013215821236371994,37493,1
StandardGSGP,c6c2a942-ace8-11ef-a447-8863df8a28b9,istanbul,26,69,0.013051551766693592,0.08485913276672363,396140700.0,0.013215821236371994,37493,1
StandardGSGP,c6c2a942-ace8-11ef-a447-8863df8a28b9,istanbul,26,70,0.013051551766693592,0.07871031761169434,413906002.0,0.013215821236371994,37493,1
StandardGSGP,c6c2a942-ace8-11ef-a447-8863df8a28b9,istanbul,26,71,0.013051551766693592,0.07656717300415039,339529732.0,0.013215821236371994,37493,1
StandardGSGP,c6c2a942-ace8-11ef-a447-8863df8a28b9,istanbul,26,72,0.013051551766693592,0.06786680221557617,320837756.0,0.013215821236371994,37493,1
StandardGSGP,c6c2a942-ace8-11ef-a447-8863df8a28b9,istanbul,26,73,0.013051551766693592,0.07984280586242676,294965658.0,0.013215821236371994,37493,1
StandardGSGP,c6c2a942-ace8-11ef-a447-8863df8a28b9,istanbul,26,74,0.013051551766693592,0.07710504531860352,186714822.0,0.013215821236371994,37493,1
StandardGSGP,c6c2a942-ace8-11ef-a447-8863df8a28b9,istanbul,26,75,0.013051551766693592,0.07885241508483887,170479058.0,0.013215821236371994,37493,1
StandardGSGP,c6c2a942-ace8-11ef-a447-8863df8a28b9,istanbul,26,76,0.013051551766693592,0.07859468460083008,187772394.0,0.013215821236371994,37493,1
StandardGSGP,c6c2a942-ace8-11ef-a447-8863df8a28b9,istanbul,26,77,0.013051551766693592,0.08067703247070312,208315528.0,0.013215821236371994,37493,1
StandardGSGP,c6c2a942-ace8-11ef-a447-8863df8a28b9,istanbul,26,78,0.013051551766693592,0.08113598823547363,121513120.0,0.013215821236371994,37493,1
StandardGSGP,c6c2a942-ace8-11ef-a447-8863df8a28b9,istanbul,26,79,0.013051551766693592,0.0808413028717041,103812292.0,0.013215821236371994,37493,1
StandardGSGP,c6c2a942-ace8-11ef-a447-8863df8a28b9,istanbul,26,80,0.013051551766693592,0.07180929183959961,103828634.0,0.013215821236371994,37493,1
StandardGSGP,c6c2a942-ace8-11ef-a447-8863df8a28b9,istanbul,26,81,0.013051551766693592,0.07978487014770508,91416172.0,0.013215821236371994,37493,1
StandardGSGP,c6c2a942-ace8-11ef-a447-8863df8a28b9,istanbul,26,82,0.013051551766693592,0.07878923416137695,102902918.0,0.013215821236371994,37493,1
StandardGSGP,c6c2a942-ace8-11ef-a447-8863df8a28b9,istanbul,26,83,0.013051551766693592,0.07978653907775879,187385820.0,0.013215821236371994,37493,1
StandardGSGP,c6c2a942-ace8-11ef-a447-8863df8a28b9,istanbul,26,84,0.013051551766693592,0.07181048393249512,247158230.0,0.013215821236371994,37493,1
StandardGSGP,c6c2a942-ace8-11ef-a447-8863df8a28b9,istanbul,26,85,0.013051551766693592,0.07280325889587402,227704946.0,0.013215821236371994,37493,1
StandardGSGP,c6c2a942-ace8-11ef-a447-8863df8a28b9,istanbul,26,86,0.013051551766693592,0.07878708839416504,206299002.0,0.013215821236371994,37493,1
StandardGSGP,c6c2a942-ace8-11ef-a447-8863df8a28b9,istanbul,26,87,0.013051551766693592,0.0777902603149414,200969750.0,0.013215821236371994,37493,1
StandardGSGP,c6c2a942-ace8-11ef-a447-8863df8a28b9,istanbul,26,88,0.013051551766693592,0.07878756523132324,184540940.0,0.013215821236371994,37493,1
StandardGSGP,c6c2a942-ace8-11ef-a447-8863df8a28b9,istanbul,26,89,0.013051551766693592,0.08377552032470703,153570500.0,0.013215821236371994,37493,1
StandardGSGP,c6c2a942-ace8-11ef-a447-8863df8a28b9,istanbul,26,90,0.013051551766693592,0.07579874992370605,119118678.0,0.013215821236371994,37493,1
StandardGSGP,c6c2a942-ace8-11ef-a447-8863df8a28b9,istanbul,26,91,0.013051551766693592,0.08178043365478516,119607208.0,0.013215821236371994,37493,1
StandardGSGP,c6c2a942-ace8-11ef-a447-8863df8a28b9,istanbul,26,92,0.013051551766693592,0.07480454444885254,98379856.0,0.013215821236371994,37493,1
StandardGSGP,c6c2a942-ace8-11ef-a447-8863df8a28b9,istanbul,26,93,0.013051551766693592,0.0747992992401123,105096028.0,0.013215821236371994,37493,1
StandardGSGP,c6c2a942-ace8-11ef-a447-8863df8a28b9,istanbul,26,94,0.013051551766693592,0.07380390167236328,143063958.0,0.013215821236371994,37493,1
StandardGSGP,c6c2a942-ace8-11ef-a447-8863df8a28b9,istanbul,26,95,0.013046354055404663,0.07579874992370605,171216024.0,0.013218195177614689,37503,1
StandardGSGP,c6c2a942-ace8-11ef-a447-8863df8a28b9,istanbul,26,96,0.013046354055404663,0.0857696533203125,195436176.0,0.013218195177614689,37503,1
StandardGSGP,c6c2a942-ace8-11ef-a447-8863df8a28b9,istanbul,26,97,0.013046354055404663,0.07978391647338867,199257012.0,0.013218195177614689,37503,1
StandardGSGP,c6c2a942-ace8-11ef-a447-8863df8a28b9,istanbul,26,98,0.013046354055404663,0.07579827308654785,238415082.0,0.013218195177614689,37503,1
StandardGSGP,c6c2a942-ace8-11ef-a447-8863df8a28b9,istanbul,26,99,0.013046354055404663,0.07679462432861328,247279982.0,0.013218195177614689,37503,1
StandardGSGP,c6c2a942-ace8-11ef-a447-8863df8a28b9,istanbul,26,100,0.013046354055404663,0.07479977607727051,259065400.0,0.013218195177614689,37503,1
StandardGSGP,dea4562d-ad23-11ef-94c9-e4a8dfc2a9a8,istanbul,26,0,0.12966565787792206,0.020653486251831055,424.0,0.1210760697722435,5,1
StandardGSGP,dea4562d-ad23-11ef-94c9-e4a8dfc2a9a8,istanbul,26,1,0.10416113585233688,0.052124977111816406,1194.0,0.11180263012647629,9,1
StandardGSGP,dea4562d-ad23-11ef-94c9-e4a8dfc2a9a8,istanbul,26,2,0.1039128229022026,0.05151057243347168,1964.0,0.11208236217498779,15,1
StandardGSGP,dea4562d-ad23-11ef-94c9-e4a8dfc2a9a8,istanbul,26,3,0.09098631888628006,0.05617475509643555,2724.0,0.09984786063432693,21,1
StandardGSGP,dea4562d-ad23-11ef-94c9-e4a8dfc2a9a8,istanbul,26,4,0.08840379118919373,0.06139373779296875,3320.0,0.09816383570432663,27,1
StandardGSGP,dea4562d-ad23-11ef-94c9-e4a8dfc2a9a8,istanbul,26,5,0.08706008642911911,0.07575845718383789,3926.0,0.09646307677030563,35,1
StandardGSGP,dea4562d-ad23-11ef-94c9-e4a8dfc2a9a8,istanbul,26,6,0.08706008642911911,0.06651854515075684,4726.0,0.09646307677030563,35,1
StandardGSGP,dea4562d-ad23-11ef-94c9-e4a8dfc2a9a8,istanbul,26,7,0.08706008642911911,0.06832361221313477,5510.0,0.09646307677030563,35,1
StandardGSGP,dea4562d-ad23-11ef-94c9-e4a8dfc2a9a8,istanbul,26,8,0.0859675258398056,0.07023501396179199,5988.0,0.09283676743507385,51,1
StandardGSGP,dea4562d-ad23-11ef-94c9-e4a8dfc2a9a8,istanbul,26,9,0.0859675258398056,0.05700564384460449,6532.0,0.09283676743507385,51,1
StandardGSGP,dea4562d-ad23-11ef-94c9-e4a8dfc2a9a8,istanbul,26,10,0.08543851226568222,0.06424307823181152,7060.0,0.09505907446146011,63,1
StandardGSGP,dea4562d-ad23-11ef-94c9-e4a8dfc2a9a8,istanbul,26,11,0.08543851226568222,0.06666851043701172,7416.0,0.09505907446146011,63,1
StandardGSGP,dea4562d-ad23-11ef-94c9-e4a8dfc2a9a8,istanbul,26,12,0.08543851226568222,0.06542778015136719,8070.0,0.09505907446146011,63,1
StandardGSGP,dea4562d-ad23-11ef-94c9-e4a8dfc2a9a8,istanbul,26,13,0.08515232056379318,0.05897855758666992,8626.0,0.09341765940189362,87,1
StandardGSGP,dea4562d-ad23-11ef-94c9-e4a8dfc2a9a8,istanbul,26,14,0.08515232056379318,0.05550694465637207,9088.0,0.09341765940189362,87,1
StandardGSGP,dea4562d-ad23-11ef-94c9-e4a8dfc2a9a8,istanbul,26,15,0.08515232056379318,0.05785989761352539,9686.0,0.09341765940189362,87,1
StandardGSGP,dea4562d-ad23-11ef-94c9-e4a8dfc2a9a8,istanbul,26,16,0.08411487936973572,0.05201077461242676,10444.0,0.09594088792800903,111,1
StandardGSGP,dea4562d-ad23-11ef-94c9-e4a8dfc2a9a8,istanbul,26,17,0.08341821283102036,0.06738662719726562,11508.0,0.0946519523859024,119,1
StandardGSGP,dea4562d-ad23-11ef-94c9-e4a8dfc2a9a8,istanbul,26,18,0.08321168273687363,0.07958054542541504,12564.0,0.09744893014431,123,1
StandardGSGP,dea4562d-ad23-11ef-94c9-e4a8dfc2a9a8,istanbul,26,19,0.08256535977125168,0.06749844551086426,13086.0,0.10051323473453522,125,1
StandardGSGP,dea4562d-ad23-11ef-94c9-e4a8dfc2a9a8,istanbul,26,20,0.08256535977125168,0.07832646369934082,13942.0,0.10051323473453522,125,1
StandardGSGP,dea4562d-ad23-11ef-94c9-e4a8dfc2a9a8,istanbul,26,21,0.08126004785299301,0.07224798202514648,14668.0,0.09093411266803741,149,1
StandardGSGP,dea4562d-ad23-11ef-94c9-e4a8dfc2a9a8,istanbul,26,22,0.08126004785299301,0.05399465560913086,15324.0,0.09093411266803741,149,1
StandardGSGP,dea4562d-ad23-11ef-94c9-e4a8dfc2a9a8,istanbul,26,23,0.08126004785299301,0.05942249298095703,15928.0,0.09093411266803741,149,1
StandardGSGP,dea4562d-ad23-11ef-94c9-e4a8dfc2a9a8,istanbul,26,24,0.08126004785299301,0.055997371673583984,16538.0,0.09093411266803741,149,1
StandardGSGP,dea4562d-ad23-11ef-94c9-e4a8dfc2a9a8,istanbul,26,25,0.08126004785299301,0.052515268325805664,17064.0,0.09093411266803741,149,1
StandardGSGP,dea4562d-ad23-11ef-94c9-e4a8dfc2a9a8,istanbul,26,26,0.08070850372314453,0.05500340461730957,17670.0,0.09121865779161453,179,1
StandardGSGP,dea4562d-ad23-11ef-94c9-e4a8dfc2a9a8,istanbul,26,27,0.08070850372314453,0.05385112762451172,18300.0,0.09121865779161453,179,1
StandardGSGP,dea4562d-ad23-11ef-94c9-e4a8dfc2a9a8,istanbul,26,28,0.08070850372314453,0.05300188064575195,18988.0,0.09121865779161453,179,1
StandardGSGP,dea4562d-ad23-11ef-94c9-e4a8dfc2a9a8,istanbul,26,29,0.08014974743127823,0.054167985916137695,19410.0,0.09142092615365982,185,1
StandardGSGP,dea4562d-ad23-11ef-94c9-e4a8dfc2a9a8,istanbul,26,30,0.08014974743127823,0.059731245040893555,20044.0,0.09142092615365982,185,1
StandardGSGP,dea4562d-ad23-11ef-94c9-e4a8dfc2a9a8,istanbul,26,31,0.08014974743127823,0.053110599517822266,20766.0,0.09142092615365982,185,1
StandardGSGP,dea4562d-ad23-11ef-94c9-e4a8dfc2a9a8,istanbul,26,32,0.08014974743127823,0.05311870574951172,21040.0,0.09142092615365982,185,1
StandardGSGP,dea4562d-ad23-11ef-94c9-e4a8dfc2a9a8,istanbul,26,33,0.08014974743127823,0.054506778717041016,21274.0,0.09142092615365982,185,1
StandardGSGP,dea4562d-ad23-11ef-94c9-e4a8dfc2a9a8,istanbul,26,34,0.08014974743127823,0.05750918388366699,21856.0,0.09142092615365982,185,1
StandardGSGP,dea4562d-ad23-11ef-94c9-e4a8dfc2a9a8,istanbul,26,35,0.07998471707105637,0.05730557441711426,22372.0,0.090162493288517,191,1
StandardGSGP,dea4562d-ad23-11ef-94c9-e4a8dfc2a9a8,istanbul,26,36,0.07998471707105637,0.06318402290344238,22774.0,0.090162493288517,191,1
StandardGSGP,dea4562d-ad23-11ef-94c9-e4a8dfc2a9a8,istanbul,26,37,0.07915474474430084,0.052515268325805664,22926.0,0.08970140665769577,207,1
StandardGSGP,dea4562d-ad23-11ef-94c9-e4a8dfc2a9a8,istanbul,26,38,0.07915474474430084,0.05168032646179199,23028.0,0.08970140665769577,207,1
StandardGSGP,dea4562d-ad23-11ef-94c9-e4a8dfc2a9a8,istanbul,26,39,0.07915474474430084,0.0517575740814209,22812.0,0.08970140665769577,207,1
StandardGSGP,dea4562d-ad23-11ef-94c9-e4a8dfc2a9a8,istanbul,26,40,0.07915474474430084,0.0587916374206543,23280.0,0.08970140665769577,207,1
StandardGSGP,dea4562d-ad23-11ef-94c9-e4a8dfc2a9a8,istanbul,26,41,0.07915474474430084,0.05951976776123047,23738.0,0.08970140665769577,207,1
StandardGSGP,dea4562d-ad23-11ef-94c9-e4a8dfc2a9a8,istanbul,26,42,0.07915474474430084,0.06143593788146973,24204.0,0.08970140665769577,207,1
StandardGSGP,dea4562d-ad23-11ef-94c9-e4a8dfc2a9a8,istanbul,26,43,0.07915474474430084,0.057013511657714844,24738.0,0.08970140665769577,207,1
StandardGSGP,dea4562d-ad23-11ef-94c9-e4a8dfc2a9a8,istanbul,26,44,0.07909371703863144,0.05271267890930176,25680.0,0.08892814815044403,215,1
StandardGSGP,dea4562d-ad23-11ef-94c9-e4a8dfc2a9a8,istanbul,26,45,0.07908133417367935,0.05500006675720215,26346.0,0.08866274356842041,221,1
StandardGSGP,dea4562d-ad23-11ef-94c9-e4a8dfc2a9a8,istanbul,26,46,0.07902475446462631,0.055529117584228516,26668.0,0.08825167268514633,227,1
StandardGSGP,dea4562d-ad23-11ef-94c9-e4a8dfc2a9a8,istanbul,26,47,0.07902475446462631,0.06342887878417969,26822.0,0.08825167268514633,227,1
StandardGSGP,dea4562d-ad23-11ef-94c9-e4a8dfc2a9a8,istanbul,26,48,0.07893294095993042,0.05299854278564453,27638.0,0.08932583034038544,235,1
StandardGSGP,dea4562d-ad23-11ef-94c9-e4a8dfc2a9a8,istanbul,26,49,0.07893294095993042,0.05457258224487305,28340.0,0.08932583034038544,235,1
StandardGSGP,dea4562d-ad23-11ef-94c9-e4a8dfc2a9a8,istanbul,26,50,0.07893294095993042,0.054967641830444336,28768.0,0.08932583034038544,235,1
StandardGSGP,dea4562d-ad23-11ef-94c9-e4a8dfc2a9a8,istanbul,26,51,0.07893294095993042,0.052731990814208984,29534.0,0.08932583034038544,235,1
StandardGSGP,dea4562d-ad23-11ef-94c9-e4a8dfc2a9a8,istanbul,26,52,0.07893294095993042,0.053998708724975586,30110.0,0.08932583034038544,235,1
StandardGSGP,dea4562d-ad23-11ef-94c9-e4a8dfc2a9a8,istanbul,26,53,0.07893294095993042,0.0575108528137207,30586.0,0.08932583034038544,235,1
StandardGSGP,dea4562d-ad23-11ef-94c9-e4a8dfc2a9a8,istanbul,26,54,0.07891461253166199,0.052288055419921875,31286.0,0.08931300789117813,243,1
StandardGSGP,dea4562d-ad23-11ef-94c9-e4a8dfc2a9a8,istanbul,26,55,0.07891461253166199,0.05613112449645996,31754.0,0.08931300789117813,243,1
StandardGSGP,dea4562d-ad23-11ef-94c9-e4a8dfc2a9a8,istanbul,26,56,0.07891461253166199,0.05651378631591797,31202.0,0.08931300789117813,243,1
StandardGSGP,dea4562d-ad23-11ef-94c9-e4a8dfc2a9a8,istanbul,26,57,0.07891461253166199,0.1322953701019287,31864.0,0.08931300789117813,243,1
StandardGSGP,dea4562d-ad23-11ef-94c9-e4a8dfc2a9a8,istanbul,26,58,0.07891461253166199,0.05573534965515137,31878.0,0.08931300789117813,243,1
StandardGSGP,dea4562d-ad23-11ef-94c9-e4a8dfc2a9a8,istanbul,26,59,0.07891461253166199,0.052092790603637695,32248.0,0.08931300789117813,243,1
StandardGSGP,dea4562d-ad23-11ef-94c9-e4a8dfc2a9a8,istanbul,26,60,0.07891461253166199,0.05638885498046875,32882.0,0.08931300789117813,243,1
StandardGSGP,dea4562d-ad23-11ef-94c9-e4a8dfc2a9a8,istanbul,26,61,0.07891461253166199,0.06100344657897949,33104.0,0.08931300789117813,243,1
StandardGSGP,dea4562d-ad23-11ef-94c9-e4a8dfc2a9a8,istanbul,26,62,0.07891461253166199,0.0535123348236084,33304.0,0.08931300789117813,243,1
StandardGSGP,dea4562d-ad23-11ef-94c9-e4a8dfc2a9a8,istanbul,26,63,0.07853767275810242,0.05278205871582031,34304.0,0.10193642973899841,369,1
StandardGSGP,dea4562d-ad23-11ef-94c9-e4a8dfc2a9a8,istanbul,26,64,0.07853767275810242,0.05351567268371582,33424.0,0.10193642973899841,369,1
StandardGSGP,dea4562d-ad23-11ef-94c9-e4a8dfc2a9a8,istanbul,26,65,0.07853767275810242,0.05172562599182129,32280.0,0.10193642973899841,369,1
StandardGSGP,dea4562d-ad23-11ef-94c9-e4a8dfc2a9a8,istanbul,26,66,0.07853767275810242,0.05322623252868652,31976.0,0.10193642973899841,369,1
StandardGSGP,dea4562d-ad23-11ef-94c9-e4a8dfc2a9a8,istanbul,26,67,0.07853767275810242,0.05400443077087402,32110.0,0.10193642973899841,369,1
StandardGSGP,dea4562d-ad23-11ef-94c9-e4a8dfc2a9a8,istanbul,26,68,0.0779738798737526,0.05205416679382324,32196.0,0.10220668464899063,375,1
StandardGSGP,dea4562d-ad23-11ef-94c9-e4a8dfc2a9a8,istanbul,26,69,0.0779738798737526,0.05262327194213867,34294.0,0.10220668464899063,375,1
StandardGSGP,dea4562d-ad23-11ef-94c9-e4a8dfc2a9a8,istanbul,26,70,0.0779738798737526,0.055880069732666016,35924.0,0.10220668464899063,375,1
StandardGSGP,dea4562d-ad23-11ef-94c9-e4a8dfc2a9a8,istanbul,26,71,0.0779738798737526,0.05250406265258789,37778.0,0.10220668464899063,375,1
StandardGSGP,dea4562d-ad23-11ef-94c9-e4a8dfc2a9a8,istanbul,26,72,0.0779738798737526,0.05499982833862305,38380.0,0.10220668464899063,375,1
StandardGSGP,dea4562d-ad23-11ef-94c9-e4a8dfc2a9a8,istanbul,26,73,0.0779738798737526,0.052510976791381836,38320.0,0.10220668464899063,375,1
StandardGSGP,dea4562d-ad23-11ef-94c9-e4a8dfc2a9a8,istanbul,26,74,0.0779738798737526,0.05344963073730469,39102.0,0.10220668464899063,375,1
StandardGSGP,dea4562d-ad23-11ef-94c9-e4a8dfc2a9a8,istanbul,26,75,0.0779738798737526,0.05251312255859375,39004.0,0.10220668464899063,375,1
StandardGSGP,dea4562d-ad23-11ef-94c9-e4a8dfc2a9a8,istanbul,26,76,0.07788141071796417,0.051001787185668945,39902.0,0.10224171727895737,385,1
StandardGSGP,dea4562d-ad23-11ef-94c9-e4a8dfc2a9a8,istanbul,26,77,0.07788141071796417,0.052506208419799805,40374.0,0.10224171727895737,385,1
StandardGSGP,dea4562d-ad23-11ef-94c9-e4a8dfc2a9a8,istanbul,26,78,0.0778173878788948,0.0549623966217041,41176.0,0.10218308866024017,391,1
StandardGSGP,dea4562d-ad23-11ef-94c9-e4a8dfc2a9a8,istanbul,26,79,0.0778173878788948,0.05800509452819824,41360.0,0.10218308866024017,391,1
StandardGSGP,dea4562d-ad23-11ef-94c9-e4a8dfc2a9a8,istanbul,26,80,0.0778173878788948,0.05201125144958496,41450.0,0.10218308866024017,391,1
StandardGSGP,dea4562d-ad23-11ef-94c9-e4a8dfc2a9a8,istanbul,26,81,0.0778173878788948,0.05199909210205078,42010.0,0.10218308866024017,391,1
StandardGSGP,dea4562d-ad23-11ef-94c9-e4a8dfc2a9a8,istanbul,26,82,0.07779921591281891,0.05666995048522949,42788.0,0.1033473014831543,421,1
StandardGSGP,dea4562d-ad23-11ef-94c9-e4a8dfc2a9a8,istanbul,26,83,0.07779921591281891,0.05363917350769043,43118.0,0.1033473014831543,421,1
StandardGSGP,dea4562d-ad23-11ef-94c9-e4a8dfc2a9a8,istanbul,26,84,0.07660721242427826,0.052019357681274414,43716.0,0.10126107931137085,427,1
StandardGSGP,dea4562d-ad23-11ef-94c9-e4a8dfc2a9a8,istanbul,26,85,0.07660721242427826,0.06000089645385742,44368.0,0.10126107931137085,427,1
StandardGSGP,dea4562d-ad23-11ef-94c9-e4a8dfc2a9a8,istanbul,26,86,0.07660721242427826,0.053540945053100586,45030.0,0.10126107931137085,427,1
StandardGSGP,dea4562d-ad23-11ef-94c9-e4a8dfc2a9a8,istanbul,26,87,0.07660721242427826,0.052590370178222656,45618.0,0.10126107931137085,427,1
StandardGSGP,dea4562d-ad23-11ef-94c9-e4a8dfc2a9a8,istanbul,26,88,0.07660721242427826,0.05085611343383789,45950.0,0.10126107931137085,427,1
StandardGSGP,dea4562d-ad23-11ef-94c9-e4a8dfc2a9a8,istanbul,26,89,0.07660721242427826,0.05389595031738281,46778.0,0.10126107931137085,427,1
StandardGSGP,dea4562d-ad23-11ef-94c9-e4a8dfc2a9a8,istanbul,26,90,0.07656839489936829,0.051993608474731445,47164.0,0.10018916428089142,435,1
StandardGSGP,dea4562d-ad23-11ef-94c9-e4a8dfc2a9a8,istanbul,26,91,0.07656839489936829,0.054511070251464844,47590.0,0.10018916428089142,435,1
StandardGSGP,dea4562d-ad23-11ef-94c9-e4a8dfc2a9a8,istanbul,26,92,0.07656839489936829,0.05199837684631348,48012.0,0.10018916428089142,435,1
StandardGSGP,dea4562d-ad23-11ef-94c9-e4a8dfc2a9a8,istanbul,26,93,0.07633225619792938,0.05350947380065918,48330.0,0.10254336893558502,453,1
StandardGSGP,dea4562d-ad23-11ef-94c9-e4a8dfc2a9a8,istanbul,26,94,0.07633225619792938,0.055660247802734375,48428.0,0.10254336893558502,453,1
StandardGSGP,dea4562d-ad23-11ef-94c9-e4a8dfc2a9a8,istanbul,26,95,0.07633225619792938,0.05307507514953613,49024.0,0.10254336893558502,453,1
StandardGSGP,dea4562d-ad23-11ef-94c9-e4a8dfc2a9a8,istanbul,26,96,0.07633225619792938,0.05907130241394043,49358.0,0.10254336893558502,453,1
StandardGSGP,dea4562d-ad23-11ef-94c9-e4a8dfc2a9a8,istanbul,26,97,0.07633225619792938,0.053002357482910156,49632.0,0.10254336893558502,453,1
StandardGSGP,dea4562d-ad23-11ef-94c9-e4a8dfc2a9a8,istanbul,26,98,0.07633225619792938,0.0545198917388916,49854.0,0.10254336893558502,453,1
StandardGSGP,dea4562d-ad23-11ef-94c9-e4a8dfc2a9a8,istanbul,26,99,0.07633225619792938,0.05567502975463867,49656.0,0.10254336893558502,453,1
StandardGSGP,dea4562d-ad23-11ef-94c9-e4a8dfc2a9a8,istanbul,26,100,0.07633225619792938,0.05554652214050293,49920.0,0.10254336893558502,453,1
StandardGSGP,4e17338d-ad24-11ef-8f5c-e4a8dfc2a9a8,istanbul,26,0,0.014994408935308456,0.030292272567749023,598.0,0.01553634274750948,3,1
StandardGSGP,4e17338d-ad24-11ef-8f5c-e4a8dfc2a9a8,istanbul,26,1,0.014994408935308456,0.06481289863586426,1362.0,0.01553634274750948,3,1
StandardGSGP,4e17338d-ad24-11ef-8f5c-e4a8dfc2a9a8,istanbul,26,2,0.014994408935308456,0.05351591110229492,2128.0,0.01553634274750948,3,1
StandardGSGP,4e17338d-ad24-11ef-8f5c-e4a8dfc2a9a8,istanbul,26,3,0.014994408935308456,0.05466961860656738,3026.0,0.01553634274750948,3,1
StandardGSGP,4e17338d-ad24-11ef-8f5c-e4a8dfc2a9a8,istanbul,26,4,0.014994408935308456,0.05574440956115723,3648.0,0.01553634274750948,3,1
StandardGSGP,4e17338d-ad24-11ef-8f5c-e4a8dfc2a9a8,istanbul,26,5,0.014098436571657658,0.055786848068237305,4404.0,0.014866655692458153,23,1
StandardGSGP,4e17338d-ad24-11ef-8f5c-e4a8dfc2a9a8,istanbul,26,6,0.014098436571657658,0.056833744049072266,5134.0,0.014866655692458153,23,1
StandardGSGP,4e17338d-ad24-11ef-8f5c-e4a8dfc2a9a8,istanbul,26,7,0.014098436571657658,0.055008888244628906,5938.0,0.014866655692458153,23,1
StandardGSGP,4e17338d-ad24-11ef-8f5c-e4a8dfc2a9a8,istanbul,26,8,0.014098436571657658,0.057907819747924805,6640.0,0.014866655692458153,23,1
StandardGSGP,4e17338d-ad24-11ef-8f5c-e4a8dfc2a9a8,istanbul,26,9,0.014098436571657658,0.05939316749572754,7150.0,0.014866655692458153,23,1
StandardGSGP,4e17338d-ad24-11ef-8f5c-e4a8dfc2a9a8,istanbul,26,10,0.014098436571657658,0.057999610900878906,7854.0,0.014866655692458153,23,1
StandardGSGP,4e17338d-ad24-11ef-8f5c-e4a8dfc2a9a8,istanbul,26,11,0.014098436571657658,0.055512428283691406,8246.0,0.014866655692458153,23,1
StandardGSGP,4e17338d-ad24-11ef-8f5c-e4a8dfc2a9a8,istanbul,26,12,0.013731637969613075,0.06235194206237793,8200.0,0.014133584685623646,43,1
StandardGSGP,4e17338d-ad24-11ef-8f5c-e4a8dfc2a9a8,istanbul,26,13,0.013630883768200874,0.05577373504638672,8312.0,0.014598794281482697,53,1
StandardGSGP,4e17338d-ad24-11ef-8f5c-e4a8dfc2a9a8,istanbul,26,14,0.013630883768200874,0.05451226234436035,8910.0,0.014598794281482697,53,1
StandardGSGP,4e17338d-ad24-11ef-8f5c-e4a8dfc2a9a8,istanbul,26,15,0.013630883768200874,0.05799984931945801,9424.0,0.014598794281482697,53,1
StandardGSGP,4e17338d-ad24-11ef-8f5c-e4a8dfc2a9a8,istanbul,26,16,0.013630883768200874,0.05951404571533203,10594.0,0.014598794281482697,53,1
StandardGSGP,4e17338d-ad24-11ef-8f5c-e4a8dfc2a9a8,istanbul,26,17,0.013630883768200874,0.06609678268432617,11138.0,0.014598794281482697,53,1
StandardGSGP,4e17338d-ad24-11ef-8f5c-e4a8dfc2a9a8,istanbul,26,18,0.013630883768200874,0.059044837951660156,11244.0,0.014598794281482697,53,1
StandardGSGP,4e17338d-ad24-11ef-8f5c-e4a8dfc2a9a8,istanbul,26,19,0.013630883768200874,0.05451154708862305,12496.0,0.014598794281482697,53,1
StandardGSGP,4e17338d-ad24-11ef-8f5c-e4a8dfc2a9a8,istanbul,26,20,0.013630883768200874,0.05701160430908203,13508.0,0.014598794281482697,53,1
StandardGSGP,4e17338d-ad24-11ef-8f5c-e4a8dfc2a9a8,istanbul,26,21,0.013630883768200874,0.13407588005065918,13904.0,0.014598794281482697,53,1
StandardGSGP,4e17338d-ad24-11ef-8f5c-e4a8dfc2a9a8,istanbul,26,22,0.013630883768200874,0.055999040603637695,14070.0,0.014598794281482697,53,1
StandardGSGP,4e17338d-ad24-11ef-8f5c-e4a8dfc2a9a8,istanbul,26,23,0.013630883768200874,0.0635066032409668,15156.0,0.014598794281482697,53,1
StandardGSGP,4e17338d-ad24-11ef-8f5c-e4a8dfc2a9a8,istanbul,26,24,0.013630883768200874,0.06300067901611328,15862.0,0.014598794281482697,53,1
StandardGSGP,4e17338d-ad24-11ef-8f5c-e4a8dfc2a9a8,istanbul,26,25,0.013630883768200874,0.06261730194091797,17392.0,0.014598794281482697,53,1
StandardGSGP,4e17338d-ad24-11ef-8f5c-e4a8dfc2a9a8,istanbul,26,26,0.013630883768200874,0.06151223182678223,17926.0,0.014598794281482697,53,1
StandardGSGP,4e17338d-ad24-11ef-8f5c-e4a8dfc2a9a8,istanbul,26,27,0.013630883768200874,0.06000161170959473,19256.0,0.014598794281482697,53,1
StandardGSGP,4e17338d-ad24-11ef-8f5c-e4a8dfc2a9a8,istanbul,26,28,0.013630883768200874,0.05446124076843262,20232.0,0.014598794281482697,53,1
StandardGSGP,4e17338d-ad24-11ef-8f5c-e4a8dfc2a9a8,istanbul,26,29,0.013608172535896301,0.055002450942993164,20376.0,0.01406677532941103,61,1
StandardGSGP,4e17338d-ad24-11ef-8f5c-e4a8dfc2a9a8,istanbul,26,30,0.013608172535896301,0.058512210845947266,20534.0,0.01406677532941103,61,1
StandardGSGP,4e17338d-ad24-11ef-8f5c-e4a8dfc2a9a8,istanbul,26,31,0.013608172535896301,0.05452132225036621,19504.0,0.01406677532941103,61,1
StandardGSGP,4e17338d-ad24-11ef-8f5c-e4a8dfc2a9a8,istanbul,26,32,0.013608172535896301,0.06197619438171387,19438.0,0.01406677532941103,61,1
StandardGSGP,4e17338d-ad24-11ef-8f5c-e4a8dfc2a9a8,istanbul,26,33,0.013605993241071701,0.061164140701293945,16504.0,0.014073096215724945,69,1
StandardGSGP,4e17338d-ad24-11ef-8f5c-e4a8dfc2a9a8,istanbul,26,34,0.013605993241071701,0.05893731117248535,16226.0,0.014073096215724945,69,1
StandardGSGP,4e17338d-ad24-11ef-8f5c-e4a8dfc2a9a8,istanbul,26,35,0.013605993241071701,0.055513620376586914,16674.0,0.014073096215724945,69,1
StandardGSGP,4e17338d-ad24-11ef-8f5c-e4a8dfc2a9a8,istanbul,26,36,0.013605993241071701,0.051511287689208984,17606.0,0.014073096215724945,69,1
StandardGSGP,4e17338d-ad24-11ef-8f5c-e4a8dfc2a9a8,istanbul,26,37,0.013605993241071701,0.0540013313293457,18624.0,0.014073096215724945,69,1
StandardGSGP,4e17338d-ad24-11ef-8f5c-e4a8dfc2a9a8,istanbul,26,38,0.013605993241071701,0.056516408920288086,18226.0,0.014073096215724945,69,1
StandardGSGP,4e17338d-ad24-11ef-8f5c-e4a8dfc2a9a8,istanbul,26,39,0.013605993241071701,0.05923748016357422,17236.0,0.014073096215724945,69,1
StandardGSGP,4e17338d-ad24-11ef-8f5c-e4a8dfc2a9a8,istanbul,26,40,0.013605993241071701,0.05401945114135742,18038.0,0.014073096215724945,69,1
StandardGSGP,4e17338d-ad24-11ef-8f5c-e4a8dfc2a9a8,istanbul,26,41,0.013605993241071701,0.06217527389526367,18856.0,0.014073096215724945,69,1
StandardGSGP,4e17338d-ad24-11ef-8f5c-e4a8dfc2a9a8,istanbul,26,42,0.013605993241071701,0.05199766159057617,18538.0,0.014073096215724945,69,1
StandardGSGP,4e17338d-ad24-11ef-8f5c-e4a8dfc2a9a8,istanbul,26,43,0.013605993241071701,0.055262088775634766,20618.0,0.014073096215724945,69,1
StandardGSGP,4e17338d-ad24-11ef-8f5c-e4a8dfc2a9a8,istanbul,26,44,0.013605993241071701,0.0581660270690918,20816.0,0.014073096215724945,69,1
StandardGSGP,4e17338d-ad24-11ef-8f5c-e4a8dfc2a9a8,istanbul,26,45,0.013605993241071701,0.06150960922241211,19706.0,0.014073096215724945,69,1
StandardGSGP,4e17338d-ad24-11ef-8f5c-e4a8dfc2a9a8,istanbul,26,46,0.013605993241071701,0.05499672889709473,19822.0,0.014073096215724945,69,1
StandardGSGP,4e17338d-ad24-11ef-8f5c-e4a8dfc2a9a8,istanbul,26,47,0.013605993241071701,0.06250691413879395,18030.0,0.014073096215724945,69,1
StandardGSGP,4e17338d-ad24-11ef-8f5c-e4a8dfc2a9a8,istanbul,26,48,0.013605993241071701,0.05653834342956543,18740.0,0.014073096215724945,69,1
StandardGSGP,4e17338d-ad24-11ef-8f5c-e4a8dfc2a9a8,istanbul,26,49,0.013605993241071701,0.057570695877075195,19500.0,0.014073096215724945,69,1
StandardGSGP,4e17338d-ad24-11ef-8f5c-e4a8dfc2a9a8,istanbul,26,50,0.013570785522460938,0.0575103759765625,18742.0,0.01401967741549015,75,1
StandardGSGP,4e17338d-ad24-11ef-8f5c-e4a8dfc2a9a8,istanbul,26,51,0.013567311689257622,0.05700230598449707,18822.0,0.01403113268315792,83,1
StandardGSGP,4e17338d-ad24-11ef-8f5c-e4a8dfc2a9a8,istanbul,26,52,0.013567311689257622,0.054781436920166016,19448.0,0.01403113268315792,83,1
StandardGSGP,4e17338d-ad24-11ef-8f5c-e4a8dfc2a9a8,istanbul,26,53,0.013567311689257622,0.05767250061035156,18380.0,0.01403113268315792,83,1
StandardGSGP,4e17338d-ad24-11ef-8f5c-e4a8dfc2a9a8,istanbul,26,54,0.013567311689257622,0.059000492095947266,17450.0,0.01403113268315792,83,1
StandardGSGP,4e17338d-ad24-11ef-8f5c-e4a8dfc2a9a8,istanbul,26,55,0.013547681272029877,0.05670881271362305,17512.0,0.014226831495761871,97,1
StandardGSGP,4e17338d-ad24-11ef-8f5c-e4a8dfc2a9a8,istanbul,26,56,0.013547681272029877,0.056685686111450195,17160.0,0.014226831495761871,97,1
StandardGSGP,4e17338d-ad24-11ef-8f5c-e4a8dfc2a9a8,istanbul,26,57,0.013547681272029877,0.05608320236206055,16988.0,0.014226831495761871,97,1
StandardGSGP,4e17338d-ad24-11ef-8f5c-e4a8dfc2a9a8,istanbul,26,58,0.013547681272029877,0.054003000259399414,16802.0,0.014226831495761871,97,1
StandardGSGP,4e17338d-ad24-11ef-8f5c-e4a8dfc2a9a8,istanbul,26,59,0.013522039167582989,0.05650758743286133,17580.0,0.014273598790168762,103,1
StandardGSGP,4e17338d-ad24-11ef-8f5c-e4a8dfc2a9a8,istanbul,26,60,0.013522039167582989,0.06309056282043457,18476.0,0.014273598790168762,103,1
StandardGSGP,4e17338d-ad24-11ef-8f5c-e4a8dfc2a9a8,istanbul,26,61,0.013522039167582989,0.05919051170349121,18558.0,0.014273598790168762,103,1
StandardGSGP,4e17338d-ad24-11ef-8f5c-e4a8dfc2a9a8,istanbul,26,62,0.013522039167582989,0.0565030574798584,19594.0,0.014273598790168762,103,1
StandardGSGP,4e17338d-ad24-11ef-8f5c-e4a8dfc2a9a8,istanbul,26,63,0.013522039167582989,0.06351256370544434,19446.0,0.014273598790168762,103,1
StandardGSGP,4e17338d-ad24-11ef-8f5c-e4a8dfc2a9a8,istanbul,26,64,0.013522039167582989,0.05800175666809082,20126.0,0.014273598790168762,103,1
StandardGSGP,4e17338d-ad24-11ef-8f5c-e4a8dfc2a9a8,istanbul,26,65,0.013522039167582989,0.06250858306884766,20520.0,0.014273598790168762,103,1
StandardGSGP,4e17338d-ad24-11ef-8f5c-e4a8dfc2a9a8,istanbul,26,66,0.013521808199584484,0.06586909294128418,19996.0,0.014279319904744625,115,1
StandardGSGP,4e17338d-ad24-11ef-8f5c-e4a8dfc2a9a8,istanbul,26,67,0.013521808199584484,0.06050610542297363,20430.0,0.014279319904744625,115,1
StandardGSGP,4e17338d-ad24-11ef-8f5c-e4a8dfc2a9a8,istanbul,26,68,0.013521808199584484,0.06508922576904297,21550.0,0.014279319904744625,115,1
StandardGSGP,4e17338d-ad24-11ef-8f5c-e4a8dfc2a9a8,istanbul,26,69,0.013521168380975723,0.0692892074584961,22368.0,0.014282133430242538,121,1
StandardGSGP,4e17338d-ad24-11ef-8f5c-e4a8dfc2a9a8,istanbul,26,70,0.013521168380975723,0.0630490779876709,23712.0,0.014282133430242538,121,1
StandardGSGP,4e17338d-ad24-11ef-8f5c-e4a8dfc2a9a8,istanbul,26,71,0.013521168380975723,0.07151269912719727,23496.0,0.014282133430242538,121,1
StandardGSGP,4e17338d-ad24-11ef-8f5c-e4a8dfc2a9a8,istanbul,26,72,0.013520087115466595,0.07051229476928711,23068.0,0.014112787321209908,145,1
StandardGSGP,4e17338d-ad24-11ef-8f5c-e4a8dfc2a9a8,istanbul,26,73,0.013520087115466595,0.0592498779296875,23118.0,0.014112787321209908,145,1
StandardGSGP,4e17338d-ad24-11ef-8f5c-e4a8dfc2a9a8,istanbul,26,74,0.013520087115466595,0.0575103759765625,23882.0,0.014112787321209908,145,1
StandardGSGP,4e17338d-ad24-11ef-8f5c-e4a8dfc2a9a8,istanbul,26,75,0.013520087115466595,0.0664680004119873,25346.0,0.014112787321209908,145,1
StandardGSGP,4e17338d-ad24-11ef-8f5c-e4a8dfc2a9a8,istanbul,26,76,0.013520087115466595,0.05931425094604492,26618.0,0.014112787321209908,145,1
StandardGSGP,4e17338d-ad24-11ef-8f5c-e4a8dfc2a9a8,istanbul,26,77,0.013520087115466595,0.06240248680114746,27184.0,0.014112787321209908,145,1
StandardGSGP,4e17338d-ad24-11ef-8f5c-e4a8dfc2a9a8,istanbul,26,78,0.013520087115466595,0.05891704559326172,28062.0,0.014112787321209908,145,1
StandardGSGP,4e17338d-ad24-11ef-8f5c-e4a8dfc2a9a8,istanbul,26,79,0.013520087115466595,0.14095711708068848,29218.0,0.014112787321209908,145,1
StandardGSGP,4e17338d-ad24-11ef-8f5c-e4a8dfc2a9a8,istanbul,26,80,0.013520087115466595,0.0574495792388916,30102.0,0.014112787321209908,145,1
StandardGSGP,4e17338d-ad24-11ef-8f5c-e4a8dfc2a9a8,istanbul,26,81,0.013520087115466595,0.06520247459411621,30650.0,0.014112787321209908,145,1
StandardGSGP,4e17338d-ad24-11ef-8f5c-e4a8dfc2a9a8,istanbul,26,82,0.013520087115466595,0.07998156547546387,30584.0,0.014112787321209908,145,1
StandardGSGP,4e17338d-ad24-11ef-8f5c-e4a8dfc2a9a8,istanbul,26,83,0.013520087115466595,0.07393980026245117,30928.0,0.014112787321209908,145,1
StandardGSGP,4e17338d-ad24-11ef-8f5c-e4a8dfc2a9a8,istanbul,26,84,0.013520087115466595,0.060504913330078125,30430.0,0.014112787321209908,145,1
StandardGSGP,4e17338d-ad24-11ef-8f5c-e4a8dfc2a9a8,istanbul,26,85,0.013520087115466595,0.06016063690185547,28968.0,0.014112787321209908,145,1
StandardGSGP,4e17338d-ad24-11ef-8f5c-e4a8dfc2a9a8,istanbul,26,86,0.013520087115466595,0.06200408935546875,28902.0,0.014112787321209908,145,1
StandardGSGP,4e17338d-ad24-11ef-8f5c-e4a8dfc2a9a8,istanbul,26,87,0.013520087115466595,0.06750655174255371,28572.0,0.014112787321209908,145,1
StandardGSGP,4e17338d-ad24-11ef-8f5c-e4a8dfc2a9a8,istanbul,26,88,0.013520087115466595,0.05951213836669922,28364.0,0.014112787321209908,145,1
StandardGSGP,4e17338d-ad24-11ef-8f5c-e4a8dfc2a9a8,istanbul,26,89,0.013520087115466595,0.06580662727355957,29058.0,0.014112787321209908,145,1
StandardGSGP,4e17338d-ad24-11ef-8f5c-e4a8dfc2a9a8,istanbul,26,90,0.013520087115466595,0.06598734855651855,27786.0,0.014112787321209908,145,1
StandardGSGP,4e17338d-ad24-11ef-8f5c-e4a8dfc2a9a8,istanbul,26,91,0.013520087115466595,0.06250882148742676,25798.0,0.014112787321209908,145,1
StandardGSGP,4e17338d-ad24-11ef-8f5c-e4a8dfc2a9a8,istanbul,26,92,0.013520087115466595,0.06230354309082031,24840.0,0.014112787321209908,145,1
StandardGSGP,4e17338d-ad24-11ef-8f5c-e4a8dfc2a9a8,istanbul,26,93,0.013520087115466595,0.06351542472839355,24054.0,0.014112787321209908,145,1
StandardGSGP,4e17338d-ad24-11ef-8f5c-e4a8dfc2a9a8,istanbul,26,94,0.013520087115466595,0.06050515174865723,24000.0,0.014112787321209908,145,1
StandardGSGP,4e17338d-ad24-11ef-8f5c-e4a8dfc2a9a8,istanbul,26,95,0.013520087115466595,0.0625770092010498,24146.0,0.014112787321209908,145,1
StandardGSGP,4e17338d-ad24-11ef-8f5c-e4a8dfc2a9a8,istanbul,26,96,0.013520087115466595,0.06644225120544434,23538.0,0.014112787321209908,145,1
StandardGSGP,4e17338d-ad24-11ef-8f5c-e4a8dfc2a9a8,istanbul,26,97,0.013520087115466595,0.0695655345916748,22250.0,0.014112787321209908,145,1
StandardGSGP,4e17338d-ad24-11ef-8f5c-e4a8dfc2a9a8,istanbul,26,98,0.013520087115466595,0.06412982940673828,22348.0,0.014112787321209908,145,1
StandardGSGP,4e17338d-ad24-11ef-8f5c-e4a8dfc2a9a8,istanbul,26,99,0.013520087115466595,0.06251716613769531,22866.0,0.014112787321209908,145,1
StandardGSGP,4e17338d-ad24-11ef-8f5c-e4a8dfc2a9a8,istanbul,26,100,0.013520087115466595,0.05648970603942871,22974.0,0.014112787321209908,145,1
